ours-lrs-0.001-abl-g-d, lr=0.001, seed=552
train_GIGN.py
train data: 11904
valid data: 1000
test2013 data: 107
test2016 data: 285
test2019 data: 4366
GIGN params # : 805417
epoch-0, train_loss-15.5861, train_rmse-3.9479, valid_rmse-1.9720, valid_pr-0.4648
Validation : valid_rmse-1.9720, valid_pr-0.4648, 
test2013_rmse-2.1635, test2013_pr-0.5816, test2016_rmse-1.9250, test2016_pr-0.6355, test2019_rmse-1.8612, test2019_pr-0.4929
epoch-1, train_loss-2.6992, train_rmse-1.6429, valid_rmse-1.5473, valid_pr-0.5700
Validation : valid_rmse-1.5473, valid_pr-0.5700, 
test2013_rmse-1.6903, test2013_pr-0.7436, test2016_rmse-1.5295, test2016_pr-0.7565, test2019_rmse-1.4591, test2019_pr-0.5938
epoch-2, train_loss-2.2675, train_rmse-1.5058, valid_rmse-1.5035, valid_pr-0.6064
Validation : valid_rmse-1.5035, valid_pr-0.6064, 
test2013_rmse-1.6582, test2013_pr-0.7136, test2016_rmse-1.4656, test2016_pr-0.7580, test2019_rmse-1.4403, test2019_pr-0.6174
epoch-3, train_loss-2.1776, train_rmse-1.4757, valid_rmse-1.8461, valid_pr-0.5308
epoch-4, train_loss-2.1042, train_rmse-1.4506, valid_rmse-1.5943, valid_pr-0.5650
epoch-5, train_loss-1.9875, train_rmse-1.4098, valid_rmse-1.4293, valid_pr-0.6510
Validation : valid_rmse-1.4293, valid_pr-0.6510, 
test2013_rmse-1.4572, test2013_pr-0.8057, test2016_rmse-1.3573, test2016_pr-0.8082, test2019_rmse-1.4121, test2019_pr-0.6322
epoch-6, train_loss-1.8574, train_rmse-1.3629, valid_rmse-1.4771, valid_pr-0.6299
epoch-7, train_loss-1.8409, train_rmse-1.3568, valid_rmse-1.3722, valid_pr-0.6745
Validation : valid_rmse-1.3722, valid_pr-0.6745, 
test2013_rmse-1.4250, test2013_pr-0.8153, test2016_rmse-1.3490, test2016_pr-0.7944, test2019_rmse-1.3944, test2019_pr-0.6419
epoch-8, train_loss-1.7452, train_rmse-1.3211, valid_rmse-1.5685, valid_pr-0.6431
epoch-9, train_loss-1.5756, train_rmse-1.2552, valid_rmse-1.4009, valid_pr-0.6649
epoch-10, train_loss-1.4772, train_rmse-1.2154, valid_rmse-1.4080, valid_pr-0.6818
epoch-11, train_loss-1.4954, train_rmse-1.2229, valid_rmse-1.3789, valid_pr-0.6794
epoch-12, train_loss-1.3537, train_rmse-1.1635, valid_rmse-1.3315, valid_pr-0.6974
Validation : valid_rmse-1.3315, valid_pr-0.6974, 
test2013_rmse-1.5036, test2013_pr-0.7704, test2016_rmse-1.3865, test2016_pr-0.7718, test2019_rmse-1.4312, test2019_pr-0.6137
epoch-13, train_loss-1.2785, train_rmse-1.1307, valid_rmse-1.6536, valid_pr-0.5965
epoch-14, train_loss-1.2421, train_rmse-1.1145, valid_rmse-1.3914, valid_pr-0.6708
epoch-15, train_loss-1.1324, train_rmse-1.0641, valid_rmse-1.4731, valid_pr-0.6575
epoch-16, train_loss-1.0593, train_rmse-1.0292, valid_rmse-1.5188, valid_pr-0.6309
epoch-17, train_loss-1.0273, train_rmse-1.0136, valid_rmse-1.4173, valid_pr-0.6909
epoch-18, train_loss-0.9418, train_rmse-0.9705, valid_rmse-1.5637, valid_pr-0.6034
epoch-19, train_loss-0.8922, train_rmse-0.9446, valid_rmse-1.4293, valid_pr-0.7083
epoch-20, train_loss-0.8264, train_rmse-0.9091, valid_rmse-1.4694, valid_pr-0.6508
epoch-21, train_loss-0.8235, train_rmse-0.9075, valid_rmse-1.4426, valid_pr-0.6780
epoch-22, train_loss-0.7670, train_rmse-0.8758, valid_rmse-1.3417, valid_pr-0.7247
epoch-23, train_loss-0.7537, train_rmse-0.8681, valid_rmse-1.5898, valid_pr-0.6443
epoch-24, train_loss-0.7237, train_rmse-0.8507, valid_rmse-1.3542, valid_pr-0.7023
epoch-25, train_loss-0.6827, train_rmse-0.8262, valid_rmse-1.3878, valid_pr-0.7112
epoch-26, train_loss-0.6409, train_rmse-0.8005, valid_rmse-1.4331, valid_pr-0.7174
epoch-27, train_loss-0.6112, train_rmse-0.7818, valid_rmse-1.3605, valid_pr-0.7260
epoch-28, train_loss-0.6034, train_rmse-0.7768, valid_rmse-1.4173, valid_pr-0.6954
epoch-29, train_loss-0.5961, train_rmse-0.7721, valid_rmse-1.5895, valid_pr-0.6013
epoch-30, train_loss-0.5533, train_rmse-0.7438, valid_rmse-1.3895, valid_pr-0.6869
epoch-31, train_loss-0.5338, train_rmse-0.7306, valid_rmse-1.3221, valid_pr-0.6999
Validation : valid_rmse-1.3221, valid_pr-0.6999, 
test2013_rmse-1.5598, test2013_pr-0.7520, test2016_rmse-1.3800, test2016_pr-0.7752, test2019_rmse-1.4564, test2019_pr-0.5940
epoch-32, train_loss-0.5429, train_rmse-0.7368, valid_rmse-1.3330, valid_pr-0.7158
epoch-33, train_loss-0.5259, train_rmse-0.7252, valid_rmse-1.3225, valid_pr-0.7147
epoch-34, train_loss-0.4610, train_rmse-0.6790, valid_rmse-1.3826, valid_pr-0.6894
epoch-35, train_loss-0.4493, train_rmse-0.6703, valid_rmse-1.3729, valid_pr-0.7005
epoch-36, train_loss-0.4473, train_rmse-0.6688, valid_rmse-1.4270, valid_pr-0.6976
epoch-37, train_loss-0.4308, train_rmse-0.6564, valid_rmse-1.3335, valid_pr-0.7114
epoch-38, train_loss-0.4431, train_rmse-0.6657, valid_rmse-1.3251, valid_pr-0.7034
epoch-39, train_loss-0.4293, train_rmse-0.6552, valid_rmse-1.3811, valid_pr-0.7130
epoch-40, train_loss-0.4337, train_rmse-0.6586, valid_rmse-1.4142, valid_pr-0.6706
epoch-41, train_loss-0.4312, train_rmse-0.6566, valid_rmse-1.3160, valid_pr-0.7251
Validation : valid_rmse-1.3160, valid_pr-0.7251, 
test2013_rmse-1.2652, test2013_pr-0.8447, test2016_rmse-1.2091, test2016_pr-0.8313, test2019_rmse-1.4635, test2019_pr-0.6301
epoch-42, train_loss-0.3970, train_rmse-0.6301, valid_rmse-1.3850, valid_pr-0.6979
epoch-43, train_loss-0.4184, train_rmse-0.6468, valid_rmse-1.4226, valid_pr-0.6741
epoch-44, train_loss-0.3922, train_rmse-0.6263, valid_rmse-1.4143, valid_pr-0.6761
epoch-45, train_loss-0.3999, train_rmse-0.6324, valid_rmse-1.2897, valid_pr-0.7215
Validation : valid_rmse-1.2897, valid_pr-0.7215, 
test2013_rmse-1.4027, test2013_pr-0.8075, test2016_rmse-1.2610, test2016_pr-0.8162, test2019_rmse-1.4327, test2019_pr-0.6272
epoch-46, train_loss-0.4004, train_rmse-0.6328, valid_rmse-1.3530, valid_pr-0.6865
epoch-47, train_loss-0.3900, train_rmse-0.6245, valid_rmse-1.3379, valid_pr-0.6979
epoch-48, train_loss-0.3766, train_rmse-0.6137, valid_rmse-1.3363, valid_pr-0.7049
epoch-49, train_loss-0.3762, train_rmse-0.6133, valid_rmse-1.4244, valid_pr-0.7091
epoch-50, train_loss-0.3714, train_rmse-0.6095, valid_rmse-1.3090, valid_pr-0.7283
epoch-51, train_loss-0.3576, train_rmse-0.5980, valid_rmse-1.3252, valid_pr-0.7266
epoch-52, train_loss-0.3538, train_rmse-0.5948, valid_rmse-1.3954, valid_pr-0.7098
epoch-53, train_loss-0.3348, train_rmse-0.5786, valid_rmse-1.3040, valid_pr-0.7246
epoch-54, train_loss-0.3409, train_rmse-0.5839, valid_rmse-1.3244, valid_pr-0.7159
epoch-55, train_loss-0.3370, train_rmse-0.5805, valid_rmse-1.3121, valid_pr-0.7300
epoch-56, train_loss-0.3357, train_rmse-0.5794, valid_rmse-1.3291, valid_pr-0.7093
epoch-57, train_loss-0.3327, train_rmse-0.5768, valid_rmse-1.3295, valid_pr-0.7133
epoch-58, train_loss-0.3235, train_rmse-0.5687, valid_rmse-1.3135, valid_pr-0.7151
epoch-59, train_loss-0.3203, train_rmse-0.5659, valid_rmse-1.2979, valid_pr-0.7250
epoch-60, train_loss-0.3181, train_rmse-0.5640, valid_rmse-1.2965, valid_pr-0.7253
epoch-61, train_loss-0.3042, train_rmse-0.5516, valid_rmse-1.2878, valid_pr-0.7300
Validation : valid_rmse-1.2878, valid_pr-0.7300, 
test2013_rmse-1.3370, test2013_pr-0.8251, test2016_rmse-1.2046, test2016_pr-0.8328, test2019_rmse-1.4325, test2019_pr-0.6363
epoch-62, train_loss-0.3141, train_rmse-0.5605, valid_rmse-1.3493, valid_pr-0.7131
epoch-63, train_loss-0.3194, train_rmse-0.5651, valid_rmse-1.3023, valid_pr-0.7325
epoch-64, train_loss-0.3270, train_rmse-0.5718, valid_rmse-1.3197, valid_pr-0.7144
epoch-65, train_loss-0.3055, train_rmse-0.5527, valid_rmse-1.2891, valid_pr-0.7217
epoch-66, train_loss-0.3080, train_rmse-0.5550, valid_rmse-1.3127, valid_pr-0.7205
epoch-67, train_loss-0.3084, train_rmse-0.5553, valid_rmse-1.3015, valid_pr-0.7256
epoch-68, train_loss-0.3168, train_rmse-0.5628, valid_rmse-1.3230, valid_pr-0.7151
epoch-69, train_loss-0.2902, train_rmse-0.5387, valid_rmse-1.3853, valid_pr-0.6974
epoch-70, train_loss-0.3009, train_rmse-0.5485, valid_rmse-1.3210, valid_pr-0.7247
epoch-71, train_loss-0.2732, train_rmse-0.5226, valid_rmse-1.2817, valid_pr-0.7334
Validation : valid_rmse-1.2817, valid_pr-0.7334, 
test2013_rmse-1.2583, test2013_pr-0.8471, test2016_rmse-1.1802, test2016_pr-0.8396, test2019_rmse-1.4263, test2019_pr-0.6446
epoch-72, train_loss-0.2934, train_rmse-0.5417, valid_rmse-1.3685, valid_pr-0.6946
epoch-73, train_loss-0.2721, train_rmse-0.5217, valid_rmse-1.3039, valid_pr-0.7319
epoch-74, train_loss-0.2727, train_rmse-0.5222, valid_rmse-1.3091, valid_pr-0.7213
epoch-75, train_loss-0.2785, train_rmse-0.5277, valid_rmse-1.3169, valid_pr-0.7211
epoch-76, train_loss-0.2795, train_rmse-0.5287, valid_rmse-1.3202, valid_pr-0.7303
epoch-77, train_loss-0.2916, train_rmse-0.5400, valid_rmse-1.2799, valid_pr-0.7324
Validation : valid_rmse-1.2799, valid_pr-0.7324, 
test2013_rmse-1.3525, test2013_pr-0.8202, test2016_rmse-1.2115, test2016_pr-0.8325, test2019_rmse-1.4280, test2019_pr-0.6310
epoch-78, train_loss-0.2687, train_rmse-0.5184, valid_rmse-1.2913, valid_pr-0.7320
epoch-79, train_loss-0.2790, train_rmse-0.5282, valid_rmse-1.2965, valid_pr-0.7295
epoch-80, train_loss-0.2907, train_rmse-0.5391, valid_rmse-1.2676, valid_pr-0.7341
Validation : valid_rmse-1.2676, valid_pr-0.7341, 
test2013_rmse-1.2697, test2013_pr-0.8454, test2016_rmse-1.1940, test2016_pr-0.8371, test2019_rmse-1.4050, test2019_pr-0.6392
epoch-81, train_loss-0.2644, train_rmse-0.5142, valid_rmse-1.2980, valid_pr-0.7273
epoch-82, train_loss-0.2741, train_rmse-0.5236, valid_rmse-1.2961, valid_pr-0.7249
epoch-83, train_loss-0.2694, train_rmse-0.5190, valid_rmse-1.2806, valid_pr-0.7260
epoch-84, train_loss-0.2584, train_rmse-0.5083, valid_rmse-1.2914, valid_pr-0.7314
epoch-85, train_loss-0.2580, train_rmse-0.5080, valid_rmse-1.2887, valid_pr-0.7359
epoch-86, train_loss-0.2595, train_rmse-0.5094, valid_rmse-1.2976, valid_pr-0.7321
epoch-87, train_loss-0.2640, train_rmse-0.5138, valid_rmse-1.2989, valid_pr-0.7293
epoch-88, train_loss-0.2648, train_rmse-0.5146, valid_rmse-1.2749, valid_pr-0.7302
epoch-89, train_loss-0.2442, train_rmse-0.4942, valid_rmse-1.2796, valid_pr-0.7373
epoch-90, train_loss-0.2493, train_rmse-0.4993, valid_rmse-1.2969, valid_pr-0.7325
epoch-91, train_loss-0.2428, train_rmse-0.4927, valid_rmse-1.2594, valid_pr-0.7411
Validation : valid_rmse-1.2594, valid_pr-0.7411, 
test2013_rmse-1.3152, test2013_pr-0.8328, test2016_rmse-1.2006, test2016_pr-0.8336, test2019_rmse-1.4077, test2019_pr-0.6461
epoch-92, train_loss-0.2447, train_rmse-0.4947, valid_rmse-1.2742, valid_pr-0.7365
epoch-93, train_loss-0.2553, train_rmse-0.5053, valid_rmse-1.3069, valid_pr-0.7300
epoch-94, train_loss-0.2663, train_rmse-0.5161, valid_rmse-1.2796, valid_pr-0.7290
epoch-95, train_loss-0.2375, train_rmse-0.4873, valid_rmse-1.2608, valid_pr-0.7386
epoch-96, train_loss-0.2342, train_rmse-0.4839, valid_rmse-1.2723, valid_pr-0.7394
epoch-97, train_loss-0.2375, train_rmse-0.4874, valid_rmse-1.2900, valid_pr-0.7287
epoch-98, train_loss-0.2303, train_rmse-0.4799, valid_rmse-1.2646, valid_pr-0.7411
epoch-99, train_loss-0.2451, train_rmse-0.4950, valid_rmse-1.3026, valid_pr-0.7214
epoch-100, train_loss-0.2287, train_rmse-0.4782, valid_rmse-1.2810, valid_pr-0.7291
epoch-101, train_loss-0.2208, train_rmse-0.4699, valid_rmse-1.2907, valid_pr-0.7325
epoch-102, train_loss-0.2494, train_rmse-0.4994, valid_rmse-1.3685, valid_pr-0.7271
epoch-103, train_loss-0.2338, train_rmse-0.4835, valid_rmse-1.2543, valid_pr-0.7479
Validation : valid_rmse-1.2543, valid_pr-0.7479, 
test2013_rmse-1.3045, test2013_pr-0.8368, test2016_rmse-1.2016, test2016_pr-0.8383, test2019_rmse-1.3969, test2019_pr-0.6539
epoch-104, train_loss-0.2394, train_rmse-0.4893, valid_rmse-1.2893, valid_pr-0.7390
epoch-105, train_loss-0.2390, train_rmse-0.4889, valid_rmse-1.2969, valid_pr-0.7156
epoch-106, train_loss-0.2274, train_rmse-0.4769, valid_rmse-1.2808, valid_pr-0.7276
epoch-107, train_loss-0.2376, train_rmse-0.4875, valid_rmse-1.2962, valid_pr-0.7379
epoch-108, train_loss-0.2429, train_rmse-0.4929, valid_rmse-1.2717, valid_pr-0.7325
epoch-109, train_loss-0.2273, train_rmse-0.4768, valid_rmse-1.2806, valid_pr-0.7376
epoch-110, train_loss-0.2117, train_rmse-0.4601, valid_rmse-1.2744, valid_pr-0.7369
epoch-111, train_loss-0.2144, train_rmse-0.4631, valid_rmse-1.2590, valid_pr-0.7349
epoch-112, train_loss-0.2167, train_rmse-0.4655, valid_rmse-1.2824, valid_pr-0.7339
epoch-113, train_loss-0.2147, train_rmse-0.4634, valid_rmse-1.2797, valid_pr-0.7300
epoch-114, train_loss-0.2134, train_rmse-0.4620, valid_rmse-1.2597, valid_pr-0.7410
epoch-115, train_loss-0.2078, train_rmse-0.4558, valid_rmse-1.2570, valid_pr-0.7410
epoch-116, train_loss-0.2222, train_rmse-0.4714, valid_rmse-1.2996, valid_pr-0.7282
epoch-117, train_loss-0.2209, train_rmse-0.4700, valid_rmse-1.2682, valid_pr-0.7406
epoch-118, train_loss-0.2217, train_rmse-0.4708, valid_rmse-1.2851, valid_pr-0.7337
epoch-119, train_loss-0.2306, train_rmse-0.4802, valid_rmse-1.2569, valid_pr-0.7390
epoch-120, train_loss-0.2184, train_rmse-0.4674, valid_rmse-1.2561, valid_pr-0.7381
epoch-121, train_loss-0.2242, train_rmse-0.4735, valid_rmse-1.2783, valid_pr-0.7322
epoch-122, train_loss-0.2271, train_rmse-0.4766, valid_rmse-1.2912, valid_pr-0.7267
epoch-123, train_loss-0.2283, train_rmse-0.4778, valid_rmse-1.3181, valid_pr-0.7221
epoch-124, train_loss-0.2207, train_rmse-0.4698, valid_rmse-1.2519, valid_pr-0.7426
Validation : valid_rmse-1.2519, valid_pr-0.7426, 
test2013_rmse-1.2615, test2013_pr-0.8485, test2016_rmse-1.1510, test2016_pr-0.8506, test2019_rmse-1.3899, test2019_pr-0.6502
epoch-125, train_loss-0.2097, train_rmse-0.4579, valid_rmse-1.2780, valid_pr-0.7346
epoch-126, train_loss-0.2046, train_rmse-0.4523, valid_rmse-1.2589, valid_pr-0.7385
epoch-127, train_loss-0.1978, train_rmse-0.4448, valid_rmse-1.2743, valid_pr-0.7380
epoch-128, train_loss-0.1943, train_rmse-0.4408, valid_rmse-1.2613, valid_pr-0.7401
epoch-129, train_loss-0.1974, train_rmse-0.4443, valid_rmse-1.2756, valid_pr-0.7416
epoch-130, train_loss-0.2051, train_rmse-0.4529, valid_rmse-1.2833, valid_pr-0.7291
epoch-131, train_loss-0.2023, train_rmse-0.4498, valid_rmse-1.2766, valid_pr-0.7353
epoch-132, train_loss-0.2110, train_rmse-0.4593, valid_rmse-1.2793, valid_pr-0.7418
epoch-133, train_loss-0.1995, train_rmse-0.4466, valid_rmse-1.2459, valid_pr-0.7455
Validation : valid_rmse-1.2459, valid_pr-0.7455, 
test2013_rmse-1.2993, test2013_pr-0.8384, test2016_rmse-1.1812, test2016_pr-0.8402, test2019_rmse-1.3968, test2019_pr-0.6458
epoch-134, train_loss-0.2005, train_rmse-0.4477, valid_rmse-1.2570, valid_pr-0.7377
epoch-135, train_loss-0.1868, train_rmse-0.4322, valid_rmse-1.2719, valid_pr-0.7355
epoch-136, train_loss-0.1982, train_rmse-0.4452, valid_rmse-1.2533, valid_pr-0.7389
epoch-137, train_loss-0.2044, train_rmse-0.4521, valid_rmse-1.2597, valid_pr-0.7341
epoch-138, train_loss-0.1902, train_rmse-0.4361, valid_rmse-1.2470, valid_pr-0.7398
epoch-139, train_loss-0.1808, train_rmse-0.4252, valid_rmse-1.2528, valid_pr-0.7415
epoch-140, train_loss-0.1907, train_rmse-0.4367, valid_rmse-1.3138, valid_pr-0.7153
epoch-141, train_loss-0.1933, train_rmse-0.4396, valid_rmse-1.2606, valid_pr-0.7343
epoch-142, train_loss-0.1790, train_rmse-0.4231, valid_rmse-1.2657, valid_pr-0.7453
epoch-143, train_loss-0.1861, train_rmse-0.4314, valid_rmse-1.2540, valid_pr-0.7433
epoch-144, train_loss-0.1783, train_rmse-0.4223, valid_rmse-1.2494, valid_pr-0.7447
epoch-145, train_loss-0.1940, train_rmse-0.4404, valid_rmse-1.2637, valid_pr-0.7405
epoch-146, train_loss-0.1968, train_rmse-0.4436, valid_rmse-1.2564, valid_pr-0.7380
epoch-147, train_loss-0.1914, train_rmse-0.4375, valid_rmse-1.2398, valid_pr-0.7444
Validation : valid_rmse-1.2398, valid_pr-0.7444, 
test2013_rmse-1.3313, test2013_pr-0.8283, test2016_rmse-1.1781, test2016_pr-0.8426, test2019_rmse-1.3744, test2019_pr-0.6511
epoch-148, train_loss-0.1865, train_rmse-0.4318, valid_rmse-1.2573, valid_pr-0.7357
epoch-149, train_loss-0.1991, train_rmse-0.4462, valid_rmse-1.2689, valid_pr-0.7309
epoch-150, train_loss-0.1922, train_rmse-0.4384, valid_rmse-1.2913, valid_pr-0.7344
epoch-151, train_loss-0.1887, train_rmse-0.4344, valid_rmse-1.2379, valid_pr-0.7469
Validation : valid_rmse-1.2379, valid_pr-0.7469, 
test2013_rmse-1.2716, test2013_pr-0.8474, test2016_rmse-1.1468, test2016_pr-0.8521, test2019_rmse-1.3886, test2019_pr-0.6495
epoch-152, train_loss-0.1808, train_rmse-0.4252, valid_rmse-1.2459, valid_pr-0.7435
epoch-153, train_loss-0.1795, train_rmse-0.4237, valid_rmse-1.2468, valid_pr-0.7456
epoch-154, train_loss-0.1787, train_rmse-0.4228, valid_rmse-1.2515, valid_pr-0.7426
epoch-155, train_loss-0.1857, train_rmse-0.4309, valid_rmse-1.2429, valid_pr-0.7431
epoch-156, train_loss-0.1784, train_rmse-0.4224, valid_rmse-1.2625, valid_pr-0.7430
epoch-157, train_loss-0.1739, train_rmse-0.4170, valid_rmse-1.2504, valid_pr-0.7438
epoch-158, train_loss-0.1754, train_rmse-0.4188, valid_rmse-1.2410, valid_pr-0.7441
epoch-159, train_loss-0.1855, train_rmse-0.4308, valid_rmse-1.2552, valid_pr-0.7432
epoch-160, train_loss-0.1704, train_rmse-0.4128, valid_rmse-1.2493, valid_pr-0.7404
epoch-161, train_loss-0.1708, train_rmse-0.4133, valid_rmse-1.2487, valid_pr-0.7504
epoch-162, train_loss-0.1695, train_rmse-0.4117, valid_rmse-1.2709, valid_pr-0.7412
epoch-163, train_loss-0.1970, train_rmse-0.4438, valid_rmse-1.2671, valid_pr-0.7362
epoch-164, train_loss-0.1820, train_rmse-0.4266, valid_rmse-1.2554, valid_pr-0.7401
epoch-165, train_loss-0.1731, train_rmse-0.4161, valid_rmse-1.2449, valid_pr-0.7440
epoch-166, train_loss-0.1705, train_rmse-0.4129, valid_rmse-1.2517, valid_pr-0.7411
epoch-167, train_loss-0.1661, train_rmse-0.4076, valid_rmse-1.2500, valid_pr-0.7435
epoch-168, train_loss-0.1834, train_rmse-0.4283, valid_rmse-1.2416, valid_pr-0.7422
epoch-169, train_loss-0.1695, train_rmse-0.4117, valid_rmse-1.2486, valid_pr-0.7420
epoch-170, train_loss-0.1780, train_rmse-0.4219, valid_rmse-1.2503, valid_pr-0.7416
epoch-171, train_loss-0.1731, train_rmse-0.4161, valid_rmse-1.2586, valid_pr-0.7376
epoch-172, train_loss-0.1699, train_rmse-0.4121, valid_rmse-1.2408, valid_pr-0.7430
epoch-173, train_loss-0.1806, train_rmse-0.4250, valid_rmse-1.2448, valid_pr-0.7430
epoch-174, train_loss-0.1706, train_rmse-0.4130, valid_rmse-1.2424, valid_pr-0.7458
epoch-175, train_loss-0.1638, train_rmse-0.4047, valid_rmse-1.2687, valid_pr-0.7435
epoch-176, train_loss-0.1634, train_rmse-0.4042, valid_rmse-1.2376, valid_pr-0.7451
Validation : valid_rmse-1.2376, valid_pr-0.7451, 
test2013_rmse-1.3003, test2013_pr-0.8411, test2016_rmse-1.1749, test2016_pr-0.8469, test2019_rmse-1.3663, test2019_pr-0.6542
epoch-177, train_loss-0.1749, train_rmse-0.4182, valid_rmse-1.2461, valid_pr-0.7474
epoch-178, train_loss-0.1662, train_rmse-0.4076, valid_rmse-1.2396, valid_pr-0.7473
epoch-179, train_loss-0.1803, train_rmse-0.4246, valid_rmse-1.2501, valid_pr-0.7433
epoch-180, train_loss-0.1700, train_rmse-0.4123, valid_rmse-1.2300, valid_pr-0.7480
Validation : valid_rmse-1.2300, valid_pr-0.7480, 
test2013_rmse-1.3510, test2013_pr-0.8240, test2016_rmse-1.1994, test2016_pr-0.8379, test2019_rmse-1.3681, test2019_pr-0.6528
epoch-181, train_loss-0.1575, train_rmse-0.3968, valid_rmse-1.2414, valid_pr-0.7449
epoch-182, train_loss-0.1556, train_rmse-0.3945, valid_rmse-1.2384, valid_pr-0.7493
epoch-183, train_loss-0.1673, train_rmse-0.4091, valid_rmse-1.2474, valid_pr-0.7453
epoch-184, train_loss-0.1884, train_rmse-0.4341, valid_rmse-1.2378, valid_pr-0.7446
epoch-185, train_loss-0.1663, train_rmse-0.4078, valid_rmse-1.2446, valid_pr-0.7445
epoch-186, train_loss-0.1623, train_rmse-0.4029, valid_rmse-1.2335, valid_pr-0.7451
epoch-187, train_loss-0.1901, train_rmse-0.4360, valid_rmse-1.2274, valid_pr-0.7480
Validation : valid_rmse-1.2274, valid_pr-0.7480, 
test2013_rmse-1.3217, test2013_pr-0.8402, test2016_rmse-1.1857, test2016_pr-0.8448, test2019_rmse-1.3684, test2019_pr-0.6528
epoch-188, train_loss-0.1615, train_rmse-0.4019, valid_rmse-1.2397, valid_pr-0.7502
epoch-189, train_loss-0.1658, train_rmse-0.4072, valid_rmse-1.2464, valid_pr-0.7437
epoch-190, train_loss-0.1526, train_rmse-0.3907, valid_rmse-1.2722, valid_pr-0.7417
epoch-191, train_loss-0.1541, train_rmse-0.3925, valid_rmse-1.2271, valid_pr-0.7492
Validation : valid_rmse-1.2271, valid_pr-0.7492, 
test2013_rmse-1.3015, test2013_pr-0.8427, test2016_rmse-1.1467, test2016_pr-0.8562, test2019_rmse-1.3640, test2019_pr-0.6534
epoch-192, train_loss-0.1644, train_rmse-0.4055, valid_rmse-1.2376, valid_pr-0.7474
epoch-193, train_loss-0.1564, train_rmse-0.3955, valid_rmse-1.2404, valid_pr-0.7508
epoch-194, train_loss-0.1698, train_rmse-0.4120, valid_rmse-1.2370, valid_pr-0.7456
epoch-195, train_loss-0.1518, train_rmse-0.3896, valid_rmse-1.2262, valid_pr-0.7509
Validation : valid_rmse-1.2262, valid_pr-0.7509, 
test2013_rmse-1.2882, test2013_pr-0.8451, test2016_rmse-1.1735, test2016_pr-0.8456, test2019_rmse-1.3613, test2019_pr-0.6598
epoch-196, train_loss-0.1832, train_rmse-0.4280, valid_rmse-1.2372, valid_pr-0.7467
epoch-197, train_loss-0.1610, train_rmse-0.4012, valid_rmse-1.2392, valid_pr-0.7484
epoch-198, train_loss-0.1602, train_rmse-0.4003, valid_rmse-1.2181, valid_pr-0.7531
Validation : valid_rmse-1.2181, valid_pr-0.7531, 
test2013_rmse-1.3323, test2013_pr-0.8343, test2016_rmse-1.1907, test2016_pr-0.8432, test2019_rmse-1.3629, test2019_pr-0.6539
epoch-199, train_loss-0.1492, train_rmse-0.3862, valid_rmse-1.2429, valid_pr-0.7506
epoch-200, train_loss-0.1432, train_rmse-0.3784, valid_rmse-1.2440, valid_pr-0.7452
epoch-201, train_loss-0.1597, train_rmse-0.3996, valid_rmse-1.2402, valid_pr-0.7428
epoch-202, train_loss-0.1727, train_rmse-0.4156, valid_rmse-1.2604, valid_pr-0.7400
epoch-203, train_loss-0.1510, train_rmse-0.3885, valid_rmse-1.2539, valid_pr-0.7514
epoch-204, train_loss-0.1556, train_rmse-0.3945, valid_rmse-1.2357, valid_pr-0.7514
epoch-205, train_loss-0.1524, train_rmse-0.3904, valid_rmse-1.2336, valid_pr-0.7468
epoch-206, train_loss-0.1507, train_rmse-0.3882, valid_rmse-1.2334, valid_pr-0.7500
epoch-207, train_loss-0.1659, train_rmse-0.4073, valid_rmse-1.2566, valid_pr-0.7501
epoch-208, train_loss-0.1661, train_rmse-0.4076, valid_rmse-1.2514, valid_pr-0.7420
epoch-209, train_loss-0.1575, train_rmse-0.3969, valid_rmse-1.2456, valid_pr-0.7448
epoch-210, train_loss-0.1679, train_rmse-0.4098, valid_rmse-1.2473, valid_pr-0.7469
epoch-211, train_loss-0.1550, train_rmse-0.3937, valid_rmse-1.2344, valid_pr-0.7481
epoch-212, train_loss-0.1587, train_rmse-0.3984, valid_rmse-1.2297, valid_pr-0.7484
epoch-213, train_loss-0.1530, train_rmse-0.3912, valid_rmse-1.2311, valid_pr-0.7517
epoch-214, train_loss-0.1540, train_rmse-0.3924, valid_rmse-1.2386, valid_pr-0.7483
epoch-215, train_loss-0.1508, train_rmse-0.3883, valid_rmse-1.2392, valid_pr-0.7437
epoch-216, train_loss-0.1568, train_rmse-0.3959, valid_rmse-1.2281, valid_pr-0.7539
epoch-217, train_loss-0.1512, train_rmse-0.3888, valid_rmse-1.2321, valid_pr-0.7479
epoch-218, train_loss-0.1446, train_rmse-0.3802, valid_rmse-1.2445, valid_pr-0.7441
epoch-219, train_loss-0.1457, train_rmse-0.3817, valid_rmse-1.2262, valid_pr-0.7527
epoch-220, train_loss-0.1550, train_rmse-0.3937, valid_rmse-1.2298, valid_pr-0.7535
epoch-221, train_loss-0.1607, train_rmse-0.4009, valid_rmse-1.2299, valid_pr-0.7518
epoch-222, train_loss-0.1368, train_rmse-0.3698, valid_rmse-1.2320, valid_pr-0.7509
epoch-223, train_loss-0.1616, train_rmse-0.4020, valid_rmse-1.2410, valid_pr-0.7563
epoch-224, train_loss-0.1625, train_rmse-0.4031, valid_rmse-1.2233, valid_pr-0.7563
epoch-225, train_loss-0.1649, train_rmse-0.4061, valid_rmse-1.2379, valid_pr-0.7437
epoch-226, train_loss-0.1527, train_rmse-0.3907, valid_rmse-1.2411, valid_pr-0.7503
epoch-227, train_loss-0.1483, train_rmse-0.3851, valid_rmse-1.2268, valid_pr-0.7494
epoch-228, train_loss-0.1633, train_rmse-0.4041, valid_rmse-1.2338, valid_pr-0.7493
epoch-229, train_loss-0.1578, train_rmse-0.3973, valid_rmse-1.2434, valid_pr-0.7497
epoch-230, train_loss-0.1439, train_rmse-0.3794, valid_rmse-1.2149, valid_pr-0.7538
Validation : valid_rmse-1.2149, valid_pr-0.7538, 
test2013_rmse-1.3246, test2013_pr-0.8362, test2016_rmse-1.1666, test2016_pr-0.8500, test2019_rmse-1.3632, test2019_pr-0.6546
epoch-231, train_loss-0.1541, train_rmse-0.3925, valid_rmse-1.2263, valid_pr-0.7511
epoch-232, train_loss-0.1498, train_rmse-0.3870, valid_rmse-1.2218, valid_pr-0.7520
epoch-233, train_loss-0.1412, train_rmse-0.3758, valid_rmse-1.2362, valid_pr-0.7437
epoch-234, train_loss-0.1539, train_rmse-0.3924, valid_rmse-1.2203, valid_pr-0.7513
epoch-235, train_loss-0.1391, train_rmse-0.3730, valid_rmse-1.2192, valid_pr-0.7545
epoch-236, train_loss-0.1509, train_rmse-0.3884, valid_rmse-1.2271, valid_pr-0.7515
epoch-237, train_loss-0.1508, train_rmse-0.3883, valid_rmse-1.2268, valid_pr-0.7536
epoch-238, train_loss-0.1473, train_rmse-0.3838, valid_rmse-1.2349, valid_pr-0.7450
epoch-239, train_loss-0.1329, train_rmse-0.3645, valid_rmse-1.2378, valid_pr-0.7474
epoch-240, train_loss-0.1458, train_rmse-0.3818, valid_rmse-1.2233, valid_pr-0.7539
epoch-241, train_loss-0.1521, train_rmse-0.3900, valid_rmse-1.2228, valid_pr-0.7551
epoch-242, train_loss-0.1384, train_rmse-0.3720, valid_rmse-1.2057, valid_pr-0.7597
Validation : valid_rmse-1.2057, valid_pr-0.7597, 
test2013_rmse-1.3175, test2013_pr-0.8368, test2016_rmse-1.1546, test2016_pr-0.8521, test2019_rmse-1.3471, test2019_pr-0.6663
epoch-243, train_loss-0.1501, train_rmse-0.3875, valid_rmse-1.2177, valid_pr-0.7523
epoch-244, train_loss-0.1662, train_rmse-0.4076, valid_rmse-1.2196, valid_pr-0.7537
epoch-245, train_loss-0.1347, train_rmse-0.3671, valid_rmse-1.2177, valid_pr-0.7536
epoch-246, train_loss-0.1439, train_rmse-0.3793, valid_rmse-1.2306, valid_pr-0.7519
epoch-247, train_loss-0.1471, train_rmse-0.3835, valid_rmse-1.2144, valid_pr-0.7551
epoch-248, train_loss-0.1468, train_rmse-0.3831, valid_rmse-1.2314, valid_pr-0.7542
epoch-249, train_loss-0.1429, train_rmse-0.3781, valid_rmse-1.2332, valid_pr-0.7552
epoch-250, train_loss-0.1405, train_rmse-0.3748, valid_rmse-1.2057, valid_pr-0.7584
Validation : valid_rmse-1.2057, valid_pr-0.7584, 
test2013_rmse-1.3155, test2013_pr-0.8370, test2016_rmse-1.1669, test2016_pr-0.8486, test2019_rmse-1.3494, test2019_pr-0.6630
epoch-251, train_loss-0.1487, train_rmse-0.3856, valid_rmse-1.2340, valid_pr-0.7439
epoch-252, train_loss-0.1367, train_rmse-0.3697, valid_rmse-1.2500, valid_pr-0.7527
epoch-253, train_loss-0.1309, train_rmse-0.3618, valid_rmse-1.2143, valid_pr-0.7548
epoch-254, train_loss-0.1385, train_rmse-0.3722, valid_rmse-1.2223, valid_pr-0.7519
epoch-255, train_loss-0.1327, train_rmse-0.3643, valid_rmse-1.2391, valid_pr-0.7517
epoch-256, train_loss-0.1447, train_rmse-0.3804, valid_rmse-1.2276, valid_pr-0.7544
epoch-257, train_loss-0.1642, train_rmse-0.4052, valid_rmse-1.2406, valid_pr-0.7468
epoch-258, train_loss-0.1427, train_rmse-0.3777, valid_rmse-1.2258, valid_pr-0.7521
epoch-259, train_loss-0.1296, train_rmse-0.3599, valid_rmse-1.2202, valid_pr-0.7541
epoch-260, train_loss-0.1472, train_rmse-0.3837, valid_rmse-1.2153, valid_pr-0.7545
epoch-261, train_loss-0.1448, train_rmse-0.3806, valid_rmse-1.2174, valid_pr-0.7555
epoch-262, train_loss-0.1362, train_rmse-0.3691, valid_rmse-1.2109, valid_pr-0.7560
epoch-263, train_loss-0.1266, train_rmse-0.3559, valid_rmse-1.2078, valid_pr-0.7589
epoch-264, train_loss-0.1454, train_rmse-0.3813, valid_rmse-1.2129, valid_pr-0.7576
epoch-265, train_loss-0.1396, train_rmse-0.3736, valid_rmse-1.2145, valid_pr-0.7549
epoch-266, train_loss-0.1317, train_rmse-0.3629, valid_rmse-1.2263, valid_pr-0.7522
epoch-267, train_loss-0.1495, train_rmse-0.3867, valid_rmse-1.2253, valid_pr-0.7505
epoch-268, train_loss-0.1468, train_rmse-0.3831, valid_rmse-1.2134, valid_pr-0.7582
epoch-269, train_loss-0.1365, train_rmse-0.3694, valid_rmse-1.2312, valid_pr-0.7549
epoch-270, train_loss-0.1345, train_rmse-0.3667, valid_rmse-1.2119, valid_pr-0.7565
epoch-271, train_loss-0.1323, train_rmse-0.3637, valid_rmse-1.2176, valid_pr-0.7570
epoch-272, train_loss-0.1387, train_rmse-0.3724, valid_rmse-1.2319, valid_pr-0.7534
epoch-273, train_loss-0.1265, train_rmse-0.3556, valid_rmse-1.2252, valid_pr-0.7553
epoch-274, train_loss-0.1441, train_rmse-0.3795, valid_rmse-1.2198, valid_pr-0.7558
epoch-275, train_loss-0.1401, train_rmse-0.3743, valid_rmse-1.2106, valid_pr-0.7563
epoch-276, train_loss-0.1372, train_rmse-0.3704, valid_rmse-1.2160, valid_pr-0.7542
epoch-277, train_loss-0.1272, train_rmse-0.3567, valid_rmse-1.2226, valid_pr-0.7510
epoch-278, train_loss-0.1312, train_rmse-0.3622, valid_rmse-1.2132, valid_pr-0.7540
epoch-279, train_loss-0.1507, train_rmse-0.3882, valid_rmse-1.2245, valid_pr-0.7565
epoch-280, train_loss-0.1294, train_rmse-0.3598, valid_rmse-1.2133, valid_pr-0.7599
epoch-281, train_loss-0.1433, train_rmse-0.3786, valid_rmse-1.2152, valid_pr-0.7543
epoch-282, train_loss-0.1387, train_rmse-0.3724, valid_rmse-1.2087, valid_pr-0.7568
epoch-283, train_loss-0.1386, train_rmse-0.3723, valid_rmse-1.2100, valid_pr-0.7593
epoch-284, train_loss-0.1358, train_rmse-0.3685, valid_rmse-1.2346, valid_pr-0.7503
epoch-285, train_loss-0.1247, train_rmse-0.3532, valid_rmse-1.2003, valid_pr-0.7610
Validation : valid_rmse-1.2003, valid_pr-0.7610, 
test2013_rmse-1.3089, test2013_pr-0.8393, test2016_rmse-1.1722, test2016_pr-0.8464, test2019_rmse-1.3537, test2019_pr-0.6615
epoch-286, train_loss-0.1317, train_rmse-0.3629, valid_rmse-1.2146, valid_pr-0.7593
epoch-287, train_loss-0.1319, train_rmse-0.3631, valid_rmse-1.2185, valid_pr-0.7531
epoch-288, train_loss-0.1318, train_rmse-0.3631, valid_rmse-1.2183, valid_pr-0.7545
epoch-289, train_loss-0.1458, train_rmse-0.3818, valid_rmse-1.2154, valid_pr-0.7569
epoch-290, train_loss-0.1414, train_rmse-0.3760, valid_rmse-1.2237, valid_pr-0.7530
epoch-291, train_loss-0.1374, train_rmse-0.3707, valid_rmse-1.2135, valid_pr-0.7579
epoch-292, train_loss-0.1428, train_rmse-0.3779, valid_rmse-1.2231, valid_pr-0.7531
epoch-293, train_loss-0.1315, train_rmse-0.3626, valid_rmse-1.2343, valid_pr-0.7506
epoch-294, train_loss-0.1256, train_rmse-0.3543, valid_rmse-1.2052, valid_pr-0.7600
epoch-295, train_loss-0.1297, train_rmse-0.3602, valid_rmse-1.2091, valid_pr-0.7608
epoch-296, train_loss-0.1288, train_rmse-0.3589, valid_rmse-1.2171, valid_pr-0.7579
epoch-297, train_loss-0.1226, train_rmse-0.3501, valid_rmse-1.2147, valid_pr-0.7574
epoch-298, train_loss-0.1260, train_rmse-0.3549, valid_rmse-1.2068, valid_pr-0.7595
epoch-299, train_loss-0.1229, train_rmse-0.3506, valid_rmse-1.2197, valid_pr-0.7541
epoch-300, train_loss-0.1371, train_rmse-0.3703, valid_rmse-1.2112, valid_pr-0.7574
epoch-301, train_loss-0.1404, train_rmse-0.3746, valid_rmse-1.2140, valid_pr-0.7555
epoch-302, train_loss-0.1275, train_rmse-0.3571, valid_rmse-1.2140, valid_pr-0.7539
epoch-303, train_loss-0.1370, train_rmse-0.3701, valid_rmse-1.2116, valid_pr-0.7582
epoch-304, train_loss-0.1237, train_rmse-0.3517, valid_rmse-1.2054, valid_pr-0.7601
epoch-305, train_loss-0.1302, train_rmse-0.3609, valid_rmse-1.2437, valid_pr-0.7591
epoch-306, train_loss-0.1318, train_rmse-0.3630, valid_rmse-1.2181, valid_pr-0.7562
epoch-307, train_loss-0.1362, train_rmse-0.3690, valid_rmse-1.2138, valid_pr-0.7587
epoch-308, train_loss-0.1285, train_rmse-0.3585, valid_rmse-1.2131, valid_pr-0.7556
epoch-309, train_loss-0.1255, train_rmse-0.3542, valid_rmse-1.2158, valid_pr-0.7540
epoch-310, train_loss-0.1208, train_rmse-0.3475, valid_rmse-1.2272, valid_pr-0.7513
epoch-311, train_loss-0.1306, train_rmse-0.3615, valid_rmse-1.2244, valid_pr-0.7561
epoch-312, train_loss-0.1269, train_rmse-0.3562, valid_rmse-1.2284, valid_pr-0.7559
epoch-313, train_loss-0.1307, train_rmse-0.3615, valid_rmse-1.2200, valid_pr-0.7541
epoch-314, train_loss-0.1279, train_rmse-0.3577, valid_rmse-1.2121, valid_pr-0.7571
epoch-315, train_loss-0.1226, train_rmse-0.3502, valid_rmse-1.2105, valid_pr-0.7574
epoch-316, train_loss-0.1284, train_rmse-0.3584, valid_rmse-1.2185, valid_pr-0.7537
epoch-317, train_loss-0.1347, train_rmse-0.3670, valid_rmse-1.2059, valid_pr-0.7584
epoch-318, train_loss-0.1244, train_rmse-0.3527, valid_rmse-1.2039, valid_pr-0.7597
epoch-319, train_loss-0.1254, train_rmse-0.3542, valid_rmse-1.2247, valid_pr-0.7574
epoch-320, train_loss-0.1199, train_rmse-0.3463, valid_rmse-1.2144, valid_pr-0.7566
epoch-321, train_loss-0.1376, train_rmse-0.3709, valid_rmse-1.2172, valid_pr-0.7576
epoch-322, train_loss-0.1230, train_rmse-0.3507, valid_rmse-1.2062, valid_pr-0.7584
epoch-323, train_loss-0.1285, train_rmse-0.3585, valid_rmse-1.2115, valid_pr-0.7576
epoch-324, train_loss-0.1265, train_rmse-0.3557, valid_rmse-1.2187, valid_pr-0.7569
epoch-325, train_loss-0.1204, train_rmse-0.3469, valid_rmse-1.2072, valid_pr-0.7586
epoch-326, train_loss-0.1452, train_rmse-0.3810, valid_rmse-1.2140, valid_pr-0.7592
epoch-327, train_loss-0.1269, train_rmse-0.3562, valid_rmse-1.2134, valid_pr-0.7558
epoch-328, train_loss-0.1230, train_rmse-0.3506, valid_rmse-1.2176, valid_pr-0.7587
epoch-329, train_loss-0.1243, train_rmse-0.3525, valid_rmse-1.2165, valid_pr-0.7547
epoch-330, train_loss-0.1122, train_rmse-0.3349, valid_rmse-1.2282, valid_pr-0.7580
epoch-331, train_loss-0.1405, train_rmse-0.3749, valid_rmse-1.2178, valid_pr-0.7564
epoch-332, train_loss-0.1280, train_rmse-0.3578, valid_rmse-1.2120, valid_pr-0.7600
epoch-333, train_loss-0.1199, train_rmse-0.3462, valid_rmse-1.2187, valid_pr-0.7534
epoch-334, train_loss-0.1236, train_rmse-0.3515, valid_rmse-1.2154, valid_pr-0.7548
epoch-335, train_loss-0.1298, train_rmse-0.3602, valid_rmse-1.2109, valid_pr-0.7575
epoch-336, train_loss-0.1159, train_rmse-0.3404, valid_rmse-1.2159, valid_pr-0.7561
epoch-337, train_loss-0.1191, train_rmse-0.3452, valid_rmse-1.2048, valid_pr-0.7610
epoch-338, train_loss-0.1021, train_rmse-0.3195, valid_rmse-1.2104, valid_pr-0.7584
epoch-339, train_loss-0.0995, train_rmse-0.3155, valid_rmse-1.2171, valid_pr-0.7581
epoch-340, train_loss-0.1000, train_rmse-0.3162, valid_rmse-1.2067, valid_pr-0.7576
epoch-341, train_loss-0.0946, train_rmse-0.3076, valid_rmse-1.2040, valid_pr-0.7605
epoch-342, train_loss-0.1032, train_rmse-0.3212, valid_rmse-1.2137, valid_pr-0.7596
epoch-343, train_loss-0.0972, train_rmse-0.3117, valid_rmse-1.2053, valid_pr-0.7593
epoch-344, train_loss-0.1009, train_rmse-0.3177, valid_rmse-1.2069, valid_pr-0.7598
epoch-345, train_loss-0.1000, train_rmse-0.3162, valid_rmse-1.2038, valid_pr-0.7615
epoch-346, train_loss-0.1051, train_rmse-0.3241, valid_rmse-1.2010, valid_pr-0.7618
epoch-347, train_loss-0.0938, train_rmse-0.3062, valid_rmse-1.2101, valid_pr-0.7580
epoch-348, train_loss-0.1007, train_rmse-0.3173, valid_rmse-1.2137, valid_pr-0.7590
epoch-349, train_loss-0.0951, train_rmse-0.3084, valid_rmse-1.2090, valid_pr-0.7581
epoch-350, train_loss-0.1003, train_rmse-0.3167, valid_rmse-1.2070, valid_pr-0.7598
epoch-351, train_loss-0.1136, train_rmse-0.3370, valid_rmse-1.2040, valid_pr-0.7604
epoch-352, train_loss-0.0978, train_rmse-0.3127, valid_rmse-1.2035, valid_pr-0.7600
epoch-353, train_loss-0.1008, train_rmse-0.3175, valid_rmse-1.2110, valid_pr-0.7566
epoch-354, train_loss-0.0953, train_rmse-0.3087, valid_rmse-1.2122, valid_pr-0.7589
epoch-355, train_loss-0.1005, train_rmse-0.3171, valid_rmse-1.2098, valid_pr-0.7590
epoch-356, train_loss-0.1003, train_rmse-0.3168, valid_rmse-1.2083, valid_pr-0.7562
epoch-357, train_loss-0.1079, train_rmse-0.3284, valid_rmse-1.2134, valid_pr-0.7600
epoch-358, train_loss-0.0993, train_rmse-0.3152, valid_rmse-1.2043, valid_pr-0.7624
epoch-359, train_loss-0.1101, train_rmse-0.3319, valid_rmse-1.2048, valid_pr-0.7606
epoch-360, train_loss-0.0961, train_rmse-0.3101, valid_rmse-1.2060, valid_pr-0.7614
epoch-361, train_loss-0.1119, train_rmse-0.3345, valid_rmse-1.2093, valid_pr-0.7578
epoch-362, train_loss-0.1007, train_rmse-0.3174, valid_rmse-1.2142, valid_pr-0.7582
epoch-363, train_loss-0.1002, train_rmse-0.3165, valid_rmse-1.1983, valid_pr-0.7626
Validation : valid_rmse-1.1983, valid_pr-0.7626, 
test2013_rmse-1.3136, test2013_pr-0.8451, test2016_rmse-1.1788, test2016_pr-0.8503, test2019_rmse-1.3296, test2019_pr-0.6710
epoch-364, train_loss-0.1055, train_rmse-0.3247, valid_rmse-1.2021, valid_pr-0.7598
epoch-365, train_loss-0.0966, train_rmse-0.3108, valid_rmse-1.1977, valid_pr-0.7633
Validation : valid_rmse-1.1977, valid_pr-0.7633, 
test2013_rmse-1.2968, test2013_pr-0.8471, test2016_rmse-1.1688, test2016_pr-0.8516, test2019_rmse-1.3332, test2019_pr-0.6709
epoch-366, train_loss-0.0966, train_rmse-0.3108, valid_rmse-1.2019, valid_pr-0.7606
epoch-367, train_loss-0.1025, train_rmse-0.3201, valid_rmse-1.1961, valid_pr-0.7631
Validation : valid_rmse-1.1961, valid_pr-0.7631, 
test2013_rmse-1.2969, test2013_pr-0.8450, test2016_rmse-1.1652, test2016_pr-0.8502, test2019_rmse-1.3318, test2019_pr-0.6728
epoch-368, train_loss-0.0963, train_rmse-0.3102, valid_rmse-1.2030, valid_pr-0.7600
epoch-369, train_loss-0.0992, train_rmse-0.3150, valid_rmse-1.2114, valid_pr-0.7603
epoch-370, train_loss-0.1063, train_rmse-0.3261, valid_rmse-1.2096, valid_pr-0.7584
epoch-371, train_loss-0.0990, train_rmse-0.3147, valid_rmse-1.2046, valid_pr-0.7591
epoch-372, train_loss-0.1033, train_rmse-0.3213, valid_rmse-1.2044, valid_pr-0.7607
epoch-373, train_loss-0.0987, train_rmse-0.3142, valid_rmse-1.2063, valid_pr-0.7601
epoch-374, train_loss-0.0971, train_rmse-0.3116, valid_rmse-1.2013, valid_pr-0.7611
epoch-375, train_loss-0.0895, train_rmse-0.2991, valid_rmse-1.2048, valid_pr-0.7602
epoch-376, train_loss-0.0951, train_rmse-0.3083, valid_rmse-1.2094, valid_pr-0.7602
epoch-377, train_loss-0.0943, train_rmse-0.3071, valid_rmse-1.2008, valid_pr-0.7621
epoch-378, train_loss-0.1008, train_rmse-0.3175, valid_rmse-1.1985, valid_pr-0.7607
epoch-379, train_loss-0.0898, train_rmse-0.2996, valid_rmse-1.2081, valid_pr-0.7593
epoch-380, train_loss-0.1051, train_rmse-0.3242, valid_rmse-1.2148, valid_pr-0.7627
epoch-381, train_loss-0.0966, train_rmse-0.3107, valid_rmse-1.1988, valid_pr-0.7605
epoch-382, train_loss-0.0969, train_rmse-0.3112, valid_rmse-1.2030, valid_pr-0.7616
epoch-383, train_loss-0.1101, train_rmse-0.3319, valid_rmse-1.2028, valid_pr-0.7604
epoch-384, train_loss-0.1064, train_rmse-0.3262, valid_rmse-1.2066, valid_pr-0.7619
epoch-385, train_loss-0.1050, train_rmse-0.3241, valid_rmse-1.2127, valid_pr-0.7603
epoch-386, train_loss-0.1022, train_rmse-0.3197, valid_rmse-1.1969, valid_pr-0.7629
epoch-387, train_loss-0.0998, train_rmse-0.3159, valid_rmse-1.2020, valid_pr-0.7617
epoch-388, train_loss-0.1062, train_rmse-0.3258, valid_rmse-1.1956, valid_pr-0.7631
Validation : valid_rmse-1.1956, valid_pr-0.7631, 
test2013_rmse-1.3019, test2013_pr-0.8458, test2016_rmse-1.1654, test2016_pr-0.8523, test2019_rmse-1.3354, test2019_pr-0.6685
epoch-389, train_loss-0.1067, train_rmse-0.3266, valid_rmse-1.1965, valid_pr-0.7621
epoch-390, train_loss-0.0957, train_rmse-0.3093, valid_rmse-1.1981, valid_pr-0.7635
epoch-391, train_loss-0.1070, train_rmse-0.3272, valid_rmse-1.2035, valid_pr-0.7584
epoch-392, train_loss-0.1006, train_rmse-0.3171, valid_rmse-1.1988, valid_pr-0.7623
epoch-393, train_loss-0.1044, train_rmse-0.3231, valid_rmse-1.2000, valid_pr-0.7602
epoch-394, train_loss-0.0962, train_rmse-0.3102, valid_rmse-1.1988, valid_pr-0.7624
epoch-395, train_loss-0.0972, train_rmse-0.3117, valid_rmse-1.2043, valid_pr-0.7593
epoch-396, train_loss-0.0859, train_rmse-0.2930, valid_rmse-1.1982, valid_pr-0.7636
epoch-397, train_loss-0.0888, train_rmse-0.2979, valid_rmse-1.2021, valid_pr-0.7602
epoch-398, train_loss-0.0877, train_rmse-0.2961, valid_rmse-1.2031, valid_pr-0.7595
epoch-399, train_loss-0.1008, train_rmse-0.3174, valid_rmse-1.2041, valid_pr-0.7621
epoch-400, train_loss-0.1108, train_rmse-0.3329, valid_rmse-1.2215, valid_pr-0.7594
epoch-401, train_loss-0.0979, train_rmse-0.3129, valid_rmse-1.2024, valid_pr-0.7614
epoch-402, train_loss-0.0972, train_rmse-0.3118, valid_rmse-1.2015, valid_pr-0.7627
epoch-403, train_loss-0.0930, train_rmse-0.3049, valid_rmse-1.2089, valid_pr-0.7630
epoch-404, train_loss-0.0898, train_rmse-0.2997, valid_rmse-1.2050, valid_pr-0.7593
epoch-405, train_loss-0.1033, train_rmse-0.3214, valid_rmse-1.2084, valid_pr-0.7592
epoch-406, train_loss-0.0953, train_rmse-0.3087, valid_rmse-1.2021, valid_pr-0.7607
epoch-407, train_loss-0.0934, train_rmse-0.3056, valid_rmse-1.1984, valid_pr-0.7619
epoch-408, train_loss-0.0971, train_rmse-0.3116, valid_rmse-1.2094, valid_pr-0.7579
epoch-409, train_loss-0.0894, train_rmse-0.2990, valid_rmse-1.2083, valid_pr-0.7609
epoch-410, train_loss-0.0971, train_rmse-0.3116, valid_rmse-1.2011, valid_pr-0.7626
epoch-411, train_loss-0.0959, train_rmse-0.3096, valid_rmse-1.2002, valid_pr-0.7610
epoch-412, train_loss-0.0972, train_rmse-0.3118, valid_rmse-1.2037, valid_pr-0.7606
epoch-413, train_loss-0.1086, train_rmse-0.3295, valid_rmse-1.2077, valid_pr-0.7617
epoch-414, train_loss-0.1087, train_rmse-0.3297, valid_rmse-1.1958, valid_pr-0.7631
epoch-415, train_loss-0.0889, train_rmse-0.2981, valid_rmse-1.2103, valid_pr-0.7617
epoch-416, train_loss-0.0971, train_rmse-0.3117, valid_rmse-1.2021, valid_pr-0.7619
epoch-417, train_loss-0.0896, train_rmse-0.2993, valid_rmse-1.2001, valid_pr-0.7618
epoch-418, train_loss-0.0982, train_rmse-0.3134, valid_rmse-1.2009, valid_pr-0.7620
epoch-419, train_loss-0.0963, train_rmse-0.3104, valid_rmse-1.2011, valid_pr-0.7624
epoch-420, train_loss-0.0956, train_rmse-0.3093, valid_rmse-1.1951, valid_pr-0.7626
Validation : valid_rmse-1.1951, valid_pr-0.7626, 
test2013_rmse-1.3334, test2013_pr-0.8350, test2016_rmse-1.1832, test2016_pr-0.8455, test2019_rmse-1.3328, test2019_pr-0.6696
epoch-421, train_loss-0.0909, train_rmse-0.3014, valid_rmse-1.2093, valid_pr-0.7618
epoch-422, train_loss-0.0983, train_rmse-0.3135, valid_rmse-1.2051, valid_pr-0.7600
epoch-423, train_loss-0.0908, train_rmse-0.3013, valid_rmse-1.2063, valid_pr-0.7625
epoch-424, train_loss-0.0932, train_rmse-0.3053, valid_rmse-1.2015, valid_pr-0.7615
epoch-425, train_loss-0.1040, train_rmse-0.3225, valid_rmse-1.2112, valid_pr-0.7623
epoch-426, train_loss-0.0986, train_rmse-0.3140, valid_rmse-1.2071, valid_pr-0.7618
epoch-427, train_loss-0.1009, train_rmse-0.3177, valid_rmse-1.2024, valid_pr-0.7615
epoch-428, train_loss-0.0903, train_rmse-0.3005, valid_rmse-1.2043, valid_pr-0.7618
epoch-429, train_loss-0.0876, train_rmse-0.2959, valid_rmse-1.1986, valid_pr-0.7623
epoch-430, train_loss-0.0974, train_rmse-0.3121, valid_rmse-1.2001, valid_pr-0.7601
epoch-431, train_loss-0.0943, train_rmse-0.3071, valid_rmse-1.2020, valid_pr-0.7601
epoch-432, train_loss-0.1013, train_rmse-0.3183, valid_rmse-1.2069, valid_pr-0.7611
epoch-433, train_loss-0.0869, train_rmse-0.2947, valid_rmse-1.2034, valid_pr-0.7608
epoch-434, train_loss-0.0857, train_rmse-0.2927, valid_rmse-1.2011, valid_pr-0.7611
epoch-435, train_loss-0.0960, train_rmse-0.3099, valid_rmse-1.2020, valid_pr-0.7630
epoch-436, train_loss-0.0967, train_rmse-0.3109, valid_rmse-1.1975, valid_pr-0.7630
epoch-437, train_loss-0.0905, train_rmse-0.3009, valid_rmse-1.2055, valid_pr-0.7586
epoch-438, train_loss-0.0969, train_rmse-0.3113, valid_rmse-1.2048, valid_pr-0.7597
epoch-439, train_loss-0.0939, train_rmse-0.3064, valid_rmse-1.2053, valid_pr-0.7610
epoch-440, train_loss-0.1049, train_rmse-0.3238, valid_rmse-1.1992, valid_pr-0.7613
epoch-441, train_loss-0.0871, train_rmse-0.2952, valid_rmse-1.2056, valid_pr-0.7605
epoch-442, train_loss-0.1067, train_rmse-0.3266, valid_rmse-1.1965, valid_pr-0.7648
epoch-443, train_loss-0.0883, train_rmse-0.2971, valid_rmse-1.1921, valid_pr-0.7640
Validation : valid_rmse-1.1921, valid_pr-0.7640, 
test2013_rmse-1.3079, test2013_pr-0.8425, test2016_rmse-1.1644, test2016_pr-0.8503, test2019_rmse-1.3344, test2019_pr-0.6705
epoch-444, train_loss-0.1009, train_rmse-0.3177, valid_rmse-1.2021, valid_pr-0.7598
epoch-445, train_loss-0.0979, train_rmse-0.3129, valid_rmse-1.2060, valid_pr-0.7580
epoch-446, train_loss-0.1025, train_rmse-0.3202, valid_rmse-1.2025, valid_pr-0.7606
epoch-447, train_loss-0.0890, train_rmse-0.2983, valid_rmse-1.1964, valid_pr-0.7622
epoch-448, train_loss-0.1042, train_rmse-0.3228, valid_rmse-1.2207, valid_pr-0.7610
epoch-449, train_loss-0.0969, train_rmse-0.3112, valid_rmse-1.1941, valid_pr-0.7640
epoch-450, train_loss-0.0859, train_rmse-0.2932, valid_rmse-1.2071, valid_pr-0.7619
epoch-451, train_loss-0.1040, train_rmse-0.3225, valid_rmse-1.1951, valid_pr-0.7649
epoch-452, train_loss-0.0887, train_rmse-0.2979, valid_rmse-1.2102, valid_pr-0.7608
epoch-453, train_loss-0.0935, train_rmse-0.3058, valid_rmse-1.2005, valid_pr-0.7614
epoch-454, train_loss-0.1128, train_rmse-0.3359, valid_rmse-1.2026, valid_pr-0.7606
epoch-455, train_loss-0.0990, train_rmse-0.3147, valid_rmse-1.2043, valid_pr-0.7625
epoch-456, train_loss-0.0982, train_rmse-0.3134, valid_rmse-1.2035, valid_pr-0.7612
epoch-457, train_loss-0.0907, train_rmse-0.3011, valid_rmse-1.2062, valid_pr-0.7633
epoch-458, train_loss-0.0955, train_rmse-0.3091, valid_rmse-1.2064, valid_pr-0.7598
epoch-459, train_loss-0.0968, train_rmse-0.3111, valid_rmse-1.2033, valid_pr-0.7629
epoch-460, train_loss-0.0973, train_rmse-0.3119, valid_rmse-1.2012, valid_pr-0.7607
epoch-461, train_loss-0.0843, train_rmse-0.2903, valid_rmse-1.2061, valid_pr-0.7605
epoch-462, train_loss-0.0931, train_rmse-0.3052, valid_rmse-1.1977, valid_pr-0.7613
epoch-463, train_loss-0.1002, train_rmse-0.3165, valid_rmse-1.1991, valid_pr-0.7628
epoch-464, train_loss-0.0899, train_rmse-0.2998, valid_rmse-1.2061, valid_pr-0.7583
epoch-465, train_loss-0.0979, train_rmse-0.3129, valid_rmse-1.2047, valid_pr-0.7596
epoch-466, train_loss-0.0952, train_rmse-0.3085, valid_rmse-1.2054, valid_pr-0.7605
epoch-467, train_loss-0.0927, train_rmse-0.3044, valid_rmse-1.1997, valid_pr-0.7610
epoch-468, train_loss-0.0892, train_rmse-0.2987, valid_rmse-1.2016, valid_pr-0.7596
epoch-469, train_loss-0.0986, train_rmse-0.3140, valid_rmse-1.2048, valid_pr-0.7602
epoch-470, train_loss-0.0996, train_rmse-0.3156, valid_rmse-1.2038, valid_pr-0.7603
epoch-471, train_loss-0.0920, train_rmse-0.3033, valid_rmse-1.2098, valid_pr-0.7584
epoch-472, train_loss-0.0891, train_rmse-0.2985, valid_rmse-1.2020, valid_pr-0.7622
epoch-473, train_loss-0.0859, train_rmse-0.2931, valid_rmse-1.2093, valid_pr-0.7575
epoch-474, train_loss-0.0894, train_rmse-0.2989, valid_rmse-1.2066, valid_pr-0.7610
epoch-475, train_loss-0.0918, train_rmse-0.3030, valid_rmse-1.2075, valid_pr-0.7615
epoch-476, train_loss-0.0994, train_rmse-0.3154, valid_rmse-1.2152, valid_pr-0.7583
epoch-477, train_loss-0.0925, train_rmse-0.3042, valid_rmse-1.2083, valid_pr-0.7581
epoch-478, train_loss-0.0900, train_rmse-0.3000, valid_rmse-1.2025, valid_pr-0.7604
epoch-479, train_loss-0.0891, train_rmse-0.2984, valid_rmse-1.2035, valid_pr-0.7588
epoch-480, train_loss-0.0950, train_rmse-0.3082, valid_rmse-1.2097, valid_pr-0.7583
epoch-481, train_loss-0.0868, train_rmse-0.2946, valid_rmse-1.2041, valid_pr-0.7609
epoch-482, train_loss-0.0985, train_rmse-0.3138, valid_rmse-1.2055, valid_pr-0.7606
epoch-483, train_loss-0.0893, train_rmse-0.2988, valid_rmse-1.1996, valid_pr-0.7617
epoch-484, train_loss-0.0920, train_rmse-0.3034, valid_rmse-1.2145, valid_pr-0.7604
epoch-485, train_loss-0.0945, train_rmse-0.3074, valid_rmse-1.1968, valid_pr-0.7625
epoch-486, train_loss-0.0879, train_rmse-0.2964, valid_rmse-1.1987, valid_pr-0.7639
epoch-487, train_loss-0.0899, train_rmse-0.2998, valid_rmse-1.2068, valid_pr-0.7575
epoch-488, train_loss-0.0831, train_rmse-0.2883, valid_rmse-1.2107, valid_pr-0.7600
epoch-489, train_loss-0.0974, train_rmse-0.3121, valid_rmse-1.2116, valid_pr-0.7589
epoch-490, train_loss-0.0898, train_rmse-0.2996, valid_rmse-1.1948, valid_pr-0.7627
epoch-491, train_loss-0.0921, train_rmse-0.3035, valid_rmse-1.2084, valid_pr-0.7609
epoch-492, train_loss-0.0973, train_rmse-0.3120, valid_rmse-1.2118, valid_pr-0.7573
epoch-493, train_loss-0.0877, train_rmse-0.2962, valid_rmse-1.1952, valid_pr-0.7631
epoch-494, train_loss-0.0841, train_rmse-0.2900, valid_rmse-1.2041, valid_pr-0.7610
epoch-495, train_loss-0.0883, train_rmse-0.2971, valid_rmse-1.1953, valid_pr-0.7628
epoch-496, train_loss-0.0835, train_rmse-0.2889, valid_rmse-1.1993, valid_pr-0.7618
epoch-497, train_loss-0.0843, train_rmse-0.2904, valid_rmse-1.2023, valid_pr-0.7632
epoch-498, train_loss-0.0880, train_rmse-0.2966, valid_rmse-1.1947, valid_pr-0.7630
epoch-499, train_loss-0.0844, train_rmse-0.2905, valid_rmse-1.1962, valid_pr-0.7650
epoch-500, train_loss-0.0763, train_rmse-0.2763, valid_rmse-1.1990, valid_pr-0.7628
epoch-501, train_loss-0.0847, train_rmse-0.2910, valid_rmse-1.1996, valid_pr-0.7625
epoch-502, train_loss-0.0900, train_rmse-0.3000, valid_rmse-1.1968, valid_pr-0.7623
epoch-503, train_loss-0.0835, train_rmse-0.2890, valid_rmse-1.1997, valid_pr-0.7630
epoch-504, train_loss-0.0860, train_rmse-0.2933, valid_rmse-1.1969, valid_pr-0.7634
epoch-505, train_loss-0.0878, train_rmse-0.2963, valid_rmse-1.1978, valid_pr-0.7617
epoch-506, train_loss-0.0835, train_rmse-0.2890, valid_rmse-1.1921, valid_pr-0.7643
Validation : valid_rmse-1.1921, valid_pr-0.7643, 
test2013_rmse-1.3023, test2013_pr-0.8429, test2016_rmse-1.1587, test2016_pr-0.8523, test2019_rmse-1.3323, test2019_pr-0.6707
epoch-507, train_loss-0.0796, train_rmse-0.2821, valid_rmse-1.1934, valid_pr-0.7634
epoch-508, train_loss-0.0865, train_rmse-0.2941, valid_rmse-1.1917, valid_pr-0.7650
Validation : valid_rmse-1.1917, valid_pr-0.7650, 
test2013_rmse-1.3073, test2013_pr-0.8435, test2016_rmse-1.1745, test2016_pr-0.8490, test2019_rmse-1.3309, test2019_pr-0.6710
epoch-509, train_loss-0.0751, train_rmse-0.2740, valid_rmse-1.1987, valid_pr-0.7635
epoch-510, train_loss-0.0829, train_rmse-0.2879, valid_rmse-1.1966, valid_pr-0.7623
epoch-511, train_loss-0.0855, train_rmse-0.2925, valid_rmse-1.2006, valid_pr-0.7616
epoch-512, train_loss-0.0814, train_rmse-0.2854, valid_rmse-1.2010, valid_pr-0.7617
epoch-513, train_loss-0.0743, train_rmse-0.2727, valid_rmse-1.1957, valid_pr-0.7635
epoch-514, train_loss-0.0806, train_rmse-0.2838, valid_rmse-1.2018, valid_pr-0.7625
epoch-515, train_loss-0.0863, train_rmse-0.2938, valid_rmse-1.2006, valid_pr-0.7629
epoch-516, train_loss-0.0775, train_rmse-0.2783, valid_rmse-1.2000, valid_pr-0.7624
epoch-517, train_loss-0.0844, train_rmse-0.2905, valid_rmse-1.1945, valid_pr-0.7636
epoch-518, train_loss-0.0806, train_rmse-0.2839, valid_rmse-1.2024, valid_pr-0.7616
epoch-519, train_loss-0.0911, train_rmse-0.3018, valid_rmse-1.1945, valid_pr-0.7632
epoch-520, train_loss-0.0803, train_rmse-0.2834, valid_rmse-1.1922, valid_pr-0.7640
epoch-521, train_loss-0.0824, train_rmse-0.2870, valid_rmse-1.1943, valid_pr-0.7639
epoch-522, train_loss-0.0839, train_rmse-0.2896, valid_rmse-1.1942, valid_pr-0.7634
epoch-523, train_loss-0.0767, train_rmse-0.2770, valid_rmse-1.1978, valid_pr-0.7642
epoch-524, train_loss-0.0835, train_rmse-0.2889, valid_rmse-1.2002, valid_pr-0.7639
epoch-525, train_loss-0.0880, train_rmse-0.2967, valid_rmse-1.1988, valid_pr-0.7616
epoch-526, train_loss-0.0834, train_rmse-0.2888, valid_rmse-1.1946, valid_pr-0.7637
epoch-527, train_loss-0.0852, train_rmse-0.2919, valid_rmse-1.1965, valid_pr-0.7628
epoch-528, train_loss-0.0894, train_rmse-0.2989, valid_rmse-1.2008, valid_pr-0.7640
epoch-529, train_loss-0.0785, train_rmse-0.2802, valid_rmse-1.1957, valid_pr-0.7637
epoch-530, train_loss-0.0741, train_rmse-0.2721, valid_rmse-1.1938, valid_pr-0.7635
epoch-531, train_loss-0.0715, train_rmse-0.2674, valid_rmse-1.1912, valid_pr-0.7642
Validation : valid_rmse-1.1912, valid_pr-0.7642, 
test2013_rmse-1.2984, test2013_pr-0.8494, test2016_rmse-1.1598, test2016_pr-0.8553, test2019_rmse-1.3278, test2019_pr-0.6714
epoch-532, train_loss-0.0769, train_rmse-0.2773, valid_rmse-1.1956, valid_pr-0.7632
epoch-533, train_loss-0.0792, train_rmse-0.2814, valid_rmse-1.1959, valid_pr-0.7629
epoch-534, train_loss-0.0888, train_rmse-0.2980, valid_rmse-1.1981, valid_pr-0.7622
epoch-535, train_loss-0.0788, train_rmse-0.2807, valid_rmse-1.1949, valid_pr-0.7635
epoch-536, train_loss-0.0785, train_rmse-0.2801, valid_rmse-1.1966, valid_pr-0.7634
epoch-537, train_loss-0.0832, train_rmse-0.2885, valid_rmse-1.1944, valid_pr-0.7630
epoch-538, train_loss-0.0788, train_rmse-0.2807, valid_rmse-1.1939, valid_pr-0.7635
epoch-539, train_loss-0.0852, train_rmse-0.2919, valid_rmse-1.1993, valid_pr-0.7629
epoch-540, train_loss-0.0754, train_rmse-0.2746, valid_rmse-1.2002, valid_pr-0.7622
epoch-541, train_loss-0.0791, train_rmse-0.2812, valid_rmse-1.1989, valid_pr-0.7635
epoch-542, train_loss-0.0811, train_rmse-0.2849, valid_rmse-1.1964, valid_pr-0.7635
epoch-543, train_loss-0.0849, train_rmse-0.2915, valid_rmse-1.1954, valid_pr-0.7647
epoch-544, train_loss-0.0839, train_rmse-0.2897, valid_rmse-1.1963, valid_pr-0.7629
epoch-545, train_loss-0.0763, train_rmse-0.2762, valid_rmse-1.1915, valid_pr-0.7641
epoch-546, train_loss-0.0745, train_rmse-0.2729, valid_rmse-1.1902, valid_pr-0.7652
Validation : valid_rmse-1.1902, valid_pr-0.7652, 
test2013_rmse-1.3119, test2013_pr-0.8427, test2016_rmse-1.1626, test2016_pr-0.8524, test2019_rmse-1.3290, test2019_pr-0.6723
epoch-547, train_loss-0.0813, train_rmse-0.2851, valid_rmse-1.1906, valid_pr-0.7650
epoch-548, train_loss-0.0842, train_rmse-0.2902, valid_rmse-1.1952, valid_pr-0.7630
epoch-549, train_loss-0.0766, train_rmse-0.2767, valid_rmse-1.2013, valid_pr-0.7614
epoch-550, train_loss-0.0756, train_rmse-0.2750, valid_rmse-1.1979, valid_pr-0.7634
epoch-551, train_loss-0.0700, train_rmse-0.2645, valid_rmse-1.1949, valid_pr-0.7644
epoch-552, train_loss-0.0850, train_rmse-0.2916, valid_rmse-1.1977, valid_pr-0.7650
epoch-553, train_loss-0.0872, train_rmse-0.2953, valid_rmse-1.1935, valid_pr-0.7646
epoch-554, train_loss-0.0725, train_rmse-0.2692, valid_rmse-1.1941, valid_pr-0.7640
epoch-555, train_loss-0.0844, train_rmse-0.2906, valid_rmse-1.2004, valid_pr-0.7633
epoch-556, train_loss-0.0785, train_rmse-0.2803, valid_rmse-1.1946, valid_pr-0.7639
epoch-557, train_loss-0.0889, train_rmse-0.2981, valid_rmse-1.1986, valid_pr-0.7636
epoch-558, train_loss-0.0787, train_rmse-0.2805, valid_rmse-1.1936, valid_pr-0.7649
epoch-559, train_loss-0.0707, train_rmse-0.2659, valid_rmse-1.1984, valid_pr-0.7621
epoch-560, train_loss-0.0846, train_rmse-0.2909, valid_rmse-1.1971, valid_pr-0.7636
epoch-561, train_loss-0.0846, train_rmse-0.2909, valid_rmse-1.1939, valid_pr-0.7650
epoch-562, train_loss-0.0826, train_rmse-0.2875, valid_rmse-1.1960, valid_pr-0.7630
epoch-563, train_loss-0.0776, train_rmse-0.2785, valid_rmse-1.2072, valid_pr-0.7612
epoch-564, train_loss-0.0865, train_rmse-0.2942, valid_rmse-1.1944, valid_pr-0.7629
epoch-565, train_loss-0.0854, train_rmse-0.2923, valid_rmse-1.1988, valid_pr-0.7638
epoch-566, train_loss-0.0790, train_rmse-0.2811, valid_rmse-1.1988, valid_pr-0.7622
epoch-567, train_loss-0.0879, train_rmse-0.2964, valid_rmse-1.2040, valid_pr-0.7606
epoch-568, train_loss-0.0776, train_rmse-0.2786, valid_rmse-1.2014, valid_pr-0.7617
epoch-569, train_loss-0.0796, train_rmse-0.2821, valid_rmse-1.1978, valid_pr-0.7626
epoch-570, train_loss-0.0727, train_rmse-0.2696, valid_rmse-1.1965, valid_pr-0.7631
epoch-571, train_loss-0.0858, train_rmse-0.2929, valid_rmse-1.1889, valid_pr-0.7654
Validation : valid_rmse-1.1889, valid_pr-0.7654, 
test2013_rmse-1.3161, test2013_pr-0.8442, test2016_rmse-1.1682, test2016_pr-0.8532, test2019_rmse-1.3265, test2019_pr-0.6717
epoch-572, train_loss-0.0811, train_rmse-0.2848, valid_rmse-1.1952, valid_pr-0.7632
epoch-573, train_loss-0.0883, train_rmse-0.2972, valid_rmse-1.1997, valid_pr-0.7628
epoch-574, train_loss-0.0810, train_rmse-0.2847, valid_rmse-1.2009, valid_pr-0.7604
epoch-575, train_loss-0.0780, train_rmse-0.2792, valid_rmse-1.1991, valid_pr-0.7625
epoch-576, train_loss-0.0848, train_rmse-0.2912, valid_rmse-1.1998, valid_pr-0.7609
epoch-577, train_loss-0.0818, train_rmse-0.2860, valid_rmse-1.1942, valid_pr-0.7635
epoch-578, train_loss-0.0831, train_rmse-0.2883, valid_rmse-1.1958, valid_pr-0.7630
epoch-579, train_loss-0.0877, train_rmse-0.2962, valid_rmse-1.1969, valid_pr-0.7614
epoch-580, train_loss-0.0772, train_rmse-0.2778, valid_rmse-1.1963, valid_pr-0.7647
epoch-581, train_loss-0.0826, train_rmse-0.2873, valid_rmse-1.2078, valid_pr-0.7632
epoch-582, train_loss-0.0794, train_rmse-0.2818, valid_rmse-1.1949, valid_pr-0.7629
epoch-583, train_loss-0.0841, train_rmse-0.2899, valid_rmse-1.1973, valid_pr-0.7627
epoch-584, train_loss-0.0748, train_rmse-0.2735, valid_rmse-1.1997, valid_pr-0.7620
epoch-585, train_loss-0.0763, train_rmse-0.2763, valid_rmse-1.1999, valid_pr-0.7619
epoch-586, train_loss-0.0827, train_rmse-0.2877, valid_rmse-1.1953, valid_pr-0.7631
epoch-587, train_loss-0.0829, train_rmse-0.2880, valid_rmse-1.1976, valid_pr-0.7625
epoch-588, train_loss-0.0795, train_rmse-0.2820, valid_rmse-1.1979, valid_pr-0.7628
epoch-589, train_loss-0.0768, train_rmse-0.2771, valid_rmse-1.2011, valid_pr-0.7632
epoch-590, train_loss-0.0730, train_rmse-0.2702, valid_rmse-1.1987, valid_pr-0.7638
epoch-591, train_loss-0.0787, train_rmse-0.2805, valid_rmse-1.1984, valid_pr-0.7630
epoch-592, train_loss-0.0796, train_rmse-0.2821, valid_rmse-1.2025, valid_pr-0.7618
epoch-593, train_loss-0.0756, train_rmse-0.2749, valid_rmse-1.1987, valid_pr-0.7625
epoch-594, train_loss-0.0775, train_rmse-0.2784, valid_rmse-1.1950, valid_pr-0.7628
epoch-595, train_loss-0.0777, train_rmse-0.2787, valid_rmse-1.2032, valid_pr-0.7621
epoch-596, train_loss-0.0849, train_rmse-0.2914, valid_rmse-1.1958, valid_pr-0.7627
epoch-597, train_loss-0.0803, train_rmse-0.2833, valid_rmse-1.2006, valid_pr-0.7608
epoch-598, train_loss-0.0860, train_rmse-0.2933, valid_rmse-1.1992, valid_pr-0.7621
epoch-599, train_loss-0.0833, train_rmse-0.2886, valid_rmse-1.1961, valid_pr-0.7622
epoch-600, train_loss-0.0791, train_rmse-0.2812, valid_rmse-1.1977, valid_pr-0.7626
epoch-601, train_loss-0.0795, train_rmse-0.2819, valid_rmse-1.1930, valid_pr-0.7634
epoch-602, train_loss-0.0885, train_rmse-0.2975, valid_rmse-1.1998, valid_pr-0.7619
epoch-603, train_loss-0.0906, train_rmse-0.3010, valid_rmse-1.2023, valid_pr-0.7617
epoch-604, train_loss-0.0900, train_rmse-0.3001, valid_rmse-1.2089, valid_pr-0.7632
epoch-605, train_loss-0.0816, train_rmse-0.2856, valid_rmse-1.2042, valid_pr-0.7605
epoch-606, train_loss-0.0831, train_rmse-0.2883, valid_rmse-1.2012, valid_pr-0.7619
epoch-607, train_loss-0.0854, train_rmse-0.2922, valid_rmse-1.1997, valid_pr-0.7627
epoch-608, train_loss-0.0741, train_rmse-0.2722, valid_rmse-1.1993, valid_pr-0.7619
epoch-609, train_loss-0.0732, train_rmse-0.2705, valid_rmse-1.1973, valid_pr-0.7625
epoch-610, train_loss-0.0798, train_rmse-0.2825, valid_rmse-1.2000, valid_pr-0.7604
epoch-611, train_loss-0.0805, train_rmse-0.2837, valid_rmse-1.1976, valid_pr-0.7636
epoch-612, train_loss-0.0790, train_rmse-0.2810, valid_rmse-1.1994, valid_pr-0.7619
epoch-613, train_loss-0.0789, train_rmse-0.2809, valid_rmse-1.1996, valid_pr-0.7612
epoch-614, train_loss-0.0720, train_rmse-0.2683, valid_rmse-1.1992, valid_pr-0.7608
epoch-615, train_loss-0.0734, train_rmse-0.2710, valid_rmse-1.1953, valid_pr-0.7626
epoch-616, train_loss-0.0828, train_rmse-0.2878, valid_rmse-1.1963, valid_pr-0.7628
epoch-617, train_loss-0.0850, train_rmse-0.2915, valid_rmse-1.2017, valid_pr-0.7600
epoch-618, train_loss-0.0843, train_rmse-0.2904, valid_rmse-1.1969, valid_pr-0.7625
epoch-619, train_loss-0.0810, train_rmse-0.2846, valid_rmse-1.2031, valid_pr-0.7600
epoch-620, train_loss-0.0790, train_rmse-0.2811, valid_rmse-1.1949, valid_pr-0.7631
epoch-621, train_loss-0.0827, train_rmse-0.2876, valid_rmse-1.1968, valid_pr-0.7633
epoch-622, train_loss-0.0749, train_rmse-0.2737, valid_rmse-1.1936, valid_pr-0.7635
epoch-623, train_loss-0.0740, train_rmse-0.2720, valid_rmse-1.1965, valid_pr-0.7635
epoch-624, train_loss-0.0758, train_rmse-0.2753, valid_rmse-1.1960, valid_pr-0.7642
epoch-625, train_loss-0.0703, train_rmse-0.2652, valid_rmse-1.1998, valid_pr-0.7632
epoch-626, train_loss-0.0761, train_rmse-0.2758, valid_rmse-1.1956, valid_pr-0.7640
epoch-627, train_loss-0.0769, train_rmse-0.2773, valid_rmse-1.1947, valid_pr-0.7634
epoch-628, train_loss-0.0706, train_rmse-0.2658, valid_rmse-1.1994, valid_pr-0.7640
epoch-629, train_loss-0.0775, train_rmse-0.2784, valid_rmse-1.1913, valid_pr-0.7646
epoch-630, train_loss-0.0750, train_rmse-0.2739, valid_rmse-1.1930, valid_pr-0.7645
epoch-631, train_loss-0.0733, train_rmse-0.2707, valid_rmse-1.1930, valid_pr-0.7654
epoch-632, train_loss-0.0703, train_rmse-0.2652, valid_rmse-1.1922, valid_pr-0.7639
epoch-633, train_loss-0.0763, train_rmse-0.2762, valid_rmse-1.1926, valid_pr-0.7636
epoch-634, train_loss-0.0744, train_rmse-0.2727, valid_rmse-1.1944, valid_pr-0.7636
epoch-635, train_loss-0.0669, train_rmse-0.2586, valid_rmse-1.1944, valid_pr-0.7632
epoch-636, train_loss-0.0814, train_rmse-0.2853, valid_rmse-1.1964, valid_pr-0.7634
epoch-637, train_loss-0.0759, train_rmse-0.2755, valid_rmse-1.1965, valid_pr-0.7630
epoch-638, train_loss-0.0684, train_rmse-0.2615, valid_rmse-1.1946, valid_pr-0.7630
epoch-639, train_loss-0.0705, train_rmse-0.2656, valid_rmse-1.1932, valid_pr-0.7645
epoch-640, train_loss-0.0747, train_rmse-0.2734, valid_rmse-1.1943, valid_pr-0.7639
epoch-641, train_loss-0.0737, train_rmse-0.2715, valid_rmse-1.1953, valid_pr-0.7628
epoch-642, train_loss-0.0773, train_rmse-0.2780, valid_rmse-1.1962, valid_pr-0.7640
epoch-643, train_loss-0.0760, train_rmse-0.2757, valid_rmse-1.1932, valid_pr-0.7654
epoch-644, train_loss-0.0790, train_rmse-0.2811, valid_rmse-1.1918, valid_pr-0.7645
epoch-645, train_loss-0.0789, train_rmse-0.2808, valid_rmse-1.1950, valid_pr-0.7632
epoch-646, train_loss-0.0786, train_rmse-0.2803, valid_rmse-1.1961, valid_pr-0.7640
epoch-647, train_loss-0.0743, train_rmse-0.2726, valid_rmse-1.1932, valid_pr-0.7637
epoch-648, train_loss-0.0759, train_rmse-0.2755, valid_rmse-1.1966, valid_pr-0.7635
epoch-649, train_loss-0.0658, train_rmse-0.2565, valid_rmse-1.2017, valid_pr-0.7632
epoch-650, train_loss-0.0738, train_rmse-0.2717, valid_rmse-1.1960, valid_pr-0.7632
epoch-651, train_loss-0.0769, train_rmse-0.2773, valid_rmse-1.2045, valid_pr-0.7627
epoch-652, train_loss-0.0714, train_rmse-0.2672, valid_rmse-1.1932, valid_pr-0.7640
epoch-653, train_loss-0.0704, train_rmse-0.2653, valid_rmse-1.1979, valid_pr-0.7630
epoch-654, train_loss-0.0755, train_rmse-0.2747, valid_rmse-1.1932, valid_pr-0.7637
epoch-655, train_loss-0.0751, train_rmse-0.2740, valid_rmse-1.1972, valid_pr-0.7630
epoch-656, train_loss-0.0745, train_rmse-0.2730, valid_rmse-1.1934, valid_pr-0.7641
epoch-657, train_loss-0.0810, train_rmse-0.2846, valid_rmse-1.1950, valid_pr-0.7641
epoch-658, train_loss-0.0738, train_rmse-0.2717, valid_rmse-1.1944, valid_pr-0.7631
epoch-659, train_loss-0.0739, train_rmse-0.2718, valid_rmse-1.1989, valid_pr-0.7615
epoch-660, train_loss-0.0761, train_rmse-0.2759, valid_rmse-1.2017, valid_pr-0.7623
epoch-661, train_loss-0.0684, train_rmse-0.2615, valid_rmse-1.1958, valid_pr-0.7631
epoch-662, train_loss-0.0796, train_rmse-0.2821, valid_rmse-1.1994, valid_pr-0.7629
epoch-663, train_loss-0.0717, train_rmse-0.2677, valid_rmse-1.1967, valid_pr-0.7630
epoch-664, train_loss-0.0746, train_rmse-0.2731, valid_rmse-1.1954, valid_pr-0.7632
epoch-665, train_loss-0.0769, train_rmse-0.2773, valid_rmse-1.1958, valid_pr-0.7630
epoch-666, train_loss-0.0686, train_rmse-0.2618, valid_rmse-1.2000, valid_pr-0.7628
epoch-667, train_loss-0.0731, train_rmse-0.2704, valid_rmse-1.1970, valid_pr-0.7638
epoch-668, train_loss-0.0669, train_rmse-0.2587, valid_rmse-1.1958, valid_pr-0.7640
epoch-669, train_loss-0.0703, train_rmse-0.2652, valid_rmse-1.1950, valid_pr-0.7635
epoch-670, train_loss-0.0768, train_rmse-0.2771, valid_rmse-1.1990, valid_pr-0.7635
epoch-671, train_loss-0.0731, train_rmse-0.2703, valid_rmse-1.1975, valid_pr-0.7637
epoch-672, train_loss-0.0676, train_rmse-0.2600, valid_rmse-1.1998, valid_pr-0.7634
early stop in epoch 672
best_rmse: 1.1889
valid_rmse-1.1889, valid_pr-0.7654, test2013_rmse-1.3161, test2013_pr-0.8442, test2016_rmse-1.1682, test2016_pr-0.8532, test2019_rmse-1.3265, test2019_pr-0.6717
