ASD, lr=0.001, seed=247
train_ASD.py
train data: 11904
valid data: 1000
test2013 data: 107
test2016 data: 285
test2019 data: 4366
GIGN params # : 42663002
epoch-0, train_loss-5.4822, train_rmse-2.3414, valid_rmse-1.8132, valid_pr-0.3392
Validation : valid_rmse-1.8132, valid_pr-0.3392, 
test2013_rmse-2.3097, test2013_pr-0.2193, test2016_rmse-2.1091, test2016_pr-0.3007, test2019_rmse-1.8158, test2019_pr-0.2810
epoch-1, train_loss-3.2723, train_rmse-1.8090, valid_rmse-1.7287, valid_pr-0.3866
Validation : valid_rmse-1.7287, valid_pr-0.3866, 
test2013_rmse-2.1420, test2013_pr-0.3870, test2016_rmse-1.9744, test2016_pr-0.4169, test2019_rmse-1.7437, test2019_pr-0.3137
epoch-2, train_loss-3.0592, train_rmse-1.7490, valid_rmse-1.7782, valid_pr-0.3678
epoch-3, train_loss-2.8940, train_rmse-1.7012, valid_rmse-1.7184, valid_pr-0.4396
Validation : valid_rmse-1.7184, valid_pr-0.4396, 
test2013_rmse-2.1339, test2013_pr-0.4307, test2016_rmse-1.9289, test2016_pr-0.4752, test2019_rmse-1.7391, test2019_pr-0.3723
epoch-4, train_loss-2.8549, train_rmse-1.6897, valid_rmse-1.6838, valid_pr-0.4287
Validation : valid_rmse-1.6838, valid_pr-0.4287, 
test2013_rmse-1.9997, test2013_pr-0.5238, test2016_rmse-1.7710, test2016_pr-0.6084, test2019_rmse-1.6503, test2019_pr-0.3920
epoch-5, train_loss-2.8163, train_rmse-1.6782, valid_rmse-1.7030, valid_pr-0.4302
epoch-6, train_loss-2.6542, train_rmse-1.6292, valid_rmse-1.7199, valid_pr-0.4394
epoch-7, train_loss-2.5487, train_rmse-1.5965, valid_rmse-1.7418, valid_pr-0.4660
epoch-8, train_loss-2.4783, train_rmse-1.5742, valid_rmse-1.7029, valid_pr-0.4658
epoch-9, train_loss-2.4590, train_rmse-1.5681, valid_rmse-1.6836, valid_pr-0.4983
Validation : valid_rmse-1.6836, valid_pr-0.4983, 
test2013_rmse-1.8194, test2013_pr-0.6465, test2016_rmse-1.7290, test2016_pr-0.6366, test2019_rmse-1.7010, test2019_pr-0.4540
epoch-10, train_loss-2.3656, train_rmse-1.5381, valid_rmse-1.6198, valid_pr-0.5017
Validation : valid_rmse-1.6198, valid_pr-0.5017, 
test2013_rmse-1.8733, test2013_pr-0.6216, test2016_rmse-1.7224, test2016_pr-0.6289, test2019_rmse-1.6169, test2019_pr-0.4421
epoch-11, train_loss-2.3775, train_rmse-1.5419, valid_rmse-1.6022, valid_pr-0.5232
Validation : valid_rmse-1.6022, valid_pr-0.5232, 
test2013_rmse-1.9073, test2013_pr-0.5823, test2016_rmse-1.7350, test2016_pr-0.6057, test2019_rmse-1.6714, test2019_pr-0.4317
epoch-12, train_loss-2.3124, train_rmse-1.5207, valid_rmse-1.6042, valid_pr-0.5060
epoch-13, train_loss-2.2375, train_rmse-1.4958, valid_rmse-1.5955, valid_pr-0.5249
Validation : valid_rmse-1.5955, valid_pr-0.5249, 
test2013_rmse-1.8903, test2013_pr-0.5940, test2016_rmse-1.7178, test2016_pr-0.6215, test2019_rmse-1.6194, test2019_pr-0.4616
epoch-14, train_loss-2.2318, train_rmse-1.4939, valid_rmse-1.6206, valid_pr-0.5078
epoch-15, train_loss-2.1575, train_rmse-1.4689, valid_rmse-1.5221, valid_pr-0.5736
Validation : valid_rmse-1.5221, valid_pr-0.5736, 
test2013_rmse-1.9069, test2013_pr-0.5825, test2016_rmse-1.6921, test2016_pr-0.6389, test2019_rmse-1.5512, test2019_pr-0.5048
epoch-16, train_loss-2.2106, train_rmse-1.4868, valid_rmse-1.5388, valid_pr-0.5582
epoch-17, train_loss-2.1337, train_rmse-1.4607, valid_rmse-1.6015, valid_pr-0.5456
epoch-18, train_loss-2.1283, train_rmse-1.4589, valid_rmse-1.5143, valid_pr-0.5778
Validation : valid_rmse-1.5143, valid_pr-0.5778, 
test2013_rmse-1.8372, test2013_pr-0.6230, test2016_rmse-1.7069, test2016_pr-0.6242, test2019_rmse-1.5831, test2019_pr-0.4776
epoch-19, train_loss-2.0252, train_rmse-1.4231, valid_rmse-1.5281, valid_pr-0.5746
epoch-20, train_loss-2.0608, train_rmse-1.4356, valid_rmse-1.5573, valid_pr-0.5527
epoch-21, train_loss-2.0425, train_rmse-1.4292, valid_rmse-1.5380, valid_pr-0.5642
epoch-22, train_loss-1.9790, train_rmse-1.4068, valid_rmse-1.5602, valid_pr-0.5842
epoch-23, train_loss-1.9186, train_rmse-1.3851, valid_rmse-1.6216, valid_pr-0.5641
epoch-24, train_loss-1.9139, train_rmse-1.3834, valid_rmse-1.4807, valid_pr-0.6032
Validation : valid_rmse-1.4807, valid_pr-0.6032, 
test2013_rmse-1.6221, test2013_pr-0.7426, test2016_rmse-1.4903, test2016_pr-0.7467, test2019_rmse-1.5708, test2019_pr-0.4941
epoch-25, train_loss-1.8459, train_rmse-1.3586, valid_rmse-1.4976, valid_pr-0.5938
epoch-26, train_loss-1.8812, train_rmse-1.3716, valid_rmse-1.4875, valid_pr-0.5986
epoch-27, train_loss-1.8508, train_rmse-1.3604, valid_rmse-1.4946, valid_pr-0.5951
epoch-28, train_loss-1.8402, train_rmse-1.3565, valid_rmse-1.5043, valid_pr-0.6143
epoch-29, train_loss-1.7939, train_rmse-1.3394, valid_rmse-1.5700, valid_pr-0.6200
epoch-30, train_loss-1.8034, train_rmse-1.3429, valid_rmse-1.4532, valid_pr-0.6231
Validation : valid_rmse-1.4532, valid_pr-0.6231, 
test2013_rmse-1.7405, test2013_pr-0.6668, test2016_rmse-1.5903, test2016_pr-0.6806, test2019_rmse-1.5421, test2019_pr-0.5300
epoch-31, train_loss-1.7041, train_rmse-1.3054, valid_rmse-1.4501, valid_pr-0.6387
Validation : valid_rmse-1.4501, valid_pr-0.6387, 
test2013_rmse-1.7920, test2013_pr-0.6404, test2016_rmse-1.5716, test2016_pr-0.6969, test2019_rmse-1.5929, test2019_pr-0.5115
epoch-32, train_loss-1.7532, train_rmse-1.3241, valid_rmse-1.4967, valid_pr-0.5996
epoch-33, train_loss-1.6545, train_rmse-1.2863, valid_rmse-1.4756, valid_pr-0.6295
epoch-34, train_loss-1.6623, train_rmse-1.2893, valid_rmse-1.4723, valid_pr-0.6231
epoch-35, train_loss-1.6450, train_rmse-1.2826, valid_rmse-1.6202, valid_pr-0.6029
epoch-36, train_loss-1.6758, train_rmse-1.2945, valid_rmse-1.5021, valid_pr-0.5947
epoch-37, train_loss-1.6691, train_rmse-1.2920, valid_rmse-1.4532, valid_pr-0.6275
epoch-38, train_loss-1.5897, train_rmse-1.2609, valid_rmse-1.4618, valid_pr-0.6263
epoch-39, train_loss-1.5330, train_rmse-1.2381, valid_rmse-1.4961, valid_pr-0.6078
epoch-40, train_loss-1.5816, train_rmse-1.2576, valid_rmse-1.4221, valid_pr-0.6466
Validation : valid_rmse-1.4221, valid_pr-0.6466, 
test2013_rmse-1.7258, test2013_pr-0.6743, test2016_rmse-1.5630, test2016_pr-0.6952, test2019_rmse-1.5449, test2019_pr-0.5418
epoch-41, train_loss-1.4749, train_rmse-1.2145, valid_rmse-1.4446, valid_pr-0.6491
epoch-42, train_loss-1.5361, train_rmse-1.2394, valid_rmse-1.4241, valid_pr-0.6424
epoch-43, train_loss-1.4945, train_rmse-1.2225, valid_rmse-1.4400, valid_pr-0.6490
epoch-44, train_loss-1.5047, train_rmse-1.2267, valid_rmse-1.4610, valid_pr-0.6299
epoch-45, train_loss-1.4546, train_rmse-1.2061, valid_rmse-1.4624, valid_pr-0.6228
epoch-46, train_loss-1.4001, train_rmse-1.1833, valid_rmse-1.4484, valid_pr-0.6363
epoch-47, train_loss-1.4097, train_rmse-1.1873, valid_rmse-1.4946, valid_pr-0.6398
epoch-48, train_loss-1.3972, train_rmse-1.1820, valid_rmse-1.4456, valid_pr-0.6385
epoch-49, train_loss-1.4093, train_rmse-1.1871, valid_rmse-1.4665, valid_pr-0.6566
epoch-50, train_loss-1.3110, train_rmse-1.1450, valid_rmse-1.4286, valid_pr-0.6541
epoch-51, train_loss-1.3650, train_rmse-1.1683, valid_rmse-1.3969, valid_pr-0.6637
Validation : valid_rmse-1.3969, valid_pr-0.6637, 
test2013_rmse-1.7066, test2013_pr-0.6844, test2016_rmse-1.5576, test2016_pr-0.6989, test2019_rmse-1.5402, test2019_pr-0.5468
epoch-52, train_loss-1.3328, train_rmse-1.1544, valid_rmse-1.4072, valid_pr-0.6574
epoch-53, train_loss-1.3092, train_rmse-1.1442, valid_rmse-1.4230, valid_pr-0.6541
epoch-54, train_loss-1.3190, train_rmse-1.1485, valid_rmse-1.4030, valid_pr-0.6645
epoch-55, train_loss-1.2720, train_rmse-1.1278, valid_rmse-1.4182, valid_pr-0.6720
epoch-56, train_loss-1.2860, train_rmse-1.1340, valid_rmse-1.5319, valid_pr-0.6352
epoch-57, train_loss-1.2556, train_rmse-1.1205, valid_rmse-1.4350, valid_pr-0.6447
epoch-58, train_loss-1.2248, train_rmse-1.1067, valid_rmse-1.4265, valid_pr-0.6508
epoch-59, train_loss-1.2687, train_rmse-1.1263, valid_rmse-1.4332, valid_pr-0.6467
epoch-60, train_loss-1.2347, train_rmse-1.1112, valid_rmse-1.4966, valid_pr-0.6235
epoch-61, train_loss-1.2287, train_rmse-1.1085, valid_rmse-1.3679, valid_pr-0.6894
Validation : valid_rmse-1.3679, valid_pr-0.6894, 
test2013_rmse-1.7069, test2013_pr-0.7049, test2016_rmse-1.5373, test2016_pr-0.7191, test2019_rmse-1.5040, test2019_pr-0.5677
epoch-62, train_loss-1.2101, train_rmse-1.1001, valid_rmse-1.4096, valid_pr-0.6630
epoch-63, train_loss-1.2050, train_rmse-1.0977, valid_rmse-1.4042, valid_pr-0.6692
epoch-64, train_loss-1.1576, train_rmse-1.0759, valid_rmse-1.4729, valid_pr-0.6573
epoch-65, train_loss-1.1727, train_rmse-1.0829, valid_rmse-1.5018, valid_pr-0.6472
epoch-66, train_loss-1.1328, train_rmse-1.0643, valid_rmse-1.4176, valid_pr-0.6580
epoch-67, train_loss-1.1179, train_rmse-1.0573, valid_rmse-1.4118, valid_pr-0.6656
epoch-68, train_loss-1.1009, train_rmse-1.0492, valid_rmse-1.3963, valid_pr-0.6659
epoch-69, train_loss-1.0944, train_rmse-1.0462, valid_rmse-1.4157, valid_pr-0.6508
epoch-70, train_loss-1.0930, train_rmse-1.0454, valid_rmse-1.4373, valid_pr-0.6446
epoch-71, train_loss-1.0993, train_rmse-1.0485, valid_rmse-1.3989, valid_pr-0.6748
epoch-72, train_loss-1.1002, train_rmse-1.0489, valid_rmse-1.4291, valid_pr-0.6589
epoch-73, train_loss-1.0630, train_rmse-1.0310, valid_rmse-1.4059, valid_pr-0.6640
epoch-74, train_loss-1.0685, train_rmse-1.0337, valid_rmse-1.4073, valid_pr-0.6686
epoch-75, train_loss-1.0485, train_rmse-1.0239, valid_rmse-1.4255, valid_pr-0.6584
epoch-76, train_loss-1.0343, train_rmse-1.0170, valid_rmse-1.4006, valid_pr-0.6610
epoch-77, train_loss-0.9848, train_rmse-0.9924, valid_rmse-1.4110, valid_pr-0.6679
epoch-78, train_loss-1.0167, train_rmse-1.0083, valid_rmse-1.4085, valid_pr-0.6588
epoch-79, train_loss-0.9702, train_rmse-0.9850, valid_rmse-1.4041, valid_pr-0.6641
epoch-80, train_loss-1.0005, train_rmse-1.0003, valid_rmse-1.4051, valid_pr-0.6736
epoch-81, train_loss-0.9798, train_rmse-0.9898, valid_rmse-1.4148, valid_pr-0.6667
epoch-82, train_loss-0.9314, train_rmse-0.9651, valid_rmse-1.4166, valid_pr-0.6634
epoch-83, train_loss-0.9210, train_rmse-0.9597, valid_rmse-1.4955, valid_pr-0.6554
epoch-84, train_loss-0.9469, train_rmse-0.9731, valid_rmse-1.3874, valid_pr-0.6745
epoch-85, train_loss-0.9120, train_rmse-0.9550, valid_rmse-1.3670, valid_pr-0.6862
Validation : valid_rmse-1.3670, valid_pr-0.6862, 
test2013_rmse-1.7630, test2013_pr-0.6563, test2016_rmse-1.6123, test2016_pr-0.6715, test2019_rmse-1.5486, test2019_pr-0.5603
epoch-86, train_loss-0.8775, train_rmse-0.9368, valid_rmse-1.3725, valid_pr-0.6804
epoch-87, train_loss-0.9250, train_rmse-0.9618, valid_rmse-1.4057, valid_pr-0.6670
epoch-88, train_loss-0.8969, train_rmse-0.9470, valid_rmse-1.3938, valid_pr-0.6770
epoch-89, train_loss-0.8941, train_rmse-0.9456, valid_rmse-1.3774, valid_pr-0.6876
epoch-90, train_loss-0.9247, train_rmse-0.9616, valid_rmse-1.3539, valid_pr-0.6993
Validation : valid_rmse-1.3539, valid_pr-0.6993, 
test2013_rmse-1.7637, test2013_pr-0.6547, test2016_rmse-1.5842, test2016_pr-0.6881, test2019_rmse-1.5550, test2019_pr-0.5621
epoch-91, train_loss-0.9069, train_rmse-0.9523, valid_rmse-1.4552, valid_pr-0.6686
epoch-92, train_loss-0.8616, train_rmse-0.9282, valid_rmse-1.3952, valid_pr-0.6889
epoch-93, train_loss-0.8579, train_rmse-0.9262, valid_rmse-1.4241, valid_pr-0.6561
epoch-94, train_loss-0.8365, train_rmse-0.9146, valid_rmse-1.4080, valid_pr-0.6766
epoch-95, train_loss-0.8420, train_rmse-0.9176, valid_rmse-1.3705, valid_pr-0.6921
epoch-96, train_loss-0.8362, train_rmse-0.9145, valid_rmse-1.3734, valid_pr-0.6828
epoch-97, train_loss-0.8528, train_rmse-0.9235, valid_rmse-1.3681, valid_pr-0.6908
epoch-98, train_loss-0.8267, train_rmse-0.9092, valid_rmse-1.3843, valid_pr-0.6768
epoch-99, train_loss-0.8136, train_rmse-0.9020, valid_rmse-1.3903, valid_pr-0.6761
epoch-100, train_loss-0.8301, train_rmse-0.9111, valid_rmse-1.3866, valid_pr-0.6825
epoch-101, train_loss-0.8163, train_rmse-0.9035, valid_rmse-1.3706, valid_pr-0.6877
epoch-102, train_loss-0.8301, train_rmse-0.9111, valid_rmse-1.3562, valid_pr-0.6946
epoch-103, train_loss-0.7486, train_rmse-0.8652, valid_rmse-1.3585, valid_pr-0.6938
epoch-104, train_loss-0.7182, train_rmse-0.8475, valid_rmse-1.4287, valid_pr-0.6603
epoch-105, train_loss-0.7466, train_rmse-0.8641, valid_rmse-1.4351, valid_pr-0.6496
epoch-106, train_loss-0.7481, train_rmse-0.8649, valid_rmse-1.3569, valid_pr-0.7032
epoch-107, train_loss-0.7147, train_rmse-0.8454, valid_rmse-1.4112, valid_pr-0.6875
epoch-108, train_loss-0.7319, train_rmse-0.8555, valid_rmse-1.3268, valid_pr-0.7058
Validation : valid_rmse-1.3268, valid_pr-0.7058, 
test2013_rmse-1.6143, test2013_pr-0.7222, test2016_rmse-1.5220, test2016_pr-0.7136, test2019_rmse-1.5434, test2019_pr-0.5588
epoch-109, train_loss-0.7088, train_rmse-0.8419, valid_rmse-1.3960, valid_pr-0.6672
epoch-110, train_loss-0.7293, train_rmse-0.8540, valid_rmse-1.3946, valid_pr-0.6686
epoch-111, train_loss-0.7241, train_rmse-0.8510, valid_rmse-1.3784, valid_pr-0.6916
epoch-112, train_loss-0.7105, train_rmse-0.8429, valid_rmse-1.4014, valid_pr-0.6667
epoch-113, train_loss-0.6919, train_rmse-0.8318, valid_rmse-1.3703, valid_pr-0.6860
epoch-114, train_loss-0.6417, train_rmse-0.8011, valid_rmse-1.3596, valid_pr-0.6982
epoch-115, train_loss-0.6432, train_rmse-0.8020, valid_rmse-1.4052, valid_pr-0.6783
epoch-116, train_loss-0.6441, train_rmse-0.8026, valid_rmse-1.4110, valid_pr-0.6975
epoch-117, train_loss-0.6666, train_rmse-0.8165, valid_rmse-1.3726, valid_pr-0.6883
epoch-118, train_loss-0.6847, train_rmse-0.8274, valid_rmse-1.3804, valid_pr-0.6882
epoch-119, train_loss-0.6778, train_rmse-0.8233, valid_rmse-1.3709, valid_pr-0.6884
epoch-120, train_loss-0.6465, train_rmse-0.8041, valid_rmse-1.4061, valid_pr-0.6709
epoch-121, train_loss-0.6240, train_rmse-0.7899, valid_rmse-1.3807, valid_pr-0.6873
epoch-122, train_loss-0.6055, train_rmse-0.7781, valid_rmse-1.3578, valid_pr-0.6926
epoch-123, train_loss-0.6166, train_rmse-0.7852, valid_rmse-1.3636, valid_pr-0.6989
epoch-124, train_loss-0.6466, train_rmse-0.8041, valid_rmse-1.3977, valid_pr-0.6901
epoch-125, train_loss-0.6064, train_rmse-0.7787, valid_rmse-1.3361, valid_pr-0.7050
epoch-126, train_loss-0.6161, train_rmse-0.7849, valid_rmse-1.3671, valid_pr-0.6971
epoch-127, train_loss-0.6201, train_rmse-0.7874, valid_rmse-1.3965, valid_pr-0.6829
epoch-128, train_loss-0.5948, train_rmse-0.7713, valid_rmse-1.4024, valid_pr-0.6652
epoch-129, train_loss-0.6232, train_rmse-0.7894, valid_rmse-1.3625, valid_pr-0.6965
epoch-130, train_loss-0.5844, train_rmse-0.7645, valid_rmse-1.4241, valid_pr-0.6617
epoch-131, train_loss-0.6118, train_rmse-0.7822, valid_rmse-1.3879, valid_pr-0.6876
epoch-132, train_loss-0.5982, train_rmse-0.7734, valid_rmse-1.3831, valid_pr-0.6880
epoch-133, train_loss-0.5708, train_rmse-0.7555, valid_rmse-1.3576, valid_pr-0.6934
epoch-134, train_loss-0.5659, train_rmse-0.7523, valid_rmse-1.3434, valid_pr-0.7009
epoch-135, train_loss-0.5546, train_rmse-0.7447, valid_rmse-1.3941, valid_pr-0.6817
epoch-136, train_loss-0.5822, train_rmse-0.7630, valid_rmse-1.3937, valid_pr-0.6848
epoch-137, train_loss-0.5834, train_rmse-0.7638, valid_rmse-1.3841, valid_pr-0.6803
epoch-138, train_loss-0.5586, train_rmse-0.7474, valid_rmse-1.3765, valid_pr-0.6828
epoch-139, train_loss-0.5689, train_rmse-0.7542, valid_rmse-1.3757, valid_pr-0.6851
epoch-140, train_loss-0.6193, train_rmse-0.7870, valid_rmse-1.4146, valid_pr-0.6643
epoch-141, train_loss-0.5598, train_rmse-0.7482, valid_rmse-1.3447, valid_pr-0.7078
epoch-142, train_loss-0.5390, train_rmse-0.7341, valid_rmse-1.3613, valid_pr-0.6906
epoch-143, train_loss-0.5343, train_rmse-0.7310, valid_rmse-1.3486, valid_pr-0.7072
epoch-144, train_loss-0.5569, train_rmse-0.7463, valid_rmse-1.4021, valid_pr-0.6750
epoch-145, train_loss-0.4979, train_rmse-0.7056, valid_rmse-1.3766, valid_pr-0.6810
epoch-146, train_loss-0.5080, train_rmse-0.7127, valid_rmse-1.3811, valid_pr-0.6893
epoch-147, train_loss-0.4865, train_rmse-0.6975, valid_rmse-1.3673, valid_pr-0.6913
epoch-148, train_loss-0.4787, train_rmse-0.6918, valid_rmse-1.3428, valid_pr-0.7026
epoch-149, train_loss-0.4681, train_rmse-0.6842, valid_rmse-1.3225, valid_pr-0.7098
Validation : valid_rmse-1.3225, valid_pr-0.7098, 
test2013_rmse-1.6936, test2013_pr-0.6891, test2016_rmse-1.5022, test2016_pr-0.7226, test2019_rmse-1.5328, test2019_pr-0.5668
epoch-150, train_loss-0.5037, train_rmse-0.7097, valid_rmse-1.3398, valid_pr-0.7039
epoch-151, train_loss-0.4939, train_rmse-0.7027, valid_rmse-1.3426, valid_pr-0.7013
epoch-152, train_loss-0.4907, train_rmse-0.7005, valid_rmse-1.3829, valid_pr-0.6887
epoch-153, train_loss-0.4736, train_rmse-0.6882, valid_rmse-1.3639, valid_pr-0.6898
epoch-154, train_loss-0.4615, train_rmse-0.6794, valid_rmse-1.3852, valid_pr-0.6784
epoch-155, train_loss-0.4725, train_rmse-0.6874, valid_rmse-1.3759, valid_pr-0.6872
epoch-156, train_loss-0.4454, train_rmse-0.6674, valid_rmse-1.3634, valid_pr-0.6977
epoch-157, train_loss-0.4576, train_rmse-0.6765, valid_rmse-1.3403, valid_pr-0.7027
epoch-158, train_loss-0.4584, train_rmse-0.6771, valid_rmse-1.3771, valid_pr-0.6852
epoch-159, train_loss-0.4662, train_rmse-0.6828, valid_rmse-1.3693, valid_pr-0.6973
epoch-160, train_loss-0.4552, train_rmse-0.6747, valid_rmse-1.3728, valid_pr-0.6951
epoch-161, train_loss-0.4788, train_rmse-0.6919, valid_rmse-1.3207, valid_pr-0.7205
Validation : valid_rmse-1.3207, valid_pr-0.7205, 
test2013_rmse-1.6941, test2013_pr-0.6923, test2016_rmse-1.5250, test2016_pr-0.7192, test2019_rmse-1.5676, test2019_pr-0.5678
epoch-162, train_loss-0.4513, train_rmse-0.6718, valid_rmse-1.3873, valid_pr-0.6905
epoch-163, train_loss-0.4581, train_rmse-0.6769, valid_rmse-1.3622, valid_pr-0.6897
epoch-164, train_loss-0.4344, train_rmse-0.6591, valid_rmse-1.3746, valid_pr-0.6861
epoch-165, train_loss-0.4220, train_rmse-0.6496, valid_rmse-1.3577, valid_pr-0.6996
epoch-166, train_loss-0.4472, train_rmse-0.6687, valid_rmse-1.3894, valid_pr-0.6889
epoch-167, train_loss-0.4441, train_rmse-0.6664, valid_rmse-1.3229, valid_pr-0.7099
epoch-168, train_loss-0.4332, train_rmse-0.6582, valid_rmse-1.3503, valid_pr-0.7135
epoch-169, train_loss-0.4295, train_rmse-0.6553, valid_rmse-1.3507, valid_pr-0.6919
epoch-170, train_loss-0.4323, train_rmse-0.6575, valid_rmse-1.3393, valid_pr-0.7057
epoch-171, train_loss-0.4638, train_rmse-0.6810, valid_rmse-1.3354, valid_pr-0.7125
epoch-172, train_loss-0.4221, train_rmse-0.6497, valid_rmse-1.4021, valid_pr-0.6934
epoch-173, train_loss-0.4302, train_rmse-0.6559, valid_rmse-1.3366, valid_pr-0.7034
epoch-174, train_loss-0.4007, train_rmse-0.6330, valid_rmse-1.3845, valid_pr-0.6799
epoch-175, train_loss-0.3757, train_rmse-0.6130, valid_rmse-1.3529, valid_pr-0.6984
epoch-176, train_loss-0.3902, train_rmse-0.6247, valid_rmse-1.3460, valid_pr-0.7127
epoch-177, train_loss-0.3668, train_rmse-0.6057, valid_rmse-1.4034, valid_pr-0.6747
epoch-178, train_loss-0.3791, train_rmse-0.6157, valid_rmse-1.3863, valid_pr-0.6897
epoch-179, train_loss-0.3863, train_rmse-0.6215, valid_rmse-1.3503, valid_pr-0.6979
epoch-180, train_loss-0.3716, train_rmse-0.6096, valid_rmse-1.3510, valid_pr-0.7006
epoch-181, train_loss-0.3853, train_rmse-0.6207, valid_rmse-1.3433, valid_pr-0.7024
epoch-182, train_loss-0.4001, train_rmse-0.6325, valid_rmse-1.3387, valid_pr-0.7032
epoch-183, train_loss-0.4015, train_rmse-0.6336, valid_rmse-1.3728, valid_pr-0.6769
epoch-184, train_loss-0.3866, train_rmse-0.6218, valid_rmse-1.3639, valid_pr-0.6980
epoch-185, train_loss-0.4007, train_rmse-0.6330, valid_rmse-1.3513, valid_pr-0.6945
epoch-186, train_loss-0.3900, train_rmse-0.6245, valid_rmse-1.3381, valid_pr-0.7066
epoch-187, train_loss-0.3719, train_rmse-0.6099, valid_rmse-1.3636, valid_pr-0.6928
epoch-188, train_loss-0.3573, train_rmse-0.5978, valid_rmse-1.3810, valid_pr-0.6839
epoch-189, train_loss-0.3763, train_rmse-0.6134, valid_rmse-1.3669, valid_pr-0.6915
epoch-190, train_loss-0.3662, train_rmse-0.6052, valid_rmse-1.3435, valid_pr-0.6986
epoch-191, train_loss-0.3737, train_rmse-0.6113, valid_rmse-1.3645, valid_pr-0.6895
epoch-192, train_loss-0.3622, train_rmse-0.6019, valid_rmse-1.3457, valid_pr-0.6995
epoch-193, train_loss-0.4066, train_rmse-0.6376, valid_rmse-1.3822, valid_pr-0.6856
epoch-194, train_loss-0.3855, train_rmse-0.6209, valid_rmse-1.3389, valid_pr-0.6980
epoch-195, train_loss-0.3340, train_rmse-0.5779, valid_rmse-1.3420, valid_pr-0.7019
epoch-196, train_loss-0.3209, train_rmse-0.5665, valid_rmse-1.3855, valid_pr-0.6903
epoch-197, train_loss-0.3592, train_rmse-0.5993, valid_rmse-1.3146, valid_pr-0.7152
Validation : valid_rmse-1.3146, valid_pr-0.7152, 
test2013_rmse-1.5552, test2013_pr-0.7492, test2016_rmse-1.4865, test2016_pr-0.7326, test2019_rmse-1.5235, test2019_pr-0.5713
epoch-198, train_loss-0.3557, train_rmse-0.5964, valid_rmse-1.3478, valid_pr-0.6988
epoch-199, train_loss-0.3481, train_rmse-0.5900, valid_rmse-1.3532, valid_pr-0.7005
epoch-200, train_loss-0.3221, train_rmse-0.5676, valid_rmse-1.3090, valid_pr-0.7197
Validation : valid_rmse-1.3090, valid_pr-0.7197, 
test2013_rmse-1.5100, test2013_pr-0.7709, test2016_rmse-1.3993, test2016_pr-0.7659, test2019_rmse-1.5277, test2019_pr-0.5745
epoch-201, train_loss-0.3378, train_rmse-0.5812, valid_rmse-1.3946, valid_pr-0.6871
epoch-202, train_loss-0.3590, train_rmse-0.5992, valid_rmse-1.3949, valid_pr-0.6850
epoch-203, train_loss-0.3644, train_rmse-0.6036, valid_rmse-1.3375, valid_pr-0.7068
epoch-204, train_loss-0.3498, train_rmse-0.5914, valid_rmse-1.3683, valid_pr-0.6953
epoch-205, train_loss-0.3701, train_rmse-0.6084, valid_rmse-1.3615, valid_pr-0.7078
epoch-206, train_loss-0.3488, train_rmse-0.5906, valid_rmse-1.3179, valid_pr-0.7142
epoch-207, train_loss-0.3278, train_rmse-0.5725, valid_rmse-1.3446, valid_pr-0.7148
epoch-208, train_loss-0.3227, train_rmse-0.5681, valid_rmse-1.3241, valid_pr-0.7124
epoch-209, train_loss-0.2896, train_rmse-0.5382, valid_rmse-1.3811, valid_pr-0.7037
epoch-210, train_loss-0.3451, train_rmse-0.5874, valid_rmse-1.3467, valid_pr-0.7011
epoch-211, train_loss-0.3347, train_rmse-0.5786, valid_rmse-1.3432, valid_pr-0.7152
epoch-212, train_loss-0.3125, train_rmse-0.5590, valid_rmse-1.3382, valid_pr-0.7105
epoch-213, train_loss-0.2840, train_rmse-0.5329, valid_rmse-1.3087, valid_pr-0.7230
Validation : valid_rmse-1.3087, valid_pr-0.7230, 
test2013_rmse-1.4739, test2013_pr-0.7838, test2016_rmse-1.4262, test2016_pr-0.7541, test2019_rmse-1.5426, test2019_pr-0.5725
epoch-214, train_loss-0.2848, train_rmse-0.5336, valid_rmse-1.3570, valid_pr-0.6971
epoch-215, train_loss-0.2904, train_rmse-0.5389, valid_rmse-1.3742, valid_pr-0.6960
epoch-216, train_loss-0.2994, train_rmse-0.5472, valid_rmse-1.3715, valid_pr-0.6933
epoch-217, train_loss-0.3015, train_rmse-0.5491, valid_rmse-1.3697, valid_pr-0.6937
epoch-218, train_loss-0.3272, train_rmse-0.5720, valid_rmse-1.3566, valid_pr-0.7036
epoch-219, train_loss-0.3235, train_rmse-0.5688, valid_rmse-1.3365, valid_pr-0.7077
epoch-220, train_loss-0.3026, train_rmse-0.5501, valid_rmse-1.3078, valid_pr-0.7211
Validation : valid_rmse-1.3078, valid_pr-0.7211, 
test2013_rmse-1.5199, test2013_pr-0.7649, test2016_rmse-1.4280, test2016_pr-0.7541, test2019_rmse-1.5552, test2019_pr-0.5631
epoch-221, train_loss-0.2902, train_rmse-0.5387, valid_rmse-1.3567, valid_pr-0.6991
epoch-222, train_loss-0.2798, train_rmse-0.5290, valid_rmse-1.3090, valid_pr-0.7223
epoch-223, train_loss-0.2749, train_rmse-0.5243, valid_rmse-1.3392, valid_pr-0.7045
epoch-224, train_loss-0.2926, train_rmse-0.5409, valid_rmse-1.3328, valid_pr-0.7119
epoch-225, train_loss-0.2992, train_rmse-0.5470, valid_rmse-1.3688, valid_pr-0.6994
epoch-226, train_loss-0.2963, train_rmse-0.5444, valid_rmse-1.3916, valid_pr-0.6958
epoch-227, train_loss-0.2989, train_rmse-0.5467, valid_rmse-1.3288, valid_pr-0.7177
epoch-228, train_loss-0.2881, train_rmse-0.5368, valid_rmse-1.3675, valid_pr-0.6902
epoch-229, train_loss-0.3167, train_rmse-0.5627, valid_rmse-1.3496, valid_pr-0.7030
epoch-230, train_loss-0.2975, train_rmse-0.5454, valid_rmse-1.3624, valid_pr-0.6966
epoch-231, train_loss-0.2773, train_rmse-0.5266, valid_rmse-1.3388, valid_pr-0.7093
epoch-232, train_loss-0.2817, train_rmse-0.5308, valid_rmse-1.3672, valid_pr-0.6917
epoch-233, train_loss-0.2821, train_rmse-0.5311, valid_rmse-1.3593, valid_pr-0.7030
epoch-234, train_loss-0.3070, train_rmse-0.5541, valid_rmse-1.3492, valid_pr-0.7018
epoch-235, train_loss-0.2880, train_rmse-0.5367, valid_rmse-1.3172, valid_pr-0.7124
epoch-236, train_loss-0.2614, train_rmse-0.5112, valid_rmse-1.3527, valid_pr-0.7017
epoch-237, train_loss-0.2641, train_rmse-0.5139, valid_rmse-1.3670, valid_pr-0.6833
epoch-238, train_loss-0.2688, train_rmse-0.5185, valid_rmse-1.3921, valid_pr-0.6938
epoch-239, train_loss-0.2750, train_rmse-0.5244, valid_rmse-1.3282, valid_pr-0.7077
epoch-240, train_loss-0.2784, train_rmse-0.5277, valid_rmse-1.3497, valid_pr-0.6933
epoch-241, train_loss-0.2658, train_rmse-0.5156, valid_rmse-1.3514, valid_pr-0.6998
epoch-242, train_loss-0.2675, train_rmse-0.5172, valid_rmse-1.3038, valid_pr-0.7198
Validation : valid_rmse-1.3038, valid_pr-0.7198, 
test2013_rmse-1.5425, test2013_pr-0.7511, test2016_rmse-1.4336, test2016_pr-0.7517, test2019_rmse-1.5285, test2019_pr-0.5735
epoch-243, train_loss-0.2596, train_rmse-0.5095, valid_rmse-1.3401, valid_pr-0.7081
epoch-244, train_loss-0.2552, train_rmse-0.5051, valid_rmse-1.3099, valid_pr-0.7223
epoch-245, train_loss-0.2606, train_rmse-0.5105, valid_rmse-1.3330, valid_pr-0.7197
epoch-246, train_loss-0.2506, train_rmse-0.5006, valid_rmse-1.3699, valid_pr-0.6999
epoch-247, train_loss-0.2612, train_rmse-0.5111, valid_rmse-1.3243, valid_pr-0.7203
epoch-248, train_loss-0.2524, train_rmse-0.5024, valid_rmse-1.3038, valid_pr-0.7197
epoch-249, train_loss-0.2549, train_rmse-0.5049, valid_rmse-1.3369, valid_pr-0.7069
epoch-250, train_loss-0.2453, train_rmse-0.4952, valid_rmse-1.3167, valid_pr-0.7186
epoch-251, train_loss-0.2385, train_rmse-0.4883, valid_rmse-1.3266, valid_pr-0.7088
epoch-252, train_loss-0.2291, train_rmse-0.4787, valid_rmse-1.3701, valid_pr-0.6967
epoch-253, train_loss-0.2347, train_rmse-0.4844, valid_rmse-1.3596, valid_pr-0.7002
epoch-254, train_loss-0.2451, train_rmse-0.4951, valid_rmse-1.3528, valid_pr-0.7080
epoch-255, train_loss-0.2689, train_rmse-0.5185, valid_rmse-1.3109, valid_pr-0.7156
epoch-256, train_loss-0.2624, train_rmse-0.5122, valid_rmse-1.3464, valid_pr-0.7042
epoch-257, train_loss-0.2311, train_rmse-0.4808, valid_rmse-1.3215, valid_pr-0.7135
epoch-258, train_loss-0.2134, train_rmse-0.4620, valid_rmse-1.3355, valid_pr-0.7151
epoch-259, train_loss-0.2151, train_rmse-0.4638, valid_rmse-1.3361, valid_pr-0.7040
epoch-260, train_loss-0.2274, train_rmse-0.4768, valid_rmse-1.3134, valid_pr-0.7171
epoch-261, train_loss-0.2348, train_rmse-0.4846, valid_rmse-1.3298, valid_pr-0.7203
epoch-262, train_loss-0.2610, train_rmse-0.5109, valid_rmse-1.3286, valid_pr-0.7187
epoch-263, train_loss-0.2490, train_rmse-0.4990, valid_rmse-1.3405, valid_pr-0.7027
epoch-264, train_loss-0.2503, train_rmse-0.5003, valid_rmse-1.3276, valid_pr-0.7155
epoch-265, train_loss-0.2242, train_rmse-0.4735, valid_rmse-1.3349, valid_pr-0.7106
epoch-266, train_loss-0.2243, train_rmse-0.4736, valid_rmse-1.3397, valid_pr-0.7154
epoch-267, train_loss-0.2185, train_rmse-0.4674, valid_rmse-1.3231, valid_pr-0.7176
epoch-268, train_loss-0.2354, train_rmse-0.4851, valid_rmse-1.3329, valid_pr-0.7075
epoch-269, train_loss-0.2366, train_rmse-0.4864, valid_rmse-1.3277, valid_pr-0.7139
epoch-270, train_loss-0.2367, train_rmse-0.4865, valid_rmse-1.3339, valid_pr-0.7123
epoch-271, train_loss-0.2391, train_rmse-0.4890, valid_rmse-1.3491, valid_pr-0.7081
epoch-272, train_loss-0.2168, train_rmse-0.4656, valid_rmse-1.3083, valid_pr-0.7193
epoch-273, train_loss-0.2205, train_rmse-0.4696, valid_rmse-1.3226, valid_pr-0.7103
epoch-274, train_loss-0.2386, train_rmse-0.4885, valid_rmse-1.3130, valid_pr-0.7212
epoch-275, train_loss-0.2461, train_rmse-0.4961, valid_rmse-1.3315, valid_pr-0.7053
epoch-276, train_loss-0.2370, train_rmse-0.4868, valid_rmse-1.3285, valid_pr-0.7060
epoch-277, train_loss-0.2197, train_rmse-0.4688, valid_rmse-1.3184, valid_pr-0.7162
epoch-278, train_loss-0.2403, train_rmse-0.4902, valid_rmse-1.3712, valid_pr-0.7021
epoch-279, train_loss-0.2396, train_rmse-0.4895, valid_rmse-1.3492, valid_pr-0.7086
epoch-280, train_loss-0.2268, train_rmse-0.4763, valid_rmse-1.3351, valid_pr-0.7060
epoch-281, train_loss-0.2151, train_rmse-0.4638, valid_rmse-1.3348, valid_pr-0.7060
epoch-282, train_loss-0.2172, train_rmse-0.4661, valid_rmse-1.3379, valid_pr-0.7182
epoch-283, train_loss-0.2265, train_rmse-0.4759, valid_rmse-1.3390, valid_pr-0.7089
epoch-284, train_loss-0.2055, train_rmse-0.4533, valid_rmse-1.3105, valid_pr-0.7224
epoch-285, train_loss-0.2017, train_rmse-0.4491, valid_rmse-1.3435, valid_pr-0.7004
epoch-286, train_loss-0.2124, train_rmse-0.4609, valid_rmse-1.3123, valid_pr-0.7197
epoch-287, train_loss-0.2137, train_rmse-0.4622, valid_rmse-1.3262, valid_pr-0.7083
epoch-288, train_loss-0.2052, train_rmse-0.4530, valid_rmse-1.3164, valid_pr-0.7178
epoch-289, train_loss-0.2099, train_rmse-0.4581, valid_rmse-1.3444, valid_pr-0.7091
epoch-290, train_loss-0.2122, train_rmse-0.4607, valid_rmse-1.3177, valid_pr-0.7136
epoch-291, train_loss-0.2025, train_rmse-0.4500, valid_rmse-1.3140, valid_pr-0.7118
epoch-292, train_loss-0.1980, train_rmse-0.4449, valid_rmse-1.3238, valid_pr-0.7119
epoch-293, train_loss-0.1932, train_rmse-0.4395, valid_rmse-1.3299, valid_pr-0.7089
epoch-294, train_loss-0.1464, train_rmse-0.3826, valid_rmse-1.2928, valid_pr-0.7262
Validation : valid_rmse-1.2928, valid_pr-0.7262, 
test2013_rmse-1.5092, test2013_pr-0.7645, test2016_rmse-1.3769, test2016_pr-0.7739, test2019_rmse-1.5180, test2019_pr-0.5749
epoch-295, train_loss-0.1225, train_rmse-0.3500, valid_rmse-1.2926, valid_pr-0.7261
Validation : valid_rmse-1.2926, valid_pr-0.7261, 
test2013_rmse-1.5283, test2013_pr-0.7585, test2016_rmse-1.4188, test2016_pr-0.7570, test2019_rmse-1.5251, test2019_pr-0.5720
epoch-296, train_loss-0.1118, train_rmse-0.3344, valid_rmse-1.2957, valid_pr-0.7256
epoch-297, train_loss-0.1070, train_rmse-0.3271, valid_rmse-1.3133, valid_pr-0.7178
epoch-298, train_loss-0.0999, train_rmse-0.3161, valid_rmse-1.2973, valid_pr-0.7213
epoch-299, train_loss-0.1043, train_rmse-0.3229, valid_rmse-1.2885, valid_pr-0.7257
Validation : valid_rmse-1.2885, valid_pr-0.7257, 
test2013_rmse-1.5102, test2013_pr-0.7647, test2016_rmse-1.4108, test2016_pr-0.7608, test2019_rmse-1.5220, test2019_pr-0.5701
epoch-300, train_loss-0.0920, train_rmse-0.3033, valid_rmse-1.3075, valid_pr-0.7201
epoch-301, train_loss-0.1014, train_rmse-0.3184, valid_rmse-1.3289, valid_pr-0.7232
epoch-302, train_loss-0.1008, train_rmse-0.3175, valid_rmse-1.3095, valid_pr-0.7180
epoch-303, train_loss-0.1014, train_rmse-0.3184, valid_rmse-1.3065, valid_pr-0.7201
epoch-304, train_loss-0.0969, train_rmse-0.3112, valid_rmse-1.2984, valid_pr-0.7257
epoch-305, train_loss-0.0966, train_rmse-0.3108, valid_rmse-1.2995, valid_pr-0.7226
epoch-306, train_loss-0.0987, train_rmse-0.3142, valid_rmse-1.2945, valid_pr-0.7247
epoch-307, train_loss-0.0947, train_rmse-0.3077, valid_rmse-1.3070, valid_pr-0.7173
epoch-308, train_loss-0.1059, train_rmse-0.3254, valid_rmse-1.3196, valid_pr-0.7127
epoch-309, train_loss-0.0990, train_rmse-0.3147, valid_rmse-1.2980, valid_pr-0.7243
epoch-310, train_loss-0.0937, train_rmse-0.3061, valid_rmse-1.2926, valid_pr-0.7260
epoch-311, train_loss-0.0959, train_rmse-0.3097, valid_rmse-1.2972, valid_pr-0.7262
epoch-312, train_loss-0.0906, train_rmse-0.3011, valid_rmse-1.3105, valid_pr-0.7214
epoch-313, train_loss-0.0931, train_rmse-0.3051, valid_rmse-1.3027, valid_pr-0.7237
epoch-314, train_loss-0.1028, train_rmse-0.3206, valid_rmse-1.2996, valid_pr-0.7285
epoch-315, train_loss-0.0994, train_rmse-0.3153, valid_rmse-1.3019, valid_pr-0.7208
epoch-316, train_loss-0.1095, train_rmse-0.3308, valid_rmse-1.3014, valid_pr-0.7235
epoch-317, train_loss-0.1045, train_rmse-0.3232, valid_rmse-1.2935, valid_pr-0.7244
epoch-318, train_loss-0.1045, train_rmse-0.3233, valid_rmse-1.2853, valid_pr-0.7291
Validation : valid_rmse-1.2853, valid_pr-0.7291, 
test2013_rmse-1.4945, test2013_pr-0.7697, test2016_rmse-1.4231, test2016_pr-0.7553, test2019_rmse-1.5332, test2019_pr-0.5675
epoch-319, train_loss-0.0969, train_rmse-0.3113, valid_rmse-1.2962, valid_pr-0.7248
epoch-320, train_loss-0.1021, train_rmse-0.3195, valid_rmse-1.2994, valid_pr-0.7210
epoch-321, train_loss-0.0904, train_rmse-0.3006, valid_rmse-1.2995, valid_pr-0.7236
epoch-322, train_loss-0.0942, train_rmse-0.3069, valid_rmse-1.3071, valid_pr-0.7217
epoch-323, train_loss-0.0980, train_rmse-0.3130, valid_rmse-1.2825, valid_pr-0.7292
Validation : valid_rmse-1.2825, valid_pr-0.7292, 
test2013_rmse-1.4982, test2013_pr-0.7721, test2016_rmse-1.4198, test2016_pr-0.7573, test2019_rmse-1.5148, test2019_pr-0.5753
epoch-324, train_loss-0.0918, train_rmse-0.3030, valid_rmse-1.3012, valid_pr-0.7220
epoch-325, train_loss-0.1027, train_rmse-0.3205, valid_rmse-1.2924, valid_pr-0.7234
epoch-326, train_loss-0.1035, train_rmse-0.3217, valid_rmse-1.3023, valid_pr-0.7254
epoch-327, train_loss-0.0946, train_rmse-0.3076, valid_rmse-1.2848, valid_pr-0.7293
epoch-328, train_loss-0.0907, train_rmse-0.3011, valid_rmse-1.3072, valid_pr-0.7204
epoch-329, train_loss-0.0940, train_rmse-0.3066, valid_rmse-1.3060, valid_pr-0.7244
epoch-330, train_loss-0.0937, train_rmse-0.3060, valid_rmse-1.2815, valid_pr-0.7311
Validation : valid_rmse-1.2815, valid_pr-0.7311, 
test2013_rmse-1.5400, test2013_pr-0.7573, test2016_rmse-1.4329, test2016_pr-0.7521, test2019_rmse-1.5328, test2019_pr-0.5723
epoch-331, train_loss-0.0900, train_rmse-0.2999, valid_rmse-1.2949, valid_pr-0.7273
epoch-332, train_loss-0.0964, train_rmse-0.3105, valid_rmse-1.3156, valid_pr-0.7222
epoch-333, train_loss-0.0990, train_rmse-0.3147, valid_rmse-1.2865, valid_pr-0.7274
epoch-334, train_loss-0.0948, train_rmse-0.3078, valid_rmse-1.3030, valid_pr-0.7212
epoch-335, train_loss-0.0947, train_rmse-0.3078, valid_rmse-1.2955, valid_pr-0.7248
epoch-336, train_loss-0.0906, train_rmse-0.3011, valid_rmse-1.3022, valid_pr-0.7221
epoch-337, train_loss-0.0811, train_rmse-0.2847, valid_rmse-1.2890, valid_pr-0.7274
epoch-338, train_loss-0.0837, train_rmse-0.2893, valid_rmse-1.2745, valid_pr-0.7336
Validation : valid_rmse-1.2745, valid_pr-0.7336, 
test2013_rmse-1.5093, test2013_pr-0.7654, test2016_rmse-1.4404, test2016_pr-0.7483, test2019_rmse-1.5182, test2019_pr-0.5767
epoch-339, train_loss-0.0927, train_rmse-0.3044, valid_rmse-1.3023, valid_pr-0.7200
epoch-340, train_loss-0.0917, train_rmse-0.3029, valid_rmse-1.2957, valid_pr-0.7231
epoch-341, train_loss-0.0909, train_rmse-0.3015, valid_rmse-1.3168, valid_pr-0.7186
epoch-342, train_loss-0.0869, train_rmse-0.2949, valid_rmse-1.2891, valid_pr-0.7291
epoch-343, train_loss-0.0849, train_rmse-0.2913, valid_rmse-1.3095, valid_pr-0.7194
epoch-344, train_loss-0.0953, train_rmse-0.3087, valid_rmse-1.2955, valid_pr-0.7252
epoch-345, train_loss-0.0931, train_rmse-0.3051, valid_rmse-1.3174, valid_pr-0.7232
epoch-346, train_loss-0.0900, train_rmse-0.3001, valid_rmse-1.2868, valid_pr-0.7273
epoch-347, train_loss-0.0898, train_rmse-0.2996, valid_rmse-1.2990, valid_pr-0.7228
epoch-348, train_loss-0.0891, train_rmse-0.2986, valid_rmse-1.3176, valid_pr-0.7197
epoch-349, train_loss-0.0896, train_rmse-0.2994, valid_rmse-1.3051, valid_pr-0.7224
epoch-350, train_loss-0.0866, train_rmse-0.2943, valid_rmse-1.2964, valid_pr-0.7277
epoch-351, train_loss-0.0908, train_rmse-0.3014, valid_rmse-1.2842, valid_pr-0.7313
epoch-352, train_loss-0.0912, train_rmse-0.3020, valid_rmse-1.2970, valid_pr-0.7233
epoch-353, train_loss-0.0905, train_rmse-0.3008, valid_rmse-1.2911, valid_pr-0.7263
epoch-354, train_loss-0.0890, train_rmse-0.2984, valid_rmse-1.2923, valid_pr-0.7242
epoch-355, train_loss-0.0894, train_rmse-0.2990, valid_rmse-1.2927, valid_pr-0.7270
epoch-356, train_loss-0.0859, train_rmse-0.2932, valid_rmse-1.2931, valid_pr-0.7267
epoch-357, train_loss-0.0892, train_rmse-0.2987, valid_rmse-1.3043, valid_pr-0.7203
epoch-358, train_loss-0.0835, train_rmse-0.2889, valid_rmse-1.2921, valid_pr-0.7272
epoch-359, train_loss-0.0913, train_rmse-0.3021, valid_rmse-1.2764, valid_pr-0.7328
epoch-360, train_loss-0.0876, train_rmse-0.2960, valid_rmse-1.2880, valid_pr-0.7276
epoch-361, train_loss-0.0882, train_rmse-0.2970, valid_rmse-1.2729, valid_pr-0.7340
Validation : valid_rmse-1.2729, valid_pr-0.7340, 
test2013_rmse-1.4705, test2013_pr-0.7809, test2016_rmse-1.4430, test2016_pr-0.7471, test2019_rmse-1.5117, test2019_pr-0.5780
epoch-362, train_loss-0.0895, train_rmse-0.2991, valid_rmse-1.2786, valid_pr-0.7332
epoch-363, train_loss-0.0852, train_rmse-0.2919, valid_rmse-1.2924, valid_pr-0.7274
epoch-364, train_loss-0.0861, train_rmse-0.2934, valid_rmse-1.2958, valid_pr-0.7245
epoch-365, train_loss-0.0871, train_rmse-0.2952, valid_rmse-1.2845, valid_pr-0.7298
epoch-366, train_loss-0.0875, train_rmse-0.2958, valid_rmse-1.2908, valid_pr-0.7284
epoch-367, train_loss-0.0818, train_rmse-0.2860, valid_rmse-1.2888, valid_pr-0.7255
epoch-368, train_loss-0.0863, train_rmse-0.2938, valid_rmse-1.2814, valid_pr-0.7315
epoch-369, train_loss-0.0865, train_rmse-0.2942, valid_rmse-1.3060, valid_pr-0.7221
epoch-370, train_loss-0.0852, train_rmse-0.2919, valid_rmse-1.2980, valid_pr-0.7224
epoch-371, train_loss-0.0832, train_rmse-0.2885, valid_rmse-1.2827, valid_pr-0.7308
epoch-372, train_loss-0.0814, train_rmse-0.2853, valid_rmse-1.3023, valid_pr-0.7241
epoch-373, train_loss-0.0784, train_rmse-0.2799, valid_rmse-1.3161, valid_pr-0.7161
epoch-374, train_loss-0.0861, train_rmse-0.2934, valid_rmse-1.2853, valid_pr-0.7288
epoch-375, train_loss-0.0805, train_rmse-0.2838, valid_rmse-1.2844, valid_pr-0.7316
epoch-376, train_loss-0.0828, train_rmse-0.2878, valid_rmse-1.2876, valid_pr-0.7297
epoch-377, train_loss-0.0811, train_rmse-0.2848, valid_rmse-1.3001, valid_pr-0.7230
epoch-378, train_loss-0.0784, train_rmse-0.2801, valid_rmse-1.2882, valid_pr-0.7274
epoch-379, train_loss-0.0810, train_rmse-0.2846, valid_rmse-1.2767, valid_pr-0.7308
epoch-380, train_loss-0.0801, train_rmse-0.2831, valid_rmse-1.2905, valid_pr-0.7286
epoch-381, train_loss-0.0777, train_rmse-0.2787, valid_rmse-1.2898, valid_pr-0.7307
epoch-382, train_loss-0.0737, train_rmse-0.2714, valid_rmse-1.2867, valid_pr-0.7270
epoch-383, train_loss-0.0735, train_rmse-0.2712, valid_rmse-1.2925, valid_pr-0.7247
epoch-384, train_loss-0.0733, train_rmse-0.2707, valid_rmse-1.2870, valid_pr-0.7275
epoch-385, train_loss-0.0817, train_rmse-0.2858, valid_rmse-1.2809, valid_pr-0.7307
epoch-386, train_loss-0.0772, train_rmse-0.2778, valid_rmse-1.2867, valid_pr-0.7287
epoch-387, train_loss-0.0758, train_rmse-0.2753, valid_rmse-1.2928, valid_pr-0.7250
epoch-388, train_loss-0.0777, train_rmse-0.2788, valid_rmse-1.3101, valid_pr-0.7208
epoch-389, train_loss-0.0846, train_rmse-0.2908, valid_rmse-1.2931, valid_pr-0.7300
epoch-390, train_loss-0.0861, train_rmse-0.2934, valid_rmse-1.2883, valid_pr-0.7255
epoch-391, train_loss-0.0794, train_rmse-0.2818, valid_rmse-1.3012, valid_pr-0.7213
epoch-392, train_loss-0.0803, train_rmse-0.2834, valid_rmse-1.2987, valid_pr-0.7249
epoch-393, train_loss-0.0735, train_rmse-0.2711, valid_rmse-1.2893, valid_pr-0.7287
epoch-394, train_loss-0.0784, train_rmse-0.2800, valid_rmse-1.2766, valid_pr-0.7316
epoch-395, train_loss-0.0759, train_rmse-0.2756, valid_rmse-1.3001, valid_pr-0.7244
epoch-396, train_loss-0.0789, train_rmse-0.2808, valid_rmse-1.3044, valid_pr-0.7210
epoch-397, train_loss-0.0809, train_rmse-0.2844, valid_rmse-1.2858, valid_pr-0.7288
epoch-398, train_loss-0.0862, train_rmse-0.2936, valid_rmse-1.2921, valid_pr-0.7257
epoch-399, train_loss-0.0963, train_rmse-0.3103, valid_rmse-1.2966, valid_pr-0.7233
epoch-400, train_loss-0.0805, train_rmse-0.2836, valid_rmse-1.2761, valid_pr-0.7328
epoch-401, train_loss-0.0792, train_rmse-0.2814, valid_rmse-1.2840, valid_pr-0.7317
epoch-402, train_loss-0.0930, train_rmse-0.3049, valid_rmse-1.2763, valid_pr-0.7305
epoch-403, train_loss-0.0823, train_rmse-0.2869, valid_rmse-1.3029, valid_pr-0.7277
epoch-404, train_loss-0.0756, train_rmse-0.2750, valid_rmse-1.2886, valid_pr-0.7269
epoch-405, train_loss-0.0694, train_rmse-0.2634, valid_rmse-1.2830, valid_pr-0.7285
epoch-406, train_loss-0.0731, train_rmse-0.2704, valid_rmse-1.2767, valid_pr-0.7317
epoch-407, train_loss-0.0751, train_rmse-0.2741, valid_rmse-1.3075, valid_pr-0.7185
epoch-408, train_loss-0.0759, train_rmse-0.2756, valid_rmse-1.2978, valid_pr-0.7268
epoch-409, train_loss-0.0765, train_rmse-0.2766, valid_rmse-1.2715, valid_pr-0.7340
Validation : valid_rmse-1.2715, valid_pr-0.7340, 
test2013_rmse-1.4975, test2013_pr-0.7707, test2016_rmse-1.4211, test2016_pr-0.7561, test2019_rmse-1.5105, test2019_pr-0.5774
epoch-410, train_loss-0.0723, train_rmse-0.2689, valid_rmse-1.2948, valid_pr-0.7248
epoch-411, train_loss-0.0699, train_rmse-0.2645, valid_rmse-1.2879, valid_pr-0.7272
epoch-412, train_loss-0.0711, train_rmse-0.2667, valid_rmse-1.2845, valid_pr-0.7294
epoch-413, train_loss-0.0739, train_rmse-0.2718, valid_rmse-1.2803, valid_pr-0.7320
epoch-414, train_loss-0.0739, train_rmse-0.2718, valid_rmse-1.2846, valid_pr-0.7304
epoch-415, train_loss-0.0713, train_rmse-0.2670, valid_rmse-1.2930, valid_pr-0.7267
epoch-416, train_loss-0.0760, train_rmse-0.2757, valid_rmse-1.2881, valid_pr-0.7285
epoch-417, train_loss-0.0695, train_rmse-0.2636, valid_rmse-1.2780, valid_pr-0.7328
epoch-418, train_loss-0.0755, train_rmse-0.2748, valid_rmse-1.2847, valid_pr-0.7278
epoch-419, train_loss-0.0745, train_rmse-0.2729, valid_rmse-1.2778, valid_pr-0.7328
epoch-420, train_loss-0.0756, train_rmse-0.2749, valid_rmse-1.2641, valid_pr-0.7395
Validation : valid_rmse-1.2641, valid_pr-0.7395, 
test2013_rmse-1.4630, test2013_pr-0.7851, test2016_rmse-1.3777, test2016_pr-0.7751, test2019_rmse-1.5158, test2019_pr-0.5770
epoch-421, train_loss-0.0721, train_rmse-0.2686, valid_rmse-1.2913, valid_pr-0.7255
epoch-422, train_loss-0.0725, train_rmse-0.2692, valid_rmse-1.2828, valid_pr-0.7284
epoch-423, train_loss-0.0688, train_rmse-0.2623, valid_rmse-1.2732, valid_pr-0.7339
epoch-424, train_loss-0.0707, train_rmse-0.2659, valid_rmse-1.2814, valid_pr-0.7340
epoch-425, train_loss-0.0731, train_rmse-0.2704, valid_rmse-1.2725, valid_pr-0.7323
epoch-426, train_loss-0.0726, train_rmse-0.2695, valid_rmse-1.2769, valid_pr-0.7310
epoch-427, train_loss-0.0744, train_rmse-0.2728, valid_rmse-1.2769, valid_pr-0.7334
epoch-428, train_loss-0.0776, train_rmse-0.2786, valid_rmse-1.2916, valid_pr-0.7257
epoch-429, train_loss-0.0755, train_rmse-0.2748, valid_rmse-1.2825, valid_pr-0.7298
epoch-430, train_loss-0.0704, train_rmse-0.2654, valid_rmse-1.2931, valid_pr-0.7252
epoch-431, train_loss-0.0702, train_rmse-0.2649, valid_rmse-1.2863, valid_pr-0.7267
epoch-432, train_loss-0.0708, train_rmse-0.2660, valid_rmse-1.2869, valid_pr-0.7281
epoch-433, train_loss-0.0714, train_rmse-0.2672, valid_rmse-1.2962, valid_pr-0.7233
epoch-434, train_loss-0.0698, train_rmse-0.2641, valid_rmse-1.2870, valid_pr-0.7271
epoch-435, train_loss-0.0753, train_rmse-0.2744, valid_rmse-1.2728, valid_pr-0.7334
epoch-436, train_loss-0.0730, train_rmse-0.2701, valid_rmse-1.2947, valid_pr-0.7241
epoch-437, train_loss-0.0644, train_rmse-0.2538, valid_rmse-1.2835, valid_pr-0.7293
epoch-438, train_loss-0.0793, train_rmse-0.2817, valid_rmse-1.2895, valid_pr-0.7252
epoch-439, train_loss-0.0781, train_rmse-0.2795, valid_rmse-1.3032, valid_pr-0.7223
epoch-440, train_loss-0.0756, train_rmse-0.2749, valid_rmse-1.2821, valid_pr-0.7282
epoch-441, train_loss-0.0755, train_rmse-0.2747, valid_rmse-1.2733, valid_pr-0.7361
epoch-442, train_loss-0.0642, train_rmse-0.2534, valid_rmse-1.2825, valid_pr-0.7308
epoch-443, train_loss-0.0684, train_rmse-0.2615, valid_rmse-1.2853, valid_pr-0.7274
epoch-444, train_loss-0.0654, train_rmse-0.2557, valid_rmse-1.2810, valid_pr-0.7324
epoch-445, train_loss-0.0632, train_rmse-0.2514, valid_rmse-1.2830, valid_pr-0.7303
epoch-446, train_loss-0.0703, train_rmse-0.2651, valid_rmse-1.3018, valid_pr-0.7222
epoch-447, train_loss-0.0659, train_rmse-0.2567, valid_rmse-1.2751, valid_pr-0.7316
epoch-448, train_loss-0.0659, train_rmse-0.2567, valid_rmse-1.2885, valid_pr-0.7282
epoch-449, train_loss-0.0659, train_rmse-0.2567, valid_rmse-1.2913, valid_pr-0.7237
epoch-450, train_loss-0.0692, train_rmse-0.2630, valid_rmse-1.2944, valid_pr-0.7237
epoch-451, train_loss-0.0663, train_rmse-0.2574, valid_rmse-1.2836, valid_pr-0.7291
epoch-452, train_loss-0.0706, train_rmse-0.2657, valid_rmse-1.3072, valid_pr-0.7225
epoch-453, train_loss-0.0732, train_rmse-0.2706, valid_rmse-1.2645, valid_pr-0.7381
epoch-454, train_loss-0.0702, train_rmse-0.2650, valid_rmse-1.2939, valid_pr-0.7247
epoch-455, train_loss-0.0672, train_rmse-0.2592, valid_rmse-1.2673, valid_pr-0.7359
epoch-456, train_loss-0.0687, train_rmse-0.2621, valid_rmse-1.2966, valid_pr-0.7266
epoch-457, train_loss-0.0694, train_rmse-0.2634, valid_rmse-1.2817, valid_pr-0.7329
epoch-458, train_loss-0.0658, train_rmse-0.2565, valid_rmse-1.2889, valid_pr-0.7278
epoch-459, train_loss-0.0713, train_rmse-0.2670, valid_rmse-1.2652, valid_pr-0.7367
epoch-460, train_loss-0.0682, train_rmse-0.2611, valid_rmse-1.2798, valid_pr-0.7341
epoch-461, train_loss-0.0674, train_rmse-0.2596, valid_rmse-1.2731, valid_pr-0.7326
epoch-462, train_loss-0.0678, train_rmse-0.2603, valid_rmse-1.2767, valid_pr-0.7350
epoch-463, train_loss-0.0657, train_rmse-0.2563, valid_rmse-1.2808, valid_pr-0.7300
epoch-464, train_loss-0.0766, train_rmse-0.2767, valid_rmse-1.2621, valid_pr-0.7409
Validation : valid_rmse-1.2621, valid_pr-0.7409, 
test2013_rmse-1.4259, test2013_pr-0.7979, test2016_rmse-1.3660, test2016_pr-0.7785, test2019_rmse-1.5084, test2019_pr-0.5850
epoch-465, train_loss-0.0770, train_rmse-0.2775, valid_rmse-1.2947, valid_pr-0.7287
epoch-466, train_loss-0.0738, train_rmse-0.2716, valid_rmse-1.2613, valid_pr-0.7392
Validation : valid_rmse-1.2613, valid_pr-0.7392, 
test2013_rmse-1.5283, test2013_pr-0.7642, test2016_rmse-1.4493, test2016_pr-0.7445, test2019_rmse-1.5125, test2019_pr-0.5774
epoch-467, train_loss-0.0680, train_rmse-0.2608, valid_rmse-1.2800, valid_pr-0.7299
epoch-468, train_loss-0.0793, train_rmse-0.2816, valid_rmse-1.2824, valid_pr-0.7319
epoch-469, train_loss-0.0761, train_rmse-0.2759, valid_rmse-1.2843, valid_pr-0.7298
epoch-470, train_loss-0.0742, train_rmse-0.2724, valid_rmse-1.2663, valid_pr-0.7366
epoch-471, train_loss-0.0680, train_rmse-0.2608, valid_rmse-1.2668, valid_pr-0.7367
epoch-472, train_loss-0.0681, train_rmse-0.2610, valid_rmse-1.2663, valid_pr-0.7383
epoch-473, train_loss-0.0694, train_rmse-0.2635, valid_rmse-1.2852, valid_pr-0.7295
epoch-474, train_loss-0.0594, train_rmse-0.2438, valid_rmse-1.2702, valid_pr-0.7344
epoch-475, train_loss-0.0692, train_rmse-0.2630, valid_rmse-1.2736, valid_pr-0.7326
epoch-476, train_loss-0.0674, train_rmse-0.2597, valid_rmse-1.2818, valid_pr-0.7269
epoch-477, train_loss-0.0655, train_rmse-0.2559, valid_rmse-1.2668, valid_pr-0.7350
epoch-478, train_loss-0.0651, train_rmse-0.2552, valid_rmse-1.2845, valid_pr-0.7286
epoch-479, train_loss-0.0601, train_rmse-0.2452, valid_rmse-1.2694, valid_pr-0.7358
epoch-480, train_loss-0.0574, train_rmse-0.2396, valid_rmse-1.2754, valid_pr-0.7320
epoch-481, train_loss-0.0674, train_rmse-0.2596, valid_rmse-1.2975, valid_pr-0.7238
epoch-482, train_loss-0.0627, train_rmse-0.2505, valid_rmse-1.2811, valid_pr-0.7326
epoch-483, train_loss-0.0618, train_rmse-0.2485, valid_rmse-1.2680, valid_pr-0.7358
epoch-484, train_loss-0.0645, train_rmse-0.2539, valid_rmse-1.2837, valid_pr-0.7288
epoch-485, train_loss-0.0658, train_rmse-0.2565, valid_rmse-1.3006, valid_pr-0.7243
epoch-486, train_loss-0.0654, train_rmse-0.2558, valid_rmse-1.2772, valid_pr-0.7312
epoch-487, train_loss-0.0648, train_rmse-0.2546, valid_rmse-1.2797, valid_pr-0.7332
epoch-488, train_loss-0.0695, train_rmse-0.2636, valid_rmse-1.2732, valid_pr-0.7348
epoch-489, train_loss-0.0650, train_rmse-0.2550, valid_rmse-1.2829, valid_pr-0.7329
epoch-490, train_loss-0.0623, train_rmse-0.2497, valid_rmse-1.2870, valid_pr-0.7284
epoch-491, train_loss-0.0670, train_rmse-0.2589, valid_rmse-1.2901, valid_pr-0.7302
epoch-492, train_loss-0.0645, train_rmse-0.2540, valid_rmse-1.2775, valid_pr-0.7338
epoch-493, train_loss-0.0755, train_rmse-0.2748, valid_rmse-1.2891, valid_pr-0.7299
epoch-494, train_loss-0.0740, train_rmse-0.2720, valid_rmse-1.2859, valid_pr-0.7284
epoch-495, train_loss-0.0660, train_rmse-0.2570, valid_rmse-1.2776, valid_pr-0.7339
epoch-496, train_loss-0.0608, train_rmse-0.2467, valid_rmse-1.2692, valid_pr-0.7381
epoch-497, train_loss-0.0630, train_rmse-0.2510, valid_rmse-1.2883, valid_pr-0.7292
epoch-498, train_loss-0.0632, train_rmse-0.2513, valid_rmse-1.2670, valid_pr-0.7365
epoch-499, train_loss-0.0636, train_rmse-0.2523, valid_rmse-1.2746, valid_pr-0.7355
epoch-500, train_loss-0.0598, train_rmse-0.2446, valid_rmse-1.2780, valid_pr-0.7331
epoch-501, train_loss-0.0616, train_rmse-0.2482, valid_rmse-1.2873, valid_pr-0.7276
epoch-502, train_loss-0.0594, train_rmse-0.2437, valid_rmse-1.2847, valid_pr-0.7273
epoch-503, train_loss-0.0572, train_rmse-0.2392, valid_rmse-1.2749, valid_pr-0.7328
epoch-504, train_loss-0.0629, train_rmse-0.2508, valid_rmse-1.2779, valid_pr-0.7329
epoch-505, train_loss-0.0626, train_rmse-0.2502, valid_rmse-1.2787, valid_pr-0.7333
epoch-506, train_loss-0.0634, train_rmse-0.2517, valid_rmse-1.2779, valid_pr-0.7306
epoch-507, train_loss-0.0636, train_rmse-0.2521, valid_rmse-1.2792, valid_pr-0.7325
epoch-508, train_loss-0.0637, train_rmse-0.2524, valid_rmse-1.2896, valid_pr-0.7286
epoch-509, train_loss-0.0619, train_rmse-0.2488, valid_rmse-1.2755, valid_pr-0.7326
epoch-510, train_loss-0.0738, train_rmse-0.2717, valid_rmse-1.2770, valid_pr-0.7337
epoch-511, train_loss-0.0624, train_rmse-0.2498, valid_rmse-1.2776, valid_pr-0.7334
epoch-512, train_loss-0.0648, train_rmse-0.2545, valid_rmse-1.2716, valid_pr-0.7343
epoch-513, train_loss-0.0607, train_rmse-0.2464, valid_rmse-1.2756, valid_pr-0.7321
epoch-514, train_loss-0.0557, train_rmse-0.2360, valid_rmse-1.2713, valid_pr-0.7358
epoch-515, train_loss-0.0614, train_rmse-0.2477, valid_rmse-1.2690, valid_pr-0.7366
epoch-516, train_loss-0.0664, train_rmse-0.2577, valid_rmse-1.2735, valid_pr-0.7334
epoch-517, train_loss-0.0620, train_rmse-0.2491, valid_rmse-1.2662, valid_pr-0.7375
epoch-518, train_loss-0.0516, train_rmse-0.2273, valid_rmse-1.2639, valid_pr-0.7399
epoch-519, train_loss-0.0428, train_rmse-0.2069, valid_rmse-1.2600, valid_pr-0.7394
Validation : valid_rmse-1.2600, valid_pr-0.7394, 
test2013_rmse-1.5361, test2013_pr-0.7576, test2016_rmse-1.4297, test2016_pr-0.7527, test2019_rmse-1.4997, test2019_pr-0.5846
epoch-520, train_loss-0.0411, train_rmse-0.2027, valid_rmse-1.2648, valid_pr-0.7385
epoch-521, train_loss-0.0386, train_rmse-0.1963, valid_rmse-1.2664, valid_pr-0.7361
epoch-522, train_loss-0.0416, train_rmse-0.2041, valid_rmse-1.2527, valid_pr-0.7426
Validation : valid_rmse-1.2527, valid_pr-0.7426, 
test2013_rmse-1.5026, test2013_pr-0.7705, test2016_rmse-1.3989, test2016_pr-0.7656, test2019_rmse-1.5071, test2019_pr-0.5811
epoch-523, train_loss-0.0383, train_rmse-0.1956, valid_rmse-1.2645, valid_pr-0.7372
epoch-524, train_loss-0.0404, train_rmse-0.2011, valid_rmse-1.2650, valid_pr-0.7368
epoch-525, train_loss-0.0414, train_rmse-0.2035, valid_rmse-1.2626, valid_pr-0.7392
epoch-526, train_loss-0.0413, train_rmse-0.2033, valid_rmse-1.2665, valid_pr-0.7380
epoch-527, train_loss-0.0346, train_rmse-0.1860, valid_rmse-1.2634, valid_pr-0.7379
epoch-528, train_loss-0.0385, train_rmse-0.1963, valid_rmse-1.2654, valid_pr-0.7379
epoch-529, train_loss-0.0399, train_rmse-0.1999, valid_rmse-1.2623, valid_pr-0.7375
epoch-530, train_loss-0.0390, train_rmse-0.1976, valid_rmse-1.2665, valid_pr-0.7374
epoch-531, train_loss-0.0373, train_rmse-0.1933, valid_rmse-1.2612, valid_pr-0.7397
epoch-532, train_loss-0.0398, train_rmse-0.1996, valid_rmse-1.2590, valid_pr-0.7396
epoch-533, train_loss-0.0377, train_rmse-0.1941, valid_rmse-1.2571, valid_pr-0.7414
epoch-534, train_loss-0.0373, train_rmse-0.1930, valid_rmse-1.2785, valid_pr-0.7329
epoch-535, train_loss-0.0387, train_rmse-0.1967, valid_rmse-1.2673, valid_pr-0.7367
epoch-536, train_loss-0.0356, train_rmse-0.1886, valid_rmse-1.2708, valid_pr-0.7357
epoch-537, train_loss-0.0376, train_rmse-0.1939, valid_rmse-1.2668, valid_pr-0.7364
epoch-538, train_loss-0.0384, train_rmse-0.1959, valid_rmse-1.2757, valid_pr-0.7333
epoch-539, train_loss-0.0361, train_rmse-0.1900, valid_rmse-1.2599, valid_pr-0.7408
epoch-540, train_loss-0.0364, train_rmse-0.1909, valid_rmse-1.2802, valid_pr-0.7321
epoch-541, train_loss-0.0397, train_rmse-0.1992, valid_rmse-1.2698, valid_pr-0.7360
epoch-542, train_loss-0.0369, train_rmse-0.1921, valid_rmse-1.2667, valid_pr-0.7354
epoch-543, train_loss-0.0381, train_rmse-0.1952, valid_rmse-1.2726, valid_pr-0.7337
epoch-544, train_loss-0.0399, train_rmse-0.1996, valid_rmse-1.2675, valid_pr-0.7355
epoch-545, train_loss-0.0388, train_rmse-0.1970, valid_rmse-1.2648, valid_pr-0.7377
epoch-546, train_loss-0.0386, train_rmse-0.1965, valid_rmse-1.2648, valid_pr-0.7376
epoch-547, train_loss-0.0371, train_rmse-0.1927, valid_rmse-1.2638, valid_pr-0.7383
epoch-548, train_loss-0.0410, train_rmse-0.2024, valid_rmse-1.2585, valid_pr-0.7404
epoch-549, train_loss-0.0370, train_rmse-0.1923, valid_rmse-1.2587, valid_pr-0.7408
epoch-550, train_loss-0.0386, train_rmse-0.1964, valid_rmse-1.2545, valid_pr-0.7421
epoch-551, train_loss-0.0405, train_rmse-0.2013, valid_rmse-1.2557, valid_pr-0.7423
epoch-552, train_loss-0.0346, train_rmse-0.1861, valid_rmse-1.2619, valid_pr-0.7397
epoch-553, train_loss-0.0373, train_rmse-0.1932, valid_rmse-1.2576, valid_pr-0.7406
epoch-554, train_loss-0.0396, train_rmse-0.1990, valid_rmse-1.2675, valid_pr-0.7380
epoch-555, train_loss-0.0353, train_rmse-0.1878, valid_rmse-1.2602, valid_pr-0.7386
epoch-556, train_loss-0.0367, train_rmse-0.1915, valid_rmse-1.2661, valid_pr-0.7382
epoch-557, train_loss-0.0354, train_rmse-0.1881, valid_rmse-1.2563, valid_pr-0.7416
epoch-558, train_loss-0.0367, train_rmse-0.1915, valid_rmse-1.2635, valid_pr-0.7383
epoch-559, train_loss-0.0376, train_rmse-0.1939, valid_rmse-1.2681, valid_pr-0.7364
epoch-560, train_loss-0.0397, train_rmse-0.1994, valid_rmse-1.2700, valid_pr-0.7369
epoch-561, train_loss-0.0371, train_rmse-0.1927, valid_rmse-1.2705, valid_pr-0.7340
epoch-562, train_loss-0.0374, train_rmse-0.1933, valid_rmse-1.2603, valid_pr-0.7397
epoch-563, train_loss-0.0433, train_rmse-0.2080, valid_rmse-1.2680, valid_pr-0.7372
epoch-564, train_loss-0.0394, train_rmse-0.1984, valid_rmse-1.2609, valid_pr-0.7398
epoch-565, train_loss-0.0388, train_rmse-0.1969, valid_rmse-1.2721, valid_pr-0.7364
epoch-566, train_loss-0.0348, train_rmse-0.1865, valid_rmse-1.2589, valid_pr-0.7391
epoch-567, train_loss-0.0364, train_rmse-0.1908, valid_rmse-1.2684, valid_pr-0.7366
epoch-568, train_loss-0.0362, train_rmse-0.1903, valid_rmse-1.2631, valid_pr-0.7382
epoch-569, train_loss-0.0393, train_rmse-0.1982, valid_rmse-1.2572, valid_pr-0.7402
epoch-570, train_loss-0.0360, train_rmse-0.1898, valid_rmse-1.2614, valid_pr-0.7384
epoch-571, train_loss-0.0364, train_rmse-0.1908, valid_rmse-1.2680, valid_pr-0.7352
epoch-572, train_loss-0.0346, train_rmse-0.1861, valid_rmse-1.2687, valid_pr-0.7353
epoch-573, train_loss-0.0348, train_rmse-0.1865, valid_rmse-1.2741, valid_pr-0.7346
epoch-574, train_loss-0.0318, train_rmse-0.1783, valid_rmse-1.2659, valid_pr-0.7365
epoch-575, train_loss-0.0316, train_rmse-0.1779, valid_rmse-1.2704, valid_pr-0.7343
epoch-576, train_loss-0.0293, train_rmse-0.1711, valid_rmse-1.2639, valid_pr-0.7381
epoch-577, train_loss-0.0293, train_rmse-0.1712, valid_rmse-1.2694, valid_pr-0.7355
epoch-578, train_loss-0.0283, train_rmse-0.1682, valid_rmse-1.2662, valid_pr-0.7362
epoch-579, train_loss-0.0277, train_rmse-0.1666, valid_rmse-1.2672, valid_pr-0.7364
epoch-580, train_loss-0.0284, train_rmse-0.1686, valid_rmse-1.2664, valid_pr-0.7373
epoch-581, train_loss-0.0281, train_rmse-0.1678, valid_rmse-1.2623, valid_pr-0.7389
epoch-582, train_loss-0.0275, train_rmse-0.1660, valid_rmse-1.2662, valid_pr-0.7363
epoch-583, train_loss-0.0285, train_rmse-0.1689, valid_rmse-1.2666, valid_pr-0.7366
epoch-584, train_loss-0.0311, train_rmse-0.1762, valid_rmse-1.2679, valid_pr-0.7360
epoch-585, train_loss-0.0295, train_rmse-0.1716, valid_rmse-1.2645, valid_pr-0.7368
epoch-586, train_loss-0.0288, train_rmse-0.1697, valid_rmse-1.2637, valid_pr-0.7374
epoch-587, train_loss-0.0294, train_rmse-0.1715, valid_rmse-1.2699, valid_pr-0.7357
epoch-588, train_loss-0.0290, train_rmse-0.1702, valid_rmse-1.2650, valid_pr-0.7380
epoch-589, train_loss-0.0307, train_rmse-0.1753, valid_rmse-1.2710, valid_pr-0.7343
epoch-590, train_loss-0.0290, train_rmse-0.1702, valid_rmse-1.2675, valid_pr-0.7378
epoch-591, train_loss-0.0283, train_rmse-0.1682, valid_rmse-1.2661, valid_pr-0.7359
epoch-592, train_loss-0.0284, train_rmse-0.1687, valid_rmse-1.2686, valid_pr-0.7354
epoch-593, train_loss-0.0286, train_rmse-0.1691, valid_rmse-1.2652, valid_pr-0.7370
epoch-594, train_loss-0.0279, train_rmse-0.1669, valid_rmse-1.2670, valid_pr-0.7374
epoch-595, train_loss-0.0294, train_rmse-0.1714, valid_rmse-1.2752, valid_pr-0.7346
epoch-596, train_loss-0.0293, train_rmse-0.1713, valid_rmse-1.2684, valid_pr-0.7365
epoch-597, train_loss-0.0282, train_rmse-0.1680, valid_rmse-1.2689, valid_pr-0.7361
epoch-598, train_loss-0.0265, train_rmse-0.1627, valid_rmse-1.2633, valid_pr-0.7381
epoch-599, train_loss-0.0284, train_rmse-0.1684, valid_rmse-1.2630, valid_pr-0.7381
epoch-600, train_loss-0.0271, train_rmse-0.1647, valid_rmse-1.2652, valid_pr-0.7381
epoch-601, train_loss-0.0282, train_rmse-0.1679, valid_rmse-1.2651, valid_pr-0.7369
epoch-602, train_loss-0.0299, train_rmse-0.1729, valid_rmse-1.2638, valid_pr-0.7373
epoch-603, train_loss-0.0290, train_rmse-0.1704, valid_rmse-1.2670, valid_pr-0.7369
epoch-604, train_loss-0.0297, train_rmse-0.1722, valid_rmse-1.2711, valid_pr-0.7366
epoch-605, train_loss-0.0307, train_rmse-0.1751, valid_rmse-1.2664, valid_pr-0.7362
epoch-606, train_loss-0.0278, train_rmse-0.1667, valid_rmse-1.2652, valid_pr-0.7392
epoch-607, train_loss-0.0283, train_rmse-0.1681, valid_rmse-1.2670, valid_pr-0.7369
epoch-608, train_loss-0.0288, train_rmse-0.1697, valid_rmse-1.2647, valid_pr-0.7376
epoch-609, train_loss-0.0272, train_rmse-0.1649, valid_rmse-1.2643, valid_pr-0.7390
epoch-610, train_loss-0.0285, train_rmse-0.1689, valid_rmse-1.2624, valid_pr-0.7396
epoch-611, train_loss-0.0289, train_rmse-0.1701, valid_rmse-1.2647, valid_pr-0.7390
epoch-612, train_loss-0.0268, train_rmse-0.1637, valid_rmse-1.2600, valid_pr-0.7390
epoch-613, train_loss-0.0294, train_rmse-0.1715, valid_rmse-1.2632, valid_pr-0.7376
epoch-614, train_loss-0.0292, train_rmse-0.1708, valid_rmse-1.2628, valid_pr-0.7384
epoch-615, train_loss-0.0276, train_rmse-0.1662, valid_rmse-1.2655, valid_pr-0.7386
epoch-616, train_loss-0.0281, train_rmse-0.1677, valid_rmse-1.2608, valid_pr-0.7385
epoch-617, train_loss-0.0271, train_rmse-0.1645, valid_rmse-1.2680, valid_pr-0.7362
epoch-618, train_loss-0.0280, train_rmse-0.1673, valid_rmse-1.2640, valid_pr-0.7377
epoch-619, train_loss-0.0265, train_rmse-0.1628, valid_rmse-1.2651, valid_pr-0.7376
epoch-620, train_loss-0.0281, train_rmse-0.1676, valid_rmse-1.2678, valid_pr-0.7368
epoch-621, train_loss-0.0284, train_rmse-0.1685, valid_rmse-1.2643, valid_pr-0.7385
epoch-622, train_loss-0.0302, train_rmse-0.1739, valid_rmse-1.2613, valid_pr-0.7378
epoch-623, train_loss-0.0291, train_rmse-0.1705, valid_rmse-1.2566, valid_pr-0.7412
early stop in epoch 623
best_rmse: 1.2527
valid_rmse-1.2527, valid_pr-0.7426, test2013_rmse-1.5026, test2013_pr-0.7705, test2016_rmse-1.3989, test2016_pr-0.7656, test2019_rmse-1.5071, test2019_pr-0.5811
