ASD, lr=0.001, seed=611
train_ASD.py
train data: 11904
valid data: 1000
test2013 data: 107
test2016 data: 285
test2019 data: 4366
GIGN params # : 42663002
epoch-0, train_loss-5.3547, train_rmse-2.3140, valid_rmse-1.9100, valid_pr-0.3004
Validation : valid_rmse-1.9100, valid_pr-0.3004, 
test2013_rmse-2.2556, test2013_pr-0.3667, test2016_rmse-2.0397, test2016_pr-0.4083, test2019_rmse-1.9039, test2019_pr-0.2653
epoch-1, train_loss-3.4706, train_rmse-1.8630, valid_rmse-1.8362, valid_pr-0.3234
Validation : valid_rmse-1.8362, valid_pr-0.3234, 
test2013_rmse-2.1045, test2013_pr-0.4278, test2016_rmse-1.9642, test2016_pr-0.4451, test2019_rmse-1.7411, test2019_pr-0.3377
epoch-2, train_loss-3.3353, train_rmse-1.8263, valid_rmse-1.7772, valid_pr-0.3552
Validation : valid_rmse-1.7772, valid_pr-0.3552, 
test2013_rmse-2.0983, test2013_pr-0.4389, test2016_rmse-1.9887, test2016_pr-0.4307, test2019_rmse-1.7431, test2019_pr-0.3161
epoch-3, train_loss-3.0356, train_rmse-1.7423, valid_rmse-1.7585, valid_pr-0.3598
Validation : valid_rmse-1.7585, valid_pr-0.3598, 
test2013_rmse-1.9736, test2013_pr-0.5384, test2016_rmse-1.8672, test2016_pr-0.5105, test2019_rmse-1.7249, test2019_pr-0.3434
epoch-4, train_loss-2.9534, train_rmse-1.7185, valid_rmse-1.7896, valid_pr-0.3991
epoch-5, train_loss-2.8310, train_rmse-1.6825, valid_rmse-1.7196, valid_pr-0.4056
Validation : valid_rmse-1.7196, valid_pr-0.4056, 
test2013_rmse-2.0922, test2013_pr-0.4393, test2016_rmse-1.8681, test2016_pr-0.5194, test2019_rmse-1.6941, test2019_pr-0.3652
epoch-6, train_loss-2.7716, train_rmse-1.6648, valid_rmse-1.6720, valid_pr-0.4417
Validation : valid_rmse-1.6720, valid_pr-0.4417, 
test2013_rmse-2.1352, test2013_pr-0.4022, test2016_rmse-1.9208, test2016_pr-0.4677, test2019_rmse-1.6391, test2019_pr-0.4108
epoch-7, train_loss-2.6480, train_rmse-1.6273, valid_rmse-1.6317, valid_pr-0.4817
Validation : valid_rmse-1.6317, valid_pr-0.4817, 
test2013_rmse-1.9665, test2013_pr-0.5346, test2016_rmse-1.8121, test2016_pr-0.5530, test2019_rmse-1.6318, test2019_pr-0.4346
epoch-8, train_loss-2.5233, train_rmse-1.5885, valid_rmse-1.6549, valid_pr-0.4738
epoch-9, train_loss-2.5764, train_rmse-1.6051, valid_rmse-1.6350, valid_pr-0.4966
epoch-10, train_loss-2.4180, train_rmse-1.5550, valid_rmse-1.6252, valid_pr-0.5157
Validation : valid_rmse-1.6252, valid_pr-0.5157, 
test2013_rmse-2.0044, test2013_pr-0.5203, test2016_rmse-1.7549, test2016_pr-0.6099, test2019_rmse-1.6584, test2019_pr-0.4615
epoch-11, train_loss-2.4692, train_rmse-1.5714, valid_rmse-1.6216, valid_pr-0.5001
Validation : valid_rmse-1.6216, valid_pr-0.5001, 
test2013_rmse-2.0286, test2013_pr-0.4937, test2016_rmse-1.7987, test2016_pr-0.5646, test2019_rmse-1.6514, test2019_pr-0.4401
epoch-12, train_loss-2.4796, train_rmse-1.5747, valid_rmse-1.6478, valid_pr-0.5169
epoch-13, train_loss-2.4153, train_rmse-1.5541, valid_rmse-1.5768, valid_pr-0.5503
Validation : valid_rmse-1.5768, valid_pr-0.5503, 
test2013_rmse-1.9573, test2013_pr-0.5685, test2016_rmse-1.7987, test2016_pr-0.5807, test2019_rmse-1.6045, test2019_pr-0.4594
epoch-14, train_loss-2.3368, train_rmse-1.5287, valid_rmse-1.6234, valid_pr-0.5285
epoch-15, train_loss-2.2952, train_rmse-1.5150, valid_rmse-1.5810, valid_pr-0.5386
epoch-16, train_loss-2.3116, train_rmse-1.5204, valid_rmse-1.5838, valid_pr-0.5417
epoch-17, train_loss-2.2785, train_rmse-1.5095, valid_rmse-1.5364, valid_pr-0.5688
Validation : valid_rmse-1.5364, valid_pr-0.5688, 
test2013_rmse-1.8174, test2013_pr-0.6558, test2016_rmse-1.6350, test2016_pr-0.6838, test2019_rmse-1.6103, test2019_pr-0.4787
epoch-18, train_loss-2.2292, train_rmse-1.4930, valid_rmse-1.5321, valid_pr-0.6029
Validation : valid_rmse-1.5321, valid_pr-0.6029, 
test2013_rmse-1.8770, test2013_pr-0.6225, test2016_rmse-1.7206, test2016_pr-0.6539, test2019_rmse-1.6849, test2019_pr-0.4632
epoch-19, train_loss-2.1870, train_rmse-1.4788, valid_rmse-1.4859, valid_pr-0.5957
Validation : valid_rmse-1.4859, valid_pr-0.5957, 
test2013_rmse-1.9347, test2013_pr-0.5598, test2016_rmse-1.7210, test2016_pr-0.6220, test2019_rmse-1.5988, test2019_pr-0.4702
epoch-20, train_loss-2.0924, train_rmse-1.4465, valid_rmse-1.6282, valid_pr-0.5632
epoch-21, train_loss-2.1380, train_rmse-1.4622, valid_rmse-1.6231, valid_pr-0.5616
epoch-22, train_loss-2.0726, train_rmse-1.4397, valid_rmse-1.5204, valid_pr-0.5844
epoch-23, train_loss-2.0268, train_rmse-1.4236, valid_rmse-1.5414, valid_pr-0.5900
epoch-24, train_loss-1.9928, train_rmse-1.4117, valid_rmse-1.6076, valid_pr-0.5775
epoch-25, train_loss-2.0380, train_rmse-1.4276, valid_rmse-1.5267, valid_pr-0.5833
epoch-26, train_loss-2.0007, train_rmse-1.4144, valid_rmse-1.5638, valid_pr-0.5559
epoch-27, train_loss-2.0497, train_rmse-1.4317, valid_rmse-1.5001, valid_pr-0.6057
epoch-28, train_loss-1.9425, train_rmse-1.3937, valid_rmse-1.5204, valid_pr-0.5896
epoch-29, train_loss-1.9640, train_rmse-1.4014, valid_rmse-1.5087, valid_pr-0.6094
epoch-30, train_loss-1.9319, train_rmse-1.3899, valid_rmse-1.5243, valid_pr-0.6144
epoch-31, train_loss-1.9129, train_rmse-1.3831, valid_rmse-1.4740, valid_pr-0.6181
Validation : valid_rmse-1.4740, valid_pr-0.6181, 
test2013_rmse-1.7642, test2013_pr-0.6956, test2016_rmse-1.6320, test2016_pr-0.6927, test2019_rmse-1.5703, test2019_pr-0.4926
epoch-32, train_loss-1.9062, train_rmse-1.3806, valid_rmse-1.5031, valid_pr-0.5921
epoch-33, train_loss-1.8767, train_rmse-1.3699, valid_rmse-1.4907, valid_pr-0.6011
epoch-34, train_loss-1.8540, train_rmse-1.3616, valid_rmse-1.5183, valid_pr-0.6148
epoch-35, train_loss-1.7981, train_rmse-1.3409, valid_rmse-1.5005, valid_pr-0.6153
epoch-36, train_loss-1.8083, train_rmse-1.3447, valid_rmse-1.4352, valid_pr-0.6433
Validation : valid_rmse-1.4352, valid_pr-0.6433, 
test2013_rmse-1.6567, test2013_pr-0.7240, test2016_rmse-1.5598, test2016_pr-0.7106, test2019_rmse-1.5425, test2019_pr-0.5268
epoch-37, train_loss-1.7407, train_rmse-1.3193, valid_rmse-1.4986, valid_pr-0.6365
epoch-38, train_loss-1.7298, train_rmse-1.3152, valid_rmse-1.5005, valid_pr-0.6305
epoch-39, train_loss-1.7613, train_rmse-1.3271, valid_rmse-1.4990, valid_pr-0.6098
epoch-40, train_loss-1.7183, train_rmse-1.3109, valid_rmse-1.4676, valid_pr-0.6108
epoch-41, train_loss-1.7541, train_rmse-1.3244, valid_rmse-1.5490, valid_pr-0.5888
epoch-42, train_loss-1.7353, train_rmse-1.3173, valid_rmse-1.4440, valid_pr-0.6350
epoch-43, train_loss-1.7046, train_rmse-1.3056, valid_rmse-1.5317, valid_pr-0.5941
epoch-44, train_loss-1.6699, train_rmse-1.2923, valid_rmse-1.4197, valid_pr-0.6502
Validation : valid_rmse-1.4197, valid_pr-0.6502, 
test2013_rmse-1.6635, test2013_pr-0.7212, test2016_rmse-1.5148, test2016_pr-0.7253, test2019_rmse-1.5391, test2019_pr-0.5316
epoch-45, train_loss-1.5926, train_rmse-1.2620, valid_rmse-1.4997, valid_pr-0.6246
epoch-46, train_loss-1.5605, train_rmse-1.2492, valid_rmse-1.4392, valid_pr-0.6457
epoch-47, train_loss-1.5942, train_rmse-1.2626, valid_rmse-1.4437, valid_pr-0.6367
epoch-48, train_loss-1.5334, train_rmse-1.2383, valid_rmse-1.4390, valid_pr-0.6455
epoch-49, train_loss-1.5083, train_rmse-1.2281, valid_rmse-1.4460, valid_pr-0.6431
epoch-50, train_loss-1.5173, train_rmse-1.2318, valid_rmse-1.4816, valid_pr-0.6168
epoch-51, train_loss-1.5661, train_rmse-1.2514, valid_rmse-1.4610, valid_pr-0.6194
epoch-52, train_loss-1.5315, train_rmse-1.2375, valid_rmse-1.4518, valid_pr-0.6349
epoch-53, train_loss-1.4730, train_rmse-1.2137, valid_rmse-1.4591, valid_pr-0.6360
epoch-54, train_loss-1.4429, train_rmse-1.2012, valid_rmse-1.4102, valid_pr-0.6593
Validation : valid_rmse-1.4102, valid_pr-0.6593, 
test2013_rmse-1.5941, test2013_pr-0.7622, test2016_rmse-1.5807, test2016_pr-0.7134, test2019_rmse-1.5215, test2019_pr-0.5505
epoch-55, train_loss-1.4289, train_rmse-1.1954, valid_rmse-1.5220, valid_pr-0.6250
epoch-56, train_loss-1.4086, train_rmse-1.1868, valid_rmse-1.4304, valid_pr-0.6520
epoch-57, train_loss-1.3919, train_rmse-1.1798, valid_rmse-1.4463, valid_pr-0.6486
epoch-58, train_loss-1.4615, train_rmse-1.2089, valid_rmse-1.4387, valid_pr-0.6438
epoch-59, train_loss-1.4010, train_rmse-1.1836, valid_rmse-1.4050, valid_pr-0.6557
Validation : valid_rmse-1.4050, valid_pr-0.6557, 
test2013_rmse-1.6546, test2013_pr-0.7132, test2016_rmse-1.4979, test2016_pr-0.7319, test2019_rmse-1.5263, test2019_pr-0.5400
epoch-60, train_loss-1.3662, train_rmse-1.1689, valid_rmse-1.3788, valid_pr-0.6750
Validation : valid_rmse-1.3788, valid_pr-0.6750, 
test2013_rmse-1.6698, test2013_pr-0.7123, test2016_rmse-1.5778, test2016_pr-0.7016, test2019_rmse-1.5065, test2019_pr-0.5539
epoch-61, train_loss-1.3646, train_rmse-1.1682, valid_rmse-1.3906, valid_pr-0.6669
epoch-62, train_loss-1.3211, train_rmse-1.1494, valid_rmse-1.4285, valid_pr-0.6415
epoch-63, train_loss-1.2956, train_rmse-1.1382, valid_rmse-1.4892, valid_pr-0.6418
epoch-64, train_loss-1.3437, train_rmse-1.1592, valid_rmse-1.4654, valid_pr-0.6455
epoch-65, train_loss-1.3537, train_rmse-1.1635, valid_rmse-1.4030, valid_pr-0.6692
epoch-66, train_loss-1.3165, train_rmse-1.1474, valid_rmse-1.4096, valid_pr-0.6653
epoch-67, train_loss-1.2615, train_rmse-1.1232, valid_rmse-1.3947, valid_pr-0.6845
epoch-68, train_loss-1.3010, train_rmse-1.1406, valid_rmse-1.4300, valid_pr-0.6538
epoch-69, train_loss-1.2853, train_rmse-1.1337, valid_rmse-1.3732, valid_pr-0.6823
Validation : valid_rmse-1.3732, valid_pr-0.6823, 
test2013_rmse-1.5373, test2013_pr-0.7546, test2016_rmse-1.4482, test2016_pr-0.7468, test2019_rmse-1.5366, test2019_pr-0.5576
epoch-70, train_loss-1.2386, train_rmse-1.1129, valid_rmse-1.4442, valid_pr-0.6617
epoch-71, train_loss-1.2195, train_rmse-1.1043, valid_rmse-1.3969, valid_pr-0.6688
epoch-72, train_loss-1.1940, train_rmse-1.0927, valid_rmse-1.4362, valid_pr-0.6638
epoch-73, train_loss-1.2151, train_rmse-1.1023, valid_rmse-1.4333, valid_pr-0.6645
epoch-74, train_loss-1.2018, train_rmse-1.0963, valid_rmse-1.4441, valid_pr-0.6647
epoch-75, train_loss-1.1726, train_rmse-1.0829, valid_rmse-1.4346, valid_pr-0.6501
epoch-76, train_loss-1.1427, train_rmse-1.0690, valid_rmse-1.4315, valid_pr-0.6500
epoch-77, train_loss-1.1493, train_rmse-1.0721, valid_rmse-1.4553, valid_pr-0.6440
epoch-78, train_loss-1.1046, train_rmse-1.0510, valid_rmse-1.4048, valid_pr-0.6599
epoch-79, train_loss-1.1021, train_rmse-1.0498, valid_rmse-1.3970, valid_pr-0.6759
epoch-80, train_loss-1.1152, train_rmse-1.0560, valid_rmse-1.4469, valid_pr-0.6403
epoch-81, train_loss-1.1164, train_rmse-1.0566, valid_rmse-1.4213, valid_pr-0.6568
epoch-82, train_loss-1.0849, train_rmse-1.0416, valid_rmse-1.3883, valid_pr-0.6751
epoch-83, train_loss-1.0725, train_rmse-1.0356, valid_rmse-1.4177, valid_pr-0.6618
epoch-84, train_loss-1.0658, train_rmse-1.0324, valid_rmse-1.4299, valid_pr-0.6626
epoch-85, train_loss-1.0538, train_rmse-1.0265, valid_rmse-1.5273, valid_pr-0.6559
epoch-86, train_loss-1.0542, train_rmse-1.0268, valid_rmse-1.4193, valid_pr-0.6653
epoch-87, train_loss-1.0155, train_rmse-1.0077, valid_rmse-1.4444, valid_pr-0.6574
epoch-88, train_loss-1.0303, train_rmse-1.0151, valid_rmse-1.4193, valid_pr-0.6500
epoch-89, train_loss-1.0726, train_rmse-1.0357, valid_rmse-1.4167, valid_pr-0.6516
epoch-90, train_loss-1.0005, train_rmse-1.0002, valid_rmse-1.4313, valid_pr-0.6849
epoch-91, train_loss-1.0295, train_rmse-1.0146, valid_rmse-1.4227, valid_pr-0.6582
epoch-92, train_loss-0.9528, train_rmse-0.9761, valid_rmse-1.3892, valid_pr-0.6761
epoch-93, train_loss-0.9845, train_rmse-0.9922, valid_rmse-1.3653, valid_pr-0.6844
Validation : valid_rmse-1.3653, valid_pr-0.6844, 
test2013_rmse-1.5777, test2013_pr-0.7477, test2016_rmse-1.5346, test2016_pr-0.7172, test2019_rmse-1.5452, test2019_pr-0.5418
epoch-94, train_loss-0.9290, train_rmse-0.9639, valid_rmse-1.4404, valid_pr-0.6791
epoch-95, train_loss-0.9014, train_rmse-0.9494, valid_rmse-1.3687, valid_pr-0.6849
epoch-96, train_loss-0.9036, train_rmse-0.9506, valid_rmse-1.3532, valid_pr-0.6946
Validation : valid_rmse-1.3532, valid_pr-0.6946, 
test2013_rmse-1.6067, test2013_pr-0.7374, test2016_rmse-1.4912, test2016_pr-0.7326, test2019_rmse-1.5574, test2019_pr-0.5424
epoch-97, train_loss-0.8995, train_rmse-0.9484, valid_rmse-1.3801, valid_pr-0.6826
epoch-98, train_loss-0.9393, train_rmse-0.9692, valid_rmse-1.3946, valid_pr-0.6685
epoch-99, train_loss-0.9249, train_rmse-0.9617, valid_rmse-1.3652, valid_pr-0.6895
epoch-100, train_loss-0.9180, train_rmse-0.9581, valid_rmse-1.4171, valid_pr-0.6587
epoch-101, train_loss-0.9154, train_rmse-0.9568, valid_rmse-1.4486, valid_pr-0.6453
epoch-102, train_loss-0.8933, train_rmse-0.9451, valid_rmse-1.3951, valid_pr-0.6748
epoch-103, train_loss-0.9100, train_rmse-0.9540, valid_rmse-1.3888, valid_pr-0.6913
epoch-104, train_loss-0.9032, train_rmse-0.9504, valid_rmse-1.3964, valid_pr-0.6805
epoch-105, train_loss-0.9085, train_rmse-0.9532, valid_rmse-1.4032, valid_pr-0.6737
epoch-106, train_loss-0.8906, train_rmse-0.9437, valid_rmse-1.3997, valid_pr-0.6770
epoch-107, train_loss-1.0224, train_rmse-1.0112, valid_rmse-1.5581, valid_pr-0.5688
epoch-108, train_loss-1.3521, train_rmse-1.1628, valid_rmse-1.5021, valid_pr-0.6302
epoch-109, train_loss-1.5492, train_rmse-1.2447, valid_rmse-1.4482, valid_pr-0.6304
epoch-110, train_loss-1.3537, train_rmse-1.1635, valid_rmse-1.3783, valid_pr-0.6733
epoch-111, train_loss-1.1087, train_rmse-1.0530, valid_rmse-1.3536, valid_pr-0.6967
epoch-112, train_loss-1.0433, train_rmse-1.0214, valid_rmse-1.3641, valid_pr-0.6804
epoch-113, train_loss-0.9109, train_rmse-0.9544, valid_rmse-1.3694, valid_pr-0.6841
epoch-114, train_loss-0.8760, train_rmse-0.9359, valid_rmse-1.4427, valid_pr-0.6497
epoch-115, train_loss-0.8677, train_rmse-0.9315, valid_rmse-1.3768, valid_pr-0.6796
epoch-116, train_loss-0.8152, train_rmse-0.9029, valid_rmse-1.3523, valid_pr-0.6954
Validation : valid_rmse-1.3523, valid_pr-0.6954, 
test2013_rmse-1.5308, test2013_pr-0.7684, test2016_rmse-1.4344, test2016_pr-0.7530, test2019_rmse-1.5176, test2019_pr-0.5708
epoch-117, train_loss-0.8254, train_rmse-0.9085, valid_rmse-1.3823, valid_pr-0.6880
epoch-118, train_loss-0.7650, train_rmse-0.8746, valid_rmse-1.4125, valid_pr-0.6883
epoch-119, train_loss-0.8214, train_rmse-0.9063, valid_rmse-1.3751, valid_pr-0.6847
epoch-120, train_loss-0.7884, train_rmse-0.8879, valid_rmse-1.3706, valid_pr-0.6874
epoch-121, train_loss-0.7761, train_rmse-0.8810, valid_rmse-1.4044, valid_pr-0.6817
epoch-122, train_loss-0.7348, train_rmse-0.8572, valid_rmse-1.3771, valid_pr-0.6837
epoch-123, train_loss-0.7459, train_rmse-0.8637, valid_rmse-1.3380, valid_pr-0.7032
Validation : valid_rmse-1.3380, valid_pr-0.7032, 
test2013_rmse-1.5267, test2013_pr-0.7569, test2016_rmse-1.4711, test2016_pr-0.7364, test2019_rmse-1.5492, test2019_pr-0.5527
epoch-124, train_loss-0.7099, train_rmse-0.8426, valid_rmse-1.3863, valid_pr-0.6757
epoch-125, train_loss-0.6777, train_rmse-0.8233, valid_rmse-1.4309, valid_pr-0.6612
epoch-126, train_loss-0.7204, train_rmse-0.8488, valid_rmse-1.3917, valid_pr-0.6761
epoch-127, train_loss-0.7079, train_rmse-0.8414, valid_rmse-1.4022, valid_pr-0.6696
epoch-128, train_loss-0.7545, train_rmse-0.8686, valid_rmse-1.3921, valid_pr-0.6784
epoch-129, train_loss-0.7166, train_rmse-0.8465, valid_rmse-1.3784, valid_pr-0.6756
epoch-130, train_loss-0.6921, train_rmse-0.8319, valid_rmse-1.3913, valid_pr-0.6720
epoch-131, train_loss-1.8274, train_rmse-1.3518, valid_rmse-1.4997, valid_pr-0.5974
epoch-132, train_loss-1.3802, train_rmse-1.1748, valid_rmse-1.4332, valid_pr-0.6440
epoch-133, train_loss-1.0745, train_rmse-1.0366, valid_rmse-1.4652, valid_pr-0.6518
epoch-134, train_loss-0.9827, train_rmse-0.9913, valid_rmse-1.3836, valid_pr-0.6824
epoch-135, train_loss-0.8918, train_rmse-0.9443, valid_rmse-1.3542, valid_pr-0.6973
epoch-136, train_loss-0.8102, train_rmse-0.9001, valid_rmse-1.3848, valid_pr-0.6844
epoch-137, train_loss-0.7408, train_rmse-0.8607, valid_rmse-1.4398, valid_pr-0.6536
epoch-138, train_loss-0.7086, train_rmse-0.8418, valid_rmse-1.3731, valid_pr-0.6906
epoch-139, train_loss-0.6972, train_rmse-0.8350, valid_rmse-1.3681, valid_pr-0.6836
epoch-140, train_loss-0.7401, train_rmse-0.8603, valid_rmse-1.3891, valid_pr-0.6836
epoch-141, train_loss-0.6691, train_rmse-0.8180, valid_rmse-1.4192, valid_pr-0.6734
epoch-142, train_loss-0.6628, train_rmse-0.8141, valid_rmse-1.4185, valid_pr-0.6739
epoch-143, train_loss-0.6787, train_rmse-0.8239, valid_rmse-1.3739, valid_pr-0.6927
epoch-144, train_loss-0.6313, train_rmse-0.7946, valid_rmse-1.4094, valid_pr-0.6712
epoch-145, train_loss-0.6448, train_rmse-0.8030, valid_rmse-1.3944, valid_pr-0.6776
epoch-146, train_loss-0.6253, train_rmse-0.7908, valid_rmse-1.3824, valid_pr-0.6875
epoch-147, train_loss-0.6055, train_rmse-0.7782, valid_rmse-1.3603, valid_pr-0.7008
epoch-148, train_loss-0.5992, train_rmse-0.7741, valid_rmse-1.3584, valid_pr-0.6935
epoch-149, train_loss-0.6018, train_rmse-0.7758, valid_rmse-1.4004, valid_pr-0.6847
epoch-150, train_loss-0.6094, train_rmse-0.7806, valid_rmse-1.3531, valid_pr-0.7041
epoch-151, train_loss-0.5778, train_rmse-0.7602, valid_rmse-1.4080, valid_pr-0.6776
epoch-152, train_loss-0.6446, train_rmse-0.8029, valid_rmse-1.3550, valid_pr-0.6951
epoch-153, train_loss-0.6256, train_rmse-0.7910, valid_rmse-1.3612, valid_pr-0.6989
epoch-154, train_loss-0.6518, train_rmse-0.8073, valid_rmse-1.4016, valid_pr-0.6791
epoch-155, train_loss-0.6018, train_rmse-0.7757, valid_rmse-1.3464, valid_pr-0.7034
epoch-156, train_loss-0.5790, train_rmse-0.7609, valid_rmse-1.3576, valid_pr-0.6934
epoch-157, train_loss-0.5834, train_rmse-0.7638, valid_rmse-1.4222, valid_pr-0.6765
epoch-158, train_loss-0.6391, train_rmse-0.7994, valid_rmse-1.3713, valid_pr-0.6925
epoch-159, train_loss-0.5650, train_rmse-0.7517, valid_rmse-1.3607, valid_pr-0.6991
epoch-160, train_loss-0.5407, train_rmse-0.7353, valid_rmse-1.3699, valid_pr-0.6866
epoch-161, train_loss-0.5456, train_rmse-0.7386, valid_rmse-1.3765, valid_pr-0.6868
epoch-162, train_loss-0.5478, train_rmse-0.7402, valid_rmse-1.3496, valid_pr-0.6978
epoch-163, train_loss-0.5279, train_rmse-0.7266, valid_rmse-1.3706, valid_pr-0.6969
epoch-164, train_loss-0.5152, train_rmse-0.7178, valid_rmse-1.3873, valid_pr-0.6801
epoch-165, train_loss-0.5055, train_rmse-0.7110, valid_rmse-1.4046, valid_pr-0.6826
epoch-166, train_loss-0.5736, train_rmse-0.7573, valid_rmse-1.3501, valid_pr-0.6989
epoch-167, train_loss-0.5250, train_rmse-0.7245, valid_rmse-1.3811, valid_pr-0.6884
epoch-168, train_loss-0.4983, train_rmse-0.7059, valid_rmse-1.3711, valid_pr-0.6905
epoch-169, train_loss-0.4783, train_rmse-0.6916, valid_rmse-1.3318, valid_pr-0.7058
Validation : valid_rmse-1.3318, valid_pr-0.7058, 
test2013_rmse-1.5963, test2013_pr-0.7310, test2016_rmse-1.4641, test2016_pr-0.7384, test2019_rmse-1.5574, test2019_pr-0.5569
epoch-170, train_loss-0.5076, train_rmse-0.7124, valid_rmse-1.3874, valid_pr-0.6879
epoch-171, train_loss-0.4975, train_rmse-0.7053, valid_rmse-1.3745, valid_pr-0.6853
epoch-172, train_loss-0.4948, train_rmse-0.7034, valid_rmse-1.3756, valid_pr-0.6857
epoch-173, train_loss-0.4968, train_rmse-0.7048, valid_rmse-1.3503, valid_pr-0.7029
epoch-174, train_loss-0.5039, train_rmse-0.7099, valid_rmse-1.3770, valid_pr-0.6917
epoch-175, train_loss-0.5058, train_rmse-0.7112, valid_rmse-1.3658, valid_pr-0.6882
epoch-176, train_loss-0.5035, train_rmse-0.7096, valid_rmse-1.3649, valid_pr-0.6958
epoch-177, train_loss-0.5070, train_rmse-0.7120, valid_rmse-1.3743, valid_pr-0.6927
epoch-178, train_loss-0.4984, train_rmse-0.7060, valid_rmse-1.3730, valid_pr-0.7052
epoch-179, train_loss-0.4632, train_rmse-0.6806, valid_rmse-1.3608, valid_pr-0.7050
epoch-180, train_loss-0.4628, train_rmse-0.6803, valid_rmse-1.3779, valid_pr-0.6994
epoch-181, train_loss-0.4847, train_rmse-0.6962, valid_rmse-1.3413, valid_pr-0.7037
epoch-182, train_loss-0.4250, train_rmse-0.6520, valid_rmse-1.3510, valid_pr-0.6990
epoch-183, train_loss-0.4347, train_rmse-0.6593, valid_rmse-1.3550, valid_pr-0.7027
epoch-184, train_loss-0.4296, train_rmse-0.6554, valid_rmse-1.3844, valid_pr-0.6868
epoch-185, train_loss-0.4353, train_rmse-0.6598, valid_rmse-1.3655, valid_pr-0.6877
epoch-186, train_loss-0.4447, train_rmse-0.6668, valid_rmse-1.3994, valid_pr-0.6878
epoch-187, train_loss-0.4420, train_rmse-0.6648, valid_rmse-1.4019, valid_pr-0.6857
epoch-188, train_loss-0.4233, train_rmse-0.6506, valid_rmse-1.4142, valid_pr-0.6777
epoch-189, train_loss-0.4132, train_rmse-0.6428, valid_rmse-1.3730, valid_pr-0.6910
epoch-190, train_loss-0.4074, train_rmse-0.6383, valid_rmse-1.4126, valid_pr-0.6708
epoch-191, train_loss-0.3929, train_rmse-0.6268, valid_rmse-1.3823, valid_pr-0.6875
epoch-192, train_loss-0.4095, train_rmse-0.6399, valid_rmse-1.3990, valid_pr-0.6826
epoch-193, train_loss-0.4368, train_rmse-0.6609, valid_rmse-1.3689, valid_pr-0.6948
epoch-194, train_loss-0.4292, train_rmse-0.6551, valid_rmse-1.3684, valid_pr-0.6876
epoch-195, train_loss-0.4411, train_rmse-0.6641, valid_rmse-1.3720, valid_pr-0.6862
epoch-196, train_loss-0.4129, train_rmse-0.6426, valid_rmse-1.3953, valid_pr-0.6899
epoch-197, train_loss-0.4058, train_rmse-0.6370, valid_rmse-1.3497, valid_pr-0.6968
epoch-198, train_loss-0.3874, train_rmse-0.6224, valid_rmse-1.4071, valid_pr-0.6914
epoch-199, train_loss-0.4007, train_rmse-0.6330, valid_rmse-1.3541, valid_pr-0.6988
epoch-200, train_loss-0.3850, train_rmse-0.6205, valid_rmse-1.3554, valid_pr-0.7006
epoch-201, train_loss-0.3751, train_rmse-0.6124, valid_rmse-1.3940, valid_pr-0.6883
epoch-202, train_loss-0.4369, train_rmse-0.6610, valid_rmse-1.3624, valid_pr-0.6896
epoch-203, train_loss-0.4122, train_rmse-0.6420, valid_rmse-1.3346, valid_pr-0.7009
epoch-204, train_loss-0.3859, train_rmse-0.6212, valid_rmse-1.3623, valid_pr-0.6899
epoch-205, train_loss-0.3793, train_rmse-0.6159, valid_rmse-1.3783, valid_pr-0.6906
epoch-206, train_loss-0.3874, train_rmse-0.6224, valid_rmse-1.4081, valid_pr-0.6653
epoch-207, train_loss-0.3987, train_rmse-0.6314, valid_rmse-1.3465, valid_pr-0.6982
epoch-208, train_loss-0.3652, train_rmse-0.6043, valid_rmse-1.3492, valid_pr-0.6996
epoch-209, train_loss-0.3613, train_rmse-0.6011, valid_rmse-1.3727, valid_pr-0.6848
epoch-210, train_loss-0.3622, train_rmse-0.6018, valid_rmse-1.3624, valid_pr-0.7015
epoch-211, train_loss-0.3634, train_rmse-0.6028, valid_rmse-1.3513, valid_pr-0.7016
epoch-212, train_loss-0.3470, train_rmse-0.5890, valid_rmse-1.3695, valid_pr-0.6972
epoch-213, train_loss-0.3594, train_rmse-0.5995, valid_rmse-1.3455, valid_pr-0.7057
epoch-214, train_loss-0.3551, train_rmse-0.5959, valid_rmse-1.3419, valid_pr-0.7124
epoch-215, train_loss-0.3489, train_rmse-0.5907, valid_rmse-1.3732, valid_pr-0.6912
epoch-216, train_loss-0.3842, train_rmse-0.6198, valid_rmse-1.3509, valid_pr-0.7043
epoch-217, train_loss-0.3752, train_rmse-0.6125, valid_rmse-1.3604, valid_pr-0.7033
epoch-218, train_loss-0.3999, train_rmse-0.6324, valid_rmse-1.3671, valid_pr-0.6940
epoch-219, train_loss-0.3410, train_rmse-0.5840, valid_rmse-1.3245, valid_pr-0.7134
Validation : valid_rmse-1.3245, valid_pr-0.7134, 
test2013_rmse-1.4896, test2013_pr-0.7694, test2016_rmse-1.4174, test2016_pr-0.7575, test2019_rmse-1.5560, test2019_pr-0.5624
epoch-220, train_loss-0.3599, train_rmse-0.5999, valid_rmse-1.3565, valid_pr-0.6996
epoch-221, train_loss-0.3678, train_rmse-0.6065, valid_rmse-1.3535, valid_pr-0.6997
epoch-222, train_loss-0.3307, train_rmse-0.5751, valid_rmse-1.3651, valid_pr-0.7029
epoch-223, train_loss-0.3325, train_rmse-0.5766, valid_rmse-1.3452, valid_pr-0.7000
epoch-224, train_loss-0.3335, train_rmse-0.5775, valid_rmse-1.3232, valid_pr-0.7161
Validation : valid_rmse-1.3232, valid_pr-0.7161, 
test2013_rmse-1.5886, test2013_pr-0.7296, test2016_rmse-1.4715, test2016_pr-0.7358, test2019_rmse-1.5667, test2019_pr-0.5545
epoch-225, train_loss-0.3518, train_rmse-0.5931, valid_rmse-1.3432, valid_pr-0.7090
epoch-226, train_loss-0.3475, train_rmse-0.5895, valid_rmse-1.3416, valid_pr-0.7046
epoch-227, train_loss-0.3560, train_rmse-0.5967, valid_rmse-1.3295, valid_pr-0.7118
epoch-228, train_loss-0.3668, train_rmse-0.6056, valid_rmse-1.3376, valid_pr-0.7054
epoch-229, train_loss-0.3308, train_rmse-0.5752, valid_rmse-1.3936, valid_pr-0.6875
epoch-230, train_loss-0.3521, train_rmse-0.5934, valid_rmse-1.3653, valid_pr-0.6961
epoch-231, train_loss-0.3443, train_rmse-0.5867, valid_rmse-1.3448, valid_pr-0.7163
epoch-232, train_loss-0.3178, train_rmse-0.5637, valid_rmse-1.3633, valid_pr-0.6935
epoch-233, train_loss-0.2957, train_rmse-0.5438, valid_rmse-1.4230, valid_pr-0.6974
epoch-234, train_loss-0.3074, train_rmse-0.5545, valid_rmse-1.3258, valid_pr-0.7143
epoch-235, train_loss-0.3181, train_rmse-0.5640, valid_rmse-1.3363, valid_pr-0.7046
epoch-236, train_loss-0.3187, train_rmse-0.5646, valid_rmse-1.3950, valid_pr-0.6875
epoch-237, train_loss-0.3081, train_rmse-0.5551, valid_rmse-1.3795, valid_pr-0.7087
epoch-238, train_loss-0.3385, train_rmse-0.5818, valid_rmse-1.3719, valid_pr-0.7011
epoch-239, train_loss-0.3429, train_rmse-0.5856, valid_rmse-1.3319, valid_pr-0.7059
epoch-240, train_loss-0.3150, train_rmse-0.5612, valid_rmse-1.3428, valid_pr-0.7027
epoch-241, train_loss-0.3132, train_rmse-0.5597, valid_rmse-1.3377, valid_pr-0.7058
epoch-242, train_loss-0.2990, train_rmse-0.5468, valid_rmse-1.3638, valid_pr-0.6983
epoch-243, train_loss-0.2972, train_rmse-0.5451, valid_rmse-1.3451, valid_pr-0.7060
epoch-244, train_loss-0.2885, train_rmse-0.5371, valid_rmse-1.3604, valid_pr-0.7035
epoch-245, train_loss-0.2887, train_rmse-0.5373, valid_rmse-1.3463, valid_pr-0.7007
epoch-246, train_loss-0.2906, train_rmse-0.5390, valid_rmse-1.3626, valid_pr-0.7040
epoch-247, train_loss-0.2787, train_rmse-0.5280, valid_rmse-1.3418, valid_pr-0.7108
epoch-248, train_loss-0.2903, train_rmse-0.5388, valid_rmse-1.3702, valid_pr-0.6997
epoch-249, train_loss-0.3138, train_rmse-0.5602, valid_rmse-1.3077, valid_pr-0.7238
Validation : valid_rmse-1.3077, valid_pr-0.7238, 
test2013_rmse-1.5330, test2013_pr-0.7524, test2016_rmse-1.4175, test2016_pr-0.7576, test2019_rmse-1.5519, test2019_pr-0.5654
epoch-250, train_loss-0.2839, train_rmse-0.5328, valid_rmse-1.3471, valid_pr-0.7052
epoch-251, train_loss-0.2762, train_rmse-0.5255, valid_rmse-1.3537, valid_pr-0.6992
epoch-252, train_loss-0.2685, train_rmse-0.5182, valid_rmse-1.3589, valid_pr-0.7007
epoch-253, train_loss-0.2920, train_rmse-0.5404, valid_rmse-1.3469, valid_pr-0.7119
epoch-254, train_loss-0.2998, train_rmse-0.5476, valid_rmse-1.3597, valid_pr-0.6986
epoch-255, train_loss-0.3025, train_rmse-0.5500, valid_rmse-1.3815, valid_pr-0.6915
epoch-256, train_loss-0.3012, train_rmse-0.5488, valid_rmse-1.3467, valid_pr-0.6973
epoch-257, train_loss-0.2784, train_rmse-0.5276, valid_rmse-1.3649, valid_pr-0.6940
epoch-258, train_loss-0.2611, train_rmse-0.5109, valid_rmse-1.3282, valid_pr-0.7065
epoch-259, train_loss-0.2891, train_rmse-0.5377, valid_rmse-1.3384, valid_pr-0.7059
epoch-260, train_loss-0.2830, train_rmse-0.5319, valid_rmse-1.3743, valid_pr-0.6962
epoch-261, train_loss-0.2861, train_rmse-0.5348, valid_rmse-1.3600, valid_pr-0.7027
epoch-262, train_loss-0.2855, train_rmse-0.5344, valid_rmse-1.3277, valid_pr-0.7167
epoch-263, train_loss-0.2473, train_rmse-0.4973, valid_rmse-1.3525, valid_pr-0.6930
epoch-264, train_loss-0.2607, train_rmse-0.5105, valid_rmse-1.3495, valid_pr-0.7020
epoch-265, train_loss-0.2531, train_rmse-0.5031, valid_rmse-1.3690, valid_pr-0.6961
epoch-266, train_loss-0.2584, train_rmse-0.5084, valid_rmse-1.3927, valid_pr-0.6756
epoch-267, train_loss-0.2659, train_rmse-0.5156, valid_rmse-1.3933, valid_pr-0.6978
epoch-268, train_loss-0.2525, train_rmse-0.5025, valid_rmse-1.3511, valid_pr-0.7104
epoch-269, train_loss-0.2426, train_rmse-0.4925, valid_rmse-1.3479, valid_pr-0.7005
epoch-270, train_loss-0.2440, train_rmse-0.4940, valid_rmse-1.3378, valid_pr-0.7043
epoch-271, train_loss-0.2516, train_rmse-0.5016, valid_rmse-1.3339, valid_pr-0.7056
epoch-272, train_loss-0.2583, train_rmse-0.5083, valid_rmse-1.3661, valid_pr-0.6970
epoch-273, train_loss-0.2665, train_rmse-0.5163, valid_rmse-1.3764, valid_pr-0.6925
epoch-274, train_loss-0.4278, train_rmse-0.6541, valid_rmse-1.3964, valid_pr-0.6776
epoch-275, train_loss-0.7077, train_rmse-0.8412, valid_rmse-1.4165, valid_pr-0.6649
epoch-276, train_loss-0.5476, train_rmse-0.7400, valid_rmse-1.3775, valid_pr-0.6845
epoch-277, train_loss-0.4169, train_rmse-0.6457, valid_rmse-1.3718, valid_pr-0.7022
epoch-278, train_loss-0.3227, train_rmse-0.5681, valid_rmse-1.3485, valid_pr-0.7012
epoch-279, train_loss-0.2707, train_rmse-0.5203, valid_rmse-1.3405, valid_pr-0.7060
epoch-280, train_loss-0.2431, train_rmse-0.4931, valid_rmse-1.3076, valid_pr-0.7215
Validation : valid_rmse-1.3076, valid_pr-0.7215, 
test2013_rmse-1.5679, test2013_pr-0.7409, test2016_rmse-1.4582, test2016_pr-0.7442, test2019_rmse-1.5532, test2019_pr-0.5588
epoch-281, train_loss-0.2488, train_rmse-0.4988, valid_rmse-1.3016, valid_pr-0.7223
Validation : valid_rmse-1.3016, valid_pr-0.7223, 
test2013_rmse-1.5321, test2013_pr-0.7566, test2016_rmse-1.4275, test2016_pr-0.7559, test2019_rmse-1.5520, test2019_pr-0.5580
epoch-282, train_loss-0.2569, train_rmse-0.5069, valid_rmse-1.3301, valid_pr-0.7088
epoch-283, train_loss-0.2343, train_rmse-0.4840, valid_rmse-1.3359, valid_pr-0.7108
epoch-284, train_loss-0.2167, train_rmse-0.4655, valid_rmse-1.3198, valid_pr-0.7177
epoch-285, train_loss-0.2189, train_rmse-0.4678, valid_rmse-1.3742, valid_pr-0.6912
epoch-286, train_loss-0.2169, train_rmse-0.4657, valid_rmse-1.3605, valid_pr-0.6980
epoch-287, train_loss-0.2222, train_rmse-0.4714, valid_rmse-1.3293, valid_pr-0.7082
epoch-288, train_loss-0.2236, train_rmse-0.4729, valid_rmse-1.3294, valid_pr-0.7112
epoch-289, train_loss-0.2219, train_rmse-0.4711, valid_rmse-1.3368, valid_pr-0.7057
epoch-290, train_loss-0.2190, train_rmse-0.4680, valid_rmse-1.3345, valid_pr-0.7092
epoch-291, train_loss-0.2188, train_rmse-0.4678, valid_rmse-1.3640, valid_pr-0.6956
epoch-292, train_loss-0.2110, train_rmse-0.4594, valid_rmse-1.3426, valid_pr-0.7028
epoch-293, train_loss-0.2091, train_rmse-0.4572, valid_rmse-1.3620, valid_pr-0.6914
epoch-294, train_loss-0.2078, train_rmse-0.4558, valid_rmse-1.3316, valid_pr-0.7130
epoch-295, train_loss-0.2144, train_rmse-0.4630, valid_rmse-1.3228, valid_pr-0.7094
epoch-296, train_loss-0.2217, train_rmse-0.4708, valid_rmse-1.3312, valid_pr-0.7051
epoch-297, train_loss-0.2112, train_rmse-0.4596, valid_rmse-1.3633, valid_pr-0.6981
epoch-298, train_loss-0.2332, train_rmse-0.4829, valid_rmse-1.3868, valid_pr-0.6855
epoch-299, train_loss-0.2305, train_rmse-0.4801, valid_rmse-1.3458, valid_pr-0.7074
epoch-300, train_loss-0.2317, train_rmse-0.4813, valid_rmse-1.3345, valid_pr-0.7105
epoch-301, train_loss-0.2079, train_rmse-0.4560, valid_rmse-1.3544, valid_pr-0.6952
epoch-302, train_loss-0.2316, train_rmse-0.4813, valid_rmse-1.3443, valid_pr-0.7078
epoch-303, train_loss-0.2238, train_rmse-0.4731, valid_rmse-1.3378, valid_pr-0.7024
epoch-304, train_loss-0.2176, train_rmse-0.4664, valid_rmse-1.3213, valid_pr-0.7194
epoch-305, train_loss-0.2194, train_rmse-0.4685, valid_rmse-1.3491, valid_pr-0.6998
epoch-306, train_loss-0.2176, train_rmse-0.4665, valid_rmse-1.3571, valid_pr-0.6971
epoch-307, train_loss-0.2275, train_rmse-0.4769, valid_rmse-1.3577, valid_pr-0.6959
epoch-308, train_loss-0.2349, train_rmse-0.4846, valid_rmse-1.3352, valid_pr-0.7028
epoch-309, train_loss-0.2219, train_rmse-0.4711, valid_rmse-1.3526, valid_pr-0.6977
epoch-310, train_loss-0.2086, train_rmse-0.4567, valid_rmse-1.3248, valid_pr-0.7125
epoch-311, train_loss-0.1931, train_rmse-0.4394, valid_rmse-1.3396, valid_pr-0.7050
epoch-312, train_loss-0.1967, train_rmse-0.4436, valid_rmse-1.3550, valid_pr-0.7013
epoch-313, train_loss-0.2023, train_rmse-0.4498, valid_rmse-1.3504, valid_pr-0.7108
epoch-314, train_loss-0.2039, train_rmse-0.4515, valid_rmse-1.3441, valid_pr-0.7061
epoch-315, train_loss-0.1988, train_rmse-0.4459, valid_rmse-1.3374, valid_pr-0.7089
epoch-316, train_loss-0.1893, train_rmse-0.4351, valid_rmse-1.3365, valid_pr-0.7061
epoch-317, train_loss-0.1967, train_rmse-0.4435, valid_rmse-1.3550, valid_pr-0.6943
epoch-318, train_loss-0.1951, train_rmse-0.4417, valid_rmse-1.3396, valid_pr-0.7034
epoch-319, train_loss-0.1978, train_rmse-0.4447, valid_rmse-1.3468, valid_pr-0.7003
epoch-320, train_loss-0.2113, train_rmse-0.4596, valid_rmse-1.3704, valid_pr-0.6996
epoch-321, train_loss-0.2207, train_rmse-0.4698, valid_rmse-1.3336, valid_pr-0.7154
epoch-322, train_loss-0.1927, train_rmse-0.4389, valid_rmse-1.3452, valid_pr-0.7064
epoch-323, train_loss-0.2065, train_rmse-0.4544, valid_rmse-1.3162, valid_pr-0.7166
epoch-324, train_loss-0.2075, train_rmse-0.4555, valid_rmse-1.3112, valid_pr-0.7174
epoch-325, train_loss-0.2024, train_rmse-0.4499, valid_rmse-1.3257, valid_pr-0.7114
epoch-326, train_loss-0.1909, train_rmse-0.4370, valid_rmse-1.3381, valid_pr-0.7224
epoch-327, train_loss-0.2079, train_rmse-0.4559, valid_rmse-1.3524, valid_pr-0.7069
epoch-328, train_loss-0.2100, train_rmse-0.4583, valid_rmse-1.2988, valid_pr-0.7258
Validation : valid_rmse-1.2988, valid_pr-0.7258, 
test2013_rmse-1.5163, test2013_pr-0.7648, test2016_rmse-1.4016, test2016_pr-0.7637, test2019_rmse-1.5367, test2019_pr-0.5775
epoch-329, train_loss-0.2127, train_rmse-0.4612, valid_rmse-1.3338, valid_pr-0.7109
epoch-330, train_loss-0.1834, train_rmse-0.4283, valid_rmse-1.3319, valid_pr-0.7088
epoch-331, train_loss-0.1840, train_rmse-0.4289, valid_rmse-1.3112, valid_pr-0.7209
epoch-332, train_loss-0.1882, train_rmse-0.4338, valid_rmse-1.3114, valid_pr-0.7156
epoch-333, train_loss-0.2077, train_rmse-0.4558, valid_rmse-1.3459, valid_pr-0.6989
epoch-334, train_loss-0.1895, train_rmse-0.4354, valid_rmse-1.3003, valid_pr-0.7209
epoch-335, train_loss-0.1900, train_rmse-0.4359, valid_rmse-1.3249, valid_pr-0.7135
epoch-336, train_loss-0.2035, train_rmse-0.4512, valid_rmse-1.3181, valid_pr-0.7142
epoch-337, train_loss-0.2085, train_rmse-0.4566, valid_rmse-1.3097, valid_pr-0.7173
epoch-338, train_loss-0.2148, train_rmse-0.4634, valid_rmse-1.3302, valid_pr-0.7152
epoch-339, train_loss-0.2182, train_rmse-0.4671, valid_rmse-1.3545, valid_pr-0.6928
epoch-340, train_loss-0.2089, train_rmse-0.4571, valid_rmse-1.3119, valid_pr-0.7202
epoch-341, train_loss-0.1935, train_rmse-0.4399, valid_rmse-1.3503, valid_pr-0.7063
epoch-342, train_loss-0.1756, train_rmse-0.4190, valid_rmse-1.3369, valid_pr-0.7025
epoch-343, train_loss-0.1648, train_rmse-0.4059, valid_rmse-1.3274, valid_pr-0.7129
epoch-344, train_loss-0.1716, train_rmse-0.4142, valid_rmse-1.3057, valid_pr-0.7207
epoch-345, train_loss-0.1721, train_rmse-0.4149, valid_rmse-1.3055, valid_pr-0.7186
epoch-346, train_loss-0.1665, train_rmse-0.4081, valid_rmse-1.3393, valid_pr-0.7146
epoch-347, train_loss-0.1812, train_rmse-0.4257, valid_rmse-1.3278, valid_pr-0.7096
epoch-348, train_loss-0.1860, train_rmse-0.4312, valid_rmse-1.3358, valid_pr-0.7081
epoch-349, train_loss-0.1800, train_rmse-0.4243, valid_rmse-1.3167, valid_pr-0.7167
epoch-350, train_loss-0.1799, train_rmse-0.4241, valid_rmse-1.3261, valid_pr-0.7038
epoch-351, train_loss-0.1864, train_rmse-0.4317, valid_rmse-1.3348, valid_pr-0.7069
epoch-352, train_loss-0.1779, train_rmse-0.4218, valid_rmse-1.3326, valid_pr-0.7069
epoch-353, train_loss-0.1563, train_rmse-0.3953, valid_rmse-1.2999, valid_pr-0.7181
epoch-354, train_loss-0.1547, train_rmse-0.3933, valid_rmse-1.3000, valid_pr-0.7197
epoch-355, train_loss-0.1701, train_rmse-0.4124, valid_rmse-1.3466, valid_pr-0.7054
epoch-356, train_loss-0.1790, train_rmse-0.4231, valid_rmse-1.3246, valid_pr-0.7103
epoch-357, train_loss-0.1723, train_rmse-0.4151, valid_rmse-1.3406, valid_pr-0.6985
epoch-358, train_loss-0.1701, train_rmse-0.4124, valid_rmse-1.3328, valid_pr-0.7123
epoch-359, train_loss-0.1620, train_rmse-0.4025, valid_rmse-1.3701, valid_pr-0.7020
epoch-360, train_loss-0.1668, train_rmse-0.4084, valid_rmse-1.3395, valid_pr-0.7110
epoch-361, train_loss-0.1593, train_rmse-0.3992, valid_rmse-1.3324, valid_pr-0.7055
epoch-362, train_loss-0.1504, train_rmse-0.3879, valid_rmse-1.3226, valid_pr-0.7159
epoch-363, train_loss-0.1810, train_rmse-0.4255, valid_rmse-1.3325, valid_pr-0.7115
epoch-364, train_loss-0.1733, train_rmse-0.4163, valid_rmse-1.3202, valid_pr-0.7185
epoch-365, train_loss-0.2083, train_rmse-0.4564, valid_rmse-1.3226, valid_pr-0.7092
epoch-366, train_loss-0.1749, train_rmse-0.4182, valid_rmse-1.3017, valid_pr-0.7242
epoch-367, train_loss-0.1927, train_rmse-0.4390, valid_rmse-1.3395, valid_pr-0.7074
epoch-368, train_loss-0.1627, train_rmse-0.4033, valid_rmse-1.2959, valid_pr-0.7213
Validation : valid_rmse-1.2959, valid_pr-0.7213, 
test2013_rmse-1.5388, test2013_pr-0.7535, test2016_rmse-1.4677, test2016_pr-0.7383, test2019_rmse-1.5363, test2019_pr-0.5630
epoch-369, train_loss-0.1540, train_rmse-0.3924, valid_rmse-1.3524, valid_pr-0.7115
epoch-370, train_loss-0.1601, train_rmse-0.4001, valid_rmse-1.2982, valid_pr-0.7222
epoch-371, train_loss-0.1815, train_rmse-0.4261, valid_rmse-1.3205, valid_pr-0.7118
epoch-372, train_loss-0.1618, train_rmse-0.4023, valid_rmse-1.3196, valid_pr-0.7082
epoch-373, train_loss-0.1575, train_rmse-0.3969, valid_rmse-1.3330, valid_pr-0.7062
epoch-374, train_loss-0.1609, train_rmse-0.4011, valid_rmse-1.3153, valid_pr-0.7144
epoch-375, train_loss-0.1536, train_rmse-0.3920, valid_rmse-1.3234, valid_pr-0.7174
epoch-376, train_loss-0.1599, train_rmse-0.3999, valid_rmse-1.3385, valid_pr-0.7084
epoch-377, train_loss-0.1548, train_rmse-0.3934, valid_rmse-1.3449, valid_pr-0.7034
epoch-378, train_loss-0.1593, train_rmse-0.3992, valid_rmse-1.3323, valid_pr-0.7072
epoch-379, train_loss-0.1690, train_rmse-0.4110, valid_rmse-1.3275, valid_pr-0.7121
epoch-380, train_loss-0.1672, train_rmse-0.4089, valid_rmse-1.3216, valid_pr-0.7142
epoch-381, train_loss-0.1585, train_rmse-0.3981, valid_rmse-1.3166, valid_pr-0.7126
epoch-382, train_loss-0.1456, train_rmse-0.3816, valid_rmse-1.3126, valid_pr-0.7151
epoch-383, train_loss-0.1459, train_rmse-0.3820, valid_rmse-1.3241, valid_pr-0.7106
epoch-384, train_loss-0.1801, train_rmse-0.4244, valid_rmse-1.3173, valid_pr-0.7150
epoch-385, train_loss-0.1752, train_rmse-0.4185, valid_rmse-1.3381, valid_pr-0.7068
epoch-386, train_loss-0.1508, train_rmse-0.3883, valid_rmse-1.3214, valid_pr-0.7095
epoch-387, train_loss-0.1470, train_rmse-0.3834, valid_rmse-1.3214, valid_pr-0.7135
epoch-388, train_loss-0.1515, train_rmse-0.3892, valid_rmse-1.3482, valid_pr-0.7010
epoch-389, train_loss-0.1547, train_rmse-0.3934, valid_rmse-1.3478, valid_pr-0.6987
epoch-390, train_loss-0.1681, train_rmse-0.4100, valid_rmse-1.3364, valid_pr-0.7085
epoch-391, train_loss-0.1499, train_rmse-0.3871, valid_rmse-1.3208, valid_pr-0.7136
epoch-392, train_loss-0.1504, train_rmse-0.3878, valid_rmse-1.3222, valid_pr-0.7127
epoch-393, train_loss-0.1420, train_rmse-0.3769, valid_rmse-1.3443, valid_pr-0.7033
epoch-394, train_loss-0.1412, train_rmse-0.3758, valid_rmse-1.3193, valid_pr-0.7083
epoch-395, train_loss-0.1384, train_rmse-0.3720, valid_rmse-1.3230, valid_pr-0.7141
epoch-396, train_loss-0.1500, train_rmse-0.3873, valid_rmse-1.3694, valid_pr-0.7037
epoch-397, train_loss-0.1664, train_rmse-0.4079, valid_rmse-1.3397, valid_pr-0.7016
epoch-398, train_loss-0.1561, train_rmse-0.3951, valid_rmse-1.3334, valid_pr-0.7116
epoch-399, train_loss-0.1576, train_rmse-0.3970, valid_rmse-1.3234, valid_pr-0.7110
epoch-400, train_loss-0.1379, train_rmse-0.3713, valid_rmse-1.3204, valid_pr-0.7149
epoch-401, train_loss-0.1339, train_rmse-0.3659, valid_rmse-1.3136, valid_pr-0.7206
epoch-402, train_loss-0.1434, train_rmse-0.3787, valid_rmse-1.3267, valid_pr-0.7079
epoch-403, train_loss-0.1407, train_rmse-0.3751, valid_rmse-1.3259, valid_pr-0.7129
epoch-404, train_loss-0.1517, train_rmse-0.3895, valid_rmse-1.3505, valid_pr-0.7032
epoch-405, train_loss-0.1567, train_rmse-0.3958, valid_rmse-1.3706, valid_pr-0.6941
epoch-406, train_loss-0.4872, train_rmse-0.6980, valid_rmse-1.4142, valid_pr-0.6802
epoch-407, train_loss-0.3737, train_rmse-0.6113, valid_rmse-1.3336, valid_pr-0.7096
epoch-408, train_loss-0.2363, train_rmse-0.4861, valid_rmse-1.3276, valid_pr-0.7109
epoch-409, train_loss-0.1871, train_rmse-0.4325, valid_rmse-1.3323, valid_pr-0.7026
epoch-410, train_loss-0.1471, train_rmse-0.3835, valid_rmse-1.3276, valid_pr-0.7086
epoch-411, train_loss-0.1376, train_rmse-0.3709, valid_rmse-1.3336, valid_pr-0.7015
epoch-412, train_loss-0.1354, train_rmse-0.3680, valid_rmse-1.3063, valid_pr-0.7216
epoch-413, train_loss-0.1323, train_rmse-0.3638, valid_rmse-1.3354, valid_pr-0.7031
epoch-414, train_loss-0.1316, train_rmse-0.3627, valid_rmse-1.3183, valid_pr-0.7141
epoch-415, train_loss-0.1217, train_rmse-0.3488, valid_rmse-1.3304, valid_pr-0.7110
epoch-416, train_loss-0.1274, train_rmse-0.3570, valid_rmse-1.3261, valid_pr-0.7116
epoch-417, train_loss-0.1338, train_rmse-0.3658, valid_rmse-1.3291, valid_pr-0.7129
epoch-418, train_loss-0.1256, train_rmse-0.3545, valid_rmse-1.3259, valid_pr-0.7116
epoch-419, train_loss-0.1171, train_rmse-0.3422, valid_rmse-1.3262, valid_pr-0.7115
epoch-420, train_loss-0.0869, train_rmse-0.2947, valid_rmse-1.3182, valid_pr-0.7140
epoch-421, train_loss-0.0770, train_rmse-0.2775, valid_rmse-1.2981, valid_pr-0.7212
epoch-422, train_loss-0.0747, train_rmse-0.2733, valid_rmse-1.3122, valid_pr-0.7179
epoch-423, train_loss-0.0733, train_rmse-0.2707, valid_rmse-1.3052, valid_pr-0.7211
epoch-424, train_loss-0.0726, train_rmse-0.2694, valid_rmse-1.2953, valid_pr-0.7229
Validation : valid_rmse-1.2953, valid_pr-0.7229, 
test2013_rmse-1.5093, test2013_pr-0.7712, test2016_rmse-1.4143, test2016_pr-0.7611, test2019_rmse-1.5203, test2019_pr-0.5725
epoch-425, train_loss-0.0720, train_rmse-0.2682, valid_rmse-1.3084, valid_pr-0.7182
epoch-426, train_loss-0.0681, train_rmse-0.2610, valid_rmse-1.3202, valid_pr-0.7122
epoch-427, train_loss-0.0682, train_rmse-0.2612, valid_rmse-1.3156, valid_pr-0.7158
epoch-428, train_loss-0.1256, train_rmse-0.3544, valid_rmse-1.3153, valid_pr-0.7157
epoch-429, train_loss-0.0811, train_rmse-0.2848, valid_rmse-1.3072, valid_pr-0.7187
epoch-430, train_loss-0.0713, train_rmse-0.2670, valid_rmse-1.3090, valid_pr-0.7170
epoch-431, train_loss-0.0699, train_rmse-0.2644, valid_rmse-1.3150, valid_pr-0.7147
epoch-432, train_loss-0.0714, train_rmse-0.2672, valid_rmse-1.3053, valid_pr-0.7179
epoch-433, train_loss-0.0678, train_rmse-0.2605, valid_rmse-1.3126, valid_pr-0.7148
epoch-434, train_loss-0.0681, train_rmse-0.2609, valid_rmse-1.3031, valid_pr-0.7181
epoch-435, train_loss-0.0654, train_rmse-0.2558, valid_rmse-1.2885, valid_pr-0.7294
Validation : valid_rmse-1.2885, valid_pr-0.7294, 
test2013_rmse-1.5444, test2013_pr-0.7526, test2016_rmse-1.4207, test2016_pr-0.7561, test2019_rmse-1.5247, test2019_pr-0.5810
epoch-436, train_loss-0.0699, train_rmse-0.2643, valid_rmse-1.3093, valid_pr-0.7173
epoch-437, train_loss-0.0714, train_rmse-0.2672, valid_rmse-1.3114, valid_pr-0.7184
epoch-438, train_loss-0.0702, train_rmse-0.2649, valid_rmse-1.3125, valid_pr-0.7166
epoch-439, train_loss-0.0634, train_rmse-0.2518, valid_rmse-1.3024, valid_pr-0.7187
epoch-440, train_loss-0.0641, train_rmse-0.2531, valid_rmse-1.3122, valid_pr-0.7144
epoch-441, train_loss-0.0669, train_rmse-0.2587, valid_rmse-1.3141, valid_pr-0.7170
epoch-442, train_loss-0.0701, train_rmse-0.2648, valid_rmse-1.3101, valid_pr-0.7150
epoch-443, train_loss-0.0645, train_rmse-0.2539, valid_rmse-1.3177, valid_pr-0.7115
epoch-444, train_loss-0.0709, train_rmse-0.2663, valid_rmse-1.3265, valid_pr-0.7095
epoch-445, train_loss-0.0687, train_rmse-0.2621, valid_rmse-1.3061, valid_pr-0.7174
epoch-446, train_loss-0.0691, train_rmse-0.2628, valid_rmse-1.3244, valid_pr-0.7130
epoch-447, train_loss-0.0690, train_rmse-0.2627, valid_rmse-1.3161, valid_pr-0.7150
epoch-448, train_loss-0.0667, train_rmse-0.2584, valid_rmse-1.3249, valid_pr-0.7091
epoch-449, train_loss-0.0684, train_rmse-0.2615, valid_rmse-1.3239, valid_pr-0.7112
epoch-450, train_loss-0.0675, train_rmse-0.2598, valid_rmse-1.3051, valid_pr-0.7177
epoch-451, train_loss-0.0647, train_rmse-0.2543, valid_rmse-1.3102, valid_pr-0.7143
epoch-452, train_loss-0.0680, train_rmse-0.2608, valid_rmse-1.3106, valid_pr-0.7157
epoch-453, train_loss-0.0679, train_rmse-0.2606, valid_rmse-1.3456, valid_pr-0.7050
epoch-454, train_loss-0.0699, train_rmse-0.2644, valid_rmse-1.3177, valid_pr-0.7134
epoch-455, train_loss-0.0635, train_rmse-0.2519, valid_rmse-1.3129, valid_pr-0.7176
epoch-456, train_loss-0.0685, train_rmse-0.2618, valid_rmse-1.3246, valid_pr-0.7078
epoch-457, train_loss-0.0686, train_rmse-0.2618, valid_rmse-1.3262, valid_pr-0.7082
epoch-458, train_loss-0.0674, train_rmse-0.2596, valid_rmse-1.3266, valid_pr-0.7107
epoch-459, train_loss-0.0663, train_rmse-0.2576, valid_rmse-1.3166, valid_pr-0.7115
epoch-460, train_loss-0.0680, train_rmse-0.2607, valid_rmse-1.3249, valid_pr-0.7091
epoch-461, train_loss-0.0663, train_rmse-0.2574, valid_rmse-1.3115, valid_pr-0.7140
epoch-462, train_loss-0.0694, train_rmse-0.2634, valid_rmse-1.3181, valid_pr-0.7156
epoch-463, train_loss-0.0753, train_rmse-0.2744, valid_rmse-1.3197, valid_pr-0.7110
epoch-464, train_loss-0.0726, train_rmse-0.2695, valid_rmse-1.3182, valid_pr-0.7119
epoch-465, train_loss-0.0639, train_rmse-0.2529, valid_rmse-1.3279, valid_pr-0.7082
epoch-466, train_loss-0.0702, train_rmse-0.2650, valid_rmse-1.3053, valid_pr-0.7207
epoch-467, train_loss-0.0736, train_rmse-0.2714, valid_rmse-1.3234, valid_pr-0.7113
epoch-468, train_loss-0.0681, train_rmse-0.2609, valid_rmse-1.3088, valid_pr-0.7195
epoch-469, train_loss-0.0714, train_rmse-0.2672, valid_rmse-1.3220, valid_pr-0.7120
epoch-470, train_loss-0.0654, train_rmse-0.2557, valid_rmse-1.3312, valid_pr-0.7045
epoch-471, train_loss-0.0734, train_rmse-0.2710, valid_rmse-1.3197, valid_pr-0.7103
epoch-472, train_loss-0.0703, train_rmse-0.2651, valid_rmse-1.3003, valid_pr-0.7231
epoch-473, train_loss-0.0671, train_rmse-0.2591, valid_rmse-1.3232, valid_pr-0.7127
epoch-474, train_loss-0.0606, train_rmse-0.2461, valid_rmse-1.3072, valid_pr-0.7186
epoch-475, train_loss-0.0618, train_rmse-0.2487, valid_rmse-1.3067, valid_pr-0.7182
epoch-476, train_loss-0.0663, train_rmse-0.2576, valid_rmse-1.3244, valid_pr-0.7153
epoch-477, train_loss-0.0635, train_rmse-0.2521, valid_rmse-1.3185, valid_pr-0.7120
epoch-478, train_loss-0.0599, train_rmse-0.2448, valid_rmse-1.3276, valid_pr-0.7098
epoch-479, train_loss-0.0647, train_rmse-0.2544, valid_rmse-1.3145, valid_pr-0.7136
epoch-480, train_loss-0.0650, train_rmse-0.2550, valid_rmse-1.3051, valid_pr-0.7182
epoch-481, train_loss-0.0700, train_rmse-0.2646, valid_rmse-1.3264, valid_pr-0.7063
epoch-482, train_loss-0.0691, train_rmse-0.2629, valid_rmse-1.3235, valid_pr-0.7114
epoch-483, train_loss-0.0664, train_rmse-0.2576, valid_rmse-1.3217, valid_pr-0.7117
epoch-484, train_loss-0.0628, train_rmse-0.2507, valid_rmse-1.3139, valid_pr-0.7174
epoch-485, train_loss-0.0617, train_rmse-0.2483, valid_rmse-1.3022, valid_pr-0.7210
epoch-486, train_loss-0.0617, train_rmse-0.2483, valid_rmse-1.3026, valid_pr-0.7198
epoch-487, train_loss-0.0532, train_rmse-0.2306, valid_rmse-1.3075, valid_pr-0.7166
epoch-488, train_loss-0.0468, train_rmse-0.2163, valid_rmse-1.3156, valid_pr-0.7150
epoch-489, train_loss-0.0413, train_rmse-0.2032, valid_rmse-1.3022, valid_pr-0.7192
epoch-490, train_loss-0.0429, train_rmse-0.2072, valid_rmse-1.3123, valid_pr-0.7155
epoch-491, train_loss-0.0449, train_rmse-0.2120, valid_rmse-1.3041, valid_pr-0.7173
epoch-492, train_loss-0.0415, train_rmse-0.2038, valid_rmse-1.3133, valid_pr-0.7161
epoch-493, train_loss-0.0462, train_rmse-0.2149, valid_rmse-1.3184, valid_pr-0.7116
epoch-494, train_loss-0.0424, train_rmse-0.2059, valid_rmse-1.3088, valid_pr-0.7163
epoch-495, train_loss-0.0446, train_rmse-0.2112, valid_rmse-1.3132, valid_pr-0.7157
epoch-496, train_loss-0.0425, train_rmse-0.2062, valid_rmse-1.3083, valid_pr-0.7150
epoch-497, train_loss-0.0408, train_rmse-0.2021, valid_rmse-1.3124, valid_pr-0.7161
epoch-498, train_loss-0.0396, train_rmse-0.1991, valid_rmse-1.3107, valid_pr-0.7152
epoch-499, train_loss-0.0416, train_rmse-0.2040, valid_rmse-1.3119, valid_pr-0.7176
epoch-500, train_loss-0.0409, train_rmse-0.2023, valid_rmse-1.3099, valid_pr-0.7147
epoch-501, train_loss-0.0417, train_rmse-0.2043, valid_rmse-1.3076, valid_pr-0.7186
epoch-502, train_loss-0.0406, train_rmse-0.2015, valid_rmse-1.3113, valid_pr-0.7152
epoch-503, train_loss-0.0421, train_rmse-0.2052, valid_rmse-1.3070, valid_pr-0.7180
epoch-504, train_loss-0.0416, train_rmse-0.2040, valid_rmse-1.3186, valid_pr-0.7123
epoch-505, train_loss-0.0435, train_rmse-0.2086, valid_rmse-1.3045, valid_pr-0.7190
epoch-506, train_loss-0.0435, train_rmse-0.2085, valid_rmse-1.3173, valid_pr-0.7122
epoch-507, train_loss-0.0417, train_rmse-0.2043, valid_rmse-1.3137, valid_pr-0.7142
epoch-508, train_loss-0.0423, train_rmse-0.2056, valid_rmse-1.3131, valid_pr-0.7150
epoch-509, train_loss-0.0427, train_rmse-0.2066, valid_rmse-1.3016, valid_pr-0.7208
epoch-510, train_loss-0.0427, train_rmse-0.2067, valid_rmse-1.3138, valid_pr-0.7155
epoch-511, train_loss-0.0433, train_rmse-0.2081, valid_rmse-1.3033, valid_pr-0.7197
epoch-512, train_loss-0.0425, train_rmse-0.2062, valid_rmse-1.3087, valid_pr-0.7175
epoch-513, train_loss-0.0428, train_rmse-0.2070, valid_rmse-1.3132, valid_pr-0.7155
epoch-514, train_loss-0.0415, train_rmse-0.2037, valid_rmse-1.3124, valid_pr-0.7153
epoch-515, train_loss-0.0444, train_rmse-0.2108, valid_rmse-1.3008, valid_pr-0.7202
epoch-516, train_loss-0.0423, train_rmse-0.2057, valid_rmse-1.3017, valid_pr-0.7199
epoch-517, train_loss-0.0424, train_rmse-0.2060, valid_rmse-1.3112, valid_pr-0.7150
epoch-518, train_loss-0.0450, train_rmse-0.2122, valid_rmse-1.3143, valid_pr-0.7145
epoch-519, train_loss-0.0434, train_rmse-0.2084, valid_rmse-1.3176, valid_pr-0.7132
epoch-520, train_loss-0.0411, train_rmse-0.2027, valid_rmse-1.3182, valid_pr-0.7133
epoch-521, train_loss-0.0407, train_rmse-0.2017, valid_rmse-1.3121, valid_pr-0.7162
epoch-522, train_loss-0.0402, train_rmse-0.2006, valid_rmse-1.3090, valid_pr-0.7181
epoch-523, train_loss-0.0417, train_rmse-0.2042, valid_rmse-1.3171, valid_pr-0.7146
epoch-524, train_loss-0.0418, train_rmse-0.2044, valid_rmse-1.3113, valid_pr-0.7154
epoch-525, train_loss-0.0387, train_rmse-0.1967, valid_rmse-1.3046, valid_pr-0.7186
epoch-526, train_loss-0.0428, train_rmse-0.2068, valid_rmse-1.3078, valid_pr-0.7166
epoch-527, train_loss-0.0400, train_rmse-0.1999, valid_rmse-1.3069, valid_pr-0.7178
epoch-528, train_loss-0.0397, train_rmse-0.1992, valid_rmse-1.3130, valid_pr-0.7149
epoch-529, train_loss-0.0388, train_rmse-0.1971, valid_rmse-1.3007, valid_pr-0.7198
epoch-530, train_loss-0.0389, train_rmse-0.1973, valid_rmse-1.3109, valid_pr-0.7193
epoch-531, train_loss-0.0400, train_rmse-0.2000, valid_rmse-1.3088, valid_pr-0.7176
epoch-532, train_loss-0.0394, train_rmse-0.1984, valid_rmse-1.3081, valid_pr-0.7158
epoch-533, train_loss-0.0388, train_rmse-0.1969, valid_rmse-1.3091, valid_pr-0.7182
epoch-534, train_loss-0.0371, train_rmse-0.1927, valid_rmse-1.3038, valid_pr-0.7187
epoch-535, train_loss-0.0413, train_rmse-0.2033, valid_rmse-1.3085, valid_pr-0.7181
epoch-536, train_loss-0.0414, train_rmse-0.2035, valid_rmse-1.2982, valid_pr-0.7209
early stop in epoch 536
best_rmse: 1.2885
valid_rmse-1.2885, valid_pr-0.7294, test2013_rmse-1.5444, test2013_pr-0.7526, test2016_rmse-1.4207, test2016_pr-0.7561, test2019_rmse-1.5247, test2019_pr-0.5810
