ours-lrs-0.001-28-156, lr=0.001, seed=444
train_GIGN.py
train data: 11904
valid data: 1000
test2013 data: 107
test2016 data: 285
test2019 data: 4366
GIGN params # : 1331241
epoch-0, train_loss-15.0898, train_rmse-3.8846, valid_rmse-1.9514, valid_pr-0.5014
Validation : valid_rmse-1.9514, valid_pr-0.5014, 
test2013_rmse-1.9875, test2013_pr-0.6256, test2016_rmse-1.7732, test2016_pr-0.6770, test2019_rmse-1.8422, test2019_pr-0.5589
epoch-1, train_loss-2.5595, train_rmse-1.5998, valid_rmse-1.5110, valid_pr-0.5797
Validation : valid_rmse-1.5110, valid_pr-0.5797, 
test2013_rmse-1.6056, test2013_pr-0.7592, test2016_rmse-1.5511, test2016_pr-0.7418, test2019_rmse-1.4531, test2019_pr-0.5836
epoch-2, train_loss-2.3287, train_rmse-1.5260, valid_rmse-1.5057, valid_pr-0.5979
Validation : valid_rmse-1.5057, valid_pr-0.5979, 
test2013_rmse-1.5567, test2013_pr-0.7746, test2016_rmse-1.4406, test2016_pr-0.7817, test2019_rmse-1.4169, test2019_pr-0.6219
epoch-3, train_loss-2.2440, train_rmse-1.4980, valid_rmse-1.4728, valid_pr-0.6262
Validation : valid_rmse-1.4728, valid_pr-0.6262, 
test2013_rmse-1.4044, test2013_pr-0.8092, test2016_rmse-1.3532, test2016_pr-0.7833, test2019_rmse-1.4299, test2019_pr-0.6352
epoch-4, train_loss-2.1590, train_rmse-1.4693, valid_rmse-1.6226, valid_pr-0.6122
epoch-5, train_loss-2.0582, train_rmse-1.4346, valid_rmse-1.5027, valid_pr-0.6266
epoch-6, train_loss-1.9177, train_rmse-1.3848, valid_rmse-1.4198, valid_pr-0.6685
Validation : valid_rmse-1.4198, valid_pr-0.6685, 
test2013_rmse-1.4935, test2013_pr-0.7967, test2016_rmse-1.3474, test2016_pr-0.8007, test2019_rmse-1.4493, test2019_pr-0.6437
epoch-7, train_loss-1.8112, train_rmse-1.3458, valid_rmse-1.5499, valid_pr-0.6120
epoch-8, train_loss-1.7633, train_rmse-1.3279, valid_rmse-1.6473, valid_pr-0.5886
epoch-9, train_loss-1.6043, train_rmse-1.2666, valid_rmse-1.5298, valid_pr-0.6626
epoch-10, train_loss-1.5717, train_rmse-1.2537, valid_rmse-1.4902, valid_pr-0.6384
epoch-11, train_loss-1.4597, train_rmse-1.2082, valid_rmse-1.4279, valid_pr-0.6518
epoch-12, train_loss-1.3731, train_rmse-1.1718, valid_rmse-1.5049, valid_pr-0.6446
epoch-13, train_loss-1.3305, train_rmse-1.1535, valid_rmse-1.5216, valid_pr-0.6609
epoch-14, train_loss-1.2478, train_rmse-1.1170, valid_rmse-1.6063, valid_pr-0.6343
epoch-15, train_loss-1.1817, train_rmse-1.0871, valid_rmse-1.6330, valid_pr-0.6171
epoch-16, train_loss-1.1406, train_rmse-1.0680, valid_rmse-1.3499, valid_pr-0.6918
Validation : valid_rmse-1.3499, valid_pr-0.6918, 
test2013_rmse-1.3504, test2013_pr-0.8269, test2016_rmse-1.2899, test2016_pr-0.8112, test2019_rmse-1.4215, test2019_pr-0.6318
epoch-17, train_loss-1.0506, train_rmse-1.0250, valid_rmse-1.4630, valid_pr-0.6822
epoch-18, train_loss-1.0117, train_rmse-1.0058, valid_rmse-1.3976, valid_pr-0.6955
epoch-19, train_loss-0.9009, train_rmse-0.9492, valid_rmse-1.3389, valid_pr-0.7139
Validation : valid_rmse-1.3389, valid_pr-0.7139, 
test2013_rmse-1.3440, test2013_pr-0.8167, test2016_rmse-1.2794, test2016_pr-0.8094, test2019_rmse-1.4562, test2019_pr-0.6437
epoch-20, train_loss-0.9261, train_rmse-0.9623, valid_rmse-1.5119, valid_pr-0.6682
epoch-21, train_loss-0.8874, train_rmse-0.9420, valid_rmse-1.4520, valid_pr-0.6750
epoch-22, train_loss-0.8691, train_rmse-0.9322, valid_rmse-1.4449, valid_pr-0.6518
epoch-23, train_loss-0.8109, train_rmse-0.9005, valid_rmse-1.4938, valid_pr-0.6662
epoch-24, train_loss-0.7506, train_rmse-0.8664, valid_rmse-1.3650, valid_pr-0.7190
epoch-25, train_loss-0.7304, train_rmse-0.8546, valid_rmse-1.4234, valid_pr-0.6905
epoch-26, train_loss-0.6338, train_rmse-0.7961, valid_rmse-1.4430, valid_pr-0.6855
epoch-27, train_loss-0.6466, train_rmse-0.8041, valid_rmse-1.4610, valid_pr-0.6317
epoch-28, train_loss-0.6316, train_rmse-0.7947, valid_rmse-1.3870, valid_pr-0.7006
epoch-29, train_loss-0.6027, train_rmse-0.7764, valid_rmse-1.3539, valid_pr-0.7016
epoch-30, train_loss-0.5856, train_rmse-0.7652, valid_rmse-1.4367, valid_pr-0.7042
epoch-31, train_loss-0.5504, train_rmse-0.7419, valid_rmse-1.7284, valid_pr-0.6364
epoch-32, train_loss-0.5224, train_rmse-0.7227, valid_rmse-1.3506, valid_pr-0.6878
epoch-33, train_loss-0.5399, train_rmse-0.7348, valid_rmse-1.5808, valid_pr-0.6866
epoch-34, train_loss-0.5214, train_rmse-0.7221, valid_rmse-1.4181, valid_pr-0.6680
epoch-35, train_loss-0.5121, train_rmse-0.7156, valid_rmse-1.3104, valid_pr-0.7109
Validation : valid_rmse-1.3104, valid_pr-0.7109, 
test2013_rmse-1.3856, test2013_pr-0.8126, test2016_rmse-1.2909, test2016_pr-0.8075, test2019_rmse-1.4521, test2019_pr-0.6056
epoch-36, train_loss-0.4923, train_rmse-0.7017, valid_rmse-1.3535, valid_pr-0.7085
epoch-37, train_loss-0.5156, train_rmse-0.7181, valid_rmse-1.3903, valid_pr-0.7008
epoch-38, train_loss-0.4871, train_rmse-0.6979, valid_rmse-1.3217, valid_pr-0.7226
epoch-39, train_loss-0.4871, train_rmse-0.6980, valid_rmse-1.5170, valid_pr-0.7003
epoch-40, train_loss-0.4766, train_rmse-0.6904, valid_rmse-1.3235, valid_pr-0.7220
epoch-41, train_loss-0.4439, train_rmse-0.6662, valid_rmse-1.3038, valid_pr-0.7231
Validation : valid_rmse-1.3038, valid_pr-0.7231, 
test2013_rmse-1.2569, test2013_pr-0.8520, test2016_rmse-1.2143, test2016_pr-0.8294, test2019_rmse-1.4549, test2019_pr-0.6256
epoch-42, train_loss-0.4275, train_rmse-0.6539, valid_rmse-1.3314, valid_pr-0.6987
epoch-43, train_loss-0.4026, train_rmse-0.6345, valid_rmse-1.3060, valid_pr-0.7254
epoch-44, train_loss-0.3792, train_rmse-0.6158, valid_rmse-1.3292, valid_pr-0.7216
epoch-45, train_loss-0.3940, train_rmse-0.6277, valid_rmse-1.3401, valid_pr-0.7201
epoch-46, train_loss-0.3786, train_rmse-0.6153, valid_rmse-1.3041, valid_pr-0.7269
epoch-47, train_loss-0.3677, train_rmse-0.6064, valid_rmse-1.3869, valid_pr-0.7044
epoch-48, train_loss-0.3759, train_rmse-0.6131, valid_rmse-1.3182, valid_pr-0.7126
epoch-49, train_loss-0.3635, train_rmse-0.6029, valid_rmse-1.2929, valid_pr-0.7271
Validation : valid_rmse-1.2929, valid_pr-0.7271, 
test2013_rmse-1.2659, test2013_pr-0.8459, test2016_rmse-1.2213, test2016_pr-0.8285, test2019_rmse-1.4426, test2019_pr-0.6359
epoch-50, train_loss-0.3536, train_rmse-0.5947, valid_rmse-1.3020, valid_pr-0.7322
epoch-51, train_loss-0.3590, train_rmse-0.5992, valid_rmse-1.3481, valid_pr-0.7105
epoch-52, train_loss-0.3590, train_rmse-0.5992, valid_rmse-1.3977, valid_pr-0.7015
epoch-53, train_loss-0.3606, train_rmse-0.6005, valid_rmse-1.3057, valid_pr-0.7229
epoch-54, train_loss-0.3376, train_rmse-0.5810, valid_rmse-1.3204, valid_pr-0.7125
epoch-55, train_loss-0.3385, train_rmse-0.5818, valid_rmse-1.3737, valid_pr-0.7041
epoch-56, train_loss-0.3574, train_rmse-0.5978, valid_rmse-1.3281, valid_pr-0.7299
epoch-57, train_loss-0.3875, train_rmse-0.6225, valid_rmse-1.3709, valid_pr-0.7107
epoch-58, train_loss-0.3305, train_rmse-0.5749, valid_rmse-1.3043, valid_pr-0.7265
epoch-59, train_loss-0.3411, train_rmse-0.5841, valid_rmse-1.3719, valid_pr-0.7205
epoch-60, train_loss-0.3454, train_rmse-0.5877, valid_rmse-1.3403, valid_pr-0.7309
epoch-61, train_loss-0.3183, train_rmse-0.5642, valid_rmse-1.3204, valid_pr-0.7249
epoch-62, train_loss-0.3276, train_rmse-0.5723, valid_rmse-1.3311, valid_pr-0.7165
epoch-63, train_loss-0.3263, train_rmse-0.5712, valid_rmse-1.3001, valid_pr-0.7402
epoch-64, train_loss-0.3281, train_rmse-0.5728, valid_rmse-1.3362, valid_pr-0.7197
epoch-65, train_loss-0.3118, train_rmse-0.5584, valid_rmse-1.2920, valid_pr-0.7301
Validation : valid_rmse-1.2920, valid_pr-0.7301, 
test2013_rmse-1.3500, test2013_pr-0.8267, test2016_rmse-1.2412, test2016_pr-0.8239, test2019_rmse-1.4837, test2019_pr-0.6102
epoch-66, train_loss-0.3090, train_rmse-0.5558, valid_rmse-1.2904, valid_pr-0.7231
Validation : valid_rmse-1.2904, valid_pr-0.7231, 
test2013_rmse-1.3446, test2013_pr-0.8262, test2016_rmse-1.2655, test2016_pr-0.8162, test2019_rmse-1.4529, test2019_pr-0.6116
epoch-67, train_loss-0.3298, train_rmse-0.5743, valid_rmse-1.2729, valid_pr-0.7383
Validation : valid_rmse-1.2729, valid_pr-0.7383, 
test2013_rmse-1.2843, test2013_pr-0.8517, test2016_rmse-1.2076, test2016_pr-0.8424, test2019_rmse-1.4313, test2019_pr-0.6337
epoch-68, train_loss-0.2866, train_rmse-0.5354, valid_rmse-1.2782, valid_pr-0.7350
epoch-69, train_loss-0.2931, train_rmse-0.5414, valid_rmse-1.2810, valid_pr-0.7312
epoch-70, train_loss-0.2946, train_rmse-0.5428, valid_rmse-1.2639, valid_pr-0.7358
Validation : valid_rmse-1.2639, valid_pr-0.7358, 
test2013_rmse-1.2906, test2013_pr-0.8376, test2016_rmse-1.2145, test2016_pr-0.8299, test2019_rmse-1.4375, test2019_pr-0.6277
epoch-71, train_loss-0.2849, train_rmse-0.5337, valid_rmse-1.2908, valid_pr-0.7307
epoch-72, train_loss-0.2836, train_rmse-0.5326, valid_rmse-1.2945, valid_pr-0.7220
epoch-73, train_loss-0.3001, train_rmse-0.5478, valid_rmse-1.3056, valid_pr-0.7193
epoch-74, train_loss-0.2970, train_rmse-0.5450, valid_rmse-1.2790, valid_pr-0.7399
epoch-75, train_loss-0.3201, train_rmse-0.5658, valid_rmse-1.3005, valid_pr-0.7243
epoch-76, train_loss-0.2713, train_rmse-0.5208, valid_rmse-1.2684, valid_pr-0.7318
epoch-77, train_loss-0.2795, train_rmse-0.5286, valid_rmse-1.3363, valid_pr-0.7176
epoch-78, train_loss-0.2727, train_rmse-0.5223, valid_rmse-1.3445, valid_pr-0.7358
epoch-79, train_loss-0.2755, train_rmse-0.5249, valid_rmse-1.2596, valid_pr-0.7351
Validation : valid_rmse-1.2596, valid_pr-0.7351, 
test2013_rmse-1.2957, test2013_pr-0.8409, test2016_rmse-1.2178, test2016_pr-0.8312, test2019_rmse-1.4241, test2019_pr-0.6304
epoch-80, train_loss-0.2783, train_rmse-0.5276, valid_rmse-1.3160, valid_pr-0.7187
epoch-81, train_loss-0.2657, train_rmse-0.5154, valid_rmse-1.3042, valid_pr-0.7215
epoch-82, train_loss-0.2975, train_rmse-0.5454, valid_rmse-1.3036, valid_pr-0.7355
epoch-83, train_loss-0.2746, train_rmse-0.5240, valid_rmse-1.2753, valid_pr-0.7411
epoch-84, train_loss-0.2653, train_rmse-0.5151, valid_rmse-1.2844, valid_pr-0.7293
epoch-85, train_loss-0.2670, train_rmse-0.5167, valid_rmse-1.3300, valid_pr-0.7034
epoch-86, train_loss-0.2823, train_rmse-0.5313, valid_rmse-1.3256, valid_pr-0.7283
epoch-87, train_loss-0.2888, train_rmse-0.5374, valid_rmse-1.2836, valid_pr-0.7321
epoch-88, train_loss-0.2624, train_rmse-0.5122, valid_rmse-1.2639, valid_pr-0.7379
epoch-89, train_loss-0.2663, train_rmse-0.5161, valid_rmse-1.2914, valid_pr-0.7397
epoch-90, train_loss-0.2628, train_rmse-0.5126, valid_rmse-1.2609, valid_pr-0.7378
epoch-91, train_loss-0.2724, train_rmse-0.5219, valid_rmse-1.2614, valid_pr-0.7392
epoch-92, train_loss-0.2549, train_rmse-0.5049, valid_rmse-1.3297, valid_pr-0.7236
epoch-93, train_loss-0.2636, train_rmse-0.5134, valid_rmse-1.2769, valid_pr-0.7322
epoch-94, train_loss-0.2721, train_rmse-0.5217, valid_rmse-1.3483, valid_pr-0.7291
epoch-95, train_loss-0.2573, train_rmse-0.5072, valid_rmse-1.2709, valid_pr-0.7317
epoch-96, train_loss-0.2470, train_rmse-0.4970, valid_rmse-1.2630, valid_pr-0.7407
epoch-97, train_loss-0.2641, train_rmse-0.5139, valid_rmse-1.2744, valid_pr-0.7363
epoch-98, train_loss-0.2356, train_rmse-0.4854, valid_rmse-1.2606, valid_pr-0.7374
epoch-99, train_loss-0.2504, train_rmse-0.5004, valid_rmse-1.2931, valid_pr-0.7293
epoch-100, train_loss-0.2452, train_rmse-0.4951, valid_rmse-1.2662, valid_pr-0.7376
epoch-101, train_loss-0.2637, train_rmse-0.5135, valid_rmse-1.3248, valid_pr-0.7264
epoch-102, train_loss-0.2350, train_rmse-0.4847, valid_rmse-1.2622, valid_pr-0.7372
epoch-103, train_loss-0.2376, train_rmse-0.4874, valid_rmse-1.3048, valid_pr-0.7373
epoch-104, train_loss-0.2283, train_rmse-0.4778, valid_rmse-1.2924, valid_pr-0.7178
epoch-105, train_loss-0.2347, train_rmse-0.4844, valid_rmse-1.2535, valid_pr-0.7397
Validation : valid_rmse-1.2535, valid_pr-0.7397, 
test2013_rmse-1.2724, test2013_pr-0.8516, test2016_rmse-1.1962, test2016_pr-0.8401, test2019_rmse-1.4017, test2019_pr-0.6414
epoch-106, train_loss-0.2245, train_rmse-0.4738, valid_rmse-1.2393, valid_pr-0.7436
Validation : valid_rmse-1.2393, valid_pr-0.7436, 
test2013_rmse-1.2985, test2013_pr-0.8508, test2016_rmse-1.1881, test2016_pr-0.8475, test2019_rmse-1.3892, test2019_pr-0.6414
epoch-107, train_loss-0.2353, train_rmse-0.4851, valid_rmse-1.2516, valid_pr-0.7414
epoch-108, train_loss-0.2301, train_rmse-0.4796, valid_rmse-1.2830, valid_pr-0.7286
epoch-109, train_loss-0.2312, train_rmse-0.4808, valid_rmse-1.2700, valid_pr-0.7344
epoch-110, train_loss-0.2240, train_rmse-0.4733, valid_rmse-1.2481, valid_pr-0.7485
epoch-111, train_loss-0.2224, train_rmse-0.4716, valid_rmse-1.2609, valid_pr-0.7377
epoch-112, train_loss-0.2194, train_rmse-0.4684, valid_rmse-1.2538, valid_pr-0.7406
epoch-113, train_loss-0.2304, train_rmse-0.4800, valid_rmse-1.2429, valid_pr-0.7458
epoch-114, train_loss-0.2209, train_rmse-0.4700, valid_rmse-1.2522, valid_pr-0.7470
epoch-115, train_loss-0.2178, train_rmse-0.4667, valid_rmse-1.2509, valid_pr-0.7450
epoch-116, train_loss-0.2102, train_rmse-0.4585, valid_rmse-1.2389, valid_pr-0.7513
Validation : valid_rmse-1.2389, valid_pr-0.7513, 
test2013_rmse-1.2531, test2013_pr-0.8572, test2016_rmse-1.1591, test2016_pr-0.8513, test2019_rmse-1.4081, test2019_pr-0.6459
epoch-117, train_loss-0.2197, train_rmse-0.4687, valid_rmse-1.2522, valid_pr-0.7478
epoch-118, train_loss-0.2166, train_rmse-0.4653, valid_rmse-1.2459, valid_pr-0.7452
epoch-119, train_loss-0.2135, train_rmse-0.4620, valid_rmse-1.2693, valid_pr-0.7413
epoch-120, train_loss-0.2201, train_rmse-0.4691, valid_rmse-1.2796, valid_pr-0.7275
epoch-121, train_loss-0.2217, train_rmse-0.4708, valid_rmse-1.2718, valid_pr-0.7338
epoch-122, train_loss-0.2110, train_rmse-0.4594, valid_rmse-1.2579, valid_pr-0.7425
epoch-123, train_loss-0.2183, train_rmse-0.4672, valid_rmse-1.2480, valid_pr-0.7397
epoch-124, train_loss-0.2160, train_rmse-0.4648, valid_rmse-1.2513, valid_pr-0.7421
epoch-125, train_loss-0.2114, train_rmse-0.4598, valid_rmse-1.2418, valid_pr-0.7420
epoch-126, train_loss-0.2146, train_rmse-0.4632, valid_rmse-1.2641, valid_pr-0.7455
epoch-127, train_loss-0.2085, train_rmse-0.4566, valid_rmse-1.2985, valid_pr-0.7340
epoch-128, train_loss-0.2159, train_rmse-0.4647, valid_rmse-1.2767, valid_pr-0.7337
epoch-129, train_loss-0.2048, train_rmse-0.4525, valid_rmse-1.2732, valid_pr-0.7330
epoch-130, train_loss-0.1996, train_rmse-0.4467, valid_rmse-1.2607, valid_pr-0.7371
epoch-131, train_loss-0.2313, train_rmse-0.4810, valid_rmse-1.2491, valid_pr-0.7447
epoch-132, train_loss-0.2070, train_rmse-0.4550, valid_rmse-1.2523, valid_pr-0.7436
epoch-133, train_loss-0.2151, train_rmse-0.4637, valid_rmse-1.2733, valid_pr-0.7332
epoch-134, train_loss-0.2096, train_rmse-0.4578, valid_rmse-1.2595, valid_pr-0.7367
epoch-135, train_loss-0.1984, train_rmse-0.4455, valid_rmse-1.2660, valid_pr-0.7364
epoch-136, train_loss-0.2259, train_rmse-0.4753, valid_rmse-1.2421, valid_pr-0.7433
epoch-137, train_loss-0.2034, train_rmse-0.4510, valid_rmse-1.2570, valid_pr-0.7463
epoch-138, train_loss-0.2112, train_rmse-0.4596, valid_rmse-1.2442, valid_pr-0.7466
epoch-139, train_loss-0.1912, train_rmse-0.4373, valid_rmse-1.2829, valid_pr-0.7443
epoch-140, train_loss-0.2057, train_rmse-0.4536, valid_rmse-1.2465, valid_pr-0.7411
epoch-141, train_loss-0.1966, train_rmse-0.4434, valid_rmse-1.2371, valid_pr-0.7458
Validation : valid_rmse-1.2371, valid_pr-0.7458, 
test2013_rmse-1.3243, test2013_pr-0.8380, test2016_rmse-1.1754, test2016_pr-0.8464, test2019_rmse-1.4040, test2019_pr-0.6348
epoch-142, train_loss-0.1889, train_rmse-0.4347, valid_rmse-1.2849, valid_pr-0.7424
epoch-143, train_loss-0.2006, train_rmse-0.4479, valid_rmse-1.2403, valid_pr-0.7506
epoch-144, train_loss-0.1909, train_rmse-0.4369, valid_rmse-1.2611, valid_pr-0.7432
epoch-145, train_loss-0.1907, train_rmse-0.4367, valid_rmse-1.2441, valid_pr-0.7447
epoch-146, train_loss-0.2018, train_rmse-0.4492, valid_rmse-1.2536, valid_pr-0.7432
epoch-147, train_loss-0.1799, train_rmse-0.4242, valid_rmse-1.2364, valid_pr-0.7541
Validation : valid_rmse-1.2364, valid_pr-0.7541, 
test2013_rmse-1.2341, test2013_pr-0.8544, test2016_rmse-1.1380, test2016_pr-0.8522, test2019_rmse-1.4161, test2019_pr-0.6534
epoch-148, train_loss-0.1955, train_rmse-0.4422, valid_rmse-1.2812, valid_pr-0.7363
epoch-149, train_loss-0.1884, train_rmse-0.4341, valid_rmse-1.2472, valid_pr-0.7444
epoch-150, train_loss-0.1785, train_rmse-0.4225, valid_rmse-1.2397, valid_pr-0.7421
epoch-151, train_loss-0.1876, train_rmse-0.4331, valid_rmse-1.2563, valid_pr-0.7501
epoch-152, train_loss-0.2044, train_rmse-0.4521, valid_rmse-1.2404, valid_pr-0.7497
epoch-153, train_loss-0.1905, train_rmse-0.4364, valid_rmse-1.2492, valid_pr-0.7494
epoch-154, train_loss-0.1862, train_rmse-0.4315, valid_rmse-1.2346, valid_pr-0.7494
Validation : valid_rmse-1.2346, valid_pr-0.7494, 
test2013_rmse-1.3286, test2013_pr-0.8365, test2016_rmse-1.2099, test2016_pr-0.8371, test2019_rmse-1.4060, test2019_pr-0.6322
epoch-155, train_loss-0.1909, train_rmse-0.4369, valid_rmse-1.2350, valid_pr-0.7482
epoch-156, train_loss-0.1924, train_rmse-0.4387, valid_rmse-1.2304, valid_pr-0.7511
Validation : valid_rmse-1.2304, valid_pr-0.7511, 
test2013_rmse-1.2913, test2013_pr-0.8512, test2016_rmse-1.1824, test2016_pr-0.8480, test2019_rmse-1.3924, test2019_pr-0.6407
epoch-157, train_loss-0.1814, train_rmse-0.4259, valid_rmse-1.2479, valid_pr-0.7403
epoch-158, train_loss-0.1727, train_rmse-0.4156, valid_rmse-1.2513, valid_pr-0.7466
epoch-159, train_loss-0.1948, train_rmse-0.4413, valid_rmse-1.2319, valid_pr-0.7504
epoch-160, train_loss-0.1811, train_rmse-0.4256, valid_rmse-1.2409, valid_pr-0.7467
epoch-161, train_loss-0.1845, train_rmse-0.4295, valid_rmse-1.2594, valid_pr-0.7443
epoch-162, train_loss-0.1821, train_rmse-0.4267, valid_rmse-1.2294, valid_pr-0.7500
Validation : valid_rmse-1.2294, valid_pr-0.7500, 
test2013_rmse-1.2552, test2013_pr-0.8579, test2016_rmse-1.1407, test2016_pr-0.8558, test2019_rmse-1.4033, test2019_pr-0.6422
epoch-163, train_loss-0.1735, train_rmse-0.4165, valid_rmse-1.2289, valid_pr-0.7536
Validation : valid_rmse-1.2289, valid_pr-0.7536, 
test2013_rmse-1.3000, test2013_pr-0.8517, test2016_rmse-1.1769, test2016_pr-0.8527, test2019_rmse-1.3937, test2019_pr-0.6415
epoch-164, train_loss-0.1758, train_rmse-0.4192, valid_rmse-1.2196, valid_pr-0.7545
Validation : valid_rmse-1.2196, valid_pr-0.7545, 
test2013_rmse-1.3067, test2013_pr-0.8451, test2016_rmse-1.1757, test2016_pr-0.8481, test2019_rmse-1.3879, test2019_pr-0.6443
epoch-165, train_loss-0.2036, train_rmse-0.4512, valid_rmse-1.2475, valid_pr-0.7467
epoch-166, train_loss-0.1897, train_rmse-0.4355, valid_rmse-1.2500, valid_pr-0.7507
epoch-167, train_loss-0.1757, train_rmse-0.4192, valid_rmse-1.2384, valid_pr-0.7472
epoch-168, train_loss-0.1781, train_rmse-0.4220, valid_rmse-1.2348, valid_pr-0.7477
epoch-169, train_loss-0.1778, train_rmse-0.4217, valid_rmse-1.2339, valid_pr-0.7530
epoch-170, train_loss-0.1711, train_rmse-0.4137, valid_rmse-1.2491, valid_pr-0.7487
epoch-171, train_loss-0.1663, train_rmse-0.4078, valid_rmse-1.2756, valid_pr-0.7480
epoch-172, train_loss-0.1790, train_rmse-0.4231, valid_rmse-1.2487, valid_pr-0.7504
epoch-173, train_loss-0.1760, train_rmse-0.4196, valid_rmse-1.2424, valid_pr-0.7497
epoch-174, train_loss-0.1780, train_rmse-0.4219, valid_rmse-1.2584, valid_pr-0.7474
epoch-175, train_loss-0.1851, train_rmse-0.4303, valid_rmse-1.2493, valid_pr-0.7479
epoch-176, train_loss-0.1660, train_rmse-0.4075, valid_rmse-1.2500, valid_pr-0.7523
epoch-177, train_loss-0.1759, train_rmse-0.4194, valid_rmse-1.2321, valid_pr-0.7519
epoch-178, train_loss-0.1861, train_rmse-0.4314, valid_rmse-1.2427, valid_pr-0.7501
epoch-179, train_loss-0.1637, train_rmse-0.4046, valid_rmse-1.2479, valid_pr-0.7457
epoch-180, train_loss-0.1693, train_rmse-0.4115, valid_rmse-1.2342, valid_pr-0.7543
epoch-181, train_loss-0.1627, train_rmse-0.4033, valid_rmse-1.2348, valid_pr-0.7502
epoch-182, train_loss-0.1747, train_rmse-0.4179, valid_rmse-1.2243, valid_pr-0.7529
epoch-183, train_loss-0.1728, train_rmse-0.4157, valid_rmse-1.2216, valid_pr-0.7500
epoch-184, train_loss-0.1647, train_rmse-0.4058, valid_rmse-1.2383, valid_pr-0.7511
epoch-185, train_loss-0.1708, train_rmse-0.4133, valid_rmse-1.2367, valid_pr-0.7502
epoch-186, train_loss-0.1568, train_rmse-0.3960, valid_rmse-1.2271, valid_pr-0.7489
epoch-187, train_loss-0.1624, train_rmse-0.4030, valid_rmse-1.2552, valid_pr-0.7454
epoch-188, train_loss-0.1682, train_rmse-0.4102, valid_rmse-1.2498, valid_pr-0.7405
epoch-189, train_loss-0.1607, train_rmse-0.4009, valid_rmse-1.2480, valid_pr-0.7458
epoch-190, train_loss-0.1582, train_rmse-0.3977, valid_rmse-1.2452, valid_pr-0.7446
epoch-191, train_loss-0.1694, train_rmse-0.4116, valid_rmse-1.2285, valid_pr-0.7475
epoch-192, train_loss-0.1675, train_rmse-0.4093, valid_rmse-1.2163, valid_pr-0.7560
Validation : valid_rmse-1.2163, valid_pr-0.7560, 
test2013_rmse-1.2754, test2013_pr-0.8518, test2016_rmse-1.1512, test2016_pr-0.8520, test2019_rmse-1.3932, test2019_pr-0.6433
epoch-193, train_loss-0.1651, train_rmse-0.4063, valid_rmse-1.2350, valid_pr-0.7470
epoch-194, train_loss-0.1567, train_rmse-0.3958, valid_rmse-1.2174, valid_pr-0.7552
epoch-195, train_loss-0.1577, train_rmse-0.3972, valid_rmse-1.2200, valid_pr-0.7536
epoch-196, train_loss-0.1808, train_rmse-0.4253, valid_rmse-1.2527, valid_pr-0.7397
epoch-197, train_loss-0.1847, train_rmse-0.4297, valid_rmse-1.2216, valid_pr-0.7547
epoch-198, train_loss-0.1738, train_rmse-0.4169, valid_rmse-1.2379, valid_pr-0.7483
epoch-199, train_loss-0.1709, train_rmse-0.4134, valid_rmse-1.2118, valid_pr-0.7567
Validation : valid_rmse-1.2118, valid_pr-0.7567, 
test2013_rmse-1.2584, test2013_pr-0.8558, test2016_rmse-1.1448, test2016_pr-0.8541, test2019_rmse-1.3763, test2019_pr-0.6504
epoch-200, train_loss-0.1553, train_rmse-0.3941, valid_rmse-1.2307, valid_pr-0.7556
epoch-201, train_loss-0.1513, train_rmse-0.3890, valid_rmse-1.2352, valid_pr-0.7496
epoch-202, train_loss-0.1558, train_rmse-0.3948, valid_rmse-1.2346, valid_pr-0.7493
epoch-203, train_loss-0.1619, train_rmse-0.4024, valid_rmse-1.2188, valid_pr-0.7532
epoch-204, train_loss-0.1562, train_rmse-0.3952, valid_rmse-1.2514, valid_pr-0.7445
epoch-205, train_loss-0.1581, train_rmse-0.3976, valid_rmse-1.2586, valid_pr-0.7349
epoch-206, train_loss-0.1711, train_rmse-0.4136, valid_rmse-1.2194, valid_pr-0.7538
epoch-207, train_loss-0.1632, train_rmse-0.4040, valid_rmse-1.2285, valid_pr-0.7528
epoch-208, train_loss-0.1476, train_rmse-0.3842, valid_rmse-1.2329, valid_pr-0.7489
epoch-209, train_loss-0.1530, train_rmse-0.3911, valid_rmse-1.2539, valid_pr-0.7527
epoch-210, train_loss-0.1657, train_rmse-0.4071, valid_rmse-1.2636, valid_pr-0.7402
epoch-211, train_loss-0.1659, train_rmse-0.4074, valid_rmse-1.2298, valid_pr-0.7530
epoch-212, train_loss-0.1666, train_rmse-0.4082, valid_rmse-1.2307, valid_pr-0.7505
epoch-213, train_loss-0.1666, train_rmse-0.4082, valid_rmse-1.2380, valid_pr-0.7461
epoch-214, train_loss-0.1533, train_rmse-0.3916, valid_rmse-1.2442, valid_pr-0.7505
epoch-215, train_loss-0.1512, train_rmse-0.3888, valid_rmse-1.2429, valid_pr-0.7447
epoch-216, train_loss-0.1588, train_rmse-0.3985, valid_rmse-1.2395, valid_pr-0.7470
epoch-217, train_loss-0.1441, train_rmse-0.3797, valid_rmse-1.2433, valid_pr-0.7478
epoch-218, train_loss-0.1449, train_rmse-0.3806, valid_rmse-1.2229, valid_pr-0.7526
epoch-219, train_loss-0.1491, train_rmse-0.3862, valid_rmse-1.2391, valid_pr-0.7488
epoch-220, train_loss-0.1472, train_rmse-0.3837, valid_rmse-1.2261, valid_pr-0.7519
epoch-221, train_loss-0.1652, train_rmse-0.4065, valid_rmse-1.2417, valid_pr-0.7505
epoch-222, train_loss-0.1464, train_rmse-0.3826, valid_rmse-1.2167, valid_pr-0.7569
epoch-223, train_loss-0.1606, train_rmse-0.4007, valid_rmse-1.2221, valid_pr-0.7585
epoch-224, train_loss-0.1455, train_rmse-0.3814, valid_rmse-1.2240, valid_pr-0.7536
epoch-225, train_loss-0.1560, train_rmse-0.3950, valid_rmse-1.2399, valid_pr-0.7464
epoch-226, train_loss-0.1561, train_rmse-0.3951, valid_rmse-1.2307, valid_pr-0.7484
epoch-227, train_loss-0.1494, train_rmse-0.3866, valid_rmse-1.2387, valid_pr-0.7467
epoch-228, train_loss-0.1685, train_rmse-0.4105, valid_rmse-1.2435, valid_pr-0.7463
epoch-229, train_loss-0.1602, train_rmse-0.4002, valid_rmse-1.2276, valid_pr-0.7535
epoch-230, train_loss-0.1576, train_rmse-0.3970, valid_rmse-1.2329, valid_pr-0.7482
epoch-231, train_loss-0.1475, train_rmse-0.3840, valid_rmse-1.2821, valid_pr-0.7438
epoch-232, train_loss-0.1502, train_rmse-0.3875, valid_rmse-1.2932, valid_pr-0.7482
epoch-233, train_loss-0.1400, train_rmse-0.3741, valid_rmse-1.2221, valid_pr-0.7540
epoch-234, train_loss-0.1563, train_rmse-0.3954, valid_rmse-1.2349, valid_pr-0.7577
epoch-235, train_loss-0.1513, train_rmse-0.3889, valid_rmse-1.2322, valid_pr-0.7514
epoch-236, train_loss-0.1418, train_rmse-0.3765, valid_rmse-1.2264, valid_pr-0.7497
epoch-237, train_loss-0.1437, train_rmse-0.3790, valid_rmse-1.2334, valid_pr-0.7524
epoch-238, train_loss-0.1463, train_rmse-0.3825, valid_rmse-1.2222, valid_pr-0.7532
epoch-239, train_loss-0.1380, train_rmse-0.3715, valid_rmse-1.2314, valid_pr-0.7515
epoch-240, train_loss-0.1489, train_rmse-0.3859, valid_rmse-1.2503, valid_pr-0.7442
epoch-241, train_loss-0.1389, train_rmse-0.3727, valid_rmse-1.2327, valid_pr-0.7536
epoch-242, train_loss-0.1417, train_rmse-0.3764, valid_rmse-1.2357, valid_pr-0.7485
epoch-243, train_loss-0.1322, train_rmse-0.3636, valid_rmse-1.2323, valid_pr-0.7512
epoch-244, train_loss-0.1575, train_rmse-0.3968, valid_rmse-1.2525, valid_pr-0.7521
epoch-245, train_loss-0.1550, train_rmse-0.3937, valid_rmse-1.2448, valid_pr-0.7450
epoch-246, train_loss-0.1493, train_rmse-0.3864, valid_rmse-1.2322, valid_pr-0.7559
epoch-247, train_loss-0.1455, train_rmse-0.3815, valid_rmse-1.2117, valid_pr-0.7568
Validation : valid_rmse-1.2117, valid_pr-0.7568, 
test2013_rmse-1.2500, test2013_pr-0.8603, test2016_rmse-1.1313, test2016_pr-0.8591, test2019_rmse-1.3768, test2019_pr-0.6492
epoch-248, train_loss-0.1484, train_rmse-0.3852, valid_rmse-1.2383, valid_pr-0.7495
epoch-249, train_loss-0.1385, train_rmse-0.3722, valid_rmse-1.2236, valid_pr-0.7522
epoch-250, train_loss-0.1306, train_rmse-0.3614, valid_rmse-1.2201, valid_pr-0.7506
epoch-251, train_loss-0.1252, train_rmse-0.3538, valid_rmse-1.2244, valid_pr-0.7514
epoch-252, train_loss-0.1189, train_rmse-0.3448, valid_rmse-1.2170, valid_pr-0.7547
epoch-253, train_loss-0.1118, train_rmse-0.3343, valid_rmse-1.2217, valid_pr-0.7521
epoch-254, train_loss-0.1152, train_rmse-0.3394, valid_rmse-1.2347, valid_pr-0.7481
epoch-255, train_loss-0.1165, train_rmse-0.3412, valid_rmse-1.2290, valid_pr-0.7495
epoch-256, train_loss-0.1086, train_rmse-0.3296, valid_rmse-1.2201, valid_pr-0.7541
epoch-257, train_loss-0.1103, train_rmse-0.3321, valid_rmse-1.2327, valid_pr-0.7517
epoch-258, train_loss-0.1089, train_rmse-0.3300, valid_rmse-1.2271, valid_pr-0.7507
epoch-259, train_loss-0.1151, train_rmse-0.3392, valid_rmse-1.2156, valid_pr-0.7560
epoch-260, train_loss-0.1143, train_rmse-0.3381, valid_rmse-1.2167, valid_pr-0.7567
epoch-261, train_loss-0.1164, train_rmse-0.3412, valid_rmse-1.2213, valid_pr-0.7543
epoch-262, train_loss-0.1165, train_rmse-0.3413, valid_rmse-1.2225, valid_pr-0.7510
epoch-263, train_loss-0.1216, train_rmse-0.3488, valid_rmse-1.2263, valid_pr-0.7546
epoch-264, train_loss-0.1125, train_rmse-0.3355, valid_rmse-1.2254, valid_pr-0.7528
epoch-265, train_loss-0.1164, train_rmse-0.3412, valid_rmse-1.2176, valid_pr-0.7562
epoch-266, train_loss-0.1176, train_rmse-0.3429, valid_rmse-1.2167, valid_pr-0.7573
epoch-267, train_loss-0.1173, train_rmse-0.3425, valid_rmse-1.2261, valid_pr-0.7522
epoch-268, train_loss-0.1091, train_rmse-0.3303, valid_rmse-1.2044, valid_pr-0.7606
Validation : valid_rmse-1.2044, valid_pr-0.7606, 
test2013_rmse-1.2460, test2013_pr-0.8628, test2016_rmse-1.1273, test2016_pr-0.8624, test2019_rmse-1.3681, test2019_pr-0.6529
epoch-269, train_loss-0.1149, train_rmse-0.3389, valid_rmse-1.2079, valid_pr-0.7581
epoch-270, train_loss-0.1213, train_rmse-0.3482, valid_rmse-1.2182, valid_pr-0.7544
epoch-271, train_loss-0.1088, train_rmse-0.3299, valid_rmse-1.2159, valid_pr-0.7559
epoch-272, train_loss-0.1142, train_rmse-0.3379, valid_rmse-1.2172, valid_pr-0.7551
epoch-273, train_loss-0.1156, train_rmse-0.3400, valid_rmse-1.2286, valid_pr-0.7530
epoch-274, train_loss-0.1191, train_rmse-0.3451, valid_rmse-1.2185, valid_pr-0.7533
epoch-275, train_loss-0.1120, train_rmse-0.3347, valid_rmse-1.2163, valid_pr-0.7563
epoch-276, train_loss-0.1042, train_rmse-0.3229, valid_rmse-1.2187, valid_pr-0.7542
epoch-277, train_loss-0.1134, train_rmse-0.3368, valid_rmse-1.2181, valid_pr-0.7588
epoch-278, train_loss-0.1093, train_rmse-0.3306, valid_rmse-1.2042, valid_pr-0.7598
Validation : valid_rmse-1.2042, valid_pr-0.7598, 
test2013_rmse-1.2425, test2013_pr-0.8612, test2016_rmse-1.1288, test2016_pr-0.8584, test2019_rmse-1.3702, test2019_pr-0.6571
epoch-279, train_loss-0.1191, train_rmse-0.3451, valid_rmse-1.2088, valid_pr-0.7584
epoch-280, train_loss-0.1141, train_rmse-0.3377, valid_rmse-1.2129, valid_pr-0.7566
epoch-281, train_loss-0.1188, train_rmse-0.3447, valid_rmse-1.2074, valid_pr-0.7584
epoch-282, train_loss-0.1207, train_rmse-0.3474, valid_rmse-1.2177, valid_pr-0.7534
epoch-283, train_loss-0.1131, train_rmse-0.3364, valid_rmse-1.2106, valid_pr-0.7571
epoch-284, train_loss-0.1174, train_rmse-0.3427, valid_rmse-1.2184, valid_pr-0.7522
epoch-285, train_loss-0.1163, train_rmse-0.3410, valid_rmse-1.2148, valid_pr-0.7553
epoch-286, train_loss-0.1188, train_rmse-0.3447, valid_rmse-1.2147, valid_pr-0.7573
epoch-287, train_loss-0.1125, train_rmse-0.3354, valid_rmse-1.2092, valid_pr-0.7586
epoch-288, train_loss-0.1070, train_rmse-0.3271, valid_rmse-1.2383, valid_pr-0.7538
epoch-289, train_loss-0.1149, train_rmse-0.3389, valid_rmse-1.2211, valid_pr-0.7532
epoch-290, train_loss-0.1107, train_rmse-0.3327, valid_rmse-1.2216, valid_pr-0.7525
epoch-291, train_loss-0.1127, train_rmse-0.3357, valid_rmse-1.2122, valid_pr-0.7579
epoch-292, train_loss-0.1227, train_rmse-0.3503, valid_rmse-1.2164, valid_pr-0.7567
epoch-293, train_loss-0.1193, train_rmse-0.3454, valid_rmse-1.2153, valid_pr-0.7541
epoch-294, train_loss-0.1121, train_rmse-0.3348, valid_rmse-1.2277, valid_pr-0.7542
epoch-295, train_loss-0.1100, train_rmse-0.3317, valid_rmse-1.2058, valid_pr-0.7599
epoch-296, train_loss-0.1075, train_rmse-0.3279, valid_rmse-1.2118, valid_pr-0.7555
epoch-297, train_loss-0.1125, train_rmse-0.3354, valid_rmse-1.2217, valid_pr-0.7559
epoch-298, train_loss-0.0979, train_rmse-0.3128, valid_rmse-1.2112, valid_pr-0.7617
epoch-299, train_loss-0.1077, train_rmse-0.3282, valid_rmse-1.2036, valid_pr-0.7603
Validation : valid_rmse-1.2036, valid_pr-0.7603, 
test2013_rmse-1.2271, test2013_pr-0.8683, test2016_rmse-1.1162, test2016_pr-0.8638, test2019_rmse-1.3675, test2019_pr-0.6552
epoch-300, train_loss-0.1090, train_rmse-0.3302, valid_rmse-1.2114, valid_pr-0.7588
epoch-301, train_loss-0.1179, train_rmse-0.3434, valid_rmse-1.2147, valid_pr-0.7557
epoch-302, train_loss-0.1110, train_rmse-0.3332, valid_rmse-1.2115, valid_pr-0.7582
epoch-303, train_loss-0.1097, train_rmse-0.3312, valid_rmse-1.2226, valid_pr-0.7563
epoch-304, train_loss-0.1090, train_rmse-0.3301, valid_rmse-1.2153, valid_pr-0.7565
epoch-305, train_loss-0.1080, train_rmse-0.3287, valid_rmse-1.2204, valid_pr-0.7552
epoch-306, train_loss-0.1062, train_rmse-0.3259, valid_rmse-1.2186, valid_pr-0.7530
epoch-307, train_loss-0.1090, train_rmse-0.3302, valid_rmse-1.2152, valid_pr-0.7584
epoch-308, train_loss-0.1073, train_rmse-0.3276, valid_rmse-1.2139, valid_pr-0.7582
epoch-309, train_loss-0.1095, train_rmse-0.3309, valid_rmse-1.2140, valid_pr-0.7562
epoch-310, train_loss-0.1055, train_rmse-0.3249, valid_rmse-1.2168, valid_pr-0.7596
epoch-311, train_loss-0.1112, train_rmse-0.3334, valid_rmse-1.2095, valid_pr-0.7596
epoch-312, train_loss-0.1120, train_rmse-0.3347, valid_rmse-1.2114, valid_pr-0.7579
epoch-313, train_loss-0.1100, train_rmse-0.3316, valid_rmse-1.2013, valid_pr-0.7620
Validation : valid_rmse-1.2013, valid_pr-0.7620, 
test2013_rmse-1.2746, test2013_pr-0.8576, test2016_rmse-1.1554, test2016_pr-0.8559, test2019_rmse-1.3621, test2019_pr-0.6559
epoch-314, train_loss-0.1094, train_rmse-0.3307, valid_rmse-1.2108, valid_pr-0.7580
epoch-315, train_loss-0.1197, train_rmse-0.3460, valid_rmse-1.2112, valid_pr-0.7582
epoch-316, train_loss-0.1182, train_rmse-0.3439, valid_rmse-1.2141, valid_pr-0.7567
epoch-317, train_loss-0.1065, train_rmse-0.3264, valid_rmse-1.2060, valid_pr-0.7594
epoch-318, train_loss-0.1132, train_rmse-0.3365, valid_rmse-1.2108, valid_pr-0.7584
epoch-319, train_loss-0.1111, train_rmse-0.3333, valid_rmse-1.2044, valid_pr-0.7589
epoch-320, train_loss-0.1066, train_rmse-0.3265, valid_rmse-1.2153, valid_pr-0.7568
epoch-321, train_loss-0.1062, train_rmse-0.3258, valid_rmse-1.2051, valid_pr-0.7587
epoch-322, train_loss-0.1070, train_rmse-0.3271, valid_rmse-1.2016, valid_pr-0.7606
epoch-323, train_loss-0.1101, train_rmse-0.3319, valid_rmse-1.2161, valid_pr-0.7575
epoch-324, train_loss-0.1122, train_rmse-0.3349, valid_rmse-1.2095, valid_pr-0.7591
epoch-325, train_loss-0.1058, train_rmse-0.3253, valid_rmse-1.2059, valid_pr-0.7600
epoch-326, train_loss-0.1121, train_rmse-0.3348, valid_rmse-1.2068, valid_pr-0.7594
epoch-327, train_loss-0.1103, train_rmse-0.3321, valid_rmse-1.2095, valid_pr-0.7585
epoch-328, train_loss-0.1168, train_rmse-0.3418, valid_rmse-1.2120, valid_pr-0.7575
epoch-329, train_loss-0.1071, train_rmse-0.3272, valid_rmse-1.2108, valid_pr-0.7598
epoch-330, train_loss-0.1146, train_rmse-0.3386, valid_rmse-1.2171, valid_pr-0.7534
epoch-331, train_loss-0.1086, train_rmse-0.3296, valid_rmse-1.2011, valid_pr-0.7604
Validation : valid_rmse-1.2011, valid_pr-0.7604, 
test2013_rmse-1.2462, test2013_pr-0.8638, test2016_rmse-1.1322, test2016_pr-0.8596, test2019_rmse-1.3557, test2019_pr-0.6598
epoch-332, train_loss-0.1061, train_rmse-0.3258, valid_rmse-1.2115, valid_pr-0.7593
epoch-333, train_loss-0.1105, train_rmse-0.3325, valid_rmse-1.2111, valid_pr-0.7577
epoch-334, train_loss-0.1082, train_rmse-0.3289, valid_rmse-1.2161, valid_pr-0.7576
epoch-335, train_loss-0.1177, train_rmse-0.3430, valid_rmse-1.2073, valid_pr-0.7592
epoch-336, train_loss-0.1049, train_rmse-0.3239, valid_rmse-1.2140, valid_pr-0.7602
epoch-337, train_loss-0.0999, train_rmse-0.3161, valid_rmse-1.2015, valid_pr-0.7609
epoch-338, train_loss-0.1002, train_rmse-0.3165, valid_rmse-1.1989, valid_pr-0.7623
Validation : valid_rmse-1.1989, valid_pr-0.7623, 
test2013_rmse-1.2619, test2013_pr-0.8600, test2016_rmse-1.1341, test2016_pr-0.8616, test2019_rmse-1.3574, test2019_pr-0.6592
epoch-339, train_loss-0.0996, train_rmse-0.3156, valid_rmse-1.2028, valid_pr-0.7607
epoch-340, train_loss-0.0999, train_rmse-0.3161, valid_rmse-1.2042, valid_pr-0.7603
epoch-341, train_loss-0.1081, train_rmse-0.3287, valid_rmse-1.2013, valid_pr-0.7610
epoch-342, train_loss-0.1146, train_rmse-0.3385, valid_rmse-1.2094, valid_pr-0.7589
epoch-343, train_loss-0.1127, train_rmse-0.3357, valid_rmse-1.2036, valid_pr-0.7597
epoch-344, train_loss-0.1078, train_rmse-0.3283, valid_rmse-1.1998, valid_pr-0.7637
epoch-345, train_loss-0.1075, train_rmse-0.3278, valid_rmse-1.1995, valid_pr-0.7625
epoch-346, train_loss-0.1004, train_rmse-0.3169, valid_rmse-1.2008, valid_pr-0.7621
epoch-347, train_loss-0.1082, train_rmse-0.3290, valid_rmse-1.2038, valid_pr-0.7608
epoch-348, train_loss-0.1003, train_rmse-0.3167, valid_rmse-1.2056, valid_pr-0.7592
epoch-349, train_loss-0.1154, train_rmse-0.3398, valid_rmse-1.1958, valid_pr-0.7641
Validation : valid_rmse-1.1958, valid_pr-0.7641, 
test2013_rmse-1.2507, test2013_pr-0.8588, test2016_rmse-1.1275, test2016_pr-0.8588, test2019_rmse-1.3655, test2019_pr-0.6575
epoch-350, train_loss-0.1113, train_rmse-0.3337, valid_rmse-1.2098, valid_pr-0.7585
epoch-351, train_loss-0.1069, train_rmse-0.3270, valid_rmse-1.2107, valid_pr-0.7571
epoch-352, train_loss-0.1094, train_rmse-0.3308, valid_rmse-1.2024, valid_pr-0.7596
epoch-353, train_loss-0.1080, train_rmse-0.3286, valid_rmse-1.2102, valid_pr-0.7574
epoch-354, train_loss-0.1090, train_rmse-0.3302, valid_rmse-1.2022, valid_pr-0.7603
epoch-355, train_loss-0.1159, train_rmse-0.3405, valid_rmse-1.2044, valid_pr-0.7596
epoch-356, train_loss-0.1100, train_rmse-0.3317, valid_rmse-1.2054, valid_pr-0.7606
epoch-357, train_loss-0.1064, train_rmse-0.3261, valid_rmse-1.1975, valid_pr-0.7627
epoch-358, train_loss-0.1029, train_rmse-0.3208, valid_rmse-1.2021, valid_pr-0.7615
epoch-359, train_loss-0.1104, train_rmse-0.3323, valid_rmse-1.2016, valid_pr-0.7610
epoch-360, train_loss-0.1096, train_rmse-0.3311, valid_rmse-1.2049, valid_pr-0.7621
epoch-361, train_loss-0.1022, train_rmse-0.3196, valid_rmse-1.2012, valid_pr-0.7599
epoch-362, train_loss-0.1000, train_rmse-0.3163, valid_rmse-1.2092, valid_pr-0.7599
epoch-363, train_loss-0.1074, train_rmse-0.3277, valid_rmse-1.2180, valid_pr-0.7559
epoch-364, train_loss-0.1124, train_rmse-0.3352, valid_rmse-1.2138, valid_pr-0.7562
epoch-365, train_loss-0.1002, train_rmse-0.3165, valid_rmse-1.2031, valid_pr-0.7601
epoch-366, train_loss-0.1098, train_rmse-0.3313, valid_rmse-1.2006, valid_pr-0.7616
epoch-367, train_loss-0.1037, train_rmse-0.3220, valid_rmse-1.2033, valid_pr-0.7613
epoch-368, train_loss-0.1083, train_rmse-0.3291, valid_rmse-1.2043, valid_pr-0.7609
epoch-369, train_loss-0.1085, train_rmse-0.3294, valid_rmse-1.2103, valid_pr-0.7604
epoch-370, train_loss-0.0989, train_rmse-0.3144, valid_rmse-1.2035, valid_pr-0.7605
epoch-371, train_loss-0.1023, train_rmse-0.3198, valid_rmse-1.2013, valid_pr-0.7625
epoch-372, train_loss-0.1057, train_rmse-0.3251, valid_rmse-1.2111, valid_pr-0.7601
epoch-373, train_loss-0.1112, train_rmse-0.3334, valid_rmse-1.2069, valid_pr-0.7581
epoch-374, train_loss-0.0996, train_rmse-0.3156, valid_rmse-1.2086, valid_pr-0.7570
epoch-375, train_loss-0.1069, train_rmse-0.3270, valid_rmse-1.2070, valid_pr-0.7587
epoch-376, train_loss-0.1053, train_rmse-0.3245, valid_rmse-1.1958, valid_pr-0.7645
epoch-377, train_loss-0.1020, train_rmse-0.3193, valid_rmse-1.2075, valid_pr-0.7638
epoch-378, train_loss-0.1074, train_rmse-0.3278, valid_rmse-1.2165, valid_pr-0.7586
epoch-379, train_loss-0.1019, train_rmse-0.3192, valid_rmse-1.2008, valid_pr-0.7609
epoch-380, train_loss-0.1035, train_rmse-0.3218, valid_rmse-1.2045, valid_pr-0.7616
epoch-381, train_loss-0.1015, train_rmse-0.3185, valid_rmse-1.2053, valid_pr-0.7589
epoch-382, train_loss-0.0993, train_rmse-0.3150, valid_rmse-1.2036, valid_pr-0.7598
epoch-383, train_loss-0.1118, train_rmse-0.3343, valid_rmse-1.2021, valid_pr-0.7619
epoch-384, train_loss-0.0979, train_rmse-0.3129, valid_rmse-1.2003, valid_pr-0.7612
epoch-385, train_loss-0.1082, train_rmse-0.3290, valid_rmse-1.2093, valid_pr-0.7580
epoch-386, train_loss-0.1093, train_rmse-0.3306, valid_rmse-1.2070, valid_pr-0.7598
epoch-387, train_loss-0.1048, train_rmse-0.3238, valid_rmse-1.2033, valid_pr-0.7601
epoch-388, train_loss-0.1033, train_rmse-0.3214, valid_rmse-1.2003, valid_pr-0.7632
epoch-389, train_loss-0.1047, train_rmse-0.3236, valid_rmse-1.1996, valid_pr-0.7620
epoch-390, train_loss-0.1162, train_rmse-0.3408, valid_rmse-1.2038, valid_pr-0.7598
epoch-391, train_loss-0.0980, train_rmse-0.3130, valid_rmse-1.2032, valid_pr-0.7612
epoch-392, train_loss-0.1050, train_rmse-0.3240, valid_rmse-1.2006, valid_pr-0.7625
epoch-393, train_loss-0.1006, train_rmse-0.3171, valid_rmse-1.1972, valid_pr-0.7626
epoch-394, train_loss-0.0929, train_rmse-0.3047, valid_rmse-1.2009, valid_pr-0.7625
epoch-395, train_loss-0.0962, train_rmse-0.3102, valid_rmse-1.1967, valid_pr-0.7620
epoch-396, train_loss-0.1017, train_rmse-0.3189, valid_rmse-1.1987, valid_pr-0.7616
epoch-397, train_loss-0.0997, train_rmse-0.3158, valid_rmse-1.1953, valid_pr-0.7635
Validation : valid_rmse-1.1953, valid_pr-0.7635, 
test2013_rmse-1.2328, test2013_pr-0.8679, test2016_rmse-1.1087, test2016_pr-0.8666, test2019_rmse-1.3535, test2019_pr-0.6623
epoch-398, train_loss-0.1122, train_rmse-0.3349, valid_rmse-1.1995, valid_pr-0.7620
epoch-399, train_loss-0.1041, train_rmse-0.3226, valid_rmse-1.1980, valid_pr-0.7632
epoch-400, train_loss-0.1051, train_rmse-0.3241, valid_rmse-1.1990, valid_pr-0.7628
epoch-401, train_loss-0.1057, train_rmse-0.3251, valid_rmse-1.2003, valid_pr-0.7625
epoch-402, train_loss-0.0938, train_rmse-0.3063, valid_rmse-1.2048, valid_pr-0.7596
epoch-403, train_loss-0.0972, train_rmse-0.3118, valid_rmse-1.1999, valid_pr-0.7616
epoch-404, train_loss-0.1047, train_rmse-0.3236, valid_rmse-1.1973, valid_pr-0.7624
epoch-405, train_loss-0.1004, train_rmse-0.3169, valid_rmse-1.1976, valid_pr-0.7659
epoch-406, train_loss-0.1082, train_rmse-0.3290, valid_rmse-1.2006, valid_pr-0.7641
epoch-407, train_loss-0.1000, train_rmse-0.3163, valid_rmse-1.1977, valid_pr-0.7632
epoch-408, train_loss-0.0946, train_rmse-0.3076, valid_rmse-1.1975, valid_pr-0.7635
epoch-409, train_loss-0.0999, train_rmse-0.3161, valid_rmse-1.2005, valid_pr-0.7632
epoch-410, train_loss-0.1023, train_rmse-0.3198, valid_rmse-1.2018, valid_pr-0.7608
epoch-411, train_loss-0.1070, train_rmse-0.3271, valid_rmse-1.2071, valid_pr-0.7605
epoch-412, train_loss-0.1012, train_rmse-0.3181, valid_rmse-1.1959, valid_pr-0.7627
epoch-413, train_loss-0.1058, train_rmse-0.3252, valid_rmse-1.2011, valid_pr-0.7608
epoch-414, train_loss-0.0968, train_rmse-0.3111, valid_rmse-1.2024, valid_pr-0.7616
epoch-415, train_loss-0.0984, train_rmse-0.3137, valid_rmse-1.1982, valid_pr-0.7624
epoch-416, train_loss-0.1022, train_rmse-0.3196, valid_rmse-1.2056, valid_pr-0.7605
epoch-417, train_loss-0.0980, train_rmse-0.3130, valid_rmse-1.2068, valid_pr-0.7631
epoch-418, train_loss-0.0962, train_rmse-0.3101, valid_rmse-1.2248, valid_pr-0.7623
epoch-419, train_loss-0.1121, train_rmse-0.3348, valid_rmse-1.2095, valid_pr-0.7635
epoch-420, train_loss-0.1089, train_rmse-0.3300, valid_rmse-1.1963, valid_pr-0.7622
epoch-421, train_loss-0.0993, train_rmse-0.3151, valid_rmse-1.1966, valid_pr-0.7616
epoch-422, train_loss-0.1084, train_rmse-0.3292, valid_rmse-1.1995, valid_pr-0.7623
epoch-423, train_loss-0.1057, train_rmse-0.3250, valid_rmse-1.2066, valid_pr-0.7581
epoch-424, train_loss-0.1071, train_rmse-0.3273, valid_rmse-1.2094, valid_pr-0.7597
epoch-425, train_loss-0.0961, train_rmse-0.3099, valid_rmse-1.2036, valid_pr-0.7596
epoch-426, train_loss-0.0977, train_rmse-0.3126, valid_rmse-1.2095, valid_pr-0.7591
epoch-427, train_loss-0.1084, train_rmse-0.3293, valid_rmse-1.2150, valid_pr-0.7576
epoch-428, train_loss-0.0990, train_rmse-0.3147, valid_rmse-1.2017, valid_pr-0.7604
epoch-429, train_loss-0.1088, train_rmse-0.3298, valid_rmse-1.2160, valid_pr-0.7607
epoch-430, train_loss-0.1067, train_rmse-0.3267, valid_rmse-1.2003, valid_pr-0.7616
epoch-431, train_loss-0.0965, train_rmse-0.3106, valid_rmse-1.2036, valid_pr-0.7599
epoch-432, train_loss-0.0919, train_rmse-0.3032, valid_rmse-1.2027, valid_pr-0.7623
epoch-433, train_loss-0.1014, train_rmse-0.3184, valid_rmse-1.2074, valid_pr-0.7589
epoch-434, train_loss-0.0988, train_rmse-0.3143, valid_rmse-1.1955, valid_pr-0.7637
epoch-435, train_loss-0.0935, train_rmse-0.3058, valid_rmse-1.1997, valid_pr-0.7631
epoch-436, train_loss-0.0978, train_rmse-0.3128, valid_rmse-1.1984, valid_pr-0.7621
epoch-437, train_loss-0.1113, train_rmse-0.3336, valid_rmse-1.2010, valid_pr-0.7636
epoch-438, train_loss-0.0987, train_rmse-0.3141, valid_rmse-1.1981, valid_pr-0.7624
epoch-439, train_loss-0.0941, train_rmse-0.3068, valid_rmse-1.1980, valid_pr-0.7633
epoch-440, train_loss-0.0994, train_rmse-0.3152, valid_rmse-1.2073, valid_pr-0.7629
epoch-441, train_loss-0.0943, train_rmse-0.3071, valid_rmse-1.1967, valid_pr-0.7630
epoch-442, train_loss-0.0938, train_rmse-0.3062, valid_rmse-1.1953, valid_pr-0.7630
Validation : valid_rmse-1.1953, valid_pr-0.7630, 
test2013_rmse-1.2648, test2013_pr-0.8586, test2016_rmse-1.1301, test2016_pr-0.8608, test2019_rmse-1.3584, test2019_pr-0.6573
epoch-443, train_loss-0.0937, train_rmse-0.3060, valid_rmse-1.1876, valid_pr-0.7662
Validation : valid_rmse-1.1876, valid_pr-0.7662, 
test2013_rmse-1.2557, test2013_pr-0.8612, test2016_rmse-1.1174, test2016_pr-0.8643, test2019_rmse-1.3495, test2019_pr-0.6624
epoch-444, train_loss-0.1029, train_rmse-0.3208, valid_rmse-1.1988, valid_pr-0.7638
epoch-445, train_loss-0.1002, train_rmse-0.3165, valid_rmse-1.2007, valid_pr-0.7605
epoch-446, train_loss-0.1040, train_rmse-0.3224, valid_rmse-1.2028, valid_pr-0.7612
epoch-447, train_loss-0.1005, train_rmse-0.3170, valid_rmse-1.2048, valid_pr-0.7609
epoch-448, train_loss-0.0956, train_rmse-0.3093, valid_rmse-1.2009, valid_pr-0.7619
epoch-449, train_loss-0.1083, train_rmse-0.3291, valid_rmse-1.1989, valid_pr-0.7624
epoch-450, train_loss-0.0972, train_rmse-0.3118, valid_rmse-1.2132, valid_pr-0.7610
epoch-451, train_loss-0.0907, train_rmse-0.3012, valid_rmse-1.2006, valid_pr-0.7618
epoch-452, train_loss-0.0969, train_rmse-0.3113, valid_rmse-1.2088, valid_pr-0.7599
epoch-453, train_loss-0.1002, train_rmse-0.3166, valid_rmse-1.1987, valid_pr-0.7631
epoch-454, train_loss-0.0907, train_rmse-0.3012, valid_rmse-1.1931, valid_pr-0.7644
epoch-455, train_loss-0.0992, train_rmse-0.3150, valid_rmse-1.2008, valid_pr-0.7623
epoch-456, train_loss-0.1080, train_rmse-0.3287, valid_rmse-1.2065, valid_pr-0.7605
epoch-457, train_loss-0.0938, train_rmse-0.3062, valid_rmse-1.1987, valid_pr-0.7630
epoch-458, train_loss-0.0964, train_rmse-0.3105, valid_rmse-1.2021, valid_pr-0.7619
epoch-459, train_loss-0.0941, train_rmse-0.3067, valid_rmse-1.2060, valid_pr-0.7624
epoch-460, train_loss-0.0963, train_rmse-0.3103, valid_rmse-1.2018, valid_pr-0.7609
epoch-461, train_loss-0.0902, train_rmse-0.3003, valid_rmse-1.1941, valid_pr-0.7633
epoch-462, train_loss-0.0937, train_rmse-0.3062, valid_rmse-1.1992, valid_pr-0.7621
epoch-463, train_loss-0.0901, train_rmse-0.3001, valid_rmse-1.1938, valid_pr-0.7645
epoch-464, train_loss-0.1050, train_rmse-0.3240, valid_rmse-1.2005, valid_pr-0.7615
epoch-465, train_loss-0.1012, train_rmse-0.3181, valid_rmse-1.2032, valid_pr-0.7640
epoch-466, train_loss-0.0986, train_rmse-0.3140, valid_rmse-1.1968, valid_pr-0.7622
epoch-467, train_loss-0.0941, train_rmse-0.3067, valid_rmse-1.2063, valid_pr-0.7620
epoch-468, train_loss-0.0999, train_rmse-0.3161, valid_rmse-1.1989, valid_pr-0.7630
epoch-469, train_loss-0.1057, train_rmse-0.3252, valid_rmse-1.2032, valid_pr-0.7616
epoch-470, train_loss-0.0842, train_rmse-0.2902, valid_rmse-1.2066, valid_pr-0.7626
epoch-471, train_loss-0.1002, train_rmse-0.3165, valid_rmse-1.2018, valid_pr-0.7613
epoch-472, train_loss-0.1013, train_rmse-0.3183, valid_rmse-1.2011, valid_pr-0.7622
epoch-473, train_loss-0.0914, train_rmse-0.3023, valid_rmse-1.1960, valid_pr-0.7651
epoch-474, train_loss-0.0990, train_rmse-0.3147, valid_rmse-1.2015, valid_pr-0.7624
epoch-475, train_loss-0.1048, train_rmse-0.3238, valid_rmse-1.1972, valid_pr-0.7614
epoch-476, train_loss-0.1038, train_rmse-0.3221, valid_rmse-1.2018, valid_pr-0.7613
epoch-477, train_loss-0.1065, train_rmse-0.3264, valid_rmse-1.1979, valid_pr-0.7615
epoch-478, train_loss-0.0925, train_rmse-0.3041, valid_rmse-1.1977, valid_pr-0.7645
epoch-479, train_loss-0.0981, train_rmse-0.3133, valid_rmse-1.1934, valid_pr-0.7638
epoch-480, train_loss-0.0964, train_rmse-0.3104, valid_rmse-1.1972, valid_pr-0.7628
epoch-481, train_loss-0.0994, train_rmse-0.3152, valid_rmse-1.1974, valid_pr-0.7623
epoch-482, train_loss-0.1017, train_rmse-0.3190, valid_rmse-1.1978, valid_pr-0.7637
epoch-483, train_loss-0.0957, train_rmse-0.3094, valid_rmse-1.2123, valid_pr-0.7594
epoch-484, train_loss-0.0905, train_rmse-0.3009, valid_rmse-1.2017, valid_pr-0.7599
epoch-485, train_loss-0.0936, train_rmse-0.3059, valid_rmse-1.2047, valid_pr-0.7610
epoch-486, train_loss-0.1107, train_rmse-0.3327, valid_rmse-1.1984, valid_pr-0.7628
epoch-487, train_loss-0.0910, train_rmse-0.3017, valid_rmse-1.1976, valid_pr-0.7627
epoch-488, train_loss-0.1026, train_rmse-0.3202, valid_rmse-1.2047, valid_pr-0.7600
epoch-489, train_loss-0.0947, train_rmse-0.3077, valid_rmse-1.2018, valid_pr-0.7620
epoch-490, train_loss-0.1053, train_rmse-0.3245, valid_rmse-1.2146, valid_pr-0.7589
epoch-491, train_loss-0.0861, train_rmse-0.2934, valid_rmse-1.2033, valid_pr-0.7608
epoch-492, train_loss-0.0889, train_rmse-0.2982, valid_rmse-1.2034, valid_pr-0.7607
epoch-493, train_loss-0.0912, train_rmse-0.3020, valid_rmse-1.2139, valid_pr-0.7577
epoch-494, train_loss-0.0998, train_rmse-0.3159, valid_rmse-1.2131, valid_pr-0.7597
epoch-495, train_loss-0.0984, train_rmse-0.3137, valid_rmse-1.2066, valid_pr-0.7593
epoch-496, train_loss-0.0882, train_rmse-0.2969, valid_rmse-1.1995, valid_pr-0.7629
epoch-497, train_loss-0.0878, train_rmse-0.2964, valid_rmse-1.1958, valid_pr-0.7634
epoch-498, train_loss-0.0848, train_rmse-0.2912, valid_rmse-1.1961, valid_pr-0.7637
epoch-499, train_loss-0.0796, train_rmse-0.2821, valid_rmse-1.1957, valid_pr-0.7631
epoch-500, train_loss-0.0770, train_rmse-0.2775, valid_rmse-1.2014, valid_pr-0.7614
epoch-501, train_loss-0.0865, train_rmse-0.2940, valid_rmse-1.1989, valid_pr-0.7624
epoch-502, train_loss-0.0786, train_rmse-0.2803, valid_rmse-1.1996, valid_pr-0.7617
epoch-503, train_loss-0.0848, train_rmse-0.2911, valid_rmse-1.2011, valid_pr-0.7607
epoch-504, train_loss-0.0803, train_rmse-0.2833, valid_rmse-1.1964, valid_pr-0.7633
epoch-505, train_loss-0.0831, train_rmse-0.2883, valid_rmse-1.1988, valid_pr-0.7622
epoch-506, train_loss-0.0742, train_rmse-0.2724, valid_rmse-1.2018, valid_pr-0.7620
epoch-507, train_loss-0.0830, train_rmse-0.2881, valid_rmse-1.2021, valid_pr-0.7609
epoch-508, train_loss-0.0751, train_rmse-0.2741, valid_rmse-1.1979, valid_pr-0.7626
epoch-509, train_loss-0.0854, train_rmse-0.2923, valid_rmse-1.1980, valid_pr-0.7624
epoch-510, train_loss-0.0871, train_rmse-0.2951, valid_rmse-1.1948, valid_pr-0.7635
epoch-511, train_loss-0.0908, train_rmse-0.3013, valid_rmse-1.2103, valid_pr-0.7613
epoch-512, train_loss-0.0836, train_rmse-0.2892, valid_rmse-1.1957, valid_pr-0.7630
epoch-513, train_loss-0.0820, train_rmse-0.2864, valid_rmse-1.2048, valid_pr-0.7618
epoch-514, train_loss-0.0885, train_rmse-0.2976, valid_rmse-1.2103, valid_pr-0.7621
epoch-515, train_loss-0.0884, train_rmse-0.2974, valid_rmse-1.1968, valid_pr-0.7632
epoch-516, train_loss-0.0810, train_rmse-0.2845, valid_rmse-1.1975, valid_pr-0.7643
epoch-517, train_loss-0.0832, train_rmse-0.2884, valid_rmse-1.1990, valid_pr-0.7627
epoch-518, train_loss-0.0828, train_rmse-0.2877, valid_rmse-1.1942, valid_pr-0.7637
epoch-519, train_loss-0.0847, train_rmse-0.2911, valid_rmse-1.1951, valid_pr-0.7656
epoch-520, train_loss-0.0899, train_rmse-0.2999, valid_rmse-1.1970, valid_pr-0.7628
epoch-521, train_loss-0.0964, train_rmse-0.3105, valid_rmse-1.1985, valid_pr-0.7634
epoch-522, train_loss-0.0790, train_rmse-0.2810, valid_rmse-1.1966, valid_pr-0.7631
epoch-523, train_loss-0.0833, train_rmse-0.2886, valid_rmse-1.1943, valid_pr-0.7635
epoch-524, train_loss-0.0868, train_rmse-0.2947, valid_rmse-1.2056, valid_pr-0.7620
epoch-525, train_loss-0.0895, train_rmse-0.2991, valid_rmse-1.1952, valid_pr-0.7635
epoch-526, train_loss-0.0835, train_rmse-0.2890, valid_rmse-1.2004, valid_pr-0.7600
epoch-527, train_loss-0.0897, train_rmse-0.2994, valid_rmse-1.2022, valid_pr-0.7609
epoch-528, train_loss-0.0837, train_rmse-0.2893, valid_rmse-1.1939, valid_pr-0.7631
epoch-529, train_loss-0.0943, train_rmse-0.3071, valid_rmse-1.1939, valid_pr-0.7649
epoch-530, train_loss-0.0812, train_rmse-0.2849, valid_rmse-1.1965, valid_pr-0.7636
epoch-531, train_loss-0.0801, train_rmse-0.2830, valid_rmse-1.1969, valid_pr-0.7627
epoch-532, train_loss-0.0929, train_rmse-0.3048, valid_rmse-1.1962, valid_pr-0.7638
epoch-533, train_loss-0.0865, train_rmse-0.2941, valid_rmse-1.2006, valid_pr-0.7638
epoch-534, train_loss-0.0849, train_rmse-0.2914, valid_rmse-1.1953, valid_pr-0.7646
epoch-535, train_loss-0.0817, train_rmse-0.2858, valid_rmse-1.1985, valid_pr-0.7634
epoch-536, train_loss-0.0840, train_rmse-0.2899, valid_rmse-1.1939, valid_pr-0.7632
epoch-537, train_loss-0.0774, train_rmse-0.2783, valid_rmse-1.1971, valid_pr-0.7629
epoch-538, train_loss-0.0899, train_rmse-0.2998, valid_rmse-1.1983, valid_pr-0.7635
epoch-539, train_loss-0.0864, train_rmse-0.2939, valid_rmse-1.1955, valid_pr-0.7639
epoch-540, train_loss-0.0864, train_rmse-0.2939, valid_rmse-1.1988, valid_pr-0.7618
epoch-541, train_loss-0.0844, train_rmse-0.2905, valid_rmse-1.1939, valid_pr-0.7642
epoch-542, train_loss-0.0788, train_rmse-0.2808, valid_rmse-1.1961, valid_pr-0.7630
epoch-543, train_loss-0.0854, train_rmse-0.2922, valid_rmse-1.1929, valid_pr-0.7654
epoch-544, train_loss-0.0838, train_rmse-0.2895, valid_rmse-1.1972, valid_pr-0.7629
early stop in epoch 544
best_rmse: 1.1876
valid_rmse-1.1876, valid_pr-0.7662, test2013_rmse-1.2557, test2013_pr-0.8612, test2016_rmse-1.1174, test2016_pr-0.8643, test2019_rmse-1.3495, test2019_pr-0.6624
