ours-lrs-0.001-abl-g-d-1, lr=0.001, seed=849
train_GIGN.py
train data: 11904
valid data: 1000
test2013 data: 107
test2016 data: 285
test2019 data: 4366
GIGN params # : 805417
epoch-0, train_loss-14.5552, train_rmse-3.8151, valid_rmse-2.1465, valid_pr-0.3994
Validation : valid_rmse-2.1465, valid_pr-0.3994, 
test2013_rmse-2.3906, test2013_pr-0.4528, test2016_rmse-2.1363, test2016_pr-0.5286, test2019_rmse-1.9800, test2019_pr-0.4298
epoch-1, train_loss-2.6446, train_rmse-1.6262, valid_rmse-1.5543, valid_pr-0.5740
Validation : valid_rmse-1.5543, valid_pr-0.5740, 
test2013_rmse-1.5567, test2013_pr-0.7499, test2016_rmse-1.5184, test2016_pr-0.7192, test2019_rmse-1.5356, test2019_pr-0.5629
epoch-2, train_loss-2.3240, train_rmse-1.5245, valid_rmse-1.4954, valid_pr-0.6271
Validation : valid_rmse-1.4954, valid_pr-0.6271, 
test2013_rmse-1.6159, test2013_pr-0.7668, test2016_rmse-1.5143, test2016_pr-0.7635, test2019_rmse-1.4453, test2019_pr-0.6132
epoch-3, train_loss-2.2414, train_rmse-1.4971, valid_rmse-1.5844, valid_pr-0.5507
epoch-4, train_loss-2.0535, train_rmse-1.4330, valid_rmse-1.5208, valid_pr-0.5785
epoch-5, train_loss-1.9179, train_rmse-1.3849, valid_rmse-1.4292, valid_pr-0.6464
Validation : valid_rmse-1.4292, valid_pr-0.6464, 
test2013_rmse-1.5180, test2013_pr-0.7709, test2016_rmse-1.3645, test2016_pr-0.7875, test2019_rmse-1.4039, test2019_pr-0.6377
epoch-6, train_loss-1.8545, train_rmse-1.3618, valid_rmse-1.4825, valid_pr-0.6626
epoch-7, train_loss-1.7800, train_rmse-1.3342, valid_rmse-1.3882, valid_pr-0.6811
Validation : valid_rmse-1.3882, valid_pr-0.6811, 
test2013_rmse-1.3800, test2013_pr-0.8211, test2016_rmse-1.2766, test2016_pr-0.8138, test2019_rmse-1.4094, test2019_pr-0.6504
epoch-8, train_loss-1.7283, train_rmse-1.3146, valid_rmse-1.4245, valid_pr-0.6672
epoch-9, train_loss-1.5726, train_rmse-1.2541, valid_rmse-1.4884, valid_pr-0.6174
epoch-10, train_loss-1.4812, train_rmse-1.2170, valid_rmse-1.3770, valid_pr-0.6976
Validation : valid_rmse-1.3770, valid_pr-0.6976, 
test2013_rmse-1.3227, test2013_pr-0.8264, test2016_rmse-1.3029, test2016_pr-0.8004, test2019_rmse-1.4482, test2019_pr-0.6257
epoch-11, train_loss-1.4568, train_rmse-1.2070, valid_rmse-1.7372, valid_pr-0.5595
epoch-12, train_loss-1.3466, train_rmse-1.1604, valid_rmse-1.3545, valid_pr-0.7055
Validation : valid_rmse-1.3545, valid_pr-0.7055, 
test2013_rmse-1.3054, test2013_pr-0.8336, test2016_rmse-1.2377, test2016_pr-0.8221, test2019_rmse-1.4266, test2019_pr-0.6486
epoch-13, train_loss-1.2430, train_rmse-1.1149, valid_rmse-1.6453, valid_pr-0.6378
epoch-14, train_loss-1.2302, train_rmse-1.1092, valid_rmse-1.7654, valid_pr-0.6305
epoch-15, train_loss-1.1260, train_rmse-1.0611, valid_rmse-1.4033, valid_pr-0.6619
epoch-16, train_loss-1.0713, train_rmse-1.0350, valid_rmse-1.3848, valid_pr-0.7012
epoch-17, train_loss-0.9741, train_rmse-0.9870, valid_rmse-1.4748, valid_pr-0.6771
epoch-18, train_loss-0.9005, train_rmse-0.9490, valid_rmse-1.4863, valid_pr-0.6753
epoch-19, train_loss-0.8634, train_rmse-0.9292, valid_rmse-1.4772, valid_pr-0.6566
epoch-20, train_loss-0.8052, train_rmse-0.8973, valid_rmse-1.4459, valid_pr-0.6909
epoch-21, train_loss-0.8162, train_rmse-0.9035, valid_rmse-1.4390, valid_pr-0.6813
epoch-22, train_loss-0.7692, train_rmse-0.8771, valid_rmse-1.4719, valid_pr-0.6646
epoch-23, train_loss-0.7502, train_rmse-0.8661, valid_rmse-1.4329, valid_pr-0.7129
epoch-24, train_loss-0.6891, train_rmse-0.8301, valid_rmse-1.4631, valid_pr-0.6892
epoch-25, train_loss-0.6468, train_rmse-0.8042, valid_rmse-1.3854, valid_pr-0.7058
epoch-26, train_loss-0.6302, train_rmse-0.7939, valid_rmse-1.6011, valid_pr-0.6638
epoch-27, train_loss-0.6350, train_rmse-0.7968, valid_rmse-1.3565, valid_pr-0.6887
epoch-28, train_loss-0.5897, train_rmse-0.7679, valid_rmse-1.4775, valid_pr-0.6987
epoch-29, train_loss-0.5839, train_rmse-0.7641, valid_rmse-1.7981, valid_pr-0.6965
epoch-30, train_loss-0.5767, train_rmse-0.7594, valid_rmse-1.4098, valid_pr-0.7024
epoch-31, train_loss-0.5300, train_rmse-0.7280, valid_rmse-1.3522, valid_pr-0.7097
Validation : valid_rmse-1.3522, valid_pr-0.7097, 
test2013_rmse-1.4796, test2013_pr-0.7762, test2016_rmse-1.3647, test2016_pr-0.7795, test2019_rmse-1.4888, test2019_pr-0.6042
epoch-32, train_loss-0.5267, train_rmse-0.7257, valid_rmse-1.3587, valid_pr-0.7091
epoch-33, train_loss-0.4733, train_rmse-0.6880, valid_rmse-1.3403, valid_pr-0.7103
Validation : valid_rmse-1.3403, valid_pr-0.7103, 
test2013_rmse-1.4293, test2013_pr-0.7963, test2016_rmse-1.2950, test2016_pr-0.8070, test2019_rmse-1.4905, test2019_pr-0.6037
epoch-34, train_loss-0.4788, train_rmse-0.6920, valid_rmse-1.3762, valid_pr-0.7091
epoch-35, train_loss-0.4687, train_rmse-0.6846, valid_rmse-1.4739, valid_pr-0.7068
epoch-36, train_loss-0.4648, train_rmse-0.6817, valid_rmse-1.3556, valid_pr-0.7053
epoch-37, train_loss-0.4683, train_rmse-0.6843, valid_rmse-1.3082, valid_pr-0.7233
Validation : valid_rmse-1.3082, valid_pr-0.7233, 
test2013_rmse-1.4137, test2013_pr-0.7960, test2016_rmse-1.2418, test2016_pr-0.8203, test2019_rmse-1.4590, test2019_pr-0.6275
epoch-38, train_loss-0.4461, train_rmse-0.6679, valid_rmse-1.3852, valid_pr-0.6924
epoch-39, train_loss-0.4311, train_rmse-0.6566, valid_rmse-1.3791, valid_pr-0.6898
