ours-lrs-0.001-28-156-0, lr=0.001, seed=191
train_CheapNet.py
train data: 11904
valid data: 1000
test2013 data: 107
test2016 data: 285
test2019 data: 4366
GIGN params # : 1331241
train start
ours-lrs-0.001-28-156-0, lr=0.001, seed=191
train_CheapNet.py
train data: 11904
valid data: 1000
test2013 data: 107
test2016 data: 285
test2019 data: 4366
GIGN params # : 1331241
ours-lrs-0.001-28-156-0, lr=0.001, seed=0
train_CheapNet.py
train data: 11904
valid data: 1000
test2013 data: 107
test2016 data: 285
test2019 data: 4366
GIGN params # : 1331241
ours-lrs-0.001-28-156-0, lr=0.001, seed=0
train_CheapNet.py
train data: 11904
valid data: 1000
test2013 data: 107
test2016 data: 285
test2019 data: 4366
GIGN params # : 1331241
ours-lrs-0.001-28-156-0, lr=0.001, seed=0
train_CheapNet.py
train data: 11904
valid data: 1000
test2013 data: 107
test2016 data: 285
test2019 data: 4366
GIGN params # : 1331241
ours-lrs-0.001-28-156-0, lr=0.001, seed=0
train_CheapNet.py
train data: 11904
valid data: 1000
test2013 data: 107
test2016 data: 285
test2019 data: 4366
GIGN params # : 1331241
ours-lrs-0.001-28-156-0, lr=0.001, seed=0
train_CheapNet.py
train data: 11904
valid data: 1000
test2013 data: 107
test2016 data: 285
test2019 data: 4366
GIGN params # : 1331241
ours-lrs-0.001-28-156-0, lr=0.001, seed=0
train_CheapNet.py
train data: 11904
valid data: 1000
test2013 data: 107
test2016 data: 285
test2019 data: 4366
GIGN params # : 1331241
ours-lrs-0.001-28-156-0, lr=0.001, seed=0
train_CheapNet.py
train data: 11904
valid data: 1000
test2013 data: 107
test2016 data: 285
test2019 data: 4366
GIGN params # : 1331241
ours-lrs-0.001-28-156-0, lr=0.001, seed=0
train_CheapNet.py
train data: 11904
valid data: 1000
test2013 data: 107
test2016 data: 285
test2019 data: 4366
GIGN params # : 1331241
ours-lrs-0.001-28-156-0, lr=0.001, seed=0
train_CheapNet.py
train data: 11904
valid data: 1000
test2013 data: 107
test2016 data: 285
test2019 data: 4366
GIGN params # : 1331241
