ASD, lr=0.001, seed=131
train_ASD.py
train data: 11904
valid data: 1000
test2013 data: 107
test2016 data: 285
test2019 data: 4366
GIGN params # : 42663002
epoch-0, train_loss-5.4773, train_rmse-2.3404, valid_rmse-1.8529, valid_pr-0.2973
Validation : valid_rmse-1.8529, valid_pr-0.2973, 
test2013_rmse-2.2043, test2013_pr-0.3184, test2016_rmse-2.0174, test2016_pr-0.3773, test2019_rmse-1.8251, test2019_pr-0.2594
epoch-1, train_loss-3.3776, train_rmse-1.8378, valid_rmse-1.8980, valid_pr-0.3171
epoch-2, train_loss-3.1128, train_rmse-1.7643, valid_rmse-1.7665, valid_pr-0.3650
Validation : valid_rmse-1.7665, valid_pr-0.3650, 
test2013_rmse-2.1719, test2013_pr-0.3605, test2016_rmse-1.9732, test2016_pr-0.4208, test2019_rmse-1.7266, test2019_pr-0.3529
epoch-3, train_loss-3.0158, train_rmse-1.7366, valid_rmse-1.7837, valid_pr-0.3504
epoch-4, train_loss-2.8401, train_rmse-1.6852, valid_rmse-1.6651, valid_pr-0.4472
Validation : valid_rmse-1.6651, valid_pr-0.4472, 
test2013_rmse-2.0394, test2013_pr-0.4803, test2016_rmse-1.8178, test2016_pr-0.5525, test2019_rmse-1.6680, test2019_pr-0.4033
epoch-5, train_loss-2.7534, train_rmse-1.6593, valid_rmse-1.6775, valid_pr-0.4605
epoch-6, train_loss-2.6748, train_rmse-1.6355, valid_rmse-1.6545, valid_pr-0.4660
Validation : valid_rmse-1.6545, valid_pr-0.4660, 
test2013_rmse-2.1779, test2013_pr-0.3728, test2016_rmse-1.8805, test2016_pr-0.5066, test2019_rmse-1.7068, test2019_pr-0.3819
epoch-7, train_loss-2.5449, train_rmse-1.5953, valid_rmse-1.6317, valid_pr-0.4883
Validation : valid_rmse-1.6317, valid_pr-0.4883, 
test2013_rmse-2.0078, test2013_pr-0.5139, test2016_rmse-1.8177, test2016_pr-0.5608, test2019_rmse-1.6295, test2019_pr-0.4296
epoch-8, train_loss-2.5681, train_rmse-1.6025, valid_rmse-1.6546, valid_pr-0.5079
epoch-9, train_loss-2.4469, train_rmse-1.5643, valid_rmse-1.6402, valid_pr-0.5114
epoch-10, train_loss-2.4389, train_rmse-1.5617, valid_rmse-1.6451, valid_pr-0.4870
epoch-11, train_loss-2.3452, train_rmse-1.5314, valid_rmse-1.5606, valid_pr-0.5471
Validation : valid_rmse-1.5606, valid_pr-0.5471, 
test2013_rmse-1.8828, test2013_pr-0.5938, test2016_rmse-1.6809, test2016_pr-0.6355, test2019_rmse-1.6454, test2019_pr-0.4519
epoch-12, train_loss-2.2373, train_rmse-1.4958, valid_rmse-1.6025, valid_pr-0.5358
epoch-13, train_loss-2.2443, train_rmse-1.4981, valid_rmse-1.5223, valid_pr-0.5719
Validation : valid_rmse-1.5223, valid_pr-0.5719, 
test2013_rmse-1.9346, test2013_pr-0.5606, test2016_rmse-1.7178, test2016_pr-0.6185, test2019_rmse-1.5854, test2019_pr-0.4742
epoch-14, train_loss-2.2950, train_rmse-1.5149, valid_rmse-1.5860, valid_pr-0.5481
epoch-15, train_loss-2.2276, train_rmse-1.4925, valid_rmse-1.4994, valid_pr-0.5942
Validation : valid_rmse-1.4994, valid_pr-0.5942, 
test2013_rmse-1.9142, test2013_pr-0.5753, test2016_rmse-1.6694, test2016_pr-0.6508, test2019_rmse-1.6344, test2019_pr-0.4573
epoch-16, train_loss-2.1345, train_rmse-1.4610, valid_rmse-1.5062, valid_pr-0.5889
epoch-17, train_loss-2.0596, train_rmse-1.4351, valid_rmse-1.5038, valid_pr-0.5849
epoch-18, train_loss-2.0985, train_rmse-1.4486, valid_rmse-1.5224, valid_pr-0.5814
epoch-19, train_loss-2.0507, train_rmse-1.4320, valid_rmse-1.5654, valid_pr-0.5518
epoch-20, train_loss-2.0601, train_rmse-1.4353, valid_rmse-1.5066, valid_pr-0.5875
epoch-21, train_loss-1.9768, train_rmse-1.4060, valid_rmse-1.5084, valid_pr-0.6008
epoch-22, train_loss-1.9509, train_rmse-1.3967, valid_rmse-1.4759, valid_pr-0.6038
Validation : valid_rmse-1.4759, valid_pr-0.6038, 
test2013_rmse-1.7546, test2013_pr-0.6832, test2016_rmse-1.5668, test2016_pr-0.7060, test2019_rmse-1.5641, test2019_pr-0.5003
epoch-23, train_loss-1.9351, train_rmse-1.3911, valid_rmse-1.5190, valid_pr-0.5884
epoch-24, train_loss-1.8862, train_rmse-1.3734, valid_rmse-1.5176, valid_pr-0.6024
epoch-25, train_loss-1.8790, train_rmse-1.3708, valid_rmse-1.4821, valid_pr-0.6007
epoch-26, train_loss-1.9291, train_rmse-1.3889, valid_rmse-1.5189, valid_pr-0.6009
epoch-27, train_loss-1.8543, train_rmse-1.3617, valid_rmse-1.4798, valid_pr-0.6112
epoch-28, train_loss-1.7710, train_rmse-1.3308, valid_rmse-1.4471, valid_pr-0.6240
Validation : valid_rmse-1.4471, valid_pr-0.6240, 
test2013_rmse-1.6764, test2013_pr-0.7157, test2016_rmse-1.6015, test2016_pr-0.6883, test2019_rmse-1.5490, test2019_pr-0.5164
epoch-29, train_loss-1.7953, train_rmse-1.3399, valid_rmse-1.4910, valid_pr-0.6122
epoch-30, train_loss-1.7446, train_rmse-1.3208, valid_rmse-1.4705, valid_pr-0.6141
epoch-31, train_loss-1.7640, train_rmse-1.3281, valid_rmse-1.5381, valid_pr-0.5915
epoch-32, train_loss-1.7457, train_rmse-1.3213, valid_rmse-1.5324, valid_pr-0.5731
epoch-33, train_loss-1.6599, train_rmse-1.2884, valid_rmse-1.4646, valid_pr-0.6217
epoch-34, train_loss-1.6747, train_rmse-1.2941, valid_rmse-1.4756, valid_pr-0.6238
epoch-35, train_loss-1.6793, train_rmse-1.2959, valid_rmse-1.4497, valid_pr-0.6284
epoch-36, train_loss-1.6288, train_rmse-1.2762, valid_rmse-1.4331, valid_pr-0.6339
Validation : valid_rmse-1.4331, valid_pr-0.6339, 
test2013_rmse-1.8034, test2013_pr-0.6340, test2016_rmse-1.6023, test2016_pr-0.6783, test2019_rmse-1.5801, test2019_pr-0.5012
epoch-37, train_loss-1.6468, train_rmse-1.2833, valid_rmse-1.4924, valid_pr-0.6171
epoch-38, train_loss-1.5990, train_rmse-1.2645, valid_rmse-1.4226, valid_pr-0.6464
Validation : valid_rmse-1.4226, valid_pr-0.6464, 
test2013_rmse-1.7950, test2013_pr-0.6433, test2016_rmse-1.6215, test2016_pr-0.6801, test2019_rmse-1.5241, test2019_pr-0.5355
epoch-39, train_loss-1.5957, train_rmse-1.2632, valid_rmse-1.4896, valid_pr-0.6339
epoch-40, train_loss-1.5906, train_rmse-1.2612, valid_rmse-1.4557, valid_pr-0.6248
epoch-41, train_loss-1.5650, train_rmse-1.2510, valid_rmse-1.4570, valid_pr-0.6442
epoch-42, train_loss-1.5434, train_rmse-1.2423, valid_rmse-1.4512, valid_pr-0.6307
epoch-43, train_loss-1.5149, train_rmse-1.2308, valid_rmse-1.4449, valid_pr-0.6363
epoch-44, train_loss-1.5292, train_rmse-1.2366, valid_rmse-1.4888, valid_pr-0.6206
epoch-45, train_loss-1.5079, train_rmse-1.2280, valid_rmse-1.4571, valid_pr-0.6342
epoch-46, train_loss-1.5036, train_rmse-1.2262, valid_rmse-1.4687, valid_pr-0.6216
epoch-47, train_loss-1.4848, train_rmse-1.2185, valid_rmse-1.4198, valid_pr-0.6493
Validation : valid_rmse-1.4198, valid_pr-0.6493, 
test2013_rmse-1.6794, test2013_pr-0.7105, test2016_rmse-1.5829, test2016_pr-0.6944, test2019_rmse-1.5186, test2019_pr-0.5519
epoch-48, train_loss-1.4508, train_rmse-1.2045, valid_rmse-1.4490, valid_pr-0.6380
epoch-49, train_loss-1.4345, train_rmse-1.1977, valid_rmse-1.5292, valid_pr-0.6028
epoch-50, train_loss-1.4058, train_rmse-1.1856, valid_rmse-1.4483, valid_pr-0.6424
epoch-51, train_loss-1.4158, train_rmse-1.1899, valid_rmse-1.4906, valid_pr-0.6329
epoch-52, train_loss-1.4102, train_rmse-1.1875, valid_rmse-1.4682, valid_pr-0.6297
epoch-53, train_loss-1.3646, train_rmse-1.1682, valid_rmse-1.4308, valid_pr-0.6512
epoch-54, train_loss-1.3567, train_rmse-1.1648, valid_rmse-1.4671, valid_pr-0.6223
epoch-55, train_loss-1.3250, train_rmse-1.1511, valid_rmse-1.4441, valid_pr-0.6397
epoch-56, train_loss-1.2839, train_rmse-1.1331, valid_rmse-1.4197, valid_pr-0.6544
Validation : valid_rmse-1.4197, valid_pr-0.6544, 
test2013_rmse-1.5752, test2013_pr-0.7429, test2016_rmse-1.4706, test2016_pr-0.7455, test2019_rmse-1.5365, test2019_pr-0.5580
epoch-57, train_loss-1.3200, train_rmse-1.1489, valid_rmse-1.4471, valid_pr-0.6421
epoch-58, train_loss-1.2902, train_rmse-1.1359, valid_rmse-1.4411, valid_pr-0.6434
epoch-59, train_loss-1.2714, train_rmse-1.1276, valid_rmse-1.4460, valid_pr-0.6490
epoch-60, train_loss-1.2956, train_rmse-1.1383, valid_rmse-1.4503, valid_pr-0.6494
epoch-61, train_loss-1.3114, train_rmse-1.1452, valid_rmse-1.4676, valid_pr-0.6239
epoch-62, train_loss-1.2850, train_rmse-1.1336, valid_rmse-1.4089, valid_pr-0.6638
Validation : valid_rmse-1.4089, valid_pr-0.6638, 
test2013_rmse-1.6221, test2013_pr-0.7250, test2016_rmse-1.5719, test2016_pr-0.6897, test2019_rmse-1.5661, test2019_pr-0.5461
epoch-63, train_loss-1.2622, train_rmse-1.1235, valid_rmse-1.4089, valid_pr-0.6532
Validation : valid_rmse-1.4089, valid_pr-0.6532, 
test2013_rmse-1.6401, test2013_pr-0.7141, test2016_rmse-1.5571, test2016_pr-0.6988, test2019_rmse-1.5294, test2019_pr-0.5507
epoch-64, train_loss-1.2276, train_rmse-1.1080, valid_rmse-1.4408, valid_pr-0.6417
epoch-65, train_loss-1.2212, train_rmse-1.1051, valid_rmse-1.4328, valid_pr-0.6563
epoch-66, train_loss-1.1954, train_rmse-1.0933, valid_rmse-1.4128, valid_pr-0.6711
epoch-67, train_loss-1.1486, train_rmse-1.0717, valid_rmse-1.4376, valid_pr-0.6589
epoch-68, train_loss-1.1340, train_rmse-1.0649, valid_rmse-1.4600, valid_pr-0.6392
epoch-69, train_loss-1.1710, train_rmse-1.0821, valid_rmse-1.4406, valid_pr-0.6484
epoch-70, train_loss-1.1263, train_rmse-1.0613, valid_rmse-1.4213, valid_pr-0.6485
epoch-71, train_loss-1.1172, train_rmse-1.0570, valid_rmse-1.3965, valid_pr-0.6823
Validation : valid_rmse-1.3965, valid_pr-0.6823, 
test2013_rmse-1.4984, test2013_pr-0.7753, test2016_rmse-1.3763, test2016_pr-0.7752, test2019_rmse-1.5465, test2019_pr-0.5564
epoch-72, train_loss-1.1270, train_rmse-1.0616, valid_rmse-1.3868, valid_pr-0.6741
Validation : valid_rmse-1.3868, valid_pr-0.6741, 
test2013_rmse-1.5283, test2013_pr-0.7677, test2016_rmse-1.3976, test2016_pr-0.7673, test2019_rmse-1.5442, test2019_pr-0.5518
epoch-73, train_loss-1.1106, train_rmse-1.0539, valid_rmse-1.4080, valid_pr-0.6728
epoch-74, train_loss-1.1094, train_rmse-1.0533, valid_rmse-1.4678, valid_pr-0.6418
epoch-75, train_loss-1.1467, train_rmse-1.0708, valid_rmse-1.4255, valid_pr-0.6543
epoch-76, train_loss-1.0910, train_rmse-1.0445, valid_rmse-1.4853, valid_pr-0.6317
epoch-77, train_loss-1.0632, train_rmse-1.0311, valid_rmse-1.4022, valid_pr-0.6607
epoch-78, train_loss-1.0464, train_rmse-1.0229, valid_rmse-1.4314, valid_pr-0.6505
epoch-79, train_loss-1.0339, train_rmse-1.0168, valid_rmse-1.4612, valid_pr-0.6606
epoch-80, train_loss-1.0428, train_rmse-1.0212, valid_rmse-1.3985, valid_pr-0.6730
epoch-81, train_loss-1.0334, train_rmse-1.0166, valid_rmse-1.4249, valid_pr-0.6652
epoch-82, train_loss-1.0420, train_rmse-1.0208, valid_rmse-1.3832, valid_pr-0.6735
Validation : valid_rmse-1.3832, valid_pr-0.6735, 
test2013_rmse-1.5604, test2013_pr-0.7499, test2016_rmse-1.4502, test2016_pr-0.7511, test2019_rmse-1.5446, test2019_pr-0.5492
epoch-83, train_loss-1.0262, train_rmse-1.0130, valid_rmse-1.4496, valid_pr-0.6519
epoch-84, train_loss-0.9970, train_rmse-0.9985, valid_rmse-1.4338, valid_pr-0.6494
epoch-85, train_loss-1.0190, train_rmse-1.0094, valid_rmse-1.4004, valid_pr-0.6681
epoch-86, train_loss-0.9801, train_rmse-0.9900, valid_rmse-1.4364, valid_pr-0.6580
epoch-87, train_loss-0.9805, train_rmse-0.9902, valid_rmse-1.4161, valid_pr-0.6581
epoch-88, train_loss-0.9422, train_rmse-0.9707, valid_rmse-1.4329, valid_pr-0.6560
epoch-89, train_loss-0.8985, train_rmse-0.9479, valid_rmse-1.4498, valid_pr-0.6655
epoch-90, train_loss-0.9195, train_rmse-0.9589, valid_rmse-1.3878, valid_pr-0.6869
epoch-91, train_loss-0.9436, train_rmse-0.9714, valid_rmse-1.4182, valid_pr-0.6648
epoch-92, train_loss-0.9192, train_rmse-0.9588, valid_rmse-1.4123, valid_pr-0.6736
epoch-93, train_loss-0.9151, train_rmse-0.9566, valid_rmse-1.3822, valid_pr-0.6899
Validation : valid_rmse-1.3822, valid_pr-0.6899, 
test2013_rmse-1.5925, test2013_pr-0.7403, test2016_rmse-1.4323, test2016_pr-0.7541, test2019_rmse-1.6102, test2019_pr-0.5454
epoch-94, train_loss-0.8867, train_rmse-0.9416, valid_rmse-1.3912, valid_pr-0.6775
epoch-95, train_loss-0.8359, train_rmse-0.9143, valid_rmse-1.3711, valid_pr-0.6850
Validation : valid_rmse-1.3711, valid_pr-0.6850, 
test2013_rmse-1.5151, test2013_pr-0.7652, test2016_rmse-1.4186, test2016_pr-0.7569, test2019_rmse-1.5394, test2019_pr-0.5669
epoch-96, train_loss-0.8681, train_rmse-0.9317, valid_rmse-1.4533, valid_pr-0.6594
epoch-97, train_loss-0.8626, train_rmse-0.9287, valid_rmse-1.3627, valid_pr-0.6874
Validation : valid_rmse-1.3627, valid_pr-0.6874, 
test2013_rmse-1.5515, test2013_pr-0.7516, test2016_rmse-1.5172, test2016_pr-0.7164, test2019_rmse-1.5267, test2019_pr-0.5683
epoch-98, train_loss-0.8717, train_rmse-0.9336, valid_rmse-1.3833, valid_pr-0.6829
epoch-99, train_loss-0.8414, train_rmse-0.9173, valid_rmse-1.4279, valid_pr-0.6648
epoch-100, train_loss-0.8253, train_rmse-0.9085, valid_rmse-1.3636, valid_pr-0.6939
epoch-101, train_loss-0.7812, train_rmse-0.8838, valid_rmse-1.3845, valid_pr-0.6817
epoch-102, train_loss-0.7594, train_rmse-0.8715, valid_rmse-1.3984, valid_pr-0.6835
epoch-103, train_loss-0.7784, train_rmse-0.8823, valid_rmse-1.4274, valid_pr-0.6666
epoch-104, train_loss-0.8575, train_rmse-0.9260, valid_rmse-1.4089, valid_pr-0.6667
epoch-105, train_loss-0.7782, train_rmse-0.8821, valid_rmse-1.3958, valid_pr-0.6736
epoch-106, train_loss-0.7612, train_rmse-0.8725, valid_rmse-1.4159, valid_pr-0.6716
epoch-107, train_loss-0.7422, train_rmse-0.8615, valid_rmse-1.4474, valid_pr-0.6494
epoch-108, train_loss-0.7673, train_rmse-0.8759, valid_rmse-1.4197, valid_pr-0.6688
epoch-109, train_loss-0.7392, train_rmse-0.8597, valid_rmse-1.4350, valid_pr-0.6743
epoch-110, train_loss-0.7863, train_rmse-0.8867, valid_rmse-1.4100, valid_pr-0.6664
epoch-111, train_loss-0.7595, train_rmse-0.8715, valid_rmse-1.4191, valid_pr-0.6716
epoch-112, train_loss-0.7047, train_rmse-0.8395, valid_rmse-1.3955, valid_pr-0.6761
epoch-113, train_loss-0.7400, train_rmse-0.8602, valid_rmse-1.4510, valid_pr-0.6439
epoch-114, train_loss-0.7562, train_rmse-0.8696, valid_rmse-1.4293, valid_pr-0.6667
epoch-115, train_loss-0.6982, train_rmse-0.8356, valid_rmse-1.3810, valid_pr-0.6839
epoch-116, train_loss-0.6928, train_rmse-0.8324, valid_rmse-1.4068, valid_pr-0.6760
epoch-117, train_loss-0.6953, train_rmse-0.8338, valid_rmse-1.3840, valid_pr-0.6910
epoch-118, train_loss-0.6934, train_rmse-0.8327, valid_rmse-1.4348, valid_pr-0.6615
epoch-119, train_loss-0.7309, train_rmse-0.8549, valid_rmse-1.3827, valid_pr-0.6773
epoch-120, train_loss-0.6593, train_rmse-0.8120, valid_rmse-1.4252, valid_pr-0.6622
epoch-121, train_loss-0.7127, train_rmse-0.8442, valid_rmse-1.4070, valid_pr-0.6702
epoch-122, train_loss-0.6850, train_rmse-0.8276, valid_rmse-1.4247, valid_pr-0.6610
epoch-123, train_loss-0.6489, train_rmse-0.8055, valid_rmse-1.3740, valid_pr-0.6872
epoch-124, train_loss-0.6716, train_rmse-0.8195, valid_rmse-1.4486, valid_pr-0.6633
epoch-125, train_loss-0.6500, train_rmse-0.8062, valid_rmse-1.4090, valid_pr-0.6737
epoch-126, train_loss-0.6633, train_rmse-0.8144, valid_rmse-1.4029, valid_pr-0.6776
epoch-127, train_loss-0.6593, train_rmse-0.8120, valid_rmse-1.3534, valid_pr-0.6927
Validation : valid_rmse-1.3534, valid_pr-0.6927, 
test2013_rmse-1.5302, test2013_pr-0.7607, test2016_rmse-1.3706, test2016_pr-0.7778, test2019_rmse-1.5521, test2019_pr-0.5475
epoch-128, train_loss-0.6488, train_rmse-0.8055, valid_rmse-1.4095, valid_pr-0.6659
epoch-129, train_loss-0.6424, train_rmse-0.8015, valid_rmse-1.4026, valid_pr-0.6733
epoch-130, train_loss-0.6295, train_rmse-0.7934, valid_rmse-1.3859, valid_pr-0.6773
epoch-131, train_loss-0.5874, train_rmse-0.7664, valid_rmse-1.4657, valid_pr-0.6575
epoch-132, train_loss-0.5907, train_rmse-0.7686, valid_rmse-1.3933, valid_pr-0.6792
epoch-133, train_loss-0.6135, train_rmse-0.7833, valid_rmse-1.4421, valid_pr-0.6753
epoch-134, train_loss-0.6339, train_rmse-0.7961, valid_rmse-1.3884, valid_pr-0.6826
epoch-135, train_loss-0.6269, train_rmse-0.7918, valid_rmse-1.4262, valid_pr-0.6601
epoch-136, train_loss-0.6107, train_rmse-0.7814, valid_rmse-1.4144, valid_pr-0.6747
epoch-137, train_loss-0.5974, train_rmse-0.7729, valid_rmse-1.4007, valid_pr-0.6680
epoch-138, train_loss-0.5920, train_rmse-0.7694, valid_rmse-1.3997, valid_pr-0.6720
epoch-139, train_loss-0.5705, train_rmse-0.7553, valid_rmse-1.4145, valid_pr-0.6671
epoch-140, train_loss-0.5711, train_rmse-0.7557, valid_rmse-1.3899, valid_pr-0.6754
epoch-141, train_loss-0.5506, train_rmse-0.7420, valid_rmse-1.4183, valid_pr-0.6762
epoch-142, train_loss-0.5309, train_rmse-0.7286, valid_rmse-1.4139, valid_pr-0.6889
epoch-143, train_loss-0.5574, train_rmse-0.7466, valid_rmse-1.3927, valid_pr-0.6928
epoch-144, train_loss-0.5737, train_rmse-0.7574, valid_rmse-1.4176, valid_pr-0.6657
epoch-145, train_loss-0.5925, train_rmse-0.7697, valid_rmse-1.3954, valid_pr-0.6880
epoch-146, train_loss-0.5654, train_rmse-0.7520, valid_rmse-1.4020, valid_pr-0.6840
epoch-147, train_loss-0.5440, train_rmse-0.7376, valid_rmse-1.4168, valid_pr-0.6862
epoch-148, train_loss-0.5132, train_rmse-0.7163, valid_rmse-1.4110, valid_pr-0.6674
epoch-149, train_loss-0.4956, train_rmse-0.7040, valid_rmse-1.4094, valid_pr-0.6740
epoch-150, train_loss-0.5124, train_rmse-0.7158, valid_rmse-1.4093, valid_pr-0.6698
epoch-151, train_loss-0.5191, train_rmse-0.7205, valid_rmse-1.4061, valid_pr-0.6767
epoch-152, train_loss-0.5071, train_rmse-0.7121, valid_rmse-1.4920, valid_pr-0.6474
epoch-153, train_loss-0.5306, train_rmse-0.7284, valid_rmse-1.4220, valid_pr-0.6660
epoch-154, train_loss-0.5295, train_rmse-0.7277, valid_rmse-1.3957, valid_pr-0.6828
epoch-155, train_loss-0.4807, train_rmse-0.6933, valid_rmse-1.3940, valid_pr-0.6733
epoch-156, train_loss-0.5134, train_rmse-0.7165, valid_rmse-1.3770, valid_pr-0.6968
epoch-157, train_loss-0.4937, train_rmse-0.7026, valid_rmse-1.3979, valid_pr-0.6873
epoch-158, train_loss-0.4906, train_rmse-0.7004, valid_rmse-1.3879, valid_pr-0.6822
epoch-159, train_loss-0.4546, train_rmse-0.6743, valid_rmse-1.3876, valid_pr-0.6815
epoch-160, train_loss-0.4557, train_rmse-0.6751, valid_rmse-1.3734, valid_pr-0.6941
epoch-161, train_loss-0.4503, train_rmse-0.6711, valid_rmse-1.3897, valid_pr-0.6824
epoch-162, train_loss-0.4450, train_rmse-0.6670, valid_rmse-1.4098, valid_pr-0.6753
epoch-163, train_loss-0.4452, train_rmse-0.6672, valid_rmse-1.3829, valid_pr-0.6858
epoch-164, train_loss-0.4496, train_rmse-0.6705, valid_rmse-1.3530, valid_pr-0.7005
Validation : valid_rmse-1.3530, valid_pr-0.7005, 
test2013_rmse-1.5247, test2013_pr-0.7615, test2016_rmse-1.4259, test2016_pr-0.7547, test2019_rmse-1.5497, test2019_pr-0.5673
epoch-165, train_loss-0.4371, train_rmse-0.6611, valid_rmse-1.3865, valid_pr-0.6857
epoch-166, train_loss-0.4240, train_rmse-0.6512, valid_rmse-1.3684, valid_pr-0.6905
epoch-167, train_loss-0.4344, train_rmse-0.6591, valid_rmse-1.3598, valid_pr-0.7000
epoch-168, train_loss-0.4477, train_rmse-0.6691, valid_rmse-1.3918, valid_pr-0.6826
epoch-169, train_loss-0.4617, train_rmse-0.6795, valid_rmse-1.3675, valid_pr-0.6896
epoch-170, train_loss-0.8056, train_rmse-0.8976, valid_rmse-1.3664, valid_pr-0.6884
epoch-171, train_loss-0.5534, train_rmse-0.7439, valid_rmse-1.4133, valid_pr-0.6804
epoch-172, train_loss-0.4941, train_rmse-0.7030, valid_rmse-1.3752, valid_pr-0.6859
epoch-173, train_loss-0.4785, train_rmse-0.6917, valid_rmse-1.3969, valid_pr-0.6847
epoch-174, train_loss-0.4395, train_rmse-0.6630, valid_rmse-1.3983, valid_pr-0.6936
epoch-175, train_loss-0.4141, train_rmse-0.6435, valid_rmse-1.4207, valid_pr-0.6714
epoch-176, train_loss-0.3862, train_rmse-0.6215, valid_rmse-1.3717, valid_pr-0.6932
epoch-177, train_loss-0.3742, train_rmse-0.6117, valid_rmse-1.3573, valid_pr-0.6937
epoch-178, train_loss-0.3711, train_rmse-0.6092, valid_rmse-1.4022, valid_pr-0.6786
epoch-179, train_loss-0.4014, train_rmse-0.6335, valid_rmse-1.3695, valid_pr-0.6959
epoch-180, train_loss-0.4275, train_rmse-0.6538, valid_rmse-1.3692, valid_pr-0.6891
epoch-181, train_loss-0.4143, train_rmse-0.6436, valid_rmse-1.3786, valid_pr-0.6944
epoch-182, train_loss-0.3822, train_rmse-0.6183, valid_rmse-1.3671, valid_pr-0.6969
epoch-183, train_loss-0.3810, train_rmse-0.6172, valid_rmse-1.3493, valid_pr-0.6989
Validation : valid_rmse-1.3493, valid_pr-0.6989, 
test2013_rmse-1.5616, test2013_pr-0.7457, test2016_rmse-1.4328, test2016_pr-0.7514, test2019_rmse-1.5545, test2019_pr-0.5548
epoch-184, train_loss-0.3902, train_rmse-0.6247, valid_rmse-1.3933, valid_pr-0.6856
epoch-185, train_loss-0.4003, train_rmse-0.6327, valid_rmse-1.3745, valid_pr-0.6900
epoch-186, train_loss-0.3997, train_rmse-0.6322, valid_rmse-1.4550, valid_pr-0.6651
epoch-187, train_loss-0.4097, train_rmse-0.6401, valid_rmse-1.3835, valid_pr-0.6820
epoch-188, train_loss-0.3607, train_rmse-0.6006, valid_rmse-1.4059, valid_pr-0.6770
epoch-189, train_loss-0.3572, train_rmse-0.5977, valid_rmse-1.3848, valid_pr-0.6899
epoch-190, train_loss-0.3746, train_rmse-0.6121, valid_rmse-1.3655, valid_pr-0.6937
epoch-191, train_loss-0.3641, train_rmse-0.6034, valid_rmse-1.3930, valid_pr-0.6848
epoch-192, train_loss-0.3509, train_rmse-0.5924, valid_rmse-1.4018, valid_pr-0.6767
epoch-193, train_loss-0.3899, train_rmse-0.6244, valid_rmse-1.3553, valid_pr-0.6998
epoch-194, train_loss-0.4017, train_rmse-0.6338, valid_rmse-1.3749, valid_pr-0.6962
epoch-195, train_loss-0.3984, train_rmse-0.6312, valid_rmse-1.3884, valid_pr-0.6916
epoch-196, train_loss-0.3643, train_rmse-0.6036, valid_rmse-1.3745, valid_pr-0.6968
epoch-197, train_loss-0.5447, train_rmse-0.7380, valid_rmse-1.4199, valid_pr-0.6663
epoch-198, train_loss-0.4544, train_rmse-0.6741, valid_rmse-1.3606, valid_pr-0.6877
epoch-199, train_loss-0.3984, train_rmse-0.6312, valid_rmse-1.3819, valid_pr-0.6942
epoch-200, train_loss-0.3634, train_rmse-0.6028, valid_rmse-1.3685, valid_pr-0.6931
epoch-201, train_loss-0.3553, train_rmse-0.5961, valid_rmse-1.3596, valid_pr-0.7030
epoch-202, train_loss-0.3641, train_rmse-0.6034, valid_rmse-1.3928, valid_pr-0.6889
epoch-203, train_loss-0.3228, train_rmse-0.5682, valid_rmse-1.3973, valid_pr-0.6777
epoch-204, train_loss-0.3305, train_rmse-0.5749, valid_rmse-1.3755, valid_pr-0.6933
epoch-205, train_loss-0.3045, train_rmse-0.5518, valid_rmse-1.3649, valid_pr-0.6908
epoch-206, train_loss-0.3123, train_rmse-0.5589, valid_rmse-1.4116, valid_pr-0.6904
epoch-207, train_loss-0.3264, train_rmse-0.5713, valid_rmse-1.3644, valid_pr-0.7004
epoch-208, train_loss-0.3256, train_rmse-0.5706, valid_rmse-1.3805, valid_pr-0.6916
epoch-209, train_loss-0.3279, train_rmse-0.5726, valid_rmse-1.4298, valid_pr-0.6712
epoch-210, train_loss-0.3255, train_rmse-0.5705, valid_rmse-1.3595, valid_pr-0.6934
epoch-211, train_loss-0.2967, train_rmse-0.5447, valid_rmse-1.3962, valid_pr-0.6810
epoch-212, train_loss-0.3063, train_rmse-0.5535, valid_rmse-1.4253, valid_pr-0.6789
epoch-213, train_loss-0.3549, train_rmse-0.5957, valid_rmse-1.4239, valid_pr-0.6754
epoch-214, train_loss-0.3863, train_rmse-0.6216, valid_rmse-1.4022, valid_pr-0.6850
epoch-215, train_loss-0.3478, train_rmse-0.5897, valid_rmse-1.4013, valid_pr-0.6867
epoch-216, train_loss-0.3321, train_rmse-0.5763, valid_rmse-1.3772, valid_pr-0.6932
epoch-217, train_loss-0.3080, train_rmse-0.5550, valid_rmse-1.3847, valid_pr-0.6948
epoch-218, train_loss-0.3125, train_rmse-0.5590, valid_rmse-1.4073, valid_pr-0.6714
epoch-219, train_loss-0.2973, train_rmse-0.5452, valid_rmse-1.3927, valid_pr-0.6820
epoch-220, train_loss-0.3145, train_rmse-0.5608, valid_rmse-1.3700, valid_pr-0.6911
epoch-221, train_loss-0.3091, train_rmse-0.5559, valid_rmse-1.3824, valid_pr-0.6933
epoch-222, train_loss-0.3027, train_rmse-0.5502, valid_rmse-1.3832, valid_pr-0.6963
epoch-223, train_loss-0.3039, train_rmse-0.5513, valid_rmse-1.4006, valid_pr-0.6803
epoch-224, train_loss-0.2956, train_rmse-0.5437, valid_rmse-1.3865, valid_pr-0.6862
epoch-225, train_loss-0.2683, train_rmse-0.5180, valid_rmse-1.3520, valid_pr-0.7007
epoch-226, train_loss-0.2788, train_rmse-0.5280, valid_rmse-1.3961, valid_pr-0.6859
epoch-227, train_loss-0.3308, train_rmse-0.5752, valid_rmse-1.3834, valid_pr-0.6900
epoch-228, train_loss-0.3032, train_rmse-0.5506, valid_rmse-1.3671, valid_pr-0.6906
epoch-229, train_loss-0.3079, train_rmse-0.5549, valid_rmse-1.3463, valid_pr-0.7031
Validation : valid_rmse-1.3463, valid_pr-0.7031, 
test2013_rmse-1.6234, test2013_pr-0.7179, test2016_rmse-1.4606, test2016_pr-0.7406, test2019_rmse-1.5836, test2019_pr-0.5468
epoch-230, train_loss-0.2910, train_rmse-0.5394, valid_rmse-1.3617, valid_pr-0.6922
epoch-231, train_loss-0.2835, train_rmse-0.5325, valid_rmse-1.3743, valid_pr-0.6930
epoch-232, train_loss-0.3008, train_rmse-0.5484, valid_rmse-1.3652, valid_pr-0.6994
epoch-233, train_loss-0.2884, train_rmse-0.5370, valid_rmse-1.3728, valid_pr-0.7007
epoch-234, train_loss-0.2834, train_rmse-0.5324, valid_rmse-1.3682, valid_pr-0.7045
epoch-235, train_loss-0.2745, train_rmse-0.5239, valid_rmse-1.3771, valid_pr-0.7029
epoch-236, train_loss-0.2696, train_rmse-0.5192, valid_rmse-1.3645, valid_pr-0.6997
epoch-237, train_loss-0.2741, train_rmse-0.5236, valid_rmse-1.3415, valid_pr-0.7102
Validation : valid_rmse-1.3415, valid_pr-0.7102, 
test2013_rmse-1.5785, test2013_pr-0.7403, test2016_rmse-1.4329, test2016_pr-0.7549, test2019_rmse-1.5567, test2019_pr-0.5580
epoch-238, train_loss-0.2827, train_rmse-0.5317, valid_rmse-1.3646, valid_pr-0.6958
epoch-239, train_loss-0.2733, train_rmse-0.5228, valid_rmse-1.3593, valid_pr-0.7056
epoch-240, train_loss-0.2589, train_rmse-0.5088, valid_rmse-1.3695, valid_pr-0.6974
epoch-241, train_loss-0.2664, train_rmse-0.5162, valid_rmse-1.3461, valid_pr-0.7083
epoch-242, train_loss-0.2543, train_rmse-0.5043, valid_rmse-1.3604, valid_pr-0.6979
epoch-243, train_loss-0.2677, train_rmse-0.5174, valid_rmse-1.3355, valid_pr-0.7123
Validation : valid_rmse-1.3355, valid_pr-0.7123, 
test2013_rmse-1.5486, test2013_pr-0.7602, test2016_rmse-1.4170, test2016_pr-0.7716, test2019_rmse-1.5390, test2019_pr-0.5640
epoch-244, train_loss-0.2626, train_rmse-0.5125, valid_rmse-1.3469, valid_pr-0.7080
epoch-245, train_loss-0.2821, train_rmse-0.5311, valid_rmse-1.3472, valid_pr-0.7144
epoch-246, train_loss-0.2495, train_rmse-0.4995, valid_rmse-1.3566, valid_pr-0.7066
epoch-247, train_loss-0.2375, train_rmse-0.4873, valid_rmse-1.3595, valid_pr-0.7018
epoch-248, train_loss-0.2465, train_rmse-0.4965, valid_rmse-1.3475, valid_pr-0.7009
epoch-249, train_loss-0.2512, train_rmse-0.5012, valid_rmse-1.3608, valid_pr-0.6988
epoch-250, train_loss-0.2456, train_rmse-0.4956, valid_rmse-1.3591, valid_pr-0.6985
epoch-251, train_loss-0.2526, train_rmse-0.5026, valid_rmse-1.3970, valid_pr-0.6864
epoch-252, train_loss-0.2699, train_rmse-0.5195, valid_rmse-1.3805, valid_pr-0.6797
epoch-253, train_loss-0.2681, train_rmse-0.5178, valid_rmse-1.3447, valid_pr-0.7163
epoch-254, train_loss-0.2788, train_rmse-0.5281, valid_rmse-1.3727, valid_pr-0.6962
epoch-255, train_loss-0.2940, train_rmse-0.5422, valid_rmse-1.3659, valid_pr-0.6911
epoch-256, train_loss-0.3137, train_rmse-0.5601, valid_rmse-1.3506, valid_pr-0.7071
epoch-257, train_loss-0.2667, train_rmse-0.5164, valid_rmse-1.3572, valid_pr-0.7022
epoch-258, train_loss-0.2687, train_rmse-0.5184, valid_rmse-1.3825, valid_pr-0.6994
epoch-259, train_loss-0.2634, train_rmse-0.5132, valid_rmse-1.4097, valid_pr-0.6758
epoch-260, train_loss-0.2337, train_rmse-0.4835, valid_rmse-1.3164, valid_pr-0.7142
Validation : valid_rmse-1.3164, valid_pr-0.7142, 
test2013_rmse-1.6199, test2013_pr-0.7185, test2016_rmse-1.4954, test2016_pr-0.7249, test2019_rmse-1.5528, test2019_pr-0.5567
epoch-261, train_loss-0.2375, train_rmse-0.4873, valid_rmse-1.3497, valid_pr-0.7109
epoch-262, train_loss-0.2489, train_rmse-0.4989, valid_rmse-1.3553, valid_pr-0.6999
epoch-263, train_loss-0.2510, train_rmse-0.5010, valid_rmse-1.3388, valid_pr-0.7045
epoch-264, train_loss-0.2427, train_rmse-0.4927, valid_rmse-1.3536, valid_pr-0.6999
epoch-265, train_loss-0.2270, train_rmse-0.4765, valid_rmse-1.3565, valid_pr-0.7070
epoch-266, train_loss-0.2362, train_rmse-0.4860, valid_rmse-1.3586, valid_pr-0.7017
epoch-267, train_loss-0.2357, train_rmse-0.4855, valid_rmse-1.3332, valid_pr-0.7020
epoch-268, train_loss-0.2368, train_rmse-0.4866, valid_rmse-1.3677, valid_pr-0.6939
epoch-269, train_loss-0.2339, train_rmse-0.4836, valid_rmse-1.3358, valid_pr-0.7093
epoch-270, train_loss-0.2531, train_rmse-0.5031, valid_rmse-1.3525, valid_pr-0.7053
epoch-271, train_loss-0.2449, train_rmse-0.4949, valid_rmse-1.3518, valid_pr-0.7038
epoch-272, train_loss-0.2284, train_rmse-0.4779, valid_rmse-1.3489, valid_pr-0.7013
epoch-273, train_loss-0.2439, train_rmse-0.4939, valid_rmse-1.3725, valid_pr-0.6896
epoch-274, train_loss-0.2279, train_rmse-0.4773, valid_rmse-1.3333, valid_pr-0.7047
epoch-275, train_loss-0.2257, train_rmse-0.4751, valid_rmse-1.3607, valid_pr-0.6987
epoch-276, train_loss-0.2087, train_rmse-0.4568, valid_rmse-1.3445, valid_pr-0.7100
epoch-277, train_loss-0.2181, train_rmse-0.4670, valid_rmse-1.3774, valid_pr-0.6884
epoch-278, train_loss-0.2397, train_rmse-0.4896, valid_rmse-1.3654, valid_pr-0.6983
epoch-279, train_loss-0.2254, train_rmse-0.4747, valid_rmse-1.3547, valid_pr-0.7007
epoch-280, train_loss-0.2298, train_rmse-0.4793, valid_rmse-1.3235, valid_pr-0.7167
epoch-281, train_loss-0.2135, train_rmse-0.4620, valid_rmse-1.3504, valid_pr-0.6982
epoch-282, train_loss-0.2283, train_rmse-0.4778, valid_rmse-1.3561, valid_pr-0.7103
epoch-283, train_loss-0.2097, train_rmse-0.4579, valid_rmse-1.3600, valid_pr-0.6952
epoch-284, train_loss-0.2134, train_rmse-0.4620, valid_rmse-1.3649, valid_pr-0.6938
epoch-285, train_loss-0.2189, train_rmse-0.4679, valid_rmse-1.3649, valid_pr-0.7003
epoch-286, train_loss-0.2146, train_rmse-0.4633, valid_rmse-1.3493, valid_pr-0.7059
epoch-287, train_loss-0.2121, train_rmse-0.4606, valid_rmse-1.3306, valid_pr-0.7087
epoch-288, train_loss-0.2056, train_rmse-0.4534, valid_rmse-1.3436, valid_pr-0.7018
epoch-289, train_loss-0.1960, train_rmse-0.4427, valid_rmse-1.3569, valid_pr-0.6956
epoch-290, train_loss-0.1928, train_rmse-0.4391, valid_rmse-1.3780, valid_pr-0.6910
epoch-291, train_loss-0.2009, train_rmse-0.4482, valid_rmse-1.3294, valid_pr-0.7141
epoch-292, train_loss-0.3337, train_rmse-0.5777, valid_rmse-1.3840, valid_pr-0.6837
epoch-293, train_loss-0.2415, train_rmse-0.4915, valid_rmse-1.3382, valid_pr-0.7040
epoch-294, train_loss-0.2327, train_rmse-0.4824, valid_rmse-1.3352, valid_pr-0.7141
epoch-295, train_loss-0.2177, train_rmse-0.4665, valid_rmse-1.3332, valid_pr-0.7089
epoch-296, train_loss-0.2054, train_rmse-0.4532, valid_rmse-1.3204, valid_pr-0.7111
epoch-297, train_loss-0.2160, train_rmse-0.4647, valid_rmse-1.3383, valid_pr-0.7120
epoch-298, train_loss-0.7716, train_rmse-0.8784, valid_rmse-1.3995, valid_pr-0.6801
epoch-299, train_loss-0.6103, train_rmse-0.7812, valid_rmse-1.3839, valid_pr-0.6836
epoch-300, train_loss-0.4059, train_rmse-0.6371, valid_rmse-1.3726, valid_pr-0.6865
epoch-301, train_loss-0.3072, train_rmse-0.5543, valid_rmse-1.3553, valid_pr-0.6951
epoch-302, train_loss-0.2393, train_rmse-0.4892, valid_rmse-1.3475, valid_pr-0.7040
epoch-303, train_loss-0.2213, train_rmse-0.4704, valid_rmse-1.3265, valid_pr-0.7127
epoch-304, train_loss-0.2049, train_rmse-0.4526, valid_rmse-1.3433, valid_pr-0.7034
epoch-305, train_loss-0.1877, train_rmse-0.4332, valid_rmse-1.3421, valid_pr-0.7029
epoch-306, train_loss-0.1777, train_rmse-0.4215, valid_rmse-1.3452, valid_pr-0.7024
epoch-307, train_loss-0.1758, train_rmse-0.4193, valid_rmse-1.3364, valid_pr-0.7085
epoch-308, train_loss-0.1681, train_rmse-0.4100, valid_rmse-1.3330, valid_pr-0.7092
epoch-309, train_loss-0.1641, train_rmse-0.4051, valid_rmse-1.3386, valid_pr-0.7086
epoch-310, train_loss-0.1702, train_rmse-0.4125, valid_rmse-1.3224, valid_pr-0.7144
epoch-311, train_loss-0.1776, train_rmse-0.4215, valid_rmse-1.3285, valid_pr-0.7153
epoch-312, train_loss-0.1359, train_rmse-0.3686, valid_rmse-1.3156, valid_pr-0.7171
Validation : valid_rmse-1.3156, valid_pr-0.7171, 
test2013_rmse-1.4664, test2013_pr-0.7843, test2016_rmse-1.3744, test2016_pr-0.7741, test2019_rmse-1.5460, test2019_pr-0.5634
epoch-313, train_loss-0.1138, train_rmse-0.3374, valid_rmse-1.3158, valid_pr-0.7187
epoch-314, train_loss-0.1076, train_rmse-0.3281, valid_rmse-1.3209, valid_pr-0.7136
epoch-315, train_loss-0.1022, train_rmse-0.3197, valid_rmse-1.3104, valid_pr-0.7187
Validation : valid_rmse-1.3104, valid_pr-0.7187, 
test2013_rmse-1.3852, test2013_pr-0.8158, test2016_rmse-1.3415, test2016_pr-0.7872, test2019_rmse-1.5501, test2019_pr-0.5582
epoch-316, train_loss-0.1006, train_rmse-0.3172, valid_rmse-1.3198, valid_pr-0.7177
epoch-317, train_loss-0.0980, train_rmse-0.3130, valid_rmse-1.3123, valid_pr-0.7175
epoch-318, train_loss-0.0945, train_rmse-0.3075, valid_rmse-1.3142, valid_pr-0.7163
epoch-319, train_loss-0.0985, train_rmse-0.3138, valid_rmse-1.3115, valid_pr-0.7181
epoch-320, train_loss-0.0926, train_rmse-0.3043, valid_rmse-1.3076, valid_pr-0.7189
Validation : valid_rmse-1.3076, valid_pr-0.7189, 
test2013_rmse-1.4403, test2013_pr-0.7947, test2016_rmse-1.3311, test2016_pr-0.7902, test2019_rmse-1.5471, test2019_pr-0.5616
epoch-321, train_loss-0.0920, train_rmse-0.3033, valid_rmse-1.3183, valid_pr-0.7120
epoch-322, train_loss-0.1000, train_rmse-0.3163, valid_rmse-1.3229, valid_pr-0.7154
epoch-323, train_loss-0.0950, train_rmse-0.3081, valid_rmse-1.3318, valid_pr-0.7130
epoch-324, train_loss-0.0974, train_rmse-0.3120, valid_rmse-1.3274, valid_pr-0.7128
epoch-325, train_loss-0.0941, train_rmse-0.3068, valid_rmse-1.3311, valid_pr-0.7109
epoch-326, train_loss-0.0979, train_rmse-0.3129, valid_rmse-1.3412, valid_pr-0.7051
epoch-327, train_loss-0.1087, train_rmse-0.3296, valid_rmse-1.3367, valid_pr-0.7093
epoch-328, train_loss-0.0986, train_rmse-0.3140, valid_rmse-1.3424, valid_pr-0.7077
epoch-329, train_loss-0.0982, train_rmse-0.3133, valid_rmse-1.3289, valid_pr-0.7132
epoch-330, train_loss-0.1052, train_rmse-0.3244, valid_rmse-1.3038, valid_pr-0.7191
Validation : valid_rmse-1.3038, valid_pr-0.7191, 
test2013_rmse-1.4491, test2013_pr-0.7899, test2016_rmse-1.3717, test2016_pr-0.7756, test2019_rmse-1.5397, test2019_pr-0.5618
epoch-331, train_loss-0.1014, train_rmse-0.3185, valid_rmse-1.3356, valid_pr-0.7098
epoch-332, train_loss-0.0938, train_rmse-0.3063, valid_rmse-1.3485, valid_pr-0.7020
epoch-333, train_loss-0.0981, train_rmse-0.3133, valid_rmse-1.3250, valid_pr-0.7099
epoch-334, train_loss-0.0942, train_rmse-0.3070, valid_rmse-1.3302, valid_pr-0.7097
epoch-335, train_loss-0.0914, train_rmse-0.3023, valid_rmse-1.3231, valid_pr-0.7129
epoch-336, train_loss-0.0956, train_rmse-0.3091, valid_rmse-1.3263, valid_pr-0.7115
epoch-337, train_loss-0.0912, train_rmse-0.3021, valid_rmse-1.3226, valid_pr-0.7128
epoch-338, train_loss-0.0915, train_rmse-0.3025, valid_rmse-1.3471, valid_pr-0.6975
epoch-339, train_loss-0.0926, train_rmse-0.3042, valid_rmse-1.3580, valid_pr-0.7063
epoch-340, train_loss-0.0912, train_rmse-0.3021, valid_rmse-1.3218, valid_pr-0.7141
epoch-341, train_loss-0.0849, train_rmse-0.2913, valid_rmse-1.3149, valid_pr-0.7163
epoch-342, train_loss-0.0960, train_rmse-0.3099, valid_rmse-1.3198, valid_pr-0.7155
epoch-343, train_loss-0.1026, train_rmse-0.3203, valid_rmse-1.3238, valid_pr-0.7177
epoch-344, train_loss-0.0965, train_rmse-0.3106, valid_rmse-1.3282, valid_pr-0.7115
epoch-345, train_loss-0.0920, train_rmse-0.3034, valid_rmse-1.3192, valid_pr-0.7130
epoch-346, train_loss-0.0902, train_rmse-0.3004, valid_rmse-1.3394, valid_pr-0.7050
epoch-347, train_loss-0.0974, train_rmse-0.3122, valid_rmse-1.3179, valid_pr-0.7170
epoch-348, train_loss-0.0942, train_rmse-0.3069, valid_rmse-1.3013, valid_pr-0.7230
Validation : valid_rmse-1.3013, valid_pr-0.7230, 
test2013_rmse-1.4604, test2013_pr-0.7853, test2016_rmse-1.3415, test2016_pr-0.7867, test2019_rmse-1.5299, test2019_pr-0.5711
epoch-349, train_loss-0.1009, train_rmse-0.3176, valid_rmse-1.3153, valid_pr-0.7142
epoch-350, train_loss-0.0945, train_rmse-0.3075, valid_rmse-1.3196, valid_pr-0.7147
epoch-351, train_loss-0.0915, train_rmse-0.3025, valid_rmse-1.3165, valid_pr-0.7191
epoch-352, train_loss-0.0937, train_rmse-0.3060, valid_rmse-1.3176, valid_pr-0.7114
epoch-353, train_loss-0.0932, train_rmse-0.3053, valid_rmse-1.3386, valid_pr-0.7098
epoch-354, train_loss-0.0977, train_rmse-0.3126, valid_rmse-1.3122, valid_pr-0.7185
epoch-355, train_loss-0.0873, train_rmse-0.2954, valid_rmse-1.3202, valid_pr-0.7154
epoch-356, train_loss-0.0939, train_rmse-0.3065, valid_rmse-1.3177, valid_pr-0.7145
epoch-357, train_loss-0.0935, train_rmse-0.3057, valid_rmse-1.3064, valid_pr-0.7211
epoch-358, train_loss-0.0926, train_rmse-0.3044, valid_rmse-1.3324, valid_pr-0.7123
epoch-359, train_loss-0.0960, train_rmse-0.3098, valid_rmse-1.3199, valid_pr-0.7135
epoch-360, train_loss-0.0867, train_rmse-0.2945, valid_rmse-1.3100, valid_pr-0.7183
epoch-361, train_loss-0.0847, train_rmse-0.2910, valid_rmse-1.3054, valid_pr-0.7213
epoch-362, train_loss-0.0933, train_rmse-0.3054, valid_rmse-1.3290, valid_pr-0.7125
epoch-363, train_loss-0.0855, train_rmse-0.2925, valid_rmse-1.3115, valid_pr-0.7183
epoch-364, train_loss-0.0829, train_rmse-0.2879, valid_rmse-1.3128, valid_pr-0.7183
epoch-365, train_loss-0.0822, train_rmse-0.2868, valid_rmse-1.3361, valid_pr-0.7040
epoch-366, train_loss-0.0888, train_rmse-0.2980, valid_rmse-1.2996, valid_pr-0.7224
Validation : valid_rmse-1.2996, valid_pr-0.7224, 
test2013_rmse-1.4284, test2013_pr-0.7964, test2016_rmse-1.3465, test2016_pr-0.7848, test2019_rmse-1.5340, test2019_pr-0.5674
epoch-367, train_loss-0.0904, train_rmse-0.3006, valid_rmse-1.3177, valid_pr-0.7172
epoch-368, train_loss-0.0801, train_rmse-0.2831, valid_rmse-1.3111, valid_pr-0.7186
epoch-369, train_loss-0.0804, train_rmse-0.2835, valid_rmse-1.3261, valid_pr-0.7117
epoch-370, train_loss-0.0853, train_rmse-0.2921, valid_rmse-1.3159, valid_pr-0.7211
epoch-371, train_loss-0.0861, train_rmse-0.2934, valid_rmse-1.3308, valid_pr-0.7145
epoch-372, train_loss-0.0903, train_rmse-0.3004, valid_rmse-1.3299, valid_pr-0.7127
epoch-373, train_loss-0.0897, train_rmse-0.2995, valid_rmse-1.3502, valid_pr-0.7035
epoch-374, train_loss-0.0892, train_rmse-0.2986, valid_rmse-1.3104, valid_pr-0.7172
epoch-375, train_loss-0.0850, train_rmse-0.2915, valid_rmse-1.3179, valid_pr-0.7155
epoch-376, train_loss-0.0919, train_rmse-0.3032, valid_rmse-1.3321, valid_pr-0.7062
epoch-377, train_loss-0.0836, train_rmse-0.2892, valid_rmse-1.3242, valid_pr-0.7128
epoch-378, train_loss-0.0801, train_rmse-0.2830, valid_rmse-1.3248, valid_pr-0.7127
epoch-379, train_loss-0.0866, train_rmse-0.2943, valid_rmse-1.3102, valid_pr-0.7186
epoch-380, train_loss-0.0805, train_rmse-0.2837, valid_rmse-1.3263, valid_pr-0.7111
epoch-381, train_loss-0.0813, train_rmse-0.2851, valid_rmse-1.3114, valid_pr-0.7175
epoch-382, train_loss-0.0788, train_rmse-0.2807, valid_rmse-1.3170, valid_pr-0.7144
epoch-383, train_loss-0.0809, train_rmse-0.2845, valid_rmse-1.3180, valid_pr-0.7140
epoch-384, train_loss-0.0850, train_rmse-0.2915, valid_rmse-1.3100, valid_pr-0.7163
epoch-385, train_loss-0.0811, train_rmse-0.2848, valid_rmse-1.3259, valid_pr-0.7119
epoch-386, train_loss-0.0804, train_rmse-0.2836, valid_rmse-1.3146, valid_pr-0.7182
epoch-387, train_loss-0.0829, train_rmse-0.2880, valid_rmse-1.3125, valid_pr-0.7150
epoch-388, train_loss-0.0811, train_rmse-0.2849, valid_rmse-1.3095, valid_pr-0.7227
epoch-389, train_loss-0.0749, train_rmse-0.2737, valid_rmse-1.3183, valid_pr-0.7147
epoch-390, train_loss-0.0757, train_rmse-0.2752, valid_rmse-1.3209, valid_pr-0.7127
epoch-391, train_loss-0.0958, train_rmse-0.3095, valid_rmse-1.3429, valid_pr-0.7034
epoch-392, train_loss-0.0807, train_rmse-0.2840, valid_rmse-1.3160, valid_pr-0.7153
epoch-393, train_loss-0.0824, train_rmse-0.2871, valid_rmse-1.3227, valid_pr-0.7105
epoch-394, train_loss-0.0832, train_rmse-0.2885, valid_rmse-1.3277, valid_pr-0.7129
epoch-395, train_loss-0.0790, train_rmse-0.2811, valid_rmse-1.2988, valid_pr-0.7205
Validation : valid_rmse-1.2988, valid_pr-0.7205, 
test2013_rmse-1.4191, test2013_pr-0.8033, test2016_rmse-1.3365, test2016_pr-0.7903, test2019_rmse-1.5207, test2019_pr-0.5703
epoch-396, train_loss-0.0805, train_rmse-0.2837, valid_rmse-1.3209, valid_pr-0.7147
epoch-397, train_loss-0.0814, train_rmse-0.2854, valid_rmse-1.3223, valid_pr-0.7122
epoch-398, train_loss-0.0794, train_rmse-0.2818, valid_rmse-1.3172, valid_pr-0.7138
epoch-399, train_loss-0.0760, train_rmse-0.2757, valid_rmse-1.3093, valid_pr-0.7204
epoch-400, train_loss-0.0732, train_rmse-0.2706, valid_rmse-1.3244, valid_pr-0.7157
epoch-401, train_loss-0.0772, train_rmse-0.2779, valid_rmse-1.3020, valid_pr-0.7218
epoch-402, train_loss-0.0797, train_rmse-0.2823, valid_rmse-1.3313, valid_pr-0.7097
epoch-403, train_loss-0.0768, train_rmse-0.2771, valid_rmse-1.3260, valid_pr-0.7118
epoch-404, train_loss-0.0738, train_rmse-0.2717, valid_rmse-1.3216, valid_pr-0.7168
epoch-405, train_loss-0.0793, train_rmse-0.2815, valid_rmse-1.3257, valid_pr-0.7106
epoch-406, train_loss-0.0752, train_rmse-0.2742, valid_rmse-1.3048, valid_pr-0.7190
epoch-407, train_loss-0.0771, train_rmse-0.2777, valid_rmse-1.3125, valid_pr-0.7148
epoch-408, train_loss-0.0812, train_rmse-0.2849, valid_rmse-1.3272, valid_pr-0.7110
epoch-409, train_loss-0.0838, train_rmse-0.2894, valid_rmse-1.3182, valid_pr-0.7198
epoch-410, train_loss-0.0750, train_rmse-0.2739, valid_rmse-1.3130, valid_pr-0.7158
epoch-411, train_loss-0.0760, train_rmse-0.2756, valid_rmse-1.3131, valid_pr-0.7202
epoch-412, train_loss-0.0754, train_rmse-0.2746, valid_rmse-1.3201, valid_pr-0.7150
epoch-413, train_loss-0.0720, train_rmse-0.2683, valid_rmse-1.3274, valid_pr-0.7118
epoch-414, train_loss-0.0740, train_rmse-0.2721, valid_rmse-1.2999, valid_pr-0.7216
epoch-415, train_loss-0.0788, train_rmse-0.2807, valid_rmse-1.3039, valid_pr-0.7190
epoch-416, train_loss-0.0778, train_rmse-0.2790, valid_rmse-1.3097, valid_pr-0.7192
epoch-417, train_loss-0.0771, train_rmse-0.2777, valid_rmse-1.3206, valid_pr-0.7143
epoch-418, train_loss-0.0707, train_rmse-0.2659, valid_rmse-1.3383, valid_pr-0.7091
epoch-419, train_loss-0.0719, train_rmse-0.2681, valid_rmse-1.3105, valid_pr-0.7175
epoch-420, train_loss-0.0733, train_rmse-0.2708, valid_rmse-1.3294, valid_pr-0.7119
epoch-421, train_loss-0.0744, train_rmse-0.2727, valid_rmse-1.3112, valid_pr-0.7156
epoch-422, train_loss-0.0772, train_rmse-0.2779, valid_rmse-1.3083, valid_pr-0.7213
epoch-423, train_loss-0.0739, train_rmse-0.2719, valid_rmse-1.3156, valid_pr-0.7175
epoch-424, train_loss-0.0717, train_rmse-0.2678, valid_rmse-1.3029, valid_pr-0.7228
epoch-425, train_loss-0.0709, train_rmse-0.2663, valid_rmse-1.3293, valid_pr-0.7107
epoch-426, train_loss-0.0712, train_rmse-0.2668, valid_rmse-1.3185, valid_pr-0.7146
epoch-427, train_loss-0.0688, train_rmse-0.2623, valid_rmse-1.3173, valid_pr-0.7138
epoch-428, train_loss-0.0683, train_rmse-0.2614, valid_rmse-1.3291, valid_pr-0.7086
epoch-429, train_loss-0.0685, train_rmse-0.2617, valid_rmse-1.3215, valid_pr-0.7122
epoch-430, train_loss-0.0696, train_rmse-0.2638, valid_rmse-1.3223, valid_pr-0.7103
epoch-431, train_loss-0.0726, train_rmse-0.2694, valid_rmse-1.3273, valid_pr-0.7117
epoch-432, train_loss-0.0699, train_rmse-0.2644, valid_rmse-1.3212, valid_pr-0.7115
epoch-433, train_loss-0.0686, train_rmse-0.2619, valid_rmse-1.3276, valid_pr-0.7153
epoch-434, train_loss-0.0723, train_rmse-0.2688, valid_rmse-1.3048, valid_pr-0.7183
epoch-435, train_loss-0.0777, train_rmse-0.2788, valid_rmse-1.3181, valid_pr-0.7146
epoch-436, train_loss-0.0723, train_rmse-0.2688, valid_rmse-1.3205, valid_pr-0.7156
epoch-437, train_loss-0.0840, train_rmse-0.2899, valid_rmse-1.3278, valid_pr-0.7075
epoch-438, train_loss-0.0672, train_rmse-0.2593, valid_rmse-1.3128, valid_pr-0.7172
epoch-439, train_loss-0.0722, train_rmse-0.2687, valid_rmse-1.3134, valid_pr-0.7129
epoch-440, train_loss-0.0704, train_rmse-0.2653, valid_rmse-1.3125, valid_pr-0.7157
epoch-441, train_loss-0.0708, train_rmse-0.2661, valid_rmse-1.3064, valid_pr-0.7173
epoch-442, train_loss-0.0761, train_rmse-0.2759, valid_rmse-1.3019, valid_pr-0.7216
epoch-443, train_loss-0.0781, train_rmse-0.2795, valid_rmse-1.3082, valid_pr-0.7185
epoch-444, train_loss-0.0691, train_rmse-0.2629, valid_rmse-1.2993, valid_pr-0.7229
epoch-445, train_loss-0.0701, train_rmse-0.2647, valid_rmse-1.3082, valid_pr-0.7185
epoch-446, train_loss-0.0683, train_rmse-0.2613, valid_rmse-1.3175, valid_pr-0.7141
epoch-447, train_loss-0.0564, train_rmse-0.2374, valid_rmse-1.3000, valid_pr-0.7199
epoch-448, train_loss-0.0510, train_rmse-0.2258, valid_rmse-1.3055, valid_pr-0.7196
epoch-449, train_loss-0.0481, train_rmse-0.2193, valid_rmse-1.3073, valid_pr-0.7187
epoch-450, train_loss-0.0499, train_rmse-0.2235, valid_rmse-1.3065, valid_pr-0.7198
epoch-451, train_loss-0.0446, train_rmse-0.2112, valid_rmse-1.3057, valid_pr-0.7191
epoch-452, train_loss-0.0441, train_rmse-0.2101, valid_rmse-1.3185, valid_pr-0.7159
epoch-453, train_loss-0.0450, train_rmse-0.2122, valid_rmse-1.3136, valid_pr-0.7170
epoch-454, train_loss-0.0483, train_rmse-0.2197, valid_rmse-1.3145, valid_pr-0.7152
epoch-455, train_loss-0.0487, train_rmse-0.2208, valid_rmse-1.3113, valid_pr-0.7157
epoch-456, train_loss-0.0507, train_rmse-0.2253, valid_rmse-1.3073, valid_pr-0.7196
epoch-457, train_loss-0.0457, train_rmse-0.2137, valid_rmse-1.3006, valid_pr-0.7207
epoch-458, train_loss-0.0466, train_rmse-0.2158, valid_rmse-1.3080, valid_pr-0.7173
epoch-459, train_loss-0.0476, train_rmse-0.2182, valid_rmse-1.3110, valid_pr-0.7177
epoch-460, train_loss-0.0454, train_rmse-0.2130, valid_rmse-1.3023, valid_pr-0.7209
epoch-461, train_loss-0.0450, train_rmse-0.2120, valid_rmse-1.3098, valid_pr-0.7192
epoch-462, train_loss-0.0449, train_rmse-0.2119, valid_rmse-1.3036, valid_pr-0.7200
epoch-463, train_loss-0.0464, train_rmse-0.2153, valid_rmse-1.3072, valid_pr-0.7186
epoch-464, train_loss-0.0424, train_rmse-0.2058, valid_rmse-1.3049, valid_pr-0.7200
epoch-465, train_loss-0.0441, train_rmse-0.2099, valid_rmse-1.2996, valid_pr-0.7215
epoch-466, train_loss-0.0460, train_rmse-0.2145, valid_rmse-1.3017, valid_pr-0.7215
epoch-467, train_loss-0.0428, train_rmse-0.2068, valid_rmse-1.3094, valid_pr-0.7179
epoch-468, train_loss-0.0437, train_rmse-0.2091, valid_rmse-1.3078, valid_pr-0.7178
epoch-469, train_loss-0.0446, train_rmse-0.2112, valid_rmse-1.3077, valid_pr-0.7174
epoch-470, train_loss-0.0419, train_rmse-0.2047, valid_rmse-1.3045, valid_pr-0.7175
epoch-471, train_loss-0.0469, train_rmse-0.2165, valid_rmse-1.3139, valid_pr-0.7187
epoch-472, train_loss-0.0436, train_rmse-0.2089, valid_rmse-1.3019, valid_pr-0.7204
epoch-473, train_loss-0.0450, train_rmse-0.2120, valid_rmse-1.3147, valid_pr-0.7178
epoch-474, train_loss-0.0449, train_rmse-0.2119, valid_rmse-1.3099, valid_pr-0.7175
epoch-475, train_loss-0.0442, train_rmse-0.2101, valid_rmse-1.3137, valid_pr-0.7163
epoch-476, train_loss-0.0437, train_rmse-0.2090, valid_rmse-1.3261, valid_pr-0.7126
epoch-477, train_loss-0.0445, train_rmse-0.2109, valid_rmse-1.2995, valid_pr-0.7215
epoch-478, train_loss-0.0473, train_rmse-0.2175, valid_rmse-1.3064, valid_pr-0.7177
epoch-479, train_loss-0.0459, train_rmse-0.2142, valid_rmse-1.3090, valid_pr-0.7190
epoch-480, train_loss-0.0456, train_rmse-0.2135, valid_rmse-1.3133, valid_pr-0.7167
epoch-481, train_loss-0.0453, train_rmse-0.2128, valid_rmse-1.3097, valid_pr-0.7182
epoch-482, train_loss-0.0470, train_rmse-0.2168, valid_rmse-1.2981, valid_pr-0.7232
Validation : valid_rmse-1.2981, valid_pr-0.7232, 
test2013_rmse-1.4311, test2013_pr-0.7968, test2016_rmse-1.3401, test2016_pr-0.7870, test2019_rmse-1.5249, test2019_pr-0.5726
epoch-483, train_loss-0.0410, train_rmse-0.2026, valid_rmse-1.3067, valid_pr-0.7193
epoch-484, train_loss-0.0462, train_rmse-0.2150, valid_rmse-1.3178, valid_pr-0.7152
epoch-485, train_loss-0.0459, train_rmse-0.2142, valid_rmse-1.3100, valid_pr-0.7177
epoch-486, train_loss-0.0444, train_rmse-0.2108, valid_rmse-1.3136, valid_pr-0.7172
epoch-487, train_loss-0.0447, train_rmse-0.2113, valid_rmse-1.3148, valid_pr-0.7153
epoch-488, train_loss-0.0460, train_rmse-0.2144, valid_rmse-1.3059, valid_pr-0.7194
epoch-489, train_loss-0.0459, train_rmse-0.2142, valid_rmse-1.3047, valid_pr-0.7176
epoch-490, train_loss-0.0436, train_rmse-0.2089, valid_rmse-1.3221, valid_pr-0.7132
epoch-491, train_loss-0.0418, train_rmse-0.2044, valid_rmse-1.3129, valid_pr-0.7144
epoch-492, train_loss-0.0424, train_rmse-0.2058, valid_rmse-1.3212, valid_pr-0.7144
epoch-493, train_loss-0.0438, train_rmse-0.2094, valid_rmse-1.3206, valid_pr-0.7111
epoch-494, train_loss-0.0483, train_rmse-0.2198, valid_rmse-1.3225, valid_pr-0.7135
epoch-495, train_loss-0.0450, train_rmse-0.2121, valid_rmse-1.3186, valid_pr-0.7162
epoch-496, train_loss-0.0438, train_rmse-0.2092, valid_rmse-1.3162, valid_pr-0.7148
epoch-497, train_loss-0.0415, train_rmse-0.2038, valid_rmse-1.3116, valid_pr-0.7166
epoch-498, train_loss-0.0441, train_rmse-0.2101, valid_rmse-1.3125, valid_pr-0.7171
epoch-499, train_loss-0.0417, train_rmse-0.2043, valid_rmse-1.3005, valid_pr-0.7207
epoch-500, train_loss-0.0429, train_rmse-0.2072, valid_rmse-1.3117, valid_pr-0.7169
epoch-501, train_loss-0.0400, train_rmse-0.2001, valid_rmse-1.3053, valid_pr-0.7190
epoch-502, train_loss-0.0455, train_rmse-0.2134, valid_rmse-1.3122, valid_pr-0.7165
epoch-503, train_loss-0.0460, train_rmse-0.2146, valid_rmse-1.3129, valid_pr-0.7167
epoch-504, train_loss-0.0453, train_rmse-0.2127, valid_rmse-1.2982, valid_pr-0.7208
epoch-505, train_loss-0.0418, train_rmse-0.2045, valid_rmse-1.3107, valid_pr-0.7156
epoch-506, train_loss-0.0440, train_rmse-0.2098, valid_rmse-1.3096, valid_pr-0.7173
epoch-507, train_loss-0.0410, train_rmse-0.2025, valid_rmse-1.3099, valid_pr-0.7152
epoch-508, train_loss-0.0423, train_rmse-0.2056, valid_rmse-1.3220, valid_pr-0.7126
epoch-509, train_loss-0.0452, train_rmse-0.2127, valid_rmse-1.3079, valid_pr-0.7183
epoch-510, train_loss-0.0446, train_rmse-0.2111, valid_rmse-1.3086, valid_pr-0.7184
epoch-511, train_loss-0.0428, train_rmse-0.2068, valid_rmse-1.3032, valid_pr-0.7194
epoch-512, train_loss-0.0399, train_rmse-0.1996, valid_rmse-1.3106, valid_pr-0.7181
epoch-513, train_loss-0.0391, train_rmse-0.1976, valid_rmse-1.3120, valid_pr-0.7152
epoch-514, train_loss-0.0432, train_rmse-0.2080, valid_rmse-1.3105, valid_pr-0.7177
epoch-515, train_loss-0.0443, train_rmse-0.2105, valid_rmse-1.3136, valid_pr-0.7145
epoch-516, train_loss-0.0404, train_rmse-0.2010, valid_rmse-1.3053, valid_pr-0.7197
epoch-517, train_loss-0.0389, train_rmse-0.1972, valid_rmse-1.3066, valid_pr-0.7198
epoch-518, train_loss-0.0395, train_rmse-0.1987, valid_rmse-1.3137, valid_pr-0.7147
epoch-519, train_loss-0.0438, train_rmse-0.2093, valid_rmse-1.3007, valid_pr-0.7200
epoch-520, train_loss-0.0418, train_rmse-0.2044, valid_rmse-1.3017, valid_pr-0.7209
epoch-521, train_loss-0.0409, train_rmse-0.2022, valid_rmse-1.3021, valid_pr-0.7223
epoch-522, train_loss-0.0399, train_rmse-0.1998, valid_rmse-1.3091, valid_pr-0.7180
epoch-523, train_loss-0.0420, train_rmse-0.2049, valid_rmse-1.3137, valid_pr-0.7156
epoch-524, train_loss-0.0383, train_rmse-0.1956, valid_rmse-1.3108, valid_pr-0.7172
epoch-525, train_loss-0.0409, train_rmse-0.2021, valid_rmse-1.3164, valid_pr-0.7175
epoch-526, train_loss-0.0430, train_rmse-0.2073, valid_rmse-1.3089, valid_pr-0.7192
epoch-527, train_loss-0.0403, train_rmse-0.2009, valid_rmse-1.3046, valid_pr-0.7197
epoch-528, train_loss-0.0428, train_rmse-0.2069, valid_rmse-1.3048, valid_pr-0.7179
epoch-529, train_loss-0.0417, train_rmse-0.2042, valid_rmse-1.3050, valid_pr-0.7197
epoch-530, train_loss-0.0416, train_rmse-0.2039, valid_rmse-1.3076, valid_pr-0.7186
epoch-531, train_loss-0.0381, train_rmse-0.1951, valid_rmse-1.3183, valid_pr-0.7153
epoch-532, train_loss-0.0402, train_rmse-0.2005, valid_rmse-1.3090, valid_pr-0.7215
epoch-533, train_loss-0.0410, train_rmse-0.2026, valid_rmse-1.3136, valid_pr-0.7159
epoch-534, train_loss-0.0396, train_rmse-0.1991, valid_rmse-1.3061, valid_pr-0.7195
epoch-535, train_loss-0.0347, train_rmse-0.1864, valid_rmse-1.3051, valid_pr-0.7189
epoch-536, train_loss-0.0305, train_rmse-0.1747, valid_rmse-1.3068, valid_pr-0.7191
epoch-537, train_loss-0.0323, train_rmse-0.1796, valid_rmse-1.3089, valid_pr-0.7187
epoch-538, train_loss-0.0328, train_rmse-0.1811, valid_rmse-1.3149, valid_pr-0.7147
epoch-539, train_loss-0.0314, train_rmse-0.1772, valid_rmse-1.3122, valid_pr-0.7159
epoch-540, train_loss-0.0328, train_rmse-0.1811, valid_rmse-1.3094, valid_pr-0.7168
epoch-541, train_loss-0.0334, train_rmse-0.1829, valid_rmse-1.3061, valid_pr-0.7194
epoch-542, train_loss-0.0324, train_rmse-0.1801, valid_rmse-1.3038, valid_pr-0.7213
epoch-543, train_loss-0.0354, train_rmse-0.1881, valid_rmse-1.3111, valid_pr-0.7162
epoch-544, train_loss-0.0349, train_rmse-0.1869, valid_rmse-1.3012, valid_pr-0.7210
epoch-545, train_loss-0.0346, train_rmse-0.1860, valid_rmse-1.3138, valid_pr-0.7141
epoch-546, train_loss-0.0338, train_rmse-0.1838, valid_rmse-1.3089, valid_pr-0.7192
epoch-547, train_loss-0.0315, train_rmse-0.1774, valid_rmse-1.3047, valid_pr-0.7191
epoch-548, train_loss-0.0334, train_rmse-0.1828, valid_rmse-1.3037, valid_pr-0.7213
epoch-549, train_loss-0.0334, train_rmse-0.1828, valid_rmse-1.3018, valid_pr-0.7207
epoch-550, train_loss-0.0294, train_rmse-0.1715, valid_rmse-1.3054, valid_pr-0.7211
epoch-551, train_loss-0.0317, train_rmse-0.1781, valid_rmse-1.2977, valid_pr-0.7222
Validation : valid_rmse-1.2977, valid_pr-0.7222, 
test2013_rmse-1.4235, test2013_pr-0.8019, test2016_rmse-1.3244, test2016_pr-0.7939, test2019_rmse-1.5184, test2019_pr-0.5740
epoch-552, train_loss-0.0304, train_rmse-0.1744, valid_rmse-1.3088, valid_pr-0.7177
epoch-553, train_loss-0.0311, train_rmse-0.1763, valid_rmse-1.3055, valid_pr-0.7196
epoch-554, train_loss-0.0302, train_rmse-0.1738, valid_rmse-1.3049, valid_pr-0.7202
epoch-555, train_loss-0.0311, train_rmse-0.1763, valid_rmse-1.2994, valid_pr-0.7214
epoch-556, train_loss-0.0324, train_rmse-0.1800, valid_rmse-1.3100, valid_pr-0.7184
epoch-557, train_loss-0.0328, train_rmse-0.1811, valid_rmse-1.3066, valid_pr-0.7191
epoch-558, train_loss-0.0317, train_rmse-0.1780, valid_rmse-1.3144, valid_pr-0.7156
epoch-559, train_loss-0.0316, train_rmse-0.1779, valid_rmse-1.3035, valid_pr-0.7196
epoch-560, train_loss-0.0322, train_rmse-0.1793, valid_rmse-1.3055, valid_pr-0.7184
epoch-561, train_loss-0.0302, train_rmse-0.1737, valid_rmse-1.3046, valid_pr-0.7190
epoch-562, train_loss-0.0319, train_rmse-0.1786, valid_rmse-1.3076, valid_pr-0.7187
epoch-563, train_loss-0.0309, train_rmse-0.1758, valid_rmse-1.3102, valid_pr-0.7169
epoch-564, train_loss-0.0324, train_rmse-0.1800, valid_rmse-1.3076, valid_pr-0.7181
epoch-565, train_loss-0.0316, train_rmse-0.1778, valid_rmse-1.3100, valid_pr-0.7181
epoch-566, train_loss-0.0300, train_rmse-0.1733, valid_rmse-1.3106, valid_pr-0.7172
epoch-567, train_loss-0.0295, train_rmse-0.1718, valid_rmse-1.3072, valid_pr-0.7194
epoch-568, train_loss-0.0311, train_rmse-0.1763, valid_rmse-1.3167, valid_pr-0.7153
epoch-569, train_loss-0.0310, train_rmse-0.1762, valid_rmse-1.3111, valid_pr-0.7163
epoch-570, train_loss-0.0303, train_rmse-0.1742, valid_rmse-1.3104, valid_pr-0.7166
epoch-571, train_loss-0.0310, train_rmse-0.1759, valid_rmse-1.3096, valid_pr-0.7181
epoch-572, train_loss-0.0328, train_rmse-0.1810, valid_rmse-1.3029, valid_pr-0.7223
epoch-573, train_loss-0.0329, train_rmse-0.1814, valid_rmse-1.3137, valid_pr-0.7153
epoch-574, train_loss-0.0328, train_rmse-0.1812, valid_rmse-1.3127, valid_pr-0.7169
epoch-575, train_loss-0.0304, train_rmse-0.1745, valid_rmse-1.3093, valid_pr-0.7172
epoch-576, train_loss-0.0311, train_rmse-0.1763, valid_rmse-1.3082, valid_pr-0.7187
epoch-577, train_loss-0.0306, train_rmse-0.1750, valid_rmse-1.3129, valid_pr-0.7166
epoch-578, train_loss-0.0314, train_rmse-0.1772, valid_rmse-1.3094, valid_pr-0.7177
epoch-579, train_loss-0.0301, train_rmse-0.1736, valid_rmse-1.3164, valid_pr-0.7141
epoch-580, train_loss-0.0317, train_rmse-0.1781, valid_rmse-1.3169, valid_pr-0.7142
epoch-581, train_loss-0.0312, train_rmse-0.1767, valid_rmse-1.3195, valid_pr-0.7143
epoch-582, train_loss-0.0316, train_rmse-0.1778, valid_rmse-1.3050, valid_pr-0.7193
epoch-583, train_loss-0.0317, train_rmse-0.1781, valid_rmse-1.3127, valid_pr-0.7177
epoch-584, train_loss-0.0325, train_rmse-0.1802, valid_rmse-1.3124, valid_pr-0.7156
epoch-585, train_loss-0.0321, train_rmse-0.1792, valid_rmse-1.3079, valid_pr-0.7182
epoch-586, train_loss-0.0317, train_rmse-0.1781, valid_rmse-1.3114, valid_pr-0.7182
epoch-587, train_loss-0.0309, train_rmse-0.1757, valid_rmse-1.3068, valid_pr-0.7184
epoch-588, train_loss-0.0313, train_rmse-0.1769, valid_rmse-1.3151, valid_pr-0.7165
epoch-589, train_loss-0.0298, train_rmse-0.1726, valid_rmse-1.3068, valid_pr-0.7187
epoch-590, train_loss-0.0313, train_rmse-0.1768, valid_rmse-1.3009, valid_pr-0.7206
epoch-591, train_loss-0.0326, train_rmse-0.1805, valid_rmse-1.3115, valid_pr-0.7170
epoch-592, train_loss-0.0299, train_rmse-0.1729, valid_rmse-1.3093, valid_pr-0.7165
epoch-593, train_loss-0.0326, train_rmse-0.1804, valid_rmse-1.3052, valid_pr-0.7188
epoch-594, train_loss-0.0283, train_rmse-0.1682, valid_rmse-1.3163, valid_pr-0.7149
epoch-595, train_loss-0.0325, train_rmse-0.1803, valid_rmse-1.3123, valid_pr-0.7149
epoch-596, train_loss-0.0310, train_rmse-0.1759, valid_rmse-1.3038, valid_pr-0.7200
epoch-597, train_loss-0.0322, train_rmse-0.1794, valid_rmse-1.3161, valid_pr-0.7148
epoch-598, train_loss-0.0310, train_rmse-0.1762, valid_rmse-1.3099, valid_pr-0.7167
epoch-599, train_loss-0.0289, train_rmse-0.1700, valid_rmse-1.3081, valid_pr-0.7188
epoch-600, train_loss-0.0313, train_rmse-0.1768, valid_rmse-1.3200, valid_pr-0.7123
epoch-601, train_loss-0.0388, train_rmse-0.1971, valid_rmse-1.3187, valid_pr-0.7153
epoch-602, train_loss-0.0311, train_rmse-0.1764, valid_rmse-1.3082, valid_pr-0.7170
epoch-603, train_loss-0.0278, train_rmse-0.1667, valid_rmse-1.3150, valid_pr-0.7155
epoch-604, train_loss-0.0297, train_rmse-0.1725, valid_rmse-1.3039, valid_pr-0.7206
epoch-605, train_loss-0.0279, train_rmse-0.1671, valid_rmse-1.3129, valid_pr-0.7159
epoch-606, train_loss-0.0269, train_rmse-0.1641, valid_rmse-1.3107, valid_pr-0.7172
epoch-607, train_loss-0.0290, train_rmse-0.1704, valid_rmse-1.3080, valid_pr-0.7178
epoch-608, train_loss-0.0260, train_rmse-0.1614, valid_rmse-1.3103, valid_pr-0.7166
epoch-609, train_loss-0.0261, train_rmse-0.1615, valid_rmse-1.3091, valid_pr-0.7171
epoch-610, train_loss-0.0275, train_rmse-0.1659, valid_rmse-1.3159, valid_pr-0.7140
epoch-611, train_loss-0.0278, train_rmse-0.1668, valid_rmse-1.3111, valid_pr-0.7175
epoch-612, train_loss-0.0298, train_rmse-0.1725, valid_rmse-1.3074, valid_pr-0.7182
epoch-613, train_loss-0.0269, train_rmse-0.1640, valid_rmse-1.3069, valid_pr-0.7184
epoch-614, train_loss-0.0258, train_rmse-0.1608, valid_rmse-1.3110, valid_pr-0.7173
epoch-615, train_loss-0.0276, train_rmse-0.1663, valid_rmse-1.3114, valid_pr-0.7162
epoch-616, train_loss-0.0269, train_rmse-0.1640, valid_rmse-1.3136, valid_pr-0.7155
epoch-617, train_loss-0.0264, train_rmse-0.1624, valid_rmse-1.3133, valid_pr-0.7163
epoch-618, train_loss-0.0267, train_rmse-0.1633, valid_rmse-1.3104, valid_pr-0.7161
epoch-619, train_loss-0.0261, train_rmse-0.1617, valid_rmse-1.3104, valid_pr-0.7175
epoch-620, train_loss-0.0259, train_rmse-0.1608, valid_rmse-1.3099, valid_pr-0.7179
epoch-621, train_loss-0.0270, train_rmse-0.1643, valid_rmse-1.3089, valid_pr-0.7162
epoch-622, train_loss-0.0258, train_rmse-0.1606, valid_rmse-1.3093, valid_pr-0.7175
epoch-623, train_loss-0.0258, train_rmse-0.1606, valid_rmse-1.3117, valid_pr-0.7166
epoch-624, train_loss-0.0263, train_rmse-0.1622, valid_rmse-1.3082, valid_pr-0.7179
epoch-625, train_loss-0.0266, train_rmse-0.1631, valid_rmse-1.3102, valid_pr-0.7168
epoch-626, train_loss-0.0270, train_rmse-0.1642, valid_rmse-1.3119, valid_pr-0.7160
epoch-627, train_loss-0.0271, train_rmse-0.1645, valid_rmse-1.3107, valid_pr-0.7164
epoch-628, train_loss-0.0247, train_rmse-0.1572, valid_rmse-1.3071, valid_pr-0.7177
epoch-629, train_loss-0.0269, train_rmse-0.1640, valid_rmse-1.3070, valid_pr-0.7183
epoch-630, train_loss-0.0252, train_rmse-0.1588, valid_rmse-1.3057, valid_pr-0.7192
epoch-631, train_loss-0.0282, train_rmse-0.1679, valid_rmse-1.3037, valid_pr-0.7192
epoch-632, train_loss-0.0256, train_rmse-0.1600, valid_rmse-1.3129, valid_pr-0.7162
epoch-633, train_loss-0.0278, train_rmse-0.1667, valid_rmse-1.3139, valid_pr-0.7159
epoch-634, train_loss-0.0284, train_rmse-0.1685, valid_rmse-1.3135, valid_pr-0.7153
epoch-635, train_loss-0.0249, train_rmse-0.1577, valid_rmse-1.3077, valid_pr-0.7179
epoch-636, train_loss-0.0272, train_rmse-0.1649, valid_rmse-1.3107, valid_pr-0.7164
epoch-637, train_loss-0.0259, train_rmse-0.1608, valid_rmse-1.3085, valid_pr-0.7183
epoch-638, train_loss-0.0272, train_rmse-0.1650, valid_rmse-1.3077, valid_pr-0.7189
epoch-639, train_loss-0.0252, train_rmse-0.1587, valid_rmse-1.3091, valid_pr-0.7178
epoch-640, train_loss-0.0260, train_rmse-0.1612, valid_rmse-1.3110, valid_pr-0.7166
epoch-641, train_loss-0.0261, train_rmse-0.1617, valid_rmse-1.3100, valid_pr-0.7174
epoch-642, train_loss-0.0278, train_rmse-0.1667, valid_rmse-1.3067, valid_pr-0.7197
epoch-643, train_loss-0.0265, train_rmse-0.1628, valid_rmse-1.3039, valid_pr-0.7198
epoch-644, train_loss-0.0276, train_rmse-0.1662, valid_rmse-1.3114, valid_pr-0.7163
epoch-645, train_loss-0.0250, train_rmse-0.1581, valid_rmse-1.3164, valid_pr-0.7139
epoch-646, train_loss-0.0262, train_rmse-0.1617, valid_rmse-1.3130, valid_pr-0.7155
epoch-647, train_loss-0.0252, train_rmse-0.1588, valid_rmse-1.3116, valid_pr-0.7161
epoch-648, train_loss-0.0258, train_rmse-0.1606, valid_rmse-1.3144, valid_pr-0.7152
epoch-649, train_loss-0.0238, train_rmse-0.1542, valid_rmse-1.3153, valid_pr-0.7137
epoch-650, train_loss-0.0263, train_rmse-0.1621, valid_rmse-1.3117, valid_pr-0.7159
epoch-651, train_loss-0.0259, train_rmse-0.1609, valid_rmse-1.3131, valid_pr-0.7154
epoch-652, train_loss-0.0261, train_rmse-0.1616, valid_rmse-1.3104, valid_pr-0.7176
early stop in epoch 652
best_rmse: 1.2977
valid_rmse-1.2977, valid_pr-0.7222, test2013_rmse-1.4235, test2013_pr-0.8019, test2016_rmse-1.3244, test2016_pr-0.7939, test2019_rmse-1.5184, test2019_pr-0.5740
