Atom3D, lr=0.0005, seed=616
train_CheapAtom3D.py
train data: 11904
valid data: 1000
test2013 data: 107
test2016 data: 285
test2019 data: 4366
GIGN params # : 1081897
epoch-0, train_loss-29.7348, train_rmse-5.4530, valid_rmse-2.0404, valid_pr-0.3260
Validation : valid_rmse-2.0404, valid_pr-0.3260, 
test2013_rmse-2.0739, test2013_pr-0.5319, test2016_rmse-1.9441, test2016_pr-0.5250, test2019_rmse-2.0450, test2019_pr-0.3412
epoch-1, train_loss-5.5065, train_rmse-2.3466, valid_rmse-1.8096, valid_pr-0.4209
Validation : valid_rmse-1.8096, valid_pr-0.4209, 
test2013_rmse-1.9964, test2013_pr-0.5434, test2016_rmse-1.8867, test2016_pr-0.5311, test2019_rmse-1.8751, test2019_pr-0.3754
epoch-2, train_loss-4.0449, train_rmse-2.0112, valid_rmse-1.7023, valid_pr-0.4819
Validation : valid_rmse-1.7023, valid_pr-0.4819, 
test2013_rmse-1.8714, test2013_pr-0.5939, test2016_rmse-1.7418, test2016_pr-0.6071, test2019_rmse-1.7389, test2019_pr-0.4389
epoch-3, train_loss-3.3864, train_rmse-1.8402, valid_rmse-1.6246, valid_pr-0.5250
Validation : valid_rmse-1.6246, valid_pr-0.5250, 
test2013_rmse-1.8108, test2013_pr-0.6327, test2016_rmse-1.6550, test2016_pr-0.6650, test2019_rmse-1.6613, test2019_pr-0.4771
epoch-4, train_loss-2.9913, train_rmse-1.7295, valid_rmse-1.5800, valid_pr-0.5603
Validation : valid_rmse-1.5800, valid_pr-0.5603, 
test2013_rmse-1.6917, test2013_pr-0.6915, test2016_rmse-1.5766, test2016_pr-0.6926, test2019_rmse-1.6721, test2019_pr-0.4783
epoch-5, train_loss-2.6676, train_rmse-1.6333, valid_rmse-1.5465, valid_pr-0.5924
Validation : valid_rmse-1.5465, valid_pr-0.5924, 
test2013_rmse-1.7908, test2013_pr-0.6616, test2016_rmse-1.6292, test2016_pr-0.6922, test2019_rmse-1.6411, test2019_pr-0.4960
epoch-6, train_loss-2.4778, train_rmse-1.5741, valid_rmse-1.4978, valid_pr-0.6027
Validation : valid_rmse-1.4978, valid_pr-0.6027, 
test2013_rmse-1.6657, test2013_pr-0.7055, test2016_rmse-1.4879, test2016_pr-0.7369, test2019_rmse-1.5814, test2019_pr-0.5254
epoch-7, train_loss-2.3361, train_rmse-1.5284, valid_rmse-1.4927, valid_pr-0.6059
Validation : valid_rmse-1.4927, valid_pr-0.6059, 
test2013_rmse-1.6875, test2013_pr-0.6965, test2016_rmse-1.5196, test2016_pr-0.7145, test2019_rmse-1.6019, test2019_pr-0.5159
epoch-8, train_loss-2.2303, train_rmse-1.4934, valid_rmse-1.4663, valid_pr-0.6327
Validation : valid_rmse-1.4663, valid_pr-0.6327, 
test2013_rmse-1.6515, test2013_pr-0.7167, test2016_rmse-1.4748, test2016_pr-0.7356, test2019_rmse-1.6293, test2019_pr-0.5174
epoch-9, train_loss-2.1707, train_rmse-1.4733, valid_rmse-1.4437, valid_pr-0.6375
Validation : valid_rmse-1.4437, valid_pr-0.6375, 
test2013_rmse-1.6617, test2013_pr-0.7142, test2016_rmse-1.4799, test2016_pr-0.7414, test2019_rmse-1.5470, test2019_pr-0.5421
epoch-10, train_loss-2.1014, train_rmse-1.4496, valid_rmse-1.4678, valid_pr-0.6210
epoch-11, train_loss-1.9899, train_rmse-1.4106, valid_rmse-1.4792, valid_pr-0.6250
epoch-12, train_loss-1.8696, train_rmse-1.3673, valid_rmse-1.4016, valid_pr-0.6643
Validation : valid_rmse-1.4016, valid_pr-0.6643, 
test2013_rmse-1.5899, test2013_pr-0.7488, test2016_rmse-1.4512, test2016_pr-0.7549, test2019_rmse-1.5412, test2019_pr-0.5537
epoch-13, train_loss-1.8685, train_rmse-1.3669, valid_rmse-1.3989, valid_pr-0.6583
Validation : valid_rmse-1.3989, valid_pr-0.6583, 
test2013_rmse-1.6305, test2013_pr-0.7222, test2016_rmse-1.4472, test2016_pr-0.7501, test2019_rmse-1.5613, test2019_pr-0.5335
epoch-14, train_loss-1.8244, train_rmse-1.3507, valid_rmse-1.4277, valid_pr-0.6488
epoch-15, train_loss-1.7349, train_rmse-1.3172, valid_rmse-1.3848, valid_pr-0.6704
Validation : valid_rmse-1.3848, valid_pr-0.6704, 
test2013_rmse-1.5869, test2013_pr-0.7481, test2016_rmse-1.4528, test2016_pr-0.7482, test2019_rmse-1.5397, test2019_pr-0.5510
epoch-16, train_loss-1.7019, train_rmse-1.3046, valid_rmse-1.4003, valid_pr-0.6634
epoch-17, train_loss-1.7173, train_rmse-1.3104, valid_rmse-1.3745, valid_pr-0.6737
Validation : valid_rmse-1.3745, valid_pr-0.6737, 
test2013_rmse-1.4756, test2013_pr-0.7998, test2016_rmse-1.3836, test2016_pr-0.7780, test2019_rmse-1.5567, test2019_pr-0.5395
epoch-18, train_loss-1.6196, train_rmse-1.2726, valid_rmse-1.3690, valid_pr-0.6805
Validation : valid_rmse-1.3690, valid_pr-0.6805, 
test2013_rmse-1.4427, test2013_pr-0.8107, test2016_rmse-1.3501, test2016_pr-0.7951, test2019_rmse-1.5266, test2019_pr-0.5680
epoch-19, train_loss-1.5865, train_rmse-1.2596, valid_rmse-1.3564, valid_pr-0.6836
Validation : valid_rmse-1.3564, valid_pr-0.6836, 
test2013_rmse-1.4880, test2013_pr-0.7940, test2016_rmse-1.3602, test2016_pr-0.7872, test2019_rmse-1.5225, test2019_pr-0.5609
epoch-20, train_loss-1.5758, train_rmse-1.2553, valid_rmse-1.3879, valid_pr-0.6730
epoch-21, train_loss-1.4866, train_rmse-1.2193, valid_rmse-1.4050, valid_pr-0.6729
epoch-22, train_loss-1.4781, train_rmse-1.2158, valid_rmse-1.3798, valid_pr-0.6809
epoch-23, train_loss-1.4151, train_rmse-1.1896, valid_rmse-1.3647, valid_pr-0.6823
epoch-24, train_loss-1.4022, train_rmse-1.1842, valid_rmse-1.3879, valid_pr-0.6729
epoch-25, train_loss-1.3901, train_rmse-1.1790, valid_rmse-1.3928, valid_pr-0.6792
epoch-26, train_loss-1.3829, train_rmse-1.1759, valid_rmse-1.4026, valid_pr-0.6660
epoch-27, train_loss-1.3869, train_rmse-1.1776, valid_rmse-1.4002, valid_pr-0.6826
epoch-28, train_loss-1.3047, train_rmse-1.1422, valid_rmse-1.3743, valid_pr-0.6785
epoch-29, train_loss-1.3381, train_rmse-1.1568, valid_rmse-1.3767, valid_pr-0.6887
epoch-30, train_loss-1.3687, train_rmse-1.1699, valid_rmse-1.3555, valid_pr-0.6861
Validation : valid_rmse-1.3555, valid_pr-0.6861, 
test2013_rmse-1.5259, test2013_pr-0.7750, test2016_rmse-1.4557, test2016_pr-0.7554, test2019_rmse-1.5152, test2019_pr-0.5666
epoch-31, train_loss-1.2728, train_rmse-1.1282, valid_rmse-1.3833, valid_pr-0.6696
epoch-32, train_loss-1.2527, train_rmse-1.1193, valid_rmse-1.4723, valid_pr-0.6670
epoch-33, train_loss-1.1952, train_rmse-1.0933, valid_rmse-1.3564, valid_pr-0.6895
epoch-34, train_loss-1.1727, train_rmse-1.0829, valid_rmse-1.3541, valid_pr-0.6913
Validation : valid_rmse-1.3541, valid_pr-0.6913, 
test2013_rmse-1.4364, test2013_pr-0.7971, test2016_rmse-1.3666, test2016_pr-0.7805, test2019_rmse-1.5517, test2019_pr-0.5626
epoch-35, train_loss-1.1906, train_rmse-1.0912, valid_rmse-1.3342, valid_pr-0.7000
Validation : valid_rmse-1.3342, valid_pr-0.7000, 
test2013_rmse-1.5109, test2013_pr-0.7784, test2016_rmse-1.4200, test2016_pr-0.7616, test2019_rmse-1.5333, test2019_pr-0.5675
epoch-36, train_loss-1.1635, train_rmse-1.0787, valid_rmse-1.4220, valid_pr-0.6638
epoch-37, train_loss-1.1462, train_rmse-1.0706, valid_rmse-1.3845, valid_pr-0.6724
epoch-38, train_loss-1.1282, train_rmse-1.0622, valid_rmse-1.3371, valid_pr-0.6995
epoch-39, train_loss-1.0965, train_rmse-1.0472, valid_rmse-1.3531, valid_pr-0.6931
epoch-40, train_loss-1.0932, train_rmse-1.0456, valid_rmse-1.3504, valid_pr-0.6903
epoch-41, train_loss-1.1135, train_rmse-1.0552, valid_rmse-1.4082, valid_pr-0.6912
epoch-42, train_loss-1.1128, train_rmse-1.0549, valid_rmse-1.3385, valid_pr-0.6960
epoch-43, train_loss-1.0780, train_rmse-1.0383, valid_rmse-1.3368, valid_pr-0.6988
epoch-44, train_loss-1.0248, train_rmse-1.0123, valid_rmse-1.3643, valid_pr-0.6846
epoch-45, train_loss-1.0494, train_rmse-1.0244, valid_rmse-1.3137, valid_pr-0.7071
Validation : valid_rmse-1.3137, valid_pr-0.7071, 
test2013_rmse-1.4078, test2013_pr-0.8150, test2016_rmse-1.3336, test2016_pr-0.7931, test2019_rmse-1.4994, test2019_pr-0.5794
epoch-46, train_loss-1.0078, train_rmse-1.0039, valid_rmse-1.3239, valid_pr-0.7102
epoch-47, train_loss-1.0294, train_rmse-1.0146, valid_rmse-1.3334, valid_pr-0.7088
epoch-48, train_loss-1.0236, train_rmse-1.0117, valid_rmse-1.3509, valid_pr-0.6926
epoch-49, train_loss-1.0038, train_rmse-1.0019, valid_rmse-1.3306, valid_pr-0.7056
epoch-50, train_loss-1.0482, train_rmse-1.0238, valid_rmse-1.4564, valid_pr-0.6930
epoch-51, train_loss-0.9853, train_rmse-0.9926, valid_rmse-1.3782, valid_pr-0.6833
epoch-52, train_loss-0.9781, train_rmse-0.9890, valid_rmse-1.3454, valid_pr-0.6994
epoch-53, train_loss-0.9819, train_rmse-0.9909, valid_rmse-1.3477, valid_pr-0.7042
epoch-54, train_loss-0.9391, train_rmse-0.9691, valid_rmse-1.3436, valid_pr-0.7041
epoch-55, train_loss-0.9949, train_rmse-0.9975, valid_rmse-1.3655, valid_pr-0.7037
epoch-56, train_loss-0.9157, train_rmse-0.9569, valid_rmse-1.3592, valid_pr-0.7049
epoch-57, train_loss-0.9533, train_rmse-0.9764, valid_rmse-1.3639, valid_pr-0.6946
epoch-58, train_loss-0.8778, train_rmse-0.9369, valid_rmse-1.3245, valid_pr-0.7088
epoch-59, train_loss-0.8643, train_rmse-0.9297, valid_rmse-1.3241, valid_pr-0.7142
epoch-60, train_loss-0.9426, train_rmse-0.9709, valid_rmse-1.3226, valid_pr-0.7065
epoch-61, train_loss-0.9198, train_rmse-0.9591, valid_rmse-1.3175, valid_pr-0.7125
epoch-62, train_loss-0.8895, train_rmse-0.9432, valid_rmse-1.3331, valid_pr-0.7103
epoch-63, train_loss-0.8615, train_rmse-0.9281, valid_rmse-1.3165, valid_pr-0.7125
epoch-64, train_loss-0.8403, train_rmse-0.9167, valid_rmse-1.3182, valid_pr-0.7092
epoch-65, train_loss-0.9000, train_rmse-0.9487, valid_rmse-1.2877, valid_pr-0.7270
Validation : valid_rmse-1.2877, valid_pr-0.7270, 
test2013_rmse-1.4493, test2013_pr-0.7891, test2016_rmse-1.3639, test2016_pr-0.7786, test2019_rmse-1.4770, test2019_pr-0.6051
epoch-66, train_loss-0.8421, train_rmse-0.9176, valid_rmse-1.3107, valid_pr-0.7159
epoch-67, train_loss-0.8190, train_rmse-0.9050, valid_rmse-1.3154, valid_pr-0.7127
epoch-68, train_loss-0.9295, train_rmse-0.9641, valid_rmse-1.3659, valid_pr-0.6909
epoch-69, train_loss-0.8230, train_rmse-0.9072, valid_rmse-1.3235, valid_pr-0.7159
epoch-70, train_loss-0.8372, train_rmse-0.9150, valid_rmse-1.3416, valid_pr-0.7032
epoch-71, train_loss-0.8681, train_rmse-0.9317, valid_rmse-1.3248, valid_pr-0.7140
epoch-72, train_loss-0.7874, train_rmse-0.8874, valid_rmse-1.3607, valid_pr-0.7109
epoch-73, train_loss-0.8001, train_rmse-0.8945, valid_rmse-1.3225, valid_pr-0.7140
epoch-74, train_loss-0.8023, train_rmse-0.8957, valid_rmse-1.3316, valid_pr-0.7191
epoch-75, train_loss-0.7986, train_rmse-0.8937, valid_rmse-1.3325, valid_pr-0.7112
epoch-76, train_loss-0.8703, train_rmse-0.9329, valid_rmse-1.2942, valid_pr-0.7210
epoch-77, train_loss-0.7927, train_rmse-0.8904, valid_rmse-1.3483, valid_pr-0.7150
epoch-78, train_loss-0.8200, train_rmse-0.9055, valid_rmse-1.3237, valid_pr-0.7250
epoch-79, train_loss-0.7892, train_rmse-0.8884, valid_rmse-1.3164, valid_pr-0.7321
epoch-80, train_loss-0.7527, train_rmse-0.8676, valid_rmse-1.3707, valid_pr-0.6929
epoch-81, train_loss-0.7485, train_rmse-0.8652, valid_rmse-1.3224, valid_pr-0.7119
epoch-82, train_loss-0.7444, train_rmse-0.8628, valid_rmse-1.3231, valid_pr-0.7119
epoch-83, train_loss-0.7244, train_rmse-0.8511, valid_rmse-1.3073, valid_pr-0.7170
epoch-84, train_loss-0.7213, train_rmse-0.8493, valid_rmse-1.3646, valid_pr-0.6889
epoch-85, train_loss-0.6950, train_rmse-0.8337, valid_rmse-1.3446, valid_pr-0.7168
epoch-86, train_loss-0.6986, train_rmse-0.8358, valid_rmse-1.2910, valid_pr-0.7231
epoch-87, train_loss-0.6997, train_rmse-0.8365, valid_rmse-1.2925, valid_pr-0.7249
epoch-88, train_loss-0.6962, train_rmse-0.8344, valid_rmse-1.3469, valid_pr-0.7019
epoch-89, train_loss-0.6995, train_rmse-0.8364, valid_rmse-1.3115, valid_pr-0.7136
epoch-90, train_loss-0.7480, train_rmse-0.8649, valid_rmse-1.3408, valid_pr-0.7110
epoch-91, train_loss-0.6874, train_rmse-0.8291, valid_rmse-1.3336, valid_pr-0.7130
epoch-92, train_loss-0.6874, train_rmse-0.8291, valid_rmse-1.3048, valid_pr-0.7176
epoch-93, train_loss-0.6847, train_rmse-0.8275, valid_rmse-1.3685, valid_pr-0.7018
epoch-94, train_loss-0.7058, train_rmse-0.8401, valid_rmse-1.3346, valid_pr-0.7207
epoch-95, train_loss-0.6590, train_rmse-0.8118, valid_rmse-1.3397, valid_pr-0.7037
epoch-96, train_loss-0.6945, train_rmse-0.8333, valid_rmse-1.3661, valid_pr-0.7208
epoch-97, train_loss-0.7016, train_rmse-0.8376, valid_rmse-1.3368, valid_pr-0.7043
epoch-98, train_loss-0.6449, train_rmse-0.8031, valid_rmse-1.3058, valid_pr-0.7213
epoch-99, train_loss-0.6849, train_rmse-0.8276, valid_rmse-1.3434, valid_pr-0.7027
epoch-100, train_loss-0.6534, train_rmse-0.8083, valid_rmse-1.3568, valid_pr-0.7086
epoch-101, train_loss-0.6584, train_rmse-0.8114, valid_rmse-1.3122, valid_pr-0.7210
epoch-102, train_loss-0.6126, train_rmse-0.7827, valid_rmse-1.2879, valid_pr-0.7248
epoch-103, train_loss-0.6092, train_rmse-0.7805, valid_rmse-1.3179, valid_pr-0.7121
epoch-104, train_loss-0.6026, train_rmse-0.7763, valid_rmse-1.2907, valid_pr-0.7241
epoch-105, train_loss-0.5754, train_rmse-0.7585, valid_rmse-1.2831, valid_pr-0.7296
Validation : valid_rmse-1.2831, valid_pr-0.7296, 
test2013_rmse-1.3570, test2013_pr-0.8310, test2016_rmse-1.2884, test2016_pr-0.8094, test2019_rmse-1.4722, test2019_pr-0.5998
epoch-106, train_loss-0.6187, train_rmse-0.7866, valid_rmse-1.2886, valid_pr-0.7244
epoch-107, train_loss-0.5845, train_rmse-0.7645, valid_rmse-1.3345, valid_pr-0.7056
epoch-108, train_loss-0.5999, train_rmse-0.7745, valid_rmse-1.3366, valid_pr-0.7153
epoch-109, train_loss-0.6271, train_rmse-0.7919, valid_rmse-1.3076, valid_pr-0.7294
epoch-110, train_loss-0.5620, train_rmse-0.7496, valid_rmse-1.3051, valid_pr-0.7268
epoch-111, train_loss-0.5733, train_rmse-0.7572, valid_rmse-1.3062, valid_pr-0.7155
epoch-112, train_loss-0.5601, train_rmse-0.7484, valid_rmse-1.3592, valid_pr-0.7070
epoch-113, train_loss-0.5736, train_rmse-0.7574, valid_rmse-1.3216, valid_pr-0.7305
epoch-114, train_loss-0.5916, train_rmse-0.7692, valid_rmse-1.2982, valid_pr-0.7173
epoch-115, train_loss-0.5610, train_rmse-0.7490, valid_rmse-1.3282, valid_pr-0.7282
epoch-116, train_loss-0.5597, train_rmse-0.7481, valid_rmse-1.3173, valid_pr-0.7167
epoch-117, train_loss-0.5693, train_rmse-0.7545, valid_rmse-1.3253, valid_pr-0.7045
epoch-118, train_loss-0.5616, train_rmse-0.7494, valid_rmse-1.3241, valid_pr-0.7197
epoch-119, train_loss-0.5733, train_rmse-0.7571, valid_rmse-1.2924, valid_pr-0.7228
epoch-120, train_loss-0.5596, train_rmse-0.7481, valid_rmse-1.3188, valid_pr-0.7217
epoch-121, train_loss-0.5317, train_rmse-0.7292, valid_rmse-1.2929, valid_pr-0.7217
epoch-122, train_loss-0.5499, train_rmse-0.7415, valid_rmse-1.3041, valid_pr-0.7153
epoch-123, train_loss-0.5500, train_rmse-0.7416, valid_rmse-1.2540, valid_pr-0.7420
Validation : valid_rmse-1.2540, valid_pr-0.7420, 
test2013_rmse-1.3910, test2013_pr-0.8172, test2016_rmse-1.3071, test2016_pr-0.8029, test2019_rmse-1.4810, test2019_pr-0.5949
epoch-124, train_loss-0.5243, train_rmse-0.7241, valid_rmse-1.2843, valid_pr-0.7303
epoch-125, train_loss-0.5104, train_rmse-0.7144, valid_rmse-1.3269, valid_pr-0.7234
epoch-126, train_loss-0.5069, train_rmse-0.7120, valid_rmse-1.2666, valid_pr-0.7407
epoch-127, train_loss-0.4906, train_rmse-0.7004, valid_rmse-1.3019, valid_pr-0.7162
epoch-128, train_loss-0.5226, train_rmse-0.7229, valid_rmse-1.3023, valid_pr-0.7248
epoch-129, train_loss-0.5177, train_rmse-0.7195, valid_rmse-1.2958, valid_pr-0.7335
epoch-130, train_loss-0.5211, train_rmse-0.7219, valid_rmse-1.2670, valid_pr-0.7406
epoch-131, train_loss-0.5037, train_rmse-0.7097, valid_rmse-1.2742, valid_pr-0.7347
epoch-132, train_loss-0.4887, train_rmse-0.6991, valid_rmse-1.2989, valid_pr-0.7282
epoch-133, train_loss-0.5182, train_rmse-0.7198, valid_rmse-1.2677, valid_pr-0.7347
epoch-134, train_loss-0.4951, train_rmse-0.7036, valid_rmse-1.2914, valid_pr-0.7263
epoch-135, train_loss-0.4828, train_rmse-0.6949, valid_rmse-1.2921, valid_pr-0.7250
epoch-136, train_loss-0.4824, train_rmse-0.6945, valid_rmse-1.2947, valid_pr-0.7177
epoch-137, train_loss-0.4779, train_rmse-0.6913, valid_rmse-1.2889, valid_pr-0.7250
epoch-138, train_loss-0.4793, train_rmse-0.6923, valid_rmse-1.3229, valid_pr-0.7081
epoch-139, train_loss-0.4468, train_rmse-0.6684, valid_rmse-1.2649, valid_pr-0.7427
epoch-140, train_loss-0.4666, train_rmse-0.6831, valid_rmse-1.2801, valid_pr-0.7353
epoch-141, train_loss-0.4553, train_rmse-0.6748, valid_rmse-1.2779, valid_pr-0.7304
epoch-142, train_loss-0.4704, train_rmse-0.6858, valid_rmse-1.3042, valid_pr-0.7235
epoch-143, train_loss-0.4455, train_rmse-0.6674, valid_rmse-1.2763, valid_pr-0.7333
epoch-144, train_loss-0.4503, train_rmse-0.6710, valid_rmse-1.3216, valid_pr-0.7236
epoch-145, train_loss-0.4563, train_rmse-0.6755, valid_rmse-1.3162, valid_pr-0.7293
epoch-146, train_loss-0.4568, train_rmse-0.6759, valid_rmse-1.2568, valid_pr-0.7465
epoch-147, train_loss-0.4512, train_rmse-0.6717, valid_rmse-1.2670, valid_pr-0.7418
epoch-148, train_loss-0.4471, train_rmse-0.6687, valid_rmse-1.2813, valid_pr-0.7292
epoch-149, train_loss-0.4915, train_rmse-0.7011, valid_rmse-1.3030, valid_pr-0.7404
epoch-150, train_loss-0.4287, train_rmse-0.6547, valid_rmse-1.2853, valid_pr-0.7260
epoch-151, train_loss-0.4378, train_rmse-0.6617, valid_rmse-1.2844, valid_pr-0.7313
epoch-152, train_loss-0.4255, train_rmse-0.6523, valid_rmse-1.2692, valid_pr-0.7366
epoch-153, train_loss-0.4266, train_rmse-0.6532, valid_rmse-1.2890, valid_pr-0.7263
epoch-154, train_loss-0.4237, train_rmse-0.6509, valid_rmse-1.2768, valid_pr-0.7368
epoch-155, train_loss-0.4286, train_rmse-0.6547, valid_rmse-1.3015, valid_pr-0.7354
epoch-156, train_loss-0.4191, train_rmse-0.6474, valid_rmse-1.2408, valid_pr-0.7455
Validation : valid_rmse-1.2408, valid_pr-0.7455, 
test2013_rmse-1.3300, test2013_pr-0.8400, test2016_rmse-1.2564, test2016_pr-0.8288, test2019_rmse-1.4505, test2019_pr-0.6054
epoch-157, train_loss-0.3990, train_rmse-0.6317, valid_rmse-1.2639, valid_pr-0.7343
epoch-158, train_loss-0.3986, train_rmse-0.6313, valid_rmse-1.2777, valid_pr-0.7398
epoch-159, train_loss-0.4196, train_rmse-0.6478, valid_rmse-1.2576, valid_pr-0.7394
epoch-160, train_loss-0.3940, train_rmse-0.6277, valid_rmse-1.2786, valid_pr-0.7297
epoch-161, train_loss-0.4465, train_rmse-0.6682, valid_rmse-1.2963, valid_pr-0.7232
epoch-162, train_loss-0.4316, train_rmse-0.6569, valid_rmse-1.2967, valid_pr-0.7219
epoch-163, train_loss-0.3999, train_rmse-0.6324, valid_rmse-1.2803, valid_pr-0.7316
epoch-164, train_loss-0.3985, train_rmse-0.6312, valid_rmse-1.2769, valid_pr-0.7273
epoch-165, train_loss-0.3919, train_rmse-0.6260, valid_rmse-1.2888, valid_pr-0.7253
epoch-166, train_loss-0.3751, train_rmse-0.6124, valid_rmse-1.2813, valid_pr-0.7324
epoch-167, train_loss-0.4043, train_rmse-0.6358, valid_rmse-1.2898, valid_pr-0.7251
epoch-168, train_loss-0.3877, train_rmse-0.6226, valid_rmse-1.2869, valid_pr-0.7260
epoch-169, train_loss-0.3781, train_rmse-0.6149, valid_rmse-1.2894, valid_pr-0.7259
epoch-170, train_loss-0.3812, train_rmse-0.6174, valid_rmse-1.2777, valid_pr-0.7304
epoch-171, train_loss-0.3774, train_rmse-0.6143, valid_rmse-1.3116, valid_pr-0.7349
epoch-172, train_loss-0.4224, train_rmse-0.6499, valid_rmse-1.2936, valid_pr-0.7273
epoch-173, train_loss-0.3929, train_rmse-0.6268, valid_rmse-1.2928, valid_pr-0.7363
epoch-174, train_loss-0.3654, train_rmse-0.6045, valid_rmse-1.2434, valid_pr-0.7441
epoch-175, train_loss-0.3748, train_rmse-0.6122, valid_rmse-1.2548, valid_pr-0.7377
epoch-176, train_loss-0.3756, train_rmse-0.6129, valid_rmse-1.2741, valid_pr-0.7351
epoch-177, train_loss-0.3736, train_rmse-0.6112, valid_rmse-1.2826, valid_pr-0.7294
epoch-178, train_loss-0.3757, train_rmse-0.6130, valid_rmse-1.2731, valid_pr-0.7341
epoch-179, train_loss-0.3620, train_rmse-0.6017, valid_rmse-1.2584, valid_pr-0.7380
epoch-180, train_loss-0.3550, train_rmse-0.5958, valid_rmse-1.2570, valid_pr-0.7472
epoch-181, train_loss-0.3529, train_rmse-0.5941, valid_rmse-1.2575, valid_pr-0.7371
epoch-182, train_loss-0.3552, train_rmse-0.5960, valid_rmse-1.2930, valid_pr-0.7206
epoch-183, train_loss-0.3491, train_rmse-0.5908, valid_rmse-1.2925, valid_pr-0.7259
epoch-184, train_loss-0.3730, train_rmse-0.6107, valid_rmse-1.2804, valid_pr-0.7266
epoch-185, train_loss-0.4039, train_rmse-0.6355, valid_rmse-1.2823, valid_pr-0.7268
epoch-186, train_loss-0.3467, train_rmse-0.5888, valid_rmse-1.2456, valid_pr-0.7475
epoch-187, train_loss-0.3370, train_rmse-0.5805, valid_rmse-1.2895, valid_pr-0.7352
epoch-188, train_loss-0.3476, train_rmse-0.5895, valid_rmse-1.2466, valid_pr-0.7441
epoch-189, train_loss-0.3444, train_rmse-0.5868, valid_rmse-1.3141, valid_pr-0.7267
epoch-190, train_loss-0.3529, train_rmse-0.5941, valid_rmse-1.2827, valid_pr-0.7375
epoch-191, train_loss-0.3524, train_rmse-0.5937, valid_rmse-1.2537, valid_pr-0.7399
epoch-192, train_loss-0.3291, train_rmse-0.5737, valid_rmse-1.2713, valid_pr-0.7344
epoch-193, train_loss-0.3355, train_rmse-0.5792, valid_rmse-1.2648, valid_pr-0.7334
epoch-194, train_loss-0.3393, train_rmse-0.5825, valid_rmse-1.2496, valid_pr-0.7423
epoch-195, train_loss-0.3359, train_rmse-0.5796, valid_rmse-1.2892, valid_pr-0.7270
epoch-196, train_loss-0.3271, train_rmse-0.5719, valid_rmse-1.2718, valid_pr-0.7300
epoch-197, train_loss-0.3089, train_rmse-0.5558, valid_rmse-1.2712, valid_pr-0.7401
epoch-198, train_loss-0.3161, train_rmse-0.5622, valid_rmse-1.2474, valid_pr-0.7480
epoch-199, train_loss-0.3274, train_rmse-0.5722, valid_rmse-1.2529, valid_pr-0.7436
epoch-200, train_loss-0.3156, train_rmse-0.5618, valid_rmse-1.2719, valid_pr-0.7351
epoch-201, train_loss-0.3367, train_rmse-0.5803, valid_rmse-1.2827, valid_pr-0.7324
epoch-202, train_loss-0.3211, train_rmse-0.5666, valid_rmse-1.2844, valid_pr-0.7257
epoch-203, train_loss-0.3448, train_rmse-0.5872, valid_rmse-1.2808, valid_pr-0.7304
epoch-204, train_loss-0.3301, train_rmse-0.5746, valid_rmse-1.2747, valid_pr-0.7329
epoch-205, train_loss-0.3449, train_rmse-0.5872, valid_rmse-1.2966, valid_pr-0.7341
epoch-206, train_loss-0.3163, train_rmse-0.5624, valid_rmse-1.2237, valid_pr-0.7528
Validation : valid_rmse-1.2237, valid_pr-0.7528, 
test2013_rmse-1.3646, test2013_pr-0.8243, test2016_rmse-1.2505, test2016_pr-0.8200, test2019_rmse-1.4274, test2019_pr-0.6235
epoch-207, train_loss-0.3252, train_rmse-0.5703, valid_rmse-1.2526, valid_pr-0.7440
epoch-208, train_loss-0.3191, train_rmse-0.5649, valid_rmse-1.2661, valid_pr-0.7332
epoch-209, train_loss-0.3113, train_rmse-0.5579, valid_rmse-1.2644, valid_pr-0.7336
epoch-210, train_loss-0.3046, train_rmse-0.5519, valid_rmse-1.2393, valid_pr-0.7534
epoch-211, train_loss-0.3043, train_rmse-0.5516, valid_rmse-1.2503, valid_pr-0.7402
epoch-212, train_loss-0.2876, train_rmse-0.5363, valid_rmse-1.2642, valid_pr-0.7411
epoch-213, train_loss-0.3269, train_rmse-0.5718, valid_rmse-1.2550, valid_pr-0.7430
epoch-214, train_loss-0.3208, train_rmse-0.5664, valid_rmse-1.2616, valid_pr-0.7387
epoch-215, train_loss-0.3121, train_rmse-0.5587, valid_rmse-1.2823, valid_pr-0.7279
epoch-216, train_loss-0.2971, train_rmse-0.5451, valid_rmse-1.2637, valid_pr-0.7392
epoch-217, train_loss-0.2921, train_rmse-0.5404, valid_rmse-1.2493, valid_pr-0.7423
epoch-218, train_loss-0.2897, train_rmse-0.5383, valid_rmse-1.2873, valid_pr-0.7336
epoch-219, train_loss-0.2904, train_rmse-0.5389, valid_rmse-1.2351, valid_pr-0.7496
epoch-220, train_loss-0.2927, train_rmse-0.5410, valid_rmse-1.2791, valid_pr-0.7320
epoch-221, train_loss-0.3057, train_rmse-0.5529, valid_rmse-1.2948, valid_pr-0.7201
epoch-222, train_loss-0.2998, train_rmse-0.5476, valid_rmse-1.2622, valid_pr-0.7386
epoch-223, train_loss-0.3035, train_rmse-0.5509, valid_rmse-1.2683, valid_pr-0.7366
epoch-224, train_loss-0.2826, train_rmse-0.5316, valid_rmse-1.2567, valid_pr-0.7439
epoch-225, train_loss-0.2847, train_rmse-0.5335, valid_rmse-1.2738, valid_pr-0.7326
epoch-226, train_loss-0.2820, train_rmse-0.5310, valid_rmse-1.3167, valid_pr-0.7346
epoch-227, train_loss-0.2991, train_rmse-0.5469, valid_rmse-1.2577, valid_pr-0.7375
epoch-228, train_loss-0.2984, train_rmse-0.5463, valid_rmse-1.2439, valid_pr-0.7454
epoch-229, train_loss-0.2828, train_rmse-0.5318, valid_rmse-1.2469, valid_pr-0.7423
epoch-230, train_loss-0.2700, train_rmse-0.5196, valid_rmse-1.2703, valid_pr-0.7353
epoch-231, train_loss-0.2958, train_rmse-0.5439, valid_rmse-1.3043, valid_pr-0.7287
epoch-232, train_loss-0.2820, train_rmse-0.5311, valid_rmse-1.2790, valid_pr-0.7282
epoch-233, train_loss-0.2826, train_rmse-0.5316, valid_rmse-1.2473, valid_pr-0.7422
epoch-234, train_loss-0.2717, train_rmse-0.5213, valid_rmse-1.2650, valid_pr-0.7348
epoch-235, train_loss-0.2816, train_rmse-0.5307, valid_rmse-1.2880, valid_pr-0.7303
epoch-236, train_loss-0.2941, train_rmse-0.5423, valid_rmse-1.2460, valid_pr-0.7494
epoch-237, train_loss-0.2897, train_rmse-0.5382, valid_rmse-1.2559, valid_pr-0.7416
epoch-238, train_loss-0.2644, train_rmse-0.5142, valid_rmse-1.2448, valid_pr-0.7433
epoch-239, train_loss-0.2574, train_rmse-0.5074, valid_rmse-1.2722, valid_pr-0.7352
epoch-240, train_loss-0.2612, train_rmse-0.5110, valid_rmse-1.2367, valid_pr-0.7465
epoch-241, train_loss-0.2800, train_rmse-0.5291, valid_rmse-1.2833, valid_pr-0.7263
epoch-242, train_loss-0.2848, train_rmse-0.5336, valid_rmse-1.2793, valid_pr-0.7316
epoch-243, train_loss-0.2621, train_rmse-0.5119, valid_rmse-1.2366, valid_pr-0.7498
epoch-244, train_loss-0.2442, train_rmse-0.4942, valid_rmse-1.2539, valid_pr-0.7418
epoch-245, train_loss-0.2645, train_rmse-0.5143, valid_rmse-1.2632, valid_pr-0.7378
epoch-246, train_loss-0.2479, train_rmse-0.4979, valid_rmse-1.2424, valid_pr-0.7456
epoch-247, train_loss-0.2683, train_rmse-0.5180, valid_rmse-1.2592, valid_pr-0.7382
epoch-248, train_loss-0.2743, train_rmse-0.5238, valid_rmse-1.2477, valid_pr-0.7444
epoch-249, train_loss-0.2637, train_rmse-0.5135, valid_rmse-1.2637, valid_pr-0.7380
epoch-250, train_loss-0.2558, train_rmse-0.5057, valid_rmse-1.2494, valid_pr-0.7429
epoch-251, train_loss-0.2787, train_rmse-0.5280, valid_rmse-1.2677, valid_pr-0.7343
epoch-252, train_loss-0.2554, train_rmse-0.5054, valid_rmse-1.2611, valid_pr-0.7363
epoch-253, train_loss-0.2608, train_rmse-0.5107, valid_rmse-1.2730, valid_pr-0.7321
epoch-254, train_loss-0.2572, train_rmse-0.5071, valid_rmse-1.2587, valid_pr-0.7407
epoch-255, train_loss-0.2420, train_rmse-0.4920, valid_rmse-1.2368, valid_pr-0.7468
epoch-256, train_loss-0.2545, train_rmse-0.5045, valid_rmse-1.2468, valid_pr-0.7441
epoch-257, train_loss-0.2411, train_rmse-0.4911, valid_rmse-1.2416, valid_pr-0.7491
epoch-258, train_loss-0.2038, train_rmse-0.4515, valid_rmse-1.2158, valid_pr-0.7573
Validation : valid_rmse-1.2158, valid_pr-0.7573, 
test2013_rmse-1.3720, test2013_pr-0.8280, test2016_rmse-1.2510, test2016_pr-0.8230, test2019_rmse-1.4147, test2019_pr-0.6261
epoch-259, train_loss-0.1782, train_rmse-0.4221, valid_rmse-1.2220, valid_pr-0.7536
epoch-260, train_loss-0.1718, train_rmse-0.4145, valid_rmse-1.2320, valid_pr-0.7487
epoch-261, train_loss-0.1709, train_rmse-0.4134, valid_rmse-1.2185, valid_pr-0.7536
epoch-262, train_loss-0.1701, train_rmse-0.4125, valid_rmse-1.2434, valid_pr-0.7478
epoch-263, train_loss-0.1705, train_rmse-0.4130, valid_rmse-1.2237, valid_pr-0.7522
epoch-264, train_loss-0.1641, train_rmse-0.4051, valid_rmse-1.2166, valid_pr-0.7559
epoch-265, train_loss-0.1641, train_rmse-0.4051, valid_rmse-1.2124, valid_pr-0.7570
Validation : valid_rmse-1.2124, valid_pr-0.7570, 
test2013_rmse-1.3789, test2013_pr-0.8233, test2016_rmse-1.2615, test2016_pr-0.8234, test2019_rmse-1.4138, test2019_pr-0.6235
epoch-266, train_loss-0.1712, train_rmse-0.4138, valid_rmse-1.2321, valid_pr-0.7486
epoch-267, train_loss-0.1641, train_rmse-0.4051, valid_rmse-1.2294, valid_pr-0.7493
epoch-268, train_loss-0.1741, train_rmse-0.4172, valid_rmse-1.2143, valid_pr-0.7559
epoch-269, train_loss-0.1669, train_rmse-0.4085, valid_rmse-1.2185, valid_pr-0.7567
epoch-270, train_loss-0.1797, train_rmse-0.4239, valid_rmse-1.2353, valid_pr-0.7488
epoch-271, train_loss-0.1612, train_rmse-0.4015, valid_rmse-1.2409, valid_pr-0.7455
epoch-272, train_loss-0.1697, train_rmse-0.4120, valid_rmse-1.2230, valid_pr-0.7523
epoch-273, train_loss-0.1597, train_rmse-0.3996, valid_rmse-1.2379, valid_pr-0.7475
epoch-274, train_loss-0.1624, train_rmse-0.4030, valid_rmse-1.2362, valid_pr-0.7473
epoch-275, train_loss-0.1617, train_rmse-0.4021, valid_rmse-1.2224, valid_pr-0.7536
epoch-276, train_loss-0.1587, train_rmse-0.3984, valid_rmse-1.2415, valid_pr-0.7454
epoch-277, train_loss-0.1653, train_rmse-0.4066, valid_rmse-1.2445, valid_pr-0.7459
epoch-278, train_loss-0.1631, train_rmse-0.4039, valid_rmse-1.2419, valid_pr-0.7446
epoch-279, train_loss-0.1616, train_rmse-0.4020, valid_rmse-1.2460, valid_pr-0.7437
epoch-280, train_loss-0.1714, train_rmse-0.4141, valid_rmse-1.2429, valid_pr-0.7457
epoch-281, train_loss-0.1719, train_rmse-0.4146, valid_rmse-1.2251, valid_pr-0.7513
epoch-282, train_loss-0.1595, train_rmse-0.3994, valid_rmse-1.2214, valid_pr-0.7542
epoch-283, train_loss-0.1660, train_rmse-0.4074, valid_rmse-1.2451, valid_pr-0.7464
epoch-284, train_loss-0.1618, train_rmse-0.4023, valid_rmse-1.2322, valid_pr-0.7527
epoch-285, train_loss-0.1656, train_rmse-0.4070, valid_rmse-1.2369, valid_pr-0.7508
epoch-286, train_loss-0.1696, train_rmse-0.4118, valid_rmse-1.2354, valid_pr-0.7471
epoch-287, train_loss-0.1704, train_rmse-0.4128, valid_rmse-1.2373, valid_pr-0.7467
epoch-288, train_loss-0.1657, train_rmse-0.4071, valid_rmse-1.2463, valid_pr-0.7444
epoch-289, train_loss-0.1563, train_rmse-0.3954, valid_rmse-1.2347, valid_pr-0.7466
epoch-290, train_loss-0.1655, train_rmse-0.4069, valid_rmse-1.2378, valid_pr-0.7468
epoch-291, train_loss-0.1619, train_rmse-0.4024, valid_rmse-1.2383, valid_pr-0.7526
epoch-292, train_loss-0.1622, train_rmse-0.4027, valid_rmse-1.2269, valid_pr-0.7509
epoch-293, train_loss-0.1567, train_rmse-0.3959, valid_rmse-1.2145, valid_pr-0.7572
epoch-294, train_loss-0.1678, train_rmse-0.4096, valid_rmse-1.2360, valid_pr-0.7492
epoch-295, train_loss-0.1656, train_rmse-0.4069, valid_rmse-1.2343, valid_pr-0.7496
epoch-296, train_loss-0.1640, train_rmse-0.4050, valid_rmse-1.2377, valid_pr-0.7502
epoch-297, train_loss-0.1673, train_rmse-0.4090, valid_rmse-1.2212, valid_pr-0.7550
epoch-298, train_loss-0.1644, train_rmse-0.4055, valid_rmse-1.2198, valid_pr-0.7537
epoch-299, train_loss-0.1625, train_rmse-0.4031, valid_rmse-1.2182, valid_pr-0.7534
epoch-300, train_loss-0.1611, train_rmse-0.4014, valid_rmse-1.2100, valid_pr-0.7585
Validation : valid_rmse-1.2100, valid_pr-0.7585, 
test2013_rmse-1.4008, test2013_pr-0.8148, test2016_rmse-1.2815, test2016_pr-0.8124, test2019_rmse-1.4274, test2019_pr-0.6167
epoch-301, train_loss-0.1622, train_rmse-0.4028, valid_rmse-1.2225, valid_pr-0.7534
epoch-302, train_loss-0.1550, train_rmse-0.3937, valid_rmse-1.2059, valid_pr-0.7593
Validation : valid_rmse-1.2059, valid_pr-0.7593, 
test2013_rmse-1.3870, test2013_pr-0.8191, test2016_rmse-1.2749, test2016_pr-0.8141, test2019_rmse-1.4203, test2019_pr-0.6195
epoch-303, train_loss-0.1547, train_rmse-0.3933, valid_rmse-1.2216, valid_pr-0.7537
epoch-304, train_loss-0.1555, train_rmse-0.3944, valid_rmse-1.2287, valid_pr-0.7509
epoch-305, train_loss-0.1649, train_rmse-0.4061, valid_rmse-1.2420, valid_pr-0.7477
epoch-306, train_loss-0.1463, train_rmse-0.3824, valid_rmse-1.2334, valid_pr-0.7470
epoch-307, train_loss-0.1566, train_rmse-0.3958, valid_rmse-1.2165, valid_pr-0.7553
epoch-308, train_loss-0.1586, train_rmse-0.3983, valid_rmse-1.2269, valid_pr-0.7506
epoch-309, train_loss-0.1602, train_rmse-0.4002, valid_rmse-1.2504, valid_pr-0.7472
epoch-310, train_loss-0.1694, train_rmse-0.4115, valid_rmse-1.2256, valid_pr-0.7520
epoch-311, train_loss-0.1591, train_rmse-0.3989, valid_rmse-1.2137, valid_pr-0.7562
epoch-312, train_loss-0.1523, train_rmse-0.3903, valid_rmse-1.2176, valid_pr-0.7545
epoch-313, train_loss-0.1632, train_rmse-0.4040, valid_rmse-1.2289, valid_pr-0.7531
epoch-314, train_loss-0.1509, train_rmse-0.3884, valid_rmse-1.2332, valid_pr-0.7541
epoch-315, train_loss-0.1476, train_rmse-0.3842, valid_rmse-1.2488, valid_pr-0.7530
epoch-316, train_loss-0.1591, train_rmse-0.3988, valid_rmse-1.2251, valid_pr-0.7519
epoch-317, train_loss-0.1550, train_rmse-0.3937, valid_rmse-1.2432, valid_pr-0.7521
epoch-318, train_loss-0.1661, train_rmse-0.4075, valid_rmse-1.2455, valid_pr-0.7474
epoch-319, train_loss-0.1547, train_rmse-0.3933, valid_rmse-1.2210, valid_pr-0.7527
epoch-320, train_loss-0.1532, train_rmse-0.3914, valid_rmse-1.2087, valid_pr-0.7583
epoch-321, train_loss-0.1531, train_rmse-0.3913, valid_rmse-1.2208, valid_pr-0.7532
epoch-322, train_loss-0.1529, train_rmse-0.3910, valid_rmse-1.2284, valid_pr-0.7500
epoch-323, train_loss-0.1523, train_rmse-0.3903, valid_rmse-1.2569, valid_pr-0.7479
epoch-324, train_loss-0.1482, train_rmse-0.3850, valid_rmse-1.2320, valid_pr-0.7492
epoch-325, train_loss-0.1438, train_rmse-0.3793, valid_rmse-1.2308, valid_pr-0.7512
epoch-326, train_loss-0.1476, train_rmse-0.3842, valid_rmse-1.2220, valid_pr-0.7525
epoch-327, train_loss-0.1449, train_rmse-0.3807, valid_rmse-1.2146, valid_pr-0.7557
epoch-328, train_loss-0.1571, train_rmse-0.3964, valid_rmse-1.2128, valid_pr-0.7571
epoch-329, train_loss-0.1519, train_rmse-0.3898, valid_rmse-1.2164, valid_pr-0.7546
epoch-330, train_loss-0.1600, train_rmse-0.4000, valid_rmse-1.2165, valid_pr-0.7558
epoch-331, train_loss-0.1474, train_rmse-0.3839, valid_rmse-1.2088, valid_pr-0.7586
epoch-332, train_loss-0.1483, train_rmse-0.3850, valid_rmse-1.2268, valid_pr-0.7542
epoch-333, train_loss-0.1498, train_rmse-0.3870, valid_rmse-1.2319, valid_pr-0.7516
epoch-334, train_loss-0.1473, train_rmse-0.3838, valid_rmse-1.2087, valid_pr-0.7591
epoch-335, train_loss-0.1503, train_rmse-0.3877, valid_rmse-1.2284, valid_pr-0.7524
epoch-336, train_loss-0.1561, train_rmse-0.3951, valid_rmse-1.2341, valid_pr-0.7504
epoch-337, train_loss-0.1384, train_rmse-0.3720, valid_rmse-1.2231, valid_pr-0.7517
epoch-338, train_loss-0.1428, train_rmse-0.3778, valid_rmse-1.2243, valid_pr-0.7526
epoch-339, train_loss-0.1433, train_rmse-0.3786, valid_rmse-1.2085, valid_pr-0.7578
epoch-340, train_loss-0.1481, train_rmse-0.3848, valid_rmse-1.2348, valid_pr-0.7485
epoch-341, train_loss-0.1478, train_rmse-0.3845, valid_rmse-1.2188, valid_pr-0.7535
epoch-342, train_loss-0.1492, train_rmse-0.3863, valid_rmse-1.2308, valid_pr-0.7489
epoch-343, train_loss-0.1456, train_rmse-0.3816, valid_rmse-1.2192, valid_pr-0.7540
epoch-344, train_loss-0.1461, train_rmse-0.3822, valid_rmse-1.2225, valid_pr-0.7519
epoch-345, train_loss-0.1408, train_rmse-0.3752, valid_rmse-1.2180, valid_pr-0.7555
epoch-346, train_loss-0.1369, train_rmse-0.3699, valid_rmse-1.2307, valid_pr-0.7547
epoch-347, train_loss-0.1378, train_rmse-0.3712, valid_rmse-1.2268, valid_pr-0.7541
epoch-348, train_loss-0.1448, train_rmse-0.3805, valid_rmse-1.2251, valid_pr-0.7538
epoch-349, train_loss-0.1472, train_rmse-0.3837, valid_rmse-1.2324, valid_pr-0.7497
epoch-350, train_loss-0.1456, train_rmse-0.3816, valid_rmse-1.2209, valid_pr-0.7536
epoch-351, train_loss-0.1462, train_rmse-0.3824, valid_rmse-1.2218, valid_pr-0.7532
epoch-352, train_loss-0.1522, train_rmse-0.3901, valid_rmse-1.2068, valid_pr-0.7594
epoch-353, train_loss-0.1423, train_rmse-0.3772, valid_rmse-1.2259, valid_pr-0.7530
epoch-354, train_loss-0.1292, train_rmse-0.3594, valid_rmse-1.2120, valid_pr-0.7576
epoch-355, train_loss-0.1144, train_rmse-0.3383, valid_rmse-1.2064, valid_pr-0.7594
epoch-356, train_loss-0.1148, train_rmse-0.3389, valid_rmse-1.2134, valid_pr-0.7555
epoch-357, train_loss-0.1149, train_rmse-0.3390, valid_rmse-1.2118, valid_pr-0.7570
epoch-358, train_loss-0.1123, train_rmse-0.3352, valid_rmse-1.2145, valid_pr-0.7558
epoch-359, train_loss-0.1133, train_rmse-0.3365, valid_rmse-1.2090, valid_pr-0.7581
epoch-360, train_loss-0.1094, train_rmse-0.3307, valid_rmse-1.2087, valid_pr-0.7586
epoch-361, train_loss-0.1057, train_rmse-0.3252, valid_rmse-1.2076, valid_pr-0.7593
epoch-362, train_loss-0.1120, train_rmse-0.3347, valid_rmse-1.2159, valid_pr-0.7552
epoch-363, train_loss-0.1112, train_rmse-0.3334, valid_rmse-1.2087, valid_pr-0.7587
epoch-364, train_loss-0.1123, train_rmse-0.3351, valid_rmse-1.2052, valid_pr-0.7611
Validation : valid_rmse-1.2052, valid_pr-0.7611, 
test2013_rmse-1.4069, test2013_pr-0.8109, test2016_rmse-1.2688, test2016_pr-0.8165, test2019_rmse-1.4129, test2019_pr-0.6254
epoch-365, train_loss-0.1153, train_rmse-0.3395, valid_rmse-1.2082, valid_pr-0.7594
epoch-366, train_loss-0.1129, train_rmse-0.3360, valid_rmse-1.2192, valid_pr-0.7576
epoch-367, train_loss-0.1167, train_rmse-0.3416, valid_rmse-1.2087, valid_pr-0.7584
epoch-368, train_loss-0.1125, train_rmse-0.3354, valid_rmse-1.2138, valid_pr-0.7573
epoch-369, train_loss-0.1048, train_rmse-0.3237, valid_rmse-1.2125, valid_pr-0.7575
epoch-370, train_loss-0.1088, train_rmse-0.3299, valid_rmse-1.2184, valid_pr-0.7550
epoch-371, train_loss-0.1113, train_rmse-0.3336, valid_rmse-1.2136, valid_pr-0.7566
epoch-372, train_loss-0.1070, train_rmse-0.3272, valid_rmse-1.2033, valid_pr-0.7602
Validation : valid_rmse-1.2033, valid_pr-0.7602, 
test2013_rmse-1.3897, test2013_pr-0.8163, test2016_rmse-1.2508, test2016_pr-0.8244, test2019_rmse-1.4101, test2019_pr-0.6250
epoch-373, train_loss-0.1103, train_rmse-0.3322, valid_rmse-1.2055, valid_pr-0.7596
epoch-374, train_loss-0.1072, train_rmse-0.3274, valid_rmse-1.2128, valid_pr-0.7590
epoch-375, train_loss-0.1139, train_rmse-0.3374, valid_rmse-1.2076, valid_pr-0.7584
epoch-376, train_loss-0.1078, train_rmse-0.3283, valid_rmse-1.2196, valid_pr-0.7536
epoch-377, train_loss-0.1069, train_rmse-0.3269, valid_rmse-1.2113, valid_pr-0.7585
epoch-378, train_loss-0.1105, train_rmse-0.3324, valid_rmse-1.2185, valid_pr-0.7552
epoch-379, train_loss-0.1103, train_rmse-0.3322, valid_rmse-1.2119, valid_pr-0.7569
epoch-380, train_loss-0.1105, train_rmse-0.3324, valid_rmse-1.2162, valid_pr-0.7556
epoch-381, train_loss-0.1096, train_rmse-0.3311, valid_rmse-1.2167, valid_pr-0.7562
epoch-382, train_loss-0.1104, train_rmse-0.3322, valid_rmse-1.2276, valid_pr-0.7505
epoch-383, train_loss-0.1070, train_rmse-0.3271, valid_rmse-1.2138, valid_pr-0.7566
epoch-384, train_loss-0.1066, train_rmse-0.3266, valid_rmse-1.2129, valid_pr-0.7562
epoch-385, train_loss-0.1079, train_rmse-0.3285, valid_rmse-1.2039, valid_pr-0.7599
epoch-386, train_loss-0.1100, train_rmse-0.3316, valid_rmse-1.2157, valid_pr-0.7567
epoch-387, train_loss-0.1122, train_rmse-0.3350, valid_rmse-1.2226, valid_pr-0.7521
epoch-388, train_loss-0.1052, train_rmse-0.3244, valid_rmse-1.2079, valid_pr-0.7583
epoch-389, train_loss-0.1078, train_rmse-0.3283, valid_rmse-1.2140, valid_pr-0.7562
epoch-390, train_loss-0.1087, train_rmse-0.3297, valid_rmse-1.2188, valid_pr-0.7541
epoch-391, train_loss-0.1054, train_rmse-0.3246, valid_rmse-1.2204, valid_pr-0.7533
epoch-392, train_loss-0.1144, train_rmse-0.3383, valid_rmse-1.2255, valid_pr-0.7534
epoch-393, train_loss-0.1104, train_rmse-0.3323, valid_rmse-1.2182, valid_pr-0.7542
epoch-394, train_loss-0.1085, train_rmse-0.3295, valid_rmse-1.2213, valid_pr-0.7561
epoch-395, train_loss-0.1046, train_rmse-0.3234, valid_rmse-1.2100, valid_pr-0.7576
epoch-396, train_loss-0.1052, train_rmse-0.3244, valid_rmse-1.2056, valid_pr-0.7605
epoch-397, train_loss-0.1057, train_rmse-0.3251, valid_rmse-1.2124, valid_pr-0.7572
epoch-398, train_loss-0.1067, train_rmse-0.3266, valid_rmse-1.2057, valid_pr-0.7592
epoch-399, train_loss-0.1091, train_rmse-0.3303, valid_rmse-1.2096, valid_pr-0.7588
epoch-400, train_loss-0.1057, train_rmse-0.3252, valid_rmse-1.2179, valid_pr-0.7537
epoch-401, train_loss-0.1076, train_rmse-0.3280, valid_rmse-1.2158, valid_pr-0.7557
epoch-402, train_loss-0.1062, train_rmse-0.3259, valid_rmse-1.2081, valid_pr-0.7600
epoch-403, train_loss-0.1056, train_rmse-0.3249, valid_rmse-1.2129, valid_pr-0.7564
epoch-404, train_loss-0.1092, train_rmse-0.3304, valid_rmse-1.2156, valid_pr-0.7555
epoch-405, train_loss-0.1111, train_rmse-0.3333, valid_rmse-1.2199, valid_pr-0.7548
epoch-406, train_loss-0.1045, train_rmse-0.3233, valid_rmse-1.2112, valid_pr-0.7573
epoch-407, train_loss-0.1060, train_rmse-0.3256, valid_rmse-1.2113, valid_pr-0.7573
epoch-408, train_loss-0.1050, train_rmse-0.3240, valid_rmse-1.2055, valid_pr-0.7603
epoch-409, train_loss-0.1059, train_rmse-0.3255, valid_rmse-1.2195, valid_pr-0.7595
epoch-410, train_loss-0.1053, train_rmse-0.3244, valid_rmse-1.2106, valid_pr-0.7574
epoch-411, train_loss-0.1062, train_rmse-0.3259, valid_rmse-1.2136, valid_pr-0.7555
epoch-412, train_loss-0.1032, train_rmse-0.3212, valid_rmse-1.2157, valid_pr-0.7580
epoch-413, train_loss-0.1070, train_rmse-0.3271, valid_rmse-1.2123, valid_pr-0.7596
epoch-414, train_loss-0.1032, train_rmse-0.3213, valid_rmse-1.2034, valid_pr-0.7617
epoch-415, train_loss-0.1048, train_rmse-0.3238, valid_rmse-1.2113, valid_pr-0.7566
epoch-416, train_loss-0.1023, train_rmse-0.3198, valid_rmse-1.2105, valid_pr-0.7571
epoch-417, train_loss-0.0999, train_rmse-0.3161, valid_rmse-1.2120, valid_pr-0.7558
epoch-418, train_loss-0.1027, train_rmse-0.3204, valid_rmse-1.2216, valid_pr-0.7557
epoch-419, train_loss-0.1057, train_rmse-0.3252, valid_rmse-1.2090, valid_pr-0.7583
epoch-420, train_loss-0.1034, train_rmse-0.3216, valid_rmse-1.2131, valid_pr-0.7571
epoch-421, train_loss-0.1072, train_rmse-0.3274, valid_rmse-1.2098, valid_pr-0.7575
epoch-422, train_loss-0.1038, train_rmse-0.3221, valid_rmse-1.2220, valid_pr-0.7543
epoch-423, train_loss-0.1065, train_rmse-0.3264, valid_rmse-1.2088, valid_pr-0.7588
epoch-424, train_loss-0.0945, train_rmse-0.3074, valid_rmse-1.2039, valid_pr-0.7606
epoch-425, train_loss-0.0916, train_rmse-0.3027, valid_rmse-1.2141, valid_pr-0.7584
epoch-426, train_loss-0.0895, train_rmse-0.2992, valid_rmse-1.2018, valid_pr-0.7609
Validation : valid_rmse-1.2018, valid_pr-0.7609, 
test2013_rmse-1.4065, test2013_pr-0.8119, test2016_rmse-1.2625, test2016_pr-0.8210, test2019_rmse-1.3996, test2019_pr-0.6293
epoch-427, train_loss-0.0922, train_rmse-0.3037, valid_rmse-1.2057, valid_pr-0.7594
epoch-428, train_loss-0.0897, train_rmse-0.2995, valid_rmse-1.2066, valid_pr-0.7590
epoch-429, train_loss-0.0887, train_rmse-0.2978, valid_rmse-1.2035, valid_pr-0.7606
epoch-430, train_loss-0.0890, train_rmse-0.2983, valid_rmse-1.2113, valid_pr-0.7573
epoch-431, train_loss-0.0921, train_rmse-0.3034, valid_rmse-1.2114, valid_pr-0.7567
epoch-432, train_loss-0.0879, train_rmse-0.2965, valid_rmse-1.2092, valid_pr-0.7585
epoch-433, train_loss-0.0881, train_rmse-0.2968, valid_rmse-1.2099, valid_pr-0.7581
epoch-434, train_loss-0.0902, train_rmse-0.3003, valid_rmse-1.2094, valid_pr-0.7581
epoch-435, train_loss-0.0900, train_rmse-0.3001, valid_rmse-1.2104, valid_pr-0.7565
epoch-436, train_loss-0.0933, train_rmse-0.3054, valid_rmse-1.2184, valid_pr-0.7551
epoch-437, train_loss-0.0925, train_rmse-0.3041, valid_rmse-1.2107, valid_pr-0.7571
epoch-438, train_loss-0.0944, train_rmse-0.3072, valid_rmse-1.2046, valid_pr-0.7595
epoch-439, train_loss-0.0875, train_rmse-0.2958, valid_rmse-1.2181, valid_pr-0.7569
epoch-440, train_loss-0.0938, train_rmse-0.3062, valid_rmse-1.2128, valid_pr-0.7572
epoch-441, train_loss-0.0898, train_rmse-0.2997, valid_rmse-1.2128, valid_pr-0.7567
epoch-442, train_loss-0.0846, train_rmse-0.2909, valid_rmse-1.2119, valid_pr-0.7568
epoch-443, train_loss-0.0913, train_rmse-0.3022, valid_rmse-1.2151, valid_pr-0.7562
epoch-444, train_loss-0.0891, train_rmse-0.2984, valid_rmse-1.2099, valid_pr-0.7589
epoch-445, train_loss-0.0904, train_rmse-0.3007, valid_rmse-1.2132, valid_pr-0.7563
epoch-446, train_loss-0.0874, train_rmse-0.2956, valid_rmse-1.2098, valid_pr-0.7576
epoch-447, train_loss-0.0857, train_rmse-0.2927, valid_rmse-1.2117, valid_pr-0.7575
epoch-448, train_loss-0.0879, train_rmse-0.2964, valid_rmse-1.2094, valid_pr-0.7578
epoch-449, train_loss-0.0863, train_rmse-0.2938, valid_rmse-1.2132, valid_pr-0.7578
epoch-450, train_loss-0.0860, train_rmse-0.2932, valid_rmse-1.2093, valid_pr-0.7577
epoch-451, train_loss-0.0858, train_rmse-0.2929, valid_rmse-1.2132, valid_pr-0.7560
epoch-452, train_loss-0.0882, train_rmse-0.2970, valid_rmse-1.2090, valid_pr-0.7578
epoch-453, train_loss-0.0859, train_rmse-0.2931, valid_rmse-1.2085, valid_pr-0.7580
epoch-454, train_loss-0.0910, train_rmse-0.3016, valid_rmse-1.2061, valid_pr-0.7587
epoch-455, train_loss-0.0882, train_rmse-0.2970, valid_rmse-1.2069, valid_pr-0.7585
epoch-456, train_loss-0.0893, train_rmse-0.2988, valid_rmse-1.2152, valid_pr-0.7562
epoch-457, train_loss-0.0873, train_rmse-0.2955, valid_rmse-1.2074, valid_pr-0.7601
epoch-458, train_loss-0.0858, train_rmse-0.2929, valid_rmse-1.2139, valid_pr-0.7560
epoch-459, train_loss-0.0881, train_rmse-0.2969, valid_rmse-1.2142, valid_pr-0.7557
epoch-460, train_loss-0.0880, train_rmse-0.2966, valid_rmse-1.2087, valid_pr-0.7582
epoch-461, train_loss-0.0864, train_rmse-0.2939, valid_rmse-1.2125, valid_pr-0.7563
epoch-462, train_loss-0.0837, train_rmse-0.2894, valid_rmse-1.2151, valid_pr-0.7548
epoch-463, train_loss-0.0861, train_rmse-0.2934, valid_rmse-1.2106, valid_pr-0.7571
epoch-464, train_loss-0.0882, train_rmse-0.2970, valid_rmse-1.2161, valid_pr-0.7549
epoch-465, train_loss-0.0872, train_rmse-0.2952, valid_rmse-1.2113, valid_pr-0.7567
epoch-466, train_loss-0.0894, train_rmse-0.2990, valid_rmse-1.2120, valid_pr-0.7567
epoch-467, train_loss-0.0891, train_rmse-0.2984, valid_rmse-1.2148, valid_pr-0.7570
epoch-468, train_loss-0.0881, train_rmse-0.2968, valid_rmse-1.2097, valid_pr-0.7579
epoch-469, train_loss-0.0895, train_rmse-0.2991, valid_rmse-1.2131, valid_pr-0.7578
epoch-470, train_loss-0.0891, train_rmse-0.2984, valid_rmse-1.2119, valid_pr-0.7563
epoch-471, train_loss-0.0835, train_rmse-0.2889, valid_rmse-1.2060, valid_pr-0.7590
epoch-472, train_loss-0.0891, train_rmse-0.2984, valid_rmse-1.2192, valid_pr-0.7544
epoch-473, train_loss-0.0850, train_rmse-0.2916, valid_rmse-1.2092, valid_pr-0.7583
epoch-474, train_loss-0.0844, train_rmse-0.2906, valid_rmse-1.2145, valid_pr-0.7571
epoch-475, train_loss-0.0852, train_rmse-0.2919, valid_rmse-1.2080, valid_pr-0.7582
epoch-476, train_loss-0.0857, train_rmse-0.2928, valid_rmse-1.2095, valid_pr-0.7580
epoch-477, train_loss-0.0828, train_rmse-0.2877, valid_rmse-1.2177, valid_pr-0.7541
epoch-478, train_loss-0.0829, train_rmse-0.2880, valid_rmse-1.2154, valid_pr-0.7547
epoch-479, train_loss-0.0830, train_rmse-0.2881, valid_rmse-1.2101, valid_pr-0.7576
epoch-480, train_loss-0.0836, train_rmse-0.2891, valid_rmse-1.2106, valid_pr-0.7576
epoch-481, train_loss-0.0841, train_rmse-0.2900, valid_rmse-1.2104, valid_pr-0.7568
epoch-482, train_loss-0.0820, train_rmse-0.2864, valid_rmse-1.2084, valid_pr-0.7584
epoch-483, train_loss-0.0801, train_rmse-0.2831, valid_rmse-1.2103, valid_pr-0.7575
epoch-484, train_loss-0.0807, train_rmse-0.2840, valid_rmse-1.2060, valid_pr-0.7590
epoch-485, train_loss-0.0811, train_rmse-0.2848, valid_rmse-1.2106, valid_pr-0.7569
epoch-486, train_loss-0.0810, train_rmse-0.2847, valid_rmse-1.2100, valid_pr-0.7572
epoch-487, train_loss-0.0818, train_rmse-0.2861, valid_rmse-1.2097, valid_pr-0.7582
epoch-488, train_loss-0.0824, train_rmse-0.2871, valid_rmse-1.2082, valid_pr-0.7579
epoch-489, train_loss-0.0809, train_rmse-0.2844, valid_rmse-1.2089, valid_pr-0.7582
epoch-490, train_loss-0.0812, train_rmse-0.2849, valid_rmse-1.2125, valid_pr-0.7563
epoch-491, train_loss-0.0810, train_rmse-0.2847, valid_rmse-1.2141, valid_pr-0.7555
epoch-492, train_loss-0.0802, train_rmse-0.2833, valid_rmse-1.2128, valid_pr-0.7577
epoch-493, train_loss-0.0781, train_rmse-0.2794, valid_rmse-1.2124, valid_pr-0.7568
epoch-494, train_loss-0.0785, train_rmse-0.2803, valid_rmse-1.2124, valid_pr-0.7564
epoch-495, train_loss-0.0791, train_rmse-0.2812, valid_rmse-1.2119, valid_pr-0.7564
epoch-496, train_loss-0.0794, train_rmse-0.2817, valid_rmse-1.2136, valid_pr-0.7556
epoch-497, train_loss-0.0784, train_rmse-0.2800, valid_rmse-1.2141, valid_pr-0.7562
epoch-498, train_loss-0.0795, train_rmse-0.2820, valid_rmse-1.2163, valid_pr-0.7559
epoch-499, train_loss-0.0799, train_rmse-0.2826, valid_rmse-1.2161, valid_pr-0.7550
epoch-500, train_loss-0.0803, train_rmse-0.2834, valid_rmse-1.2156, valid_pr-0.7557
epoch-501, train_loss-0.0829, train_rmse-0.2880, valid_rmse-1.2122, valid_pr-0.7566
epoch-502, train_loss-0.0804, train_rmse-0.2836, valid_rmse-1.2133, valid_pr-0.7561
epoch-503, train_loss-0.0828, train_rmse-0.2878, valid_rmse-1.2135, valid_pr-0.7561
epoch-504, train_loss-0.0810, train_rmse-0.2847, valid_rmse-1.2148, valid_pr-0.7554
epoch-505, train_loss-0.0789, train_rmse-0.2810, valid_rmse-1.2075, valid_pr-0.7589
epoch-506, train_loss-0.0796, train_rmse-0.2821, valid_rmse-1.2090, valid_pr-0.7580
epoch-507, train_loss-0.0772, train_rmse-0.2778, valid_rmse-1.2111, valid_pr-0.7568
epoch-508, train_loss-0.0804, train_rmse-0.2836, valid_rmse-1.2130, valid_pr-0.7560
epoch-509, train_loss-0.0800, train_rmse-0.2828, valid_rmse-1.2117, valid_pr-0.7563
epoch-510, train_loss-0.0798, train_rmse-0.2825, valid_rmse-1.2076, valid_pr-0.7590
epoch-511, train_loss-0.0806, train_rmse-0.2839, valid_rmse-1.2088, valid_pr-0.7574
epoch-512, train_loss-0.0773, train_rmse-0.2781, valid_rmse-1.2108, valid_pr-0.7567
epoch-513, train_loss-0.0774, train_rmse-0.2781, valid_rmse-1.2096, valid_pr-0.7581
epoch-514, train_loss-0.0776, train_rmse-0.2785, valid_rmse-1.2123, valid_pr-0.7567
epoch-515, train_loss-0.0794, train_rmse-0.2818, valid_rmse-1.2118, valid_pr-0.7569
epoch-516, train_loss-0.0761, train_rmse-0.2758, valid_rmse-1.2122, valid_pr-0.7559
epoch-517, train_loss-0.0777, train_rmse-0.2788, valid_rmse-1.2125, valid_pr-0.7564
epoch-518, train_loss-0.0788, train_rmse-0.2806, valid_rmse-1.2161, valid_pr-0.7555
epoch-519, train_loss-0.0788, train_rmse-0.2808, valid_rmse-1.2095, valid_pr-0.7579
epoch-520, train_loss-0.0794, train_rmse-0.2818, valid_rmse-1.2108, valid_pr-0.7572
epoch-521, train_loss-0.0779, train_rmse-0.2791, valid_rmse-1.2105, valid_pr-0.7574
epoch-522, train_loss-0.0760, train_rmse-0.2757, valid_rmse-1.2161, valid_pr-0.7542
epoch-523, train_loss-0.0806, train_rmse-0.2839, valid_rmse-1.2111, valid_pr-0.7565
epoch-524, train_loss-0.0780, train_rmse-0.2792, valid_rmse-1.2100, valid_pr-0.7575
epoch-525, train_loss-0.0785, train_rmse-0.2803, valid_rmse-1.2103, valid_pr-0.7576
epoch-526, train_loss-0.0812, train_rmse-0.2849, valid_rmse-1.2127, valid_pr-0.7558
epoch-527, train_loss-0.0775, train_rmse-0.2784, valid_rmse-1.2123, valid_pr-0.7569
early stop in epoch 527
best_rmse: 1.2018
valid_rmse-1.2018, valid_pr-0.7609, test2013_rmse-1.4065, test2013_pr-0.8119, test2016_rmse-1.2625, test2016_pr-0.8210, test2019_rmse-1.3996, test2019_pr-0.6293
