ASD, lr=0.001, seed=933
train_ASD.py
train data: 11904
valid data: 1000
test2013 data: 107
test2016 data: 285
test2019 data: 4366
GIGN params # : 42663002
epoch-0, train_loss-5.6874, train_rmse-2.3848, valid_rmse-1.8993, valid_pr-0.2451
Validation : valid_rmse-1.8993, valid_pr-0.2451, 
test2013_rmse-2.2655, test2013_pr-0.2790, test2016_rmse-2.1198, test2016_pr-0.2819, test2019_rmse-1.9375, test2019_pr-0.1741
epoch-1, train_loss-3.4254, train_rmse-1.8508, valid_rmse-1.8554, valid_pr-0.3195
Validation : valid_rmse-1.8554, valid_pr-0.3195, 
test2013_rmse-2.3626, test2013_pr-0.2238, test2016_rmse-2.0980, test2016_pr-0.3585, test2019_rmse-1.8355, test2019_pr-0.2592
epoch-2, train_loss-3.1865, train_rmse-1.7851, valid_rmse-1.7812, valid_pr-0.3481
Validation : valid_rmse-1.7812, valid_pr-0.3481, 
test2013_rmse-2.1261, test2013_pr-0.4090, test2016_rmse-1.9381, test2016_pr-0.4637, test2019_rmse-1.6980, test2019_pr-0.3680
epoch-3, train_loss-2.9621, train_rmse-1.7211, valid_rmse-1.7354, valid_pr-0.3991
Validation : valid_rmse-1.7354, valid_pr-0.3991, 
test2013_rmse-2.1637, test2013_pr-0.3936, test2016_rmse-1.8827, test2016_pr-0.5042, test2019_rmse-1.7144, test2019_pr-0.3708
epoch-4, train_loss-2.9312, train_rmse-1.7121, valid_rmse-1.6741, valid_pr-0.4523
Validation : valid_rmse-1.6741, valid_pr-0.4523, 
test2013_rmse-2.1358, test2013_pr-0.4150, test2016_rmse-1.8965, test2016_pr-0.4970, test2019_rmse-1.6630, test2019_pr-0.3971
epoch-5, train_loss-2.7518, train_rmse-1.6588, valid_rmse-1.6514, valid_pr-0.4653
Validation : valid_rmse-1.6514, valid_pr-0.4653, 
test2013_rmse-2.0558, test2013_pr-0.4747, test2016_rmse-1.8456, test2016_pr-0.5303, test2019_rmse-1.6670, test2019_pr-0.3978
epoch-6, train_loss-2.7812, train_rmse-1.6677, valid_rmse-1.7874, valid_pr-0.4278
epoch-7, train_loss-2.6861, train_rmse-1.6389, valid_rmse-1.8407, valid_pr-0.4210
epoch-8, train_loss-2.6128, train_rmse-1.6164, valid_rmse-1.6980, valid_pr-0.4305
epoch-9, train_loss-2.5650, train_rmse-1.6016, valid_rmse-1.6101, valid_pr-0.4939
Validation : valid_rmse-1.6101, valid_pr-0.4939, 
test2013_rmse-2.0818, test2013_pr-0.4456, test2016_rmse-1.8492, test2016_pr-0.5240, test2019_rmse-1.6167, test2019_pr-0.4424
epoch-10, train_loss-2.5333, train_rmse-1.5916, valid_rmse-1.6168, valid_pr-0.4927
epoch-11, train_loss-2.4248, train_rmse-1.5572, valid_rmse-1.6336, valid_pr-0.4897
epoch-12, train_loss-2.3270, train_rmse-1.5255, valid_rmse-1.6179, valid_pr-0.5032
epoch-13, train_loss-2.3217, train_rmse-1.5237, valid_rmse-1.5970, valid_pr-0.5323
Validation : valid_rmse-1.5970, valid_pr-0.5323, 
test2013_rmse-1.9738, test2013_pr-0.5392, test2016_rmse-1.7524, test2016_pr-0.5981, test2019_rmse-1.6564, test2019_pr-0.4480
epoch-14, train_loss-2.3108, train_rmse-1.5201, valid_rmse-1.6486, valid_pr-0.4727
epoch-15, train_loss-2.2845, train_rmse-1.5115, valid_rmse-1.5741, valid_pr-0.5276
Validation : valid_rmse-1.5741, valid_pr-0.5276, 
test2013_rmse-1.8822, test2013_pr-0.5915, test2016_rmse-1.7100, test2016_pr-0.6186, test2019_rmse-1.5963, test2019_pr-0.4679
epoch-16, train_loss-2.2259, train_rmse-1.4919, valid_rmse-1.5467, valid_pr-0.5521
Validation : valid_rmse-1.5467, valid_pr-0.5521, 
test2013_rmse-1.9030, test2013_pr-0.5742, test2016_rmse-1.6802, test2016_pr-0.6341, test2019_rmse-1.6425, test2019_pr-0.4357
epoch-17, train_loss-2.1903, train_rmse-1.4800, valid_rmse-1.5877, valid_pr-0.5307
epoch-18, train_loss-2.2283, train_rmse-1.4927, valid_rmse-1.5325, valid_pr-0.5679
Validation : valid_rmse-1.5325, valid_pr-0.5679, 
test2013_rmse-1.9970, test2013_pr-0.5137, test2016_rmse-1.7266, test2016_pr-0.6074, test2019_rmse-1.6212, test2019_pr-0.4641
epoch-19, train_loss-2.1865, train_rmse-1.4787, valid_rmse-1.5352, valid_pr-0.5595
epoch-20, train_loss-2.1560, train_rmse-1.4683, valid_rmse-1.5423, valid_pr-0.5652
epoch-21, train_loss-2.1402, train_rmse-1.4629, valid_rmse-1.5771, valid_pr-0.5594
epoch-22, train_loss-2.1643, train_rmse-1.4711, valid_rmse-1.6116, valid_pr-0.5176
epoch-23, train_loss-2.0585, train_rmse-1.4347, valid_rmse-1.4929, valid_pr-0.5916
Validation : valid_rmse-1.4929, valid_pr-0.5916, 
test2013_rmse-1.8069, test2013_pr-0.6435, test2016_rmse-1.6371, test2016_pr-0.6646, test2019_rmse-1.5964, test2019_pr-0.4676
epoch-24, train_loss-2.0006, train_rmse-1.4144, valid_rmse-1.5514, valid_pr-0.5676
epoch-25, train_loss-2.0438, train_rmse-1.4296, valid_rmse-1.5182, valid_pr-0.5818
epoch-26, train_loss-2.0470, train_rmse-1.4308, valid_rmse-1.5920, valid_pr-0.5638
epoch-27, train_loss-2.0096, train_rmse-1.4176, valid_rmse-1.5767, valid_pr-0.5674
epoch-28, train_loss-1.9844, train_rmse-1.4087, valid_rmse-1.5659, valid_pr-0.5674
epoch-29, train_loss-1.9837, train_rmse-1.4084, valid_rmse-1.4768, valid_pr-0.6062
Validation : valid_rmse-1.4768, valid_pr-0.6062, 
test2013_rmse-1.7882, test2013_pr-0.6521, test2016_rmse-1.6006, test2016_pr-0.6842, test2019_rmse-1.5466, test2019_pr-0.5119
epoch-30, train_loss-1.9071, train_rmse-1.3810, valid_rmse-1.5423, valid_pr-0.5674
epoch-31, train_loss-1.8838, train_rmse-1.3725, valid_rmse-1.5804, valid_pr-0.5612
epoch-32, train_loss-1.8942, train_rmse-1.3763, valid_rmse-1.5354, valid_pr-0.5768
epoch-33, train_loss-1.8832, train_rmse-1.3723, valid_rmse-1.5449, valid_pr-0.5634
epoch-34, train_loss-1.8165, train_rmse-1.3478, valid_rmse-1.4661, valid_pr-0.6260
Validation : valid_rmse-1.4661, valid_pr-0.6260, 
test2013_rmse-1.8215, test2013_pr-0.6239, test2016_rmse-1.5772, test2016_pr-0.6894, test2019_rmse-1.5994, test2019_pr-0.4979
epoch-35, train_loss-1.7687, train_rmse-1.3299, valid_rmse-1.4812, valid_pr-0.6114
epoch-36, train_loss-1.7293, train_rmse-1.3150, valid_rmse-1.5258, valid_pr-0.5959
epoch-37, train_loss-1.6998, train_rmse-1.3037, valid_rmse-1.4468, valid_pr-0.6299
Validation : valid_rmse-1.4468, valid_pr-0.6299, 
test2013_rmse-1.6565, test2013_pr-0.7135, test2016_rmse-1.5112, test2016_pr-0.7232, test2019_rmse-1.5678, test2019_pr-0.5160
epoch-38, train_loss-1.7003, train_rmse-1.3039, valid_rmse-1.4706, valid_pr-0.6195
epoch-39, train_loss-1.7365, train_rmse-1.3178, valid_rmse-1.5065, valid_pr-0.5972
epoch-40, train_loss-1.6651, train_rmse-1.2904, valid_rmse-1.5402, valid_pr-0.5906
epoch-41, train_loss-1.6601, train_rmse-1.2884, valid_rmse-1.5032, valid_pr-0.5988
epoch-42, train_loss-1.6764, train_rmse-1.2947, valid_rmse-1.4371, valid_pr-0.6344
Validation : valid_rmse-1.4371, valid_pr-0.6344, 
test2013_rmse-1.6448, test2013_pr-0.7169, test2016_rmse-1.5171, test2016_pr-0.7177, test2019_rmse-1.5516, test2019_pr-0.5228
epoch-43, train_loss-1.6358, train_rmse-1.2790, valid_rmse-1.5747, valid_pr-0.6104
epoch-44, train_loss-1.6265, train_rmse-1.2754, valid_rmse-1.5061, valid_pr-0.6356
epoch-45, train_loss-1.5923, train_rmse-1.2618, valid_rmse-1.4451, valid_pr-0.6292
epoch-46, train_loss-1.6126, train_rmse-1.2699, valid_rmse-1.4432, valid_pr-0.6332
epoch-47, train_loss-1.6120, train_rmse-1.2697, valid_rmse-1.4207, valid_pr-0.6531
Validation : valid_rmse-1.4207, valid_pr-0.6531, 
test2013_rmse-1.6072, test2013_pr-0.7351, test2016_rmse-1.5036, test2016_pr-0.7287, test2019_rmse-1.5287, test2019_pr-0.5431
epoch-48, train_loss-1.5135, train_rmse-1.2302, valid_rmse-1.5150, valid_pr-0.6053
epoch-49, train_loss-1.5424, train_rmse-1.2419, valid_rmse-1.4393, valid_pr-0.6331
epoch-50, train_loss-1.5380, train_rmse-1.2402, valid_rmse-1.4492, valid_pr-0.6397
epoch-51, train_loss-1.5149, train_rmse-1.2308, valid_rmse-1.3963, valid_pr-0.6586
Validation : valid_rmse-1.3963, valid_pr-0.6586, 
test2013_rmse-1.5417, test2013_pr-0.7774, test2016_rmse-1.4612, test2016_pr-0.7495, test2019_rmse-1.5357, test2019_pr-0.5344
epoch-52, train_loss-1.4955, train_rmse-1.2229, valid_rmse-1.4262, valid_pr-0.6476
epoch-53, train_loss-1.4995, train_rmse-1.2245, valid_rmse-1.4955, valid_pr-0.6589
epoch-54, train_loss-1.4895, train_rmse-1.2204, valid_rmse-1.4356, valid_pr-0.6478
epoch-55, train_loss-1.4144, train_rmse-1.1893, valid_rmse-1.4155, valid_pr-0.6562
epoch-56, train_loss-1.4091, train_rmse-1.1871, valid_rmse-1.4257, valid_pr-0.6586
epoch-57, train_loss-1.4065, train_rmse-1.1860, valid_rmse-1.4121, valid_pr-0.6539
epoch-58, train_loss-1.4019, train_rmse-1.1840, valid_rmse-1.4337, valid_pr-0.6469
epoch-59, train_loss-1.3977, train_rmse-1.1822, valid_rmse-1.4481, valid_pr-0.6477
epoch-60, train_loss-1.3833, train_rmse-1.1761, valid_rmse-1.4221, valid_pr-0.6486
epoch-61, train_loss-1.3834, train_rmse-1.1762, valid_rmse-1.4514, valid_pr-0.6359
epoch-62, train_loss-1.3263, train_rmse-1.1516, valid_rmse-1.4001, valid_pr-0.6651
epoch-63, train_loss-1.3410, train_rmse-1.1580, valid_rmse-1.4292, valid_pr-0.6490
epoch-64, train_loss-1.2896, train_rmse-1.1356, valid_rmse-1.4077, valid_pr-0.6661
epoch-65, train_loss-1.2687, train_rmse-1.1264, valid_rmse-1.4548, valid_pr-0.6445
epoch-66, train_loss-1.3441, train_rmse-1.1593, valid_rmse-1.4698, valid_pr-0.6333
epoch-67, train_loss-1.2694, train_rmse-1.1267, valid_rmse-1.4284, valid_pr-0.6534
epoch-68, train_loss-1.2627, train_rmse-1.1237, valid_rmse-1.4486, valid_pr-0.6494
epoch-69, train_loss-1.2191, train_rmse-1.1041, valid_rmse-1.4436, valid_pr-0.6693
epoch-70, train_loss-1.1707, train_rmse-1.0820, valid_rmse-1.3785, valid_pr-0.6783
Validation : valid_rmse-1.3785, valid_pr-0.6783, 
test2013_rmse-1.5674, test2013_pr-0.7467, test2016_rmse-1.5084, test2016_pr-0.7284, test2019_rmse-1.5611, test2019_pr-0.5373
epoch-71, train_loss-1.1529, train_rmse-1.0737, valid_rmse-1.4295, valid_pr-0.6588
epoch-72, train_loss-1.1855, train_rmse-1.0888, valid_rmse-1.4184, valid_pr-0.6644
epoch-73, train_loss-1.1619, train_rmse-1.0779, valid_rmse-1.4365, valid_pr-0.6490
epoch-74, train_loss-1.1761, train_rmse-1.0845, valid_rmse-1.4011, valid_pr-0.6636
epoch-75, train_loss-1.1638, train_rmse-1.0788, valid_rmse-1.4249, valid_pr-0.6564
epoch-76, train_loss-1.1793, train_rmse-1.0860, valid_rmse-1.4608, valid_pr-0.6435
epoch-77, train_loss-1.1606, train_rmse-1.0773, valid_rmse-1.4863, valid_pr-0.6232
epoch-78, train_loss-1.1681, train_rmse-1.0808, valid_rmse-1.4219, valid_pr-0.6563
epoch-79, train_loss-1.1032, train_rmse-1.0503, valid_rmse-1.4288, valid_pr-0.6702
epoch-80, train_loss-1.1127, train_rmse-1.0548, valid_rmse-1.4796, valid_pr-0.6378
epoch-81, train_loss-1.1132, train_rmse-1.0551, valid_rmse-1.4523, valid_pr-0.6511
epoch-82, train_loss-1.0598, train_rmse-1.0295, valid_rmse-1.4505, valid_pr-0.6614
epoch-83, train_loss-1.0923, train_rmse-1.0451, valid_rmse-1.4421, valid_pr-0.6500
epoch-84, train_loss-1.0937, train_rmse-1.0458, valid_rmse-1.4732, valid_pr-0.6354
epoch-85, train_loss-1.0446, train_rmse-1.0221, valid_rmse-1.4267, valid_pr-0.6650
epoch-86, train_loss-1.0291, train_rmse-1.0144, valid_rmse-1.4298, valid_pr-0.6523
epoch-87, train_loss-1.0167, train_rmse-1.0083, valid_rmse-1.4270, valid_pr-0.6646
epoch-88, train_loss-0.9974, train_rmse-0.9987, valid_rmse-1.4263, valid_pr-0.6634
epoch-89, train_loss-0.9696, train_rmse-0.9847, valid_rmse-1.4286, valid_pr-0.6565
epoch-90, train_loss-0.9785, train_rmse-0.9892, valid_rmse-1.3950, valid_pr-0.6753
epoch-91, train_loss-0.9763, train_rmse-0.9881, valid_rmse-1.4725, valid_pr-0.6368
epoch-92, train_loss-0.9780, train_rmse-0.9890, valid_rmse-1.4185, valid_pr-0.6597
epoch-93, train_loss-0.9939, train_rmse-0.9970, valid_rmse-1.3798, valid_pr-0.6781
epoch-94, train_loss-0.9239, train_rmse-0.9612, valid_rmse-1.3993, valid_pr-0.6745
epoch-95, train_loss-0.9184, train_rmse-0.9583, valid_rmse-1.4302, valid_pr-0.6572
epoch-96, train_loss-0.9184, train_rmse-0.9583, valid_rmse-1.4177, valid_pr-0.6540
epoch-97, train_loss-0.9444, train_rmse-0.9718, valid_rmse-1.4782, valid_pr-0.6576
epoch-98, train_loss-0.9110, train_rmse-0.9545, valid_rmse-1.3663, valid_pr-0.6853
Validation : valid_rmse-1.3663, valid_pr-0.6853, 
test2013_rmse-1.5323, test2013_pr-0.7616, test2016_rmse-1.4700, test2016_pr-0.7398, test2019_rmse-1.5426, test2019_pr-0.5483
epoch-99, train_loss-0.8715, train_rmse-0.9335, valid_rmse-1.4045, valid_pr-0.6674
epoch-100, train_loss-0.8820, train_rmse-0.9391, valid_rmse-1.4082, valid_pr-0.6657
epoch-101, train_loss-0.8479, train_rmse-0.9208, valid_rmse-1.4503, valid_pr-0.6823
epoch-102, train_loss-0.8644, train_rmse-0.9297, valid_rmse-1.4092, valid_pr-0.6682
epoch-103, train_loss-0.8691, train_rmse-0.9322, valid_rmse-1.4117, valid_pr-0.6676
epoch-104, train_loss-0.8635, train_rmse-0.9292, valid_rmse-1.4189, valid_pr-0.6640
epoch-105, train_loss-0.8420, train_rmse-0.9176, valid_rmse-1.4267, valid_pr-0.6640
epoch-106, train_loss-0.8631, train_rmse-0.9290, valid_rmse-1.3732, valid_pr-0.6882
epoch-107, train_loss-0.8493, train_rmse-0.9216, valid_rmse-1.4065, valid_pr-0.6746
epoch-108, train_loss-0.8194, train_rmse-0.9052, valid_rmse-1.3898, valid_pr-0.6834
epoch-109, train_loss-0.8088, train_rmse-0.8994, valid_rmse-1.3924, valid_pr-0.6755
epoch-110, train_loss-0.7845, train_rmse-0.8857, valid_rmse-1.4198, valid_pr-0.6584
epoch-111, train_loss-0.8139, train_rmse-0.9022, valid_rmse-1.4168, valid_pr-0.6753
epoch-112, train_loss-0.7897, train_rmse-0.8886, valid_rmse-1.4127, valid_pr-0.6765
epoch-113, train_loss-0.7736, train_rmse-0.8796, valid_rmse-1.3777, valid_pr-0.6901
epoch-114, train_loss-0.7546, train_rmse-0.8687, valid_rmse-1.4126, valid_pr-0.6698
epoch-115, train_loss-0.7780, train_rmse-0.8820, valid_rmse-1.4008, valid_pr-0.6720
epoch-116, train_loss-0.7742, train_rmse-0.8799, valid_rmse-1.3855, valid_pr-0.6818
epoch-117, train_loss-0.7375, train_rmse-0.8588, valid_rmse-1.4034, valid_pr-0.6749
epoch-118, train_loss-0.7265, train_rmse-0.8524, valid_rmse-1.3724, valid_pr-0.6860
epoch-119, train_loss-0.6762, train_rmse-0.8223, valid_rmse-1.4074, valid_pr-0.6855
epoch-120, train_loss-0.7236, train_rmse-0.8506, valid_rmse-1.4626, valid_pr-0.6488
epoch-121, train_loss-0.7041, train_rmse-0.8391, valid_rmse-1.3915, valid_pr-0.6770
epoch-122, train_loss-0.6589, train_rmse-0.8118, valid_rmse-1.4069, valid_pr-0.6672
epoch-123, train_loss-0.6834, train_rmse-0.8267, valid_rmse-1.3937, valid_pr-0.6769
epoch-124, train_loss-0.6959, train_rmse-0.8342, valid_rmse-1.4069, valid_pr-0.6874
epoch-125, train_loss-0.6830, train_rmse-0.8264, valid_rmse-1.4086, valid_pr-0.6908
epoch-126, train_loss-0.6961, train_rmse-0.8344, valid_rmse-1.3569, valid_pr-0.7033
Validation : valid_rmse-1.3569, valid_pr-0.7033, 
test2013_rmse-1.5006, test2013_pr-0.7887, test2016_rmse-1.3935, test2016_pr-0.7795, test2019_rmse-1.5718, test2019_pr-0.5448
epoch-127, train_loss-0.6646, train_rmse-0.8152, valid_rmse-1.3911, valid_pr-0.6884
epoch-128, train_loss-0.6548, train_rmse-0.8092, valid_rmse-1.4286, valid_pr-0.6763
epoch-129, train_loss-0.6817, train_rmse-0.8257, valid_rmse-1.3959, valid_pr-0.6883
epoch-130, train_loss-0.6725, train_rmse-0.8200, valid_rmse-1.4208, valid_pr-0.6704
epoch-131, train_loss-0.6707, train_rmse-0.8189, valid_rmse-1.4327, valid_pr-0.6711
epoch-132, train_loss-0.6501, train_rmse-0.8063, valid_rmse-1.3793, valid_pr-0.6920
epoch-133, train_loss-0.6059, train_rmse-0.7784, valid_rmse-1.4168, valid_pr-0.6673
epoch-134, train_loss-0.6536, train_rmse-0.8085, valid_rmse-1.3734, valid_pr-0.6847
epoch-135, train_loss-0.6378, train_rmse-0.7986, valid_rmse-1.3869, valid_pr-0.6902
epoch-136, train_loss-0.6031, train_rmse-0.7766, valid_rmse-1.4286, valid_pr-0.6562
epoch-137, train_loss-0.6274, train_rmse-0.7921, valid_rmse-1.4036, valid_pr-0.6741
epoch-138, train_loss-0.5947, train_rmse-0.7712, valid_rmse-1.3738, valid_pr-0.6926
epoch-139, train_loss-0.5825, train_rmse-0.7632, valid_rmse-1.3816, valid_pr-0.6864
epoch-140, train_loss-0.5786, train_rmse-0.7607, valid_rmse-1.4083, valid_pr-0.6808
epoch-141, train_loss-0.5887, train_rmse-0.7673, valid_rmse-1.4050, valid_pr-0.6772
epoch-142, train_loss-0.5469, train_rmse-0.7395, valid_rmse-1.4791, valid_pr-0.6574
epoch-143, train_loss-0.5543, train_rmse-0.7445, valid_rmse-1.4063, valid_pr-0.6725
epoch-144, train_loss-0.5514, train_rmse-0.7425, valid_rmse-1.3712, valid_pr-0.6910
epoch-145, train_loss-0.5567, train_rmse-0.7461, valid_rmse-1.4242, valid_pr-0.6682
epoch-146, train_loss-0.5633, train_rmse-0.7506, valid_rmse-1.4381, valid_pr-0.6670
epoch-147, train_loss-0.5954, train_rmse-0.7716, valid_rmse-1.3879, valid_pr-0.6886
epoch-148, train_loss-0.5677, train_rmse-0.7535, valid_rmse-1.3950, valid_pr-0.6766
epoch-149, train_loss-0.5463, train_rmse-0.7391, valid_rmse-1.4303, valid_pr-0.6642
epoch-150, train_loss-0.5403, train_rmse-0.7350, valid_rmse-1.3673, valid_pr-0.6929
epoch-151, train_loss-0.5627, train_rmse-0.7501, valid_rmse-1.4417, valid_pr-0.6719
epoch-152, train_loss-0.5365, train_rmse-0.7325, valid_rmse-1.4051, valid_pr-0.6807
epoch-153, train_loss-0.5148, train_rmse-0.7175, valid_rmse-1.3741, valid_pr-0.6902
epoch-154, train_loss-0.5536, train_rmse-0.7440, valid_rmse-1.3944, valid_pr-0.6790
epoch-155, train_loss-0.5605, train_rmse-0.7487, valid_rmse-1.3721, valid_pr-0.6897
epoch-156, train_loss-0.5306, train_rmse-0.7284, valid_rmse-1.4052, valid_pr-0.6820
epoch-157, train_loss-0.5245, train_rmse-0.7242, valid_rmse-1.3928, valid_pr-0.6861
epoch-158, train_loss-0.4843, train_rmse-0.6959, valid_rmse-1.3906, valid_pr-0.6831
epoch-159, train_loss-0.5145, train_rmse-0.7173, valid_rmse-1.3771, valid_pr-0.6860
epoch-160, train_loss-0.5242, train_rmse-0.7240, valid_rmse-1.3666, valid_pr-0.6916
epoch-161, train_loss-0.5569, train_rmse-0.7462, valid_rmse-1.4053, valid_pr-0.6799
epoch-162, train_loss-0.4975, train_rmse-0.7054, valid_rmse-1.3554, valid_pr-0.7059
Validation : valid_rmse-1.3554, valid_pr-0.7059, 
test2013_rmse-1.4676, test2013_pr-0.7815, test2016_rmse-1.4284, test2016_pr-0.7535, test2019_rmse-1.5651, test2019_pr-0.5625
epoch-163, train_loss-0.4661, train_rmse-0.6827, valid_rmse-1.3726, valid_pr-0.6904
epoch-164, train_loss-0.4420, train_rmse-0.6648, valid_rmse-1.3948, valid_pr-0.6808
epoch-165, train_loss-0.4449, train_rmse-0.6670, valid_rmse-1.3786, valid_pr-0.6880
epoch-166, train_loss-0.4664, train_rmse-0.6830, valid_rmse-1.4163, valid_pr-0.6771
epoch-167, train_loss-0.4544, train_rmse-0.6741, valid_rmse-1.4013, valid_pr-0.6731
epoch-168, train_loss-0.4416, train_rmse-0.6645, valid_rmse-1.3630, valid_pr-0.6951
epoch-169, train_loss-0.4636, train_rmse-0.6809, valid_rmse-1.4061, valid_pr-0.6771
epoch-170, train_loss-0.5204, train_rmse-0.7214, valid_rmse-1.4033, valid_pr-0.6765
epoch-171, train_loss-0.4755, train_rmse-0.6895, valid_rmse-1.4261, valid_pr-0.6759
epoch-172, train_loss-0.4616, train_rmse-0.6794, valid_rmse-1.4200, valid_pr-0.6824
epoch-173, train_loss-0.4722, train_rmse-0.6872, valid_rmse-1.4320, valid_pr-0.6630
epoch-174, train_loss-0.4319, train_rmse-0.6572, valid_rmse-1.4136, valid_pr-0.6808
epoch-175, train_loss-0.4220, train_rmse-0.6496, valid_rmse-1.3717, valid_pr-0.6926
epoch-176, train_loss-0.4334, train_rmse-0.6583, valid_rmse-1.4219, valid_pr-0.6640
epoch-177, train_loss-0.4611, train_rmse-0.6790, valid_rmse-1.3765, valid_pr-0.6899
epoch-178, train_loss-0.4707, train_rmse-0.6860, valid_rmse-1.4473, valid_pr-0.6738
epoch-179, train_loss-0.4412, train_rmse-0.6642, valid_rmse-1.4325, valid_pr-0.6729
epoch-180, train_loss-0.4440, train_rmse-0.6664, valid_rmse-1.4595, valid_pr-0.6701
epoch-181, train_loss-0.4277, train_rmse-0.6540, valid_rmse-1.4080, valid_pr-0.6803
epoch-182, train_loss-0.4224, train_rmse-0.6499, valid_rmse-1.4073, valid_pr-0.6793
epoch-183, train_loss-0.4410, train_rmse-0.6640, valid_rmse-1.3802, valid_pr-0.6814
epoch-184, train_loss-0.4205, train_rmse-0.6484, valid_rmse-1.3818, valid_pr-0.6861
epoch-185, train_loss-0.4521, train_rmse-0.6724, valid_rmse-1.4111, valid_pr-0.6935
epoch-186, train_loss-0.4215, train_rmse-0.6492, valid_rmse-1.3576, valid_pr-0.6974
epoch-187, train_loss-0.4146, train_rmse-0.6439, valid_rmse-1.3859, valid_pr-0.6891
epoch-188, train_loss-0.4135, train_rmse-0.6430, valid_rmse-1.3856, valid_pr-0.6947
epoch-189, train_loss-0.3981, train_rmse-0.6310, valid_rmse-1.3639, valid_pr-0.6977
epoch-190, train_loss-0.3977, train_rmse-0.6306, valid_rmse-1.4136, valid_pr-0.6908
epoch-191, train_loss-0.4108, train_rmse-0.6409, valid_rmse-1.3846, valid_pr-0.6956
epoch-192, train_loss-0.4226, train_rmse-0.6501, valid_rmse-1.3848, valid_pr-0.6901
epoch-193, train_loss-0.4089, train_rmse-0.6395, valid_rmse-1.3927, valid_pr-0.6886
epoch-194, train_loss-0.3957, train_rmse-0.6290, valid_rmse-1.3746, valid_pr-0.6957
epoch-195, train_loss-0.3709, train_rmse-0.6090, valid_rmse-1.3947, valid_pr-0.6877
epoch-196, train_loss-0.4221, train_rmse-0.6497, valid_rmse-1.3514, valid_pr-0.7024
Validation : valid_rmse-1.3514, valid_pr-0.7024, 
test2013_rmse-1.4637, test2013_pr-0.7855, test2016_rmse-1.4155, test2016_pr-0.7596, test2019_rmse-1.5436, test2019_pr-0.5590
epoch-197, train_loss-0.3936, train_rmse-0.6274, valid_rmse-1.3684, valid_pr-0.6976
epoch-198, train_loss-0.3820, train_rmse-0.6181, valid_rmse-1.4259, valid_pr-0.6770
epoch-199, train_loss-0.3625, train_rmse-0.6021, valid_rmse-1.3633, valid_pr-0.6912
epoch-200, train_loss-0.3601, train_rmse-0.6001, valid_rmse-1.3740, valid_pr-0.6929
epoch-201, train_loss-0.3623, train_rmse-0.6019, valid_rmse-1.4065, valid_pr-0.6818
epoch-202, train_loss-0.3565, train_rmse-0.5971, valid_rmse-1.3930, valid_pr-0.6923
epoch-203, train_loss-0.3639, train_rmse-0.6032, valid_rmse-1.4229, valid_pr-0.6695
epoch-204, train_loss-0.3781, train_rmse-0.6149, valid_rmse-1.4016, valid_pr-0.6804
epoch-205, train_loss-0.3716, train_rmse-0.6096, valid_rmse-1.3658, valid_pr-0.6920
epoch-206, train_loss-0.3642, train_rmse-0.6035, valid_rmse-1.3865, valid_pr-0.6931
epoch-207, train_loss-0.3669, train_rmse-0.6058, valid_rmse-1.4245, valid_pr-0.6710
epoch-208, train_loss-0.3286, train_rmse-0.5733, valid_rmse-1.3882, valid_pr-0.6864
epoch-209, train_loss-0.3555, train_rmse-0.5963, valid_rmse-1.3937, valid_pr-0.6986
epoch-210, train_loss-0.3406, train_rmse-0.5836, valid_rmse-1.3727, valid_pr-0.6898
epoch-211, train_loss-0.3388, train_rmse-0.5821, valid_rmse-1.3884, valid_pr-0.6891
epoch-212, train_loss-0.3262, train_rmse-0.5712, valid_rmse-1.3856, valid_pr-0.6926
epoch-213, train_loss-0.3616, train_rmse-0.6014, valid_rmse-1.3933, valid_pr-0.6924
epoch-214, train_loss-0.3351, train_rmse-0.5789, valid_rmse-1.3778, valid_pr-0.6962
epoch-215, train_loss-0.3273, train_rmse-0.5721, valid_rmse-1.3930, valid_pr-0.6771
epoch-216, train_loss-0.3256, train_rmse-0.5706, valid_rmse-1.3812, valid_pr-0.6964
epoch-217, train_loss-0.3278, train_rmse-0.5725, valid_rmse-1.4161, valid_pr-0.6777
epoch-218, train_loss-0.3260, train_rmse-0.5710, valid_rmse-1.3704, valid_pr-0.6949
epoch-219, train_loss-0.3329, train_rmse-0.5770, valid_rmse-1.3789, valid_pr-0.6976
epoch-220, train_loss-0.3350, train_rmse-0.5788, valid_rmse-1.3836, valid_pr-0.6848
epoch-221, train_loss-0.3322, train_rmse-0.5763, valid_rmse-1.3648, valid_pr-0.6928
epoch-222, train_loss-0.3122, train_rmse-0.5588, valid_rmse-1.3551, valid_pr-0.6986
epoch-223, train_loss-0.3313, train_rmse-0.5756, valid_rmse-1.3893, valid_pr-0.6896
epoch-224, train_loss-0.3517, train_rmse-0.5930, valid_rmse-1.3810, valid_pr-0.6902
epoch-225, train_loss-0.3484, train_rmse-0.5902, valid_rmse-1.4011, valid_pr-0.6961
epoch-226, train_loss-0.3291, train_rmse-0.5737, valid_rmse-1.3724, valid_pr-0.7020
epoch-227, train_loss-0.3219, train_rmse-0.5673, valid_rmse-1.3574, valid_pr-0.6971
epoch-228, train_loss-0.3028, train_rmse-0.5503, valid_rmse-1.3902, valid_pr-0.6807
epoch-229, train_loss-0.3205, train_rmse-0.5662, valid_rmse-1.3867, valid_pr-0.6888
epoch-230, train_loss-0.3351, train_rmse-0.5789, valid_rmse-1.4172, valid_pr-0.6665
epoch-231, train_loss-0.3331, train_rmse-0.5772, valid_rmse-1.3743, valid_pr-0.6944
epoch-232, train_loss-0.2998, train_rmse-0.5476, valid_rmse-1.3433, valid_pr-0.7050
Validation : valid_rmse-1.3433, valid_pr-0.7050, 
test2013_rmse-1.4990, test2013_pr-0.7708, test2016_rmse-1.4068, test2016_pr-0.7616, test2019_rmse-1.5353, test2019_pr-0.5660
epoch-233, train_loss-0.3319, train_rmse-0.5761, valid_rmse-1.3671, valid_pr-0.6923
epoch-234, train_loss-0.3040, train_rmse-0.5514, valid_rmse-1.3708, valid_pr-0.6956
epoch-235, train_loss-0.2848, train_rmse-0.5336, valid_rmse-1.3677, valid_pr-0.6984
epoch-236, train_loss-0.3007, train_rmse-0.5483, valid_rmse-1.3763, valid_pr-0.6932
epoch-237, train_loss-0.2946, train_rmse-0.5428, valid_rmse-1.3369, valid_pr-0.7047
Validation : valid_rmse-1.3369, valid_pr-0.7047, 
test2013_rmse-1.4160, test2013_pr-0.8079, test2016_rmse-1.4374, test2016_pr-0.7601, test2019_rmse-1.5353, test2019_pr-0.5599
epoch-238, train_loss-0.2756, train_rmse-0.5250, valid_rmse-1.3793, valid_pr-0.6983
epoch-239, train_loss-0.2764, train_rmse-0.5257, valid_rmse-1.3749, valid_pr-0.6938
epoch-240, train_loss-0.2946, train_rmse-0.5428, valid_rmse-1.3711, valid_pr-0.6990
epoch-241, train_loss-0.3354, train_rmse-0.5791, valid_rmse-1.3947, valid_pr-0.6849
epoch-242, train_loss-0.3441, train_rmse-0.5866, valid_rmse-1.3884, valid_pr-0.6969
epoch-243, train_loss-0.4291, train_rmse-0.6550, valid_rmse-1.4319, valid_pr-0.6718
epoch-244, train_loss-0.3594, train_rmse-0.5995, valid_rmse-1.3633, valid_pr-0.6928
epoch-245, train_loss-0.3092, train_rmse-0.5561, valid_rmse-1.3818, valid_pr-0.7025
epoch-246, train_loss-0.2948, train_rmse-0.5429, valid_rmse-1.4315, valid_pr-0.6865
epoch-247, train_loss-0.2858, train_rmse-0.5346, valid_rmse-1.3744, valid_pr-0.6943
epoch-248, train_loss-0.3000, train_rmse-0.5477, valid_rmse-1.3662, valid_pr-0.6976
epoch-249, train_loss-0.2715, train_rmse-0.5211, valid_rmse-1.3569, valid_pr-0.6993
epoch-250, train_loss-0.2772, train_rmse-0.5265, valid_rmse-1.3643, valid_pr-0.6948
epoch-251, train_loss-0.2496, train_rmse-0.4996, valid_rmse-1.3665, valid_pr-0.6944
epoch-252, train_loss-0.2692, train_rmse-0.5188, valid_rmse-1.3801, valid_pr-0.6935
epoch-253, train_loss-0.2644, train_rmse-0.5142, valid_rmse-1.3480, valid_pr-0.7044
epoch-254, train_loss-0.2646, train_rmse-0.5144, valid_rmse-1.3996, valid_pr-0.6812
epoch-255, train_loss-0.2601, train_rmse-0.5100, valid_rmse-1.3579, valid_pr-0.7007
epoch-256, train_loss-0.2553, train_rmse-0.5052, valid_rmse-1.3848, valid_pr-0.6881
epoch-257, train_loss-0.2586, train_rmse-0.5086, valid_rmse-1.3621, valid_pr-0.6976
epoch-258, train_loss-0.2622, train_rmse-0.5120, valid_rmse-1.3887, valid_pr-0.6861
epoch-259, train_loss-0.2744, train_rmse-0.5238, valid_rmse-1.3884, valid_pr-0.6857
epoch-260, train_loss-0.2789, train_rmse-0.5281, valid_rmse-1.4769, valid_pr-0.6445
epoch-261, train_loss-0.5885, train_rmse-0.7671, valid_rmse-1.3863, valid_pr-0.6785
epoch-262, train_loss-0.5332, train_rmse-0.7302, valid_rmse-1.3730, valid_pr-0.6958
epoch-263, train_loss-0.3584, train_rmse-0.5987, valid_rmse-1.3883, valid_pr-0.6908
epoch-264, train_loss-0.3010, train_rmse-0.5486, valid_rmse-1.3689, valid_pr-0.6951
epoch-265, train_loss-0.2580, train_rmse-0.5080, valid_rmse-1.3724, valid_pr-0.6924
epoch-266, train_loss-0.2586, train_rmse-0.5085, valid_rmse-1.3963, valid_pr-0.6841
epoch-267, train_loss-0.2403, train_rmse-0.4902, valid_rmse-1.3599, valid_pr-0.6968
epoch-268, train_loss-0.2445, train_rmse-0.4945, valid_rmse-1.3571, valid_pr-0.7040
epoch-269, train_loss-0.2286, train_rmse-0.4782, valid_rmse-1.3746, valid_pr-0.7049
epoch-270, train_loss-0.2263, train_rmse-0.4757, valid_rmse-1.3698, valid_pr-0.6940
epoch-271, train_loss-0.2138, train_rmse-0.4624, valid_rmse-1.3655, valid_pr-0.7033
epoch-272, train_loss-0.2220, train_rmse-0.4711, valid_rmse-1.3681, valid_pr-0.6927
epoch-273, train_loss-0.2238, train_rmse-0.4731, valid_rmse-1.3743, valid_pr-0.6922
epoch-274, train_loss-0.2229, train_rmse-0.4722, valid_rmse-1.3581, valid_pr-0.7050
epoch-275, train_loss-0.2268, train_rmse-0.4763, valid_rmse-1.3983, valid_pr-0.6820
epoch-276, train_loss-0.2291, train_rmse-0.4786, valid_rmse-1.3752, valid_pr-0.6944
epoch-277, train_loss-0.2336, train_rmse-0.4833, valid_rmse-1.3766, valid_pr-0.6973
epoch-278, train_loss-0.2275, train_rmse-0.4769, valid_rmse-1.3809, valid_pr-0.6860
epoch-279, train_loss-0.2360, train_rmse-0.4858, valid_rmse-1.3896, valid_pr-0.6826
epoch-280, train_loss-0.2306, train_rmse-0.4802, valid_rmse-1.3582, valid_pr-0.6994
epoch-281, train_loss-0.2299, train_rmse-0.4795, valid_rmse-1.3874, valid_pr-0.6861
epoch-282, train_loss-0.2262, train_rmse-0.4756, valid_rmse-1.3818, valid_pr-0.6865
epoch-283, train_loss-0.2419, train_rmse-0.4918, valid_rmse-1.3520, valid_pr-0.7023
epoch-284, train_loss-0.2334, train_rmse-0.4832, valid_rmse-1.4053, valid_pr-0.6825
epoch-285, train_loss-0.2551, train_rmse-0.5051, valid_rmse-1.4273, valid_pr-0.6683
epoch-286, train_loss-0.2497, train_rmse-0.4997, valid_rmse-1.4007, valid_pr-0.6860
epoch-287, train_loss-0.2318, train_rmse-0.4815, valid_rmse-1.4033, valid_pr-0.6835
epoch-288, train_loss-0.2208, train_rmse-0.4699, valid_rmse-1.3735, valid_pr-0.6933
epoch-289, train_loss-0.1686, train_rmse-0.4106, valid_rmse-1.3433, valid_pr-0.7055
epoch-290, train_loss-0.1371, train_rmse-0.3703, valid_rmse-1.3592, valid_pr-0.6993
epoch-291, train_loss-0.1230, train_rmse-0.3508, valid_rmse-1.3431, valid_pr-0.7072
epoch-292, train_loss-0.1187, train_rmse-0.3446, valid_rmse-1.3612, valid_pr-0.6995
epoch-293, train_loss-0.1227, train_rmse-0.3503, valid_rmse-1.3312, valid_pr-0.7097
Validation : valid_rmse-1.3312, valid_pr-0.7097, 
test2013_rmse-1.4124, test2013_pr-0.8008, test2016_rmse-1.3439, test2016_pr-0.7857, test2019_rmse-1.5265, test2019_pr-0.5684
epoch-294, train_loss-0.1233, train_rmse-0.3512, valid_rmse-1.3337, valid_pr-0.7092
epoch-295, train_loss-0.1206, train_rmse-0.3473, valid_rmse-1.3477, valid_pr-0.7017
epoch-296, train_loss-0.1177, train_rmse-0.3431, valid_rmse-1.3555, valid_pr-0.7025
epoch-297, train_loss-0.1215, train_rmse-0.3485, valid_rmse-1.3386, valid_pr-0.7082
epoch-298, train_loss-0.1131, train_rmse-0.3363, valid_rmse-1.3513, valid_pr-0.7027
epoch-299, train_loss-0.1155, train_rmse-0.3399, valid_rmse-1.3426, valid_pr-0.7050
epoch-300, train_loss-0.1134, train_rmse-0.3367, valid_rmse-1.3526, valid_pr-0.7011
epoch-301, train_loss-0.1055, train_rmse-0.3248, valid_rmse-1.3494, valid_pr-0.7037
epoch-302, train_loss-0.1025, train_rmse-0.3202, valid_rmse-1.3450, valid_pr-0.7079
epoch-303, train_loss-0.1061, train_rmse-0.3257, valid_rmse-1.3456, valid_pr-0.7050
epoch-304, train_loss-0.1052, train_rmse-0.3243, valid_rmse-1.3279, valid_pr-0.7111
Validation : valid_rmse-1.3279, valid_pr-0.7111, 
test2013_rmse-1.4643, test2013_pr-0.7823, test2016_rmse-1.3343, test2016_pr-0.7893, test2019_rmse-1.5251, test2019_pr-0.5660
epoch-305, train_loss-0.1098, train_rmse-0.3314, valid_rmse-1.3428, valid_pr-0.7041
epoch-306, train_loss-0.1118, train_rmse-0.3344, valid_rmse-1.3501, valid_pr-0.7002
epoch-307, train_loss-0.1140, train_rmse-0.3376, valid_rmse-1.3458, valid_pr-0.7048
epoch-308, train_loss-0.1186, train_rmse-0.3443, valid_rmse-1.3560, valid_pr-0.7029
epoch-309, train_loss-0.1283, train_rmse-0.3582, valid_rmse-1.3560, valid_pr-0.6999
epoch-310, train_loss-0.1238, train_rmse-0.3518, valid_rmse-1.3607, valid_pr-0.6965
epoch-311, train_loss-0.1224, train_rmse-0.3498, valid_rmse-1.3509, valid_pr-0.7087
epoch-312, train_loss-0.1116, train_rmse-0.3341, valid_rmse-1.3546, valid_pr-0.6987
epoch-313, train_loss-0.1055, train_rmse-0.3248, valid_rmse-1.3639, valid_pr-0.6955
epoch-314, train_loss-0.1098, train_rmse-0.3313, valid_rmse-1.3531, valid_pr-0.7025
epoch-315, train_loss-0.1086, train_rmse-0.3296, valid_rmse-1.3410, valid_pr-0.7034
epoch-316, train_loss-0.1106, train_rmse-0.3325, valid_rmse-1.3507, valid_pr-0.7010
epoch-317, train_loss-0.1155, train_rmse-0.3399, valid_rmse-1.3476, valid_pr-0.7033
epoch-318, train_loss-0.1092, train_rmse-0.3305, valid_rmse-1.3613, valid_pr-0.6982
epoch-319, train_loss-0.1116, train_rmse-0.3340, valid_rmse-1.3436, valid_pr-0.7047
epoch-320, train_loss-0.1134, train_rmse-0.3367, valid_rmse-1.3548, valid_pr-0.6995
epoch-321, train_loss-0.1104, train_rmse-0.3323, valid_rmse-1.3350, valid_pr-0.7117
epoch-322, train_loss-0.1014, train_rmse-0.3185, valid_rmse-1.3465, valid_pr-0.7030
epoch-323, train_loss-0.1090, train_rmse-0.3302, valid_rmse-1.3379, valid_pr-0.7065
epoch-324, train_loss-0.1040, train_rmse-0.3225, valid_rmse-1.3428, valid_pr-0.7041
epoch-325, train_loss-0.1089, train_rmse-0.3300, valid_rmse-1.3333, valid_pr-0.7091
epoch-326, train_loss-0.1061, train_rmse-0.3258, valid_rmse-1.3262, valid_pr-0.7093
Validation : valid_rmse-1.3262, valid_pr-0.7093, 
test2013_rmse-1.4784, test2013_pr-0.7778, test2016_rmse-1.3546, test2016_pr-0.7824, test2019_rmse-1.5206, test2019_pr-0.5692
epoch-327, train_loss-0.1109, train_rmse-0.3330, valid_rmse-1.3324, valid_pr-0.7076
epoch-328, train_loss-0.1025, train_rmse-0.3202, valid_rmse-1.3348, valid_pr-0.7085
epoch-329, train_loss-0.1149, train_rmse-0.3389, valid_rmse-1.3737, valid_pr-0.6927
epoch-330, train_loss-0.1078, train_rmse-0.3284, valid_rmse-1.3610, valid_pr-0.7015
epoch-331, train_loss-0.1143, train_rmse-0.3381, valid_rmse-1.3432, valid_pr-0.7052
epoch-332, train_loss-0.1140, train_rmse-0.3376, valid_rmse-1.3580, valid_pr-0.6976
epoch-333, train_loss-0.1112, train_rmse-0.3334, valid_rmse-1.3372, valid_pr-0.7076
epoch-334, train_loss-0.1092, train_rmse-0.3305, valid_rmse-1.3378, valid_pr-0.7045
epoch-335, train_loss-0.1109, train_rmse-0.3330, valid_rmse-1.3422, valid_pr-0.7079
epoch-336, train_loss-0.1043, train_rmse-0.3229, valid_rmse-1.3497, valid_pr-0.7043
epoch-337, train_loss-0.1043, train_rmse-0.3229, valid_rmse-1.3377, valid_pr-0.7069
epoch-338, train_loss-0.1011, train_rmse-0.3179, valid_rmse-1.3576, valid_pr-0.7016
epoch-339, train_loss-0.1031, train_rmse-0.3211, valid_rmse-1.3217, valid_pr-0.7133
Validation : valid_rmse-1.3217, valid_pr-0.7133, 
test2013_rmse-1.4467, test2013_pr-0.7890, test2016_rmse-1.3514, test2016_pr-0.7840, test2019_rmse-1.5210, test2019_pr-0.5699
epoch-340, train_loss-0.0951, train_rmse-0.3084, valid_rmse-1.3366, valid_pr-0.7079
epoch-341, train_loss-0.1033, train_rmse-0.3214, valid_rmse-1.3454, valid_pr-0.7086
epoch-342, train_loss-0.1022, train_rmse-0.3197, valid_rmse-1.3584, valid_pr-0.7001
epoch-343, train_loss-0.1144, train_rmse-0.3383, valid_rmse-1.3633, valid_pr-0.7029
epoch-344, train_loss-0.1095, train_rmse-0.3308, valid_rmse-1.3409, valid_pr-0.7050
epoch-345, train_loss-0.1031, train_rmse-0.3211, valid_rmse-1.3503, valid_pr-0.6994
epoch-346, train_loss-0.0991, train_rmse-0.3148, valid_rmse-1.3543, valid_pr-0.7068
epoch-347, train_loss-0.1055, train_rmse-0.3248, valid_rmse-1.3437, valid_pr-0.7041
epoch-348, train_loss-0.1096, train_rmse-0.3310, valid_rmse-1.3401, valid_pr-0.7092
epoch-349, train_loss-0.0999, train_rmse-0.3161, valid_rmse-1.3378, valid_pr-0.7061
epoch-350, train_loss-0.1043, train_rmse-0.3229, valid_rmse-1.3415, valid_pr-0.7071
epoch-351, train_loss-0.1033, train_rmse-0.3215, valid_rmse-1.3338, valid_pr-0.7050
epoch-352, train_loss-0.1161, train_rmse-0.3407, valid_rmse-1.3489, valid_pr-0.7066
epoch-353, train_loss-0.1062, train_rmse-0.3259, valid_rmse-1.3295, valid_pr-0.7096
epoch-354, train_loss-0.1034, train_rmse-0.3215, valid_rmse-1.3582, valid_pr-0.6956
epoch-355, train_loss-0.1075, train_rmse-0.3278, valid_rmse-1.3574, valid_pr-0.6996
epoch-356, train_loss-0.0936, train_rmse-0.3059, valid_rmse-1.3342, valid_pr-0.7084
epoch-357, train_loss-0.0953, train_rmse-0.3086, valid_rmse-1.3462, valid_pr-0.7037
epoch-358, train_loss-0.1037, train_rmse-0.3220, valid_rmse-1.3555, valid_pr-0.7015
epoch-359, train_loss-0.1005, train_rmse-0.3171, valid_rmse-1.3544, valid_pr-0.6986
epoch-360, train_loss-0.0910, train_rmse-0.3017, valid_rmse-1.3403, valid_pr-0.7123
epoch-361, train_loss-0.0970, train_rmse-0.3115, valid_rmse-1.3454, valid_pr-0.7053
epoch-362, train_loss-0.0923, train_rmse-0.3038, valid_rmse-1.3399, valid_pr-0.7067
epoch-363, train_loss-0.0922, train_rmse-0.3037, valid_rmse-1.3440, valid_pr-0.7069
epoch-364, train_loss-0.0906, train_rmse-0.3010, valid_rmse-1.3454, valid_pr-0.7087
epoch-365, train_loss-0.0980, train_rmse-0.3130, valid_rmse-1.3317, valid_pr-0.7122
epoch-366, train_loss-0.0903, train_rmse-0.3004, valid_rmse-1.3529, valid_pr-0.6985
epoch-367, train_loss-0.0880, train_rmse-0.2966, valid_rmse-1.3517, valid_pr-0.7028
epoch-368, train_loss-0.0868, train_rmse-0.2945, valid_rmse-1.3360, valid_pr-0.7087
epoch-369, train_loss-0.0923, train_rmse-0.3039, valid_rmse-1.3656, valid_pr-0.6946
epoch-370, train_loss-0.0982, train_rmse-0.3134, valid_rmse-1.3418, valid_pr-0.7084
epoch-371, train_loss-0.0930, train_rmse-0.3050, valid_rmse-1.3611, valid_pr-0.7033
epoch-372, train_loss-0.0969, train_rmse-0.3113, valid_rmse-1.3463, valid_pr-0.7021
epoch-373, train_loss-0.0948, train_rmse-0.3079, valid_rmse-1.3444, valid_pr-0.7042
epoch-374, train_loss-0.0941, train_rmse-0.3068, valid_rmse-1.3412, valid_pr-0.7063
epoch-375, train_loss-0.0951, train_rmse-0.3084, valid_rmse-1.3367, valid_pr-0.7084
epoch-376, train_loss-0.0979, train_rmse-0.3128, valid_rmse-1.3434, valid_pr-0.7078
epoch-377, train_loss-0.0897, train_rmse-0.2995, valid_rmse-1.3565, valid_pr-0.7008
epoch-378, train_loss-0.0968, train_rmse-0.3112, valid_rmse-1.3632, valid_pr-0.6986
epoch-379, train_loss-0.0913, train_rmse-0.3021, valid_rmse-1.3387, valid_pr-0.7050
epoch-380, train_loss-0.0902, train_rmse-0.3004, valid_rmse-1.3192, valid_pr-0.7149
Validation : valid_rmse-1.3192, valid_pr-0.7149, 
test2013_rmse-1.4622, test2013_pr-0.7847, test2016_rmse-1.3735, test2016_pr-0.7749, test2019_rmse-1.5263, test2019_pr-0.5689
epoch-381, train_loss-0.0928, train_rmse-0.3046, valid_rmse-1.3196, valid_pr-0.7148
epoch-382, train_loss-0.0916, train_rmse-0.3026, valid_rmse-1.3370, valid_pr-0.7100
epoch-383, train_loss-0.0908, train_rmse-0.3013, valid_rmse-1.3319, valid_pr-0.7125
epoch-384, train_loss-0.0846, train_rmse-0.2908, valid_rmse-1.3292, valid_pr-0.7116
epoch-385, train_loss-0.0873, train_rmse-0.2954, valid_rmse-1.3333, valid_pr-0.7090
epoch-386, train_loss-0.0881, train_rmse-0.2968, valid_rmse-1.3207, valid_pr-0.7199
epoch-387, train_loss-0.0870, train_rmse-0.2949, valid_rmse-1.3197, valid_pr-0.7159
epoch-388, train_loss-0.0961, train_rmse-0.3100, valid_rmse-1.3444, valid_pr-0.7081
epoch-389, train_loss-0.0897, train_rmse-0.2995, valid_rmse-1.3335, valid_pr-0.7129
epoch-390, train_loss-0.0912, train_rmse-0.3020, valid_rmse-1.3376, valid_pr-0.7087
epoch-391, train_loss-0.0881, train_rmse-0.2969, valid_rmse-1.3206, valid_pr-0.7161
epoch-392, train_loss-0.0940, train_rmse-0.3066, valid_rmse-1.3656, valid_pr-0.6971
epoch-393, train_loss-0.0924, train_rmse-0.3040, valid_rmse-1.3394, valid_pr-0.7091
epoch-394, train_loss-0.0906, train_rmse-0.3009, valid_rmse-1.3340, valid_pr-0.7096
epoch-395, train_loss-0.0952, train_rmse-0.3085, valid_rmse-1.3232, valid_pr-0.7137
epoch-396, train_loss-0.0895, train_rmse-0.2992, valid_rmse-1.3288, valid_pr-0.7077
epoch-397, train_loss-0.0847, train_rmse-0.2911, valid_rmse-1.3156, valid_pr-0.7167
Validation : valid_rmse-1.3156, valid_pr-0.7167, 
test2013_rmse-1.4900, test2013_pr-0.7732, test2016_rmse-1.3501, test2016_pr-0.7854, test2019_rmse-1.5146, test2019_pr-0.5726
epoch-398, train_loss-0.0892, train_rmse-0.2986, valid_rmse-1.3178, valid_pr-0.7206
epoch-399, train_loss-0.0812, train_rmse-0.2850, valid_rmse-1.3275, valid_pr-0.7108
epoch-400, train_loss-0.0830, train_rmse-0.2882, valid_rmse-1.3255, valid_pr-0.7145
epoch-401, train_loss-0.0911, train_rmse-0.3019, valid_rmse-1.3303, valid_pr-0.7120
epoch-402, train_loss-0.0831, train_rmse-0.2882, valid_rmse-1.3275, valid_pr-0.7131
epoch-403, train_loss-0.0876, train_rmse-0.2959, valid_rmse-1.3298, valid_pr-0.7090
epoch-404, train_loss-0.0944, train_rmse-0.3072, valid_rmse-1.3430, valid_pr-0.7040
epoch-405, train_loss-0.0918, train_rmse-0.3030, valid_rmse-1.3263, valid_pr-0.7100
epoch-406, train_loss-0.0918, train_rmse-0.3029, valid_rmse-1.3110, valid_pr-0.7188
Validation : valid_rmse-1.3110, valid_pr-0.7188, 
test2013_rmse-1.4260, test2013_pr-0.7963, test2016_rmse-1.3557, test2016_pr-0.7844, test2019_rmse-1.5201, test2019_pr-0.5717
epoch-407, train_loss-0.0847, train_rmse-0.2911, valid_rmse-1.3435, valid_pr-0.7041
epoch-408, train_loss-0.0797, train_rmse-0.2823, valid_rmse-1.3243, valid_pr-0.7142
epoch-409, train_loss-0.0864, train_rmse-0.2940, valid_rmse-1.3262, valid_pr-0.7111
epoch-410, train_loss-0.0865, train_rmse-0.2942, valid_rmse-1.3253, valid_pr-0.7115
epoch-411, train_loss-0.0777, train_rmse-0.2787, valid_rmse-1.3117, valid_pr-0.7199
epoch-412, train_loss-0.0811, train_rmse-0.2848, valid_rmse-1.3363, valid_pr-0.7077
epoch-413, train_loss-0.0869, train_rmse-0.2949, valid_rmse-1.3143, valid_pr-0.7143
epoch-414, train_loss-0.0897, train_rmse-0.2994, valid_rmse-1.3193, valid_pr-0.7161
epoch-415, train_loss-0.0917, train_rmse-0.3028, valid_rmse-1.3227, valid_pr-0.7124
epoch-416, train_loss-0.0862, train_rmse-0.2935, valid_rmse-1.3192, valid_pr-0.7178
epoch-417, train_loss-0.0820, train_rmse-0.2864, valid_rmse-1.3264, valid_pr-0.7159
epoch-418, train_loss-0.0885, train_rmse-0.2974, valid_rmse-1.3221, valid_pr-0.7134
epoch-419, train_loss-0.0789, train_rmse-0.2809, valid_rmse-1.3302, valid_pr-0.7133
epoch-420, train_loss-0.0765, train_rmse-0.2765, valid_rmse-1.3393, valid_pr-0.7075
epoch-421, train_loss-0.0834, train_rmse-0.2888, valid_rmse-1.3296, valid_pr-0.7130
epoch-422, train_loss-0.0820, train_rmse-0.2864, valid_rmse-1.3276, valid_pr-0.7123
epoch-423, train_loss-0.0904, train_rmse-0.3007, valid_rmse-1.3267, valid_pr-0.7083
epoch-424, train_loss-0.0793, train_rmse-0.2816, valid_rmse-1.3231, valid_pr-0.7133
epoch-425, train_loss-0.0777, train_rmse-0.2788, valid_rmse-1.3190, valid_pr-0.7160
epoch-426, train_loss-0.0831, train_rmse-0.2882, valid_rmse-1.3363, valid_pr-0.7094
epoch-427, train_loss-0.0913, train_rmse-0.3021, valid_rmse-1.3395, valid_pr-0.7142
epoch-428, train_loss-0.0876, train_rmse-0.2960, valid_rmse-1.3304, valid_pr-0.7120
epoch-429, train_loss-0.0804, train_rmse-0.2836, valid_rmse-1.3214, valid_pr-0.7135
epoch-430, train_loss-0.0834, train_rmse-0.2887, valid_rmse-1.3369, valid_pr-0.7067
epoch-431, train_loss-0.0769, train_rmse-0.2773, valid_rmse-1.3208, valid_pr-0.7169
epoch-432, train_loss-0.0750, train_rmse-0.2738, valid_rmse-1.3229, valid_pr-0.7133
epoch-433, train_loss-0.0799, train_rmse-0.2827, valid_rmse-1.3292, valid_pr-0.7101
epoch-434, train_loss-0.0802, train_rmse-0.2832, valid_rmse-1.3182, valid_pr-0.7169
epoch-435, train_loss-0.0842, train_rmse-0.2902, valid_rmse-1.3162, valid_pr-0.7172
epoch-436, train_loss-0.0801, train_rmse-0.2830, valid_rmse-1.3464, valid_pr-0.7057
epoch-437, train_loss-0.0757, train_rmse-0.2752, valid_rmse-1.3219, valid_pr-0.7145
epoch-438, train_loss-0.0842, train_rmse-0.2901, valid_rmse-1.3123, valid_pr-0.7183
epoch-439, train_loss-0.0813, train_rmse-0.2851, valid_rmse-1.3284, valid_pr-0.7128
epoch-440, train_loss-0.0824, train_rmse-0.2870, valid_rmse-1.3182, valid_pr-0.7180
epoch-441, train_loss-0.0769, train_rmse-0.2773, valid_rmse-1.3331, valid_pr-0.7097
epoch-442, train_loss-0.0981, train_rmse-0.3132, valid_rmse-1.3196, valid_pr-0.7172
epoch-443, train_loss-0.0926, train_rmse-0.3043, valid_rmse-1.3535, valid_pr-0.6996
epoch-444, train_loss-0.1144, train_rmse-0.3382, valid_rmse-1.3343, valid_pr-0.7057
epoch-445, train_loss-0.0838, train_rmse-0.2896, valid_rmse-1.3307, valid_pr-0.7097
epoch-446, train_loss-0.0854, train_rmse-0.2922, valid_rmse-1.3144, valid_pr-0.7174
epoch-447, train_loss-0.0872, train_rmse-0.2952, valid_rmse-1.3046, valid_pr-0.7230
Validation : valid_rmse-1.3046, valid_pr-0.7230, 
test2013_rmse-1.4228, test2013_pr-0.7981, test2016_rmse-1.3433, test2016_pr-0.7857, test2019_rmse-1.5259, test2019_pr-0.5714
epoch-448, train_loss-0.0744, train_rmse-0.2728, valid_rmse-1.3342, valid_pr-0.7084
epoch-449, train_loss-0.0722, train_rmse-0.2688, valid_rmse-1.3373, valid_pr-0.7107
epoch-450, train_loss-0.0753, train_rmse-0.2744, valid_rmse-1.3310, valid_pr-0.7139
epoch-451, train_loss-0.0756, train_rmse-0.2749, valid_rmse-1.3136, valid_pr-0.7170
epoch-452, train_loss-0.0771, train_rmse-0.2777, valid_rmse-1.3181, valid_pr-0.7162
epoch-453, train_loss-0.0761, train_rmse-0.2759, valid_rmse-1.3140, valid_pr-0.7160
epoch-454, train_loss-0.0701, train_rmse-0.2647, valid_rmse-1.3119, valid_pr-0.7184
epoch-455, train_loss-0.0774, train_rmse-0.2781, valid_rmse-1.3204, valid_pr-0.7162
epoch-456, train_loss-0.0733, train_rmse-0.2707, valid_rmse-1.3402, valid_pr-0.7111
epoch-457, train_loss-0.0780, train_rmse-0.2792, valid_rmse-1.3147, valid_pr-0.7177
epoch-458, train_loss-0.0766, train_rmse-0.2767, valid_rmse-1.3111, valid_pr-0.7192
epoch-459, train_loss-0.0834, train_rmse-0.2889, valid_rmse-1.3232, valid_pr-0.7165
epoch-460, train_loss-0.0749, train_rmse-0.2738, valid_rmse-1.3040, valid_pr-0.7245
Validation : valid_rmse-1.3040, valid_pr-0.7245, 
test2013_rmse-1.3687, test2013_pr-0.8169, test2016_rmse-1.3351, test2016_pr-0.7905, test2019_rmse-1.5254, test2019_pr-0.5698
epoch-461, train_loss-0.0765, train_rmse-0.2766, valid_rmse-1.3171, valid_pr-0.7183
epoch-462, train_loss-0.0777, train_rmse-0.2787, valid_rmse-1.3210, valid_pr-0.7136
epoch-463, train_loss-0.0927, train_rmse-0.3044, valid_rmse-1.3291, valid_pr-0.7108
epoch-464, train_loss-0.0883, train_rmse-0.2972, valid_rmse-1.3133, valid_pr-0.7177
epoch-465, train_loss-0.0801, train_rmse-0.2830, valid_rmse-1.3241, valid_pr-0.7148
epoch-466, train_loss-0.0824, train_rmse-0.2870, valid_rmse-1.3235, valid_pr-0.7144
epoch-467, train_loss-0.0777, train_rmse-0.2788, valid_rmse-1.3322, valid_pr-0.7105
epoch-468, train_loss-0.0791, train_rmse-0.2812, valid_rmse-1.3123, valid_pr-0.7161
epoch-469, train_loss-0.0738, train_rmse-0.2717, valid_rmse-1.3218, valid_pr-0.7133
epoch-470, train_loss-0.0713, train_rmse-0.2670, valid_rmse-1.3229, valid_pr-0.7149
epoch-471, train_loss-0.0699, train_rmse-0.2644, valid_rmse-1.3226, valid_pr-0.7156
epoch-472, train_loss-0.0803, train_rmse-0.2835, valid_rmse-1.3224, valid_pr-0.7168
epoch-473, train_loss-0.0707, train_rmse-0.2660, valid_rmse-1.3150, valid_pr-0.7184
epoch-474, train_loss-0.0749, train_rmse-0.2737, valid_rmse-1.3253, valid_pr-0.7126
epoch-475, train_loss-0.0706, train_rmse-0.2658, valid_rmse-1.2937, valid_pr-0.7269
Validation : valid_rmse-1.2937, valid_pr-0.7269, 
test2013_rmse-1.4087, test2013_pr-0.8033, test2016_rmse-1.3289, test2016_pr-0.7930, test2019_rmse-1.5221, test2019_pr-0.5685
epoch-476, train_loss-0.0738, train_rmse-0.2717, valid_rmse-1.3043, valid_pr-0.7218
epoch-477, train_loss-0.0724, train_rmse-0.2691, valid_rmse-1.3108, valid_pr-0.7199
epoch-478, train_loss-0.0738, train_rmse-0.2716, valid_rmse-1.3185, valid_pr-0.7143
epoch-479, train_loss-0.0705, train_rmse-0.2654, valid_rmse-1.3153, valid_pr-0.7160
epoch-480, train_loss-0.0782, train_rmse-0.2796, valid_rmse-1.3030, valid_pr-0.7220
epoch-481, train_loss-0.0718, train_rmse-0.2679, valid_rmse-1.2916, valid_pr-0.7278
Validation : valid_rmse-1.2916, valid_pr-0.7278, 
test2013_rmse-1.4291, test2013_pr-0.7957, test2016_rmse-1.3430, test2016_pr-0.7899, test2019_rmse-1.5206, test2019_pr-0.5704
epoch-482, train_loss-0.0692, train_rmse-0.2631, valid_rmse-1.3076, valid_pr-0.7186
epoch-483, train_loss-0.0686, train_rmse-0.2619, valid_rmse-1.3094, valid_pr-0.7206
epoch-484, train_loss-0.0744, train_rmse-0.2728, valid_rmse-1.3110, valid_pr-0.7193
epoch-485, train_loss-0.0702, train_rmse-0.2649, valid_rmse-1.3063, valid_pr-0.7224
epoch-486, train_loss-0.0720, train_rmse-0.2683, valid_rmse-1.3215, valid_pr-0.7184
epoch-487, train_loss-0.0698, train_rmse-0.2642, valid_rmse-1.3338, valid_pr-0.7111
epoch-488, train_loss-0.0785, train_rmse-0.2801, valid_rmse-1.3090, valid_pr-0.7202
epoch-489, train_loss-0.0714, train_rmse-0.2671, valid_rmse-1.3005, valid_pr-0.7257
epoch-490, train_loss-0.0761, train_rmse-0.2759, valid_rmse-1.3022, valid_pr-0.7234
epoch-491, train_loss-0.0754, train_rmse-0.2746, valid_rmse-1.3123, valid_pr-0.7177
epoch-492, train_loss-0.0734, train_rmse-0.2710, valid_rmse-1.3196, valid_pr-0.7151
epoch-493, train_loss-0.0717, train_rmse-0.2677, valid_rmse-1.3266, valid_pr-0.7103
epoch-494, train_loss-0.0699, train_rmse-0.2644, valid_rmse-1.3208, valid_pr-0.7150
epoch-495, train_loss-0.0693, train_rmse-0.2633, valid_rmse-1.3232, valid_pr-0.7143
epoch-496, train_loss-0.0694, train_rmse-0.2635, valid_rmse-1.3299, valid_pr-0.7174
epoch-497, train_loss-0.0687, train_rmse-0.2622, valid_rmse-1.3081, valid_pr-0.7186
epoch-498, train_loss-0.0691, train_rmse-0.2629, valid_rmse-1.3042, valid_pr-0.7239
epoch-499, train_loss-0.0798, train_rmse-0.2824, valid_rmse-1.3224, valid_pr-0.7138
epoch-500, train_loss-0.0751, train_rmse-0.2741, valid_rmse-1.3019, valid_pr-0.7220
epoch-501, train_loss-0.0726, train_rmse-0.2695, valid_rmse-1.3202, valid_pr-0.7176
epoch-502, train_loss-0.0785, train_rmse-0.2802, valid_rmse-1.3223, valid_pr-0.7143
epoch-503, train_loss-0.0685, train_rmse-0.2618, valid_rmse-1.3154, valid_pr-0.7163
epoch-504, train_loss-0.0691, train_rmse-0.2628, valid_rmse-1.3067, valid_pr-0.7204
epoch-505, train_loss-0.0673, train_rmse-0.2595, valid_rmse-1.3082, valid_pr-0.7208
epoch-506, train_loss-0.0732, train_rmse-0.2706, valid_rmse-1.3321, valid_pr-0.7095
epoch-507, train_loss-0.0651, train_rmse-0.2551, valid_rmse-1.3115, valid_pr-0.7189
epoch-508, train_loss-0.0719, train_rmse-0.2682, valid_rmse-1.3258, valid_pr-0.7157
epoch-509, train_loss-0.0658, train_rmse-0.2565, valid_rmse-1.3064, valid_pr-0.7203
epoch-510, train_loss-0.0665, train_rmse-0.2579, valid_rmse-1.3159, valid_pr-0.7185
epoch-511, train_loss-0.0680, train_rmse-0.2608, valid_rmse-1.3176, valid_pr-0.7186
epoch-512, train_loss-0.0641, train_rmse-0.2532, valid_rmse-1.3038, valid_pr-0.7191
epoch-513, train_loss-0.0826, train_rmse-0.2875, valid_rmse-1.3239, valid_pr-0.7148
epoch-514, train_loss-0.0788, train_rmse-0.2808, valid_rmse-1.3144, valid_pr-0.7142
epoch-515, train_loss-0.0739, train_rmse-0.2718, valid_rmse-1.3277, valid_pr-0.7123
epoch-516, train_loss-0.0742, train_rmse-0.2723, valid_rmse-1.3345, valid_pr-0.7097
epoch-517, train_loss-0.0685, train_rmse-0.2617, valid_rmse-1.3236, valid_pr-0.7132
epoch-518, train_loss-0.0724, train_rmse-0.2691, valid_rmse-1.3063, valid_pr-0.7214
epoch-519, train_loss-0.0707, train_rmse-0.2659, valid_rmse-1.3018, valid_pr-0.7208
epoch-520, train_loss-0.0750, train_rmse-0.2739, valid_rmse-1.2901, valid_pr-0.7308
Validation : valid_rmse-1.2901, valid_pr-0.7308, 
test2013_rmse-1.4275, test2013_pr-0.7915, test2016_rmse-1.3271, test2016_pr-0.7914, test2019_rmse-1.5174, test2019_pr-0.5767
epoch-521, train_loss-0.0684, train_rmse-0.2616, valid_rmse-1.3037, valid_pr-0.7233
epoch-522, train_loss-0.0783, train_rmse-0.2798, valid_rmse-1.3226, valid_pr-0.7142
epoch-523, train_loss-0.0739, train_rmse-0.2719, valid_rmse-1.3218, valid_pr-0.7153
epoch-524, train_loss-0.0780, train_rmse-0.2792, valid_rmse-1.3070, valid_pr-0.7203
epoch-525, train_loss-0.0777, train_rmse-0.2787, valid_rmse-1.3131, valid_pr-0.7215
epoch-526, train_loss-0.0685, train_rmse-0.2617, valid_rmse-1.3258, valid_pr-0.7123
epoch-527, train_loss-0.0700, train_rmse-0.2647, valid_rmse-1.3244, valid_pr-0.7138
epoch-528, train_loss-0.0696, train_rmse-0.2638, valid_rmse-1.3073, valid_pr-0.7216
epoch-529, train_loss-0.0703, train_rmse-0.2652, valid_rmse-1.3248, valid_pr-0.7112
epoch-530, train_loss-0.0732, train_rmse-0.2705, valid_rmse-1.3313, valid_pr-0.7087
epoch-531, train_loss-0.0685, train_rmse-0.2617, valid_rmse-1.3202, valid_pr-0.7169
epoch-532, train_loss-0.0637, train_rmse-0.2524, valid_rmse-1.3001, valid_pr-0.7228
epoch-533, train_loss-0.0686, train_rmse-0.2620, valid_rmse-1.3188, valid_pr-0.7118
epoch-534, train_loss-0.0704, train_rmse-0.2653, valid_rmse-1.3036, valid_pr-0.7216
epoch-535, train_loss-0.0627, train_rmse-0.2503, valid_rmse-1.3154, valid_pr-0.7171
epoch-536, train_loss-0.0659, train_rmse-0.2567, valid_rmse-1.3228, valid_pr-0.7137
epoch-537, train_loss-0.0625, train_rmse-0.2499, valid_rmse-1.3115, valid_pr-0.7173
epoch-538, train_loss-0.0612, train_rmse-0.2473, valid_rmse-1.3129, valid_pr-0.7197
epoch-539, train_loss-0.0616, train_rmse-0.2482, valid_rmse-1.3127, valid_pr-0.7191
epoch-540, train_loss-0.0634, train_rmse-0.2518, valid_rmse-1.3312, valid_pr-0.7111
epoch-541, train_loss-0.0668, train_rmse-0.2585, valid_rmse-1.3084, valid_pr-0.7206
epoch-542, train_loss-0.0643, train_rmse-0.2535, valid_rmse-1.3077, valid_pr-0.7196
epoch-543, train_loss-0.0620, train_rmse-0.2489, valid_rmse-1.3041, valid_pr-0.7216
epoch-544, train_loss-0.0641, train_rmse-0.2531, valid_rmse-1.3298, valid_pr-0.7092
epoch-545, train_loss-0.0639, train_rmse-0.2527, valid_rmse-1.3239, valid_pr-0.7111
epoch-546, train_loss-0.0601, train_rmse-0.2452, valid_rmse-1.3126, valid_pr-0.7167
epoch-547, train_loss-0.0693, train_rmse-0.2632, valid_rmse-1.3183, valid_pr-0.7141
epoch-548, train_loss-0.0649, train_rmse-0.2548, valid_rmse-1.3224, valid_pr-0.7147
epoch-549, train_loss-0.0618, train_rmse-0.2487, valid_rmse-1.3037, valid_pr-0.7210
epoch-550, train_loss-0.0672, train_rmse-0.2591, valid_rmse-1.3117, valid_pr-0.7192
epoch-551, train_loss-0.0695, train_rmse-0.2635, valid_rmse-1.3123, valid_pr-0.7172
epoch-552, train_loss-0.0637, train_rmse-0.2524, valid_rmse-1.3025, valid_pr-0.7224
epoch-553, train_loss-0.0645, train_rmse-0.2540, valid_rmse-1.3157, valid_pr-0.7152
epoch-554, train_loss-0.0653, train_rmse-0.2554, valid_rmse-1.3145, valid_pr-0.7168
epoch-555, train_loss-0.0611, train_rmse-0.2472, valid_rmse-1.3204, valid_pr-0.7141
epoch-556, train_loss-0.0619, train_rmse-0.2487, valid_rmse-1.3160, valid_pr-0.7150
epoch-557, train_loss-0.0615, train_rmse-0.2480, valid_rmse-1.3260, valid_pr-0.7098
epoch-558, train_loss-0.0613, train_rmse-0.2475, valid_rmse-1.3018, valid_pr-0.7220
epoch-559, train_loss-0.0650, train_rmse-0.2549, valid_rmse-1.3163, valid_pr-0.7143
epoch-560, train_loss-0.0619, train_rmse-0.2488, valid_rmse-1.3304, valid_pr-0.7121
epoch-561, train_loss-0.0654, train_rmse-0.2557, valid_rmse-1.3273, valid_pr-0.7146
epoch-562, train_loss-0.0677, train_rmse-0.2602, valid_rmse-1.3166, valid_pr-0.7188
epoch-563, train_loss-0.0647, train_rmse-0.2543, valid_rmse-1.3229, valid_pr-0.7155
epoch-564, train_loss-0.0618, train_rmse-0.2487, valid_rmse-1.3192, valid_pr-0.7117
epoch-565, train_loss-0.0602, train_rmse-0.2454, valid_rmse-1.3277, valid_pr-0.7136
epoch-566, train_loss-0.0654, train_rmse-0.2558, valid_rmse-1.3431, valid_pr-0.7035
epoch-567, train_loss-0.0631, train_rmse-0.2512, valid_rmse-1.3152, valid_pr-0.7156
epoch-568, train_loss-0.0607, train_rmse-0.2463, valid_rmse-1.3153, valid_pr-0.7202
epoch-569, train_loss-0.0616, train_rmse-0.2482, valid_rmse-1.3208, valid_pr-0.7128
epoch-570, train_loss-0.0559, train_rmse-0.2365, valid_rmse-1.3120, valid_pr-0.7186
epoch-571, train_loss-0.0634, train_rmse-0.2517, valid_rmse-1.3207, valid_pr-0.7157
epoch-572, train_loss-0.0532, train_rmse-0.2307, valid_rmse-1.3070, valid_pr-0.7207
epoch-573, train_loss-0.0447, train_rmse-0.2115, valid_rmse-1.3021, valid_pr-0.7227
epoch-574, train_loss-0.0415, train_rmse-0.2038, valid_rmse-1.3116, valid_pr-0.7194
epoch-575, train_loss-0.0435, train_rmse-0.2086, valid_rmse-1.3132, valid_pr-0.7158
epoch-576, train_loss-0.0450, train_rmse-0.2122, valid_rmse-1.3067, valid_pr-0.7184
epoch-577, train_loss-0.0409, train_rmse-0.2022, valid_rmse-1.3106, valid_pr-0.7174
epoch-578, train_loss-0.0390, train_rmse-0.1974, valid_rmse-1.3083, valid_pr-0.7194
epoch-579, train_loss-0.0410, train_rmse-0.2026, valid_rmse-1.3176, valid_pr-0.7146
epoch-580, train_loss-0.0408, train_rmse-0.2019, valid_rmse-1.3085, valid_pr-0.7186
epoch-581, train_loss-0.0407, train_rmse-0.2017, valid_rmse-1.3096, valid_pr-0.7169
epoch-582, train_loss-0.0384, train_rmse-0.1959, valid_rmse-1.3046, valid_pr-0.7191
epoch-583, train_loss-0.0396, train_rmse-0.1991, valid_rmse-1.3161, valid_pr-0.7160
epoch-584, train_loss-0.0413, train_rmse-0.2033, valid_rmse-1.3099, valid_pr-0.7176
epoch-585, train_loss-0.0382, train_rmse-0.1955, valid_rmse-1.3025, valid_pr-0.7204
epoch-586, train_loss-0.0398, train_rmse-0.1995, valid_rmse-1.3036, valid_pr-0.7212
epoch-587, train_loss-0.0395, train_rmse-0.1988, valid_rmse-1.3025, valid_pr-0.7204
epoch-588, train_loss-0.0400, train_rmse-0.1999, valid_rmse-1.3095, valid_pr-0.7209
epoch-589, train_loss-0.0399, train_rmse-0.1998, valid_rmse-1.2978, valid_pr-0.7236
epoch-590, train_loss-0.0375, train_rmse-0.1938, valid_rmse-1.3038, valid_pr-0.7212
epoch-591, train_loss-0.0407, train_rmse-0.2017, valid_rmse-1.3046, valid_pr-0.7215
epoch-592, train_loss-0.0374, train_rmse-0.1933, valid_rmse-1.3140, valid_pr-0.7152
epoch-593, train_loss-0.0378, train_rmse-0.1943, valid_rmse-1.3034, valid_pr-0.7206
epoch-594, train_loss-0.0402, train_rmse-0.2004, valid_rmse-1.3112, valid_pr-0.7190
epoch-595, train_loss-0.0405, train_rmse-0.2013, valid_rmse-1.3093, valid_pr-0.7197
epoch-596, train_loss-0.0416, train_rmse-0.2039, valid_rmse-1.3120, valid_pr-0.7184
epoch-597, train_loss-0.0402, train_rmse-0.2005, valid_rmse-1.3041, valid_pr-0.7222
epoch-598, train_loss-0.0417, train_rmse-0.2042, valid_rmse-1.3096, valid_pr-0.7182
epoch-599, train_loss-0.0417, train_rmse-0.2043, valid_rmse-1.2977, valid_pr-0.7237
epoch-600, train_loss-0.0372, train_rmse-0.1930, valid_rmse-1.3043, valid_pr-0.7223
epoch-601, train_loss-0.0388, train_rmse-0.1970, valid_rmse-1.3027, valid_pr-0.7206
epoch-602, train_loss-0.0384, train_rmse-0.1959, valid_rmse-1.3235, valid_pr-0.7122
epoch-603, train_loss-0.0404, train_rmse-0.2011, valid_rmse-1.3035, valid_pr-0.7215
epoch-604, train_loss-0.0420, train_rmse-0.2050, valid_rmse-1.2973, valid_pr-0.7243
epoch-605, train_loss-0.0421, train_rmse-0.2052, valid_rmse-1.3072, valid_pr-0.7210
epoch-606, train_loss-0.0380, train_rmse-0.1948, valid_rmse-1.3055, valid_pr-0.7208
epoch-607, train_loss-0.0406, train_rmse-0.2014, valid_rmse-1.3037, valid_pr-0.7233
epoch-608, train_loss-0.0399, train_rmse-0.1998, valid_rmse-1.3150, valid_pr-0.7169
epoch-609, train_loss-0.0384, train_rmse-0.1960, valid_rmse-1.3058, valid_pr-0.7197
epoch-610, train_loss-0.0386, train_rmse-0.1965, valid_rmse-1.3014, valid_pr-0.7221
epoch-611, train_loss-0.0401, train_rmse-0.2002, valid_rmse-1.3047, valid_pr-0.7202
epoch-612, train_loss-0.0390, train_rmse-0.1974, valid_rmse-1.2985, valid_pr-0.7231
epoch-613, train_loss-0.0411, train_rmse-0.2028, valid_rmse-1.3078, valid_pr-0.7197
epoch-614, train_loss-0.0410, train_rmse-0.2026, valid_rmse-1.3129, valid_pr-0.7164
epoch-615, train_loss-0.0383, train_rmse-0.1956, valid_rmse-1.3183, valid_pr-0.7156
epoch-616, train_loss-0.0406, train_rmse-0.2016, valid_rmse-1.3128, valid_pr-0.7165
epoch-617, train_loss-0.0393, train_rmse-0.1983, valid_rmse-1.3047, valid_pr-0.7202
epoch-618, train_loss-0.0381, train_rmse-0.1951, valid_rmse-1.3059, valid_pr-0.7217
epoch-619, train_loss-0.0379, train_rmse-0.1948, valid_rmse-1.3021, valid_pr-0.7217
epoch-620, train_loss-0.0381, train_rmse-0.1951, valid_rmse-1.2956, valid_pr-0.7257
epoch-621, train_loss-0.0375, train_rmse-0.1937, valid_rmse-1.3052, valid_pr-0.7195
early stop in epoch 621
best_rmse: 1.2901
valid_rmse-1.2901, valid_pr-0.7308, test2013_rmse-1.4275, test2013_pr-0.7915, test2016_rmse-1.3271, test2016_pr-0.7914, test2019_rmse-1.5174, test2019_pr-0.5767
