ours-lrs-0.001-abl-g-s, lr=0.001, seed=553
train_GIGN.py
train data: 11904
valid data: 1000
test2013 data: 107
test2016 data: 285
test2019 data: 4366
GIGN params # : 1018369
epoch-0, train_loss-19.6158, train_rmse-4.4290, valid_rmse-2.2728, valid_pr-0.3276
Validation : valid_rmse-2.2728, valid_pr-0.3276, 
test2013_rmse-2.1413, test2013_pr-0.5440, test2016_rmse-2.2146, test2016_pr-0.4630, test2019_rmse-2.2855, test2019_pr-0.2896
epoch-1, train_loss-4.1052, train_rmse-2.0261, valid_rmse-1.9924, valid_pr-0.4274
Validation : valid_rmse-1.9924, valid_pr-0.4274, 
test2013_rmse-2.2093, test2013_pr-0.5145, test2016_rmse-2.0443, test2016_pr-0.5523, test2019_rmse-1.9403, test2019_pr-0.4117
epoch-2, train_loss-3.0042, train_rmse-1.7332, valid_rmse-1.9358, valid_pr-0.5058
Validation : valid_rmse-1.9358, valid_pr-0.5058, 
test2013_rmse-1.8043, test2013_pr-0.6601, test2016_rmse-1.7010, test2016_pr-0.6712, test2019_rmse-1.9617, test2019_pr-0.5014
epoch-3, train_loss-2.6022, train_rmse-1.6131, valid_rmse-2.3550, valid_pr-0.5851
epoch-4, train_loss-2.3682, train_rmse-1.5389, valid_rmse-1.5717, valid_pr-0.5934
Validation : valid_rmse-1.5717, valid_pr-0.5934, 
test2013_rmse-1.6756, test2013_pr-0.7069, test2016_rmse-1.5074, test2016_pr-0.7272, test2019_rmse-1.6298, test2019_pr-0.5413
epoch-5, train_loss-2.1713, train_rmse-1.4735, valid_rmse-1.5550, valid_pr-0.5949
Validation : valid_rmse-1.5550, valid_pr-0.5949, 
test2013_rmse-1.6034, test2013_pr-0.7333, test2016_rmse-1.4448, test2016_pr-0.7606, test2019_rmse-1.5530, test2019_pr-0.5663
epoch-6, train_loss-2.0268, train_rmse-1.4237, valid_rmse-1.6014, valid_pr-0.5953
epoch-7, train_loss-1.9565, train_rmse-1.3988, valid_rmse-1.6912, valid_pr-0.5936
epoch-8, train_loss-1.8469, train_rmse-1.3590, valid_rmse-2.1177, valid_pr-0.5609
epoch-9, train_loss-1.7527, train_rmse-1.3239, valid_rmse-1.4109, valid_pr-0.6641
Validation : valid_rmse-1.4109, valid_pr-0.6641, 
test2013_rmse-1.5210, test2013_pr-0.7670, test2016_rmse-1.3595, test2016_pr-0.7888, test2019_rmse-1.5025, test2019_pr-0.5850
epoch-10, train_loss-1.6248, train_rmse-1.2747, valid_rmse-1.5947, valid_pr-0.6220
epoch-11, train_loss-1.6182, train_rmse-1.2721, valid_rmse-2.3818, valid_pr-0.5908
epoch-12, train_loss-1.5139, train_rmse-1.2304, valid_rmse-1.5753, valid_pr-0.6455
epoch-13, train_loss-1.4548, train_rmse-1.2061, valid_rmse-1.6202, valid_pr-0.6741
epoch-14, train_loss-1.3519, train_rmse-1.1627, valid_rmse-2.4024, valid_pr-0.6695
epoch-15, train_loss-1.3064, train_rmse-1.1430, valid_rmse-1.9487, valid_pr-0.6455
epoch-16, train_loss-1.2204, train_rmse-1.1047, valid_rmse-1.5350, valid_pr-0.6291
epoch-17, train_loss-1.1493, train_rmse-1.0720, valid_rmse-1.8375, valid_pr-0.6503
epoch-18, train_loss-1.1143, train_rmse-1.0556, valid_rmse-2.0289, valid_pr-0.6445
epoch-19, train_loss-1.0713, train_rmse-1.0350, valid_rmse-1.4660, valid_pr-0.6545
epoch-20, train_loss-0.9906, train_rmse-0.9953, valid_rmse-1.3574, valid_pr-0.6991
Validation : valid_rmse-1.3574, valid_pr-0.6991, 
test2013_rmse-1.4798, test2013_pr-0.7758, test2016_rmse-1.3245, test2016_pr-0.7973, test2019_rmse-1.5446, test2019_pr-0.5713
epoch-21, train_loss-0.9605, train_rmse-0.9801, valid_rmse-1.5518, valid_pr-0.6656
epoch-22, train_loss-0.9415, train_rmse-0.9703, valid_rmse-2.2914, valid_pr-0.6764
epoch-23, train_loss-0.8724, train_rmse-0.9340, valid_rmse-1.3815, valid_pr-0.6931
epoch-24, train_loss-0.8370, train_rmse-0.9149, valid_rmse-1.3921, valid_pr-0.7004
epoch-25, train_loss-0.7591, train_rmse-0.8712, valid_rmse-1.4083, valid_pr-0.6929
epoch-26, train_loss-0.7555, train_rmse-0.8692, valid_rmse-1.5155, valid_pr-0.6954
epoch-27, train_loss-0.6897, train_rmse-0.8305, valid_rmse-1.4186, valid_pr-0.6893
epoch-28, train_loss-0.6887, train_rmse-0.8299, valid_rmse-1.5253, valid_pr-0.6950
epoch-29, train_loss-0.6322, train_rmse-0.7951, valid_rmse-1.7899, valid_pr-0.6757
epoch-30, train_loss-0.6332, train_rmse-0.7957, valid_rmse-1.4582, valid_pr-0.6932
epoch-31, train_loss-0.6080, train_rmse-0.7797, valid_rmse-1.5476, valid_pr-0.7135
epoch-32, train_loss-0.6131, train_rmse-0.7830, valid_rmse-1.4557, valid_pr-0.6830
epoch-33, train_loss-0.6222, train_rmse-0.7888, valid_rmse-2.8021, valid_pr-0.6749
epoch-34, train_loss-0.5709, train_rmse-0.7556, valid_rmse-1.3882, valid_pr-0.7062
epoch-35, train_loss-0.5302, train_rmse-0.7281, valid_rmse-1.3852, valid_pr-0.6946
epoch-36, train_loss-0.4938, train_rmse-0.7027, valid_rmse-1.3798, valid_pr-0.7044
epoch-37, train_loss-0.5136, train_rmse-0.7166, valid_rmse-1.4866, valid_pr-0.7044
epoch-38, train_loss-0.4924, train_rmse-0.7017, valid_rmse-1.3886, valid_pr-0.7048
epoch-39, train_loss-0.4617, train_rmse-0.6795, valid_rmse-1.4421, valid_pr-0.7075
epoch-40, train_loss-0.4784, train_rmse-0.6917, valid_rmse-1.3807, valid_pr-0.7023
epoch-41, train_loss-0.4542, train_rmse-0.6739, valid_rmse-1.3435, valid_pr-0.7177
Validation : valid_rmse-1.3435, valid_pr-0.7177, 
test2013_rmse-1.3900, test2013_pr-0.8028, test2016_rmse-1.2613, test2016_pr-0.8158, test2019_rmse-1.5244, test2019_pr-0.5955
epoch-42, train_loss-0.4788, train_rmse-0.6919, valid_rmse-1.6206, valid_pr-0.7030
epoch-43, train_loss-0.4671, train_rmse-0.6835, valid_rmse-1.3963, valid_pr-0.7000
epoch-44, train_loss-0.4305, train_rmse-0.6561, valid_rmse-1.4214, valid_pr-0.6995
epoch-45, train_loss-0.4269, train_rmse-0.6534, valid_rmse-1.4528, valid_pr-0.6873
epoch-46, train_loss-0.4325, train_rmse-0.6577, valid_rmse-1.3530, valid_pr-0.7072
epoch-47, train_loss-0.4399, train_rmse-0.6633, valid_rmse-1.5962, valid_pr-0.7165
epoch-48, train_loss-0.4082, train_rmse-0.6389, valid_rmse-1.3994, valid_pr-0.7102
epoch-49, train_loss-0.4019, train_rmse-0.6339, valid_rmse-1.3618, valid_pr-0.7123
epoch-50, train_loss-0.4022, train_rmse-0.6342, valid_rmse-1.4158, valid_pr-0.6966
epoch-51, train_loss-0.3884, train_rmse-0.6232, valid_rmse-1.3485, valid_pr-0.7139
epoch-52, train_loss-0.3751, train_rmse-0.6125, valid_rmse-1.4936, valid_pr-0.6828
epoch-53, train_loss-0.3832, train_rmse-0.6190, valid_rmse-1.4121, valid_pr-0.7086
epoch-54, train_loss-0.3715, train_rmse-0.6095, valid_rmse-1.4966, valid_pr-0.7134
epoch-55, train_loss-0.3719, train_rmse-0.6098, valid_rmse-1.3480, valid_pr-0.7081
epoch-56, train_loss-0.3611, train_rmse-0.6009, valid_rmse-1.3908, valid_pr-0.7081
epoch-57, train_loss-0.3486, train_rmse-0.5905, valid_rmse-1.4154, valid_pr-0.7133
epoch-58, train_loss-0.3580, train_rmse-0.5984, valid_rmse-1.3401, valid_pr-0.7121
Validation : valid_rmse-1.3401, valid_pr-0.7121, 
test2013_rmse-1.3955, test2013_pr-0.8044, test2016_rmse-1.2312, test2016_pr-0.8246, test2019_rmse-1.5165, test2019_pr-0.5911
epoch-59, train_loss-0.3426, train_rmse-0.5853, valid_rmse-1.3335, valid_pr-0.7132
Validation : valid_rmse-1.3335, valid_pr-0.7132, 
test2013_rmse-1.3957, test2013_pr-0.8062, test2016_rmse-1.2459, test2016_pr-0.8244, test2019_rmse-1.4955, test2019_pr-0.5981
epoch-60, train_loss-0.3233, train_rmse-0.5686, valid_rmse-1.4007, valid_pr-0.7005
epoch-61, train_loss-0.3447, train_rmse-0.5871, valid_rmse-1.4160, valid_pr-0.7106
epoch-62, train_loss-0.3315, train_rmse-0.5758, valid_rmse-1.3101, valid_pr-0.7225
Validation : valid_rmse-1.3101, valid_pr-0.7225, 
test2013_rmse-1.3590, test2013_pr-0.8135, test2016_rmse-1.2349, test2016_pr-0.8225, test2019_rmse-1.4890, test2019_pr-0.6021
epoch-63, train_loss-0.3327, train_rmse-0.5768, valid_rmse-1.5720, valid_pr-0.7072
epoch-64, train_loss-0.3272, train_rmse-0.5720, valid_rmse-1.3545, valid_pr-0.7126
epoch-65, train_loss-0.3542, train_rmse-0.5951, valid_rmse-1.5287, valid_pr-0.7103
epoch-66, train_loss-0.3233, train_rmse-0.5686, valid_rmse-1.3077, valid_pr-0.7217
Validation : valid_rmse-1.3077, valid_pr-0.7217, 
test2013_rmse-1.4590, test2013_pr-0.7879, test2016_rmse-1.2767, test2016_pr-0.8162, test2019_rmse-1.4770, test2019_pr-0.6031
epoch-67, train_loss-0.3117, train_rmse-0.5583, valid_rmse-1.3315, valid_pr-0.7186
epoch-68, train_loss-0.3057, train_rmse-0.5529, valid_rmse-1.3069, valid_pr-0.7178
Validation : valid_rmse-1.3069, valid_pr-0.7178, 
test2013_rmse-1.4612, test2013_pr-0.7897, test2016_rmse-1.2784, test2016_pr-0.8137, test2019_rmse-1.4898, test2019_pr-0.5889
epoch-69, train_loss-0.3003, train_rmse-0.5480, valid_rmse-1.4697, valid_pr-0.7080
epoch-70, train_loss-0.3067, train_rmse-0.5538, valid_rmse-1.3327, valid_pr-0.7080
epoch-71, train_loss-0.3143, train_rmse-0.5606, valid_rmse-1.3592, valid_pr-0.7224
epoch-72, train_loss-0.3043, train_rmse-0.5516, valid_rmse-1.3851, valid_pr-0.7158
epoch-73, train_loss-0.2916, train_rmse-0.5400, valid_rmse-1.3221, valid_pr-0.7149
epoch-74, train_loss-0.3111, train_rmse-0.5578, valid_rmse-1.3373, valid_pr-0.7113
epoch-75, train_loss-0.2985, train_rmse-0.5463, valid_rmse-1.3846, valid_pr-0.7181
epoch-76, train_loss-0.2978, train_rmse-0.5457, valid_rmse-1.2928, valid_pr-0.7258
Validation : valid_rmse-1.2928, valid_pr-0.7258, 
test2013_rmse-1.3969, test2013_pr-0.8166, test2016_rmse-1.2467, test2016_pr-0.8269, test2019_rmse-1.4638, test2019_pr-0.6027
epoch-77, train_loss-0.2959, train_rmse-0.5439, valid_rmse-1.4709, valid_pr-0.7112
epoch-78, train_loss-0.2993, train_rmse-0.5471, valid_rmse-1.3453, valid_pr-0.7174
epoch-79, train_loss-0.2873, train_rmse-0.5360, valid_rmse-1.3998, valid_pr-0.7133
epoch-80, train_loss-0.2814, train_rmse-0.5304, valid_rmse-1.3072, valid_pr-0.7210
epoch-81, train_loss-0.2825, train_rmse-0.5315, valid_rmse-1.3407, valid_pr-0.7194
epoch-82, train_loss-0.2752, train_rmse-0.5246, valid_rmse-1.3181, valid_pr-0.7209
epoch-83, train_loss-0.2790, train_rmse-0.5282, valid_rmse-1.3341, valid_pr-0.7152
epoch-84, train_loss-0.2683, train_rmse-0.5180, valid_rmse-1.3000, valid_pr-0.7295
epoch-85, train_loss-0.2738, train_rmse-0.5233, valid_rmse-1.3065, valid_pr-0.7173
epoch-86, train_loss-0.2569, train_rmse-0.5068, valid_rmse-1.3906, valid_pr-0.7131
epoch-87, train_loss-0.2774, train_rmse-0.5267, valid_rmse-1.3453, valid_pr-0.7065
epoch-88, train_loss-0.2592, train_rmse-0.5091, valid_rmse-1.4915, valid_pr-0.7206
epoch-89, train_loss-0.2618, train_rmse-0.5117, valid_rmse-1.2992, valid_pr-0.7253
epoch-90, train_loss-0.2667, train_rmse-0.5165, valid_rmse-1.3727, valid_pr-0.7196
epoch-91, train_loss-0.2616, train_rmse-0.5115, valid_rmse-1.3217, valid_pr-0.7159
epoch-92, train_loss-0.2577, train_rmse-0.5077, valid_rmse-1.4256, valid_pr-0.7149
epoch-93, train_loss-0.2377, train_rmse-0.4876, valid_rmse-1.2998, valid_pr-0.7225
epoch-94, train_loss-0.2500, train_rmse-0.5000, valid_rmse-1.3177, valid_pr-0.7187
epoch-95, train_loss-0.2433, train_rmse-0.4932, valid_rmse-1.3198, valid_pr-0.7157
epoch-96, train_loss-0.2420, train_rmse-0.4920, valid_rmse-1.3234, valid_pr-0.7119
epoch-97, train_loss-0.2447, train_rmse-0.4946, valid_rmse-1.2920, valid_pr-0.7293
Validation : valid_rmse-1.2920, valid_pr-0.7293, 
test2013_rmse-1.3824, test2013_pr-0.8154, test2016_rmse-1.1982, test2016_pr-0.8383, test2019_rmse-1.4634, test2019_pr-0.6132
epoch-98, train_loss-0.2496, train_rmse-0.4996, valid_rmse-1.2988, valid_pr-0.7286
epoch-99, train_loss-0.2460, train_rmse-0.4960, valid_rmse-1.3937, valid_pr-0.7220
epoch-100, train_loss-0.2615, train_rmse-0.5114, valid_rmse-1.4415, valid_pr-0.7229
epoch-101, train_loss-0.2332, train_rmse-0.4829, valid_rmse-1.4927, valid_pr-0.7223
epoch-102, train_loss-0.2403, train_rmse-0.4902, valid_rmse-1.3314, valid_pr-0.7233
epoch-103, train_loss-0.2447, train_rmse-0.4947, valid_rmse-1.3166, valid_pr-0.7213
epoch-104, train_loss-0.2420, train_rmse-0.4920, valid_rmse-1.2933, valid_pr-0.7295
epoch-105, train_loss-0.2380, train_rmse-0.4879, valid_rmse-1.2985, valid_pr-0.7253
epoch-106, train_loss-0.2511, train_rmse-0.5011, valid_rmse-1.3049, valid_pr-0.7223
epoch-107, train_loss-0.2382, train_rmse-0.4880, valid_rmse-1.3021, valid_pr-0.7266
epoch-108, train_loss-0.2183, train_rmse-0.4673, valid_rmse-1.2913, valid_pr-0.7261
Validation : valid_rmse-1.2913, valid_pr-0.7261, 
test2013_rmse-1.4251, test2013_pr-0.8001, test2016_rmse-1.2510, test2016_pr-0.8191, test2019_rmse-1.4658, test2019_pr-0.6085
epoch-109, train_loss-0.2258, train_rmse-0.4752, valid_rmse-1.3017, valid_pr-0.7231
epoch-110, train_loss-0.2326, train_rmse-0.4822, valid_rmse-1.2858, valid_pr-0.7268
Validation : valid_rmse-1.2858, valid_pr-0.7268, 
test2013_rmse-1.3660, test2013_pr-0.8216, test2016_rmse-1.1949, test2016_pr-0.8398, test2019_rmse-1.4497, test2019_pr-0.6108
epoch-111, train_loss-0.2274, train_rmse-0.4769, valid_rmse-1.2983, valid_pr-0.7310
epoch-112, train_loss-0.2324, train_rmse-0.4821, valid_rmse-1.2724, valid_pr-0.7295
Validation : valid_rmse-1.2724, valid_pr-0.7295, 
test2013_rmse-1.4025, test2013_pr-0.8153, test2016_rmse-1.2039, test2016_pr-0.8389, test2019_rmse-1.4529, test2019_pr-0.6030
epoch-113, train_loss-0.2214, train_rmse-0.4705, valid_rmse-1.2927, valid_pr-0.7199
epoch-114, train_loss-0.2231, train_rmse-0.4723, valid_rmse-1.3310, valid_pr-0.7313
epoch-115, train_loss-0.2223, train_rmse-0.4715, valid_rmse-1.2988, valid_pr-0.7268
epoch-116, train_loss-0.2223, train_rmse-0.4715, valid_rmse-1.2859, valid_pr-0.7287
epoch-117, train_loss-0.2107, train_rmse-0.4590, valid_rmse-1.3266, valid_pr-0.7287
epoch-118, train_loss-0.2041, train_rmse-0.4518, valid_rmse-1.3090, valid_pr-0.7266
epoch-119, train_loss-0.2296, train_rmse-0.4791, valid_rmse-1.3315, valid_pr-0.7281
epoch-120, train_loss-0.2057, train_rmse-0.4535, valid_rmse-1.3479, valid_pr-0.7270
epoch-121, train_loss-0.2257, train_rmse-0.4750, valid_rmse-1.3169, valid_pr-0.7337
epoch-122, train_loss-0.2135, train_rmse-0.4621, valid_rmse-1.5577, valid_pr-0.7216
epoch-123, train_loss-0.2031, train_rmse-0.4507, valid_rmse-1.2717, valid_pr-0.7304
Validation : valid_rmse-1.2717, valid_pr-0.7304, 
test2013_rmse-1.3816, test2013_pr-0.8260, test2016_rmse-1.2377, test2016_pr-0.8313, test2019_rmse-1.4450, test2019_pr-0.6061
epoch-124, train_loss-0.2140, train_rmse-0.4626, valid_rmse-1.3091, valid_pr-0.7255
epoch-125, train_loss-0.2077, train_rmse-0.4558, valid_rmse-1.3600, valid_pr-0.7301
epoch-126, train_loss-0.2195, train_rmse-0.4685, valid_rmse-1.2728, valid_pr-0.7358
epoch-127, train_loss-0.2099, train_rmse-0.4581, valid_rmse-1.3218, valid_pr-0.7324
epoch-128, train_loss-0.2120, train_rmse-0.4604, valid_rmse-1.4122, valid_pr-0.7312
epoch-129, train_loss-0.2028, train_rmse-0.4504, valid_rmse-1.2514, valid_pr-0.7406
Validation : valid_rmse-1.2514, valid_pr-0.7406, 
test2013_rmse-1.3291, test2013_pr-0.8368, test2016_rmse-1.1976, test2016_pr-0.8382, test2019_rmse-1.4303, test2019_pr-0.6181
epoch-130, train_loss-0.2047, train_rmse-0.4525, valid_rmse-1.2600, valid_pr-0.7351
epoch-131, train_loss-0.2095, train_rmse-0.4578, valid_rmse-1.2704, valid_pr-0.7357
epoch-132, train_loss-0.2000, train_rmse-0.4472, valid_rmse-1.2800, valid_pr-0.7309
epoch-133, train_loss-0.2003, train_rmse-0.4475, valid_rmse-1.3139, valid_pr-0.7315
epoch-134, train_loss-0.1947, train_rmse-0.4412, valid_rmse-1.2791, valid_pr-0.7335
epoch-135, train_loss-0.2085, train_rmse-0.4566, valid_rmse-1.3159, valid_pr-0.7325
epoch-136, train_loss-0.2047, train_rmse-0.4524, valid_rmse-1.3319, valid_pr-0.7356
epoch-137, train_loss-0.2030, train_rmse-0.4506, valid_rmse-1.3042, valid_pr-0.7222
epoch-138, train_loss-0.1967, train_rmse-0.4435, valid_rmse-1.2733, valid_pr-0.7350
epoch-139, train_loss-0.2055, train_rmse-0.4533, valid_rmse-1.3231, valid_pr-0.7342
epoch-140, train_loss-0.1947, train_rmse-0.4413, valid_rmse-1.2659, valid_pr-0.7317
epoch-141, train_loss-0.1929, train_rmse-0.4393, valid_rmse-1.2804, valid_pr-0.7310
epoch-142, train_loss-0.1992, train_rmse-0.4463, valid_rmse-1.2826, valid_pr-0.7343
epoch-143, train_loss-0.2024, train_rmse-0.4499, valid_rmse-1.3209, valid_pr-0.7276
epoch-144, train_loss-0.1908, train_rmse-0.4368, valid_rmse-1.2918, valid_pr-0.7303
epoch-145, train_loss-0.1920, train_rmse-0.4382, valid_rmse-1.3623, valid_pr-0.7245
epoch-146, train_loss-0.2014, train_rmse-0.4488, valid_rmse-1.2831, valid_pr-0.7281
epoch-147, train_loss-0.2044, train_rmse-0.4521, valid_rmse-1.2875, valid_pr-0.7287
epoch-148, train_loss-0.1907, train_rmse-0.4367, valid_rmse-1.2733, valid_pr-0.7297
epoch-149, train_loss-0.1972, train_rmse-0.4440, valid_rmse-1.2629, valid_pr-0.7395
epoch-150, train_loss-0.1744, train_rmse-0.4176, valid_rmse-1.2830, valid_pr-0.7326
epoch-151, train_loss-0.1694, train_rmse-0.4116, valid_rmse-1.2713, valid_pr-0.7356
epoch-152, train_loss-0.1942, train_rmse-0.4407, valid_rmse-1.3706, valid_pr-0.7373
epoch-153, train_loss-0.1745, train_rmse-0.4178, valid_rmse-1.4211, valid_pr-0.7343
epoch-154, train_loss-0.1785, train_rmse-0.4225, valid_rmse-1.2533, valid_pr-0.7395
epoch-155, train_loss-0.1675, train_rmse-0.4093, valid_rmse-1.2673, valid_pr-0.7365
epoch-156, train_loss-0.1875, train_rmse-0.4330, valid_rmse-1.2825, valid_pr-0.7281
epoch-157, train_loss-0.1843, train_rmse-0.4293, valid_rmse-1.2766, valid_pr-0.7337
epoch-158, train_loss-0.1903, train_rmse-0.4362, valid_rmse-1.3048, valid_pr-0.7342
epoch-159, train_loss-0.1778, train_rmse-0.4217, valid_rmse-1.2629, valid_pr-0.7379
epoch-160, train_loss-0.1853, train_rmse-0.4305, valid_rmse-1.2625, valid_pr-0.7394
epoch-161, train_loss-0.1992, train_rmse-0.4464, valid_rmse-1.2729, valid_pr-0.7404
epoch-162, train_loss-0.1951, train_rmse-0.4417, valid_rmse-1.2449, valid_pr-0.7445
Validation : valid_rmse-1.2449, valid_pr-0.7445, 
test2013_rmse-1.3512, test2013_pr-0.8290, test2016_rmse-1.2119, test2016_pr-0.8348, test2019_rmse-1.4301, test2019_pr-0.6232
epoch-163, train_loss-0.1802, train_rmse-0.4245, valid_rmse-1.3005, valid_pr-0.7370
epoch-164, train_loss-0.1795, train_rmse-0.4237, valid_rmse-1.3166, valid_pr-0.7363
epoch-165, train_loss-0.1858, train_rmse-0.4310, valid_rmse-1.2771, valid_pr-0.7413
epoch-166, train_loss-0.1852, train_rmse-0.4303, valid_rmse-1.2967, valid_pr-0.7375
epoch-167, train_loss-0.1837, train_rmse-0.4286, valid_rmse-1.2693, valid_pr-0.7361
epoch-168, train_loss-0.1799, train_rmse-0.4242, valid_rmse-1.2694, valid_pr-0.7355
epoch-169, train_loss-0.1770, train_rmse-0.4207, valid_rmse-1.2637, valid_pr-0.7400
epoch-170, train_loss-0.1692, train_rmse-0.4113, valid_rmse-1.2418, valid_pr-0.7478
Validation : valid_rmse-1.2418, valid_pr-0.7478, 
test2013_rmse-1.3781, test2013_pr-0.8240, test2016_rmse-1.2018, test2016_pr-0.8400, test2019_rmse-1.4331, test2019_pr-0.6181
epoch-171, train_loss-0.1753, train_rmse-0.4187, valid_rmse-1.2778, valid_pr-0.7417
epoch-172, train_loss-0.1717, train_rmse-0.4143, valid_rmse-1.2964, valid_pr-0.7300
epoch-173, train_loss-0.1793, train_rmse-0.4234, valid_rmse-1.2728, valid_pr-0.7349
epoch-174, train_loss-0.1731, train_rmse-0.4161, valid_rmse-1.2832, valid_pr-0.7373
epoch-175, train_loss-0.1654, train_rmse-0.4066, valid_rmse-1.2779, valid_pr-0.7358
epoch-176, train_loss-0.1789, train_rmse-0.4230, valid_rmse-1.2983, valid_pr-0.7360
epoch-177, train_loss-0.1683, train_rmse-0.4103, valid_rmse-1.2897, valid_pr-0.7344
epoch-178, train_loss-0.1662, train_rmse-0.4076, valid_rmse-1.2588, valid_pr-0.7396
epoch-179, train_loss-0.1744, train_rmse-0.4176, valid_rmse-1.2766, valid_pr-0.7354
epoch-180, train_loss-0.1745, train_rmse-0.4177, valid_rmse-1.2696, valid_pr-0.7370
epoch-181, train_loss-0.1767, train_rmse-0.4204, valid_rmse-1.2481, valid_pr-0.7378
epoch-182, train_loss-0.1753, train_rmse-0.4187, valid_rmse-1.2355, valid_pr-0.7479
Validation : valid_rmse-1.2355, valid_pr-0.7479, 
test2013_rmse-1.3245, test2013_pr-0.8404, test2016_rmse-1.1800, test2016_pr-0.8447, test2019_rmse-1.4051, test2019_pr-0.6344
epoch-183, train_loss-0.1715, train_rmse-0.4142, valid_rmse-1.3091, valid_pr-0.7436
epoch-184, train_loss-0.1699, train_rmse-0.4122, valid_rmse-1.2650, valid_pr-0.7356
epoch-185, train_loss-0.1911, train_rmse-0.4371, valid_rmse-1.2549, valid_pr-0.7377
epoch-186, train_loss-0.1685, train_rmse-0.4105, valid_rmse-1.2681, valid_pr-0.7342
epoch-187, train_loss-0.1750, train_rmse-0.4183, valid_rmse-1.2507, valid_pr-0.7425
epoch-188, train_loss-0.1603, train_rmse-0.4004, valid_rmse-1.2672, valid_pr-0.7345
epoch-189, train_loss-0.1612, train_rmse-0.4015, valid_rmse-1.2493, valid_pr-0.7406
epoch-190, train_loss-0.1563, train_rmse-0.3954, valid_rmse-1.2610, valid_pr-0.7374
epoch-191, train_loss-0.1628, train_rmse-0.4035, valid_rmse-1.2888, valid_pr-0.7466
epoch-192, train_loss-0.1611, train_rmse-0.4014, valid_rmse-1.3742, valid_pr-0.7284
epoch-193, train_loss-0.1706, train_rmse-0.4131, valid_rmse-1.2657, valid_pr-0.7401
epoch-194, train_loss-0.1746, train_rmse-0.4178, valid_rmse-1.2582, valid_pr-0.7413
epoch-195, train_loss-0.1566, train_rmse-0.3957, valid_rmse-1.2535, valid_pr-0.7427
epoch-196, train_loss-0.1639, train_rmse-0.4048, valid_rmse-1.2626, valid_pr-0.7371
epoch-197, train_loss-0.1664, train_rmse-0.4079, valid_rmse-1.2485, valid_pr-0.7405
epoch-198, train_loss-0.1701, train_rmse-0.4125, valid_rmse-1.2939, valid_pr-0.7417
epoch-199, train_loss-0.1647, train_rmse-0.4058, valid_rmse-1.2979, valid_pr-0.7355
epoch-200, train_loss-0.1763, train_rmse-0.4198, valid_rmse-1.2704, valid_pr-0.7363
epoch-201, train_loss-0.1629, train_rmse-0.4037, valid_rmse-1.3173, valid_pr-0.7417
epoch-202, train_loss-0.1658, train_rmse-0.4072, valid_rmse-1.3076, valid_pr-0.7392
epoch-203, train_loss-0.1738, train_rmse-0.4170, valid_rmse-1.2585, valid_pr-0.7361
epoch-204, train_loss-0.1534, train_rmse-0.3916, valid_rmse-1.2626, valid_pr-0.7401
epoch-205, train_loss-0.1554, train_rmse-0.3942, valid_rmse-1.2968, valid_pr-0.7394
epoch-206, train_loss-0.1627, train_rmse-0.4034, valid_rmse-1.2454, valid_pr-0.7422
epoch-207, train_loss-0.1635, train_rmse-0.4044, valid_rmse-1.2370, valid_pr-0.7449
epoch-208, train_loss-0.1490, train_rmse-0.3860, valid_rmse-1.3016, valid_pr-0.7397
epoch-209, train_loss-0.1683, train_rmse-0.4102, valid_rmse-1.2867, valid_pr-0.7315
epoch-210, train_loss-0.1745, train_rmse-0.4177, valid_rmse-1.2559, valid_pr-0.7389
epoch-211, train_loss-0.1707, train_rmse-0.4132, valid_rmse-1.2544, valid_pr-0.7426
epoch-212, train_loss-0.1492, train_rmse-0.3862, valid_rmse-1.2436, valid_pr-0.7461
epoch-213, train_loss-0.1580, train_rmse-0.3974, valid_rmse-1.2622, valid_pr-0.7392
epoch-214, train_loss-0.1638, train_rmse-0.4047, valid_rmse-1.2548, valid_pr-0.7495
epoch-215, train_loss-0.1548, train_rmse-0.3934, valid_rmse-1.2857, valid_pr-0.7446
epoch-216, train_loss-0.1572, train_rmse-0.3965, valid_rmse-1.2766, valid_pr-0.7434
epoch-217, train_loss-0.1457, train_rmse-0.3817, valid_rmse-1.2470, valid_pr-0.7434
epoch-218, train_loss-0.1597, train_rmse-0.3996, valid_rmse-1.2547, valid_pr-0.7446
epoch-219, train_loss-0.1529, train_rmse-0.3911, valid_rmse-1.2326, valid_pr-0.7485
Validation : valid_rmse-1.2326, valid_pr-0.7485, 
test2013_rmse-1.3868, test2013_pr-0.8196, test2016_rmse-1.2197, test2016_pr-0.8354, test2019_rmse-1.4073, test2019_pr-0.6280
epoch-220, train_loss-0.1642, train_rmse-0.4052, valid_rmse-1.2667, valid_pr-0.7365
epoch-221, train_loss-0.1583, train_rmse-0.3978, valid_rmse-1.2672, valid_pr-0.7406
epoch-222, train_loss-0.1606, train_rmse-0.4008, valid_rmse-1.2541, valid_pr-0.7406
epoch-223, train_loss-0.1613, train_rmse-0.4016, valid_rmse-1.2429, valid_pr-0.7451
epoch-224, train_loss-0.1553, train_rmse-0.3941, valid_rmse-1.2540, valid_pr-0.7414
epoch-225, train_loss-0.1597, train_rmse-0.3997, valid_rmse-1.2396, valid_pr-0.7438
epoch-226, train_loss-0.1586, train_rmse-0.3983, valid_rmse-1.2509, valid_pr-0.7450
epoch-227, train_loss-0.1636, train_rmse-0.4045, valid_rmse-1.2680, valid_pr-0.7452
epoch-228, train_loss-0.1444, train_rmse-0.3800, valid_rmse-1.2655, valid_pr-0.7387
epoch-229, train_loss-0.1463, train_rmse-0.3825, valid_rmse-1.2537, valid_pr-0.7417
epoch-230, train_loss-0.1439, train_rmse-0.3794, valid_rmse-1.2854, valid_pr-0.7443
epoch-231, train_loss-0.1693, train_rmse-0.4114, valid_rmse-1.2761, valid_pr-0.7388
epoch-232, train_loss-0.1454, train_rmse-0.3813, valid_rmse-1.2509, valid_pr-0.7420
epoch-233, train_loss-0.1545, train_rmse-0.3930, valid_rmse-1.2830, valid_pr-0.7366
epoch-234, train_loss-0.1488, train_rmse-0.3857, valid_rmse-1.2723, valid_pr-0.7386
epoch-235, train_loss-0.1480, train_rmse-0.3847, valid_rmse-1.2657, valid_pr-0.7379
epoch-236, train_loss-0.1443, train_rmse-0.3799, valid_rmse-1.2807, valid_pr-0.7437
epoch-237, train_loss-0.1453, train_rmse-0.3811, valid_rmse-1.2587, valid_pr-0.7405
epoch-238, train_loss-0.1741, train_rmse-0.4172, valid_rmse-1.2423, valid_pr-0.7408
epoch-239, train_loss-0.1602, train_rmse-0.4002, valid_rmse-1.2339, valid_pr-0.7455
epoch-240, train_loss-0.1536, train_rmse-0.3919, valid_rmse-1.2517, valid_pr-0.7436
epoch-241, train_loss-0.1523, train_rmse-0.3903, valid_rmse-1.2483, valid_pr-0.7406
epoch-242, train_loss-0.1453, train_rmse-0.3811, valid_rmse-1.2560, valid_pr-0.7394
epoch-243, train_loss-0.1593, train_rmse-0.3991, valid_rmse-1.2882, valid_pr-0.7417
epoch-244, train_loss-0.1535, train_rmse-0.3918, valid_rmse-1.2504, valid_pr-0.7467
epoch-245, train_loss-0.1411, train_rmse-0.3757, valid_rmse-1.2504, valid_pr-0.7391
epoch-246, train_loss-0.1571, train_rmse-0.3963, valid_rmse-1.2580, valid_pr-0.7427
epoch-247, train_loss-0.1503, train_rmse-0.3877, valid_rmse-1.2794, valid_pr-0.7386
epoch-248, train_loss-0.1474, train_rmse-0.3839, valid_rmse-1.2568, valid_pr-0.7430
epoch-249, train_loss-0.1375, train_rmse-0.3708, valid_rmse-1.2619, valid_pr-0.7394
epoch-250, train_loss-0.1453, train_rmse-0.3812, valid_rmse-1.2597, valid_pr-0.7424
epoch-251, train_loss-0.1460, train_rmse-0.3820, valid_rmse-1.2679, valid_pr-0.7415
epoch-252, train_loss-0.1362, train_rmse-0.3691, valid_rmse-1.2373, valid_pr-0.7458
epoch-253, train_loss-0.1410, train_rmse-0.3755, valid_rmse-1.2568, valid_pr-0.7370
epoch-254, train_loss-0.1548, train_rmse-0.3935, valid_rmse-1.2657, valid_pr-0.7374
epoch-255, train_loss-0.1445, train_rmse-0.3801, valid_rmse-1.2493, valid_pr-0.7411
epoch-256, train_loss-0.1437, train_rmse-0.3791, valid_rmse-1.2963, valid_pr-0.7385
epoch-257, train_loss-0.1436, train_rmse-0.3790, valid_rmse-1.2526, valid_pr-0.7385
epoch-258, train_loss-0.1371, train_rmse-0.3703, valid_rmse-1.2483, valid_pr-0.7452
epoch-259, train_loss-0.1408, train_rmse-0.3753, valid_rmse-1.3205, valid_pr-0.7378
epoch-260, train_loss-0.1493, train_rmse-0.3864, valid_rmse-1.2396, valid_pr-0.7435
epoch-261, train_loss-0.1420, train_rmse-0.3768, valid_rmse-1.2573, valid_pr-0.7435
epoch-262, train_loss-0.1375, train_rmse-0.3708, valid_rmse-1.2446, valid_pr-0.7431
epoch-263, train_loss-0.1392, train_rmse-0.3731, valid_rmse-1.2408, valid_pr-0.7430
epoch-264, train_loss-0.1365, train_rmse-0.3695, valid_rmse-1.2541, valid_pr-0.7388
epoch-265, train_loss-0.1290, train_rmse-0.3591, valid_rmse-1.2613, valid_pr-0.7445
epoch-266, train_loss-0.1389, train_rmse-0.3727, valid_rmse-1.2530, valid_pr-0.7420
epoch-267, train_loss-0.1538, train_rmse-0.3922, valid_rmse-1.3220, valid_pr-0.7460
epoch-268, train_loss-0.1442, train_rmse-0.3798, valid_rmse-1.2366, valid_pr-0.7438
epoch-269, train_loss-0.1460, train_rmse-0.3821, valid_rmse-1.2302, valid_pr-0.7475
Validation : valid_rmse-1.2302, valid_pr-0.7475, 
test2013_rmse-1.3673, test2013_pr-0.8299, test2016_rmse-1.2126, test2016_pr-0.8380, test2019_rmse-1.3889, test2019_pr-0.6359
epoch-270, train_loss-0.1491, train_rmse-0.3862, valid_rmse-1.2571, valid_pr-0.7452
epoch-271, train_loss-0.1377, train_rmse-0.3710, valid_rmse-1.2491, valid_pr-0.7434
epoch-272, train_loss-0.1389, train_rmse-0.3727, valid_rmse-1.2614, valid_pr-0.7453
epoch-273, train_loss-0.1353, train_rmse-0.3679, valid_rmse-1.2385, valid_pr-0.7460
epoch-274, train_loss-0.1376, train_rmse-0.3709, valid_rmse-1.2498, valid_pr-0.7413
epoch-275, train_loss-0.1350, train_rmse-0.3675, valid_rmse-1.2893, valid_pr-0.7415
epoch-276, train_loss-0.1367, train_rmse-0.3697, valid_rmse-1.2389, valid_pr-0.7456
epoch-277, train_loss-0.1367, train_rmse-0.3697, valid_rmse-1.2515, valid_pr-0.7475
epoch-278, train_loss-0.1448, train_rmse-0.3805, valid_rmse-1.2528, valid_pr-0.7420
epoch-279, train_loss-0.1431, train_rmse-0.3783, valid_rmse-1.2461, valid_pr-0.7436
epoch-280, train_loss-0.1349, train_rmse-0.3673, valid_rmse-1.2725, valid_pr-0.7450
epoch-281, train_loss-0.1493, train_rmse-0.3863, valid_rmse-1.3331, valid_pr-0.7445
epoch-282, train_loss-0.1414, train_rmse-0.3760, valid_rmse-1.2402, valid_pr-0.7438
epoch-283, train_loss-0.1394, train_rmse-0.3734, valid_rmse-1.2408, valid_pr-0.7451
epoch-284, train_loss-0.1349, train_rmse-0.3673, valid_rmse-1.2420, valid_pr-0.7427
epoch-285, train_loss-0.1425, train_rmse-0.3775, valid_rmse-1.2546, valid_pr-0.7453
epoch-286, train_loss-0.1367, train_rmse-0.3697, valid_rmse-1.2509, valid_pr-0.7423
epoch-287, train_loss-0.1355, train_rmse-0.3682, valid_rmse-1.2566, valid_pr-0.7462
epoch-288, train_loss-0.1485, train_rmse-0.3853, valid_rmse-1.2437, valid_pr-0.7429
epoch-289, train_loss-0.1385, train_rmse-0.3722, valid_rmse-1.2482, valid_pr-0.7459
epoch-290, train_loss-0.1317, train_rmse-0.3629, valid_rmse-1.2528, valid_pr-0.7431
epoch-291, train_loss-0.1397, train_rmse-0.3738, valid_rmse-1.2719, valid_pr-0.7435
epoch-292, train_loss-0.1399, train_rmse-0.3741, valid_rmse-1.2457, valid_pr-0.7472
epoch-293, train_loss-0.1287, train_rmse-0.3588, valid_rmse-1.2567, valid_pr-0.7383
epoch-294, train_loss-0.1345, train_rmse-0.3668, valid_rmse-1.2331, valid_pr-0.7468
epoch-295, train_loss-0.1418, train_rmse-0.3765, valid_rmse-1.2444, valid_pr-0.7456
epoch-296, train_loss-0.1368, train_rmse-0.3699, valid_rmse-1.2633, valid_pr-0.7409
epoch-297, train_loss-0.1318, train_rmse-0.3630, valid_rmse-1.2445, valid_pr-0.7468
epoch-298, train_loss-0.1553, train_rmse-0.3941, valid_rmse-1.2583, valid_pr-0.7448
epoch-299, train_loss-0.1314, train_rmse-0.3625, valid_rmse-1.2555, valid_pr-0.7467
epoch-300, train_loss-0.1389, train_rmse-0.3727, valid_rmse-1.2396, valid_pr-0.7437
epoch-301, train_loss-0.1551, train_rmse-0.3939, valid_rmse-1.2754, valid_pr-0.7351
epoch-302, train_loss-0.1325, train_rmse-0.3640, valid_rmse-1.2284, valid_pr-0.7488
Validation : valid_rmse-1.2284, valid_pr-0.7488, 
test2013_rmse-1.3339, test2013_pr-0.8426, test2016_rmse-1.1555, test2016_pr-0.8567, test2019_rmse-1.3990, test2019_pr-0.6336
epoch-303, train_loss-0.1353, train_rmse-0.3679, valid_rmse-1.2423, valid_pr-0.7434
epoch-304, train_loss-0.1483, train_rmse-0.3851, valid_rmse-1.2900, valid_pr-0.7462
epoch-305, train_loss-0.1389, train_rmse-0.3727, valid_rmse-1.2579, valid_pr-0.7426
epoch-306, train_loss-0.1247, train_rmse-0.3532, valid_rmse-1.2472, valid_pr-0.7446
epoch-307, train_loss-0.1271, train_rmse-0.3565, valid_rmse-1.2420, valid_pr-0.7429
epoch-308, train_loss-0.1364, train_rmse-0.3693, valid_rmse-1.2455, valid_pr-0.7432
epoch-309, train_loss-0.1352, train_rmse-0.3677, valid_rmse-1.2763, valid_pr-0.7450
epoch-310, train_loss-0.1457, train_rmse-0.3817, valid_rmse-1.2401, valid_pr-0.7457
epoch-311, train_loss-0.1372, train_rmse-0.3704, valid_rmse-1.2535, valid_pr-0.7453
epoch-312, train_loss-0.1370, train_rmse-0.3701, valid_rmse-1.2428, valid_pr-0.7415
epoch-313, train_loss-0.1240, train_rmse-0.3522, valid_rmse-1.2414, valid_pr-0.7465
epoch-314, train_loss-0.1331, train_rmse-0.3648, valid_rmse-1.2460, valid_pr-0.7424
epoch-315, train_loss-0.1208, train_rmse-0.3475, valid_rmse-1.2348, valid_pr-0.7471
epoch-316, train_loss-0.1280, train_rmse-0.3578, valid_rmse-1.2442, valid_pr-0.7441
epoch-317, train_loss-0.1380, train_rmse-0.3715, valid_rmse-1.2679, valid_pr-0.7402
epoch-318, train_loss-0.1326, train_rmse-0.3641, valid_rmse-1.2447, valid_pr-0.7427
epoch-319, train_loss-0.1450, train_rmse-0.3808, valid_rmse-1.2655, valid_pr-0.7456
epoch-320, train_loss-0.1327, train_rmse-0.3643, valid_rmse-1.2764, valid_pr-0.7401
epoch-321, train_loss-0.1400, train_rmse-0.3742, valid_rmse-1.2383, valid_pr-0.7478
epoch-322, train_loss-0.1457, train_rmse-0.3816, valid_rmse-1.2517, valid_pr-0.7388
epoch-323, train_loss-0.1334, train_rmse-0.3652, valid_rmse-1.2638, valid_pr-0.7441
epoch-324, train_loss-0.1334, train_rmse-0.3653, valid_rmse-1.2296, valid_pr-0.7498
epoch-325, train_loss-0.1281, train_rmse-0.3579, valid_rmse-1.2326, valid_pr-0.7486
epoch-326, train_loss-0.1259, train_rmse-0.3549, valid_rmse-1.2497, valid_pr-0.7425
epoch-327, train_loss-0.1280, train_rmse-0.3577, valid_rmse-1.2411, valid_pr-0.7436
epoch-328, train_loss-0.1353, train_rmse-0.3678, valid_rmse-1.2516, valid_pr-0.7438
epoch-329, train_loss-0.1328, train_rmse-0.3645, valid_rmse-1.2450, valid_pr-0.7463
epoch-330, train_loss-0.1267, train_rmse-0.3560, valid_rmse-1.2316, valid_pr-0.7467
epoch-331, train_loss-0.1289, train_rmse-0.3590, valid_rmse-1.2510, valid_pr-0.7444
epoch-332, train_loss-0.1345, train_rmse-0.3667, valid_rmse-1.2275, valid_pr-0.7498
Validation : valid_rmse-1.2275, valid_pr-0.7498, 
test2013_rmse-1.3522, test2013_pr-0.8335, test2016_rmse-1.1856, test2016_pr-0.8439, test2019_rmse-1.3879, test2019_pr-0.6406
epoch-333, train_loss-0.1408, train_rmse-0.3753, valid_rmse-1.2535, valid_pr-0.7413
epoch-334, train_loss-0.1372, train_rmse-0.3704, valid_rmse-1.2485, valid_pr-0.7406
epoch-335, train_loss-0.1298, train_rmse-0.3603, valid_rmse-1.2384, valid_pr-0.7445
epoch-336, train_loss-0.1246, train_rmse-0.3530, valid_rmse-1.2530, valid_pr-0.7458
epoch-337, train_loss-0.1271, train_rmse-0.3565, valid_rmse-1.2513, valid_pr-0.7396
epoch-338, train_loss-0.1298, train_rmse-0.3603, valid_rmse-1.2459, valid_pr-0.7460
epoch-339, train_loss-0.1383, train_rmse-0.3718, valid_rmse-1.2473, valid_pr-0.7455
epoch-340, train_loss-0.1350, train_rmse-0.3675, valid_rmse-1.2433, valid_pr-0.7433
epoch-341, train_loss-0.1318, train_rmse-0.3631, valid_rmse-1.2297, valid_pr-0.7481
epoch-342, train_loss-0.1303, train_rmse-0.3610, valid_rmse-1.2281, valid_pr-0.7495
epoch-343, train_loss-0.1237, train_rmse-0.3518, valid_rmse-1.2290, valid_pr-0.7490
epoch-344, train_loss-0.1245, train_rmse-0.3529, valid_rmse-1.2297, valid_pr-0.7490
epoch-345, train_loss-0.1266, train_rmse-0.3557, valid_rmse-1.2444, valid_pr-0.7468
epoch-346, train_loss-0.1332, train_rmse-0.3649, valid_rmse-1.2304, valid_pr-0.7473
epoch-347, train_loss-0.1261, train_rmse-0.3551, valid_rmse-1.2397, valid_pr-0.7442
epoch-348, train_loss-0.1329, train_rmse-0.3646, valid_rmse-1.2510, valid_pr-0.7415
epoch-349, train_loss-0.1279, train_rmse-0.3577, valid_rmse-1.2493, valid_pr-0.7406
epoch-350, train_loss-0.1149, train_rmse-0.3390, valid_rmse-1.2517, valid_pr-0.7467
epoch-351, train_loss-0.1186, train_rmse-0.3444, valid_rmse-1.2865, valid_pr-0.7439
epoch-352, train_loss-0.1268, train_rmse-0.3561, valid_rmse-1.2474, valid_pr-0.7435
epoch-353, train_loss-0.1459, train_rmse-0.3820, valid_rmse-1.2319, valid_pr-0.7477
epoch-354, train_loss-0.1291, train_rmse-0.3593, valid_rmse-1.2387, valid_pr-0.7472
epoch-355, train_loss-0.1320, train_rmse-0.3633, valid_rmse-1.2542, valid_pr-0.7448
epoch-356, train_loss-0.1184, train_rmse-0.3441, valid_rmse-1.3194, valid_pr-0.7388
epoch-357, train_loss-0.1300, train_rmse-0.3605, valid_rmse-1.2356, valid_pr-0.7448
epoch-358, train_loss-0.1258, train_rmse-0.3547, valid_rmse-1.2402, valid_pr-0.7469
epoch-359, train_loss-0.1251, train_rmse-0.3538, valid_rmse-1.2370, valid_pr-0.7443
epoch-360, train_loss-0.1173, train_rmse-0.3425, valid_rmse-1.2388, valid_pr-0.7473
epoch-361, train_loss-0.1305, train_rmse-0.3612, valid_rmse-1.2261, valid_pr-0.7511
Validation : valid_rmse-1.2261, valid_pr-0.7511, 
test2013_rmse-1.3670, test2013_pr-0.8404, test2016_rmse-1.2052, test2016_pr-0.8492, test2019_rmse-1.3741, test2019_pr-0.6433
epoch-362, train_loss-0.1430, train_rmse-0.3782, valid_rmse-1.2656, valid_pr-0.7431
epoch-363, train_loss-0.1369, train_rmse-0.3700, valid_rmse-1.2311, valid_pr-0.7463
epoch-364, train_loss-0.1329, train_rmse-0.3646, valid_rmse-1.2489, valid_pr-0.7461
epoch-365, train_loss-0.1273, train_rmse-0.3568, valid_rmse-1.2360, valid_pr-0.7435
epoch-366, train_loss-0.1253, train_rmse-0.3539, valid_rmse-1.2563, valid_pr-0.7452
epoch-367, train_loss-0.1222, train_rmse-0.3496, valid_rmse-1.2582, valid_pr-0.7388
epoch-368, train_loss-0.1157, train_rmse-0.3402, valid_rmse-1.2283, valid_pr-0.7475
epoch-369, train_loss-0.1193, train_rmse-0.3454, valid_rmse-1.2554, valid_pr-0.7428
epoch-370, train_loss-0.1368, train_rmse-0.3698, valid_rmse-1.2679, valid_pr-0.7405
epoch-371, train_loss-0.1368, train_rmse-0.3699, valid_rmse-1.2668, valid_pr-0.7417
epoch-372, train_loss-0.1217, train_rmse-0.3488, valid_rmse-1.2431, valid_pr-0.7467
epoch-373, train_loss-0.1239, train_rmse-0.3521, valid_rmse-1.2253, valid_pr-0.7503
Validation : valid_rmse-1.2253, valid_pr-0.7503, 
test2013_rmse-1.3384, test2013_pr-0.8464, test2016_rmse-1.1726, test2016_pr-0.8517, test2019_rmse-1.3817, test2019_pr-0.6442
epoch-374, train_loss-0.1209, train_rmse-0.3477, valid_rmse-1.2326, valid_pr-0.7467
epoch-375, train_loss-0.1215, train_rmse-0.3486, valid_rmse-1.2351, valid_pr-0.7473
epoch-376, train_loss-0.1223, train_rmse-0.3497, valid_rmse-1.2588, valid_pr-0.7407
epoch-377, train_loss-0.1329, train_rmse-0.3646, valid_rmse-1.2932, valid_pr-0.7435
epoch-378, train_loss-0.1237, train_rmse-0.3517, valid_rmse-1.2590, valid_pr-0.7412
epoch-379, train_loss-0.1216, train_rmse-0.3487, valid_rmse-1.2328, valid_pr-0.7464
epoch-380, train_loss-0.1251, train_rmse-0.3536, valid_rmse-1.2316, valid_pr-0.7468
epoch-381, train_loss-0.1386, train_rmse-0.3722, valid_rmse-1.2520, valid_pr-0.7411
epoch-382, train_loss-0.1178, train_rmse-0.3433, valid_rmse-1.2438, valid_pr-0.7451
epoch-383, train_loss-0.1293, train_rmse-0.3596, valid_rmse-1.2360, valid_pr-0.7469
epoch-384, train_loss-0.1316, train_rmse-0.3627, valid_rmse-1.2293, valid_pr-0.7497
epoch-385, train_loss-0.1213, train_rmse-0.3483, valid_rmse-1.2234, valid_pr-0.7503
Validation : valid_rmse-1.2234, valid_pr-0.7503, 
test2013_rmse-1.3398, test2013_pr-0.8405, test2016_rmse-1.1907, test2016_pr-0.8466, test2019_rmse-1.3820, test2019_pr-0.6404
epoch-386, train_loss-0.1272, train_rmse-0.3566, valid_rmse-1.2429, valid_pr-0.7437
epoch-387, train_loss-0.1207, train_rmse-0.3474, valid_rmse-1.2161, valid_pr-0.7536
Validation : valid_rmse-1.2161, valid_pr-0.7536, 
test2013_rmse-1.3566, test2013_pr-0.8331, test2016_rmse-1.1848, test2016_pr-0.8472, test2019_rmse-1.3788, test2019_pr-0.6438
epoch-388, train_loss-0.1212, train_rmse-0.3482, valid_rmse-1.2342, valid_pr-0.7489
epoch-389, train_loss-0.1196, train_rmse-0.3458, valid_rmse-1.2364, valid_pr-0.7490
epoch-390, train_loss-0.1183, train_rmse-0.3439, valid_rmse-1.2616, valid_pr-0.7457
epoch-391, train_loss-0.1135, train_rmse-0.3369, valid_rmse-1.2241, valid_pr-0.7502
epoch-392, train_loss-0.1300, train_rmse-0.3605, valid_rmse-1.2386, valid_pr-0.7449
epoch-393, train_loss-0.1175, train_rmse-0.3428, valid_rmse-1.2456, valid_pr-0.7476
epoch-394, train_loss-0.1104, train_rmse-0.3323, valid_rmse-1.2270, valid_pr-0.7498
epoch-395, train_loss-0.1120, train_rmse-0.3347, valid_rmse-1.2526, valid_pr-0.7505
epoch-396, train_loss-0.1144, train_rmse-0.3382, valid_rmse-1.2383, valid_pr-0.7488
epoch-397, train_loss-0.1199, train_rmse-0.3463, valid_rmse-1.2529, valid_pr-0.7482
epoch-398, train_loss-0.1221, train_rmse-0.3494, valid_rmse-1.2284, valid_pr-0.7482
epoch-399, train_loss-0.1220, train_rmse-0.3493, valid_rmse-1.2397, valid_pr-0.7481
epoch-400, train_loss-0.1285, train_rmse-0.3584, valid_rmse-1.2356, valid_pr-0.7450
epoch-401, train_loss-0.1211, train_rmse-0.3480, valid_rmse-1.2389, valid_pr-0.7455
epoch-402, train_loss-0.1191, train_rmse-0.3451, valid_rmse-1.2439, valid_pr-0.7441
epoch-403, train_loss-0.1218, train_rmse-0.3490, valid_rmse-1.2348, valid_pr-0.7469
epoch-404, train_loss-0.1183, train_rmse-0.3439, valid_rmse-1.2368, valid_pr-0.7480
epoch-405, train_loss-0.1202, train_rmse-0.3468, valid_rmse-1.2371, valid_pr-0.7495
epoch-406, train_loss-0.1274, train_rmse-0.3570, valid_rmse-1.2245, valid_pr-0.7493
epoch-407, train_loss-0.1118, train_rmse-0.3344, valid_rmse-1.2311, valid_pr-0.7501
epoch-408, train_loss-0.1107, train_rmse-0.3327, valid_rmse-1.2441, valid_pr-0.7434
epoch-409, train_loss-0.1225, train_rmse-0.3500, valid_rmse-1.2458, valid_pr-0.7398
epoch-410, train_loss-0.1101, train_rmse-0.3318, valid_rmse-1.2292, valid_pr-0.7491
epoch-411, train_loss-0.1161, train_rmse-0.3407, valid_rmse-1.2385, valid_pr-0.7457
epoch-412, train_loss-0.1128, train_rmse-0.3359, valid_rmse-1.2299, valid_pr-0.7479
epoch-413, train_loss-0.1164, train_rmse-0.3412, valid_rmse-1.2233, valid_pr-0.7512
epoch-414, train_loss-0.1235, train_rmse-0.3514, valid_rmse-1.2595, valid_pr-0.7437
epoch-415, train_loss-0.1111, train_rmse-0.3333, valid_rmse-1.2383, valid_pr-0.7446
epoch-416, train_loss-0.1270, train_rmse-0.3564, valid_rmse-1.2449, valid_pr-0.7459
epoch-417, train_loss-0.1123, train_rmse-0.3352, valid_rmse-1.2445, valid_pr-0.7456
epoch-418, train_loss-0.1163, train_rmse-0.3411, valid_rmse-1.2318, valid_pr-0.7458
epoch-419, train_loss-0.1144, train_rmse-0.3382, valid_rmse-1.2329, valid_pr-0.7485
epoch-420, train_loss-0.1156, train_rmse-0.3400, valid_rmse-1.2446, valid_pr-0.7481
epoch-421, train_loss-0.1125, train_rmse-0.3354, valid_rmse-1.2232, valid_pr-0.7492
epoch-422, train_loss-0.1248, train_rmse-0.3533, valid_rmse-1.2318, valid_pr-0.7475
epoch-423, train_loss-0.1194, train_rmse-0.3455, valid_rmse-1.2263, valid_pr-0.7484
epoch-424, train_loss-0.1210, train_rmse-0.3479, valid_rmse-1.2236, valid_pr-0.7505
epoch-425, train_loss-0.1316, train_rmse-0.3627, valid_rmse-1.2462, valid_pr-0.7474
epoch-426, train_loss-0.1168, train_rmse-0.3418, valid_rmse-1.2277, valid_pr-0.7498
epoch-427, train_loss-0.1193, train_rmse-0.3453, valid_rmse-1.2357, valid_pr-0.7463
epoch-428, train_loss-0.1162, train_rmse-0.3409, valid_rmse-1.2435, valid_pr-0.7455
epoch-429, train_loss-0.1188, train_rmse-0.3446, valid_rmse-1.2435, valid_pr-0.7463
epoch-430, train_loss-0.1197, train_rmse-0.3460, valid_rmse-1.2360, valid_pr-0.7509
epoch-431, train_loss-0.1178, train_rmse-0.3433, valid_rmse-1.2485, valid_pr-0.7438
epoch-432, train_loss-0.1147, train_rmse-0.3387, valid_rmse-1.2355, valid_pr-0.7471
epoch-433, train_loss-0.1237, train_rmse-0.3517, valid_rmse-1.2175, valid_pr-0.7517
epoch-434, train_loss-0.1192, train_rmse-0.3453, valid_rmse-1.2246, valid_pr-0.7501
epoch-435, train_loss-0.1170, train_rmse-0.3421, valid_rmse-1.2552, valid_pr-0.7463
epoch-436, train_loss-0.1202, train_rmse-0.3467, valid_rmse-1.2447, valid_pr-0.7496
epoch-437, train_loss-0.1112, train_rmse-0.3335, valid_rmse-1.2337, valid_pr-0.7504
epoch-438, train_loss-0.1300, train_rmse-0.3605, valid_rmse-1.2359, valid_pr-0.7475
epoch-439, train_loss-0.1024, train_rmse-0.3200, valid_rmse-1.2258, valid_pr-0.7497
epoch-440, train_loss-0.0949, train_rmse-0.3081, valid_rmse-1.2243, valid_pr-0.7523
epoch-441, train_loss-0.0941, train_rmse-0.3068, valid_rmse-1.2243, valid_pr-0.7517
epoch-442, train_loss-0.0974, train_rmse-0.3121, valid_rmse-1.2200, valid_pr-0.7540
epoch-443, train_loss-0.0929, train_rmse-0.3048, valid_rmse-1.2242, valid_pr-0.7524
epoch-444, train_loss-0.1057, train_rmse-0.3252, valid_rmse-1.2238, valid_pr-0.7512
epoch-445, train_loss-0.1057, train_rmse-0.3251, valid_rmse-1.2333, valid_pr-0.7503
epoch-446, train_loss-0.0945, train_rmse-0.3074, valid_rmse-1.2167, valid_pr-0.7531
epoch-447, train_loss-0.0995, train_rmse-0.3154, valid_rmse-1.2285, valid_pr-0.7502
epoch-448, train_loss-0.0903, train_rmse-0.3004, valid_rmse-1.2309, valid_pr-0.7517
epoch-449, train_loss-0.0923, train_rmse-0.3038, valid_rmse-1.2194, valid_pr-0.7519
epoch-450, train_loss-0.0895, train_rmse-0.2991, valid_rmse-1.2231, valid_pr-0.7508
epoch-451, train_loss-0.1028, train_rmse-0.3206, valid_rmse-1.2230, valid_pr-0.7519
epoch-452, train_loss-0.1027, train_rmse-0.3205, valid_rmse-1.2347, valid_pr-0.7489
epoch-453, train_loss-0.0954, train_rmse-0.3088, valid_rmse-1.2323, valid_pr-0.7486
epoch-454, train_loss-0.0968, train_rmse-0.3111, valid_rmse-1.2384, valid_pr-0.7498
epoch-455, train_loss-0.0941, train_rmse-0.3067, valid_rmse-1.2409, valid_pr-0.7479
epoch-456, train_loss-0.0892, train_rmse-0.2986, valid_rmse-1.2198, valid_pr-0.7539
epoch-457, train_loss-0.0891, train_rmse-0.2985, valid_rmse-1.2270, valid_pr-0.7501
epoch-458, train_loss-0.0884, train_rmse-0.2974, valid_rmse-1.2293, valid_pr-0.7518
epoch-459, train_loss-0.0925, train_rmse-0.3041, valid_rmse-1.2204, valid_pr-0.7518
epoch-460, train_loss-0.1050, train_rmse-0.3241, valid_rmse-1.2246, valid_pr-0.7506
epoch-461, train_loss-0.0987, train_rmse-0.3142, valid_rmse-1.2141, valid_pr-0.7552
Validation : valid_rmse-1.2141, valid_pr-0.7552, 
test2013_rmse-1.3318, test2013_pr-0.8407, test2016_rmse-1.1724, test2016_pr-0.8487, test2019_rmse-1.3785, test2019_pr-0.6446
epoch-462, train_loss-0.0920, train_rmse-0.3033, valid_rmse-1.2177, valid_pr-0.7531
epoch-463, train_loss-0.0924, train_rmse-0.3039, valid_rmse-1.2211, valid_pr-0.7525
epoch-464, train_loss-0.1014, train_rmse-0.3185, valid_rmse-1.2240, valid_pr-0.7506
epoch-465, train_loss-0.0921, train_rmse-0.3035, valid_rmse-1.2209, valid_pr-0.7525
epoch-466, train_loss-0.1001, train_rmse-0.3164, valid_rmse-1.2211, valid_pr-0.7512
epoch-467, train_loss-0.1028, train_rmse-0.3206, valid_rmse-1.2209, valid_pr-0.7525
epoch-468, train_loss-0.0936, train_rmse-0.3059, valid_rmse-1.2300, valid_pr-0.7527
epoch-469, train_loss-0.0980, train_rmse-0.3130, valid_rmse-1.2193, valid_pr-0.7525
epoch-470, train_loss-0.0929, train_rmse-0.3048, valid_rmse-1.2391, valid_pr-0.7490
epoch-471, train_loss-0.0974, train_rmse-0.3121, valid_rmse-1.2189, valid_pr-0.7533
epoch-472, train_loss-0.0942, train_rmse-0.3070, valid_rmse-1.2197, valid_pr-0.7522
epoch-473, train_loss-0.0969, train_rmse-0.3113, valid_rmse-1.2130, valid_pr-0.7543
Validation : valid_rmse-1.2130, valid_pr-0.7543, 
test2013_rmse-1.3269, test2013_pr-0.8460, test2016_rmse-1.1689, test2016_pr-0.8536, test2019_rmse-1.3678, test2019_pr-0.6481
epoch-474, train_loss-0.0897, train_rmse-0.2995, valid_rmse-1.2231, valid_pr-0.7525
epoch-475, train_loss-0.0988, train_rmse-0.3143, valid_rmse-1.2289, valid_pr-0.7492
epoch-476, train_loss-0.1019, train_rmse-0.3192, valid_rmse-1.2218, valid_pr-0.7515
epoch-477, train_loss-0.0878, train_rmse-0.2963, valid_rmse-1.2206, valid_pr-0.7525
epoch-478, train_loss-0.0994, train_rmse-0.3152, valid_rmse-1.2185, valid_pr-0.7515
epoch-479, train_loss-0.0905, train_rmse-0.3008, valid_rmse-1.2338, valid_pr-0.7494
epoch-480, train_loss-0.0933, train_rmse-0.3055, valid_rmse-1.2238, valid_pr-0.7518
epoch-481, train_loss-0.0933, train_rmse-0.3054, valid_rmse-1.2245, valid_pr-0.7512
epoch-482, train_loss-0.0902, train_rmse-0.3003, valid_rmse-1.2306, valid_pr-0.7497
epoch-483, train_loss-0.0941, train_rmse-0.3068, valid_rmse-1.2197, valid_pr-0.7513
epoch-484, train_loss-0.0965, train_rmse-0.3107, valid_rmse-1.2254, valid_pr-0.7507
epoch-485, train_loss-0.0959, train_rmse-0.3097, valid_rmse-1.2210, valid_pr-0.7504
epoch-486, train_loss-0.0973, train_rmse-0.3119, valid_rmse-1.2234, valid_pr-0.7504
epoch-487, train_loss-0.0914, train_rmse-0.3023, valid_rmse-1.2199, valid_pr-0.7527
epoch-488, train_loss-0.0921, train_rmse-0.3034, valid_rmse-1.2313, valid_pr-0.7498
epoch-489, train_loss-0.0985, train_rmse-0.3139, valid_rmse-1.2249, valid_pr-0.7525
epoch-490, train_loss-0.0963, train_rmse-0.3104, valid_rmse-1.2212, valid_pr-0.7528
epoch-491, train_loss-0.0997, train_rmse-0.3158, valid_rmse-1.2195, valid_pr-0.7524
epoch-492, train_loss-0.0908, train_rmse-0.3013, valid_rmse-1.2244, valid_pr-0.7516
epoch-493, train_loss-0.0883, train_rmse-0.2972, valid_rmse-1.2289, valid_pr-0.7516
epoch-494, train_loss-0.0918, train_rmse-0.3030, valid_rmse-1.2212, valid_pr-0.7507
epoch-495, train_loss-0.0879, train_rmse-0.2965, valid_rmse-1.2156, valid_pr-0.7534
epoch-496, train_loss-0.0961, train_rmse-0.3101, valid_rmse-1.2324, valid_pr-0.7500
epoch-497, train_loss-0.0923, train_rmse-0.3038, valid_rmse-1.2201, valid_pr-0.7527
epoch-498, train_loss-0.0917, train_rmse-0.3028, valid_rmse-1.2199, valid_pr-0.7518
epoch-499, train_loss-0.0917, train_rmse-0.3027, valid_rmse-1.2213, valid_pr-0.7518
epoch-500, train_loss-0.0942, train_rmse-0.3069, valid_rmse-1.2300, valid_pr-0.7501
epoch-501, train_loss-0.0916, train_rmse-0.3027, valid_rmse-1.2214, valid_pr-0.7541
epoch-502, train_loss-0.0930, train_rmse-0.3049, valid_rmse-1.2275, valid_pr-0.7495
epoch-503, train_loss-0.0989, train_rmse-0.3145, valid_rmse-1.2204, valid_pr-0.7528
epoch-504, train_loss-0.0902, train_rmse-0.3004, valid_rmse-1.2253, valid_pr-0.7524
epoch-505, train_loss-0.0881, train_rmse-0.2968, valid_rmse-1.2225, valid_pr-0.7522
epoch-506, train_loss-0.0983, train_rmse-0.3136, valid_rmse-1.2313, valid_pr-0.7513
epoch-507, train_loss-0.0914, train_rmse-0.3024, valid_rmse-1.2246, valid_pr-0.7525
epoch-508, train_loss-0.0928, train_rmse-0.3046, valid_rmse-1.2227, valid_pr-0.7497
epoch-509, train_loss-0.0894, train_rmse-0.2989, valid_rmse-1.2216, valid_pr-0.7511
epoch-510, train_loss-0.0954, train_rmse-0.3088, valid_rmse-1.2311, valid_pr-0.7506
epoch-511, train_loss-0.0922, train_rmse-0.3037, valid_rmse-1.2374, valid_pr-0.7505
epoch-512, train_loss-0.0951, train_rmse-0.3084, valid_rmse-1.2256, valid_pr-0.7510
epoch-513, train_loss-0.0904, train_rmse-0.3006, valid_rmse-1.2227, valid_pr-0.7506
epoch-514, train_loss-0.1020, train_rmse-0.3193, valid_rmse-1.2222, valid_pr-0.7514
epoch-515, train_loss-0.0874, train_rmse-0.2957, valid_rmse-1.2193, valid_pr-0.7528
epoch-516, train_loss-0.0990, train_rmse-0.3147, valid_rmse-1.2214, valid_pr-0.7516
epoch-517, train_loss-0.0975, train_rmse-0.3122, valid_rmse-1.2219, valid_pr-0.7522
epoch-518, train_loss-0.1030, train_rmse-0.3209, valid_rmse-1.2254, valid_pr-0.7504
epoch-519, train_loss-0.0959, train_rmse-0.3096, valid_rmse-1.2211, valid_pr-0.7519
epoch-520, train_loss-0.0917, train_rmse-0.3028, valid_rmse-1.2265, valid_pr-0.7499
epoch-521, train_loss-0.0846, train_rmse-0.2909, valid_rmse-1.2274, valid_pr-0.7486
epoch-522, train_loss-0.0881, train_rmse-0.2968, valid_rmse-1.2272, valid_pr-0.7503
epoch-523, train_loss-0.0876, train_rmse-0.2959, valid_rmse-1.2410, valid_pr-0.7490
epoch-524, train_loss-0.0956, train_rmse-0.3091, valid_rmse-1.2289, valid_pr-0.7478
epoch-525, train_loss-0.0896, train_rmse-0.2993, valid_rmse-1.2186, valid_pr-0.7531
epoch-526, train_loss-0.0852, train_rmse-0.2919, valid_rmse-1.2292, valid_pr-0.7496
epoch-527, train_loss-0.0896, train_rmse-0.2993, valid_rmse-1.2247, valid_pr-0.7513
epoch-528, train_loss-0.0892, train_rmse-0.2986, valid_rmse-1.2224, valid_pr-0.7521
epoch-529, train_loss-0.0861, train_rmse-0.2934, valid_rmse-1.2181, valid_pr-0.7528
epoch-530, train_loss-0.0868, train_rmse-0.2947, valid_rmse-1.2200, valid_pr-0.7521
epoch-531, train_loss-0.0820, train_rmse-0.2863, valid_rmse-1.2193, valid_pr-0.7521
epoch-532, train_loss-0.0859, train_rmse-0.2931, valid_rmse-1.2147, valid_pr-0.7537
epoch-533, train_loss-0.0813, train_rmse-0.2851, valid_rmse-1.2171, valid_pr-0.7538
epoch-534, train_loss-0.0786, train_rmse-0.2804, valid_rmse-1.2229, valid_pr-0.7528
epoch-535, train_loss-0.0870, train_rmse-0.2950, valid_rmse-1.2147, valid_pr-0.7537
epoch-536, train_loss-0.0797, train_rmse-0.2823, valid_rmse-1.2242, valid_pr-0.7523
epoch-537, train_loss-0.0809, train_rmse-0.2844, valid_rmse-1.2230, valid_pr-0.7506
epoch-538, train_loss-0.0761, train_rmse-0.2759, valid_rmse-1.2225, valid_pr-0.7515
epoch-539, train_loss-0.0863, train_rmse-0.2938, valid_rmse-1.2223, valid_pr-0.7519
epoch-540, train_loss-0.0869, train_rmse-0.2947, valid_rmse-1.2288, valid_pr-0.7523
epoch-541, train_loss-0.0747, train_rmse-0.2733, valid_rmse-1.2179, valid_pr-0.7530
epoch-542, train_loss-0.0792, train_rmse-0.2814, valid_rmse-1.2198, valid_pr-0.7527
epoch-543, train_loss-0.0795, train_rmse-0.2820, valid_rmse-1.2195, valid_pr-0.7526
epoch-544, train_loss-0.0816, train_rmse-0.2856, valid_rmse-1.2296, valid_pr-0.7525
epoch-545, train_loss-0.0814, train_rmse-0.2853, valid_rmse-1.2154, valid_pr-0.7537
epoch-546, train_loss-0.0813, train_rmse-0.2852, valid_rmse-1.2147, valid_pr-0.7543
epoch-547, train_loss-0.0893, train_rmse-0.2988, valid_rmse-1.2237, valid_pr-0.7503
epoch-548, train_loss-0.0845, train_rmse-0.2906, valid_rmse-1.2238, valid_pr-0.7513
epoch-549, train_loss-0.0829, train_rmse-0.2879, valid_rmse-1.2209, valid_pr-0.7526
epoch-550, train_loss-0.0766, train_rmse-0.2769, valid_rmse-1.2193, valid_pr-0.7527
epoch-551, train_loss-0.0856, train_rmse-0.2926, valid_rmse-1.2239, valid_pr-0.7520
epoch-552, train_loss-0.0793, train_rmse-0.2815, valid_rmse-1.2200, valid_pr-0.7517
epoch-553, train_loss-0.0879, train_rmse-0.2965, valid_rmse-1.2170, valid_pr-0.7532
epoch-554, train_loss-0.0929, train_rmse-0.3048, valid_rmse-1.2257, valid_pr-0.7502
epoch-555, train_loss-0.0836, train_rmse-0.2891, valid_rmse-1.2197, valid_pr-0.7526
epoch-556, train_loss-0.0882, train_rmse-0.2969, valid_rmse-1.2195, valid_pr-0.7521
epoch-557, train_loss-0.0759, train_rmse-0.2756, valid_rmse-1.2218, valid_pr-0.7506
epoch-558, train_loss-0.0827, train_rmse-0.2876, valid_rmse-1.2204, valid_pr-0.7526
epoch-559, train_loss-0.0783, train_rmse-0.2798, valid_rmse-1.2208, valid_pr-0.7510
epoch-560, train_loss-0.0776, train_rmse-0.2786, valid_rmse-1.2215, valid_pr-0.7516
epoch-561, train_loss-0.0795, train_rmse-0.2820, valid_rmse-1.2166, valid_pr-0.7530
epoch-562, train_loss-0.0771, train_rmse-0.2777, valid_rmse-1.2177, valid_pr-0.7530
epoch-563, train_loss-0.0875, train_rmse-0.2959, valid_rmse-1.2268, valid_pr-0.7525
epoch-564, train_loss-0.0834, train_rmse-0.2887, valid_rmse-1.2165, valid_pr-0.7539
epoch-565, train_loss-0.0814, train_rmse-0.2854, valid_rmse-1.2279, valid_pr-0.7501
epoch-566, train_loss-0.0821, train_rmse-0.2864, valid_rmse-1.2229, valid_pr-0.7513
epoch-567, train_loss-0.0823, train_rmse-0.2869, valid_rmse-1.2259, valid_pr-0.7503
epoch-568, train_loss-0.0760, train_rmse-0.2756, valid_rmse-1.2202, valid_pr-0.7521
epoch-569, train_loss-0.0847, train_rmse-0.2911, valid_rmse-1.2231, valid_pr-0.7515
epoch-570, train_loss-0.0799, train_rmse-0.2827, valid_rmse-1.2207, valid_pr-0.7533
epoch-571, train_loss-0.0795, train_rmse-0.2819, valid_rmse-1.2187, valid_pr-0.7536
epoch-572, train_loss-0.0778, train_rmse-0.2789, valid_rmse-1.2190, valid_pr-0.7523
epoch-573, train_loss-0.0874, train_rmse-0.2957, valid_rmse-1.2233, valid_pr-0.7523
epoch-574, train_loss-0.0765, train_rmse-0.2766, valid_rmse-1.2175, valid_pr-0.7545
early stop in epoch 574
best_rmse: 1.2130
valid_rmse-1.2130, valid_pr-0.7543, test2013_rmse-1.3269, test2013_pr-0.8460, test2016_rmse-1.1689, test2016_pr-0.8536, test2019_rmse-1.3678, test2019_pr-0.6481
