ours-lrs-0.001-abl-q3q3, lr=0.001, seed=727
train_GIGN.py
train data: 11904
valid data: 1000
test2013 data: 107
test2016 data: 285
test2019 data: 4366
GIGN params # : 1341342
epoch-0, train_loss-17.4161, train_rmse-4.1733, valid_rmse-1.7079, valid_pr-0.5391
Validation : valid_rmse-1.7079, valid_pr-0.5391, 
test2013_rmse-1.7051, test2013_pr-0.6884, test2016_rmse-1.5844, test2016_pr-0.6904, test2019_rmse-1.6238, test2019_pr-0.5901
epoch-1, train_loss-2.6256, train_rmse-1.6204, valid_rmse-1.6656, valid_pr-0.5690
Validation : valid_rmse-1.6656, valid_pr-0.5690, 
test2013_rmse-1.7731, test2013_pr-0.6867, test2016_rmse-1.6229, test2016_pr-0.7291, test2019_rmse-1.5383, test2019_pr-0.5982
epoch-2, train_loss-2.3586, train_rmse-1.5358, valid_rmse-1.6403, valid_pr-0.6034
Validation : valid_rmse-1.6403, valid_pr-0.6034, 
test2013_rmse-1.5859, test2013_pr-0.7459, test2016_rmse-1.4697, test2016_pr-0.7485, test2019_rmse-1.6265, test2019_pr-0.6116
epoch-3, train_loss-2.2099, train_rmse-1.4866, valid_rmse-1.4339, valid_pr-0.6456
Validation : valid_rmse-1.4339, valid_pr-0.6456, 
test2013_rmse-1.4946, test2013_pr-0.7802, test2016_rmse-1.3345, test2016_pr-0.7959, test2019_rmse-1.4384, test2019_pr-0.6305
epoch-4, train_loss-2.0793, train_rmse-1.4420, valid_rmse-1.4080, valid_pr-0.6518
Validation : valid_rmse-1.4080, valid_pr-0.6518, 
test2013_rmse-1.5016, test2013_pr-0.7888, test2016_rmse-1.4200, test2016_pr-0.7647, test2019_rmse-1.4235, test2019_pr-0.6172
epoch-5, train_loss-1.9716, train_rmse-1.4041, valid_rmse-1.4255, valid_pr-0.6458
epoch-6, train_loss-1.8887, train_rmse-1.3743, valid_rmse-1.5429, valid_pr-0.5708
epoch-7, train_loss-1.8798, train_rmse-1.3711, valid_rmse-1.3947, valid_pr-0.6827
Validation : valid_rmse-1.3947, valid_pr-0.6827, 
test2013_rmse-1.4966, test2013_pr-0.7833, test2016_rmse-1.3259, test2016_pr-0.8038, test2019_rmse-1.4058, test2019_pr-0.6472
epoch-8, train_loss-1.6782, train_rmse-1.2955, valid_rmse-1.4712, valid_pr-0.6526
epoch-9, train_loss-1.6070, train_rmse-1.2677, valid_rmse-1.3749, valid_pr-0.6821
Validation : valid_rmse-1.3749, valid_pr-0.6821, 
test2013_rmse-1.4671, test2013_pr-0.7850, test2016_rmse-1.3977, test2016_pr-0.7673, test2019_rmse-1.4342, test2019_pr-0.6232
epoch-10, train_loss-1.5555, train_rmse-1.2472, valid_rmse-1.4623, valid_pr-0.6779
epoch-11, train_loss-1.5166, train_rmse-1.2315, valid_rmse-1.3644, valid_pr-0.7012
Validation : valid_rmse-1.3644, valid_pr-0.7012, 
test2013_rmse-1.4945, test2013_pr-0.8154, test2016_rmse-1.4065, test2016_pr-0.8057, test2019_rmse-1.4298, test2019_pr-0.6257
epoch-12, train_loss-1.3728, train_rmse-1.1717, valid_rmse-1.5515, valid_pr-0.5808
epoch-13, train_loss-1.2626, train_rmse-1.1236, valid_rmse-1.6851, valid_pr-0.5742
epoch-14, train_loss-1.2004, train_rmse-1.0956, valid_rmse-1.6638, valid_pr-0.5239
epoch-15, train_loss-1.1520, train_rmse-1.0733, valid_rmse-1.3965, valid_pr-0.6958
epoch-16, train_loss-1.0312, train_rmse-1.0155, valid_rmse-1.3610, valid_pr-0.7012
Validation : valid_rmse-1.3610, valid_pr-0.7012, 
test2013_rmse-1.3521, test2013_pr-0.8178, test2016_rmse-1.2752, test2016_pr-0.8095, test2019_rmse-1.4671, test2019_pr-0.6232
epoch-17, train_loss-0.9982, train_rmse-0.9991, valid_rmse-1.4468, valid_pr-0.6628
epoch-18, train_loss-0.9835, train_rmse-0.9917, valid_rmse-1.5819, valid_pr-0.6750
epoch-19, train_loss-0.9147, train_rmse-0.9564, valid_rmse-1.4434, valid_pr-0.6970
epoch-20, train_loss-0.8904, train_rmse-0.9436, valid_rmse-1.3600, valid_pr-0.6977
Validation : valid_rmse-1.3600, valid_pr-0.6977, 
test2013_rmse-1.4569, test2013_pr-0.7876, test2016_rmse-1.2995, test2016_pr-0.8018, test2019_rmse-1.4835, test2019_pr-0.6189
epoch-21, train_loss-0.8603, train_rmse-0.9275, valid_rmse-1.3954, valid_pr-0.7006
epoch-22, train_loss-0.7944, train_rmse-0.8913, valid_rmse-1.5427, valid_pr-0.6989
epoch-23, train_loss-0.7331, train_rmse-0.8562, valid_rmse-1.4369, valid_pr-0.7005
epoch-24, train_loss-0.6878, train_rmse-0.8293, valid_rmse-1.5301, valid_pr-0.6225
epoch-25, train_loss-0.6689, train_rmse-0.8179, valid_rmse-1.3293, valid_pr-0.7027
Validation : valid_rmse-1.3293, valid_pr-0.7027, 
test2013_rmse-1.4288, test2013_pr-0.8031, test2016_rmse-1.3000, test2016_pr-0.8027, test2019_rmse-1.4554, test2019_pr-0.6154
epoch-26, train_loss-0.6368, train_rmse-0.7980, valid_rmse-1.5151, valid_pr-0.6549
epoch-27, train_loss-0.6230, train_rmse-0.7893, valid_rmse-1.3730, valid_pr-0.7016
epoch-28, train_loss-0.5800, train_rmse-0.7616, valid_rmse-1.3386, valid_pr-0.7142
epoch-29, train_loss-0.5445, train_rmse-0.7379, valid_rmse-1.3836, valid_pr-0.6777
epoch-30, train_loss-0.5599, train_rmse-0.7483, valid_rmse-1.4416, valid_pr-0.7149
epoch-31, train_loss-0.5532, train_rmse-0.7438, valid_rmse-1.4133, valid_pr-0.7149
epoch-32, train_loss-0.5414, train_rmse-0.7358, valid_rmse-1.4903, valid_pr-0.6856
epoch-33, train_loss-0.5163, train_rmse-0.7185, valid_rmse-1.3792, valid_pr-0.7129
epoch-34, train_loss-0.5049, train_rmse-0.7106, valid_rmse-1.3660, valid_pr-0.7025
epoch-35, train_loss-0.4873, train_rmse-0.6981, valid_rmse-1.3533, valid_pr-0.7089
epoch-36, train_loss-0.4637, train_rmse-0.6810, valid_rmse-1.3810, valid_pr-0.6810
epoch-37, train_loss-0.4493, train_rmse-0.6703, valid_rmse-1.3544, valid_pr-0.7032
epoch-38, train_loss-0.4289, train_rmse-0.6549, valid_rmse-1.4798, valid_pr-0.6765
epoch-39, train_loss-0.4304, train_rmse-0.6560, valid_rmse-1.3870, valid_pr-0.7095
epoch-40, train_loss-0.4572, train_rmse-0.6762, valid_rmse-1.3985, valid_pr-0.6935
epoch-41, train_loss-0.4085, train_rmse-0.6391, valid_rmse-1.3234, valid_pr-0.7116
Validation : valid_rmse-1.3234, valid_pr-0.7116, 
test2013_rmse-1.3257, test2013_pr-0.8324, test2016_rmse-1.2087, test2016_pr-0.8321, test2019_rmse-1.4771, test2019_pr-0.6160
epoch-42, train_loss-0.4070, train_rmse-0.6380, valid_rmse-1.3681, valid_pr-0.7031
epoch-43, train_loss-0.4167, train_rmse-0.6455, valid_rmse-1.3550, valid_pr-0.7057
epoch-44, train_loss-0.4006, train_rmse-0.6329, valid_rmse-1.4362, valid_pr-0.7107
epoch-45, train_loss-0.4149, train_rmse-0.6441, valid_rmse-1.3549, valid_pr-0.7027
epoch-46, train_loss-0.4279, train_rmse-0.6541, valid_rmse-1.3438, valid_pr-0.7105
epoch-47, train_loss-0.4054, train_rmse-0.6367, valid_rmse-1.3281, valid_pr-0.7104
epoch-48, train_loss-0.4197, train_rmse-0.6479, valid_rmse-1.4510, valid_pr-0.6937
epoch-49, train_loss-0.3631, train_rmse-0.6026, valid_rmse-1.3356, valid_pr-0.7137
epoch-50, train_loss-0.3601, train_rmse-0.6001, valid_rmse-1.4140, valid_pr-0.7172
epoch-51, train_loss-0.3639, train_rmse-0.6033, valid_rmse-1.3794, valid_pr-0.6968
epoch-52, train_loss-0.3609, train_rmse-0.6007, valid_rmse-1.3450, valid_pr-0.7227
epoch-53, train_loss-0.3528, train_rmse-0.5939, valid_rmse-1.3143, valid_pr-0.7187
Validation : valid_rmse-1.3143, valid_pr-0.7187, 
test2013_rmse-1.3768, test2013_pr-0.8175, test2016_rmse-1.2773, test2016_pr-0.8088, test2019_rmse-1.4607, test2019_pr-0.6197
epoch-54, train_loss-0.3591, train_rmse-0.5993, valid_rmse-1.3811, valid_pr-0.7116
epoch-55, train_loss-0.3401, train_rmse-0.5832, valid_rmse-1.3263, valid_pr-0.7207
epoch-56, train_loss-0.3366, train_rmse-0.5801, valid_rmse-1.3345, valid_pr-0.7111
epoch-57, train_loss-0.3305, train_rmse-0.5749, valid_rmse-1.3730, valid_pr-0.7089
epoch-58, train_loss-0.3529, train_rmse-0.5941, valid_rmse-1.3579, valid_pr-0.6975
epoch-59, train_loss-0.3475, train_rmse-0.5895, valid_rmse-1.3080, valid_pr-0.7179
Validation : valid_rmse-1.3080, valid_pr-0.7179, 
test2013_rmse-1.3968, test2013_pr-0.8160, test2016_rmse-1.2693, test2016_pr-0.8174, test2019_rmse-1.4487, test2019_pr-0.6170
epoch-60, train_loss-0.3196, train_rmse-0.5653, valid_rmse-1.3139, valid_pr-0.7194
epoch-61, train_loss-0.3538, train_rmse-0.5948, valid_rmse-1.3100, valid_pr-0.7176
epoch-62, train_loss-0.3429, train_rmse-0.5856, valid_rmse-1.3223, valid_pr-0.7102
epoch-63, train_loss-0.3370, train_rmse-0.5805, valid_rmse-1.3142, valid_pr-0.7232
epoch-64, train_loss-0.3321, train_rmse-0.5763, valid_rmse-1.3167, valid_pr-0.7203
epoch-65, train_loss-0.3282, train_rmse-0.5729, valid_rmse-1.3420, valid_pr-0.7086
epoch-66, train_loss-0.3160, train_rmse-0.5621, valid_rmse-1.3198, valid_pr-0.7089
epoch-67, train_loss-0.3079, train_rmse-0.5549, valid_rmse-1.3106, valid_pr-0.7208
epoch-68, train_loss-0.3215, train_rmse-0.5670, valid_rmse-1.4147, valid_pr-0.7177
epoch-69, train_loss-0.3048, train_rmse-0.5521, valid_rmse-1.3062, valid_pr-0.7256
Validation : valid_rmse-1.3062, valid_pr-0.7256, 
test2013_rmse-1.3822, test2013_pr-0.8202, test2016_rmse-1.2360, test2016_pr-0.8279, test2019_rmse-1.4491, test2019_pr-0.6274
epoch-70, train_loss-0.2933, train_rmse-0.5416, valid_rmse-1.3145, valid_pr-0.7221
epoch-71, train_loss-0.2920, train_rmse-0.5404, valid_rmse-1.3027, valid_pr-0.7190
Validation : valid_rmse-1.3027, valid_pr-0.7190, 
test2013_rmse-1.4637, test2013_pr-0.7897, test2016_rmse-1.3107, test2016_pr-0.8036, test2019_rmse-1.4406, test2019_pr-0.6163
epoch-72, train_loss-0.2937, train_rmse-0.5420, valid_rmse-1.3157, valid_pr-0.7158
epoch-73, train_loss-0.2766, train_rmse-0.5259, valid_rmse-1.3217, valid_pr-0.7260
epoch-74, train_loss-0.2923, train_rmse-0.5407, valid_rmse-1.3040, valid_pr-0.7163
epoch-75, train_loss-0.3012, train_rmse-0.5488, valid_rmse-1.3142, valid_pr-0.7151
epoch-76, train_loss-0.2757, train_rmse-0.5250, valid_rmse-1.3461, valid_pr-0.7354
epoch-77, train_loss-0.2778, train_rmse-0.5271, valid_rmse-1.3077, valid_pr-0.7238
epoch-78, train_loss-0.3012, train_rmse-0.5488, valid_rmse-1.3472, valid_pr-0.7204
epoch-79, train_loss-0.2838, train_rmse-0.5327, valid_rmse-1.3157, valid_pr-0.7164
epoch-80, train_loss-0.2735, train_rmse-0.5229, valid_rmse-1.3173, valid_pr-0.7220
epoch-81, train_loss-0.2759, train_rmse-0.5253, valid_rmse-1.3819, valid_pr-0.7200
epoch-82, train_loss-0.2801, train_rmse-0.5292, valid_rmse-1.3415, valid_pr-0.7088
epoch-83, train_loss-0.2703, train_rmse-0.5199, valid_rmse-1.2830, valid_pr-0.7268
Validation : valid_rmse-1.2830, valid_pr-0.7268, 
test2013_rmse-1.3897, test2013_pr-0.8245, test2016_rmse-1.2460, test2016_pr-0.8291, test2019_rmse-1.4251, test2019_pr-0.6240
epoch-84, train_loss-0.2768, train_rmse-0.5261, valid_rmse-1.3622, valid_pr-0.7198
epoch-85, train_loss-0.2805, train_rmse-0.5296, valid_rmse-1.3009, valid_pr-0.7263
epoch-86, train_loss-0.2698, train_rmse-0.5194, valid_rmse-1.3340, valid_pr-0.7087
epoch-87, train_loss-0.2721, train_rmse-0.5216, valid_rmse-1.3518, valid_pr-0.6935
epoch-88, train_loss-0.2596, train_rmse-0.5095, valid_rmse-1.3400, valid_pr-0.7209
epoch-89, train_loss-0.2540, train_rmse-0.5040, valid_rmse-1.3270, valid_pr-0.7188
epoch-90, train_loss-0.2772, train_rmse-0.5265, valid_rmse-1.2992, valid_pr-0.7224
epoch-91, train_loss-0.2638, train_rmse-0.5136, valid_rmse-1.3258, valid_pr-0.7182
epoch-92, train_loss-0.2631, train_rmse-0.5129, valid_rmse-1.3283, valid_pr-0.7343
epoch-93, train_loss-0.2576, train_rmse-0.5075, valid_rmse-1.2885, valid_pr-0.7244
epoch-94, train_loss-0.2464, train_rmse-0.4964, valid_rmse-1.3222, valid_pr-0.7179
epoch-95, train_loss-0.2449, train_rmse-0.4949, valid_rmse-1.3536, valid_pr-0.6995
epoch-96, train_loss-0.2778, train_rmse-0.5271, valid_rmse-1.3203, valid_pr-0.7192
epoch-97, train_loss-0.2514, train_rmse-0.5014, valid_rmse-1.3313, valid_pr-0.7071
epoch-98, train_loss-0.2502, train_rmse-0.5002, valid_rmse-1.3301, valid_pr-0.7152
epoch-99, train_loss-0.2499, train_rmse-0.4999, valid_rmse-1.2965, valid_pr-0.7313
epoch-100, train_loss-0.2339, train_rmse-0.4836, valid_rmse-1.3171, valid_pr-0.7308
epoch-101, train_loss-0.2379, train_rmse-0.4878, valid_rmse-1.2755, valid_pr-0.7309
Validation : valid_rmse-1.2755, valid_pr-0.7309, 
test2013_rmse-1.3273, test2013_pr-0.8410, test2016_rmse-1.1982, test2016_pr-0.8371, test2019_rmse-1.3995, test2019_pr-0.6434
epoch-102, train_loss-0.2507, train_rmse-0.5007, valid_rmse-1.2817, valid_pr-0.7304
epoch-103, train_loss-0.2380, train_rmse-0.4879, valid_rmse-1.2650, valid_pr-0.7406
Validation : valid_rmse-1.2650, valid_pr-0.7406, 
test2013_rmse-1.2935, test2013_pr-0.8426, test2016_rmse-1.1823, test2016_pr-0.8417, test2019_rmse-1.4269, test2019_pr-0.6442
epoch-104, train_loss-0.2632, train_rmse-0.5130, valid_rmse-1.3109, valid_pr-0.7152
epoch-105, train_loss-0.2258, train_rmse-0.4752, valid_rmse-1.2736, valid_pr-0.7275
epoch-106, train_loss-0.2347, train_rmse-0.4845, valid_rmse-1.3116, valid_pr-0.7338
epoch-107, train_loss-0.2239, train_rmse-0.4732, valid_rmse-1.2916, valid_pr-0.7313
epoch-108, train_loss-0.2277, train_rmse-0.4772, valid_rmse-1.3270, valid_pr-0.7258
epoch-109, train_loss-0.2392, train_rmse-0.4891, valid_rmse-1.3127, valid_pr-0.7093
epoch-110, train_loss-0.2490, train_rmse-0.4990, valid_rmse-1.3303, valid_pr-0.7203
epoch-111, train_loss-0.2273, train_rmse-0.4767, valid_rmse-1.3222, valid_pr-0.7193
epoch-112, train_loss-0.2364, train_rmse-0.4862, valid_rmse-1.2817, valid_pr-0.7293
epoch-113, train_loss-0.2281, train_rmse-0.4776, valid_rmse-1.2954, valid_pr-0.7309
epoch-114, train_loss-0.2170, train_rmse-0.4658, valid_rmse-1.2999, valid_pr-0.7193
epoch-115, train_loss-0.2100, train_rmse-0.4582, valid_rmse-1.3016, valid_pr-0.7203
epoch-116, train_loss-0.2177, train_rmse-0.4665, valid_rmse-1.2910, valid_pr-0.7324
epoch-117, train_loss-0.2294, train_rmse-0.4789, valid_rmse-1.2638, valid_pr-0.7388
Validation : valid_rmse-1.2638, valid_pr-0.7388, 
test2013_rmse-1.3222, test2013_pr-0.8350, test2016_rmse-1.1885, test2016_pr-0.8381, test2019_rmse-1.4200, test2019_pr-0.6455
epoch-118, train_loss-0.2030, train_rmse-0.4506, valid_rmse-1.3012, valid_pr-0.7221
epoch-119, train_loss-0.2239, train_rmse-0.4732, valid_rmse-1.3031, valid_pr-0.7187
epoch-120, train_loss-0.2159, train_rmse-0.4647, valid_rmse-1.2838, valid_pr-0.7297
epoch-121, train_loss-0.2269, train_rmse-0.4764, valid_rmse-1.3281, valid_pr-0.7198
epoch-122, train_loss-0.2176, train_rmse-0.4665, valid_rmse-1.3016, valid_pr-0.7266
epoch-123, train_loss-0.2141, train_rmse-0.4627, valid_rmse-1.2645, valid_pr-0.7311
epoch-124, train_loss-0.2111, train_rmse-0.4595, valid_rmse-1.2816, valid_pr-0.7283
epoch-125, train_loss-0.2132, train_rmse-0.4617, valid_rmse-1.3043, valid_pr-0.7216
epoch-126, train_loss-0.2183, train_rmse-0.4672, valid_rmse-1.2491, valid_pr-0.7441
Validation : valid_rmse-1.2491, valid_pr-0.7441, 
test2013_rmse-1.2612, test2013_pr-0.8554, test2016_rmse-1.1639, test2016_pr-0.8468, test2019_rmse-1.4195, test2019_pr-0.6411
epoch-127, train_loss-0.2021, train_rmse-0.4495, valid_rmse-1.2699, valid_pr-0.7394
epoch-128, train_loss-0.2085, train_rmse-0.4566, valid_rmse-1.2666, valid_pr-0.7420
epoch-129, train_loss-0.2116, train_rmse-0.4600, valid_rmse-1.2657, valid_pr-0.7405
epoch-130, train_loss-0.2168, train_rmse-0.4657, valid_rmse-1.2643, valid_pr-0.7327
epoch-131, train_loss-0.2058, train_rmse-0.4537, valid_rmse-1.2733, valid_pr-0.7266
epoch-132, train_loss-0.2171, train_rmse-0.4660, valid_rmse-1.2908, valid_pr-0.7213
epoch-133, train_loss-0.2228, train_rmse-0.4721, valid_rmse-1.2909, valid_pr-0.7282
epoch-134, train_loss-0.2113, train_rmse-0.4597, valid_rmse-1.2521, valid_pr-0.7389
epoch-135, train_loss-0.2017, train_rmse-0.4491, valid_rmse-1.2752, valid_pr-0.7343
epoch-136, train_loss-0.1970, train_rmse-0.4438, valid_rmse-1.2490, valid_pr-0.7440
Validation : valid_rmse-1.2490, valid_pr-0.7440, 
test2013_rmse-1.2694, test2013_pr-0.8503, test2016_rmse-1.1591, test2016_pr-0.8479, test2019_rmse-1.4073, test2019_pr-0.6474
epoch-137, train_loss-0.2070, train_rmse-0.4550, valid_rmse-1.2507, valid_pr-0.7420
epoch-138, train_loss-0.2008, train_rmse-0.4482, valid_rmse-1.2596, valid_pr-0.7414
epoch-139, train_loss-0.2037, train_rmse-0.4513, valid_rmse-1.2600, valid_pr-0.7388
epoch-140, train_loss-0.1899, train_rmse-0.4358, valid_rmse-1.2697, valid_pr-0.7352
epoch-141, train_loss-0.2069, train_rmse-0.4548, valid_rmse-1.2612, valid_pr-0.7356
epoch-142, train_loss-0.1942, train_rmse-0.4407, valid_rmse-1.2916, valid_pr-0.7398
epoch-143, train_loss-0.1853, train_rmse-0.4305, valid_rmse-1.2655, valid_pr-0.7367
epoch-144, train_loss-0.1966, train_rmse-0.4434, valid_rmse-1.2654, valid_pr-0.7366
epoch-145, train_loss-0.1834, train_rmse-0.4283, valid_rmse-1.2633, valid_pr-0.7370
epoch-146, train_loss-0.2066, train_rmse-0.4546, valid_rmse-1.2620, valid_pr-0.7405
epoch-147, train_loss-0.1852, train_rmse-0.4304, valid_rmse-1.2622, valid_pr-0.7363
epoch-148, train_loss-0.1967, train_rmse-0.4436, valid_rmse-1.2813, valid_pr-0.7323
epoch-149, train_loss-0.1885, train_rmse-0.4341, valid_rmse-1.2732, valid_pr-0.7323
epoch-150, train_loss-0.2032, train_rmse-0.4508, valid_rmse-1.2626, valid_pr-0.7388
epoch-151, train_loss-0.1907, train_rmse-0.4367, valid_rmse-1.2735, valid_pr-0.7320
epoch-152, train_loss-0.1922, train_rmse-0.4384, valid_rmse-1.2764, valid_pr-0.7341
epoch-153, train_loss-0.1849, train_rmse-0.4300, valid_rmse-1.2792, valid_pr-0.7328
epoch-154, train_loss-0.1945, train_rmse-0.4410, valid_rmse-1.2789, valid_pr-0.7325
epoch-155, train_loss-0.1800, train_rmse-0.4243, valid_rmse-1.2786, valid_pr-0.7397
epoch-156, train_loss-0.1935, train_rmse-0.4399, valid_rmse-1.3045, valid_pr-0.7258
epoch-157, train_loss-0.1833, train_rmse-0.4281, valid_rmse-1.2711, valid_pr-0.7340
epoch-158, train_loss-0.2046, train_rmse-0.4524, valid_rmse-1.2452, valid_pr-0.7420
Validation : valid_rmse-1.2452, valid_pr-0.7420, 
test2013_rmse-1.3289, test2013_pr-0.8430, test2016_rmse-1.1982, test2016_pr-0.8399, test2019_rmse-1.3942, test2019_pr-0.6458
epoch-159, train_loss-0.1806, train_rmse-0.4249, valid_rmse-1.2530, valid_pr-0.7371
epoch-160, train_loss-0.1923, train_rmse-0.4386, valid_rmse-1.3073, valid_pr-0.7382
epoch-161, train_loss-0.1841, train_rmse-0.4290, valid_rmse-1.2831, valid_pr-0.7374
epoch-162, train_loss-0.1905, train_rmse-0.4365, valid_rmse-1.2599, valid_pr-0.7344
epoch-163, train_loss-0.1806, train_rmse-0.4249, valid_rmse-1.2889, valid_pr-0.7273
epoch-164, train_loss-0.1728, train_rmse-0.4156, valid_rmse-1.2920, valid_pr-0.7342
epoch-165, train_loss-0.1842, train_rmse-0.4292, valid_rmse-1.2944, valid_pr-0.7420
epoch-166, train_loss-0.1691, train_rmse-0.4112, valid_rmse-1.2637, valid_pr-0.7401
epoch-167, train_loss-0.1786, train_rmse-0.4226, valid_rmse-1.2729, valid_pr-0.7306
epoch-168, train_loss-0.1729, train_rmse-0.4158, valid_rmse-1.2514, valid_pr-0.7378
epoch-169, train_loss-0.1726, train_rmse-0.4154, valid_rmse-1.2844, valid_pr-0.7260
epoch-170, train_loss-0.1673, train_rmse-0.4090, valid_rmse-1.2594, valid_pr-0.7390
epoch-171, train_loss-0.1675, train_rmse-0.4092, valid_rmse-1.2454, valid_pr-0.7409
epoch-172, train_loss-0.1953, train_rmse-0.4419, valid_rmse-1.2751, valid_pr-0.7387
epoch-173, train_loss-0.1742, train_rmse-0.4174, valid_rmse-1.2632, valid_pr-0.7350
epoch-174, train_loss-0.1755, train_rmse-0.4189, valid_rmse-1.2681, valid_pr-0.7346
epoch-175, train_loss-0.1785, train_rmse-0.4225, valid_rmse-1.2661, valid_pr-0.7362
epoch-176, train_loss-0.1818, train_rmse-0.4264, valid_rmse-1.2482, valid_pr-0.7407
epoch-177, train_loss-0.1738, train_rmse-0.4168, valid_rmse-1.2612, valid_pr-0.7352
epoch-178, train_loss-0.1664, train_rmse-0.4079, valid_rmse-1.2702, valid_pr-0.7388
epoch-179, train_loss-0.1824, train_rmse-0.4270, valid_rmse-1.2567, valid_pr-0.7386
epoch-180, train_loss-0.1699, train_rmse-0.4122, valid_rmse-1.2667, valid_pr-0.7385
epoch-181, train_loss-0.1659, train_rmse-0.4073, valid_rmse-1.2502, valid_pr-0.7369
epoch-182, train_loss-0.1651, train_rmse-0.4064, valid_rmse-1.2490, valid_pr-0.7443
epoch-183, train_loss-0.1690, train_rmse-0.4110, valid_rmse-1.2617, valid_pr-0.7386
epoch-184, train_loss-0.1659, train_rmse-0.4074, valid_rmse-1.2650, valid_pr-0.7384
epoch-185, train_loss-0.1577, train_rmse-0.3972, valid_rmse-1.2499, valid_pr-0.7472
epoch-186, train_loss-0.1784, train_rmse-0.4223, valid_rmse-1.2567, valid_pr-0.7443
epoch-187, train_loss-0.1728, train_rmse-0.4157, valid_rmse-1.2775, valid_pr-0.7272
epoch-188, train_loss-0.1519, train_rmse-0.3898, valid_rmse-1.2502, valid_pr-0.7424
epoch-189, train_loss-0.1803, train_rmse-0.4246, valid_rmse-1.2575, valid_pr-0.7382
epoch-190, train_loss-0.1706, train_rmse-0.4131, valid_rmse-1.2437, valid_pr-0.7455
Validation : valid_rmse-1.2437, valid_pr-0.7455, 
test2013_rmse-1.2749, test2013_pr-0.8573, test2016_rmse-1.1731, test2016_pr-0.8449, test2019_rmse-1.3929, test2019_pr-0.6469
epoch-191, train_loss-0.1606, train_rmse-0.4008, valid_rmse-1.2711, valid_pr-0.7376
epoch-192, train_loss-0.1712, train_rmse-0.4138, valid_rmse-1.2386, valid_pr-0.7456
Validation : valid_rmse-1.2386, valid_pr-0.7456, 
test2013_rmse-1.2884, test2013_pr-0.8598, test2016_rmse-1.1686, test2016_pr-0.8523, test2019_rmse-1.3834, test2019_pr-0.6479
epoch-193, train_loss-0.1540, train_rmse-0.3924, valid_rmse-1.2572, valid_pr-0.7447
epoch-194, train_loss-0.1556, train_rmse-0.3944, valid_rmse-1.2463, valid_pr-0.7425
epoch-195, train_loss-0.1529, train_rmse-0.3910, valid_rmse-1.2552, valid_pr-0.7424
epoch-196, train_loss-0.1745, train_rmse-0.4178, valid_rmse-1.2422, valid_pr-0.7468
epoch-197, train_loss-0.1516, train_rmse-0.3894, valid_rmse-1.2376, valid_pr-0.7448
Validation : valid_rmse-1.2376, valid_pr-0.7448, 
test2013_rmse-1.2778, test2013_pr-0.8619, test2016_rmse-1.1931, test2016_pr-0.8426, test2019_rmse-1.3865, test2019_pr-0.6437
epoch-198, train_loss-0.1753, train_rmse-0.4187, valid_rmse-1.2473, valid_pr-0.7417
epoch-199, train_loss-0.1652, train_rmse-0.4064, valid_rmse-1.2577, valid_pr-0.7374
epoch-200, train_loss-0.1783, train_rmse-0.4222, valid_rmse-1.2551, valid_pr-0.7390
epoch-201, train_loss-0.1641, train_rmse-0.4051, valid_rmse-1.2507, valid_pr-0.7418
epoch-202, train_loss-0.1544, train_rmse-0.3929, valid_rmse-1.2494, valid_pr-0.7417
epoch-203, train_loss-0.1502, train_rmse-0.3876, valid_rmse-1.2706, valid_pr-0.7362
epoch-204, train_loss-0.1557, train_rmse-0.3946, valid_rmse-1.2440, valid_pr-0.7451
epoch-205, train_loss-0.1641, train_rmse-0.4051, valid_rmse-1.2397, valid_pr-0.7455
epoch-206, train_loss-0.1467, train_rmse-0.3831, valid_rmse-1.2431, valid_pr-0.7470
epoch-207, train_loss-0.1533, train_rmse-0.3915, valid_rmse-1.2410, valid_pr-0.7473
epoch-208, train_loss-0.1629, train_rmse-0.4036, valid_rmse-1.2605, valid_pr-0.7436
epoch-209, train_loss-0.1686, train_rmse-0.4107, valid_rmse-1.2472, valid_pr-0.7457
epoch-210, train_loss-0.1535, train_rmse-0.3918, valid_rmse-1.2641, valid_pr-0.7447
epoch-211, train_loss-0.1516, train_rmse-0.3893, valid_rmse-1.2422, valid_pr-0.7449
epoch-212, train_loss-0.1523, train_rmse-0.3903, valid_rmse-1.2319, valid_pr-0.7474
Validation : valid_rmse-1.2319, valid_pr-0.7474, 
test2013_rmse-1.2867, test2013_pr-0.8569, test2016_rmse-1.1737, test2016_pr-0.8491, test2019_rmse-1.3753, test2019_pr-0.6516
epoch-213, train_loss-0.1477, train_rmse-0.3844, valid_rmse-1.2515, valid_pr-0.7373
epoch-214, train_loss-0.1764, train_rmse-0.4200, valid_rmse-1.2420, valid_pr-0.7430
epoch-215, train_loss-0.1505, train_rmse-0.3879, valid_rmse-1.2337, valid_pr-0.7481
epoch-216, train_loss-0.1687, train_rmse-0.4108, valid_rmse-1.2479, valid_pr-0.7381
epoch-217, train_loss-0.1599, train_rmse-0.3998, valid_rmse-1.2837, valid_pr-0.7263
epoch-218, train_loss-0.1544, train_rmse-0.3930, valid_rmse-1.2693, valid_pr-0.7422
epoch-219, train_loss-0.1631, train_rmse-0.4039, valid_rmse-1.2509, valid_pr-0.7376
epoch-220, train_loss-0.1534, train_rmse-0.3917, valid_rmse-1.2821, valid_pr-0.7448
epoch-221, train_loss-0.1666, train_rmse-0.4081, valid_rmse-1.2463, valid_pr-0.7412
epoch-222, train_loss-0.1485, train_rmse-0.3854, valid_rmse-1.2683, valid_pr-0.7411
epoch-223, train_loss-0.1597, train_rmse-0.3996, valid_rmse-1.2431, valid_pr-0.7425
epoch-224, train_loss-0.1494, train_rmse-0.3865, valid_rmse-1.2580, valid_pr-0.7359
epoch-225, train_loss-0.1552, train_rmse-0.3940, valid_rmse-1.2579, valid_pr-0.7356
epoch-226, train_loss-0.1490, train_rmse-0.3861, valid_rmse-1.2411, valid_pr-0.7456
epoch-227, train_loss-0.1422, train_rmse-0.3772, valid_rmse-1.2479, valid_pr-0.7447
epoch-228, train_loss-0.1545, train_rmse-0.3930, valid_rmse-1.2557, valid_pr-0.7380
epoch-229, train_loss-0.1583, train_rmse-0.3979, valid_rmse-1.2461, valid_pr-0.7423
epoch-230, train_loss-0.1524, train_rmse-0.3904, valid_rmse-1.2449, valid_pr-0.7412
epoch-231, train_loss-0.1462, train_rmse-0.3824, valid_rmse-1.2445, valid_pr-0.7455
epoch-232, train_loss-0.1453, train_rmse-0.3812, valid_rmse-1.2456, valid_pr-0.7457
epoch-233, train_loss-0.1395, train_rmse-0.3736, valid_rmse-1.2362, valid_pr-0.7490
epoch-234, train_loss-0.1406, train_rmse-0.3749, valid_rmse-1.2679, valid_pr-0.7293
epoch-235, train_loss-0.1565, train_rmse-0.3956, valid_rmse-1.2269, valid_pr-0.7505
Validation : valid_rmse-1.2269, valid_pr-0.7505, 
test2013_rmse-1.2984, test2013_pr-0.8597, test2016_rmse-1.1710, test2016_pr-0.8562, test2019_rmse-1.3767, test2019_pr-0.6483
epoch-236, train_loss-0.1574, train_rmse-0.3967, valid_rmse-1.2492, valid_pr-0.7401
epoch-237, train_loss-0.1413, train_rmse-0.3759, valid_rmse-1.2421, valid_pr-0.7468
epoch-238, train_loss-0.1597, train_rmse-0.3996, valid_rmse-1.2428, valid_pr-0.7441
epoch-239, train_loss-0.1453, train_rmse-0.3812, valid_rmse-1.2397, valid_pr-0.7445
epoch-240, train_loss-0.1363, train_rmse-0.3691, valid_rmse-1.2427, valid_pr-0.7408
epoch-241, train_loss-0.1571, train_rmse-0.3963, valid_rmse-1.2349, valid_pr-0.7488
epoch-242, train_loss-0.1506, train_rmse-0.3881, valid_rmse-1.2296, valid_pr-0.7497
epoch-243, train_loss-0.1469, train_rmse-0.3832, valid_rmse-1.2447, valid_pr-0.7437
epoch-244, train_loss-0.1501, train_rmse-0.3874, valid_rmse-1.2409, valid_pr-0.7449
epoch-245, train_loss-0.1357, train_rmse-0.3683, valid_rmse-1.2473, valid_pr-0.7457
epoch-246, train_loss-0.1446, train_rmse-0.3803, valid_rmse-1.2324, valid_pr-0.7496
epoch-247, train_loss-0.1268, train_rmse-0.3561, valid_rmse-1.2313, valid_pr-0.7511
epoch-248, train_loss-0.1377, train_rmse-0.3711, valid_rmse-1.2515, valid_pr-0.7454
epoch-249, train_loss-0.1623, train_rmse-0.4028, valid_rmse-1.2403, valid_pr-0.7462
epoch-250, train_loss-0.1474, train_rmse-0.3839, valid_rmse-1.2312, valid_pr-0.7496
epoch-251, train_loss-0.1521, train_rmse-0.3900, valid_rmse-1.2409, valid_pr-0.7475
epoch-252, train_loss-0.1435, train_rmse-0.3788, valid_rmse-1.2327, valid_pr-0.7560
epoch-253, train_loss-0.1344, train_rmse-0.3666, valid_rmse-1.2375, valid_pr-0.7486
epoch-254, train_loss-0.1449, train_rmse-0.3807, valid_rmse-1.2261, valid_pr-0.7491
Validation : valid_rmse-1.2261, valid_pr-0.7491, 
test2013_rmse-1.2323, test2013_pr-0.8751, test2016_rmse-1.1550, test2016_pr-0.8546, test2019_rmse-1.3796, test2019_pr-0.6456
epoch-255, train_loss-0.1570, train_rmse-0.3962, valid_rmse-1.2351, valid_pr-0.7484
epoch-256, train_loss-0.1450, train_rmse-0.3808, valid_rmse-1.2399, valid_pr-0.7483
epoch-257, train_loss-0.1418, train_rmse-0.3766, valid_rmse-1.2365, valid_pr-0.7457
epoch-258, train_loss-0.1352, train_rmse-0.3678, valid_rmse-1.2347, valid_pr-0.7459
epoch-259, train_loss-0.1405, train_rmse-0.3748, valid_rmse-1.2496, valid_pr-0.7390
epoch-260, train_loss-0.1345, train_rmse-0.3668, valid_rmse-1.2554, valid_pr-0.7462
epoch-261, train_loss-0.1319, train_rmse-0.3631, valid_rmse-1.2267, valid_pr-0.7492
epoch-262, train_loss-0.1448, train_rmse-0.3805, valid_rmse-1.2278, valid_pr-0.7518
epoch-263, train_loss-0.1375, train_rmse-0.3709, valid_rmse-1.2376, valid_pr-0.7501
epoch-264, train_loss-0.1389, train_rmse-0.3726, valid_rmse-1.2528, valid_pr-0.7435
epoch-265, train_loss-0.1260, train_rmse-0.3550, valid_rmse-1.2450, valid_pr-0.7466
epoch-266, train_loss-0.1474, train_rmse-0.3839, valid_rmse-1.2413, valid_pr-0.7446
epoch-267, train_loss-0.1447, train_rmse-0.3804, valid_rmse-1.2517, valid_pr-0.7511
epoch-268, train_loss-0.1426, train_rmse-0.3777, valid_rmse-1.2355, valid_pr-0.7501
epoch-269, train_loss-0.1567, train_rmse-0.3959, valid_rmse-1.2371, valid_pr-0.7480
epoch-270, train_loss-0.1459, train_rmse-0.3820, valid_rmse-1.2414, valid_pr-0.7490
epoch-271, train_loss-0.1460, train_rmse-0.3821, valid_rmse-1.2255, valid_pr-0.7501
Validation : valid_rmse-1.2255, valid_pr-0.7501, 
test2013_rmse-1.2868, test2013_pr-0.8613, test2016_rmse-1.1554, test2016_pr-0.8567, test2019_rmse-1.3744, test2019_pr-0.6523
epoch-272, train_loss-0.1383, train_rmse-0.3719, valid_rmse-1.2366, valid_pr-0.7450
epoch-273, train_loss-0.1419, train_rmse-0.3767, valid_rmse-1.2436, valid_pr-0.7430
epoch-274, train_loss-0.1431, train_rmse-0.3782, valid_rmse-1.2290, valid_pr-0.7500
epoch-275, train_loss-0.1374, train_rmse-0.3707, valid_rmse-1.2182, valid_pr-0.7554
Validation : valid_rmse-1.2182, valid_pr-0.7554, 
test2013_rmse-1.2715, test2013_pr-0.8621, test2016_rmse-1.1622, test2016_pr-0.8533, test2019_rmse-1.3830, test2019_pr-0.6480
epoch-276, train_loss-0.1387, train_rmse-0.3724, valid_rmse-1.2244, valid_pr-0.7509
epoch-277, train_loss-0.1351, train_rmse-0.3676, valid_rmse-1.2415, valid_pr-0.7472
epoch-278, train_loss-0.1311, train_rmse-0.3621, valid_rmse-1.2393, valid_pr-0.7476
epoch-279, train_loss-0.1382, train_rmse-0.3718, valid_rmse-1.2352, valid_pr-0.7489
epoch-280, train_loss-0.1429, train_rmse-0.3781, valid_rmse-1.2360, valid_pr-0.7460
epoch-281, train_loss-0.1480, train_rmse-0.3847, valid_rmse-1.2374, valid_pr-0.7459
epoch-282, train_loss-0.1429, train_rmse-0.3780, valid_rmse-1.2400, valid_pr-0.7477
epoch-283, train_loss-0.1369, train_rmse-0.3700, valid_rmse-1.2352, valid_pr-0.7461
epoch-284, train_loss-0.1324, train_rmse-0.3638, valid_rmse-1.2249, valid_pr-0.7496
epoch-285, train_loss-0.1470, train_rmse-0.3835, valid_rmse-1.2263, valid_pr-0.7524
epoch-286, train_loss-0.1376, train_rmse-0.3709, valid_rmse-1.2300, valid_pr-0.7531
epoch-287, train_loss-0.1503, train_rmse-0.3877, valid_rmse-1.2349, valid_pr-0.7496
epoch-288, train_loss-0.1358, train_rmse-0.3685, valid_rmse-1.2283, valid_pr-0.7498
epoch-289, train_loss-0.1433, train_rmse-0.3786, valid_rmse-1.2286, valid_pr-0.7530
epoch-290, train_loss-0.1249, train_rmse-0.3534, valid_rmse-1.2238, valid_pr-0.7515
epoch-291, train_loss-0.1322, train_rmse-0.3636, valid_rmse-1.2353, valid_pr-0.7492
epoch-292, train_loss-0.1327, train_rmse-0.3643, valid_rmse-1.2296, valid_pr-0.7537
epoch-293, train_loss-0.1272, train_rmse-0.3567, valid_rmse-1.2272, valid_pr-0.7497
epoch-294, train_loss-0.1361, train_rmse-0.3689, valid_rmse-1.2401, valid_pr-0.7514
epoch-295, train_loss-0.1362, train_rmse-0.3691, valid_rmse-1.2347, valid_pr-0.7541
epoch-296, train_loss-0.1298, train_rmse-0.3603, valid_rmse-1.2188, valid_pr-0.7525
epoch-297, train_loss-0.1314, train_rmse-0.3625, valid_rmse-1.2383, valid_pr-0.7503
epoch-298, train_loss-0.1282, train_rmse-0.3580, valid_rmse-1.2171, valid_pr-0.7542
Validation : valid_rmse-1.2171, valid_pr-0.7542, 
test2013_rmse-1.2886, test2013_pr-0.8568, test2016_rmse-1.1498, test2016_pr-0.8556, test2019_rmse-1.3837, test2019_pr-0.6450
epoch-299, train_loss-0.1346, train_rmse-0.3669, valid_rmse-1.2384, valid_pr-0.7496
epoch-300, train_loss-0.1240, train_rmse-0.3522, valid_rmse-1.2468, valid_pr-0.7452
epoch-301, train_loss-0.1272, train_rmse-0.3567, valid_rmse-1.2234, valid_pr-0.7514
epoch-302, train_loss-0.1276, train_rmse-0.3572, valid_rmse-1.2359, valid_pr-0.7534
epoch-303, train_loss-0.1307, train_rmse-0.3616, valid_rmse-1.2356, valid_pr-0.7521
epoch-304, train_loss-0.1358, train_rmse-0.3686, valid_rmse-1.2288, valid_pr-0.7495
epoch-305, train_loss-0.1311, train_rmse-0.3621, valid_rmse-1.2179, valid_pr-0.7530
epoch-306, train_loss-0.1231, train_rmse-0.3509, valid_rmse-1.2221, valid_pr-0.7551
epoch-307, train_loss-0.1287, train_rmse-0.3588, valid_rmse-1.2312, valid_pr-0.7492
epoch-308, train_loss-0.1339, train_rmse-0.3659, valid_rmse-1.2194, valid_pr-0.7526
epoch-309, train_loss-0.1311, train_rmse-0.3621, valid_rmse-1.2541, valid_pr-0.7503
epoch-310, train_loss-0.1284, train_rmse-0.3583, valid_rmse-1.2298, valid_pr-0.7501
epoch-311, train_loss-0.1318, train_rmse-0.3630, valid_rmse-1.2307, valid_pr-0.7492
epoch-312, train_loss-0.1248, train_rmse-0.3533, valid_rmse-1.2270, valid_pr-0.7482
epoch-313, train_loss-0.1278, train_rmse-0.3575, valid_rmse-1.2200, valid_pr-0.7535
epoch-314, train_loss-0.1256, train_rmse-0.3544, valid_rmse-1.2147, valid_pr-0.7544
Validation : valid_rmse-1.2147, valid_pr-0.7544, 
test2013_rmse-1.2632, test2013_pr-0.8662, test2016_rmse-1.1517, test2016_pr-0.8576, test2019_rmse-1.3694, test2019_pr-0.6522
epoch-315, train_loss-0.1243, train_rmse-0.3526, valid_rmse-1.2144, valid_pr-0.7569
Validation : valid_rmse-1.2144, valid_pr-0.7569, 
test2013_rmse-1.2513, test2013_pr-0.8649, test2016_rmse-1.1297, test2016_pr-0.8614, test2019_rmse-1.3757, test2019_pr-0.6524
epoch-316, train_loss-0.1510, train_rmse-0.3886, valid_rmse-1.2357, valid_pr-0.7473
epoch-317, train_loss-0.1194, train_rmse-0.3455, valid_rmse-1.2160, valid_pr-0.7542
epoch-318, train_loss-0.1237, train_rmse-0.3517, valid_rmse-1.2152, valid_pr-0.7535
epoch-319, train_loss-0.1207, train_rmse-0.3475, valid_rmse-1.2213, valid_pr-0.7557
epoch-320, train_loss-0.1448, train_rmse-0.3806, valid_rmse-1.2238, valid_pr-0.7579
epoch-321, train_loss-0.1222, train_rmse-0.3495, valid_rmse-1.2168, valid_pr-0.7555
epoch-322, train_loss-0.1262, train_rmse-0.3553, valid_rmse-1.2261, valid_pr-0.7553
epoch-323, train_loss-0.1247, train_rmse-0.3531, valid_rmse-1.2175, valid_pr-0.7526
epoch-324, train_loss-0.1215, train_rmse-0.3486, valid_rmse-1.2238, valid_pr-0.7534
epoch-325, train_loss-0.1278, train_rmse-0.3574, valid_rmse-1.2252, valid_pr-0.7503
epoch-326, train_loss-0.1272, train_rmse-0.3566, valid_rmse-1.2352, valid_pr-0.7516
epoch-327, train_loss-0.1274, train_rmse-0.3570, valid_rmse-1.2203, valid_pr-0.7524
epoch-328, train_loss-0.1295, train_rmse-0.3599, valid_rmse-1.2369, valid_pr-0.7450
epoch-329, train_loss-0.1442, train_rmse-0.3798, valid_rmse-1.2219, valid_pr-0.7533
epoch-330, train_loss-0.1166, train_rmse-0.3415, valid_rmse-1.2244, valid_pr-0.7553
epoch-331, train_loss-0.1226, train_rmse-0.3501, valid_rmse-1.2369, valid_pr-0.7484
epoch-332, train_loss-0.1275, train_rmse-0.3571, valid_rmse-1.2261, valid_pr-0.7527
epoch-333, train_loss-0.1401, train_rmse-0.3743, valid_rmse-1.2235, valid_pr-0.7520
epoch-334, train_loss-0.1315, train_rmse-0.3626, valid_rmse-1.2085, valid_pr-0.7581
Validation : valid_rmse-1.2085, valid_pr-0.7581, 
test2013_rmse-1.2605, test2013_pr-0.8687, test2016_rmse-1.1709, test2016_pr-0.8538, test2019_rmse-1.3672, test2019_pr-0.6519
epoch-335, train_loss-0.1154, train_rmse-0.3396, valid_rmse-1.2239, valid_pr-0.7521
epoch-336, train_loss-0.1186, train_rmse-0.3444, valid_rmse-1.2297, valid_pr-0.7556
epoch-337, train_loss-0.1202, train_rmse-0.3468, valid_rmse-1.2261, valid_pr-0.7564
epoch-338, train_loss-0.1348, train_rmse-0.3671, valid_rmse-1.2259, valid_pr-0.7558
epoch-339, train_loss-0.1262, train_rmse-0.3553, valid_rmse-1.2120, valid_pr-0.7565
epoch-340, train_loss-0.1205, train_rmse-0.3472, valid_rmse-1.2186, valid_pr-0.7557
epoch-341, train_loss-0.1266, train_rmse-0.3558, valid_rmse-1.2375, valid_pr-0.7488
epoch-342, train_loss-0.1245, train_rmse-0.3528, valid_rmse-1.2161, valid_pr-0.7533
epoch-343, train_loss-0.1220, train_rmse-0.3493, valid_rmse-1.2172, valid_pr-0.7543
epoch-344, train_loss-0.1228, train_rmse-0.3504, valid_rmse-1.2284, valid_pr-0.7518
epoch-345, train_loss-0.1238, train_rmse-0.3518, valid_rmse-1.2248, valid_pr-0.7505
epoch-346, train_loss-0.1200, train_rmse-0.3464, valid_rmse-1.2117, valid_pr-0.7563
epoch-347, train_loss-0.1335, train_rmse-0.3654, valid_rmse-1.2262, valid_pr-0.7568
epoch-348, train_loss-0.1276, train_rmse-0.3572, valid_rmse-1.2076, valid_pr-0.7587
Validation : valid_rmse-1.2076, valid_pr-0.7587, 
test2013_rmse-1.2657, test2013_pr-0.8627, test2016_rmse-1.1579, test2016_pr-0.8525, test2019_rmse-1.3788, test2019_pr-0.6490
epoch-349, train_loss-0.1266, train_rmse-0.3559, valid_rmse-1.2179, valid_pr-0.7570
epoch-350, train_loss-0.1264, train_rmse-0.3555, valid_rmse-1.2321, valid_pr-0.7507
epoch-351, train_loss-0.1237, train_rmse-0.3517, valid_rmse-1.2192, valid_pr-0.7578
epoch-352, train_loss-0.1192, train_rmse-0.3452, valid_rmse-1.2104, valid_pr-0.7564
epoch-353, train_loss-0.1236, train_rmse-0.3515, valid_rmse-1.2108, valid_pr-0.7549
epoch-354, train_loss-0.1174, train_rmse-0.3427, valid_rmse-1.2126, valid_pr-0.7548
epoch-355, train_loss-0.1176, train_rmse-0.3429, valid_rmse-1.2224, valid_pr-0.7566
epoch-356, train_loss-0.1237, train_rmse-0.3517, valid_rmse-1.2156, valid_pr-0.7554
epoch-357, train_loss-0.1218, train_rmse-0.3490, valid_rmse-1.2272, valid_pr-0.7506
epoch-358, train_loss-0.1229, train_rmse-0.3506, valid_rmse-1.2268, valid_pr-0.7513
epoch-359, train_loss-0.1195, train_rmse-0.3457, valid_rmse-1.2185, valid_pr-0.7543
epoch-360, train_loss-0.1265, train_rmse-0.3556, valid_rmse-1.2195, valid_pr-0.7547
epoch-361, train_loss-0.1088, train_rmse-0.3298, valid_rmse-1.2214, valid_pr-0.7562
epoch-362, train_loss-0.1186, train_rmse-0.3443, valid_rmse-1.2146, valid_pr-0.7566
epoch-363, train_loss-0.1207, train_rmse-0.3474, valid_rmse-1.2268, valid_pr-0.7521
epoch-364, train_loss-0.1268, train_rmse-0.3561, valid_rmse-1.2322, valid_pr-0.7515
epoch-365, train_loss-0.1256, train_rmse-0.3544, valid_rmse-1.2230, valid_pr-0.7543
epoch-366, train_loss-0.1177, train_rmse-0.3431, valid_rmse-1.2190, valid_pr-0.7537
epoch-367, train_loss-0.1265, train_rmse-0.3556, valid_rmse-1.2140, valid_pr-0.7562
epoch-368, train_loss-0.1203, train_rmse-0.3469, valid_rmse-1.2242, valid_pr-0.7505
epoch-369, train_loss-0.1326, train_rmse-0.3642, valid_rmse-1.2384, valid_pr-0.7456
epoch-370, train_loss-0.1240, train_rmse-0.3521, valid_rmse-1.2120, valid_pr-0.7546
epoch-371, train_loss-0.1264, train_rmse-0.3556, valid_rmse-1.2408, valid_pr-0.7509
epoch-372, train_loss-0.1257, train_rmse-0.3546, valid_rmse-1.2373, valid_pr-0.7546
epoch-373, train_loss-0.1302, train_rmse-0.3608, valid_rmse-1.2240, valid_pr-0.7535
epoch-374, train_loss-0.1166, train_rmse-0.3415, valid_rmse-1.2264, valid_pr-0.7492
epoch-375, train_loss-0.1166, train_rmse-0.3415, valid_rmse-1.2177, valid_pr-0.7539
epoch-376, train_loss-0.1233, train_rmse-0.3511, valid_rmse-1.2347, valid_pr-0.7552
epoch-377, train_loss-0.1266, train_rmse-0.3558, valid_rmse-1.2389, valid_pr-0.7534
epoch-378, train_loss-0.1241, train_rmse-0.3523, valid_rmse-1.2347, valid_pr-0.7454
epoch-379, train_loss-0.1246, train_rmse-0.3529, valid_rmse-1.2284, valid_pr-0.7498
epoch-380, train_loss-0.1195, train_rmse-0.3457, valid_rmse-1.2103, valid_pr-0.7554
epoch-381, train_loss-0.1206, train_rmse-0.3472, valid_rmse-1.2235, valid_pr-0.7522
epoch-382, train_loss-0.1079, train_rmse-0.3285, valid_rmse-1.2169, valid_pr-0.7533
epoch-383, train_loss-0.1232, train_rmse-0.3510, valid_rmse-1.2182, valid_pr-0.7533
epoch-384, train_loss-0.1157, train_rmse-0.3402, valid_rmse-1.2176, valid_pr-0.7542
epoch-385, train_loss-0.1296, train_rmse-0.3600, valid_rmse-1.2318, valid_pr-0.7476
epoch-386, train_loss-0.1178, train_rmse-0.3432, valid_rmse-1.2256, valid_pr-0.7516
epoch-387, train_loss-0.1137, train_rmse-0.3372, valid_rmse-1.2250, valid_pr-0.7523
epoch-388, train_loss-0.1138, train_rmse-0.3373, valid_rmse-1.2258, valid_pr-0.7526
epoch-389, train_loss-0.1196, train_rmse-0.3459, valid_rmse-1.2357, valid_pr-0.7497
epoch-390, train_loss-0.1168, train_rmse-0.3418, valid_rmse-1.2231, valid_pr-0.7541
epoch-391, train_loss-0.1112, train_rmse-0.3334, valid_rmse-1.2305, valid_pr-0.7518
epoch-392, train_loss-0.1245, train_rmse-0.3528, valid_rmse-1.2083, valid_pr-0.7571
epoch-393, train_loss-0.1192, train_rmse-0.3453, valid_rmse-1.2178, valid_pr-0.7525
epoch-394, train_loss-0.1108, train_rmse-0.3329, valid_rmse-1.2291, valid_pr-0.7516
epoch-395, train_loss-0.1138, train_rmse-0.3374, valid_rmse-1.2176, valid_pr-0.7547
epoch-396, train_loss-0.1162, train_rmse-0.3409, valid_rmse-1.2225, valid_pr-0.7548
epoch-397, train_loss-0.1202, train_rmse-0.3467, valid_rmse-1.2215, valid_pr-0.7537
epoch-398, train_loss-0.1224, train_rmse-0.3498, valid_rmse-1.2205, valid_pr-0.7527
epoch-399, train_loss-0.1369, train_rmse-0.3700, valid_rmse-1.2172, valid_pr-0.7522
epoch-400, train_loss-0.1052, train_rmse-0.3244, valid_rmse-1.2048, valid_pr-0.7608
Validation : valid_rmse-1.2048, valid_pr-0.7608, 
test2013_rmse-1.2863, test2013_pr-0.8648, test2016_rmse-1.1566, test2016_pr-0.8618, test2019_rmse-1.3700, test2019_pr-0.6502
epoch-401, train_loss-0.1110, train_rmse-0.3331, valid_rmse-1.2176, valid_pr-0.7567
epoch-402, train_loss-0.0987, train_rmse-0.3142, valid_rmse-1.2157, valid_pr-0.7569
epoch-403, train_loss-0.0980, train_rmse-0.3130, valid_rmse-1.2207, valid_pr-0.7544
epoch-404, train_loss-0.0991, train_rmse-0.3147, valid_rmse-1.2179, valid_pr-0.7557
epoch-405, train_loss-0.0915, train_rmse-0.3025, valid_rmse-1.2097, valid_pr-0.7566
epoch-406, train_loss-0.0978, train_rmse-0.3127, valid_rmse-1.2088, valid_pr-0.7583
epoch-407, train_loss-0.0981, train_rmse-0.3132, valid_rmse-1.2099, valid_pr-0.7576
epoch-408, train_loss-0.0912, train_rmse-0.3021, valid_rmse-1.2098, valid_pr-0.7562
epoch-409, train_loss-0.0900, train_rmse-0.3001, valid_rmse-1.2108, valid_pr-0.7562
epoch-410, train_loss-0.1023, train_rmse-0.3198, valid_rmse-1.2102, valid_pr-0.7561
epoch-411, train_loss-0.0977, train_rmse-0.3126, valid_rmse-1.2132, valid_pr-0.7565
epoch-412, train_loss-0.0859, train_rmse-0.2930, valid_rmse-1.2102, valid_pr-0.7576
epoch-413, train_loss-0.0997, train_rmse-0.3158, valid_rmse-1.2112, valid_pr-0.7567
epoch-414, train_loss-0.1012, train_rmse-0.3181, valid_rmse-1.2141, valid_pr-0.7569
epoch-415, train_loss-0.1018, train_rmse-0.3191, valid_rmse-1.2116, valid_pr-0.7575
epoch-416, train_loss-0.1031, train_rmse-0.3211, valid_rmse-1.2124, valid_pr-0.7574
epoch-417, train_loss-0.0934, train_rmse-0.3055, valid_rmse-1.2098, valid_pr-0.7559
epoch-418, train_loss-0.1032, train_rmse-0.3213, valid_rmse-1.2104, valid_pr-0.7574
epoch-419, train_loss-0.0929, train_rmse-0.3048, valid_rmse-1.2068, valid_pr-0.7588
epoch-420, train_loss-0.0887, train_rmse-0.2979, valid_rmse-1.2075, valid_pr-0.7586
epoch-421, train_loss-0.0918, train_rmse-0.3030, valid_rmse-1.2025, valid_pr-0.7607
Validation : valid_rmse-1.2025, valid_pr-0.7607, 
test2013_rmse-1.2766, test2013_pr-0.8676, test2016_rmse-1.1507, test2016_pr-0.8624, test2019_rmse-1.3538, test2019_pr-0.6581
epoch-422, train_loss-0.0995, train_rmse-0.3155, valid_rmse-1.2108, valid_pr-0.7568
epoch-423, train_loss-0.0992, train_rmse-0.3149, valid_rmse-1.2089, valid_pr-0.7573
epoch-424, train_loss-0.0992, train_rmse-0.3149, valid_rmse-1.2041, valid_pr-0.7610
epoch-425, train_loss-0.0938, train_rmse-0.3062, valid_rmse-1.2039, valid_pr-0.7602
epoch-426, train_loss-0.0945, train_rmse-0.3075, valid_rmse-1.2037, valid_pr-0.7594
epoch-427, train_loss-0.0866, train_rmse-0.2943, valid_rmse-1.2073, valid_pr-0.7585
epoch-428, train_loss-0.0947, train_rmse-0.3077, valid_rmse-1.2117, valid_pr-0.7565
epoch-429, train_loss-0.0929, train_rmse-0.3049, valid_rmse-1.2029, valid_pr-0.7601
epoch-430, train_loss-0.0902, train_rmse-0.3004, valid_rmse-1.2107, valid_pr-0.7579
epoch-431, train_loss-0.0893, train_rmse-0.2988, valid_rmse-1.2132, valid_pr-0.7559
epoch-432, train_loss-0.0945, train_rmse-0.3074, valid_rmse-1.2152, valid_pr-0.7569
epoch-433, train_loss-0.0914, train_rmse-0.3024, valid_rmse-1.2073, valid_pr-0.7590
epoch-434, train_loss-0.0883, train_rmse-0.2972, valid_rmse-1.2070, valid_pr-0.7578
epoch-435, train_loss-0.0944, train_rmse-0.3073, valid_rmse-1.2119, valid_pr-0.7562
epoch-436, train_loss-0.0885, train_rmse-0.2975, valid_rmse-1.2104, valid_pr-0.7566
epoch-437, train_loss-0.0897, train_rmse-0.2995, valid_rmse-1.2135, valid_pr-0.7567
epoch-438, train_loss-0.0905, train_rmse-0.3009, valid_rmse-1.2122, valid_pr-0.7562
epoch-439, train_loss-0.0913, train_rmse-0.3022, valid_rmse-1.2107, valid_pr-0.7568
epoch-440, train_loss-0.0880, train_rmse-0.2966, valid_rmse-1.2127, valid_pr-0.7561
epoch-441, train_loss-0.0925, train_rmse-0.3041, valid_rmse-1.2110, valid_pr-0.7567
epoch-442, train_loss-0.0845, train_rmse-0.2907, valid_rmse-1.2178, valid_pr-0.7543
epoch-443, train_loss-0.0987, train_rmse-0.3142, valid_rmse-1.2144, valid_pr-0.7566
epoch-444, train_loss-0.0858, train_rmse-0.2930, valid_rmse-1.2113, valid_pr-0.7560
epoch-445, train_loss-0.0902, train_rmse-0.3004, valid_rmse-1.2144, valid_pr-0.7554
epoch-446, train_loss-0.0977, train_rmse-0.3125, valid_rmse-1.2052, valid_pr-0.7586
epoch-447, train_loss-0.1003, train_rmse-0.3168, valid_rmse-1.2040, valid_pr-0.7584
epoch-448, train_loss-0.0939, train_rmse-0.3064, valid_rmse-1.2151, valid_pr-0.7565
epoch-449, train_loss-0.0924, train_rmse-0.3039, valid_rmse-1.2138, valid_pr-0.7545
epoch-450, train_loss-0.0907, train_rmse-0.3011, valid_rmse-1.2141, valid_pr-0.7568
epoch-451, train_loss-0.0931, train_rmse-0.3052, valid_rmse-1.2051, valid_pr-0.7586
epoch-452, train_loss-0.0961, train_rmse-0.3099, valid_rmse-1.2150, valid_pr-0.7556
epoch-453, train_loss-0.0886, train_rmse-0.2976, valid_rmse-1.2154, valid_pr-0.7552
epoch-454, train_loss-0.0901, train_rmse-0.3001, valid_rmse-1.2047, valid_pr-0.7595
epoch-455, train_loss-0.0900, train_rmse-0.3000, valid_rmse-1.2136, valid_pr-0.7576
epoch-456, train_loss-0.0940, train_rmse-0.3065, valid_rmse-1.2097, valid_pr-0.7579
epoch-457, train_loss-0.0935, train_rmse-0.3058, valid_rmse-1.2039, valid_pr-0.7593
epoch-458, train_loss-0.0984, train_rmse-0.3137, valid_rmse-1.2087, valid_pr-0.7567
epoch-459, train_loss-0.0942, train_rmse-0.3070, valid_rmse-1.2102, valid_pr-0.7561
epoch-460, train_loss-0.0894, train_rmse-0.2990, valid_rmse-1.2133, valid_pr-0.7561
epoch-461, train_loss-0.0912, train_rmse-0.3020, valid_rmse-1.2080, valid_pr-0.7572
epoch-462, train_loss-0.0962, train_rmse-0.3101, valid_rmse-1.2090, valid_pr-0.7586
epoch-463, train_loss-0.1007, train_rmse-0.3174, valid_rmse-1.2082, valid_pr-0.7569
epoch-464, train_loss-0.0885, train_rmse-0.2976, valid_rmse-1.2178, valid_pr-0.7571
epoch-465, train_loss-0.0844, train_rmse-0.2905, valid_rmse-1.2090, valid_pr-0.7573
epoch-466, train_loss-0.0956, train_rmse-0.3092, valid_rmse-1.2135, valid_pr-0.7577
epoch-467, train_loss-0.0939, train_rmse-0.3065, valid_rmse-1.2096, valid_pr-0.7573
epoch-468, train_loss-0.1007, train_rmse-0.3174, valid_rmse-1.2075, valid_pr-0.7597
epoch-469, train_loss-0.1003, train_rmse-0.3167, valid_rmse-1.2121, valid_pr-0.7567
epoch-470, train_loss-0.0912, train_rmse-0.3021, valid_rmse-1.2094, valid_pr-0.7589
epoch-471, train_loss-0.0896, train_rmse-0.2994, valid_rmse-1.2146, valid_pr-0.7566
epoch-472, train_loss-0.0870, train_rmse-0.2949, valid_rmse-1.2165, valid_pr-0.7572
epoch-473, train_loss-0.0840, train_rmse-0.2899, valid_rmse-1.2061, valid_pr-0.7601
epoch-474, train_loss-0.0843, train_rmse-0.2903, valid_rmse-1.2063, valid_pr-0.7591
epoch-475, train_loss-0.0840, train_rmse-0.2898, valid_rmse-1.2053, valid_pr-0.7593
epoch-476, train_loss-0.0791, train_rmse-0.2812, valid_rmse-1.2005, valid_pr-0.7605
Validation : valid_rmse-1.2005, valid_pr-0.7605, 
test2013_rmse-1.2724, test2013_pr-0.8711, test2016_rmse-1.1447, test2016_pr-0.8658, test2019_rmse-1.3524, test2019_pr-0.6575
epoch-477, train_loss-0.0856, train_rmse-0.2926, valid_rmse-1.2031, valid_pr-0.7606
epoch-478, train_loss-0.0793, train_rmse-0.2816, valid_rmse-1.2009, valid_pr-0.7613
epoch-479, train_loss-0.0780, train_rmse-0.2793, valid_rmse-1.2043, valid_pr-0.7593
epoch-480, train_loss-0.0776, train_rmse-0.2786, valid_rmse-1.2060, valid_pr-0.7597
epoch-481, train_loss-0.0802, train_rmse-0.2831, valid_rmse-1.2032, valid_pr-0.7601
epoch-482, train_loss-0.0782, train_rmse-0.2796, valid_rmse-1.2038, valid_pr-0.7589
epoch-483, train_loss-0.0726, train_rmse-0.2694, valid_rmse-1.2051, valid_pr-0.7598
epoch-484, train_loss-0.0826, train_rmse-0.2874, valid_rmse-1.2013, valid_pr-0.7603
epoch-485, train_loss-0.0839, train_rmse-0.2897, valid_rmse-1.2011, valid_pr-0.7607
epoch-486, train_loss-0.0901, train_rmse-0.3002, valid_rmse-1.2033, valid_pr-0.7599
epoch-487, train_loss-0.0786, train_rmse-0.2804, valid_rmse-1.2011, valid_pr-0.7613
epoch-488, train_loss-0.0871, train_rmse-0.2951, valid_rmse-1.2034, valid_pr-0.7600
epoch-489, train_loss-0.0795, train_rmse-0.2820, valid_rmse-1.2023, valid_pr-0.7594
epoch-490, train_loss-0.0831, train_rmse-0.2884, valid_rmse-1.2104, valid_pr-0.7573
epoch-491, train_loss-0.0813, train_rmse-0.2851, valid_rmse-1.2017, valid_pr-0.7609
epoch-492, train_loss-0.0874, train_rmse-0.2956, valid_rmse-1.2065, valid_pr-0.7599
epoch-493, train_loss-0.0752, train_rmse-0.2742, valid_rmse-1.2053, valid_pr-0.7598
epoch-494, train_loss-0.0895, train_rmse-0.2991, valid_rmse-1.2031, valid_pr-0.7604
epoch-495, train_loss-0.0766, train_rmse-0.2768, valid_rmse-1.2008, valid_pr-0.7613
epoch-496, train_loss-0.0882, train_rmse-0.2970, valid_rmse-1.2109, valid_pr-0.7593
epoch-497, train_loss-0.0793, train_rmse-0.2816, valid_rmse-1.2073, valid_pr-0.7587
epoch-498, train_loss-0.0842, train_rmse-0.2902, valid_rmse-1.2079, valid_pr-0.7584
epoch-499, train_loss-0.0870, train_rmse-0.2949, valid_rmse-1.2011, valid_pr-0.7599
epoch-500, train_loss-0.0757, train_rmse-0.2751, valid_rmse-1.2118, valid_pr-0.7575
epoch-501, train_loss-0.0870, train_rmse-0.2949, valid_rmse-1.2048, valid_pr-0.7593
epoch-502, train_loss-0.0753, train_rmse-0.2744, valid_rmse-1.2125, valid_pr-0.7585
epoch-503, train_loss-0.0813, train_rmse-0.2852, valid_rmse-1.2110, valid_pr-0.7567
epoch-504, train_loss-0.0784, train_rmse-0.2800, valid_rmse-1.2049, valid_pr-0.7588
epoch-505, train_loss-0.0829, train_rmse-0.2879, valid_rmse-1.2091, valid_pr-0.7580
epoch-506, train_loss-0.0781, train_rmse-0.2795, valid_rmse-1.2040, valid_pr-0.7589
epoch-507, train_loss-0.0781, train_rmse-0.2794, valid_rmse-1.2093, valid_pr-0.7578
epoch-508, train_loss-0.0750, train_rmse-0.2739, valid_rmse-1.2033, valid_pr-0.7597
epoch-509, train_loss-0.0831, train_rmse-0.2883, valid_rmse-1.2041, valid_pr-0.7595
epoch-510, train_loss-0.0866, train_rmse-0.2943, valid_rmse-1.2024, valid_pr-0.7597
epoch-511, train_loss-0.0758, train_rmse-0.2753, valid_rmse-1.2056, valid_pr-0.7590
epoch-512, train_loss-0.0730, train_rmse-0.2701, valid_rmse-1.2093, valid_pr-0.7587
epoch-513, train_loss-0.0769, train_rmse-0.2773, valid_rmse-1.2103, valid_pr-0.7575
epoch-514, train_loss-0.0821, train_rmse-0.2865, valid_rmse-1.2106, valid_pr-0.7570
epoch-515, train_loss-0.0795, train_rmse-0.2819, valid_rmse-1.2113, valid_pr-0.7596
epoch-516, train_loss-0.0839, train_rmse-0.2896, valid_rmse-1.2067, valid_pr-0.7593
epoch-517, train_loss-0.0776, train_rmse-0.2785, valid_rmse-1.2046, valid_pr-0.7591
epoch-518, train_loss-0.0820, train_rmse-0.2863, valid_rmse-1.2100, valid_pr-0.7586
epoch-519, train_loss-0.0748, train_rmse-0.2734, valid_rmse-1.2083, valid_pr-0.7584
epoch-520, train_loss-0.0847, train_rmse-0.2910, valid_rmse-1.2065, valid_pr-0.7590
epoch-521, train_loss-0.0782, train_rmse-0.2796, valid_rmse-1.2063, valid_pr-0.7592
epoch-522, train_loss-0.0888, train_rmse-0.2981, valid_rmse-1.2142, valid_pr-0.7567
epoch-523, train_loss-0.0899, train_rmse-0.2998, valid_rmse-1.2138, valid_pr-0.7567
epoch-524, train_loss-0.0761, train_rmse-0.2759, valid_rmse-1.2074, valid_pr-0.7585
epoch-525, train_loss-0.0835, train_rmse-0.2890, valid_rmse-1.2033, valid_pr-0.7598
epoch-526, train_loss-0.0855, train_rmse-0.2923, valid_rmse-1.2086, valid_pr-0.7573
epoch-527, train_loss-0.0839, train_rmse-0.2897, valid_rmse-1.2066, valid_pr-0.7577
epoch-528, train_loss-0.0718, train_rmse-0.2679, valid_rmse-1.2069, valid_pr-0.7581
epoch-529, train_loss-0.0710, train_rmse-0.2665, valid_rmse-1.2061, valid_pr-0.7586
epoch-530, train_loss-0.0825, train_rmse-0.2872, valid_rmse-1.2062, valid_pr-0.7581
epoch-531, train_loss-0.0776, train_rmse-0.2785, valid_rmse-1.2056, valid_pr-0.7580
epoch-532, train_loss-0.0753, train_rmse-0.2744, valid_rmse-1.2071, valid_pr-0.7583
epoch-533, train_loss-0.0752, train_rmse-0.2742, valid_rmse-1.2033, valid_pr-0.7598
epoch-534, train_loss-0.0768, train_rmse-0.2772, valid_rmse-1.2046, valid_pr-0.7598
epoch-535, train_loss-0.0795, train_rmse-0.2819, valid_rmse-1.2064, valid_pr-0.7594
epoch-536, train_loss-0.0746, train_rmse-0.2732, valid_rmse-1.2028, valid_pr-0.7601
epoch-537, train_loss-0.0764, train_rmse-0.2764, valid_rmse-1.2055, valid_pr-0.7602
epoch-538, train_loss-0.0745, train_rmse-0.2729, valid_rmse-1.2101, valid_pr-0.7590
epoch-539, train_loss-0.0794, train_rmse-0.2819, valid_rmse-1.2032, valid_pr-0.7609
epoch-540, train_loss-0.0748, train_rmse-0.2735, valid_rmse-1.2035, valid_pr-0.7597
epoch-541, train_loss-0.0746, train_rmse-0.2732, valid_rmse-1.2085, valid_pr-0.7591
epoch-542, train_loss-0.0763, train_rmse-0.2763, valid_rmse-1.2044, valid_pr-0.7592
epoch-543, train_loss-0.0766, train_rmse-0.2769, valid_rmse-1.2081, valid_pr-0.7585
epoch-544, train_loss-0.0721, train_rmse-0.2684, valid_rmse-1.2019, valid_pr-0.7602
epoch-545, train_loss-0.0835, train_rmse-0.2890, valid_rmse-1.2100, valid_pr-0.7592
epoch-546, train_loss-0.0755, train_rmse-0.2749, valid_rmse-1.2109, valid_pr-0.7582
epoch-547, train_loss-0.0681, train_rmse-0.2609, valid_rmse-1.2038, valid_pr-0.7599
epoch-548, train_loss-0.0780, train_rmse-0.2793, valid_rmse-1.2043, valid_pr-0.7591
epoch-549, train_loss-0.0772, train_rmse-0.2778, valid_rmse-1.2028, valid_pr-0.7599
epoch-550, train_loss-0.0804, train_rmse-0.2835, valid_rmse-1.2042, valid_pr-0.7599
epoch-551, train_loss-0.0702, train_rmse-0.2650, valid_rmse-1.2024, valid_pr-0.7609
epoch-552, train_loss-0.0749, train_rmse-0.2736, valid_rmse-1.2028, valid_pr-0.7601
epoch-553, train_loss-0.0727, train_rmse-0.2696, valid_rmse-1.2020, valid_pr-0.7593
epoch-554, train_loss-0.0763, train_rmse-0.2763, valid_rmse-1.2058, valid_pr-0.7592
epoch-555, train_loss-0.0810, train_rmse-0.2846, valid_rmse-1.2050, valid_pr-0.7598
epoch-556, train_loss-0.0761, train_rmse-0.2758, valid_rmse-1.2051, valid_pr-0.7597
epoch-557, train_loss-0.0783, train_rmse-0.2798, valid_rmse-1.2025, valid_pr-0.7597
epoch-558, train_loss-0.0725, train_rmse-0.2693, valid_rmse-1.2005, valid_pr-0.7606
epoch-559, train_loss-0.0721, train_rmse-0.2685, valid_rmse-1.2029, valid_pr-0.7597
epoch-560, train_loss-0.0804, train_rmse-0.2835, valid_rmse-1.2022, valid_pr-0.7600
epoch-561, train_loss-0.0708, train_rmse-0.2662, valid_rmse-1.2009, valid_pr-0.7603
epoch-562, train_loss-0.0729, train_rmse-0.2699, valid_rmse-1.2019, valid_pr-0.7603
epoch-563, train_loss-0.0739, train_rmse-0.2718, valid_rmse-1.2034, valid_pr-0.7607
epoch-564, train_loss-0.0692, train_rmse-0.2630, valid_rmse-1.2035, valid_pr-0.7606
epoch-565, train_loss-0.0808, train_rmse-0.2842, valid_rmse-1.2025, valid_pr-0.7600
epoch-566, train_loss-0.0683, train_rmse-0.2613, valid_rmse-1.1996, valid_pr-0.7606
Validation : valid_rmse-1.1996, valid_pr-0.7606, 
test2013_rmse-1.2595, test2013_pr-0.8740, test2016_rmse-1.1445, test2016_pr-0.8640, test2019_rmse-1.3506, test2019_pr-0.6585
epoch-567, train_loss-0.0786, train_rmse-0.2803, valid_rmse-1.2017, valid_pr-0.7602
epoch-568, train_loss-0.0720, train_rmse-0.2683, valid_rmse-1.2009, valid_pr-0.7605
epoch-569, train_loss-0.0755, train_rmse-0.2748, valid_rmse-1.2029, valid_pr-0.7603
epoch-570, train_loss-0.0756, train_rmse-0.2750, valid_rmse-1.2076, valid_pr-0.7605
epoch-571, train_loss-0.0780, train_rmse-0.2792, valid_rmse-1.1979, valid_pr-0.7621
Validation : valid_rmse-1.1979, valid_pr-0.7621, 
test2013_rmse-1.2686, test2013_pr-0.8725, test2016_rmse-1.1517, test2016_pr-0.8637, test2019_rmse-1.3459, test2019_pr-0.6616
epoch-572, train_loss-0.0731, train_rmse-0.2704, valid_rmse-1.2032, valid_pr-0.7607
epoch-573, train_loss-0.0773, train_rmse-0.2780, valid_rmse-1.2026, valid_pr-0.7614
epoch-574, train_loss-0.0784, train_rmse-0.2800, valid_rmse-1.2026, valid_pr-0.7601
epoch-575, train_loss-0.0826, train_rmse-0.2874, valid_rmse-1.2001, valid_pr-0.7606
epoch-576, train_loss-0.0783, train_rmse-0.2798, valid_rmse-1.2085, valid_pr-0.7602
epoch-577, train_loss-0.0692, train_rmse-0.2631, valid_rmse-1.2017, valid_pr-0.7599
epoch-578, train_loss-0.0816, train_rmse-0.2857, valid_rmse-1.1999, valid_pr-0.7607
epoch-579, train_loss-0.0751, train_rmse-0.2741, valid_rmse-1.2035, valid_pr-0.7599
epoch-580, train_loss-0.0700, train_rmse-0.2646, valid_rmse-1.2013, valid_pr-0.7609
epoch-581, train_loss-0.0664, train_rmse-0.2576, valid_rmse-1.2033, valid_pr-0.7600
epoch-582, train_loss-0.0778, train_rmse-0.2789, valid_rmse-1.2001, valid_pr-0.7615
epoch-583, train_loss-0.0761, train_rmse-0.2759, valid_rmse-1.2019, valid_pr-0.7608
epoch-584, train_loss-0.0823, train_rmse-0.2868, valid_rmse-1.2031, valid_pr-0.7611
epoch-585, train_loss-0.0752, train_rmse-0.2742, valid_rmse-1.2026, valid_pr-0.7607
epoch-586, train_loss-0.0843, train_rmse-0.2904, valid_rmse-1.1987, valid_pr-0.7614
epoch-587, train_loss-0.0737, train_rmse-0.2714, valid_rmse-1.2020, valid_pr-0.7601
epoch-588, train_loss-0.0876, train_rmse-0.2960, valid_rmse-1.2011, valid_pr-0.7611
epoch-589, train_loss-0.0764, train_rmse-0.2764, valid_rmse-1.2006, valid_pr-0.7603
epoch-590, train_loss-0.0726, train_rmse-0.2695, valid_rmse-1.1998, valid_pr-0.7610
epoch-591, train_loss-0.0691, train_rmse-0.2628, valid_rmse-1.1985, valid_pr-0.7615
epoch-592, train_loss-0.0798, train_rmse-0.2825, valid_rmse-1.2013, valid_pr-0.7610
epoch-593, train_loss-0.0787, train_rmse-0.2806, valid_rmse-1.1995, valid_pr-0.7625
epoch-594, train_loss-0.0695, train_rmse-0.2637, valid_rmse-1.2029, valid_pr-0.7600
epoch-595, train_loss-0.0682, train_rmse-0.2611, valid_rmse-1.2011, valid_pr-0.7603
epoch-596, train_loss-0.0784, train_rmse-0.2799, valid_rmse-1.2019, valid_pr-0.7600
epoch-597, train_loss-0.0761, train_rmse-0.2759, valid_rmse-1.2015, valid_pr-0.7618
epoch-598, train_loss-0.0780, train_rmse-0.2794, valid_rmse-1.2073, valid_pr-0.7602
epoch-599, train_loss-0.0696, train_rmse-0.2639, valid_rmse-1.2016, valid_pr-0.7597
epoch-600, train_loss-0.0715, train_rmse-0.2675, valid_rmse-1.2012, valid_pr-0.7609
epoch-601, train_loss-0.0727, train_rmse-0.2696, valid_rmse-1.2049, valid_pr-0.7594
epoch-602, train_loss-0.0719, train_rmse-0.2682, valid_rmse-1.2063, valid_pr-0.7595
epoch-603, train_loss-0.0725, train_rmse-0.2693, valid_rmse-1.2050, valid_pr-0.7602
epoch-604, train_loss-0.0734, train_rmse-0.2710, valid_rmse-1.2039, valid_pr-0.7598
epoch-605, train_loss-0.0776, train_rmse-0.2786, valid_rmse-1.1983, valid_pr-0.7612
epoch-606, train_loss-0.0796, train_rmse-0.2821, valid_rmse-1.2020, valid_pr-0.7605
epoch-607, train_loss-0.0811, train_rmse-0.2849, valid_rmse-1.2022, valid_pr-0.7603
epoch-608, train_loss-0.0740, train_rmse-0.2720, valid_rmse-1.2047, valid_pr-0.7592
epoch-609, train_loss-0.0766, train_rmse-0.2768, valid_rmse-1.2007, valid_pr-0.7601
epoch-610, train_loss-0.0775, train_rmse-0.2784, valid_rmse-1.2089, valid_pr-0.7600
epoch-611, train_loss-0.0718, train_rmse-0.2680, valid_rmse-1.2071, valid_pr-0.7584
epoch-612, train_loss-0.0686, train_rmse-0.2619, valid_rmse-1.2052, valid_pr-0.7591
epoch-613, train_loss-0.0739, train_rmse-0.2719, valid_rmse-1.2026, valid_pr-0.7601
epoch-614, train_loss-0.0772, train_rmse-0.2778, valid_rmse-1.2065, valid_pr-0.7588
epoch-615, train_loss-0.0761, train_rmse-0.2759, valid_rmse-1.2082, valid_pr-0.7602
epoch-616, train_loss-0.0706, train_rmse-0.2656, valid_rmse-1.2030, valid_pr-0.7606
epoch-617, train_loss-0.0764, train_rmse-0.2764, valid_rmse-1.2009, valid_pr-0.7606
epoch-618, train_loss-0.0740, train_rmse-0.2721, valid_rmse-1.1997, valid_pr-0.7608
epoch-619, train_loss-0.0761, train_rmse-0.2759, valid_rmse-1.2076, valid_pr-0.7608
epoch-620, train_loss-0.0676, train_rmse-0.2600, valid_rmse-1.2005, valid_pr-0.7607
epoch-621, train_loss-0.0771, train_rmse-0.2776, valid_rmse-1.2004, valid_pr-0.7605
epoch-622, train_loss-0.0724, train_rmse-0.2690, valid_rmse-1.2074, valid_pr-0.7591
epoch-623, train_loss-0.0821, train_rmse-0.2865, valid_rmse-1.2015, valid_pr-0.7603
epoch-624, train_loss-0.0686, train_rmse-0.2620, valid_rmse-1.2031, valid_pr-0.7595
epoch-625, train_loss-0.0733, train_rmse-0.2708, valid_rmse-1.2102, valid_pr-0.7594
epoch-626, train_loss-0.0786, train_rmse-0.2804, valid_rmse-1.2041, valid_pr-0.7601
epoch-627, train_loss-0.0726, train_rmse-0.2694, valid_rmse-1.2008, valid_pr-0.7602
epoch-628, train_loss-0.0798, train_rmse-0.2825, valid_rmse-1.1988, valid_pr-0.7610
epoch-629, train_loss-0.0700, train_rmse-0.2645, valid_rmse-1.2084, valid_pr-0.7598
epoch-630, train_loss-0.0756, train_rmse-0.2749, valid_rmse-1.2022, valid_pr-0.7597
epoch-631, train_loss-0.0722, train_rmse-0.2688, valid_rmse-1.2035, valid_pr-0.7606
epoch-632, train_loss-0.0770, train_rmse-0.2775, valid_rmse-1.2021, valid_pr-0.7598
epoch-633, train_loss-0.0772, train_rmse-0.2779, valid_rmse-1.2025, valid_pr-0.7605
epoch-634, train_loss-0.0760, train_rmse-0.2756, valid_rmse-1.2014, valid_pr-0.7607
epoch-635, train_loss-0.0785, train_rmse-0.2803, valid_rmse-1.1993, valid_pr-0.7610
epoch-636, train_loss-0.0704, train_rmse-0.2653, valid_rmse-1.2028, valid_pr-0.7603
epoch-637, train_loss-0.0718, train_rmse-0.2680, valid_rmse-1.2064, valid_pr-0.7605
epoch-638, train_loss-0.0698, train_rmse-0.2643, valid_rmse-1.2087, valid_pr-0.7602
epoch-639, train_loss-0.0800, train_rmse-0.2828, valid_rmse-1.2090, valid_pr-0.7596
epoch-640, train_loss-0.0682, train_rmse-0.2611, valid_rmse-1.2014, valid_pr-0.7607
epoch-641, train_loss-0.0691, train_rmse-0.2629, valid_rmse-1.2013, valid_pr-0.7599
epoch-642, train_loss-0.0778, train_rmse-0.2789, valid_rmse-1.2020, valid_pr-0.7602
epoch-643, train_loss-0.0746, train_rmse-0.2731, valid_rmse-1.2006, valid_pr-0.7608
epoch-644, train_loss-0.0779, train_rmse-0.2791, valid_rmse-1.2042, valid_pr-0.7593
epoch-645, train_loss-0.0740, train_rmse-0.2720, valid_rmse-1.2023, valid_pr-0.7607
epoch-646, train_loss-0.0799, train_rmse-0.2826, valid_rmse-1.2021, valid_pr-0.7603
epoch-647, train_loss-0.0727, train_rmse-0.2696, valid_rmse-1.2032, valid_pr-0.7614
epoch-648, train_loss-0.0774, train_rmse-0.2782, valid_rmse-1.2008, valid_pr-0.7607
epoch-649, train_loss-0.0706, train_rmse-0.2657, valid_rmse-1.1999, valid_pr-0.7605
epoch-650, train_loss-0.0740, train_rmse-0.2721, valid_rmse-1.2018, valid_pr-0.7605
epoch-651, train_loss-0.0825, train_rmse-0.2872, valid_rmse-1.2007, valid_pr-0.7602
epoch-652, train_loss-0.0784, train_rmse-0.2800, valid_rmse-1.2015, valid_pr-0.7608
epoch-653, train_loss-0.0711, train_rmse-0.2666, valid_rmse-1.1991, valid_pr-0.7612
epoch-654, train_loss-0.0737, train_rmse-0.2715, valid_rmse-1.2012, valid_pr-0.7606
epoch-655, train_loss-0.0696, train_rmse-0.2639, valid_rmse-1.2028, valid_pr-0.7600
epoch-656, train_loss-0.0659, train_rmse-0.2567, valid_rmse-1.2028, valid_pr-0.7597
epoch-657, train_loss-0.0705, train_rmse-0.2655, valid_rmse-1.1991, valid_pr-0.7612
epoch-658, train_loss-0.0720, train_rmse-0.2684, valid_rmse-1.2001, valid_pr-0.7604
epoch-659, train_loss-0.0698, train_rmse-0.2642, valid_rmse-1.2050, valid_pr-0.7601
epoch-660, train_loss-0.0783, train_rmse-0.2798, valid_rmse-1.2074, valid_pr-0.7607
epoch-661, train_loss-0.0727, train_rmse-0.2697, valid_rmse-1.2023, valid_pr-0.7606
epoch-662, train_loss-0.0694, train_rmse-0.2634, valid_rmse-1.2023, valid_pr-0.7605
epoch-663, train_loss-0.0720, train_rmse-0.2682, valid_rmse-1.2016, valid_pr-0.7605
epoch-664, train_loss-0.0715, train_rmse-0.2674, valid_rmse-1.2026, valid_pr-0.7604
epoch-665, train_loss-0.0690, train_rmse-0.2627, valid_rmse-1.2002, valid_pr-0.7604
epoch-666, train_loss-0.0682, train_rmse-0.2612, valid_rmse-1.2022, valid_pr-0.7604
epoch-667, train_loss-0.0744, train_rmse-0.2728, valid_rmse-1.2015, valid_pr-0.7597
epoch-668, train_loss-0.0791, train_rmse-0.2812, valid_rmse-1.2035, valid_pr-0.7593
epoch-669, train_loss-0.0724, train_rmse-0.2690, valid_rmse-1.2049, valid_pr-0.7594
epoch-670, train_loss-0.0707, train_rmse-0.2658, valid_rmse-1.2028, valid_pr-0.7600
epoch-671, train_loss-0.0727, train_rmse-0.2697, valid_rmse-1.2019, valid_pr-0.7607
epoch-672, train_loss-0.0844, train_rmse-0.2905, valid_rmse-1.2005, valid_pr-0.7603
early stop in epoch 672
best_rmse: 1.1979
valid_rmse-1.1979, valid_pr-0.7621, test2013_rmse-1.2686, test2013_pr-0.8725, test2016_rmse-1.1517, test2016_pr-0.8637, test2019_rmse-1.3459, test2019_pr-0.6616
