ASD, lr=0.001, seed=645
train_ASD.py
train data: 11904
valid data: 1000
test2013 data: 107
test2016 data: 285
test2019 data: 4366
GIGN params # : 42663002
epoch-0, train_loss-5.5943, train_rmse-2.3652, valid_rmse-2.0041, valid_pr-0.2488
Validation : valid_rmse-2.0041, valid_pr-0.2488, 
test2013_rmse-2.4003, test2013_pr-0.2274, test2016_rmse-2.2908, test2016_pr-0.2677, test2019_rmse-1.9834, test2019_pr-0.1923
epoch-1, train_loss-3.4989, train_rmse-1.8705, valid_rmse-1.9144, valid_pr-0.2984
Validation : valid_rmse-1.9144, valid_pr-0.2984, 
test2013_rmse-2.1949, test2013_pr-0.3789, test2016_rmse-1.9642, test2016_pr-0.4944, test2019_rmse-1.8334, test2019_pr-0.2957
epoch-2, train_loss-3.3009, train_rmse-1.8168, valid_rmse-1.7888, valid_pr-0.3466
Validation : valid_rmse-1.7888, valid_pr-0.3466, 
test2013_rmse-2.1931, test2013_pr-0.3520, test2016_rmse-1.9910, test2016_pr-0.4315, test2019_rmse-1.7573, test2019_pr-0.3112
epoch-3, train_loss-3.0006, train_rmse-1.7322, valid_rmse-1.7349, valid_pr-0.3869
Validation : valid_rmse-1.7349, valid_pr-0.3869, 
test2013_rmse-2.1153, test2013_pr-0.4152, test2016_rmse-1.9535, test2016_pr-0.4378, test2019_rmse-1.7117, test2019_pr-0.3455
epoch-4, train_loss-2.8698, train_rmse-1.6940, valid_rmse-1.7021, valid_pr-0.4183
Validation : valid_rmse-1.7021, valid_pr-0.4183, 
test2013_rmse-1.9660, test2013_pr-0.5413, test2016_rmse-1.8397, test2016_pr-0.5317, test2019_rmse-1.6746, test2019_pr-0.3927
epoch-5, train_loss-2.7995, train_rmse-1.6732, valid_rmse-1.7632, valid_pr-0.4393
epoch-6, train_loss-2.6355, train_rmse-1.6234, valid_rmse-1.6728, valid_pr-0.4536
Validation : valid_rmse-1.6728, valid_pr-0.4536, 
test2013_rmse-2.1316, test2013_pr-0.4080, test2016_rmse-1.9235, test2016_pr-0.4704, test2019_rmse-1.6556, test2019_pr-0.4077
epoch-7, train_loss-2.6824, train_rmse-1.6378, valid_rmse-1.7783, valid_pr-0.4798
epoch-8, train_loss-2.5267, train_rmse-1.5896, valid_rmse-1.6063, valid_pr-0.5044
Validation : valid_rmse-1.6063, valid_pr-0.5044, 
test2013_rmse-2.0027, test2013_pr-0.5121, test2016_rmse-1.7915, test2016_pr-0.5750, test2019_rmse-1.6264, test2019_pr-0.4274
epoch-9, train_loss-2.4878, train_rmse-1.5773, valid_rmse-1.6058, valid_pr-0.5126
Validation : valid_rmse-1.6058, valid_pr-0.5126, 
test2013_rmse-1.9973, test2013_pr-0.5177, test2016_rmse-1.8108, test2016_pr-0.5668, test2019_rmse-1.6150, test2019_pr-0.4419
epoch-10, train_loss-2.4301, train_rmse-1.5589, valid_rmse-1.6287, valid_pr-0.4876
epoch-11, train_loss-2.4894, train_rmse-1.5778, valid_rmse-1.5905, valid_pr-0.5300
Validation : valid_rmse-1.5905, valid_pr-0.5300, 
test2013_rmse-1.9462, test2013_pr-0.5653, test2016_rmse-1.7650, test2016_pr-0.6027, test2019_rmse-1.6271, test2019_pr-0.4369
epoch-12, train_loss-2.3488, train_rmse-1.5326, valid_rmse-1.6082, valid_pr-0.5366
epoch-13, train_loss-2.2901, train_rmse-1.5133, valid_rmse-1.5682, valid_pr-0.5356
Validation : valid_rmse-1.5682, valid_pr-0.5356, 
test2013_rmse-1.8618, test2013_pr-0.6040, test2016_rmse-1.6855, test2016_pr-0.6412, test2019_rmse-1.6088, test2019_pr-0.4609
epoch-14, train_loss-2.2510, train_rmse-1.5003, valid_rmse-1.5828, valid_pr-0.5273
epoch-15, train_loss-2.2445, train_rmse-1.4982, valid_rmse-1.6102, valid_pr-0.5533
epoch-16, train_loss-2.2365, train_rmse-1.4955, valid_rmse-1.5957, valid_pr-0.5269
epoch-17, train_loss-2.1601, train_rmse-1.4697, valid_rmse-1.5793, valid_pr-0.5375
epoch-18, train_loss-2.1703, train_rmse-1.4732, valid_rmse-1.5409, valid_pr-0.5600
Validation : valid_rmse-1.5409, valid_pr-0.5600, 
test2013_rmse-1.8395, test2013_pr-0.6223, test2016_rmse-1.6527, test2016_pr-0.6626, test2019_rmse-1.5733, test2019_pr-0.4860
epoch-19, train_loss-2.1521, train_rmse-1.4670, valid_rmse-1.5413, valid_pr-0.5576
epoch-20, train_loss-2.1114, train_rmse-1.4531, valid_rmse-1.5843, valid_pr-0.5533
epoch-21, train_loss-2.0767, train_rmse-1.4411, valid_rmse-1.5423, valid_pr-0.5715
epoch-22, train_loss-2.0456, train_rmse-1.4303, valid_rmse-1.5063, valid_pr-0.5866
Validation : valid_rmse-1.5063, valid_pr-0.5866, 
test2013_rmse-1.6910, test2013_pr-0.7079, test2016_rmse-1.6364, test2016_pr-0.6784, test2019_rmse-1.5577, test2019_pr-0.5079
epoch-23, train_loss-2.0663, train_rmse-1.4375, valid_rmse-1.5204, valid_pr-0.5704
epoch-24, train_loss-1.9248, train_rmse-1.3874, valid_rmse-1.4916, valid_pr-0.6058
Validation : valid_rmse-1.4916, valid_pr-0.6058, 
test2013_rmse-1.7523, test2013_pr-0.6864, test2016_rmse-1.6203, test2016_pr-0.6899, test2019_rmse-1.5471, test2019_pr-0.5114
epoch-25, train_loss-1.8856, train_rmse-1.3732, valid_rmse-1.4669, valid_pr-0.6098
Validation : valid_rmse-1.4669, valid_pr-0.6098, 
test2013_rmse-1.7051, test2013_pr-0.6868, test2016_rmse-1.5189, test2016_pr-0.7224, test2019_rmse-1.5437, test2019_pr-0.5199
epoch-26, train_loss-1.8141, train_rmse-1.3469, valid_rmse-1.4458, valid_pr-0.6318
Validation : valid_rmse-1.4458, valid_pr-0.6318, 
test2013_rmse-1.7621, test2013_pr-0.6810, test2016_rmse-1.6098, test2016_pr-0.6903, test2019_rmse-1.5190, test2019_pr-0.5341
epoch-27, train_loss-1.8008, train_rmse-1.3419, valid_rmse-1.4681, valid_pr-0.6098
epoch-28, train_loss-1.8020, train_rmse-1.3424, valid_rmse-1.4611, valid_pr-0.6240
epoch-29, train_loss-1.8478, train_rmse-1.3594, valid_rmse-1.4757, valid_pr-0.6139
epoch-30, train_loss-1.7945, train_rmse-1.3396, valid_rmse-1.4868, valid_pr-0.6064
epoch-31, train_loss-1.7425, train_rmse-1.3201, valid_rmse-1.5044, valid_pr-0.6087
epoch-32, train_loss-1.7134, train_rmse-1.3090, valid_rmse-1.5204, valid_pr-0.6136
epoch-33, train_loss-1.7293, train_rmse-1.3150, valid_rmse-1.4472, valid_pr-0.6238
epoch-34, train_loss-1.6996, train_rmse-1.3037, valid_rmse-1.4684, valid_pr-0.6168
epoch-35, train_loss-1.6686, train_rmse-1.2917, valid_rmse-1.5331, valid_pr-0.6136
epoch-36, train_loss-1.6413, train_rmse-1.2811, valid_rmse-1.4489, valid_pr-0.6415
epoch-37, train_loss-1.5932, train_rmse-1.2622, valid_rmse-1.4395, valid_pr-0.6267
Validation : valid_rmse-1.4395, valid_pr-0.6267, 
test2013_rmse-1.6541, test2013_pr-0.7252, test2016_rmse-1.5923, test2016_pr-0.6973, test2019_rmse-1.5122, test2019_pr-0.5394
epoch-38, train_loss-1.5916, train_rmse-1.2616, valid_rmse-1.4777, valid_pr-0.6173
epoch-39, train_loss-1.5649, train_rmse-1.2510, valid_rmse-1.6043, valid_pr-0.5681
epoch-40, train_loss-1.6324, train_rmse-1.2777, valid_rmse-1.4361, valid_pr-0.6387
Validation : valid_rmse-1.4361, valid_pr-0.6387, 
test2013_rmse-1.6562, test2013_pr-0.7105, test2016_rmse-1.5766, test2016_pr-0.7025, test2019_rmse-1.5115, test2019_pr-0.5528
epoch-41, train_loss-1.6052, train_rmse-1.2670, valid_rmse-1.4391, valid_pr-0.6327
epoch-42, train_loss-1.5794, train_rmse-1.2567, valid_rmse-1.4487, valid_pr-0.6329
epoch-43, train_loss-1.5518, train_rmse-1.2457, valid_rmse-1.5052, valid_pr-0.6326
epoch-44, train_loss-1.5583, train_rmse-1.2483, valid_rmse-1.4451, valid_pr-0.6405
epoch-45, train_loss-1.5232, train_rmse-1.2342, valid_rmse-1.4457, valid_pr-0.6508
epoch-46, train_loss-1.5414, train_rmse-1.2415, valid_rmse-1.3969, valid_pr-0.6584
Validation : valid_rmse-1.3969, valid_pr-0.6584, 
test2013_rmse-1.4577, test2013_pr-0.8001, test2016_rmse-1.4695, test2016_pr-0.7512, test2019_rmse-1.4923, test2019_pr-0.5631
epoch-47, train_loss-1.4865, train_rmse-1.2192, valid_rmse-1.4201, valid_pr-0.6485
epoch-48, train_loss-1.4800, train_rmse-1.2166, valid_rmse-1.4045, valid_pr-0.6573
epoch-49, train_loss-1.4904, train_rmse-1.2208, valid_rmse-1.4195, valid_pr-0.6561
epoch-50, train_loss-1.4787, train_rmse-1.2160, valid_rmse-1.4102, valid_pr-0.6558
epoch-51, train_loss-1.4086, train_rmse-1.1869, valid_rmse-1.4393, valid_pr-0.6480
epoch-52, train_loss-1.4021, train_rmse-1.1841, valid_rmse-1.4328, valid_pr-0.6438
epoch-53, train_loss-1.4033, train_rmse-1.1846, valid_rmse-1.4444, valid_pr-0.6352
epoch-54, train_loss-1.4098, train_rmse-1.1873, valid_rmse-1.4395, valid_pr-0.6450
epoch-55, train_loss-1.3617, train_rmse-1.1669, valid_rmse-1.4147, valid_pr-0.6533
epoch-56, train_loss-1.4164, train_rmse-1.1901, valid_rmse-1.4416, valid_pr-0.6327
epoch-57, train_loss-1.3789, train_rmse-1.1743, valid_rmse-1.4833, valid_pr-0.6526
epoch-58, train_loss-1.3719, train_rmse-1.1713, valid_rmse-1.4138, valid_pr-0.6477
epoch-59, train_loss-1.3209, train_rmse-1.1493, valid_rmse-1.4137, valid_pr-0.6569
epoch-60, train_loss-1.3135, train_rmse-1.1461, valid_rmse-1.4241, valid_pr-0.6597
epoch-61, train_loss-1.3351, train_rmse-1.1555, valid_rmse-1.4205, valid_pr-0.6516
epoch-62, train_loss-1.2938, train_rmse-1.1374, valid_rmse-1.5768, valid_pr-0.6104
epoch-63, train_loss-1.3648, train_rmse-1.1683, valid_rmse-1.4799, valid_pr-0.6257
epoch-64, train_loss-1.2790, train_rmse-1.1309, valid_rmse-1.4072, valid_pr-0.6599
epoch-65, train_loss-1.2402, train_rmse-1.1136, valid_rmse-1.4487, valid_pr-0.6414
epoch-66, train_loss-1.2617, train_rmse-1.1233, valid_rmse-1.4142, valid_pr-0.6572
epoch-67, train_loss-1.2831, train_rmse-1.1327, valid_rmse-1.4113, valid_pr-0.6529
epoch-68, train_loss-1.2413, train_rmse-1.1141, valid_rmse-1.4090, valid_pr-0.6572
epoch-69, train_loss-1.2563, train_rmse-1.1208, valid_rmse-1.4127, valid_pr-0.6580
epoch-70, train_loss-1.1990, train_rmse-1.0950, valid_rmse-1.4072, valid_pr-0.6637
epoch-71, train_loss-1.2024, train_rmse-1.0965, valid_rmse-1.4064, valid_pr-0.6664
epoch-72, train_loss-1.1686, train_rmse-1.0810, valid_rmse-1.3644, valid_pr-0.6817
Validation : valid_rmse-1.3644, valid_pr-0.6817, 
test2013_rmse-1.5263, test2013_pr-0.7639, test2016_rmse-1.4621, test2016_pr-0.7426, test2019_rmse-1.5205, test2019_pr-0.5588
epoch-73, train_loss-1.1441, train_rmse-1.0696, valid_rmse-1.4056, valid_pr-0.6614
epoch-74, train_loss-1.1474, train_rmse-1.0712, valid_rmse-1.4432, valid_pr-0.6611
epoch-75, train_loss-1.1387, train_rmse-1.0671, valid_rmse-1.3748, valid_pr-0.6764
epoch-76, train_loss-1.0901, train_rmse-1.0441, valid_rmse-1.4199, valid_pr-0.6535
epoch-77, train_loss-1.0765, train_rmse-1.0376, valid_rmse-1.4169, valid_pr-0.6708
epoch-78, train_loss-1.0893, train_rmse-1.0437, valid_rmse-1.4282, valid_pr-0.6507
epoch-79, train_loss-1.0684, train_rmse-1.0336, valid_rmse-1.4218, valid_pr-0.6589
epoch-80, train_loss-1.0343, train_rmse-1.0170, valid_rmse-1.4148, valid_pr-0.6610
epoch-81, train_loss-1.0087, train_rmse-1.0044, valid_rmse-1.3744, valid_pr-0.6744
epoch-82, train_loss-1.0241, train_rmse-1.0120, valid_rmse-1.4288, valid_pr-0.6491
epoch-83, train_loss-1.0112, train_rmse-1.0056, valid_rmse-1.4141, valid_pr-0.6605
epoch-84, train_loss-1.0000, train_rmse-1.0000, valid_rmse-1.3759, valid_pr-0.6738
epoch-85, train_loss-0.9996, train_rmse-0.9998, valid_rmse-1.4585, valid_pr-0.6740
epoch-86, train_loss-0.9766, train_rmse-0.9882, valid_rmse-1.3702, valid_pr-0.6809
epoch-87, train_loss-0.9358, train_rmse-0.9674, valid_rmse-1.4568, valid_pr-0.6498
epoch-88, train_loss-0.9341, train_rmse-0.9665, valid_rmse-1.3638, valid_pr-0.6841
Validation : valid_rmse-1.3638, valid_pr-0.6841, 
test2013_rmse-1.5028, test2013_pr-0.7747, test2016_rmse-1.4810, test2016_pr-0.7357, test2019_rmse-1.5206, test2019_pr-0.5581
epoch-89, train_loss-0.9152, train_rmse-0.9566, valid_rmse-1.4359, valid_pr-0.6539
epoch-90, train_loss-0.9788, train_rmse-0.9893, valid_rmse-1.4186, valid_pr-0.6623
epoch-91, train_loss-0.9963, train_rmse-0.9982, valid_rmse-1.4670, valid_pr-0.6691
epoch-92, train_loss-0.9411, train_rmse-0.9701, valid_rmse-1.3906, valid_pr-0.6733
epoch-93, train_loss-0.9372, train_rmse-0.9681, valid_rmse-1.4120, valid_pr-0.6570
epoch-94, train_loss-0.9140, train_rmse-0.9560, valid_rmse-1.4080, valid_pr-0.6619
epoch-95, train_loss-0.8898, train_rmse-0.9433, valid_rmse-1.4412, valid_pr-0.6782
epoch-96, train_loss-0.8630, train_rmse-0.9290, valid_rmse-1.3956, valid_pr-0.6677
epoch-97, train_loss-0.8603, train_rmse-0.9275, valid_rmse-1.4091, valid_pr-0.6589
epoch-98, train_loss-0.8784, train_rmse-0.9372, valid_rmse-1.3948, valid_pr-0.6712
epoch-99, train_loss-0.8307, train_rmse-0.9114, valid_rmse-1.4186, valid_pr-0.6641
epoch-100, train_loss-0.8590, train_rmse-0.9268, valid_rmse-1.4187, valid_pr-0.6670
epoch-101, train_loss-0.8855, train_rmse-0.9410, valid_rmse-1.3552, valid_pr-0.6900
Validation : valid_rmse-1.3552, valid_pr-0.6900, 
test2013_rmse-1.5236, test2013_pr-0.7678, test2016_rmse-1.4465, test2016_pr-0.7510, test2019_rmse-1.5238, test2019_pr-0.5651
epoch-102, train_loss-0.8928, train_rmse-0.9449, valid_rmse-1.3899, valid_pr-0.6702
epoch-103, train_loss-0.8618, train_rmse-0.9283, valid_rmse-1.3813, valid_pr-0.6752
epoch-104, train_loss-0.8658, train_rmse-0.9305, valid_rmse-1.3884, valid_pr-0.6766
epoch-105, train_loss-0.8207, train_rmse-0.9059, valid_rmse-1.4503, valid_pr-0.6461
epoch-106, train_loss-0.8135, train_rmse-0.9019, valid_rmse-1.4310, valid_pr-0.6542
epoch-107, train_loss-0.8058, train_rmse-0.8976, valid_rmse-1.3733, valid_pr-0.6847
epoch-108, train_loss-0.8042, train_rmse-0.8968, valid_rmse-1.3933, valid_pr-0.6762
epoch-109, train_loss-0.7699, train_rmse-0.8774, valid_rmse-1.4310, valid_pr-0.6538
epoch-110, train_loss-0.7737, train_rmse-0.8796, valid_rmse-1.4434, valid_pr-0.6607
epoch-111, train_loss-0.7515, train_rmse-0.8669, valid_rmse-1.3710, valid_pr-0.6850
epoch-112, train_loss-0.7515, train_rmse-0.8669, valid_rmse-1.3494, valid_pr-0.6916
Validation : valid_rmse-1.3494, valid_pr-0.6916, 
test2013_rmse-1.5700, test2013_pr-0.7515, test2016_rmse-1.4515, test2016_pr-0.7460, test2019_rmse-1.5017, test2019_pr-0.5732
epoch-113, train_loss-0.7095, train_rmse-0.8423, valid_rmse-1.4059, valid_pr-0.6664
epoch-114, train_loss-0.7321, train_rmse-0.8556, valid_rmse-1.3997, valid_pr-0.6677
epoch-115, train_loss-0.7624, train_rmse-0.8732, valid_rmse-1.4848, valid_pr-0.6695
epoch-116, train_loss-0.7791, train_rmse-0.8827, valid_rmse-1.4487, valid_pr-0.6404
epoch-117, train_loss-0.7516, train_rmse-0.8670, valid_rmse-1.3808, valid_pr-0.6803
epoch-118, train_loss-0.7483, train_rmse-0.8651, valid_rmse-1.3994, valid_pr-0.6686
epoch-119, train_loss-0.7670, train_rmse-0.8758, valid_rmse-1.3931, valid_pr-0.6773
epoch-120, train_loss-0.7600, train_rmse-0.8718, valid_rmse-1.4381, valid_pr-0.6770
epoch-121, train_loss-0.7334, train_rmse-0.8564, valid_rmse-1.3734, valid_pr-0.6829
epoch-122, train_loss-0.6730, train_rmse-0.8204, valid_rmse-1.3954, valid_pr-0.6758
epoch-123, train_loss-0.6891, train_rmse-0.8301, valid_rmse-1.3838, valid_pr-0.6823
epoch-124, train_loss-0.6785, train_rmse-0.8237, valid_rmse-1.4427, valid_pr-0.6711
epoch-125, train_loss-0.6493, train_rmse-0.8058, valid_rmse-1.4172, valid_pr-0.6745
epoch-126, train_loss-0.6495, train_rmse-0.8059, valid_rmse-1.4089, valid_pr-0.6666
epoch-127, train_loss-0.6453, train_rmse-0.8033, valid_rmse-1.3876, valid_pr-0.6762
epoch-128, train_loss-0.6497, train_rmse-0.8061, valid_rmse-1.3717, valid_pr-0.6852
epoch-129, train_loss-0.6534, train_rmse-0.8083, valid_rmse-1.3994, valid_pr-0.6674
epoch-130, train_loss-0.6525, train_rmse-0.8078, valid_rmse-1.4168, valid_pr-0.6677
epoch-131, train_loss-0.5937, train_rmse-0.7705, valid_rmse-1.4457, valid_pr-0.6596
epoch-132, train_loss-0.5976, train_rmse-0.7731, valid_rmse-1.3853, valid_pr-0.6798
epoch-133, train_loss-0.6007, train_rmse-0.7751, valid_rmse-1.4047, valid_pr-0.6845
epoch-134, train_loss-0.5734, train_rmse-0.7572, valid_rmse-1.4311, valid_pr-0.6548
epoch-135, train_loss-0.5838, train_rmse-0.7640, valid_rmse-1.4245, valid_pr-0.6850
epoch-136, train_loss-0.5858, train_rmse-0.7654, valid_rmse-1.3976, valid_pr-0.6799
epoch-137, train_loss-0.6300, train_rmse-0.7937, valid_rmse-1.4174, valid_pr-0.6731
epoch-138, train_loss-0.5820, train_rmse-0.7629, valid_rmse-1.4241, valid_pr-0.6649
epoch-139, train_loss-0.5948, train_rmse-0.7712, valid_rmse-1.4221, valid_pr-0.6733
epoch-140, train_loss-0.5955, train_rmse-0.7717, valid_rmse-1.4160, valid_pr-0.6784
epoch-141, train_loss-0.5968, train_rmse-0.7725, valid_rmse-1.3815, valid_pr-0.6861
epoch-142, train_loss-0.5799, train_rmse-0.7615, valid_rmse-1.4133, valid_pr-0.6840
epoch-143, train_loss-0.5694, train_rmse-0.7546, valid_rmse-1.4081, valid_pr-0.6733
epoch-144, train_loss-0.5800, train_rmse-0.7616, valid_rmse-1.3851, valid_pr-0.6842
epoch-145, train_loss-0.5914, train_rmse-0.7690, valid_rmse-1.4117, valid_pr-0.6736
epoch-146, train_loss-0.5666, train_rmse-0.7527, valid_rmse-1.3777, valid_pr-0.6818
epoch-147, train_loss-0.5748, train_rmse-0.7581, valid_rmse-1.4304, valid_pr-0.6695
epoch-148, train_loss-0.5352, train_rmse-0.7316, valid_rmse-1.3600, valid_pr-0.6981
epoch-149, train_loss-0.5303, train_rmse-0.7282, valid_rmse-1.3832, valid_pr-0.6872
epoch-150, train_loss-0.5101, train_rmse-0.7142, valid_rmse-1.3823, valid_pr-0.6884
epoch-151, train_loss-0.4972, train_rmse-0.7051, valid_rmse-1.4063, valid_pr-0.6752
epoch-152, train_loss-0.4842, train_rmse-0.6959, valid_rmse-1.3358, valid_pr-0.7070
Validation : valid_rmse-1.3358, valid_pr-0.7070, 
test2013_rmse-1.4719, test2013_pr-0.7894, test2016_rmse-1.3364, test2016_pr-0.7896, test2019_rmse-1.5312, test2019_pr-0.5776
epoch-153, train_loss-0.5099, train_rmse-0.7141, valid_rmse-1.3859, valid_pr-0.6884
epoch-154, train_loss-0.5136, train_rmse-0.7167, valid_rmse-1.3896, valid_pr-0.6808
epoch-155, train_loss-0.5144, train_rmse-0.7172, valid_rmse-1.3404, valid_pr-0.7072
epoch-156, train_loss-0.4725, train_rmse-0.6874, valid_rmse-1.3887, valid_pr-0.6845
epoch-157, train_loss-0.4680, train_rmse-0.6841, valid_rmse-1.4381, valid_pr-0.6679
epoch-158, train_loss-0.5270, train_rmse-0.7259, valid_rmse-1.3580, valid_pr-0.6983
epoch-159, train_loss-0.4983, train_rmse-0.7059, valid_rmse-1.4036, valid_pr-0.6819
epoch-160, train_loss-0.5075, train_rmse-0.7124, valid_rmse-1.4434, valid_pr-0.6652
epoch-161, train_loss-0.4696, train_rmse-0.6853, valid_rmse-1.4088, valid_pr-0.6784
epoch-162, train_loss-0.4640, train_rmse-0.6812, valid_rmse-1.3712, valid_pr-0.6937
epoch-163, train_loss-0.4611, train_rmse-0.6791, valid_rmse-1.4098, valid_pr-0.6901
epoch-164, train_loss-0.4362, train_rmse-0.6604, valid_rmse-1.4368, valid_pr-0.6665
epoch-165, train_loss-0.4848, train_rmse-0.6963, valid_rmse-1.3745, valid_pr-0.6853
epoch-166, train_loss-0.4673, train_rmse-0.6836, valid_rmse-1.3838, valid_pr-0.6853
epoch-167, train_loss-0.4657, train_rmse-0.6824, valid_rmse-1.3924, valid_pr-0.6917
epoch-168, train_loss-0.4294, train_rmse-0.6553, valid_rmse-1.3968, valid_pr-0.6895
epoch-169, train_loss-0.4594, train_rmse-0.6778, valid_rmse-1.4348, valid_pr-0.6747
epoch-170, train_loss-0.4627, train_rmse-0.6802, valid_rmse-1.3760, valid_pr-0.6892
epoch-171, train_loss-0.4463, train_rmse-0.6681, valid_rmse-1.4004, valid_pr-0.6833
epoch-172, train_loss-0.4668, train_rmse-0.6832, valid_rmse-1.3636, valid_pr-0.6918
epoch-173, train_loss-0.4400, train_rmse-0.6633, valid_rmse-1.3749, valid_pr-0.6957
epoch-174, train_loss-0.4537, train_rmse-0.6736, valid_rmse-1.4075, valid_pr-0.6825
epoch-175, train_loss-0.4530, train_rmse-0.6730, valid_rmse-1.4051, valid_pr-0.6776
epoch-176, train_loss-0.4196, train_rmse-0.6478, valid_rmse-1.3775, valid_pr-0.6897
epoch-177, train_loss-0.3971, train_rmse-0.6302, valid_rmse-1.3709, valid_pr-0.6959
epoch-178, train_loss-0.3945, train_rmse-0.6281, valid_rmse-1.3626, valid_pr-0.7039
epoch-179, train_loss-0.3901, train_rmse-0.6246, valid_rmse-1.3761, valid_pr-0.6901
epoch-180, train_loss-0.4345, train_rmse-0.6592, valid_rmse-1.3788, valid_pr-0.6920
epoch-181, train_loss-0.3943, train_rmse-0.6280, valid_rmse-1.3677, valid_pr-0.6976
epoch-182, train_loss-0.3879, train_rmse-0.6228, valid_rmse-1.4193, valid_pr-0.6755
epoch-183, train_loss-0.4155, train_rmse-0.6446, valid_rmse-1.4019, valid_pr-0.6791
epoch-184, train_loss-0.4547, train_rmse-0.6743, valid_rmse-1.4003, valid_pr-0.6834
epoch-185, train_loss-0.4188, train_rmse-0.6472, valid_rmse-1.3726, valid_pr-0.6957
epoch-186, train_loss-0.3697, train_rmse-0.6080, valid_rmse-1.3504, valid_pr-0.7061
epoch-187, train_loss-0.4082, train_rmse-0.6389, valid_rmse-1.3603, valid_pr-0.6895
epoch-188, train_loss-0.4106, train_rmse-0.6408, valid_rmse-1.4048, valid_pr-0.6928
epoch-189, train_loss-0.3663, train_rmse-0.6052, valid_rmse-1.3774, valid_pr-0.6985
epoch-190, train_loss-0.3607, train_rmse-0.6006, valid_rmse-1.3611, valid_pr-0.7075
epoch-191, train_loss-0.3635, train_rmse-0.6029, valid_rmse-1.3450, valid_pr-0.7036
epoch-192, train_loss-0.3600, train_rmse-0.6000, valid_rmse-1.3596, valid_pr-0.7059
epoch-193, train_loss-0.3652, train_rmse-0.6043, valid_rmse-1.3716, valid_pr-0.6909
epoch-194, train_loss-0.3600, train_rmse-0.6000, valid_rmse-1.3602, valid_pr-0.6978
epoch-195, train_loss-0.3552, train_rmse-0.5960, valid_rmse-1.3511, valid_pr-0.6976
epoch-196, train_loss-0.3677, train_rmse-0.6064, valid_rmse-1.3807, valid_pr-0.6916
epoch-197, train_loss-0.3503, train_rmse-0.5918, valid_rmse-1.3515, valid_pr-0.6987
epoch-198, train_loss-0.3539, train_rmse-0.5949, valid_rmse-1.3844, valid_pr-0.7068
epoch-199, train_loss-0.3907, train_rmse-0.6250, valid_rmse-1.3571, valid_pr-0.7112
epoch-200, train_loss-0.3675, train_rmse-0.6062, valid_rmse-1.4079, valid_pr-0.6865
epoch-201, train_loss-0.3560, train_rmse-0.5966, valid_rmse-1.3675, valid_pr-0.7034
epoch-202, train_loss-0.3666, train_rmse-0.6055, valid_rmse-1.3901, valid_pr-0.6831
epoch-203, train_loss-0.3710, train_rmse-0.6091, valid_rmse-1.3474, valid_pr-0.7043
epoch-204, train_loss-0.2879, train_rmse-0.5365, valid_rmse-1.3173, valid_pr-0.7252
Validation : valid_rmse-1.3173, valid_pr-0.7252, 
test2013_rmse-1.4606, test2013_pr-0.7868, test2016_rmse-1.3763, test2016_pr-0.7739, test2019_rmse-1.5331, test2019_pr-0.5880
epoch-205, train_loss-0.2234, train_rmse-0.4727, valid_rmse-1.3082, valid_pr-0.7187
Validation : valid_rmse-1.3082, valid_pr-0.7187, 
test2013_rmse-1.4492, test2013_pr-0.7930, test2016_rmse-1.3886, test2016_pr-0.7702, test2019_rmse-1.5205, test2019_pr-0.5766
epoch-206, train_loss-0.2169, train_rmse-0.4657, valid_rmse-1.3387, valid_pr-0.7120
epoch-207, train_loss-0.1959, train_rmse-0.4426, valid_rmse-1.3221, valid_pr-0.7169
epoch-208, train_loss-0.1863, train_rmse-0.4316, valid_rmse-1.3333, valid_pr-0.7213
epoch-209, train_loss-0.1905, train_rmse-0.4365, valid_rmse-1.3300, valid_pr-0.7109
epoch-210, train_loss-0.1827, train_rmse-0.4275, valid_rmse-1.3186, valid_pr-0.7211
epoch-211, train_loss-0.1763, train_rmse-0.4199, valid_rmse-1.3560, valid_pr-0.7138
epoch-212, train_loss-0.1742, train_rmse-0.4173, valid_rmse-1.3276, valid_pr-0.7122
epoch-213, train_loss-0.1735, train_rmse-0.4165, valid_rmse-1.3280, valid_pr-0.7172
epoch-214, train_loss-0.1731, train_rmse-0.4161, valid_rmse-1.3359, valid_pr-0.7103
epoch-215, train_loss-0.1734, train_rmse-0.4164, valid_rmse-1.3301, valid_pr-0.7131
epoch-216, train_loss-0.1656, train_rmse-0.4069, valid_rmse-1.3389, valid_pr-0.7074
epoch-217, train_loss-0.1752, train_rmse-0.4186, valid_rmse-1.3410, valid_pr-0.7092
epoch-218, train_loss-0.1686, train_rmse-0.4106, valid_rmse-1.3589, valid_pr-0.7035
epoch-219, train_loss-0.1720, train_rmse-0.4147, valid_rmse-1.3634, valid_pr-0.6994
epoch-220, train_loss-0.1694, train_rmse-0.4116, valid_rmse-1.3707, valid_pr-0.6938
epoch-221, train_loss-0.1747, train_rmse-0.4179, valid_rmse-1.3437, valid_pr-0.7094
epoch-222, train_loss-0.1709, train_rmse-0.4134, valid_rmse-1.3565, valid_pr-0.7067
epoch-223, train_loss-0.1659, train_rmse-0.4073, valid_rmse-1.3485, valid_pr-0.7068
epoch-224, train_loss-0.1757, train_rmse-0.4192, valid_rmse-1.3366, valid_pr-0.7051
epoch-225, train_loss-0.1683, train_rmse-0.4103, valid_rmse-1.3450, valid_pr-0.7061
epoch-226, train_loss-0.1724, train_rmse-0.4152, valid_rmse-1.3777, valid_pr-0.6956
epoch-227, train_loss-0.1664, train_rmse-0.4079, valid_rmse-1.3283, valid_pr-0.7095
epoch-228, train_loss-0.1618, train_rmse-0.4023, valid_rmse-1.3377, valid_pr-0.7069
epoch-229, train_loss-0.1612, train_rmse-0.4015, valid_rmse-1.3461, valid_pr-0.7048
epoch-230, train_loss-0.1569, train_rmse-0.3961, valid_rmse-1.3497, valid_pr-0.7022
epoch-231, train_loss-0.1617, train_rmse-0.4021, valid_rmse-1.3539, valid_pr-0.7023
epoch-232, train_loss-0.1641, train_rmse-0.4051, valid_rmse-1.3551, valid_pr-0.7023
epoch-233, train_loss-0.1554, train_rmse-0.3942, valid_rmse-1.3285, valid_pr-0.7114
epoch-234, train_loss-0.1710, train_rmse-0.4135, valid_rmse-1.3457, valid_pr-0.7010
epoch-235, train_loss-0.1649, train_rmse-0.4061, valid_rmse-1.3265, valid_pr-0.7092
epoch-236, train_loss-0.1660, train_rmse-0.4074, valid_rmse-1.3495, valid_pr-0.7077
epoch-237, train_loss-0.1619, train_rmse-0.4023, valid_rmse-1.3342, valid_pr-0.7078
epoch-238, train_loss-0.1630, train_rmse-0.4037, valid_rmse-1.3395, valid_pr-0.7038
epoch-239, train_loss-0.1552, train_rmse-0.3939, valid_rmse-1.3229, valid_pr-0.7122
epoch-240, train_loss-0.1560, train_rmse-0.3950, valid_rmse-1.3256, valid_pr-0.7145
epoch-241, train_loss-0.1419, train_rmse-0.3767, valid_rmse-1.3371, valid_pr-0.7089
epoch-242, train_loss-0.1487, train_rmse-0.3857, valid_rmse-1.3412, valid_pr-0.7084
epoch-243, train_loss-0.1658, train_rmse-0.4071, valid_rmse-1.3482, valid_pr-0.7058
epoch-244, train_loss-0.1561, train_rmse-0.3951, valid_rmse-1.3357, valid_pr-0.7130
epoch-245, train_loss-0.1576, train_rmse-0.3969, valid_rmse-1.3327, valid_pr-0.7127
epoch-246, train_loss-0.1520, train_rmse-0.3898, valid_rmse-1.3474, valid_pr-0.7051
epoch-247, train_loss-0.1560, train_rmse-0.3950, valid_rmse-1.3360, valid_pr-0.7121
epoch-248, train_loss-0.1496, train_rmse-0.3868, valid_rmse-1.3398, valid_pr-0.7102
epoch-249, train_loss-0.1539, train_rmse-0.3923, valid_rmse-1.3403, valid_pr-0.7093
epoch-250, train_loss-0.1559, train_rmse-0.3949, valid_rmse-1.3495, valid_pr-0.7103
epoch-251, train_loss-0.1514, train_rmse-0.3891, valid_rmse-1.3670, valid_pr-0.7050
epoch-252, train_loss-0.1499, train_rmse-0.3872, valid_rmse-1.3230, valid_pr-0.7138
epoch-253, train_loss-0.1397, train_rmse-0.3738, valid_rmse-1.3386, valid_pr-0.7065
epoch-254, train_loss-0.1450, train_rmse-0.3808, valid_rmse-1.3325, valid_pr-0.7058
epoch-255, train_loss-0.1382, train_rmse-0.3717, valid_rmse-1.3327, valid_pr-0.7108
epoch-256, train_loss-0.1467, train_rmse-0.3831, valid_rmse-1.3535, valid_pr-0.7133
epoch-257, train_loss-0.1122, train_rmse-0.3350, valid_rmse-1.3375, valid_pr-0.7074
epoch-258, train_loss-0.1039, train_rmse-0.3223, valid_rmse-1.3276, valid_pr-0.7139
epoch-259, train_loss-0.0970, train_rmse-0.3115, valid_rmse-1.3168, valid_pr-0.7169
epoch-260, train_loss-0.1029, train_rmse-0.3209, valid_rmse-1.3250, valid_pr-0.7161
epoch-261, train_loss-0.0981, train_rmse-0.3133, valid_rmse-1.3350, valid_pr-0.7119
epoch-262, train_loss-0.0944, train_rmse-0.3072, valid_rmse-1.3412, valid_pr-0.7132
epoch-263, train_loss-0.0923, train_rmse-0.3037, valid_rmse-1.3366, valid_pr-0.7092
epoch-264, train_loss-0.0956, train_rmse-0.3092, valid_rmse-1.3304, valid_pr-0.7110
epoch-265, train_loss-0.0910, train_rmse-0.3016, valid_rmse-1.3392, valid_pr-0.7114
epoch-266, train_loss-0.0924, train_rmse-0.3040, valid_rmse-1.3388, valid_pr-0.7105
epoch-267, train_loss-0.0951, train_rmse-0.3084, valid_rmse-1.3317, valid_pr-0.7126
epoch-268, train_loss-0.0926, train_rmse-0.3043, valid_rmse-1.3271, valid_pr-0.7147
epoch-269, train_loss-0.0926, train_rmse-0.3042, valid_rmse-1.3440, valid_pr-0.7065
epoch-270, train_loss-0.0860, train_rmse-0.2933, valid_rmse-1.3227, valid_pr-0.7157
epoch-271, train_loss-0.0918, train_rmse-0.3029, valid_rmse-1.3341, valid_pr-0.7115
epoch-272, train_loss-0.0940, train_rmse-0.3066, valid_rmse-1.3339, valid_pr-0.7120
epoch-273, train_loss-0.0880, train_rmse-0.2967, valid_rmse-1.3264, valid_pr-0.7129
epoch-274, train_loss-0.0873, train_rmse-0.2955, valid_rmse-1.3321, valid_pr-0.7105
epoch-275, train_loss-0.0902, train_rmse-0.3004, valid_rmse-1.3340, valid_pr-0.7124
epoch-276, train_loss-0.0870, train_rmse-0.2950, valid_rmse-1.3373, valid_pr-0.7110
epoch-277, train_loss-0.0877, train_rmse-0.2961, valid_rmse-1.3391, valid_pr-0.7100
epoch-278, train_loss-0.0907, train_rmse-0.3011, valid_rmse-1.3277, valid_pr-0.7121
epoch-279, train_loss-0.0893, train_rmse-0.2989, valid_rmse-1.3322, valid_pr-0.7105
epoch-280, train_loss-0.0892, train_rmse-0.2987, valid_rmse-1.3304, valid_pr-0.7138
epoch-281, train_loss-0.0874, train_rmse-0.2956, valid_rmse-1.3469, valid_pr-0.7023
epoch-282, train_loss-0.0905, train_rmse-0.3008, valid_rmse-1.3333, valid_pr-0.7117
epoch-283, train_loss-0.0841, train_rmse-0.2900, valid_rmse-1.3473, valid_pr-0.7072
epoch-284, train_loss-0.0913, train_rmse-0.3022, valid_rmse-1.3456, valid_pr-0.7054
epoch-285, train_loss-0.0925, train_rmse-0.3042, valid_rmse-1.3479, valid_pr-0.7055
epoch-286, train_loss-0.0899, train_rmse-0.2998, valid_rmse-1.3449, valid_pr-0.7081
epoch-287, train_loss-0.0914, train_rmse-0.3023, valid_rmse-1.3309, valid_pr-0.7114
epoch-288, train_loss-0.0867, train_rmse-0.2944, valid_rmse-1.3408, valid_pr-0.7044
epoch-289, train_loss-0.0832, train_rmse-0.2884, valid_rmse-1.3369, valid_pr-0.7105
epoch-290, train_loss-0.0853, train_rmse-0.2920, valid_rmse-1.3432, valid_pr-0.7048
epoch-291, train_loss-0.0889, train_rmse-0.2982, valid_rmse-1.3432, valid_pr-0.7033
epoch-292, train_loss-0.0901, train_rmse-0.3002, valid_rmse-1.3574, valid_pr-0.7037
epoch-293, train_loss-0.0871, train_rmse-0.2952, valid_rmse-1.3443, valid_pr-0.7071
epoch-294, train_loss-0.0829, train_rmse-0.2879, valid_rmse-1.3362, valid_pr-0.7084
epoch-295, train_loss-0.0843, train_rmse-0.2903, valid_rmse-1.3351, valid_pr-0.7110
epoch-296, train_loss-0.0822, train_rmse-0.2867, valid_rmse-1.3559, valid_pr-0.7066
epoch-297, train_loss-0.0929, train_rmse-0.3049, valid_rmse-1.3390, valid_pr-0.7052
epoch-298, train_loss-0.0864, train_rmse-0.2940, valid_rmse-1.3476, valid_pr-0.7098
epoch-299, train_loss-0.0825, train_rmse-0.2872, valid_rmse-1.3366, valid_pr-0.7101
epoch-300, train_loss-0.0888, train_rmse-0.2980, valid_rmse-1.3357, valid_pr-0.7094
epoch-301, train_loss-0.0874, train_rmse-0.2956, valid_rmse-1.3395, valid_pr-0.7078
epoch-302, train_loss-0.0823, train_rmse-0.2869, valid_rmse-1.3329, valid_pr-0.7105
epoch-303, train_loss-0.0829, train_rmse-0.2879, valid_rmse-1.3182, valid_pr-0.7178
epoch-304, train_loss-0.0836, train_rmse-0.2891, valid_rmse-1.3356, valid_pr-0.7106
epoch-305, train_loss-0.0855, train_rmse-0.2924, valid_rmse-1.3482, valid_pr-0.7114
epoch-306, train_loss-0.0848, train_rmse-0.2912, valid_rmse-1.3351, valid_pr-0.7108
early stop in epoch 306
best_rmse: 1.3082
valid_rmse-1.3082, valid_pr-0.7187, test2013_rmse-1.4492, test2013_pr-0.7930, test2016_rmse-1.3886, test2016_pr-0.7702, test2019_rmse-1.5205, test2019_pr-0.5766
