CheapNet-ASD, lr=0.001, seed=831
train_ASD.py
train data: 11904
valid data: 1000
test2013 data: 107
test2016 data: 285
test2019 data: 4366
GIGN params # : 42685324
epoch-0, train_loss-5.2767, train_rmse-2.2971, valid_rmse-1.9226, valid_pr-0.2793
Validation : valid_rmse-1.9226, valid_pr-0.2793, 
test2013_rmse-1.8937, test2013_pr-0.5856, test2016_rmse-2.0234, test2016_pr-0.4083, test2019_rmse-1.8856, test2019_pr-0.2760
epoch-1, train_loss-3.4803, train_rmse-1.8656, valid_rmse-1.8934, valid_pr-0.3197
Validation : valid_rmse-1.8934, valid_pr-0.3197, 
test2013_rmse-2.1383, test2013_pr-0.4281, test2016_rmse-2.0365, test2016_pr-0.4378, test2019_rmse-1.7978, test2019_pr-0.3242
epoch-2, train_loss-3.0841, train_rmse-1.7561, valid_rmse-1.6405, valid_pr-0.4712
Validation : valid_rmse-1.6405, valid_pr-0.4712, 
test2013_rmse-1.9463, test2013_pr-0.5504, test2016_rmse-1.8518, test2016_pr-0.5229, test2019_rmse-1.6574, test2019_pr-0.4197
epoch-3, train_loss-2.8457, train_rmse-1.6869, valid_rmse-1.6518, valid_pr-0.4616
epoch-4, train_loss-2.6857, train_rmse-1.6388, valid_rmse-1.5666, valid_pr-0.5410
Validation : valid_rmse-1.5666, valid_pr-0.5410, 
test2013_rmse-1.8327, test2013_pr-0.6342, test2016_rmse-1.7871, test2016_pr-0.5869, test2019_rmse-1.5504, test2019_pr-0.5122
epoch-5, train_loss-2.5913, train_rmse-1.6097, valid_rmse-1.5709, valid_pr-0.5321
epoch-6, train_loss-2.5443, train_rmse-1.5951, valid_rmse-1.5977, valid_pr-0.5642
epoch-7, train_loss-2.3972, train_rmse-1.5483, valid_rmse-1.5428, valid_pr-0.5685
Validation : valid_rmse-1.5428, valid_pr-0.5685, 
test2013_rmse-1.7105, test2013_pr-0.7020, test2016_rmse-1.6439, test2016_pr-0.6769, test2019_rmse-1.4835, test2019_pr-0.5728
epoch-8, train_loss-2.2949, train_rmse-1.5149, valid_rmse-1.5079, valid_pr-0.5820
Validation : valid_rmse-1.5079, valid_pr-0.5820, 
test2013_rmse-1.6574, test2013_pr-0.7133, test2016_rmse-1.6961, test2016_pr-0.6252, test2019_rmse-1.5475, test2019_pr-0.5300
epoch-9, train_loss-2.2902, train_rmse-1.5133, valid_rmse-1.4937, valid_pr-0.5970
Validation : valid_rmse-1.4937, valid_pr-0.5970, 
test2013_rmse-1.7285, test2013_pr-0.7004, test2016_rmse-1.6480, test2016_pr-0.6795, test2019_rmse-1.4805, test2019_pr-0.5670
epoch-10, train_loss-2.1769, train_rmse-1.4754, valid_rmse-1.4590, valid_pr-0.6140
Validation : valid_rmse-1.4590, valid_pr-0.6140, 
test2013_rmse-1.6437, test2013_pr-0.7294, test2016_rmse-1.5992, test2016_pr-0.6837, test2019_rmse-1.4567, test2019_pr-0.5848
epoch-11, train_loss-2.1640, train_rmse-1.4711, valid_rmse-1.4534, valid_pr-0.6204
Validation : valid_rmse-1.4534, valid_pr-0.6204, 
test2013_rmse-1.7307, test2013_pr-0.7022, test2016_rmse-1.6477, test2016_pr-0.6720, test2019_rmse-1.4792, test2019_pr-0.5683
epoch-12, train_loss-2.1393, train_rmse-1.4626, valid_rmse-1.5835, valid_pr-0.6132
epoch-13, train_loss-2.1345, train_rmse-1.4610, valid_rmse-1.4290, valid_pr-0.6419
Validation : valid_rmse-1.4290, valid_pr-0.6419, 
test2013_rmse-1.6822, test2013_pr-0.6928, test2016_rmse-1.5744, test2016_pr-0.6896, test2019_rmse-1.4892, test2019_pr-0.5798
epoch-14, train_loss-2.1021, train_rmse-1.4498, valid_rmse-1.4120, valid_pr-0.6482
Validation : valid_rmse-1.4120, valid_pr-0.6482, 
test2013_rmse-1.6564, test2013_pr-0.7127, test2016_rmse-1.5599, test2016_pr-0.7039, test2019_rmse-1.4718, test2019_pr-0.5843
epoch-15, train_loss-2.0602, train_rmse-1.4353, valid_rmse-1.5053, valid_pr-0.6285
epoch-16, train_loss-2.0386, train_rmse-1.4278, valid_rmse-1.4428, valid_pr-0.6610
epoch-17, train_loss-2.0765, train_rmse-1.4410, valid_rmse-1.4019, valid_pr-0.6554
Validation : valid_rmse-1.4019, valid_pr-0.6554, 
test2013_rmse-1.5907, test2013_pr-0.7639, test2016_rmse-1.4897, test2016_pr-0.7411, test2019_rmse-1.4243, test2019_pr-0.6183
epoch-18, train_loss-1.9675, train_rmse-1.4027, valid_rmse-1.5408, valid_pr-0.6573
epoch-19, train_loss-1.9560, train_rmse-1.3986, valid_rmse-1.3781, valid_pr-0.6657
Validation : valid_rmse-1.3781, valid_pr-0.6657, 
test2013_rmse-1.6781, test2013_pr-0.7083, test2016_rmse-1.5499, test2016_pr-0.7164, test2019_rmse-1.4176, test2019_pr-0.6120
epoch-20, train_loss-1.9241, train_rmse-1.3871, valid_rmse-1.4821, valid_pr-0.6308
epoch-21, train_loss-1.9224, train_rmse-1.3865, valid_rmse-1.3845, valid_pr-0.6712
epoch-22, train_loss-1.8411, train_rmse-1.3569, valid_rmse-1.3745, valid_pr-0.6701
Validation : valid_rmse-1.3745, valid_pr-0.6701, 
test2013_rmse-1.5761, test2013_pr-0.7621, test2016_rmse-1.4981, test2016_pr-0.7437, test2019_rmse-1.4433, test2019_pr-0.5977
epoch-23, train_loss-1.8638, train_rmse-1.3652, valid_rmse-1.3986, valid_pr-0.6650
epoch-24, train_loss-1.8012, train_rmse-1.3421, valid_rmse-1.4133, valid_pr-0.6522
epoch-25, train_loss-1.8463, train_rmse-1.3588, valid_rmse-1.3869, valid_pr-0.6652
epoch-26, train_loss-1.7772, train_rmse-1.3331, valid_rmse-1.4095, valid_pr-0.6473
epoch-27, train_loss-1.7366, train_rmse-1.3178, valid_rmse-1.3999, valid_pr-0.6600
epoch-28, train_loss-1.7191, train_rmse-1.3111, valid_rmse-1.3924, valid_pr-0.6720
epoch-29, train_loss-1.7602, train_rmse-1.3267, valid_rmse-1.4853, valid_pr-0.6677
epoch-30, train_loss-1.6986, train_rmse-1.3033, valid_rmse-1.3614, valid_pr-0.6811
Validation : valid_rmse-1.3614, valid_pr-0.6811, 
test2013_rmse-1.6159, test2013_pr-0.7293, test2016_rmse-1.4591, test2016_pr-0.7553, test2019_rmse-1.4248, test2019_pr-0.6141
epoch-31, train_loss-1.7277, train_rmse-1.3144, valid_rmse-1.4197, valid_pr-0.6684
epoch-32, train_loss-1.7346, train_rmse-1.3171, valid_rmse-1.4508, valid_pr-0.6326
epoch-33, train_loss-1.6916, train_rmse-1.3006, valid_rmse-1.4412, valid_pr-0.6618
epoch-34, train_loss-1.6723, train_rmse-1.2932, valid_rmse-1.3989, valid_pr-0.6788
epoch-35, train_loss-1.5876, train_rmse-1.2600, valid_rmse-1.3743, valid_pr-0.6745
epoch-36, train_loss-1.6334, train_rmse-1.2781, valid_rmse-1.3737, valid_pr-0.6825
epoch-37, train_loss-1.6441, train_rmse-1.2822, valid_rmse-1.4044, valid_pr-0.6605
epoch-38, train_loss-1.6594, train_rmse-1.2882, valid_rmse-1.3974, valid_pr-0.6624
epoch-39, train_loss-1.6287, train_rmse-1.2762, valid_rmse-1.3945, valid_pr-0.6637
epoch-40, train_loss-1.5721, train_rmse-1.2538, valid_rmse-1.4107, valid_pr-0.6612
epoch-41, train_loss-1.5510, train_rmse-1.2454, valid_rmse-1.3918, valid_pr-0.6701
epoch-42, train_loss-1.5222, train_rmse-1.2338, valid_rmse-1.3965, valid_pr-0.6552
epoch-43, train_loss-1.5241, train_rmse-1.2346, valid_rmse-1.3485, valid_pr-0.6889
Validation : valid_rmse-1.3485, valid_pr-0.6889, 
test2013_rmse-1.6302, test2013_pr-0.7367, test2016_rmse-1.4902, test2016_pr-0.7293, test2019_rmse-1.4404, test2019_pr-0.6136
epoch-44, train_loss-1.5250, train_rmse-1.2349, valid_rmse-1.3898, valid_pr-0.6766
epoch-45, train_loss-1.4861, train_rmse-1.2190, valid_rmse-1.4075, valid_pr-0.6840
epoch-46, train_loss-1.4589, train_rmse-1.2079, valid_rmse-1.4058, valid_pr-0.6597
epoch-47, train_loss-1.4313, train_rmse-1.1964, valid_rmse-1.3715, valid_pr-0.6796
epoch-48, train_loss-1.4236, train_rmse-1.1931, valid_rmse-1.3559, valid_pr-0.6867
epoch-49, train_loss-1.4181, train_rmse-1.1909, valid_rmse-1.3649, valid_pr-0.6787
epoch-50, train_loss-1.3899, train_rmse-1.1789, valid_rmse-1.4302, valid_pr-0.6813
epoch-51, train_loss-1.3933, train_rmse-1.1804, valid_rmse-1.3655, valid_pr-0.6816
epoch-52, train_loss-1.3771, train_rmse-1.1735, valid_rmse-1.3791, valid_pr-0.6930
epoch-53, train_loss-1.3771, train_rmse-1.1735, valid_rmse-1.3640, valid_pr-0.6816
epoch-54, train_loss-1.3530, train_rmse-1.1632, valid_rmse-1.3735, valid_pr-0.6886
epoch-55, train_loss-1.3766, train_rmse-1.1733, valid_rmse-1.3510, valid_pr-0.6984
epoch-56, train_loss-1.2762, train_rmse-1.1297, valid_rmse-1.3746, valid_pr-0.6854
epoch-57, train_loss-1.3319, train_rmse-1.1541, valid_rmse-1.3750, valid_pr-0.6886
epoch-58, train_loss-1.2969, train_rmse-1.1388, valid_rmse-1.3699, valid_pr-0.6762
epoch-59, train_loss-1.2853, train_rmse-1.1337, valid_rmse-1.3764, valid_pr-0.6757
epoch-60, train_loss-1.2902, train_rmse-1.1359, valid_rmse-1.3400, valid_pr-0.6969
Validation : valid_rmse-1.3400, valid_pr-0.6969, 
test2013_rmse-1.5536, test2013_pr-0.7631, test2016_rmse-1.4469, test2016_pr-0.7539, test2019_rmse-1.4813, test2019_pr-0.5935
epoch-61, train_loss-1.2482, train_rmse-1.1172, valid_rmse-1.4638, valid_pr-0.6946
epoch-62, train_loss-1.2316, train_rmse-1.1098, valid_rmse-1.3587, valid_pr-0.6920
epoch-63, train_loss-1.2183, train_rmse-1.1038, valid_rmse-1.3230, valid_pr-0.7121
Validation : valid_rmse-1.3230, valid_pr-0.7121, 
test2013_rmse-1.4904, test2013_pr-0.7983, test2016_rmse-1.4795, test2016_pr-0.7546, test2019_rmse-1.4686, test2019_pr-0.6007
epoch-64, train_loss-1.2089, train_rmse-1.0995, valid_rmse-1.3749, valid_pr-0.6831
epoch-65, train_loss-1.1821, train_rmse-1.0872, valid_rmse-1.3709, valid_pr-0.6795
epoch-66, train_loss-1.2023, train_rmse-1.0965, valid_rmse-1.3416, valid_pr-0.6934
epoch-67, train_loss-1.1946, train_rmse-1.0930, valid_rmse-1.3356, valid_pr-0.7004
epoch-68, train_loss-1.1759, train_rmse-1.0844, valid_rmse-1.3502, valid_pr-0.6928
epoch-69, train_loss-1.1507, train_rmse-1.0727, valid_rmse-1.3974, valid_pr-0.6842
epoch-70, train_loss-1.1419, train_rmse-1.0686, valid_rmse-1.3562, valid_pr-0.6900
epoch-71, train_loss-1.1231, train_rmse-1.0597, valid_rmse-1.3453, valid_pr-0.6922
epoch-72, train_loss-1.1044, train_rmse-1.0509, valid_rmse-1.3019, valid_pr-0.7167
Validation : valid_rmse-1.3019, valid_pr-0.7167, 
test2013_rmse-1.4479, test2013_pr-0.7935, test2016_rmse-1.4203, test2016_pr-0.7590, test2019_rmse-1.4719, test2019_pr-0.6027
epoch-73, train_loss-1.1007, train_rmse-1.0491, valid_rmse-1.3659, valid_pr-0.6918
epoch-74, train_loss-1.1146, train_rmse-1.0558, valid_rmse-1.4007, valid_pr-0.6804
epoch-75, train_loss-1.1135, train_rmse-1.0552, valid_rmse-1.4346, valid_pr-0.6638
epoch-76, train_loss-1.0927, train_rmse-1.0453, valid_rmse-1.3824, valid_pr-0.6774
epoch-77, train_loss-1.0803, train_rmse-1.0394, valid_rmse-1.3662, valid_pr-0.6833
epoch-78, train_loss-1.0858, train_rmse-1.0420, valid_rmse-1.3197, valid_pr-0.7063
epoch-79, train_loss-1.0279, train_rmse-1.0139, valid_rmse-1.3477, valid_pr-0.6981
epoch-80, train_loss-1.0042, train_rmse-1.0021, valid_rmse-1.3726, valid_pr-0.6871
epoch-81, train_loss-0.9884, train_rmse-0.9942, valid_rmse-1.3834, valid_pr-0.6853
epoch-82, train_loss-1.0345, train_rmse-1.0171, valid_rmse-1.3546, valid_pr-0.6956
epoch-83, train_loss-1.0194, train_rmse-1.0097, valid_rmse-1.4189, valid_pr-0.6699
epoch-84, train_loss-1.0205, train_rmse-1.0102, valid_rmse-1.3578, valid_pr-0.6898
epoch-85, train_loss-1.0024, train_rmse-1.0012, valid_rmse-1.4187, valid_pr-0.6875
epoch-86, train_loss-1.0110, train_rmse-1.0055, valid_rmse-1.3507, valid_pr-0.6981
epoch-87, train_loss-0.9613, train_rmse-0.9804, valid_rmse-1.3389, valid_pr-0.7017
epoch-88, train_loss-0.9422, train_rmse-0.9707, valid_rmse-1.3330, valid_pr-0.6998
epoch-89, train_loss-0.9256, train_rmse-0.9621, valid_rmse-1.3528, valid_pr-0.6964
epoch-90, train_loss-0.9506, train_rmse-0.9750, valid_rmse-1.3236, valid_pr-0.7095
epoch-91, train_loss-0.9259, train_rmse-0.9622, valid_rmse-1.3572, valid_pr-0.6854
epoch-92, train_loss-0.8690, train_rmse-0.9322, valid_rmse-1.3509, valid_pr-0.7015
epoch-93, train_loss-0.8908, train_rmse-0.9438, valid_rmse-1.3822, valid_pr-0.6959
epoch-94, train_loss-0.9272, train_rmse-0.9629, valid_rmse-1.3870, valid_pr-0.6793
epoch-95, train_loss-0.8611, train_rmse-0.9280, valid_rmse-1.3875, valid_pr-0.6914
epoch-96, train_loss-0.8482, train_rmse-0.9210, valid_rmse-1.3930, valid_pr-0.6798
epoch-97, train_loss-0.8718, train_rmse-0.9337, valid_rmse-1.3525, valid_pr-0.7089
epoch-98, train_loss-0.8550, train_rmse-0.9247, valid_rmse-1.3594, valid_pr-0.7147
epoch-99, train_loss-0.8476, train_rmse-0.9207, valid_rmse-1.3495, valid_pr-0.6916
epoch-100, train_loss-0.8191, train_rmse-0.9051, valid_rmse-1.3836, valid_pr-0.6935
epoch-101, train_loss-0.7919, train_rmse-0.8899, valid_rmse-1.3301, valid_pr-0.7071
epoch-102, train_loss-0.8012, train_rmse-0.8951, valid_rmse-1.3318, valid_pr-0.7021
epoch-103, train_loss-0.7965, train_rmse-0.8925, valid_rmse-1.3718, valid_pr-0.6889
epoch-104, train_loss-0.7888, train_rmse-0.8882, valid_rmse-1.3421, valid_pr-0.7083
epoch-105, train_loss-0.7481, train_rmse-0.8649, valid_rmse-1.3248, valid_pr-0.7162
epoch-106, train_loss-0.7733, train_rmse-0.8794, valid_rmse-1.3379, valid_pr-0.7078
epoch-107, train_loss-0.7494, train_rmse-0.8657, valid_rmse-1.3826, valid_pr-0.6987
epoch-108, train_loss-0.7266, train_rmse-0.8524, valid_rmse-1.3494, valid_pr-0.6964
epoch-109, train_loss-0.7148, train_rmse-0.8454, valid_rmse-1.3293, valid_pr-0.7080
epoch-110, train_loss-0.7611, train_rmse-0.8724, valid_rmse-1.3945, valid_pr-0.6943
epoch-111, train_loss-0.7907, train_rmse-0.8892, valid_rmse-1.3967, valid_pr-0.6905
epoch-112, train_loss-0.7381, train_rmse-0.8591, valid_rmse-1.3629, valid_pr-0.7002
epoch-113, train_loss-0.7319, train_rmse-0.8555, valid_rmse-1.3594, valid_pr-0.6959
epoch-114, train_loss-0.7139, train_rmse-0.8449, valid_rmse-1.3780, valid_pr-0.7103
epoch-115, train_loss-0.6823, train_rmse-0.8260, valid_rmse-1.3769, valid_pr-0.6921
epoch-116, train_loss-0.7008, train_rmse-0.8371, valid_rmse-1.3683, valid_pr-0.6912
epoch-117, train_loss-0.7103, train_rmse-0.8428, valid_rmse-1.3468, valid_pr-0.6950
epoch-118, train_loss-0.7062, train_rmse-0.8403, valid_rmse-1.3429, valid_pr-0.6981
epoch-119, train_loss-0.6819, train_rmse-0.8257, valid_rmse-1.3408, valid_pr-0.7010
epoch-120, train_loss-0.6477, train_rmse-0.8048, valid_rmse-1.3469, valid_pr-0.6947
epoch-121, train_loss-0.6699, train_rmse-0.8185, valid_rmse-1.3578, valid_pr-0.7183
epoch-122, train_loss-0.6628, train_rmse-0.8141, valid_rmse-1.3376, valid_pr-0.7113
epoch-123, train_loss-0.6553, train_rmse-0.8095, valid_rmse-1.3635, valid_pr-0.7016
epoch-124, train_loss-0.5076, train_rmse-0.7124, valid_rmse-1.3139, valid_pr-0.7215
epoch-125, train_loss-0.4440, train_rmse-0.6664, valid_rmse-1.3103, valid_pr-0.7211
epoch-126, train_loss-0.4414, train_rmse-0.6644, valid_rmse-1.3077, valid_pr-0.7248
epoch-127, train_loss-0.4178, train_rmse-0.6464, valid_rmse-1.3597, valid_pr-0.7083
epoch-128, train_loss-0.4005, train_rmse-0.6329, valid_rmse-1.3228, valid_pr-0.7170
epoch-129, train_loss-0.4062, train_rmse-0.6373, valid_rmse-1.3396, valid_pr-0.7064
epoch-130, train_loss-0.3826, train_rmse-0.6185, valid_rmse-1.3289, valid_pr-0.7194
epoch-131, train_loss-0.3815, train_rmse-0.6177, valid_rmse-1.3608, valid_pr-0.7075
epoch-132, train_loss-0.3873, train_rmse-0.6223, valid_rmse-1.3373, valid_pr-0.7206
epoch-133, train_loss-0.3785, train_rmse-0.6152, valid_rmse-1.3331, valid_pr-0.7202
epoch-134, train_loss-0.3681, train_rmse-0.6067, valid_rmse-1.3289, valid_pr-0.7218
epoch-135, train_loss-0.3577, train_rmse-0.5981, valid_rmse-1.3608, valid_pr-0.7123
epoch-136, train_loss-0.3590, train_rmse-0.5991, valid_rmse-1.3222, valid_pr-0.7193
epoch-137, train_loss-0.3541, train_rmse-0.5951, valid_rmse-1.3493, valid_pr-0.7098
epoch-138, train_loss-0.3543, train_rmse-0.5953, valid_rmse-1.3522, valid_pr-0.7081
epoch-139, train_loss-0.3519, train_rmse-0.5932, valid_rmse-1.3466, valid_pr-0.7131
epoch-140, train_loss-0.3380, train_rmse-0.5814, valid_rmse-1.3555, valid_pr-0.7026
epoch-141, train_loss-0.3432, train_rmse-0.5859, valid_rmse-1.3468, valid_pr-0.7096
epoch-142, train_loss-0.3336, train_rmse-0.5776, valid_rmse-1.3288, valid_pr-0.7272
epoch-143, train_loss-0.3416, train_rmse-0.5845, valid_rmse-1.3223, valid_pr-0.7166
epoch-144, train_loss-0.3322, train_rmse-0.5764, valid_rmse-1.3472, valid_pr-0.7184
epoch-145, train_loss-0.3298, train_rmse-0.5743, valid_rmse-1.3482, valid_pr-0.7139
epoch-146, train_loss-0.3246, train_rmse-0.5697, valid_rmse-1.3521, valid_pr-0.7036
epoch-147, train_loss-0.3329, train_rmse-0.5770, valid_rmse-1.3564, valid_pr-0.7123
epoch-148, train_loss-0.3284, train_rmse-0.5731, valid_rmse-1.3237, valid_pr-0.7202
epoch-149, train_loss-0.3316, train_rmse-0.5758, valid_rmse-1.3537, valid_pr-0.7073
epoch-150, train_loss-0.3223, train_rmse-0.5677, valid_rmse-1.3640, valid_pr-0.7011
epoch-151, train_loss-0.3113, train_rmse-0.5579, valid_rmse-1.3335, valid_pr-0.7230
epoch-152, train_loss-0.3082, train_rmse-0.5552, valid_rmse-1.3455, valid_pr-0.7088
epoch-153, train_loss-0.3087, train_rmse-0.5556, valid_rmse-1.3365, valid_pr-0.7123
epoch-154, train_loss-0.2975, train_rmse-0.5454, valid_rmse-1.3162, valid_pr-0.7219
epoch-155, train_loss-0.3113, train_rmse-0.5580, valid_rmse-1.3259, valid_pr-0.7152
epoch-156, train_loss-0.3015, train_rmse-0.5491, valid_rmse-1.3409, valid_pr-0.7126
epoch-157, train_loss-0.3024, train_rmse-0.5499, valid_rmse-1.3440, valid_pr-0.7139
epoch-158, train_loss-0.2868, train_rmse-0.5355, valid_rmse-1.3359, valid_pr-0.7245
epoch-159, train_loss-0.2900, train_rmse-0.5385, valid_rmse-1.2983, valid_pr-0.7307
Validation : valid_rmse-1.2983, valid_pr-0.7307, 
test2013_rmse-1.4844, test2013_pr-0.7728, test2016_rmse-1.3804, test2016_pr-0.7722, test2019_rmse-1.5144, test2019_pr-0.5926
epoch-160, train_loss-0.2832, train_rmse-0.5322, valid_rmse-1.3385, valid_pr-0.7165
epoch-161, train_loss-0.2837, train_rmse-0.5326, valid_rmse-1.3547, valid_pr-0.7158
epoch-162, train_loss-0.2898, train_rmse-0.5384, valid_rmse-1.3416, valid_pr-0.7121
epoch-163, train_loss-0.2856, train_rmse-0.5344, valid_rmse-1.3507, valid_pr-0.7173
epoch-164, train_loss-0.2821, train_rmse-0.5311, valid_rmse-1.3340, valid_pr-0.7194
epoch-165, train_loss-0.2802, train_rmse-0.5293, valid_rmse-1.3047, valid_pr-0.7311
epoch-166, train_loss-0.2849, train_rmse-0.5338, valid_rmse-1.3500, valid_pr-0.7156
epoch-167, train_loss-0.2963, train_rmse-0.5443, valid_rmse-1.4030, valid_pr-0.7058
epoch-168, train_loss-0.2911, train_rmse-0.5396, valid_rmse-1.3230, valid_pr-0.7145
epoch-169, train_loss-0.2735, train_rmse-0.5230, valid_rmse-1.3394, valid_pr-0.7200
epoch-170, train_loss-0.2713, train_rmse-0.5209, valid_rmse-1.3308, valid_pr-0.7103
epoch-171, train_loss-0.2648, train_rmse-0.5146, valid_rmse-1.3309, valid_pr-0.7174
epoch-172, train_loss-0.2545, train_rmse-0.5045, valid_rmse-1.3457, valid_pr-0.7186
epoch-173, train_loss-0.2748, train_rmse-0.5242, valid_rmse-1.3297, valid_pr-0.7154
epoch-174, train_loss-0.2611, train_rmse-0.5110, valid_rmse-1.3550, valid_pr-0.7166
epoch-175, train_loss-0.2653, train_rmse-0.5151, valid_rmse-1.3568, valid_pr-0.7120
epoch-176, train_loss-0.2540, train_rmse-0.5040, valid_rmse-1.3601, valid_pr-0.7126
epoch-177, train_loss-0.2533, train_rmse-0.5033, valid_rmse-1.3704, valid_pr-0.6998
epoch-178, train_loss-0.2504, train_rmse-0.5004, valid_rmse-1.3674, valid_pr-0.6975
epoch-179, train_loss-0.2688, train_rmse-0.5185, valid_rmse-1.3639, valid_pr-0.7072
epoch-180, train_loss-0.2437, train_rmse-0.4937, valid_rmse-1.3232, valid_pr-0.7182
epoch-181, train_loss-0.2555, train_rmse-0.5055, valid_rmse-1.3656, valid_pr-0.7067
epoch-182, train_loss-0.2651, train_rmse-0.5149, valid_rmse-1.3343, valid_pr-0.7167
epoch-183, train_loss-0.2521, train_rmse-0.5021, valid_rmse-1.3698, valid_pr-0.7091
epoch-184, train_loss-0.2567, train_rmse-0.5066, valid_rmse-1.3348, valid_pr-0.7096
epoch-185, train_loss-0.2441, train_rmse-0.4941, valid_rmse-1.3501, valid_pr-0.7073
epoch-186, train_loss-0.2367, train_rmse-0.4865, valid_rmse-1.3624, valid_pr-0.7145
epoch-187, train_loss-0.2413, train_rmse-0.4912, valid_rmse-1.3633, valid_pr-0.7076
epoch-188, train_loss-0.2293, train_rmse-0.4788, valid_rmse-1.3576, valid_pr-0.7067
epoch-189, train_loss-0.2489, train_rmse-0.4989, valid_rmse-1.3373, valid_pr-0.7177
epoch-190, train_loss-0.2329, train_rmse-0.4826, valid_rmse-1.3613, valid_pr-0.6962
epoch-191, train_loss-0.2436, train_rmse-0.4936, valid_rmse-1.3762, valid_pr-0.7137
epoch-192, train_loss-0.2294, train_rmse-0.4790, valid_rmse-1.3596, valid_pr-0.7079
epoch-193, train_loss-0.2507, train_rmse-0.5007, valid_rmse-1.3430, valid_pr-0.7175
epoch-194, train_loss-0.2453, train_rmse-0.4953, valid_rmse-1.3679, valid_pr-0.7105
epoch-195, train_loss-0.2421, train_rmse-0.4920, valid_rmse-1.3962, valid_pr-0.6972
epoch-196, train_loss-0.2251, train_rmse-0.4744, valid_rmse-1.3637, valid_pr-0.7051
epoch-197, train_loss-0.2376, train_rmse-0.4875, valid_rmse-1.3503, valid_pr-0.7136
epoch-198, train_loss-0.2331, train_rmse-0.4828, valid_rmse-1.3530, valid_pr-0.7096
epoch-199, train_loss-0.2145, train_rmse-0.4631, valid_rmse-1.3594, valid_pr-0.7098
epoch-200, train_loss-0.2152, train_rmse-0.4639, valid_rmse-1.3587, valid_pr-0.7043
epoch-201, train_loss-0.2267, train_rmse-0.4761, valid_rmse-1.3428, valid_pr-0.7113
epoch-202, train_loss-0.2085, train_rmse-0.4566, valid_rmse-1.3616, valid_pr-0.7050
epoch-203, train_loss-0.2266, train_rmse-0.4760, valid_rmse-1.3517, valid_pr-0.7063
epoch-204, train_loss-0.2355, train_rmse-0.4853, valid_rmse-1.3581, valid_pr-0.7119
epoch-205, train_loss-0.2247, train_rmse-0.4740, valid_rmse-1.3823, valid_pr-0.7079
epoch-206, train_loss-0.2073, train_rmse-0.4553, valid_rmse-1.3591, valid_pr-0.7075
epoch-207, train_loss-0.2102, train_rmse-0.4585, valid_rmse-1.3631, valid_pr-0.7058
epoch-208, train_loss-0.2107, train_rmse-0.4590, valid_rmse-1.3287, valid_pr-0.7202
epoch-209, train_loss-0.2163, train_rmse-0.4651, valid_rmse-1.3710, valid_pr-0.7023
epoch-210, train_loss-0.2238, train_rmse-0.4731, valid_rmse-1.3504, valid_pr-0.7152
epoch-211, train_loss-0.1793, train_rmse-0.4234, valid_rmse-1.3207, valid_pr-0.7215
epoch-212, train_loss-0.1580, train_rmse-0.3975, valid_rmse-1.3241, valid_pr-0.7209
epoch-213, train_loss-0.1514, train_rmse-0.3892, valid_rmse-1.3316, valid_pr-0.7180
epoch-214, train_loss-0.1448, train_rmse-0.3805, valid_rmse-1.3481, valid_pr-0.7188
epoch-215, train_loss-0.1429, train_rmse-0.3780, valid_rmse-1.3273, valid_pr-0.7177
epoch-216, train_loss-0.1429, train_rmse-0.3780, valid_rmse-1.3352, valid_pr-0.7178
epoch-217, train_loss-0.1462, train_rmse-0.3824, valid_rmse-1.3302, valid_pr-0.7198
epoch-218, train_loss-0.1337, train_rmse-0.3657, valid_rmse-1.3467, valid_pr-0.7166
epoch-219, train_loss-0.1452, train_rmse-0.3811, valid_rmse-1.3436, valid_pr-0.7135
epoch-220, train_loss-0.1502, train_rmse-0.3876, valid_rmse-1.3666, valid_pr-0.7051
epoch-221, train_loss-0.1372, train_rmse-0.3704, valid_rmse-1.3606, valid_pr-0.7095
epoch-222, train_loss-0.1364, train_rmse-0.3693, valid_rmse-1.3331, valid_pr-0.7142
epoch-223, train_loss-0.1315, train_rmse-0.3626, valid_rmse-1.3475, valid_pr-0.7154
epoch-224, train_loss-0.1405, train_rmse-0.3748, valid_rmse-1.3467, valid_pr-0.7072
epoch-225, train_loss-0.1330, train_rmse-0.3647, valid_rmse-1.3424, valid_pr-0.7131
epoch-226, train_loss-0.1360, train_rmse-0.3688, valid_rmse-1.3549, valid_pr-0.7078
epoch-227, train_loss-0.1432, train_rmse-0.3784, valid_rmse-1.3418, valid_pr-0.7144
epoch-228, train_loss-0.1354, train_rmse-0.3679, valid_rmse-1.3387, valid_pr-0.7158
epoch-229, train_loss-0.1352, train_rmse-0.3677, valid_rmse-1.3360, valid_pr-0.7148
epoch-230, train_loss-0.1349, train_rmse-0.3673, valid_rmse-1.3412, valid_pr-0.7146
epoch-231, train_loss-0.1358, train_rmse-0.3686, valid_rmse-1.3584, valid_pr-0.7048
epoch-232, train_loss-0.1431, train_rmse-0.3782, valid_rmse-1.3499, valid_pr-0.7112
epoch-233, train_loss-0.1391, train_rmse-0.3729, valid_rmse-1.3490, valid_pr-0.7102
epoch-234, train_loss-0.1271, train_rmse-0.3566, valid_rmse-1.3337, valid_pr-0.7153
epoch-235, train_loss-0.1267, train_rmse-0.3559, valid_rmse-1.3536, valid_pr-0.7127
epoch-236, train_loss-0.1385, train_rmse-0.3721, valid_rmse-1.3367, valid_pr-0.7137
epoch-237, train_loss-0.1271, train_rmse-0.3566, valid_rmse-1.3417, valid_pr-0.7150
epoch-238, train_loss-0.1263, train_rmse-0.3554, valid_rmse-1.3311, valid_pr-0.7170
epoch-239, train_loss-0.1283, train_rmse-0.3582, valid_rmse-1.3310, valid_pr-0.7166
epoch-240, train_loss-0.1361, train_rmse-0.3690, valid_rmse-1.3532, valid_pr-0.7075
epoch-241, train_loss-0.1235, train_rmse-0.3514, valid_rmse-1.3449, valid_pr-0.7127
epoch-242, train_loss-0.1278, train_rmse-0.3574, valid_rmse-1.3436, valid_pr-0.7141
epoch-243, train_loss-0.1277, train_rmse-0.3573, valid_rmse-1.3384, valid_pr-0.7130
epoch-244, train_loss-0.1281, train_rmse-0.3579, valid_rmse-1.3304, valid_pr-0.7164
epoch-245, train_loss-0.1315, train_rmse-0.3626, valid_rmse-1.3288, valid_pr-0.7187
epoch-246, train_loss-0.1211, train_rmse-0.3480, valid_rmse-1.3299, valid_pr-0.7171
epoch-247, train_loss-0.1258, train_rmse-0.3546, valid_rmse-1.3372, valid_pr-0.7179
epoch-248, train_loss-0.1238, train_rmse-0.3519, valid_rmse-1.3480, valid_pr-0.7159
epoch-249, train_loss-0.1283, train_rmse-0.3582, valid_rmse-1.3355, valid_pr-0.7126
epoch-250, train_loss-0.1263, train_rmse-0.3554, valid_rmse-1.3333, valid_pr-0.7155
epoch-251, train_loss-0.1271, train_rmse-0.3565, valid_rmse-1.3590, valid_pr-0.7133
epoch-252, train_loss-0.1211, train_rmse-0.3479, valid_rmse-1.3330, valid_pr-0.7152
epoch-253, train_loss-0.1272, train_rmse-0.3566, valid_rmse-1.3269, valid_pr-0.7163
epoch-254, train_loss-0.1265, train_rmse-0.3557, valid_rmse-1.3363, valid_pr-0.7177
epoch-255, train_loss-0.1260, train_rmse-0.3550, valid_rmse-1.3184, valid_pr-0.7191
epoch-256, train_loss-0.1318, train_rmse-0.3631, valid_rmse-1.3232, valid_pr-0.7202
epoch-257, train_loss-0.1247, train_rmse-0.3531, valid_rmse-1.3512, valid_pr-0.7123
epoch-258, train_loss-0.1150, train_rmse-0.3391, valid_rmse-1.3425, valid_pr-0.7113
epoch-259, train_loss-0.1260, train_rmse-0.3550, valid_rmse-1.3331, valid_pr-0.7171
epoch-260, train_loss-0.1167, train_rmse-0.3416, valid_rmse-1.3507, valid_pr-0.7150
early stop in epoch 260
best_rmse: 1.2983
valid_rmse-1.2983, valid_pr-0.7307, test2013_rmse-1.4844, test2013_pr-0.7728, test2016_rmse-1.3804, test2016_pr-0.7722, test2019_rmse-1.5144, test2019_pr-0.5926
CheapNet-ASD, lr=0.001, seed=48
train_ASD.py
train data: 11904
valid data: 1000
test2013 data: 107
test2016 data: 285
test2019 data: 4366
CheapNet-ASD, lr=0.001, seed=680
train_ASD.py
train data: 11904
valid data: 1000
test2013 data: 107
test2016 data: 285
test2019 data: 4366
CheapNet-ASD, lr=0.001, seed=526
train_ASD.py
train data: 11904
valid data: 1000
test2013 data: 107
test2016 data: 285
test2019 data: 4366
