Atom3D, lr=0.0005, seed=810
train_Atom3D.py
train data: 11904
valid data: 1000
test2013 data: 107
test2016 data: 285
test2019 data: 4366
GIGN params # : 243201
epoch-0, train_loss-23.2418, train_rmse-4.8210, valid_rmse-2.1715, valid_pr-0.3545
Validation : valid_rmse-2.1715, valid_pr-0.3545, 
test2013_rmse-2.1911, test2013_pr-0.4819, test2016_rmse-2.1156, test2016_pr-0.4550, test2019_rmse-2.1449, test2019_pr-0.3670
epoch-1, train_loss-5.6707, train_rmse-2.3813, valid_rmse-1.9266, valid_pr-0.4458
Validation : valid_rmse-1.9266, valid_pr-0.4458, 
test2013_rmse-1.9616, test2013_pr-0.5680, test2016_rmse-1.8531, test2016_pr-0.5680, test2019_rmse-1.9383, test2019_pr-0.4380
epoch-2, train_loss-4.1291, train_rmse-2.0320, valid_rmse-1.7881, valid_pr-0.4823
Validation : valid_rmse-1.7881, valid_pr-0.4823, 
test2013_rmse-1.9679, test2013_pr-0.5592, test2016_rmse-1.8170, test2016_pr-0.5911, test2019_rmse-1.8705, test2019_pr-0.4478
epoch-3, train_loss-3.4229, train_rmse-1.8501, valid_rmse-1.7159, valid_pr-0.5199
Validation : valid_rmse-1.7159, valid_pr-0.5199, 
test2013_rmse-1.8837, test2013_pr-0.5952, test2016_rmse-1.6756, test2016_pr-0.6454, test2019_rmse-1.8508, test2019_pr-0.4703
epoch-4, train_loss-3.0382, train_rmse-1.7430, valid_rmse-1.6688, valid_pr-0.5327
Validation : valid_rmse-1.6688, valid_pr-0.5327, 
test2013_rmse-1.8620, test2013_pr-0.6005, test2016_rmse-1.6907, test2016_pr-0.6395, test2019_rmse-1.8003, test2019_pr-0.4654
epoch-5, train_loss-2.7468, train_rmse-1.6574, valid_rmse-1.6327, valid_pr-0.5595
Validation : valid_rmse-1.6327, valid_pr-0.5595, 
test2013_rmse-1.8505, test2013_pr-0.6063, test2016_rmse-1.6558, test2016_pr-0.6576, test2019_rmse-1.7395, test2019_pr-0.4953
epoch-6, train_loss-2.6290, train_rmse-1.6214, valid_rmse-1.6174, valid_pr-0.5887
Validation : valid_rmse-1.6174, valid_pr-0.5887, 
test2013_rmse-1.7371, test2013_pr-0.6678, test2016_rmse-1.5765, test2016_pr-0.6905, test2019_rmse-1.7851, test2019_pr-0.5112
epoch-7, train_loss-2.4486, train_rmse-1.5648, valid_rmse-1.5397, valid_pr-0.6204
Validation : valid_rmse-1.5397, valid_pr-0.6204, 
test2013_rmse-1.6752, test2013_pr-0.6943, test2016_rmse-1.4932, test2016_pr-0.7259, test2019_rmse-1.7578, test2019_pr-0.5184
epoch-8, train_loss-2.3512, train_rmse-1.5334, valid_rmse-1.5373, valid_pr-0.6190
Validation : valid_rmse-1.5373, valid_pr-0.6190, 
test2013_rmse-1.7529, test2013_pr-0.6609, test2016_rmse-1.5228, test2016_pr-0.7145, test2019_rmse-1.7458, test2019_pr-0.5164
epoch-9, train_loss-2.2173, train_rmse-1.4891, valid_rmse-1.5234, valid_pr-0.6253
Validation : valid_rmse-1.5234, valid_pr-0.6253, 
test2013_rmse-1.6961, test2013_pr-0.6840, test2016_rmse-1.4800, test2016_pr-0.7321, test2019_rmse-1.7249, test2019_pr-0.5250
epoch-10, train_loss-2.1657, train_rmse-1.4716, valid_rmse-1.5161, valid_pr-0.6269
Validation : valid_rmse-1.5161, valid_pr-0.6269, 
test2013_rmse-1.6361, test2013_pr-0.7144, test2016_rmse-1.4801, test2016_pr-0.7438, test2019_rmse-1.6715, test2019_pr-0.5268
epoch-11, train_loss-2.0501, train_rmse-1.4318, valid_rmse-1.5289, valid_pr-0.6264
epoch-12, train_loss-2.0465, train_rmse-1.4306, valid_rmse-1.4987, valid_pr-0.6321
Validation : valid_rmse-1.4987, valid_pr-0.6321, 
test2013_rmse-1.6676, test2013_pr-0.6961, test2016_rmse-1.5395, test2016_pr-0.7083, test2019_rmse-1.7189, test2019_pr-0.5205
epoch-13, train_loss-1.9619, train_rmse-1.4007, valid_rmse-1.4757, valid_pr-0.6417
Validation : valid_rmse-1.4757, valid_pr-0.6417, 
test2013_rmse-1.6582, test2013_pr-0.7058, test2016_rmse-1.4980, test2016_pr-0.7243, test2019_rmse-1.7350, test2019_pr-0.5100
epoch-14, train_loss-1.8998, train_rmse-1.3783, valid_rmse-1.5030, valid_pr-0.6236
epoch-15, train_loss-1.8181, train_rmse-1.3484, valid_rmse-1.4544, valid_pr-0.6520
Validation : valid_rmse-1.4544, valid_pr-0.6520, 
test2013_rmse-1.5601, test2013_pr-0.7450, test2016_rmse-1.4430, test2016_pr-0.7489, test2019_rmse-1.7166, test2019_pr-0.5212
epoch-16, train_loss-1.7944, train_rmse-1.3395, valid_rmse-1.5520, valid_pr-0.6400
epoch-17, train_loss-1.7287, train_rmse-1.3148, valid_rmse-1.4741, valid_pr-0.6486
epoch-18, train_loss-1.6499, train_rmse-1.2845, valid_rmse-1.4331, valid_pr-0.6660
Validation : valid_rmse-1.4331, valid_pr-0.6660, 
test2013_rmse-1.5395, test2013_pr-0.7522, test2016_rmse-1.4171, test2016_pr-0.7610, test2019_rmse-1.6783, test2019_pr-0.5286
epoch-19, train_loss-1.6494, train_rmse-1.2843, valid_rmse-1.4698, valid_pr-0.6457
epoch-20, train_loss-1.6100, train_rmse-1.2688, valid_rmse-1.4819, valid_pr-0.6583
epoch-21, train_loss-1.6388, train_rmse-1.2801, valid_rmse-1.5351, valid_pr-0.6425
epoch-22, train_loss-1.5006, train_rmse-1.2250, valid_rmse-1.4301, valid_pr-0.6661
Validation : valid_rmse-1.4301, valid_pr-0.6661, 
test2013_rmse-1.4744, test2013_pr-0.7802, test2016_rmse-1.3614, test2016_pr-0.7803, test2019_rmse-1.6788, test2019_pr-0.5316
epoch-23, train_loss-1.5110, train_rmse-1.2292, valid_rmse-1.5093, valid_pr-0.6558
epoch-24, train_loss-1.4724, train_rmse-1.2134, valid_rmse-1.4556, valid_pr-0.6578
epoch-25, train_loss-1.4777, train_rmse-1.2156, valid_rmse-1.4435, valid_pr-0.6543
epoch-26, train_loss-1.4672, train_rmse-1.2113, valid_rmse-1.4551, valid_pr-0.6518
epoch-27, train_loss-1.4306, train_rmse-1.1961, valid_rmse-1.4514, valid_pr-0.6574
epoch-28, train_loss-1.4164, train_rmse-1.1901, valid_rmse-1.4397, valid_pr-0.6649
epoch-29, train_loss-1.3744, train_rmse-1.1723, valid_rmse-1.5071, valid_pr-0.6714
epoch-30, train_loss-1.3390, train_rmse-1.1572, valid_rmse-1.4769, valid_pr-0.6626
epoch-31, train_loss-1.3021, train_rmse-1.1411, valid_rmse-1.4675, valid_pr-0.6775
epoch-32, train_loss-1.3220, train_rmse-1.1498, valid_rmse-1.4962, valid_pr-0.6439
epoch-33, train_loss-1.2491, train_rmse-1.1177, valid_rmse-1.4465, valid_pr-0.6632
epoch-34, train_loss-1.2852, train_rmse-1.1337, valid_rmse-1.5079, valid_pr-0.6521
epoch-35, train_loss-1.2787, train_rmse-1.1308, valid_rmse-1.4609, valid_pr-0.6657
epoch-36, train_loss-1.2257, train_rmse-1.1071, valid_rmse-1.4539, valid_pr-0.6598
epoch-37, train_loss-1.2277, train_rmse-1.1080, valid_rmse-1.5554, valid_pr-0.6231
epoch-38, train_loss-1.2351, train_rmse-1.1113, valid_rmse-1.5346, valid_pr-0.6695
epoch-39, train_loss-1.1726, train_rmse-1.0829, valid_rmse-1.5142, valid_pr-0.6499
epoch-40, train_loss-1.1840, train_rmse-1.0881, valid_rmse-1.4937, valid_pr-0.6779
epoch-41, train_loss-1.1963, train_rmse-1.0937, valid_rmse-1.4401, valid_pr-0.6663
epoch-42, train_loss-1.1662, train_rmse-1.0799, valid_rmse-1.4559, valid_pr-0.6675
epoch-43, train_loss-1.2273, train_rmse-1.1078, valid_rmse-1.4660, valid_pr-0.6572
epoch-44, train_loss-1.1652, train_rmse-1.0794, valid_rmse-1.4512, valid_pr-0.6604
epoch-45, train_loss-1.1568, train_rmse-1.0755, valid_rmse-1.4875, valid_pr-0.6714
epoch-46, train_loss-1.1273, train_rmse-1.0617, valid_rmse-1.4523, valid_pr-0.6555
epoch-47, train_loss-1.1102, train_rmse-1.0536, valid_rmse-1.4585, valid_pr-0.6568
epoch-48, train_loss-1.1323, train_rmse-1.0641, valid_rmse-1.4527, valid_pr-0.6765
epoch-49, train_loss-1.0697, train_rmse-1.0342, valid_rmse-1.4580, valid_pr-0.6664
epoch-50, train_loss-1.0591, train_rmse-1.0291, valid_rmse-1.4646, valid_pr-0.6628
epoch-51, train_loss-1.0669, train_rmse-1.0329, valid_rmse-1.4487, valid_pr-0.6650
epoch-52, train_loss-1.0189, train_rmse-1.0094, valid_rmse-1.4456, valid_pr-0.6706
epoch-53, train_loss-0.9632, train_rmse-0.9814, valid_rmse-1.4613, valid_pr-0.6616
epoch-54, train_loss-0.9790, train_rmse-0.9894, valid_rmse-1.4716, valid_pr-0.6594
epoch-55, train_loss-0.9897, train_rmse-0.9948, valid_rmse-1.4278, valid_pr-0.6725
Validation : valid_rmse-1.4278, valid_pr-0.6725, 
test2013_rmse-1.6018, test2013_pr-0.7251, test2016_rmse-1.4371, test2016_pr-0.7515, test2019_rmse-1.5916, test2019_pr-0.5660
epoch-56, train_loss-0.9733, train_rmse-0.9866, valid_rmse-1.4613, valid_pr-0.6661
epoch-57, train_loss-0.9617, train_rmse-0.9807, valid_rmse-1.4094, valid_pr-0.6809
Validation : valid_rmse-1.4094, valid_pr-0.6809, 
test2013_rmse-1.6134, test2013_pr-0.7283, test2016_rmse-1.4116, test2016_pr-0.7776, test2019_rmse-1.5989, test2019_pr-0.5605
epoch-58, train_loss-1.0168, train_rmse-1.0084, valid_rmse-1.4774, valid_pr-0.6605
epoch-59, train_loss-0.9673, train_rmse-0.9835, valid_rmse-1.4298, valid_pr-0.6740
epoch-60, train_loss-0.9661, train_rmse-0.9829, valid_rmse-1.3998, valid_pr-0.6838
Validation : valid_rmse-1.3998, valid_pr-0.6838, 
test2013_rmse-1.5636, test2013_pr-0.7438, test2016_rmse-1.3762, test2016_pr-0.7736, test2019_rmse-1.6095, test2019_pr-0.5570
epoch-61, train_loss-0.9540, train_rmse-0.9767, valid_rmse-1.4427, valid_pr-0.6615
epoch-62, train_loss-0.9460, train_rmse-0.9726, valid_rmse-1.4423, valid_pr-0.6719
epoch-63, train_loss-0.8962, train_rmse-0.9467, valid_rmse-1.4110, valid_pr-0.6772
epoch-64, train_loss-0.9175, train_rmse-0.9579, valid_rmse-1.4381, valid_pr-0.6836
epoch-65, train_loss-0.8696, train_rmse-0.9325, valid_rmse-1.4273, valid_pr-0.6735
epoch-66, train_loss-0.8488, train_rmse-0.9213, valid_rmse-1.4127, valid_pr-0.6884
epoch-67, train_loss-0.9408, train_rmse-0.9699, valid_rmse-1.4247, valid_pr-0.6771
epoch-68, train_loss-0.8672, train_rmse-0.9313, valid_rmse-1.4425, valid_pr-0.6661
epoch-69, train_loss-0.8429, train_rmse-0.9181, valid_rmse-1.4052, valid_pr-0.6742
epoch-70, train_loss-0.8711, train_rmse-0.9333, valid_rmse-1.4273, valid_pr-0.6787
epoch-71, train_loss-0.8512, train_rmse-0.9226, valid_rmse-1.4492, valid_pr-0.6640
epoch-72, train_loss-0.8726, train_rmse-0.9341, valid_rmse-1.4250, valid_pr-0.6777
epoch-73, train_loss-0.8199, train_rmse-0.9055, valid_rmse-1.4069, valid_pr-0.6860
epoch-74, train_loss-0.8148, train_rmse-0.9026, valid_rmse-1.4073, valid_pr-0.6762
epoch-75, train_loss-0.8081, train_rmse-0.8989, valid_rmse-1.4441, valid_pr-0.6830
epoch-76, train_loss-0.8292, train_rmse-0.9106, valid_rmse-1.4419, valid_pr-0.6880
epoch-77, train_loss-0.8293, train_rmse-0.9106, valid_rmse-1.4446, valid_pr-0.6807
epoch-78, train_loss-0.8385, train_rmse-0.9157, valid_rmse-1.4752, valid_pr-0.6674
epoch-79, train_loss-0.7918, train_rmse-0.8898, valid_rmse-1.3727, valid_pr-0.6920
Validation : valid_rmse-1.3727, valid_pr-0.6920, 
test2013_rmse-1.4387, test2013_pr-0.7947, test2016_rmse-1.3030, test2016_pr-0.8041, test2019_rmse-1.5688, test2019_pr-0.5734
epoch-80, train_loss-0.7871, train_rmse-0.8872, valid_rmse-1.3944, valid_pr-0.6856
epoch-81, train_loss-0.7650, train_rmse-0.8747, valid_rmse-1.4053, valid_pr-0.6861
epoch-82, train_loss-0.7808, train_rmse-0.8836, valid_rmse-1.4013, valid_pr-0.6831
epoch-83, train_loss-0.8955, train_rmse-0.9463, valid_rmse-1.4043, valid_pr-0.6936
epoch-84, train_loss-0.7475, train_rmse-0.8646, valid_rmse-1.4570, valid_pr-0.6670
epoch-85, train_loss-0.7262, train_rmse-0.8522, valid_rmse-1.4353, valid_pr-0.6830
epoch-86, train_loss-0.7277, train_rmse-0.8530, valid_rmse-1.3854, valid_pr-0.6889
epoch-87, train_loss-0.7119, train_rmse-0.8437, valid_rmse-1.4213, valid_pr-0.6867
epoch-88, train_loss-0.7233, train_rmse-0.8505, valid_rmse-1.3673, valid_pr-0.6961
Validation : valid_rmse-1.3673, valid_pr-0.6961, 
test2013_rmse-1.4919, test2013_pr-0.7796, test2016_rmse-1.3493, test2016_pr-0.7839, test2019_rmse-1.5826, test2019_pr-0.5686
epoch-89, train_loss-0.7291, train_rmse-0.8539, valid_rmse-1.4198, valid_pr-0.6957
epoch-90, train_loss-0.6997, train_rmse-0.8365, valid_rmse-1.3591, valid_pr-0.7030
Validation : valid_rmse-1.3591, valid_pr-0.7030, 
test2013_rmse-1.4542, test2013_pr-0.7868, test2016_rmse-1.3304, test2016_pr-0.7914, test2019_rmse-1.5710, test2019_pr-0.5731
epoch-91, train_loss-0.7114, train_rmse-0.8434, valid_rmse-1.3842, valid_pr-0.6829
epoch-92, train_loss-0.7189, train_rmse-0.8479, valid_rmse-1.4041, valid_pr-0.6896
epoch-93, train_loss-0.7233, train_rmse-0.8505, valid_rmse-1.3944, valid_pr-0.6829
epoch-94, train_loss-0.7233, train_rmse-0.8505, valid_rmse-1.3906, valid_pr-0.6907
epoch-95, train_loss-0.6630, train_rmse-0.8142, valid_rmse-1.3672, valid_pr-0.7014
epoch-96, train_loss-0.6475, train_rmse-0.8047, valid_rmse-1.3689, valid_pr-0.7055
epoch-97, train_loss-0.6278, train_rmse-0.7923, valid_rmse-1.3818, valid_pr-0.6887
epoch-98, train_loss-0.6678, train_rmse-0.8172, valid_rmse-1.4171, valid_pr-0.6875
epoch-99, train_loss-0.6742, train_rmse-0.8211, valid_rmse-1.5350, valid_pr-0.6569
epoch-100, train_loss-0.6433, train_rmse-0.8021, valid_rmse-1.3906, valid_pr-0.6914
epoch-101, train_loss-0.6140, train_rmse-0.7836, valid_rmse-1.4067, valid_pr-0.7010
epoch-102, train_loss-0.6346, train_rmse-0.7966, valid_rmse-1.3782, valid_pr-0.7032
epoch-103, train_loss-0.6565, train_rmse-0.8102, valid_rmse-1.3534, valid_pr-0.7078
Validation : valid_rmse-1.3534, valid_pr-0.7078, 
test2013_rmse-1.5035, test2013_pr-0.7755, test2016_rmse-1.3457, test2016_pr-0.7856, test2019_rmse-1.5631, test2019_pr-0.5757
epoch-104, train_loss-0.6273, train_rmse-0.7920, valid_rmse-1.4296, valid_pr-0.6826
epoch-105, train_loss-0.5997, train_rmse-0.7744, valid_rmse-1.3601, valid_pr-0.6990
epoch-106, train_loss-0.6366, train_rmse-0.7979, valid_rmse-1.3645, valid_pr-0.7021
epoch-107, train_loss-0.6054, train_rmse-0.7781, valid_rmse-1.3627, valid_pr-0.6975
epoch-108, train_loss-0.6052, train_rmse-0.7779, valid_rmse-1.3987, valid_pr-0.6902
epoch-109, train_loss-0.6017, train_rmse-0.7757, valid_rmse-1.4116, valid_pr-0.6833
epoch-110, train_loss-0.6008, train_rmse-0.7751, valid_rmse-1.4095, valid_pr-0.6971
epoch-111, train_loss-0.6115, train_rmse-0.7820, valid_rmse-1.3987, valid_pr-0.6912
epoch-112, train_loss-0.5883, train_rmse-0.7670, valid_rmse-1.3628, valid_pr-0.7065
epoch-113, train_loss-0.5868, train_rmse-0.7660, valid_rmse-1.3263, valid_pr-0.7162
Validation : valid_rmse-1.3263, valid_pr-0.7162, 
test2013_rmse-1.4090, test2013_pr-0.8036, test2016_rmse-1.2933, test2016_pr-0.8047, test2019_rmse-1.5409, test2019_pr-0.5848
epoch-114, train_loss-0.5695, train_rmse-0.7547, valid_rmse-1.3410, valid_pr-0.7095
epoch-115, train_loss-0.6024, train_rmse-0.7762, valid_rmse-1.3589, valid_pr-0.7072
epoch-116, train_loss-0.5766, train_rmse-0.7594, valid_rmse-1.3872, valid_pr-0.6968
epoch-117, train_loss-0.5626, train_rmse-0.7500, valid_rmse-1.3586, valid_pr-0.7056
epoch-118, train_loss-0.5584, train_rmse-0.7473, valid_rmse-1.3663, valid_pr-0.7133
epoch-119, train_loss-0.5951, train_rmse-0.7714, valid_rmse-1.3472, valid_pr-0.7025
epoch-120, train_loss-0.5873, train_rmse-0.7664, valid_rmse-1.3654, valid_pr-0.6964
epoch-121, train_loss-0.5653, train_rmse-0.7519, valid_rmse-1.3814, valid_pr-0.6881
epoch-122, train_loss-0.5803, train_rmse-0.7618, valid_rmse-1.3598, valid_pr-0.7028
epoch-123, train_loss-0.6067, train_rmse-0.7789, valid_rmse-1.3820, valid_pr-0.7095
epoch-124, train_loss-0.5505, train_rmse-0.7420, valid_rmse-1.4118, valid_pr-0.7025
epoch-125, train_loss-0.5549, train_rmse-0.7449, valid_rmse-1.3637, valid_pr-0.7047
epoch-126, train_loss-0.5379, train_rmse-0.7334, valid_rmse-1.3740, valid_pr-0.7244
epoch-127, train_loss-0.5114, train_rmse-0.7151, valid_rmse-1.3574, valid_pr-0.7042
epoch-128, train_loss-0.5280, train_rmse-0.7266, valid_rmse-1.3929, valid_pr-0.6780
epoch-129, train_loss-0.5065, train_rmse-0.7117, valid_rmse-1.3455, valid_pr-0.7110
epoch-130, train_loss-0.5031, train_rmse-0.7093, valid_rmse-1.3941, valid_pr-0.7062
epoch-131, train_loss-0.5246, train_rmse-0.7243, valid_rmse-1.4122, valid_pr-0.7070
epoch-132, train_loss-0.5212, train_rmse-0.7219, valid_rmse-1.4241, valid_pr-0.6931
epoch-133, train_loss-0.5061, train_rmse-0.7114, valid_rmse-1.3649, valid_pr-0.7047
epoch-134, train_loss-0.5078, train_rmse-0.7126, valid_rmse-1.3568, valid_pr-0.6982
epoch-135, train_loss-0.5113, train_rmse-0.7150, valid_rmse-1.3279, valid_pr-0.7160
epoch-136, train_loss-0.5070, train_rmse-0.7121, valid_rmse-1.3802, valid_pr-0.7017
epoch-137, train_loss-0.4812, train_rmse-0.6937, valid_rmse-1.4343, valid_pr-0.6971
epoch-138, train_loss-0.4984, train_rmse-0.7060, valid_rmse-1.3587, valid_pr-0.7152
epoch-139, train_loss-0.4613, train_rmse-0.6792, valid_rmse-1.3414, valid_pr-0.7269
epoch-140, train_loss-0.4696, train_rmse-0.6852, valid_rmse-1.3608, valid_pr-0.7069
epoch-141, train_loss-0.4615, train_rmse-0.6793, valid_rmse-1.3531, valid_pr-0.6982
epoch-142, train_loss-0.4599, train_rmse-0.6782, valid_rmse-1.3707, valid_pr-0.6955
epoch-143, train_loss-0.4871, train_rmse-0.6979, valid_rmse-1.3523, valid_pr-0.6991
epoch-144, train_loss-0.5175, train_rmse-0.7194, valid_rmse-1.5190, valid_pr-0.7040
epoch-145, train_loss-0.4881, train_rmse-0.6987, valid_rmse-1.3320, valid_pr-0.7135
epoch-146, train_loss-0.4740, train_rmse-0.6885, valid_rmse-1.3623, valid_pr-0.6925
epoch-147, train_loss-0.4781, train_rmse-0.6915, valid_rmse-1.4005, valid_pr-0.6849
epoch-148, train_loss-0.4543, train_rmse-0.6740, valid_rmse-1.3201, valid_pr-0.7200
Validation : valid_rmse-1.3201, valid_pr-0.7200, 
test2013_rmse-1.6006, test2013_pr-0.7374, test2016_rmse-1.4035, test2016_pr-0.7664, test2019_rmse-1.5691, test2019_pr-0.5721
epoch-149, train_loss-0.4659, train_rmse-0.6826, valid_rmse-1.3689, valid_pr-0.7067
epoch-150, train_loss-0.5039, train_rmse-0.7099, valid_rmse-1.3559, valid_pr-0.6981
epoch-151, train_loss-0.4570, train_rmse-0.6760, valid_rmse-1.3533, valid_pr-0.7022
epoch-152, train_loss-0.4416, train_rmse-0.6645, valid_rmse-1.3722, valid_pr-0.7088
epoch-153, train_loss-0.4606, train_rmse-0.6787, valid_rmse-1.3294, valid_pr-0.7135
epoch-154, train_loss-0.4482, train_rmse-0.6695, valid_rmse-1.4075, valid_pr-0.7109
epoch-155, train_loss-0.4508, train_rmse-0.6714, valid_rmse-1.3568, valid_pr-0.6997
epoch-156, train_loss-0.4454, train_rmse-0.6674, valid_rmse-1.3210, valid_pr-0.7199
epoch-157, train_loss-0.4521, train_rmse-0.6724, valid_rmse-1.3317, valid_pr-0.7177
epoch-158, train_loss-0.4498, train_rmse-0.6706, valid_rmse-1.3620, valid_pr-0.7036
epoch-159, train_loss-0.4130, train_rmse-0.6426, valid_rmse-1.3150, valid_pr-0.7150
Validation : valid_rmse-1.3150, valid_pr-0.7150, 
test2013_rmse-1.4760, test2013_pr-0.7826, test2016_rmse-1.3502, test2016_pr-0.7859, test2019_rmse-1.5429, test2019_pr-0.5701
epoch-160, train_loss-0.4152, train_rmse-0.6444, valid_rmse-1.3141, valid_pr-0.7182
Validation : valid_rmse-1.3141, valid_pr-0.7182, 
test2013_rmse-1.4449, test2013_pr-0.7963, test2016_rmse-1.3304, test2016_pr-0.7940, test2019_rmse-1.5192, test2019_pr-0.5858
epoch-161, train_loss-0.4323, train_rmse-0.6575, valid_rmse-1.4244, valid_pr-0.7195
epoch-162, train_loss-0.4284, train_rmse-0.6545, valid_rmse-1.3007, valid_pr-0.7334
Validation : valid_rmse-1.3007, valid_pr-0.7334, 
test2013_rmse-1.4858, test2013_pr-0.7937, test2016_rmse-1.3295, test2016_pr-0.8008, test2019_rmse-1.5462, test2019_pr-0.5902
epoch-163, train_loss-0.4264, train_rmse-0.6530, valid_rmse-1.3144, valid_pr-0.7150
epoch-164, train_loss-0.4092, train_rmse-0.6397, valid_rmse-1.3337, valid_pr-0.7149
epoch-165, train_loss-0.4055, train_rmse-0.6368, valid_rmse-1.3229, valid_pr-0.7123
epoch-166, train_loss-0.4139, train_rmse-0.6433, valid_rmse-1.3246, valid_pr-0.7131
epoch-167, train_loss-0.3986, train_rmse-0.6313, valid_rmse-1.3688, valid_pr-0.7200
epoch-168, train_loss-0.4278, train_rmse-0.6541, valid_rmse-1.3649, valid_pr-0.7240
epoch-169, train_loss-0.4118, train_rmse-0.6417, valid_rmse-1.3106, valid_pr-0.7241
epoch-170, train_loss-0.4109, train_rmse-0.6411, valid_rmse-1.3207, valid_pr-0.7214
epoch-171, train_loss-0.4157, train_rmse-0.6447, valid_rmse-1.3139, valid_pr-0.7168
epoch-172, train_loss-0.3911, train_rmse-0.6254, valid_rmse-1.3049, valid_pr-0.7233
epoch-173, train_loss-0.4197, train_rmse-0.6478, valid_rmse-1.3656, valid_pr-0.7055
epoch-174, train_loss-0.4240, train_rmse-0.6511, valid_rmse-1.4302, valid_pr-0.7062
epoch-175, train_loss-0.4184, train_rmse-0.6468, valid_rmse-1.4090, valid_pr-0.7114
epoch-176, train_loss-0.4521, train_rmse-0.6724, valid_rmse-1.3937, valid_pr-0.7177
epoch-177, train_loss-0.3925, train_rmse-0.6265, valid_rmse-1.2955, valid_pr-0.7220
Validation : valid_rmse-1.2955, valid_pr-0.7220, 
test2013_rmse-1.4027, test2013_pr-0.8190, test2016_rmse-1.3234, test2016_pr-0.7983, test2019_rmse-1.5103, test2019_pr-0.5753
epoch-178, train_loss-0.3757, train_rmse-0.6129, valid_rmse-1.3582, valid_pr-0.7040
epoch-179, train_loss-0.3985, train_rmse-0.6313, valid_rmse-1.3594, valid_pr-0.6977
epoch-180, train_loss-0.3844, train_rmse-0.6200, valid_rmse-1.3233, valid_pr-0.7211
epoch-181, train_loss-0.3821, train_rmse-0.6182, valid_rmse-1.3185, valid_pr-0.7180
epoch-182, train_loss-0.3728, train_rmse-0.6105, valid_rmse-1.3186, valid_pr-0.7140
epoch-183, train_loss-0.3610, train_rmse-0.6008, valid_rmse-1.3370, valid_pr-0.7057
epoch-184, train_loss-0.3627, train_rmse-0.6022, valid_rmse-1.3292, valid_pr-0.7266
epoch-185, train_loss-0.3941, train_rmse-0.6278, valid_rmse-1.3290, valid_pr-0.7122
epoch-186, train_loss-0.3915, train_rmse-0.6257, valid_rmse-1.3261, valid_pr-0.7151
epoch-187, train_loss-0.3825, train_rmse-0.6185, valid_rmse-1.3840, valid_pr-0.7174
epoch-188, train_loss-0.3641, train_rmse-0.6034, valid_rmse-1.3187, valid_pr-0.7256
epoch-189, train_loss-0.3575, train_rmse-0.5979, valid_rmse-1.3206, valid_pr-0.7135
epoch-190, train_loss-0.3719, train_rmse-0.6098, valid_rmse-1.3233, valid_pr-0.7157
epoch-191, train_loss-0.3671, train_rmse-0.6059, valid_rmse-1.3705, valid_pr-0.6912
epoch-192, train_loss-0.3726, train_rmse-0.6104, valid_rmse-1.2957, valid_pr-0.7213
epoch-193, train_loss-0.3660, train_rmse-0.6049, valid_rmse-1.3734, valid_pr-0.7281
epoch-194, train_loss-0.3981, train_rmse-0.6309, valid_rmse-1.3351, valid_pr-0.7229
epoch-195, train_loss-0.3522, train_rmse-0.5934, valid_rmse-1.3163, valid_pr-0.7235
epoch-196, train_loss-0.3512, train_rmse-0.5926, valid_rmse-1.3005, valid_pr-0.7293
epoch-197, train_loss-0.3498, train_rmse-0.5914, valid_rmse-1.3146, valid_pr-0.7211
epoch-198, train_loss-0.3420, train_rmse-0.5848, valid_rmse-1.3433, valid_pr-0.7202
epoch-199, train_loss-0.3484, train_rmse-0.5903, valid_rmse-1.3614, valid_pr-0.7252
epoch-200, train_loss-0.3428, train_rmse-0.5855, valid_rmse-1.2940, valid_pr-0.7270
Validation : valid_rmse-1.2940, valid_pr-0.7270, 
test2013_rmse-1.3783, test2013_pr-0.8194, test2016_rmse-1.3343, test2016_pr-0.7904, test2019_rmse-1.5196, test2019_pr-0.5827
epoch-201, train_loss-0.3302, train_rmse-0.5746, valid_rmse-1.3850, valid_pr-0.7155
epoch-202, train_loss-0.3453, train_rmse-0.5876, valid_rmse-1.3106, valid_pr-0.7196
epoch-203, train_loss-0.3466, train_rmse-0.5887, valid_rmse-1.3150, valid_pr-0.7187
epoch-204, train_loss-0.3379, train_rmse-0.5813, valid_rmse-1.3169, valid_pr-0.7151
epoch-205, train_loss-0.3430, train_rmse-0.5857, valid_rmse-1.3177, valid_pr-0.7173
epoch-206, train_loss-0.3472, train_rmse-0.5892, valid_rmse-1.3613, valid_pr-0.7009
epoch-207, train_loss-0.3757, train_rmse-0.6129, valid_rmse-1.3462, valid_pr-0.7073
epoch-208, train_loss-0.3408, train_rmse-0.5838, valid_rmse-1.3105, valid_pr-0.7205
epoch-209, train_loss-0.3362, train_rmse-0.5798, valid_rmse-1.3352, valid_pr-0.7188
epoch-210, train_loss-0.3318, train_rmse-0.5760, valid_rmse-1.2966, valid_pr-0.7230
epoch-211, train_loss-0.3395, train_rmse-0.5827, valid_rmse-1.3141, valid_pr-0.7140
epoch-212, train_loss-0.3295, train_rmse-0.5740, valid_rmse-1.3130, valid_pr-0.7161
epoch-213, train_loss-0.3315, train_rmse-0.5758, valid_rmse-1.3119, valid_pr-0.7208
epoch-214, train_loss-0.3351, train_rmse-0.5789, valid_rmse-1.2880, valid_pr-0.7282
Validation : valid_rmse-1.2880, valid_pr-0.7282, 
test2013_rmse-1.4833, test2013_pr-0.7820, test2016_rmse-1.3026, test2016_pr-0.8083, test2019_rmse-1.4977, test2019_pr-0.5874
epoch-215, train_loss-0.3306, train_rmse-0.5750, valid_rmse-1.3168, valid_pr-0.7143
epoch-216, train_loss-0.3395, train_rmse-0.5826, valid_rmse-1.3237, valid_pr-0.7161
epoch-217, train_loss-0.3120, train_rmse-0.5586, valid_rmse-1.3314, valid_pr-0.7113
epoch-218, train_loss-0.3256, train_rmse-0.5706, valid_rmse-1.3096, valid_pr-0.7235
epoch-219, train_loss-0.3163, train_rmse-0.5624, valid_rmse-1.2916, valid_pr-0.7271
epoch-220, train_loss-0.3268, train_rmse-0.5717, valid_rmse-1.3281, valid_pr-0.7214
epoch-221, train_loss-0.3035, train_rmse-0.5509, valid_rmse-1.3089, valid_pr-0.7258
epoch-222, train_loss-0.3210, train_rmse-0.5665, valid_rmse-1.3102, valid_pr-0.7151
epoch-223, train_loss-0.3256, train_rmse-0.5706, valid_rmse-1.3142, valid_pr-0.7162
epoch-224, train_loss-0.3269, train_rmse-0.5717, valid_rmse-1.3029, valid_pr-0.7304
epoch-225, train_loss-0.3479, train_rmse-0.5898, valid_rmse-1.3139, valid_pr-0.7204
epoch-226, train_loss-0.3127, train_rmse-0.5592, valid_rmse-1.3634, valid_pr-0.7163
epoch-227, train_loss-0.3099, train_rmse-0.5567, valid_rmse-1.3256, valid_pr-0.7259
epoch-228, train_loss-0.3184, train_rmse-0.5642, valid_rmse-1.3882, valid_pr-0.7257
epoch-229, train_loss-0.3099, train_rmse-0.5567, valid_rmse-1.2855, valid_pr-0.7286
Validation : valid_rmse-1.2855, valid_pr-0.7286, 
test2013_rmse-1.4185, test2013_pr-0.8214, test2016_rmse-1.3027, test2016_pr-0.8092, test2019_rmse-1.5160, test2019_pr-0.5767
epoch-230, train_loss-0.3012, train_rmse-0.5488, valid_rmse-1.2968, valid_pr-0.7272
epoch-231, train_loss-0.3090, train_rmse-0.5558, valid_rmse-1.2935, valid_pr-0.7213
epoch-232, train_loss-0.3031, train_rmse-0.5506, valid_rmse-1.3042, valid_pr-0.7242
epoch-233, train_loss-0.3212, train_rmse-0.5668, valid_rmse-1.3018, valid_pr-0.7215
epoch-234, train_loss-0.3193, train_rmse-0.5650, valid_rmse-1.2968, valid_pr-0.7270
epoch-235, train_loss-0.3270, train_rmse-0.5719, valid_rmse-1.3145, valid_pr-0.7144
epoch-236, train_loss-0.3003, train_rmse-0.5480, valid_rmse-1.2972, valid_pr-0.7232
epoch-237, train_loss-0.2959, train_rmse-0.5440, valid_rmse-1.3025, valid_pr-0.7212
epoch-238, train_loss-0.2964, train_rmse-0.5444, valid_rmse-1.3277, valid_pr-0.7115
epoch-239, train_loss-0.2896, train_rmse-0.5382, valid_rmse-1.2864, valid_pr-0.7284
epoch-240, train_loss-0.3040, train_rmse-0.5513, valid_rmse-1.3172, valid_pr-0.7213
epoch-241, train_loss-0.2939, train_rmse-0.5421, valid_rmse-1.3014, valid_pr-0.7205
epoch-242, train_loss-0.2930, train_rmse-0.5413, valid_rmse-1.3092, valid_pr-0.7141
epoch-243, train_loss-0.2810, train_rmse-0.5301, valid_rmse-1.3097, valid_pr-0.7226
epoch-244, train_loss-0.2787, train_rmse-0.5279, valid_rmse-1.2956, valid_pr-0.7257
epoch-245, train_loss-0.2942, train_rmse-0.5424, valid_rmse-1.3140, valid_pr-0.7206
epoch-246, train_loss-0.2947, train_rmse-0.5429, valid_rmse-1.2970, valid_pr-0.7223
epoch-247, train_loss-0.2972, train_rmse-0.5452, valid_rmse-1.2872, valid_pr-0.7323
epoch-248, train_loss-0.2825, train_rmse-0.5315, valid_rmse-1.2926, valid_pr-0.7233
epoch-249, train_loss-0.2792, train_rmse-0.5284, valid_rmse-1.2839, valid_pr-0.7323
Validation : valid_rmse-1.2839, valid_pr-0.7323, 
test2013_rmse-1.4118, test2013_pr-0.8152, test2016_rmse-1.2926, test2016_pr-0.8102, test2019_rmse-1.5153, test2019_pr-0.5777
epoch-250, train_loss-0.2808, train_rmse-0.5299, valid_rmse-1.2904, valid_pr-0.7280
epoch-251, train_loss-0.2696, train_rmse-0.5193, valid_rmse-1.3088, valid_pr-0.7217
epoch-252, train_loss-0.2790, train_rmse-0.5282, valid_rmse-1.3015, valid_pr-0.7238
epoch-253, train_loss-0.2837, train_rmse-0.5326, valid_rmse-1.3624, valid_pr-0.7376
epoch-254, train_loss-0.2831, train_rmse-0.5320, valid_rmse-1.2874, valid_pr-0.7224
epoch-255, train_loss-0.2829, train_rmse-0.5318, valid_rmse-1.3087, valid_pr-0.7283
epoch-256, train_loss-0.2697, train_rmse-0.5193, valid_rmse-1.2878, valid_pr-0.7260
epoch-257, train_loss-0.2718, train_rmse-0.5213, valid_rmse-1.2818, valid_pr-0.7312
Validation : valid_rmse-1.2818, valid_pr-0.7312, 
test2013_rmse-1.3952, test2013_pr-0.8179, test2016_rmse-1.2854, test2016_pr-0.8104, test2019_rmse-1.4901, test2019_pr-0.5911
epoch-258, train_loss-0.2713, train_rmse-0.5208, valid_rmse-1.2814, valid_pr-0.7354
Validation : valid_rmse-1.2814, valid_pr-0.7354, 
test2013_rmse-1.4734, test2013_pr-0.7911, test2016_rmse-1.3039, test2016_pr-0.8061, test2019_rmse-1.5094, test2019_pr-0.5903
epoch-259, train_loss-0.2823, train_rmse-0.5313, valid_rmse-1.3305, valid_pr-0.7293
epoch-260, train_loss-0.2705, train_rmse-0.5201, valid_rmse-1.3073, valid_pr-0.7264
epoch-261, train_loss-0.2631, train_rmse-0.5129, valid_rmse-1.3017, valid_pr-0.7309
epoch-262, train_loss-0.2811, train_rmse-0.5302, valid_rmse-1.2937, valid_pr-0.7249
epoch-263, train_loss-0.2706, train_rmse-0.5202, valid_rmse-1.3140, valid_pr-0.7164
epoch-264, train_loss-0.2735, train_rmse-0.5230, valid_rmse-1.3111, valid_pr-0.7296
epoch-265, train_loss-0.2917, train_rmse-0.5401, valid_rmse-1.3933, valid_pr-0.7112
epoch-266, train_loss-0.2647, train_rmse-0.5145, valid_rmse-1.3098, valid_pr-0.7208
epoch-267, train_loss-0.2693, train_rmse-0.5189, valid_rmse-1.3524, valid_pr-0.7064
epoch-268, train_loss-0.2688, train_rmse-0.5184, valid_rmse-1.2903, valid_pr-0.7313
epoch-269, train_loss-0.2761, train_rmse-0.5254, valid_rmse-1.3017, valid_pr-0.7186
epoch-270, train_loss-0.2966, train_rmse-0.5446, valid_rmse-1.3416, valid_pr-0.7130
epoch-271, train_loss-0.2585, train_rmse-0.5084, valid_rmse-1.2862, valid_pr-0.7232
epoch-272, train_loss-0.2488, train_rmse-0.4988, valid_rmse-1.2686, valid_pr-0.7311
Validation : valid_rmse-1.2686, valid_pr-0.7311, 
test2013_rmse-1.3867, test2013_pr-0.8295, test2016_rmse-1.2821, test2016_pr-0.8172, test2019_rmse-1.4935, test2019_pr-0.5800
epoch-273, train_loss-0.2580, train_rmse-0.5080, valid_rmse-1.3005, valid_pr-0.7181
epoch-274, train_loss-0.2610, train_rmse-0.5108, valid_rmse-1.2952, valid_pr-0.7238
epoch-275, train_loss-0.2659, train_rmse-0.5157, valid_rmse-1.3103, valid_pr-0.7256
epoch-276, train_loss-0.2737, train_rmse-0.5232, valid_rmse-1.2504, valid_pr-0.7397
Validation : valid_rmse-1.2504, valid_pr-0.7397, 
test2013_rmse-1.4075, test2013_pr-0.8146, test2016_rmse-1.2665, test2016_pr-0.8202, test2019_rmse-1.4833, test2019_pr-0.5875
epoch-277, train_loss-0.2529, train_rmse-0.5029, valid_rmse-1.2885, valid_pr-0.7216
epoch-278, train_loss-0.2463, train_rmse-0.4963, valid_rmse-1.2830, valid_pr-0.7281
epoch-279, train_loss-0.2847, train_rmse-0.5335, valid_rmse-1.2930, valid_pr-0.7263
epoch-280, train_loss-0.2625, train_rmse-0.5123, valid_rmse-1.2900, valid_pr-0.7230
epoch-281, train_loss-0.2614, train_rmse-0.5112, valid_rmse-1.2777, valid_pr-0.7300
epoch-282, train_loss-0.2575, train_rmse-0.5074, valid_rmse-1.3057, valid_pr-0.7195
epoch-283, train_loss-0.2464, train_rmse-0.4964, valid_rmse-1.2595, valid_pr-0.7370
epoch-284, train_loss-0.2582, train_rmse-0.5082, valid_rmse-1.2760, valid_pr-0.7323
epoch-285, train_loss-0.2729, train_rmse-0.5224, valid_rmse-1.2842, valid_pr-0.7259
epoch-286, train_loss-0.2463, train_rmse-0.4963, valid_rmse-1.3008, valid_pr-0.7221
epoch-287, train_loss-0.2535, train_rmse-0.5035, valid_rmse-1.2898, valid_pr-0.7253
epoch-288, train_loss-0.2366, train_rmse-0.4864, valid_rmse-1.2891, valid_pr-0.7321
epoch-289, train_loss-0.2431, train_rmse-0.4931, valid_rmse-1.3054, valid_pr-0.7200
epoch-290, train_loss-0.2697, train_rmse-0.5194, valid_rmse-1.2753, valid_pr-0.7314
epoch-291, train_loss-0.2480, train_rmse-0.4980, valid_rmse-1.3542, valid_pr-0.7206
epoch-292, train_loss-0.2565, train_rmse-0.5064, valid_rmse-1.2962, valid_pr-0.7236
epoch-293, train_loss-0.2329, train_rmse-0.4826, valid_rmse-1.3901, valid_pr-0.7315
epoch-294, train_loss-0.2373, train_rmse-0.4871, valid_rmse-1.2733, valid_pr-0.7315
epoch-295, train_loss-0.2433, train_rmse-0.4933, valid_rmse-1.2610, valid_pr-0.7365
epoch-296, train_loss-0.2345, train_rmse-0.4843, valid_rmse-1.3015, valid_pr-0.7156
epoch-297, train_loss-0.2446, train_rmse-0.4945, valid_rmse-1.3023, valid_pr-0.7279
epoch-298, train_loss-0.2656, train_rmse-0.5154, valid_rmse-1.2766, valid_pr-0.7284
epoch-299, train_loss-0.2649, train_rmse-0.5147, valid_rmse-1.3044, valid_pr-0.7200
epoch-300, train_loss-0.2415, train_rmse-0.4914, valid_rmse-1.2969, valid_pr-0.7264
epoch-301, train_loss-0.2342, train_rmse-0.4839, valid_rmse-1.2861, valid_pr-0.7205
epoch-302, train_loss-0.2269, train_rmse-0.4764, valid_rmse-1.2755, valid_pr-0.7296
epoch-303, train_loss-0.2392, train_rmse-0.4891, valid_rmse-1.2774, valid_pr-0.7365
epoch-304, train_loss-0.2404, train_rmse-0.4903, valid_rmse-1.2717, valid_pr-0.7305
epoch-305, train_loss-0.2340, train_rmse-0.4837, valid_rmse-1.2865, valid_pr-0.7250
epoch-306, train_loss-0.2304, train_rmse-0.4800, valid_rmse-1.2640, valid_pr-0.7357
epoch-307, train_loss-0.2200, train_rmse-0.4691, valid_rmse-1.2902, valid_pr-0.7224
epoch-308, train_loss-0.2318, train_rmse-0.4815, valid_rmse-1.2738, valid_pr-0.7280
epoch-309, train_loss-0.2308, train_rmse-0.4804, valid_rmse-1.3131, valid_pr-0.7192
epoch-310, train_loss-0.2255, train_rmse-0.4748, valid_rmse-1.2690, valid_pr-0.7332
epoch-311, train_loss-0.2241, train_rmse-0.4734, valid_rmse-1.2917, valid_pr-0.7219
epoch-312, train_loss-0.2282, train_rmse-0.4777, valid_rmse-1.2754, valid_pr-0.7272
epoch-313, train_loss-0.2333, train_rmse-0.4830, valid_rmse-1.2594, valid_pr-0.7356
epoch-314, train_loss-0.2326, train_rmse-0.4823, valid_rmse-1.3135, valid_pr-0.7230
epoch-315, train_loss-0.2299, train_rmse-0.4795, valid_rmse-1.2864, valid_pr-0.7252
epoch-316, train_loss-0.2327, train_rmse-0.4824, valid_rmse-1.2724, valid_pr-0.7312
epoch-317, train_loss-0.2369, train_rmse-0.4867, valid_rmse-1.2621, valid_pr-0.7341
epoch-318, train_loss-0.2286, train_rmse-0.4781, valid_rmse-1.2787, valid_pr-0.7333
epoch-319, train_loss-0.2425, train_rmse-0.4925, valid_rmse-1.2895, valid_pr-0.7263
epoch-320, train_loss-0.2240, train_rmse-0.4733, valid_rmse-1.3031, valid_pr-0.7341
epoch-321, train_loss-0.2331, train_rmse-0.4828, valid_rmse-1.2823, valid_pr-0.7283
epoch-322, train_loss-0.2203, train_rmse-0.4694, valid_rmse-1.2896, valid_pr-0.7263
epoch-323, train_loss-0.2314, train_rmse-0.4810, valid_rmse-1.2844, valid_pr-0.7261
epoch-324, train_loss-0.2255, train_rmse-0.4749, valid_rmse-1.3341, valid_pr-0.7246
epoch-325, train_loss-0.2167, train_rmse-0.4655, valid_rmse-1.2544, valid_pr-0.7388
epoch-326, train_loss-0.2153, train_rmse-0.4640, valid_rmse-1.2722, valid_pr-0.7298
epoch-327, train_loss-0.2129, train_rmse-0.4614, valid_rmse-1.3462, valid_pr-0.7246
epoch-328, train_loss-0.1911, train_rmse-0.4371, valid_rmse-1.2588, valid_pr-0.7373
epoch-329, train_loss-0.1650, train_rmse-0.4062, valid_rmse-1.2556, valid_pr-0.7369
epoch-330, train_loss-0.1554, train_rmse-0.3942, valid_rmse-1.2745, valid_pr-0.7340
epoch-331, train_loss-0.1519, train_rmse-0.3898, valid_rmse-1.2326, valid_pr-0.7463
Validation : valid_rmse-1.2326, valid_pr-0.7463, 
test2013_rmse-1.4068, test2013_pr-0.8264, test2016_rmse-1.2605, test2016_pr-0.8236, test2019_rmse-1.4755, test2019_pr-0.5854
epoch-332, train_loss-0.1448, train_rmse-0.3805, valid_rmse-1.2588, valid_pr-0.7348
epoch-333, train_loss-0.1533, train_rmse-0.3915, valid_rmse-1.2697, valid_pr-0.7326
epoch-334, train_loss-0.1527, train_rmse-0.3908, valid_rmse-1.2605, valid_pr-0.7352
epoch-335, train_loss-0.1544, train_rmse-0.3929, valid_rmse-1.2553, valid_pr-0.7386
epoch-336, train_loss-0.1493, train_rmse-0.3864, valid_rmse-1.2419, valid_pr-0.7434
epoch-337, train_loss-0.1506, train_rmse-0.3881, valid_rmse-1.2617, valid_pr-0.7353
epoch-338, train_loss-0.1542, train_rmse-0.3926, valid_rmse-1.2617, valid_pr-0.7341
epoch-339, train_loss-0.1485, train_rmse-0.3854, valid_rmse-1.2752, valid_pr-0.7368
epoch-340, train_loss-0.1555, train_rmse-0.3943, valid_rmse-1.2660, valid_pr-0.7320
epoch-341, train_loss-0.1459, train_rmse-0.3820, valid_rmse-1.2734, valid_pr-0.7321
epoch-342, train_loss-0.1509, train_rmse-0.3884, valid_rmse-1.2513, valid_pr-0.7385
epoch-343, train_loss-0.1566, train_rmse-0.3957, valid_rmse-1.2652, valid_pr-0.7337
epoch-344, train_loss-0.1490, train_rmse-0.3860, valid_rmse-1.2611, valid_pr-0.7387
epoch-345, train_loss-0.1577, train_rmse-0.3971, valid_rmse-1.2693, valid_pr-0.7373
epoch-346, train_loss-0.1546, train_rmse-0.3932, valid_rmse-1.2490, valid_pr-0.7405
epoch-347, train_loss-0.1627, train_rmse-0.4034, valid_rmse-1.2490, valid_pr-0.7389
epoch-348, train_loss-0.1535, train_rmse-0.3918, valid_rmse-1.2691, valid_pr-0.7363
epoch-349, train_loss-0.1465, train_rmse-0.3827, valid_rmse-1.2587, valid_pr-0.7353
epoch-350, train_loss-0.1523, train_rmse-0.3902, valid_rmse-1.2632, valid_pr-0.7337
epoch-351, train_loss-0.1474, train_rmse-0.3839, valid_rmse-1.2658, valid_pr-0.7339
epoch-352, train_loss-0.1509, train_rmse-0.3884, valid_rmse-1.2628, valid_pr-0.7376
epoch-353, train_loss-0.1563, train_rmse-0.3953, valid_rmse-1.2537, valid_pr-0.7393
epoch-354, train_loss-0.1559, train_rmse-0.3949, valid_rmse-1.2561, valid_pr-0.7354
epoch-355, train_loss-0.1527, train_rmse-0.3908, valid_rmse-1.2532, valid_pr-0.7380
epoch-356, train_loss-0.1601, train_rmse-0.4001, valid_rmse-1.2686, valid_pr-0.7323
epoch-357, train_loss-0.1442, train_rmse-0.3798, valid_rmse-1.2564, valid_pr-0.7371
epoch-358, train_loss-0.1549, train_rmse-0.3936, valid_rmse-1.2643, valid_pr-0.7363
epoch-359, train_loss-0.1452, train_rmse-0.3811, valid_rmse-1.2538, valid_pr-0.7423
epoch-360, train_loss-0.1450, train_rmse-0.3808, valid_rmse-1.2410, valid_pr-0.7433
epoch-361, train_loss-0.1453, train_rmse-0.3812, valid_rmse-1.2626, valid_pr-0.7333
epoch-362, train_loss-0.1519, train_rmse-0.3897, valid_rmse-1.2538, valid_pr-0.7380
epoch-363, train_loss-0.1433, train_rmse-0.3785, valid_rmse-1.2652, valid_pr-0.7322
epoch-364, train_loss-0.1459, train_rmse-0.3820, valid_rmse-1.2721, valid_pr-0.7329
epoch-365, train_loss-0.1522, train_rmse-0.3901, valid_rmse-1.3075, valid_pr-0.7355
epoch-366, train_loss-0.1455, train_rmse-0.3815, valid_rmse-1.2683, valid_pr-0.7328
epoch-367, train_loss-0.1435, train_rmse-0.3788, valid_rmse-1.2630, valid_pr-0.7331
epoch-368, train_loss-0.1505, train_rmse-0.3879, valid_rmse-1.2675, valid_pr-0.7318
epoch-369, train_loss-0.1454, train_rmse-0.3813, valid_rmse-1.2489, valid_pr-0.7401
epoch-370, train_loss-0.1410, train_rmse-0.3755, valid_rmse-1.2688, valid_pr-0.7353
epoch-371, train_loss-0.1487, train_rmse-0.3857, valid_rmse-1.2695, valid_pr-0.7314
epoch-372, train_loss-0.1491, train_rmse-0.3862, valid_rmse-1.2576, valid_pr-0.7366
epoch-373, train_loss-0.1507, train_rmse-0.3882, valid_rmse-1.2587, valid_pr-0.7351
epoch-374, train_loss-0.1498, train_rmse-0.3870, valid_rmse-1.2481, valid_pr-0.7405
epoch-375, train_loss-0.1548, train_rmse-0.3935, valid_rmse-1.2424, valid_pr-0.7439
epoch-376, train_loss-0.1480, train_rmse-0.3847, valid_rmse-1.2609, valid_pr-0.7363
epoch-377, train_loss-0.1427, train_rmse-0.3777, valid_rmse-1.2504, valid_pr-0.7397
epoch-378, train_loss-0.1396, train_rmse-0.3737, valid_rmse-1.2559, valid_pr-0.7368
epoch-379, train_loss-0.1357, train_rmse-0.3684, valid_rmse-1.2608, valid_pr-0.7343
epoch-380, train_loss-0.1415, train_rmse-0.3762, valid_rmse-1.2595, valid_pr-0.7356
epoch-381, train_loss-0.1347, train_rmse-0.3670, valid_rmse-1.2542, valid_pr-0.7360
epoch-382, train_loss-0.1425, train_rmse-0.3774, valid_rmse-1.2517, valid_pr-0.7392
epoch-383, train_loss-0.1292, train_rmse-0.3594, valid_rmse-1.2490, valid_pr-0.7408
epoch-384, train_loss-0.1200, train_rmse-0.3464, valid_rmse-1.2478, valid_pr-0.7416
epoch-385, train_loss-0.1192, train_rmse-0.3453, valid_rmse-1.2464, valid_pr-0.7399
epoch-386, train_loss-0.1168, train_rmse-0.3417, valid_rmse-1.2527, valid_pr-0.7396
epoch-387, train_loss-0.1155, train_rmse-0.3398, valid_rmse-1.2470, valid_pr-0.7425
epoch-388, train_loss-0.1170, train_rmse-0.3421, valid_rmse-1.2419, valid_pr-0.7432
epoch-389, train_loss-0.1139, train_rmse-0.3375, valid_rmse-1.2441, valid_pr-0.7427
epoch-390, train_loss-0.1154, train_rmse-0.3397, valid_rmse-1.2450, valid_pr-0.7415
epoch-391, train_loss-0.1161, train_rmse-0.3407, valid_rmse-1.2495, valid_pr-0.7391
epoch-392, train_loss-0.1170, train_rmse-0.3420, valid_rmse-1.2506, valid_pr-0.7410
epoch-393, train_loss-0.1151, train_rmse-0.3393, valid_rmse-1.2538, valid_pr-0.7418
epoch-394, train_loss-0.1168, train_rmse-0.3417, valid_rmse-1.2468, valid_pr-0.7405
epoch-395, train_loss-0.1182, train_rmse-0.3438, valid_rmse-1.2571, valid_pr-0.7404
epoch-396, train_loss-0.1163, train_rmse-0.3411, valid_rmse-1.2464, valid_pr-0.7407
epoch-397, train_loss-0.1141, train_rmse-0.3378, valid_rmse-1.2513, valid_pr-0.7406
epoch-398, train_loss-0.1148, train_rmse-0.3388, valid_rmse-1.2526, valid_pr-0.7390
epoch-399, train_loss-0.1147, train_rmse-0.3387, valid_rmse-1.2468, valid_pr-0.7398
epoch-400, train_loss-0.1183, train_rmse-0.3439, valid_rmse-1.2594, valid_pr-0.7398
epoch-401, train_loss-0.1148, train_rmse-0.3388, valid_rmse-1.2564, valid_pr-0.7360
epoch-402, train_loss-0.1134, train_rmse-0.3368, valid_rmse-1.2511, valid_pr-0.7387
epoch-403, train_loss-0.1129, train_rmse-0.3361, valid_rmse-1.2510, valid_pr-0.7437
epoch-404, train_loss-0.1160, train_rmse-0.3406, valid_rmse-1.2412, valid_pr-0.7420
epoch-405, train_loss-0.1176, train_rmse-0.3429, valid_rmse-1.2372, valid_pr-0.7447
epoch-406, train_loss-0.1144, train_rmse-0.3382, valid_rmse-1.2468, valid_pr-0.7406
epoch-407, train_loss-0.1099, train_rmse-0.3315, valid_rmse-1.2527, valid_pr-0.7388
epoch-408, train_loss-0.1174, train_rmse-0.3426, valid_rmse-1.2442, valid_pr-0.7417
epoch-409, train_loss-0.1156, train_rmse-0.3401, valid_rmse-1.2472, valid_pr-0.7420
epoch-410, train_loss-0.1140, train_rmse-0.3377, valid_rmse-1.2477, valid_pr-0.7407
epoch-411, train_loss-0.1089, train_rmse-0.3300, valid_rmse-1.2531, valid_pr-0.7401
epoch-412, train_loss-0.1132, train_rmse-0.3365, valid_rmse-1.2495, valid_pr-0.7409
epoch-413, train_loss-0.1121, train_rmse-0.3348, valid_rmse-1.2477, valid_pr-0.7403
epoch-414, train_loss-0.1154, train_rmse-0.3398, valid_rmse-1.2564, valid_pr-0.7358
epoch-415, train_loss-0.1109, train_rmse-0.3330, valid_rmse-1.2496, valid_pr-0.7402
epoch-416, train_loss-0.1132, train_rmse-0.3364, valid_rmse-1.2521, valid_pr-0.7380
epoch-417, train_loss-0.1100, train_rmse-0.3317, valid_rmse-1.2565, valid_pr-0.7352
epoch-418, train_loss-0.1100, train_rmse-0.3317, valid_rmse-1.2572, valid_pr-0.7367
epoch-419, train_loss-0.1111, train_rmse-0.3333, valid_rmse-1.2466, valid_pr-0.7409
epoch-420, train_loss-0.1146, train_rmse-0.3386, valid_rmse-1.2467, valid_pr-0.7406
epoch-421, train_loss-0.1102, train_rmse-0.3319, valid_rmse-1.2491, valid_pr-0.7390
epoch-422, train_loss-0.1119, train_rmse-0.3345, valid_rmse-1.2511, valid_pr-0.7386
epoch-423, train_loss-0.1100, train_rmse-0.3316, valid_rmse-1.2526, valid_pr-0.7388
epoch-424, train_loss-0.1123, train_rmse-0.3352, valid_rmse-1.2560, valid_pr-0.7373
epoch-425, train_loss-0.1137, train_rmse-0.3372, valid_rmse-1.2547, valid_pr-0.7397
epoch-426, train_loss-0.1135, train_rmse-0.3369, valid_rmse-1.2480, valid_pr-0.7404
epoch-427, train_loss-0.1068, train_rmse-0.3268, valid_rmse-1.2461, valid_pr-0.7408
epoch-428, train_loss-0.1116, train_rmse-0.3341, valid_rmse-1.2412, valid_pr-0.7428
epoch-429, train_loss-0.1068, train_rmse-0.3268, valid_rmse-1.2526, valid_pr-0.7400
epoch-430, train_loss-0.1114, train_rmse-0.3338, valid_rmse-1.2585, valid_pr-0.7370
epoch-431, train_loss-0.1088, train_rmse-0.3299, valid_rmse-1.2536, valid_pr-0.7390
epoch-432, train_loss-0.1113, train_rmse-0.3335, valid_rmse-1.2459, valid_pr-0.7413
early stop in epoch 432
best_rmse: 1.2326
valid_rmse-1.2326, valid_pr-0.7463, test2013_rmse-1.4068, test2013_pr-0.8264, test2016_rmse-1.2605, test2016_pr-0.8236, test2019_rmse-1.4755, test2019_pr-0.5854
