ours-lrs-0.001-abl-q4q4, lr=0.001, seed=414
train_GIGN.py
train data: 11904
valid data: 1000
test2013 data: 107
test2016 data: 285
test2019 data: 4366
GIGN params # : 1458928
epoch-0, train_loss-16.0683, train_rmse-4.0085, valid_rmse-2.2369, valid_pr-0.4935
Validation : valid_rmse-2.2369, valid_pr-0.4935, 
test2013_rmse-2.4002, test2013_pr-0.6119, test2016_rmse-2.2911, test2016_pr-0.6472, test2019_rmse-2.0897, test2019_pr-0.5279
epoch-1, train_loss-2.6921, train_rmse-1.6408, valid_rmse-1.6509, valid_pr-0.5681
Validation : valid_rmse-1.6509, valid_pr-0.5681, 
test2013_rmse-1.8491, test2013_pr-0.7167, test2016_rmse-1.6935, test2016_pr-0.7599, test2019_rmse-1.5748, test2019_pr-0.5507
epoch-2, train_loss-2.3943, train_rmse-1.5473, valid_rmse-1.5391, valid_pr-0.5598
Validation : valid_rmse-1.5391, valid_pr-0.5598, 
test2013_rmse-1.6869, test2013_pr-0.7243, test2016_rmse-1.6143, test2016_pr-0.6989, test2019_rmse-1.5047, test2019_pr-0.5426
epoch-3, train_loss-2.2192, train_rmse-1.4897, valid_rmse-1.5278, valid_pr-0.5766
Validation : valid_rmse-1.5278, valid_pr-0.5766, 
test2013_rmse-1.7142, test2013_pr-0.7113, test2016_rmse-1.5685, test2016_pr-0.7149, test2019_rmse-1.5162, test2019_pr-0.5456
epoch-4, train_loss-2.0965, train_rmse-1.4479, valid_rmse-1.4074, valid_pr-0.6514
Validation : valid_rmse-1.4074, valid_pr-0.6514, 
test2013_rmse-1.5237, test2013_pr-0.7793, test2016_rmse-1.4159, test2016_pr-0.7724, test2019_rmse-1.3926, test2019_pr-0.6309
epoch-5, train_loss-1.9616, train_rmse-1.4006, valid_rmse-1.4439, valid_pr-0.6473
epoch-6, train_loss-1.8499, train_rmse-1.3601, valid_rmse-1.5082, valid_pr-0.6379
epoch-7, train_loss-1.6976, train_rmse-1.3029, valid_rmse-1.3734, valid_pr-0.6761
Validation : valid_rmse-1.3734, valid_pr-0.6761, 
test2013_rmse-1.4575, test2013_pr-0.7946, test2016_rmse-1.3481, test2016_pr-0.7872, test2019_rmse-1.4321, test2019_pr-0.6244
epoch-8, train_loss-1.6422, train_rmse-1.2815, valid_rmse-1.4716, valid_pr-0.6611
epoch-9, train_loss-1.5789, train_rmse-1.2565, valid_rmse-1.3974, valid_pr-0.6619
epoch-10, train_loss-1.4875, train_rmse-1.2196, valid_rmse-1.5153, valid_pr-0.6675
epoch-11, train_loss-1.3957, train_rmse-1.1814, valid_rmse-1.4575, valid_pr-0.6878
epoch-12, train_loss-1.3301, train_rmse-1.1533, valid_rmse-1.7318, valid_pr-0.6352
epoch-13, train_loss-1.2241, train_rmse-1.1064, valid_rmse-1.4514, valid_pr-0.6526
epoch-14, train_loss-1.0691, train_rmse-1.0340, valid_rmse-1.6182, valid_pr-0.6543
epoch-15, train_loss-1.0590, train_rmse-1.0291, valid_rmse-1.5829, valid_pr-0.6674
epoch-16, train_loss-1.0085, train_rmse-1.0042, valid_rmse-1.4449, valid_pr-0.6796
epoch-17, train_loss-0.9288, train_rmse-0.9637, valid_rmse-1.5681, valid_pr-0.6538
epoch-18, train_loss-0.8788, train_rmse-0.9374, valid_rmse-1.4268, valid_pr-0.6941
epoch-19, train_loss-0.8134, train_rmse-0.9019, valid_rmse-1.4132, valid_pr-0.6841
epoch-20, train_loss-0.7790, train_rmse-0.8826, valid_rmse-1.4172, valid_pr-0.7093
epoch-21, train_loss-0.7565, train_rmse-0.8698, valid_rmse-1.4127, valid_pr-0.6863
epoch-22, train_loss-0.7038, train_rmse-0.8389, valid_rmse-1.4744, valid_pr-0.6975
epoch-23, train_loss-0.6604, train_rmse-0.8127, valid_rmse-1.3364, valid_pr-0.7132
Validation : valid_rmse-1.3364, valid_pr-0.7132, 
test2013_rmse-1.4272, test2013_pr-0.7999, test2016_rmse-1.2502, test2016_pr-0.8243, test2019_rmse-1.4173, test2019_pr-0.6418
epoch-24, train_loss-0.6580, train_rmse-0.8112, valid_rmse-1.3979, valid_pr-0.6901
epoch-25, train_loss-0.6225, train_rmse-0.7890, valid_rmse-1.3497, valid_pr-0.6923
epoch-26, train_loss-0.5856, train_rmse-0.7652, valid_rmse-1.3647, valid_pr-0.7156
epoch-27, train_loss-0.5811, train_rmse-0.7623, valid_rmse-1.5234, valid_pr-0.6921
epoch-28, train_loss-0.5507, train_rmse-0.7421, valid_rmse-1.3404, valid_pr-0.6974
epoch-29, train_loss-0.5453, train_rmse-0.7384, valid_rmse-1.3802, valid_pr-0.7062
epoch-30, train_loss-0.5313, train_rmse-0.7289, valid_rmse-1.4454, valid_pr-0.6540
epoch-31, train_loss-0.5081, train_rmse-0.7128, valid_rmse-1.4199, valid_pr-0.7097
epoch-32, train_loss-0.4890, train_rmse-0.6993, valid_rmse-1.4034, valid_pr-0.6709
epoch-33, train_loss-0.4518, train_rmse-0.6722, valid_rmse-1.5415, valid_pr-0.6758
epoch-34, train_loss-0.4655, train_rmse-0.6822, valid_rmse-1.3712, valid_pr-0.7053
epoch-35, train_loss-0.4780, train_rmse-0.6914, valid_rmse-1.4829, valid_pr-0.6415
epoch-36, train_loss-0.4591, train_rmse-0.6776, valid_rmse-1.3944, valid_pr-0.7059
epoch-37, train_loss-0.4369, train_rmse-0.6610, valid_rmse-1.3606, valid_pr-0.7007
epoch-38, train_loss-0.4242, train_rmse-0.6513, valid_rmse-1.4385, valid_pr-0.6967
epoch-39, train_loss-0.3997, train_rmse-0.6322, valid_rmse-1.3449, valid_pr-0.7086
epoch-40, train_loss-0.3991, train_rmse-0.6317, valid_rmse-1.4007, valid_pr-0.7149
epoch-41, train_loss-0.3727, train_rmse-0.6105, valid_rmse-1.3675, valid_pr-0.7110
epoch-42, train_loss-0.3777, train_rmse-0.6146, valid_rmse-1.3763, valid_pr-0.7228
epoch-43, train_loss-0.4069, train_rmse-0.6379, valid_rmse-1.3549, valid_pr-0.6977
epoch-44, train_loss-0.3995, train_rmse-0.6321, valid_rmse-1.3403, valid_pr-0.7113
epoch-45, train_loss-0.3785, train_rmse-0.6152, valid_rmse-1.3171, valid_pr-0.7175
Validation : valid_rmse-1.3171, valid_pr-0.7175, 
test2013_rmse-1.4010, test2013_pr-0.8023, test2016_rmse-1.2338, test2016_pr-0.8242, test2019_rmse-1.4417, test2019_pr-0.6280
epoch-46, train_loss-0.3670, train_rmse-0.6058, valid_rmse-1.3079, valid_pr-0.7163
Validation : valid_rmse-1.3079, valid_pr-0.7163, 
test2013_rmse-1.4485, test2013_pr-0.7915, test2016_rmse-1.2590, test2016_pr-0.8185, test2019_rmse-1.4185, test2019_pr-0.6316
epoch-47, train_loss-0.3827, train_rmse-0.6186, valid_rmse-1.3108, valid_pr-0.7147
epoch-48, train_loss-0.3733, train_rmse-0.6110, valid_rmse-1.3516, valid_pr-0.7158
epoch-49, train_loss-0.3473, train_rmse-0.5894, valid_rmse-1.3328, valid_pr-0.7110
epoch-50, train_loss-0.3318, train_rmse-0.5761, valid_rmse-1.3663, valid_pr-0.7111
epoch-51, train_loss-0.3460, train_rmse-0.5882, valid_rmse-1.3371, valid_pr-0.7071
epoch-52, train_loss-0.3317, train_rmse-0.5759, valid_rmse-1.3415, valid_pr-0.6995
epoch-53, train_loss-0.3257, train_rmse-0.5707, valid_rmse-1.3221, valid_pr-0.7085
epoch-54, train_loss-0.3426, train_rmse-0.5853, valid_rmse-1.3084, valid_pr-0.7168
epoch-55, train_loss-0.3590, train_rmse-0.5992, valid_rmse-1.3695, valid_pr-0.7006
epoch-56, train_loss-0.3410, train_rmse-0.5839, valid_rmse-1.3599, valid_pr-0.7094
epoch-57, train_loss-0.3178, train_rmse-0.5637, valid_rmse-1.3249, valid_pr-0.7028
epoch-58, train_loss-0.3137, train_rmse-0.5601, valid_rmse-1.4545, valid_pr-0.6681
epoch-59, train_loss-0.2992, train_rmse-0.5470, valid_rmse-1.3249, valid_pr-0.7047
epoch-60, train_loss-0.2905, train_rmse-0.5389, valid_rmse-1.3004, valid_pr-0.7238
Validation : valid_rmse-1.3004, valid_pr-0.7238, 
test2013_rmse-1.3720, test2013_pr-0.8134, test2016_rmse-1.1989, test2016_pr-0.8352, test2019_rmse-1.4192, test2019_pr-0.6369
epoch-61, train_loss-0.3092, train_rmse-0.5561, valid_rmse-1.3265, valid_pr-0.7145
epoch-62, train_loss-0.2931, train_rmse-0.5414, valid_rmse-1.3061, valid_pr-0.7201
epoch-63, train_loss-0.3121, train_rmse-0.5587, valid_rmse-1.3565, valid_pr-0.7088
epoch-64, train_loss-0.2913, train_rmse-0.5397, valid_rmse-1.2835, valid_pr-0.7353
Validation : valid_rmse-1.2835, valid_pr-0.7353, 
test2013_rmse-1.3398, test2013_pr-0.8243, test2016_rmse-1.1895, test2016_pr-0.8393, test2019_rmse-1.4176, test2019_pr-0.6418
epoch-65, train_loss-0.3024, train_rmse-0.5499, valid_rmse-1.3433, valid_pr-0.7090
epoch-66, train_loss-0.3024, train_rmse-0.5499, valid_rmse-1.2954, valid_pr-0.7324
epoch-67, train_loss-0.3027, train_rmse-0.5502, valid_rmse-1.3183, valid_pr-0.7218
epoch-68, train_loss-0.2852, train_rmse-0.5340, valid_rmse-1.3124, valid_pr-0.7306
epoch-69, train_loss-0.3074, train_rmse-0.5544, valid_rmse-1.3145, valid_pr-0.7121
epoch-70, train_loss-0.2973, train_rmse-0.5453, valid_rmse-1.2890, valid_pr-0.7209
epoch-71, train_loss-0.2935, train_rmse-0.5417, valid_rmse-1.3672, valid_pr-0.7262
epoch-72, train_loss-0.2857, train_rmse-0.5345, valid_rmse-1.3066, valid_pr-0.7297
epoch-73, train_loss-0.2693, train_rmse-0.5189, valid_rmse-1.2920, valid_pr-0.7384
epoch-74, train_loss-0.2971, train_rmse-0.5450, valid_rmse-1.2988, valid_pr-0.7218
epoch-75, train_loss-0.2778, train_rmse-0.5271, valid_rmse-1.3422, valid_pr-0.7278
epoch-76, train_loss-0.2873, train_rmse-0.5360, valid_rmse-1.3141, valid_pr-0.7093
epoch-77, train_loss-0.3053, train_rmse-0.5526, valid_rmse-1.3577, valid_pr-0.7036
epoch-78, train_loss-0.2996, train_rmse-0.5474, valid_rmse-1.3130, valid_pr-0.7298
epoch-79, train_loss-0.2959, train_rmse-0.5440, valid_rmse-1.2786, valid_pr-0.7275
Validation : valid_rmse-1.2786, valid_pr-0.7275, 
test2013_rmse-1.4073, test2013_pr-0.8065, test2016_rmse-1.1902, test2016_pr-0.8406, test2019_rmse-1.3968, test2019_pr-0.6433
epoch-80, train_loss-0.2804, train_rmse-0.5295, valid_rmse-1.2822, valid_pr-0.7283
epoch-81, train_loss-0.2698, train_rmse-0.5194, valid_rmse-1.2975, valid_pr-0.7339
epoch-82, train_loss-0.2800, train_rmse-0.5291, valid_rmse-1.2795, valid_pr-0.7309
epoch-83, train_loss-0.2689, train_rmse-0.5185, valid_rmse-1.3150, valid_pr-0.7098
epoch-84, train_loss-0.2504, train_rmse-0.5004, valid_rmse-1.3011, valid_pr-0.7217
epoch-85, train_loss-0.2557, train_rmse-0.5056, valid_rmse-1.2799, valid_pr-0.7286
epoch-86, train_loss-0.2700, train_rmse-0.5196, valid_rmse-1.3194, valid_pr-0.7217
epoch-87, train_loss-0.2470, train_rmse-0.4969, valid_rmse-1.3077, valid_pr-0.7249
epoch-88, train_loss-0.2498, train_rmse-0.4998, valid_rmse-1.2858, valid_pr-0.7230
epoch-89, train_loss-0.2518, train_rmse-0.5018, valid_rmse-1.2967, valid_pr-0.7131
epoch-90, train_loss-0.2345, train_rmse-0.4842, valid_rmse-1.2959, valid_pr-0.7278
epoch-91, train_loss-0.2444, train_rmse-0.4944, valid_rmse-1.2518, valid_pr-0.7403
Validation : valid_rmse-1.2518, valid_pr-0.7403, 
test2013_rmse-1.3959, test2013_pr-0.8079, test2016_rmse-1.1891, test2016_pr-0.8409, test2019_rmse-1.3925, test2019_pr-0.6473
epoch-92, train_loss-0.2454, train_rmse-0.4953, valid_rmse-1.2986, valid_pr-0.7296
epoch-93, train_loss-0.2315, train_rmse-0.4812, valid_rmse-1.2648, valid_pr-0.7413
epoch-94, train_loss-0.2481, train_rmse-0.4981, valid_rmse-1.2720, valid_pr-0.7360
epoch-95, train_loss-0.2255, train_rmse-0.4749, valid_rmse-1.2893, valid_pr-0.7343
epoch-96, train_loss-0.2275, train_rmse-0.4769, valid_rmse-1.2785, valid_pr-0.7327
epoch-97, train_loss-0.2351, train_rmse-0.4849, valid_rmse-1.3058, valid_pr-0.7373
epoch-98, train_loss-0.2121, train_rmse-0.4605, valid_rmse-1.2640, valid_pr-0.7387
epoch-99, train_loss-0.2362, train_rmse-0.4860, valid_rmse-1.2723, valid_pr-0.7313
epoch-100, train_loss-0.2322, train_rmse-0.4819, valid_rmse-1.2694, valid_pr-0.7271
epoch-101, train_loss-0.2172, train_rmse-0.4661, valid_rmse-1.2893, valid_pr-0.7318
epoch-102, train_loss-0.2302, train_rmse-0.4798, valid_rmse-1.2739, valid_pr-0.7343
epoch-103, train_loss-0.2151, train_rmse-0.4638, valid_rmse-1.2891, valid_pr-0.7244
epoch-104, train_loss-0.2161, train_rmse-0.4649, valid_rmse-1.2685, valid_pr-0.7350
epoch-105, train_loss-0.2228, train_rmse-0.4720, valid_rmse-1.2508, valid_pr-0.7420
Validation : valid_rmse-1.2508, valid_pr-0.7420, 
test2013_rmse-1.3643, test2013_pr-0.8220, test2016_rmse-1.2061, test2016_pr-0.8371, test2019_rmse-1.3822, test2019_pr-0.6502
epoch-106, train_loss-0.2206, train_rmse-0.4697, valid_rmse-1.2736, valid_pr-0.7369
epoch-107, train_loss-0.2151, train_rmse-0.4638, valid_rmse-1.2536, valid_pr-0.7387
epoch-108, train_loss-0.2192, train_rmse-0.4682, valid_rmse-1.2833, valid_pr-0.7395
epoch-109, train_loss-0.2045, train_rmse-0.4522, valid_rmse-1.2714, valid_pr-0.7333
epoch-110, train_loss-0.2164, train_rmse-0.4652, valid_rmse-1.2660, valid_pr-0.7342
epoch-111, train_loss-0.2213, train_rmse-0.4705, valid_rmse-1.2534, valid_pr-0.7423
epoch-112, train_loss-0.2171, train_rmse-0.4659, valid_rmse-1.2825, valid_pr-0.7401
epoch-113, train_loss-0.2080, train_rmse-0.4561, valid_rmse-1.2670, valid_pr-0.7322
epoch-114, train_loss-0.2193, train_rmse-0.4683, valid_rmse-1.3206, valid_pr-0.7322
epoch-115, train_loss-0.2064, train_rmse-0.4544, valid_rmse-1.2818, valid_pr-0.7269
epoch-116, train_loss-0.2099, train_rmse-0.4582, valid_rmse-1.2845, valid_pr-0.7250
epoch-117, train_loss-0.2096, train_rmse-0.4578, valid_rmse-1.2873, valid_pr-0.7329
epoch-118, train_loss-0.2087, train_rmse-0.4568, valid_rmse-1.2674, valid_pr-0.7389
epoch-119, train_loss-0.2111, train_rmse-0.4595, valid_rmse-1.2496, valid_pr-0.7418
Validation : valid_rmse-1.2496, valid_pr-0.7418, 
test2013_rmse-1.3619, test2013_pr-0.8181, test2016_rmse-1.1705, test2016_pr-0.8454, test2019_rmse-1.3773, test2019_pr-0.6534
epoch-120, train_loss-0.2189, train_rmse-0.4678, valid_rmse-1.2627, valid_pr-0.7358
epoch-121, train_loss-0.2045, train_rmse-0.4523, valid_rmse-1.2920, valid_pr-0.7284
epoch-122, train_loss-0.2124, train_rmse-0.4609, valid_rmse-1.2554, valid_pr-0.7403
epoch-123, train_loss-0.2202, train_rmse-0.4693, valid_rmse-1.2610, valid_pr-0.7365
epoch-124, train_loss-0.2098, train_rmse-0.4580, valid_rmse-1.2617, valid_pr-0.7356
epoch-125, train_loss-0.2008, train_rmse-0.4481, valid_rmse-1.2884, valid_pr-0.7394
epoch-126, train_loss-0.1996, train_rmse-0.4468, valid_rmse-1.2707, valid_pr-0.7392
epoch-127, train_loss-0.1996, train_rmse-0.4468, valid_rmse-1.2701, valid_pr-0.7363
epoch-128, train_loss-0.1956, train_rmse-0.4422, valid_rmse-1.2498, valid_pr-0.7457
epoch-129, train_loss-0.1879, train_rmse-0.4335, valid_rmse-1.2375, valid_pr-0.7457
Validation : valid_rmse-1.2375, valid_pr-0.7457, 
test2013_rmse-1.3623, test2013_pr-0.8215, test2016_rmse-1.1546, test2016_pr-0.8528, test2019_rmse-1.3775, test2019_pr-0.6519
epoch-130, train_loss-0.1840, train_rmse-0.4289, valid_rmse-1.2323, valid_pr-0.7461
Validation : valid_rmse-1.2323, valid_pr-0.7461, 
test2013_rmse-1.3559, test2013_pr-0.8311, test2016_rmse-1.1767, test2016_pr-0.8505, test2019_rmse-1.3765, test2019_pr-0.6470
epoch-131, train_loss-0.1966, train_rmse-0.4434, valid_rmse-1.2526, valid_pr-0.7484
epoch-132, train_loss-0.1964, train_rmse-0.4432, valid_rmse-1.3016, valid_pr-0.7153
epoch-133, train_loss-0.1934, train_rmse-0.4398, valid_rmse-1.2612, valid_pr-0.7412
epoch-134, train_loss-0.1915, train_rmse-0.4376, valid_rmse-1.2665, valid_pr-0.7371
epoch-135, train_loss-0.1843, train_rmse-0.4294, valid_rmse-1.2670, valid_pr-0.7415
epoch-136, train_loss-0.2033, train_rmse-0.4509, valid_rmse-1.2455, valid_pr-0.7440
epoch-137, train_loss-0.1964, train_rmse-0.4432, valid_rmse-1.2417, valid_pr-0.7450
epoch-138, train_loss-0.2116, train_rmse-0.4600, valid_rmse-1.3280, valid_pr-0.7241
epoch-139, train_loss-0.1796, train_rmse-0.4238, valid_rmse-1.2359, valid_pr-0.7440
epoch-140, train_loss-0.1967, train_rmse-0.4435, valid_rmse-1.2373, valid_pr-0.7442
epoch-141, train_loss-0.1811, train_rmse-0.4256, valid_rmse-1.2525, valid_pr-0.7380
epoch-142, train_loss-0.1898, train_rmse-0.4357, valid_rmse-1.2701, valid_pr-0.7348
epoch-143, train_loss-0.1854, train_rmse-0.4306, valid_rmse-1.2494, valid_pr-0.7413
epoch-144, train_loss-0.1881, train_rmse-0.4337, valid_rmse-1.2920, valid_pr-0.7330
epoch-145, train_loss-0.1724, train_rmse-0.4152, valid_rmse-1.2670, valid_pr-0.7351
epoch-146, train_loss-0.1881, train_rmse-0.4337, valid_rmse-1.2591, valid_pr-0.7436
epoch-147, train_loss-0.1847, train_rmse-0.4297, valid_rmse-1.3037, valid_pr-0.7219
epoch-148, train_loss-0.1961, train_rmse-0.4428, valid_rmse-1.2873, valid_pr-0.7362
epoch-149, train_loss-0.1861, train_rmse-0.4313, valid_rmse-1.2566, valid_pr-0.7404
epoch-150, train_loss-0.1739, train_rmse-0.4170, valid_rmse-1.2374, valid_pr-0.7476
epoch-151, train_loss-0.1815, train_rmse-0.4260, valid_rmse-1.2434, valid_pr-0.7399
epoch-152, train_loss-0.2010, train_rmse-0.4483, valid_rmse-1.2437, valid_pr-0.7439
epoch-153, train_loss-0.1791, train_rmse-0.4232, valid_rmse-1.2427, valid_pr-0.7498
epoch-154, train_loss-0.1753, train_rmse-0.4187, valid_rmse-1.2463, valid_pr-0.7509
epoch-155, train_loss-0.1899, train_rmse-0.4357, valid_rmse-1.2355, valid_pr-0.7444
epoch-156, train_loss-0.1784, train_rmse-0.4223, valid_rmse-1.2573, valid_pr-0.7392
epoch-157, train_loss-0.1748, train_rmse-0.4181, valid_rmse-1.3225, valid_pr-0.7421
epoch-158, train_loss-0.1702, train_rmse-0.4125, valid_rmse-1.2342, valid_pr-0.7452
epoch-159, train_loss-0.1850, train_rmse-0.4301, valid_rmse-1.2399, valid_pr-0.7451
epoch-160, train_loss-0.1774, train_rmse-0.4212, valid_rmse-1.2366, valid_pr-0.7442
epoch-161, train_loss-0.1780, train_rmse-0.4219, valid_rmse-1.2500, valid_pr-0.7423
epoch-162, train_loss-0.1759, train_rmse-0.4195, valid_rmse-1.2435, valid_pr-0.7430
epoch-163, train_loss-0.1718, train_rmse-0.4145, valid_rmse-1.2310, valid_pr-0.7467
Validation : valid_rmse-1.2310, valid_pr-0.7467, 
test2013_rmse-1.3765, test2013_pr-0.8212, test2016_rmse-1.1780, test2016_pr-0.8491, test2019_rmse-1.3583, test2019_pr-0.6555
epoch-164, train_loss-0.1675, train_rmse-0.4092, valid_rmse-1.2595, valid_pr-0.7439
epoch-165, train_loss-0.1710, train_rmse-0.4135, valid_rmse-1.2269, valid_pr-0.7503
Validation : valid_rmse-1.2269, valid_pr-0.7503, 
test2013_rmse-1.3287, test2013_pr-0.8395, test2016_rmse-1.1608, test2016_pr-0.8567, test2019_rmse-1.3551, test2019_pr-0.6611
epoch-166, train_loss-0.1733, train_rmse-0.4163, valid_rmse-1.2597, valid_pr-0.7452
epoch-167, train_loss-0.1609, train_rmse-0.4011, valid_rmse-1.2429, valid_pr-0.7427
epoch-168, train_loss-0.1643, train_rmse-0.4053, valid_rmse-1.2440, valid_pr-0.7457
epoch-169, train_loss-0.1604, train_rmse-0.4005, valid_rmse-1.2374, valid_pr-0.7445
epoch-170, train_loss-0.1644, train_rmse-0.4055, valid_rmse-1.2321, valid_pr-0.7545
epoch-171, train_loss-0.1728, train_rmse-0.4157, valid_rmse-1.2582, valid_pr-0.7475
epoch-172, train_loss-0.1758, train_rmse-0.4193, valid_rmse-1.2426, valid_pr-0.7439
epoch-173, train_loss-0.1796, train_rmse-0.4238, valid_rmse-1.2452, valid_pr-0.7478
epoch-174, train_loss-0.1677, train_rmse-0.4095, valid_rmse-1.2451, valid_pr-0.7408
epoch-175, train_loss-0.1697, train_rmse-0.4119, valid_rmse-1.2317, valid_pr-0.7460
epoch-176, train_loss-0.1717, train_rmse-0.4144, valid_rmse-1.2375, valid_pr-0.7496
epoch-177, train_loss-0.1661, train_rmse-0.4076, valid_rmse-1.2376, valid_pr-0.7462
epoch-178, train_loss-0.1648, train_rmse-0.4059, valid_rmse-1.2339, valid_pr-0.7489
epoch-179, train_loss-0.1550, train_rmse-0.3936, valid_rmse-1.2614, valid_pr-0.7493
epoch-180, train_loss-0.1647, train_rmse-0.4059, valid_rmse-1.2544, valid_pr-0.7491
epoch-181, train_loss-0.1612, train_rmse-0.4015, valid_rmse-1.2318, valid_pr-0.7479
epoch-182, train_loss-0.1717, train_rmse-0.4143, valid_rmse-1.2304, valid_pr-0.7490
epoch-183, train_loss-0.1635, train_rmse-0.4044, valid_rmse-1.2270, valid_pr-0.7503
epoch-184, train_loss-0.1643, train_rmse-0.4054, valid_rmse-1.2383, valid_pr-0.7537
epoch-185, train_loss-0.1749, train_rmse-0.4183, valid_rmse-1.2448, valid_pr-0.7465
epoch-186, train_loss-0.1733, train_rmse-0.4163, valid_rmse-1.2380, valid_pr-0.7546
epoch-187, train_loss-0.1691, train_rmse-0.4112, valid_rmse-1.2170, valid_pr-0.7537
Validation : valid_rmse-1.2170, valid_pr-0.7537, 
test2013_rmse-1.3583, test2013_pr-0.8273, test2016_rmse-1.1723, test2016_pr-0.8482, test2019_rmse-1.3543, test2019_pr-0.6606
epoch-188, train_loss-0.1541, train_rmse-0.3925, valid_rmse-1.2385, valid_pr-0.7456
epoch-189, train_loss-0.1613, train_rmse-0.4016, valid_rmse-1.2280, valid_pr-0.7515
epoch-190, train_loss-0.1515, train_rmse-0.3892, valid_rmse-1.2339, valid_pr-0.7495
epoch-191, train_loss-0.1583, train_rmse-0.3979, valid_rmse-1.2228, valid_pr-0.7531
epoch-192, train_loss-0.1643, train_rmse-0.4054, valid_rmse-1.2412, valid_pr-0.7426
epoch-193, train_loss-0.1609, train_rmse-0.4011, valid_rmse-1.2350, valid_pr-0.7465
epoch-194, train_loss-0.1610, train_rmse-0.4013, valid_rmse-1.2272, valid_pr-0.7496
epoch-195, train_loss-0.1528, train_rmse-0.3909, valid_rmse-1.2434, valid_pr-0.7483
epoch-196, train_loss-0.1688, train_rmse-0.4108, valid_rmse-1.2519, valid_pr-0.7442
epoch-197, train_loss-0.1636, train_rmse-0.4044, valid_rmse-1.2320, valid_pr-0.7502
epoch-198, train_loss-0.1567, train_rmse-0.3958, valid_rmse-1.2262, valid_pr-0.7495
epoch-199, train_loss-0.1507, train_rmse-0.3882, valid_rmse-1.2491, valid_pr-0.7482
epoch-200, train_loss-0.1630, train_rmse-0.4038, valid_rmse-1.2325, valid_pr-0.7478
epoch-201, train_loss-0.1592, train_rmse-0.3989, valid_rmse-1.2344, valid_pr-0.7523
epoch-202, train_loss-0.1565, train_rmse-0.3956, valid_rmse-1.2272, valid_pr-0.7528
epoch-203, train_loss-0.1540, train_rmse-0.3925, valid_rmse-1.2140, valid_pr-0.7543
Validation : valid_rmse-1.2140, valid_pr-0.7543, 
test2013_rmse-1.3418, test2013_pr-0.8346, test2016_rmse-1.1670, test2016_pr-0.8523, test2019_rmse-1.3615, test2019_pr-0.6548
epoch-204, train_loss-0.1653, train_rmse-0.4066, valid_rmse-1.2260, valid_pr-0.7507
epoch-205, train_loss-0.1606, train_rmse-0.4008, valid_rmse-1.2260, valid_pr-0.7485
epoch-206, train_loss-0.1480, train_rmse-0.3847, valid_rmse-1.2323, valid_pr-0.7454
epoch-207, train_loss-0.1561, train_rmse-0.3951, valid_rmse-1.2385, valid_pr-0.7443
epoch-208, train_loss-0.1417, train_rmse-0.3764, valid_rmse-1.2259, valid_pr-0.7483
epoch-209, train_loss-0.1512, train_rmse-0.3888, valid_rmse-1.2284, valid_pr-0.7479
epoch-210, train_loss-0.1541, train_rmse-0.3926, valid_rmse-1.2239, valid_pr-0.7514
epoch-211, train_loss-0.1417, train_rmse-0.3765, valid_rmse-1.2492, valid_pr-0.7482
epoch-212, train_loss-0.1425, train_rmse-0.3775, valid_rmse-1.2217, valid_pr-0.7528
epoch-213, train_loss-0.1561, train_rmse-0.3951, valid_rmse-1.2271, valid_pr-0.7515
epoch-214, train_loss-0.1556, train_rmse-0.3945, valid_rmse-1.2231, valid_pr-0.7498
epoch-215, train_loss-0.1524, train_rmse-0.3904, valid_rmse-1.2415, valid_pr-0.7458
epoch-216, train_loss-0.1463, train_rmse-0.3826, valid_rmse-1.2326, valid_pr-0.7472
epoch-217, train_loss-0.1513, train_rmse-0.3889, valid_rmse-1.2317, valid_pr-0.7483
epoch-218, train_loss-0.1590, train_rmse-0.3987, valid_rmse-1.2260, valid_pr-0.7497
epoch-219, train_loss-0.1394, train_rmse-0.3734, valid_rmse-1.2208, valid_pr-0.7539
epoch-220, train_loss-0.1435, train_rmse-0.3788, valid_rmse-1.2190, valid_pr-0.7540
epoch-221, train_loss-0.1436, train_rmse-0.3790, valid_rmse-1.2453, valid_pr-0.7483
epoch-222, train_loss-0.1366, train_rmse-0.3697, valid_rmse-1.2300, valid_pr-0.7485
epoch-223, train_loss-0.1509, train_rmse-0.3885, valid_rmse-1.2160, valid_pr-0.7537
epoch-224, train_loss-0.1433, train_rmse-0.3785, valid_rmse-1.2091, valid_pr-0.7571
Validation : valid_rmse-1.2091, valid_pr-0.7571, 
test2013_rmse-1.3413, test2013_pr-0.8300, test2016_rmse-1.1691, test2016_pr-0.8482, test2019_rmse-1.3486, test2019_pr-0.6614
epoch-225, train_loss-0.1641, train_rmse-0.4051, valid_rmse-1.2133, valid_pr-0.7544
epoch-226, train_loss-0.1471, train_rmse-0.3835, valid_rmse-1.2199, valid_pr-0.7521
epoch-227, train_loss-0.1517, train_rmse-0.3895, valid_rmse-1.2335, valid_pr-0.7478
epoch-228, train_loss-0.1562, train_rmse-0.3952, valid_rmse-1.2192, valid_pr-0.7542
epoch-229, train_loss-0.1519, train_rmse-0.3898, valid_rmse-1.2418, valid_pr-0.7512
epoch-230, train_loss-0.1424, train_rmse-0.3773, valid_rmse-1.2409, valid_pr-0.7465
epoch-231, train_loss-0.1478, train_rmse-0.3845, valid_rmse-1.2159, valid_pr-0.7550
epoch-232, train_loss-0.1386, train_rmse-0.3723, valid_rmse-1.2309, valid_pr-0.7505
epoch-233, train_loss-0.1466, train_rmse-0.3829, valid_rmse-1.2310, valid_pr-0.7503
epoch-234, train_loss-0.1449, train_rmse-0.3807, valid_rmse-1.2203, valid_pr-0.7511
epoch-235, train_loss-0.1473, train_rmse-0.3838, valid_rmse-1.2428, valid_pr-0.7450
epoch-236, train_loss-0.1384, train_rmse-0.3720, valid_rmse-1.2300, valid_pr-0.7487
epoch-237, train_loss-0.1605, train_rmse-0.4006, valid_rmse-1.2471, valid_pr-0.7509
epoch-238, train_loss-0.1477, train_rmse-0.3844, valid_rmse-1.2371, valid_pr-0.7450
epoch-239, train_loss-0.1471, train_rmse-0.3835, valid_rmse-1.2288, valid_pr-0.7528
epoch-240, train_loss-0.1400, train_rmse-0.3741, valid_rmse-1.2238, valid_pr-0.7501
epoch-241, train_loss-0.1454, train_rmse-0.3813, valid_rmse-1.2071, valid_pr-0.7576
Validation : valid_rmse-1.2071, valid_pr-0.7576, 
test2013_rmse-1.3449, test2013_pr-0.8328, test2016_rmse-1.1658, test2016_pr-0.8512, test2019_rmse-1.3466, test2019_pr-0.6631
epoch-242, train_loss-0.1314, train_rmse-0.3625, valid_rmse-1.2295, valid_pr-0.7489
epoch-243, train_loss-0.1526, train_rmse-0.3906, valid_rmse-1.2314, valid_pr-0.7498
epoch-244, train_loss-0.1351, train_rmse-0.3676, valid_rmse-1.2342, valid_pr-0.7538
epoch-245, train_loss-0.1395, train_rmse-0.3735, valid_rmse-1.2302, valid_pr-0.7482
epoch-246, train_loss-0.1387, train_rmse-0.3725, valid_rmse-1.2195, valid_pr-0.7510
epoch-247, train_loss-0.1402, train_rmse-0.3744, valid_rmse-1.2187, valid_pr-0.7542
epoch-248, train_loss-0.1328, train_rmse-0.3644, valid_rmse-1.2131, valid_pr-0.7561
epoch-249, train_loss-0.1336, train_rmse-0.3656, valid_rmse-1.2320, valid_pr-0.7479
epoch-250, train_loss-0.1386, train_rmse-0.3723, valid_rmse-1.2304, valid_pr-0.7477
epoch-251, train_loss-0.1310, train_rmse-0.3620, valid_rmse-1.2325, valid_pr-0.7502
epoch-252, train_loss-0.1326, train_rmse-0.3641, valid_rmse-1.2252, valid_pr-0.7495
epoch-253, train_loss-0.1375, train_rmse-0.3708, valid_rmse-1.2235, valid_pr-0.7563
epoch-254, train_loss-0.1308, train_rmse-0.3616, valid_rmse-1.2200, valid_pr-0.7534
epoch-255, train_loss-0.1326, train_rmse-0.3642, valid_rmse-1.2205, valid_pr-0.7539
epoch-256, train_loss-0.1399, train_rmse-0.3740, valid_rmse-1.2276, valid_pr-0.7474
epoch-257, train_loss-0.1360, train_rmse-0.3687, valid_rmse-1.2163, valid_pr-0.7593
epoch-258, train_loss-0.1422, train_rmse-0.3771, valid_rmse-1.2305, valid_pr-0.7496
epoch-259, train_loss-0.1524, train_rmse-0.3903, valid_rmse-1.2206, valid_pr-0.7568
epoch-260, train_loss-0.1400, train_rmse-0.3741, valid_rmse-1.2356, valid_pr-0.7557
epoch-261, train_loss-0.1336, train_rmse-0.3655, valid_rmse-1.2273, valid_pr-0.7522
epoch-262, train_loss-0.1373, train_rmse-0.3705, valid_rmse-1.2104, valid_pr-0.7567
epoch-263, train_loss-0.1364, train_rmse-0.3693, valid_rmse-1.2024, valid_pr-0.7604
Validation : valid_rmse-1.2024, valid_pr-0.7604, 
test2013_rmse-1.3408, test2013_pr-0.8352, test2016_rmse-1.1473, test2016_pr-0.8587, test2019_rmse-1.3495, test2019_pr-0.6630
epoch-264, train_loss-0.1414, train_rmse-0.3760, valid_rmse-1.2044, valid_pr-0.7604
epoch-265, train_loss-0.1349, train_rmse-0.3673, valid_rmse-1.2173, valid_pr-0.7557
epoch-266, train_loss-0.1396, train_rmse-0.3737, valid_rmse-1.2255, valid_pr-0.7528
epoch-267, train_loss-0.1335, train_rmse-0.3654, valid_rmse-1.2099, valid_pr-0.7562
epoch-268, train_loss-0.1280, train_rmse-0.3578, valid_rmse-1.2195, valid_pr-0.7532
epoch-269, train_loss-0.1344, train_rmse-0.3667, valid_rmse-1.2361, valid_pr-0.7458
epoch-270, train_loss-0.1346, train_rmse-0.3669, valid_rmse-1.2113, valid_pr-0.7565
epoch-271, train_loss-0.1378, train_rmse-0.3712, valid_rmse-1.2218, valid_pr-0.7549
epoch-272, train_loss-0.1344, train_rmse-0.3666, valid_rmse-1.2146, valid_pr-0.7560
epoch-273, train_loss-0.1237, train_rmse-0.3517, valid_rmse-1.2242, valid_pr-0.7526
epoch-274, train_loss-0.1236, train_rmse-0.3516, valid_rmse-1.2276, valid_pr-0.7507
epoch-275, train_loss-0.1390, train_rmse-0.3728, valid_rmse-1.2253, valid_pr-0.7530
epoch-276, train_loss-0.1339, train_rmse-0.3659, valid_rmse-1.2391, valid_pr-0.7525
epoch-277, train_loss-0.1272, train_rmse-0.3567, valid_rmse-1.2276, valid_pr-0.7511
epoch-278, train_loss-0.1326, train_rmse-0.3642, valid_rmse-1.1997, valid_pr-0.7624
Validation : valid_rmse-1.1997, valid_pr-0.7624, 
test2013_rmse-1.3460, test2013_pr-0.8337, test2016_rmse-1.1414, test2016_pr-0.8587, test2019_rmse-1.3565, test2019_pr-0.6639
epoch-279, train_loss-0.1293, train_rmse-0.3596, valid_rmse-1.2041, valid_pr-0.7605
epoch-280, train_loss-0.1300, train_rmse-0.3605, valid_rmse-1.2134, valid_pr-0.7566
epoch-281, train_loss-0.1179, train_rmse-0.3433, valid_rmse-1.2166, valid_pr-0.7553
epoch-282, train_loss-0.1332, train_rmse-0.3650, valid_rmse-1.2080, valid_pr-0.7581
epoch-283, train_loss-0.1403, train_rmse-0.3745, valid_rmse-1.2264, valid_pr-0.7560
epoch-284, train_loss-0.1250, train_rmse-0.3535, valid_rmse-1.2142, valid_pr-0.7563
epoch-285, train_loss-0.1183, train_rmse-0.3439, valid_rmse-1.2250, valid_pr-0.7510
epoch-286, train_loss-0.1444, train_rmse-0.3800, valid_rmse-1.2199, valid_pr-0.7513
epoch-287, train_loss-0.1326, train_rmse-0.3641, valid_rmse-1.2153, valid_pr-0.7546
epoch-288, train_loss-0.1362, train_rmse-0.3690, valid_rmse-1.2109, valid_pr-0.7575
epoch-289, train_loss-0.1188, train_rmse-0.3447, valid_rmse-1.2170, valid_pr-0.7560
epoch-290, train_loss-0.1299, train_rmse-0.3604, valid_rmse-1.2144, valid_pr-0.7542
epoch-291, train_loss-0.1237, train_rmse-0.3517, valid_rmse-1.2143, valid_pr-0.7571
epoch-292, train_loss-0.1229, train_rmse-0.3505, valid_rmse-1.2296, valid_pr-0.7534
epoch-293, train_loss-0.1340, train_rmse-0.3660, valid_rmse-1.2069, valid_pr-0.7606
epoch-294, train_loss-0.1191, train_rmse-0.3452, valid_rmse-1.2351, valid_pr-0.7559
epoch-295, train_loss-0.1375, train_rmse-0.3708, valid_rmse-1.2338, valid_pr-0.7504
epoch-296, train_loss-0.1265, train_rmse-0.3557, valid_rmse-1.2183, valid_pr-0.7538
epoch-297, train_loss-0.1337, train_rmse-0.3656, valid_rmse-1.2200, valid_pr-0.7576
epoch-298, train_loss-0.1269, train_rmse-0.3563, valid_rmse-1.2146, valid_pr-0.7582
epoch-299, train_loss-0.1126, train_rmse-0.3355, valid_rmse-1.2281, valid_pr-0.7489
epoch-300, train_loss-0.1220, train_rmse-0.3493, valid_rmse-1.2199, valid_pr-0.7573
epoch-301, train_loss-0.1368, train_rmse-0.3698, valid_rmse-1.2102, valid_pr-0.7558
epoch-302, train_loss-0.1188, train_rmse-0.3446, valid_rmse-1.2148, valid_pr-0.7552
epoch-303, train_loss-0.1208, train_rmse-0.3476, valid_rmse-1.2234, valid_pr-0.7522
epoch-304, train_loss-0.1256, train_rmse-0.3544, valid_rmse-1.2152, valid_pr-0.7556
epoch-305, train_loss-0.1204, train_rmse-0.3469, valid_rmse-1.2213, valid_pr-0.7541
epoch-306, train_loss-0.1218, train_rmse-0.3490, valid_rmse-1.2115, valid_pr-0.7562
epoch-307, train_loss-0.1253, train_rmse-0.3540, valid_rmse-1.2130, valid_pr-0.7568
epoch-308, train_loss-0.1219, train_rmse-0.3492, valid_rmse-1.2204, valid_pr-0.7556
epoch-309, train_loss-0.1261, train_rmse-0.3552, valid_rmse-1.2071, valid_pr-0.7590
epoch-310, train_loss-0.1246, train_rmse-0.3530, valid_rmse-1.2139, valid_pr-0.7575
epoch-311, train_loss-0.1230, train_rmse-0.3507, valid_rmse-1.2169, valid_pr-0.7557
epoch-312, train_loss-0.1344, train_rmse-0.3666, valid_rmse-1.2085, valid_pr-0.7582
epoch-313, train_loss-0.1275, train_rmse-0.3571, valid_rmse-1.2075, valid_pr-0.7599
epoch-314, train_loss-0.1297, train_rmse-0.3601, valid_rmse-1.2134, valid_pr-0.7568
epoch-315, train_loss-0.1246, train_rmse-0.3529, valid_rmse-1.2171, valid_pr-0.7533
epoch-316, train_loss-0.1239, train_rmse-0.3519, valid_rmse-1.2180, valid_pr-0.7538
epoch-317, train_loss-0.1197, train_rmse-0.3460, valid_rmse-1.2123, valid_pr-0.7552
epoch-318, train_loss-0.1264, train_rmse-0.3556, valid_rmse-1.2107, valid_pr-0.7561
epoch-319, train_loss-0.1184, train_rmse-0.3441, valid_rmse-1.2067, valid_pr-0.7571
epoch-320, train_loss-0.1214, train_rmse-0.3485, valid_rmse-1.2254, valid_pr-0.7572
epoch-321, train_loss-0.1349, train_rmse-0.3673, valid_rmse-1.1980, valid_pr-0.7610
Validation : valid_rmse-1.1980, valid_pr-0.7610, 
test2013_rmse-1.4033, test2013_pr-0.8168, test2016_rmse-1.1968, test2016_pr-0.8481, test2019_rmse-1.3397, test2019_pr-0.6630
epoch-322, train_loss-0.1239, train_rmse-0.3521, valid_rmse-1.2104, valid_pr-0.7568
epoch-323, train_loss-0.1113, train_rmse-0.3337, valid_rmse-1.2100, valid_pr-0.7557
epoch-324, train_loss-0.1115, train_rmse-0.3339, valid_rmse-1.2079, valid_pr-0.7600
epoch-325, train_loss-0.1234, train_rmse-0.3513, valid_rmse-1.2121, valid_pr-0.7569
epoch-326, train_loss-0.1267, train_rmse-0.3559, valid_rmse-1.2194, valid_pr-0.7522
epoch-327, train_loss-0.1194, train_rmse-0.3455, valid_rmse-1.2224, valid_pr-0.7527
epoch-328, train_loss-0.1221, train_rmse-0.3494, valid_rmse-1.2162, valid_pr-0.7551
epoch-329, train_loss-0.1146, train_rmse-0.3385, valid_rmse-1.2028, valid_pr-0.7589
epoch-330, train_loss-0.1209, train_rmse-0.3478, valid_rmse-1.2176, valid_pr-0.7574
epoch-331, train_loss-0.1225, train_rmse-0.3500, valid_rmse-1.2074, valid_pr-0.7577
epoch-332, train_loss-0.1247, train_rmse-0.3532, valid_rmse-1.2195, valid_pr-0.7514
epoch-333, train_loss-0.1182, train_rmse-0.3438, valid_rmse-1.2143, valid_pr-0.7549
epoch-334, train_loss-0.1135, train_rmse-0.3370, valid_rmse-1.2160, valid_pr-0.7546
epoch-335, train_loss-0.1240, train_rmse-0.3521, valid_rmse-1.2130, valid_pr-0.7545
epoch-336, train_loss-0.1219, train_rmse-0.3491, valid_rmse-1.2070, valid_pr-0.7568
epoch-337, train_loss-0.1185, train_rmse-0.3443, valid_rmse-1.2105, valid_pr-0.7581
epoch-338, train_loss-0.1166, train_rmse-0.3415, valid_rmse-1.2229, valid_pr-0.7493
epoch-339, train_loss-0.1288, train_rmse-0.3589, valid_rmse-1.2255, valid_pr-0.7512
epoch-340, train_loss-0.1083, train_rmse-0.3291, valid_rmse-1.2141, valid_pr-0.7547
epoch-341, train_loss-0.1169, train_rmse-0.3419, valid_rmse-1.2045, valid_pr-0.7590
epoch-342, train_loss-0.1161, train_rmse-0.3407, valid_rmse-1.2314, valid_pr-0.7496
epoch-343, train_loss-0.1080, train_rmse-0.3287, valid_rmse-1.2269, valid_pr-0.7530
epoch-344, train_loss-0.1187, train_rmse-0.3445, valid_rmse-1.2140, valid_pr-0.7537
epoch-345, train_loss-0.1114, train_rmse-0.3338, valid_rmse-1.2164, valid_pr-0.7538
epoch-346, train_loss-0.1054, train_rmse-0.3247, valid_rmse-1.2182, valid_pr-0.7537
epoch-347, train_loss-0.1124, train_rmse-0.3352, valid_rmse-1.2163, valid_pr-0.7537
epoch-348, train_loss-0.1297, train_rmse-0.3601, valid_rmse-1.2273, valid_pr-0.7509
epoch-349, train_loss-0.1178, train_rmse-0.3432, valid_rmse-1.2240, valid_pr-0.7528
epoch-350, train_loss-0.1276, train_rmse-0.3572, valid_rmse-1.2097, valid_pr-0.7570
epoch-351, train_loss-0.1246, train_rmse-0.3529, valid_rmse-1.2073, valid_pr-0.7578
epoch-352, train_loss-0.1169, train_rmse-0.3419, valid_rmse-1.2201, valid_pr-0.7588
epoch-353, train_loss-0.1206, train_rmse-0.3473, valid_rmse-1.2064, valid_pr-0.7590
epoch-354, train_loss-0.1084, train_rmse-0.3292, valid_rmse-1.2188, valid_pr-0.7536
epoch-355, train_loss-0.1198, train_rmse-0.3461, valid_rmse-1.2342, valid_pr-0.7530
epoch-356, train_loss-0.1154, train_rmse-0.3397, valid_rmse-1.2112, valid_pr-0.7552
epoch-357, train_loss-0.1103, train_rmse-0.3321, valid_rmse-1.2116, valid_pr-0.7567
epoch-358, train_loss-0.1283, train_rmse-0.3581, valid_rmse-1.2107, valid_pr-0.7584
epoch-359, train_loss-0.1251, train_rmse-0.3537, valid_rmse-1.2323, valid_pr-0.7539
epoch-360, train_loss-0.1256, train_rmse-0.3544, valid_rmse-1.2177, valid_pr-0.7549
epoch-361, train_loss-0.1194, train_rmse-0.3455, valid_rmse-1.2132, valid_pr-0.7565
epoch-362, train_loss-0.1269, train_rmse-0.3562, valid_rmse-1.2388, valid_pr-0.7564
epoch-363, train_loss-0.1098, train_rmse-0.3313, valid_rmse-1.2025, valid_pr-0.7596
epoch-364, train_loss-0.1191, train_rmse-0.3452, valid_rmse-1.2203, valid_pr-0.7516
epoch-365, train_loss-0.1057, train_rmse-0.3251, valid_rmse-1.2164, valid_pr-0.7594
epoch-366, train_loss-0.1346, train_rmse-0.3669, valid_rmse-1.1993, valid_pr-0.7612
epoch-367, train_loss-0.1157, train_rmse-0.3401, valid_rmse-1.2015, valid_pr-0.7603
epoch-368, train_loss-0.1062, train_rmse-0.3259, valid_rmse-1.2139, valid_pr-0.7544
epoch-369, train_loss-0.1110, train_rmse-0.3331, valid_rmse-1.2044, valid_pr-0.7591
epoch-370, train_loss-0.1111, train_rmse-0.3333, valid_rmse-1.2056, valid_pr-0.7588
epoch-371, train_loss-0.1047, train_rmse-0.3236, valid_rmse-1.2106, valid_pr-0.7566
epoch-372, train_loss-0.1294, train_rmse-0.3597, valid_rmse-1.2096, valid_pr-0.7561
epoch-373, train_loss-0.1074, train_rmse-0.3277, valid_rmse-1.2165, valid_pr-0.7538
epoch-374, train_loss-0.1079, train_rmse-0.3284, valid_rmse-1.2056, valid_pr-0.7601
epoch-375, train_loss-0.1120, train_rmse-0.3347, valid_rmse-1.1967, valid_pr-0.7623
Validation : valid_rmse-1.1967, valid_pr-0.7623, 
test2013_rmse-1.3789, test2013_pr-0.8270, test2016_rmse-1.1720, test2016_pr-0.8571, test2019_rmse-1.3232, test2019_pr-0.6730
epoch-376, train_loss-0.0883, train_rmse-0.2972, valid_rmse-1.2058, valid_pr-0.7594
epoch-377, train_loss-0.0931, train_rmse-0.3051, valid_rmse-1.2050, valid_pr-0.7587
epoch-378, train_loss-0.0958, train_rmse-0.3095, valid_rmse-1.2007, valid_pr-0.7614
epoch-379, train_loss-0.0988, train_rmse-0.3143, valid_rmse-1.2045, valid_pr-0.7595
epoch-380, train_loss-0.0965, train_rmse-0.3106, valid_rmse-1.2056, valid_pr-0.7582
epoch-381, train_loss-0.0953, train_rmse-0.3087, valid_rmse-1.2048, valid_pr-0.7580
epoch-382, train_loss-0.0957, train_rmse-0.3094, valid_rmse-1.1982, valid_pr-0.7612
epoch-383, train_loss-0.0931, train_rmse-0.3052, valid_rmse-1.2011, valid_pr-0.7605
epoch-384, train_loss-0.0980, train_rmse-0.3130, valid_rmse-1.2014, valid_pr-0.7609
epoch-385, train_loss-0.0918, train_rmse-0.3029, valid_rmse-1.1977, valid_pr-0.7629
epoch-386, train_loss-0.0867, train_rmse-0.2944, valid_rmse-1.2018, valid_pr-0.7606
epoch-387, train_loss-0.0966, train_rmse-0.3108, valid_rmse-1.2154, valid_pr-0.7598
epoch-388, train_loss-0.1035, train_rmse-0.3217, valid_rmse-1.1965, valid_pr-0.7619
Validation : valid_rmse-1.1965, valid_pr-0.7619, 
test2013_rmse-1.3687, test2013_pr-0.8256, test2016_rmse-1.1586, test2016_pr-0.8575, test2019_rmse-1.3229, test2019_pr-0.6742
epoch-389, train_loss-0.0914, train_rmse-0.3023, valid_rmse-1.1960, valid_pr-0.7624
Validation : valid_rmse-1.1960, valid_pr-0.7624, 
test2013_rmse-1.3726, test2013_pr-0.8253, test2016_rmse-1.1558, test2016_pr-0.8583, test2019_rmse-1.3282, test2019_pr-0.6719
epoch-390, train_loss-0.0941, train_rmse-0.3068, valid_rmse-1.1968, valid_pr-0.7614
epoch-391, train_loss-0.0881, train_rmse-0.2967, valid_rmse-1.1973, valid_pr-0.7621
epoch-392, train_loss-0.0904, train_rmse-0.3007, valid_rmse-1.2054, valid_pr-0.7604
epoch-393, train_loss-0.0888, train_rmse-0.2979, valid_rmse-1.1992, valid_pr-0.7612
epoch-394, train_loss-0.0874, train_rmse-0.2956, valid_rmse-1.1981, valid_pr-0.7621
epoch-395, train_loss-0.0886, train_rmse-0.2976, valid_rmse-1.2003, valid_pr-0.7605
epoch-396, train_loss-0.0893, train_rmse-0.2988, valid_rmse-1.2036, valid_pr-0.7616
epoch-397, train_loss-0.0955, train_rmse-0.3090, valid_rmse-1.2006, valid_pr-0.7602
epoch-398, train_loss-0.0861, train_rmse-0.2934, valid_rmse-1.1977, valid_pr-0.7613
epoch-399, train_loss-0.0905, train_rmse-0.3008, valid_rmse-1.1959, valid_pr-0.7618
Validation : valid_rmse-1.1959, valid_pr-0.7618, 
test2013_rmse-1.3835, test2013_pr-0.8239, test2016_rmse-1.1722, test2016_pr-0.8558, test2019_rmse-1.3276, test2019_pr-0.6694
epoch-400, train_loss-0.0890, train_rmse-0.2983, valid_rmse-1.2043, valid_pr-0.7603
epoch-401, train_loss-0.0985, train_rmse-0.3138, valid_rmse-1.1974, valid_pr-0.7617
epoch-402, train_loss-0.0917, train_rmse-0.3029, valid_rmse-1.1966, valid_pr-0.7618
epoch-403, train_loss-0.0893, train_rmse-0.2988, valid_rmse-1.2000, valid_pr-0.7606
epoch-404, train_loss-0.0905, train_rmse-0.3009, valid_rmse-1.1906, valid_pr-0.7650
Validation : valid_rmse-1.1906, valid_pr-0.7650, 
test2013_rmse-1.3385, test2013_pr-0.8317, test2016_rmse-1.1420, test2016_pr-0.8585, test2019_rmse-1.3289, test2019_pr-0.6735
epoch-405, train_loss-0.0923, train_rmse-0.3039, valid_rmse-1.2007, valid_pr-0.7633
epoch-406, train_loss-0.0923, train_rmse-0.3039, valid_rmse-1.1961, valid_pr-0.7629
epoch-407, train_loss-0.1065, train_rmse-0.3263, valid_rmse-1.1970, valid_pr-0.7621
epoch-408, train_loss-0.0941, train_rmse-0.3068, valid_rmse-1.1975, valid_pr-0.7631
epoch-409, train_loss-0.0871, train_rmse-0.2952, valid_rmse-1.1998, valid_pr-0.7615
epoch-410, train_loss-0.0922, train_rmse-0.3036, valid_rmse-1.1904, valid_pr-0.7644
Validation : valid_rmse-1.1904, valid_pr-0.7644, 
test2013_rmse-1.3566, test2013_pr-0.8340, test2016_rmse-1.1619, test2016_pr-0.8580, test2019_rmse-1.3238, test2019_pr-0.6722
epoch-411, train_loss-0.0884, train_rmse-0.2972, valid_rmse-1.1930, valid_pr-0.7634
epoch-412, train_loss-0.0923, train_rmse-0.3038, valid_rmse-1.1971, valid_pr-0.7621
epoch-413, train_loss-0.0959, train_rmse-0.3097, valid_rmse-1.1914, valid_pr-0.7639
epoch-414, train_loss-0.0944, train_rmse-0.3073, valid_rmse-1.1982, valid_pr-0.7611
epoch-415, train_loss-0.0973, train_rmse-0.3119, valid_rmse-1.2086, valid_pr-0.7586
epoch-416, train_loss-0.0981, train_rmse-0.3131, valid_rmse-1.1975, valid_pr-0.7623
epoch-417, train_loss-0.1018, train_rmse-0.3191, valid_rmse-1.1990, valid_pr-0.7612
epoch-418, train_loss-0.0914, train_rmse-0.3023, valid_rmse-1.2028, valid_pr-0.7599
epoch-419, train_loss-0.0888, train_rmse-0.2980, valid_rmse-1.1940, valid_pr-0.7634
epoch-420, train_loss-0.0962, train_rmse-0.3101, valid_rmse-1.2001, valid_pr-0.7611
epoch-421, train_loss-0.1080, train_rmse-0.3287, valid_rmse-1.2061, valid_pr-0.7603
epoch-422, train_loss-0.0880, train_rmse-0.2967, valid_rmse-1.2015, valid_pr-0.7597
epoch-423, train_loss-0.0885, train_rmse-0.2974, valid_rmse-1.2019, valid_pr-0.7593
epoch-424, train_loss-0.0957, train_rmse-0.3094, valid_rmse-1.2056, valid_pr-0.7583
epoch-425, train_loss-0.0969, train_rmse-0.3112, valid_rmse-1.2023, valid_pr-0.7601
epoch-426, train_loss-0.0937, train_rmse-0.3060, valid_rmse-1.2020, valid_pr-0.7607
epoch-427, train_loss-0.0893, train_rmse-0.2988, valid_rmse-1.1986, valid_pr-0.7619
epoch-428, train_loss-0.0853, train_rmse-0.2920, valid_rmse-1.2001, valid_pr-0.7614
epoch-429, train_loss-0.0899, train_rmse-0.2998, valid_rmse-1.2009, valid_pr-0.7605
epoch-430, train_loss-0.0971, train_rmse-0.3116, valid_rmse-1.1933, valid_pr-0.7631
epoch-431, train_loss-0.0986, train_rmse-0.3140, valid_rmse-1.1968, valid_pr-0.7635
epoch-432, train_loss-0.0868, train_rmse-0.2946, valid_rmse-1.1987, valid_pr-0.7610
epoch-433, train_loss-0.1017, train_rmse-0.3189, valid_rmse-1.1940, valid_pr-0.7637
epoch-434, train_loss-0.0810, train_rmse-0.2847, valid_rmse-1.1963, valid_pr-0.7618
epoch-435, train_loss-0.0834, train_rmse-0.2888, valid_rmse-1.2053, valid_pr-0.7579
epoch-436, train_loss-0.0864, train_rmse-0.2939, valid_rmse-1.2014, valid_pr-0.7598
epoch-437, train_loss-0.0892, train_rmse-0.2986, valid_rmse-1.2060, valid_pr-0.7580
epoch-438, train_loss-0.0914, train_rmse-0.3023, valid_rmse-1.2013, valid_pr-0.7600
epoch-439, train_loss-0.0883, train_rmse-0.2971, valid_rmse-1.2024, valid_pr-0.7595
epoch-440, train_loss-0.0891, train_rmse-0.2985, valid_rmse-1.1943, valid_pr-0.7627
epoch-441, train_loss-0.0875, train_rmse-0.2958, valid_rmse-1.1985, valid_pr-0.7615
epoch-442, train_loss-0.0957, train_rmse-0.3093, valid_rmse-1.1980, valid_pr-0.7612
epoch-443, train_loss-0.0804, train_rmse-0.2836, valid_rmse-1.1978, valid_pr-0.7615
epoch-444, train_loss-0.0882, train_rmse-0.2969, valid_rmse-1.1955, valid_pr-0.7626
epoch-445, train_loss-0.0842, train_rmse-0.2902, valid_rmse-1.1984, valid_pr-0.7608
epoch-446, train_loss-0.0936, train_rmse-0.3060, valid_rmse-1.1949, valid_pr-0.7624
epoch-447, train_loss-0.0925, train_rmse-0.3041, valid_rmse-1.2009, valid_pr-0.7615
epoch-448, train_loss-0.0864, train_rmse-0.2939, valid_rmse-1.1982, valid_pr-0.7620
epoch-449, train_loss-0.0854, train_rmse-0.2923, valid_rmse-1.1965, valid_pr-0.7645
epoch-450, train_loss-0.0923, train_rmse-0.3038, valid_rmse-1.1987, valid_pr-0.7608
epoch-451, train_loss-0.0864, train_rmse-0.2939, valid_rmse-1.1976, valid_pr-0.7623
epoch-452, train_loss-0.0863, train_rmse-0.2939, valid_rmse-1.1987, valid_pr-0.7610
epoch-453, train_loss-0.0903, train_rmse-0.3005, valid_rmse-1.2039, valid_pr-0.7588
epoch-454, train_loss-0.0960, train_rmse-0.3098, valid_rmse-1.1974, valid_pr-0.7614
epoch-455, train_loss-0.0890, train_rmse-0.2983, valid_rmse-1.1953, valid_pr-0.7632
epoch-456, train_loss-0.0900, train_rmse-0.3001, valid_rmse-1.1915, valid_pr-0.7647
epoch-457, train_loss-0.0868, train_rmse-0.2947, valid_rmse-1.1894, valid_pr-0.7653
Validation : valid_rmse-1.1894, valid_pr-0.7653, 
test2013_rmse-1.3598, test2013_pr-0.8303, test2016_rmse-1.1592, test2016_pr-0.8569, test2019_rmse-1.3209, test2019_pr-0.6752
epoch-458, train_loss-0.0897, train_rmse-0.2996, valid_rmse-1.1913, valid_pr-0.7642
epoch-459, train_loss-0.0868, train_rmse-0.2946, valid_rmse-1.1948, valid_pr-0.7636
epoch-460, train_loss-0.0875, train_rmse-0.2958, valid_rmse-1.1977, valid_pr-0.7634
epoch-461, train_loss-0.0878, train_rmse-0.2962, valid_rmse-1.1971, valid_pr-0.7616
epoch-462, train_loss-0.0916, train_rmse-0.3026, valid_rmse-1.1967, valid_pr-0.7637
epoch-463, train_loss-0.0869, train_rmse-0.2948, valid_rmse-1.1964, valid_pr-0.7641
epoch-464, train_loss-0.0868, train_rmse-0.2947, valid_rmse-1.2017, valid_pr-0.7599
epoch-465, train_loss-0.0923, train_rmse-0.3038, valid_rmse-1.1968, valid_pr-0.7624
epoch-466, train_loss-0.0787, train_rmse-0.2806, valid_rmse-1.1935, valid_pr-0.7631
epoch-467, train_loss-0.0894, train_rmse-0.2990, valid_rmse-1.1898, valid_pr-0.7650
epoch-468, train_loss-0.0961, train_rmse-0.3100, valid_rmse-1.1948, valid_pr-0.7640
epoch-469, train_loss-0.0938, train_rmse-0.3063, valid_rmse-1.1966, valid_pr-0.7615
epoch-470, train_loss-0.0964, train_rmse-0.3105, valid_rmse-1.1960, valid_pr-0.7635
epoch-471, train_loss-0.0861, train_rmse-0.2935, valid_rmse-1.1946, valid_pr-0.7625
epoch-472, train_loss-0.0895, train_rmse-0.2992, valid_rmse-1.2000, valid_pr-0.7623
epoch-473, train_loss-0.0849, train_rmse-0.2913, valid_rmse-1.1937, valid_pr-0.7640
epoch-474, train_loss-0.0909, train_rmse-0.3015, valid_rmse-1.1933, valid_pr-0.7636
epoch-475, train_loss-0.0769, train_rmse-0.2773, valid_rmse-1.1922, valid_pr-0.7643
epoch-476, train_loss-0.0847, train_rmse-0.2910, valid_rmse-1.1878, valid_pr-0.7658
Validation : valid_rmse-1.1878, valid_pr-0.7658, 
test2013_rmse-1.3444, test2013_pr-0.8359, test2016_rmse-1.1462, test2016_pr-0.8618, test2019_rmse-1.3233, test2019_pr-0.6743
epoch-477, train_loss-0.0918, train_rmse-0.3030, valid_rmse-1.1935, valid_pr-0.7632
epoch-478, train_loss-0.0818, train_rmse-0.2859, valid_rmse-1.1915, valid_pr-0.7643
epoch-479, train_loss-0.0963, train_rmse-0.3103, valid_rmse-1.1979, valid_pr-0.7634
epoch-480, train_loss-0.0899, train_rmse-0.2999, valid_rmse-1.1931, valid_pr-0.7632
epoch-481, train_loss-0.0972, train_rmse-0.3117, valid_rmse-1.1942, valid_pr-0.7630
epoch-482, train_loss-0.0802, train_rmse-0.2832, valid_rmse-1.1888, valid_pr-0.7655
epoch-483, train_loss-0.0958, train_rmse-0.3095, valid_rmse-1.1906, valid_pr-0.7647
epoch-484, train_loss-0.0867, train_rmse-0.2945, valid_rmse-1.1989, valid_pr-0.7619
epoch-485, train_loss-0.0789, train_rmse-0.2809, valid_rmse-1.1930, valid_pr-0.7638
epoch-486, train_loss-0.0856, train_rmse-0.2925, valid_rmse-1.1908, valid_pr-0.7647
epoch-487, train_loss-0.0868, train_rmse-0.2947, valid_rmse-1.1985, valid_pr-0.7627
epoch-488, train_loss-0.0899, train_rmse-0.2998, valid_rmse-1.1934, valid_pr-0.7635
epoch-489, train_loss-0.0868, train_rmse-0.2945, valid_rmse-1.1955, valid_pr-0.7621
epoch-490, train_loss-0.0913, train_rmse-0.3022, valid_rmse-1.1942, valid_pr-0.7637
epoch-491, train_loss-0.0905, train_rmse-0.3009, valid_rmse-1.1978, valid_pr-0.7611
epoch-492, train_loss-0.0904, train_rmse-0.3006, valid_rmse-1.1916, valid_pr-0.7650
epoch-493, train_loss-0.0930, train_rmse-0.3049, valid_rmse-1.1964, valid_pr-0.7623
epoch-494, train_loss-0.0783, train_rmse-0.2798, valid_rmse-1.1935, valid_pr-0.7630
epoch-495, train_loss-0.0977, train_rmse-0.3126, valid_rmse-1.1972, valid_pr-0.7615
epoch-496, train_loss-0.0877, train_rmse-0.2961, valid_rmse-1.1903, valid_pr-0.7647
epoch-497, train_loss-0.0928, train_rmse-0.3047, valid_rmse-1.1961, valid_pr-0.7653
epoch-498, train_loss-0.0962, train_rmse-0.3101, valid_rmse-1.1940, valid_pr-0.7630
epoch-499, train_loss-0.0852, train_rmse-0.2919, valid_rmse-1.1911, valid_pr-0.7642
epoch-500, train_loss-0.0849, train_rmse-0.2914, valid_rmse-1.2036, valid_pr-0.7626
epoch-501, train_loss-0.0968, train_rmse-0.3111, valid_rmse-1.1956, valid_pr-0.7641
epoch-502, train_loss-0.0938, train_rmse-0.3062, valid_rmse-1.2002, valid_pr-0.7605
epoch-503, train_loss-0.0961, train_rmse-0.3100, valid_rmse-1.2020, valid_pr-0.7596
epoch-504, train_loss-0.0908, train_rmse-0.3014, valid_rmse-1.2038, valid_pr-0.7589
epoch-505, train_loss-0.0790, train_rmse-0.2811, valid_rmse-1.1976, valid_pr-0.7615
epoch-506, train_loss-0.0792, train_rmse-0.2815, valid_rmse-1.1952, valid_pr-0.7630
epoch-507, train_loss-0.0858, train_rmse-0.2930, valid_rmse-1.1962, valid_pr-0.7621
epoch-508, train_loss-0.1039, train_rmse-0.3224, valid_rmse-1.1995, valid_pr-0.7609
epoch-509, train_loss-0.0984, train_rmse-0.3137, valid_rmse-1.2024, valid_pr-0.7595
epoch-510, train_loss-0.0811, train_rmse-0.2848, valid_rmse-1.2038, valid_pr-0.7598
epoch-511, train_loss-0.0798, train_rmse-0.2824, valid_rmse-1.1984, valid_pr-0.7612
epoch-512, train_loss-0.0895, train_rmse-0.2991, valid_rmse-1.1945, valid_pr-0.7630
epoch-513, train_loss-0.0761, train_rmse-0.2759, valid_rmse-1.1936, valid_pr-0.7650
epoch-514, train_loss-0.0829, train_rmse-0.2880, valid_rmse-1.2008, valid_pr-0.7607
epoch-515, train_loss-0.1039, train_rmse-0.3224, valid_rmse-1.2004, valid_pr-0.7618
epoch-516, train_loss-0.0876, train_rmse-0.2960, valid_rmse-1.1971, valid_pr-0.7620
epoch-517, train_loss-0.0984, train_rmse-0.3137, valid_rmse-1.1984, valid_pr-0.7623
epoch-518, train_loss-0.0793, train_rmse-0.2815, valid_rmse-1.1926, valid_pr-0.7637
epoch-519, train_loss-0.0893, train_rmse-0.2988, valid_rmse-1.1931, valid_pr-0.7635
epoch-520, train_loss-0.0854, train_rmse-0.2922, valid_rmse-1.1952, valid_pr-0.7633
epoch-521, train_loss-0.0943, train_rmse-0.3071, valid_rmse-1.1954, valid_pr-0.7634
epoch-522, train_loss-0.0919, train_rmse-0.3031, valid_rmse-1.1998, valid_pr-0.7614
epoch-523, train_loss-0.0853, train_rmse-0.2921, valid_rmse-1.2042, valid_pr-0.7613
epoch-524, train_loss-0.0918, train_rmse-0.3031, valid_rmse-1.1954, valid_pr-0.7627
epoch-525, train_loss-0.0831, train_rmse-0.2883, valid_rmse-1.2012, valid_pr-0.7609
epoch-526, train_loss-0.0806, train_rmse-0.2839, valid_rmse-1.2015, valid_pr-0.7594
epoch-527, train_loss-0.0791, train_rmse-0.2813, valid_rmse-1.1980, valid_pr-0.7621
epoch-528, train_loss-0.0792, train_rmse-0.2814, valid_rmse-1.1953, valid_pr-0.7639
epoch-529, train_loss-0.0756, train_rmse-0.2750, valid_rmse-1.1934, valid_pr-0.7640
epoch-530, train_loss-0.0747, train_rmse-0.2732, valid_rmse-1.1987, valid_pr-0.7606
epoch-531, train_loss-0.0768, train_rmse-0.2771, valid_rmse-1.1961, valid_pr-0.7623
epoch-532, train_loss-0.0792, train_rmse-0.2815, valid_rmse-1.1947, valid_pr-0.7629
epoch-533, train_loss-0.0782, train_rmse-0.2796, valid_rmse-1.1999, valid_pr-0.7608
epoch-534, train_loss-0.0799, train_rmse-0.2826, valid_rmse-1.2000, valid_pr-0.7620
epoch-535, train_loss-0.0757, train_rmse-0.2751, valid_rmse-1.1953, valid_pr-0.7622
epoch-536, train_loss-0.0799, train_rmse-0.2827, valid_rmse-1.1964, valid_pr-0.7619
epoch-537, train_loss-0.0814, train_rmse-0.2854, valid_rmse-1.1982, valid_pr-0.7617
epoch-538, train_loss-0.0799, train_rmse-0.2827, valid_rmse-1.1979, valid_pr-0.7613
epoch-539, train_loss-0.0797, train_rmse-0.2824, valid_rmse-1.1960, valid_pr-0.7628
epoch-540, train_loss-0.0796, train_rmse-0.2821, valid_rmse-1.1972, valid_pr-0.7622
epoch-541, train_loss-0.0738, train_rmse-0.2717, valid_rmse-1.1987, valid_pr-0.7610
epoch-542, train_loss-0.0734, train_rmse-0.2710, valid_rmse-1.1980, valid_pr-0.7629
epoch-543, train_loss-0.0804, train_rmse-0.2835, valid_rmse-1.1935, valid_pr-0.7632
epoch-544, train_loss-0.0788, train_rmse-0.2807, valid_rmse-1.2002, valid_pr-0.7616
epoch-545, train_loss-0.0808, train_rmse-0.2842, valid_rmse-1.1931, valid_pr-0.7638
epoch-546, train_loss-0.0925, train_rmse-0.3041, valid_rmse-1.1972, valid_pr-0.7620
epoch-547, train_loss-0.0791, train_rmse-0.2813, valid_rmse-1.1930, valid_pr-0.7634
epoch-548, train_loss-0.0840, train_rmse-0.2898, valid_rmse-1.1934, valid_pr-0.7636
epoch-549, train_loss-0.0742, train_rmse-0.2724, valid_rmse-1.1934, valid_pr-0.7635
epoch-550, train_loss-0.0719, train_rmse-0.2681, valid_rmse-1.1924, valid_pr-0.7638
epoch-551, train_loss-0.0799, train_rmse-0.2826, valid_rmse-1.1937, valid_pr-0.7639
epoch-552, train_loss-0.0813, train_rmse-0.2852, valid_rmse-1.1975, valid_pr-0.7618
epoch-553, train_loss-0.0770, train_rmse-0.2775, valid_rmse-1.1944, valid_pr-0.7626
epoch-554, train_loss-0.0788, train_rmse-0.2807, valid_rmse-1.1907, valid_pr-0.7654
epoch-555, train_loss-0.0729, train_rmse-0.2699, valid_rmse-1.1924, valid_pr-0.7639
epoch-556, train_loss-0.0764, train_rmse-0.2764, valid_rmse-1.1949, valid_pr-0.7630
epoch-557, train_loss-0.0735, train_rmse-0.2710, valid_rmse-1.1911, valid_pr-0.7641
epoch-558, train_loss-0.0791, train_rmse-0.2813, valid_rmse-1.1946, valid_pr-0.7626
epoch-559, train_loss-0.0800, train_rmse-0.2828, valid_rmse-1.1989, valid_pr-0.7611
epoch-560, train_loss-0.0780, train_rmse-0.2794, valid_rmse-1.1987, valid_pr-0.7613
epoch-561, train_loss-0.0780, train_rmse-0.2792, valid_rmse-1.1927, valid_pr-0.7636
epoch-562, train_loss-0.0761, train_rmse-0.2758, valid_rmse-1.1979, valid_pr-0.7611
epoch-563, train_loss-0.0688, train_rmse-0.2622, valid_rmse-1.1949, valid_pr-0.7626
epoch-564, train_loss-0.0737, train_rmse-0.2715, valid_rmse-1.1939, valid_pr-0.7640
epoch-565, train_loss-0.0737, train_rmse-0.2715, valid_rmse-1.1945, valid_pr-0.7627
epoch-566, train_loss-0.0838, train_rmse-0.2894, valid_rmse-1.1988, valid_pr-0.7621
epoch-567, train_loss-0.0767, train_rmse-0.2769, valid_rmse-1.1936, valid_pr-0.7632
epoch-568, train_loss-0.0757, train_rmse-0.2752, valid_rmse-1.1897, valid_pr-0.7650
epoch-569, train_loss-0.0769, train_rmse-0.2774, valid_rmse-1.1946, valid_pr-0.7626
epoch-570, train_loss-0.0772, train_rmse-0.2778, valid_rmse-1.1935, valid_pr-0.7632
epoch-571, train_loss-0.0782, train_rmse-0.2797, valid_rmse-1.1926, valid_pr-0.7641
epoch-572, train_loss-0.0784, train_rmse-0.2799, valid_rmse-1.1926, valid_pr-0.7639
epoch-573, train_loss-0.0768, train_rmse-0.2771, valid_rmse-1.1973, valid_pr-0.7622
epoch-574, train_loss-0.0722, train_rmse-0.2686, valid_rmse-1.1917, valid_pr-0.7638
epoch-575, train_loss-0.0758, train_rmse-0.2753, valid_rmse-1.1930, valid_pr-0.7634
epoch-576, train_loss-0.0760, train_rmse-0.2758, valid_rmse-1.1960, valid_pr-0.7635
epoch-577, train_loss-0.0739, train_rmse-0.2718, valid_rmse-1.1954, valid_pr-0.7621
early stop in epoch 577
best_rmse: 1.1878
valid_rmse-1.1878, valid_pr-0.7658, test2013_rmse-1.3444, test2013_pr-0.8359, test2016_rmse-1.1462, test2016_pr-0.8618, test2019_rmse-1.3233, test2019_pr-0.6743
