ours-lrs-0.001-28-156, lr=0.001, seed=828
train_GIGN.py
train data: 11904
valid data: 1000
test2013 data: 107
test2016 data: 285
test2019 data: 4366
GIGN params # : 1331241
epoch-0, train_loss-14.9001, train_rmse-3.8601, valid_rmse-1.9322, valid_pr-0.4659
Validation : valid_rmse-1.9322, valid_pr-0.4659, 
test2013_rmse-2.0292, test2013_pr-0.6141, test2016_rmse-1.8739, test2016_pr-0.6445, test2019_rmse-1.9073, test2019_pr-0.4871
epoch-1, train_loss-2.5865, train_rmse-1.6083, valid_rmse-1.7661, valid_pr-0.5751
Validation : valid_rmse-1.7661, valid_pr-0.5751, 
test2013_rmse-1.6957, test2013_pr-0.7253, test2016_rmse-1.5857, test2016_pr-0.7136, test2019_rmse-1.7141, test2019_pr-0.5834
epoch-2, train_loss-2.2933, train_rmse-1.5144, valid_rmse-1.4650, valid_pr-0.6160
Validation : valid_rmse-1.4650, valid_pr-0.6160, 
test2013_rmse-1.7373, test2013_pr-0.7129, test2016_rmse-1.6064, test2016_pr-0.7141, test2019_rmse-1.4158, test2019_pr-0.6098
epoch-3, train_loss-2.1494, train_rmse-1.4661, valid_rmse-1.5676, valid_pr-0.5979
epoch-4, train_loss-2.0365, train_rmse-1.4271, valid_rmse-1.5044, valid_pr-0.6340
epoch-5, train_loss-1.9696, train_rmse-1.4034, valid_rmse-1.5077, valid_pr-0.6615
epoch-6, train_loss-1.8377, train_rmse-1.3556, valid_rmse-1.4754, valid_pr-0.6544
epoch-7, train_loss-1.7572, train_rmse-1.3256, valid_rmse-1.5140, valid_pr-0.6085
epoch-8, train_loss-1.6724, train_rmse-1.2932, valid_rmse-1.4849, valid_pr-0.6556
epoch-9, train_loss-1.5768, train_rmse-1.2557, valid_rmse-1.3912, valid_pr-0.6955
Validation : valid_rmse-1.3912, valid_pr-0.6955, 
test2013_rmse-1.3007, test2013_pr-0.8331, test2016_rmse-1.2925, test2016_pr-0.8176, test2019_rmse-1.4614, test2019_pr-0.6433
epoch-10, train_loss-1.5374, train_rmse-1.2399, valid_rmse-1.5044, valid_pr-0.6309
epoch-11, train_loss-1.4046, train_rmse-1.1852, valid_rmse-1.5504, valid_pr-0.6954
epoch-12, train_loss-1.3311, train_rmse-1.1537, valid_rmse-1.4474, valid_pr-0.6508
epoch-13, train_loss-1.2278, train_rmse-1.1081, valid_rmse-1.3591, valid_pr-0.6811
Validation : valid_rmse-1.3591, valid_pr-0.6811, 
test2013_rmse-1.4775, test2013_pr-0.7900, test2016_rmse-1.4059, test2016_pr-0.7767, test2019_rmse-1.4351, test2019_pr-0.6063
epoch-14, train_loss-1.1840, train_rmse-1.0881, valid_rmse-1.5038, valid_pr-0.6819
epoch-15, train_loss-1.0973, train_rmse-1.0475, valid_rmse-1.4400, valid_pr-0.6870
epoch-16, train_loss-1.0256, train_rmse-1.0127, valid_rmse-1.3525, valid_pr-0.6982
Validation : valid_rmse-1.3525, valid_pr-0.6982, 
test2013_rmse-1.4010, test2013_pr-0.8057, test2016_rmse-1.2677, test2016_pr-0.8199, test2019_rmse-1.4453, test2019_pr-0.6258
epoch-17, train_loss-0.9276, train_rmse-0.9631, valid_rmse-1.4160, valid_pr-0.6527
epoch-18, train_loss-0.9422, train_rmse-0.9707, valid_rmse-1.4085, valid_pr-0.6738
epoch-19, train_loss-0.9455, train_rmse-0.9724, valid_rmse-1.5146, valid_pr-0.6812
epoch-20, train_loss-0.8416, train_rmse-0.9174, valid_rmse-1.3730, valid_pr-0.6892
epoch-21, train_loss-0.8067, train_rmse-0.8982, valid_rmse-1.7250, valid_pr-0.6910
epoch-22, train_loss-0.7351, train_rmse-0.8574, valid_rmse-1.4339, valid_pr-0.6697
epoch-23, train_loss-0.7145, train_rmse-0.8453, valid_rmse-1.4076, valid_pr-0.7066
epoch-24, train_loss-0.7240, train_rmse-0.8509, valid_rmse-1.3013, valid_pr-0.7145
Validation : valid_rmse-1.3013, valid_pr-0.7145, 
test2013_rmse-1.3815, test2013_pr-0.8077, test2016_rmse-1.3552, test2016_pr-0.7825, test2019_rmse-1.4779, test2019_pr-0.5949
epoch-25, train_loss-0.6270, train_rmse-0.7918, valid_rmse-1.3629, valid_pr-0.7265
epoch-26, train_loss-0.5979, train_rmse-0.7733, valid_rmse-1.3136, valid_pr-0.7238
epoch-27, train_loss-0.6014, train_rmse-0.7755, valid_rmse-1.4182, valid_pr-0.7043
epoch-28, train_loss-0.6101, train_rmse-0.7811, valid_rmse-1.3933, valid_pr-0.7020
epoch-29, train_loss-0.5492, train_rmse-0.7411, valid_rmse-1.3234, valid_pr-0.7253
epoch-30, train_loss-0.5523, train_rmse-0.7432, valid_rmse-1.3679, valid_pr-0.6969
epoch-31, train_loss-0.5452, train_rmse-0.7383, valid_rmse-1.2972, valid_pr-0.7337
Validation : valid_rmse-1.2972, valid_pr-0.7337, 
test2013_rmse-1.2982, test2013_pr-0.8302, test2016_rmse-1.2452, test2016_pr-0.8223, test2019_rmse-1.5156, test2019_pr-0.6118
epoch-32, train_loss-0.5603, train_rmse-0.7485, valid_rmse-1.3416, valid_pr-0.7052
epoch-33, train_loss-0.5262, train_rmse-0.7254, valid_rmse-1.2896, valid_pr-0.7207
Validation : valid_rmse-1.2896, valid_pr-0.7207, 
test2013_rmse-1.4383, test2013_pr-0.7948, test2016_rmse-1.2982, test2016_pr-0.8050, test2019_rmse-1.4741, test2019_pr-0.5923
epoch-34, train_loss-0.4989, train_rmse-0.7063, valid_rmse-1.3691, valid_pr-0.7182
epoch-35, train_loss-0.4537, train_rmse-0.6735, valid_rmse-1.3242, valid_pr-0.7140
epoch-36, train_loss-0.4892, train_rmse-0.6994, valid_rmse-1.4395, valid_pr-0.6928
epoch-37, train_loss-0.4888, train_rmse-0.6991, valid_rmse-1.3647, valid_pr-0.6965
epoch-38, train_loss-0.4805, train_rmse-0.6932, valid_rmse-1.3848, valid_pr-0.6844
epoch-39, train_loss-0.4701, train_rmse-0.6856, valid_rmse-1.3242, valid_pr-0.7224
epoch-40, train_loss-0.4057, train_rmse-0.6369, valid_rmse-1.3440, valid_pr-0.7106
epoch-41, train_loss-0.4318, train_rmse-0.6571, valid_rmse-1.3998, valid_pr-0.7284
epoch-42, train_loss-0.4484, train_rmse-0.6696, valid_rmse-1.3503, valid_pr-0.7314
epoch-43, train_loss-0.4325, train_rmse-0.6576, valid_rmse-1.4085, valid_pr-0.6792
epoch-44, train_loss-0.4276, train_rmse-0.6539, valid_rmse-1.2944, valid_pr-0.7243
epoch-45, train_loss-0.4216, train_rmse-0.6493, valid_rmse-1.3291, valid_pr-0.7076
epoch-46, train_loss-0.3708, train_rmse-0.6089, valid_rmse-1.3259, valid_pr-0.7233
epoch-47, train_loss-0.3781, train_rmse-0.6149, valid_rmse-1.3117, valid_pr-0.7253
epoch-48, train_loss-0.3943, train_rmse-0.6279, valid_rmse-1.3176, valid_pr-0.7272
epoch-49, train_loss-0.3706, train_rmse-0.6088, valid_rmse-1.3672, valid_pr-0.7412
epoch-50, train_loss-0.3804, train_rmse-0.6167, valid_rmse-1.3560, valid_pr-0.6961
epoch-51, train_loss-0.3574, train_rmse-0.5979, valid_rmse-1.3329, valid_pr-0.7231
epoch-52, train_loss-0.3483, train_rmse-0.5902, valid_rmse-1.2976, valid_pr-0.7311
epoch-53, train_loss-0.3391, train_rmse-0.5823, valid_rmse-1.2869, valid_pr-0.7359
Validation : valid_rmse-1.2869, valid_pr-0.7359, 
test2013_rmse-1.3253, test2013_pr-0.8268, test2016_rmse-1.2111, test2016_pr-0.8356, test2019_rmse-1.4458, test2019_pr-0.6358
epoch-54, train_loss-0.3445, train_rmse-0.5869, valid_rmse-1.3101, valid_pr-0.7265
epoch-55, train_loss-0.3479, train_rmse-0.5899, valid_rmse-1.3846, valid_pr-0.6898
epoch-56, train_loss-0.3339, train_rmse-0.5779, valid_rmse-1.2833, valid_pr-0.7267
Validation : valid_rmse-1.2833, valid_pr-0.7267, 
test2013_rmse-1.4051, test2013_pr-0.8021, test2016_rmse-1.2728, test2016_pr-0.8135, test2019_rmse-1.4633, test2019_pr-0.6119
epoch-57, train_loss-0.3277, train_rmse-0.5724, valid_rmse-1.2636, valid_pr-0.7369
Validation : valid_rmse-1.2636, valid_pr-0.7369, 
test2013_rmse-1.3834, test2013_pr-0.8052, test2016_rmse-1.2042, test2016_pr-0.8325, test2019_rmse-1.4589, test2019_pr-0.6269
epoch-58, train_loss-0.3694, train_rmse-0.6078, valid_rmse-1.3638, valid_pr-0.7113
epoch-59, train_loss-0.3606, train_rmse-0.6005, valid_rmse-1.3067, valid_pr-0.7280
epoch-60, train_loss-0.3297, train_rmse-0.5742, valid_rmse-1.2662, valid_pr-0.7320
epoch-61, train_loss-0.3562, train_rmse-0.5969, valid_rmse-1.3621, valid_pr-0.7327
epoch-62, train_loss-0.3498, train_rmse-0.5914, valid_rmse-1.3395, valid_pr-0.7306
epoch-63, train_loss-0.3194, train_rmse-0.5651, valid_rmse-1.2879, valid_pr-0.7318
epoch-64, train_loss-0.3218, train_rmse-0.5673, valid_rmse-1.2954, valid_pr-0.7271
epoch-65, train_loss-0.3156, train_rmse-0.5618, valid_rmse-1.3587, valid_pr-0.7235
epoch-66, train_loss-0.3217, train_rmse-0.5672, valid_rmse-1.2743, valid_pr-0.7377
epoch-67, train_loss-0.3112, train_rmse-0.5579, valid_rmse-1.3054, valid_pr-0.7215
epoch-68, train_loss-0.3079, train_rmse-0.5549, valid_rmse-1.2969, valid_pr-0.7311
epoch-69, train_loss-0.3014, train_rmse-0.5490, valid_rmse-1.3241, valid_pr-0.7162
epoch-70, train_loss-0.3032, train_rmse-0.5506, valid_rmse-1.2763, valid_pr-0.7336
epoch-71, train_loss-0.3156, train_rmse-0.5618, valid_rmse-1.3146, valid_pr-0.7172
epoch-72, train_loss-0.3517, train_rmse-0.5930, valid_rmse-1.3193, valid_pr-0.7310
epoch-73, train_loss-0.3173, train_rmse-0.5633, valid_rmse-1.2972, valid_pr-0.7200
epoch-74, train_loss-0.3112, train_rmse-0.5578, valid_rmse-1.3093, valid_pr-0.7286
epoch-75, train_loss-0.2896, train_rmse-0.5382, valid_rmse-1.2903, valid_pr-0.7258
epoch-76, train_loss-0.2819, train_rmse-0.5309, valid_rmse-1.2830, valid_pr-0.7254
epoch-77, train_loss-0.2940, train_rmse-0.5422, valid_rmse-1.2910, valid_pr-0.7411
epoch-78, train_loss-0.2808, train_rmse-0.5299, valid_rmse-1.3453, valid_pr-0.7310
epoch-79, train_loss-0.2736, train_rmse-0.5230, valid_rmse-1.2810, valid_pr-0.7333
epoch-80, train_loss-0.2803, train_rmse-0.5295, valid_rmse-1.2828, valid_pr-0.7431
epoch-81, train_loss-0.2675, train_rmse-0.5172, valid_rmse-1.2503, valid_pr-0.7503
Validation : valid_rmse-1.2503, valid_pr-0.7503, 
test2013_rmse-1.3227, test2013_pr-0.8246, test2016_rmse-1.2338, test2016_pr-0.8228, test2019_rmse-1.4514, test2019_pr-0.6360
epoch-82, train_loss-0.2816, train_rmse-0.5307, valid_rmse-1.2671, valid_pr-0.7458
epoch-83, train_loss-0.2706, train_rmse-0.5202, valid_rmse-1.2479, valid_pr-0.7507
Validation : valid_rmse-1.2479, valid_pr-0.7507, 
test2013_rmse-1.4021, test2013_pr-0.8131, test2016_rmse-1.2228, test2016_pr-0.8374, test2019_rmse-1.4275, test2019_pr-0.6374
epoch-84, train_loss-0.2784, train_rmse-0.5276, valid_rmse-1.2960, valid_pr-0.7384
epoch-85, train_loss-0.2635, train_rmse-0.5133, valid_rmse-1.2618, valid_pr-0.7429
epoch-86, train_loss-0.2635, train_rmse-0.5134, valid_rmse-1.2552, valid_pr-0.7414
epoch-87, train_loss-0.2582, train_rmse-0.5082, valid_rmse-1.2894, valid_pr-0.7399
epoch-88, train_loss-0.2504, train_rmse-0.5004, valid_rmse-1.2647, valid_pr-0.7445
epoch-89, train_loss-0.2450, train_rmse-0.4950, valid_rmse-1.2977, valid_pr-0.7437
epoch-90, train_loss-0.2624, train_rmse-0.5123, valid_rmse-1.2720, valid_pr-0.7394
epoch-91, train_loss-0.2583, train_rmse-0.5082, valid_rmse-1.2883, valid_pr-0.7284
epoch-92, train_loss-0.2503, train_rmse-0.5003, valid_rmse-1.2631, valid_pr-0.7372
epoch-93, train_loss-0.2461, train_rmse-0.4961, valid_rmse-1.2514, valid_pr-0.7409
epoch-94, train_loss-0.2518, train_rmse-0.5018, valid_rmse-1.2534, valid_pr-0.7395
epoch-95, train_loss-0.2519, train_rmse-0.5019, valid_rmse-1.2465, valid_pr-0.7413
Validation : valid_rmse-1.2465, valid_pr-0.7413, 
test2013_rmse-1.4146, test2013_pr-0.8009, test2016_rmse-1.2555, test2016_pr-0.8173, test2019_rmse-1.4210, test2019_pr-0.6314
epoch-96, train_loss-0.2527, train_rmse-0.5027, valid_rmse-1.3096, valid_pr-0.7423
epoch-97, train_loss-0.2632, train_rmse-0.5130, valid_rmse-1.2733, valid_pr-0.7356
epoch-98, train_loss-0.2354, train_rmse-0.4852, valid_rmse-1.2909, valid_pr-0.7358
epoch-99, train_loss-0.2461, train_rmse-0.4961, valid_rmse-1.2688, valid_pr-0.7303
epoch-100, train_loss-0.2565, train_rmse-0.5064, valid_rmse-1.2624, valid_pr-0.7394
epoch-101, train_loss-0.2412, train_rmse-0.4911, valid_rmse-1.2826, valid_pr-0.7305
epoch-102, train_loss-0.2445, train_rmse-0.4945, valid_rmse-1.2521, valid_pr-0.7487
epoch-103, train_loss-0.2370, train_rmse-0.4869, valid_rmse-1.2541, valid_pr-0.7418
epoch-104, train_loss-0.2249, train_rmse-0.4743, valid_rmse-1.2307, valid_pr-0.7486
Validation : valid_rmse-1.2307, valid_pr-0.7486, 
test2013_rmse-1.3364, test2013_pr-0.8287, test2016_rmse-1.2191, test2016_pr-0.8346, test2019_rmse-1.4129, test2019_pr-0.6302
epoch-105, train_loss-0.2301, train_rmse-0.4797, valid_rmse-1.2425, valid_pr-0.7416
epoch-106, train_loss-0.2157, train_rmse-0.4645, valid_rmse-1.2289, valid_pr-0.7501
Validation : valid_rmse-1.2289, valid_pr-0.7501, 
test2013_rmse-1.3716, test2013_pr-0.8145, test2016_rmse-1.2128, test2016_pr-0.8319, test2019_rmse-1.4197, test2019_pr-0.6301
epoch-107, train_loss-0.2342, train_rmse-0.4840, valid_rmse-1.2575, valid_pr-0.7410
epoch-108, train_loss-0.2304, train_rmse-0.4800, valid_rmse-1.3057, valid_pr-0.7314
epoch-109, train_loss-0.2303, train_rmse-0.4799, valid_rmse-1.2801, valid_pr-0.7466
epoch-110, train_loss-0.2256, train_rmse-0.4749, valid_rmse-1.2467, valid_pr-0.7488
epoch-111, train_loss-0.2255, train_rmse-0.4749, valid_rmse-1.2590, valid_pr-0.7404
epoch-112, train_loss-0.2196, train_rmse-0.4687, valid_rmse-1.2742, valid_pr-0.7414
epoch-113, train_loss-0.2278, train_rmse-0.4773, valid_rmse-1.2739, valid_pr-0.7495
epoch-114, train_loss-0.2266, train_rmse-0.4760, valid_rmse-1.2290, valid_pr-0.7513
epoch-115, train_loss-0.2070, train_rmse-0.4550, valid_rmse-1.2376, valid_pr-0.7480
epoch-116, train_loss-0.2008, train_rmse-0.4481, valid_rmse-1.2393, valid_pr-0.7433
epoch-117, train_loss-0.2122, train_rmse-0.4607, valid_rmse-1.2226, valid_pr-0.7528
Validation : valid_rmse-1.2226, valid_pr-0.7528, 
test2013_rmse-1.3191, test2013_pr-0.8350, test2016_rmse-1.1867, test2016_pr-0.8443, test2019_rmse-1.4002, test2019_pr-0.6390
epoch-118, train_loss-0.2059, train_rmse-0.4537, valid_rmse-1.2412, valid_pr-0.7469
epoch-119, train_loss-0.2234, train_rmse-0.4727, valid_rmse-1.2533, valid_pr-0.7441
epoch-120, train_loss-0.2080, train_rmse-0.4561, valid_rmse-1.2349, valid_pr-0.7462
epoch-121, train_loss-0.2069, train_rmse-0.4548, valid_rmse-1.2477, valid_pr-0.7442
epoch-122, train_loss-0.2084, train_rmse-0.4565, valid_rmse-1.2231, valid_pr-0.7553
epoch-123, train_loss-0.2055, train_rmse-0.4534, valid_rmse-1.2392, valid_pr-0.7439
epoch-124, train_loss-0.2185, train_rmse-0.4675, valid_rmse-1.2370, valid_pr-0.7500
epoch-125, train_loss-0.1987, train_rmse-0.4457, valid_rmse-1.2293, valid_pr-0.7515
epoch-126, train_loss-0.1998, train_rmse-0.4469, valid_rmse-1.2101, valid_pr-0.7557
Validation : valid_rmse-1.2101, valid_pr-0.7557, 
test2013_rmse-1.3695, test2013_pr-0.8199, test2016_rmse-1.2108, test2016_pr-0.8355, test2019_rmse-1.3967, test2019_pr-0.6383
epoch-127, train_loss-0.2071, train_rmse-0.4551, valid_rmse-1.2529, valid_pr-0.7493
epoch-128, train_loss-0.1939, train_rmse-0.4403, valid_rmse-1.2976, valid_pr-0.7454
epoch-129, train_loss-0.2088, train_rmse-0.4569, valid_rmse-1.2350, valid_pr-0.7520
epoch-130, train_loss-0.2142, train_rmse-0.4628, valid_rmse-1.2477, valid_pr-0.7417
epoch-131, train_loss-0.1935, train_rmse-0.4399, valid_rmse-1.2442, valid_pr-0.7525
epoch-132, train_loss-0.1964, train_rmse-0.4432, valid_rmse-1.2283, valid_pr-0.7509
epoch-133, train_loss-0.2041, train_rmse-0.4518, valid_rmse-1.2345, valid_pr-0.7525
epoch-134, train_loss-0.2183, train_rmse-0.4673, valid_rmse-1.2842, valid_pr-0.7282
epoch-135, train_loss-0.1996, train_rmse-0.4468, valid_rmse-1.2152, valid_pr-0.7562
epoch-136, train_loss-0.1904, train_rmse-0.4363, valid_rmse-1.2553, valid_pr-0.7507
epoch-137, train_loss-0.1912, train_rmse-0.4372, valid_rmse-1.2952, valid_pr-0.7427
epoch-138, train_loss-0.2035, train_rmse-0.4511, valid_rmse-1.2582, valid_pr-0.7371
epoch-139, train_loss-0.2030, train_rmse-0.4506, valid_rmse-1.2359, valid_pr-0.7512
epoch-140, train_loss-0.2027, train_rmse-0.4502, valid_rmse-1.2304, valid_pr-0.7474
epoch-141, train_loss-0.1953, train_rmse-0.4419, valid_rmse-1.2315, valid_pr-0.7474
epoch-142, train_loss-0.2008, train_rmse-0.4481, valid_rmse-1.2194, valid_pr-0.7534
epoch-143, train_loss-0.1919, train_rmse-0.4381, valid_rmse-1.2303, valid_pr-0.7500
epoch-144, train_loss-0.1902, train_rmse-0.4361, valid_rmse-1.2457, valid_pr-0.7418
epoch-145, train_loss-0.1996, train_rmse-0.4467, valid_rmse-1.2556, valid_pr-0.7350
epoch-146, train_loss-0.1896, train_rmse-0.4354, valid_rmse-1.2392, valid_pr-0.7482
epoch-147, train_loss-0.1945, train_rmse-0.4411, valid_rmse-1.2299, valid_pr-0.7466
epoch-148, train_loss-0.2003, train_rmse-0.4475, valid_rmse-1.2367, valid_pr-0.7477
epoch-149, train_loss-0.1922, train_rmse-0.4384, valid_rmse-1.2690, valid_pr-0.7325
epoch-150, train_loss-0.1946, train_rmse-0.4412, valid_rmse-1.2344, valid_pr-0.7506
epoch-151, train_loss-0.1817, train_rmse-0.4263, valid_rmse-1.2141, valid_pr-0.7567
epoch-152, train_loss-0.1867, train_rmse-0.4321, valid_rmse-1.2331, valid_pr-0.7524
epoch-153, train_loss-0.1772, train_rmse-0.4210, valid_rmse-1.2230, valid_pr-0.7519
epoch-154, train_loss-0.1773, train_rmse-0.4211, valid_rmse-1.2265, valid_pr-0.7524
epoch-155, train_loss-0.1855, train_rmse-0.4307, valid_rmse-1.2174, valid_pr-0.7592
epoch-156, train_loss-0.1860, train_rmse-0.4312, valid_rmse-1.2378, valid_pr-0.7498
epoch-157, train_loss-0.1897, train_rmse-0.4355, valid_rmse-1.2262, valid_pr-0.7526
epoch-158, train_loss-0.1968, train_rmse-0.4436, valid_rmse-1.2189, valid_pr-0.7517
epoch-159, train_loss-0.1750, train_rmse-0.4184, valid_rmse-1.2090, valid_pr-0.7586
Validation : valid_rmse-1.2090, valid_pr-0.7586, 
test2013_rmse-1.3081, test2013_pr-0.8341, test2016_rmse-1.1691, test2016_pr-0.8485, test2019_rmse-1.3842, test2019_pr-0.6484
epoch-160, train_loss-0.1695, train_rmse-0.4118, valid_rmse-1.2420, valid_pr-0.7431
epoch-161, train_loss-0.1831, train_rmse-0.4279, valid_rmse-1.2346, valid_pr-0.7539
epoch-162, train_loss-0.1779, train_rmse-0.4218, valid_rmse-1.2557, valid_pr-0.7350
epoch-163, train_loss-0.1898, train_rmse-0.4356, valid_rmse-1.2273, valid_pr-0.7497
epoch-164, train_loss-0.1818, train_rmse-0.4263, valid_rmse-1.2403, valid_pr-0.7493
epoch-165, train_loss-0.1859, train_rmse-0.4312, valid_rmse-1.2408, valid_pr-0.7505
epoch-166, train_loss-0.1793, train_rmse-0.4234, valid_rmse-1.2343, valid_pr-0.7466
epoch-167, train_loss-0.1913, train_rmse-0.4374, valid_rmse-1.2233, valid_pr-0.7520
epoch-168, train_loss-0.1818, train_rmse-0.4264, valid_rmse-1.2643, valid_pr-0.7505
epoch-169, train_loss-0.1727, train_rmse-0.4156, valid_rmse-1.2433, valid_pr-0.7405
epoch-170, train_loss-0.1785, train_rmse-0.4225, valid_rmse-1.2310, valid_pr-0.7461
epoch-171, train_loss-0.1746, train_rmse-0.4178, valid_rmse-1.2252, valid_pr-0.7520
epoch-172, train_loss-0.1764, train_rmse-0.4200, valid_rmse-1.2238, valid_pr-0.7541
epoch-173, train_loss-0.1663, train_rmse-0.4078, valid_rmse-1.2385, valid_pr-0.7473
epoch-174, train_loss-0.1674, train_rmse-0.4091, valid_rmse-1.2250, valid_pr-0.7524
epoch-175, train_loss-0.1842, train_rmse-0.4291, valid_rmse-1.2233, valid_pr-0.7546
epoch-176, train_loss-0.1677, train_rmse-0.4095, valid_rmse-1.2157, valid_pr-0.7546
epoch-177, train_loss-0.1906, train_rmse-0.4366, valid_rmse-1.2166, valid_pr-0.7557
epoch-178, train_loss-0.1702, train_rmse-0.4126, valid_rmse-1.2195, valid_pr-0.7577
epoch-179, train_loss-0.1877, train_rmse-0.4332, valid_rmse-1.2131, valid_pr-0.7561
epoch-180, train_loss-0.1701, train_rmse-0.4124, valid_rmse-1.2291, valid_pr-0.7534
epoch-181, train_loss-0.1724, train_rmse-0.4153, valid_rmse-1.2302, valid_pr-0.7517
epoch-182, train_loss-0.1625, train_rmse-0.4031, valid_rmse-1.2255, valid_pr-0.7535
epoch-183, train_loss-0.1735, train_rmse-0.4165, valid_rmse-1.2393, valid_pr-0.7497
epoch-184, train_loss-0.1633, train_rmse-0.4041, valid_rmse-1.2069, valid_pr-0.7575
Validation : valid_rmse-1.2069, valid_pr-0.7575, 
test2013_rmse-1.3380, test2013_pr-0.8374, test2016_rmse-1.1908, test2016_pr-0.8491, test2019_rmse-1.3684, test2019_pr-0.6489
epoch-185, train_loss-0.1547, train_rmse-0.3933, valid_rmse-1.2232, valid_pr-0.7548
epoch-186, train_loss-0.1694, train_rmse-0.4115, valid_rmse-1.2152, valid_pr-0.7598
epoch-187, train_loss-0.1756, train_rmse-0.4191, valid_rmse-1.1967, valid_pr-0.7616
Validation : valid_rmse-1.1967, valid_pr-0.7616, 
test2013_rmse-1.3534, test2013_pr-0.8283, test2016_rmse-1.1975, test2016_pr-0.8421, test2019_rmse-1.3731, test2019_pr-0.6476
epoch-188, train_loss-0.1730, train_rmse-0.4159, valid_rmse-1.2240, valid_pr-0.7497
epoch-189, train_loss-0.1714, train_rmse-0.4140, valid_rmse-1.2087, valid_pr-0.7574
epoch-190, train_loss-0.1697, train_rmse-0.4120, valid_rmse-1.2493, valid_pr-0.7425
epoch-191, train_loss-0.1697, train_rmse-0.4120, valid_rmse-1.2454, valid_pr-0.7500
epoch-192, train_loss-0.1681, train_rmse-0.4099, valid_rmse-1.2197, valid_pr-0.7537
epoch-193, train_loss-0.1533, train_rmse-0.3915, valid_rmse-1.2195, valid_pr-0.7544
epoch-194, train_loss-0.1629, train_rmse-0.4036, valid_rmse-1.2214, valid_pr-0.7532
epoch-195, train_loss-0.1636, train_rmse-0.4045, valid_rmse-1.2306, valid_pr-0.7466
epoch-196, train_loss-0.1533, train_rmse-0.3916, valid_rmse-1.2383, valid_pr-0.7510
epoch-197, train_loss-0.1585, train_rmse-0.3981, valid_rmse-1.2189, valid_pr-0.7541
epoch-198, train_loss-0.1654, train_rmse-0.4067, valid_rmse-1.2336, valid_pr-0.7509
epoch-199, train_loss-0.1443, train_rmse-0.3799, valid_rmse-1.2249, valid_pr-0.7517
epoch-200, train_loss-0.1662, train_rmse-0.4077, valid_rmse-1.2364, valid_pr-0.7451
epoch-201, train_loss-0.1619, train_rmse-0.4023, valid_rmse-1.2259, valid_pr-0.7533
epoch-202, train_loss-0.1531, train_rmse-0.3913, valid_rmse-1.2385, valid_pr-0.7460
epoch-203, train_loss-0.1608, train_rmse-0.4010, valid_rmse-1.2326, valid_pr-0.7583
epoch-204, train_loss-0.1571, train_rmse-0.3964, valid_rmse-1.2202, valid_pr-0.7522
epoch-205, train_loss-0.1572, train_rmse-0.3965, valid_rmse-1.2277, valid_pr-0.7498
epoch-206, train_loss-0.1512, train_rmse-0.3889, valid_rmse-1.2288, valid_pr-0.7531
epoch-207, train_loss-0.1526, train_rmse-0.3907, valid_rmse-1.2173, valid_pr-0.7556
epoch-208, train_loss-0.1599, train_rmse-0.3998, valid_rmse-1.2357, valid_pr-0.7523
epoch-209, train_loss-0.1554, train_rmse-0.3941, valid_rmse-1.2189, valid_pr-0.7522
epoch-210, train_loss-0.1536, train_rmse-0.3920, valid_rmse-1.2354, valid_pr-0.7532
epoch-211, train_loss-0.1555, train_rmse-0.3943, valid_rmse-1.2220, valid_pr-0.7549
epoch-212, train_loss-0.1609, train_rmse-0.4011, valid_rmse-1.2083, valid_pr-0.7587
epoch-213, train_loss-0.1528, train_rmse-0.3909, valid_rmse-1.2221, valid_pr-0.7533
epoch-214, train_loss-0.1534, train_rmse-0.3917, valid_rmse-1.2286, valid_pr-0.7568
epoch-215, train_loss-0.1592, train_rmse-0.3990, valid_rmse-1.2170, valid_pr-0.7543
epoch-216, train_loss-0.1488, train_rmse-0.3857, valid_rmse-1.2217, valid_pr-0.7567
epoch-217, train_loss-0.1507, train_rmse-0.3881, valid_rmse-1.2269, valid_pr-0.7510
epoch-218, train_loss-0.1573, train_rmse-0.3967, valid_rmse-1.2153, valid_pr-0.7545
epoch-219, train_loss-0.1568, train_rmse-0.3960, valid_rmse-1.2225, valid_pr-0.7543
epoch-220, train_loss-0.1561, train_rmse-0.3951, valid_rmse-1.2207, valid_pr-0.7529
epoch-221, train_loss-0.1504, train_rmse-0.3878, valid_rmse-1.2152, valid_pr-0.7557
epoch-222, train_loss-0.1493, train_rmse-0.3863, valid_rmse-1.2115, valid_pr-0.7567
epoch-223, train_loss-0.1490, train_rmse-0.3860, valid_rmse-1.2155, valid_pr-0.7545
epoch-224, train_loss-0.1441, train_rmse-0.3796, valid_rmse-1.2032, valid_pr-0.7603
epoch-225, train_loss-0.1446, train_rmse-0.3803, valid_rmse-1.2215, valid_pr-0.7517
epoch-226, train_loss-0.1406, train_rmse-0.3750, valid_rmse-1.2259, valid_pr-0.7513
epoch-227, train_loss-0.1552, train_rmse-0.3940, valid_rmse-1.2255, valid_pr-0.7502
epoch-228, train_loss-0.1526, train_rmse-0.3907, valid_rmse-1.2193, valid_pr-0.7519
epoch-229, train_loss-0.1519, train_rmse-0.3898, valid_rmse-1.2331, valid_pr-0.7519
epoch-230, train_loss-0.1515, train_rmse-0.3892, valid_rmse-1.2129, valid_pr-0.7542
epoch-231, train_loss-0.1495, train_rmse-0.3867, valid_rmse-1.2202, valid_pr-0.7524
epoch-232, train_loss-0.1480, train_rmse-0.3847, valid_rmse-1.2182, valid_pr-0.7552
epoch-233, train_loss-0.1409, train_rmse-0.3754, valid_rmse-1.2103, valid_pr-0.7555
epoch-234, train_loss-0.1404, train_rmse-0.3747, valid_rmse-1.2082, valid_pr-0.7584
epoch-235, train_loss-0.1363, train_rmse-0.3692, valid_rmse-1.2079, valid_pr-0.7567
epoch-236, train_loss-0.1469, train_rmse-0.3833, valid_rmse-1.2084, valid_pr-0.7580
epoch-237, train_loss-0.1476, train_rmse-0.3842, valid_rmse-1.2081, valid_pr-0.7581
epoch-238, train_loss-0.1400, train_rmse-0.3742, valid_rmse-1.2263, valid_pr-0.7528
epoch-239, train_loss-0.1430, train_rmse-0.3781, valid_rmse-1.2102, valid_pr-0.7565
epoch-240, train_loss-0.1276, train_rmse-0.3573, valid_rmse-1.2061, valid_pr-0.7587
epoch-241, train_loss-0.1108, train_rmse-0.3329, valid_rmse-1.2092, valid_pr-0.7579
epoch-242, train_loss-0.1241, train_rmse-0.3523, valid_rmse-1.2026, valid_pr-0.7625
epoch-243, train_loss-0.1133, train_rmse-0.3366, valid_rmse-1.2087, valid_pr-0.7612
epoch-244, train_loss-0.1143, train_rmse-0.3381, valid_rmse-1.2045, valid_pr-0.7608
epoch-245, train_loss-0.1147, train_rmse-0.3386, valid_rmse-1.2147, valid_pr-0.7613
epoch-246, train_loss-0.1086, train_rmse-0.3295, valid_rmse-1.1978, valid_pr-0.7649
epoch-247, train_loss-0.1225, train_rmse-0.3500, valid_rmse-1.2013, valid_pr-0.7610
epoch-248, train_loss-0.1090, train_rmse-0.3302, valid_rmse-1.2093, valid_pr-0.7573
epoch-249, train_loss-0.1134, train_rmse-0.3368, valid_rmse-1.2108, valid_pr-0.7568
epoch-250, train_loss-0.1118, train_rmse-0.3343, valid_rmse-1.2082, valid_pr-0.7587
epoch-251, train_loss-0.1182, train_rmse-0.3437, valid_rmse-1.2086, valid_pr-0.7591
epoch-252, train_loss-0.1175, train_rmse-0.3427, valid_rmse-1.2088, valid_pr-0.7576
epoch-253, train_loss-0.1103, train_rmse-0.3322, valid_rmse-1.2101, valid_pr-0.7582
epoch-254, train_loss-0.1165, train_rmse-0.3413, valid_rmse-1.2087, valid_pr-0.7581
epoch-255, train_loss-0.1113, train_rmse-0.3336, valid_rmse-1.2042, valid_pr-0.7616
epoch-256, train_loss-0.1097, train_rmse-0.3312, valid_rmse-1.2070, valid_pr-0.7597
epoch-257, train_loss-0.1200, train_rmse-0.3464, valid_rmse-1.2071, valid_pr-0.7594
epoch-258, train_loss-0.1157, train_rmse-0.3402, valid_rmse-1.2092, valid_pr-0.7585
epoch-259, train_loss-0.1121, train_rmse-0.3349, valid_rmse-1.2141, valid_pr-0.7538
epoch-260, train_loss-0.1186, train_rmse-0.3444, valid_rmse-1.2161, valid_pr-0.7572
epoch-261, train_loss-0.1213, train_rmse-0.3482, valid_rmse-1.2124, valid_pr-0.7572
epoch-262, train_loss-0.1160, train_rmse-0.3406, valid_rmse-1.2078, valid_pr-0.7603
epoch-263, train_loss-0.1049, train_rmse-0.3240, valid_rmse-1.2041, valid_pr-0.7591
epoch-264, train_loss-0.1209, train_rmse-0.3477, valid_rmse-1.2065, valid_pr-0.7608
epoch-265, train_loss-0.1106, train_rmse-0.3325, valid_rmse-1.2037, valid_pr-0.7601
epoch-266, train_loss-0.1090, train_rmse-0.3302, valid_rmse-1.2005, valid_pr-0.7601
epoch-267, train_loss-0.1161, train_rmse-0.3407, valid_rmse-1.2104, valid_pr-0.7594
epoch-268, train_loss-0.1109, train_rmse-0.3329, valid_rmse-1.2029, valid_pr-0.7602
epoch-269, train_loss-0.1221, train_rmse-0.3494, valid_rmse-1.2217, valid_pr-0.7555
