ours-lrs-0.001-abl-q3q3, lr=0.001, seed=892
train_GIGN.py
train data: 11904
valid data: 1000
test2013 data: 107
test2016 data: 285
test2019 data: 4366
GIGN params # : 1341342
epoch-0, train_loss-16.6035, train_rmse-4.0747, valid_rmse-1.8696, valid_pr-0.5199
Validation : valid_rmse-1.8696, valid_pr-0.5199, 
test2013_rmse-1.9083, test2013_pr-0.6708, test2016_rmse-1.7968, test2016_pr-0.7113, test2019_rmse-1.7348, test2019_pr-0.5746
epoch-1, train_loss-2.6284, train_rmse-1.6212, valid_rmse-1.5863, valid_pr-0.5973
Validation : valid_rmse-1.5863, valid_pr-0.5973, 
test2013_rmse-1.5455, test2013_pr-0.7747, test2016_rmse-1.4336, test2016_pr-0.7663, test2019_rmse-1.5261, test2019_pr-0.6310
epoch-2, train_loss-2.3929, train_rmse-1.5469, valid_rmse-1.6851, valid_pr-0.4745
epoch-3, train_loss-2.1545, train_rmse-1.4678, valid_rmse-1.5323, valid_pr-0.6292
Validation : valid_rmse-1.5323, valid_pr-0.6292, 
test2013_rmse-1.6067, test2013_pr-0.7795, test2016_rmse-1.4539, test2016_pr-0.7765, test2019_rmse-1.4797, test2019_pr-0.6466
epoch-4, train_loss-2.0786, train_rmse-1.4417, valid_rmse-1.6145, valid_pr-0.6062
epoch-5, train_loss-1.9618, train_rmse-1.4007, valid_rmse-1.4240, valid_pr-0.6677
Validation : valid_rmse-1.4240, valid_pr-0.6677, 
test2013_rmse-1.4380, test2013_pr-0.8154, test2016_rmse-1.3420, test2016_pr-0.8157, test2019_rmse-1.3938, test2019_pr-0.6505
epoch-6, train_loss-1.8310, train_rmse-1.3531, valid_rmse-1.4526, valid_pr-0.6444
epoch-7, train_loss-1.7524, train_rmse-1.3238, valid_rmse-1.3602, valid_pr-0.6795
Validation : valid_rmse-1.3602, valid_pr-0.6795, 
test2013_rmse-1.4182, test2013_pr-0.8176, test2016_rmse-1.2795, test2016_pr-0.8192, test2019_rmse-1.3737, test2019_pr-0.6503
epoch-8, train_loss-1.6715, train_rmse-1.2929, valid_rmse-1.4386, valid_pr-0.6586
epoch-9, train_loss-1.6174, train_rmse-1.2718, valid_rmse-1.3535, valid_pr-0.6940
Validation : valid_rmse-1.3535, valid_pr-0.6940, 
test2013_rmse-1.5312, test2013_pr-0.7836, test2016_rmse-1.3193, test2016_pr-0.8186, test2019_rmse-1.4226, test2019_pr-0.6267
epoch-10, train_loss-1.4675, train_rmse-1.2114, valid_rmse-1.5493, valid_pr-0.6889
epoch-11, train_loss-1.3881, train_rmse-1.1782, valid_rmse-1.4148, valid_pr-0.6830
epoch-12, train_loss-1.3394, train_rmse-1.1573, valid_rmse-1.3863, valid_pr-0.6664
epoch-13, train_loss-1.2680, train_rmse-1.1261, valid_rmse-1.3932, valid_pr-0.6675
epoch-14, train_loss-1.1555, train_rmse-1.0750, valid_rmse-1.5033, valid_pr-0.6439
epoch-15, train_loss-1.1624, train_rmse-1.0782, valid_rmse-1.4070, valid_pr-0.6744
epoch-16, train_loss-1.0842, train_rmse-1.0413, valid_rmse-1.5334, valid_pr-0.6459
epoch-17, train_loss-0.9858, train_rmse-0.9929, valid_rmse-1.5419, valid_pr-0.6058
epoch-18, train_loss-0.9752, train_rmse-0.9875, valid_rmse-1.4270, valid_pr-0.6990
epoch-19, train_loss-0.8852, train_rmse-0.9409, valid_rmse-1.6366, valid_pr-0.6849
epoch-20, train_loss-0.8708, train_rmse-0.9332, valid_rmse-1.3896, valid_pr-0.6861
epoch-21, train_loss-0.8349, train_rmse-0.9137, valid_rmse-1.4409, valid_pr-0.6691
epoch-22, train_loss-0.7757, train_rmse-0.8807, valid_rmse-1.3476, valid_pr-0.6944
Validation : valid_rmse-1.3476, valid_pr-0.6944, 
test2013_rmse-1.3460, test2013_pr-0.8350, test2016_rmse-1.2818, test2016_pr-0.8225, test2019_rmse-1.4585, test2019_pr-0.6087
epoch-23, train_loss-0.7598, train_rmse-0.8717, valid_rmse-1.4012, valid_pr-0.6686
epoch-24, train_loss-0.6854, train_rmse-0.8279, valid_rmse-1.3517, valid_pr-0.7084
epoch-25, train_loss-0.6761, train_rmse-0.8222, valid_rmse-1.5196, valid_pr-0.6460
epoch-26, train_loss-0.6925, train_rmse-0.8322, valid_rmse-1.4236, valid_pr-0.6615
epoch-27, train_loss-0.6594, train_rmse-0.8121, valid_rmse-1.3540, valid_pr-0.7025
epoch-28, train_loss-0.5941, train_rmse-0.7708, valid_rmse-1.3753, valid_pr-0.6718
epoch-29, train_loss-0.5966, train_rmse-0.7724, valid_rmse-1.3251, valid_pr-0.7103
Validation : valid_rmse-1.3251, valid_pr-0.7103, 
test2013_rmse-1.3769, test2013_pr-0.8109, test2016_rmse-1.2119, test2016_pr-0.8316, test2019_rmse-1.4817, test2019_pr-0.6064
epoch-30, train_loss-0.5895, train_rmse-0.7678, valid_rmse-1.3327, valid_pr-0.7092
epoch-31, train_loss-0.6083, train_rmse-0.7799, valid_rmse-1.6331, valid_pr-0.6261
epoch-32, train_loss-0.6215, train_rmse-0.7884, valid_rmse-1.3715, valid_pr-0.6948
epoch-33, train_loss-0.5826, train_rmse-0.7633, valid_rmse-1.3934, valid_pr-0.6990
epoch-34, train_loss-0.5341, train_rmse-0.7308, valid_rmse-1.4425, valid_pr-0.7044
epoch-35, train_loss-0.4993, train_rmse-0.7066, valid_rmse-1.3732, valid_pr-0.7005
epoch-36, train_loss-0.4724, train_rmse-0.6873, valid_rmse-1.3277, valid_pr-0.7181
epoch-37, train_loss-0.4803, train_rmse-0.6930, valid_rmse-1.4874, valid_pr-0.6883
epoch-38, train_loss-0.4941, train_rmse-0.7029, valid_rmse-1.3530, valid_pr-0.7048
epoch-39, train_loss-0.4466, train_rmse-0.6683, valid_rmse-1.3812, valid_pr-0.7076
epoch-40, train_loss-0.4769, train_rmse-0.6906, valid_rmse-1.4420, valid_pr-0.7213
epoch-41, train_loss-0.4252, train_rmse-0.6521, valid_rmse-1.3028, valid_pr-0.7163
Validation : valid_rmse-1.3028, valid_pr-0.7163, 
test2013_rmse-1.3710, test2013_pr-0.8111, test2016_rmse-1.1959, test2016_pr-0.8357, test2019_rmse-1.4467, test2019_pr-0.6159
epoch-42, train_loss-0.4263, train_rmse-0.6529, valid_rmse-1.3662, valid_pr-0.6963
epoch-43, train_loss-0.4154, train_rmse-0.6445, valid_rmse-1.3599, valid_pr-0.7159
epoch-44, train_loss-0.4294, train_rmse-0.6553, valid_rmse-1.4835, valid_pr-0.6906
epoch-45, train_loss-0.3990, train_rmse-0.6316, valid_rmse-1.3463, valid_pr-0.7114
epoch-46, train_loss-0.4023, train_rmse-0.6343, valid_rmse-1.3425, valid_pr-0.7194
epoch-47, train_loss-0.3884, train_rmse-0.6232, valid_rmse-1.3180, valid_pr-0.7088
epoch-48, train_loss-0.3532, train_rmse-0.5943, valid_rmse-1.3214, valid_pr-0.7251
epoch-49, train_loss-0.3547, train_rmse-0.5956, valid_rmse-1.3786, valid_pr-0.7048
epoch-50, train_loss-0.3719, train_rmse-0.6098, valid_rmse-1.3022, valid_pr-0.7182
Validation : valid_rmse-1.3022, valid_pr-0.7182, 
test2013_rmse-1.3407, test2013_pr-0.8234, test2016_rmse-1.1966, test2016_pr-0.8376, test2019_rmse-1.4411, test2019_pr-0.6220
epoch-51, train_loss-0.3488, train_rmse-0.5906, valid_rmse-1.3531, valid_pr-0.7124
epoch-52, train_loss-0.3455, train_rmse-0.5878, valid_rmse-1.2953, valid_pr-0.7273
Validation : valid_rmse-1.2953, valid_pr-0.7273, 
test2013_rmse-1.3484, test2013_pr-0.8246, test2016_rmse-1.2038, test2016_pr-0.8372, test2019_rmse-1.4480, test2019_pr-0.6289
epoch-53, train_loss-0.3510, train_rmse-0.5925, valid_rmse-1.3362, valid_pr-0.7078
epoch-54, train_loss-0.3775, train_rmse-0.6144, valid_rmse-1.3092, valid_pr-0.7094
epoch-55, train_loss-0.3664, train_rmse-0.6053, valid_rmse-1.3048, valid_pr-0.7185
epoch-56, train_loss-0.3323, train_rmse-0.5764, valid_rmse-1.3495, valid_pr-0.7010
epoch-57, train_loss-0.3450, train_rmse-0.5874, valid_rmse-1.3339, valid_pr-0.7167
epoch-58, train_loss-0.3349, train_rmse-0.5787, valid_rmse-1.3507, valid_pr-0.7341
epoch-59, train_loss-0.3463, train_rmse-0.5885, valid_rmse-1.3000, valid_pr-0.7241
epoch-60, train_loss-0.3400, train_rmse-0.5831, valid_rmse-1.3478, valid_pr-0.7209
epoch-61, train_loss-0.3282, train_rmse-0.5729, valid_rmse-1.3016, valid_pr-0.7261
epoch-62, train_loss-0.3188, train_rmse-0.5646, valid_rmse-1.3358, valid_pr-0.7165
epoch-63, train_loss-0.3170, train_rmse-0.5630, valid_rmse-1.3032, valid_pr-0.7294
epoch-64, train_loss-0.3176, train_rmse-0.5636, valid_rmse-1.3043, valid_pr-0.7299
epoch-65, train_loss-0.3000, train_rmse-0.5477, valid_rmse-1.2914, valid_pr-0.7251
Validation : valid_rmse-1.2914, valid_pr-0.7251, 
test2013_rmse-1.2968, test2013_pr-0.8458, test2016_rmse-1.1959, test2016_pr-0.8449, test2019_rmse-1.4390, test2019_pr-0.6250
epoch-66, train_loss-0.3323, train_rmse-0.5764, valid_rmse-1.2998, valid_pr-0.7280
epoch-67, train_loss-0.3114, train_rmse-0.5580, valid_rmse-1.3234, valid_pr-0.7159
epoch-68, train_loss-0.2920, train_rmse-0.5404, valid_rmse-1.2820, valid_pr-0.7366
Validation : valid_rmse-1.2820, valid_pr-0.7366, 
test2013_rmse-1.2858, test2013_pr-0.8375, test2016_rmse-1.1469, test2016_pr-0.8515, test2019_rmse-1.4154, test2019_pr-0.6510
epoch-69, train_loss-0.2969, train_rmse-0.5449, valid_rmse-1.2797, valid_pr-0.7288
Validation : valid_rmse-1.2797, valid_pr-0.7288, 
test2013_rmse-1.2640, test2013_pr-0.8501, test2016_rmse-1.1670, test2016_pr-0.8470, test2019_rmse-1.4061, test2019_pr-0.6411
epoch-70, train_loss-0.2913, train_rmse-0.5397, valid_rmse-1.4510, valid_pr-0.7279
epoch-71, train_loss-0.2965, train_rmse-0.5445, valid_rmse-1.3057, valid_pr-0.7140
epoch-72, train_loss-0.2980, train_rmse-0.5459, valid_rmse-1.2898, valid_pr-0.7302
epoch-73, train_loss-0.3031, train_rmse-0.5505, valid_rmse-1.3397, valid_pr-0.7223
epoch-74, train_loss-0.2984, train_rmse-0.5463, valid_rmse-1.3037, valid_pr-0.7162
epoch-75, train_loss-0.3033, train_rmse-0.5507, valid_rmse-1.3772, valid_pr-0.6854
epoch-76, train_loss-0.2947, train_rmse-0.5429, valid_rmse-1.3367, valid_pr-0.7200
epoch-77, train_loss-0.2934, train_rmse-0.5417, valid_rmse-1.3388, valid_pr-0.7186
epoch-78, train_loss-0.2800, train_rmse-0.5291, valid_rmse-1.2804, valid_pr-0.7282
epoch-79, train_loss-0.2873, train_rmse-0.5360, valid_rmse-1.3034, valid_pr-0.7330
epoch-80, train_loss-0.2660, train_rmse-0.5158, valid_rmse-1.3002, valid_pr-0.7147
epoch-81, train_loss-0.2994, train_rmse-0.5472, valid_rmse-1.3028, valid_pr-0.7390
epoch-82, train_loss-0.2680, train_rmse-0.5177, valid_rmse-1.2986, valid_pr-0.7332
epoch-83, train_loss-0.2649, train_rmse-0.5147, valid_rmse-1.3025, valid_pr-0.7305
epoch-84, train_loss-0.2734, train_rmse-0.5228, valid_rmse-1.3222, valid_pr-0.7152
epoch-85, train_loss-0.2789, train_rmse-0.5281, valid_rmse-1.3013, valid_pr-0.7234
epoch-86, train_loss-0.2563, train_rmse-0.5062, valid_rmse-1.3481, valid_pr-0.7321
epoch-87, train_loss-0.2589, train_rmse-0.5088, valid_rmse-1.2973, valid_pr-0.7284
epoch-88, train_loss-0.2585, train_rmse-0.5084, valid_rmse-1.2860, valid_pr-0.7281
epoch-89, train_loss-0.2807, train_rmse-0.5298, valid_rmse-1.3049, valid_pr-0.7222
epoch-90, train_loss-0.2750, train_rmse-0.5244, valid_rmse-1.2966, valid_pr-0.7232
epoch-91, train_loss-0.2849, train_rmse-0.5338, valid_rmse-1.2861, valid_pr-0.7277
epoch-92, train_loss-0.2681, train_rmse-0.5178, valid_rmse-1.2919, valid_pr-0.7266
epoch-93, train_loss-0.2500, train_rmse-0.5000, valid_rmse-1.3068, valid_pr-0.7217
epoch-94, train_loss-0.2456, train_rmse-0.4956, valid_rmse-1.3121, valid_pr-0.7211
epoch-95, train_loss-0.2311, train_rmse-0.4807, valid_rmse-1.2844, valid_pr-0.7254
epoch-96, train_loss-0.2440, train_rmse-0.4940, valid_rmse-1.3077, valid_pr-0.7260
epoch-97, train_loss-0.2500, train_rmse-0.5000, valid_rmse-1.2680, valid_pr-0.7318
Validation : valid_rmse-1.2680, valid_pr-0.7318, 
test2013_rmse-1.3124, test2013_pr-0.8370, test2016_rmse-1.1691, test2016_pr-0.8459, test2019_rmse-1.4042, test2019_pr-0.6385
epoch-98, train_loss-0.2280, train_rmse-0.4775, valid_rmse-1.2797, valid_pr-0.7253
epoch-99, train_loss-0.2297, train_rmse-0.4793, valid_rmse-1.2847, valid_pr-0.7211
epoch-100, train_loss-0.2303, train_rmse-0.4799, valid_rmse-1.2784, valid_pr-0.7258
epoch-101, train_loss-0.2504, train_rmse-0.5004, valid_rmse-1.2917, valid_pr-0.7225
epoch-102, train_loss-0.2349, train_rmse-0.4846, valid_rmse-1.2773, valid_pr-0.7287
epoch-103, train_loss-0.2325, train_rmse-0.4821, valid_rmse-1.2822, valid_pr-0.7241
epoch-104, train_loss-0.2301, train_rmse-0.4797, valid_rmse-1.2762, valid_pr-0.7310
epoch-105, train_loss-0.2467, train_rmse-0.4967, valid_rmse-1.2713, valid_pr-0.7293
epoch-106, train_loss-0.2340, train_rmse-0.4838, valid_rmse-1.3462, valid_pr-0.7218
epoch-107, train_loss-0.2315, train_rmse-0.4811, valid_rmse-1.2737, valid_pr-0.7348
epoch-108, train_loss-0.2282, train_rmse-0.4777, valid_rmse-1.2655, valid_pr-0.7309
Validation : valid_rmse-1.2655, valid_pr-0.7309, 
test2013_rmse-1.2554, test2013_pr-0.8546, test2016_rmse-1.1559, test2016_pr-0.8525, test2019_rmse-1.3953, test2019_pr-0.6410
epoch-109, train_loss-0.2354, train_rmse-0.4852, valid_rmse-1.2826, valid_pr-0.7273
epoch-110, train_loss-0.2336, train_rmse-0.4833, valid_rmse-1.3121, valid_pr-0.7261
epoch-111, train_loss-0.2299, train_rmse-0.4794, valid_rmse-1.3497, valid_pr-0.7215
epoch-112, train_loss-0.2326, train_rmse-0.4822, valid_rmse-1.2649, valid_pr-0.7305
Validation : valid_rmse-1.2649, valid_pr-0.7305, 
test2013_rmse-1.2714, test2013_pr-0.8578, test2016_rmse-1.1779, test2016_pr-0.8473, test2019_rmse-1.3949, test2019_pr-0.6354
epoch-113, train_loss-0.2224, train_rmse-0.4716, valid_rmse-1.3015, valid_pr-0.7221
epoch-114, train_loss-0.2223, train_rmse-0.4715, valid_rmse-1.3069, valid_pr-0.7246
epoch-115, train_loss-0.2202, train_rmse-0.4693, valid_rmse-1.2833, valid_pr-0.7325
epoch-116, train_loss-0.2072, train_rmse-0.4552, valid_rmse-1.2955, valid_pr-0.7280
epoch-117, train_loss-0.2094, train_rmse-0.4576, valid_rmse-1.2798, valid_pr-0.7282
epoch-118, train_loss-0.2169, train_rmse-0.4657, valid_rmse-1.2716, valid_pr-0.7301
epoch-119, train_loss-0.2100, train_rmse-0.4583, valid_rmse-1.2866, valid_pr-0.7317
epoch-120, train_loss-0.2184, train_rmse-0.4673, valid_rmse-1.2762, valid_pr-0.7335
epoch-121, train_loss-0.2224, train_rmse-0.4716, valid_rmse-1.2967, valid_pr-0.7295
epoch-122, train_loss-0.2175, train_rmse-0.4664, valid_rmse-1.2696, valid_pr-0.7357
epoch-123, train_loss-0.2067, train_rmse-0.4547, valid_rmse-1.2788, valid_pr-0.7256
epoch-124, train_loss-0.2288, train_rmse-0.4784, valid_rmse-1.2794, valid_pr-0.7325
epoch-125, train_loss-0.2165, train_rmse-0.4653, valid_rmse-1.2742, valid_pr-0.7286
epoch-126, train_loss-0.2172, train_rmse-0.4660, valid_rmse-1.2590, valid_pr-0.7404
Validation : valid_rmse-1.2590, valid_pr-0.7404, 
test2013_rmse-1.2297, test2013_pr-0.8555, test2016_rmse-1.1372, test2016_pr-0.8537, test2019_rmse-1.4084, test2019_pr-0.6462
epoch-127, train_loss-0.2204, train_rmse-0.4694, valid_rmse-1.2713, valid_pr-0.7372
epoch-128, train_loss-0.2130, train_rmse-0.4615, valid_rmse-1.2635, valid_pr-0.7379
epoch-129, train_loss-0.2134, train_rmse-0.4620, valid_rmse-1.2694, valid_pr-0.7355
epoch-130, train_loss-0.2056, train_rmse-0.4534, valid_rmse-1.2744, valid_pr-0.7373
epoch-131, train_loss-0.1922, train_rmse-0.4384, valid_rmse-1.2681, valid_pr-0.7362
epoch-132, train_loss-0.1978, train_rmse-0.4447, valid_rmse-1.2821, valid_pr-0.7331
epoch-133, train_loss-0.1903, train_rmse-0.4362, valid_rmse-1.2968, valid_pr-0.7349
epoch-134, train_loss-0.2149, train_rmse-0.4636, valid_rmse-1.2642, valid_pr-0.7363
epoch-135, train_loss-0.1949, train_rmse-0.4415, valid_rmse-1.2535, valid_pr-0.7377
Validation : valid_rmse-1.2535, valid_pr-0.7377, 
test2013_rmse-1.2195, test2013_pr-0.8699, test2016_rmse-1.1274, test2016_pr-0.8626, test2019_rmse-1.3808, test2019_pr-0.6492
epoch-136, train_loss-0.2004, train_rmse-0.4477, valid_rmse-1.2489, valid_pr-0.7406
Validation : valid_rmse-1.2489, valid_pr-0.7406, 
test2013_rmse-1.2682, test2013_pr-0.8490, test2016_rmse-1.1568, test2016_pr-0.8502, test2019_rmse-1.3896, test2019_pr-0.6459
epoch-137, train_loss-0.1913, train_rmse-0.4373, valid_rmse-1.2932, valid_pr-0.7357
epoch-138, train_loss-0.1973, train_rmse-0.4441, valid_rmse-1.2575, valid_pr-0.7355
epoch-139, train_loss-0.2007, train_rmse-0.4480, valid_rmse-1.2386, valid_pr-0.7460
Validation : valid_rmse-1.2386, valid_pr-0.7460, 
test2013_rmse-1.2813, test2013_pr-0.8441, test2016_rmse-1.1580, test2016_pr-0.8478, test2019_rmse-1.3869, test2019_pr-0.6486
epoch-140, train_loss-0.1946, train_rmse-0.4411, valid_rmse-1.3274, valid_pr-0.7352
epoch-141, train_loss-0.2055, train_rmse-0.4533, valid_rmse-1.2610, valid_pr-0.7428
epoch-142, train_loss-0.2052, train_rmse-0.4530, valid_rmse-1.2851, valid_pr-0.7305
epoch-143, train_loss-0.1863, train_rmse-0.4316, valid_rmse-1.3281, valid_pr-0.7280
epoch-144, train_loss-0.1971, train_rmse-0.4440, valid_rmse-1.2709, valid_pr-0.7314
epoch-145, train_loss-0.1874, train_rmse-0.4329, valid_rmse-1.2581, valid_pr-0.7391
epoch-146, train_loss-0.1944, train_rmse-0.4409, valid_rmse-1.2521, valid_pr-0.7423
epoch-147, train_loss-0.1911, train_rmse-0.4371, valid_rmse-1.2887, valid_pr-0.7313
epoch-148, train_loss-0.1904, train_rmse-0.4364, valid_rmse-1.2537, valid_pr-0.7411
epoch-149, train_loss-0.1901, train_rmse-0.4361, valid_rmse-1.3268, valid_pr-0.7278
epoch-150, train_loss-0.2024, train_rmse-0.4499, valid_rmse-1.3007, valid_pr-0.7365
epoch-151, train_loss-0.1966, train_rmse-0.4435, valid_rmse-1.2829, valid_pr-0.7361
epoch-152, train_loss-0.1851, train_rmse-0.4303, valid_rmse-1.2553, valid_pr-0.7409
epoch-153, train_loss-0.1915, train_rmse-0.4376, valid_rmse-1.2572, valid_pr-0.7435
epoch-154, train_loss-0.1836, train_rmse-0.4285, valid_rmse-1.2572, valid_pr-0.7382
epoch-155, train_loss-0.1775, train_rmse-0.4213, valid_rmse-1.2657, valid_pr-0.7304
epoch-156, train_loss-0.1777, train_rmse-0.4216, valid_rmse-1.2663, valid_pr-0.7331
epoch-157, train_loss-0.1786, train_rmse-0.4226, valid_rmse-1.2659, valid_pr-0.7368
epoch-158, train_loss-0.1897, train_rmse-0.4355, valid_rmse-1.2569, valid_pr-0.7400
epoch-159, train_loss-0.1941, train_rmse-0.4406, valid_rmse-1.2713, valid_pr-0.7347
epoch-160, train_loss-0.1795, train_rmse-0.4236, valid_rmse-1.2606, valid_pr-0.7361
epoch-161, train_loss-0.1965, train_rmse-0.4433, valid_rmse-1.2508, valid_pr-0.7393
epoch-162, train_loss-0.1675, train_rmse-0.4093, valid_rmse-1.2702, valid_pr-0.7337
epoch-163, train_loss-0.1868, train_rmse-0.4322, valid_rmse-1.2692, valid_pr-0.7368
epoch-164, train_loss-0.1807, train_rmse-0.4251, valid_rmse-1.2678, valid_pr-0.7303
epoch-165, train_loss-0.1670, train_rmse-0.4087, valid_rmse-1.2543, valid_pr-0.7408
epoch-166, train_loss-0.1665, train_rmse-0.4081, valid_rmse-1.2650, valid_pr-0.7327
epoch-167, train_loss-0.1854, train_rmse-0.4306, valid_rmse-1.2486, valid_pr-0.7416
epoch-168, train_loss-0.1784, train_rmse-0.4223, valid_rmse-1.2591, valid_pr-0.7399
epoch-169, train_loss-0.1806, train_rmse-0.4250, valid_rmse-1.2582, valid_pr-0.7381
epoch-170, train_loss-0.1659, train_rmse-0.4073, valid_rmse-1.2485, valid_pr-0.7447
epoch-171, train_loss-0.1784, train_rmse-0.4224, valid_rmse-1.2488, valid_pr-0.7464
epoch-172, train_loss-0.1745, train_rmse-0.4177, valid_rmse-1.2666, valid_pr-0.7299
epoch-173, train_loss-0.1732, train_rmse-0.4162, valid_rmse-1.2620, valid_pr-0.7317
epoch-174, train_loss-0.1932, train_rmse-0.4396, valid_rmse-1.2441, valid_pr-0.7408
epoch-175, train_loss-0.1667, train_rmse-0.4083, valid_rmse-1.2510, valid_pr-0.7402
epoch-176, train_loss-0.1777, train_rmse-0.4215, valid_rmse-1.2466, valid_pr-0.7391
epoch-177, train_loss-0.1755, train_rmse-0.4189, valid_rmse-1.2818, valid_pr-0.7402
epoch-178, train_loss-0.1701, train_rmse-0.4125, valid_rmse-1.2457, valid_pr-0.7447
epoch-179, train_loss-0.1717, train_rmse-0.4144, valid_rmse-1.2407, valid_pr-0.7451
epoch-180, train_loss-0.1783, train_rmse-0.4222, valid_rmse-1.2401, valid_pr-0.7437
epoch-181, train_loss-0.1703, train_rmse-0.4127, valid_rmse-1.2407, valid_pr-0.7452
epoch-182, train_loss-0.1659, train_rmse-0.4074, valid_rmse-1.2281, valid_pr-0.7493
Validation : valid_rmse-1.2281, valid_pr-0.7493, 
test2013_rmse-1.2618, test2013_pr-0.8509, test2016_rmse-1.1211, test2016_pr-0.8601, test2019_rmse-1.3728, test2019_pr-0.6570
epoch-183, train_loss-0.1624, train_rmse-0.4029, valid_rmse-1.2201, valid_pr-0.7513
Validation : valid_rmse-1.2201, valid_pr-0.7513, 
test2013_rmse-1.2735, test2013_pr-0.8555, test2016_rmse-1.1348, test2016_pr-0.8615, test2019_rmse-1.3736, test2019_pr-0.6492
epoch-184, train_loss-0.1672, train_rmse-0.4090, valid_rmse-1.2518, valid_pr-0.7387
epoch-185, train_loss-0.1735, train_rmse-0.4166, valid_rmse-1.2519, valid_pr-0.7497
epoch-186, train_loss-0.1641, train_rmse-0.4050, valid_rmse-1.2432, valid_pr-0.7418
epoch-187, train_loss-0.1726, train_rmse-0.4155, valid_rmse-1.2467, valid_pr-0.7410
epoch-188, train_loss-0.1602, train_rmse-0.4002, valid_rmse-1.2495, valid_pr-0.7388
epoch-189, train_loss-0.1695, train_rmse-0.4117, valid_rmse-1.2221, valid_pr-0.7530
epoch-190, train_loss-0.1591, train_rmse-0.3989, valid_rmse-1.2553, valid_pr-0.7462
epoch-191, train_loss-0.1604, train_rmse-0.4005, valid_rmse-1.2347, valid_pr-0.7489
epoch-192, train_loss-0.1683, train_rmse-0.4103, valid_rmse-1.2512, valid_pr-0.7478
epoch-193, train_loss-0.1627, train_rmse-0.4033, valid_rmse-1.2221, valid_pr-0.7516
epoch-194, train_loss-0.1618, train_rmse-0.4022, valid_rmse-1.2253, valid_pr-0.7506
epoch-195, train_loss-0.1514, train_rmse-0.3890, valid_rmse-1.2305, valid_pr-0.7484
epoch-196, train_loss-0.1535, train_rmse-0.3918, valid_rmse-1.2363, valid_pr-0.7483
epoch-197, train_loss-0.1644, train_rmse-0.4055, valid_rmse-1.2337, valid_pr-0.7500
epoch-198, train_loss-0.1702, train_rmse-0.4125, valid_rmse-1.2143, valid_pr-0.7562
Validation : valid_rmse-1.2143, valid_pr-0.7562, 
test2013_rmse-1.2379, test2013_pr-0.8531, test2016_rmse-1.1282, test2016_pr-0.8560, test2019_rmse-1.3880, test2019_pr-0.6475
epoch-199, train_loss-0.1656, train_rmse-0.4069, valid_rmse-1.2358, valid_pr-0.7493
epoch-200, train_loss-0.1623, train_rmse-0.4029, valid_rmse-1.2328, valid_pr-0.7473
epoch-201, train_loss-0.1470, train_rmse-0.3834, valid_rmse-1.2362, valid_pr-0.7463
epoch-202, train_loss-0.1810, train_rmse-0.4254, valid_rmse-1.2551, valid_pr-0.7452
epoch-203, train_loss-0.1631, train_rmse-0.4038, valid_rmse-1.2290, valid_pr-0.7511
epoch-204, train_loss-0.1507, train_rmse-0.3882, valid_rmse-1.2397, valid_pr-0.7450
epoch-205, train_loss-0.1615, train_rmse-0.4019, valid_rmse-1.2360, valid_pr-0.7456
epoch-206, train_loss-0.1555, train_rmse-0.3943, valid_rmse-1.2255, valid_pr-0.7543
epoch-207, train_loss-0.1532, train_rmse-0.3914, valid_rmse-1.2485, valid_pr-0.7404
epoch-208, train_loss-0.1644, train_rmse-0.4055, valid_rmse-1.2577, valid_pr-0.7465
epoch-209, train_loss-0.1544, train_rmse-0.3929, valid_rmse-1.2390, valid_pr-0.7460
epoch-210, train_loss-0.1568, train_rmse-0.3960, valid_rmse-1.2422, valid_pr-0.7504
epoch-211, train_loss-0.1526, train_rmse-0.3906, valid_rmse-1.2676, valid_pr-0.7454
epoch-212, train_loss-0.1570, train_rmse-0.3962, valid_rmse-1.2370, valid_pr-0.7446
epoch-213, train_loss-0.1513, train_rmse-0.3890, valid_rmse-1.2491, valid_pr-0.7424
epoch-214, train_loss-0.1467, train_rmse-0.3830, valid_rmse-1.2384, valid_pr-0.7492
epoch-215, train_loss-0.1609, train_rmse-0.4012, valid_rmse-1.2300, valid_pr-0.7485
epoch-216, train_loss-0.1521, train_rmse-0.3900, valid_rmse-1.2575, valid_pr-0.7464
epoch-217, train_loss-0.1445, train_rmse-0.3801, valid_rmse-1.2339, valid_pr-0.7459
epoch-218, train_loss-0.1588, train_rmse-0.3985, valid_rmse-1.2434, valid_pr-0.7454
epoch-219, train_loss-0.1578, train_rmse-0.3972, valid_rmse-1.2257, valid_pr-0.7528
epoch-220, train_loss-0.1510, train_rmse-0.3885, valid_rmse-1.2286, valid_pr-0.7510
epoch-221, train_loss-0.1478, train_rmse-0.3845, valid_rmse-1.2502, valid_pr-0.7451
epoch-222, train_loss-0.1501, train_rmse-0.3875, valid_rmse-1.2307, valid_pr-0.7467
epoch-223, train_loss-0.1517, train_rmse-0.3895, valid_rmse-1.2375, valid_pr-0.7479
epoch-224, train_loss-0.1516, train_rmse-0.3894, valid_rmse-1.2300, valid_pr-0.7486
epoch-225, train_loss-0.1611, train_rmse-0.4014, valid_rmse-1.2334, valid_pr-0.7479
epoch-226, train_loss-0.1579, train_rmse-0.3973, valid_rmse-1.2283, valid_pr-0.7488
epoch-227, train_loss-0.1497, train_rmse-0.3870, valid_rmse-1.2710, valid_pr-0.7349
epoch-228, train_loss-0.1356, train_rmse-0.3683, valid_rmse-1.2404, valid_pr-0.7438
epoch-229, train_loss-0.1443, train_rmse-0.3798, valid_rmse-1.2257, valid_pr-0.7501
epoch-230, train_loss-0.1304, train_rmse-0.3611, valid_rmse-1.2353, valid_pr-0.7460
epoch-231, train_loss-0.1570, train_rmse-0.3963, valid_rmse-1.2444, valid_pr-0.7471
epoch-232, train_loss-0.1445, train_rmse-0.3801, valid_rmse-1.2404, valid_pr-0.7424
epoch-233, train_loss-0.1405, train_rmse-0.3748, valid_rmse-1.2440, valid_pr-0.7435
epoch-234, train_loss-0.1379, train_rmse-0.3714, valid_rmse-1.2498, valid_pr-0.7441
epoch-235, train_loss-0.1410, train_rmse-0.3755, valid_rmse-1.2207, valid_pr-0.7513
epoch-236, train_loss-0.1507, train_rmse-0.3882, valid_rmse-1.2265, valid_pr-0.7507
epoch-237, train_loss-0.1413, train_rmse-0.3760, valid_rmse-1.2156, valid_pr-0.7550
epoch-238, train_loss-0.1516, train_rmse-0.3893, valid_rmse-1.2524, valid_pr-0.7460
epoch-239, train_loss-0.1447, train_rmse-0.3803, valid_rmse-1.2374, valid_pr-0.7432
epoch-240, train_loss-0.1605, train_rmse-0.4006, valid_rmse-1.2313, valid_pr-0.7468
epoch-241, train_loss-0.1418, train_rmse-0.3766, valid_rmse-1.2400, valid_pr-0.7438
epoch-242, train_loss-0.1337, train_rmse-0.3657, valid_rmse-1.2357, valid_pr-0.7501
epoch-243, train_loss-0.1478, train_rmse-0.3844, valid_rmse-1.2488, valid_pr-0.7440
epoch-244, train_loss-0.1437, train_rmse-0.3791, valid_rmse-1.2241, valid_pr-0.7497
epoch-245, train_loss-0.1395, train_rmse-0.3735, valid_rmse-1.2450, valid_pr-0.7477
epoch-246, train_loss-0.1571, train_rmse-0.3963, valid_rmse-1.2325, valid_pr-0.7468
epoch-247, train_loss-0.1562, train_rmse-0.3952, valid_rmse-1.2327, valid_pr-0.7504
epoch-248, train_loss-0.1427, train_rmse-0.3778, valid_rmse-1.2378, valid_pr-0.7487
epoch-249, train_loss-0.1570, train_rmse-0.3962, valid_rmse-1.2360, valid_pr-0.7505
epoch-250, train_loss-0.1289, train_rmse-0.3590, valid_rmse-1.2136, valid_pr-0.7548
Validation : valid_rmse-1.2136, valid_pr-0.7548, 
test2013_rmse-1.2619, test2013_pr-0.8589, test2016_rmse-1.1311, test2016_pr-0.8618, test2019_rmse-1.3564, test2019_pr-0.6588
epoch-251, train_loss-0.1228, train_rmse-0.3504, valid_rmse-1.2272, valid_pr-0.7501
epoch-252, train_loss-0.1179, train_rmse-0.3434, valid_rmse-1.2293, valid_pr-0.7500
epoch-253, train_loss-0.1113, train_rmse-0.3336, valid_rmse-1.2156, valid_pr-0.7541
epoch-254, train_loss-0.1157, train_rmse-0.3402, valid_rmse-1.2340, valid_pr-0.7511
epoch-255, train_loss-0.1082, train_rmse-0.3290, valid_rmse-1.2217, valid_pr-0.7507
epoch-256, train_loss-0.1174, train_rmse-0.3426, valid_rmse-1.2163, valid_pr-0.7564
epoch-257, train_loss-0.1191, train_rmse-0.3451, valid_rmse-1.2143, valid_pr-0.7546
epoch-258, train_loss-0.1181, train_rmse-0.3436, valid_rmse-1.2216, valid_pr-0.7525
epoch-259, train_loss-0.1100, train_rmse-0.3316, valid_rmse-1.2172, valid_pr-0.7542
epoch-260, train_loss-0.1096, train_rmse-0.3311, valid_rmse-1.2192, valid_pr-0.7527
epoch-261, train_loss-0.1112, train_rmse-0.3334, valid_rmse-1.2133, valid_pr-0.7564
Validation : valid_rmse-1.2133, valid_pr-0.7564, 
test2013_rmse-1.2577, test2013_pr-0.8571, test2016_rmse-1.1247, test2016_pr-0.8623, test2019_rmse-1.3624, test2019_pr-0.6580
epoch-262, train_loss-0.1100, train_rmse-0.3316, valid_rmse-1.2098, valid_pr-0.7569
Validation : valid_rmse-1.2098, valid_pr-0.7569, 
test2013_rmse-1.2306, test2013_pr-0.8642, test2016_rmse-1.1162, test2016_pr-0.8627, test2019_rmse-1.3549, test2019_pr-0.6607
epoch-263, train_loss-0.1058, train_rmse-0.3252, valid_rmse-1.2125, valid_pr-0.7557
epoch-264, train_loss-0.1087, train_rmse-0.3297, valid_rmse-1.2178, valid_pr-0.7539
epoch-265, train_loss-0.1156, train_rmse-0.3400, valid_rmse-1.2165, valid_pr-0.7536
epoch-266, train_loss-0.1153, train_rmse-0.3396, valid_rmse-1.2121, valid_pr-0.7557
epoch-267, train_loss-0.1255, train_rmse-0.3543, valid_rmse-1.2153, valid_pr-0.7550
epoch-268, train_loss-0.1106, train_rmse-0.3326, valid_rmse-1.2244, valid_pr-0.7503
epoch-269, train_loss-0.1097, train_rmse-0.3312, valid_rmse-1.2239, valid_pr-0.7520
epoch-270, train_loss-0.1122, train_rmse-0.3350, valid_rmse-1.2252, valid_pr-0.7534
epoch-271, train_loss-0.1085, train_rmse-0.3294, valid_rmse-1.2143, valid_pr-0.7555
epoch-272, train_loss-0.1137, train_rmse-0.3372, valid_rmse-1.2255, valid_pr-0.7512
epoch-273, train_loss-0.1155, train_rmse-0.3398, valid_rmse-1.2158, valid_pr-0.7544
epoch-274, train_loss-0.1064, train_rmse-0.3262, valid_rmse-1.2267, valid_pr-0.7495
epoch-275, train_loss-0.1124, train_rmse-0.3353, valid_rmse-1.2248, valid_pr-0.7515
epoch-276, train_loss-0.1198, train_rmse-0.3461, valid_rmse-1.2214, valid_pr-0.7512
epoch-277, train_loss-0.1064, train_rmse-0.3261, valid_rmse-1.2151, valid_pr-0.7548
epoch-278, train_loss-0.1137, train_rmse-0.3373, valid_rmse-1.2290, valid_pr-0.7534
epoch-279, train_loss-0.1121, train_rmse-0.3348, valid_rmse-1.2177, valid_pr-0.7537
epoch-280, train_loss-0.1128, train_rmse-0.3359, valid_rmse-1.2081, valid_pr-0.7568
Validation : valid_rmse-1.2081, valid_pr-0.7568, 
test2013_rmse-1.2774, test2013_pr-0.8523, test2016_rmse-1.1293, test2016_pr-0.8626, test2019_rmse-1.3476, test2019_pr-0.6626
epoch-281, train_loss-0.1147, train_rmse-0.3387, valid_rmse-1.2165, valid_pr-0.7557
epoch-282, train_loss-0.1109, train_rmse-0.3331, valid_rmse-1.2170, valid_pr-0.7555
epoch-283, train_loss-0.1128, train_rmse-0.3359, valid_rmse-1.2162, valid_pr-0.7567
epoch-284, train_loss-0.1155, train_rmse-0.3398, valid_rmse-1.2128, valid_pr-0.7546
epoch-285, train_loss-0.1164, train_rmse-0.3412, valid_rmse-1.2164, valid_pr-0.7558
epoch-286, train_loss-0.1115, train_rmse-0.3339, valid_rmse-1.2098, valid_pr-0.7560
epoch-287, train_loss-0.1173, train_rmse-0.3424, valid_rmse-1.2089, valid_pr-0.7567
epoch-288, train_loss-0.1126, train_rmse-0.3355, valid_rmse-1.2131, valid_pr-0.7554
epoch-289, train_loss-0.1095, train_rmse-0.3310, valid_rmse-1.2082, valid_pr-0.7580
epoch-290, train_loss-0.1183, train_rmse-0.3439, valid_rmse-1.2078, valid_pr-0.7585
Validation : valid_rmse-1.2078, valid_pr-0.7585, 
test2013_rmse-1.2381, test2013_pr-0.8669, test2016_rmse-1.1077, test2016_pr-0.8704, test2019_rmse-1.3553, test2019_pr-0.6611
epoch-291, train_loss-0.1093, train_rmse-0.3306, valid_rmse-1.2077, valid_pr-0.7598
Validation : valid_rmse-1.2077, valid_pr-0.7598, 
test2013_rmse-1.2748, test2013_pr-0.8590, test2016_rmse-1.1426, test2016_pr-0.8632, test2019_rmse-1.3602, test2019_pr-0.6570
epoch-292, train_loss-0.1126, train_rmse-0.3355, valid_rmse-1.2145, valid_pr-0.7550
epoch-293, train_loss-0.1228, train_rmse-0.3505, valid_rmse-1.2300, valid_pr-0.7532
epoch-294, train_loss-0.1089, train_rmse-0.3300, valid_rmse-1.2167, valid_pr-0.7547
epoch-295, train_loss-0.1177, train_rmse-0.3431, valid_rmse-1.2067, valid_pr-0.7573
Validation : valid_rmse-1.2067, valid_pr-0.7573, 
test2013_rmse-1.2376, test2013_pr-0.8679, test2016_rmse-1.1186, test2016_pr-0.8684, test2019_rmse-1.3502, test2019_pr-0.6598
epoch-296, train_loss-0.1143, train_rmse-0.3381, valid_rmse-1.2118, valid_pr-0.7564
epoch-297, train_loss-0.1070, train_rmse-0.3272, valid_rmse-1.2180, valid_pr-0.7526
epoch-298, train_loss-0.1129, train_rmse-0.3361, valid_rmse-1.2176, valid_pr-0.7545
epoch-299, train_loss-0.1129, train_rmse-0.3360, valid_rmse-1.2097, valid_pr-0.7571
epoch-300, train_loss-0.1099, train_rmse-0.3315, valid_rmse-1.2160, valid_pr-0.7546
epoch-301, train_loss-0.1115, train_rmse-0.3339, valid_rmse-1.2090, valid_pr-0.7573
epoch-302, train_loss-0.1160, train_rmse-0.3406, valid_rmse-1.2113, valid_pr-0.7551
epoch-303, train_loss-0.1084, train_rmse-0.3292, valid_rmse-1.2100, valid_pr-0.7567
epoch-304, train_loss-0.1078, train_rmse-0.3283, valid_rmse-1.2089, valid_pr-0.7581
epoch-305, train_loss-0.1207, train_rmse-0.3474, valid_rmse-1.2175, valid_pr-0.7549
epoch-306, train_loss-0.1152, train_rmse-0.3394, valid_rmse-1.2229, valid_pr-0.7532
epoch-307, train_loss-0.1110, train_rmse-0.3332, valid_rmse-1.2141, valid_pr-0.7554
epoch-308, train_loss-0.1149, train_rmse-0.3389, valid_rmse-1.2111, valid_pr-0.7565
epoch-309, train_loss-0.1106, train_rmse-0.3326, valid_rmse-1.2146, valid_pr-0.7553
epoch-310, train_loss-0.1025, train_rmse-0.3201, valid_rmse-1.2079, valid_pr-0.7588
epoch-311, train_loss-0.1064, train_rmse-0.3263, valid_rmse-1.2140, valid_pr-0.7557
epoch-312, train_loss-0.1051, train_rmse-0.3242, valid_rmse-1.2145, valid_pr-0.7556
epoch-313, train_loss-0.1050, train_rmse-0.3240, valid_rmse-1.2126, valid_pr-0.7565
epoch-314, train_loss-0.1041, train_rmse-0.3226, valid_rmse-1.2091, valid_pr-0.7582
epoch-315, train_loss-0.1104, train_rmse-0.3323, valid_rmse-1.2086, valid_pr-0.7593
epoch-316, train_loss-0.1025, train_rmse-0.3202, valid_rmse-1.2086, valid_pr-0.7573
epoch-317, train_loss-0.1009, train_rmse-0.3177, valid_rmse-1.2130, valid_pr-0.7548
epoch-318, train_loss-0.1120, train_rmse-0.3346, valid_rmse-1.2058, valid_pr-0.7586
Validation : valid_rmse-1.2058, valid_pr-0.7586, 
test2013_rmse-1.2491, test2013_pr-0.8604, test2016_rmse-1.1206, test2016_pr-0.8648, test2019_rmse-1.3481, test2019_pr-0.6631
epoch-319, train_loss-0.1023, train_rmse-0.3199, valid_rmse-1.2131, valid_pr-0.7566
epoch-320, train_loss-0.1035, train_rmse-0.3217, valid_rmse-1.2147, valid_pr-0.7555
epoch-321, train_loss-0.1155, train_rmse-0.3398, valid_rmse-1.2079, valid_pr-0.7571
epoch-322, train_loss-0.1100, train_rmse-0.3316, valid_rmse-1.2140, valid_pr-0.7551
epoch-323, train_loss-0.1077, train_rmse-0.3282, valid_rmse-1.2112, valid_pr-0.7572
epoch-324, train_loss-0.1092, train_rmse-0.3304, valid_rmse-1.2371, valid_pr-0.7542
epoch-325, train_loss-0.1038, train_rmse-0.3222, valid_rmse-1.2160, valid_pr-0.7528
epoch-326, train_loss-0.0993, train_rmse-0.3151, valid_rmse-1.2132, valid_pr-0.7572
epoch-327, train_loss-0.1035, train_rmse-0.3217, valid_rmse-1.2153, valid_pr-0.7555
epoch-328, train_loss-0.1090, train_rmse-0.3301, valid_rmse-1.2384, valid_pr-0.7527
epoch-329, train_loss-0.1067, train_rmse-0.3266, valid_rmse-1.2112, valid_pr-0.7586
epoch-330, train_loss-0.1146, train_rmse-0.3385, valid_rmse-1.2082, valid_pr-0.7579
epoch-331, train_loss-0.1044, train_rmse-0.3231, valid_rmse-1.2095, valid_pr-0.7565
epoch-332, train_loss-0.1011, train_rmse-0.3179, valid_rmse-1.2064, valid_pr-0.7577
epoch-333, train_loss-0.1016, train_rmse-0.3188, valid_rmse-1.2242, valid_pr-0.7533
epoch-334, train_loss-0.1127, train_rmse-0.3358, valid_rmse-1.2185, valid_pr-0.7545
epoch-335, train_loss-0.0969, train_rmse-0.3113, valid_rmse-1.2095, valid_pr-0.7566
epoch-336, train_loss-0.1105, train_rmse-0.3324, valid_rmse-1.2159, valid_pr-0.7548
epoch-337, train_loss-0.1077, train_rmse-0.3282, valid_rmse-1.2045, valid_pr-0.7600
Validation : valid_rmse-1.2045, valid_pr-0.7600, 
test2013_rmse-1.2545, test2013_pr-0.8562, test2016_rmse-1.1075, test2016_pr-0.8660, test2019_rmse-1.3563, test2019_pr-0.6620
epoch-338, train_loss-0.1131, train_rmse-0.3363, valid_rmse-1.2081, valid_pr-0.7564
epoch-339, train_loss-0.1060, train_rmse-0.3255, valid_rmse-1.2235, valid_pr-0.7552
epoch-340, train_loss-0.1055, train_rmse-0.3249, valid_rmse-1.2077, valid_pr-0.7580
epoch-341, train_loss-0.1023, train_rmse-0.3198, valid_rmse-1.2098, valid_pr-0.7582
epoch-342, train_loss-0.1109, train_rmse-0.3331, valid_rmse-1.2147, valid_pr-0.7586
epoch-343, train_loss-0.1061, train_rmse-0.3258, valid_rmse-1.2137, valid_pr-0.7545
epoch-344, train_loss-0.1035, train_rmse-0.3217, valid_rmse-1.2106, valid_pr-0.7581
epoch-345, train_loss-0.1083, train_rmse-0.3290, valid_rmse-1.2093, valid_pr-0.7595
epoch-346, train_loss-0.1087, train_rmse-0.3297, valid_rmse-1.2063, valid_pr-0.7578
epoch-347, train_loss-0.1036, train_rmse-0.3218, valid_rmse-1.2042, valid_pr-0.7586
Validation : valid_rmse-1.2042, valid_pr-0.7586, 
test2013_rmse-1.2415, test2013_pr-0.8626, test2016_rmse-1.1175, test2016_pr-0.8653, test2019_rmse-1.3478, test2019_pr-0.6625
epoch-348, train_loss-0.1021, train_rmse-0.3196, valid_rmse-1.2041, valid_pr-0.7604
Validation : valid_rmse-1.2041, valid_pr-0.7604, 
test2013_rmse-1.2055, test2013_pr-0.8686, test2016_rmse-1.0938, test2016_pr-0.8680, test2019_rmse-1.3524, test2019_pr-0.6650
epoch-349, train_loss-0.1072, train_rmse-0.3274, valid_rmse-1.2014, valid_pr-0.7623
Validation : valid_rmse-1.2014, valid_pr-0.7623, 
test2013_rmse-1.1971, test2013_pr-0.8708, test2016_rmse-1.0901, test2016_pr-0.8705, test2019_rmse-1.3584, test2019_pr-0.6629
epoch-350, train_loss-0.1188, train_rmse-0.3447, valid_rmse-1.2043, valid_pr-0.7592
epoch-351, train_loss-0.0975, train_rmse-0.3122, valid_rmse-1.2149, valid_pr-0.7552
epoch-352, train_loss-0.0989, train_rmse-0.3144, valid_rmse-1.2161, valid_pr-0.7551
epoch-353, train_loss-0.1058, train_rmse-0.3253, valid_rmse-1.2166, valid_pr-0.7551
epoch-354, train_loss-0.0988, train_rmse-0.3143, valid_rmse-1.2184, valid_pr-0.7551
epoch-355, train_loss-0.1044, train_rmse-0.3231, valid_rmse-1.2090, valid_pr-0.7564
epoch-356, train_loss-0.1036, train_rmse-0.3218, valid_rmse-1.2136, valid_pr-0.7547
epoch-357, train_loss-0.0960, train_rmse-0.3098, valid_rmse-1.2085, valid_pr-0.7573
epoch-358, train_loss-0.1156, train_rmse-0.3401, valid_rmse-1.2145, valid_pr-0.7548
epoch-359, train_loss-0.1103, train_rmse-0.3321, valid_rmse-1.2107, valid_pr-0.7573
epoch-360, train_loss-0.1039, train_rmse-0.3223, valid_rmse-1.2099, valid_pr-0.7562
epoch-361, train_loss-0.1001, train_rmse-0.3163, valid_rmse-1.2079, valid_pr-0.7568
epoch-362, train_loss-0.1032, train_rmse-0.3212, valid_rmse-1.2097, valid_pr-0.7566
epoch-363, train_loss-0.1024, train_rmse-0.3200, valid_rmse-1.2156, valid_pr-0.7558
epoch-364, train_loss-0.1086, train_rmse-0.3295, valid_rmse-1.2094, valid_pr-0.7565
epoch-365, train_loss-0.1021, train_rmse-0.3195, valid_rmse-1.2135, valid_pr-0.7559
epoch-366, train_loss-0.1066, train_rmse-0.3265, valid_rmse-1.2124, valid_pr-0.7566
epoch-367, train_loss-0.0993, train_rmse-0.3151, valid_rmse-1.2199, valid_pr-0.7540
epoch-368, train_loss-0.0995, train_rmse-0.3154, valid_rmse-1.2119, valid_pr-0.7569
epoch-369, train_loss-0.0988, train_rmse-0.3143, valid_rmse-1.2028, valid_pr-0.7591
epoch-370, train_loss-0.1052, train_rmse-0.3243, valid_rmse-1.2152, valid_pr-0.7572
epoch-371, train_loss-0.1067, train_rmse-0.3267, valid_rmse-1.2186, valid_pr-0.7549
epoch-372, train_loss-0.1099, train_rmse-0.3315, valid_rmse-1.2041, valid_pr-0.7596
epoch-373, train_loss-0.1024, train_rmse-0.3201, valid_rmse-1.2065, valid_pr-0.7576
epoch-374, train_loss-0.0987, train_rmse-0.3141, valid_rmse-1.2129, valid_pr-0.7556
epoch-375, train_loss-0.1077, train_rmse-0.3282, valid_rmse-1.2075, valid_pr-0.7593
epoch-376, train_loss-0.1069, train_rmse-0.3270, valid_rmse-1.2086, valid_pr-0.7570
epoch-377, train_loss-0.1020, train_rmse-0.3194, valid_rmse-1.2000, valid_pr-0.7619
Validation : valid_rmse-1.2000, valid_pr-0.7619, 
test2013_rmse-1.2112, test2013_pr-0.8684, test2016_rmse-1.0903, test2016_pr-0.8700, test2019_rmse-1.3545, test2019_pr-0.6637
epoch-378, train_loss-0.0964, train_rmse-0.3104, valid_rmse-1.2116, valid_pr-0.7564
epoch-379, train_loss-0.0970, train_rmse-0.3115, valid_rmse-1.2112, valid_pr-0.7562
epoch-380, train_loss-0.0981, train_rmse-0.3132, valid_rmse-1.2076, valid_pr-0.7578
epoch-381, train_loss-0.0958, train_rmse-0.3095, valid_rmse-1.2032, valid_pr-0.7598
epoch-382, train_loss-0.1042, train_rmse-0.3228, valid_rmse-1.2081, valid_pr-0.7586
epoch-383, train_loss-0.0983, train_rmse-0.3136, valid_rmse-1.2038, valid_pr-0.7584
epoch-384, train_loss-0.1033, train_rmse-0.3214, valid_rmse-1.2093, valid_pr-0.7575
epoch-385, train_loss-0.0985, train_rmse-0.3139, valid_rmse-1.2096, valid_pr-0.7574
epoch-386, train_loss-0.1103, train_rmse-0.3322, valid_rmse-1.2032, valid_pr-0.7599
epoch-387, train_loss-0.1074, train_rmse-0.3278, valid_rmse-1.2070, valid_pr-0.7593
epoch-388, train_loss-0.1098, train_rmse-0.3314, valid_rmse-1.2136, valid_pr-0.7553
epoch-389, train_loss-0.1043, train_rmse-0.3229, valid_rmse-1.2179, valid_pr-0.7549
epoch-390, train_loss-0.1058, train_rmse-0.3253, valid_rmse-1.2119, valid_pr-0.7568
epoch-391, train_loss-0.0920, train_rmse-0.3034, valid_rmse-1.2129, valid_pr-0.7568
epoch-392, train_loss-0.1025, train_rmse-0.3201, valid_rmse-1.2052, valid_pr-0.7584
epoch-393, train_loss-0.1105, train_rmse-0.3324, valid_rmse-1.2176, valid_pr-0.7529
epoch-394, train_loss-0.1077, train_rmse-0.3281, valid_rmse-1.2232, valid_pr-0.7566
epoch-395, train_loss-0.1007, train_rmse-0.3174, valid_rmse-1.2055, valid_pr-0.7585
epoch-396, train_loss-0.1116, train_rmse-0.3341, valid_rmse-1.2176, valid_pr-0.7558
epoch-397, train_loss-0.1036, train_rmse-0.3219, valid_rmse-1.2086, valid_pr-0.7570
epoch-398, train_loss-0.1068, train_rmse-0.3269, valid_rmse-1.2125, valid_pr-0.7555
epoch-399, train_loss-0.0987, train_rmse-0.3141, valid_rmse-1.2051, valid_pr-0.7591
epoch-400, train_loss-0.0956, train_rmse-0.3092, valid_rmse-1.2061, valid_pr-0.7582
epoch-401, train_loss-0.1071, train_rmse-0.3272, valid_rmse-1.2191, valid_pr-0.7577
epoch-402, train_loss-0.1062, train_rmse-0.3259, valid_rmse-1.2167, valid_pr-0.7546
epoch-403, train_loss-0.0957, train_rmse-0.3094, valid_rmse-1.2043, valid_pr-0.7587
epoch-404, train_loss-0.0975, train_rmse-0.3122, valid_rmse-1.2077, valid_pr-0.7573
epoch-405, train_loss-0.0967, train_rmse-0.3109, valid_rmse-1.2035, valid_pr-0.7591
epoch-406, train_loss-0.0998, train_rmse-0.3160, valid_rmse-1.2028, valid_pr-0.7605
epoch-407, train_loss-0.1028, train_rmse-0.3206, valid_rmse-1.2057, valid_pr-0.7591
epoch-408, train_loss-0.1001, train_rmse-0.3165, valid_rmse-1.2094, valid_pr-0.7574
epoch-409, train_loss-0.0949, train_rmse-0.3081, valid_rmse-1.2074, valid_pr-0.7575
epoch-410, train_loss-0.0954, train_rmse-0.3089, valid_rmse-1.2154, valid_pr-0.7567
epoch-411, train_loss-0.1055, train_rmse-0.3248, valid_rmse-1.2067, valid_pr-0.7583
epoch-412, train_loss-0.0946, train_rmse-0.3076, valid_rmse-1.2081, valid_pr-0.7580
epoch-413, train_loss-0.0962, train_rmse-0.3102, valid_rmse-1.2053, valid_pr-0.7599
epoch-414, train_loss-0.1075, train_rmse-0.3279, valid_rmse-1.2052, valid_pr-0.7593
epoch-415, train_loss-0.1023, train_rmse-0.3199, valid_rmse-1.2079, valid_pr-0.7580
epoch-416, train_loss-0.1019, train_rmse-0.3192, valid_rmse-1.2130, valid_pr-0.7566
epoch-417, train_loss-0.1017, train_rmse-0.3189, valid_rmse-1.2049, valid_pr-0.7593
epoch-418, train_loss-0.1015, train_rmse-0.3186, valid_rmse-1.2024, valid_pr-0.7595
epoch-419, train_loss-0.0964, train_rmse-0.3105, valid_rmse-1.2156, valid_pr-0.7573
epoch-420, train_loss-0.1005, train_rmse-0.3170, valid_rmse-1.2152, valid_pr-0.7544
epoch-421, train_loss-0.0925, train_rmse-0.3042, valid_rmse-1.2069, valid_pr-0.7583
epoch-422, train_loss-0.0995, train_rmse-0.3154, valid_rmse-1.2037, valid_pr-0.7586
epoch-423, train_loss-0.1012, train_rmse-0.3181, valid_rmse-1.2088, valid_pr-0.7575
epoch-424, train_loss-0.1075, train_rmse-0.3279, valid_rmse-1.2123, valid_pr-0.7556
epoch-425, train_loss-0.0982, train_rmse-0.3134, valid_rmse-1.2090, valid_pr-0.7567
epoch-426, train_loss-0.1021, train_rmse-0.3195, valid_rmse-1.2113, valid_pr-0.7569
epoch-427, train_loss-0.1174, train_rmse-0.3426, valid_rmse-1.2088, valid_pr-0.7600
epoch-428, train_loss-0.0952, train_rmse-0.3086, valid_rmse-1.2120, valid_pr-0.7568
epoch-429, train_loss-0.0908, train_rmse-0.3013, valid_rmse-1.2028, valid_pr-0.7598
epoch-430, train_loss-0.0964, train_rmse-0.3105, valid_rmse-1.2005, valid_pr-0.7608
epoch-431, train_loss-0.0830, train_rmse-0.2882, valid_rmse-1.1990, valid_pr-0.7617
Validation : valid_rmse-1.1990, valid_pr-0.7617, 
test2013_rmse-1.2517, test2013_pr-0.8645, test2016_rmse-1.1176, test2016_pr-0.8687, test2019_rmse-1.3392, test2019_pr-0.6671
epoch-432, train_loss-0.0926, train_rmse-0.3043, valid_rmse-1.2012, valid_pr-0.7612
epoch-433, train_loss-0.0957, train_rmse-0.3093, valid_rmse-1.2033, valid_pr-0.7591
epoch-434, train_loss-0.0816, train_rmse-0.2856, valid_rmse-1.2023, valid_pr-0.7599
epoch-435, train_loss-0.0960, train_rmse-0.3098, valid_rmse-1.2013, valid_pr-0.7595
epoch-436, train_loss-0.0834, train_rmse-0.2887, valid_rmse-1.2071, valid_pr-0.7597
epoch-437, train_loss-0.0864, train_rmse-0.2939, valid_rmse-1.2071, valid_pr-0.7580
epoch-438, train_loss-0.0845, train_rmse-0.2906, valid_rmse-1.2031, valid_pr-0.7590
epoch-439, train_loss-0.0911, train_rmse-0.3019, valid_rmse-1.2029, valid_pr-0.7606
epoch-440, train_loss-0.0840, train_rmse-0.2899, valid_rmse-1.2034, valid_pr-0.7595
epoch-441, train_loss-0.0863, train_rmse-0.2938, valid_rmse-1.2051, valid_pr-0.7582
epoch-442, train_loss-0.0908, train_rmse-0.3013, valid_rmse-1.2008, valid_pr-0.7600
epoch-443, train_loss-0.0869, train_rmse-0.2949, valid_rmse-1.2028, valid_pr-0.7593
epoch-444, train_loss-0.0819, train_rmse-0.2862, valid_rmse-1.2072, valid_pr-0.7594
epoch-445, train_loss-0.0862, train_rmse-0.2937, valid_rmse-1.2058, valid_pr-0.7600
epoch-446, train_loss-0.0912, train_rmse-0.3020, valid_rmse-1.2057, valid_pr-0.7579
epoch-447, train_loss-0.0815, train_rmse-0.2855, valid_rmse-1.2029, valid_pr-0.7597
epoch-448, train_loss-0.0870, train_rmse-0.2950, valid_rmse-1.2061, valid_pr-0.7588
epoch-449, train_loss-0.0909, train_rmse-0.3014, valid_rmse-1.2080, valid_pr-0.7582
epoch-450, train_loss-0.0828, train_rmse-0.2877, valid_rmse-1.2109, valid_pr-0.7571
epoch-451, train_loss-0.0856, train_rmse-0.2925, valid_rmse-1.2053, valid_pr-0.7586
epoch-452, train_loss-0.0847, train_rmse-0.2911, valid_rmse-1.2040, valid_pr-0.7587
epoch-453, train_loss-0.0881, train_rmse-0.2968, valid_rmse-1.2040, valid_pr-0.7583
epoch-454, train_loss-0.0849, train_rmse-0.2914, valid_rmse-1.2071, valid_pr-0.7580
epoch-455, train_loss-0.0870, train_rmse-0.2950, valid_rmse-1.2073, valid_pr-0.7571
epoch-456, train_loss-0.0874, train_rmse-0.2957, valid_rmse-1.2044, valid_pr-0.7589
epoch-457, train_loss-0.0791, train_rmse-0.2812, valid_rmse-1.2076, valid_pr-0.7573
epoch-458, train_loss-0.0797, train_rmse-0.2823, valid_rmse-1.2076, valid_pr-0.7572
epoch-459, train_loss-0.0834, train_rmse-0.2888, valid_rmse-1.2049, valid_pr-0.7589
epoch-460, train_loss-0.0859, train_rmse-0.2931, valid_rmse-1.2088, valid_pr-0.7568
epoch-461, train_loss-0.0850, train_rmse-0.2915, valid_rmse-1.2042, valid_pr-0.7589
epoch-462, train_loss-0.0960, train_rmse-0.3098, valid_rmse-1.1986, valid_pr-0.7611
Validation : valid_rmse-1.1986, valid_pr-0.7611, 
test2013_rmse-1.2438, test2013_pr-0.8633, test2016_rmse-1.1157, test2016_pr-0.8677, test2019_rmse-1.3448, test2019_pr-0.6634
epoch-463, train_loss-0.0936, train_rmse-0.3059, valid_rmse-1.2035, valid_pr-0.7601
epoch-464, train_loss-0.0860, train_rmse-0.2933, valid_rmse-1.2050, valid_pr-0.7607
epoch-465, train_loss-0.0869, train_rmse-0.2948, valid_rmse-1.2020, valid_pr-0.7606
epoch-466, train_loss-0.0836, train_rmse-0.2891, valid_rmse-1.2025, valid_pr-0.7598
epoch-467, train_loss-0.0894, train_rmse-0.2990, valid_rmse-1.2059, valid_pr-0.7587
epoch-468, train_loss-0.0865, train_rmse-0.2940, valid_rmse-1.2086, valid_pr-0.7582
epoch-469, train_loss-0.0929, train_rmse-0.3048, valid_rmse-1.2056, valid_pr-0.7584
epoch-470, train_loss-0.0918, train_rmse-0.3030, valid_rmse-1.2051, valid_pr-0.7592
epoch-471, train_loss-0.0903, train_rmse-0.3005, valid_rmse-1.2094, valid_pr-0.7585
epoch-472, train_loss-0.0841, train_rmse-0.2900, valid_rmse-1.2054, valid_pr-0.7586
epoch-473, train_loss-0.0911, train_rmse-0.3019, valid_rmse-1.2055, valid_pr-0.7580
epoch-474, train_loss-0.0908, train_rmse-0.3013, valid_rmse-1.2039, valid_pr-0.7587
epoch-475, train_loss-0.0831, train_rmse-0.2882, valid_rmse-1.2015, valid_pr-0.7598
epoch-476, train_loss-0.0892, train_rmse-0.2987, valid_rmse-1.2048, valid_pr-0.7588
epoch-477, train_loss-0.0783, train_rmse-0.2798, valid_rmse-1.2045, valid_pr-0.7585
epoch-478, train_loss-0.0879, train_rmse-0.2965, valid_rmse-1.2030, valid_pr-0.7594
epoch-479, train_loss-0.0964, train_rmse-0.3105, valid_rmse-1.2061, valid_pr-0.7590
epoch-480, train_loss-0.0875, train_rmse-0.2959, valid_rmse-1.2056, valid_pr-0.7595
epoch-481, train_loss-0.0861, train_rmse-0.2934, valid_rmse-1.1986, valid_pr-0.7609
Validation : valid_rmse-1.1986, valid_pr-0.7609, 
test2013_rmse-1.2498, test2013_pr-0.8620, test2016_rmse-1.1166, test2016_pr-0.8665, test2019_rmse-1.3380, test2019_pr-0.6662
epoch-482, train_loss-0.0810, train_rmse-0.2846, valid_rmse-1.1965, valid_pr-0.7618
Validation : valid_rmse-1.1965, valid_pr-0.7618, 
test2013_rmse-1.2544, test2013_pr-0.8629, test2016_rmse-1.1163, test2016_pr-0.8682, test2019_rmse-1.3385, test2019_pr-0.6658
epoch-483, train_loss-0.0856, train_rmse-0.2926, valid_rmse-1.2039, valid_pr-0.7590
epoch-484, train_loss-0.0889, train_rmse-0.2981, valid_rmse-1.2069, valid_pr-0.7610
epoch-485, train_loss-0.0828, train_rmse-0.2877, valid_rmse-1.2073, valid_pr-0.7603
epoch-486, train_loss-0.0875, train_rmse-0.2958, valid_rmse-1.2004, valid_pr-0.7604
epoch-487, train_loss-0.0814, train_rmse-0.2852, valid_rmse-1.2018, valid_pr-0.7602
epoch-488, train_loss-0.0781, train_rmse-0.2795, valid_rmse-1.1970, valid_pr-0.7625
epoch-489, train_loss-0.0843, train_rmse-0.2903, valid_rmse-1.2018, valid_pr-0.7605
epoch-490, train_loss-0.0837, train_rmse-0.2893, valid_rmse-1.2016, valid_pr-0.7607
epoch-491, train_loss-0.0835, train_rmse-0.2890, valid_rmse-1.2044, valid_pr-0.7602
epoch-492, train_loss-0.0923, train_rmse-0.3038, valid_rmse-1.2030, valid_pr-0.7592
epoch-493, train_loss-0.0840, train_rmse-0.2898, valid_rmse-1.2081, valid_pr-0.7579
epoch-494, train_loss-0.0841, train_rmse-0.2899, valid_rmse-1.2042, valid_pr-0.7589
epoch-495, train_loss-0.0839, train_rmse-0.2897, valid_rmse-1.2119, valid_pr-0.7589
epoch-496, train_loss-0.0866, train_rmse-0.2943, valid_rmse-1.2022, valid_pr-0.7599
epoch-497, train_loss-0.0800, train_rmse-0.2828, valid_rmse-1.2054, valid_pr-0.7592
epoch-498, train_loss-0.0968, train_rmse-0.3112, valid_rmse-1.1979, valid_pr-0.7622
epoch-499, train_loss-0.0909, train_rmse-0.3016, valid_rmse-1.1966, valid_pr-0.7629
epoch-500, train_loss-0.0912, train_rmse-0.3020, valid_rmse-1.2008, valid_pr-0.7614
epoch-501, train_loss-0.0809, train_rmse-0.2845, valid_rmse-1.2012, valid_pr-0.7605
epoch-502, train_loss-0.0895, train_rmse-0.2992, valid_rmse-1.2039, valid_pr-0.7589
epoch-503, train_loss-0.0900, train_rmse-0.2999, valid_rmse-1.2033, valid_pr-0.7607
epoch-504, train_loss-0.0850, train_rmse-0.2916, valid_rmse-1.2093, valid_pr-0.7605
epoch-505, train_loss-0.0925, train_rmse-0.3041, valid_rmse-1.2000, valid_pr-0.7617
epoch-506, train_loss-0.0747, train_rmse-0.2734, valid_rmse-1.1989, valid_pr-0.7609
epoch-507, train_loss-0.0905, train_rmse-0.3009, valid_rmse-1.1965, valid_pr-0.7626
Validation : valid_rmse-1.1965, valid_pr-0.7626, 
test2013_rmse-1.2494, test2013_pr-0.8631, test2016_rmse-1.1163, test2016_pr-0.8692, test2019_rmse-1.3443, test2019_pr-0.6638
epoch-508, train_loss-0.0835, train_rmse-0.2889, valid_rmse-1.2028, valid_pr-0.7596
epoch-509, train_loss-0.0851, train_rmse-0.2917, valid_rmse-1.2065, valid_pr-0.7603
epoch-510, train_loss-0.0850, train_rmse-0.2916, valid_rmse-1.2024, valid_pr-0.7594
epoch-511, train_loss-0.0839, train_rmse-0.2897, valid_rmse-1.2001, valid_pr-0.7602
epoch-512, train_loss-0.0931, train_rmse-0.3051, valid_rmse-1.1996, valid_pr-0.7606
epoch-513, train_loss-0.0868, train_rmse-0.2946, valid_rmse-1.1996, valid_pr-0.7607
epoch-514, train_loss-0.0842, train_rmse-0.2901, valid_rmse-1.2014, valid_pr-0.7614
epoch-515, train_loss-0.0836, train_rmse-0.2891, valid_rmse-1.2032, valid_pr-0.7602
epoch-516, train_loss-0.0818, train_rmse-0.2860, valid_rmse-1.1996, valid_pr-0.7609
epoch-517, train_loss-0.0823, train_rmse-0.2869, valid_rmse-1.1947, valid_pr-0.7628
Validation : valid_rmse-1.1947, valid_pr-0.7628, 
test2013_rmse-1.2487, test2013_pr-0.8635, test2016_rmse-1.1135, test2016_pr-0.8688, test2019_rmse-1.3431, test2019_pr-0.6634
epoch-518, train_loss-0.0820, train_rmse-0.2863, valid_rmse-1.2005, valid_pr-0.7607
epoch-519, train_loss-0.0881, train_rmse-0.2968, valid_rmse-1.2054, valid_pr-0.7603
epoch-520, train_loss-0.0898, train_rmse-0.2996, valid_rmse-1.1990, valid_pr-0.7607
epoch-521, train_loss-0.0808, train_rmse-0.2842, valid_rmse-1.2021, valid_pr-0.7602
epoch-522, train_loss-0.0750, train_rmse-0.2739, valid_rmse-1.2069, valid_pr-0.7588
epoch-523, train_loss-0.0896, train_rmse-0.2993, valid_rmse-1.1998, valid_pr-0.7612
epoch-524, train_loss-0.0889, train_rmse-0.2982, valid_rmse-1.1981, valid_pr-0.7614
epoch-525, train_loss-0.0822, train_rmse-0.2866, valid_rmse-1.1981, valid_pr-0.7619
epoch-526, train_loss-0.0935, train_rmse-0.3059, valid_rmse-1.2007, valid_pr-0.7611
epoch-527, train_loss-0.0878, train_rmse-0.2963, valid_rmse-1.1977, valid_pr-0.7620
epoch-528, train_loss-0.0784, train_rmse-0.2800, valid_rmse-1.1975, valid_pr-0.7616
epoch-529, train_loss-0.0799, train_rmse-0.2826, valid_rmse-1.1980, valid_pr-0.7613
epoch-530, train_loss-0.0737, train_rmse-0.2714, valid_rmse-1.2042, valid_pr-0.7593
epoch-531, train_loss-0.0773, train_rmse-0.2781, valid_rmse-1.1997, valid_pr-0.7612
epoch-532, train_loss-0.0887, train_rmse-0.2978, valid_rmse-1.1988, valid_pr-0.7616
epoch-533, train_loss-0.0928, train_rmse-0.3046, valid_rmse-1.1996, valid_pr-0.7605
epoch-534, train_loss-0.0802, train_rmse-0.2832, valid_rmse-1.2019, valid_pr-0.7603
epoch-535, train_loss-0.0894, train_rmse-0.2991, valid_rmse-1.2041, valid_pr-0.7594
epoch-536, train_loss-0.0808, train_rmse-0.2843, valid_rmse-1.2035, valid_pr-0.7595
epoch-537, train_loss-0.0718, train_rmse-0.2680, valid_rmse-1.1983, valid_pr-0.7616
epoch-538, train_loss-0.0886, train_rmse-0.2977, valid_rmse-1.1964, valid_pr-0.7622
epoch-539, train_loss-0.0795, train_rmse-0.2819, valid_rmse-1.2001, valid_pr-0.7617
epoch-540, train_loss-0.0826, train_rmse-0.2874, valid_rmse-1.2047, valid_pr-0.7596
epoch-541, train_loss-0.0876, train_rmse-0.2960, valid_rmse-1.1988, valid_pr-0.7617
epoch-542, train_loss-0.0831, train_rmse-0.2882, valid_rmse-1.2067, valid_pr-0.7593
epoch-543, train_loss-0.0923, train_rmse-0.3037, valid_rmse-1.2030, valid_pr-0.7603
epoch-544, train_loss-0.0869, train_rmse-0.2948, valid_rmse-1.2037, valid_pr-0.7587
epoch-545, train_loss-0.0851, train_rmse-0.2918, valid_rmse-1.2085, valid_pr-0.7578
epoch-546, train_loss-0.0885, train_rmse-0.2975, valid_rmse-1.2032, valid_pr-0.7593
epoch-547, train_loss-0.0771, train_rmse-0.2776, valid_rmse-1.2055, valid_pr-0.7595
epoch-548, train_loss-0.0866, train_rmse-0.2944, valid_rmse-1.2072, valid_pr-0.7588
epoch-549, train_loss-0.0771, train_rmse-0.2776, valid_rmse-1.2073, valid_pr-0.7584
epoch-550, train_loss-0.0821, train_rmse-0.2865, valid_rmse-1.2077, valid_pr-0.7595
epoch-551, train_loss-0.0844, train_rmse-0.2905, valid_rmse-1.2019, valid_pr-0.7599
epoch-552, train_loss-0.0854, train_rmse-0.2922, valid_rmse-1.2065, valid_pr-0.7581
epoch-553, train_loss-0.0884, train_rmse-0.2974, valid_rmse-1.2058, valid_pr-0.7598
epoch-554, train_loss-0.0844, train_rmse-0.2906, valid_rmse-1.2060, valid_pr-0.7594
epoch-555, train_loss-0.0830, train_rmse-0.2880, valid_rmse-1.2009, valid_pr-0.7597
epoch-556, train_loss-0.0832, train_rmse-0.2884, valid_rmse-1.1963, valid_pr-0.7623
epoch-557, train_loss-0.0840, train_rmse-0.2898, valid_rmse-1.2013, valid_pr-0.7610
epoch-558, train_loss-0.0871, train_rmse-0.2952, valid_rmse-1.2015, valid_pr-0.7613
epoch-559, train_loss-0.0845, train_rmse-0.2907, valid_rmse-1.2030, valid_pr-0.7602
epoch-560, train_loss-0.0766, train_rmse-0.2767, valid_rmse-1.2017, valid_pr-0.7613
epoch-561, train_loss-0.0818, train_rmse-0.2860, valid_rmse-1.2025, valid_pr-0.7603
epoch-562, train_loss-0.0842, train_rmse-0.2902, valid_rmse-1.2007, valid_pr-0.7607
epoch-563, train_loss-0.0829, train_rmse-0.2879, valid_rmse-1.2003, valid_pr-0.7620
epoch-564, train_loss-0.0785, train_rmse-0.2802, valid_rmse-1.2001, valid_pr-0.7615
epoch-565, train_loss-0.0875, train_rmse-0.2959, valid_rmse-1.2022, valid_pr-0.7596
epoch-566, train_loss-0.0824, train_rmse-0.2871, valid_rmse-1.2020, valid_pr-0.7604
epoch-567, train_loss-0.0947, train_rmse-0.3077, valid_rmse-1.1999, valid_pr-0.7613
epoch-568, train_loss-0.0854, train_rmse-0.2922, valid_rmse-1.2024, valid_pr-0.7615
epoch-569, train_loss-0.0871, train_rmse-0.2951, valid_rmse-1.1989, valid_pr-0.7615
epoch-570, train_loss-0.0837, train_rmse-0.2893, valid_rmse-1.1977, valid_pr-0.7616
epoch-571, train_loss-0.0843, train_rmse-0.2904, valid_rmse-1.2005, valid_pr-0.7613
epoch-572, train_loss-0.0824, train_rmse-0.2870, valid_rmse-1.2004, valid_pr-0.7607
epoch-573, train_loss-0.0834, train_rmse-0.2888, valid_rmse-1.1995, valid_pr-0.7609
epoch-574, train_loss-0.0798, train_rmse-0.2825, valid_rmse-1.2027, valid_pr-0.7599
epoch-575, train_loss-0.0794, train_rmse-0.2818, valid_rmse-1.2003, valid_pr-0.7603
epoch-576, train_loss-0.0841, train_rmse-0.2900, valid_rmse-1.1991, valid_pr-0.7610
epoch-577, train_loss-0.0830, train_rmse-0.2881, valid_rmse-1.2010, valid_pr-0.7606
epoch-578, train_loss-0.0775, train_rmse-0.2784, valid_rmse-1.2022, valid_pr-0.7606
epoch-579, train_loss-0.0817, train_rmse-0.2859, valid_rmse-1.2015, valid_pr-0.7616
epoch-580, train_loss-0.0806, train_rmse-0.2838, valid_rmse-1.1948, valid_pr-0.7628
epoch-581, train_loss-0.0764, train_rmse-0.2764, valid_rmse-1.1988, valid_pr-0.7615
epoch-582, train_loss-0.0800, train_rmse-0.2828, valid_rmse-1.2009, valid_pr-0.7610
epoch-583, train_loss-0.0771, train_rmse-0.2776, valid_rmse-1.2029, valid_pr-0.7608
epoch-584, train_loss-0.0806, train_rmse-0.2840, valid_rmse-1.2022, valid_pr-0.7608
epoch-585, train_loss-0.0780, train_rmse-0.2792, valid_rmse-1.2021, valid_pr-0.7619
epoch-586, train_loss-0.0741, train_rmse-0.2721, valid_rmse-1.1975, valid_pr-0.7615
epoch-587, train_loss-0.0811, train_rmse-0.2847, valid_rmse-1.1992, valid_pr-0.7619
epoch-588, train_loss-0.0821, train_rmse-0.2866, valid_rmse-1.2009, valid_pr-0.7608
epoch-589, train_loss-0.0775, train_rmse-0.2783, valid_rmse-1.1997, valid_pr-0.7618
epoch-590, train_loss-0.0796, train_rmse-0.2821, valid_rmse-1.2028, valid_pr-0.7603
epoch-591, train_loss-0.0775, train_rmse-0.2784, valid_rmse-1.2008, valid_pr-0.7603
epoch-592, train_loss-0.0727, train_rmse-0.2696, valid_rmse-1.1957, valid_pr-0.7625
epoch-593, train_loss-0.0701, train_rmse-0.2647, valid_rmse-1.2011, valid_pr-0.7613
epoch-594, train_loss-0.0763, train_rmse-0.2763, valid_rmse-1.1974, valid_pr-0.7619
epoch-595, train_loss-0.0784, train_rmse-0.2800, valid_rmse-1.1966, valid_pr-0.7623
epoch-596, train_loss-0.0778, train_rmse-0.2789, valid_rmse-1.2027, valid_pr-0.7605
epoch-597, train_loss-0.0817, train_rmse-0.2858, valid_rmse-1.1982, valid_pr-0.7613
epoch-598, train_loss-0.0763, train_rmse-0.2763, valid_rmse-1.1957, valid_pr-0.7623
epoch-599, train_loss-0.0792, train_rmse-0.2814, valid_rmse-1.1986, valid_pr-0.7617
epoch-600, train_loss-0.0912, train_rmse-0.3019, valid_rmse-1.1999, valid_pr-0.7612
epoch-601, train_loss-0.0790, train_rmse-0.2811, valid_rmse-1.1975, valid_pr-0.7616
epoch-602, train_loss-0.0766, train_rmse-0.2768, valid_rmse-1.2013, valid_pr-0.7612
epoch-603, train_loss-0.0744, train_rmse-0.2728, valid_rmse-1.1986, valid_pr-0.7616
epoch-604, train_loss-0.0797, train_rmse-0.2823, valid_rmse-1.1983, valid_pr-0.7615
epoch-605, train_loss-0.0841, train_rmse-0.2899, valid_rmse-1.2004, valid_pr-0.7608
epoch-606, train_loss-0.0788, train_rmse-0.2807, valid_rmse-1.1949, valid_pr-0.7631
epoch-607, train_loss-0.0789, train_rmse-0.2808, valid_rmse-1.1960, valid_pr-0.7635
epoch-608, train_loss-0.0745, train_rmse-0.2730, valid_rmse-1.1969, valid_pr-0.7620
epoch-609, train_loss-0.0823, train_rmse-0.2869, valid_rmse-1.1950, valid_pr-0.7624
epoch-610, train_loss-0.0828, train_rmse-0.2878, valid_rmse-1.2021, valid_pr-0.7611
epoch-611, train_loss-0.0728, train_rmse-0.2699, valid_rmse-1.1972, valid_pr-0.7616
epoch-612, train_loss-0.0819, train_rmse-0.2863, valid_rmse-1.1983, valid_pr-0.7614
epoch-613, train_loss-0.0845, train_rmse-0.2908, valid_rmse-1.2017, valid_pr-0.7604
epoch-614, train_loss-0.0726, train_rmse-0.2694, valid_rmse-1.1995, valid_pr-0.7615
epoch-615, train_loss-0.0733, train_rmse-0.2707, valid_rmse-1.2042, valid_pr-0.7620
epoch-616, train_loss-0.0766, train_rmse-0.2767, valid_rmse-1.2013, valid_pr-0.7607
epoch-617, train_loss-0.0814, train_rmse-0.2854, valid_rmse-1.2000, valid_pr-0.7606
epoch-618, train_loss-0.0856, train_rmse-0.2925, valid_rmse-1.1976, valid_pr-0.7612
early stop in epoch 618
best_rmse: 1.1947
valid_rmse-1.1947, valid_pr-0.7628, test2013_rmse-1.2487, test2013_pr-0.8635, test2016_rmse-1.1135, test2016_pr-0.8688, test2019_rmse-1.3431, test2019_pr-0.6634
