ASD, lr=0.001, seed=755
train_ASD.py
train data: 11904
valid data: 1000
test2013 data: 107
test2016 data: 285
test2019 data: 4366
GIGN params # : 42663002
epoch-0, train_loss-5.2944, train_rmse-2.3010, valid_rmse-2.0243, valid_pr-0.3053
Validation : valid_rmse-2.0243, valid_pr-0.3053, 
test2013_rmse-2.4262, test2013_pr-0.2255, test2016_rmse-2.2205, test2016_pr-0.3325, test2019_rmse-1.9270, test2019_pr-0.2916
epoch-1, train_loss-3.3965, train_rmse-1.8430, valid_rmse-1.7880, valid_pr-0.3745
Validation : valid_rmse-1.7880, valid_pr-0.3745, 
test2013_rmse-2.2694, test2013_pr-0.2708, test2016_rmse-1.9985, test2016_pr-0.4115, test2019_rmse-1.8047, test2019_pr-0.3080
epoch-2, train_loss-3.1259, train_rmse-1.7680, valid_rmse-1.7388, valid_pr-0.4022
Validation : valid_rmse-1.7388, valid_pr-0.4022, 
test2013_rmse-1.9482, test2013_pr-0.5519, test2016_rmse-1.8577, test2016_pr-0.5253, test2019_rmse-1.7036, test2019_pr-0.3719
epoch-3, train_loss-2.9199, train_rmse-1.7088, valid_rmse-1.7033, valid_pr-0.4152
Validation : valid_rmse-1.7033, valid_pr-0.4152, 
test2013_rmse-2.1263, test2013_pr-0.4100, test2016_rmse-1.8951, test2016_pr-0.4974, test2019_rmse-1.7297, test2019_pr-0.3284
epoch-4, train_loss-2.8591, train_rmse-1.6909, valid_rmse-1.6979, valid_pr-0.4129
Validation : valid_rmse-1.6979, valid_pr-0.4129, 
test2013_rmse-2.0972, test2013_pr-0.4300, test2016_rmse-1.8996, test2016_pr-0.4838, test2019_rmse-1.6738, test2019_pr-0.3835
epoch-5, train_loss-2.6738, train_rmse-1.6352, valid_rmse-1.7043, valid_pr-0.4389
epoch-6, train_loss-2.5612, train_rmse-1.6004, valid_rmse-1.6635, valid_pr-0.4646
Validation : valid_rmse-1.6635, valid_pr-0.4646, 
test2013_rmse-2.0413, test2013_pr-0.4885, test2016_rmse-1.8409, test2016_pr-0.5456, test2019_rmse-1.6400, test2019_pr-0.4249
epoch-7, train_loss-2.5919, train_rmse-1.6099, valid_rmse-1.6745, valid_pr-0.4515
epoch-8, train_loss-2.5279, train_rmse-1.5899, valid_rmse-1.6931, valid_pr-0.4772
epoch-9, train_loss-2.4461, train_rmse-1.5640, valid_rmse-1.6187, valid_pr-0.5210
Validation : valid_rmse-1.6187, valid_pr-0.5210, 
test2013_rmse-1.9868, test2013_pr-0.5209, test2016_rmse-1.7699, test2016_pr-0.5893, test2019_rmse-1.6548, test2019_pr-0.4390
epoch-10, train_loss-2.3893, train_rmse-1.5457, valid_rmse-1.5781, valid_pr-0.5277
Validation : valid_rmse-1.5781, valid_pr-0.5277, 
test2013_rmse-1.9151, test2013_pr-0.5741, test2016_rmse-1.7343, test2016_pr-0.6048, test2019_rmse-1.6125, test2019_pr-0.4524
epoch-11, train_loss-2.3635, train_rmse-1.5374, valid_rmse-1.5629, valid_pr-0.5385
Validation : valid_rmse-1.5629, valid_pr-0.5385, 
test2013_rmse-1.9419, test2013_pr-0.5630, test2016_rmse-1.7393, test2016_pr-0.6044, test2019_rmse-1.6019, test2019_pr-0.4812
epoch-12, train_loss-2.2579, train_rmse-1.5026, valid_rmse-1.5428, valid_pr-0.5602
Validation : valid_rmse-1.5428, valid_pr-0.5602, 
test2013_rmse-1.9060, test2013_pr-0.5732, test2016_rmse-1.6971, test2016_pr-0.6239, test2019_rmse-1.6223, test2019_pr-0.4604
epoch-13, train_loss-2.2462, train_rmse-1.4987, valid_rmse-1.6958, valid_pr-0.5344
epoch-14, train_loss-2.2695, train_rmse-1.5065, valid_rmse-1.5614, valid_pr-0.5395
epoch-15, train_loss-2.2093, train_rmse-1.4864, valid_rmse-1.5398, valid_pr-0.5576
Validation : valid_rmse-1.5398, valid_pr-0.5576, 
test2013_rmse-1.9574, test2013_pr-0.5382, test2016_rmse-1.7286, test2016_pr-0.6056, test2019_rmse-1.5955, test2019_pr-0.4718
epoch-16, train_loss-2.1157, train_rmse-1.4545, valid_rmse-1.5448, valid_pr-0.5689
epoch-17, train_loss-2.0941, train_rmse-1.4471, valid_rmse-1.4964, valid_pr-0.5883
Validation : valid_rmse-1.4964, valid_pr-0.5883, 
test2013_rmse-1.7532, test2013_pr-0.6661, test2016_rmse-1.6828, test2016_pr-0.6364, test2019_rmse-1.5780, test2019_pr-0.4846
epoch-18, train_loss-2.1189, train_rmse-1.4556, valid_rmse-1.6027, valid_pr-0.5589
epoch-19, train_loss-2.0715, train_rmse-1.4393, valid_rmse-1.5089, valid_pr-0.5893
epoch-20, train_loss-1.9714, train_rmse-1.4041, valid_rmse-1.5274, valid_pr-0.5738
epoch-21, train_loss-1.9621, train_rmse-1.4008, valid_rmse-1.5129, valid_pr-0.6009
epoch-22, train_loss-1.9380, train_rmse-1.3921, valid_rmse-1.5015, valid_pr-0.5892
epoch-23, train_loss-1.9530, train_rmse-1.3975, valid_rmse-1.5529, valid_pr-0.6083
epoch-24, train_loss-1.9533, train_rmse-1.3976, valid_rmse-1.5115, valid_pr-0.5832
epoch-25, train_loss-1.9254, train_rmse-1.3876, valid_rmse-1.4956, valid_pr-0.6002
Validation : valid_rmse-1.4956, valid_pr-0.6002, 
test2013_rmse-1.8221, test2013_pr-0.6444, test2016_rmse-1.6893, test2016_pr-0.6468, test2019_rmse-1.5654, test2019_pr-0.5072
epoch-26, train_loss-1.8512, train_rmse-1.3606, valid_rmse-1.5514, valid_pr-0.5666
epoch-27, train_loss-1.8719, train_rmse-1.3682, valid_rmse-1.6410, valid_pr-0.6042
epoch-28, train_loss-1.8477, train_rmse-1.3593, valid_rmse-1.5090, valid_pr-0.6164
epoch-29, train_loss-1.7831, train_rmse-1.3353, valid_rmse-1.4728, valid_pr-0.6066
Validation : valid_rmse-1.4728, valid_pr-0.6066, 
test2013_rmse-1.6755, test2013_pr-0.7121, test2016_rmse-1.6447, test2016_pr-0.6603, test2019_rmse-1.5784, test2019_pr-0.4936
epoch-30, train_loss-1.7897, train_rmse-1.3378, valid_rmse-1.5686, valid_pr-0.5715
epoch-31, train_loss-1.8030, train_rmse-1.3427, valid_rmse-1.4404, valid_pr-0.6384
Validation : valid_rmse-1.4404, valid_pr-0.6384, 
test2013_rmse-1.7218, test2013_pr-0.6757, test2016_rmse-1.6285, test2016_pr-0.6623, test2019_rmse-1.5845, test2019_pr-0.5106
epoch-32, train_loss-1.7220, train_rmse-1.3122, valid_rmse-1.4685, valid_pr-0.6120
epoch-33, train_loss-1.7254, train_rmse-1.3135, valid_rmse-1.5022, valid_pr-0.6185
epoch-34, train_loss-1.6799, train_rmse-1.2961, valid_rmse-1.4347, valid_pr-0.6386
Validation : valid_rmse-1.4347, valid_pr-0.6386, 
test2013_rmse-1.7060, test2013_pr-0.7041, test2016_rmse-1.6849, test2016_pr-0.6427, test2019_rmse-1.5362, test2019_pr-0.5303
epoch-35, train_loss-1.6716, train_rmse-1.2929, valid_rmse-1.5209, valid_pr-0.6084
epoch-36, train_loss-1.6914, train_rmse-1.3005, valid_rmse-1.4499, valid_pr-0.6346
epoch-37, train_loss-1.6471, train_rmse-1.2834, valid_rmse-1.5477, valid_pr-0.5997
epoch-38, train_loss-1.6258, train_rmse-1.2751, valid_rmse-1.4351, valid_pr-0.6312
epoch-39, train_loss-1.6240, train_rmse-1.2744, valid_rmse-1.4529, valid_pr-0.6310
epoch-40, train_loss-1.5882, train_rmse-1.2602, valid_rmse-1.4792, valid_pr-0.6168
epoch-41, train_loss-1.5768, train_rmse-1.2557, valid_rmse-1.4544, valid_pr-0.6314
epoch-42, train_loss-1.5336, train_rmse-1.2384, valid_rmse-1.4746, valid_pr-0.6527
epoch-43, train_loss-1.5119, train_rmse-1.2296, valid_rmse-1.4812, valid_pr-0.6438
epoch-44, train_loss-1.4918, train_rmse-1.2214, valid_rmse-1.4786, valid_pr-0.6405
epoch-45, train_loss-1.5132, train_rmse-1.2301, valid_rmse-1.4506, valid_pr-0.6278
epoch-46, train_loss-1.5093, train_rmse-1.2285, valid_rmse-1.4660, valid_pr-0.6232
epoch-47, train_loss-1.4958, train_rmse-1.2230, valid_rmse-1.4562, valid_pr-0.6465
epoch-48, train_loss-1.4540, train_rmse-1.2058, valid_rmse-1.4492, valid_pr-0.6348
epoch-49, train_loss-1.4493, train_rmse-1.2039, valid_rmse-1.4677, valid_pr-0.6422
epoch-50, train_loss-1.4391, train_rmse-1.1996, valid_rmse-1.4325, valid_pr-0.6506
Validation : valid_rmse-1.4325, valid_pr-0.6506, 
test2013_rmse-1.6831, test2013_pr-0.6948, test2016_rmse-1.5841, test2016_pr-0.6880, test2019_rmse-1.5830, test2019_pr-0.5259
epoch-51, train_loss-1.4133, train_rmse-1.1888, valid_rmse-1.4199, valid_pr-0.6516
Validation : valid_rmse-1.4199, valid_pr-0.6516, 
test2013_rmse-1.6386, test2013_pr-0.7205, test2016_rmse-1.5677, test2016_pr-0.6971, test2019_rmse-1.5443, test2019_pr-0.5419
epoch-52, train_loss-1.3202, train_rmse-1.1490, valid_rmse-1.4319, valid_pr-0.6517
epoch-53, train_loss-1.3122, train_rmse-1.1455, valid_rmse-1.3805, valid_pr-0.6752
Validation : valid_rmse-1.3805, valid_pr-0.6752, 
test2013_rmse-1.6714, test2013_pr-0.7040, test2016_rmse-1.5494, test2016_pr-0.7049, test2019_rmse-1.5444, test2019_pr-0.5435
epoch-54, train_loss-1.3026, train_rmse-1.1413, valid_rmse-1.4470, valid_pr-0.6679
epoch-55, train_loss-1.3018, train_rmse-1.1410, valid_rmse-1.4140, valid_pr-0.6602
epoch-56, train_loss-1.2576, train_rmse-1.1214, valid_rmse-1.4631, valid_pr-0.6469
epoch-57, train_loss-1.2786, train_rmse-1.1307, valid_rmse-1.4917, valid_pr-0.6099
epoch-58, train_loss-1.2581, train_rmse-1.1216, valid_rmse-1.4449, valid_pr-0.6561
epoch-59, train_loss-1.2371, train_rmse-1.1122, valid_rmse-1.4416, valid_pr-0.6517
epoch-60, train_loss-1.2428, train_rmse-1.1148, valid_rmse-1.4510, valid_pr-0.6389
epoch-61, train_loss-1.2565, train_rmse-1.1209, valid_rmse-1.4596, valid_pr-0.6359
epoch-62, train_loss-1.2240, train_rmse-1.1063, valid_rmse-1.3572, valid_pr-0.6828
Validation : valid_rmse-1.3572, valid_pr-0.6828, 
test2013_rmse-1.6188, test2013_pr-0.7222, test2016_rmse-1.5399, test2016_pr-0.7065, test2019_rmse-1.5513, test2019_pr-0.5332
epoch-63, train_loss-1.1918, train_rmse-1.0917, valid_rmse-1.4332, valid_pr-0.6611
epoch-64, train_loss-1.1960, train_rmse-1.0936, valid_rmse-1.4063, valid_pr-0.6705
epoch-65, train_loss-1.1860, train_rmse-1.0890, valid_rmse-1.4506, valid_pr-0.6529
epoch-66, train_loss-1.1653, train_rmse-1.0795, valid_rmse-1.4275, valid_pr-0.6617
epoch-67, train_loss-1.1507, train_rmse-1.0727, valid_rmse-1.4063, valid_pr-0.6771
epoch-68, train_loss-1.1701, train_rmse-1.0817, valid_rmse-1.4194, valid_pr-0.6620
epoch-69, train_loss-1.1179, train_rmse-1.0573, valid_rmse-1.4202, valid_pr-0.6703
epoch-70, train_loss-1.1017, train_rmse-1.0496, valid_rmse-1.4294, valid_pr-0.6576
epoch-71, train_loss-1.0748, train_rmse-1.0367, valid_rmse-1.4223, valid_pr-0.6612
epoch-72, train_loss-1.0768, train_rmse-1.0377, valid_rmse-1.4109, valid_pr-0.6777
epoch-73, train_loss-1.0699, train_rmse-1.0343, valid_rmse-1.3655, valid_pr-0.6850
epoch-74, train_loss-1.0543, train_rmse-1.0268, valid_rmse-1.3940, valid_pr-0.6717
epoch-75, train_loss-1.0538, train_rmse-1.0266, valid_rmse-1.4227, valid_pr-0.6647
epoch-76, train_loss-1.0303, train_rmse-1.0151, valid_rmse-1.4220, valid_pr-0.6632
epoch-77, train_loss-1.0171, train_rmse-1.0085, valid_rmse-1.4280, valid_pr-0.6590
epoch-78, train_loss-1.0059, train_rmse-1.0030, valid_rmse-1.4034, valid_pr-0.6671
epoch-79, train_loss-0.9461, train_rmse-0.9727, valid_rmse-1.4184, valid_pr-0.6643
epoch-80, train_loss-0.9521, train_rmse-0.9757, valid_rmse-1.4045, valid_pr-0.6680
epoch-81, train_loss-0.9064, train_rmse-0.9520, valid_rmse-1.3760, valid_pr-0.6802
epoch-82, train_loss-0.9164, train_rmse-0.9573, valid_rmse-1.3678, valid_pr-0.6855
epoch-83, train_loss-0.8919, train_rmse-0.9444, valid_rmse-1.4140, valid_pr-0.6655
epoch-84, train_loss-0.9006, train_rmse-0.9490, valid_rmse-1.4698, valid_pr-0.6659
epoch-85, train_loss-0.8957, train_rmse-0.9464, valid_rmse-1.4017, valid_pr-0.6651
epoch-86, train_loss-0.8822, train_rmse-0.9392, valid_rmse-1.4171, valid_pr-0.6662
epoch-87, train_loss-0.8693, train_rmse-0.9324, valid_rmse-1.4435, valid_pr-0.6834
epoch-88, train_loss-0.8991, train_rmse-0.9482, valid_rmse-1.4319, valid_pr-0.6512
epoch-89, train_loss-0.8570, train_rmse-0.9257, valid_rmse-1.4117, valid_pr-0.6733
epoch-90, train_loss-0.8339, train_rmse-0.9132, valid_rmse-1.4254, valid_pr-0.6731
epoch-91, train_loss-0.8405, train_rmse-0.9168, valid_rmse-1.4355, valid_pr-0.6479
epoch-92, train_loss-0.9120, train_rmse-0.9550, valid_rmse-1.4240, valid_pr-0.6742
epoch-93, train_loss-0.8450, train_rmse-0.9192, valid_rmse-1.3758, valid_pr-0.6823
epoch-94, train_loss-0.8040, train_rmse-0.8966, valid_rmse-1.3918, valid_pr-0.6757
epoch-95, train_loss-0.8254, train_rmse-0.9085, valid_rmse-1.4226, valid_pr-0.6761
epoch-96, train_loss-0.8027, train_rmse-0.8960, valid_rmse-1.4412, valid_pr-0.6607
epoch-97, train_loss-0.7699, train_rmse-0.8774, valid_rmse-1.3901, valid_pr-0.6803
epoch-98, train_loss-0.7638, train_rmse-0.8739, valid_rmse-1.3707, valid_pr-0.6915
epoch-99, train_loss-0.7864, train_rmse-0.8868, valid_rmse-1.4676, valid_pr-0.6433
epoch-100, train_loss-0.7777, train_rmse-0.8819, valid_rmse-1.4208, valid_pr-0.6751
epoch-101, train_loss-0.7314, train_rmse-0.8552, valid_rmse-1.4063, valid_pr-0.6844
epoch-102, train_loss-0.7100, train_rmse-0.8426, valid_rmse-1.3714, valid_pr-0.6950
epoch-103, train_loss-0.7199, train_rmse-0.8485, valid_rmse-1.3667, valid_pr-0.6915
epoch-104, train_loss-0.7383, train_rmse-0.8592, valid_rmse-1.3878, valid_pr-0.6876
epoch-105, train_loss-0.7375, train_rmse-0.8588, valid_rmse-1.3953, valid_pr-0.6654
epoch-106, train_loss-0.7008, train_rmse-0.8371, valid_rmse-1.3647, valid_pr-0.6932
epoch-107, train_loss-0.6619, train_rmse-0.8136, valid_rmse-1.3925, valid_pr-0.6823
epoch-108, train_loss-0.7034, train_rmse-0.8387, valid_rmse-1.3865, valid_pr-0.6794
epoch-109, train_loss-0.7458, train_rmse-0.8636, valid_rmse-1.3501, valid_pr-0.6953
Validation : valid_rmse-1.3501, valid_pr-0.6953, 
test2013_rmse-1.4580, test2013_pr-0.7874, test2016_rmse-1.5045, test2016_pr-0.7290, test2019_rmse-1.5349, test2019_pr-0.5551
epoch-110, train_loss-0.7208, train_rmse-0.8490, valid_rmse-1.3789, valid_pr-0.6884
epoch-111, train_loss-0.6618, train_rmse-0.8135, valid_rmse-1.4276, valid_pr-0.6673
epoch-112, train_loss-0.6620, train_rmse-0.8136, valid_rmse-1.4233, valid_pr-0.6607
epoch-113, train_loss-0.6524, train_rmse-0.8077, valid_rmse-1.4041, valid_pr-0.6719
epoch-114, train_loss-0.6508, train_rmse-0.8067, valid_rmse-1.3859, valid_pr-0.6852
epoch-115, train_loss-0.6007, train_rmse-0.7750, valid_rmse-1.4218, valid_pr-0.6793
epoch-116, train_loss-0.6099, train_rmse-0.7809, valid_rmse-1.3806, valid_pr-0.6861
epoch-117, train_loss-0.6077, train_rmse-0.7795, valid_rmse-1.4026, valid_pr-0.6736
epoch-118, train_loss-0.5880, train_rmse-0.7668, valid_rmse-1.3976, valid_pr-0.6743
epoch-119, train_loss-0.6263, train_rmse-0.7914, valid_rmse-1.3769, valid_pr-0.6939
epoch-120, train_loss-0.5920, train_rmse-0.7694, valid_rmse-1.4138, valid_pr-0.6738
epoch-121, train_loss-0.6172, train_rmse-0.7856, valid_rmse-1.3818, valid_pr-0.6851
epoch-122, train_loss-0.6017, train_rmse-0.7757, valid_rmse-1.4426, valid_pr-0.6697
epoch-123, train_loss-0.6199, train_rmse-0.7873, valid_rmse-1.4052, valid_pr-0.6845
epoch-124, train_loss-0.5930, train_rmse-0.7700, valid_rmse-1.4140, valid_pr-0.6760
epoch-125, train_loss-0.5803, train_rmse-0.7618, valid_rmse-1.4081, valid_pr-0.6748
epoch-126, train_loss-0.5821, train_rmse-0.7629, valid_rmse-1.4198, valid_pr-0.6674
epoch-127, train_loss-0.6620, train_rmse-0.8136, valid_rmse-1.4581, valid_pr-0.6659
epoch-128, train_loss-0.5477, train_rmse-0.7401, valid_rmse-1.4460, valid_pr-0.6684
epoch-129, train_loss-0.5476, train_rmse-0.7400, valid_rmse-1.4021, valid_pr-0.6831
epoch-130, train_loss-0.5325, train_rmse-0.7297, valid_rmse-1.4112, valid_pr-0.6819
epoch-131, train_loss-0.5077, train_rmse-0.7125, valid_rmse-1.3693, valid_pr-0.6938
epoch-132, train_loss-0.4917, train_rmse-0.7012, valid_rmse-1.4396, valid_pr-0.6779
epoch-133, train_loss-0.5099, train_rmse-0.7141, valid_rmse-1.4071, valid_pr-0.6834
epoch-134, train_loss-0.4920, train_rmse-0.7014, valid_rmse-1.4074, valid_pr-0.6722
epoch-135, train_loss-0.4878, train_rmse-0.6984, valid_rmse-1.3884, valid_pr-0.6804
epoch-136, train_loss-0.4760, train_rmse-0.6899, valid_rmse-1.3974, valid_pr-0.6806
epoch-137, train_loss-0.4933, train_rmse-0.7023, valid_rmse-1.4011, valid_pr-0.6855
epoch-138, train_loss-0.4762, train_rmse-0.6900, valid_rmse-1.3921, valid_pr-0.6874
epoch-139, train_loss-0.4797, train_rmse-0.6926, valid_rmse-1.3448, valid_pr-0.6992
Validation : valid_rmse-1.3448, valid_pr-0.6992, 
test2013_rmse-1.6787, test2013_pr-0.6918, test2016_rmse-1.5819, test2016_pr-0.6877, test2019_rmse-1.5858, test2019_pr-0.5333
epoch-140, train_loss-0.4921, train_rmse-0.7015, valid_rmse-1.3970, valid_pr-0.6890
epoch-141, train_loss-0.4800, train_rmse-0.6928, valid_rmse-1.3999, valid_pr-0.6739
epoch-142, train_loss-0.4591, train_rmse-0.6776, valid_rmse-1.3818, valid_pr-0.6889
epoch-143, train_loss-0.4918, train_rmse-0.7013, valid_rmse-1.4204, valid_pr-0.6756
epoch-144, train_loss-0.5103, train_rmse-0.7143, valid_rmse-1.4302, valid_pr-0.6754
epoch-145, train_loss-0.5225, train_rmse-0.7228, valid_rmse-1.4022, valid_pr-0.6945
epoch-146, train_loss-0.4624, train_rmse-0.6800, valid_rmse-1.4132, valid_pr-0.6897
epoch-147, train_loss-0.4596, train_rmse-0.6779, valid_rmse-1.4154, valid_pr-0.6728
epoch-148, train_loss-0.4271, train_rmse-0.6535, valid_rmse-1.3835, valid_pr-0.6806
epoch-149, train_loss-0.4272, train_rmse-0.6536, valid_rmse-1.4013, valid_pr-0.6741
epoch-150, train_loss-0.4599, train_rmse-0.6781, valid_rmse-1.3949, valid_pr-0.6776
epoch-151, train_loss-0.4569, train_rmse-0.6760, valid_rmse-1.3865, valid_pr-0.6895
epoch-152, train_loss-0.4488, train_rmse-0.6699, valid_rmse-1.4313, valid_pr-0.6699
epoch-153, train_loss-0.4533, train_rmse-0.6733, valid_rmse-1.4300, valid_pr-0.6690
epoch-154, train_loss-0.4562, train_rmse-0.6754, valid_rmse-1.3852, valid_pr-0.6893
epoch-155, train_loss-0.4124, train_rmse-0.6422, valid_rmse-1.3670, valid_pr-0.6874
epoch-156, train_loss-0.4104, train_rmse-0.6406, valid_rmse-1.3566, valid_pr-0.6944
epoch-157, train_loss-0.3860, train_rmse-0.6213, valid_rmse-1.3571, valid_pr-0.7005
epoch-158, train_loss-0.3958, train_rmse-0.6291, valid_rmse-1.3872, valid_pr-0.6873
epoch-159, train_loss-0.3744, train_rmse-0.6119, valid_rmse-1.3669, valid_pr-0.7012
epoch-160, train_loss-0.4006, train_rmse-0.6330, valid_rmse-1.3812, valid_pr-0.6886
epoch-161, train_loss-0.4224, train_rmse-0.6499, valid_rmse-1.3429, valid_pr-0.6990
Validation : valid_rmse-1.3429, valid_pr-0.6990, 
test2013_rmse-1.5307, test2013_pr-0.7567, test2016_rmse-1.5026, test2016_pr-0.7277, test2019_rmse-1.5952, test2019_pr-0.5328
epoch-162, train_loss-0.4344, train_rmse-0.6591, valid_rmse-1.4392, valid_pr-0.6728
epoch-163, train_loss-0.4342, train_rmse-0.6589, valid_rmse-1.3682, valid_pr-0.6881
epoch-164, train_loss-0.3955, train_rmse-0.6289, valid_rmse-1.4109, valid_pr-0.6801
epoch-165, train_loss-0.4236, train_rmse-0.6509, valid_rmse-1.3532, valid_pr-0.6989
epoch-166, train_loss-0.3897, train_rmse-0.6243, valid_rmse-1.3396, valid_pr-0.7038
Validation : valid_rmse-1.3396, valid_pr-0.7038, 
test2013_rmse-1.5216, test2013_pr-0.7570, test2016_rmse-1.4959, test2016_pr-0.7267, test2019_rmse-1.6089, test2019_pr-0.5149
epoch-167, train_loss-0.4066, train_rmse-0.6377, valid_rmse-1.3350, valid_pr-0.7112
Validation : valid_rmse-1.3350, valid_pr-0.7112, 
test2013_rmse-1.5062, test2013_pr-0.7684, test2016_rmse-1.4266, test2016_pr-0.7564, test2019_rmse-1.6038, test2019_pr-0.5353
epoch-168, train_loss-0.3687, train_rmse-0.6072, valid_rmse-1.3518, valid_pr-0.7011
epoch-169, train_loss-0.3431, train_rmse-0.5857, valid_rmse-1.3650, valid_pr-0.6998
epoch-170, train_loss-0.3515, train_rmse-0.5929, valid_rmse-1.3761, valid_pr-0.6853
epoch-171, train_loss-0.3629, train_rmse-0.6024, valid_rmse-1.3759, valid_pr-0.6997
epoch-172, train_loss-0.3580, train_rmse-0.5984, valid_rmse-1.3775, valid_pr-0.7022
epoch-173, train_loss-0.3618, train_rmse-0.6015, valid_rmse-1.4087, valid_pr-0.6865
epoch-174, train_loss-0.3580, train_rmse-0.5983, valid_rmse-1.3516, valid_pr-0.6971
epoch-175, train_loss-0.3238, train_rmse-0.5690, valid_rmse-1.3866, valid_pr-0.6840
epoch-176, train_loss-0.3189, train_rmse-0.5647, valid_rmse-1.3972, valid_pr-0.6933
epoch-177, train_loss-0.3590, train_rmse-0.5992, valid_rmse-1.3706, valid_pr-0.6923
epoch-178, train_loss-0.3598, train_rmse-0.5998, valid_rmse-1.3602, valid_pr-0.6986
epoch-179, train_loss-0.3148, train_rmse-0.5611, valid_rmse-1.3806, valid_pr-0.6943
epoch-180, train_loss-0.3262, train_rmse-0.5712, valid_rmse-1.3359, valid_pr-0.7094
epoch-181, train_loss-0.3373, train_rmse-0.5808, valid_rmse-1.3582, valid_pr-0.7001
epoch-182, train_loss-0.3553, train_rmse-0.5961, valid_rmse-1.3654, valid_pr-0.6885
epoch-183, train_loss-0.3333, train_rmse-0.5773, valid_rmse-1.3624, valid_pr-0.6973
epoch-184, train_loss-0.3478, train_rmse-0.5898, valid_rmse-1.3648, valid_pr-0.6893
epoch-185, train_loss-0.3479, train_rmse-0.5899, valid_rmse-1.3845, valid_pr-0.6880
epoch-186, train_loss-0.3343, train_rmse-0.5782, valid_rmse-1.3815, valid_pr-0.7005
epoch-187, train_loss-0.3292, train_rmse-0.5737, valid_rmse-1.3504, valid_pr-0.7006
epoch-188, train_loss-0.3123, train_rmse-0.5588, valid_rmse-1.3779, valid_pr-0.6934
epoch-189, train_loss-0.3089, train_rmse-0.5558, valid_rmse-1.3788, valid_pr-0.6920
epoch-190, train_loss-0.3114, train_rmse-0.5580, valid_rmse-1.3378, valid_pr-0.7071
epoch-191, train_loss-0.3147, train_rmse-0.5610, valid_rmse-1.3582, valid_pr-0.7026
epoch-192, train_loss-0.3277, train_rmse-0.5724, valid_rmse-1.3576, valid_pr-0.7070
epoch-193, train_loss-0.3289, train_rmse-0.5735, valid_rmse-1.3492, valid_pr-0.7005
epoch-194, train_loss-0.3251, train_rmse-0.5701, valid_rmse-1.3622, valid_pr-0.6996
epoch-195, train_loss-0.3255, train_rmse-0.5706, valid_rmse-1.4186, valid_pr-0.6946
epoch-196, train_loss-0.3147, train_rmse-0.5610, valid_rmse-1.3662, valid_pr-0.6951
epoch-197, train_loss-0.3071, train_rmse-0.5542, valid_rmse-1.3992, valid_pr-0.6809
epoch-198, train_loss-0.3094, train_rmse-0.5562, valid_rmse-1.3884, valid_pr-0.6884
epoch-199, train_loss-0.3060, train_rmse-0.5532, valid_rmse-1.3584, valid_pr-0.6976
epoch-200, train_loss-0.2990, train_rmse-0.5468, valid_rmse-1.3561, valid_pr-0.7026
epoch-201, train_loss-0.2840, train_rmse-0.5329, valid_rmse-1.3827, valid_pr-0.6961
epoch-202, train_loss-0.3229, train_rmse-0.5682, valid_rmse-1.3283, valid_pr-0.7091
Validation : valid_rmse-1.3283, valid_pr-0.7091, 
test2013_rmse-1.4814, test2013_pr-0.7757, test2016_rmse-1.4531, test2016_pr-0.7440, test2019_rmse-1.5820, test2019_pr-0.5297
epoch-203, train_loss-0.3099, train_rmse-0.5567, valid_rmse-1.3888, valid_pr-0.6880
epoch-204, train_loss-0.2893, train_rmse-0.5379, valid_rmse-1.3344, valid_pr-0.7199
epoch-205, train_loss-0.2721, train_rmse-0.5217, valid_rmse-1.3604, valid_pr-0.6998
epoch-206, train_loss-0.2660, train_rmse-0.5158, valid_rmse-1.3144, valid_pr-0.7225
Validation : valid_rmse-1.3144, valid_pr-0.7225, 
test2013_rmse-1.5534, test2013_pr-0.7450, test2016_rmse-1.5111, test2016_pr-0.7263, test2019_rmse-1.6017, test2019_pr-0.5376
epoch-207, train_loss-0.2715, train_rmse-0.5211, valid_rmse-1.3464, valid_pr-0.7060
epoch-208, train_loss-0.2832, train_rmse-0.5321, valid_rmse-1.3717, valid_pr-0.6965
epoch-209, train_loss-0.2797, train_rmse-0.5288, valid_rmse-1.3621, valid_pr-0.6972
epoch-210, train_loss-0.2715, train_rmse-0.5210, valid_rmse-1.3548, valid_pr-0.7013
epoch-211, train_loss-0.2660, train_rmse-0.5157, valid_rmse-1.3478, valid_pr-0.7064
epoch-212, train_loss-0.2713, train_rmse-0.5208, valid_rmse-1.3738, valid_pr-0.6921
epoch-213, train_loss-0.2512, train_rmse-0.5012, valid_rmse-1.3662, valid_pr-0.7002
epoch-214, train_loss-0.2404, train_rmse-0.4903, valid_rmse-1.3403, valid_pr-0.7092
epoch-215, train_loss-0.2886, train_rmse-0.5372, valid_rmse-1.3648, valid_pr-0.6930
epoch-216, train_loss-0.2815, train_rmse-0.5306, valid_rmse-1.3443, valid_pr-0.7049
epoch-217, train_loss-0.2721, train_rmse-0.5217, valid_rmse-1.3757, valid_pr-0.6920
epoch-218, train_loss-0.2869, train_rmse-0.5356, valid_rmse-1.3935, valid_pr-0.6792
epoch-219, train_loss-0.2739, train_rmse-0.5234, valid_rmse-1.3834, valid_pr-0.6998
epoch-220, train_loss-0.2736, train_rmse-0.5231, valid_rmse-1.3282, valid_pr-0.7175
epoch-221, train_loss-0.2652, train_rmse-0.5150, valid_rmse-1.3549, valid_pr-0.6977
epoch-222, train_loss-0.2501, train_rmse-0.5001, valid_rmse-1.3772, valid_pr-0.6953
epoch-223, train_loss-0.2383, train_rmse-0.4881, valid_rmse-1.3196, valid_pr-0.7161
epoch-224, train_loss-0.2637, train_rmse-0.5135, valid_rmse-1.4126, valid_pr-0.6924
epoch-225, train_loss-0.2775, train_rmse-0.5268, valid_rmse-1.3519, valid_pr-0.7057
epoch-226, train_loss-0.2423, train_rmse-0.4923, valid_rmse-1.3557, valid_pr-0.7003
epoch-227, train_loss-0.2378, train_rmse-0.4876, valid_rmse-1.3672, valid_pr-0.7022
epoch-228, train_loss-0.2419, train_rmse-0.4919, valid_rmse-1.3311, valid_pr-0.7066
epoch-229, train_loss-0.2333, train_rmse-0.4830, valid_rmse-1.3556, valid_pr-0.6997
epoch-230, train_loss-0.2461, train_rmse-0.4961, valid_rmse-1.3558, valid_pr-0.7072
epoch-231, train_loss-0.2425, train_rmse-0.4924, valid_rmse-1.3678, valid_pr-0.6973
epoch-232, train_loss-0.2373, train_rmse-0.4871, valid_rmse-1.3462, valid_pr-0.7079
epoch-233, train_loss-0.2409, train_rmse-0.4908, valid_rmse-1.3355, valid_pr-0.7074
epoch-234, train_loss-0.2439, train_rmse-0.4938, valid_rmse-1.3628, valid_pr-0.7053
epoch-235, train_loss-0.2480, train_rmse-0.4980, valid_rmse-1.3479, valid_pr-0.7060
epoch-236, train_loss-0.2690, train_rmse-0.5186, valid_rmse-1.3518, valid_pr-0.7028
epoch-237, train_loss-0.2613, train_rmse-0.5111, valid_rmse-1.3842, valid_pr-0.6926
epoch-238, train_loss-0.2694, train_rmse-0.5190, valid_rmse-1.3549, valid_pr-0.7009
epoch-239, train_loss-0.2524, train_rmse-0.5024, valid_rmse-1.3632, valid_pr-0.6922
epoch-240, train_loss-0.2443, train_rmse-0.4943, valid_rmse-1.3362, valid_pr-0.7047
epoch-241, train_loss-0.2311, train_rmse-0.4807, valid_rmse-1.3221, valid_pr-0.7157
epoch-242, train_loss-0.2133, train_rmse-0.4618, valid_rmse-1.3518, valid_pr-0.6980
epoch-243, train_loss-0.2159, train_rmse-0.4647, valid_rmse-1.3370, valid_pr-0.7094
epoch-244, train_loss-0.2184, train_rmse-0.4673, valid_rmse-1.3393, valid_pr-0.7098
epoch-245, train_loss-0.2178, train_rmse-0.4667, valid_rmse-1.3374, valid_pr-0.7039
epoch-246, train_loss-0.2142, train_rmse-0.4628, valid_rmse-1.3297, valid_pr-0.7115
epoch-247, train_loss-0.2108, train_rmse-0.4591, valid_rmse-1.3546, valid_pr-0.6996
epoch-248, train_loss-0.2180, train_rmse-0.4669, valid_rmse-1.3444, valid_pr-0.7042
epoch-249, train_loss-0.2133, train_rmse-0.4618, valid_rmse-1.3358, valid_pr-0.7101
epoch-250, train_loss-0.2163, train_rmse-0.4651, valid_rmse-1.3630, valid_pr-0.6941
epoch-251, train_loss-0.2237, train_rmse-0.4730, valid_rmse-1.3851, valid_pr-0.6907
epoch-252, train_loss-0.2388, train_rmse-0.4887, valid_rmse-1.3463, valid_pr-0.7031
epoch-253, train_loss-0.2248, train_rmse-0.4741, valid_rmse-1.3817, valid_pr-0.6947
epoch-254, train_loss-0.2193, train_rmse-0.4683, valid_rmse-1.3690, valid_pr-0.7005
epoch-255, train_loss-0.2092, train_rmse-0.4574, valid_rmse-1.3376, valid_pr-0.7044
epoch-256, train_loss-0.2310, train_rmse-0.4806, valid_rmse-1.3515, valid_pr-0.7034
epoch-257, train_loss-0.2130, train_rmse-0.4615, valid_rmse-1.3444, valid_pr-0.7009
epoch-258, train_loss-0.1540, train_rmse-0.3924, valid_rmse-1.3235, valid_pr-0.7139
epoch-259, train_loss-0.1290, train_rmse-0.3592, valid_rmse-1.3192, valid_pr-0.7140
epoch-260, train_loss-0.1184, train_rmse-0.3440, valid_rmse-1.3138, valid_pr-0.7183
Validation : valid_rmse-1.3138, valid_pr-0.7183, 
test2013_rmse-1.4643, test2013_pr-0.7771, test2016_rmse-1.4112, test2016_pr-0.7601, test2019_rmse-1.5558, test2019_pr-0.5522
epoch-261, train_loss-0.1135, train_rmse-0.3368, valid_rmse-1.3263, valid_pr-0.7126
epoch-262, train_loss-0.1102, train_rmse-0.3319, valid_rmse-1.3397, valid_pr-0.7146
epoch-263, train_loss-0.1096, train_rmse-0.3311, valid_rmse-1.3061, valid_pr-0.7216
Validation : valid_rmse-1.3061, valid_pr-0.7216, 
test2013_rmse-1.4738, test2013_pr-0.7737, test2016_rmse-1.4039, test2016_pr-0.7634, test2019_rmse-1.5587, test2019_pr-0.5514
epoch-264, train_loss-0.1061, train_rmse-0.3258, valid_rmse-1.3306, valid_pr-0.7111
epoch-265, train_loss-0.1090, train_rmse-0.3302, valid_rmse-1.3146, valid_pr-0.7216
epoch-266, train_loss-0.1036, train_rmse-0.3219, valid_rmse-1.3184, valid_pr-0.7192
epoch-267, train_loss-0.1072, train_rmse-0.3275, valid_rmse-1.3161, valid_pr-0.7168
epoch-268, train_loss-0.0966, train_rmse-0.3107, valid_rmse-1.3162, valid_pr-0.7185
epoch-269, train_loss-0.0986, train_rmse-0.3139, valid_rmse-1.3130, valid_pr-0.7203
epoch-270, train_loss-0.1033, train_rmse-0.3214, valid_rmse-1.3002, valid_pr-0.7212
Validation : valid_rmse-1.3002, valid_pr-0.7212, 
test2013_rmse-1.4892, test2013_pr-0.7676, test2016_rmse-1.4248, test2016_pr-0.7549, test2019_rmse-1.5595, test2019_pr-0.5492
epoch-271, train_loss-0.1034, train_rmse-0.3215, valid_rmse-1.2973, valid_pr-0.7272
Validation : valid_rmse-1.2973, valid_pr-0.7272, 
test2013_rmse-1.4655, test2013_pr-0.7760, test2016_rmse-1.3997, test2016_pr-0.7651, test2019_rmse-1.5711, test2019_pr-0.5528
epoch-272, train_loss-0.1047, train_rmse-0.3236, valid_rmse-1.3343, valid_pr-0.7125
epoch-273, train_loss-0.1008, train_rmse-0.3175, valid_rmse-1.2998, valid_pr-0.7274
epoch-274, train_loss-0.1015, train_rmse-0.3186, valid_rmse-1.3257, valid_pr-0.7128
epoch-275, train_loss-0.0996, train_rmse-0.3156, valid_rmse-1.3169, valid_pr-0.7194
epoch-276, train_loss-0.0962, train_rmse-0.3102, valid_rmse-1.3086, valid_pr-0.7207
epoch-277, train_loss-0.0971, train_rmse-0.3115, valid_rmse-1.3242, valid_pr-0.7182
epoch-278, train_loss-0.0990, train_rmse-0.3146, valid_rmse-1.3074, valid_pr-0.7230
epoch-279, train_loss-0.0978, train_rmse-0.3128, valid_rmse-1.3196, valid_pr-0.7131
epoch-280, train_loss-0.0970, train_rmse-0.3115, valid_rmse-1.3141, valid_pr-0.7188
epoch-281, train_loss-0.1026, train_rmse-0.3203, valid_rmse-1.3080, valid_pr-0.7227
epoch-282, train_loss-0.0981, train_rmse-0.3131, valid_rmse-1.3211, valid_pr-0.7147
epoch-283, train_loss-0.0977, train_rmse-0.3126, valid_rmse-1.3099, valid_pr-0.7186
epoch-284, train_loss-0.1051, train_rmse-0.3242, valid_rmse-1.3230, valid_pr-0.7158
epoch-285, train_loss-0.0999, train_rmse-0.3161, valid_rmse-1.3274, valid_pr-0.7148
epoch-286, train_loss-0.1043, train_rmse-0.3230, valid_rmse-1.3159, valid_pr-0.7138
epoch-287, train_loss-0.1027, train_rmse-0.3204, valid_rmse-1.3087, valid_pr-0.7231
epoch-288, train_loss-0.0963, train_rmse-0.3104, valid_rmse-1.3346, valid_pr-0.7118
epoch-289, train_loss-0.1028, train_rmse-0.3207, valid_rmse-1.3219, valid_pr-0.7159
epoch-290, train_loss-0.1022, train_rmse-0.3197, valid_rmse-1.3053, valid_pr-0.7224
epoch-291, train_loss-0.0991, train_rmse-0.3147, valid_rmse-1.3179, valid_pr-0.7155
epoch-292, train_loss-0.0935, train_rmse-0.3058, valid_rmse-1.3170, valid_pr-0.7206
epoch-293, train_loss-0.0968, train_rmse-0.3111, valid_rmse-1.3336, valid_pr-0.7113
epoch-294, train_loss-0.1057, train_rmse-0.3251, valid_rmse-1.3284, valid_pr-0.7113
epoch-295, train_loss-0.1002, train_rmse-0.3165, valid_rmse-1.3249, valid_pr-0.7118
epoch-296, train_loss-0.0959, train_rmse-0.3097, valid_rmse-1.3213, valid_pr-0.7164
epoch-297, train_loss-0.1033, train_rmse-0.3215, valid_rmse-1.3292, valid_pr-0.7113
epoch-298, train_loss-0.0980, train_rmse-0.3131, valid_rmse-1.3380, valid_pr-0.7064
epoch-299, train_loss-0.0967, train_rmse-0.3110, valid_rmse-1.3228, valid_pr-0.7150
epoch-300, train_loss-0.0928, train_rmse-0.3046, valid_rmse-1.3450, valid_pr-0.7069
epoch-301, train_loss-0.0944, train_rmse-0.3072, valid_rmse-1.3430, valid_pr-0.7101
epoch-302, train_loss-0.1016, train_rmse-0.3187, valid_rmse-1.3363, valid_pr-0.7087
epoch-303, train_loss-0.1005, train_rmse-0.3169, valid_rmse-1.3425, valid_pr-0.7055
epoch-304, train_loss-0.0940, train_rmse-0.3066, valid_rmse-1.3127, valid_pr-0.7209
epoch-305, train_loss-0.0965, train_rmse-0.3106, valid_rmse-1.3238, valid_pr-0.7141
epoch-306, train_loss-0.0937, train_rmse-0.3062, valid_rmse-1.3178, valid_pr-0.7172
epoch-307, train_loss-0.0886, train_rmse-0.2977, valid_rmse-1.3239, valid_pr-0.7148
epoch-308, train_loss-0.0963, train_rmse-0.3103, valid_rmse-1.3395, valid_pr-0.7077
epoch-309, train_loss-0.1030, train_rmse-0.3210, valid_rmse-1.3359, valid_pr-0.7062
epoch-310, train_loss-0.0908, train_rmse-0.3014, valid_rmse-1.3306, valid_pr-0.7128
epoch-311, train_loss-0.0902, train_rmse-0.3003, valid_rmse-1.3189, valid_pr-0.7151
epoch-312, train_loss-0.0921, train_rmse-0.3035, valid_rmse-1.3375, valid_pr-0.7132
epoch-313, train_loss-0.0971, train_rmse-0.3116, valid_rmse-1.3204, valid_pr-0.7138
epoch-314, train_loss-0.1022, train_rmse-0.3197, valid_rmse-1.3175, valid_pr-0.7179
epoch-315, train_loss-0.0908, train_rmse-0.3013, valid_rmse-1.3194, valid_pr-0.7170
epoch-316, train_loss-0.0910, train_rmse-0.3017, valid_rmse-1.3081, valid_pr-0.7197
epoch-317, train_loss-0.0928, train_rmse-0.3046, valid_rmse-1.3245, valid_pr-0.7134
epoch-318, train_loss-0.0929, train_rmse-0.3047, valid_rmse-1.3128, valid_pr-0.7188
epoch-319, train_loss-0.0922, train_rmse-0.3037, valid_rmse-1.3242, valid_pr-0.7171
epoch-320, train_loss-0.0932, train_rmse-0.3052, valid_rmse-1.3281, valid_pr-0.7120
epoch-321, train_loss-0.0903, train_rmse-0.3005, valid_rmse-1.3297, valid_pr-0.7113
epoch-322, train_loss-0.0862, train_rmse-0.2936, valid_rmse-1.3113, valid_pr-0.7200
epoch-323, train_loss-0.0730, train_rmse-0.2702, valid_rmse-1.3129, valid_pr-0.7175
epoch-324, train_loss-0.0601, train_rmse-0.2452, valid_rmse-1.3036, valid_pr-0.7215
epoch-325, train_loss-0.0597, train_rmse-0.2444, valid_rmse-1.3196, valid_pr-0.7159
epoch-326, train_loss-0.0559, train_rmse-0.2364, valid_rmse-1.3207, valid_pr-0.7127
epoch-327, train_loss-0.0571, train_rmse-0.2389, valid_rmse-1.3159, valid_pr-0.7179
epoch-328, train_loss-0.0576, train_rmse-0.2400, valid_rmse-1.3110, valid_pr-0.7173
epoch-329, train_loss-0.0598, train_rmse-0.2446, valid_rmse-1.2962, valid_pr-0.7253
Validation : valid_rmse-1.2962, valid_pr-0.7253, 
test2013_rmse-1.4944, test2013_pr-0.7656, test2016_rmse-1.4228, test2016_pr-0.7560, test2019_rmse-1.5591, test2019_pr-0.5534
epoch-330, train_loss-0.0560, train_rmse-0.2365, valid_rmse-1.2951, valid_pr-0.7255
Validation : valid_rmse-1.2951, valid_pr-0.7255, 
test2013_rmse-1.4717, test2013_pr-0.7770, test2016_rmse-1.3869, test2016_pr-0.7702, test2019_rmse-1.5501, test2019_pr-0.5538
epoch-331, train_loss-0.0568, train_rmse-0.2384, valid_rmse-1.2935, valid_pr-0.7259
Validation : valid_rmse-1.2935, valid_pr-0.7259, 
test2013_rmse-1.4849, test2013_pr-0.7720, test2016_rmse-1.4007, test2016_pr-0.7648, test2019_rmse-1.5558, test2019_pr-0.5502
epoch-332, train_loss-0.0565, train_rmse-0.2376, valid_rmse-1.2947, valid_pr-0.7267
epoch-333, train_loss-0.0589, train_rmse-0.2428, valid_rmse-1.3107, valid_pr-0.7181
epoch-334, train_loss-0.0551, train_rmse-0.2348, valid_rmse-1.2997, valid_pr-0.7238
epoch-335, train_loss-0.0577, train_rmse-0.2402, valid_rmse-1.3019, valid_pr-0.7235
epoch-336, train_loss-0.0544, train_rmse-0.2333, valid_rmse-1.3023, valid_pr-0.7237
epoch-337, train_loss-0.0562, train_rmse-0.2371, valid_rmse-1.3174, valid_pr-0.7161
epoch-338, train_loss-0.0524, train_rmse-0.2289, valid_rmse-1.3217, valid_pr-0.7162
epoch-339, train_loss-0.0519, train_rmse-0.2278, valid_rmse-1.3246, valid_pr-0.7143
epoch-340, train_loss-0.0549, train_rmse-0.2344, valid_rmse-1.3073, valid_pr-0.7201
epoch-341, train_loss-0.0552, train_rmse-0.2348, valid_rmse-1.3226, valid_pr-0.7157
epoch-342, train_loss-0.0556, train_rmse-0.2357, valid_rmse-1.3055, valid_pr-0.7225
epoch-343, train_loss-0.0590, train_rmse-0.2430, valid_rmse-1.3001, valid_pr-0.7225
epoch-344, train_loss-0.0581, train_rmse-0.2409, valid_rmse-1.3012, valid_pr-0.7240
epoch-345, train_loss-0.0558, train_rmse-0.2362, valid_rmse-1.3088, valid_pr-0.7208
epoch-346, train_loss-0.0543, train_rmse-0.2331, valid_rmse-1.3064, valid_pr-0.7227
epoch-347, train_loss-0.0545, train_rmse-0.2334, valid_rmse-1.3062, valid_pr-0.7208
epoch-348, train_loss-0.0537, train_rmse-0.2316, valid_rmse-1.3042, valid_pr-0.7227
epoch-349, train_loss-0.0520, train_rmse-0.2281, valid_rmse-1.3072, valid_pr-0.7207
epoch-350, train_loss-0.0540, train_rmse-0.2323, valid_rmse-1.3015, valid_pr-0.7213
epoch-351, train_loss-0.0574, train_rmse-0.2395, valid_rmse-1.3087, valid_pr-0.7208
epoch-352, train_loss-0.0583, train_rmse-0.2415, valid_rmse-1.3162, valid_pr-0.7165
epoch-353, train_loss-0.0561, train_rmse-0.2369, valid_rmse-1.3048, valid_pr-0.7233
epoch-354, train_loss-0.0517, train_rmse-0.2275, valid_rmse-1.3056, valid_pr-0.7225
epoch-355, train_loss-0.0512, train_rmse-0.2262, valid_rmse-1.3031, valid_pr-0.7211
epoch-356, train_loss-0.0533, train_rmse-0.2308, valid_rmse-1.3002, valid_pr-0.7241
epoch-357, train_loss-0.0501, train_rmse-0.2239, valid_rmse-1.2992, valid_pr-0.7261
epoch-358, train_loss-0.0534, train_rmse-0.2310, valid_rmse-1.2999, valid_pr-0.7264
epoch-359, train_loss-0.0553, train_rmse-0.2352, valid_rmse-1.3026, valid_pr-0.7212
epoch-360, train_loss-0.0487, train_rmse-0.2207, valid_rmse-1.3060, valid_pr-0.7236
epoch-361, train_loss-0.0507, train_rmse-0.2251, valid_rmse-1.2999, valid_pr-0.7244
epoch-362, train_loss-0.0544, train_rmse-0.2333, valid_rmse-1.3038, valid_pr-0.7248
epoch-363, train_loss-0.0540, train_rmse-0.2324, valid_rmse-1.3175, valid_pr-0.7176
epoch-364, train_loss-0.0505, train_rmse-0.2246, valid_rmse-1.3012, valid_pr-0.7216
epoch-365, train_loss-0.0548, train_rmse-0.2342, valid_rmse-1.3076, valid_pr-0.7214
epoch-366, train_loss-0.0518, train_rmse-0.2276, valid_rmse-1.2985, valid_pr-0.7243
epoch-367, train_loss-0.0631, train_rmse-0.2512, valid_rmse-1.3027, valid_pr-0.7225
epoch-368, train_loss-0.0673, train_rmse-0.2594, valid_rmse-1.2883, valid_pr-0.7284
Validation : valid_rmse-1.2883, valid_pr-0.7284, 
test2013_rmse-1.5082, test2013_pr-0.7619, test2016_rmse-1.4367, test2016_pr-0.7501, test2019_rmse-1.5612, test2019_pr-0.5479
epoch-369, train_loss-0.0576, train_rmse-0.2401, valid_rmse-1.3003, valid_pr-0.7212
epoch-370, train_loss-0.0552, train_rmse-0.2348, valid_rmse-1.3207, valid_pr-0.7181
epoch-371, train_loss-0.0530, train_rmse-0.2303, valid_rmse-1.3123, valid_pr-0.7177
epoch-372, train_loss-0.0515, train_rmse-0.2269, valid_rmse-1.3073, valid_pr-0.7210
epoch-373, train_loss-0.0488, train_rmse-0.2208, valid_rmse-1.3095, valid_pr-0.7223
epoch-374, train_loss-0.0498, train_rmse-0.2231, valid_rmse-1.3138, valid_pr-0.7204
epoch-375, train_loss-0.0522, train_rmse-0.2284, valid_rmse-1.3015, valid_pr-0.7229
epoch-376, train_loss-0.0476, train_rmse-0.2181, valid_rmse-1.3127, valid_pr-0.7217
epoch-377, train_loss-0.0484, train_rmse-0.2200, valid_rmse-1.3061, valid_pr-0.7208
epoch-378, train_loss-0.0555, train_rmse-0.2356, valid_rmse-1.3112, valid_pr-0.7190
epoch-379, train_loss-0.0512, train_rmse-0.2263, valid_rmse-1.3052, valid_pr-0.7207
epoch-380, train_loss-0.0542, train_rmse-0.2329, valid_rmse-1.3122, valid_pr-0.7208
epoch-381, train_loss-0.0521, train_rmse-0.2282, valid_rmse-1.3113, valid_pr-0.7181
epoch-382, train_loss-0.0534, train_rmse-0.2312, valid_rmse-1.2989, valid_pr-0.7245
epoch-383, train_loss-0.0506, train_rmse-0.2250, valid_rmse-1.3113, valid_pr-0.7211
epoch-384, train_loss-0.0474, train_rmse-0.2177, valid_rmse-1.3096, valid_pr-0.7202
epoch-385, train_loss-0.0478, train_rmse-0.2186, valid_rmse-1.2981, valid_pr-0.7238
epoch-386, train_loss-0.0516, train_rmse-0.2271, valid_rmse-1.3064, valid_pr-0.7236
epoch-387, train_loss-0.0515, train_rmse-0.2270, valid_rmse-1.3141, valid_pr-0.7183
epoch-388, train_loss-0.0515, train_rmse-0.2269, valid_rmse-1.3124, valid_pr-0.7185
epoch-389, train_loss-0.0592, train_rmse-0.2433, valid_rmse-1.3104, valid_pr-0.7193
epoch-390, train_loss-0.0554, train_rmse-0.2354, valid_rmse-1.3020, valid_pr-0.7233
epoch-391, train_loss-0.0485, train_rmse-0.2202, valid_rmse-1.2955, valid_pr-0.7264
epoch-392, train_loss-0.0521, train_rmse-0.2283, valid_rmse-1.2980, valid_pr-0.7245
epoch-393, train_loss-0.0485, train_rmse-0.2202, valid_rmse-1.3003, valid_pr-0.7239
epoch-394, train_loss-0.0503, train_rmse-0.2244, valid_rmse-1.3196, valid_pr-0.7149
epoch-395, train_loss-0.0503, train_rmse-0.2242, valid_rmse-1.3188, valid_pr-0.7180
epoch-396, train_loss-0.0491, train_rmse-0.2217, valid_rmse-1.3131, valid_pr-0.7192
epoch-397, train_loss-0.0516, train_rmse-0.2271, valid_rmse-1.3039, valid_pr-0.7223
epoch-398, train_loss-0.0528, train_rmse-0.2297, valid_rmse-1.2942, valid_pr-0.7260
epoch-399, train_loss-0.0483, train_rmse-0.2198, valid_rmse-1.3043, valid_pr-0.7225
epoch-400, train_loss-0.0515, train_rmse-0.2270, valid_rmse-1.3056, valid_pr-0.7217
epoch-401, train_loss-0.0527, train_rmse-0.2295, valid_rmse-1.3138, valid_pr-0.7180
epoch-402, train_loss-0.0500, train_rmse-0.2236, valid_rmse-1.3085, valid_pr-0.7212
epoch-403, train_loss-0.0477, train_rmse-0.2183, valid_rmse-1.2977, valid_pr-0.7251
epoch-404, train_loss-0.0474, train_rmse-0.2177, valid_rmse-1.3023, valid_pr-0.7227
epoch-405, train_loss-0.0488, train_rmse-0.2210, valid_rmse-1.3042, valid_pr-0.7234
epoch-406, train_loss-0.0522, train_rmse-0.2284, valid_rmse-1.3072, valid_pr-0.7225
epoch-407, train_loss-0.0498, train_rmse-0.2231, valid_rmse-1.2960, valid_pr-0.7250
epoch-408, train_loss-0.0472, train_rmse-0.2172, valid_rmse-1.3083, valid_pr-0.7201
epoch-409, train_loss-0.0476, train_rmse-0.2182, valid_rmse-1.3033, valid_pr-0.7220
epoch-410, train_loss-0.0497, train_rmse-0.2230, valid_rmse-1.2943, valid_pr-0.7262
epoch-411, train_loss-0.0451, train_rmse-0.2123, valid_rmse-1.2993, valid_pr-0.7255
epoch-412, train_loss-0.0488, train_rmse-0.2209, valid_rmse-1.2928, valid_pr-0.7285
epoch-413, train_loss-0.0471, train_rmse-0.2170, valid_rmse-1.3031, valid_pr-0.7205
epoch-414, train_loss-0.0493, train_rmse-0.2219, valid_rmse-1.2880, valid_pr-0.7298
Validation : valid_rmse-1.2880, valid_pr-0.7298, 
test2013_rmse-1.5250, test2013_pr-0.7552, test2016_rmse-1.4358, test2016_pr-0.7506, test2019_rmse-1.5611, test2019_pr-0.5505
epoch-415, train_loss-0.0467, train_rmse-0.2161, valid_rmse-1.3016, valid_pr-0.7229
epoch-416, train_loss-0.0490, train_rmse-0.2214, valid_rmse-1.2994, valid_pr-0.7237
epoch-417, train_loss-0.0491, train_rmse-0.2217, valid_rmse-1.3112, valid_pr-0.7181
epoch-418, train_loss-0.0492, train_rmse-0.2217, valid_rmse-1.3087, valid_pr-0.7193
epoch-419, train_loss-0.0505, train_rmse-0.2247, valid_rmse-1.2919, valid_pr-0.7293
epoch-420, train_loss-0.0584, train_rmse-0.2416, valid_rmse-1.2998, valid_pr-0.7236
epoch-421, train_loss-0.0546, train_rmse-0.2336, valid_rmse-1.3074, valid_pr-0.7206
epoch-422, train_loss-0.0513, train_rmse-0.2266, valid_rmse-1.2989, valid_pr-0.7244
epoch-423, train_loss-0.0458, train_rmse-0.2139, valid_rmse-1.3013, valid_pr-0.7233
epoch-424, train_loss-0.0482, train_rmse-0.2195, valid_rmse-1.2974, valid_pr-0.7251
epoch-425, train_loss-0.0459, train_rmse-0.2142, valid_rmse-1.2907, valid_pr-0.7290
epoch-426, train_loss-0.0443, train_rmse-0.2105, valid_rmse-1.3029, valid_pr-0.7238
epoch-427, train_loss-0.0436, train_rmse-0.2087, valid_rmse-1.2906, valid_pr-0.7286
epoch-428, train_loss-0.0483, train_rmse-0.2198, valid_rmse-1.3091, valid_pr-0.7204
epoch-429, train_loss-0.0434, train_rmse-0.2083, valid_rmse-1.3070, valid_pr-0.7209
epoch-430, train_loss-0.0474, train_rmse-0.2177, valid_rmse-1.2969, valid_pr-0.7253
epoch-431, train_loss-0.0458, train_rmse-0.2139, valid_rmse-1.3070, valid_pr-0.7241
epoch-432, train_loss-0.0465, train_rmse-0.2157, valid_rmse-1.3056, valid_pr-0.7234
epoch-433, train_loss-0.0465, train_rmse-0.2157, valid_rmse-1.3275, valid_pr-0.7111
epoch-434, train_loss-0.0483, train_rmse-0.2199, valid_rmse-1.2995, valid_pr-0.7252
epoch-435, train_loss-0.0493, train_rmse-0.2221, valid_rmse-1.2993, valid_pr-0.7246
epoch-436, train_loss-0.0469, train_rmse-0.2165, valid_rmse-1.3002, valid_pr-0.7241
epoch-437, train_loss-0.0475, train_rmse-0.2180, valid_rmse-1.3037, valid_pr-0.7224
epoch-438, train_loss-0.0448, train_rmse-0.2117, valid_rmse-1.3140, valid_pr-0.7172
epoch-439, train_loss-0.0459, train_rmse-0.2142, valid_rmse-1.2979, valid_pr-0.7265
epoch-440, train_loss-0.0429, train_rmse-0.2071, valid_rmse-1.3046, valid_pr-0.7221
epoch-441, train_loss-0.0425, train_rmse-0.2061, valid_rmse-1.2975, valid_pr-0.7249
epoch-442, train_loss-0.0434, train_rmse-0.2083, valid_rmse-1.2929, valid_pr-0.7297
epoch-443, train_loss-0.0494, train_rmse-0.2224, valid_rmse-1.3035, valid_pr-0.7216
epoch-444, train_loss-0.0461, train_rmse-0.2148, valid_rmse-1.3032, valid_pr-0.7237
epoch-445, train_loss-0.0466, train_rmse-0.2160, valid_rmse-1.3015, valid_pr-0.7232
epoch-446, train_loss-0.0442, train_rmse-0.2102, valid_rmse-1.3050, valid_pr-0.7234
epoch-447, train_loss-0.0474, train_rmse-0.2178, valid_rmse-1.3052, valid_pr-0.7223
epoch-448, train_loss-0.0455, train_rmse-0.2134, valid_rmse-1.3112, valid_pr-0.7185
epoch-449, train_loss-0.0454, train_rmse-0.2130, valid_rmse-1.2932, valid_pr-0.7291
epoch-450, train_loss-0.0452, train_rmse-0.2126, valid_rmse-1.3083, valid_pr-0.7222
epoch-451, train_loss-0.0445, train_rmse-0.2109, valid_rmse-1.2945, valid_pr-0.7278
epoch-452, train_loss-0.0451, train_rmse-0.2123, valid_rmse-1.3044, valid_pr-0.7217
epoch-453, train_loss-0.0448, train_rmse-0.2116, valid_rmse-1.2954, valid_pr-0.7260
epoch-454, train_loss-0.0449, train_rmse-0.2118, valid_rmse-1.3030, valid_pr-0.7223
epoch-455, train_loss-0.0428, train_rmse-0.2069, valid_rmse-1.3035, valid_pr-0.7241
epoch-456, train_loss-0.0427, train_rmse-0.2066, valid_rmse-1.3007, valid_pr-0.7227
epoch-457, train_loss-0.0435, train_rmse-0.2087, valid_rmse-1.3012, valid_pr-0.7238
epoch-458, train_loss-0.0457, train_rmse-0.2139, valid_rmse-1.3101, valid_pr-0.7220
epoch-459, train_loss-0.0423, train_rmse-0.2056, valid_rmse-1.3003, valid_pr-0.7246
epoch-460, train_loss-0.0426, train_rmse-0.2064, valid_rmse-1.2963, valid_pr-0.7255
epoch-461, train_loss-0.0419, train_rmse-0.2046, valid_rmse-1.2957, valid_pr-0.7260
epoch-462, train_loss-0.0456, train_rmse-0.2136, valid_rmse-1.2949, valid_pr-0.7276
epoch-463, train_loss-0.0472, train_rmse-0.2172, valid_rmse-1.3152, valid_pr-0.7207
epoch-464, train_loss-0.0473, train_rmse-0.2175, valid_rmse-1.2946, valid_pr-0.7257
epoch-465, train_loss-0.0511, train_rmse-0.2260, valid_rmse-1.3125, valid_pr-0.7184
epoch-466, train_loss-0.0393, train_rmse-0.1981, valid_rmse-1.3049, valid_pr-0.7226
epoch-467, train_loss-0.0344, train_rmse-0.1854, valid_rmse-1.3002, valid_pr-0.7246
epoch-468, train_loss-0.0367, train_rmse-0.1914, valid_rmse-1.2961, valid_pr-0.7263
epoch-469, train_loss-0.0350, train_rmse-0.1871, valid_rmse-1.2952, valid_pr-0.7267
epoch-470, train_loss-0.0340, train_rmse-0.1845, valid_rmse-1.2996, valid_pr-0.7238
epoch-471, train_loss-0.0352, train_rmse-0.1876, valid_rmse-1.3009, valid_pr-0.7254
epoch-472, train_loss-0.0353, train_rmse-0.1878, valid_rmse-1.2917, valid_pr-0.7266
epoch-473, train_loss-0.0331, train_rmse-0.1818, valid_rmse-1.2954, valid_pr-0.7254
epoch-474, train_loss-0.0349, train_rmse-0.1867, valid_rmse-1.2996, valid_pr-0.7238
epoch-475, train_loss-0.0356, train_rmse-0.1887, valid_rmse-1.2981, valid_pr-0.7255
epoch-476, train_loss-0.0333, train_rmse-0.1824, valid_rmse-1.2937, valid_pr-0.7271
epoch-477, train_loss-0.0339, train_rmse-0.1841, valid_rmse-1.2898, valid_pr-0.7287
epoch-478, train_loss-0.0320, train_rmse-0.1790, valid_rmse-1.2999, valid_pr-0.7235
epoch-479, train_loss-0.0322, train_rmse-0.1796, valid_rmse-1.2939, valid_pr-0.7256
epoch-480, train_loss-0.0334, train_rmse-0.1827, valid_rmse-1.2913, valid_pr-0.7280
epoch-481, train_loss-0.0353, train_rmse-0.1878, valid_rmse-1.2977, valid_pr-0.7247
epoch-482, train_loss-0.0341, train_rmse-0.1846, valid_rmse-1.2990, valid_pr-0.7241
epoch-483, train_loss-0.0362, train_rmse-0.1903, valid_rmse-1.3026, valid_pr-0.7237
epoch-484, train_loss-0.0329, train_rmse-0.1813, valid_rmse-1.2984, valid_pr-0.7242
epoch-485, train_loss-0.0344, train_rmse-0.1854, valid_rmse-1.3020, valid_pr-0.7257
epoch-486, train_loss-0.0329, train_rmse-0.1812, valid_rmse-1.3017, valid_pr-0.7234
epoch-487, train_loss-0.0337, train_rmse-0.1836, valid_rmse-1.2968, valid_pr-0.7260
epoch-488, train_loss-0.0313, train_rmse-0.1768, valid_rmse-1.2908, valid_pr-0.7272
epoch-489, train_loss-0.0313, train_rmse-0.1768, valid_rmse-1.3034, valid_pr-0.7225
epoch-490, train_loss-0.0322, train_rmse-0.1795, valid_rmse-1.2999, valid_pr-0.7251
epoch-491, train_loss-0.0339, train_rmse-0.1840, valid_rmse-1.3005, valid_pr-0.7240
epoch-492, train_loss-0.0322, train_rmse-0.1793, valid_rmse-1.2974, valid_pr-0.7253
epoch-493, train_loss-0.0333, train_rmse-0.1826, valid_rmse-1.2964, valid_pr-0.7276
epoch-494, train_loss-0.0329, train_rmse-0.1814, valid_rmse-1.3021, valid_pr-0.7234
epoch-495, train_loss-0.0348, train_rmse-0.1866, valid_rmse-1.2978, valid_pr-0.7252
epoch-496, train_loss-0.0312, train_rmse-0.1765, valid_rmse-1.3050, valid_pr-0.7219
epoch-497, train_loss-0.0315, train_rmse-0.1775, valid_rmse-1.2975, valid_pr-0.7251
epoch-498, train_loss-0.0312, train_rmse-0.1766, valid_rmse-1.2958, valid_pr-0.7255
epoch-499, train_loss-0.0339, train_rmse-0.1840, valid_rmse-1.2997, valid_pr-0.7248
epoch-500, train_loss-0.0309, train_rmse-0.1758, valid_rmse-1.3003, valid_pr-0.7230
epoch-501, train_loss-0.0341, train_rmse-0.1847, valid_rmse-1.3035, valid_pr-0.7236
epoch-502, train_loss-0.0324, train_rmse-0.1800, valid_rmse-1.2970, valid_pr-0.7252
epoch-503, train_loss-0.0364, train_rmse-0.1908, valid_rmse-1.2938, valid_pr-0.7269
epoch-504, train_loss-0.0328, train_rmse-0.1811, valid_rmse-1.3035, valid_pr-0.7220
epoch-505, train_loss-0.0343, train_rmse-0.1853, valid_rmse-1.2973, valid_pr-0.7266
epoch-506, train_loss-0.0350, train_rmse-0.1871, valid_rmse-1.3056, valid_pr-0.7222
epoch-507, train_loss-0.0327, train_rmse-0.1809, valid_rmse-1.2959, valid_pr-0.7258
epoch-508, train_loss-0.0318, train_rmse-0.1784, valid_rmse-1.2992, valid_pr-0.7244
epoch-509, train_loss-0.0317, train_rmse-0.1782, valid_rmse-1.2932, valid_pr-0.7271
epoch-510, train_loss-0.0333, train_rmse-0.1826, valid_rmse-1.3047, valid_pr-0.7224
epoch-511, train_loss-0.0325, train_rmse-0.1802, valid_rmse-1.2957, valid_pr-0.7260
epoch-512, train_loss-0.0365, train_rmse-0.1910, valid_rmse-1.2990, valid_pr-0.7252
epoch-513, train_loss-0.0323, train_rmse-0.1797, valid_rmse-1.2954, valid_pr-0.7256
epoch-514, train_loss-0.0330, train_rmse-0.1816, valid_rmse-1.2988, valid_pr-0.7252
epoch-515, train_loss-0.0333, train_rmse-0.1826, valid_rmse-1.2995, valid_pr-0.7246
early stop in epoch 515
best_rmse: 1.2880
valid_rmse-1.2880, valid_pr-0.7298, test2013_rmse-1.5250, test2013_pr-0.7552, test2016_rmse-1.4358, test2016_pr-0.7506, test2019_rmse-1.5611, test2019_pr-0.5505
