ours-lrs-0.001-28-156, lr=0.001, seed=714
train_GIGN.py
train data: 11904
valid data: 1000
test2013 data: 107
test2016 data: 285
test2019 data: 4366
GIGN params # : 1331241
epoch-0, train_loss-15.2633, train_rmse-3.9068, valid_rmse-1.9756, valid_pr-0.4059
Validation : valid_rmse-1.9756, valid_pr-0.4059, 
test2013_rmse-2.0690, test2013_pr-0.5584, test2016_rmse-1.9717, test2016_pr-0.5942, test2019_rmse-1.8241, test2019_pr-0.4733
epoch-1, train_loss-2.6693, train_rmse-1.6338, valid_rmse-1.6658, valid_pr-0.5454
Validation : valid_rmse-1.6658, valid_pr-0.5454, 
test2013_rmse-1.7551, test2013_pr-0.6598, test2016_rmse-1.5270, test2016_pr-0.7152, test2019_rmse-1.6006, test2019_pr-0.5737
epoch-2, train_loss-2.3905, train_rmse-1.5461, valid_rmse-1.6924, valid_pr-0.5320
epoch-3, train_loss-2.2326, train_rmse-1.4942, valid_rmse-1.5791, valid_pr-0.6101
Validation : valid_rmse-1.5791, valid_pr-0.6101, 
test2013_rmse-1.5707, test2013_pr-0.7813, test2016_rmse-1.4538, test2016_pr-0.7675, test2019_rmse-1.5523, test2019_pr-0.6093
epoch-4, train_loss-2.0395, train_rmse-1.4281, valid_rmse-1.8503, valid_pr-0.3920
epoch-5, train_loss-1.9263, train_rmse-1.3879, valid_rmse-1.4905, valid_pr-0.6611
Validation : valid_rmse-1.4905, valid_pr-0.6611, 
test2013_rmse-1.4828, test2013_pr-0.8068, test2016_rmse-1.3835, test2016_pr-0.7940, test2019_rmse-1.5300, test2019_pr-0.6409
epoch-6, train_loss-1.8678, train_rmse-1.3667, valid_rmse-1.4420, valid_pr-0.6245
Validation : valid_rmse-1.4420, valid_pr-0.6245, 
test2013_rmse-1.6219, test2013_pr-0.7329, test2016_rmse-1.5192, test2016_pr-0.7288, test2019_rmse-1.4890, test2019_pr-0.5573
epoch-7, train_loss-1.8116, train_rmse-1.3460, valid_rmse-1.4557, valid_pr-0.6545
epoch-8, train_loss-1.7017, train_rmse-1.3045, valid_rmse-1.4908, valid_pr-0.6753
epoch-9, train_loss-1.6157, train_rmse-1.2711, valid_rmse-1.3750, valid_pr-0.6869
Validation : valid_rmse-1.3750, valid_pr-0.6869, 
test2013_rmse-1.4226, test2013_pr-0.7998, test2016_rmse-1.2794, test2016_pr-0.8133, test2019_rmse-1.4072, test2019_pr-0.6479
epoch-10, train_loss-1.5216, train_rmse-1.2335, valid_rmse-1.4522, valid_pr-0.6892
epoch-11, train_loss-1.4670, train_rmse-1.2112, valid_rmse-1.5340, valid_pr-0.6591
epoch-12, train_loss-1.3388, train_rmse-1.1571, valid_rmse-1.4863, valid_pr-0.6698
epoch-13, train_loss-1.3198, train_rmse-1.1488, valid_rmse-1.5447, valid_pr-0.6652
epoch-14, train_loss-1.1878, train_rmse-1.0898, valid_rmse-1.4087, valid_pr-0.6769
epoch-15, train_loss-1.1211, train_rmse-1.0588, valid_rmse-1.6002, valid_pr-0.6931
epoch-16, train_loss-1.0501, train_rmse-1.0247, valid_rmse-1.3590, valid_pr-0.6968
Validation : valid_rmse-1.3590, valid_pr-0.6968, 
test2013_rmse-1.4398, test2013_pr-0.7934, test2016_rmse-1.3378, test2016_pr-0.7951, test2019_rmse-1.4852, test2019_pr-0.6045
epoch-17, train_loss-0.9702, train_rmse-0.9850, valid_rmse-1.5123, valid_pr-0.6773
epoch-18, train_loss-0.9486, train_rmse-0.9739, valid_rmse-1.6247, valid_pr-0.6573
epoch-19, train_loss-0.9161, train_rmse-0.9571, valid_rmse-1.4401, valid_pr-0.6719
epoch-20, train_loss-0.8604, train_rmse-0.9276, valid_rmse-1.3826, valid_pr-0.6975
epoch-21, train_loss-0.7717, train_rmse-0.8785, valid_rmse-1.4201, valid_pr-0.6683
epoch-22, train_loss-0.7828, train_rmse-0.8847, valid_rmse-1.6417, valid_pr-0.6590
epoch-23, train_loss-0.7379, train_rmse-0.8590, valid_rmse-1.4105, valid_pr-0.6572
epoch-24, train_loss-0.7031, train_rmse-0.8385, valid_rmse-1.4719, valid_pr-0.6997
epoch-25, train_loss-0.6635, train_rmse-0.8146, valid_rmse-1.3562, valid_pr-0.6924
Validation : valid_rmse-1.3562, valid_pr-0.6924, 
test2013_rmse-1.2906, test2013_pr-0.8402, test2016_rmse-1.2228, test2016_pr-0.8274, test2019_rmse-1.4289, test2019_pr-0.6310
epoch-26, train_loss-0.6317, train_rmse-0.7948, valid_rmse-1.3613, valid_pr-0.7047
epoch-27, train_loss-0.6515, train_rmse-0.8071, valid_rmse-1.4375, valid_pr-0.7055
epoch-28, train_loss-0.6029, train_rmse-0.7765, valid_rmse-1.4410, valid_pr-0.6720
epoch-29, train_loss-0.5912, train_rmse-0.7689, valid_rmse-1.5291, valid_pr-0.6760
epoch-30, train_loss-0.5573, train_rmse-0.7465, valid_rmse-1.3778, valid_pr-0.6784
epoch-31, train_loss-0.5641, train_rmse-0.7510, valid_rmse-1.3316, valid_pr-0.7060
Validation : valid_rmse-1.3316, valid_pr-0.7060, 
test2013_rmse-1.3821, test2013_pr-0.8078, test2016_rmse-1.3092, test2016_pr-0.7995, test2019_rmse-1.4910, test2019_pr-0.6008
epoch-32, train_loss-0.4730, train_rmse-0.6877, valid_rmse-1.4223, valid_pr-0.7090
epoch-33, train_loss-0.5030, train_rmse-0.7092, valid_rmse-1.4071, valid_pr-0.6914
epoch-34, train_loss-0.5051, train_rmse-0.7107, valid_rmse-1.4111, valid_pr-0.6985
epoch-35, train_loss-0.4836, train_rmse-0.6954, valid_rmse-1.5020, valid_pr-0.6516
epoch-36, train_loss-0.4795, train_rmse-0.6924, valid_rmse-1.4153, valid_pr-0.6786
epoch-37, train_loss-0.4513, train_rmse-0.6718, valid_rmse-1.4916, valid_pr-0.7108
epoch-38, train_loss-0.4655, train_rmse-0.6823, valid_rmse-1.3403, valid_pr-0.7033
epoch-39, train_loss-0.4298, train_rmse-0.6556, valid_rmse-1.4224, valid_pr-0.7122
epoch-40, train_loss-0.4258, train_rmse-0.6526, valid_rmse-1.3766, valid_pr-0.6984
epoch-41, train_loss-0.4384, train_rmse-0.6621, valid_rmse-1.6204, valid_pr-0.6551
epoch-42, train_loss-0.4053, train_rmse-0.6367, valid_rmse-1.3717, valid_pr-0.6992
epoch-43, train_loss-0.4272, train_rmse-0.6536, valid_rmse-1.4131, valid_pr-0.6873
epoch-44, train_loss-0.4044, train_rmse-0.6360, valid_rmse-1.3491, valid_pr-0.6996
epoch-45, train_loss-0.4002, train_rmse-0.6326, valid_rmse-1.3551, valid_pr-0.7043
epoch-46, train_loss-0.3789, train_rmse-0.6155, valid_rmse-1.3450, valid_pr-0.7126
epoch-47, train_loss-0.3734, train_rmse-0.6111, valid_rmse-1.4581, valid_pr-0.7024
epoch-48, train_loss-0.3573, train_rmse-0.5977, valid_rmse-1.3199, valid_pr-0.7230
Validation : valid_rmse-1.3199, valid_pr-0.7230, 
test2013_rmse-1.3075, test2013_pr-0.8367, test2016_rmse-1.2305, test2016_pr-0.8304, test2019_rmse-1.4599, test2019_pr-0.6279
epoch-49, train_loss-0.3583, train_rmse-0.5986, valid_rmse-1.3393, valid_pr-0.7113
epoch-50, train_loss-0.3756, train_rmse-0.6129, valid_rmse-1.4669, valid_pr-0.7045
epoch-51, train_loss-0.3634, train_rmse-0.6028, valid_rmse-1.3218, valid_pr-0.7156
epoch-52, train_loss-0.3382, train_rmse-0.5816, valid_rmse-1.3166, valid_pr-0.7172
Validation : valid_rmse-1.3166, valid_pr-0.7172, 
test2013_rmse-1.3701, test2013_pr-0.8161, test2016_rmse-1.2151, test2016_pr-0.8309, test2019_rmse-1.4469, test2019_pr-0.6230
epoch-53, train_loss-0.3503, train_rmse-0.5918, valid_rmse-1.3550, valid_pr-0.7077
epoch-54, train_loss-0.3622, train_rmse-0.6019, valid_rmse-1.4364, valid_pr-0.6890
epoch-55, train_loss-0.3444, train_rmse-0.5869, valid_rmse-1.3328, valid_pr-0.6996
epoch-56, train_loss-0.3526, train_rmse-0.5938, valid_rmse-1.3249, valid_pr-0.7046
epoch-57, train_loss-0.3538, train_rmse-0.5948, valid_rmse-1.3243, valid_pr-0.7045
epoch-58, train_loss-0.3529, train_rmse-0.5941, valid_rmse-1.4468, valid_pr-0.7160
epoch-59, train_loss-0.3695, train_rmse-0.6079, valid_rmse-1.3071, valid_pr-0.7160
Validation : valid_rmse-1.3071, valid_pr-0.7160, 
test2013_rmse-1.3742, test2013_pr-0.8156, test2016_rmse-1.2358, test2016_pr-0.8246, test2019_rmse-1.4226, test2019_pr-0.6314
epoch-60, train_loss-0.3513, train_rmse-0.5927, valid_rmse-1.3296, valid_pr-0.7121
epoch-61, train_loss-0.3463, train_rmse-0.5885, valid_rmse-1.3469, valid_pr-0.7001
epoch-62, train_loss-0.3314, train_rmse-0.5757, valid_rmse-1.3556, valid_pr-0.7202
epoch-63, train_loss-0.3325, train_rmse-0.5767, valid_rmse-1.3622, valid_pr-0.7218
epoch-64, train_loss-0.3260, train_rmse-0.5710, valid_rmse-1.3476, valid_pr-0.6979
epoch-65, train_loss-0.2937, train_rmse-0.5419, valid_rmse-1.2904, valid_pr-0.7269
Validation : valid_rmse-1.2904, valid_pr-0.7269, 
test2013_rmse-1.2814, test2013_pr-0.8425, test2016_rmse-1.1711, test2016_pr-0.8461, test2019_rmse-1.4292, test2019_pr-0.6362
epoch-66, train_loss-0.3093, train_rmse-0.5561, valid_rmse-1.3769, valid_pr-0.7180
epoch-67, train_loss-0.3244, train_rmse-0.5696, valid_rmse-1.3189, valid_pr-0.7143
epoch-68, train_loss-0.3194, train_rmse-0.5652, valid_rmse-1.3268, valid_pr-0.7125
epoch-69, train_loss-0.3100, train_rmse-0.5568, valid_rmse-1.3140, valid_pr-0.7219
epoch-70, train_loss-0.3085, train_rmse-0.5554, valid_rmse-1.3893, valid_pr-0.7065
epoch-71, train_loss-0.3243, train_rmse-0.5695, valid_rmse-1.3153, valid_pr-0.7267
epoch-72, train_loss-0.3006, train_rmse-0.5482, valid_rmse-1.3230, valid_pr-0.7153
epoch-73, train_loss-0.2940, train_rmse-0.5422, valid_rmse-1.3472, valid_pr-0.7114
epoch-74, train_loss-0.3109, train_rmse-0.5575, valid_rmse-1.3168, valid_pr-0.7107
epoch-75, train_loss-0.2917, train_rmse-0.5401, valid_rmse-1.2970, valid_pr-0.7295
epoch-76, train_loss-0.3000, train_rmse-0.5477, valid_rmse-1.2947, valid_pr-0.7216
epoch-77, train_loss-0.3042, train_rmse-0.5515, valid_rmse-1.4208, valid_pr-0.7252
epoch-78, train_loss-0.2885, train_rmse-0.5371, valid_rmse-1.3335, valid_pr-0.7043
epoch-79, train_loss-0.2791, train_rmse-0.5283, valid_rmse-1.3519, valid_pr-0.7138
epoch-80, train_loss-0.2744, train_rmse-0.5239, valid_rmse-1.3381, valid_pr-0.7056
epoch-81, train_loss-0.2584, train_rmse-0.5083, valid_rmse-1.2912, valid_pr-0.7281
epoch-82, train_loss-0.2730, train_rmse-0.5225, valid_rmse-1.3357, valid_pr-0.7154
epoch-83, train_loss-0.3226, train_rmse-0.5680, valid_rmse-1.3217, valid_pr-0.7165
epoch-84, train_loss-0.3014, train_rmse-0.5490, valid_rmse-1.3540, valid_pr-0.7204
epoch-85, train_loss-0.2900, train_rmse-0.5385, valid_rmse-1.3278, valid_pr-0.7203
epoch-86, train_loss-0.3287, train_rmse-0.5733, valid_rmse-1.3423, valid_pr-0.7025
epoch-87, train_loss-0.3299, train_rmse-0.5744, valid_rmse-1.4903, valid_pr-0.6877
epoch-88, train_loss-0.3046, train_rmse-0.5519, valid_rmse-1.3220, valid_pr-0.7120
epoch-89, train_loss-0.2721, train_rmse-0.5216, valid_rmse-1.3390, valid_pr-0.7158
epoch-90, train_loss-0.2646, train_rmse-0.5144, valid_rmse-1.3260, valid_pr-0.7205
epoch-91, train_loss-0.2846, train_rmse-0.5335, valid_rmse-1.3669, valid_pr-0.7092
epoch-92, train_loss-0.2521, train_rmse-0.5021, valid_rmse-1.3200, valid_pr-0.7193
epoch-93, train_loss-0.2340, train_rmse-0.4837, valid_rmse-1.3197, valid_pr-0.7128
epoch-94, train_loss-0.2500, train_rmse-0.5000, valid_rmse-1.2966, valid_pr-0.7313
epoch-95, train_loss-0.2408, train_rmse-0.4907, valid_rmse-1.3144, valid_pr-0.7156
epoch-96, train_loss-0.2556, train_rmse-0.5055, valid_rmse-1.3077, valid_pr-0.7369
epoch-97, train_loss-0.2530, train_rmse-0.5030, valid_rmse-1.3075, valid_pr-0.7211
epoch-98, train_loss-0.2273, train_rmse-0.4767, valid_rmse-1.2918, valid_pr-0.7283
epoch-99, train_loss-0.2501, train_rmse-0.5001, valid_rmse-1.3233, valid_pr-0.7102
epoch-100, train_loss-0.2633, train_rmse-0.5131, valid_rmse-1.3213, valid_pr-0.7155
epoch-101, train_loss-0.2331, train_rmse-0.4828, valid_rmse-1.2875, valid_pr-0.7359
Validation : valid_rmse-1.2875, valid_pr-0.7359, 
test2013_rmse-1.3030, test2013_pr-0.8455, test2016_rmse-1.1794, test2016_pr-0.8524, test2019_rmse-1.4242, test2019_pr-0.6365
epoch-102, train_loss-0.2497, train_rmse-0.4997, valid_rmse-1.2948, valid_pr-0.7265
epoch-103, train_loss-0.2329, train_rmse-0.4826, valid_rmse-1.2825, valid_pr-0.7286
Validation : valid_rmse-1.2825, valid_pr-0.7286, 
test2013_rmse-1.2754, test2013_pr-0.8437, test2016_rmse-1.1340, test2016_pr-0.8556, test2019_rmse-1.4240, test2019_pr-0.6334
epoch-104, train_loss-0.2305, train_rmse-0.4801, valid_rmse-1.3039, valid_pr-0.7204
epoch-105, train_loss-0.2553, train_rmse-0.5053, valid_rmse-1.2832, valid_pr-0.7237
epoch-106, train_loss-0.2368, train_rmse-0.4866, valid_rmse-1.3006, valid_pr-0.7232
epoch-107, train_loss-0.2235, train_rmse-0.4727, valid_rmse-1.3306, valid_pr-0.7238
epoch-108, train_loss-0.2247, train_rmse-0.4740, valid_rmse-1.3415, valid_pr-0.7259
epoch-109, train_loss-0.2174, train_rmse-0.4662, valid_rmse-1.3281, valid_pr-0.7179
epoch-110, train_loss-0.2313, train_rmse-0.4809, valid_rmse-1.2849, valid_pr-0.7304
epoch-111, train_loss-0.2241, train_rmse-0.4734, valid_rmse-1.2813, valid_pr-0.7278
Validation : valid_rmse-1.2813, valid_pr-0.7278, 
test2013_rmse-1.2633, test2013_pr-0.8477, test2016_rmse-1.1453, test2016_pr-0.8532, test2019_rmse-1.3935, test2019_pr-0.6459
epoch-112, train_loss-0.2223, train_rmse-0.4715, valid_rmse-1.3121, valid_pr-0.7264
epoch-113, train_loss-0.2209, train_rmse-0.4700, valid_rmse-1.2983, valid_pr-0.7236
epoch-114, train_loss-0.2222, train_rmse-0.4714, valid_rmse-1.3017, valid_pr-0.7184
epoch-115, train_loss-0.2215, train_rmse-0.4707, valid_rmse-1.2895, valid_pr-0.7302
epoch-116, train_loss-0.2150, train_rmse-0.4637, valid_rmse-1.2861, valid_pr-0.7249
epoch-117, train_loss-0.2097, train_rmse-0.4579, valid_rmse-1.2819, valid_pr-0.7325
epoch-118, train_loss-0.2274, train_rmse-0.4768, valid_rmse-1.3309, valid_pr-0.7168
epoch-119, train_loss-0.2140, train_rmse-0.4626, valid_rmse-1.2881, valid_pr-0.7287
epoch-120, train_loss-0.2055, train_rmse-0.4533, valid_rmse-1.2946, valid_pr-0.7219
epoch-121, train_loss-0.2277, train_rmse-0.4772, valid_rmse-1.2745, valid_pr-0.7321
Validation : valid_rmse-1.2745, valid_pr-0.7321, 
test2013_rmse-1.2863, test2013_pr-0.8394, test2016_rmse-1.1458, test2016_pr-0.8531, test2019_rmse-1.4030, test2019_pr-0.6439
epoch-122, train_loss-0.2202, train_rmse-0.4692, valid_rmse-1.2763, valid_pr-0.7289
epoch-123, train_loss-0.2290, train_rmse-0.4785, valid_rmse-1.2808, valid_pr-0.7323
epoch-124, train_loss-0.2061, train_rmse-0.4540, valid_rmse-1.2728, valid_pr-0.7292
Validation : valid_rmse-1.2728, valid_pr-0.7292, 
test2013_rmse-1.3404, test2013_pr-0.8272, test2016_rmse-1.2074, test2016_pr-0.8400, test2019_rmse-1.4220, test2019_pr-0.6237
epoch-125, train_loss-0.1981, train_rmse-0.4451, valid_rmse-1.2875, valid_pr-0.7293
epoch-126, train_loss-0.2118, train_rmse-0.4602, valid_rmse-1.2905, valid_pr-0.7283
epoch-127, train_loss-0.2045, train_rmse-0.4522, valid_rmse-1.2909, valid_pr-0.7253
epoch-128, train_loss-0.1974, train_rmse-0.4443, valid_rmse-1.2992, valid_pr-0.7218
epoch-129, train_loss-0.2240, train_rmse-0.4733, valid_rmse-1.2957, valid_pr-0.7241
epoch-130, train_loss-0.2080, train_rmse-0.4561, valid_rmse-1.2941, valid_pr-0.7285
epoch-131, train_loss-0.2007, train_rmse-0.4480, valid_rmse-1.2696, valid_pr-0.7355
Validation : valid_rmse-1.2696, valid_pr-0.7355, 
test2013_rmse-1.2917, test2013_pr-0.8412, test2016_rmse-1.1713, test2016_pr-0.8479, test2019_rmse-1.3919, test2019_pr-0.6485
epoch-132, train_loss-0.2018, train_rmse-0.4492, valid_rmse-1.2745, valid_pr-0.7415
epoch-133, train_loss-0.1973, train_rmse-0.4442, valid_rmse-1.3010, valid_pr-0.7260
epoch-134, train_loss-0.2151, train_rmse-0.4638, valid_rmse-1.2679, valid_pr-0.7307
Validation : valid_rmse-1.2679, valid_pr-0.7307, 
test2013_rmse-1.3407, test2013_pr-0.8244, test2016_rmse-1.1741, test2016_pr-0.8446, test2019_rmse-1.4091, test2019_pr-0.6333
epoch-135, train_loss-0.1973, train_rmse-0.4442, valid_rmse-1.2958, valid_pr-0.7289
epoch-136, train_loss-0.2075, train_rmse-0.4555, valid_rmse-1.2669, valid_pr-0.7372
Validation : valid_rmse-1.2669, valid_pr-0.7372, 
test2013_rmse-1.2902, test2013_pr-0.8386, test2016_rmse-1.1498, test2016_pr-0.8504, test2019_rmse-1.3986, test2019_pr-0.6484
epoch-137, train_loss-0.1895, train_rmse-0.4353, valid_rmse-1.3107, valid_pr-0.7235
epoch-138, train_loss-0.2022, train_rmse-0.4496, valid_rmse-1.2649, valid_pr-0.7332
Validation : valid_rmse-1.2649, valid_pr-0.7332, 
test2013_rmse-1.3266, test2013_pr-0.8349, test2016_rmse-1.1888, test2016_pr-0.8457, test2019_rmse-1.3810, test2019_pr-0.6447
epoch-139, train_loss-0.1987, train_rmse-0.4458, valid_rmse-1.2803, valid_pr-0.7279
epoch-140, train_loss-0.1912, train_rmse-0.4372, valid_rmse-1.2917, valid_pr-0.7277
epoch-141, train_loss-0.2135, train_rmse-0.4621, valid_rmse-1.2894, valid_pr-0.7309
epoch-142, train_loss-0.2065, train_rmse-0.4545, valid_rmse-1.2833, valid_pr-0.7302
epoch-143, train_loss-0.2003, train_rmse-0.4475, valid_rmse-1.2711, valid_pr-0.7331
epoch-144, train_loss-0.1937, train_rmse-0.4401, valid_rmse-1.3111, valid_pr-0.7319
epoch-145, train_loss-0.1840, train_rmse-0.4289, valid_rmse-1.2836, valid_pr-0.7367
epoch-146, train_loss-0.1892, train_rmse-0.4350, valid_rmse-1.2720, valid_pr-0.7334
epoch-147, train_loss-0.1892, train_rmse-0.4350, valid_rmse-1.3208, valid_pr-0.7247
epoch-148, train_loss-0.1995, train_rmse-0.4467, valid_rmse-1.2837, valid_pr-0.7397
epoch-149, train_loss-0.2063, train_rmse-0.4542, valid_rmse-1.2592, valid_pr-0.7350
Validation : valid_rmse-1.2592, valid_pr-0.7350, 
test2013_rmse-1.3184, test2013_pr-0.8330, test2016_rmse-1.1902, test2016_pr-0.8409, test2019_rmse-1.3833, test2019_pr-0.6469
epoch-150, train_loss-0.1853, train_rmse-0.4304, valid_rmse-1.3059, valid_pr-0.7331
epoch-151, train_loss-0.1993, train_rmse-0.4464, valid_rmse-1.2874, valid_pr-0.7350
epoch-152, train_loss-0.2012, train_rmse-0.4485, valid_rmse-1.2772, valid_pr-0.7254
epoch-153, train_loss-0.1899, train_rmse-0.4357, valid_rmse-1.2561, valid_pr-0.7370
Validation : valid_rmse-1.2561, valid_pr-0.7370, 
test2013_rmse-1.2949, test2013_pr-0.8434, test2016_rmse-1.1395, test2016_pr-0.8575, test2019_rmse-1.3900, test2019_pr-0.6460
epoch-154, train_loss-0.1791, train_rmse-0.4232, valid_rmse-1.3564, valid_pr-0.7046
epoch-155, train_loss-0.1814, train_rmse-0.4259, valid_rmse-1.2780, valid_pr-0.7374
epoch-156, train_loss-0.1843, train_rmse-0.4293, valid_rmse-1.2500, valid_pr-0.7390
Validation : valid_rmse-1.2500, valid_pr-0.7390, 
test2013_rmse-1.3309, test2013_pr-0.8325, test2016_rmse-1.1743, test2016_pr-0.8485, test2019_rmse-1.3852, test2019_pr-0.6432
epoch-157, train_loss-0.1933, train_rmse-0.4396, valid_rmse-1.2612, valid_pr-0.7372
epoch-158, train_loss-0.1869, train_rmse-0.4323, valid_rmse-1.2767, valid_pr-0.7361
epoch-159, train_loss-0.1693, train_rmse-0.4115, valid_rmse-1.2802, valid_pr-0.7245
epoch-160, train_loss-0.1758, train_rmse-0.4192, valid_rmse-1.2761, valid_pr-0.7389
epoch-161, train_loss-0.1863, train_rmse-0.4317, valid_rmse-1.2591, valid_pr-0.7362
epoch-162, train_loss-0.1763, train_rmse-0.4199, valid_rmse-1.2595, valid_pr-0.7394
epoch-163, train_loss-0.1860, train_rmse-0.4313, valid_rmse-1.2957, valid_pr-0.7369
epoch-164, train_loss-0.1838, train_rmse-0.4287, valid_rmse-1.2571, valid_pr-0.7378
epoch-165, train_loss-0.1906, train_rmse-0.4366, valid_rmse-1.2707, valid_pr-0.7328
epoch-166, train_loss-0.1673, train_rmse-0.4090, valid_rmse-1.2599, valid_pr-0.7411
epoch-167, train_loss-0.1683, train_rmse-0.4102, valid_rmse-1.2522, valid_pr-0.7405
epoch-168, train_loss-0.1886, train_rmse-0.4343, valid_rmse-1.2851, valid_pr-0.7364
epoch-169, train_loss-0.1713, train_rmse-0.4139, valid_rmse-1.2680, valid_pr-0.7323
epoch-170, train_loss-0.1817, train_rmse-0.4263, valid_rmse-1.2728, valid_pr-0.7380
epoch-171, train_loss-0.1795, train_rmse-0.4236, valid_rmse-1.2643, valid_pr-0.7352
epoch-172, train_loss-0.1803, train_rmse-0.4247, valid_rmse-1.2804, valid_pr-0.7327
epoch-173, train_loss-0.1764, train_rmse-0.4200, valid_rmse-1.2719, valid_pr-0.7346
epoch-174, train_loss-0.1674, train_rmse-0.4091, valid_rmse-1.2626, valid_pr-0.7392
epoch-175, train_loss-0.1640, train_rmse-0.4050, valid_rmse-1.2660, valid_pr-0.7334
epoch-176, train_loss-0.1713, train_rmse-0.4139, valid_rmse-1.2648, valid_pr-0.7380
epoch-177, train_loss-0.1707, train_rmse-0.4132, valid_rmse-1.2739, valid_pr-0.7326
epoch-178, train_loss-0.1822, train_rmse-0.4269, valid_rmse-1.2679, valid_pr-0.7349
epoch-179, train_loss-0.1687, train_rmse-0.4107, valid_rmse-1.2725, valid_pr-0.7372
epoch-180, train_loss-0.1811, train_rmse-0.4255, valid_rmse-1.2558, valid_pr-0.7390
epoch-181, train_loss-0.1672, train_rmse-0.4089, valid_rmse-1.2430, valid_pr-0.7427
Validation : valid_rmse-1.2430, valid_pr-0.7427, 
test2013_rmse-1.2915, test2013_pr-0.8455, test2016_rmse-1.1478, test2016_pr-0.8576, test2019_rmse-1.3886, test2019_pr-0.6418
epoch-182, train_loss-0.1692, train_rmse-0.4113, valid_rmse-1.2733, valid_pr-0.7367
epoch-183, train_loss-0.1776, train_rmse-0.4214, valid_rmse-1.2729, valid_pr-0.7316
epoch-184, train_loss-0.1704, train_rmse-0.4127, valid_rmse-1.2638, valid_pr-0.7329
epoch-185, train_loss-0.1665, train_rmse-0.4080, valid_rmse-1.2555, valid_pr-0.7368
epoch-186, train_loss-0.1554, train_rmse-0.3942, valid_rmse-1.2645, valid_pr-0.7369
epoch-187, train_loss-0.1588, train_rmse-0.3985, valid_rmse-1.2650, valid_pr-0.7415
epoch-188, train_loss-0.1682, train_rmse-0.4101, valid_rmse-1.2612, valid_pr-0.7357
epoch-189, train_loss-0.1718, train_rmse-0.4144, valid_rmse-1.2741, valid_pr-0.7395
epoch-190, train_loss-0.1762, train_rmse-0.4198, valid_rmse-1.2585, valid_pr-0.7371
epoch-191, train_loss-0.1537, train_rmse-0.3921, valid_rmse-1.2524, valid_pr-0.7410
epoch-192, train_loss-0.1715, train_rmse-0.4142, valid_rmse-1.2972, valid_pr-0.7306
epoch-193, train_loss-0.1682, train_rmse-0.4102, valid_rmse-1.2566, valid_pr-0.7381
epoch-194, train_loss-0.1692, train_rmse-0.4113, valid_rmse-1.2680, valid_pr-0.7389
epoch-195, train_loss-0.1547, train_rmse-0.3933, valid_rmse-1.2885, valid_pr-0.7335
epoch-196, train_loss-0.1559, train_rmse-0.3948, valid_rmse-1.2688, valid_pr-0.7371
epoch-197, train_loss-0.1603, train_rmse-0.4003, valid_rmse-1.2584, valid_pr-0.7373
epoch-198, train_loss-0.1700, train_rmse-0.4123, valid_rmse-1.2642, valid_pr-0.7352
epoch-199, train_loss-0.1624, train_rmse-0.4030, valid_rmse-1.2726, valid_pr-0.7336
epoch-200, train_loss-0.1748, train_rmse-0.4181, valid_rmse-1.2351, valid_pr-0.7454
Validation : valid_rmse-1.2351, valid_pr-0.7454, 
test2013_rmse-1.2965, test2013_pr-0.8468, test2016_rmse-1.1863, test2016_pr-0.8471, test2019_rmse-1.3841, test2019_pr-0.6400
epoch-201, train_loss-0.1604, train_rmse-0.4004, valid_rmse-1.2489, valid_pr-0.7458
epoch-202, train_loss-0.1600, train_rmse-0.4000, valid_rmse-1.2458, valid_pr-0.7424
epoch-203, train_loss-0.1511, train_rmse-0.3887, valid_rmse-1.2598, valid_pr-0.7359
epoch-204, train_loss-0.1592, train_rmse-0.3990, valid_rmse-1.2340, valid_pr-0.7467
Validation : valid_rmse-1.2340, valid_pr-0.7467, 
test2013_rmse-1.2945, test2013_pr-0.8477, test2016_rmse-1.1594, test2016_pr-0.8526, test2019_rmse-1.3709, test2019_pr-0.6508
epoch-205, train_loss-0.1638, train_rmse-0.4047, valid_rmse-1.2523, valid_pr-0.7418
epoch-206, train_loss-0.1843, train_rmse-0.4293, valid_rmse-1.2898, valid_pr-0.7333
epoch-207, train_loss-0.1683, train_rmse-0.4102, valid_rmse-1.2660, valid_pr-0.7404
epoch-208, train_loss-0.1628, train_rmse-0.4035, valid_rmse-1.2538, valid_pr-0.7439
epoch-209, train_loss-0.1452, train_rmse-0.3810, valid_rmse-1.2479, valid_pr-0.7453
epoch-210, train_loss-0.1532, train_rmse-0.3914, valid_rmse-1.2503, valid_pr-0.7452
epoch-211, train_loss-0.1705, train_rmse-0.4129, valid_rmse-1.2650, valid_pr-0.7421
epoch-212, train_loss-0.1629, train_rmse-0.4036, valid_rmse-1.2453, valid_pr-0.7447
epoch-213, train_loss-0.1667, train_rmse-0.4083, valid_rmse-1.2563, valid_pr-0.7404
epoch-214, train_loss-0.1572, train_rmse-0.3965, valid_rmse-1.2726, valid_pr-0.7401
epoch-215, train_loss-0.1520, train_rmse-0.3899, valid_rmse-1.2524, valid_pr-0.7403
epoch-216, train_loss-0.1544, train_rmse-0.3929, valid_rmse-1.2297, valid_pr-0.7502
Validation : valid_rmse-1.2297, valid_pr-0.7502, 
test2013_rmse-1.3282, test2013_pr-0.8318, test2016_rmse-1.1620, test2016_pr-0.8503, test2019_rmse-1.3741, test2019_pr-0.6523
epoch-217, train_loss-0.1693, train_rmse-0.4115, valid_rmse-1.2591, valid_pr-0.7413
epoch-218, train_loss-0.1656, train_rmse-0.4070, valid_rmse-1.2199, valid_pr-0.7526
Validation : valid_rmse-1.2199, valid_pr-0.7526, 
test2013_rmse-1.2815, test2013_pr-0.8463, test2016_rmse-1.1413, test2016_pr-0.8559, test2019_rmse-1.3776, test2019_pr-0.6484
epoch-219, train_loss-0.1577, train_rmse-0.3971, valid_rmse-1.2449, valid_pr-0.7467
epoch-220, train_loss-0.1409, train_rmse-0.3753, valid_rmse-1.2421, valid_pr-0.7442
epoch-221, train_loss-0.1572, train_rmse-0.3965, valid_rmse-1.2635, valid_pr-0.7416
epoch-222, train_loss-0.1554, train_rmse-0.3942, valid_rmse-1.2451, valid_pr-0.7481
epoch-223, train_loss-0.1512, train_rmse-0.3888, valid_rmse-1.2490, valid_pr-0.7430
epoch-224, train_loss-0.1446, train_rmse-0.3803, valid_rmse-1.2393, valid_pr-0.7443
epoch-225, train_loss-0.1429, train_rmse-0.3781, valid_rmse-1.2410, valid_pr-0.7429
epoch-226, train_loss-0.1485, train_rmse-0.3853, valid_rmse-1.2516, valid_pr-0.7427
epoch-227, train_loss-0.1494, train_rmse-0.3865, valid_rmse-1.2503, valid_pr-0.7408
epoch-228, train_loss-0.1489, train_rmse-0.3859, valid_rmse-1.2587, valid_pr-0.7351
epoch-229, train_loss-0.1493, train_rmse-0.3864, valid_rmse-1.2430, valid_pr-0.7426
epoch-230, train_loss-0.1520, train_rmse-0.3898, valid_rmse-1.2378, valid_pr-0.7475
epoch-231, train_loss-0.1471, train_rmse-0.3835, valid_rmse-1.2446, valid_pr-0.7471
epoch-232, train_loss-0.1789, train_rmse-0.4229, valid_rmse-1.2530, valid_pr-0.7493
epoch-233, train_loss-0.1542, train_rmse-0.3926, valid_rmse-1.2380, valid_pr-0.7454
epoch-234, train_loss-0.1519, train_rmse-0.3897, valid_rmse-1.2466, valid_pr-0.7447
epoch-235, train_loss-0.1552, train_rmse-0.3940, valid_rmse-1.2432, valid_pr-0.7471
epoch-236, train_loss-0.1518, train_rmse-0.3896, valid_rmse-1.2369, valid_pr-0.7474
epoch-237, train_loss-0.1427, train_rmse-0.3777, valid_rmse-1.2474, valid_pr-0.7448
epoch-238, train_loss-0.1514, train_rmse-0.3891, valid_rmse-1.2425, valid_pr-0.7422
epoch-239, train_loss-0.1546, train_rmse-0.3932, valid_rmse-1.2495, valid_pr-0.7465
epoch-240, train_loss-0.1397, train_rmse-0.3738, valid_rmse-1.2562, valid_pr-0.7405
epoch-241, train_loss-0.1411, train_rmse-0.3756, valid_rmse-1.2423, valid_pr-0.7487
epoch-242, train_loss-0.1365, train_rmse-0.3694, valid_rmse-1.2343, valid_pr-0.7462
epoch-243, train_loss-0.1406, train_rmse-0.3750, valid_rmse-1.2295, valid_pr-0.7476
epoch-244, train_loss-0.1528, train_rmse-0.3909, valid_rmse-1.2513, valid_pr-0.7460
epoch-245, train_loss-0.1479, train_rmse-0.3846, valid_rmse-1.2498, valid_pr-0.7444
epoch-246, train_loss-0.1664, train_rmse-0.4079, valid_rmse-1.2547, valid_pr-0.7460
epoch-247, train_loss-0.1491, train_rmse-0.3861, valid_rmse-1.2400, valid_pr-0.7439
epoch-248, train_loss-0.1566, train_rmse-0.3957, valid_rmse-1.2340, valid_pr-0.7491
epoch-249, train_loss-0.1570, train_rmse-0.3962, valid_rmse-1.2438, valid_pr-0.7449
epoch-250, train_loss-0.1364, train_rmse-0.3694, valid_rmse-1.2504, valid_pr-0.7457
epoch-251, train_loss-0.1481, train_rmse-0.3848, valid_rmse-1.2411, valid_pr-0.7448
epoch-252, train_loss-0.1483, train_rmse-0.3851, valid_rmse-1.2390, valid_pr-0.7427
epoch-253, train_loss-0.1552, train_rmse-0.3939, valid_rmse-1.2449, valid_pr-0.7463
epoch-254, train_loss-0.1553, train_rmse-0.3941, valid_rmse-1.2361, valid_pr-0.7458
epoch-255, train_loss-0.1446, train_rmse-0.3803, valid_rmse-1.2406, valid_pr-0.7464
epoch-256, train_loss-0.1447, train_rmse-0.3804, valid_rmse-1.2314, valid_pr-0.7473
epoch-257, train_loss-0.1378, train_rmse-0.3713, valid_rmse-1.2197, valid_pr-0.7522
Validation : valid_rmse-1.2197, valid_pr-0.7522, 
test2013_rmse-1.2563, test2013_pr-0.8559, test2016_rmse-1.1181, test2016_pr-0.8644, test2019_rmse-1.3688, test2019_pr-0.6518
epoch-258, train_loss-0.1513, train_rmse-0.3890, valid_rmse-1.2448, valid_pr-0.7405
epoch-259, train_loss-0.1400, train_rmse-0.3742, valid_rmse-1.2500, valid_pr-0.7440
epoch-260, train_loss-0.1374, train_rmse-0.3707, valid_rmse-1.2439, valid_pr-0.7420
epoch-261, train_loss-0.1456, train_rmse-0.3816, valid_rmse-1.2320, valid_pr-0.7466
epoch-262, train_loss-0.1512, train_rmse-0.3888, valid_rmse-1.2350, valid_pr-0.7466
epoch-263, train_loss-0.1513, train_rmse-0.3890, valid_rmse-1.2380, valid_pr-0.7443
epoch-264, train_loss-0.1340, train_rmse-0.3660, valid_rmse-1.2376, valid_pr-0.7456
epoch-265, train_loss-0.1409, train_rmse-0.3753, valid_rmse-1.2330, valid_pr-0.7451
epoch-266, train_loss-0.1591, train_rmse-0.3989, valid_rmse-1.2548, valid_pr-0.7472
epoch-267, train_loss-0.1430, train_rmse-0.3781, valid_rmse-1.2290, valid_pr-0.7483
epoch-268, train_loss-0.1331, train_rmse-0.3649, valid_rmse-1.2338, valid_pr-0.7497
epoch-269, train_loss-0.1306, train_rmse-0.3614, valid_rmse-1.2390, valid_pr-0.7458
epoch-270, train_loss-0.1411, train_rmse-0.3756, valid_rmse-1.2358, valid_pr-0.7462
epoch-271, train_loss-0.1485, train_rmse-0.3853, valid_rmse-1.2333, valid_pr-0.7452
epoch-272, train_loss-0.1339, train_rmse-0.3660, valid_rmse-1.2491, valid_pr-0.7437
epoch-273, train_loss-0.1368, train_rmse-0.3698, valid_rmse-1.2301, valid_pr-0.7483
epoch-274, train_loss-0.1437, train_rmse-0.3791, valid_rmse-1.2260, valid_pr-0.7509
epoch-275, train_loss-0.1377, train_rmse-0.3710, valid_rmse-1.2297, valid_pr-0.7517
epoch-276, train_loss-0.1328, train_rmse-0.3644, valid_rmse-1.2416, valid_pr-0.7437
epoch-277, train_loss-0.1269, train_rmse-0.3562, valid_rmse-1.2255, valid_pr-0.7532
epoch-278, train_loss-0.1343, train_rmse-0.3665, valid_rmse-1.2406, valid_pr-0.7459
epoch-279, train_loss-0.1312, train_rmse-0.3622, valid_rmse-1.2315, valid_pr-0.7494
epoch-280, train_loss-0.1378, train_rmse-0.3712, valid_rmse-1.2247, valid_pr-0.7518
epoch-281, train_loss-0.1308, train_rmse-0.3616, valid_rmse-1.2340, valid_pr-0.7496
epoch-282, train_loss-0.1257, train_rmse-0.3545, valid_rmse-1.2156, valid_pr-0.7536
Validation : valid_rmse-1.2156, valid_pr-0.7536, 
test2013_rmse-1.2835, test2013_pr-0.8492, test2016_rmse-1.1439, test2016_pr-0.8577, test2019_rmse-1.3757, test2019_pr-0.6487
epoch-283, train_loss-0.1322, train_rmse-0.3636, valid_rmse-1.2632, valid_pr-0.7472
epoch-284, train_loss-0.1386, train_rmse-0.3723, valid_rmse-1.2515, valid_pr-0.7422
epoch-285, train_loss-0.1413, train_rmse-0.3759, valid_rmse-1.2352, valid_pr-0.7482
epoch-286, train_loss-0.1385, train_rmse-0.3721, valid_rmse-1.2281, valid_pr-0.7475
epoch-287, train_loss-0.1566, train_rmse-0.3958, valid_rmse-1.2302, valid_pr-0.7504
epoch-288, train_loss-0.1445, train_rmse-0.3801, valid_rmse-1.2543, valid_pr-0.7464
epoch-289, train_loss-0.1357, train_rmse-0.3684, valid_rmse-1.2319, valid_pr-0.7500
epoch-290, train_loss-0.1399, train_rmse-0.3740, valid_rmse-1.2396, valid_pr-0.7507
epoch-291, train_loss-0.1382, train_rmse-0.3717, valid_rmse-1.2196, valid_pr-0.7536
epoch-292, train_loss-0.1297, train_rmse-0.3601, valid_rmse-1.2362, valid_pr-0.7485
epoch-293, train_loss-0.1392, train_rmse-0.3731, valid_rmse-1.2390, valid_pr-0.7513
epoch-294, train_loss-0.1344, train_rmse-0.3666, valid_rmse-1.2270, valid_pr-0.7509
epoch-295, train_loss-0.1543, train_rmse-0.3928, valid_rmse-1.2458, valid_pr-0.7510
epoch-296, train_loss-0.1297, train_rmse-0.3601, valid_rmse-1.2343, valid_pr-0.7489
epoch-297, train_loss-0.1479, train_rmse-0.3846, valid_rmse-1.2336, valid_pr-0.7489
epoch-298, train_loss-0.1407, train_rmse-0.3752, valid_rmse-1.2355, valid_pr-0.7451
epoch-299, train_loss-0.1462, train_rmse-0.3824, valid_rmse-1.2356, valid_pr-0.7473
epoch-300, train_loss-0.1384, train_rmse-0.3720, valid_rmse-1.2284, valid_pr-0.7488
epoch-301, train_loss-0.1313, train_rmse-0.3624, valid_rmse-1.2266, valid_pr-0.7512
epoch-302, train_loss-0.1326, train_rmse-0.3641, valid_rmse-1.2420, valid_pr-0.7456
epoch-303, train_loss-0.1380, train_rmse-0.3714, valid_rmse-1.2350, valid_pr-0.7471
epoch-304, train_loss-0.1322, train_rmse-0.3636, valid_rmse-1.2333, valid_pr-0.7483
epoch-305, train_loss-0.1306, train_rmse-0.3613, valid_rmse-1.2487, valid_pr-0.7472
epoch-306, train_loss-0.1264, train_rmse-0.3555, valid_rmse-1.2410, valid_pr-0.7451
epoch-307, train_loss-0.1366, train_rmse-0.3696, valid_rmse-1.2481, valid_pr-0.7436
epoch-308, train_loss-0.1382, train_rmse-0.3718, valid_rmse-1.2620, valid_pr-0.7503
epoch-309, train_loss-0.1321, train_rmse-0.3634, valid_rmse-1.2294, valid_pr-0.7466
epoch-310, train_loss-0.1383, train_rmse-0.3719, valid_rmse-1.2376, valid_pr-0.7471
epoch-311, train_loss-0.1243, train_rmse-0.3526, valid_rmse-1.2161, valid_pr-0.7560
epoch-312, train_loss-0.1250, train_rmse-0.3536, valid_rmse-1.2336, valid_pr-0.7483
epoch-313, train_loss-0.1264, train_rmse-0.3555, valid_rmse-1.2336, valid_pr-0.7509
epoch-314, train_loss-0.1273, train_rmse-0.3568, valid_rmse-1.2390, valid_pr-0.7462
epoch-315, train_loss-0.1334, train_rmse-0.3652, valid_rmse-1.2328, valid_pr-0.7508
epoch-316, train_loss-0.1222, train_rmse-0.3496, valid_rmse-1.2278, valid_pr-0.7495
epoch-317, train_loss-0.1359, train_rmse-0.3687, valid_rmse-1.2270, valid_pr-0.7522
epoch-318, train_loss-0.1381, train_rmse-0.3716, valid_rmse-1.2369, valid_pr-0.7468
epoch-319, train_loss-0.1215, train_rmse-0.3486, valid_rmse-1.2212, valid_pr-0.7518
epoch-320, train_loss-0.1365, train_rmse-0.3695, valid_rmse-1.2330, valid_pr-0.7510
epoch-321, train_loss-0.1259, train_rmse-0.3548, valid_rmse-1.2206, valid_pr-0.7561
epoch-322, train_loss-0.1257, train_rmse-0.3546, valid_rmse-1.2331, valid_pr-0.7521
epoch-323, train_loss-0.1237, train_rmse-0.3518, valid_rmse-1.2293, valid_pr-0.7508
epoch-324, train_loss-0.1290, train_rmse-0.3592, valid_rmse-1.2234, valid_pr-0.7512
epoch-325, train_loss-0.1301, train_rmse-0.3607, valid_rmse-1.2256, valid_pr-0.7494
epoch-326, train_loss-0.1214, train_rmse-0.3485, valid_rmse-1.2234, valid_pr-0.7528
epoch-327, train_loss-0.1382, train_rmse-0.3717, valid_rmse-1.2450, valid_pr-0.7446
epoch-328, train_loss-0.1328, train_rmse-0.3644, valid_rmse-1.2390, valid_pr-0.7500
epoch-329, train_loss-0.1251, train_rmse-0.3538, valid_rmse-1.2207, valid_pr-0.7509
epoch-330, train_loss-0.1210, train_rmse-0.3479, valid_rmse-1.2216, valid_pr-0.7542
epoch-331, train_loss-0.1277, train_rmse-0.3574, valid_rmse-1.2282, valid_pr-0.7488
epoch-332, train_loss-0.1319, train_rmse-0.3631, valid_rmse-1.2316, valid_pr-0.7495
epoch-333, train_loss-0.1238, train_rmse-0.3518, valid_rmse-1.2232, valid_pr-0.7521
epoch-334, train_loss-0.1133, train_rmse-0.3365, valid_rmse-1.2206, valid_pr-0.7532
epoch-335, train_loss-0.1036, train_rmse-0.3219, valid_rmse-1.2211, valid_pr-0.7526
epoch-336, train_loss-0.1140, train_rmse-0.3377, valid_rmse-1.2212, valid_pr-0.7569
epoch-337, train_loss-0.1017, train_rmse-0.3189, valid_rmse-1.2244, valid_pr-0.7565
epoch-338, train_loss-0.1086, train_rmse-0.3295, valid_rmse-1.2192, valid_pr-0.7546
epoch-339, train_loss-0.1029, train_rmse-0.3208, valid_rmse-1.2185, valid_pr-0.7549
epoch-340, train_loss-0.1046, train_rmse-0.3234, valid_rmse-1.2159, valid_pr-0.7540
epoch-341, train_loss-0.1090, train_rmse-0.3302, valid_rmse-1.2118, valid_pr-0.7577
Validation : valid_rmse-1.2118, valid_pr-0.7577, 
test2013_rmse-1.2761, test2013_pr-0.8559, test2016_rmse-1.1267, test2016_pr-0.8694, test2019_rmse-1.3484, test2019_pr-0.6629
epoch-342, train_loss-0.1150, train_rmse-0.3392, valid_rmse-1.2162, valid_pr-0.7547
epoch-343, train_loss-0.1016, train_rmse-0.3187, valid_rmse-1.2218, valid_pr-0.7534
epoch-344, train_loss-0.1053, train_rmse-0.3245, valid_rmse-1.2226, valid_pr-0.7537
epoch-345, train_loss-0.0964, train_rmse-0.3106, valid_rmse-1.2260, valid_pr-0.7509
epoch-346, train_loss-0.1090, train_rmse-0.3301, valid_rmse-1.2202, valid_pr-0.7532
epoch-347, train_loss-0.0927, train_rmse-0.3045, valid_rmse-1.2263, valid_pr-0.7524
epoch-348, train_loss-0.1014, train_rmse-0.3184, valid_rmse-1.2246, valid_pr-0.7526
epoch-349, train_loss-0.0990, train_rmse-0.3146, valid_rmse-1.2180, valid_pr-0.7551
epoch-350, train_loss-0.1008, train_rmse-0.3175, valid_rmse-1.2165, valid_pr-0.7537
epoch-351, train_loss-0.1096, train_rmse-0.3310, valid_rmse-1.2237, valid_pr-0.7544
epoch-352, train_loss-0.1012, train_rmse-0.3181, valid_rmse-1.2182, valid_pr-0.7577
epoch-353, train_loss-0.1068, train_rmse-0.3268, valid_rmse-1.2192, valid_pr-0.7529
epoch-354, train_loss-0.0966, train_rmse-0.3108, valid_rmse-1.2148, valid_pr-0.7565
epoch-355, train_loss-0.0987, train_rmse-0.3141, valid_rmse-1.2104, valid_pr-0.7577
Validation : valid_rmse-1.2104, valid_pr-0.7577, 
test2013_rmse-1.2673, test2013_pr-0.8511, test2016_rmse-1.1026, test2016_pr-0.8692, test2019_rmse-1.3485, test2019_pr-0.6651
epoch-356, train_loss-0.1080, train_rmse-0.3286, valid_rmse-1.2172, valid_pr-0.7568
epoch-357, train_loss-0.1004, train_rmse-0.3168, valid_rmse-1.2171, valid_pr-0.7543
epoch-358, train_loss-0.0983, train_rmse-0.3135, valid_rmse-1.2165, valid_pr-0.7566
epoch-359, train_loss-0.1068, train_rmse-0.3268, valid_rmse-1.2170, valid_pr-0.7564
epoch-360, train_loss-0.1069, train_rmse-0.3269, valid_rmse-1.2204, valid_pr-0.7542
epoch-361, train_loss-0.0969, train_rmse-0.3113, valid_rmse-1.2151, valid_pr-0.7563
epoch-362, train_loss-0.1139, train_rmse-0.3375, valid_rmse-1.2213, valid_pr-0.7562
epoch-363, train_loss-0.1033, train_rmse-0.3214, valid_rmse-1.2127, valid_pr-0.7545
epoch-364, train_loss-0.1202, train_rmse-0.3467, valid_rmse-1.2184, valid_pr-0.7524
epoch-365, train_loss-0.0971, train_rmse-0.3116, valid_rmse-1.2128, valid_pr-0.7557
epoch-366, train_loss-0.0880, train_rmse-0.2966, valid_rmse-1.2194, valid_pr-0.7560
epoch-367, train_loss-0.0984, train_rmse-0.3138, valid_rmse-1.2247, valid_pr-0.7605
epoch-368, train_loss-0.0957, train_rmse-0.3093, valid_rmse-1.2093, valid_pr-0.7579
Validation : valid_rmse-1.2093, valid_pr-0.7579, 
test2013_rmse-1.2643, test2013_pr-0.8552, test2016_rmse-1.1164, test2016_pr-0.8681, test2019_rmse-1.3476, test2019_pr-0.6638
epoch-369, train_loss-0.1012, train_rmse-0.3181, valid_rmse-1.2123, valid_pr-0.7574
epoch-370, train_loss-0.0933, train_rmse-0.3055, valid_rmse-1.2176, valid_pr-0.7568
epoch-371, train_loss-0.1068, train_rmse-0.3268, valid_rmse-1.2272, valid_pr-0.7524
epoch-372, train_loss-0.1058, train_rmse-0.3252, valid_rmse-1.2168, valid_pr-0.7558
epoch-373, train_loss-0.1027, train_rmse-0.3205, valid_rmse-1.2158, valid_pr-0.7557
epoch-374, train_loss-0.1034, train_rmse-0.3215, valid_rmse-1.2194, valid_pr-0.7531
epoch-375, train_loss-0.1016, train_rmse-0.3188, valid_rmse-1.2200, valid_pr-0.7549
epoch-376, train_loss-0.1058, train_rmse-0.3253, valid_rmse-1.2230, valid_pr-0.7527
epoch-377, train_loss-0.0976, train_rmse-0.3124, valid_rmse-1.2220, valid_pr-0.7541
epoch-378, train_loss-0.1022, train_rmse-0.3196, valid_rmse-1.2125, valid_pr-0.7560
epoch-379, train_loss-0.1130, train_rmse-0.3362, valid_rmse-1.2174, valid_pr-0.7540
epoch-380, train_loss-0.0927, train_rmse-0.3045, valid_rmse-1.2125, valid_pr-0.7567
epoch-381, train_loss-0.1005, train_rmse-0.3169, valid_rmse-1.2221, valid_pr-0.7528
epoch-382, train_loss-0.0990, train_rmse-0.3146, valid_rmse-1.2224, valid_pr-0.7548
epoch-383, train_loss-0.1062, train_rmse-0.3258, valid_rmse-1.2162, valid_pr-0.7559
epoch-384, train_loss-0.1035, train_rmse-0.3216, valid_rmse-1.2207, valid_pr-0.7526
epoch-385, train_loss-0.0967, train_rmse-0.3110, valid_rmse-1.2155, valid_pr-0.7557
epoch-386, train_loss-0.0962, train_rmse-0.3102, valid_rmse-1.2155, valid_pr-0.7541
epoch-387, train_loss-0.1055, train_rmse-0.3249, valid_rmse-1.2098, valid_pr-0.7572
epoch-388, train_loss-0.1009, train_rmse-0.3176, valid_rmse-1.2131, valid_pr-0.7568
epoch-389, train_loss-0.1030, train_rmse-0.3209, valid_rmse-1.2257, valid_pr-0.7567
epoch-390, train_loss-0.0969, train_rmse-0.3113, valid_rmse-1.2174, valid_pr-0.7551
epoch-391, train_loss-0.1003, train_rmse-0.3167, valid_rmse-1.2163, valid_pr-0.7574
epoch-392, train_loss-0.1022, train_rmse-0.3197, valid_rmse-1.2147, valid_pr-0.7562
epoch-393, train_loss-0.0977, train_rmse-0.3125, valid_rmse-1.2233, valid_pr-0.7520
epoch-394, train_loss-0.1002, train_rmse-0.3165, valid_rmse-1.2114, valid_pr-0.7561
epoch-395, train_loss-0.1112, train_rmse-0.3334, valid_rmse-1.2211, valid_pr-0.7518
epoch-396, train_loss-0.1004, train_rmse-0.3168, valid_rmse-1.2175, valid_pr-0.7543
epoch-397, train_loss-0.1009, train_rmse-0.3176, valid_rmse-1.2191, valid_pr-0.7524
epoch-398, train_loss-0.0977, train_rmse-0.3126, valid_rmse-1.2166, valid_pr-0.7548
epoch-399, train_loss-0.0936, train_rmse-0.3060, valid_rmse-1.2235, valid_pr-0.7528
epoch-400, train_loss-0.1010, train_rmse-0.3179, valid_rmse-1.2181, valid_pr-0.7548
epoch-401, train_loss-0.0955, train_rmse-0.3090, valid_rmse-1.2107, valid_pr-0.7579
epoch-402, train_loss-0.0916, train_rmse-0.3027, valid_rmse-1.2174, valid_pr-0.7551
epoch-403, train_loss-0.0926, train_rmse-0.3043, valid_rmse-1.2158, valid_pr-0.7542
epoch-404, train_loss-0.0967, train_rmse-0.3109, valid_rmse-1.2129, valid_pr-0.7546
epoch-405, train_loss-0.0971, train_rmse-0.3115, valid_rmse-1.2102, valid_pr-0.7586
epoch-406, train_loss-0.1014, train_rmse-0.3184, valid_rmse-1.2149, valid_pr-0.7552
epoch-407, train_loss-0.1049, train_rmse-0.3238, valid_rmse-1.2245, valid_pr-0.7506
epoch-408, train_loss-0.0970, train_rmse-0.3114, valid_rmse-1.2232, valid_pr-0.7529
epoch-409, train_loss-0.0910, train_rmse-0.3017, valid_rmse-1.2193, valid_pr-0.7552
epoch-410, train_loss-0.0913, train_rmse-0.3021, valid_rmse-1.2102, valid_pr-0.7574
epoch-411, train_loss-0.0987, train_rmse-0.3142, valid_rmse-1.2095, valid_pr-0.7572
epoch-412, train_loss-0.0989, train_rmse-0.3145, valid_rmse-1.2153, valid_pr-0.7558
epoch-413, train_loss-0.1006, train_rmse-0.3171, valid_rmse-1.2125, valid_pr-0.7568
epoch-414, train_loss-0.1018, train_rmse-0.3191, valid_rmse-1.2149, valid_pr-0.7583
epoch-415, train_loss-0.0974, train_rmse-0.3120, valid_rmse-1.2160, valid_pr-0.7588
epoch-416, train_loss-0.1036, train_rmse-0.3219, valid_rmse-1.2111, valid_pr-0.7586
epoch-417, train_loss-0.1050, train_rmse-0.3240, valid_rmse-1.2166, valid_pr-0.7558
epoch-418, train_loss-0.0872, train_rmse-0.2953, valid_rmse-1.2178, valid_pr-0.7545
epoch-419, train_loss-0.1014, train_rmse-0.3184, valid_rmse-1.2042, valid_pr-0.7584
Validation : valid_rmse-1.2042, valid_pr-0.7584, 
test2013_rmse-1.2788, test2013_pr-0.8555, test2016_rmse-1.1390, test2016_pr-0.8653, test2019_rmse-1.3457, test2019_pr-0.6609
epoch-420, train_loss-0.1053, train_rmse-0.3245, valid_rmse-1.2170, valid_pr-0.7545
epoch-421, train_loss-0.1003, train_rmse-0.3167, valid_rmse-1.2109, valid_pr-0.7560
epoch-422, train_loss-0.0971, train_rmse-0.3116, valid_rmse-1.2097, valid_pr-0.7567
epoch-423, train_loss-0.0913, train_rmse-0.3022, valid_rmse-1.2062, valid_pr-0.7576
epoch-424, train_loss-0.1042, train_rmse-0.3228, valid_rmse-1.2270, valid_pr-0.7535
epoch-425, train_loss-0.0985, train_rmse-0.3138, valid_rmse-1.2111, valid_pr-0.7579
epoch-426, train_loss-0.1018, train_rmse-0.3190, valid_rmse-1.2180, valid_pr-0.7551
epoch-427, train_loss-0.1014, train_rmse-0.3184, valid_rmse-1.2134, valid_pr-0.7566
epoch-428, train_loss-0.0970, train_rmse-0.3115, valid_rmse-1.2104, valid_pr-0.7570
epoch-429, train_loss-0.0971, train_rmse-0.3116, valid_rmse-1.2120, valid_pr-0.7557
epoch-430, train_loss-0.0913, train_rmse-0.3021, valid_rmse-1.2134, valid_pr-0.7555
epoch-431, train_loss-0.0965, train_rmse-0.3106, valid_rmse-1.2167, valid_pr-0.7540
epoch-432, train_loss-0.1032, train_rmse-0.3212, valid_rmse-1.2273, valid_pr-0.7555
epoch-433, train_loss-0.0924, train_rmse-0.3040, valid_rmse-1.2183, valid_pr-0.7539
epoch-434, train_loss-0.0983, train_rmse-0.3135, valid_rmse-1.2110, valid_pr-0.7561
epoch-435, train_loss-0.0998, train_rmse-0.3159, valid_rmse-1.2285, valid_pr-0.7532
epoch-436, train_loss-0.0932, train_rmse-0.3053, valid_rmse-1.2227, valid_pr-0.7515
epoch-437, train_loss-0.0991, train_rmse-0.3148, valid_rmse-1.2132, valid_pr-0.7567
epoch-438, train_loss-0.0965, train_rmse-0.3107, valid_rmse-1.2182, valid_pr-0.7532
epoch-439, train_loss-0.0934, train_rmse-0.3057, valid_rmse-1.2110, valid_pr-0.7567
epoch-440, train_loss-0.0904, train_rmse-0.3006, valid_rmse-1.2260, valid_pr-0.7553
epoch-441, train_loss-0.0996, train_rmse-0.3156, valid_rmse-1.2183, valid_pr-0.7554
epoch-442, train_loss-0.1014, train_rmse-0.3184, valid_rmse-1.2188, valid_pr-0.7560
epoch-443, train_loss-0.0891, train_rmse-0.2984, valid_rmse-1.2084, valid_pr-0.7568
epoch-444, train_loss-0.0996, train_rmse-0.3156, valid_rmse-1.2209, valid_pr-0.7581
epoch-445, train_loss-0.0906, train_rmse-0.3010, valid_rmse-1.2176, valid_pr-0.7559
epoch-446, train_loss-0.0907, train_rmse-0.3011, valid_rmse-1.2170, valid_pr-0.7544
epoch-447, train_loss-0.0905, train_rmse-0.3008, valid_rmse-1.2102, valid_pr-0.7556
epoch-448, train_loss-0.0938, train_rmse-0.3063, valid_rmse-1.2233, valid_pr-0.7525
epoch-449, train_loss-0.1031, train_rmse-0.3212, valid_rmse-1.2180, valid_pr-0.7553
epoch-450, train_loss-0.0964, train_rmse-0.3105, valid_rmse-1.2119, valid_pr-0.7556
epoch-451, train_loss-0.0982, train_rmse-0.3134, valid_rmse-1.2110, valid_pr-0.7556
epoch-452, train_loss-0.1043, train_rmse-0.3229, valid_rmse-1.2143, valid_pr-0.7566
epoch-453, train_loss-0.0992, train_rmse-0.3150, valid_rmse-1.2147, valid_pr-0.7562
epoch-454, train_loss-0.0991, train_rmse-0.3148, valid_rmse-1.2221, valid_pr-0.7555
epoch-455, train_loss-0.1023, train_rmse-0.3199, valid_rmse-1.2194, valid_pr-0.7552
epoch-456, train_loss-0.0946, train_rmse-0.3076, valid_rmse-1.2118, valid_pr-0.7558
epoch-457, train_loss-0.1020, train_rmse-0.3194, valid_rmse-1.2271, valid_pr-0.7536
epoch-458, train_loss-0.0915, train_rmse-0.3025, valid_rmse-1.2183, valid_pr-0.7556
epoch-459, train_loss-0.1029, train_rmse-0.3207, valid_rmse-1.2129, valid_pr-0.7556
epoch-460, train_loss-0.0957, train_rmse-0.3094, valid_rmse-1.2122, valid_pr-0.7580
epoch-461, train_loss-0.0954, train_rmse-0.3089, valid_rmse-1.2179, valid_pr-0.7557
epoch-462, train_loss-0.0938, train_rmse-0.3062, valid_rmse-1.2150, valid_pr-0.7537
epoch-463, train_loss-0.0904, train_rmse-0.3006, valid_rmse-1.2139, valid_pr-0.7562
epoch-464, train_loss-0.0978, train_rmse-0.3127, valid_rmse-1.2118, valid_pr-0.7563
epoch-465, train_loss-0.0979, train_rmse-0.3129, valid_rmse-1.2139, valid_pr-0.7555
epoch-466, train_loss-0.0921, train_rmse-0.3036, valid_rmse-1.2041, valid_pr-0.7586
Validation : valid_rmse-1.2041, valid_pr-0.7586, 
test2013_rmse-1.2704, test2013_pr-0.8575, test2016_rmse-1.1295, test2016_pr-0.8665, test2019_rmse-1.3474, test2019_pr-0.6603
epoch-467, train_loss-0.0917, train_rmse-0.3028, valid_rmse-1.2177, valid_pr-0.7536
epoch-468, train_loss-0.0914, train_rmse-0.3023, valid_rmse-1.2176, valid_pr-0.7546
epoch-469, train_loss-0.0941, train_rmse-0.3068, valid_rmse-1.2219, valid_pr-0.7540
epoch-470, train_loss-0.1064, train_rmse-0.3262, valid_rmse-1.2135, valid_pr-0.7542
epoch-471, train_loss-0.0910, train_rmse-0.3016, valid_rmse-1.2132, valid_pr-0.7572
epoch-472, train_loss-0.0790, train_rmse-0.2811, valid_rmse-1.2093, valid_pr-0.7575
epoch-473, train_loss-0.0811, train_rmse-0.2848, valid_rmse-1.2067, valid_pr-0.7584
epoch-474, train_loss-0.0780, train_rmse-0.2793, valid_rmse-1.2086, valid_pr-0.7577
epoch-475, train_loss-0.0863, train_rmse-0.2938, valid_rmse-1.2111, valid_pr-0.7568
epoch-476, train_loss-0.0889, train_rmse-0.2982, valid_rmse-1.2152, valid_pr-0.7560
epoch-477, train_loss-0.0763, train_rmse-0.2762, valid_rmse-1.2078, valid_pr-0.7576
epoch-478, train_loss-0.0864, train_rmse-0.2939, valid_rmse-1.2085, valid_pr-0.7569
epoch-479, train_loss-0.0913, train_rmse-0.3022, valid_rmse-1.2110, valid_pr-0.7566
epoch-480, train_loss-0.0839, train_rmse-0.2896, valid_rmse-1.2100, valid_pr-0.7565
epoch-481, train_loss-0.0823, train_rmse-0.2869, valid_rmse-1.2109, valid_pr-0.7566
epoch-482, train_loss-0.0830, train_rmse-0.2881, valid_rmse-1.2173, valid_pr-0.7583
epoch-483, train_loss-0.0800, train_rmse-0.2829, valid_rmse-1.2105, valid_pr-0.7581
epoch-484, train_loss-0.0819, train_rmse-0.2862, valid_rmse-1.2103, valid_pr-0.7577
epoch-485, train_loss-0.0836, train_rmse-0.2892, valid_rmse-1.2143, valid_pr-0.7555
epoch-486, train_loss-0.0862, train_rmse-0.2936, valid_rmse-1.2123, valid_pr-0.7558
epoch-487, train_loss-0.0781, train_rmse-0.2795, valid_rmse-1.2099, valid_pr-0.7567
epoch-488, train_loss-0.0788, train_rmse-0.2808, valid_rmse-1.2128, valid_pr-0.7557
epoch-489, train_loss-0.0801, train_rmse-0.2831, valid_rmse-1.2074, valid_pr-0.7581
epoch-490, train_loss-0.0811, train_rmse-0.2847, valid_rmse-1.2116, valid_pr-0.7583
epoch-491, train_loss-0.0800, train_rmse-0.2828, valid_rmse-1.2069, valid_pr-0.7580
epoch-492, train_loss-0.0804, train_rmse-0.2835, valid_rmse-1.2167, valid_pr-0.7568
epoch-493, train_loss-0.0897, train_rmse-0.2995, valid_rmse-1.2090, valid_pr-0.7580
epoch-494, train_loss-0.0800, train_rmse-0.2828, valid_rmse-1.2089, valid_pr-0.7575
epoch-495, train_loss-0.0818, train_rmse-0.2861, valid_rmse-1.2096, valid_pr-0.7588
epoch-496, train_loss-0.0880, train_rmse-0.2967, valid_rmse-1.2047, valid_pr-0.7587
epoch-497, train_loss-0.0811, train_rmse-0.2847, valid_rmse-1.2122, valid_pr-0.7582
epoch-498, train_loss-0.0932, train_rmse-0.3052, valid_rmse-1.2064, valid_pr-0.7580
epoch-499, train_loss-0.0834, train_rmse-0.2887, valid_rmse-1.2110, valid_pr-0.7583
epoch-500, train_loss-0.0824, train_rmse-0.2871, valid_rmse-1.2141, valid_pr-0.7562
epoch-501, train_loss-0.0815, train_rmse-0.2856, valid_rmse-1.2108, valid_pr-0.7569
epoch-502, train_loss-0.0798, train_rmse-0.2825, valid_rmse-1.2120, valid_pr-0.7584
epoch-503, train_loss-0.0816, train_rmse-0.2856, valid_rmse-1.2114, valid_pr-0.7577
epoch-504, train_loss-0.0882, train_rmse-0.2970, valid_rmse-1.2026, valid_pr-0.7597
Validation : valid_rmse-1.2026, valid_pr-0.7597, 
test2013_rmse-1.2669, test2013_pr-0.8555, test2016_rmse-1.1211, test2016_pr-0.8670, test2019_rmse-1.3453, test2019_pr-0.6628
epoch-505, train_loss-0.0762, train_rmse-0.2761, valid_rmse-1.2112, valid_pr-0.7577
epoch-506, train_loss-0.0888, train_rmse-0.2979, valid_rmse-1.2113, valid_pr-0.7572
epoch-507, train_loss-0.0789, train_rmse-0.2809, valid_rmse-1.2090, valid_pr-0.7572
epoch-508, train_loss-0.0733, train_rmse-0.2708, valid_rmse-1.2106, valid_pr-0.7573
epoch-509, train_loss-0.0857, train_rmse-0.2928, valid_rmse-1.2123, valid_pr-0.7573
epoch-510, train_loss-0.0864, train_rmse-0.2939, valid_rmse-1.2118, valid_pr-0.7596
epoch-511, train_loss-0.0794, train_rmse-0.2818, valid_rmse-1.2071, valid_pr-0.7590
epoch-512, train_loss-0.0800, train_rmse-0.2828, valid_rmse-1.2056, valid_pr-0.7586
epoch-513, train_loss-0.0780, train_rmse-0.2794, valid_rmse-1.2036, valid_pr-0.7593
epoch-514, train_loss-0.0795, train_rmse-0.2819, valid_rmse-1.2036, valid_pr-0.7592
epoch-515, train_loss-0.0827, train_rmse-0.2876, valid_rmse-1.2057, valid_pr-0.7581
epoch-516, train_loss-0.0804, train_rmse-0.2836, valid_rmse-1.2048, valid_pr-0.7589
epoch-517, train_loss-0.0854, train_rmse-0.2922, valid_rmse-1.2080, valid_pr-0.7585
epoch-518, train_loss-0.0771, train_rmse-0.2777, valid_rmse-1.2082, valid_pr-0.7574
epoch-519, train_loss-0.0806, train_rmse-0.2839, valid_rmse-1.2119, valid_pr-0.7560
epoch-520, train_loss-0.0800, train_rmse-0.2828, valid_rmse-1.2101, valid_pr-0.7578
epoch-521, train_loss-0.0842, train_rmse-0.2902, valid_rmse-1.2076, valid_pr-0.7585
epoch-522, train_loss-0.0835, train_rmse-0.2890, valid_rmse-1.2091, valid_pr-0.7588
epoch-523, train_loss-0.0839, train_rmse-0.2897, valid_rmse-1.2079, valid_pr-0.7584
epoch-524, train_loss-0.0820, train_rmse-0.2863, valid_rmse-1.2107, valid_pr-0.7581
epoch-525, train_loss-0.0827, train_rmse-0.2875, valid_rmse-1.2158, valid_pr-0.7580
epoch-526, train_loss-0.0886, train_rmse-0.2977, valid_rmse-1.2115, valid_pr-0.7554
epoch-527, train_loss-0.0798, train_rmse-0.2824, valid_rmse-1.2104, valid_pr-0.7569
epoch-528, train_loss-0.0888, train_rmse-0.2981, valid_rmse-1.2142, valid_pr-0.7555
epoch-529, train_loss-0.0781, train_rmse-0.2794, valid_rmse-1.2105, valid_pr-0.7558
epoch-530, train_loss-0.0766, train_rmse-0.2768, valid_rmse-1.2150, valid_pr-0.7556
epoch-531, train_loss-0.0794, train_rmse-0.2817, valid_rmse-1.2068, valid_pr-0.7580
epoch-532, train_loss-0.0920, train_rmse-0.3033, valid_rmse-1.2175, valid_pr-0.7564
epoch-533, train_loss-0.0837, train_rmse-0.2892, valid_rmse-1.2063, valid_pr-0.7583
epoch-534, train_loss-0.0843, train_rmse-0.2903, valid_rmse-1.2068, valid_pr-0.7589
epoch-535, train_loss-0.0790, train_rmse-0.2810, valid_rmse-1.2060, valid_pr-0.7583
epoch-536, train_loss-0.0820, train_rmse-0.2864, valid_rmse-1.2121, valid_pr-0.7569
epoch-537, train_loss-0.0812, train_rmse-0.2850, valid_rmse-1.2155, valid_pr-0.7583
epoch-538, train_loss-0.0801, train_rmse-0.2831, valid_rmse-1.2147, valid_pr-0.7582
epoch-539, train_loss-0.0873, train_rmse-0.2955, valid_rmse-1.2103, valid_pr-0.7566
epoch-540, train_loss-0.0909, train_rmse-0.3014, valid_rmse-1.2127, valid_pr-0.7576
epoch-541, train_loss-0.0785, train_rmse-0.2801, valid_rmse-1.2119, valid_pr-0.7588
epoch-542, train_loss-0.0808, train_rmse-0.2843, valid_rmse-1.2172, valid_pr-0.7580
epoch-543, train_loss-0.0828, train_rmse-0.2878, valid_rmse-1.2113, valid_pr-0.7573
epoch-544, train_loss-0.0881, train_rmse-0.2969, valid_rmse-1.2090, valid_pr-0.7576
epoch-545, train_loss-0.0768, train_rmse-0.2771, valid_rmse-1.2077, valid_pr-0.7578
epoch-546, train_loss-0.0931, train_rmse-0.3051, valid_rmse-1.2097, valid_pr-0.7577
epoch-547, train_loss-0.0800, train_rmse-0.2828, valid_rmse-1.2104, valid_pr-0.7578
epoch-548, train_loss-0.0803, train_rmse-0.2833, valid_rmse-1.2117, valid_pr-0.7575
epoch-549, train_loss-0.0874, train_rmse-0.2957, valid_rmse-1.2115, valid_pr-0.7582
epoch-550, train_loss-0.0771, train_rmse-0.2777, valid_rmse-1.2101, valid_pr-0.7586
epoch-551, train_loss-0.0794, train_rmse-0.2818, valid_rmse-1.2035, valid_pr-0.7591
epoch-552, train_loss-0.0778, train_rmse-0.2789, valid_rmse-1.2079, valid_pr-0.7573
epoch-553, train_loss-0.0783, train_rmse-0.2798, valid_rmse-1.2047, valid_pr-0.7594
epoch-554, train_loss-0.0825, train_rmse-0.2872, valid_rmse-1.2045, valid_pr-0.7589
epoch-555, train_loss-0.0944, train_rmse-0.3073, valid_rmse-1.2137, valid_pr-0.7569
epoch-556, train_loss-0.0806, train_rmse-0.2839, valid_rmse-1.2047, valid_pr-0.7591
epoch-557, train_loss-0.0808, train_rmse-0.2842, valid_rmse-1.2140, valid_pr-0.7580
epoch-558, train_loss-0.0791, train_rmse-0.2812, valid_rmse-1.2111, valid_pr-0.7576
epoch-559, train_loss-0.0835, train_rmse-0.2890, valid_rmse-1.2149, valid_pr-0.7581
epoch-560, train_loss-0.0762, train_rmse-0.2761, valid_rmse-1.2092, valid_pr-0.7581
epoch-561, train_loss-0.0682, train_rmse-0.2611, valid_rmse-1.2064, valid_pr-0.7584
epoch-562, train_loss-0.0720, train_rmse-0.2683, valid_rmse-1.2082, valid_pr-0.7580
epoch-563, train_loss-0.0811, train_rmse-0.2848, valid_rmse-1.2065, valid_pr-0.7577
epoch-564, train_loss-0.0776, train_rmse-0.2785, valid_rmse-1.2091, valid_pr-0.7579
epoch-565, train_loss-0.0723, train_rmse-0.2689, valid_rmse-1.2092, valid_pr-0.7583
epoch-566, train_loss-0.0718, train_rmse-0.2679, valid_rmse-1.2058, valid_pr-0.7585
epoch-567, train_loss-0.0763, train_rmse-0.2762, valid_rmse-1.2138, valid_pr-0.7577
epoch-568, train_loss-0.0767, train_rmse-0.2770, valid_rmse-1.2066, valid_pr-0.7583
epoch-569, train_loss-0.0753, train_rmse-0.2744, valid_rmse-1.2118, valid_pr-0.7586
epoch-570, train_loss-0.0728, train_rmse-0.2699, valid_rmse-1.2066, valid_pr-0.7589
epoch-571, train_loss-0.0763, train_rmse-0.2763, valid_rmse-1.2093, valid_pr-0.7589
epoch-572, train_loss-0.0828, train_rmse-0.2878, valid_rmse-1.2077, valid_pr-0.7589
epoch-573, train_loss-0.0823, train_rmse-0.2868, valid_rmse-1.2086, valid_pr-0.7578
epoch-574, train_loss-0.0752, train_rmse-0.2742, valid_rmse-1.2144, valid_pr-0.7584
epoch-575, train_loss-0.0773, train_rmse-0.2780, valid_rmse-1.2050, valid_pr-0.7586
epoch-576, train_loss-0.0770, train_rmse-0.2775, valid_rmse-1.2074, valid_pr-0.7587
epoch-577, train_loss-0.0813, train_rmse-0.2851, valid_rmse-1.2044, valid_pr-0.7598
epoch-578, train_loss-0.0779, train_rmse-0.2790, valid_rmse-1.2096, valid_pr-0.7575
epoch-579, train_loss-0.0864, train_rmse-0.2939, valid_rmse-1.2163, valid_pr-0.7588
epoch-580, train_loss-0.0872, train_rmse-0.2952, valid_rmse-1.2042, valid_pr-0.7587
epoch-581, train_loss-0.0786, train_rmse-0.2803, valid_rmse-1.2055, valid_pr-0.7591
epoch-582, train_loss-0.0739, train_rmse-0.2718, valid_rmse-1.2079, valid_pr-0.7578
epoch-583, train_loss-0.0754, train_rmse-0.2746, valid_rmse-1.2095, valid_pr-0.7591
epoch-584, train_loss-0.0754, train_rmse-0.2745, valid_rmse-1.2028, valid_pr-0.7595
epoch-585, train_loss-0.0733, train_rmse-0.2708, valid_rmse-1.2115, valid_pr-0.7573
epoch-586, train_loss-0.0739, train_rmse-0.2719, valid_rmse-1.2120, valid_pr-0.7587
epoch-587, train_loss-0.0792, train_rmse-0.2815, valid_rmse-1.2076, valid_pr-0.7570
epoch-588, train_loss-0.0823, train_rmse-0.2869, valid_rmse-1.2083, valid_pr-0.7591
epoch-589, train_loss-0.0761, train_rmse-0.2759, valid_rmse-1.2114, valid_pr-0.7569
epoch-590, train_loss-0.0695, train_rmse-0.2637, valid_rmse-1.2068, valid_pr-0.7584
epoch-591, train_loss-0.0836, train_rmse-0.2891, valid_rmse-1.2062, valid_pr-0.7586
epoch-592, train_loss-0.0756, train_rmse-0.2750, valid_rmse-1.2069, valid_pr-0.7586
epoch-593, train_loss-0.0820, train_rmse-0.2864, valid_rmse-1.2095, valid_pr-0.7582
epoch-594, train_loss-0.0811, train_rmse-0.2847, valid_rmse-1.2093, valid_pr-0.7582
epoch-595, train_loss-0.0810, train_rmse-0.2846, valid_rmse-1.2032, valid_pr-0.7599
epoch-596, train_loss-0.0836, train_rmse-0.2891, valid_rmse-1.2064, valid_pr-0.7587
epoch-597, train_loss-0.0783, train_rmse-0.2798, valid_rmse-1.2049, valid_pr-0.7591
epoch-598, train_loss-0.0747, train_rmse-0.2733, valid_rmse-1.2088, valid_pr-0.7593
epoch-599, train_loss-0.0838, train_rmse-0.2896, valid_rmse-1.2038, valid_pr-0.7595
epoch-600, train_loss-0.0794, train_rmse-0.2817, valid_rmse-1.2083, valid_pr-0.7595
epoch-601, train_loss-0.0781, train_rmse-0.2795, valid_rmse-1.2059, valid_pr-0.7592
epoch-602, train_loss-0.0754, train_rmse-0.2746, valid_rmse-1.2047, valid_pr-0.7597
epoch-603, train_loss-0.0762, train_rmse-0.2761, valid_rmse-1.2021, valid_pr-0.7601
Validation : valid_rmse-1.2021, valid_pr-0.7601, 
test2013_rmse-1.2775, test2013_pr-0.8564, test2016_rmse-1.1169, test2016_pr-0.8715, test2019_rmse-1.3351, test2019_pr-0.6677
epoch-604, train_loss-0.0755, train_rmse-0.2747, valid_rmse-1.2089, valid_pr-0.7587
epoch-605, train_loss-0.0768, train_rmse-0.2772, valid_rmse-1.2081, valid_pr-0.7592
epoch-606, train_loss-0.0724, train_rmse-0.2690, valid_rmse-1.2081, valid_pr-0.7593
epoch-607, train_loss-0.0823, train_rmse-0.2868, valid_rmse-1.2080, valid_pr-0.7598
epoch-608, train_loss-0.0745, train_rmse-0.2729, valid_rmse-1.2039, valid_pr-0.7595
epoch-609, train_loss-0.0721, train_rmse-0.2686, valid_rmse-1.2073, valid_pr-0.7590
epoch-610, train_loss-0.0723, train_rmse-0.2688, valid_rmse-1.2068, valid_pr-0.7583
epoch-611, train_loss-0.0811, train_rmse-0.2848, valid_rmse-1.2028, valid_pr-0.7593
epoch-612, train_loss-0.0768, train_rmse-0.2771, valid_rmse-1.2086, valid_pr-0.7593
epoch-613, train_loss-0.0684, train_rmse-0.2615, valid_rmse-1.2046, valid_pr-0.7594
epoch-614, train_loss-0.0799, train_rmse-0.2826, valid_rmse-1.2087, valid_pr-0.7592
epoch-615, train_loss-0.0778, train_rmse-0.2788, valid_rmse-1.2043, valid_pr-0.7600
epoch-616, train_loss-0.0763, train_rmse-0.2762, valid_rmse-1.2078, valid_pr-0.7599
epoch-617, train_loss-0.0726, train_rmse-0.2695, valid_rmse-1.2103, valid_pr-0.7592
epoch-618, train_loss-0.0788, train_rmse-0.2808, valid_rmse-1.2057, valid_pr-0.7584
epoch-619, train_loss-0.0676, train_rmse-0.2600, valid_rmse-1.2055, valid_pr-0.7586
epoch-620, train_loss-0.0749, train_rmse-0.2737, valid_rmse-1.2068, valid_pr-0.7584
epoch-621, train_loss-0.0714, train_rmse-0.2673, valid_rmse-1.2080, valid_pr-0.7581
epoch-622, train_loss-0.0728, train_rmse-0.2698, valid_rmse-1.2066, valid_pr-0.7580
epoch-623, train_loss-0.0693, train_rmse-0.2633, valid_rmse-1.2080, valid_pr-0.7577
epoch-624, train_loss-0.0750, train_rmse-0.2739, valid_rmse-1.2082, valid_pr-0.7584
epoch-625, train_loss-0.0753, train_rmse-0.2743, valid_rmse-1.2053, valid_pr-0.7591
epoch-626, train_loss-0.0830, train_rmse-0.2881, valid_rmse-1.2073, valid_pr-0.7594
epoch-627, train_loss-0.0771, train_rmse-0.2777, valid_rmse-1.2034, valid_pr-0.7588
epoch-628, train_loss-0.0791, train_rmse-0.2812, valid_rmse-1.2083, valid_pr-0.7591
epoch-629, train_loss-0.0786, train_rmse-0.2804, valid_rmse-1.2070, valid_pr-0.7584
epoch-630, train_loss-0.0811, train_rmse-0.2848, valid_rmse-1.2093, valid_pr-0.7583
epoch-631, train_loss-0.0781, train_rmse-0.2795, valid_rmse-1.2061, valid_pr-0.7583
epoch-632, train_loss-0.0745, train_rmse-0.2730, valid_rmse-1.2078, valid_pr-0.7591
epoch-633, train_loss-0.0722, train_rmse-0.2688, valid_rmse-1.2059, valid_pr-0.7588
epoch-634, train_loss-0.0794, train_rmse-0.2817, valid_rmse-1.2042, valid_pr-0.7597
epoch-635, train_loss-0.0727, train_rmse-0.2697, valid_rmse-1.2046, valid_pr-0.7595
epoch-636, train_loss-0.0780, train_rmse-0.2792, valid_rmse-1.2078, valid_pr-0.7588
epoch-637, train_loss-0.0725, train_rmse-0.2693, valid_rmse-1.2135, valid_pr-0.7585
epoch-638, train_loss-0.0764, train_rmse-0.2764, valid_rmse-1.2060, valid_pr-0.7584
epoch-639, train_loss-0.0736, train_rmse-0.2713, valid_rmse-1.2114, valid_pr-0.7579
epoch-640, train_loss-0.0805, train_rmse-0.2838, valid_rmse-1.2052, valid_pr-0.7587
epoch-641, train_loss-0.0842, train_rmse-0.2902, valid_rmse-1.2084, valid_pr-0.7596
epoch-642, train_loss-0.0752, train_rmse-0.2742, valid_rmse-1.2068, valid_pr-0.7597
epoch-643, train_loss-0.0829, train_rmse-0.2879, valid_rmse-1.2081, valid_pr-0.7589
epoch-644, train_loss-0.0767, train_rmse-0.2770, valid_rmse-1.2037, valid_pr-0.7595
epoch-645, train_loss-0.0839, train_rmse-0.2897, valid_rmse-1.2116, valid_pr-0.7581
epoch-646, train_loss-0.0777, train_rmse-0.2787, valid_rmse-1.2157, valid_pr-0.7584
epoch-647, train_loss-0.0801, train_rmse-0.2829, valid_rmse-1.2068, valid_pr-0.7583
epoch-648, train_loss-0.0805, train_rmse-0.2837, valid_rmse-1.2124, valid_pr-0.7570
epoch-649, train_loss-0.0753, train_rmse-0.2744, valid_rmse-1.2082, valid_pr-0.7579
epoch-650, train_loss-0.0749, train_rmse-0.2737, valid_rmse-1.2083, valid_pr-0.7589
epoch-651, train_loss-0.0702, train_rmse-0.2650, valid_rmse-1.2071, valid_pr-0.7585
epoch-652, train_loss-0.0755, train_rmse-0.2749, valid_rmse-1.2109, valid_pr-0.7581
epoch-653, train_loss-0.0739, train_rmse-0.2718, valid_rmse-1.2131, valid_pr-0.7580
epoch-654, train_loss-0.0786, train_rmse-0.2804, valid_rmse-1.2087, valid_pr-0.7581
epoch-655, train_loss-0.0734, train_rmse-0.2709, valid_rmse-1.2125, valid_pr-0.7578
epoch-656, train_loss-0.0754, train_rmse-0.2746, valid_rmse-1.2122, valid_pr-0.7582
epoch-657, train_loss-0.0841, train_rmse-0.2900, valid_rmse-1.2049, valid_pr-0.7586
epoch-658, train_loss-0.0717, train_rmse-0.2678, valid_rmse-1.2100, valid_pr-0.7583
epoch-659, train_loss-0.0708, train_rmse-0.2660, valid_rmse-1.2092, valid_pr-0.7581
epoch-660, train_loss-0.0756, train_rmse-0.2750, valid_rmse-1.2049, valid_pr-0.7586
epoch-661, train_loss-0.0646, train_rmse-0.2541, valid_rmse-1.2100, valid_pr-0.7583
epoch-662, train_loss-0.0731, train_rmse-0.2704, valid_rmse-1.2038, valid_pr-0.7585
epoch-663, train_loss-0.0744, train_rmse-0.2727, valid_rmse-1.2047, valid_pr-0.7586
epoch-664, train_loss-0.0700, train_rmse-0.2645, valid_rmse-1.2069, valid_pr-0.7586
epoch-665, train_loss-0.0739, train_rmse-0.2718, valid_rmse-1.2076, valid_pr-0.7585
epoch-666, train_loss-0.0688, train_rmse-0.2623, valid_rmse-1.2069, valid_pr-0.7589
epoch-667, train_loss-0.0776, train_rmse-0.2785, valid_rmse-1.2102, valid_pr-0.7579
epoch-668, train_loss-0.0746, train_rmse-0.2731, valid_rmse-1.2075, valid_pr-0.7572
epoch-669, train_loss-0.0736, train_rmse-0.2712, valid_rmse-1.2072, valid_pr-0.7585
epoch-670, train_loss-0.0782, train_rmse-0.2796, valid_rmse-1.2050, valid_pr-0.7585
epoch-671, train_loss-0.0722, train_rmse-0.2687, valid_rmse-1.2105, valid_pr-0.7577
epoch-672, train_loss-0.0735, train_rmse-0.2710, valid_rmse-1.2065, valid_pr-0.7581
epoch-673, train_loss-0.0778, train_rmse-0.2789, valid_rmse-1.2041, valid_pr-0.7585
epoch-674, train_loss-0.0810, train_rmse-0.2846, valid_rmse-1.2087, valid_pr-0.7579
epoch-675, train_loss-0.0749, train_rmse-0.2737, valid_rmse-1.2102, valid_pr-0.7580
epoch-676, train_loss-0.0865, train_rmse-0.2941, valid_rmse-1.2173, valid_pr-0.7579
epoch-677, train_loss-0.0781, train_rmse-0.2795, valid_rmse-1.2089, valid_pr-0.7582
epoch-678, train_loss-0.0703, train_rmse-0.2651, valid_rmse-1.2071, valid_pr-0.7586
epoch-679, train_loss-0.0714, train_rmse-0.2671, valid_rmse-1.2087, valid_pr-0.7578
epoch-680, train_loss-0.0754, train_rmse-0.2746, valid_rmse-1.2066, valid_pr-0.7587
epoch-681, train_loss-0.0696, train_rmse-0.2638, valid_rmse-1.2049, valid_pr-0.7585
epoch-682, train_loss-0.0696, train_rmse-0.2637, valid_rmse-1.2097, valid_pr-0.7584
epoch-683, train_loss-0.0744, train_rmse-0.2727, valid_rmse-1.2075, valid_pr-0.7584
epoch-684, train_loss-0.0703, train_rmse-0.2652, valid_rmse-1.2074, valid_pr-0.7573
epoch-685, train_loss-0.0757, train_rmse-0.2751, valid_rmse-1.2055, valid_pr-0.7584
epoch-686, train_loss-0.0663, train_rmse-0.2574, valid_rmse-1.2128, valid_pr-0.7584
epoch-687, train_loss-0.0784, train_rmse-0.2800, valid_rmse-1.2034, valid_pr-0.7593
epoch-688, train_loss-0.0733, train_rmse-0.2707, valid_rmse-1.2072, valid_pr-0.7590
epoch-689, train_loss-0.0757, train_rmse-0.2751, valid_rmse-1.2073, valid_pr-0.7582
epoch-690, train_loss-0.0694, train_rmse-0.2634, valid_rmse-1.2130, valid_pr-0.7578
epoch-691, train_loss-0.0747, train_rmse-0.2734, valid_rmse-1.2132, valid_pr-0.7588
epoch-692, train_loss-0.0729, train_rmse-0.2700, valid_rmse-1.2068, valid_pr-0.7589
epoch-693, train_loss-0.0699, train_rmse-0.2643, valid_rmse-1.2106, valid_pr-0.7588
epoch-694, train_loss-0.0761, train_rmse-0.2759, valid_rmse-1.2022, valid_pr-0.7594
epoch-695, train_loss-0.0697, train_rmse-0.2640, valid_rmse-1.2070, valid_pr-0.7588
epoch-696, train_loss-0.0733, train_rmse-0.2708, valid_rmse-1.2062, valid_pr-0.7586
epoch-697, train_loss-0.0679, train_rmse-0.2605, valid_rmse-1.2065, valid_pr-0.7594
epoch-698, train_loss-0.0773, train_rmse-0.2780, valid_rmse-1.2045, valid_pr-0.7596
epoch-699, train_loss-0.0701, train_rmse-0.2648, valid_rmse-1.2057, valid_pr-0.7592
epoch-700, train_loss-0.0687, train_rmse-0.2621, valid_rmse-1.2047, valid_pr-0.7592
epoch-701, train_loss-0.0715, train_rmse-0.2673, valid_rmse-1.2021, valid_pr-0.7598
Validation : valid_rmse-1.2021, valid_pr-0.7598, 
test2013_rmse-1.2711, test2013_pr-0.8565, test2016_rmse-1.1178, test2016_pr-0.8689, test2019_rmse-1.3374, test2019_pr-0.6672
epoch-702, train_loss-0.0733, train_rmse-0.2707, valid_rmse-1.2073, valid_pr-0.7586
epoch-703, train_loss-0.0657, train_rmse-0.2563, valid_rmse-1.2025, valid_pr-0.7597
epoch-704, train_loss-0.0715, train_rmse-0.2675, valid_rmse-1.2048, valid_pr-0.7590
epoch-705, train_loss-0.0663, train_rmse-0.2575, valid_rmse-1.2025, valid_pr-0.7593
epoch-706, train_loss-0.0723, train_rmse-0.2689, valid_rmse-1.2058, valid_pr-0.7589
epoch-707, train_loss-0.0704, train_rmse-0.2653, valid_rmse-1.2039, valid_pr-0.7594
epoch-708, train_loss-0.0682, train_rmse-0.2611, valid_rmse-1.2055, valid_pr-0.7591
epoch-709, train_loss-0.0691, train_rmse-0.2629, valid_rmse-1.2050, valid_pr-0.7595
epoch-710, train_loss-0.0715, train_rmse-0.2673, valid_rmse-1.2034, valid_pr-0.7594
epoch-711, train_loss-0.0688, train_rmse-0.2622, valid_rmse-1.2039, valid_pr-0.7594
epoch-712, train_loss-0.0697, train_rmse-0.2640, valid_rmse-1.2100, valid_pr-0.7588
epoch-713, train_loss-0.0735, train_rmse-0.2712, valid_rmse-1.2072, valid_pr-0.7591
epoch-714, train_loss-0.0686, train_rmse-0.2619, valid_rmse-1.2067, valid_pr-0.7592
epoch-715, train_loss-0.0735, train_rmse-0.2711, valid_rmse-1.2025, valid_pr-0.7593
epoch-716, train_loss-0.0724, train_rmse-0.2691, valid_rmse-1.2033, valid_pr-0.7592
epoch-717, train_loss-0.0781, train_rmse-0.2795, valid_rmse-1.2046, valid_pr-0.7588
epoch-718, train_loss-0.0752, train_rmse-0.2743, valid_rmse-1.2048, valid_pr-0.7590
epoch-719, train_loss-0.0767, train_rmse-0.2769, valid_rmse-1.2057, valid_pr-0.7597
epoch-720, train_loss-0.0728, train_rmse-0.2698, valid_rmse-1.2053, valid_pr-0.7591
epoch-721, train_loss-0.0744, train_rmse-0.2728, valid_rmse-1.2051, valid_pr-0.7590
epoch-722, train_loss-0.0731, train_rmse-0.2703, valid_rmse-1.2043, valid_pr-0.7596
epoch-723, train_loss-0.0843, train_rmse-0.2904, valid_rmse-1.2201, valid_pr-0.7592
epoch-724, train_loss-0.0698, train_rmse-0.2643, valid_rmse-1.2082, valid_pr-0.7587
epoch-725, train_loss-0.0770, train_rmse-0.2775, valid_rmse-1.2140, valid_pr-0.7587
epoch-726, train_loss-0.0750, train_rmse-0.2738, valid_rmse-1.2055, valid_pr-0.7594
epoch-727, train_loss-0.0681, train_rmse-0.2609, valid_rmse-1.2070, valid_pr-0.7595
epoch-728, train_loss-0.0756, train_rmse-0.2749, valid_rmse-1.2114, valid_pr-0.7592
epoch-729, train_loss-0.0768, train_rmse-0.2771, valid_rmse-1.2061, valid_pr-0.7590
epoch-730, train_loss-0.0696, train_rmse-0.2638, valid_rmse-1.2109, valid_pr-0.7589
epoch-731, train_loss-0.0794, train_rmse-0.2817, valid_rmse-1.2030, valid_pr-0.7594
epoch-732, train_loss-0.0704, train_rmse-0.2653, valid_rmse-1.2017, valid_pr-0.7598
Validation : valid_rmse-1.2017, valid_pr-0.7598, 
test2013_rmse-1.2741, test2013_pr-0.8558, test2016_rmse-1.1197, test2016_pr-0.8686, test2019_rmse-1.3363, test2019_pr-0.6674
epoch-733, train_loss-0.0695, train_rmse-0.2636, valid_rmse-1.2044, valid_pr-0.7593
epoch-734, train_loss-0.0695, train_rmse-0.2635, valid_rmse-1.2082, valid_pr-0.7590
epoch-735, train_loss-0.0722, train_rmse-0.2688, valid_rmse-1.2021, valid_pr-0.7596
epoch-736, train_loss-0.0751, train_rmse-0.2741, valid_rmse-1.2160, valid_pr-0.7589
epoch-737, train_loss-0.0749, train_rmse-0.2737, valid_rmse-1.2048, valid_pr-0.7594
epoch-738, train_loss-0.0702, train_rmse-0.2649, valid_rmse-1.2054, valid_pr-0.7593
epoch-739, train_loss-0.0700, train_rmse-0.2645, valid_rmse-1.2084, valid_pr-0.7589
epoch-740, train_loss-0.0749, train_rmse-0.2736, valid_rmse-1.2055, valid_pr-0.7592
epoch-741, train_loss-0.0712, train_rmse-0.2668, valid_rmse-1.2075, valid_pr-0.7592
epoch-742, train_loss-0.0720, train_rmse-0.2683, valid_rmse-1.2032, valid_pr-0.7592
epoch-743, train_loss-0.0748, train_rmse-0.2736, valid_rmse-1.2086, valid_pr-0.7590
epoch-744, train_loss-0.0720, train_rmse-0.2684, valid_rmse-1.2031, valid_pr-0.7592
epoch-745, train_loss-0.0729, train_rmse-0.2700, valid_rmse-1.2049, valid_pr-0.7591
epoch-746, train_loss-0.0686, train_rmse-0.2619, valid_rmse-1.2057, valid_pr-0.7595
epoch-747, train_loss-0.0649, train_rmse-0.2547, valid_rmse-1.2039, valid_pr-0.7595
epoch-748, train_loss-0.0778, train_rmse-0.2788, valid_rmse-1.2007, valid_pr-0.7604
Validation : valid_rmse-1.2007, valid_pr-0.7604, 
test2013_rmse-1.2707, test2013_pr-0.8576, test2016_rmse-1.1188, test2016_pr-0.8696, test2019_rmse-1.3346, test2019_pr-0.6683
epoch-749, train_loss-0.0718, train_rmse-0.2679, valid_rmse-1.2075, valid_pr-0.7597
epoch-750, train_loss-0.0660, train_rmse-0.2569, valid_rmse-1.2061, valid_pr-0.7596
epoch-751, train_loss-0.0733, train_rmse-0.2707, valid_rmse-1.2009, valid_pr-0.7598
epoch-752, train_loss-0.0712, train_rmse-0.2669, valid_rmse-1.2075, valid_pr-0.7596
epoch-753, train_loss-0.0815, train_rmse-0.2855, valid_rmse-1.2034, valid_pr-0.7599
epoch-754, train_loss-0.0710, train_rmse-0.2665, valid_rmse-1.2021, valid_pr-0.7596
epoch-755, train_loss-0.0859, train_rmse-0.2931, valid_rmse-1.2092, valid_pr-0.7595
epoch-756, train_loss-0.0680, train_rmse-0.2607, valid_rmse-1.2065, valid_pr-0.7597
epoch-757, train_loss-0.0733, train_rmse-0.2708, valid_rmse-1.2016, valid_pr-0.7597
epoch-758, train_loss-0.0762, train_rmse-0.2760, valid_rmse-1.2063, valid_pr-0.7593
epoch-759, train_loss-0.0686, train_rmse-0.2620, valid_rmse-1.2099, valid_pr-0.7586
epoch-760, train_loss-0.0737, train_rmse-0.2715, valid_rmse-1.2024, valid_pr-0.7594
epoch-761, train_loss-0.0728, train_rmse-0.2698, valid_rmse-1.2029, valid_pr-0.7595
epoch-762, train_loss-0.0695, train_rmse-0.2637, valid_rmse-1.2086, valid_pr-0.7594
epoch-763, train_loss-0.0783, train_rmse-0.2799, valid_rmse-1.2166, valid_pr-0.7585
epoch-764, train_loss-0.0726, train_rmse-0.2694, valid_rmse-1.2085, valid_pr-0.7589
epoch-765, train_loss-0.0741, train_rmse-0.2722, valid_rmse-1.2114, valid_pr-0.7587
epoch-766, train_loss-0.0719, train_rmse-0.2682, valid_rmse-1.2091, valid_pr-0.7591
epoch-767, train_loss-0.0700, train_rmse-0.2646, valid_rmse-1.2050, valid_pr-0.7594
epoch-768, train_loss-0.0696, train_rmse-0.2637, valid_rmse-1.2053, valid_pr-0.7592
epoch-769, train_loss-0.0774, train_rmse-0.2781, valid_rmse-1.2047, valid_pr-0.7595
epoch-770, train_loss-0.0737, train_rmse-0.2714, valid_rmse-1.2077, valid_pr-0.7588
epoch-771, train_loss-0.0730, train_rmse-0.2701, valid_rmse-1.2065, valid_pr-0.7596
epoch-772, train_loss-0.0647, train_rmse-0.2544, valid_rmse-1.2055, valid_pr-0.7595
epoch-773, train_loss-0.0704, train_rmse-0.2654, valid_rmse-1.2035, valid_pr-0.7593
epoch-774, train_loss-0.0686, train_rmse-0.2618, valid_rmse-1.2048, valid_pr-0.7601
epoch-775, train_loss-0.0672, train_rmse-0.2592, valid_rmse-1.2048, valid_pr-0.7597
epoch-776, train_loss-0.0786, train_rmse-0.2804, valid_rmse-1.2069, valid_pr-0.7593
epoch-777, train_loss-0.0780, train_rmse-0.2793, valid_rmse-1.2059, valid_pr-0.7591
epoch-778, train_loss-0.0722, train_rmse-0.2688, valid_rmse-1.2057, valid_pr-0.7588
epoch-779, train_loss-0.0707, train_rmse-0.2660, valid_rmse-1.2083, valid_pr-0.7590
epoch-780, train_loss-0.0710, train_rmse-0.2665, valid_rmse-1.2029, valid_pr-0.7598
epoch-781, train_loss-0.0694, train_rmse-0.2634, valid_rmse-1.2074, valid_pr-0.7589
epoch-782, train_loss-0.0770, train_rmse-0.2775, valid_rmse-1.2073, valid_pr-0.7593
epoch-783, train_loss-0.0727, train_rmse-0.2697, valid_rmse-1.2035, valid_pr-0.7596
epoch-784, train_loss-0.0741, train_rmse-0.2721, valid_rmse-1.2053, valid_pr-0.7591
epoch-785, train_loss-0.0698, train_rmse-0.2642, valid_rmse-1.2023, valid_pr-0.7599
epoch-786, train_loss-0.0711, train_rmse-0.2666, valid_rmse-1.2065, valid_pr-0.7595
epoch-787, train_loss-0.0668, train_rmse-0.2585, valid_rmse-1.2030, valid_pr-0.7595
epoch-788, train_loss-0.0741, train_rmse-0.2723, valid_rmse-1.2058, valid_pr-0.7596
epoch-789, train_loss-0.0817, train_rmse-0.2859, valid_rmse-1.2121, valid_pr-0.7592
epoch-790, train_loss-0.0721, train_rmse-0.2685, valid_rmse-1.2048, valid_pr-0.7600
epoch-791, train_loss-0.0698, train_rmse-0.2642, valid_rmse-1.2051, valid_pr-0.7597
epoch-792, train_loss-0.0672, train_rmse-0.2592, valid_rmse-1.2077, valid_pr-0.7595
epoch-793, train_loss-0.0633, train_rmse-0.2516, valid_rmse-1.2022, valid_pr-0.7597
epoch-794, train_loss-0.0707, train_rmse-0.2659, valid_rmse-1.2093, valid_pr-0.7595
epoch-795, train_loss-0.0758, train_rmse-0.2753, valid_rmse-1.2065, valid_pr-0.7589
epoch-796, train_loss-0.0756, train_rmse-0.2750, valid_rmse-1.2021, valid_pr-0.7595
epoch-797, train_loss-0.0714, train_rmse-0.2673, valid_rmse-1.2045, valid_pr-0.7594
epoch-798, train_loss-0.0681, train_rmse-0.2609, valid_rmse-1.2101, valid_pr-0.7593
epoch-799, train_loss-0.0712, train_rmse-0.2668, valid_rmse-1.2048, valid_pr-0.7595
valid_rmse-1.2007, valid_pr-0.7604, test2013_rmse-1.2707, test2013_pr-0.8576, test2016_rmse-1.1188, test2016_pr-0.8696, test2019_rmse-1.3346, test2019_pr-0.6683
