ours-lrs-0.001-abl-g-d-s-1, lr=0.001, seed=30
train_GIGN.py
train data: 11904
valid data: 1000
test2013 data: 107
test2016 data: 285
test2019 data: 4366
GIGN params # : 1331241
epoch-0, train_loss-16.3750, train_rmse-4.0466, valid_rmse-1.8863, valid_pr-0.5453
Validation : valid_rmse-1.8863, valid_pr-0.5453, 
test2013_rmse-2.0274, test2013_pr-0.7021, test2016_rmse-1.9291, test2016_pr-0.7193, test2019_rmse-1.7268, test2019_pr-0.5905
epoch-1, train_loss-2.6975, train_rmse-1.6424, valid_rmse-1.5198, valid_pr-0.6174
Validation : valid_rmse-1.5198, valid_pr-0.6174, 
test2013_rmse-1.5215, test2013_pr-0.7585, test2016_rmse-1.4001, test2016_pr-0.7658, test2019_rmse-1.5021, test2019_pr-0.6299
epoch-2, train_loss-2.3668, train_rmse-1.5384, valid_rmse-1.5549, valid_pr-0.5675
epoch-3, train_loss-2.1292, train_rmse-1.4592, valid_rmse-1.4821, valid_pr-0.6491
Validation : valid_rmse-1.4821, valid_pr-0.6491, 
test2013_rmse-1.5359, test2013_pr-0.7914, test2016_rmse-1.4755, test2016_pr-0.7782, test2019_rmse-1.4244, test2019_pr-0.6429
epoch-4, train_loss-2.1757, train_rmse-1.4750, valid_rmse-1.4178, valid_pr-0.6637
Validation : valid_rmse-1.4178, valid_pr-0.6637, 
test2013_rmse-1.5357, test2013_pr-0.7665, test2016_rmse-1.3604, test2016_pr-0.7870, test2019_rmse-1.4314, test2019_pr-0.6477
epoch-5, train_loss-1.9535, train_rmse-1.3977, valid_rmse-1.4466, valid_pr-0.6288
epoch-6, train_loss-1.9076, train_rmse-1.3812, valid_rmse-1.3987, valid_pr-0.6563
Validation : valid_rmse-1.3987, valid_pr-0.6563, 
test2013_rmse-1.5211, test2013_pr-0.7763, test2016_rmse-1.3443, test2016_pr-0.8001, test2019_rmse-1.3818, test2019_pr-0.6441
epoch-7, train_loss-1.7641, train_rmse-1.3282, valid_rmse-1.4394, valid_pr-0.6672
epoch-8, train_loss-1.7227, train_rmse-1.3125, valid_rmse-1.5083, valid_pr-0.6872
epoch-9, train_loss-1.6048, train_rmse-1.2668, valid_rmse-1.5191, valid_pr-0.6594
epoch-10, train_loss-1.5319, train_rmse-1.2377, valid_rmse-1.4353, valid_pr-0.6645
epoch-11, train_loss-1.4385, train_rmse-1.1994, valid_rmse-1.3633, valid_pr-0.6964
Validation : valid_rmse-1.3633, valid_pr-0.6964, 
test2013_rmse-1.3608, test2013_pr-0.8157, test2016_rmse-1.3291, test2016_pr-0.7960, test2019_rmse-1.4109, test2019_pr-0.6521
epoch-12, train_loss-1.3720, train_rmse-1.1713, valid_rmse-1.4126, valid_pr-0.6639
epoch-13, train_loss-1.3001, train_rmse-1.1402, valid_rmse-1.3342, valid_pr-0.6940
Validation : valid_rmse-1.3342, valid_pr-0.6940, 
test2013_rmse-1.4444, test2013_pr-0.7901, test2016_rmse-1.3547, test2016_pr-0.7833, test2019_rmse-1.4500, test2019_pr-0.6032
epoch-14, train_loss-1.2263, train_rmse-1.1074, valid_rmse-1.4389, valid_pr-0.6760
epoch-15, train_loss-1.1524, train_rmse-1.0735, valid_rmse-1.3686, valid_pr-0.7086
epoch-16, train_loss-1.0774, train_rmse-1.0380, valid_rmse-1.3660, valid_pr-0.7009
epoch-17, train_loss-1.0054, train_rmse-1.0027, valid_rmse-1.4290, valid_pr-0.6854
epoch-18, train_loss-0.9553, train_rmse-0.9774, valid_rmse-1.4026, valid_pr-0.6785
epoch-19, train_loss-0.9276, train_rmse-0.9631, valid_rmse-1.4947, valid_pr-0.6644
epoch-20, train_loss-0.8443, train_rmse-0.9188, valid_rmse-1.4143, valid_pr-0.7014
epoch-21, train_loss-0.8006, train_rmse-0.8948, valid_rmse-1.5172, valid_pr-0.6997
epoch-22, train_loss-0.7521, train_rmse-0.8672, valid_rmse-1.4932, valid_pr-0.7085
epoch-23, train_loss-0.7215, train_rmse-0.8494, valid_rmse-1.3932, valid_pr-0.6930
epoch-24, train_loss-0.7267, train_rmse-0.8525, valid_rmse-1.3731, valid_pr-0.7002
epoch-25, train_loss-0.6615, train_rmse-0.8133, valid_rmse-1.6223, valid_pr-0.6629
epoch-26, train_loss-0.6154, train_rmse-0.7844, valid_rmse-1.4820, valid_pr-0.6738
epoch-27, train_loss-0.6244, train_rmse-0.7902, valid_rmse-1.5407, valid_pr-0.6449
epoch-28, train_loss-0.5866, train_rmse-0.7659, valid_rmse-1.4188, valid_pr-0.6851
epoch-29, train_loss-0.5625, train_rmse-0.7500, valid_rmse-1.3409, valid_pr-0.7094
epoch-30, train_loss-0.5362, train_rmse-0.7323, valid_rmse-1.3123, valid_pr-0.7350
Validation : valid_rmse-1.3123, valid_pr-0.7350, 
test2013_rmse-1.3408, test2013_pr-0.8227, test2016_rmse-1.2519, test2016_pr-0.8208, test2019_rmse-1.4511, test2019_pr-0.6527
epoch-31, train_loss-0.5346, train_rmse-0.7311, valid_rmse-1.4904, valid_pr-0.7129
epoch-32, train_loss-0.4839, train_rmse-0.6956, valid_rmse-1.4992, valid_pr-0.6791
epoch-33, train_loss-0.5361, train_rmse-0.7322, valid_rmse-1.6651, valid_pr-0.6670
epoch-34, train_loss-0.5114, train_rmse-0.7152, valid_rmse-1.4497, valid_pr-0.6660
epoch-35, train_loss-0.4592, train_rmse-0.6776, valid_rmse-1.3191, valid_pr-0.7169
epoch-36, train_loss-0.4490, train_rmse-0.6701, valid_rmse-1.3306, valid_pr-0.7226
epoch-37, train_loss-0.4322, train_rmse-0.6574, valid_rmse-1.3568, valid_pr-0.7201
epoch-38, train_loss-0.4299, train_rmse-0.6556, valid_rmse-1.2841, valid_pr-0.7351
Validation : valid_rmse-1.2841, valid_pr-0.7351, 
test2013_rmse-1.4686, test2013_pr-0.7813, test2016_rmse-1.2970, test2016_pr-0.8036, test2019_rmse-1.4411, test2019_pr-0.6303
epoch-39, train_loss-0.4506, train_rmse-0.6713, valid_rmse-1.2845, valid_pr-0.7333
epoch-40, train_loss-0.4401, train_rmse-0.6634, valid_rmse-1.3723, valid_pr-0.7014
epoch-41, train_loss-0.3851, train_rmse-0.6206, valid_rmse-1.2659, valid_pr-0.7381
Validation : valid_rmse-1.2659, valid_pr-0.7381, 
test2013_rmse-1.4353, test2013_pr-0.7920, test2016_rmse-1.2831, test2016_pr-0.8109, test2019_rmse-1.4355, test2019_pr-0.6333
epoch-42, train_loss-0.4013, train_rmse-0.6335, valid_rmse-1.3856, valid_pr-0.6900
epoch-43, train_loss-0.4274, train_rmse-0.6538, valid_rmse-1.3589, valid_pr-0.7114
epoch-44, train_loss-0.3968, train_rmse-0.6299, valid_rmse-1.2908, valid_pr-0.7304
epoch-45, train_loss-0.3800, train_rmse-0.6164, valid_rmse-1.3111, valid_pr-0.7366
epoch-46, train_loss-0.3702, train_rmse-0.6084, valid_rmse-1.3195, valid_pr-0.7226
epoch-47, train_loss-0.3683, train_rmse-0.6069, valid_rmse-1.2933, valid_pr-0.7292
epoch-48, train_loss-0.3891, train_rmse-0.6238, valid_rmse-1.2826, valid_pr-0.7337
epoch-49, train_loss-0.3539, train_rmse-0.5949, valid_rmse-1.2695, valid_pr-0.7392
epoch-50, train_loss-0.3341, train_rmse-0.5780, valid_rmse-1.2893, valid_pr-0.7320
epoch-51, train_loss-0.3549, train_rmse-0.5957, valid_rmse-1.3776, valid_pr-0.6872
epoch-52, train_loss-0.3546, train_rmse-0.5955, valid_rmse-1.3695, valid_pr-0.7163
epoch-53, train_loss-0.3610, train_rmse-0.6009, valid_rmse-1.3056, valid_pr-0.7251
epoch-54, train_loss-0.3399, train_rmse-0.5830, valid_rmse-1.2924, valid_pr-0.7266
epoch-55, train_loss-0.3259, train_rmse-0.5708, valid_rmse-1.3109, valid_pr-0.7241
epoch-56, train_loss-0.3467, train_rmse-0.5888, valid_rmse-1.3082, valid_pr-0.7349
epoch-57, train_loss-0.3334, train_rmse-0.5774, valid_rmse-1.3069, valid_pr-0.7315
epoch-58, train_loss-0.3279, train_rmse-0.5726, valid_rmse-1.3327, valid_pr-0.7122
epoch-59, train_loss-0.3130, train_rmse-0.5595, valid_rmse-1.3312, valid_pr-0.7030
epoch-60, train_loss-0.3188, train_rmse-0.5646, valid_rmse-1.2974, valid_pr-0.7271
epoch-61, train_loss-0.3209, train_rmse-0.5665, valid_rmse-1.2960, valid_pr-0.7260
epoch-62, train_loss-0.3116, train_rmse-0.5582, valid_rmse-1.3138, valid_pr-0.7246
epoch-63, train_loss-0.2984, train_rmse-0.5463, valid_rmse-1.2862, valid_pr-0.7302
epoch-64, train_loss-0.3221, train_rmse-0.5675, valid_rmse-1.3236, valid_pr-0.7303
epoch-65, train_loss-0.3050, train_rmse-0.5523, valid_rmse-1.3320, valid_pr-0.7213
epoch-66, train_loss-0.2930, train_rmse-0.5413, valid_rmse-1.2605, valid_pr-0.7392
Validation : valid_rmse-1.2605, valid_pr-0.7392, 
test2013_rmse-1.4117, test2013_pr-0.8016, test2016_rmse-1.2279, test2016_pr-0.8282, test2019_rmse-1.4341, test2019_pr-0.6342
epoch-67, train_loss-0.3232, train_rmse-0.5685, valid_rmse-1.2781, valid_pr-0.7308
epoch-68, train_loss-0.2893, train_rmse-0.5378, valid_rmse-1.2683, valid_pr-0.7319
epoch-69, train_loss-0.2843, train_rmse-0.5332, valid_rmse-1.2992, valid_pr-0.7303
epoch-70, train_loss-0.3182, train_rmse-0.5641, valid_rmse-1.2712, valid_pr-0.7334
epoch-71, train_loss-0.2837, train_rmse-0.5327, valid_rmse-1.2968, valid_pr-0.7377
epoch-72, train_loss-0.2776, train_rmse-0.5269, valid_rmse-1.3298, valid_pr-0.7367
epoch-73, train_loss-0.2552, train_rmse-0.5052, valid_rmse-1.2876, valid_pr-0.7357
epoch-74, train_loss-0.2852, train_rmse-0.5340, valid_rmse-1.2811, valid_pr-0.7258
epoch-75, train_loss-0.2783, train_rmse-0.5276, valid_rmse-1.2622, valid_pr-0.7441
epoch-76, train_loss-0.2879, train_rmse-0.5366, valid_rmse-1.2569, valid_pr-0.7373
Validation : valid_rmse-1.2569, valid_pr-0.7373, 
test2013_rmse-1.5205, test2013_pr-0.7591, test2016_rmse-1.2788, test2016_pr-0.8093, test2019_rmse-1.4083, test2019_pr-0.6379
epoch-77, train_loss-0.2718, train_rmse-0.5214, valid_rmse-1.3216, valid_pr-0.7117
epoch-78, train_loss-0.2851, train_rmse-0.5339, valid_rmse-1.2730, valid_pr-0.7299
epoch-79, train_loss-0.2729, train_rmse-0.5224, valid_rmse-1.2741, valid_pr-0.7394
epoch-80, train_loss-0.2716, train_rmse-0.5212, valid_rmse-1.2523, valid_pr-0.7377
Validation : valid_rmse-1.2523, valid_pr-0.7377, 
test2013_rmse-1.4775, test2013_pr-0.7806, test2016_rmse-1.2723, test2016_pr-0.8156, test2019_rmse-1.3933, test2019_pr-0.6396
epoch-81, train_loss-0.2608, train_rmse-0.5107, valid_rmse-1.2993, valid_pr-0.7351
epoch-82, train_loss-0.2562, train_rmse-0.5062, valid_rmse-1.2830, valid_pr-0.7447
epoch-83, train_loss-0.2580, train_rmse-0.5079, valid_rmse-1.3229, valid_pr-0.7170
epoch-84, train_loss-0.2639, train_rmse-0.5138, valid_rmse-1.2713, valid_pr-0.7409
epoch-85, train_loss-0.2581, train_rmse-0.5080, valid_rmse-1.2896, valid_pr-0.7308
epoch-86, train_loss-0.2546, train_rmse-0.5046, valid_rmse-1.2402, valid_pr-0.7482
Validation : valid_rmse-1.2402, valid_pr-0.7482, 
test2013_rmse-1.4528, test2013_pr-0.7920, test2016_rmse-1.2608, test2016_pr-0.8226, test2019_rmse-1.4013, test2019_pr-0.6434
epoch-87, train_loss-0.2585, train_rmse-0.5084, valid_rmse-1.2857, valid_pr-0.7271
epoch-88, train_loss-0.2525, train_rmse-0.5025, valid_rmse-1.2850, valid_pr-0.7342
epoch-89, train_loss-0.2589, train_rmse-0.5089, valid_rmse-1.2799, valid_pr-0.7418
epoch-90, train_loss-0.2572, train_rmse-0.5071, valid_rmse-1.2541, valid_pr-0.7467
epoch-91, train_loss-0.2405, train_rmse-0.4904, valid_rmse-1.2935, valid_pr-0.7251
epoch-92, train_loss-0.2679, train_rmse-0.5176, valid_rmse-1.2441, valid_pr-0.7425
epoch-93, train_loss-0.2444, train_rmse-0.4943, valid_rmse-1.2844, valid_pr-0.7412
epoch-94, train_loss-0.2541, train_rmse-0.5040, valid_rmse-1.2728, valid_pr-0.7439
epoch-95, train_loss-0.2229, train_rmse-0.4721, valid_rmse-1.2691, valid_pr-0.7392
epoch-96, train_loss-0.2384, train_rmse-0.4883, valid_rmse-1.2811, valid_pr-0.7314
epoch-97, train_loss-0.2513, train_rmse-0.5013, valid_rmse-1.2880, valid_pr-0.7215
epoch-98, train_loss-0.2446, train_rmse-0.4945, valid_rmse-1.2509, valid_pr-0.7445
epoch-99, train_loss-0.2541, train_rmse-0.5040, valid_rmse-1.3078, valid_pr-0.7137
epoch-100, train_loss-0.2297, train_rmse-0.4793, valid_rmse-1.2325, valid_pr-0.7501
Validation : valid_rmse-1.2325, valid_pr-0.7501, 
test2013_rmse-1.4052, test2013_pr-0.8018, test2016_rmse-1.2238, test2016_pr-0.8264, test2019_rmse-1.4073, test2019_pr-0.6443
epoch-101, train_loss-0.2531, train_rmse-0.5031, valid_rmse-1.2611, valid_pr-0.7393
epoch-102, train_loss-0.2312, train_rmse-0.4809, valid_rmse-1.2386, valid_pr-0.7466
epoch-103, train_loss-0.2462, train_rmse-0.4962, valid_rmse-1.2460, valid_pr-0.7410
epoch-104, train_loss-0.2258, train_rmse-0.4751, valid_rmse-1.3025, valid_pr-0.7493
epoch-105, train_loss-0.2282, train_rmse-0.4777, valid_rmse-1.2673, valid_pr-0.7326
epoch-106, train_loss-0.2389, train_rmse-0.4888, valid_rmse-1.2795, valid_pr-0.7280
epoch-107, train_loss-0.2318, train_rmse-0.4815, valid_rmse-1.2734, valid_pr-0.7450
epoch-108, train_loss-0.2087, train_rmse-0.4568, valid_rmse-1.2440, valid_pr-0.7495
epoch-109, train_loss-0.2353, train_rmse-0.4850, valid_rmse-1.2632, valid_pr-0.7379
epoch-110, train_loss-0.2246, train_rmse-0.4740, valid_rmse-1.2433, valid_pr-0.7420
epoch-111, train_loss-0.2280, train_rmse-0.4775, valid_rmse-1.2523, valid_pr-0.7408
epoch-112, train_loss-0.2243, train_rmse-0.4736, valid_rmse-1.2506, valid_pr-0.7402
epoch-113, train_loss-0.2227, train_rmse-0.4719, valid_rmse-1.2470, valid_pr-0.7429
epoch-114, train_loss-0.2095, train_rmse-0.4577, valid_rmse-1.2721, valid_pr-0.7401
epoch-115, train_loss-0.2178, train_rmse-0.4667, valid_rmse-1.2690, valid_pr-0.7345
epoch-116, train_loss-0.2241, train_rmse-0.4734, valid_rmse-1.2803, valid_pr-0.7414
epoch-117, train_loss-0.2098, train_rmse-0.4581, valid_rmse-1.2567, valid_pr-0.7430
epoch-118, train_loss-0.2072, train_rmse-0.4552, valid_rmse-1.2736, valid_pr-0.7463
epoch-119, train_loss-0.2279, train_rmse-0.4774, valid_rmse-1.2460, valid_pr-0.7430
epoch-120, train_loss-0.2032, train_rmse-0.4508, valid_rmse-1.2429, valid_pr-0.7511
epoch-121, train_loss-0.1931, train_rmse-0.4394, valid_rmse-1.2212, valid_pr-0.7540
Validation : valid_rmse-1.2212, valid_pr-0.7540, 
test2013_rmse-1.4122, test2013_pr-0.8026, test2016_rmse-1.2189, test2016_pr-0.8308, test2019_rmse-1.3926, test2019_pr-0.6460
epoch-122, train_loss-0.2038, train_rmse-0.4515, valid_rmse-1.2509, valid_pr-0.7420
epoch-123, train_loss-0.2043, train_rmse-0.4520, valid_rmse-1.2480, valid_pr-0.7456
epoch-124, train_loss-0.2245, train_rmse-0.4738, valid_rmse-1.2475, valid_pr-0.7418
epoch-125, train_loss-0.2062, train_rmse-0.4541, valid_rmse-1.2399, valid_pr-0.7440
epoch-126, train_loss-0.2166, train_rmse-0.4654, valid_rmse-1.2385, valid_pr-0.7492
epoch-127, train_loss-0.2280, train_rmse-0.4775, valid_rmse-1.2374, valid_pr-0.7502
epoch-128, train_loss-0.2033, train_rmse-0.4509, valid_rmse-1.2308, valid_pr-0.7505
epoch-129, train_loss-0.1982, train_rmse-0.4452, valid_rmse-1.2538, valid_pr-0.7365
epoch-130, train_loss-0.2060, train_rmse-0.4539, valid_rmse-1.2625, valid_pr-0.7330
epoch-131, train_loss-0.1949, train_rmse-0.4415, valid_rmse-1.2597, valid_pr-0.7401
epoch-132, train_loss-0.2148, train_rmse-0.4635, valid_rmse-1.2626, valid_pr-0.7414
epoch-133, train_loss-0.1951, train_rmse-0.4417, valid_rmse-1.2366, valid_pr-0.7482
epoch-134, train_loss-0.1996, train_rmse-0.4468, valid_rmse-1.2359, valid_pr-0.7496
epoch-135, train_loss-0.1872, train_rmse-0.4327, valid_rmse-1.2637, valid_pr-0.7384
epoch-136, train_loss-0.1979, train_rmse-0.4448, valid_rmse-1.2513, valid_pr-0.7436
epoch-137, train_loss-0.1936, train_rmse-0.4401, valid_rmse-1.2538, valid_pr-0.7455
epoch-138, train_loss-0.1876, train_rmse-0.4331, valid_rmse-1.2602, valid_pr-0.7432
epoch-139, train_loss-0.1976, train_rmse-0.4445, valid_rmse-1.2318, valid_pr-0.7496
epoch-140, train_loss-0.1925, train_rmse-0.4387, valid_rmse-1.2592, valid_pr-0.7442
epoch-141, train_loss-0.1920, train_rmse-0.4382, valid_rmse-1.2474, valid_pr-0.7458
epoch-142, train_loss-0.1905, train_rmse-0.4365, valid_rmse-1.2517, valid_pr-0.7412
epoch-143, train_loss-0.1923, train_rmse-0.4385, valid_rmse-1.2583, valid_pr-0.7367
epoch-144, train_loss-0.1919, train_rmse-0.4381, valid_rmse-1.2486, valid_pr-0.7462
epoch-145, train_loss-0.1795, train_rmse-0.4236, valid_rmse-1.2430, valid_pr-0.7461
epoch-146, train_loss-0.1855, train_rmse-0.4307, valid_rmse-1.2646, valid_pr-0.7440
epoch-147, train_loss-0.1871, train_rmse-0.4326, valid_rmse-1.2689, valid_pr-0.7401
epoch-148, train_loss-0.1922, train_rmse-0.4385, valid_rmse-1.2999, valid_pr-0.7389
epoch-149, train_loss-0.1813, train_rmse-0.4258, valid_rmse-1.2554, valid_pr-0.7391
epoch-150, train_loss-0.1903, train_rmse-0.4363, valid_rmse-1.2680, valid_pr-0.7457
epoch-151, train_loss-0.1818, train_rmse-0.4263, valid_rmse-1.2767, valid_pr-0.7356
epoch-152, train_loss-0.1864, train_rmse-0.4317, valid_rmse-1.2318, valid_pr-0.7526
epoch-153, train_loss-0.1953, train_rmse-0.4419, valid_rmse-1.2676, valid_pr-0.7452
epoch-154, train_loss-0.1871, train_rmse-0.4326, valid_rmse-1.2466, valid_pr-0.7443
epoch-155, train_loss-0.1840, train_rmse-0.4289, valid_rmse-1.2562, valid_pr-0.7378
epoch-156, train_loss-0.1755, train_rmse-0.4189, valid_rmse-1.2392, valid_pr-0.7484
epoch-157, train_loss-0.1869, train_rmse-0.4324, valid_rmse-1.2479, valid_pr-0.7477
epoch-158, train_loss-0.1864, train_rmse-0.4318, valid_rmse-1.2473, valid_pr-0.7414
epoch-159, train_loss-0.1836, train_rmse-0.4284, valid_rmse-1.2547, valid_pr-0.7409
epoch-160, train_loss-0.1828, train_rmse-0.4276, valid_rmse-1.2271, valid_pr-0.7506
epoch-161, train_loss-0.1814, train_rmse-0.4259, valid_rmse-1.2369, valid_pr-0.7444
epoch-162, train_loss-0.1791, train_rmse-0.4232, valid_rmse-1.2920, valid_pr-0.7469
epoch-163, train_loss-0.1836, train_rmse-0.4285, valid_rmse-1.2289, valid_pr-0.7560
epoch-164, train_loss-0.1762, train_rmse-0.4197, valid_rmse-1.2375, valid_pr-0.7531
epoch-165, train_loss-0.1850, train_rmse-0.4301, valid_rmse-1.2493, valid_pr-0.7431
epoch-166, train_loss-0.1774, train_rmse-0.4212, valid_rmse-1.2524, valid_pr-0.7427
epoch-167, train_loss-0.1767, train_rmse-0.4204, valid_rmse-1.2516, valid_pr-0.7493
epoch-168, train_loss-0.1639, train_rmse-0.4048, valid_rmse-1.2337, valid_pr-0.7488
epoch-169, train_loss-0.1801, train_rmse-0.4244, valid_rmse-1.2264, valid_pr-0.7567
epoch-170, train_loss-0.1610, train_rmse-0.4013, valid_rmse-1.2324, valid_pr-0.7530
epoch-171, train_loss-0.1627, train_rmse-0.4034, valid_rmse-1.2237, valid_pr-0.7551
epoch-172, train_loss-0.1675, train_rmse-0.4092, valid_rmse-1.2362, valid_pr-0.7544
epoch-173, train_loss-0.1539, train_rmse-0.3923, valid_rmse-1.2197, valid_pr-0.7545
Validation : valid_rmse-1.2197, valid_pr-0.7545, 
test2013_rmse-1.3584, test2013_pr-0.8241, test2016_rmse-1.1800, test2016_pr-0.8446, test2019_rmse-1.3625, test2019_pr-0.6598
epoch-174, train_loss-0.1374, train_rmse-0.3706, valid_rmse-1.2156, valid_pr-0.7560
Validation : valid_rmse-1.2156, valid_pr-0.7560, 
test2013_rmse-1.3538, test2013_pr-0.8245, test2016_rmse-1.1770, test2016_pr-0.8440, test2019_rmse-1.3658, test2019_pr-0.6585
epoch-175, train_loss-0.1331, train_rmse-0.3648, valid_rmse-1.2229, valid_pr-0.7528
epoch-176, train_loss-0.1369, train_rmse-0.3700, valid_rmse-1.2185, valid_pr-0.7546
epoch-177, train_loss-0.1431, train_rmse-0.3783, valid_rmse-1.2154, valid_pr-0.7586
Validation : valid_rmse-1.2154, valid_pr-0.7586, 
test2013_rmse-1.3331, test2013_pr-0.8258, test2016_rmse-1.1542, test2016_pr-0.8495, test2019_rmse-1.3736, test2019_pr-0.6605
epoch-178, train_loss-0.1348, train_rmse-0.3672, valid_rmse-1.2170, valid_pr-0.7548
epoch-179, train_loss-0.1323, train_rmse-0.3638, valid_rmse-1.2212, valid_pr-0.7554
epoch-180, train_loss-0.1273, train_rmse-0.3567, valid_rmse-1.2150, valid_pr-0.7555
Validation : valid_rmse-1.2150, valid_pr-0.7555, 
test2013_rmse-1.3695, test2013_pr-0.8205, test2016_rmse-1.1812, test2016_pr-0.8463, test2019_rmse-1.3624, test2019_pr-0.6573
epoch-181, train_loss-0.1377, train_rmse-0.3711, valid_rmse-1.2223, valid_pr-0.7531
epoch-182, train_loss-0.1383, train_rmse-0.3719, valid_rmse-1.2152, valid_pr-0.7543
epoch-183, train_loss-0.1368, train_rmse-0.3698, valid_rmse-1.2150, valid_pr-0.7555
epoch-184, train_loss-0.1257, train_rmse-0.3546, valid_rmse-1.2136, valid_pr-0.7568
Validation : valid_rmse-1.2136, valid_pr-0.7568, 
test2013_rmse-1.3637, test2013_pr-0.8177, test2016_rmse-1.1709, test2016_pr-0.8455, test2019_rmse-1.3667, test2019_pr-0.6617
epoch-185, train_loss-0.1288, train_rmse-0.3588, valid_rmse-1.2304, valid_pr-0.7516
epoch-186, train_loss-0.1288, train_rmse-0.3588, valid_rmse-1.2228, valid_pr-0.7536
epoch-187, train_loss-0.1360, train_rmse-0.3687, valid_rmse-1.2241, valid_pr-0.7537
epoch-188, train_loss-0.1287, train_rmse-0.3588, valid_rmse-1.2115, valid_pr-0.7590
Validation : valid_rmse-1.2115, valid_pr-0.7590, 
test2013_rmse-1.3766, test2013_pr-0.8156, test2016_rmse-1.1916, test2016_pr-0.8414, test2019_rmse-1.3634, test2019_pr-0.6602
epoch-189, train_loss-0.1308, train_rmse-0.3617, valid_rmse-1.2158, valid_pr-0.7538
epoch-190, train_loss-0.1353, train_rmse-0.3679, valid_rmse-1.2078, valid_pr-0.7583
Validation : valid_rmse-1.2078, valid_pr-0.7583, 
test2013_rmse-1.3901, test2013_pr-0.8133, test2016_rmse-1.2005, test2016_pr-0.8397, test2019_rmse-1.3622, test2019_pr-0.6565
epoch-191, train_loss-0.1386, train_rmse-0.3723, valid_rmse-1.2142, valid_pr-0.7582
epoch-192, train_loss-0.1388, train_rmse-0.3726, valid_rmse-1.2137, valid_pr-0.7573
epoch-193, train_loss-0.1225, train_rmse-0.3500, valid_rmse-1.2049, valid_pr-0.7598
Validation : valid_rmse-1.2049, valid_pr-0.7598, 
test2013_rmse-1.3870, test2013_pr-0.8144, test2016_rmse-1.2004, test2016_pr-0.8404, test2019_rmse-1.3545, test2019_pr-0.6618
epoch-194, train_loss-0.1294, train_rmse-0.3598, valid_rmse-1.2198, valid_pr-0.7599
epoch-195, train_loss-0.1417, train_rmse-0.3765, valid_rmse-1.2328, valid_pr-0.7520
epoch-196, train_loss-0.1242, train_rmse-0.3524, valid_rmse-1.2134, valid_pr-0.7565
epoch-197, train_loss-0.1284, train_rmse-0.3583, valid_rmse-1.2273, valid_pr-0.7537
epoch-198, train_loss-0.1372, train_rmse-0.3704, valid_rmse-1.2207, valid_pr-0.7551
epoch-199, train_loss-0.1482, train_rmse-0.3849, valid_rmse-1.2141, valid_pr-0.7558
epoch-200, train_loss-0.1329, train_rmse-0.3645, valid_rmse-1.2118, valid_pr-0.7591
epoch-201, train_loss-0.1245, train_rmse-0.3529, valid_rmse-1.2129, valid_pr-0.7602
epoch-202, train_loss-0.1325, train_rmse-0.3641, valid_rmse-1.2072, valid_pr-0.7582
epoch-203, train_loss-0.1216, train_rmse-0.3487, valid_rmse-1.2197, valid_pr-0.7556
epoch-204, train_loss-0.1412, train_rmse-0.3758, valid_rmse-1.2182, valid_pr-0.7563
epoch-205, train_loss-0.1392, train_rmse-0.3731, valid_rmse-1.2165, valid_pr-0.7553
epoch-206, train_loss-0.1321, train_rmse-0.3635, valid_rmse-1.2259, valid_pr-0.7548
epoch-207, train_loss-0.1233, train_rmse-0.3512, valid_rmse-1.2192, valid_pr-0.7595
epoch-208, train_loss-0.1350, train_rmse-0.3674, valid_rmse-1.2208, valid_pr-0.7543
epoch-209, train_loss-0.1367, train_rmse-0.3697, valid_rmse-1.2240, valid_pr-0.7542
epoch-210, train_loss-0.1271, train_rmse-0.3566, valid_rmse-1.2153, valid_pr-0.7577
epoch-211, train_loss-0.1303, train_rmse-0.3610, valid_rmse-1.2117, valid_pr-0.7569
epoch-212, train_loss-0.1270, train_rmse-0.3564, valid_rmse-1.2246, valid_pr-0.7569
epoch-213, train_loss-0.1269, train_rmse-0.3562, valid_rmse-1.2172, valid_pr-0.7550
epoch-214, train_loss-0.1231, train_rmse-0.3508, valid_rmse-1.2126, valid_pr-0.7590
epoch-215, train_loss-0.1234, train_rmse-0.3513, valid_rmse-1.2162, valid_pr-0.7571
epoch-216, train_loss-0.1167, train_rmse-0.3416, valid_rmse-1.2211, valid_pr-0.7542
epoch-217, train_loss-0.1396, train_rmse-0.3737, valid_rmse-1.2135, valid_pr-0.7583
epoch-218, train_loss-0.1285, train_rmse-0.3584, valid_rmse-1.2131, valid_pr-0.7564
epoch-219, train_loss-0.1247, train_rmse-0.3531, valid_rmse-1.2238, valid_pr-0.7555
epoch-220, train_loss-0.1232, train_rmse-0.3510, valid_rmse-1.2221, valid_pr-0.7553
epoch-221, train_loss-0.1263, train_rmse-0.3554, valid_rmse-1.2171, valid_pr-0.7584
epoch-222, train_loss-0.1269, train_rmse-0.3563, valid_rmse-1.2100, valid_pr-0.7586
epoch-223, train_loss-0.1303, train_rmse-0.3609, valid_rmse-1.2112, valid_pr-0.7593
epoch-224, train_loss-0.1341, train_rmse-0.3662, valid_rmse-1.2102, valid_pr-0.7583
epoch-225, train_loss-0.1222, train_rmse-0.3496, valid_rmse-1.2426, valid_pr-0.7508
epoch-226, train_loss-0.1385, train_rmse-0.3721, valid_rmse-1.2057, valid_pr-0.7587
epoch-227, train_loss-0.1191, train_rmse-0.3451, valid_rmse-1.2250, valid_pr-0.7556
epoch-228, train_loss-0.1257, train_rmse-0.3545, valid_rmse-1.2318, valid_pr-0.7540
epoch-229, train_loss-0.1276, train_rmse-0.3573, valid_rmse-1.2142, valid_pr-0.7576
epoch-230, train_loss-0.1145, train_rmse-0.3384, valid_rmse-1.2221, valid_pr-0.7554
epoch-231, train_loss-0.1190, train_rmse-0.3450, valid_rmse-1.2158, valid_pr-0.7556
epoch-232, train_loss-0.1349, train_rmse-0.3672, valid_rmse-1.2166, valid_pr-0.7555
epoch-233, train_loss-0.1227, train_rmse-0.3503, valid_rmse-1.2163, valid_pr-0.7563
epoch-234, train_loss-0.1242, train_rmse-0.3524, valid_rmse-1.2219, valid_pr-0.7559
epoch-235, train_loss-0.1246, train_rmse-0.3530, valid_rmse-1.2222, valid_pr-0.7556
epoch-236, train_loss-0.1257, train_rmse-0.3546, valid_rmse-1.2156, valid_pr-0.7545
epoch-237, train_loss-0.1300, train_rmse-0.3605, valid_rmse-1.2162, valid_pr-0.7568
epoch-238, train_loss-0.1214, train_rmse-0.3484, valid_rmse-1.2142, valid_pr-0.7552
epoch-239, train_loss-0.1333, train_rmse-0.3650, valid_rmse-1.2189, valid_pr-0.7560
epoch-240, train_loss-0.1278, train_rmse-0.3575, valid_rmse-1.2201, valid_pr-0.7532
epoch-241, train_loss-0.1307, train_rmse-0.3616, valid_rmse-1.2181, valid_pr-0.7532
epoch-242, train_loss-0.1245, train_rmse-0.3529, valid_rmse-1.2141, valid_pr-0.7566
epoch-243, train_loss-0.1175, train_rmse-0.3428, valid_rmse-1.2123, valid_pr-0.7588
epoch-244, train_loss-0.1224, train_rmse-0.3499, valid_rmse-1.2104, valid_pr-0.7564
epoch-245, train_loss-0.1073, train_rmse-0.3276, valid_rmse-1.2065, valid_pr-0.7595
epoch-246, train_loss-0.1131, train_rmse-0.3364, valid_rmse-1.2118, valid_pr-0.7575
epoch-247, train_loss-0.1079, train_rmse-0.3285, valid_rmse-1.2141, valid_pr-0.7568
epoch-248, train_loss-0.1082, train_rmse-0.3290, valid_rmse-1.2109, valid_pr-0.7575
epoch-249, train_loss-0.1100, train_rmse-0.3317, valid_rmse-1.2135, valid_pr-0.7555
epoch-250, train_loss-0.1034, train_rmse-0.3215, valid_rmse-1.2136, valid_pr-0.7562
epoch-251, train_loss-0.1148, train_rmse-0.3388, valid_rmse-1.2103, valid_pr-0.7569
epoch-252, train_loss-0.1080, train_rmse-0.3286, valid_rmse-1.2091, valid_pr-0.7586
epoch-253, train_loss-0.1040, train_rmse-0.3225, valid_rmse-1.2100, valid_pr-0.7570
epoch-254, train_loss-0.1171, train_rmse-0.3422, valid_rmse-1.2098, valid_pr-0.7568
epoch-255, train_loss-0.1013, train_rmse-0.3182, valid_rmse-1.2077, valid_pr-0.7574
epoch-256, train_loss-0.1069, train_rmse-0.3270, valid_rmse-1.2105, valid_pr-0.7576
epoch-257, train_loss-0.1072, train_rmse-0.3273, valid_rmse-1.2065, valid_pr-0.7597
epoch-258, train_loss-0.1092, train_rmse-0.3304, valid_rmse-1.2093, valid_pr-0.7589
epoch-259, train_loss-0.1058, train_rmse-0.3252, valid_rmse-1.2085, valid_pr-0.7585
epoch-260, train_loss-0.1035, train_rmse-0.3217, valid_rmse-1.2117, valid_pr-0.7586
epoch-261, train_loss-0.1108, train_rmse-0.3328, valid_rmse-1.2064, valid_pr-0.7595
epoch-262, train_loss-0.1075, train_rmse-0.3279, valid_rmse-1.2067, valid_pr-0.7590
epoch-263, train_loss-0.1100, train_rmse-0.3317, valid_rmse-1.2022, valid_pr-0.7609
Validation : valid_rmse-1.2022, valid_pr-0.7609, 
test2013_rmse-1.3670, test2013_pr-0.8223, test2016_rmse-1.1720, test2016_pr-0.8484, test2019_rmse-1.3531, test2019_pr-0.6624
epoch-264, train_loss-0.1077, train_rmse-0.3282, valid_rmse-1.2076, valid_pr-0.7589
epoch-265, train_loss-0.1015, train_rmse-0.3186, valid_rmse-1.2028, valid_pr-0.7606
epoch-266, train_loss-0.1054, train_rmse-0.3246, valid_rmse-1.2065, valid_pr-0.7599
epoch-267, train_loss-0.1040, train_rmse-0.3225, valid_rmse-1.2043, valid_pr-0.7608
epoch-268, train_loss-0.1034, train_rmse-0.3216, valid_rmse-1.2088, valid_pr-0.7590
epoch-269, train_loss-0.1017, train_rmse-0.3189, valid_rmse-1.1984, valid_pr-0.7620
Validation : valid_rmse-1.1984, valid_pr-0.7620, 
test2013_rmse-1.3921, test2013_pr-0.8151, test2016_rmse-1.1797, test2016_pr-0.8477, test2019_rmse-1.3588, test2019_pr-0.6563
epoch-270, train_loss-0.1073, train_rmse-0.3276, valid_rmse-1.2075, valid_pr-0.7586
epoch-271, train_loss-0.1115, train_rmse-0.3339, valid_rmse-1.2065, valid_pr-0.7607
epoch-272, train_loss-0.1016, train_rmse-0.3187, valid_rmse-1.1999, valid_pr-0.7618
epoch-273, train_loss-0.1041, train_rmse-0.3226, valid_rmse-1.2049, valid_pr-0.7599
epoch-274, train_loss-0.1004, train_rmse-0.3168, valid_rmse-1.2062, valid_pr-0.7595
epoch-275, train_loss-0.1065, train_rmse-0.3264, valid_rmse-1.2025, valid_pr-0.7605
epoch-276, train_loss-0.1052, train_rmse-0.3243, valid_rmse-1.2156, valid_pr-0.7581
epoch-277, train_loss-0.1097, train_rmse-0.3312, valid_rmse-1.2016, valid_pr-0.7612
epoch-278, train_loss-0.1051, train_rmse-0.3242, valid_rmse-1.2003, valid_pr-0.7628
epoch-279, train_loss-0.1068, train_rmse-0.3268, valid_rmse-1.2058, valid_pr-0.7598
epoch-280, train_loss-0.1200, train_rmse-0.3465, valid_rmse-1.2117, valid_pr-0.7583
epoch-281, train_loss-0.1000, train_rmse-0.3163, valid_rmse-1.2049, valid_pr-0.7601
epoch-282, train_loss-0.1110, train_rmse-0.3331, valid_rmse-1.2061, valid_pr-0.7585
epoch-283, train_loss-0.1018, train_rmse-0.3190, valid_rmse-1.2035, valid_pr-0.7608
epoch-284, train_loss-0.0971, train_rmse-0.3115, valid_rmse-1.1967, valid_pr-0.7626
Validation : valid_rmse-1.1967, valid_pr-0.7626, 
test2013_rmse-1.3624, test2013_pr-0.8259, test2016_rmse-1.1795, test2016_pr-0.8465, test2019_rmse-1.3542, test2019_pr-0.6597
epoch-285, train_loss-0.1072, train_rmse-0.3274, valid_rmse-1.2050, valid_pr-0.7602
epoch-286, train_loss-0.1086, train_rmse-0.3295, valid_rmse-1.2090, valid_pr-0.7590
epoch-287, train_loss-0.1070, train_rmse-0.3270, valid_rmse-1.2037, valid_pr-0.7600
epoch-288, train_loss-0.0966, train_rmse-0.3108, valid_rmse-1.1983, valid_pr-0.7627
epoch-289, train_loss-0.1052, train_rmse-0.3243, valid_rmse-1.2042, valid_pr-0.7604
epoch-290, train_loss-0.1077, train_rmse-0.3282, valid_rmse-1.2027, valid_pr-0.7598
epoch-291, train_loss-0.1029, train_rmse-0.3207, valid_rmse-1.2043, valid_pr-0.7596
epoch-292, train_loss-0.1071, train_rmse-0.3272, valid_rmse-1.2134, valid_pr-0.7600
epoch-293, train_loss-0.1105, train_rmse-0.3324, valid_rmse-1.2028, valid_pr-0.7597
epoch-294, train_loss-0.1079, train_rmse-0.3285, valid_rmse-1.2030, valid_pr-0.7604
epoch-295, train_loss-0.1101, train_rmse-0.3318, valid_rmse-1.2075, valid_pr-0.7615
epoch-296, train_loss-0.1046, train_rmse-0.3235, valid_rmse-1.2041, valid_pr-0.7607
epoch-297, train_loss-0.1056, train_rmse-0.3250, valid_rmse-1.2146, valid_pr-0.7586
epoch-298, train_loss-0.1048, train_rmse-0.3237, valid_rmse-1.2058, valid_pr-0.7597
epoch-299, train_loss-0.1014, train_rmse-0.3184, valid_rmse-1.2047, valid_pr-0.7596
epoch-300, train_loss-0.1054, train_rmse-0.3246, valid_rmse-1.2060, valid_pr-0.7598
epoch-301, train_loss-0.1021, train_rmse-0.3195, valid_rmse-1.2048, valid_pr-0.7599
epoch-302, train_loss-0.1055, train_rmse-0.3249, valid_rmse-1.2021, valid_pr-0.7606
epoch-303, train_loss-0.1161, train_rmse-0.3407, valid_rmse-1.2071, valid_pr-0.7603
epoch-304, train_loss-0.0935, train_rmse-0.3059, valid_rmse-1.2067, valid_pr-0.7581
epoch-305, train_loss-0.0991, train_rmse-0.3148, valid_rmse-1.2015, valid_pr-0.7608
epoch-306, train_loss-0.0995, train_rmse-0.3154, valid_rmse-1.2054, valid_pr-0.7595
epoch-307, train_loss-0.0978, train_rmse-0.3127, valid_rmse-1.2059, valid_pr-0.7602
epoch-308, train_loss-0.0961, train_rmse-0.3100, valid_rmse-1.2014, valid_pr-0.7610
epoch-309, train_loss-0.1014, train_rmse-0.3185, valid_rmse-1.2049, valid_pr-0.7595
epoch-310, train_loss-0.1047, train_rmse-0.3236, valid_rmse-1.2035, valid_pr-0.7590
epoch-311, train_loss-0.1113, train_rmse-0.3336, valid_rmse-1.2055, valid_pr-0.7606
epoch-312, train_loss-0.1028, train_rmse-0.3207, valid_rmse-1.2097, valid_pr-0.7580
epoch-313, train_loss-0.1095, train_rmse-0.3308, valid_rmse-1.2010, valid_pr-0.7618
epoch-314, train_loss-0.1009, train_rmse-0.3177, valid_rmse-1.2056, valid_pr-0.7597
epoch-315, train_loss-0.1011, train_rmse-0.3179, valid_rmse-1.2045, valid_pr-0.7603
epoch-316, train_loss-0.1118, train_rmse-0.3343, valid_rmse-1.2086, valid_pr-0.7576
epoch-317, train_loss-0.1084, train_rmse-0.3293, valid_rmse-1.2018, valid_pr-0.7616
epoch-318, train_loss-0.1042, train_rmse-0.3227, valid_rmse-1.1948, valid_pr-0.7634
Validation : valid_rmse-1.1948, valid_pr-0.7634, 
test2013_rmse-1.3630, test2013_pr-0.8254, test2016_rmse-1.1699, test2016_pr-0.8495, test2019_rmse-1.3569, test2019_pr-0.6590
epoch-319, train_loss-0.0969, train_rmse-0.3113, valid_rmse-1.1993, valid_pr-0.7617
epoch-320, train_loss-0.1057, train_rmse-0.3252, valid_rmse-1.2057, valid_pr-0.7595
epoch-321, train_loss-0.1052, train_rmse-0.3244, valid_rmse-1.2029, valid_pr-0.7604
epoch-322, train_loss-0.1017, train_rmse-0.3189, valid_rmse-1.1998, valid_pr-0.7624
epoch-323, train_loss-0.1078, train_rmse-0.3284, valid_rmse-1.2038, valid_pr-0.7604
epoch-324, train_loss-0.0951, train_rmse-0.3084, valid_rmse-1.2050, valid_pr-0.7602
epoch-325, train_loss-0.1101, train_rmse-0.3318, valid_rmse-1.2024, valid_pr-0.7607
epoch-326, train_loss-0.0998, train_rmse-0.3159, valid_rmse-1.2066, valid_pr-0.7589
epoch-327, train_loss-0.0990, train_rmse-0.3146, valid_rmse-1.2043, valid_pr-0.7586
epoch-328, train_loss-0.0994, train_rmse-0.3153, valid_rmse-1.2037, valid_pr-0.7605
epoch-329, train_loss-0.1049, train_rmse-0.3239, valid_rmse-1.2104, valid_pr-0.7587
epoch-330, train_loss-0.1007, train_rmse-0.3173, valid_rmse-1.1998, valid_pr-0.7612
epoch-331, train_loss-0.1066, train_rmse-0.3265, valid_rmse-1.2061, valid_pr-0.7594
epoch-332, train_loss-0.1007, train_rmse-0.3173, valid_rmse-1.2076, valid_pr-0.7596
epoch-333, train_loss-0.0984, train_rmse-0.3137, valid_rmse-1.2007, valid_pr-0.7607
epoch-334, train_loss-0.1051, train_rmse-0.3241, valid_rmse-1.2075, valid_pr-0.7597
epoch-335, train_loss-0.1044, train_rmse-0.3232, valid_rmse-1.2035, valid_pr-0.7590
epoch-336, train_loss-0.1048, train_rmse-0.3237, valid_rmse-1.2046, valid_pr-0.7590
epoch-337, train_loss-0.0967, train_rmse-0.3110, valid_rmse-1.2026, valid_pr-0.7598
epoch-338, train_loss-0.1061, train_rmse-0.3257, valid_rmse-1.2095, valid_pr-0.7584
epoch-339, train_loss-0.1006, train_rmse-0.3171, valid_rmse-1.2103, valid_pr-0.7568
epoch-340, train_loss-0.0999, train_rmse-0.3161, valid_rmse-1.2060, valid_pr-0.7601
epoch-341, train_loss-0.0968, train_rmse-0.3111, valid_rmse-1.2057, valid_pr-0.7606
epoch-342, train_loss-0.0986, train_rmse-0.3139, valid_rmse-1.2023, valid_pr-0.7608
epoch-343, train_loss-0.0975, train_rmse-0.3123, valid_rmse-1.2014, valid_pr-0.7609
epoch-344, train_loss-0.0887, train_rmse-0.2978, valid_rmse-1.2019, valid_pr-0.7608
epoch-345, train_loss-0.1068, train_rmse-0.3268, valid_rmse-1.1975, valid_pr-0.7622
epoch-346, train_loss-0.1013, train_rmse-0.3183, valid_rmse-1.2016, valid_pr-0.7611
epoch-347, train_loss-0.1026, train_rmse-0.3202, valid_rmse-1.1959, valid_pr-0.7628
epoch-348, train_loss-0.0948, train_rmse-0.3079, valid_rmse-1.2014, valid_pr-0.7617
epoch-349, train_loss-0.1042, train_rmse-0.3228, valid_rmse-1.1992, valid_pr-0.7625
epoch-350, train_loss-0.1037, train_rmse-0.3220, valid_rmse-1.2062, valid_pr-0.7584
epoch-351, train_loss-0.1033, train_rmse-0.3214, valid_rmse-1.2045, valid_pr-0.7596
epoch-352, train_loss-0.1021, train_rmse-0.3196, valid_rmse-1.1995, valid_pr-0.7607
epoch-353, train_loss-0.0983, train_rmse-0.3135, valid_rmse-1.2038, valid_pr-0.7588
epoch-354, train_loss-0.0976, train_rmse-0.3124, valid_rmse-1.1996, valid_pr-0.7620
epoch-355, train_loss-0.0964, train_rmse-0.3104, valid_rmse-1.1952, valid_pr-0.7630
epoch-356, train_loss-0.1042, train_rmse-0.3229, valid_rmse-1.1975, valid_pr-0.7620
epoch-357, train_loss-0.0981, train_rmse-0.3133, valid_rmse-1.2077, valid_pr-0.7582
epoch-358, train_loss-0.0959, train_rmse-0.3097, valid_rmse-1.2072, valid_pr-0.7607
epoch-359, train_loss-0.1046, train_rmse-0.3234, valid_rmse-1.2019, valid_pr-0.7616
epoch-360, train_loss-0.1036, train_rmse-0.3218, valid_rmse-1.2056, valid_pr-0.7596
epoch-361, train_loss-0.1030, train_rmse-0.3209, valid_rmse-1.2031, valid_pr-0.7599
epoch-362, train_loss-0.0934, train_rmse-0.3057, valid_rmse-1.2005, valid_pr-0.7615
epoch-363, train_loss-0.0953, train_rmse-0.3087, valid_rmse-1.1982, valid_pr-0.7620
epoch-364, train_loss-0.0966, train_rmse-0.3109, valid_rmse-1.2112, valid_pr-0.7607
epoch-365, train_loss-0.0933, train_rmse-0.3055, valid_rmse-1.2022, valid_pr-0.7606
epoch-366, train_loss-0.0956, train_rmse-0.3092, valid_rmse-1.2026, valid_pr-0.7601
epoch-367, train_loss-0.1035, train_rmse-0.3218, valid_rmse-1.1988, valid_pr-0.7631
epoch-368, train_loss-0.0961, train_rmse-0.3100, valid_rmse-1.2021, valid_pr-0.7617
epoch-369, train_loss-0.0999, train_rmse-0.3161, valid_rmse-1.2035, valid_pr-0.7598
epoch-370, train_loss-0.0983, train_rmse-0.3136, valid_rmse-1.2006, valid_pr-0.7612
epoch-371, train_loss-0.0930, train_rmse-0.3049, valid_rmse-1.1988, valid_pr-0.7624
epoch-372, train_loss-0.0867, train_rmse-0.2945, valid_rmse-1.2010, valid_pr-0.7613
epoch-373, train_loss-0.0961, train_rmse-0.3101, valid_rmse-1.2002, valid_pr-0.7611
epoch-374, train_loss-0.0871, train_rmse-0.2950, valid_rmse-1.1950, valid_pr-0.7635
epoch-375, train_loss-0.0905, train_rmse-0.3008, valid_rmse-1.2012, valid_pr-0.7617
epoch-376, train_loss-0.0866, train_rmse-0.2943, valid_rmse-1.1964, valid_pr-0.7629
epoch-377, train_loss-0.0873, train_rmse-0.2955, valid_rmse-1.1990, valid_pr-0.7621
epoch-378, train_loss-0.0923, train_rmse-0.3038, valid_rmse-1.1979, valid_pr-0.7619
epoch-379, train_loss-0.0959, train_rmse-0.3097, valid_rmse-1.2001, valid_pr-0.7612
epoch-380, train_loss-0.1013, train_rmse-0.3182, valid_rmse-1.1979, valid_pr-0.7620
epoch-381, train_loss-0.0971, train_rmse-0.3116, valid_rmse-1.1979, valid_pr-0.7620
epoch-382, train_loss-0.0906, train_rmse-0.3009, valid_rmse-1.1996, valid_pr-0.7616
epoch-383, train_loss-0.0898, train_rmse-0.2997, valid_rmse-1.1981, valid_pr-0.7616
epoch-384, train_loss-0.0881, train_rmse-0.2967, valid_rmse-1.1999, valid_pr-0.7617
epoch-385, train_loss-0.0848, train_rmse-0.2912, valid_rmse-1.1975, valid_pr-0.7624
epoch-386, train_loss-0.0895, train_rmse-0.2992, valid_rmse-1.2008, valid_pr-0.7608
epoch-387, train_loss-0.0893, train_rmse-0.2988, valid_rmse-1.1999, valid_pr-0.7614
epoch-388, train_loss-0.0905, train_rmse-0.3009, valid_rmse-1.1998, valid_pr-0.7621
epoch-389, train_loss-0.1088, train_rmse-0.3298, valid_rmse-1.2054, valid_pr-0.7608
epoch-390, train_loss-0.0892, train_rmse-0.2987, valid_rmse-1.2014, valid_pr-0.7607
epoch-391, train_loss-0.0861, train_rmse-0.2934, valid_rmse-1.1988, valid_pr-0.7621
epoch-392, train_loss-0.0887, train_rmse-0.2978, valid_rmse-1.2006, valid_pr-0.7611
epoch-393, train_loss-0.0918, train_rmse-0.3029, valid_rmse-1.1994, valid_pr-0.7624
epoch-394, train_loss-0.1000, train_rmse-0.3162, valid_rmse-1.1990, valid_pr-0.7616
epoch-395, train_loss-0.0971, train_rmse-0.3117, valid_rmse-1.2023, valid_pr-0.7621
epoch-396, train_loss-0.0994, train_rmse-0.3152, valid_rmse-1.2012, valid_pr-0.7609
epoch-397, train_loss-0.0839, train_rmse-0.2897, valid_rmse-1.2011, valid_pr-0.7615
epoch-398, train_loss-0.0927, train_rmse-0.3044, valid_rmse-1.1953, valid_pr-0.7634
epoch-399, train_loss-0.0915, train_rmse-0.3024, valid_rmse-1.1984, valid_pr-0.7615
epoch-400, train_loss-0.0912, train_rmse-0.3020, valid_rmse-1.1978, valid_pr-0.7621
epoch-401, train_loss-0.0928, train_rmse-0.3046, valid_rmse-1.1987, valid_pr-0.7620
epoch-402, train_loss-0.0881, train_rmse-0.2969, valid_rmse-1.1972, valid_pr-0.7629
epoch-403, train_loss-0.0775, train_rmse-0.2784, valid_rmse-1.1977, valid_pr-0.7624
epoch-404, train_loss-0.0864, train_rmse-0.2939, valid_rmse-1.1996, valid_pr-0.7623
epoch-405, train_loss-0.0915, train_rmse-0.3026, valid_rmse-1.2039, valid_pr-0.7603
epoch-406, train_loss-0.0975, train_rmse-0.3123, valid_rmse-1.1988, valid_pr-0.7620
epoch-407, train_loss-0.0939, train_rmse-0.3064, valid_rmse-1.2008, valid_pr-0.7615
epoch-408, train_loss-0.0922, train_rmse-0.3036, valid_rmse-1.2012, valid_pr-0.7609
epoch-409, train_loss-0.1001, train_rmse-0.3164, valid_rmse-1.1979, valid_pr-0.7619
epoch-410, train_loss-0.0858, train_rmse-0.2929, valid_rmse-1.1946, valid_pr-0.7635
Validation : valid_rmse-1.1946, valid_pr-0.7635, 
test2013_rmse-1.3729, test2013_pr-0.8234, test2016_rmse-1.1755, test2016_pr-0.8487, test2019_rmse-1.3482, test2019_pr-0.6626
epoch-411, train_loss-0.1017, train_rmse-0.3189, valid_rmse-1.2013, valid_pr-0.7608
epoch-412, train_loss-0.0928, train_rmse-0.3047, valid_rmse-1.2077, valid_pr-0.7602
epoch-413, train_loss-0.0845, train_rmse-0.2907, valid_rmse-1.2005, valid_pr-0.7614
epoch-414, train_loss-0.0968, train_rmse-0.3111, valid_rmse-1.2042, valid_pr-0.7619
epoch-415, train_loss-0.0993, train_rmse-0.3150, valid_rmse-1.2037, valid_pr-0.7606
epoch-416, train_loss-0.0970, train_rmse-0.3115, valid_rmse-1.2039, valid_pr-0.7594
epoch-417, train_loss-0.0908, train_rmse-0.3013, valid_rmse-1.2056, valid_pr-0.7616
epoch-418, train_loss-0.0816, train_rmse-0.2857, valid_rmse-1.2045, valid_pr-0.7600
epoch-419, train_loss-0.0927, train_rmse-0.3044, valid_rmse-1.2011, valid_pr-0.7612
epoch-420, train_loss-0.0910, train_rmse-0.3016, valid_rmse-1.1956, valid_pr-0.7625
epoch-421, train_loss-0.0888, train_rmse-0.2980, valid_rmse-1.1950, valid_pr-0.7630
epoch-422, train_loss-0.0987, train_rmse-0.3142, valid_rmse-1.1983, valid_pr-0.7625
epoch-423, train_loss-0.0998, train_rmse-0.3159, valid_rmse-1.1947, valid_pr-0.7637
epoch-424, train_loss-0.0978, train_rmse-0.3128, valid_rmse-1.1988, valid_pr-0.7633
epoch-425, train_loss-0.0836, train_rmse-0.2892, valid_rmse-1.1995, valid_pr-0.7619
epoch-426, train_loss-0.0895, train_rmse-0.2992, valid_rmse-1.1982, valid_pr-0.7627
epoch-427, train_loss-0.0897, train_rmse-0.2994, valid_rmse-1.2008, valid_pr-0.7619
epoch-428, train_loss-0.1015, train_rmse-0.3187, valid_rmse-1.1970, valid_pr-0.7629
epoch-429, train_loss-0.1006, train_rmse-0.3171, valid_rmse-1.2018, valid_pr-0.7603
epoch-430, train_loss-0.0984, train_rmse-0.3138, valid_rmse-1.2005, valid_pr-0.7622
epoch-431, train_loss-0.0880, train_rmse-0.2967, valid_rmse-1.1989, valid_pr-0.7614
epoch-432, train_loss-0.0875, train_rmse-0.2958, valid_rmse-1.1973, valid_pr-0.7629
epoch-433, train_loss-0.0907, train_rmse-0.3012, valid_rmse-1.1995, valid_pr-0.7619
epoch-434, train_loss-0.0902, train_rmse-0.3003, valid_rmse-1.2052, valid_pr-0.7619
epoch-435, train_loss-0.0888, train_rmse-0.2980, valid_rmse-1.1952, valid_pr-0.7632
epoch-436, train_loss-0.0928, train_rmse-0.3046, valid_rmse-1.2017, valid_pr-0.7613
epoch-437, train_loss-0.0891, train_rmse-0.2985, valid_rmse-1.2010, valid_pr-0.7621
epoch-438, train_loss-0.0837, train_rmse-0.2893, valid_rmse-1.1981, valid_pr-0.7625
epoch-439, train_loss-0.0960, train_rmse-0.3098, valid_rmse-1.2006, valid_pr-0.7624
epoch-440, train_loss-0.0919, train_rmse-0.3031, valid_rmse-1.2005, valid_pr-0.7619
epoch-441, train_loss-0.0903, train_rmse-0.3005, valid_rmse-1.2006, valid_pr-0.7614
epoch-442, train_loss-0.0929, train_rmse-0.3047, valid_rmse-1.2003, valid_pr-0.7614
epoch-443, train_loss-0.0898, train_rmse-0.2996, valid_rmse-1.2049, valid_pr-0.7594
epoch-444, train_loss-0.0901, train_rmse-0.3002, valid_rmse-1.1991, valid_pr-0.7626
epoch-445, train_loss-0.1010, train_rmse-0.3179, valid_rmse-1.2007, valid_pr-0.7610
epoch-446, train_loss-0.0879, train_rmse-0.2965, valid_rmse-1.1981, valid_pr-0.7631
epoch-447, train_loss-0.0861, train_rmse-0.2934, valid_rmse-1.1994, valid_pr-0.7615
epoch-448, train_loss-0.0918, train_rmse-0.3030, valid_rmse-1.1965, valid_pr-0.7626
epoch-449, train_loss-0.0916, train_rmse-0.3026, valid_rmse-1.2001, valid_pr-0.7608
epoch-450, train_loss-0.0914, train_rmse-0.3024, valid_rmse-1.2038, valid_pr-0.7612
epoch-451, train_loss-0.0889, train_rmse-0.2982, valid_rmse-1.2015, valid_pr-0.7608
epoch-452, train_loss-0.0825, train_rmse-0.2873, valid_rmse-1.1993, valid_pr-0.7622
epoch-453, train_loss-0.0864, train_rmse-0.2939, valid_rmse-1.2008, valid_pr-0.7622
epoch-454, train_loss-0.0932, train_rmse-0.3053, valid_rmse-1.1985, valid_pr-0.7618
epoch-455, train_loss-0.0879, train_rmse-0.2966, valid_rmse-1.1976, valid_pr-0.7624
epoch-456, train_loss-0.0854, train_rmse-0.2922, valid_rmse-1.2035, valid_pr-0.7608
epoch-457, train_loss-0.0873, train_rmse-0.2954, valid_rmse-1.1996, valid_pr-0.7623
epoch-458, train_loss-0.0907, train_rmse-0.3011, valid_rmse-1.2002, valid_pr-0.7627
epoch-459, train_loss-0.0973, train_rmse-0.3119, valid_rmse-1.2037, valid_pr-0.7621
epoch-460, train_loss-0.0905, train_rmse-0.3008, valid_rmse-1.1975, valid_pr-0.7625
epoch-461, train_loss-0.0948, train_rmse-0.3078, valid_rmse-1.1988, valid_pr-0.7616
epoch-462, train_loss-0.0906, train_rmse-0.3010, valid_rmse-1.2009, valid_pr-0.7622
epoch-463, train_loss-0.0839, train_rmse-0.2897, valid_rmse-1.1966, valid_pr-0.7628
epoch-464, train_loss-0.0789, train_rmse-0.2809, valid_rmse-1.1971, valid_pr-0.7624
epoch-465, train_loss-0.0840, train_rmse-0.2899, valid_rmse-1.1986, valid_pr-0.7621
epoch-466, train_loss-0.0855, train_rmse-0.2923, valid_rmse-1.1959, valid_pr-0.7634
epoch-467, train_loss-0.0869, train_rmse-0.2949, valid_rmse-1.1971, valid_pr-0.7630
epoch-468, train_loss-0.0881, train_rmse-0.2968, valid_rmse-1.1954, valid_pr-0.7632
epoch-469, train_loss-0.0811, train_rmse-0.2849, valid_rmse-1.1973, valid_pr-0.7631
epoch-470, train_loss-0.0826, train_rmse-0.2875, valid_rmse-1.1975, valid_pr-0.7622
epoch-471, train_loss-0.0805, train_rmse-0.2837, valid_rmse-1.1977, valid_pr-0.7628
epoch-472, train_loss-0.0893, train_rmse-0.2988, valid_rmse-1.1973, valid_pr-0.7635
epoch-473, train_loss-0.0893, train_rmse-0.2988, valid_rmse-1.1944, valid_pr-0.7635
Validation : valid_rmse-1.1944, valid_pr-0.7635, 
test2013_rmse-1.3562, test2013_pr-0.8290, test2016_rmse-1.1661, test2016_pr-0.8513, test2019_rmse-1.3476, test2019_pr-0.6637
epoch-474, train_loss-0.0851, train_rmse-0.2917, valid_rmse-1.1967, valid_pr-0.7636
epoch-475, train_loss-0.0822, train_rmse-0.2866, valid_rmse-1.1985, valid_pr-0.7632
epoch-476, train_loss-0.0935, train_rmse-0.3058, valid_rmse-1.1942, valid_pr-0.7642
Validation : valid_rmse-1.1942, valid_pr-0.7642, 
test2013_rmse-1.3543, test2013_pr-0.8293, test2016_rmse-1.1626, test2016_pr-0.8524, test2019_rmse-1.3469, test2019_pr-0.6649
epoch-477, train_loss-0.0829, train_rmse-0.2880, valid_rmse-1.1944, valid_pr-0.7639
epoch-478, train_loss-0.0889, train_rmse-0.2981, valid_rmse-1.1922, valid_pr-0.7642
Validation : valid_rmse-1.1922, valid_pr-0.7642, 
test2013_rmse-1.3703, test2013_pr-0.8247, test2016_rmse-1.1754, test2016_pr-0.8491, test2019_rmse-1.3481, test2019_pr-0.6622
epoch-479, train_loss-0.0869, train_rmse-0.2948, valid_rmse-1.1939, valid_pr-0.7647
epoch-480, train_loss-0.0806, train_rmse-0.2839, valid_rmse-1.1920, valid_pr-0.7650
Validation : valid_rmse-1.1920, valid_pr-0.7650, 
test2013_rmse-1.3526, test2013_pr-0.8291, test2016_rmse-1.1640, test2016_pr-0.8510, test2019_rmse-1.3488, test2019_pr-0.6638
epoch-481, train_loss-0.0860, train_rmse-0.2932, valid_rmse-1.1944, valid_pr-0.7637
epoch-482, train_loss-0.0871, train_rmse-0.2952, valid_rmse-1.1927, valid_pr-0.7639
epoch-483, train_loss-0.0865, train_rmse-0.2942, valid_rmse-1.1928, valid_pr-0.7646
epoch-484, train_loss-0.0846, train_rmse-0.2908, valid_rmse-1.1932, valid_pr-0.7644
epoch-485, train_loss-0.0817, train_rmse-0.2859, valid_rmse-1.1972, valid_pr-0.7632
epoch-486, train_loss-0.0898, train_rmse-0.2997, valid_rmse-1.1964, valid_pr-0.7634
epoch-487, train_loss-0.0856, train_rmse-0.2925, valid_rmse-1.1949, valid_pr-0.7637
epoch-488, train_loss-0.0885, train_rmse-0.2974, valid_rmse-1.1980, valid_pr-0.7633
epoch-489, train_loss-0.0834, train_rmse-0.2889, valid_rmse-1.1975, valid_pr-0.7623
epoch-490, train_loss-0.0870, train_rmse-0.2950, valid_rmse-1.1948, valid_pr-0.7633
epoch-491, train_loss-0.0875, train_rmse-0.2958, valid_rmse-1.1952, valid_pr-0.7631
epoch-492, train_loss-0.0820, train_rmse-0.2864, valid_rmse-1.1965, valid_pr-0.7627
epoch-493, train_loss-0.0905, train_rmse-0.3007, valid_rmse-1.1954, valid_pr-0.7632
epoch-494, train_loss-0.0849, train_rmse-0.2913, valid_rmse-1.2005, valid_pr-0.7627
epoch-495, train_loss-0.0909, train_rmse-0.3015, valid_rmse-1.1966, valid_pr-0.7630
epoch-496, train_loss-0.0867, train_rmse-0.2944, valid_rmse-1.1988, valid_pr-0.7622
epoch-497, train_loss-0.0895, train_rmse-0.2992, valid_rmse-1.1943, valid_pr-0.7637
epoch-498, train_loss-0.0822, train_rmse-0.2867, valid_rmse-1.1993, valid_pr-0.7625
epoch-499, train_loss-0.0925, train_rmse-0.3042, valid_rmse-1.1987, valid_pr-0.7622
epoch-500, train_loss-0.0855, train_rmse-0.2923, valid_rmse-1.2041, valid_pr-0.7637
epoch-501, train_loss-0.0828, train_rmse-0.2877, valid_rmse-1.1963, valid_pr-0.7631
epoch-502, train_loss-0.0879, train_rmse-0.2964, valid_rmse-1.2004, valid_pr-0.7626
epoch-503, train_loss-0.0822, train_rmse-0.2868, valid_rmse-1.1991, valid_pr-0.7630
epoch-504, train_loss-0.0774, train_rmse-0.2781, valid_rmse-1.1969, valid_pr-0.7631
epoch-505, train_loss-0.0795, train_rmse-0.2820, valid_rmse-1.1955, valid_pr-0.7633
epoch-506, train_loss-0.0931, train_rmse-0.3052, valid_rmse-1.1948, valid_pr-0.7635
epoch-507, train_loss-0.0908, train_rmse-0.3013, valid_rmse-1.1937, valid_pr-0.7637
epoch-508, train_loss-0.0850, train_rmse-0.2915, valid_rmse-1.1938, valid_pr-0.7641
epoch-509, train_loss-0.0858, train_rmse-0.2930, valid_rmse-1.1972, valid_pr-0.7629
epoch-510, train_loss-0.0807, train_rmse-0.2840, valid_rmse-1.1971, valid_pr-0.7628
epoch-511, train_loss-0.0940, train_rmse-0.3066, valid_rmse-1.1992, valid_pr-0.7627
epoch-512, train_loss-0.0838, train_rmse-0.2895, valid_rmse-1.1961, valid_pr-0.7630
epoch-513, train_loss-0.0828, train_rmse-0.2877, valid_rmse-1.1937, valid_pr-0.7642
epoch-514, train_loss-0.0832, train_rmse-0.2884, valid_rmse-1.1947, valid_pr-0.7634
epoch-515, train_loss-0.0805, train_rmse-0.2838, valid_rmse-1.1966, valid_pr-0.7641
epoch-516, train_loss-0.0893, train_rmse-0.2988, valid_rmse-1.1929, valid_pr-0.7640
epoch-517, train_loss-0.0903, train_rmse-0.3005, valid_rmse-1.1919, valid_pr-0.7646
Validation : valid_rmse-1.1919, valid_pr-0.7646, 
test2013_rmse-1.3615, test2013_pr-0.8275, test2016_rmse-1.1652, test2016_pr-0.8522, test2019_rmse-1.3466, test2019_pr-0.6641
epoch-518, train_loss-0.0859, train_rmse-0.2932, valid_rmse-1.1923, valid_pr-0.7644
epoch-519, train_loss-0.0845, train_rmse-0.2906, valid_rmse-1.1957, valid_pr-0.7638
epoch-520, train_loss-0.0898, train_rmse-0.2997, valid_rmse-1.1960, valid_pr-0.7630
epoch-521, train_loss-0.0865, train_rmse-0.2941, valid_rmse-1.1971, valid_pr-0.7636
epoch-522, train_loss-0.0934, train_rmse-0.3056, valid_rmse-1.1969, valid_pr-0.7636
epoch-523, train_loss-0.0839, train_rmse-0.2896, valid_rmse-1.1950, valid_pr-0.7637
epoch-524, train_loss-0.0850, train_rmse-0.2916, valid_rmse-1.1970, valid_pr-0.7626
epoch-525, train_loss-0.0804, train_rmse-0.2836, valid_rmse-1.1936, valid_pr-0.7637
epoch-526, train_loss-0.0860, train_rmse-0.2933, valid_rmse-1.1939, valid_pr-0.7637
epoch-527, train_loss-0.0851, train_rmse-0.2918, valid_rmse-1.1935, valid_pr-0.7643
epoch-528, train_loss-0.0829, train_rmse-0.2880, valid_rmse-1.1963, valid_pr-0.7628
epoch-529, train_loss-0.0900, train_rmse-0.3000, valid_rmse-1.1948, valid_pr-0.7635
epoch-530, train_loss-0.0834, train_rmse-0.2889, valid_rmse-1.1969, valid_pr-0.7633
epoch-531, train_loss-0.0865, train_rmse-0.2941, valid_rmse-1.1948, valid_pr-0.7638
epoch-532, train_loss-0.0766, train_rmse-0.2767, valid_rmse-1.1943, valid_pr-0.7634
epoch-533, train_loss-0.0821, train_rmse-0.2866, valid_rmse-1.1952, valid_pr-0.7639
epoch-534, train_loss-0.0759, train_rmse-0.2756, valid_rmse-1.1952, valid_pr-0.7637
epoch-535, train_loss-0.0821, train_rmse-0.2865, valid_rmse-1.1945, valid_pr-0.7636
epoch-536, train_loss-0.0771, train_rmse-0.2776, valid_rmse-1.1939, valid_pr-0.7644
epoch-537, train_loss-0.0816, train_rmse-0.2857, valid_rmse-1.1942, valid_pr-0.7638
epoch-538, train_loss-0.0812, train_rmse-0.2850, valid_rmse-1.1946, valid_pr-0.7642
epoch-539, train_loss-0.0812, train_rmse-0.2850, valid_rmse-1.1992, valid_pr-0.7632
epoch-540, train_loss-0.0856, train_rmse-0.2926, valid_rmse-1.1947, valid_pr-0.7643
epoch-541, train_loss-0.0809, train_rmse-0.2844, valid_rmse-1.1956, valid_pr-0.7640
epoch-542, train_loss-0.0831, train_rmse-0.2882, valid_rmse-1.1938, valid_pr-0.7644
epoch-543, train_loss-0.0832, train_rmse-0.2885, valid_rmse-1.1936, valid_pr-0.7639
epoch-544, train_loss-0.0783, train_rmse-0.2798, valid_rmse-1.1964, valid_pr-0.7640
epoch-545, train_loss-0.0824, train_rmse-0.2870, valid_rmse-1.1926, valid_pr-0.7639
epoch-546, train_loss-0.0815, train_rmse-0.2856, valid_rmse-1.1970, valid_pr-0.7635
epoch-547, train_loss-0.0830, train_rmse-0.2881, valid_rmse-1.1971, valid_pr-0.7636
epoch-548, train_loss-0.0780, train_rmse-0.2793, valid_rmse-1.1943, valid_pr-0.7635
epoch-549, train_loss-0.0801, train_rmse-0.2830, valid_rmse-1.1939, valid_pr-0.7638
epoch-550, train_loss-0.0858, train_rmse-0.2928, valid_rmse-1.1994, valid_pr-0.7636
epoch-551, train_loss-0.0840, train_rmse-0.2897, valid_rmse-1.1925, valid_pr-0.7643
epoch-552, train_loss-0.0821, train_rmse-0.2866, valid_rmse-1.1946, valid_pr-0.7631
epoch-553, train_loss-0.0785, train_rmse-0.2802, valid_rmse-1.1923, valid_pr-0.7640
epoch-554, train_loss-0.0840, train_rmse-0.2898, valid_rmse-1.1974, valid_pr-0.7628
epoch-555, train_loss-0.0867, train_rmse-0.2944, valid_rmse-1.1937, valid_pr-0.7638
epoch-556, train_loss-0.0843, train_rmse-0.2903, valid_rmse-1.1932, valid_pr-0.7642
epoch-557, train_loss-0.0786, train_rmse-0.2803, valid_rmse-1.1950, valid_pr-0.7640
epoch-558, train_loss-0.0834, train_rmse-0.2888, valid_rmse-1.1932, valid_pr-0.7640
epoch-559, train_loss-0.0848, train_rmse-0.2912, valid_rmse-1.1941, valid_pr-0.7637
epoch-560, train_loss-0.0851, train_rmse-0.2918, valid_rmse-1.1958, valid_pr-0.7630
epoch-561, train_loss-0.0849, train_rmse-0.2915, valid_rmse-1.1947, valid_pr-0.7638
epoch-562, train_loss-0.0895, train_rmse-0.2992, valid_rmse-1.1942, valid_pr-0.7638
epoch-563, train_loss-0.0856, train_rmse-0.2926, valid_rmse-1.1921, valid_pr-0.7645
epoch-564, train_loss-0.0812, train_rmse-0.2850, valid_rmse-1.1959, valid_pr-0.7639
epoch-565, train_loss-0.0912, train_rmse-0.3019, valid_rmse-1.1952, valid_pr-0.7644
epoch-566, train_loss-0.0816, train_rmse-0.2856, valid_rmse-1.1946, valid_pr-0.7639
epoch-567, train_loss-0.0801, train_rmse-0.2831, valid_rmse-1.1958, valid_pr-0.7641
epoch-568, train_loss-0.0784, train_rmse-0.2800, valid_rmse-1.1947, valid_pr-0.7639
epoch-569, train_loss-0.0771, train_rmse-0.2776, valid_rmse-1.1965, valid_pr-0.7638
epoch-570, train_loss-0.0881, train_rmse-0.2967, valid_rmse-1.1946, valid_pr-0.7636
epoch-571, train_loss-0.0850, train_rmse-0.2915, valid_rmse-1.1931, valid_pr-0.7639
epoch-572, train_loss-0.0849, train_rmse-0.2914, valid_rmse-1.1927, valid_pr-0.7643
epoch-573, train_loss-0.0872, train_rmse-0.2952, valid_rmse-1.1951, valid_pr-0.7641
epoch-574, train_loss-0.0847, train_rmse-0.2911, valid_rmse-1.1928, valid_pr-0.7646
epoch-575, train_loss-0.0766, train_rmse-0.2768, valid_rmse-1.1923, valid_pr-0.7649
epoch-576, train_loss-0.0809, train_rmse-0.2844, valid_rmse-1.1947, valid_pr-0.7638
epoch-577, train_loss-0.0812, train_rmse-0.2849, valid_rmse-1.1963, valid_pr-0.7646
epoch-578, train_loss-0.0800, train_rmse-0.2828, valid_rmse-1.1940, valid_pr-0.7635
epoch-579, train_loss-0.0764, train_rmse-0.2763, valid_rmse-1.1946, valid_pr-0.7637
epoch-580, train_loss-0.0817, train_rmse-0.2859, valid_rmse-1.1947, valid_pr-0.7640
epoch-581, train_loss-0.0817, train_rmse-0.2858, valid_rmse-1.1937, valid_pr-0.7645
epoch-582, train_loss-0.0891, train_rmse-0.2985, valid_rmse-1.1942, valid_pr-0.7636
epoch-583, train_loss-0.0861, train_rmse-0.2934, valid_rmse-1.1949, valid_pr-0.7637
epoch-584, train_loss-0.0774, train_rmse-0.2781, valid_rmse-1.1968, valid_pr-0.7637
epoch-585, train_loss-0.0840, train_rmse-0.2897, valid_rmse-1.1931, valid_pr-0.7643
epoch-586, train_loss-0.0785, train_rmse-0.2802, valid_rmse-1.1942, valid_pr-0.7641
epoch-587, train_loss-0.0888, train_rmse-0.2980, valid_rmse-1.1944, valid_pr-0.7638
epoch-588, train_loss-0.0778, train_rmse-0.2789, valid_rmse-1.1956, valid_pr-0.7640
epoch-589, train_loss-0.0853, train_rmse-0.2920, valid_rmse-1.1927, valid_pr-0.7639
epoch-590, train_loss-0.0812, train_rmse-0.2849, valid_rmse-1.1978, valid_pr-0.7644
epoch-591, train_loss-0.0836, train_rmse-0.2891, valid_rmse-1.1974, valid_pr-0.7633
epoch-592, train_loss-0.0792, train_rmse-0.2814, valid_rmse-1.1921, valid_pr-0.7643
epoch-593, train_loss-0.0816, train_rmse-0.2856, valid_rmse-1.1979, valid_pr-0.7642
epoch-594, train_loss-0.0831, train_rmse-0.2883, valid_rmse-1.1949, valid_pr-0.7644
epoch-595, train_loss-0.0800, train_rmse-0.2829, valid_rmse-1.1932, valid_pr-0.7640
epoch-596, train_loss-0.0824, train_rmse-0.2871, valid_rmse-1.1961, valid_pr-0.7642
epoch-597, train_loss-0.0816, train_rmse-0.2856, valid_rmse-1.1936, valid_pr-0.7641
epoch-598, train_loss-0.0802, train_rmse-0.2832, valid_rmse-1.1950, valid_pr-0.7639
epoch-599, train_loss-0.0866, train_rmse-0.2943, valid_rmse-1.1934, valid_pr-0.7641
epoch-600, train_loss-0.0863, train_rmse-0.2938, valid_rmse-1.1930, valid_pr-0.7640
epoch-601, train_loss-0.0947, train_rmse-0.3078, valid_rmse-1.1955, valid_pr-0.7642
epoch-602, train_loss-0.0850, train_rmse-0.2916, valid_rmse-1.1934, valid_pr-0.7640
epoch-603, train_loss-0.0820, train_rmse-0.2864, valid_rmse-1.1953, valid_pr-0.7633
epoch-604, train_loss-0.0844, train_rmse-0.2906, valid_rmse-1.1959, valid_pr-0.7635
epoch-605, train_loss-0.0869, train_rmse-0.2948, valid_rmse-1.1956, valid_pr-0.7635
epoch-606, train_loss-0.0845, train_rmse-0.2907, valid_rmse-1.1972, valid_pr-0.7628
epoch-607, train_loss-0.0803, train_rmse-0.2835, valid_rmse-1.1978, valid_pr-0.7630
epoch-608, train_loss-0.0835, train_rmse-0.2890, valid_rmse-1.1949, valid_pr-0.7635
epoch-609, train_loss-0.0755, train_rmse-0.2748, valid_rmse-1.1934, valid_pr-0.7637
epoch-610, train_loss-0.0751, train_rmse-0.2740, valid_rmse-1.1961, valid_pr-0.7636
epoch-611, train_loss-0.0819, train_rmse-0.2862, valid_rmse-1.1996, valid_pr-0.7633
epoch-612, train_loss-0.0851, train_rmse-0.2917, valid_rmse-1.2021, valid_pr-0.7635
epoch-613, train_loss-0.0850, train_rmse-0.2916, valid_rmse-1.1953, valid_pr-0.7638
epoch-614, train_loss-0.0834, train_rmse-0.2889, valid_rmse-1.1955, valid_pr-0.7634
epoch-615, train_loss-0.0821, train_rmse-0.2866, valid_rmse-1.1924, valid_pr-0.7643
epoch-616, train_loss-0.0906, train_rmse-0.3010, valid_rmse-1.1950, valid_pr-0.7639
epoch-617, train_loss-0.0796, train_rmse-0.2822, valid_rmse-1.1924, valid_pr-0.7643
epoch-618, train_loss-0.0840, train_rmse-0.2898, valid_rmse-1.1937, valid_pr-0.7642
early stop in epoch 618
best_rmse: 1.1919
valid_rmse-1.1919, valid_pr-0.7646, test2013_rmse-1.3615, test2013_pr-0.8275, test2016_rmse-1.1652, test2016_pr-0.8522, test2019_rmse-1.3466, test2019_pr-0.6641
