ours-lrs-0.001-abl-g-d-s-1, lr=0.001, seed=699
train_GIGN.py
train data: 11904
valid data: 1000
test2013 data: 107
test2016 data: 285
test2019 data: 4366
GIGN params # : 1331241
epoch-0, train_loss-14.7648, train_rmse-3.8425, valid_rmse-2.3563, valid_pr-0.4398
Validation : valid_rmse-2.3563, valid_pr-0.4398, 
test2013_rmse-2.4868, test2013_pr-0.5231, test2016_rmse-2.2727, test2016_pr-0.5833, test2019_rmse-2.1846, test2019_pr-0.5046
epoch-1, train_loss-2.6665, train_rmse-1.6329, valid_rmse-1.5082, valid_pr-0.5910
Validation : valid_rmse-1.5082, valid_pr-0.5910, 
test2013_rmse-1.6361, test2013_pr-0.7547, test2016_rmse-1.5735, test2016_pr-0.7221, test2019_rmse-1.4474, test2019_pr-0.5966
epoch-2, train_loss-2.3485, train_rmse-1.5325, valid_rmse-1.5415, valid_pr-0.5847
epoch-3, train_loss-2.2146, train_rmse-1.4881, valid_rmse-1.4375, valid_pr-0.6450
Validation : valid_rmse-1.4375, valid_pr-0.6450, 
test2013_rmse-1.4370, test2013_pr-0.7983, test2016_rmse-1.3494, test2016_pr-0.7919, test2019_rmse-1.4080, test2019_pr-0.6393
epoch-4, train_loss-2.0773, train_rmse-1.4413, valid_rmse-1.4461, valid_pr-0.6479
epoch-5, train_loss-1.9758, train_rmse-1.4056, valid_rmse-1.5519, valid_pr-0.5781
epoch-6, train_loss-1.8384, train_rmse-1.3559, valid_rmse-1.4165, valid_pr-0.6816
Validation : valid_rmse-1.4165, valid_pr-0.6816, 
test2013_rmse-1.5299, test2013_pr-0.8095, test2016_rmse-1.4351, test2016_pr-0.7801, test2019_rmse-1.5011, test2019_pr-0.6313
epoch-7, train_loss-1.7416, train_rmse-1.3197, valid_rmse-1.4926, valid_pr-0.6441
epoch-8, train_loss-1.7477, train_rmse-1.3220, valid_rmse-1.6137, valid_pr-0.6348
epoch-9, train_loss-1.6001, train_rmse-1.2649, valid_rmse-1.3864, valid_pr-0.6625
Validation : valid_rmse-1.3864, valid_pr-0.6625, 
test2013_rmse-1.5160, test2013_pr-0.7891, test2016_rmse-1.4200, test2016_pr-0.7699, test2019_rmse-1.4120, test2019_pr-0.6207
epoch-10, train_loss-1.5301, train_rmse-1.2370, valid_rmse-1.3823, valid_pr-0.6754
Validation : valid_rmse-1.3823, valid_pr-0.6754, 
test2013_rmse-1.4390, test2013_pr-0.8042, test2016_rmse-1.3378, test2016_pr-0.7939, test2019_rmse-1.4261, test2019_pr-0.6288
epoch-11, train_loss-1.4177, train_rmse-1.1907, valid_rmse-1.5764, valid_pr-0.5945
epoch-12, train_loss-1.3679, train_rmse-1.1696, valid_rmse-1.3354, valid_pr-0.7071
Validation : valid_rmse-1.3354, valid_pr-0.7071, 
test2013_rmse-1.4008, test2013_pr-0.8037, test2016_rmse-1.2950, test2016_pr-0.8028, test2019_rmse-1.4341, test2019_pr-0.6385
epoch-13, train_loss-1.2448, train_rmse-1.1157, valid_rmse-1.4657, valid_pr-0.6730
epoch-14, train_loss-1.2347, train_rmse-1.1112, valid_rmse-1.4864, valid_pr-0.6510
epoch-15, train_loss-1.1440, train_rmse-1.0696, valid_rmse-1.6313, valid_pr-0.6845
epoch-16, train_loss-1.1126, train_rmse-1.0548, valid_rmse-1.4608, valid_pr-0.6830
epoch-17, train_loss-1.0082, train_rmse-1.0041, valid_rmse-1.4399, valid_pr-0.6877
epoch-18, train_loss-0.9745, train_rmse-0.9872, valid_rmse-1.9221, valid_pr-0.5824
epoch-19, train_loss-0.8954, train_rmse-0.9462, valid_rmse-1.3296, valid_pr-0.7087
Validation : valid_rmse-1.3296, valid_pr-0.7087, 
test2013_rmse-1.4037, test2013_pr-0.8041, test2016_rmse-1.3118, test2016_pr-0.8078, test2019_rmse-1.4239, test2019_pr-0.6344
epoch-20, train_loss-0.8751, train_rmse-0.9355, valid_rmse-1.4392, valid_pr-0.6570
epoch-21, train_loss-0.8063, train_rmse-0.8979, valid_rmse-1.3802, valid_pr-0.7075
epoch-22, train_loss-0.7622, train_rmse-0.8730, valid_rmse-1.3478, valid_pr-0.7035
epoch-23, train_loss-0.7305, train_rmse-0.8547, valid_rmse-1.3440, valid_pr-0.7087
epoch-24, train_loss-0.6650, train_rmse-0.8155, valid_rmse-1.3987, valid_pr-0.6807
epoch-25, train_loss-0.6623, train_rmse-0.8138, valid_rmse-1.4873, valid_pr-0.6783
epoch-26, train_loss-0.6165, train_rmse-0.7852, valid_rmse-1.4136, valid_pr-0.7072
epoch-27, train_loss-0.6170, train_rmse-0.7855, valid_rmse-1.4465, valid_pr-0.7093
epoch-28, train_loss-0.5779, train_rmse-0.7602, valid_rmse-1.3834, valid_pr-0.6789
epoch-29, train_loss-0.6165, train_rmse-0.7852, valid_rmse-1.4573, valid_pr-0.6780
epoch-30, train_loss-0.5575, train_rmse-0.7467, valid_rmse-1.4522, valid_pr-0.7064
epoch-31, train_loss-0.5235, train_rmse-0.7235, valid_rmse-1.4557, valid_pr-0.6789
epoch-32, train_loss-0.5734, train_rmse-0.7572, valid_rmse-1.4697, valid_pr-0.7098
epoch-33, train_loss-0.4951, train_rmse-0.7036, valid_rmse-1.3716, valid_pr-0.7066
epoch-34, train_loss-0.4621, train_rmse-0.6798, valid_rmse-1.4155, valid_pr-0.6938
epoch-35, train_loss-0.4745, train_rmse-0.6888, valid_rmse-1.3991, valid_pr-0.7085
epoch-36, train_loss-0.4883, train_rmse-0.6988, valid_rmse-1.4230, valid_pr-0.7248
epoch-37, train_loss-0.4496, train_rmse-0.6705, valid_rmse-1.3294, valid_pr-0.7169
Validation : valid_rmse-1.3294, valid_pr-0.7169, 
test2013_rmse-1.3096, test2013_pr-0.8341, test2016_rmse-1.2464, test2016_pr-0.8217, test2019_rmse-1.4559, test2019_pr-0.6246
epoch-38, train_loss-0.4614, train_rmse-0.6793, valid_rmse-1.5702, valid_pr-0.6856
epoch-39, train_loss-0.4360, train_rmse-0.6603, valid_rmse-1.3988, valid_pr-0.7009
epoch-40, train_loss-0.4033, train_rmse-0.6351, valid_rmse-1.3726, valid_pr-0.7160
epoch-41, train_loss-0.4147, train_rmse-0.6440, valid_rmse-1.6334, valid_pr-0.7125
epoch-42, train_loss-0.4056, train_rmse-0.6368, valid_rmse-1.3837, valid_pr-0.6923
epoch-43, train_loss-0.3902, train_rmse-0.6246, valid_rmse-1.4030, valid_pr-0.6929
epoch-44, train_loss-0.3920, train_rmse-0.6261, valid_rmse-1.3962, valid_pr-0.7069
epoch-45, train_loss-0.3870, train_rmse-0.6221, valid_rmse-1.4559, valid_pr-0.7001
epoch-46, train_loss-0.3913, train_rmse-0.6255, valid_rmse-1.3521, valid_pr-0.6917
epoch-47, train_loss-0.3791, train_rmse-0.6157, valid_rmse-1.3458, valid_pr-0.7017
epoch-48, train_loss-0.3550, train_rmse-0.5958, valid_rmse-1.3349, valid_pr-0.7160
epoch-49, train_loss-0.3514, train_rmse-0.5928, valid_rmse-1.3460, valid_pr-0.7104
epoch-50, train_loss-0.3401, train_rmse-0.5832, valid_rmse-1.4423, valid_pr-0.7116
epoch-51, train_loss-0.3341, train_rmse-0.5780, valid_rmse-1.3564, valid_pr-0.7091
epoch-52, train_loss-0.3207, train_rmse-0.5663, valid_rmse-1.3289, valid_pr-0.7299
Validation : valid_rmse-1.3289, valid_pr-0.7299, 
test2013_rmse-1.2787, test2013_pr-0.8550, test2016_rmse-1.2431, test2016_pr-0.8413, test2019_rmse-1.4496, test2019_pr-0.6437
epoch-53, train_loss-0.3479, train_rmse-0.5898, valid_rmse-1.3587, valid_pr-0.7078
epoch-54, train_loss-0.3397, train_rmse-0.5829, valid_rmse-1.3537, valid_pr-0.7199
epoch-55, train_loss-0.3575, train_rmse-0.5979, valid_rmse-1.3105, valid_pr-0.7252
Validation : valid_rmse-1.3105, valid_pr-0.7252, 
test2013_rmse-1.2196, test2013_pr-0.8557, test2016_rmse-1.1855, test2016_pr-0.8377, test2019_rmse-1.4445, test2019_pr-0.6411
epoch-56, train_loss-0.3531, train_rmse-0.5943, valid_rmse-1.3071, valid_pr-0.7185
Validation : valid_rmse-1.3071, valid_pr-0.7185, 
test2013_rmse-1.3171, test2013_pr-0.8308, test2016_rmse-1.2335, test2016_pr-0.8258, test2019_rmse-1.4373, test2019_pr-0.6231
epoch-57, train_loss-0.3357, train_rmse-0.5794, valid_rmse-1.3556, valid_pr-0.7135
epoch-58, train_loss-0.3352, train_rmse-0.5789, valid_rmse-1.3627, valid_pr-0.7169
epoch-59, train_loss-0.3192, train_rmse-0.5649, valid_rmse-1.3258, valid_pr-0.7182
epoch-60, train_loss-0.3245, train_rmse-0.5697, valid_rmse-1.3821, valid_pr-0.7224
epoch-61, train_loss-0.3100, train_rmse-0.5567, valid_rmse-1.3520, valid_pr-0.7095
epoch-62, train_loss-0.3107, train_rmse-0.5574, valid_rmse-1.3824, valid_pr-0.6964
epoch-63, train_loss-0.3087, train_rmse-0.5556, valid_rmse-1.3378, valid_pr-0.7290
epoch-64, train_loss-0.3053, train_rmse-0.5525, valid_rmse-1.3214, valid_pr-0.7141
epoch-65, train_loss-0.3055, train_rmse-0.5527, valid_rmse-1.3094, valid_pr-0.7280
epoch-66, train_loss-0.3131, train_rmse-0.5596, valid_rmse-1.3107, valid_pr-0.7156
epoch-67, train_loss-0.3190, train_rmse-0.5648, valid_rmse-1.3036, valid_pr-0.7303
Validation : valid_rmse-1.3036, valid_pr-0.7303, 
test2013_rmse-1.2772, test2013_pr-0.8411, test2016_rmse-1.2082, test2016_pr-0.8326, test2019_rmse-1.4295, test2019_pr-0.6426
epoch-68, train_loss-0.2918, train_rmse-0.5402, valid_rmse-1.3580, valid_pr-0.7172
epoch-69, train_loss-0.3046, train_rmse-0.5519, valid_rmse-1.3235, valid_pr-0.7223
epoch-70, train_loss-0.3002, train_rmse-0.5479, valid_rmse-1.2973, valid_pr-0.7263
Validation : valid_rmse-1.2973, valid_pr-0.7263, 
test2013_rmse-1.2869, test2013_pr-0.8418, test2016_rmse-1.2110, test2016_pr-0.8314, test2019_rmse-1.4235, test2019_pr-0.6318
epoch-71, train_loss-0.2974, train_rmse-0.5454, valid_rmse-1.3148, valid_pr-0.7175
epoch-72, train_loss-0.2906, train_rmse-0.5391, valid_rmse-1.3528, valid_pr-0.7043
epoch-73, train_loss-0.2902, train_rmse-0.5387, valid_rmse-1.3010, valid_pr-0.7239
epoch-74, train_loss-0.2723, train_rmse-0.5218, valid_rmse-1.3048, valid_pr-0.7159
epoch-75, train_loss-0.2509, train_rmse-0.5009, valid_rmse-1.2900, valid_pr-0.7344
Validation : valid_rmse-1.2900, valid_pr-0.7344, 
test2013_rmse-1.2909, test2013_pr-0.8390, test2016_rmse-1.2184, test2016_pr-0.8332, test2019_rmse-1.4238, test2019_pr-0.6453
epoch-76, train_loss-0.2793, train_rmse-0.5285, valid_rmse-1.3396, valid_pr-0.7175
epoch-77, train_loss-0.2573, train_rmse-0.5073, valid_rmse-1.2804, valid_pr-0.7317
Validation : valid_rmse-1.2804, valid_pr-0.7317, 
test2013_rmse-1.2855, test2013_pr-0.8377, test2016_rmse-1.1818, test2016_pr-0.8403, test2019_rmse-1.4404, test2019_pr-0.6238
epoch-78, train_loss-0.2832, train_rmse-0.5322, valid_rmse-1.3132, valid_pr-0.7217
epoch-79, train_loss-0.2768, train_rmse-0.5261, valid_rmse-1.2890, valid_pr-0.7321
epoch-80, train_loss-0.2942, train_rmse-0.5424, valid_rmse-1.3373, valid_pr-0.7034
epoch-81, train_loss-0.2567, train_rmse-0.5067, valid_rmse-1.2988, valid_pr-0.7308
epoch-82, train_loss-0.2745, train_rmse-0.5240, valid_rmse-1.3040, valid_pr-0.7252
epoch-83, train_loss-0.2511, train_rmse-0.5011, valid_rmse-1.3129, valid_pr-0.7232
epoch-84, train_loss-0.2410, train_rmse-0.4909, valid_rmse-1.3033, valid_pr-0.7267
epoch-85, train_loss-0.2583, train_rmse-0.5083, valid_rmse-1.3841, valid_pr-0.7104
epoch-86, train_loss-0.2758, train_rmse-0.5252, valid_rmse-1.2935, valid_pr-0.7230
epoch-87, train_loss-0.2559, train_rmse-0.5059, valid_rmse-1.2770, valid_pr-0.7330
Validation : valid_rmse-1.2770, valid_pr-0.7330, 
test2013_rmse-1.2665, test2013_pr-0.8463, test2016_rmse-1.1826, test2016_pr-0.8400, test2019_rmse-1.4134, test2019_pr-0.6406
epoch-88, train_loss-0.2279, train_rmse-0.4774, valid_rmse-1.2967, valid_pr-0.7269
epoch-89, train_loss-0.2480, train_rmse-0.4980, valid_rmse-1.3195, valid_pr-0.7145
epoch-90, train_loss-0.2495, train_rmse-0.4995, valid_rmse-1.2997, valid_pr-0.7267
epoch-91, train_loss-0.2403, train_rmse-0.4902, valid_rmse-1.2961, valid_pr-0.7223
epoch-92, train_loss-0.2430, train_rmse-0.4929, valid_rmse-1.3059, valid_pr-0.7263
epoch-93, train_loss-0.2529, train_rmse-0.5029, valid_rmse-1.2891, valid_pr-0.7354
epoch-94, train_loss-0.2431, train_rmse-0.4931, valid_rmse-1.2960, valid_pr-0.7235
epoch-95, train_loss-0.2395, train_rmse-0.4894, valid_rmse-1.2923, valid_pr-0.7350
epoch-96, train_loss-0.2415, train_rmse-0.4915, valid_rmse-1.3282, valid_pr-0.7379
epoch-97, train_loss-0.2300, train_rmse-0.4795, valid_rmse-1.2860, valid_pr-0.7262
epoch-98, train_loss-0.2443, train_rmse-0.4942, valid_rmse-1.3287, valid_pr-0.7284
epoch-99, train_loss-0.2446, train_rmse-0.4946, valid_rmse-1.2975, valid_pr-0.7243
epoch-100, train_loss-0.2325, train_rmse-0.4822, valid_rmse-1.2673, valid_pr-0.7351
Validation : valid_rmse-1.2673, valid_pr-0.7351, 
test2013_rmse-1.2539, test2013_pr-0.8492, test2016_rmse-1.1946, test2016_pr-0.8366, test2019_rmse-1.4080, test2019_pr-0.6395
epoch-101, train_loss-0.2278, train_rmse-0.4773, valid_rmse-1.2960, valid_pr-0.7274
epoch-102, train_loss-0.2336, train_rmse-0.4833, valid_rmse-1.2844, valid_pr-0.7316
epoch-103, train_loss-0.2337, train_rmse-0.4834, valid_rmse-1.2939, valid_pr-0.7320
epoch-104, train_loss-0.2308, train_rmse-0.4804, valid_rmse-1.3037, valid_pr-0.7312
epoch-105, train_loss-0.2332, train_rmse-0.4829, valid_rmse-1.2730, valid_pr-0.7340
epoch-106, train_loss-0.2341, train_rmse-0.4839, valid_rmse-1.3181, valid_pr-0.7196
epoch-107, train_loss-0.2394, train_rmse-0.4893, valid_rmse-1.3221, valid_pr-0.7262
epoch-108, train_loss-0.2198, train_rmse-0.4688, valid_rmse-1.3063, valid_pr-0.7223
epoch-109, train_loss-0.2237, train_rmse-0.4730, valid_rmse-1.2969, valid_pr-0.7247
epoch-110, train_loss-0.2262, train_rmse-0.4756, valid_rmse-1.2694, valid_pr-0.7363
epoch-111, train_loss-0.2017, train_rmse-0.4491, valid_rmse-1.2759, valid_pr-0.7321
epoch-112, train_loss-0.2185, train_rmse-0.4674, valid_rmse-1.3200, valid_pr-0.7229
epoch-113, train_loss-0.2302, train_rmse-0.4798, valid_rmse-1.2970, valid_pr-0.7226
epoch-114, train_loss-0.2082, train_rmse-0.4563, valid_rmse-1.2673, valid_pr-0.7394
Validation : valid_rmse-1.2673, valid_pr-0.7394, 
test2013_rmse-1.1839, test2013_pr-0.8681, test2016_rmse-1.1433, test2016_pr-0.8514, test2019_rmse-1.4064, test2019_pr-0.6492
epoch-115, train_loss-0.2046, train_rmse-0.4523, valid_rmse-1.2992, valid_pr-0.7153
epoch-116, train_loss-0.2110, train_rmse-0.4593, valid_rmse-1.2934, valid_pr-0.7316
epoch-117, train_loss-0.2082, train_rmse-0.4563, valid_rmse-1.2886, valid_pr-0.7343
epoch-118, train_loss-0.1931, train_rmse-0.4394, valid_rmse-1.2665, valid_pr-0.7339
Validation : valid_rmse-1.2665, valid_pr-0.7339, 
test2013_rmse-1.2816, test2013_pr-0.8457, test2016_rmse-1.1755, test2016_pr-0.8443, test2019_rmse-1.3961, test2019_pr-0.6469
epoch-119, train_loss-0.2162, train_rmse-0.4650, valid_rmse-1.3204, valid_pr-0.7249
epoch-120, train_loss-0.2060, train_rmse-0.4539, valid_rmse-1.3276, valid_pr-0.7222
epoch-121, train_loss-0.2077, train_rmse-0.4557, valid_rmse-1.2729, valid_pr-0.7351
epoch-122, train_loss-0.1998, train_rmse-0.4470, valid_rmse-1.2790, valid_pr-0.7395
epoch-123, train_loss-0.2131, train_rmse-0.4616, valid_rmse-1.2746, valid_pr-0.7290
epoch-124, train_loss-0.2026, train_rmse-0.4501, valid_rmse-1.2758, valid_pr-0.7349
epoch-125, train_loss-0.2149, train_rmse-0.4636, valid_rmse-1.2668, valid_pr-0.7328
epoch-126, train_loss-0.1942, train_rmse-0.4406, valid_rmse-1.2947, valid_pr-0.7316
epoch-127, train_loss-0.2062, train_rmse-0.4540, valid_rmse-1.2817, valid_pr-0.7282
epoch-128, train_loss-0.1874, train_rmse-0.4329, valid_rmse-1.2904, valid_pr-0.7295
epoch-129, train_loss-0.1920, train_rmse-0.4381, valid_rmse-1.2622, valid_pr-0.7348
Validation : valid_rmse-1.2622, valid_pr-0.7348, 
test2013_rmse-1.2815, test2013_pr-0.8500, test2016_rmse-1.1743, test2016_pr-0.8483, test2019_rmse-1.3792, test2019_pr-0.6484
epoch-130, train_loss-0.1906, train_rmse-0.4366, valid_rmse-1.2734, valid_pr-0.7378
epoch-131, train_loss-0.1836, train_rmse-0.4285, valid_rmse-1.2736, valid_pr-0.7321
epoch-132, train_loss-0.2031, train_rmse-0.4507, valid_rmse-1.2825, valid_pr-0.7427
epoch-133, train_loss-0.1928, train_rmse-0.4391, valid_rmse-1.2663, valid_pr-0.7364
epoch-134, train_loss-0.2088, train_rmse-0.4569, valid_rmse-1.2887, valid_pr-0.7364
epoch-135, train_loss-0.2013, train_rmse-0.4487, valid_rmse-1.2779, valid_pr-0.7311
epoch-136, train_loss-0.1890, train_rmse-0.4347, valid_rmse-1.2783, valid_pr-0.7340
epoch-137, train_loss-0.1940, train_rmse-0.4404, valid_rmse-1.2774, valid_pr-0.7324
epoch-138, train_loss-0.2056, train_rmse-0.4535, valid_rmse-1.2790, valid_pr-0.7285
epoch-139, train_loss-0.1939, train_rmse-0.4403, valid_rmse-1.2625, valid_pr-0.7329
epoch-140, train_loss-0.1861, train_rmse-0.4314, valid_rmse-1.2594, valid_pr-0.7357
Validation : valid_rmse-1.2594, valid_pr-0.7357, 
test2013_rmse-1.3281, test2013_pr-0.8315, test2016_rmse-1.1956, test2016_pr-0.8398, test2019_rmse-1.3931, test2019_pr-0.6403
epoch-141, train_loss-0.1722, train_rmse-0.4149, valid_rmse-1.2523, valid_pr-0.7432
Validation : valid_rmse-1.2523, valid_pr-0.7432, 
test2013_rmse-1.2881, test2013_pr-0.8434, test2016_rmse-1.1705, test2016_pr-0.8453, test2019_rmse-1.3923, test2019_pr-0.6478
epoch-142, train_loss-0.1821, train_rmse-0.4267, valid_rmse-1.2685, valid_pr-0.7441
epoch-143, train_loss-0.1931, train_rmse-0.4394, valid_rmse-1.2587, valid_pr-0.7383
epoch-144, train_loss-0.1826, train_rmse-0.4273, valid_rmse-1.2908, valid_pr-0.7389
epoch-145, train_loss-0.1863, train_rmse-0.4316, valid_rmse-1.2698, valid_pr-0.7434
epoch-146, train_loss-0.1859, train_rmse-0.4312, valid_rmse-1.3151, valid_pr-0.7332
epoch-147, train_loss-0.1897, train_rmse-0.4355, valid_rmse-1.2703, valid_pr-0.7365
epoch-148, train_loss-0.2001, train_rmse-0.4473, valid_rmse-1.2728, valid_pr-0.7327
epoch-149, train_loss-0.1688, train_rmse-0.4109, valid_rmse-1.2637, valid_pr-0.7364
epoch-150, train_loss-0.1814, train_rmse-0.4259, valid_rmse-1.2659, valid_pr-0.7368
epoch-151, train_loss-0.1841, train_rmse-0.4291, valid_rmse-1.2557, valid_pr-0.7357
epoch-152, train_loss-0.1860, train_rmse-0.4313, valid_rmse-1.2752, valid_pr-0.7291
epoch-153, train_loss-0.1804, train_rmse-0.4247, valid_rmse-1.2789, valid_pr-0.7330
epoch-154, train_loss-0.1777, train_rmse-0.4215, valid_rmse-1.2515, valid_pr-0.7375
Validation : valid_rmse-1.2515, valid_pr-0.7375, 
test2013_rmse-1.3497, test2013_pr-0.8287, test2016_rmse-1.2283, test2016_pr-0.8320, test2019_rmse-1.3929, test2019_pr-0.6361
epoch-155, train_loss-0.1797, train_rmse-0.4239, valid_rmse-1.2956, valid_pr-0.7350
epoch-156, train_loss-0.1733, train_rmse-0.4163, valid_rmse-1.2337, valid_pr-0.7455
Validation : valid_rmse-1.2337, valid_pr-0.7455, 
test2013_rmse-1.3304, test2013_pr-0.8356, test2016_rmse-1.2361, test2016_pr-0.8302, test2019_rmse-1.3896, test2019_pr-0.6362
epoch-157, train_loss-0.1711, train_rmse-0.4137, valid_rmse-1.2615, valid_pr-0.7363
epoch-158, train_loss-0.1747, train_rmse-0.4180, valid_rmse-1.2609, valid_pr-0.7345
epoch-159, train_loss-0.1724, train_rmse-0.4153, valid_rmse-1.2569, valid_pr-0.7370
epoch-160, train_loss-0.1892, train_rmse-0.4350, valid_rmse-1.2717, valid_pr-0.7342
epoch-161, train_loss-0.1725, train_rmse-0.4153, valid_rmse-1.2714, valid_pr-0.7402
epoch-162, train_loss-0.1738, train_rmse-0.4168, valid_rmse-1.2719, valid_pr-0.7353
epoch-163, train_loss-0.1826, train_rmse-0.4273, valid_rmse-1.2903, valid_pr-0.7340
epoch-164, train_loss-0.1809, train_rmse-0.4253, valid_rmse-1.2609, valid_pr-0.7381
epoch-165, train_loss-0.1730, train_rmse-0.4159, valid_rmse-1.2804, valid_pr-0.7383
epoch-166, train_loss-0.1723, train_rmse-0.4150, valid_rmse-1.2671, valid_pr-0.7413
epoch-167, train_loss-0.1743, train_rmse-0.4175, valid_rmse-1.2686, valid_pr-0.7415
epoch-168, train_loss-0.1829, train_rmse-0.4277, valid_rmse-1.2448, valid_pr-0.7418
epoch-169, train_loss-0.1689, train_rmse-0.4110, valid_rmse-1.2727, valid_pr-0.7372
epoch-170, train_loss-0.1714, train_rmse-0.4140, valid_rmse-1.2626, valid_pr-0.7315
epoch-171, train_loss-0.1665, train_rmse-0.4080, valid_rmse-1.2893, valid_pr-0.7371
epoch-172, train_loss-0.1649, train_rmse-0.4060, valid_rmse-1.2725, valid_pr-0.7347
epoch-173, train_loss-0.1737, train_rmse-0.4167, valid_rmse-1.2746, valid_pr-0.7328
epoch-174, train_loss-0.1762, train_rmse-0.4197, valid_rmse-1.2608, valid_pr-0.7357
epoch-175, train_loss-0.1602, train_rmse-0.4003, valid_rmse-1.2856, valid_pr-0.7287
epoch-176, train_loss-0.1679, train_rmse-0.4097, valid_rmse-1.2929, valid_pr-0.7362
epoch-177, train_loss-0.1663, train_rmse-0.4078, valid_rmse-1.2766, valid_pr-0.7354
epoch-178, train_loss-0.1694, train_rmse-0.4116, valid_rmse-1.2664, valid_pr-0.7362
epoch-179, train_loss-0.1616, train_rmse-0.4020, valid_rmse-1.2823, valid_pr-0.7272
epoch-180, train_loss-0.1605, train_rmse-0.4006, valid_rmse-1.2650, valid_pr-0.7326
epoch-181, train_loss-0.1590, train_rmse-0.3987, valid_rmse-1.2577, valid_pr-0.7385
epoch-182, train_loss-0.1652, train_rmse-0.4064, valid_rmse-1.2619, valid_pr-0.7343
epoch-183, train_loss-0.1568, train_rmse-0.3960, valid_rmse-1.2633, valid_pr-0.7336
epoch-184, train_loss-0.1762, train_rmse-0.4197, valid_rmse-1.2732, valid_pr-0.7365
epoch-185, train_loss-0.1762, train_rmse-0.4198, valid_rmse-1.2602, valid_pr-0.7393
epoch-186, train_loss-0.1817, train_rmse-0.4262, valid_rmse-1.2683, valid_pr-0.7404
epoch-187, train_loss-0.1556, train_rmse-0.3944, valid_rmse-1.2603, valid_pr-0.7369
epoch-188, train_loss-0.1579, train_rmse-0.3974, valid_rmse-1.2659, valid_pr-0.7360
epoch-189, train_loss-0.1640, train_rmse-0.4049, valid_rmse-1.2593, valid_pr-0.7355
epoch-190, train_loss-0.1522, train_rmse-0.3901, valid_rmse-1.2517, valid_pr-0.7415
epoch-191, train_loss-0.1569, train_rmse-0.3961, valid_rmse-1.2521, valid_pr-0.7422
epoch-192, train_loss-0.1572, train_rmse-0.3964, valid_rmse-1.2548, valid_pr-0.7363
epoch-193, train_loss-0.1478, train_rmse-0.3845, valid_rmse-1.2526, valid_pr-0.7384
epoch-194, train_loss-0.1661, train_rmse-0.4076, valid_rmse-1.2693, valid_pr-0.7419
epoch-195, train_loss-0.1729, train_rmse-0.4158, valid_rmse-1.2504, valid_pr-0.7403
epoch-196, train_loss-0.1530, train_rmse-0.3911, valid_rmse-1.2476, valid_pr-0.7447
epoch-197, train_loss-0.1534, train_rmse-0.3916, valid_rmse-1.2508, valid_pr-0.7393
epoch-198, train_loss-0.1495, train_rmse-0.3867, valid_rmse-1.2443, valid_pr-0.7435
epoch-199, train_loss-0.1439, train_rmse-0.3793, valid_rmse-1.2572, valid_pr-0.7418
epoch-200, train_loss-0.1657, train_rmse-0.4070, valid_rmse-1.2759, valid_pr-0.7384
epoch-201, train_loss-0.1449, train_rmse-0.3807, valid_rmse-1.2523, valid_pr-0.7400
epoch-202, train_loss-0.1556, train_rmse-0.3945, valid_rmse-1.2550, valid_pr-0.7397
epoch-203, train_loss-0.1550, train_rmse-0.3938, valid_rmse-1.2458, valid_pr-0.7419
epoch-204, train_loss-0.1485, train_rmse-0.3853, valid_rmse-1.2517, valid_pr-0.7385
epoch-205, train_loss-0.1510, train_rmse-0.3886, valid_rmse-1.2634, valid_pr-0.7410
epoch-206, train_loss-0.1558, train_rmse-0.3948, valid_rmse-1.2716, valid_pr-0.7354
epoch-207, train_loss-0.1546, train_rmse-0.3932, valid_rmse-1.2567, valid_pr-0.7376
epoch-208, train_loss-0.1363, train_rmse-0.3692, valid_rmse-1.2416, valid_pr-0.7454
epoch-209, train_loss-0.1204, train_rmse-0.3469, valid_rmse-1.2418, valid_pr-0.7493
epoch-210, train_loss-0.1322, train_rmse-0.3636, valid_rmse-1.2335, valid_pr-0.7500
Validation : valid_rmse-1.2335, valid_pr-0.7500, 
test2013_rmse-1.2533, test2013_pr-0.8555, test2016_rmse-1.1530, test2016_pr-0.8534, test2019_rmse-1.3695, test2019_pr-0.6576
epoch-211, train_loss-0.1199, train_rmse-0.3463, valid_rmse-1.2326, valid_pr-0.7478
Validation : valid_rmse-1.2326, valid_pr-0.7478, 
test2013_rmse-1.2579, test2013_pr-0.8562, test2016_rmse-1.1581, test2016_pr-0.8542, test2019_rmse-1.3686, test2019_pr-0.6540
epoch-212, train_loss-0.1280, train_rmse-0.3577, valid_rmse-1.2392, valid_pr-0.7458
epoch-213, train_loss-0.1243, train_rmse-0.3526, valid_rmse-1.2420, valid_pr-0.7445
epoch-214, train_loss-0.1246, train_rmse-0.3530, valid_rmse-1.2371, valid_pr-0.7475
epoch-215, train_loss-0.1182, train_rmse-0.3438, valid_rmse-1.2349, valid_pr-0.7474
epoch-216, train_loss-0.1117, train_rmse-0.3342, valid_rmse-1.2336, valid_pr-0.7481
epoch-217, train_loss-0.1170, train_rmse-0.3421, valid_rmse-1.2416, valid_pr-0.7439
epoch-218, train_loss-0.1153, train_rmse-0.3396, valid_rmse-1.2456, valid_pr-0.7438
epoch-219, train_loss-0.1286, train_rmse-0.3586, valid_rmse-1.2387, valid_pr-0.7470
epoch-220, train_loss-0.1184, train_rmse-0.3440, valid_rmse-1.2384, valid_pr-0.7461
epoch-221, train_loss-0.1153, train_rmse-0.3395, valid_rmse-1.2429, valid_pr-0.7428
epoch-222, train_loss-0.1129, train_rmse-0.3360, valid_rmse-1.2390, valid_pr-0.7464
epoch-223, train_loss-0.1164, train_rmse-0.3411, valid_rmse-1.2400, valid_pr-0.7463
epoch-224, train_loss-0.1235, train_rmse-0.3514, valid_rmse-1.2351, valid_pr-0.7473
epoch-225, train_loss-0.1224, train_rmse-0.3499, valid_rmse-1.2425, valid_pr-0.7457
epoch-226, train_loss-0.1181, train_rmse-0.3437, valid_rmse-1.2379, valid_pr-0.7458
epoch-227, train_loss-0.1278, train_rmse-0.3575, valid_rmse-1.2389, valid_pr-0.7454
epoch-228, train_loss-0.1209, train_rmse-0.3477, valid_rmse-1.2430, valid_pr-0.7450
epoch-229, train_loss-0.1205, train_rmse-0.3471, valid_rmse-1.2502, valid_pr-0.7455
epoch-230, train_loss-0.1226, train_rmse-0.3501, valid_rmse-1.2367, valid_pr-0.7465
epoch-231, train_loss-0.1125, train_rmse-0.3354, valid_rmse-1.2422, valid_pr-0.7452
epoch-232, train_loss-0.1196, train_rmse-0.3458, valid_rmse-1.2481, valid_pr-0.7455
epoch-233, train_loss-0.1239, train_rmse-0.3520, valid_rmse-1.2427, valid_pr-0.7446
epoch-234, train_loss-0.1323, train_rmse-0.3637, valid_rmse-1.2432, valid_pr-0.7461
epoch-235, train_loss-0.1253, train_rmse-0.3540, valid_rmse-1.2415, valid_pr-0.7450
epoch-236, train_loss-0.1195, train_rmse-0.3456, valid_rmse-1.2550, valid_pr-0.7414
epoch-237, train_loss-0.1231, train_rmse-0.3508, valid_rmse-1.2697, valid_pr-0.7439
epoch-238, train_loss-0.1251, train_rmse-0.3537, valid_rmse-1.2446, valid_pr-0.7445
epoch-239, train_loss-0.1152, train_rmse-0.3394, valid_rmse-1.2344, valid_pr-0.7474
epoch-240, train_loss-0.1204, train_rmse-0.3470, valid_rmse-1.2399, valid_pr-0.7441
epoch-241, train_loss-0.1143, train_rmse-0.3381, valid_rmse-1.2383, valid_pr-0.7456
epoch-242, train_loss-0.1190, train_rmse-0.3449, valid_rmse-1.2441, valid_pr-0.7432
epoch-243, train_loss-0.1185, train_rmse-0.3442, valid_rmse-1.2453, valid_pr-0.7461
epoch-244, train_loss-0.1090, train_rmse-0.3302, valid_rmse-1.2376, valid_pr-0.7481
epoch-245, train_loss-0.1093, train_rmse-0.3306, valid_rmse-1.2353, valid_pr-0.7477
epoch-246, train_loss-0.1127, train_rmse-0.3357, valid_rmse-1.2319, valid_pr-0.7484
Validation : valid_rmse-1.2319, valid_pr-0.7484, 
test2013_rmse-1.2689, test2013_pr-0.8537, test2016_rmse-1.1598, test2016_pr-0.8530, test2019_rmse-1.3645, test2019_pr-0.6573
epoch-247, train_loss-0.1159, train_rmse-0.3405, valid_rmse-1.2418, valid_pr-0.7446
epoch-248, train_loss-0.1207, train_rmse-0.3474, valid_rmse-1.2351, valid_pr-0.7472
epoch-249, train_loss-0.1115, train_rmse-0.3339, valid_rmse-1.2310, valid_pr-0.7479
Validation : valid_rmse-1.2310, valid_pr-0.7479, 
test2013_rmse-1.2550, test2013_pr-0.8588, test2016_rmse-1.1703, test2016_pr-0.8498, test2019_rmse-1.3557, test2019_pr-0.6607
epoch-250, train_loss-0.1103, train_rmse-0.3321, valid_rmse-1.2288, valid_pr-0.7484
Validation : valid_rmse-1.2288, valid_pr-0.7484, 
test2013_rmse-1.2623, test2013_pr-0.8582, test2016_rmse-1.1661, test2016_pr-0.8532, test2019_rmse-1.3605, test2019_pr-0.6573
epoch-251, train_loss-0.1277, train_rmse-0.3573, valid_rmse-1.2266, valid_pr-0.7505
Validation : valid_rmse-1.2266, valid_pr-0.7505, 
test2013_rmse-1.2392, test2013_pr-0.8601, test2016_rmse-1.1578, test2016_pr-0.8522, test2019_rmse-1.3637, test2019_pr-0.6593
epoch-252, train_loss-0.1152, train_rmse-0.3395, valid_rmse-1.2331, valid_pr-0.7479
epoch-253, train_loss-0.1184, train_rmse-0.3441, valid_rmse-1.2402, valid_pr-0.7454
epoch-254, train_loss-0.1184, train_rmse-0.3440, valid_rmse-1.2340, valid_pr-0.7472
epoch-255, train_loss-0.1194, train_rmse-0.3455, valid_rmse-1.2299, valid_pr-0.7477
epoch-256, train_loss-0.1021, train_rmse-0.3196, valid_rmse-1.2397, valid_pr-0.7428
epoch-257, train_loss-0.1155, train_rmse-0.3398, valid_rmse-1.2462, valid_pr-0.7431
epoch-258, train_loss-0.1158, train_rmse-0.3403, valid_rmse-1.2381, valid_pr-0.7457
epoch-259, train_loss-0.1103, train_rmse-0.3321, valid_rmse-1.2407, valid_pr-0.7467
epoch-260, train_loss-0.1108, train_rmse-0.3329, valid_rmse-1.2352, valid_pr-0.7479
epoch-261, train_loss-0.1200, train_rmse-0.3465, valid_rmse-1.2457, valid_pr-0.7410
epoch-262, train_loss-0.1148, train_rmse-0.3388, valid_rmse-1.2323, valid_pr-0.7457
epoch-263, train_loss-0.1129, train_rmse-0.3360, valid_rmse-1.2366, valid_pr-0.7473
epoch-264, train_loss-0.1183, train_rmse-0.3440, valid_rmse-1.2411, valid_pr-0.7463
epoch-265, train_loss-0.1102, train_rmse-0.3319, valid_rmse-1.2423, valid_pr-0.7444
epoch-266, train_loss-0.1090, train_rmse-0.3302, valid_rmse-1.2420, valid_pr-0.7448
epoch-267, train_loss-0.1118, train_rmse-0.3343, valid_rmse-1.2379, valid_pr-0.7492
epoch-268, train_loss-0.1055, train_rmse-0.3248, valid_rmse-1.2347, valid_pr-0.7476
epoch-269, train_loss-0.1125, train_rmse-0.3354, valid_rmse-1.2453, valid_pr-0.7452
epoch-270, train_loss-0.1198, train_rmse-0.3461, valid_rmse-1.2410, valid_pr-0.7446
epoch-271, train_loss-0.1096, train_rmse-0.3311, valid_rmse-1.2382, valid_pr-0.7455
epoch-272, train_loss-0.1026, train_rmse-0.3204, valid_rmse-1.2394, valid_pr-0.7440
epoch-273, train_loss-0.1188, train_rmse-0.3446, valid_rmse-1.2486, valid_pr-0.7428
epoch-274, train_loss-0.1216, train_rmse-0.3488, valid_rmse-1.2408, valid_pr-0.7460
epoch-275, train_loss-0.1102, train_rmse-0.3319, valid_rmse-1.2341, valid_pr-0.7475
epoch-276, train_loss-0.1155, train_rmse-0.3399, valid_rmse-1.2428, valid_pr-0.7450
epoch-277, train_loss-0.1135, train_rmse-0.3369, valid_rmse-1.2356, valid_pr-0.7474
epoch-278, train_loss-0.1031, train_rmse-0.3211, valid_rmse-1.2350, valid_pr-0.7480
epoch-279, train_loss-0.1129, train_rmse-0.3361, valid_rmse-1.2347, valid_pr-0.7456
epoch-280, train_loss-0.1027, train_rmse-0.3204, valid_rmse-1.2415, valid_pr-0.7471
epoch-281, train_loss-0.1010, train_rmse-0.3179, valid_rmse-1.2316, valid_pr-0.7498
epoch-282, train_loss-0.1226, train_rmse-0.3501, valid_rmse-1.2285, valid_pr-0.7498
epoch-283, train_loss-0.1285, train_rmse-0.3585, valid_rmse-1.2299, valid_pr-0.7490
epoch-284, train_loss-0.1078, train_rmse-0.3283, valid_rmse-1.2379, valid_pr-0.7441
epoch-285, train_loss-0.1171, train_rmse-0.3422, valid_rmse-1.2343, valid_pr-0.7478
epoch-286, train_loss-0.1066, train_rmse-0.3265, valid_rmse-1.2434, valid_pr-0.7457
epoch-287, train_loss-0.1046, train_rmse-0.3234, valid_rmse-1.2382, valid_pr-0.7476
epoch-288, train_loss-0.1144, train_rmse-0.3383, valid_rmse-1.2290, valid_pr-0.7464
epoch-289, train_loss-0.1035, train_rmse-0.3217, valid_rmse-1.2311, valid_pr-0.7463
epoch-290, train_loss-0.1173, train_rmse-0.3426, valid_rmse-1.2327, valid_pr-0.7482
epoch-291, train_loss-0.1084, train_rmse-0.3292, valid_rmse-1.2399, valid_pr-0.7475
epoch-292, train_loss-0.1084, train_rmse-0.3292, valid_rmse-1.2355, valid_pr-0.7476
epoch-293, train_loss-0.1064, train_rmse-0.3263, valid_rmse-1.2282, valid_pr-0.7483
epoch-294, train_loss-0.1091, train_rmse-0.3304, valid_rmse-1.2320, valid_pr-0.7475
epoch-295, train_loss-0.1113, train_rmse-0.3336, valid_rmse-1.2421, valid_pr-0.7423
epoch-296, train_loss-0.1109, train_rmse-0.3330, valid_rmse-1.2327, valid_pr-0.7471
epoch-297, train_loss-0.1074, train_rmse-0.3277, valid_rmse-1.2326, valid_pr-0.7476
epoch-298, train_loss-0.1079, train_rmse-0.3285, valid_rmse-1.2369, valid_pr-0.7481
epoch-299, train_loss-0.1010, train_rmse-0.3178, valid_rmse-1.2383, valid_pr-0.7476
epoch-300, train_loss-0.1088, train_rmse-0.3298, valid_rmse-1.2376, valid_pr-0.7446
epoch-301, train_loss-0.1103, train_rmse-0.3321, valid_rmse-1.2396, valid_pr-0.7469
epoch-302, train_loss-0.1120, train_rmse-0.3346, valid_rmse-1.2376, valid_pr-0.7481
epoch-303, train_loss-0.1114, train_rmse-0.3338, valid_rmse-1.2360, valid_pr-0.7457
epoch-304, train_loss-0.1033, train_rmse-0.3214, valid_rmse-1.2360, valid_pr-0.7478
epoch-305, train_loss-0.0937, train_rmse-0.3060, valid_rmse-1.2359, valid_pr-0.7452
epoch-306, train_loss-0.0979, train_rmse-0.3129, valid_rmse-1.2315, valid_pr-0.7475
epoch-307, train_loss-0.0983, train_rmse-0.3135, valid_rmse-1.2259, valid_pr-0.7494
Validation : valid_rmse-1.2259, valid_pr-0.7494, 
test2013_rmse-1.2594, test2013_pr-0.8595, test2016_rmse-1.1652, test2016_pr-0.8527, test2019_rmse-1.3535, test2019_pr-0.6597
epoch-308, train_loss-0.1045, train_rmse-0.3233, valid_rmse-1.2312, valid_pr-0.7488
epoch-309, train_loss-0.0941, train_rmse-0.3068, valid_rmse-1.2311, valid_pr-0.7482
epoch-310, train_loss-0.1056, train_rmse-0.3249, valid_rmse-1.2284, valid_pr-0.7488
epoch-311, train_loss-0.0948, train_rmse-0.3080, valid_rmse-1.2295, valid_pr-0.7488
epoch-312, train_loss-0.1057, train_rmse-0.3250, valid_rmse-1.2321, valid_pr-0.7487
epoch-313, train_loss-0.1072, train_rmse-0.3273, valid_rmse-1.2303, valid_pr-0.7477
epoch-314, train_loss-0.0960, train_rmse-0.3099, valid_rmse-1.2367, valid_pr-0.7467
epoch-315, train_loss-0.0979, train_rmse-0.3128, valid_rmse-1.2319, valid_pr-0.7460
epoch-316, train_loss-0.0924, train_rmse-0.3039, valid_rmse-1.2359, valid_pr-0.7466
epoch-317, train_loss-0.0944, train_rmse-0.3073, valid_rmse-1.2278, valid_pr-0.7499
epoch-318, train_loss-0.1011, train_rmse-0.3180, valid_rmse-1.2307, valid_pr-0.7495
epoch-319, train_loss-0.0946, train_rmse-0.3075, valid_rmse-1.2299, valid_pr-0.7482
epoch-320, train_loss-0.0982, train_rmse-0.3134, valid_rmse-1.2272, valid_pr-0.7494
epoch-321, train_loss-0.0993, train_rmse-0.3151, valid_rmse-1.2280, valid_pr-0.7492
epoch-322, train_loss-0.1093, train_rmse-0.3306, valid_rmse-1.2270, valid_pr-0.7506
epoch-323, train_loss-0.0981, train_rmse-0.3133, valid_rmse-1.2318, valid_pr-0.7490
epoch-324, train_loss-0.0935, train_rmse-0.3058, valid_rmse-1.2282, valid_pr-0.7505
epoch-325, train_loss-0.0967, train_rmse-0.3110, valid_rmse-1.2288, valid_pr-0.7483
epoch-326, train_loss-0.0981, train_rmse-0.3132, valid_rmse-1.2301, valid_pr-0.7482
epoch-327, train_loss-0.0916, train_rmse-0.3027, valid_rmse-1.2293, valid_pr-0.7495
epoch-328, train_loss-0.0984, train_rmse-0.3138, valid_rmse-1.2299, valid_pr-0.7496
epoch-329, train_loss-0.0957, train_rmse-0.3093, valid_rmse-1.2224, valid_pr-0.7508
Validation : valid_rmse-1.2224, valid_pr-0.7508, 
test2013_rmse-1.2819, test2013_pr-0.8515, test2016_rmse-1.1739, test2016_pr-0.8494, test2019_rmse-1.3525, test2019_pr-0.6591
epoch-330, train_loss-0.0885, train_rmse-0.2974, valid_rmse-1.2254, valid_pr-0.7504
epoch-331, train_loss-0.0970, train_rmse-0.3114, valid_rmse-1.2346, valid_pr-0.7501
epoch-332, train_loss-0.0905, train_rmse-0.3008, valid_rmse-1.2264, valid_pr-0.7502
epoch-333, train_loss-0.0978, train_rmse-0.3127, valid_rmse-1.2368, valid_pr-0.7471
epoch-334, train_loss-0.0996, train_rmse-0.3155, valid_rmse-1.2288, valid_pr-0.7486
epoch-335, train_loss-0.1058, train_rmse-0.3253, valid_rmse-1.2297, valid_pr-0.7497
epoch-336, train_loss-0.0944, train_rmse-0.3072, valid_rmse-1.2386, valid_pr-0.7463
epoch-337, train_loss-0.1042, train_rmse-0.3228, valid_rmse-1.2225, valid_pr-0.7507
epoch-338, train_loss-0.0957, train_rmse-0.3093, valid_rmse-1.2251, valid_pr-0.7503
epoch-339, train_loss-0.0989, train_rmse-0.3146, valid_rmse-1.2239, valid_pr-0.7517
epoch-340, train_loss-0.0859, train_rmse-0.2931, valid_rmse-1.2251, valid_pr-0.7504
epoch-341, train_loss-0.0918, train_rmse-0.3030, valid_rmse-1.2257, valid_pr-0.7494
epoch-342, train_loss-0.0922, train_rmse-0.3036, valid_rmse-1.2301, valid_pr-0.7481
epoch-343, train_loss-0.0995, train_rmse-0.3154, valid_rmse-1.2266, valid_pr-0.7482
epoch-344, train_loss-0.0923, train_rmse-0.3038, valid_rmse-1.2324, valid_pr-0.7483
epoch-345, train_loss-0.0900, train_rmse-0.3000, valid_rmse-1.2290, valid_pr-0.7481
epoch-346, train_loss-0.1021, train_rmse-0.3196, valid_rmse-1.2353, valid_pr-0.7503
epoch-347, train_loss-0.0878, train_rmse-0.2963, valid_rmse-1.2259, valid_pr-0.7515
epoch-348, train_loss-0.0885, train_rmse-0.2976, valid_rmse-1.2256, valid_pr-0.7501
epoch-349, train_loss-0.0952, train_rmse-0.3085, valid_rmse-1.2222, valid_pr-0.7517
Validation : valid_rmse-1.2222, valid_pr-0.7517, 
test2013_rmse-1.2829, test2013_pr-0.8563, test2016_rmse-1.1849, test2016_pr-0.8510, test2019_rmse-1.3486, test2019_pr-0.6602
epoch-350, train_loss-0.0943, train_rmse-0.3070, valid_rmse-1.2255, valid_pr-0.7514
epoch-351, train_loss-0.0979, train_rmse-0.3129, valid_rmse-1.2236, valid_pr-0.7508
epoch-352, train_loss-0.0979, train_rmse-0.3129, valid_rmse-1.2283, valid_pr-0.7485
epoch-353, train_loss-0.0991, train_rmse-0.3148, valid_rmse-1.2276, valid_pr-0.7495
epoch-354, train_loss-0.0929, train_rmse-0.3049, valid_rmse-1.2242, valid_pr-0.7505
epoch-355, train_loss-0.0992, train_rmse-0.3149, valid_rmse-1.2306, valid_pr-0.7485
epoch-356, train_loss-0.0954, train_rmse-0.3089, valid_rmse-1.2283, valid_pr-0.7501
epoch-357, train_loss-0.0954, train_rmse-0.3089, valid_rmse-1.2282, valid_pr-0.7498
epoch-358, train_loss-0.1043, train_rmse-0.3229, valid_rmse-1.2327, valid_pr-0.7506
epoch-359, train_loss-0.0920, train_rmse-0.3033, valid_rmse-1.2253, valid_pr-0.7491
epoch-360, train_loss-0.0899, train_rmse-0.2998, valid_rmse-1.2271, valid_pr-0.7494
epoch-361, train_loss-0.0915, train_rmse-0.3025, valid_rmse-1.2250, valid_pr-0.7502
epoch-362, train_loss-0.0920, train_rmse-0.3033, valid_rmse-1.2269, valid_pr-0.7500
epoch-363, train_loss-0.0940, train_rmse-0.3066, valid_rmse-1.2239, valid_pr-0.7511
epoch-364, train_loss-0.0975, train_rmse-0.3122, valid_rmse-1.2304, valid_pr-0.7488
epoch-365, train_loss-0.1014, train_rmse-0.3185, valid_rmse-1.2340, valid_pr-0.7482
epoch-366, train_loss-0.0972, train_rmse-0.3118, valid_rmse-1.2281, valid_pr-0.7484
epoch-367, train_loss-0.0938, train_rmse-0.3063, valid_rmse-1.2264, valid_pr-0.7507
epoch-368, train_loss-0.0882, train_rmse-0.2969, valid_rmse-1.2260, valid_pr-0.7504
epoch-369, train_loss-0.0956, train_rmse-0.3092, valid_rmse-1.2308, valid_pr-0.7489
epoch-370, train_loss-0.0963, train_rmse-0.3104, valid_rmse-1.2218, valid_pr-0.7510
Validation : valid_rmse-1.2218, valid_pr-0.7510, 
test2013_rmse-1.2540, test2013_pr-0.8604, test2016_rmse-1.1612, test2016_pr-0.8527, test2019_rmse-1.3504, test2019_pr-0.6624
epoch-371, train_loss-0.0913, train_rmse-0.3022, valid_rmse-1.2302, valid_pr-0.7480
epoch-372, train_loss-0.0940, train_rmse-0.3065, valid_rmse-1.2311, valid_pr-0.7471
epoch-373, train_loss-0.0949, train_rmse-0.3081, valid_rmse-1.2241, valid_pr-0.7508
epoch-374, train_loss-0.0932, train_rmse-0.3053, valid_rmse-1.2270, valid_pr-0.7498
epoch-375, train_loss-0.0891, train_rmse-0.2985, valid_rmse-1.2328, valid_pr-0.7500
epoch-376, train_loss-0.1001, train_rmse-0.3163, valid_rmse-1.2324, valid_pr-0.7496
epoch-377, train_loss-0.0937, train_rmse-0.3062, valid_rmse-1.2282, valid_pr-0.7503
epoch-378, train_loss-0.0933, train_rmse-0.3054, valid_rmse-1.2297, valid_pr-0.7485
epoch-379, train_loss-0.0947, train_rmse-0.3078, valid_rmse-1.2224, valid_pr-0.7515
epoch-380, train_loss-0.0972, train_rmse-0.3117, valid_rmse-1.2203, valid_pr-0.7518
Validation : valid_rmse-1.2203, valid_pr-0.7518, 
test2013_rmse-1.2714, test2013_pr-0.8556, test2016_rmse-1.1746, test2016_pr-0.8493, test2019_rmse-1.3501, test2019_pr-0.6618
epoch-381, train_loss-0.0879, train_rmse-0.2966, valid_rmse-1.2258, valid_pr-0.7520
epoch-382, train_loss-0.0902, train_rmse-0.3003, valid_rmse-1.2238, valid_pr-0.7516
epoch-383, train_loss-0.0921, train_rmse-0.3035, valid_rmse-1.2212, valid_pr-0.7524
epoch-384, train_loss-0.0960, train_rmse-0.3098, valid_rmse-1.2258, valid_pr-0.7514
epoch-385, train_loss-0.0930, train_rmse-0.3049, valid_rmse-1.2243, valid_pr-0.7510
epoch-386, train_loss-0.0979, train_rmse-0.3129, valid_rmse-1.2227, valid_pr-0.7505
epoch-387, train_loss-0.0866, train_rmse-0.2942, valid_rmse-1.2252, valid_pr-0.7501
epoch-388, train_loss-0.0882, train_rmse-0.2969, valid_rmse-1.2311, valid_pr-0.7493
epoch-389, train_loss-0.1034, train_rmse-0.3215, valid_rmse-1.2304, valid_pr-0.7498
epoch-390, train_loss-0.0931, train_rmse-0.3051, valid_rmse-1.2228, valid_pr-0.7509
epoch-391, train_loss-0.0898, train_rmse-0.2996, valid_rmse-1.2226, valid_pr-0.7500
epoch-392, train_loss-0.0922, train_rmse-0.3036, valid_rmse-1.2268, valid_pr-0.7504
epoch-393, train_loss-0.0965, train_rmse-0.3106, valid_rmse-1.2297, valid_pr-0.7500
epoch-394, train_loss-0.0866, train_rmse-0.2943, valid_rmse-1.2270, valid_pr-0.7498
epoch-395, train_loss-0.0914, train_rmse-0.3024, valid_rmse-1.2211, valid_pr-0.7526
epoch-396, train_loss-0.0876, train_rmse-0.2960, valid_rmse-1.2364, valid_pr-0.7479
epoch-397, train_loss-0.0977, train_rmse-0.3125, valid_rmse-1.2324, valid_pr-0.7467
epoch-398, train_loss-0.0926, train_rmse-0.3043, valid_rmse-1.2231, valid_pr-0.7508
epoch-399, train_loss-0.0988, train_rmse-0.3143, valid_rmse-1.2290, valid_pr-0.7496
epoch-400, train_loss-0.0844, train_rmse-0.2905, valid_rmse-1.2265, valid_pr-0.7499
epoch-401, train_loss-0.0932, train_rmse-0.3053, valid_rmse-1.2243, valid_pr-0.7503
epoch-402, train_loss-0.0892, train_rmse-0.2986, valid_rmse-1.2281, valid_pr-0.7495
epoch-403, train_loss-0.0920, train_rmse-0.3033, valid_rmse-1.2300, valid_pr-0.7475
epoch-404, train_loss-0.1015, train_rmse-0.3185, valid_rmse-1.2275, valid_pr-0.7484
epoch-405, train_loss-0.0870, train_rmse-0.2950, valid_rmse-1.2292, valid_pr-0.7476
epoch-406, train_loss-0.0867, train_rmse-0.2945, valid_rmse-1.2279, valid_pr-0.7500
epoch-407, train_loss-0.0849, train_rmse-0.2914, valid_rmse-1.2303, valid_pr-0.7472
epoch-408, train_loss-0.1026, train_rmse-0.3203, valid_rmse-1.2306, valid_pr-0.7480
epoch-409, train_loss-0.0967, train_rmse-0.3110, valid_rmse-1.2282, valid_pr-0.7491
epoch-410, train_loss-0.0910, train_rmse-0.3017, valid_rmse-1.2300, valid_pr-0.7494
epoch-411, train_loss-0.0957, train_rmse-0.3093, valid_rmse-1.2289, valid_pr-0.7482
epoch-412, train_loss-0.0990, train_rmse-0.3146, valid_rmse-1.2263, valid_pr-0.7497
epoch-413, train_loss-0.1012, train_rmse-0.3182, valid_rmse-1.2272, valid_pr-0.7483
epoch-414, train_loss-0.0930, train_rmse-0.3049, valid_rmse-1.2308, valid_pr-0.7484
epoch-415, train_loss-0.0903, train_rmse-0.3005, valid_rmse-1.2237, valid_pr-0.7512
epoch-416, train_loss-0.0968, train_rmse-0.3112, valid_rmse-1.2218, valid_pr-0.7514
epoch-417, train_loss-0.0893, train_rmse-0.2988, valid_rmse-1.2237, valid_pr-0.7502
epoch-418, train_loss-0.0924, train_rmse-0.3039, valid_rmse-1.2296, valid_pr-0.7491
epoch-419, train_loss-0.0904, train_rmse-0.3007, valid_rmse-1.2337, valid_pr-0.7478
epoch-420, train_loss-0.0915, train_rmse-0.3024, valid_rmse-1.2317, valid_pr-0.7473
epoch-421, train_loss-0.0926, train_rmse-0.3044, valid_rmse-1.2260, valid_pr-0.7491
epoch-422, train_loss-0.0860, train_rmse-0.2933, valid_rmse-1.2277, valid_pr-0.7489
epoch-423, train_loss-0.0850, train_rmse-0.2916, valid_rmse-1.2310, valid_pr-0.7482
epoch-424, train_loss-0.0950, train_rmse-0.3081, valid_rmse-1.2303, valid_pr-0.7501
epoch-425, train_loss-0.0903, train_rmse-0.3004, valid_rmse-1.2231, valid_pr-0.7505
epoch-426, train_loss-0.0891, train_rmse-0.2985, valid_rmse-1.2267, valid_pr-0.7500
epoch-427, train_loss-0.0944, train_rmse-0.3072, valid_rmse-1.2316, valid_pr-0.7477
epoch-428, train_loss-0.0895, train_rmse-0.2991, valid_rmse-1.2294, valid_pr-0.7509
epoch-429, train_loss-0.0950, train_rmse-0.3083, valid_rmse-1.2230, valid_pr-0.7510
epoch-430, train_loss-0.0855, train_rmse-0.2924, valid_rmse-1.2208, valid_pr-0.7523
epoch-431, train_loss-0.0887, train_rmse-0.2979, valid_rmse-1.2315, valid_pr-0.7475
epoch-432, train_loss-0.0861, train_rmse-0.2935, valid_rmse-1.2240, valid_pr-0.7504
epoch-433, train_loss-0.0817, train_rmse-0.2858, valid_rmse-1.2250, valid_pr-0.7504
epoch-434, train_loss-0.0898, train_rmse-0.2996, valid_rmse-1.2274, valid_pr-0.7506
epoch-435, train_loss-0.0880, train_rmse-0.2967, valid_rmse-1.2253, valid_pr-0.7510
epoch-436, train_loss-0.0950, train_rmse-0.3082, valid_rmse-1.2229, valid_pr-0.7513
epoch-437, train_loss-0.0835, train_rmse-0.2889, valid_rmse-1.2232, valid_pr-0.7502
epoch-438, train_loss-0.0807, train_rmse-0.2842, valid_rmse-1.2229, valid_pr-0.7521
epoch-439, train_loss-0.0866, train_rmse-0.2942, valid_rmse-1.2219, valid_pr-0.7516
epoch-440, train_loss-0.0880, train_rmse-0.2966, valid_rmse-1.2254, valid_pr-0.7506
epoch-441, train_loss-0.0823, train_rmse-0.2868, valid_rmse-1.2254, valid_pr-0.7509
epoch-442, train_loss-0.0820, train_rmse-0.2863, valid_rmse-1.2223, valid_pr-0.7510
epoch-443, train_loss-0.0811, train_rmse-0.2848, valid_rmse-1.2221, valid_pr-0.7510
epoch-444, train_loss-0.0849, train_rmse-0.2914, valid_rmse-1.2247, valid_pr-0.7500
epoch-445, train_loss-0.0862, train_rmse-0.2936, valid_rmse-1.2264, valid_pr-0.7504
epoch-446, train_loss-0.0848, train_rmse-0.2911, valid_rmse-1.2255, valid_pr-0.7499
epoch-447, train_loss-0.0810, train_rmse-0.2846, valid_rmse-1.2199, valid_pr-0.7523
Validation : valid_rmse-1.2199, valid_pr-0.7523, 
test2013_rmse-1.2659, test2013_pr-0.8569, test2016_rmse-1.1527, test2016_pr-0.8563, test2019_rmse-1.3491, test2019_pr-0.6632
epoch-448, train_loss-0.0843, train_rmse-0.2903, valid_rmse-1.2217, valid_pr-0.7511
epoch-449, train_loss-0.0906, train_rmse-0.3010, valid_rmse-1.2245, valid_pr-0.7506
epoch-450, train_loss-0.0845, train_rmse-0.2907, valid_rmse-1.2236, valid_pr-0.7511
epoch-451, train_loss-0.0815, train_rmse-0.2855, valid_rmse-1.2253, valid_pr-0.7497
epoch-452, train_loss-0.0903, train_rmse-0.3005, valid_rmse-1.2278, valid_pr-0.7498
epoch-453, train_loss-0.0770, train_rmse-0.2774, valid_rmse-1.2271, valid_pr-0.7501
epoch-454, train_loss-0.0783, train_rmse-0.2798, valid_rmse-1.2290, valid_pr-0.7492
epoch-455, train_loss-0.0830, train_rmse-0.2881, valid_rmse-1.2265, valid_pr-0.7499
epoch-456, train_loss-0.0889, train_rmse-0.2982, valid_rmse-1.2258, valid_pr-0.7501
epoch-457, train_loss-0.0856, train_rmse-0.2926, valid_rmse-1.2316, valid_pr-0.7498
epoch-458, train_loss-0.0836, train_rmse-0.2891, valid_rmse-1.2265, valid_pr-0.7499
epoch-459, train_loss-0.0849, train_rmse-0.2914, valid_rmse-1.2235, valid_pr-0.7509
epoch-460, train_loss-0.0746, train_rmse-0.2732, valid_rmse-1.2235, valid_pr-0.7514
epoch-461, train_loss-0.0828, train_rmse-0.2877, valid_rmse-1.2283, valid_pr-0.7511
epoch-462, train_loss-0.0809, train_rmse-0.2845, valid_rmse-1.2252, valid_pr-0.7510
epoch-463, train_loss-0.0831, train_rmse-0.2883, valid_rmse-1.2236, valid_pr-0.7512
epoch-464, train_loss-0.0840, train_rmse-0.2898, valid_rmse-1.2212, valid_pr-0.7514
epoch-465, train_loss-0.0826, train_rmse-0.2873, valid_rmse-1.2214, valid_pr-0.7522
epoch-466, train_loss-0.0800, train_rmse-0.2829, valid_rmse-1.2217, valid_pr-0.7514
epoch-467, train_loss-0.0848, train_rmse-0.2911, valid_rmse-1.2243, valid_pr-0.7519
epoch-468, train_loss-0.0885, train_rmse-0.2975, valid_rmse-1.2243, valid_pr-0.7506
epoch-469, train_loss-0.0896, train_rmse-0.2993, valid_rmse-1.2212, valid_pr-0.7515
epoch-470, train_loss-0.0820, train_rmse-0.2863, valid_rmse-1.2225, valid_pr-0.7512
epoch-471, train_loss-0.0776, train_rmse-0.2787, valid_rmse-1.2247, valid_pr-0.7516
epoch-472, train_loss-0.0810, train_rmse-0.2846, valid_rmse-1.2215, valid_pr-0.7514
epoch-473, train_loss-0.0850, train_rmse-0.2916, valid_rmse-1.2236, valid_pr-0.7508
epoch-474, train_loss-0.0849, train_rmse-0.2913, valid_rmse-1.2268, valid_pr-0.7512
epoch-475, train_loss-0.0849, train_rmse-0.2914, valid_rmse-1.2220, valid_pr-0.7519
epoch-476, train_loss-0.0830, train_rmse-0.2881, valid_rmse-1.2235, valid_pr-0.7509
epoch-477, train_loss-0.0830, train_rmse-0.2882, valid_rmse-1.2203, valid_pr-0.7520
epoch-478, train_loss-0.0900, train_rmse-0.3000, valid_rmse-1.2190, valid_pr-0.7522
Validation : valid_rmse-1.2190, valid_pr-0.7522, 
test2013_rmse-1.2656, test2013_pr-0.8567, test2016_rmse-1.1584, test2016_pr-0.8552, test2019_rmse-1.3472, test2019_pr-0.6627
epoch-479, train_loss-0.0799, train_rmse-0.2827, valid_rmse-1.2243, valid_pr-0.7504
epoch-480, train_loss-0.0824, train_rmse-0.2871, valid_rmse-1.2258, valid_pr-0.7504
epoch-481, train_loss-0.0810, train_rmse-0.2847, valid_rmse-1.2288, valid_pr-0.7506
epoch-482, train_loss-0.0826, train_rmse-0.2873, valid_rmse-1.2232, valid_pr-0.7512
epoch-483, train_loss-0.0912, train_rmse-0.3021, valid_rmse-1.2216, valid_pr-0.7511
epoch-484, train_loss-0.0830, train_rmse-0.2881, valid_rmse-1.2249, valid_pr-0.7515
epoch-485, train_loss-0.0873, train_rmse-0.2954, valid_rmse-1.2261, valid_pr-0.7504
epoch-486, train_loss-0.0810, train_rmse-0.2845, valid_rmse-1.2255, valid_pr-0.7499
epoch-487, train_loss-0.0846, train_rmse-0.2908, valid_rmse-1.2256, valid_pr-0.7502
epoch-488, train_loss-0.0822, train_rmse-0.2867, valid_rmse-1.2234, valid_pr-0.7513
epoch-489, train_loss-0.0815, train_rmse-0.2855, valid_rmse-1.2282, valid_pr-0.7509
epoch-490, train_loss-0.0922, train_rmse-0.3036, valid_rmse-1.2255, valid_pr-0.7518
epoch-491, train_loss-0.0844, train_rmse-0.2905, valid_rmse-1.2274, valid_pr-0.7506
epoch-492, train_loss-0.0899, train_rmse-0.2998, valid_rmse-1.2220, valid_pr-0.7513
epoch-493, train_loss-0.0820, train_rmse-0.2864, valid_rmse-1.2234, valid_pr-0.7511
epoch-494, train_loss-0.0805, train_rmse-0.2837, valid_rmse-1.2246, valid_pr-0.7508
epoch-495, train_loss-0.0806, train_rmse-0.2839, valid_rmse-1.2256, valid_pr-0.7505
epoch-496, train_loss-0.0897, train_rmse-0.2994, valid_rmse-1.2260, valid_pr-0.7513
epoch-497, train_loss-0.0828, train_rmse-0.2877, valid_rmse-1.2254, valid_pr-0.7513
epoch-498, train_loss-0.0830, train_rmse-0.2881, valid_rmse-1.2254, valid_pr-0.7501
epoch-499, train_loss-0.0837, train_rmse-0.2892, valid_rmse-1.2234, valid_pr-0.7518
epoch-500, train_loss-0.0787, train_rmse-0.2805, valid_rmse-1.2237, valid_pr-0.7514
epoch-501, train_loss-0.0813, train_rmse-0.2850, valid_rmse-1.2238, valid_pr-0.7504
epoch-502, train_loss-0.0845, train_rmse-0.2907, valid_rmse-1.2245, valid_pr-0.7512
epoch-503, train_loss-0.0807, train_rmse-0.2841, valid_rmse-1.2244, valid_pr-0.7504
epoch-504, train_loss-0.0826, train_rmse-0.2874, valid_rmse-1.2215, valid_pr-0.7512
epoch-505, train_loss-0.0841, train_rmse-0.2900, valid_rmse-1.2263, valid_pr-0.7503
epoch-506, train_loss-0.0890, train_rmse-0.2983, valid_rmse-1.2224, valid_pr-0.7510
epoch-507, train_loss-0.0815, train_rmse-0.2855, valid_rmse-1.2238, valid_pr-0.7515
epoch-508, train_loss-0.0935, train_rmse-0.3058, valid_rmse-1.2238, valid_pr-0.7517
epoch-509, train_loss-0.0851, train_rmse-0.2917, valid_rmse-1.2236, valid_pr-0.7518
epoch-510, train_loss-0.0794, train_rmse-0.2818, valid_rmse-1.2188, valid_pr-0.7526
Validation : valid_rmse-1.2188, valid_pr-0.7526, 
test2013_rmse-1.2728, test2013_pr-0.8568, test2016_rmse-1.1571, test2016_pr-0.8564, test2019_rmse-1.3438, test2019_pr-0.6646
epoch-511, train_loss-0.0828, train_rmse-0.2877, valid_rmse-1.2193, valid_pr-0.7528
epoch-512, train_loss-0.0822, train_rmse-0.2867, valid_rmse-1.2203, valid_pr-0.7527
epoch-513, train_loss-0.0891, train_rmse-0.2986, valid_rmse-1.2267, valid_pr-0.7517
epoch-514, train_loss-0.0874, train_rmse-0.2956, valid_rmse-1.2279, valid_pr-0.7508
epoch-515, train_loss-0.0770, train_rmse-0.2775, valid_rmse-1.2234, valid_pr-0.7506
epoch-516, train_loss-0.0835, train_rmse-0.2890, valid_rmse-1.2252, valid_pr-0.7504
epoch-517, train_loss-0.0874, train_rmse-0.2956, valid_rmse-1.2263, valid_pr-0.7507
epoch-518, train_loss-0.0842, train_rmse-0.2902, valid_rmse-1.2196, valid_pr-0.7520
epoch-519, train_loss-0.0850, train_rmse-0.2916, valid_rmse-1.2206, valid_pr-0.7518
epoch-520, train_loss-0.0787, train_rmse-0.2805, valid_rmse-1.2243, valid_pr-0.7509
epoch-521, train_loss-0.0835, train_rmse-0.2889, valid_rmse-1.2284, valid_pr-0.7499
epoch-522, train_loss-0.0832, train_rmse-0.2885, valid_rmse-1.2245, valid_pr-0.7511
epoch-523, train_loss-0.0894, train_rmse-0.2989, valid_rmse-1.2269, valid_pr-0.7513
epoch-524, train_loss-0.0815, train_rmse-0.2855, valid_rmse-1.2272, valid_pr-0.7506
epoch-525, train_loss-0.0839, train_rmse-0.2897, valid_rmse-1.2240, valid_pr-0.7508
epoch-526, train_loss-0.0843, train_rmse-0.2904, valid_rmse-1.2245, valid_pr-0.7517
epoch-527, train_loss-0.0863, train_rmse-0.2937, valid_rmse-1.2229, valid_pr-0.7513
epoch-528, train_loss-0.0801, train_rmse-0.2830, valid_rmse-1.2218, valid_pr-0.7523
epoch-529, train_loss-0.0812, train_rmse-0.2850, valid_rmse-1.2206, valid_pr-0.7515
epoch-530, train_loss-0.0802, train_rmse-0.2831, valid_rmse-1.2199, valid_pr-0.7513
epoch-531, train_loss-0.0804, train_rmse-0.2835, valid_rmse-1.2261, valid_pr-0.7509
epoch-532, train_loss-0.0834, train_rmse-0.2888, valid_rmse-1.2231, valid_pr-0.7511
epoch-533, train_loss-0.0787, train_rmse-0.2805, valid_rmse-1.2237, valid_pr-0.7517
epoch-534, train_loss-0.0905, train_rmse-0.3009, valid_rmse-1.2242, valid_pr-0.7512
epoch-535, train_loss-0.0787, train_rmse-0.2805, valid_rmse-1.2214, valid_pr-0.7517
epoch-536, train_loss-0.0828, train_rmse-0.2877, valid_rmse-1.2232, valid_pr-0.7510
epoch-537, train_loss-0.0793, train_rmse-0.2816, valid_rmse-1.2188, valid_pr-0.7522
epoch-538, train_loss-0.0868, train_rmse-0.2947, valid_rmse-1.2236, valid_pr-0.7514
epoch-539, train_loss-0.0830, train_rmse-0.2881, valid_rmse-1.2222, valid_pr-0.7518
epoch-540, train_loss-0.0912, train_rmse-0.3020, valid_rmse-1.2235, valid_pr-0.7525
epoch-541, train_loss-0.0797, train_rmse-0.2824, valid_rmse-1.2233, valid_pr-0.7522
epoch-542, train_loss-0.0739, train_rmse-0.2718, valid_rmse-1.2225, valid_pr-0.7517
epoch-543, train_loss-0.0768, train_rmse-0.2771, valid_rmse-1.2248, valid_pr-0.7514
epoch-544, train_loss-0.0834, train_rmse-0.2887, valid_rmse-1.2264, valid_pr-0.7514
epoch-545, train_loss-0.0790, train_rmse-0.2810, valid_rmse-1.2192, valid_pr-0.7524
epoch-546, train_loss-0.0845, train_rmse-0.2907, valid_rmse-1.2205, valid_pr-0.7529
epoch-547, train_loss-0.0754, train_rmse-0.2745, valid_rmse-1.2203, valid_pr-0.7523
epoch-548, train_loss-0.0805, train_rmse-0.2838, valid_rmse-1.2230, valid_pr-0.7516
epoch-549, train_loss-0.0824, train_rmse-0.2871, valid_rmse-1.2235, valid_pr-0.7520
epoch-550, train_loss-0.0874, train_rmse-0.2957, valid_rmse-1.2182, valid_pr-0.7533
Validation : valid_rmse-1.2182, valid_pr-0.7533, 
test2013_rmse-1.2749, test2013_pr-0.8578, test2016_rmse-1.1664, test2016_pr-0.8567, test2019_rmse-1.3448, test2019_pr-0.6632
epoch-551, train_loss-0.0817, train_rmse-0.2859, valid_rmse-1.2207, valid_pr-0.7525
epoch-552, train_loss-0.0795, train_rmse-0.2820, valid_rmse-1.2194, valid_pr-0.7528
epoch-553, train_loss-0.0899, train_rmse-0.2998, valid_rmse-1.2204, valid_pr-0.7519
epoch-554, train_loss-0.0839, train_rmse-0.2896, valid_rmse-1.2202, valid_pr-0.7533
epoch-555, train_loss-0.0806, train_rmse-0.2839, valid_rmse-1.2227, valid_pr-0.7520
epoch-556, train_loss-0.0834, train_rmse-0.2889, valid_rmse-1.2226, valid_pr-0.7519
epoch-557, train_loss-0.0838, train_rmse-0.2894, valid_rmse-1.2225, valid_pr-0.7518
epoch-558, train_loss-0.0783, train_rmse-0.2798, valid_rmse-1.2186, valid_pr-0.7538
epoch-559, train_loss-0.0845, train_rmse-0.2907, valid_rmse-1.2162, valid_pr-0.7545
Validation : valid_rmse-1.2162, valid_pr-0.7545, 
test2013_rmse-1.2661, test2013_pr-0.8568, test2016_rmse-1.1582, test2016_pr-0.8551, test2019_rmse-1.3441, test2019_pr-0.6660
epoch-560, train_loss-0.0848, train_rmse-0.2912, valid_rmse-1.2152, valid_pr-0.7541
Validation : valid_rmse-1.2152, valid_pr-0.7541, 
test2013_rmse-1.2782, test2013_pr-0.8563, test2016_rmse-1.1699, test2016_pr-0.8542, test2019_rmse-1.3438, test2019_pr-0.6636
epoch-561, train_loss-0.0854, train_rmse-0.2922, valid_rmse-1.2175, valid_pr-0.7540
epoch-562, train_loss-0.0824, train_rmse-0.2870, valid_rmse-1.2189, valid_pr-0.7535
epoch-563, train_loss-0.0811, train_rmse-0.2848, valid_rmse-1.2179, valid_pr-0.7531
epoch-564, train_loss-0.0880, train_rmse-0.2967, valid_rmse-1.2191, valid_pr-0.7529
epoch-565, train_loss-0.0813, train_rmse-0.2851, valid_rmse-1.2203, valid_pr-0.7531
epoch-566, train_loss-0.0854, train_rmse-0.2923, valid_rmse-1.2216, valid_pr-0.7519
epoch-567, train_loss-0.0779, train_rmse-0.2791, valid_rmse-1.2218, valid_pr-0.7517
epoch-568, train_loss-0.0789, train_rmse-0.2809, valid_rmse-1.2200, valid_pr-0.7524
epoch-569, train_loss-0.0795, train_rmse-0.2820, valid_rmse-1.2229, valid_pr-0.7520
epoch-570, train_loss-0.0778, train_rmse-0.2789, valid_rmse-1.2228, valid_pr-0.7523
epoch-571, train_loss-0.0859, train_rmse-0.2931, valid_rmse-1.2228, valid_pr-0.7520
epoch-572, train_loss-0.0769, train_rmse-0.2773, valid_rmse-1.2246, valid_pr-0.7523
epoch-573, train_loss-0.0795, train_rmse-0.2819, valid_rmse-1.2199, valid_pr-0.7520
epoch-574, train_loss-0.0764, train_rmse-0.2764, valid_rmse-1.2204, valid_pr-0.7524
epoch-575, train_loss-0.0846, train_rmse-0.2909, valid_rmse-1.2206, valid_pr-0.7528
epoch-576, train_loss-0.0783, train_rmse-0.2798, valid_rmse-1.2203, valid_pr-0.7523
epoch-577, train_loss-0.0843, train_rmse-0.2904, valid_rmse-1.2204, valid_pr-0.7529
epoch-578, train_loss-0.0750, train_rmse-0.2739, valid_rmse-1.2162, valid_pr-0.7539
epoch-579, train_loss-0.0863, train_rmse-0.2938, valid_rmse-1.2159, valid_pr-0.7537
epoch-580, train_loss-0.0825, train_rmse-0.2872, valid_rmse-1.2174, valid_pr-0.7530
epoch-581, train_loss-0.0796, train_rmse-0.2821, valid_rmse-1.2185, valid_pr-0.7527
epoch-582, train_loss-0.0782, train_rmse-0.2796, valid_rmse-1.2211, valid_pr-0.7518
epoch-583, train_loss-0.0851, train_rmse-0.2917, valid_rmse-1.2187, valid_pr-0.7525
epoch-584, train_loss-0.0818, train_rmse-0.2859, valid_rmse-1.2177, valid_pr-0.7537
epoch-585, train_loss-0.0833, train_rmse-0.2887, valid_rmse-1.2208, valid_pr-0.7519
epoch-586, train_loss-0.0788, train_rmse-0.2807, valid_rmse-1.2210, valid_pr-0.7530
epoch-587, train_loss-0.0811, train_rmse-0.2847, valid_rmse-1.2216, valid_pr-0.7515
epoch-588, train_loss-0.0834, train_rmse-0.2887, valid_rmse-1.2214, valid_pr-0.7543
epoch-589, train_loss-0.0824, train_rmse-0.2871, valid_rmse-1.2233, valid_pr-0.7514
epoch-590, train_loss-0.0781, train_rmse-0.2794, valid_rmse-1.2227, valid_pr-0.7508
epoch-591, train_loss-0.0829, train_rmse-0.2879, valid_rmse-1.2237, valid_pr-0.7521
epoch-592, train_loss-0.0790, train_rmse-0.2811, valid_rmse-1.2212, valid_pr-0.7525
epoch-593, train_loss-0.0821, train_rmse-0.2866, valid_rmse-1.2157, valid_pr-0.7539
epoch-594, train_loss-0.0809, train_rmse-0.2844, valid_rmse-1.2218, valid_pr-0.7530
epoch-595, train_loss-0.0850, train_rmse-0.2916, valid_rmse-1.2180, valid_pr-0.7538
epoch-596, train_loss-0.0825, train_rmse-0.2873, valid_rmse-1.2186, valid_pr-0.7536
epoch-597, train_loss-0.0773, train_rmse-0.2780, valid_rmse-1.2163, valid_pr-0.7531
epoch-598, train_loss-0.0789, train_rmse-0.2809, valid_rmse-1.2206, valid_pr-0.7517
epoch-599, train_loss-0.0815, train_rmse-0.2855, valid_rmse-1.2227, valid_pr-0.7515
epoch-600, train_loss-0.0766, train_rmse-0.2767, valid_rmse-1.2191, valid_pr-0.7528
epoch-601, train_loss-0.0875, train_rmse-0.2959, valid_rmse-1.2169, valid_pr-0.7534
epoch-602, train_loss-0.0830, train_rmse-0.2881, valid_rmse-1.2244, valid_pr-0.7531
epoch-603, train_loss-0.0760, train_rmse-0.2757, valid_rmse-1.2179, valid_pr-0.7531
epoch-604, train_loss-0.0747, train_rmse-0.2734, valid_rmse-1.2207, valid_pr-0.7532
epoch-605, train_loss-0.0838, train_rmse-0.2895, valid_rmse-1.2191, valid_pr-0.7526
epoch-606, train_loss-0.0855, train_rmse-0.2923, valid_rmse-1.2238, valid_pr-0.7535
epoch-607, train_loss-0.0792, train_rmse-0.2815, valid_rmse-1.2173, valid_pr-0.7541
epoch-608, train_loss-0.0779, train_rmse-0.2792, valid_rmse-1.2177, valid_pr-0.7529
epoch-609, train_loss-0.0813, train_rmse-0.2852, valid_rmse-1.2213, valid_pr-0.7527
epoch-610, train_loss-0.0876, train_rmse-0.2960, valid_rmse-1.2172, valid_pr-0.7528
epoch-611, train_loss-0.0826, train_rmse-0.2873, valid_rmse-1.2202, valid_pr-0.7529
epoch-612, train_loss-0.0765, train_rmse-0.2766, valid_rmse-1.2211, valid_pr-0.7525
epoch-613, train_loss-0.0771, train_rmse-0.2777, valid_rmse-1.2188, valid_pr-0.7528
epoch-614, train_loss-0.0813, train_rmse-0.2852, valid_rmse-1.2203, valid_pr-0.7530
epoch-615, train_loss-0.0786, train_rmse-0.2803, valid_rmse-1.2184, valid_pr-0.7532
epoch-616, train_loss-0.0743, train_rmse-0.2726, valid_rmse-1.2162, valid_pr-0.7542
epoch-617, train_loss-0.0776, train_rmse-0.2786, valid_rmse-1.2184, valid_pr-0.7533
epoch-618, train_loss-0.0777, train_rmse-0.2788, valid_rmse-1.2182, valid_pr-0.7531
epoch-619, train_loss-0.0743, train_rmse-0.2725, valid_rmse-1.2170, valid_pr-0.7536
epoch-620, train_loss-0.0821, train_rmse-0.2865, valid_rmse-1.2163, valid_pr-0.7533
epoch-621, train_loss-0.0799, train_rmse-0.2827, valid_rmse-1.2180, valid_pr-0.7533
epoch-622, train_loss-0.0917, train_rmse-0.3028, valid_rmse-1.2180, valid_pr-0.7534
epoch-623, train_loss-0.0749, train_rmse-0.2737, valid_rmse-1.2176, valid_pr-0.7533
epoch-624, train_loss-0.0821, train_rmse-0.2866, valid_rmse-1.2171, valid_pr-0.7537
epoch-625, train_loss-0.0723, train_rmse-0.2689, valid_rmse-1.2166, valid_pr-0.7535
epoch-626, train_loss-0.0813, train_rmse-0.2852, valid_rmse-1.2200, valid_pr-0.7536
epoch-627, train_loss-0.0845, train_rmse-0.2907, valid_rmse-1.2163, valid_pr-0.7537
epoch-628, train_loss-0.0729, train_rmse-0.2699, valid_rmse-1.2169, valid_pr-0.7540
epoch-629, train_loss-0.0772, train_rmse-0.2779, valid_rmse-1.2174, valid_pr-0.7533
epoch-630, train_loss-0.0865, train_rmse-0.2940, valid_rmse-1.2180, valid_pr-0.7527
epoch-631, train_loss-0.0783, train_rmse-0.2798, valid_rmse-1.2199, valid_pr-0.7526
epoch-632, train_loss-0.0750, train_rmse-0.2739, valid_rmse-1.2210, valid_pr-0.7527
epoch-633, train_loss-0.0846, train_rmse-0.2909, valid_rmse-1.2184, valid_pr-0.7521
epoch-634, train_loss-0.0780, train_rmse-0.2793, valid_rmse-1.2185, valid_pr-0.7531
epoch-635, train_loss-0.0764, train_rmse-0.2763, valid_rmse-1.2184, valid_pr-0.7532
epoch-636, train_loss-0.0756, train_rmse-0.2749, valid_rmse-1.2185, valid_pr-0.7532
epoch-637, train_loss-0.0788, train_rmse-0.2807, valid_rmse-1.2199, valid_pr-0.7532
epoch-638, train_loss-0.0738, train_rmse-0.2716, valid_rmse-1.2214, valid_pr-0.7526
epoch-639, train_loss-0.0825, train_rmse-0.2872, valid_rmse-1.2199, valid_pr-0.7528
epoch-640, train_loss-0.0751, train_rmse-0.2740, valid_rmse-1.2196, valid_pr-0.7526
epoch-641, train_loss-0.0771, train_rmse-0.2776, valid_rmse-1.2186, valid_pr-0.7532
epoch-642, train_loss-0.0826, train_rmse-0.2875, valid_rmse-1.2195, valid_pr-0.7525
epoch-643, train_loss-0.0897, train_rmse-0.2994, valid_rmse-1.2204, valid_pr-0.7528
epoch-644, train_loss-0.0750, train_rmse-0.2739, valid_rmse-1.2182, valid_pr-0.7534
epoch-645, train_loss-0.0754, train_rmse-0.2746, valid_rmse-1.2211, valid_pr-0.7524
epoch-646, train_loss-0.0786, train_rmse-0.2804, valid_rmse-1.2209, valid_pr-0.7523
epoch-647, train_loss-0.0724, train_rmse-0.2691, valid_rmse-1.2179, valid_pr-0.7534
epoch-648, train_loss-0.0757, train_rmse-0.2752, valid_rmse-1.2200, valid_pr-0.7526
epoch-649, train_loss-0.0806, train_rmse-0.2839, valid_rmse-1.2240, valid_pr-0.7516
epoch-650, train_loss-0.0781, train_rmse-0.2795, valid_rmse-1.2196, valid_pr-0.7526
epoch-651, train_loss-0.0683, train_rmse-0.2613, valid_rmse-1.2182, valid_pr-0.7530
epoch-652, train_loss-0.0776, train_rmse-0.2786, valid_rmse-1.2194, valid_pr-0.7524
epoch-653, train_loss-0.0765, train_rmse-0.2766, valid_rmse-1.2195, valid_pr-0.7529
epoch-654, train_loss-0.0815, train_rmse-0.2854, valid_rmse-1.2199, valid_pr-0.7524
epoch-655, train_loss-0.0753, train_rmse-0.2745, valid_rmse-1.2213, valid_pr-0.7522
epoch-656, train_loss-0.0756, train_rmse-0.2749, valid_rmse-1.2207, valid_pr-0.7519
epoch-657, train_loss-0.0867, train_rmse-0.2944, valid_rmse-1.2238, valid_pr-0.7523
epoch-658, train_loss-0.0762, train_rmse-0.2761, valid_rmse-1.2267, valid_pr-0.7516
epoch-659, train_loss-0.0756, train_rmse-0.2749, valid_rmse-1.2213, valid_pr-0.7516
epoch-660, train_loss-0.0816, train_rmse-0.2857, valid_rmse-1.2209, valid_pr-0.7521
epoch-661, train_loss-0.0738, train_rmse-0.2717, valid_rmse-1.2187, valid_pr-0.7529
early stop in epoch 661
best_rmse: 1.2152
valid_rmse-1.2152, valid_pr-0.7541, test2013_rmse-1.2782, test2013_pr-0.8563, test2016_rmse-1.1699, test2016_pr-0.8542, test2019_rmse-1.3438, test2019_pr-0.6636
