ours-lrs-0.001-abl-g-d-1, lr=0.001, seed=849
train_GIGN.py
train data: 11904
valid data: 1000
test2013 data: 107
test2016 data: 285
test2019 data: 4366
GIGN params # : 805417
epoch-0, train_loss-14.5552, train_rmse-3.8151, valid_rmse-2.1465, valid_pr-0.3994
Validation : valid_rmse-2.1465, valid_pr-0.3994, 
test2013_rmse-2.3906, test2013_pr-0.4528, test2016_rmse-2.1363, test2016_pr-0.5286, test2019_rmse-1.9800, test2019_pr-0.4298
epoch-1, train_loss-2.6446, train_rmse-1.6262, valid_rmse-1.5543, valid_pr-0.5740
Validation : valid_rmse-1.5543, valid_pr-0.5740, 
test2013_rmse-1.5567, test2013_pr-0.7499, test2016_rmse-1.5184, test2016_pr-0.7192, test2019_rmse-1.5356, test2019_pr-0.5629
epoch-2, train_loss-2.3240, train_rmse-1.5245, valid_rmse-1.4954, valid_pr-0.6271
Validation : valid_rmse-1.4954, valid_pr-0.6271, 
test2013_rmse-1.6159, test2013_pr-0.7668, test2016_rmse-1.5143, test2016_pr-0.7635, test2019_rmse-1.4453, test2019_pr-0.6132
epoch-3, train_loss-2.2414, train_rmse-1.4971, valid_rmse-1.5844, valid_pr-0.5507
epoch-4, train_loss-2.0535, train_rmse-1.4330, valid_rmse-1.5208, valid_pr-0.5785
epoch-5, train_loss-1.9179, train_rmse-1.3849, valid_rmse-1.4292, valid_pr-0.6464
Validation : valid_rmse-1.4292, valid_pr-0.6464, 
test2013_rmse-1.5180, test2013_pr-0.7709, test2016_rmse-1.3645, test2016_pr-0.7875, test2019_rmse-1.4039, test2019_pr-0.6377
epoch-6, train_loss-1.8545, train_rmse-1.3618, valid_rmse-1.4825, valid_pr-0.6626
epoch-7, train_loss-1.7800, train_rmse-1.3342, valid_rmse-1.3882, valid_pr-0.6811
Validation : valid_rmse-1.3882, valid_pr-0.6811, 
test2013_rmse-1.3800, test2013_pr-0.8211, test2016_rmse-1.2766, test2016_pr-0.8138, test2019_rmse-1.4094, test2019_pr-0.6504
epoch-8, train_loss-1.7283, train_rmse-1.3146, valid_rmse-1.4245, valid_pr-0.6672
epoch-9, train_loss-1.5726, train_rmse-1.2541, valid_rmse-1.4884, valid_pr-0.6174
epoch-10, train_loss-1.4812, train_rmse-1.2170, valid_rmse-1.3770, valid_pr-0.6976
Validation : valid_rmse-1.3770, valid_pr-0.6976, 
test2013_rmse-1.3227, test2013_pr-0.8264, test2016_rmse-1.3029, test2016_pr-0.8004, test2019_rmse-1.4482, test2019_pr-0.6257
epoch-11, train_loss-1.4568, train_rmse-1.2070, valid_rmse-1.7372, valid_pr-0.5595
epoch-12, train_loss-1.3466, train_rmse-1.1604, valid_rmse-1.3545, valid_pr-0.7055
Validation : valid_rmse-1.3545, valid_pr-0.7055, 
test2013_rmse-1.3054, test2013_pr-0.8336, test2016_rmse-1.2377, test2016_pr-0.8221, test2019_rmse-1.4266, test2019_pr-0.6486
epoch-13, train_loss-1.2430, train_rmse-1.1149, valid_rmse-1.6453, valid_pr-0.6378
epoch-14, train_loss-1.2302, train_rmse-1.1092, valid_rmse-1.7654, valid_pr-0.6305
epoch-15, train_loss-1.1260, train_rmse-1.0611, valid_rmse-1.4033, valid_pr-0.6619
epoch-16, train_loss-1.0713, train_rmse-1.0350, valid_rmse-1.3848, valid_pr-0.7012
epoch-17, train_loss-0.9741, train_rmse-0.9870, valid_rmse-1.4748, valid_pr-0.6771
epoch-18, train_loss-0.9005, train_rmse-0.9490, valid_rmse-1.4863, valid_pr-0.6753
epoch-19, train_loss-0.8634, train_rmse-0.9292, valid_rmse-1.4772, valid_pr-0.6566
epoch-20, train_loss-0.8052, train_rmse-0.8973, valid_rmse-1.4459, valid_pr-0.6909
epoch-21, train_loss-0.8162, train_rmse-0.9035, valid_rmse-1.4390, valid_pr-0.6813
epoch-22, train_loss-0.7692, train_rmse-0.8771, valid_rmse-1.4719, valid_pr-0.6646
epoch-23, train_loss-0.7502, train_rmse-0.8661, valid_rmse-1.4329, valid_pr-0.7129
epoch-24, train_loss-0.6891, train_rmse-0.8301, valid_rmse-1.4631, valid_pr-0.6892
epoch-25, train_loss-0.6468, train_rmse-0.8042, valid_rmse-1.3854, valid_pr-0.7058
epoch-26, train_loss-0.6302, train_rmse-0.7939, valid_rmse-1.6011, valid_pr-0.6638
epoch-27, train_loss-0.6350, train_rmse-0.7968, valid_rmse-1.3565, valid_pr-0.6887
epoch-28, train_loss-0.5897, train_rmse-0.7679, valid_rmse-1.4775, valid_pr-0.6987
epoch-29, train_loss-0.5839, train_rmse-0.7641, valid_rmse-1.7981, valid_pr-0.6965
epoch-30, train_loss-0.5767, train_rmse-0.7594, valid_rmse-1.4098, valid_pr-0.7024
epoch-31, train_loss-0.5300, train_rmse-0.7280, valid_rmse-1.3522, valid_pr-0.7097
Validation : valid_rmse-1.3522, valid_pr-0.7097, 
test2013_rmse-1.4796, test2013_pr-0.7762, test2016_rmse-1.3647, test2016_pr-0.7795, test2019_rmse-1.4888, test2019_pr-0.6042
epoch-32, train_loss-0.5267, train_rmse-0.7257, valid_rmse-1.3587, valid_pr-0.7091
epoch-33, train_loss-0.4733, train_rmse-0.6880, valid_rmse-1.3403, valid_pr-0.7103
Validation : valid_rmse-1.3403, valid_pr-0.7103, 
test2013_rmse-1.4293, test2013_pr-0.7963, test2016_rmse-1.2950, test2016_pr-0.8070, test2019_rmse-1.4905, test2019_pr-0.6037
epoch-34, train_loss-0.4788, train_rmse-0.6920, valid_rmse-1.3762, valid_pr-0.7091
epoch-35, train_loss-0.4687, train_rmse-0.6846, valid_rmse-1.4739, valid_pr-0.7068
epoch-36, train_loss-0.4648, train_rmse-0.6817, valid_rmse-1.3556, valid_pr-0.7053
epoch-37, train_loss-0.4683, train_rmse-0.6843, valid_rmse-1.3082, valid_pr-0.7233
Validation : valid_rmse-1.3082, valid_pr-0.7233, 
test2013_rmse-1.4137, test2013_pr-0.7960, test2016_rmse-1.2418, test2016_pr-0.8203, test2019_rmse-1.4590, test2019_pr-0.6275
epoch-38, train_loss-0.4461, train_rmse-0.6679, valid_rmse-1.3852, valid_pr-0.6924
epoch-39, train_loss-0.4311, train_rmse-0.6566, valid_rmse-1.3791, valid_pr-0.6898
epoch-40, train_loss-0.4096, train_rmse-0.6400, valid_rmse-1.3910, valid_pr-0.7245
epoch-41, train_loss-0.3991, train_rmse-0.6318, valid_rmse-1.3457, valid_pr-0.7112
epoch-42, train_loss-0.4037, train_rmse-0.6354, valid_rmse-1.3481, valid_pr-0.7170
epoch-43, train_loss-0.3831, train_rmse-0.6190, valid_rmse-1.3125, valid_pr-0.7181
epoch-44, train_loss-0.3916, train_rmse-0.6257, valid_rmse-1.3133, valid_pr-0.7169
epoch-45, train_loss-0.4047, train_rmse-0.6362, valid_rmse-1.3038, valid_pr-0.7253
Validation : valid_rmse-1.3038, valid_pr-0.7253, 
test2013_rmse-1.4348, test2013_pr-0.7938, test2016_rmse-1.2749, test2016_pr-0.8160, test2019_rmse-1.4592, test2019_pr-0.6143
epoch-46, train_loss-0.3767, train_rmse-0.6138, valid_rmse-1.3411, valid_pr-0.7137
epoch-47, train_loss-0.3597, train_rmse-0.5997, valid_rmse-1.3103, valid_pr-0.7152
epoch-48, train_loss-0.3612, train_rmse-0.6010, valid_rmse-1.2828, valid_pr-0.7285
Validation : valid_rmse-1.2828, valid_pr-0.7285, 
test2013_rmse-1.4643, test2013_pr-0.7855, test2016_rmse-1.2946, test2016_pr-0.8080, test2019_rmse-1.4493, test2019_pr-0.6188
epoch-49, train_loss-0.3501, train_rmse-0.5917, valid_rmse-1.2880, valid_pr-0.7274
epoch-50, train_loss-0.3616, train_rmse-0.6014, valid_rmse-1.3899, valid_pr-0.7014
epoch-51, train_loss-0.3539, train_rmse-0.5949, valid_rmse-1.3366, valid_pr-0.7282
epoch-52, train_loss-0.3559, train_rmse-0.5966, valid_rmse-1.3272, valid_pr-0.7272
epoch-53, train_loss-0.3597, train_rmse-0.5997, valid_rmse-1.3673, valid_pr-0.7066
epoch-54, train_loss-0.3664, train_rmse-0.6053, valid_rmse-1.3634, valid_pr-0.7099
epoch-55, train_loss-0.3317, train_rmse-0.5759, valid_rmse-1.3157, valid_pr-0.7233
epoch-56, train_loss-0.3193, train_rmse-0.5651, valid_rmse-1.3656, valid_pr-0.7254
epoch-57, train_loss-0.3168, train_rmse-0.5628, valid_rmse-1.2989, valid_pr-0.7253
epoch-58, train_loss-0.3042, train_rmse-0.5515, valid_rmse-1.3064, valid_pr-0.7221
epoch-59, train_loss-0.3160, train_rmse-0.5621, valid_rmse-1.2905, valid_pr-0.7224
epoch-60, train_loss-0.3362, train_rmse-0.5798, valid_rmse-1.3351, valid_pr-0.7236
epoch-61, train_loss-0.3175, train_rmse-0.5635, valid_rmse-1.3404, valid_pr-0.7213
epoch-62, train_loss-0.3168, train_rmse-0.5629, valid_rmse-1.3736, valid_pr-0.7272
epoch-63, train_loss-0.3173, train_rmse-0.5633, valid_rmse-1.3213, valid_pr-0.7060
epoch-64, train_loss-0.2911, train_rmse-0.5395, valid_rmse-1.2968, valid_pr-0.7203
epoch-65, train_loss-0.3012, train_rmse-0.5488, valid_rmse-1.3258, valid_pr-0.7201
epoch-66, train_loss-0.2987, train_rmse-0.5466, valid_rmse-1.3354, valid_pr-0.7181
epoch-67, train_loss-0.3124, train_rmse-0.5589, valid_rmse-1.3424, valid_pr-0.7009
epoch-68, train_loss-0.2867, train_rmse-0.5354, valid_rmse-1.3051, valid_pr-0.7301
epoch-69, train_loss-0.2908, train_rmse-0.5392, valid_rmse-1.3191, valid_pr-0.7304
epoch-70, train_loss-0.2792, train_rmse-0.5284, valid_rmse-1.3151, valid_pr-0.7289
epoch-71, train_loss-0.2736, train_rmse-0.5231, valid_rmse-1.3278, valid_pr-0.7110
epoch-72, train_loss-0.2764, train_rmse-0.5258, valid_rmse-1.3273, valid_pr-0.7326
epoch-73, train_loss-0.2871, train_rmse-0.5359, valid_rmse-1.3365, valid_pr-0.7150
epoch-74, train_loss-0.2783, train_rmse-0.5275, valid_rmse-1.2849, valid_pr-0.7210
epoch-75, train_loss-0.2786, train_rmse-0.5278, valid_rmse-1.2874, valid_pr-0.7296
epoch-76, train_loss-0.2871, train_rmse-0.5358, valid_rmse-1.3013, valid_pr-0.7256
epoch-77, train_loss-0.2699, train_rmse-0.5195, valid_rmse-1.2724, valid_pr-0.7360
Validation : valid_rmse-1.2724, valid_pr-0.7360, 
test2013_rmse-1.3666, test2013_pr-0.8219, test2016_rmse-1.2082, test2016_pr-0.8384, test2019_rmse-1.4510, test2019_pr-0.6161
epoch-78, train_loss-0.2778, train_rmse-0.5270, valid_rmse-1.4672, valid_pr-0.6959
epoch-79, train_loss-0.2781, train_rmse-0.5273, valid_rmse-1.3067, valid_pr-0.7186
epoch-80, train_loss-0.2769, train_rmse-0.5262, valid_rmse-1.2715, valid_pr-0.7374
Validation : valid_rmse-1.2715, valid_pr-0.7374, 
test2013_rmse-1.3373, test2013_pr-0.8238, test2016_rmse-1.2263, test2016_pr-0.8261, test2019_rmse-1.4395, test2019_pr-0.6292
epoch-81, train_loss-0.2638, train_rmse-0.5136, valid_rmse-1.4197, valid_pr-0.7263
epoch-82, train_loss-0.2609, train_rmse-0.5108, valid_rmse-1.2654, valid_pr-0.7389
Validation : valid_rmse-1.2654, valid_pr-0.7389, 
test2013_rmse-1.3694, test2013_pr-0.8185, test2016_rmse-1.1994, test2016_pr-0.8396, test2019_rmse-1.4404, test2019_pr-0.6244
epoch-83, train_loss-0.2676, train_rmse-0.5173, valid_rmse-1.3345, valid_pr-0.7228
epoch-84, train_loss-0.2701, train_rmse-0.5197, valid_rmse-1.2971, valid_pr-0.7282
epoch-85, train_loss-0.2459, train_rmse-0.4959, valid_rmse-1.3206, valid_pr-0.7312
epoch-86, train_loss-0.2561, train_rmse-0.5060, valid_rmse-1.3135, valid_pr-0.7191
epoch-87, train_loss-0.2622, train_rmse-0.5120, valid_rmse-1.2737, valid_pr-0.7268
epoch-88, train_loss-0.2610, train_rmse-0.5109, valid_rmse-1.2948, valid_pr-0.7342
epoch-89, train_loss-0.2322, train_rmse-0.4818, valid_rmse-1.3138, valid_pr-0.7322
epoch-90, train_loss-0.2551, train_rmse-0.5051, valid_rmse-1.2556, valid_pr-0.7391
Validation : valid_rmse-1.2556, valid_pr-0.7391, 
test2013_rmse-1.3842, test2013_pr-0.8083, test2016_rmse-1.2411, test2016_pr-0.8219, test2019_rmse-1.4372, test2019_pr-0.6181
epoch-91, train_loss-0.2681, train_rmse-0.5178, valid_rmse-1.2881, valid_pr-0.7375
epoch-92, train_loss-0.2509, train_rmse-0.5009, valid_rmse-1.2564, valid_pr-0.7446
epoch-93, train_loss-0.2365, train_rmse-0.4863, valid_rmse-1.3028, valid_pr-0.7265
epoch-94, train_loss-0.2570, train_rmse-0.5070, valid_rmse-1.2711, valid_pr-0.7372
epoch-95, train_loss-0.2423, train_rmse-0.4922, valid_rmse-1.3000, valid_pr-0.7279
epoch-96, train_loss-0.2502, train_rmse-0.5002, valid_rmse-1.2633, valid_pr-0.7315
epoch-97, train_loss-0.2316, train_rmse-0.4812, valid_rmse-1.2441, valid_pr-0.7431
Validation : valid_rmse-1.2441, valid_pr-0.7431, 
test2013_rmse-1.4129, test2013_pr-0.8035, test2016_rmse-1.2329, test2016_pr-0.8257, test2019_rmse-1.4080, test2019_pr-0.6336
epoch-98, train_loss-0.2472, train_rmse-0.4972, valid_rmse-1.2848, valid_pr-0.7363
epoch-99, train_loss-0.2340, train_rmse-0.4838, valid_rmse-1.2711, valid_pr-0.7374
epoch-100, train_loss-0.2401, train_rmse-0.4900, valid_rmse-1.2951, valid_pr-0.7317
epoch-101, train_loss-0.2431, train_rmse-0.4930, valid_rmse-1.2617, valid_pr-0.7359
epoch-102, train_loss-0.2364, train_rmse-0.4862, valid_rmse-1.2606, valid_pr-0.7347
epoch-103, train_loss-0.2346, train_rmse-0.4843, valid_rmse-1.2961, valid_pr-0.7386
epoch-104, train_loss-0.2263, train_rmse-0.4757, valid_rmse-1.2732, valid_pr-0.7368
epoch-105, train_loss-0.2261, train_rmse-0.4755, valid_rmse-1.2286, valid_pr-0.7492
Validation : valid_rmse-1.2286, valid_pr-0.7492, 
test2013_rmse-1.4301, test2013_pr-0.8004, test2016_rmse-1.2595, test2016_pr-0.8198, test2019_rmse-1.4262, test2019_pr-0.6176
epoch-106, train_loss-0.2315, train_rmse-0.4811, valid_rmse-1.2888, valid_pr-0.7278
epoch-107, train_loss-0.2161, train_rmse-0.4648, valid_rmse-1.2648, valid_pr-0.7340
epoch-108, train_loss-0.2127, train_rmse-0.4611, valid_rmse-1.2656, valid_pr-0.7392
epoch-109, train_loss-0.2252, train_rmse-0.4746, valid_rmse-1.2487, valid_pr-0.7403
epoch-110, train_loss-0.2146, train_rmse-0.4633, valid_rmse-1.2917, valid_pr-0.7332
epoch-111, train_loss-0.2160, train_rmse-0.4648, valid_rmse-1.2831, valid_pr-0.7369
epoch-112, train_loss-0.2228, train_rmse-0.4720, valid_rmse-1.2662, valid_pr-0.7376
epoch-113, train_loss-0.2080, train_rmse-0.4560, valid_rmse-1.2767, valid_pr-0.7319
epoch-114, train_loss-0.2058, train_rmse-0.4537, valid_rmse-1.2634, valid_pr-0.7406
epoch-115, train_loss-0.2224, train_rmse-0.4716, valid_rmse-1.3168, valid_pr-0.7381
epoch-116, train_loss-0.2071, train_rmse-0.4551, valid_rmse-1.2701, valid_pr-0.7334
epoch-117, train_loss-0.2252, train_rmse-0.4745, valid_rmse-1.2447, valid_pr-0.7473
epoch-118, train_loss-0.2116, train_rmse-0.4600, valid_rmse-1.2527, valid_pr-0.7389
epoch-119, train_loss-0.2004, train_rmse-0.4476, valid_rmse-1.2967, valid_pr-0.7253
epoch-120, train_loss-0.2316, train_rmse-0.4812, valid_rmse-1.2603, valid_pr-0.7436
epoch-121, train_loss-0.2051, train_rmse-0.4529, valid_rmse-1.2595, valid_pr-0.7396
epoch-122, train_loss-0.2048, train_rmse-0.4526, valid_rmse-1.2644, valid_pr-0.7445
epoch-123, train_loss-0.1976, train_rmse-0.4445, valid_rmse-1.2625, valid_pr-0.7322
epoch-124, train_loss-0.2001, train_rmse-0.4474, valid_rmse-1.2747, valid_pr-0.7333
epoch-125, train_loss-0.1913, train_rmse-0.4373, valid_rmse-1.2362, valid_pr-0.7471
epoch-126, train_loss-0.2022, train_rmse-0.4497, valid_rmse-1.2949, valid_pr-0.7340
epoch-127, train_loss-0.2234, train_rmse-0.4727, valid_rmse-1.2394, valid_pr-0.7458
epoch-128, train_loss-0.1951, train_rmse-0.4417, valid_rmse-1.2343, valid_pr-0.7458
epoch-129, train_loss-0.2042, train_rmse-0.4519, valid_rmse-1.2582, valid_pr-0.7414
epoch-130, train_loss-0.2075, train_rmse-0.4555, valid_rmse-1.2957, valid_pr-0.7192
epoch-131, train_loss-0.1917, train_rmse-0.4378, valid_rmse-1.2512, valid_pr-0.7442
epoch-132, train_loss-0.2065, train_rmse-0.4544, valid_rmse-1.2587, valid_pr-0.7413
epoch-133, train_loss-0.1974, train_rmse-0.4443, valid_rmse-1.2485, valid_pr-0.7416
epoch-134, train_loss-0.2036, train_rmse-0.4513, valid_rmse-1.2439, valid_pr-0.7420
epoch-135, train_loss-0.1943, train_rmse-0.4408, valid_rmse-1.2715, valid_pr-0.7383
epoch-136, train_loss-0.1839, train_rmse-0.4289, valid_rmse-1.2526, valid_pr-0.7441
epoch-137, train_loss-0.1901, train_rmse-0.4361, valid_rmse-1.2525, valid_pr-0.7388
epoch-138, train_loss-0.1953, train_rmse-0.4419, valid_rmse-1.2496, valid_pr-0.7428
epoch-139, train_loss-0.1898, train_rmse-0.4356, valid_rmse-1.2415, valid_pr-0.7459
epoch-140, train_loss-0.2078, train_rmse-0.4559, valid_rmse-1.2494, valid_pr-0.7436
epoch-141, train_loss-0.2074, train_rmse-0.4554, valid_rmse-1.2507, valid_pr-0.7418
epoch-142, train_loss-0.2080, train_rmse-0.4561, valid_rmse-1.2675, valid_pr-0.7395
epoch-143, train_loss-0.1784, train_rmse-0.4223, valid_rmse-1.2668, valid_pr-0.7358
epoch-144, train_loss-0.1865, train_rmse-0.4319, valid_rmse-1.2327, valid_pr-0.7467
epoch-145, train_loss-0.1918, train_rmse-0.4379, valid_rmse-1.2444, valid_pr-0.7428
epoch-146, train_loss-0.1786, train_rmse-0.4226, valid_rmse-1.2511, valid_pr-0.7453
epoch-147, train_loss-0.1877, train_rmse-0.4333, valid_rmse-1.2451, valid_pr-0.7459
epoch-148, train_loss-0.1922, train_rmse-0.4384, valid_rmse-1.2251, valid_pr-0.7495
Validation : valid_rmse-1.2251, valid_pr-0.7495, 
test2013_rmse-1.3503, test2013_pr-0.8274, test2016_rmse-1.2062, test2016_pr-0.8352, test2019_rmse-1.4009, test2019_pr-0.6315
epoch-149, train_loss-0.1832, train_rmse-0.4281, valid_rmse-1.2578, valid_pr-0.7422
epoch-150, train_loss-0.1810, train_rmse-0.4255, valid_rmse-1.2670, valid_pr-0.7453
epoch-151, train_loss-0.1793, train_rmse-0.4235, valid_rmse-1.2699, valid_pr-0.7452
epoch-152, train_loss-0.1948, train_rmse-0.4413, valid_rmse-1.2447, valid_pr-0.7475
epoch-153, train_loss-0.1807, train_rmse-0.4251, valid_rmse-1.2325, valid_pr-0.7465
epoch-154, train_loss-0.1888, train_rmse-0.4346, valid_rmse-1.2410, valid_pr-0.7419
epoch-155, train_loss-0.1799, train_rmse-0.4241, valid_rmse-1.2530, valid_pr-0.7397
epoch-156, train_loss-0.1837, train_rmse-0.4286, valid_rmse-1.2676, valid_pr-0.7456
epoch-157, train_loss-0.1788, train_rmse-0.4228, valid_rmse-1.2400, valid_pr-0.7464
epoch-158, train_loss-0.1760, train_rmse-0.4196, valid_rmse-1.2541, valid_pr-0.7438
epoch-159, train_loss-0.1832, train_rmse-0.4281, valid_rmse-1.2594, valid_pr-0.7438
epoch-160, train_loss-0.1872, train_rmse-0.4327, valid_rmse-1.2693, valid_pr-0.7360
epoch-161, train_loss-0.1701, train_rmse-0.4125, valid_rmse-1.2460, valid_pr-0.7446
epoch-162, train_loss-0.1720, train_rmse-0.4148, valid_rmse-1.2478, valid_pr-0.7407
epoch-163, train_loss-0.1651, train_rmse-0.4063, valid_rmse-1.2630, valid_pr-0.7454
epoch-164, train_loss-0.1686, train_rmse-0.4106, valid_rmse-1.2577, valid_pr-0.7458
epoch-165, train_loss-0.1665, train_rmse-0.4081, valid_rmse-1.2423, valid_pr-0.7459
epoch-166, train_loss-0.1668, train_rmse-0.4084, valid_rmse-1.2394, valid_pr-0.7441
epoch-167, train_loss-0.1837, train_rmse-0.4286, valid_rmse-1.2494, valid_pr-0.7400
epoch-168, train_loss-0.1610, train_rmse-0.4013, valid_rmse-1.2575, valid_pr-0.7443
epoch-169, train_loss-0.1664, train_rmse-0.4080, valid_rmse-1.2445, valid_pr-0.7422
epoch-170, train_loss-0.1644, train_rmse-0.4055, valid_rmse-1.2302, valid_pr-0.7487
epoch-171, train_loss-0.1630, train_rmse-0.4037, valid_rmse-1.2486, valid_pr-0.7423
epoch-172, train_loss-0.1783, train_rmse-0.4223, valid_rmse-1.2435, valid_pr-0.7438
epoch-173, train_loss-0.1696, train_rmse-0.4119, valid_rmse-1.2531, valid_pr-0.7474
epoch-174, train_loss-0.1706, train_rmse-0.4130, valid_rmse-1.2321, valid_pr-0.7482
epoch-175, train_loss-0.1659, train_rmse-0.4074, valid_rmse-1.2200, valid_pr-0.7548
Validation : valid_rmse-1.2200, valid_pr-0.7548, 
test2013_rmse-1.3359, test2013_pr-0.8276, test2016_rmse-1.1677, test2016_pr-0.8456, test2019_rmse-1.3952, test2019_pr-0.6426
epoch-176, train_loss-0.1571, train_rmse-0.3964, valid_rmse-1.2536, valid_pr-0.7424
epoch-177, train_loss-0.1689, train_rmse-0.4109, valid_rmse-1.2450, valid_pr-0.7477
epoch-178, train_loss-0.1694, train_rmse-0.4116, valid_rmse-1.2362, valid_pr-0.7475
epoch-179, train_loss-0.1966, train_rmse-0.4434, valid_rmse-1.2239, valid_pr-0.7529
epoch-180, train_loss-0.1715, train_rmse-0.4142, valid_rmse-1.2388, valid_pr-0.7471
epoch-181, train_loss-0.1570, train_rmse-0.3963, valid_rmse-1.2322, valid_pr-0.7489
epoch-182, train_loss-0.1557, train_rmse-0.3946, valid_rmse-1.2220, valid_pr-0.7503
epoch-183, train_loss-0.1607, train_rmse-0.4008, valid_rmse-1.2390, valid_pr-0.7490
epoch-184, train_loss-0.1827, train_rmse-0.4274, valid_rmse-1.2311, valid_pr-0.7503
epoch-185, train_loss-0.1681, train_rmse-0.4100, valid_rmse-1.2250, valid_pr-0.7505
epoch-186, train_loss-0.1678, train_rmse-0.4097, valid_rmse-1.2205, valid_pr-0.7532
epoch-187, train_loss-0.1611, train_rmse-0.4013, valid_rmse-1.2055, valid_pr-0.7600
Validation : valid_rmse-1.2055, valid_pr-0.7600, 
test2013_rmse-1.3664, test2013_pr-0.8212, test2016_rmse-1.1848, test2016_pr-0.8419, test2019_rmse-1.3833, test2019_pr-0.6477
epoch-188, train_loss-0.1538, train_rmse-0.3921, valid_rmse-1.2242, valid_pr-0.7525
epoch-189, train_loss-0.1458, train_rmse-0.3818, valid_rmse-1.2220, valid_pr-0.7535
epoch-190, train_loss-0.1564, train_rmse-0.3955, valid_rmse-1.2136, valid_pr-0.7538
epoch-191, train_loss-0.1562, train_rmse-0.3953, valid_rmse-1.2318, valid_pr-0.7496
epoch-192, train_loss-0.1589, train_rmse-0.3987, valid_rmse-1.2299, valid_pr-0.7486
epoch-193, train_loss-0.1515, train_rmse-0.3892, valid_rmse-1.2307, valid_pr-0.7516
epoch-194, train_loss-0.1664, train_rmse-0.4079, valid_rmse-1.2214, valid_pr-0.7575
epoch-195, train_loss-0.1496, train_rmse-0.3868, valid_rmse-1.2295, valid_pr-0.7520
epoch-196, train_loss-0.1756, train_rmse-0.4190, valid_rmse-1.2363, valid_pr-0.7520
epoch-197, train_loss-0.1631, train_rmse-0.4039, valid_rmse-1.2304, valid_pr-0.7521
epoch-198, train_loss-0.1637, train_rmse-0.4047, valid_rmse-1.2303, valid_pr-0.7520
epoch-199, train_loss-0.1599, train_rmse-0.3999, valid_rmse-1.2332, valid_pr-0.7509
epoch-200, train_loss-0.1577, train_rmse-0.3971, valid_rmse-1.2560, valid_pr-0.7404
epoch-201, train_loss-0.1609, train_rmse-0.4011, valid_rmse-1.2247, valid_pr-0.7495
epoch-202, train_loss-0.1517, train_rmse-0.3895, valid_rmse-1.2284, valid_pr-0.7497
epoch-203, train_loss-0.1539, train_rmse-0.3923, valid_rmse-1.2382, valid_pr-0.7430
epoch-204, train_loss-0.1523, train_rmse-0.3903, valid_rmse-1.2279, valid_pr-0.7511
epoch-205, train_loss-0.1522, train_rmse-0.3901, valid_rmse-1.2254, valid_pr-0.7522
epoch-206, train_loss-0.1485, train_rmse-0.3854, valid_rmse-1.2189, valid_pr-0.7546
epoch-207, train_loss-0.1559, train_rmse-0.3948, valid_rmse-1.2301, valid_pr-0.7497
epoch-208, train_loss-0.1664, train_rmse-0.4079, valid_rmse-1.2440, valid_pr-0.7462
epoch-209, train_loss-0.1657, train_rmse-0.4070, valid_rmse-1.2167, valid_pr-0.7533
epoch-210, train_loss-0.1646, train_rmse-0.4057, valid_rmse-1.2297, valid_pr-0.7495
epoch-211, train_loss-0.1437, train_rmse-0.3791, valid_rmse-1.2537, valid_pr-0.7491
epoch-212, train_loss-0.1452, train_rmse-0.3811, valid_rmse-1.2306, valid_pr-0.7533
epoch-213, train_loss-0.1583, train_rmse-0.3979, valid_rmse-1.2393, valid_pr-0.7471
epoch-214, train_loss-0.1371, train_rmse-0.3702, valid_rmse-1.2214, valid_pr-0.7524
epoch-215, train_loss-0.1443, train_rmse-0.3799, valid_rmse-1.2324, valid_pr-0.7479
epoch-216, train_loss-0.1578, train_rmse-0.3972, valid_rmse-1.2389, valid_pr-0.7497
epoch-217, train_loss-0.1562, train_rmse-0.3952, valid_rmse-1.2230, valid_pr-0.7579
epoch-218, train_loss-0.1465, train_rmse-0.3827, valid_rmse-1.2436, valid_pr-0.7473
epoch-219, train_loss-0.1417, train_rmse-0.3764, valid_rmse-1.2354, valid_pr-0.7480
epoch-220, train_loss-0.1403, train_rmse-0.3745, valid_rmse-1.2224, valid_pr-0.7520
epoch-221, train_loss-0.1553, train_rmse-0.3940, valid_rmse-1.2260, valid_pr-0.7526
epoch-222, train_loss-0.1507, train_rmse-0.3882, valid_rmse-1.2210, valid_pr-0.7532
epoch-223, train_loss-0.1433, train_rmse-0.3785, valid_rmse-1.2294, valid_pr-0.7538
epoch-224, train_loss-0.1455, train_rmse-0.3815, valid_rmse-1.2494, valid_pr-0.7418
epoch-225, train_loss-0.1512, train_rmse-0.3888, valid_rmse-1.2375, valid_pr-0.7477
epoch-226, train_loss-0.1501, train_rmse-0.3874, valid_rmse-1.2328, valid_pr-0.7533
epoch-227, train_loss-0.1456, train_rmse-0.3816, valid_rmse-1.2130, valid_pr-0.7559
epoch-228, train_loss-0.1432, train_rmse-0.3784, valid_rmse-1.2191, valid_pr-0.7570
epoch-229, train_loss-0.1374, train_rmse-0.3706, valid_rmse-1.2158, valid_pr-0.7543
epoch-230, train_loss-0.1309, train_rmse-0.3618, valid_rmse-1.2235, valid_pr-0.7501
epoch-231, train_loss-0.1349, train_rmse-0.3673, valid_rmse-1.2156, valid_pr-0.7557
epoch-232, train_loss-0.1422, train_rmse-0.3772, valid_rmse-1.2337, valid_pr-0.7460
epoch-233, train_loss-0.1327, train_rmse-0.3643, valid_rmse-1.2094, valid_pr-0.7578
epoch-234, train_loss-0.1426, train_rmse-0.3777, valid_rmse-1.2274, valid_pr-0.7510
epoch-235, train_loss-0.1392, train_rmse-0.3731, valid_rmse-1.2210, valid_pr-0.7506
epoch-236, train_loss-0.1385, train_rmse-0.3721, valid_rmse-1.2264, valid_pr-0.7508
epoch-237, train_loss-0.1473, train_rmse-0.3838, valid_rmse-1.2318, valid_pr-0.7515
epoch-238, train_loss-0.1649, train_rmse-0.4060, valid_rmse-1.2188, valid_pr-0.7516
epoch-239, train_loss-0.1316, train_rmse-0.3627, valid_rmse-1.2149, valid_pr-0.7560
epoch-240, train_loss-0.1083, train_rmse-0.3291, valid_rmse-1.2156, valid_pr-0.7559
epoch-241, train_loss-0.1251, train_rmse-0.3537, valid_rmse-1.2060, valid_pr-0.7584
epoch-242, train_loss-0.1097, train_rmse-0.3313, valid_rmse-1.2043, valid_pr-0.7592
Validation : valid_rmse-1.2043, valid_pr-0.7592, 
test2013_rmse-1.3375, test2013_pr-0.8341, test2016_rmse-1.1546, test2016_pr-0.8538, test2019_rmse-1.3611, test2019_pr-0.6559
epoch-243, train_loss-0.1126, train_rmse-0.3356, valid_rmse-1.2087, valid_pr-0.7575
epoch-244, train_loss-0.1126, train_rmse-0.3356, valid_rmse-1.2057, valid_pr-0.7589
epoch-245, train_loss-0.1114, train_rmse-0.3338, valid_rmse-1.2157, valid_pr-0.7540
epoch-246, train_loss-0.1109, train_rmse-0.3330, valid_rmse-1.2254, valid_pr-0.7528
epoch-247, train_loss-0.1037, train_rmse-0.3220, valid_rmse-1.2220, valid_pr-0.7543
epoch-248, train_loss-0.1159, train_rmse-0.3404, valid_rmse-1.2277, valid_pr-0.7542
epoch-249, train_loss-0.1252, train_rmse-0.3538, valid_rmse-1.2119, valid_pr-0.7577
epoch-250, train_loss-0.1109, train_rmse-0.3331, valid_rmse-1.2125, valid_pr-0.7554
epoch-251, train_loss-0.1191, train_rmse-0.3451, valid_rmse-1.2219, valid_pr-0.7556
epoch-252, train_loss-0.1008, train_rmse-0.3174, valid_rmse-1.2090, valid_pr-0.7576
epoch-253, train_loss-0.1110, train_rmse-0.3331, valid_rmse-1.2072, valid_pr-0.7587
epoch-254, train_loss-0.1072, train_rmse-0.3274, valid_rmse-1.2131, valid_pr-0.7564
epoch-255, train_loss-0.1106, train_rmse-0.3325, valid_rmse-1.2128, valid_pr-0.7564
epoch-256, train_loss-0.1124, train_rmse-0.3352, valid_rmse-1.2197, valid_pr-0.7519
epoch-257, train_loss-0.1142, train_rmse-0.3380, valid_rmse-1.2160, valid_pr-0.7566
epoch-258, train_loss-0.1220, train_rmse-0.3493, valid_rmse-1.2096, valid_pr-0.7563
epoch-259, train_loss-0.1154, train_rmse-0.3398, valid_rmse-1.2088, valid_pr-0.7587
epoch-260, train_loss-0.1139, train_rmse-0.3375, valid_rmse-1.2143, valid_pr-0.7554
epoch-261, train_loss-0.1078, train_rmse-0.3284, valid_rmse-1.1987, valid_pr-0.7617
Validation : valid_rmse-1.1987, valid_pr-0.7617, 
test2013_rmse-1.3500, test2013_pr-0.8295, test2016_rmse-1.1638, test2016_pr-0.8494, test2019_rmse-1.3669, test2019_pr-0.6521
epoch-262, train_loss-0.1128, train_rmse-0.3359, valid_rmse-1.2127, valid_pr-0.7593
epoch-263, train_loss-0.1093, train_rmse-0.3306, valid_rmse-1.2102, valid_pr-0.7570
epoch-264, train_loss-0.1158, train_rmse-0.3403, valid_rmse-1.2125, valid_pr-0.7580
epoch-265, train_loss-0.1062, train_rmse-0.3258, valid_rmse-1.2065, valid_pr-0.7594
epoch-266, train_loss-0.1172, train_rmse-0.3424, valid_rmse-1.2101, valid_pr-0.7582
epoch-267, train_loss-0.1161, train_rmse-0.3408, valid_rmse-1.2041, valid_pr-0.7606
epoch-268, train_loss-0.1116, train_rmse-0.3340, valid_rmse-1.2162, valid_pr-0.7562
epoch-269, train_loss-0.1086, train_rmse-0.3296, valid_rmse-1.2092, valid_pr-0.7576
epoch-270, train_loss-0.1075, train_rmse-0.3279, valid_rmse-1.2200, valid_pr-0.7582
epoch-271, train_loss-0.1136, train_rmse-0.3371, valid_rmse-1.2104, valid_pr-0.7567
epoch-272, train_loss-0.1122, train_rmse-0.3349, valid_rmse-1.2071, valid_pr-0.7587
epoch-273, train_loss-0.1029, train_rmse-0.3209, valid_rmse-1.2042, valid_pr-0.7596
epoch-274, train_loss-0.1155, train_rmse-0.3399, valid_rmse-1.2051, valid_pr-0.7597
epoch-275, train_loss-0.1150, train_rmse-0.3391, valid_rmse-1.2080, valid_pr-0.7589
epoch-276, train_loss-0.1079, train_rmse-0.3285, valid_rmse-1.2199, valid_pr-0.7570
epoch-277, train_loss-0.1160, train_rmse-0.3405, valid_rmse-1.2119, valid_pr-0.7562
epoch-278, train_loss-0.1034, train_rmse-0.3216, valid_rmse-1.2143, valid_pr-0.7544
epoch-279, train_loss-0.1154, train_rmse-0.3396, valid_rmse-1.2063, valid_pr-0.7591
epoch-280, train_loss-0.1120, train_rmse-0.3347, valid_rmse-1.2038, valid_pr-0.7591
epoch-281, train_loss-0.1100, train_rmse-0.3317, valid_rmse-1.2119, valid_pr-0.7563
epoch-282, train_loss-0.1117, train_rmse-0.3343, valid_rmse-1.2133, valid_pr-0.7573
epoch-283, train_loss-0.0993, train_rmse-0.3152, valid_rmse-1.2007, valid_pr-0.7613
epoch-284, train_loss-0.1025, train_rmse-0.3201, valid_rmse-1.2123, valid_pr-0.7554
epoch-285, train_loss-0.1139, train_rmse-0.3375, valid_rmse-1.2139, valid_pr-0.7562
epoch-286, train_loss-0.1033, train_rmse-0.3214, valid_rmse-1.2153, valid_pr-0.7579
epoch-287, train_loss-0.1100, train_rmse-0.3317, valid_rmse-1.2067, valid_pr-0.7589
epoch-288, train_loss-0.1087, train_rmse-0.3296, valid_rmse-1.2022, valid_pr-0.7596
epoch-289, train_loss-0.1016, train_rmse-0.3187, valid_rmse-1.2067, valid_pr-0.7572
epoch-290, train_loss-0.0998, train_rmse-0.3159, valid_rmse-1.2079, valid_pr-0.7591
epoch-291, train_loss-0.1077, train_rmse-0.3281, valid_rmse-1.1988, valid_pr-0.7616
epoch-292, train_loss-0.1025, train_rmse-0.3201, valid_rmse-1.2018, valid_pr-0.7597
epoch-293, train_loss-0.1140, train_rmse-0.3377, valid_rmse-1.2198, valid_pr-0.7564
epoch-294, train_loss-0.1069, train_rmse-0.3270, valid_rmse-1.1987, valid_pr-0.7624
Validation : valid_rmse-1.1987, valid_pr-0.7624, 
test2013_rmse-1.3187, test2013_pr-0.8376, test2016_rmse-1.1541, test2016_pr-0.8500, test2019_rmse-1.3593, test2019_pr-0.6603
epoch-295, train_loss-0.1167, train_rmse-0.3416, valid_rmse-1.2097, valid_pr-0.7572
epoch-296, train_loss-0.1230, train_rmse-0.3507, valid_rmse-1.1929, valid_pr-0.7650
Validation : valid_rmse-1.1929, valid_pr-0.7650, 
test2013_rmse-1.3745, test2013_pr-0.8271, test2016_rmse-1.2002, test2016_pr-0.8438, test2019_rmse-1.3608, test2019_pr-0.6527
epoch-297, train_loss-0.1085, train_rmse-0.3294, valid_rmse-1.2025, valid_pr-0.7619
epoch-298, train_loss-0.1227, train_rmse-0.3502, valid_rmse-1.2058, valid_pr-0.7613
epoch-299, train_loss-0.1021, train_rmse-0.3195, valid_rmse-1.2025, valid_pr-0.7595
epoch-300, train_loss-0.1058, train_rmse-0.3253, valid_rmse-1.2022, valid_pr-0.7598
epoch-301, train_loss-0.1117, train_rmse-0.3343, valid_rmse-1.2122, valid_pr-0.7587
epoch-302, train_loss-0.1061, train_rmse-0.3257, valid_rmse-1.2000, valid_pr-0.7625
epoch-303, train_loss-0.1047, train_rmse-0.3236, valid_rmse-1.1987, valid_pr-0.7618
epoch-304, train_loss-0.1131, train_rmse-0.3363, valid_rmse-1.2019, valid_pr-0.7621
epoch-305, train_loss-0.1081, train_rmse-0.3288, valid_rmse-1.2025, valid_pr-0.7607
epoch-306, train_loss-0.1055, train_rmse-0.3247, valid_rmse-1.2023, valid_pr-0.7608
epoch-307, train_loss-0.1071, train_rmse-0.3273, valid_rmse-1.2047, valid_pr-0.7593
epoch-308, train_loss-0.1141, train_rmse-0.3377, valid_rmse-1.2074, valid_pr-0.7615
epoch-309, train_loss-0.1037, train_rmse-0.3220, valid_rmse-1.1967, valid_pr-0.7621
epoch-310, train_loss-0.1053, train_rmse-0.3244, valid_rmse-1.2047, valid_pr-0.7597
epoch-311, train_loss-0.1110, train_rmse-0.3332, valid_rmse-1.2061, valid_pr-0.7599
epoch-312, train_loss-0.1103, train_rmse-0.3322, valid_rmse-1.2109, valid_pr-0.7573
epoch-313, train_loss-0.1139, train_rmse-0.3375, valid_rmse-1.2033, valid_pr-0.7598
epoch-314, train_loss-0.1153, train_rmse-0.3396, valid_rmse-1.1998, valid_pr-0.7613
epoch-315, train_loss-0.1076, train_rmse-0.3280, valid_rmse-1.2027, valid_pr-0.7588
epoch-316, train_loss-0.1085, train_rmse-0.3294, valid_rmse-1.2087, valid_pr-0.7577
epoch-317, train_loss-0.1103, train_rmse-0.3321, valid_rmse-1.2078, valid_pr-0.7593
epoch-318, train_loss-0.1035, train_rmse-0.3217, valid_rmse-1.2009, valid_pr-0.7605
epoch-319, train_loss-0.1054, train_rmse-0.3246, valid_rmse-1.2065, valid_pr-0.7584
epoch-320, train_loss-0.0998, train_rmse-0.3158, valid_rmse-1.2015, valid_pr-0.7626
epoch-321, train_loss-0.1130, train_rmse-0.3361, valid_rmse-1.1989, valid_pr-0.7606
epoch-322, train_loss-0.1047, train_rmse-0.3235, valid_rmse-1.1993, valid_pr-0.7622
epoch-323, train_loss-0.1137, train_rmse-0.3372, valid_rmse-1.1957, valid_pr-0.7630
epoch-324, train_loss-0.1022, train_rmse-0.3197, valid_rmse-1.1944, valid_pr-0.7641
epoch-325, train_loss-0.1094, train_rmse-0.3307, valid_rmse-1.2006, valid_pr-0.7609
epoch-326, train_loss-0.1074, train_rmse-0.3277, valid_rmse-1.2044, valid_pr-0.7622
epoch-327, train_loss-0.0950, train_rmse-0.3082, valid_rmse-1.2008, valid_pr-0.7604
epoch-328, train_loss-0.1051, train_rmse-0.3242, valid_rmse-1.2023, valid_pr-0.7629
epoch-329, train_loss-0.1035, train_rmse-0.3217, valid_rmse-1.2067, valid_pr-0.7614
epoch-330, train_loss-0.1014, train_rmse-0.3184, valid_rmse-1.1971, valid_pr-0.7632
epoch-331, train_loss-0.0973, train_rmse-0.3119, valid_rmse-1.2011, valid_pr-0.7605
epoch-332, train_loss-0.0977, train_rmse-0.3125, valid_rmse-1.2012, valid_pr-0.7598
epoch-333, train_loss-0.1018, train_rmse-0.3191, valid_rmse-1.2084, valid_pr-0.7610
epoch-334, train_loss-0.1074, train_rmse-0.3277, valid_rmse-1.1914, valid_pr-0.7645
Validation : valid_rmse-1.1914, valid_pr-0.7645, 
test2013_rmse-1.3285, test2013_pr-0.8378, test2016_rmse-1.1606, test2016_pr-0.8521, test2019_rmse-1.3571, test2019_pr-0.6565
epoch-335, train_loss-0.0917, train_rmse-0.3029, valid_rmse-1.2005, valid_pr-0.7612
epoch-336, train_loss-0.1082, train_rmse-0.3290, valid_rmse-1.1980, valid_pr-0.7628
epoch-337, train_loss-0.1171, train_rmse-0.3423, valid_rmse-1.2003, valid_pr-0.7610
epoch-338, train_loss-0.1064, train_rmse-0.3261, valid_rmse-1.2038, valid_pr-0.7592
epoch-339, train_loss-0.1019, train_rmse-0.3192, valid_rmse-1.2112, valid_pr-0.7580
epoch-340, train_loss-0.1064, train_rmse-0.3263, valid_rmse-1.2059, valid_pr-0.7620
epoch-341, train_loss-0.0986, train_rmse-0.3141, valid_rmse-1.1989, valid_pr-0.7636
epoch-342, train_loss-0.0967, train_rmse-0.3109, valid_rmse-1.1989, valid_pr-0.7616
epoch-343, train_loss-0.1010, train_rmse-0.3178, valid_rmse-1.2049, valid_pr-0.7619
epoch-344, train_loss-0.1030, train_rmse-0.3210, valid_rmse-1.2013, valid_pr-0.7599
epoch-345, train_loss-0.0970, train_rmse-0.3115, valid_rmse-1.1999, valid_pr-0.7613
epoch-346, train_loss-0.1083, train_rmse-0.3290, valid_rmse-1.2051, valid_pr-0.7615
epoch-347, train_loss-0.1139, train_rmse-0.3375, valid_rmse-1.2037, valid_pr-0.7628
epoch-348, train_loss-0.1035, train_rmse-0.3216, valid_rmse-1.1989, valid_pr-0.7640
epoch-349, train_loss-0.0947, train_rmse-0.3078, valid_rmse-1.2059, valid_pr-0.7580
epoch-350, train_loss-0.0994, train_rmse-0.3153, valid_rmse-1.2022, valid_pr-0.7600
epoch-351, train_loss-0.0982, train_rmse-0.3134, valid_rmse-1.2052, valid_pr-0.7588
epoch-352, train_loss-0.1007, train_rmse-0.3173, valid_rmse-1.1956, valid_pr-0.7643
epoch-353, train_loss-0.1060, train_rmse-0.3256, valid_rmse-1.1992, valid_pr-0.7608
epoch-354, train_loss-0.0934, train_rmse-0.3056, valid_rmse-1.2021, valid_pr-0.7603
epoch-355, train_loss-0.1003, train_rmse-0.3167, valid_rmse-1.1971, valid_pr-0.7629
epoch-356, train_loss-0.1020, train_rmse-0.3193, valid_rmse-1.2038, valid_pr-0.7610
epoch-357, train_loss-0.0992, train_rmse-0.3150, valid_rmse-1.2059, valid_pr-0.7574
epoch-358, train_loss-0.1047, train_rmse-0.3236, valid_rmse-1.2098, valid_pr-0.7592
epoch-359, train_loss-0.1052, train_rmse-0.3243, valid_rmse-1.1987, valid_pr-0.7622
epoch-360, train_loss-0.1151, train_rmse-0.3392, valid_rmse-1.2027, valid_pr-0.7597
epoch-361, train_loss-0.1029, train_rmse-0.3207, valid_rmse-1.2025, valid_pr-0.7605
epoch-362, train_loss-0.1038, train_rmse-0.3222, valid_rmse-1.2000, valid_pr-0.7607
epoch-363, train_loss-0.1046, train_rmse-0.3233, valid_rmse-1.1898, valid_pr-0.7654
Validation : valid_rmse-1.1898, valid_pr-0.7654, 
test2013_rmse-1.3642, test2013_pr-0.8305, test2016_rmse-1.1783, test2016_pr-0.8478, test2019_rmse-1.3598, test2019_pr-0.6546
epoch-364, train_loss-0.1002, train_rmse-0.3166, valid_rmse-1.1988, valid_pr-0.7623
epoch-365, train_loss-0.1016, train_rmse-0.3187, valid_rmse-1.1999, valid_pr-0.7620
epoch-366, train_loss-0.1043, train_rmse-0.3230, valid_rmse-1.2123, valid_pr-0.7596
epoch-367, train_loss-0.0975, train_rmse-0.3123, valid_rmse-1.2005, valid_pr-0.7606
epoch-368, train_loss-0.1026, train_rmse-0.3204, valid_rmse-1.2008, valid_pr-0.7607
epoch-369, train_loss-0.1114, train_rmse-0.3337, valid_rmse-1.2008, valid_pr-0.7649
epoch-370, train_loss-0.0971, train_rmse-0.3115, valid_rmse-1.2000, valid_pr-0.7609
epoch-371, train_loss-0.1096, train_rmse-0.3310, valid_rmse-1.2063, valid_pr-0.7584
epoch-372, train_loss-0.1096, train_rmse-0.3311, valid_rmse-1.2087, valid_pr-0.7583
epoch-373, train_loss-0.1010, train_rmse-0.3179, valid_rmse-1.1995, valid_pr-0.7619
epoch-374, train_loss-0.1033, train_rmse-0.3214, valid_rmse-1.2063, valid_pr-0.7604
epoch-375, train_loss-0.1083, train_rmse-0.3291, valid_rmse-1.1977, valid_pr-0.7627
epoch-376, train_loss-0.0969, train_rmse-0.3113, valid_rmse-1.2068, valid_pr-0.7581
epoch-377, train_loss-0.1015, train_rmse-0.3186, valid_rmse-1.1987, valid_pr-0.7613
epoch-378, train_loss-0.1040, train_rmse-0.3225, valid_rmse-1.2026, valid_pr-0.7597
epoch-379, train_loss-0.1081, train_rmse-0.3288, valid_rmse-1.2114, valid_pr-0.7580
epoch-380, train_loss-0.1016, train_rmse-0.3188, valid_rmse-1.2184, valid_pr-0.7543
epoch-381, train_loss-0.1021, train_rmse-0.3195, valid_rmse-1.2021, valid_pr-0.7603
epoch-382, train_loss-0.1115, train_rmse-0.3339, valid_rmse-1.1983, valid_pr-0.7613
epoch-383, train_loss-0.0974, train_rmse-0.3121, valid_rmse-1.1969, valid_pr-0.7633
epoch-384, train_loss-0.1002, train_rmse-0.3165, valid_rmse-1.2036, valid_pr-0.7602
epoch-385, train_loss-0.1158, train_rmse-0.3403, valid_rmse-1.2115, valid_pr-0.7624
epoch-386, train_loss-0.0982, train_rmse-0.3134, valid_rmse-1.1953, valid_pr-0.7632
epoch-387, train_loss-0.0984, train_rmse-0.3138, valid_rmse-1.2095, valid_pr-0.7588
epoch-388, train_loss-0.1035, train_rmse-0.3217, valid_rmse-1.2039, valid_pr-0.7595
epoch-389, train_loss-0.1059, train_rmse-0.3254, valid_rmse-1.2082, valid_pr-0.7567
epoch-390, train_loss-0.1079, train_rmse-0.3285, valid_rmse-1.2015, valid_pr-0.7605
epoch-391, train_loss-0.1053, train_rmse-0.3245, valid_rmse-1.2068, valid_pr-0.7607
epoch-392, train_loss-0.1130, train_rmse-0.3361, valid_rmse-1.1995, valid_pr-0.7620
epoch-393, train_loss-0.0953, train_rmse-0.3088, valid_rmse-1.2095, valid_pr-0.7607
epoch-394, train_loss-0.1003, train_rmse-0.3167, valid_rmse-1.1993, valid_pr-0.7621
epoch-395, train_loss-0.1090, train_rmse-0.3301, valid_rmse-1.1950, valid_pr-0.7625
epoch-396, train_loss-0.1060, train_rmse-0.3256, valid_rmse-1.1945, valid_pr-0.7637
epoch-397, train_loss-0.1141, train_rmse-0.3378, valid_rmse-1.1958, valid_pr-0.7642
epoch-398, train_loss-0.0922, train_rmse-0.3037, valid_rmse-1.2001, valid_pr-0.7608
epoch-399, train_loss-0.1060, train_rmse-0.3255, valid_rmse-1.2090, valid_pr-0.7594
epoch-400, train_loss-0.0917, train_rmse-0.3028, valid_rmse-1.2029, valid_pr-0.7607
epoch-401, train_loss-0.1005, train_rmse-0.3171, valid_rmse-1.2051, valid_pr-0.7596
epoch-402, train_loss-0.0929, train_rmse-0.3048, valid_rmse-1.2039, valid_pr-0.7600
epoch-403, train_loss-0.1088, train_rmse-0.3299, valid_rmse-1.1955, valid_pr-0.7627
epoch-404, train_loss-0.0976, train_rmse-0.3125, valid_rmse-1.1960, valid_pr-0.7625
epoch-405, train_loss-0.1017, train_rmse-0.3189, valid_rmse-1.1940, valid_pr-0.7632
epoch-406, train_loss-0.1039, train_rmse-0.3224, valid_rmse-1.2059, valid_pr-0.7594
epoch-407, train_loss-0.1018, train_rmse-0.3191, valid_rmse-1.2006, valid_pr-0.7613
epoch-408, train_loss-0.1004, train_rmse-0.3168, valid_rmse-1.2034, valid_pr-0.7604
epoch-409, train_loss-0.0974, train_rmse-0.3121, valid_rmse-1.1905, valid_pr-0.7648
epoch-410, train_loss-0.1029, train_rmse-0.3208, valid_rmse-1.1967, valid_pr-0.7635
epoch-411, train_loss-0.1154, train_rmse-0.3397, valid_rmse-1.1936, valid_pr-0.7645
epoch-412, train_loss-0.1000, train_rmse-0.3162, valid_rmse-1.2027, valid_pr-0.7597
epoch-413, train_loss-0.0894, train_rmse-0.2991, valid_rmse-1.1939, valid_pr-0.7636
epoch-414, train_loss-0.0971, train_rmse-0.3116, valid_rmse-1.2112, valid_pr-0.7561
epoch-415, train_loss-0.0933, train_rmse-0.3054, valid_rmse-1.1964, valid_pr-0.7625
epoch-416, train_loss-0.0837, train_rmse-0.2893, valid_rmse-1.1962, valid_pr-0.7623
epoch-417, train_loss-0.0992, train_rmse-0.3149, valid_rmse-1.1970, valid_pr-0.7637
epoch-418, train_loss-0.0898, train_rmse-0.2996, valid_rmse-1.1911, valid_pr-0.7649
epoch-419, train_loss-0.0831, train_rmse-0.2883, valid_rmse-1.1939, valid_pr-0.7641
epoch-420, train_loss-0.0867, train_rmse-0.2945, valid_rmse-1.1950, valid_pr-0.7645
epoch-421, train_loss-0.0918, train_rmse-0.3030, valid_rmse-1.1962, valid_pr-0.7621
epoch-422, train_loss-0.0888, train_rmse-0.2979, valid_rmse-1.1961, valid_pr-0.7623
epoch-423, train_loss-0.0872, train_rmse-0.2953, valid_rmse-1.1965, valid_pr-0.7625
epoch-424, train_loss-0.0880, train_rmse-0.2967, valid_rmse-1.1961, valid_pr-0.7641
epoch-425, train_loss-0.0922, train_rmse-0.3037, valid_rmse-1.1988, valid_pr-0.7628
epoch-426, train_loss-0.0835, train_rmse-0.2890, valid_rmse-1.1963, valid_pr-0.7634
epoch-427, train_loss-0.0843, train_rmse-0.2903, valid_rmse-1.1894, valid_pr-0.7654
Validation : valid_rmse-1.1894, valid_pr-0.7654, 
test2013_rmse-1.3229, test2013_pr-0.8424, test2016_rmse-1.1472, test2016_pr-0.8571, test2019_rmse-1.3564, test2019_pr-0.6567
epoch-428, train_loss-0.0885, train_rmse-0.2975, valid_rmse-1.1953, valid_pr-0.7637
epoch-429, train_loss-0.0815, train_rmse-0.2854, valid_rmse-1.1931, valid_pr-0.7636
epoch-430, train_loss-0.0923, train_rmse-0.3038, valid_rmse-1.1954, valid_pr-0.7623
epoch-431, train_loss-0.0823, train_rmse-0.2869, valid_rmse-1.1969, valid_pr-0.7622
epoch-432, train_loss-0.0834, train_rmse-0.2888, valid_rmse-1.1950, valid_pr-0.7627
epoch-433, train_loss-0.0843, train_rmse-0.2904, valid_rmse-1.1936, valid_pr-0.7630
epoch-434, train_loss-0.0861, train_rmse-0.2935, valid_rmse-1.1950, valid_pr-0.7640
epoch-435, train_loss-0.0890, train_rmse-0.2983, valid_rmse-1.1918, valid_pr-0.7641
epoch-436, train_loss-0.0793, train_rmse-0.2816, valid_rmse-1.1957, valid_pr-0.7623
epoch-437, train_loss-0.0905, train_rmse-0.3008, valid_rmse-1.1932, valid_pr-0.7631
epoch-438, train_loss-0.0857, train_rmse-0.2927, valid_rmse-1.1949, valid_pr-0.7632
epoch-439, train_loss-0.0780, train_rmse-0.2793, valid_rmse-1.1991, valid_pr-0.7625
epoch-440, train_loss-0.0781, train_rmse-0.2795, valid_rmse-1.1982, valid_pr-0.7616
epoch-441, train_loss-0.0906, train_rmse-0.3011, valid_rmse-1.1966, valid_pr-0.7623
epoch-442, train_loss-0.0801, train_rmse-0.2830, valid_rmse-1.1889, valid_pr-0.7653
Validation : valid_rmse-1.1889, valid_pr-0.7653, 
test2013_rmse-1.3496, test2013_pr-0.8332, test2016_rmse-1.1582, test2016_pr-0.8536, test2019_rmse-1.3506, test2019_pr-0.6594
epoch-443, train_loss-0.0899, train_rmse-0.2999, valid_rmse-1.2005, valid_pr-0.7622
epoch-444, train_loss-0.0859, train_rmse-0.2931, valid_rmse-1.1951, valid_pr-0.7627
epoch-445, train_loss-0.0920, train_rmse-0.3033, valid_rmse-1.2017, valid_pr-0.7614
epoch-446, train_loss-0.0895, train_rmse-0.2991, valid_rmse-1.1954, valid_pr-0.7632
epoch-447, train_loss-0.0854, train_rmse-0.2922, valid_rmse-1.1924, valid_pr-0.7642
epoch-448, train_loss-0.0865, train_rmse-0.2940, valid_rmse-1.1919, valid_pr-0.7647
epoch-449, train_loss-0.0874, train_rmse-0.2957, valid_rmse-1.1895, valid_pr-0.7653
epoch-450, train_loss-0.0877, train_rmse-0.2962, valid_rmse-1.1942, valid_pr-0.7635
epoch-451, train_loss-0.0860, train_rmse-0.2933, valid_rmse-1.1934, valid_pr-0.7638
epoch-452, train_loss-0.0778, train_rmse-0.2789, valid_rmse-1.1930, valid_pr-0.7639
epoch-453, train_loss-0.0796, train_rmse-0.2822, valid_rmse-1.1994, valid_pr-0.7623
epoch-454, train_loss-0.0767, train_rmse-0.2770, valid_rmse-1.1930, valid_pr-0.7653
epoch-455, train_loss-0.0871, train_rmse-0.2952, valid_rmse-1.1979, valid_pr-0.7639
epoch-456, train_loss-0.0935, train_rmse-0.3058, valid_rmse-1.1935, valid_pr-0.7633
epoch-457, train_loss-0.0888, train_rmse-0.2979, valid_rmse-1.1941, valid_pr-0.7628
epoch-458, train_loss-0.0850, train_rmse-0.2916, valid_rmse-1.1986, valid_pr-0.7614
epoch-459, train_loss-0.0844, train_rmse-0.2905, valid_rmse-1.1957, valid_pr-0.7635
epoch-460, train_loss-0.0894, train_rmse-0.2990, valid_rmse-1.1976, valid_pr-0.7624
epoch-461, train_loss-0.0812, train_rmse-0.2850, valid_rmse-1.1994, valid_pr-0.7627
epoch-462, train_loss-0.0860, train_rmse-0.2932, valid_rmse-1.1923, valid_pr-0.7640
epoch-463, train_loss-0.0888, train_rmse-0.2980, valid_rmse-1.2047, valid_pr-0.7617
epoch-464, train_loss-0.0925, train_rmse-0.3042, valid_rmse-1.2006, valid_pr-0.7617
epoch-465, train_loss-0.0810, train_rmse-0.2846, valid_rmse-1.1966, valid_pr-0.7637
epoch-466, train_loss-0.0898, train_rmse-0.2997, valid_rmse-1.1970, valid_pr-0.7629
epoch-467, train_loss-0.0866, train_rmse-0.2942, valid_rmse-1.1972, valid_pr-0.7625
epoch-468, train_loss-0.0901, train_rmse-0.3001, valid_rmse-1.1922, valid_pr-0.7639
epoch-469, train_loss-0.0909, train_rmse-0.3015, valid_rmse-1.1976, valid_pr-0.7626
epoch-470, train_loss-0.0796, train_rmse-0.2822, valid_rmse-1.2008, valid_pr-0.7608
epoch-471, train_loss-0.0829, train_rmse-0.2879, valid_rmse-1.1987, valid_pr-0.7640
epoch-472, train_loss-0.0776, train_rmse-0.2786, valid_rmse-1.1945, valid_pr-0.7626
epoch-473, train_loss-0.0818, train_rmse-0.2860, valid_rmse-1.1956, valid_pr-0.7624
epoch-474, train_loss-0.0888, train_rmse-0.2981, valid_rmse-1.2068, valid_pr-0.7613
epoch-475, train_loss-0.0844, train_rmse-0.2906, valid_rmse-1.1928, valid_pr-0.7635
epoch-476, train_loss-0.0843, train_rmse-0.2904, valid_rmse-1.1989, valid_pr-0.7622
epoch-477, train_loss-0.0870, train_rmse-0.2949, valid_rmse-1.1924, valid_pr-0.7650
epoch-478, train_loss-0.0877, train_rmse-0.2962, valid_rmse-1.1961, valid_pr-0.7626
epoch-479, train_loss-0.0881, train_rmse-0.2968, valid_rmse-1.2011, valid_pr-0.7616
epoch-480, train_loss-0.0816, train_rmse-0.2856, valid_rmse-1.1972, valid_pr-0.7618
epoch-481, train_loss-0.0784, train_rmse-0.2801, valid_rmse-1.1935, valid_pr-0.7636
epoch-482, train_loss-0.0845, train_rmse-0.2907, valid_rmse-1.1927, valid_pr-0.7638
epoch-483, train_loss-0.0823, train_rmse-0.2868, valid_rmse-1.1965, valid_pr-0.7634
epoch-484, train_loss-0.0862, train_rmse-0.2936, valid_rmse-1.1953, valid_pr-0.7631
epoch-485, train_loss-0.0778, train_rmse-0.2790, valid_rmse-1.1989, valid_pr-0.7628
epoch-486, train_loss-0.0822, train_rmse-0.2866, valid_rmse-1.1963, valid_pr-0.7624
epoch-487, train_loss-0.0812, train_rmse-0.2850, valid_rmse-1.1948, valid_pr-0.7643
epoch-488, train_loss-0.0840, train_rmse-0.2899, valid_rmse-1.1958, valid_pr-0.7631
epoch-489, train_loss-0.0899, train_rmse-0.2998, valid_rmse-1.1934, valid_pr-0.7633
epoch-490, train_loss-0.0824, train_rmse-0.2870, valid_rmse-1.1971, valid_pr-0.7626
epoch-491, train_loss-0.0957, train_rmse-0.3093, valid_rmse-1.1995, valid_pr-0.7622
epoch-492, train_loss-0.0973, train_rmse-0.3119, valid_rmse-1.1912, valid_pr-0.7642
epoch-493, train_loss-0.0820, train_rmse-0.2864, valid_rmse-1.1911, valid_pr-0.7643
epoch-494, train_loss-0.0858, train_rmse-0.2928, valid_rmse-1.1965, valid_pr-0.7645
epoch-495, train_loss-0.0801, train_rmse-0.2830, valid_rmse-1.1904, valid_pr-0.7647
epoch-496, train_loss-0.0725, train_rmse-0.2693, valid_rmse-1.1938, valid_pr-0.7640
epoch-497, train_loss-0.0868, train_rmse-0.2947, valid_rmse-1.1914, valid_pr-0.7647
epoch-498, train_loss-0.0782, train_rmse-0.2796, valid_rmse-1.1985, valid_pr-0.7626
epoch-499, train_loss-0.0741, train_rmse-0.2722, valid_rmse-1.1960, valid_pr-0.7625
epoch-500, train_loss-0.0802, train_rmse-0.2832, valid_rmse-1.1953, valid_pr-0.7642
epoch-501, train_loss-0.0809, train_rmse-0.2844, valid_rmse-1.1972, valid_pr-0.7639
epoch-502, train_loss-0.0803, train_rmse-0.2834, valid_rmse-1.1928, valid_pr-0.7643
epoch-503, train_loss-0.0736, train_rmse-0.2714, valid_rmse-1.1921, valid_pr-0.7653
epoch-504, train_loss-0.0822, train_rmse-0.2868, valid_rmse-1.1964, valid_pr-0.7645
epoch-505, train_loss-0.0785, train_rmse-0.2802, valid_rmse-1.1895, valid_pr-0.7651
epoch-506, train_loss-0.0806, train_rmse-0.2839, valid_rmse-1.1943, valid_pr-0.7634
epoch-507, train_loss-0.0764, train_rmse-0.2764, valid_rmse-1.1947, valid_pr-0.7639
epoch-508, train_loss-0.0788, train_rmse-0.2806, valid_rmse-1.1946, valid_pr-0.7632
epoch-509, train_loss-0.0788, train_rmse-0.2807, valid_rmse-1.1996, valid_pr-0.7625
epoch-510, train_loss-0.0828, train_rmse-0.2877, valid_rmse-1.1966, valid_pr-0.7636
epoch-511, train_loss-0.0810, train_rmse-0.2846, valid_rmse-1.1941, valid_pr-0.7636
epoch-512, train_loss-0.0762, train_rmse-0.2760, valid_rmse-1.1947, valid_pr-0.7635
epoch-513, train_loss-0.0800, train_rmse-0.2829, valid_rmse-1.1922, valid_pr-0.7640
epoch-514, train_loss-0.0803, train_rmse-0.2834, valid_rmse-1.1942, valid_pr-0.7631
epoch-515, train_loss-0.0823, train_rmse-0.2869, valid_rmse-1.1942, valid_pr-0.7633
epoch-516, train_loss-0.0875, train_rmse-0.2959, valid_rmse-1.1929, valid_pr-0.7633
epoch-517, train_loss-0.0840, train_rmse-0.2898, valid_rmse-1.1963, valid_pr-0.7624
epoch-518, train_loss-0.0730, train_rmse-0.2701, valid_rmse-1.1960, valid_pr-0.7626
epoch-519, train_loss-0.0815, train_rmse-0.2856, valid_rmse-1.1945, valid_pr-0.7628
epoch-520, train_loss-0.0773, train_rmse-0.2780, valid_rmse-1.1960, valid_pr-0.7631
epoch-521, train_loss-0.0774, train_rmse-0.2783, valid_rmse-1.2008, valid_pr-0.7625
epoch-522, train_loss-0.0801, train_rmse-0.2831, valid_rmse-1.1945, valid_pr-0.7635
epoch-523, train_loss-0.0794, train_rmse-0.2818, valid_rmse-1.2004, valid_pr-0.7631
epoch-524, train_loss-0.0787, train_rmse-0.2805, valid_rmse-1.1967, valid_pr-0.7625
epoch-525, train_loss-0.0772, train_rmse-0.2778, valid_rmse-1.2003, valid_pr-0.7619
epoch-526, train_loss-0.0815, train_rmse-0.2855, valid_rmse-1.1934, valid_pr-0.7631
epoch-527, train_loss-0.0819, train_rmse-0.2861, valid_rmse-1.1941, valid_pr-0.7634
epoch-528, train_loss-0.0800, train_rmse-0.2829, valid_rmse-1.1941, valid_pr-0.7645
epoch-529, train_loss-0.0849, train_rmse-0.2914, valid_rmse-1.1931, valid_pr-0.7639
epoch-530, train_loss-0.0847, train_rmse-0.2911, valid_rmse-1.1958, valid_pr-0.7644
epoch-531, train_loss-0.0730, train_rmse-0.2702, valid_rmse-1.1956, valid_pr-0.7630
epoch-532, train_loss-0.0777, train_rmse-0.2787, valid_rmse-1.1940, valid_pr-0.7640
epoch-533, train_loss-0.0722, train_rmse-0.2686, valid_rmse-1.1912, valid_pr-0.7641
epoch-534, train_loss-0.0769, train_rmse-0.2773, valid_rmse-1.1927, valid_pr-0.7636
epoch-535, train_loss-0.0736, train_rmse-0.2713, valid_rmse-1.1897, valid_pr-0.7654
epoch-536, train_loss-0.0875, train_rmse-0.2957, valid_rmse-1.1951, valid_pr-0.7637
epoch-537, train_loss-0.0767, train_rmse-0.2770, valid_rmse-1.1898, valid_pr-0.7649
epoch-538, train_loss-0.0792, train_rmse-0.2815, valid_rmse-1.1919, valid_pr-0.7644
epoch-539, train_loss-0.0815, train_rmse-0.2854, valid_rmse-1.1958, valid_pr-0.7629
epoch-540, train_loss-0.0790, train_rmse-0.2810, valid_rmse-1.1932, valid_pr-0.7634
epoch-541, train_loss-0.0858, train_rmse-0.2929, valid_rmse-1.1899, valid_pr-0.7648
epoch-542, train_loss-0.0797, train_rmse-0.2822, valid_rmse-1.1953, valid_pr-0.7637
epoch-543, train_loss-0.0789, train_rmse-0.2808, valid_rmse-1.1918, valid_pr-0.7642
early stop in epoch 543
best_rmse: 1.1889
valid_rmse-1.1889, valid_pr-0.7653, test2013_rmse-1.3496, test2013_pr-0.8332, test2016_rmse-1.1582, test2016_pr-0.8536, test2019_rmse-1.3506, test2019_pr-0.6594
