ASD, lr=0.001, seed=575
train_ASD.py
train data: 11904
valid data: 1000
test2013 data: 107
test2016 data: 285
test2019 data: 4366
GIGN params # : 42663002
epoch-0, train_loss-5.7271, train_rmse-2.3931, valid_rmse-1.8488, valid_pr-0.2879
Validation : valid_rmse-1.8488, valid_pr-0.2879, 
test2013_rmse-2.2629, test2013_pr-0.3076, test2016_rmse-2.0825, test2016_pr-0.3433, test2019_rmse-1.8722, test2019_pr-0.2494
epoch-1, train_loss-3.3792, train_rmse-1.8383, valid_rmse-1.8010, valid_pr-0.3637
Validation : valid_rmse-1.8010, valid_pr-0.3637, 
test2013_rmse-2.2266, test2013_pr-0.3084, test2016_rmse-2.0739, test2016_pr-0.3520, test2019_rmse-1.8238, test2019_pr-0.2633
epoch-2, train_loss-3.1536, train_rmse-1.7758, valid_rmse-1.8294, valid_pr-0.3835
epoch-3, train_loss-2.9206, train_rmse-1.7090, valid_rmse-1.7133, valid_pr-0.4219
Validation : valid_rmse-1.7133, valid_pr-0.4219, 
test2013_rmse-2.2529, test2013_pr-0.3163, test2016_rmse-1.9543, test2016_pr-0.4539, test2019_rmse-1.7798, test2019_pr-0.3328
epoch-4, train_loss-2.9253, train_rmse-1.7104, valid_rmse-1.8080, valid_pr-0.4210
epoch-5, train_loss-2.7643, train_rmse-1.6626, valid_rmse-1.7181, valid_pr-0.4440
epoch-6, train_loss-2.6984, train_rmse-1.6427, valid_rmse-1.6593, valid_pr-0.4619
Validation : valid_rmse-1.6593, valid_pr-0.4619, 
test2013_rmse-2.0259, test2013_pr-0.5012, test2016_rmse-1.8089, test2016_pr-0.5624, test2019_rmse-1.6814, test2019_pr-0.4044
epoch-7, train_loss-2.6569, train_rmse-1.6300, valid_rmse-1.6891, valid_pr-0.4708
epoch-8, train_loss-2.6300, train_rmse-1.6217, valid_rmse-1.6780, valid_pr-0.4569
epoch-9, train_loss-2.5727, train_rmse-1.6040, valid_rmse-1.6661, valid_pr-0.4957
epoch-10, train_loss-2.4659, train_rmse-1.5703, valid_rmse-1.6427, valid_pr-0.4908
Validation : valid_rmse-1.6427, valid_pr-0.4908, 
test2013_rmse-2.0013, test2013_pr-0.5348, test2016_rmse-1.8540, test2016_pr-0.5542, test2019_rmse-1.6640, test2019_pr-0.4056
epoch-11, train_loss-2.5007, train_rmse-1.5813, valid_rmse-1.6570, valid_pr-0.4795
epoch-12, train_loss-2.4927, train_rmse-1.5788, valid_rmse-1.6190, valid_pr-0.4935
Validation : valid_rmse-1.6190, valid_pr-0.4935, 
test2013_rmse-1.9352, test2013_pr-0.5569, test2016_rmse-1.7807, test2016_pr-0.5813, test2019_rmse-1.6191, test2019_pr-0.4384
epoch-13, train_loss-2.3735, train_rmse-1.5406, valid_rmse-1.5824, valid_pr-0.5200
Validation : valid_rmse-1.5824, valid_pr-0.5200, 
test2013_rmse-1.9756, test2013_pr-0.5297, test2016_rmse-1.7739, test2016_pr-0.5809, test2019_rmse-1.6318, test2019_pr-0.4356
epoch-14, train_loss-2.3727, train_rmse-1.5403, valid_rmse-1.5905, valid_pr-0.5235
epoch-15, train_loss-2.3160, train_rmse-1.5219, valid_rmse-1.6139, valid_pr-0.5273
epoch-16, train_loss-2.2782, train_rmse-1.5094, valid_rmse-1.6090, valid_pr-0.5306
epoch-17, train_loss-2.2654, train_rmse-1.5051, valid_rmse-1.5758, valid_pr-0.5299
Validation : valid_rmse-1.5758, valid_pr-0.5299, 
test2013_rmse-1.9557, test2013_pr-0.5426, test2016_rmse-1.7760, test2016_pr-0.5765, test2019_rmse-1.6391, test2019_pr-0.4325
epoch-18, train_loss-2.3340, train_rmse-1.5277, valid_rmse-1.5994, valid_pr-0.5560
epoch-19, train_loss-2.2345, train_rmse-1.4948, valid_rmse-1.5635, valid_pr-0.5651
Validation : valid_rmse-1.5635, valid_pr-0.5651, 
test2013_rmse-1.9489, test2013_pr-0.5527, test2016_rmse-1.6949, test2016_pr-0.6396, test2019_rmse-1.6617, test2019_pr-0.4714
epoch-20, train_loss-2.1499, train_rmse-1.4663, valid_rmse-1.5368, valid_pr-0.5682
Validation : valid_rmse-1.5368, valid_pr-0.5682, 
test2013_rmse-1.9297, test2013_pr-0.5592, test2016_rmse-1.6971, test2016_pr-0.6236, test2019_rmse-1.6075, test2019_pr-0.4801
epoch-21, train_loss-2.1282, train_rmse-1.4588, valid_rmse-1.5429, valid_pr-0.5620
epoch-22, train_loss-2.0751, train_rmse-1.4405, valid_rmse-1.5062, valid_pr-0.5846
Validation : valid_rmse-1.5062, valid_pr-0.5846, 
test2013_rmse-1.8635, test2013_pr-0.6106, test2016_rmse-1.6923, test2016_pr-0.6311, test2019_rmse-1.5919, test2019_pr-0.4828
epoch-23, train_loss-2.0907, train_rmse-1.4459, valid_rmse-1.5417, valid_pr-0.5720
epoch-24, train_loss-1.9890, train_rmse-1.4103, valid_rmse-1.5812, valid_pr-0.5690
epoch-25, train_loss-1.9984, train_rmse-1.4137, valid_rmse-1.5249, valid_pr-0.5675
epoch-26, train_loss-1.9938, train_rmse-1.4120, valid_rmse-1.5619, valid_pr-0.5620
epoch-27, train_loss-2.0140, train_rmse-1.4192, valid_rmse-1.4991, valid_pr-0.5874
Validation : valid_rmse-1.4991, valid_pr-0.5874, 
test2013_rmse-1.7425, test2013_pr-0.6715, test2016_rmse-1.6199, test2016_pr-0.6775, test2019_rmse-1.5833, test2019_pr-0.4841
epoch-28, train_loss-1.9103, train_rmse-1.3821, valid_rmse-1.5226, valid_pr-0.5838
epoch-29, train_loss-1.9003, train_rmse-1.3785, valid_rmse-1.6490, valid_pr-0.5477
epoch-30, train_loss-1.8994, train_rmse-1.3782, valid_rmse-1.5031, valid_pr-0.5987
epoch-31, train_loss-1.8525, train_rmse-1.3611, valid_rmse-1.5076, valid_pr-0.6100
epoch-32, train_loss-1.8026, train_rmse-1.3426, valid_rmse-1.5052, valid_pr-0.6115
epoch-33, train_loss-1.7588, train_rmse-1.3262, valid_rmse-1.4825, valid_pr-0.6240
Validation : valid_rmse-1.4825, valid_pr-0.6240, 
test2013_rmse-1.7007, test2013_pr-0.7141, test2016_rmse-1.6039, test2016_pr-0.7014, test2019_rmse-1.5530, test2019_pr-0.5228
epoch-34, train_loss-1.8059, train_rmse-1.3438, valid_rmse-1.4641, valid_pr-0.6219
Validation : valid_rmse-1.4641, valid_pr-0.6219, 
test2013_rmse-1.7879, test2013_pr-0.6409, test2016_rmse-1.6692, test2016_pr-0.6412, test2019_rmse-1.5678, test2019_pr-0.5069
epoch-35, train_loss-1.7013, train_rmse-1.3043, valid_rmse-1.4523, valid_pr-0.6320
Validation : valid_rmse-1.4523, valid_pr-0.6320, 
test2013_rmse-1.6762, test2013_pr-0.7117, test2016_rmse-1.5873, test2016_pr-0.6895, test2019_rmse-1.5780, test2019_pr-0.5193
epoch-36, train_loss-1.7219, train_rmse-1.3122, valid_rmse-1.6620, valid_pr-0.5569
epoch-37, train_loss-1.7054, train_rmse-1.3059, valid_rmse-1.4871, valid_pr-0.6180
epoch-38, train_loss-1.6241, train_rmse-1.2744, valid_rmse-1.4267, valid_pr-0.6368
Validation : valid_rmse-1.4267, valid_pr-0.6368, 
test2013_rmse-1.7011, test2013_pr-0.7138, test2016_rmse-1.6051, test2016_pr-0.6806, test2019_rmse-1.5492, test2019_pr-0.5183
epoch-39, train_loss-1.6441, train_rmse-1.2822, valid_rmse-1.5782, valid_pr-0.5984
epoch-40, train_loss-1.6382, train_rmse-1.2799, valid_rmse-1.4655, valid_pr-0.6248
epoch-41, train_loss-1.6643, train_rmse-1.2901, valid_rmse-1.4431, valid_pr-0.6339
epoch-42, train_loss-1.5875, train_rmse-1.2600, valid_rmse-1.4272, valid_pr-0.6422
epoch-43, train_loss-1.5423, train_rmse-1.2419, valid_rmse-1.5693, valid_pr-0.6128
epoch-44, train_loss-1.5481, train_rmse-1.2442, valid_rmse-1.4701, valid_pr-0.6301
epoch-45, train_loss-1.5004, train_rmse-1.2249, valid_rmse-1.4753, valid_pr-0.6253
epoch-46, train_loss-1.4638, train_rmse-1.2099, valid_rmse-1.4754, valid_pr-0.6391
epoch-47, train_loss-1.4629, train_rmse-1.2095, valid_rmse-1.5129, valid_pr-0.6220
epoch-48, train_loss-1.4679, train_rmse-1.2116, valid_rmse-1.4752, valid_pr-0.6293
epoch-49, train_loss-1.4606, train_rmse-1.2085, valid_rmse-1.4651, valid_pr-0.6307
epoch-50, train_loss-1.4768, train_rmse-1.2152, valid_rmse-1.4477, valid_pr-0.6371
epoch-51, train_loss-1.4540, train_rmse-1.2058, valid_rmse-1.4634, valid_pr-0.6360
epoch-52, train_loss-1.4369, train_rmse-1.1987, valid_rmse-1.4059, valid_pr-0.6632
Validation : valid_rmse-1.4059, valid_pr-0.6632, 
test2013_rmse-1.5805, test2013_pr-0.7331, test2016_rmse-1.5062, test2016_pr-0.7202, test2019_rmse-1.5699, test2019_pr-0.5430
epoch-53, train_loss-1.4581, train_rmse-1.2075, valid_rmse-1.5010, valid_pr-0.6383
epoch-54, train_loss-1.4673, train_rmse-1.2113, valid_rmse-1.4159, valid_pr-0.6495
epoch-55, train_loss-1.4534, train_rmse-1.2056, valid_rmse-1.4588, valid_pr-0.6315
epoch-56, train_loss-1.3623, train_rmse-1.1672, valid_rmse-1.4271, valid_pr-0.6659
epoch-57, train_loss-1.3090, train_rmse-1.1441, valid_rmse-1.4994, valid_pr-0.6232
epoch-58, train_loss-1.3660, train_rmse-1.1687, valid_rmse-1.3842, valid_pr-0.6685
Validation : valid_rmse-1.3842, valid_pr-0.6685, 
test2013_rmse-1.6176, test2013_pr-0.7297, test2016_rmse-1.5016, test2016_pr-0.7307, test2019_rmse-1.5290, test2019_pr-0.5455
epoch-59, train_loss-1.3033, train_rmse-1.1416, valid_rmse-1.4673, valid_pr-0.6331
epoch-60, train_loss-1.3392, train_rmse-1.1572, valid_rmse-1.4790, valid_pr-0.6412
epoch-61, train_loss-1.2941, train_rmse-1.1376, valid_rmse-1.4392, valid_pr-0.6378
epoch-62, train_loss-1.2842, train_rmse-1.1332, valid_rmse-1.4541, valid_pr-0.6350
epoch-63, train_loss-1.2327, train_rmse-1.1103, valid_rmse-1.4210, valid_pr-0.6576
epoch-64, train_loss-1.2238, train_rmse-1.1063, valid_rmse-1.4017, valid_pr-0.6580
epoch-65, train_loss-1.2308, train_rmse-1.1094, valid_rmse-1.4067, valid_pr-0.6566
epoch-66, train_loss-1.1604, train_rmse-1.0772, valid_rmse-1.5325, valid_pr-0.6193
epoch-67, train_loss-1.1742, train_rmse-1.0836, valid_rmse-1.4498, valid_pr-0.6409
epoch-68, train_loss-1.1957, train_rmse-1.0935, valid_rmse-1.4080, valid_pr-0.6915
epoch-69, train_loss-1.1995, train_rmse-1.0952, valid_rmse-1.4218, valid_pr-0.6542
epoch-70, train_loss-1.1686, train_rmse-1.0810, valid_rmse-1.3909, valid_pr-0.6696
epoch-71, train_loss-1.1666, train_rmse-1.0801, valid_rmse-1.4028, valid_pr-0.6656
epoch-72, train_loss-1.1513, train_rmse-1.0730, valid_rmse-1.3962, valid_pr-0.6655
epoch-73, train_loss-1.1962, train_rmse-1.0937, valid_rmse-1.4187, valid_pr-0.6558
epoch-74, train_loss-1.1400, train_rmse-1.0677, valid_rmse-1.4354, valid_pr-0.6380
epoch-75, train_loss-1.1279, train_rmse-1.0620, valid_rmse-1.3873, valid_pr-0.6808
epoch-76, train_loss-1.1001, train_rmse-1.0489, valid_rmse-1.4713, valid_pr-0.6628
epoch-77, train_loss-1.0550, train_rmse-1.0271, valid_rmse-1.4848, valid_pr-0.6495
epoch-78, train_loss-1.0849, train_rmse-1.0416, valid_rmse-1.4706, valid_pr-0.6335
epoch-79, train_loss-1.1008, train_rmse-1.0492, valid_rmse-1.3921, valid_pr-0.6713
epoch-80, train_loss-1.0452, train_rmse-1.0223, valid_rmse-1.4390, valid_pr-0.6549
epoch-81, train_loss-1.0746, train_rmse-1.0366, valid_rmse-1.3985, valid_pr-0.6664
epoch-82, train_loss-1.0425, train_rmse-1.0210, valid_rmse-1.3961, valid_pr-0.6653
epoch-83, train_loss-0.9755, train_rmse-0.9877, valid_rmse-1.4806, valid_pr-0.6263
epoch-84, train_loss-0.9970, train_rmse-0.9985, valid_rmse-1.4762, valid_pr-0.6480
epoch-85, train_loss-0.9772, train_rmse-0.9885, valid_rmse-1.4450, valid_pr-0.6575
epoch-86, train_loss-0.9658, train_rmse-0.9828, valid_rmse-1.4283, valid_pr-0.6700
epoch-87, train_loss-0.9817, train_rmse-0.9908, valid_rmse-1.4523, valid_pr-0.6463
epoch-88, train_loss-0.9858, train_rmse-0.9929, valid_rmse-1.4161, valid_pr-0.6567
epoch-89, train_loss-0.9679, train_rmse-0.9838, valid_rmse-1.4285, valid_pr-0.6555
epoch-90, train_loss-0.9443, train_rmse-0.9718, valid_rmse-1.4053, valid_pr-0.6695
epoch-91, train_loss-0.9013, train_rmse-0.9493, valid_rmse-1.4601, valid_pr-0.6614
epoch-92, train_loss-0.9042, train_rmse-0.9509, valid_rmse-1.4012, valid_pr-0.6712
epoch-93, train_loss-0.9153, train_rmse-0.9567, valid_rmse-1.4844, valid_pr-0.6306
epoch-94, train_loss-0.8986, train_rmse-0.9480, valid_rmse-1.4442, valid_pr-0.6549
epoch-95, train_loss-0.8601, train_rmse-0.9274, valid_rmse-1.3897, valid_pr-0.6827
epoch-96, train_loss-0.8407, train_rmse-0.9169, valid_rmse-1.4099, valid_pr-0.6664
epoch-97, train_loss-0.8532, train_rmse-0.9237, valid_rmse-1.4044, valid_pr-0.6658
epoch-98, train_loss-0.8531, train_rmse-0.9236, valid_rmse-1.4258, valid_pr-0.6616
epoch-99, train_loss-0.8157, train_rmse-0.9032, valid_rmse-1.4464, valid_pr-0.6486
epoch-100, train_loss-0.8585, train_rmse-0.9266, valid_rmse-1.4538, valid_pr-0.6518
epoch-101, train_loss-0.8528, train_rmse-0.9235, valid_rmse-1.4294, valid_pr-0.6633
epoch-102, train_loss-0.8049, train_rmse-0.8972, valid_rmse-1.4652, valid_pr-0.6557
epoch-103, train_loss-0.8289, train_rmse-0.9104, valid_rmse-1.4537, valid_pr-0.6557
epoch-104, train_loss-0.7996, train_rmse-0.8942, valid_rmse-1.3971, valid_pr-0.6714
epoch-105, train_loss-0.7970, train_rmse-0.8927, valid_rmse-1.4088, valid_pr-0.6743
epoch-106, train_loss-0.7657, train_rmse-0.8750, valid_rmse-1.5437, valid_pr-0.6398
epoch-107, train_loss-0.8003, train_rmse-0.8946, valid_rmse-1.5785, valid_pr-0.6568
epoch-108, train_loss-0.7693, train_rmse-0.8771, valid_rmse-1.4634, valid_pr-0.6581
epoch-109, train_loss-0.7727, train_rmse-0.8790, valid_rmse-1.3995, valid_pr-0.6680
epoch-110, train_loss-0.6127, train_rmse-0.7828, valid_rmse-1.3989, valid_pr-0.6784
epoch-111, train_loss-0.5171, train_rmse-0.7191, valid_rmse-1.4018, valid_pr-0.6827
epoch-112, train_loss-0.5036, train_rmse-0.7096, valid_rmse-1.4015, valid_pr-0.6826
epoch-113, train_loss-0.4664, train_rmse-0.6830, valid_rmse-1.4293, valid_pr-0.6779
epoch-114, train_loss-0.4744, train_rmse-0.6888, valid_rmse-1.3931, valid_pr-0.6855
epoch-115, train_loss-0.4635, train_rmse-0.6808, valid_rmse-1.3944, valid_pr-0.6833
epoch-116, train_loss-0.4346, train_rmse-0.6592, valid_rmse-1.4214, valid_pr-0.6636
epoch-117, train_loss-0.4362, train_rmse-0.6605, valid_rmse-1.3952, valid_pr-0.6802
epoch-118, train_loss-0.4415, train_rmse-0.6645, valid_rmse-1.4305, valid_pr-0.6780
epoch-119, train_loss-0.4386, train_rmse-0.6622, valid_rmse-1.3867, valid_pr-0.6859
epoch-120, train_loss-0.4258, train_rmse-0.6525, valid_rmse-1.4110, valid_pr-0.6770
epoch-121, train_loss-0.4229, train_rmse-0.6503, valid_rmse-1.4498, valid_pr-0.6772
epoch-122, train_loss-0.4177, train_rmse-0.6463, valid_rmse-1.3951, valid_pr-0.6838
epoch-123, train_loss-0.4086, train_rmse-0.6392, valid_rmse-1.4116, valid_pr-0.6741
epoch-124, train_loss-0.3935, train_rmse-0.6273, valid_rmse-1.3987, valid_pr-0.6844
epoch-125, train_loss-0.3894, train_rmse-0.6240, valid_rmse-1.3889, valid_pr-0.6859
epoch-126, train_loss-0.3922, train_rmse-0.6262, valid_rmse-1.3788, valid_pr-0.6871
Validation : valid_rmse-1.3788, valid_pr-0.6871, 
test2013_rmse-1.4654, test2013_pr-0.7825, test2016_rmse-1.4912, test2016_pr-0.7313, test2019_rmse-1.5606, test2019_pr-0.5482
epoch-127, train_loss-0.3958, train_rmse-0.6291, valid_rmse-1.3835, valid_pr-0.6860
epoch-128, train_loss-0.3861, train_rmse-0.6213, valid_rmse-1.3998, valid_pr-0.6850
epoch-129, train_loss-0.3856, train_rmse-0.6210, valid_rmse-1.4063, valid_pr-0.6775
epoch-130, train_loss-0.3907, train_rmse-0.6250, valid_rmse-1.4274, valid_pr-0.6709
epoch-131, train_loss-0.3771, train_rmse-0.6141, valid_rmse-1.4390, valid_pr-0.6589
epoch-132, train_loss-0.3690, train_rmse-0.6074, valid_rmse-1.4175, valid_pr-0.6759
epoch-133, train_loss-0.3830, train_rmse-0.6189, valid_rmse-1.4792, valid_pr-0.6581
epoch-134, train_loss-0.3857, train_rmse-0.6210, valid_rmse-1.4213, valid_pr-0.6743
epoch-135, train_loss-0.3691, train_rmse-0.6075, valid_rmse-1.3977, valid_pr-0.6851
epoch-136, train_loss-0.3645, train_rmse-0.6037, valid_rmse-1.4211, valid_pr-0.6811
epoch-137, train_loss-0.3843, train_rmse-0.6199, valid_rmse-1.4250, valid_pr-0.6731
epoch-138, train_loss-0.3610, train_rmse-0.6008, valid_rmse-1.3859, valid_pr-0.6854
epoch-139, train_loss-0.3594, train_rmse-0.5995, valid_rmse-1.4290, valid_pr-0.6681
epoch-140, train_loss-0.3575, train_rmse-0.5979, valid_rmse-1.4031, valid_pr-0.6785
epoch-141, train_loss-0.3566, train_rmse-0.5971, valid_rmse-1.3968, valid_pr-0.6816
epoch-142, train_loss-0.3660, train_rmse-0.6050, valid_rmse-1.4041, valid_pr-0.6800
epoch-143, train_loss-0.3450, train_rmse-0.5874, valid_rmse-1.4124, valid_pr-0.6740
epoch-144, train_loss-0.3348, train_rmse-0.5786, valid_rmse-1.4099, valid_pr-0.6777
epoch-145, train_loss-0.3219, train_rmse-0.5674, valid_rmse-1.4005, valid_pr-0.6780
epoch-146, train_loss-0.3323, train_rmse-0.5765, valid_rmse-1.4124, valid_pr-0.6720
epoch-147, train_loss-0.3510, train_rmse-0.5925, valid_rmse-1.4348, valid_pr-0.6700
epoch-148, train_loss-0.3270, train_rmse-0.5718, valid_rmse-1.4139, valid_pr-0.6744
epoch-149, train_loss-0.3196, train_rmse-0.5653, valid_rmse-1.4323, valid_pr-0.6713
epoch-150, train_loss-0.3116, train_rmse-0.5582, valid_rmse-1.4151, valid_pr-0.6779
epoch-151, train_loss-0.3030, train_rmse-0.5505, valid_rmse-1.3831, valid_pr-0.6881
epoch-152, train_loss-0.3239, train_rmse-0.5692, valid_rmse-1.4184, valid_pr-0.6802
epoch-153, train_loss-0.3064, train_rmse-0.5536, valid_rmse-1.4130, valid_pr-0.6708
epoch-154, train_loss-0.3131, train_rmse-0.5595, valid_rmse-1.4234, valid_pr-0.6720
epoch-155, train_loss-0.3259, train_rmse-0.5709, valid_rmse-1.3906, valid_pr-0.6844
epoch-156, train_loss-0.2924, train_rmse-0.5407, valid_rmse-1.3830, valid_pr-0.6917
epoch-157, train_loss-0.2952, train_rmse-0.5433, valid_rmse-1.4416, valid_pr-0.6704
epoch-158, train_loss-0.3059, train_rmse-0.5531, valid_rmse-1.4391, valid_pr-0.6647
epoch-159, train_loss-0.3052, train_rmse-0.5525, valid_rmse-1.3927, valid_pr-0.6899
epoch-160, train_loss-0.3172, train_rmse-0.5632, valid_rmse-1.4165, valid_pr-0.6743
epoch-161, train_loss-0.3060, train_rmse-0.5532, valid_rmse-1.4141, valid_pr-0.6733
epoch-162, train_loss-0.3100, train_rmse-0.5568, valid_rmse-1.4066, valid_pr-0.6849
epoch-163, train_loss-0.3008, train_rmse-0.5485, valid_rmse-1.4011, valid_pr-0.6896
epoch-164, train_loss-0.2974, train_rmse-0.5453, valid_rmse-1.4219, valid_pr-0.6715
epoch-165, train_loss-0.2987, train_rmse-0.5465, valid_rmse-1.4352, valid_pr-0.6702
epoch-166, train_loss-0.3071, train_rmse-0.5541, valid_rmse-1.3977, valid_pr-0.6821
epoch-167, train_loss-0.3010, train_rmse-0.5487, valid_rmse-1.4030, valid_pr-0.6816
epoch-168, train_loss-0.2914, train_rmse-0.5398, valid_rmse-1.3732, valid_pr-0.6963
Validation : valid_rmse-1.3732, valid_pr-0.6963, 
test2013_rmse-1.4697, test2013_pr-0.7779, test2016_rmse-1.4651, test2016_pr-0.7386, test2019_rmse-1.5664, test2019_pr-0.5551
epoch-169, train_loss-0.2846, train_rmse-0.5335, valid_rmse-1.3877, valid_pr-0.6928
epoch-170, train_loss-0.2902, train_rmse-0.5387, valid_rmse-1.3845, valid_pr-0.6913
epoch-171, train_loss-0.2741, train_rmse-0.5235, valid_rmse-1.4047, valid_pr-0.6852
epoch-172, train_loss-0.2695, train_rmse-0.5192, valid_rmse-1.4229, valid_pr-0.6761
epoch-173, train_loss-0.2706, train_rmse-0.5202, valid_rmse-1.3967, valid_pr-0.6903
epoch-174, train_loss-0.2749, train_rmse-0.5244, valid_rmse-1.4123, valid_pr-0.6839
epoch-175, train_loss-0.2785, train_rmse-0.5277, valid_rmse-1.3788, valid_pr-0.6891
epoch-176, train_loss-0.2674, train_rmse-0.5171, valid_rmse-1.4306, valid_pr-0.6667
epoch-177, train_loss-0.2781, train_rmse-0.5274, valid_rmse-1.3973, valid_pr-0.6848
epoch-178, train_loss-0.2935, train_rmse-0.5418, valid_rmse-1.4105, valid_pr-0.6728
epoch-179, train_loss-0.2718, train_rmse-0.5213, valid_rmse-1.3703, valid_pr-0.6932
Validation : valid_rmse-1.3703, valid_pr-0.6932, 
test2013_rmse-1.6648, test2013_pr-0.6985, test2016_rmse-1.5264, test2016_pr-0.7149, test2019_rmse-1.5501, test2019_pr-0.5562
epoch-180, train_loss-0.2602, train_rmse-0.5101, valid_rmse-1.3911, valid_pr-0.6851
epoch-181, train_loss-0.2524, train_rmse-0.5024, valid_rmse-1.4084, valid_pr-0.6830
epoch-182, train_loss-0.2603, train_rmse-0.5102, valid_rmse-1.4036, valid_pr-0.6797
epoch-183, train_loss-0.2443, train_rmse-0.4942, valid_rmse-1.4056, valid_pr-0.6780
epoch-184, train_loss-0.2497, train_rmse-0.4997, valid_rmse-1.4052, valid_pr-0.6816
epoch-185, train_loss-0.2446, train_rmse-0.4945, valid_rmse-1.3922, valid_pr-0.6810
epoch-186, train_loss-0.2484, train_rmse-0.4984, valid_rmse-1.4291, valid_pr-0.6714
epoch-187, train_loss-0.2615, train_rmse-0.5114, valid_rmse-1.4253, valid_pr-0.6683
epoch-188, train_loss-0.2441, train_rmse-0.4941, valid_rmse-1.3871, valid_pr-0.6823
epoch-189, train_loss-0.2409, train_rmse-0.4908, valid_rmse-1.4336, valid_pr-0.6660
epoch-190, train_loss-0.2584, train_rmse-0.5083, valid_rmse-1.4058, valid_pr-0.6762
epoch-191, train_loss-0.2486, train_rmse-0.4986, valid_rmse-1.4025, valid_pr-0.6864
epoch-192, train_loss-0.2334, train_rmse-0.4831, valid_rmse-1.4105, valid_pr-0.6737
epoch-193, train_loss-0.2480, train_rmse-0.4980, valid_rmse-1.3753, valid_pr-0.6924
epoch-194, train_loss-0.2330, train_rmse-0.4827, valid_rmse-1.3850, valid_pr-0.6878
epoch-195, train_loss-0.2548, train_rmse-0.5048, valid_rmse-1.3968, valid_pr-0.6733
epoch-196, train_loss-0.2575, train_rmse-0.5074, valid_rmse-1.4113, valid_pr-0.6798
epoch-197, train_loss-0.2502, train_rmse-0.5002, valid_rmse-1.3840, valid_pr-0.6925
epoch-198, train_loss-0.2431, train_rmse-0.4930, valid_rmse-1.3995, valid_pr-0.6818
epoch-199, train_loss-0.2603, train_rmse-0.5102, valid_rmse-1.4358, valid_pr-0.6694
epoch-200, train_loss-0.2371, train_rmse-0.4869, valid_rmse-1.3975, valid_pr-0.6782
epoch-201, train_loss-0.2234, train_rmse-0.4727, valid_rmse-1.3976, valid_pr-0.6809
epoch-202, train_loss-0.2145, train_rmse-0.4631, valid_rmse-1.4283, valid_pr-0.6751
epoch-203, train_loss-0.2256, train_rmse-0.4750, valid_rmse-1.3728, valid_pr-0.6932
epoch-204, train_loss-0.2368, train_rmse-0.4866, valid_rmse-1.4220, valid_pr-0.6711
epoch-205, train_loss-0.2365, train_rmse-0.4863, valid_rmse-1.4095, valid_pr-0.6801
epoch-206, train_loss-0.2291, train_rmse-0.4786, valid_rmse-1.3912, valid_pr-0.6851
epoch-207, train_loss-0.2292, train_rmse-0.4788, valid_rmse-1.3968, valid_pr-0.6842
epoch-208, train_loss-0.2318, train_rmse-0.4815, valid_rmse-1.3915, valid_pr-0.6772
epoch-209, train_loss-0.2356, train_rmse-0.4854, valid_rmse-1.4091, valid_pr-0.6745
epoch-210, train_loss-0.2264, train_rmse-0.4759, valid_rmse-1.4143, valid_pr-0.6792
epoch-211, train_loss-0.2355, train_rmse-0.4853, valid_rmse-1.4236, valid_pr-0.6780
epoch-212, train_loss-0.2150, train_rmse-0.4637, valid_rmse-1.4077, valid_pr-0.6752
epoch-213, train_loss-0.2230, train_rmse-0.4722, valid_rmse-1.3999, valid_pr-0.6805
epoch-214, train_loss-0.2328, train_rmse-0.4825, valid_rmse-1.3841, valid_pr-0.6899
epoch-215, train_loss-0.2204, train_rmse-0.4694, valid_rmse-1.4176, valid_pr-0.6803
epoch-216, train_loss-0.2203, train_rmse-0.4694, valid_rmse-1.3796, valid_pr-0.6870
epoch-217, train_loss-0.2037, train_rmse-0.4513, valid_rmse-1.3836, valid_pr-0.6899
epoch-218, train_loss-0.2069, train_rmse-0.4549, valid_rmse-1.3583, valid_pr-0.6975
Validation : valid_rmse-1.3583, valid_pr-0.6975, 
test2013_rmse-1.5882, test2013_pr-0.7299, test2016_rmse-1.4789, test2016_pr-0.7330, test2019_rmse-1.5364, test2019_pr-0.5622
epoch-219, train_loss-0.2132, train_rmse-0.4617, valid_rmse-1.4054, valid_pr-0.6838
epoch-220, train_loss-0.2022, train_rmse-0.4496, valid_rmse-1.3735, valid_pr-0.6930
epoch-221, train_loss-0.2032, train_rmse-0.4508, valid_rmse-1.3884, valid_pr-0.6837
epoch-222, train_loss-0.1912, train_rmse-0.4372, valid_rmse-1.3934, valid_pr-0.6830
epoch-223, train_loss-0.2039, train_rmse-0.4516, valid_rmse-1.4103, valid_pr-0.6808
epoch-224, train_loss-0.2040, train_rmse-0.4517, valid_rmse-1.3977, valid_pr-0.6804
epoch-225, train_loss-0.2209, train_rmse-0.4700, valid_rmse-1.3978, valid_pr-0.6758
epoch-226, train_loss-0.2080, train_rmse-0.4561, valid_rmse-1.4073, valid_pr-0.6807
epoch-227, train_loss-0.2012, train_rmse-0.4485, valid_rmse-1.4072, valid_pr-0.6794
epoch-228, train_loss-0.2011, train_rmse-0.4485, valid_rmse-1.4065, valid_pr-0.6820
epoch-229, train_loss-0.2192, train_rmse-0.4682, valid_rmse-1.3984, valid_pr-0.6817
epoch-230, train_loss-0.2172, train_rmse-0.4660, valid_rmse-1.4223, valid_pr-0.6662
epoch-231, train_loss-0.2016, train_rmse-0.4490, valid_rmse-1.4374, valid_pr-0.6655
epoch-232, train_loss-0.2013, train_rmse-0.4487, valid_rmse-1.3952, valid_pr-0.6759
epoch-233, train_loss-0.2048, train_rmse-0.4526, valid_rmse-1.3859, valid_pr-0.6907
epoch-234, train_loss-0.2076, train_rmse-0.4557, valid_rmse-1.4071, valid_pr-0.6786
epoch-235, train_loss-0.2151, train_rmse-0.4638, valid_rmse-1.3851, valid_pr-0.6861
epoch-236, train_loss-0.2165, train_rmse-0.4653, valid_rmse-1.3809, valid_pr-0.6862
epoch-237, train_loss-0.2116, train_rmse-0.4600, valid_rmse-1.3848, valid_pr-0.6857
epoch-238, train_loss-0.1917, train_rmse-0.4378, valid_rmse-1.3895, valid_pr-0.6840
epoch-239, train_loss-0.1973, train_rmse-0.4441, valid_rmse-1.3951, valid_pr-0.6811
epoch-240, train_loss-0.1997, train_rmse-0.4469, valid_rmse-1.3941, valid_pr-0.6812
epoch-241, train_loss-0.2000, train_rmse-0.4472, valid_rmse-1.3842, valid_pr-0.6889
epoch-242, train_loss-0.1982, train_rmse-0.4452, valid_rmse-1.3690, valid_pr-0.6888
epoch-243, train_loss-0.2016, train_rmse-0.4490, valid_rmse-1.3758, valid_pr-0.6911
epoch-244, train_loss-0.1962, train_rmse-0.4430, valid_rmse-1.3845, valid_pr-0.6868
epoch-245, train_loss-0.2027, train_rmse-0.4503, valid_rmse-1.3796, valid_pr-0.6880
epoch-246, train_loss-0.1737, train_rmse-0.4168, valid_rmse-1.4038, valid_pr-0.6756
epoch-247, train_loss-0.1976, train_rmse-0.4445, valid_rmse-1.3996, valid_pr-0.6788
epoch-248, train_loss-0.1975, train_rmse-0.4444, valid_rmse-1.4017, valid_pr-0.6757
epoch-249, train_loss-0.1921, train_rmse-0.4383, valid_rmse-1.3785, valid_pr-0.6911
epoch-250, train_loss-0.1740, train_rmse-0.4171, valid_rmse-1.3843, valid_pr-0.6822
epoch-251, train_loss-0.1725, train_rmse-0.4153, valid_rmse-1.3847, valid_pr-0.6869
epoch-252, train_loss-0.1927, train_rmse-0.4390, valid_rmse-1.3706, valid_pr-0.6901
epoch-253, train_loss-0.1951, train_rmse-0.4417, valid_rmse-1.3847, valid_pr-0.6889
epoch-254, train_loss-0.1932, train_rmse-0.4395, valid_rmse-1.3837, valid_pr-0.6942
epoch-255, train_loss-0.2035, train_rmse-0.4511, valid_rmse-1.3856, valid_pr-0.6909
epoch-256, train_loss-0.1847, train_rmse-0.4298, valid_rmse-1.3991, valid_pr-0.6782
epoch-257, train_loss-0.1894, train_rmse-0.4353, valid_rmse-1.3982, valid_pr-0.6845
epoch-258, train_loss-0.1799, train_rmse-0.4242, valid_rmse-1.3769, valid_pr-0.6926
epoch-259, train_loss-0.1746, train_rmse-0.4178, valid_rmse-1.3904, valid_pr-0.6826
epoch-260, train_loss-0.1716, train_rmse-0.4143, valid_rmse-1.3735, valid_pr-0.6854
epoch-261, train_loss-0.1818, train_rmse-0.4264, valid_rmse-1.3752, valid_pr-0.6879
epoch-262, train_loss-0.1742, train_rmse-0.4174, valid_rmse-1.3900, valid_pr-0.6834
epoch-263, train_loss-0.1805, train_rmse-0.4249, valid_rmse-1.3789, valid_pr-0.6898
epoch-264, train_loss-0.1787, train_rmse-0.4227, valid_rmse-1.3634, valid_pr-0.6941
epoch-265, train_loss-0.1774, train_rmse-0.4212, valid_rmse-1.3535, valid_pr-0.6971
Validation : valid_rmse-1.3535, valid_pr-0.6971, 
test2013_rmse-1.5867, test2013_pr-0.7309, test2016_rmse-1.5156, test2016_pr-0.7184, test2019_rmse-1.5471, test2019_pr-0.5574
epoch-266, train_loss-0.1835, train_rmse-0.4283, valid_rmse-1.4186, valid_pr-0.6703
epoch-267, train_loss-0.1920, train_rmse-0.4381, valid_rmse-1.3838, valid_pr-0.6900
epoch-268, train_loss-0.1877, train_rmse-0.4333, valid_rmse-1.3706, valid_pr-0.6957
epoch-269, train_loss-0.1840, train_rmse-0.4290, valid_rmse-1.3923, valid_pr-0.6832
epoch-270, train_loss-0.1799, train_rmse-0.4241, valid_rmse-1.3860, valid_pr-0.6820
epoch-271, train_loss-0.1662, train_rmse-0.4077, valid_rmse-1.3756, valid_pr-0.6940
epoch-272, train_loss-0.1670, train_rmse-0.4086, valid_rmse-1.3851, valid_pr-0.6946
epoch-273, train_loss-0.1854, train_rmse-0.4306, valid_rmse-1.3854, valid_pr-0.6870
epoch-274, train_loss-0.1773, train_rmse-0.4211, valid_rmse-1.3906, valid_pr-0.6886
epoch-275, train_loss-0.1651, train_rmse-0.4063, valid_rmse-1.3914, valid_pr-0.6779
epoch-276, train_loss-0.1675, train_rmse-0.4092, valid_rmse-1.3574, valid_pr-0.7024
epoch-277, train_loss-0.1662, train_rmse-0.4077, valid_rmse-1.3672, valid_pr-0.6936
epoch-278, train_loss-0.1611, train_rmse-0.4013, valid_rmse-1.3974, valid_pr-0.6800
epoch-279, train_loss-0.1621, train_rmse-0.4026, valid_rmse-1.3954, valid_pr-0.6816
epoch-280, train_loss-0.1711, train_rmse-0.4136, valid_rmse-1.3838, valid_pr-0.6888
epoch-281, train_loss-0.1733, train_rmse-0.4164, valid_rmse-1.3927, valid_pr-0.6854
epoch-282, train_loss-0.1699, train_rmse-0.4122, valid_rmse-1.4056, valid_pr-0.6764
epoch-283, train_loss-0.1786, train_rmse-0.4226, valid_rmse-1.3695, valid_pr-0.6905
epoch-284, train_loss-0.1674, train_rmse-0.4092, valid_rmse-1.3975, valid_pr-0.6812
epoch-285, train_loss-0.1601, train_rmse-0.4002, valid_rmse-1.3771, valid_pr-0.6921
epoch-286, train_loss-0.1683, train_rmse-0.4103, valid_rmse-1.4130, valid_pr-0.6751
epoch-287, train_loss-0.1670, train_rmse-0.4086, valid_rmse-1.3825, valid_pr-0.6877
epoch-288, train_loss-0.1591, train_rmse-0.3989, valid_rmse-1.3777, valid_pr-0.6885
epoch-289, train_loss-0.1620, train_rmse-0.4025, valid_rmse-1.3816, valid_pr-0.6917
epoch-290, train_loss-0.1658, train_rmse-0.4072, valid_rmse-1.3920, valid_pr-0.6887
epoch-291, train_loss-0.1532, train_rmse-0.3914, valid_rmse-1.3757, valid_pr-0.6908
epoch-292, train_loss-0.1602, train_rmse-0.4002, valid_rmse-1.3821, valid_pr-0.6835
epoch-293, train_loss-0.1539, train_rmse-0.3923, valid_rmse-1.3700, valid_pr-0.6928
epoch-294, train_loss-0.1483, train_rmse-0.3851, valid_rmse-1.3442, valid_pr-0.7004
Validation : valid_rmse-1.3442, valid_pr-0.7004, 
test2013_rmse-1.5893, test2013_pr-0.7297, test2016_rmse-1.4911, test2016_pr-0.7270, test2019_rmse-1.5359, test2019_pr-0.5629
epoch-295, train_loss-0.1471, train_rmse-0.3835, valid_rmse-1.3860, valid_pr-0.6887
epoch-296, train_loss-0.1852, train_rmse-0.4304, valid_rmse-1.3694, valid_pr-0.6940
epoch-297, train_loss-0.1813, train_rmse-0.4258, valid_rmse-1.3577, valid_pr-0.6958
epoch-298, train_loss-0.1582, train_rmse-0.3977, valid_rmse-1.3830, valid_pr-0.6872
epoch-299, train_loss-0.1610, train_rmse-0.4013, valid_rmse-1.3645, valid_pr-0.6959
epoch-300, train_loss-0.1651, train_rmse-0.4063, valid_rmse-1.3815, valid_pr-0.6861
epoch-301, train_loss-0.1832, train_rmse-0.4280, valid_rmse-1.3776, valid_pr-0.6889
epoch-302, train_loss-0.1707, train_rmse-0.4132, valid_rmse-1.3951, valid_pr-0.6816
epoch-303, train_loss-0.1529, train_rmse-0.3910, valid_rmse-1.4100, valid_pr-0.6744
epoch-304, train_loss-0.1460, train_rmse-0.3820, valid_rmse-1.3818, valid_pr-0.6880
epoch-305, train_loss-0.1493, train_rmse-0.3863, valid_rmse-1.3614, valid_pr-0.6949
epoch-306, train_loss-0.1457, train_rmse-0.3817, valid_rmse-1.3834, valid_pr-0.6881
epoch-307, train_loss-0.1613, train_rmse-0.4016, valid_rmse-1.3913, valid_pr-0.6820
epoch-308, train_loss-0.1559, train_rmse-0.3949, valid_rmse-1.3814, valid_pr-0.6887
epoch-309, train_loss-0.1460, train_rmse-0.3821, valid_rmse-1.3729, valid_pr-0.6926
epoch-310, train_loss-0.1356, train_rmse-0.3682, valid_rmse-1.3881, valid_pr-0.6822
epoch-311, train_loss-0.1484, train_rmse-0.3852, valid_rmse-1.3556, valid_pr-0.6989
epoch-312, train_loss-0.1484, train_rmse-0.3852, valid_rmse-1.3779, valid_pr-0.6909
epoch-313, train_loss-0.1577, train_rmse-0.3972, valid_rmse-1.3877, valid_pr-0.6826
epoch-314, train_loss-0.1555, train_rmse-0.3943, valid_rmse-1.3591, valid_pr-0.6943
epoch-315, train_loss-0.1737, train_rmse-0.4168, valid_rmse-1.3744, valid_pr-0.6884
epoch-316, train_loss-0.1570, train_rmse-0.3963, valid_rmse-1.3792, valid_pr-0.6870
epoch-317, train_loss-0.1462, train_rmse-0.3823, valid_rmse-1.3960, valid_pr-0.6777
epoch-318, train_loss-0.1490, train_rmse-0.3859, valid_rmse-1.3833, valid_pr-0.6844
epoch-319, train_loss-0.1549, train_rmse-0.3935, valid_rmse-1.3640, valid_pr-0.6966
epoch-320, train_loss-0.1372, train_rmse-0.3704, valid_rmse-1.3748, valid_pr-0.6916
epoch-321, train_loss-0.1490, train_rmse-0.3860, valid_rmse-1.3705, valid_pr-0.6957
epoch-322, train_loss-0.1539, train_rmse-0.3923, valid_rmse-1.3993, valid_pr-0.6780
epoch-323, train_loss-0.1578, train_rmse-0.3972, valid_rmse-1.3774, valid_pr-0.6883
epoch-324, train_loss-0.1485, train_rmse-0.3854, valid_rmse-1.3853, valid_pr-0.6825
epoch-325, train_loss-0.1575, train_rmse-0.3968, valid_rmse-1.3826, valid_pr-0.6871
epoch-326, train_loss-0.1519, train_rmse-0.3897, valid_rmse-1.3649, valid_pr-0.6956
epoch-327, train_loss-0.1450, train_rmse-0.3808, valid_rmse-1.4007, valid_pr-0.6763
epoch-328, train_loss-0.1413, train_rmse-0.3760, valid_rmse-1.4005, valid_pr-0.6806
epoch-329, train_loss-0.1433, train_rmse-0.3785, valid_rmse-1.3710, valid_pr-0.6892
epoch-330, train_loss-0.1352, train_rmse-0.3677, valid_rmse-1.3816, valid_pr-0.6876
epoch-331, train_loss-0.1502, train_rmse-0.3875, valid_rmse-1.3837, valid_pr-0.6841
epoch-332, train_loss-0.1561, train_rmse-0.3951, valid_rmse-1.3693, valid_pr-0.6882
epoch-333, train_loss-0.1518, train_rmse-0.3896, valid_rmse-1.3945, valid_pr-0.6810
epoch-334, train_loss-0.1502, train_rmse-0.3875, valid_rmse-1.3552, valid_pr-0.7005
epoch-335, train_loss-0.1366, train_rmse-0.3695, valid_rmse-1.3516, valid_pr-0.7009
epoch-336, train_loss-0.1404, train_rmse-0.3747, valid_rmse-1.3625, valid_pr-0.6964
epoch-337, train_loss-0.1370, train_rmse-0.3701, valid_rmse-1.3484, valid_pr-0.6995
epoch-338, train_loss-0.1295, train_rmse-0.3599, valid_rmse-1.3633, valid_pr-0.6911
epoch-339, train_loss-0.1496, train_rmse-0.3868, valid_rmse-1.3683, valid_pr-0.6914
epoch-340, train_loss-0.1427, train_rmse-0.3778, valid_rmse-1.3712, valid_pr-0.6929
epoch-341, train_loss-0.1393, train_rmse-0.3732, valid_rmse-1.3583, valid_pr-0.6937
epoch-342, train_loss-0.1405, train_rmse-0.3749, valid_rmse-1.3446, valid_pr-0.7044
epoch-343, train_loss-0.1375, train_rmse-0.3709, valid_rmse-1.3975, valid_pr-0.6805
epoch-344, train_loss-0.1690, train_rmse-0.4111, valid_rmse-1.3696, valid_pr-0.6893
epoch-345, train_loss-0.1495, train_rmse-0.3867, valid_rmse-1.3917, valid_pr-0.6840
epoch-346, train_loss-0.1196, train_rmse-0.3459, valid_rmse-1.3647, valid_pr-0.6921
epoch-347, train_loss-0.0984, train_rmse-0.3137, valid_rmse-1.3741, valid_pr-0.6883
epoch-348, train_loss-0.0885, train_rmse-0.2974, valid_rmse-1.3760, valid_pr-0.6871
epoch-349, train_loss-0.0858, train_rmse-0.2929, valid_rmse-1.3551, valid_pr-0.6971
epoch-350, train_loss-0.0900, train_rmse-0.3000, valid_rmse-1.3639, valid_pr-0.6956
epoch-351, train_loss-0.0816, train_rmse-0.2856, valid_rmse-1.3661, valid_pr-0.6926
epoch-352, train_loss-0.0791, train_rmse-0.2813, valid_rmse-1.3546, valid_pr-0.6984
epoch-353, train_loss-0.0769, train_rmse-0.2774, valid_rmse-1.3478, valid_pr-0.6964
epoch-354, train_loss-0.0839, train_rmse-0.2896, valid_rmse-1.3627, valid_pr-0.6948
epoch-355, train_loss-0.0814, train_rmse-0.2852, valid_rmse-1.3599, valid_pr-0.6941
epoch-356, train_loss-0.0833, train_rmse-0.2887, valid_rmse-1.3608, valid_pr-0.6963
epoch-357, train_loss-0.0783, train_rmse-0.2799, valid_rmse-1.3501, valid_pr-0.6991
epoch-358, train_loss-0.0803, train_rmse-0.2833, valid_rmse-1.3545, valid_pr-0.6988
epoch-359, train_loss-0.0795, train_rmse-0.2820, valid_rmse-1.3699, valid_pr-0.6902
epoch-360, train_loss-0.0788, train_rmse-0.2807, valid_rmse-1.3465, valid_pr-0.7048
epoch-361, train_loss-0.0777, train_rmse-0.2787, valid_rmse-1.3622, valid_pr-0.6978
epoch-362, train_loss-0.0805, train_rmse-0.2838, valid_rmse-1.3537, valid_pr-0.6980
epoch-363, train_loss-0.0775, train_rmse-0.2783, valid_rmse-1.3661, valid_pr-0.6923
epoch-364, train_loss-0.0830, train_rmse-0.2882, valid_rmse-1.3432, valid_pr-0.7027
Validation : valid_rmse-1.3432, valid_pr-0.7027, 
test2013_rmse-1.5837, test2013_pr-0.7316, test2016_rmse-1.4681, test2016_pr-0.7371, test2019_rmse-1.5220, test2019_pr-0.5734
epoch-365, train_loss-0.0773, train_rmse-0.2781, valid_rmse-1.3738, valid_pr-0.6897
epoch-366, train_loss-0.0776, train_rmse-0.2786, valid_rmse-1.3692, valid_pr-0.6909
epoch-367, train_loss-0.0796, train_rmse-0.2821, valid_rmse-1.3719, valid_pr-0.6883
epoch-368, train_loss-0.0787, train_rmse-0.2805, valid_rmse-1.3636, valid_pr-0.6940
epoch-369, train_loss-0.0828, train_rmse-0.2877, valid_rmse-1.3647, valid_pr-0.6932
epoch-370, train_loss-0.0830, train_rmse-0.2882, valid_rmse-1.3630, valid_pr-0.6940
epoch-371, train_loss-0.0911, train_rmse-0.3019, valid_rmse-1.3655, valid_pr-0.6924
epoch-372, train_loss-0.0852, train_rmse-0.2919, valid_rmse-1.3503, valid_pr-0.6992
epoch-373, train_loss-0.0796, train_rmse-0.2821, valid_rmse-1.3611, valid_pr-0.6961
epoch-374, train_loss-0.0821, train_rmse-0.2866, valid_rmse-1.3556, valid_pr-0.6980
epoch-375, train_loss-0.0822, train_rmse-0.2868, valid_rmse-1.3447, valid_pr-0.7019
epoch-376, train_loss-0.0811, train_rmse-0.2848, valid_rmse-1.3575, valid_pr-0.6964
epoch-377, train_loss-0.0797, train_rmse-0.2824, valid_rmse-1.3679, valid_pr-0.6920
epoch-378, train_loss-0.0730, train_rmse-0.2703, valid_rmse-1.3574, valid_pr-0.6963
epoch-379, train_loss-0.0828, train_rmse-0.2877, valid_rmse-1.3687, valid_pr-0.6928
epoch-380, train_loss-0.0760, train_rmse-0.2757, valid_rmse-1.3557, valid_pr-0.6995
epoch-381, train_loss-0.0788, train_rmse-0.2807, valid_rmse-1.3445, valid_pr-0.7011
epoch-382, train_loss-0.0793, train_rmse-0.2817, valid_rmse-1.3415, valid_pr-0.7023
Validation : valid_rmse-1.3415, valid_pr-0.7023, 
test2013_rmse-1.6021, test2013_pr-0.7247, test2016_rmse-1.4760, test2016_pr-0.7349, test2019_rmse-1.5203, test2019_pr-0.5692
epoch-383, train_loss-0.0761, train_rmse-0.2758, valid_rmse-1.3454, valid_pr-0.7010
epoch-384, train_loss-0.0764, train_rmse-0.2763, valid_rmse-1.3574, valid_pr-0.6975
epoch-385, train_loss-0.0784, train_rmse-0.2799, valid_rmse-1.3555, valid_pr-0.6968
epoch-386, train_loss-0.0737, train_rmse-0.2714, valid_rmse-1.3657, valid_pr-0.6935
epoch-387, train_loss-0.0817, train_rmse-0.2859, valid_rmse-1.3704, valid_pr-0.6944
epoch-388, train_loss-0.0838, train_rmse-0.2896, valid_rmse-1.3657, valid_pr-0.6916
epoch-389, train_loss-0.0759, train_rmse-0.2754, valid_rmse-1.3457, valid_pr-0.7033
epoch-390, train_loss-0.0787, train_rmse-0.2806, valid_rmse-1.3600, valid_pr-0.6957
epoch-391, train_loss-0.0808, train_rmse-0.2842, valid_rmse-1.3644, valid_pr-0.6923
epoch-392, train_loss-0.0749, train_rmse-0.2737, valid_rmse-1.3754, valid_pr-0.6888
epoch-393, train_loss-0.0804, train_rmse-0.2836, valid_rmse-1.3663, valid_pr-0.6911
epoch-394, train_loss-0.0719, train_rmse-0.2681, valid_rmse-1.3599, valid_pr-0.6951
epoch-395, train_loss-0.0774, train_rmse-0.2783, valid_rmse-1.3661, valid_pr-0.6932
epoch-396, train_loss-0.0741, train_rmse-0.2722, valid_rmse-1.3667, valid_pr-0.6926
epoch-397, train_loss-0.0761, train_rmse-0.2759, valid_rmse-1.3650, valid_pr-0.6939
epoch-398, train_loss-0.0765, train_rmse-0.2765, valid_rmse-1.3827, valid_pr-0.6862
epoch-399, train_loss-0.0759, train_rmse-0.2756, valid_rmse-1.3655, valid_pr-0.6961
epoch-400, train_loss-0.0792, train_rmse-0.2814, valid_rmse-1.3625, valid_pr-0.6926
epoch-401, train_loss-0.0698, train_rmse-0.2641, valid_rmse-1.3565, valid_pr-0.6941
epoch-402, train_loss-0.0728, train_rmse-0.2699, valid_rmse-1.3577, valid_pr-0.6941
epoch-403, train_loss-0.0747, train_rmse-0.2732, valid_rmse-1.3717, valid_pr-0.6891
epoch-404, train_loss-0.0717, train_rmse-0.2678, valid_rmse-1.3538, valid_pr-0.6973
epoch-405, train_loss-0.0736, train_rmse-0.2713, valid_rmse-1.3594, valid_pr-0.6978
epoch-406, train_loss-0.0707, train_rmse-0.2659, valid_rmse-1.3678, valid_pr-0.6950
epoch-407, train_loss-0.0765, train_rmse-0.2765, valid_rmse-1.3627, valid_pr-0.6951
epoch-408, train_loss-0.0756, train_rmse-0.2749, valid_rmse-1.3672, valid_pr-0.6934
epoch-409, train_loss-0.0851, train_rmse-0.2916, valid_rmse-1.3711, valid_pr-0.6920
epoch-410, train_loss-0.0799, train_rmse-0.2827, valid_rmse-1.3581, valid_pr-0.6973
epoch-411, train_loss-0.0744, train_rmse-0.2728, valid_rmse-1.3662, valid_pr-0.6927
epoch-412, train_loss-0.0744, train_rmse-0.2729, valid_rmse-1.3571, valid_pr-0.6961
epoch-413, train_loss-0.0730, train_rmse-0.2702, valid_rmse-1.3664, valid_pr-0.6937
epoch-414, train_loss-0.0739, train_rmse-0.2719, valid_rmse-1.3608, valid_pr-0.6929
epoch-415, train_loss-0.0719, train_rmse-0.2681, valid_rmse-1.3758, valid_pr-0.6891
epoch-416, train_loss-0.0723, train_rmse-0.2688, valid_rmse-1.3576, valid_pr-0.6945
epoch-417, train_loss-0.0775, train_rmse-0.2783, valid_rmse-1.3581, valid_pr-0.6951
epoch-418, train_loss-0.0761, train_rmse-0.2759, valid_rmse-1.3561, valid_pr-0.6944
epoch-419, train_loss-0.0804, train_rmse-0.2836, valid_rmse-1.3568, valid_pr-0.6947
epoch-420, train_loss-0.0706, train_rmse-0.2657, valid_rmse-1.3600, valid_pr-0.6950
epoch-421, train_loss-0.0709, train_rmse-0.2663, valid_rmse-1.3550, valid_pr-0.6972
epoch-422, train_loss-0.0772, train_rmse-0.2779, valid_rmse-1.3467, valid_pr-0.7017
epoch-423, train_loss-0.0692, train_rmse-0.2630, valid_rmse-1.3520, valid_pr-0.6979
epoch-424, train_loss-0.0683, train_rmse-0.2613, valid_rmse-1.3548, valid_pr-0.6979
epoch-425, train_loss-0.0675, train_rmse-0.2598, valid_rmse-1.3537, valid_pr-0.6970
epoch-426, train_loss-0.0689, train_rmse-0.2624, valid_rmse-1.3584, valid_pr-0.6957
epoch-427, train_loss-0.0649, train_rmse-0.2548, valid_rmse-1.3552, valid_pr-0.6979
epoch-428, train_loss-0.0743, train_rmse-0.2726, valid_rmse-1.3538, valid_pr-0.6989
epoch-429, train_loss-0.0729, train_rmse-0.2699, valid_rmse-1.3529, valid_pr-0.6970
epoch-430, train_loss-0.0734, train_rmse-0.2709, valid_rmse-1.3627, valid_pr-0.6960
epoch-431, train_loss-0.0679, train_rmse-0.2606, valid_rmse-1.3534, valid_pr-0.6996
epoch-432, train_loss-0.0696, train_rmse-0.2638, valid_rmse-1.3490, valid_pr-0.6986
epoch-433, train_loss-0.0667, train_rmse-0.2582, valid_rmse-1.3783, valid_pr-0.6857
epoch-434, train_loss-0.0595, train_rmse-0.2440, valid_rmse-1.3657, valid_pr-0.6914
epoch-435, train_loss-0.0540, train_rmse-0.2325, valid_rmse-1.3657, valid_pr-0.6917
epoch-436, train_loss-0.0552, train_rmse-0.2350, valid_rmse-1.3569, valid_pr-0.6951
epoch-437, train_loss-0.0535, train_rmse-0.2312, valid_rmse-1.3558, valid_pr-0.6967
epoch-438, train_loss-0.0547, train_rmse-0.2339, valid_rmse-1.3666, valid_pr-0.6916
epoch-439, train_loss-0.0534, train_rmse-0.2312, valid_rmse-1.3579, valid_pr-0.6947
epoch-440, train_loss-0.0562, train_rmse-0.2371, valid_rmse-1.3530, valid_pr-0.6978
epoch-441, train_loss-0.0523, train_rmse-0.2287, valid_rmse-1.3552, valid_pr-0.6951
epoch-442, train_loss-0.0519, train_rmse-0.2278, valid_rmse-1.3516, valid_pr-0.6979
epoch-443, train_loss-0.0580, train_rmse-0.2409, valid_rmse-1.3543, valid_pr-0.6971
epoch-444, train_loss-0.0587, train_rmse-0.2423, valid_rmse-1.3518, valid_pr-0.6983
epoch-445, train_loss-0.0522, train_rmse-0.2284, valid_rmse-1.3528, valid_pr-0.6982
epoch-446, train_loss-0.0530, train_rmse-0.2302, valid_rmse-1.3466, valid_pr-0.6987
epoch-447, train_loss-0.0542, train_rmse-0.2329, valid_rmse-1.3418, valid_pr-0.7024
epoch-448, train_loss-0.0504, train_rmse-0.2246, valid_rmse-1.3428, valid_pr-0.7016
epoch-449, train_loss-0.0507, train_rmse-0.2251, valid_rmse-1.3593, valid_pr-0.6943
epoch-450, train_loss-0.0490, train_rmse-0.2215, valid_rmse-1.3476, valid_pr-0.6989
epoch-451, train_loss-0.0524, train_rmse-0.2289, valid_rmse-1.3463, valid_pr-0.6986
epoch-452, train_loss-0.0522, train_rmse-0.2284, valid_rmse-1.3591, valid_pr-0.6957
epoch-453, train_loss-0.0514, train_rmse-0.2268, valid_rmse-1.3529, valid_pr-0.6971
epoch-454, train_loss-0.0520, train_rmse-0.2280, valid_rmse-1.3566, valid_pr-0.6945
epoch-455, train_loss-0.0552, train_rmse-0.2350, valid_rmse-1.3534, valid_pr-0.6978
epoch-456, train_loss-0.0507, train_rmse-0.2253, valid_rmse-1.3493, valid_pr-0.6988
epoch-457, train_loss-0.0519, train_rmse-0.2278, valid_rmse-1.3503, valid_pr-0.6990
epoch-458, train_loss-0.0536, train_rmse-0.2316, valid_rmse-1.3445, valid_pr-0.7004
epoch-459, train_loss-0.0508, train_rmse-0.2253, valid_rmse-1.3581, valid_pr-0.6970
epoch-460, train_loss-0.0522, train_rmse-0.2284, valid_rmse-1.3577, valid_pr-0.6936
epoch-461, train_loss-0.0489, train_rmse-0.2210, valid_rmse-1.3512, valid_pr-0.6968
epoch-462, train_loss-0.0487, train_rmse-0.2208, valid_rmse-1.3545, valid_pr-0.6958
epoch-463, train_loss-0.0512, train_rmse-0.2263, valid_rmse-1.3426, valid_pr-0.7016
epoch-464, train_loss-0.0521, train_rmse-0.2282, valid_rmse-1.3526, valid_pr-0.6978
epoch-465, train_loss-0.0516, train_rmse-0.2273, valid_rmse-1.3590, valid_pr-0.6952
epoch-466, train_loss-0.0485, train_rmse-0.2203, valid_rmse-1.3493, valid_pr-0.6999
epoch-467, train_loss-0.0504, train_rmse-0.2245, valid_rmse-1.3547, valid_pr-0.6960
epoch-468, train_loss-0.0499, train_rmse-0.2235, valid_rmse-1.3543, valid_pr-0.6972
epoch-469, train_loss-0.0497, train_rmse-0.2230, valid_rmse-1.3476, valid_pr-0.6999
epoch-470, train_loss-0.0493, train_rmse-0.2221, valid_rmse-1.3448, valid_pr-0.7015
epoch-471, train_loss-0.0524, train_rmse-0.2289, valid_rmse-1.3598, valid_pr-0.6936
epoch-472, train_loss-0.0496, train_rmse-0.2226, valid_rmse-1.3600, valid_pr-0.6940
epoch-473, train_loss-0.0519, train_rmse-0.2278, valid_rmse-1.3542, valid_pr-0.6982
epoch-474, train_loss-0.0499, train_rmse-0.2233, valid_rmse-1.3496, valid_pr-0.6989
epoch-475, train_loss-0.0477, train_rmse-0.2185, valid_rmse-1.3502, valid_pr-0.6994
epoch-476, train_loss-0.0528, train_rmse-0.2297, valid_rmse-1.3569, valid_pr-0.6973
epoch-477, train_loss-0.0507, train_rmse-0.2251, valid_rmse-1.3551, valid_pr-0.6960
epoch-478, train_loss-0.0512, train_rmse-0.2262, valid_rmse-1.3545, valid_pr-0.6961
epoch-479, train_loss-0.0512, train_rmse-0.2263, valid_rmse-1.3580, valid_pr-0.6946
epoch-480, train_loss-0.0497, train_rmse-0.2229, valid_rmse-1.3532, valid_pr-0.6981
epoch-481, train_loss-0.0514, train_rmse-0.2268, valid_rmse-1.3592, valid_pr-0.6936
epoch-482, train_loss-0.0493, train_rmse-0.2219, valid_rmse-1.3479, valid_pr-0.6989
epoch-483, train_loss-0.0507, train_rmse-0.2251, valid_rmse-1.3536, valid_pr-0.6977
early stop in epoch 483
best_rmse: 1.3415
valid_rmse-1.3415, valid_pr-0.7023, test2013_rmse-1.6021, test2013_pr-0.7247, test2016_rmse-1.4760, test2016_pr-0.7349, test2019_rmse-1.5203, test2019_pr-0.5692
