ASD, lr=0.001, seed=723
train_ASD.py
train data: 11904
valid data: 1000
test2013 data: 107
test2016 data: 285
test2019 data: 4366
GIGN params # : 42663002
epoch-0, train_loss-5.8321, train_rmse-2.4150, valid_rmse-1.9534, valid_pr-0.2390
Validation : valid_rmse-1.9534, valid_pr-0.2390, 
test2013_rmse-2.2777, test2013_pr-0.3279, test2016_rmse-2.0892, test2016_pr-0.3666, test2019_rmse-1.8684, test2019_pr-0.2459
epoch-1, train_loss-3.4064, train_rmse-1.8457, valid_rmse-1.9005, valid_pr-0.3415
Validation : valid_rmse-1.9005, valid_pr-0.3415, 
test2013_rmse-2.1395, test2013_pr-0.4369, test2016_rmse-2.0147, test2016_pr-0.4461, test2019_rmse-1.8573, test2019_pr-0.3467
epoch-2, train_loss-3.2456, train_rmse-1.8015, valid_rmse-1.7738, valid_pr-0.3851
Validation : valid_rmse-1.7738, valid_pr-0.3851, 
test2013_rmse-2.2382, test2013_pr-0.3304, test2016_rmse-1.9745, test2016_pr-0.4389, test2019_rmse-1.8251, test2019_pr-0.2908
epoch-3, train_loss-3.0484, train_rmse-1.7460, valid_rmse-1.7536, valid_pr-0.3856
Validation : valid_rmse-1.7536, valid_pr-0.3856, 
test2013_rmse-2.1824, test2013_pr-0.3645, test2016_rmse-1.9123, test2016_pr-0.4945, test2019_rmse-1.7184, test2019_pr-0.3624
epoch-4, train_loss-2.8302, train_rmse-1.6823, valid_rmse-1.7265, valid_pr-0.4128
Validation : valid_rmse-1.7265, valid_pr-0.4128, 
test2013_rmse-2.0331, test2013_pr-0.5027, test2016_rmse-1.8336, test2016_pr-0.5457, test2019_rmse-1.7093, test2019_pr-0.3884
epoch-5, train_loss-2.7717, train_rmse-1.6648, valid_rmse-1.6916, valid_pr-0.4328
Validation : valid_rmse-1.6916, valid_pr-0.4328, 
test2013_rmse-2.1258, test2013_pr-0.4142, test2016_rmse-1.8824, test2016_pr-0.5018, test2019_rmse-1.6552, test2019_pr-0.4180
epoch-6, train_loss-2.6470, train_rmse-1.6270, valid_rmse-1.7380, valid_pr-0.4644
epoch-7, train_loss-2.5713, train_rmse-1.6035, valid_rmse-1.6051, valid_pr-0.5107
Validation : valid_rmse-1.6051, valid_pr-0.5107, 
test2013_rmse-1.8713, test2013_pr-0.5962, test2016_rmse-1.6991, test2016_pr-0.6234, test2019_rmse-1.6244, test2019_pr-0.4531
epoch-8, train_loss-2.4914, train_rmse-1.5784, valid_rmse-1.5847, valid_pr-0.5255
Validation : valid_rmse-1.5847, valid_pr-0.5255, 
test2013_rmse-1.9761, test2013_pr-0.5344, test2016_rmse-1.7760, test2016_pr-0.5826, test2019_rmse-1.6282, test2019_pr-0.4364
epoch-9, train_loss-2.5091, train_rmse-1.5840, valid_rmse-1.6123, valid_pr-0.5408
epoch-10, train_loss-2.4371, train_rmse-1.5611, valid_rmse-1.6449, valid_pr-0.4842
epoch-11, train_loss-2.3694, train_rmse-1.5393, valid_rmse-1.5690, valid_pr-0.5373
Validation : valid_rmse-1.5690, valid_pr-0.5373, 
test2013_rmse-1.8953, test2013_pr-0.5942, test2016_rmse-1.7589, test2016_pr-0.6079, test2019_rmse-1.6029, test2019_pr-0.4486
epoch-12, train_loss-2.3185, train_rmse-1.5227, valid_rmse-1.5348, valid_pr-0.5608
Validation : valid_rmse-1.5348, valid_pr-0.5608, 
test2013_rmse-1.8503, test2013_pr-0.6171, test2016_rmse-1.6399, test2016_pr-0.6656, test2019_rmse-1.6067, test2019_pr-0.4569
epoch-13, train_loss-2.2181, train_rmse-1.4893, valid_rmse-1.5955, valid_pr-0.5429
epoch-14, train_loss-2.1916, train_rmse-1.4804, valid_rmse-1.5208, valid_pr-0.5871
Validation : valid_rmse-1.5208, valid_pr-0.5871, 
test2013_rmse-1.9065, test2013_pr-0.6103, test2016_rmse-1.7351, test2016_pr-0.6317, test2019_rmse-1.5969, test2019_pr-0.4702
epoch-15, train_loss-2.2206, train_rmse-1.4902, valid_rmse-1.5911, valid_pr-0.5824
epoch-16, train_loss-2.1346, train_rmse-1.4610, valid_rmse-1.5823, valid_pr-0.5439
epoch-17, train_loss-2.0499, train_rmse-1.4317, valid_rmse-1.5779, valid_pr-0.5425
epoch-18, train_loss-2.0088, train_rmse-1.4173, valid_rmse-1.5139, valid_pr-0.5826
Validation : valid_rmse-1.5139, valid_pr-0.5826, 
test2013_rmse-1.7617, test2013_pr-0.6598, test2016_rmse-1.5702, test2016_pr-0.7015, test2019_rmse-1.5688, test2019_pr-0.4993
epoch-19, train_loss-2.0393, train_rmse-1.4281, valid_rmse-1.5152, valid_pr-0.5780
epoch-20, train_loss-1.9547, train_rmse-1.3981, valid_rmse-1.5360, valid_pr-0.5987
epoch-21, train_loss-1.9110, train_rmse-1.3824, valid_rmse-1.5156, valid_pr-0.5947
epoch-22, train_loss-1.9189, train_rmse-1.3852, valid_rmse-1.5148, valid_pr-0.6141
epoch-23, train_loss-1.9048, train_rmse-1.3801, valid_rmse-1.5006, valid_pr-0.5940
Validation : valid_rmse-1.5006, valid_pr-0.5940, 
test2013_rmse-1.7600, test2013_pr-0.6673, test2016_rmse-1.5918, test2016_pr-0.6862, test2019_rmse-1.5720, test2019_pr-0.5067
epoch-24, train_loss-1.8794, train_rmse-1.3709, valid_rmse-1.5511, valid_pr-0.5774
epoch-25, train_loss-1.8960, train_rmse-1.3769, valid_rmse-1.5712, valid_pr-0.5638
epoch-26, train_loss-1.8297, train_rmse-1.3527, valid_rmse-1.4751, valid_pr-0.6110
Validation : valid_rmse-1.4751, valid_pr-0.6110, 
test2013_rmse-1.7795, test2013_pr-0.6614, test2016_rmse-1.6123, test2016_pr-0.6870, test2019_rmse-1.5472, test2019_pr-0.5212
epoch-27, train_loss-1.7923, train_rmse-1.3388, valid_rmse-1.5573, valid_pr-0.5856
epoch-28, train_loss-1.7588, train_rmse-1.3262, valid_rmse-1.5463, valid_pr-0.6053
epoch-29, train_loss-1.7619, train_rmse-1.3274, valid_rmse-1.4826, valid_pr-0.6059
epoch-30, train_loss-1.7204, train_rmse-1.3116, valid_rmse-1.4346, valid_pr-0.6410
Validation : valid_rmse-1.4346, valid_pr-0.6410, 
test2013_rmse-1.6763, test2013_pr-0.7225, test2016_rmse-1.5507, test2016_pr-0.7203, test2019_rmse-1.5212, test2019_pr-0.5427
epoch-31, train_loss-1.6786, train_rmse-1.2956, valid_rmse-1.5387, valid_pr-0.6296
epoch-32, train_loss-1.6996, train_rmse-1.3037, valid_rmse-1.4840, valid_pr-0.6155
epoch-33, train_loss-1.6770, train_rmse-1.2950, valid_rmse-1.4543, valid_pr-0.6239
epoch-34, train_loss-1.6504, train_rmse-1.2847, valid_rmse-1.4434, valid_pr-0.6345
epoch-35, train_loss-1.6087, train_rmse-1.2683, valid_rmse-1.4523, valid_pr-0.6248
epoch-36, train_loss-1.6530, train_rmse-1.2857, valid_rmse-1.4582, valid_pr-0.6205
epoch-37, train_loss-1.6931, train_rmse-1.3012, valid_rmse-1.4472, valid_pr-0.6340
epoch-38, train_loss-1.6049, train_rmse-1.2669, valid_rmse-1.4191, valid_pr-0.6434
Validation : valid_rmse-1.4191, valid_pr-0.6434, 
test2013_rmse-1.6939, test2013_pr-0.6947, test2016_rmse-1.6019, test2016_pr-0.6786, test2019_rmse-1.5071, test2019_pr-0.5612
epoch-39, train_loss-1.5802, train_rmse-1.2571, valid_rmse-1.4293, valid_pr-0.6439
epoch-40, train_loss-1.5636, train_rmse-1.2504, valid_rmse-1.4728, valid_pr-0.6229
epoch-41, train_loss-1.5599, train_rmse-1.2490, valid_rmse-1.4554, valid_pr-0.6433
epoch-42, train_loss-1.5385, train_rmse-1.2404, valid_rmse-1.3574, valid_pr-0.6874
Validation : valid_rmse-1.3574, valid_pr-0.6874, 
test2013_rmse-1.5733, test2013_pr-0.7452, test2016_rmse-1.4913, test2016_pr-0.7282, test2019_rmse-1.5029, test2019_pr-0.5718
epoch-43, train_loss-1.5102, train_rmse-1.2289, valid_rmse-1.4846, valid_pr-0.6183
epoch-44, train_loss-1.4926, train_rmse-1.2217, valid_rmse-1.4012, valid_pr-0.6613
epoch-45, train_loss-1.4249, train_rmse-1.1937, valid_rmse-1.5209, valid_pr-0.6279
epoch-46, train_loss-1.4938, train_rmse-1.2222, valid_rmse-1.4497, valid_pr-0.6543
epoch-47, train_loss-1.4010, train_rmse-1.1837, valid_rmse-1.4514, valid_pr-0.6455
epoch-48, train_loss-1.4552, train_rmse-1.2063, valid_rmse-1.4313, valid_pr-0.6485
epoch-49, train_loss-1.4497, train_rmse-1.2040, valid_rmse-1.4378, valid_pr-0.6544
epoch-50, train_loss-1.4244, train_rmse-1.1935, valid_rmse-1.3861, valid_pr-0.6655
epoch-51, train_loss-1.3832, train_rmse-1.1761, valid_rmse-1.3883, valid_pr-0.6679
epoch-52, train_loss-1.3560, train_rmse-1.1645, valid_rmse-1.4475, valid_pr-0.6489
epoch-53, train_loss-1.3758, train_rmse-1.1729, valid_rmse-1.4383, valid_pr-0.6426
epoch-54, train_loss-1.3226, train_rmse-1.1500, valid_rmse-1.4089, valid_pr-0.6573
epoch-55, train_loss-1.3157, train_rmse-1.1470, valid_rmse-1.4008, valid_pr-0.6641
epoch-56, train_loss-1.3073, train_rmse-1.1434, valid_rmse-1.4366, valid_pr-0.6614
epoch-57, train_loss-1.3462, train_rmse-1.1603, valid_rmse-1.4018, valid_pr-0.6573
epoch-58, train_loss-1.3049, train_rmse-1.1423, valid_rmse-1.4480, valid_pr-0.6678
epoch-59, train_loss-1.2896, train_rmse-1.1356, valid_rmse-1.4158, valid_pr-0.6513
epoch-60, train_loss-1.2734, train_rmse-1.1285, valid_rmse-1.3989, valid_pr-0.6585
epoch-61, train_loss-1.2386, train_rmse-1.1129, valid_rmse-1.3757, valid_pr-0.6778
epoch-62, train_loss-1.1934, train_rmse-1.0924, valid_rmse-1.3699, valid_pr-0.6797
epoch-63, train_loss-1.1820, train_rmse-1.0872, valid_rmse-1.4284, valid_pr-0.6475
epoch-64, train_loss-1.2582, train_rmse-1.1217, valid_rmse-1.4302, valid_pr-0.6511
epoch-65, train_loss-1.2090, train_rmse-1.0995, valid_rmse-1.4556, valid_pr-0.6438
epoch-66, train_loss-1.1775, train_rmse-1.0851, valid_rmse-1.4043, valid_pr-0.6666
epoch-67, train_loss-1.1553, train_rmse-1.0749, valid_rmse-1.3567, valid_pr-0.6862
Validation : valid_rmse-1.3567, valid_pr-0.6862, 
test2013_rmse-1.5503, test2013_pr-0.7560, test2016_rmse-1.4948, test2016_pr-0.7300, test2019_rmse-1.5394, test2019_pr-0.5459
epoch-68, train_loss-1.1296, train_rmse-1.0628, valid_rmse-1.3973, valid_pr-0.6658
epoch-69, train_loss-1.1115, train_rmse-1.0543, valid_rmse-1.4255, valid_pr-0.6561
epoch-70, train_loss-1.0562, train_rmse-1.0277, valid_rmse-1.4366, valid_pr-0.6504
epoch-71, train_loss-1.0729, train_rmse-1.0358, valid_rmse-1.4093, valid_pr-0.6768
epoch-72, train_loss-1.1007, train_rmse-1.0491, valid_rmse-1.4349, valid_pr-0.6433
epoch-73, train_loss-1.0825, train_rmse-1.0405, valid_rmse-1.4094, valid_pr-0.6657
epoch-74, train_loss-1.1004, train_rmse-1.0490, valid_rmse-1.4275, valid_pr-0.6722
epoch-75, train_loss-1.0611, train_rmse-1.0301, valid_rmse-1.3857, valid_pr-0.6776
epoch-76, train_loss-1.0700, train_rmse-1.0344, valid_rmse-1.4496, valid_pr-0.6600
epoch-77, train_loss-1.0806, train_rmse-1.0395, valid_rmse-1.4099, valid_pr-0.6608
epoch-78, train_loss-1.0167, train_rmse-1.0083, valid_rmse-1.4113, valid_pr-0.6576
epoch-79, train_loss-0.9761, train_rmse-0.9880, valid_rmse-1.4327, valid_pr-0.6546
epoch-80, train_loss-0.9795, train_rmse-0.9897, valid_rmse-1.4123, valid_pr-0.6664
epoch-81, train_loss-0.9632, train_rmse-0.9815, valid_rmse-1.4349, valid_pr-0.6582
epoch-82, train_loss-0.9600, train_rmse-0.9798, valid_rmse-1.4761, valid_pr-0.6389
epoch-83, train_loss-0.9718, train_rmse-0.9858, valid_rmse-1.4070, valid_pr-0.6694
epoch-84, train_loss-0.9360, train_rmse-0.9675, valid_rmse-1.4003, valid_pr-0.6668
epoch-85, train_loss-0.9472, train_rmse-0.9733, valid_rmse-1.4378, valid_pr-0.6533
epoch-86, train_loss-0.9263, train_rmse-0.9624, valid_rmse-1.4390, valid_pr-0.6497
epoch-87, train_loss-0.9111, train_rmse-0.9545, valid_rmse-1.3948, valid_pr-0.6706
epoch-88, train_loss-0.9532, train_rmse-0.9763, valid_rmse-1.4244, valid_pr-0.6507
epoch-89, train_loss-0.8989, train_rmse-0.9481, valid_rmse-1.4299, valid_pr-0.6632
epoch-90, train_loss-0.8692, train_rmse-0.9323, valid_rmse-1.4448, valid_pr-0.6486
epoch-91, train_loss-0.9020, train_rmse-0.9497, valid_rmse-1.4009, valid_pr-0.6744
epoch-92, train_loss-0.8893, train_rmse-0.9430, valid_rmse-1.4672, valid_pr-0.6441
epoch-93, train_loss-0.8825, train_rmse-0.9394, valid_rmse-1.4206, valid_pr-0.6474
epoch-94, train_loss-0.8842, train_rmse-0.9403, valid_rmse-1.4555, valid_pr-0.6505
epoch-95, train_loss-0.9687, train_rmse-0.9842, valid_rmse-1.4220, valid_pr-0.6639
epoch-96, train_loss-0.9187, train_rmse-0.9585, valid_rmse-1.3835, valid_pr-0.6799
epoch-97, train_loss-0.8886, train_rmse-0.9426, valid_rmse-1.3779, valid_pr-0.6727
epoch-98, train_loss-0.8262, train_rmse-0.9090, valid_rmse-1.4097, valid_pr-0.6662
epoch-99, train_loss-0.8215, train_rmse-0.9063, valid_rmse-1.3931, valid_pr-0.6772
epoch-100, train_loss-0.7818, train_rmse-0.8842, valid_rmse-1.4028, valid_pr-0.6657
epoch-101, train_loss-0.8167, train_rmse-0.9037, valid_rmse-1.4230, valid_pr-0.6703
epoch-102, train_loss-0.7864, train_rmse-0.8868, valid_rmse-1.4153, valid_pr-0.6738
epoch-103, train_loss-0.9235, train_rmse-0.9610, valid_rmse-1.4029, valid_pr-0.6669
epoch-104, train_loss-0.9054, train_rmse-0.9515, valid_rmse-1.4167, valid_pr-0.6648
epoch-105, train_loss-0.7971, train_rmse-0.8928, valid_rmse-1.4720, valid_pr-0.6353
epoch-106, train_loss-0.7550, train_rmse-0.8689, valid_rmse-1.4248, valid_pr-0.6603
epoch-107, train_loss-0.7559, train_rmse-0.8694, valid_rmse-1.4030, valid_pr-0.6653
epoch-108, train_loss-0.7690, train_rmse-0.8770, valid_rmse-1.4025, valid_pr-0.6726
epoch-109, train_loss-0.7200, train_rmse-0.8485, valid_rmse-1.4427, valid_pr-0.6660
epoch-110, train_loss-0.6946, train_rmse-0.8335, valid_rmse-1.4045, valid_pr-0.6631
epoch-111, train_loss-0.6953, train_rmse-0.8338, valid_rmse-1.4291, valid_pr-0.6607
epoch-112, train_loss-0.7362, train_rmse-0.8580, valid_rmse-1.4487, valid_pr-0.6568
epoch-113, train_loss-0.7903, train_rmse-0.8890, valid_rmse-1.3862, valid_pr-0.6811
epoch-114, train_loss-0.8185, train_rmse-0.9047, valid_rmse-1.3996, valid_pr-0.6692
epoch-115, train_loss-1.4104, train_rmse-1.1876, valid_rmse-1.5410, valid_pr-0.5937
epoch-116, train_loss-1.1448, train_rmse-1.0699, valid_rmse-1.4132, valid_pr-0.6564
epoch-117, train_loss-1.0409, train_rmse-1.0202, valid_rmse-1.3620, valid_pr-0.6843
epoch-118, train_loss-0.8338, train_rmse-0.9132, valid_rmse-1.3866, valid_pr-0.6749
epoch-119, train_loss-0.6702, train_rmse-0.8187, valid_rmse-1.3377, valid_pr-0.7021
Validation : valid_rmse-1.3377, valid_pr-0.7021, 
test2013_rmse-1.5748, test2013_pr-0.7452, test2016_rmse-1.4285, test2016_pr-0.7611, test2019_rmse-1.5436, test2019_pr-0.5628
epoch-120, train_loss-0.5811, train_rmse-0.7623, valid_rmse-1.3515, valid_pr-0.6953
epoch-121, train_loss-0.5656, train_rmse-0.7521, valid_rmse-1.3573, valid_pr-0.6982
epoch-122, train_loss-0.5167, train_rmse-0.7188, valid_rmse-1.3653, valid_pr-0.6962
epoch-123, train_loss-0.4820, train_rmse-0.6943, valid_rmse-1.3349, valid_pr-0.7059
Validation : valid_rmse-1.3349, valid_pr-0.7059, 
test2013_rmse-1.5609, test2013_pr-0.7414, test2016_rmse-1.4332, test2016_pr-0.7517, test2019_rmse-1.5508, test2019_pr-0.5628
epoch-124, train_loss-0.5782, train_rmse-0.7604, valid_rmse-1.3676, valid_pr-0.6954
epoch-125, train_loss-0.5058, train_rmse-0.7112, valid_rmse-1.3366, valid_pr-0.7098
epoch-126, train_loss-0.4575, train_rmse-0.6764, valid_rmse-1.3525, valid_pr-0.7086
epoch-127, train_loss-0.4509, train_rmse-0.6715, valid_rmse-1.3662, valid_pr-0.7042
epoch-128, train_loss-0.4262, train_rmse-0.6528, valid_rmse-1.3730, valid_pr-0.6935
epoch-129, train_loss-0.4119, train_rmse-0.6418, valid_rmse-1.3662, valid_pr-0.7007
epoch-130, train_loss-0.4144, train_rmse-0.6437, valid_rmse-1.3421, valid_pr-0.7070
epoch-131, train_loss-0.4103, train_rmse-0.6405, valid_rmse-1.3434, valid_pr-0.7054
epoch-132, train_loss-0.3980, train_rmse-0.6309, valid_rmse-1.3350, valid_pr-0.7113
epoch-133, train_loss-0.3888, train_rmse-0.6235, valid_rmse-1.3396, valid_pr-0.7083
epoch-134, train_loss-0.3725, train_rmse-0.6104, valid_rmse-1.3572, valid_pr-0.7032
epoch-135, train_loss-0.3646, train_rmse-0.6038, valid_rmse-1.3730, valid_pr-0.6987
epoch-136, train_loss-0.3531, train_rmse-0.5942, valid_rmse-1.3572, valid_pr-0.7079
epoch-137, train_loss-0.3607, train_rmse-0.6005, valid_rmse-1.3467, valid_pr-0.7115
epoch-138, train_loss-0.3602, train_rmse-0.6001, valid_rmse-1.3621, valid_pr-0.7033
epoch-139, train_loss-0.3555, train_rmse-0.5962, valid_rmse-1.3649, valid_pr-0.7029
epoch-140, train_loss-0.3473, train_rmse-0.5894, valid_rmse-1.3717, valid_pr-0.6985
epoch-141, train_loss-0.3398, train_rmse-0.5830, valid_rmse-1.3803, valid_pr-0.6905
epoch-142, train_loss-0.3443, train_rmse-0.5868, valid_rmse-1.3800, valid_pr-0.6900
epoch-143, train_loss-0.3292, train_rmse-0.5737, valid_rmse-1.3482, valid_pr-0.7061
epoch-144, train_loss-0.3232, train_rmse-0.5685, valid_rmse-1.3590, valid_pr-0.6943
epoch-145, train_loss-0.3362, train_rmse-0.5799, valid_rmse-1.3552, valid_pr-0.7022
epoch-146, train_loss-0.3368, train_rmse-0.5804, valid_rmse-1.3857, valid_pr-0.6940
epoch-147, train_loss-0.3304, train_rmse-0.5748, valid_rmse-1.4070, valid_pr-0.6856
epoch-148, train_loss-0.3348, train_rmse-0.5786, valid_rmse-1.3656, valid_pr-0.6906
epoch-149, train_loss-0.3301, train_rmse-0.5745, valid_rmse-1.3787, valid_pr-0.6959
epoch-150, train_loss-0.3165, train_rmse-0.5626, valid_rmse-1.3780, valid_pr-0.6979
epoch-151, train_loss-0.3223, train_rmse-0.5677, valid_rmse-1.3763, valid_pr-0.6968
epoch-152, train_loss-0.3259, train_rmse-0.5708, valid_rmse-1.3555, valid_pr-0.7055
epoch-153, train_loss-0.3022, train_rmse-0.5498, valid_rmse-1.3727, valid_pr-0.6997
epoch-154, train_loss-0.3002, train_rmse-0.5479, valid_rmse-1.3737, valid_pr-0.6930
epoch-155, train_loss-0.3023, train_rmse-0.5498, valid_rmse-1.3708, valid_pr-0.6952
epoch-156, train_loss-0.2964, train_rmse-0.5444, valid_rmse-1.3721, valid_pr-0.6969
epoch-157, train_loss-0.2980, train_rmse-0.5459, valid_rmse-1.3595, valid_pr-0.7033
epoch-158, train_loss-0.2888, train_rmse-0.5374, valid_rmse-1.3848, valid_pr-0.6954
epoch-159, train_loss-0.2807, train_rmse-0.5298, valid_rmse-1.3581, valid_pr-0.7006
epoch-160, train_loss-0.3123, train_rmse-0.5588, valid_rmse-1.3680, valid_pr-0.6964
epoch-161, train_loss-0.2997, train_rmse-0.5475, valid_rmse-1.3940, valid_pr-0.6960
epoch-162, train_loss-0.2995, train_rmse-0.5473, valid_rmse-1.3786, valid_pr-0.6914
epoch-163, train_loss-0.2877, train_rmse-0.5364, valid_rmse-1.3599, valid_pr-0.7031
epoch-164, train_loss-0.2722, train_rmse-0.5217, valid_rmse-1.3827, valid_pr-0.6858
epoch-165, train_loss-0.2818, train_rmse-0.5309, valid_rmse-1.3850, valid_pr-0.6973
epoch-166, train_loss-0.2866, train_rmse-0.5353, valid_rmse-1.3478, valid_pr-0.7030
epoch-167, train_loss-0.2871, train_rmse-0.5358, valid_rmse-1.3882, valid_pr-0.6945
epoch-168, train_loss-0.2709, train_rmse-0.5205, valid_rmse-1.3790, valid_pr-0.6975
epoch-169, train_loss-0.2768, train_rmse-0.5261, valid_rmse-1.3563, valid_pr-0.6997
epoch-170, train_loss-0.2675, train_rmse-0.5172, valid_rmse-1.3749, valid_pr-0.6942
epoch-171, train_loss-0.2567, train_rmse-0.5067, valid_rmse-1.3737, valid_pr-0.6962
epoch-172, train_loss-0.2563, train_rmse-0.5063, valid_rmse-1.3917, valid_pr-0.6995
epoch-173, train_loss-0.2535, train_rmse-0.5035, valid_rmse-1.3697, valid_pr-0.6956
epoch-174, train_loss-0.2876, train_rmse-0.5363, valid_rmse-1.3654, valid_pr-0.7045
epoch-175, train_loss-0.2122, train_rmse-0.4607, valid_rmse-1.3491, valid_pr-0.7077
epoch-176, train_loss-0.1846, train_rmse-0.4296, valid_rmse-1.3694, valid_pr-0.6991
epoch-177, train_loss-0.1827, train_rmse-0.4275, valid_rmse-1.3635, valid_pr-0.7014
epoch-178, train_loss-0.1800, train_rmse-0.4243, valid_rmse-1.3573, valid_pr-0.7051
epoch-179, train_loss-0.1738, train_rmse-0.4169, valid_rmse-1.3615, valid_pr-0.7000
epoch-180, train_loss-0.1760, train_rmse-0.4195, valid_rmse-1.3754, valid_pr-0.6928
epoch-181, train_loss-0.1658, train_rmse-0.4072, valid_rmse-1.3679, valid_pr-0.7001
epoch-182, train_loss-0.1682, train_rmse-0.4101, valid_rmse-1.3674, valid_pr-0.7058
epoch-183, train_loss-0.1723, train_rmse-0.4151, valid_rmse-1.3840, valid_pr-0.6919
epoch-184, train_loss-0.1755, train_rmse-0.4189, valid_rmse-1.3652, valid_pr-0.7017
epoch-185, train_loss-0.1597, train_rmse-0.3996, valid_rmse-1.3640, valid_pr-0.6980
epoch-186, train_loss-0.1620, train_rmse-0.4025, valid_rmse-1.3918, valid_pr-0.6886
epoch-187, train_loss-0.1654, train_rmse-0.4067, valid_rmse-1.3687, valid_pr-0.6984
epoch-188, train_loss-0.1616, train_rmse-0.4020, valid_rmse-1.4014, valid_pr-0.6881
epoch-189, train_loss-0.1692, train_rmse-0.4114, valid_rmse-1.3707, valid_pr-0.6950
epoch-190, train_loss-0.1553, train_rmse-0.3940, valid_rmse-1.3650, valid_pr-0.7001
epoch-191, train_loss-0.1522, train_rmse-0.3902, valid_rmse-1.3657, valid_pr-0.7010
epoch-192, train_loss-0.1567, train_rmse-0.3959, valid_rmse-1.3833, valid_pr-0.6953
epoch-193, train_loss-0.1534, train_rmse-0.3917, valid_rmse-1.3849, valid_pr-0.6929
epoch-194, train_loss-0.1579, train_rmse-0.3974, valid_rmse-1.3628, valid_pr-0.6988
epoch-195, train_loss-0.1523, train_rmse-0.3903, valid_rmse-1.3854, valid_pr-0.6915
epoch-196, train_loss-0.1522, train_rmse-0.3901, valid_rmse-1.3752, valid_pr-0.6968
epoch-197, train_loss-0.1556, train_rmse-0.3945, valid_rmse-1.3726, valid_pr-0.6985
epoch-198, train_loss-0.1558, train_rmse-0.3947, valid_rmse-1.3872, valid_pr-0.6930
epoch-199, train_loss-0.1476, train_rmse-0.3842, valid_rmse-1.3833, valid_pr-0.6934
epoch-200, train_loss-0.1525, train_rmse-0.3905, valid_rmse-1.3794, valid_pr-0.6930
epoch-201, train_loss-0.1459, train_rmse-0.3820, valid_rmse-1.3780, valid_pr-0.6960
epoch-202, train_loss-0.1576, train_rmse-0.3970, valid_rmse-1.3757, valid_pr-0.6938
epoch-203, train_loss-0.1592, train_rmse-0.3991, valid_rmse-1.3545, valid_pr-0.7009
epoch-204, train_loss-0.1548, train_rmse-0.3935, valid_rmse-1.3852, valid_pr-0.6929
epoch-205, train_loss-0.1428, train_rmse-0.3779, valid_rmse-1.3723, valid_pr-0.6977
epoch-206, train_loss-0.1422, train_rmse-0.3771, valid_rmse-1.3602, valid_pr-0.7031
epoch-207, train_loss-0.1421, train_rmse-0.3770, valid_rmse-1.3668, valid_pr-0.7015
epoch-208, train_loss-0.1488, train_rmse-0.3857, valid_rmse-1.3745, valid_pr-0.6952
epoch-209, train_loss-0.1468, train_rmse-0.3831, valid_rmse-1.3697, valid_pr-0.6975
epoch-210, train_loss-0.1410, train_rmse-0.3754, valid_rmse-1.3636, valid_pr-0.7047
epoch-211, train_loss-0.1459, train_rmse-0.3820, valid_rmse-1.3653, valid_pr-0.6983
epoch-212, train_loss-0.1469, train_rmse-0.3833, valid_rmse-1.3666, valid_pr-0.7016
epoch-213, train_loss-0.1491, train_rmse-0.3861, valid_rmse-1.3727, valid_pr-0.6984
epoch-214, train_loss-0.1400, train_rmse-0.3742, valid_rmse-1.3694, valid_pr-0.6962
epoch-215, train_loss-0.1415, train_rmse-0.3761, valid_rmse-1.3598, valid_pr-0.7049
epoch-216, train_loss-0.1427, train_rmse-0.3778, valid_rmse-1.3572, valid_pr-0.7043
epoch-217, train_loss-0.1408, train_rmse-0.3752, valid_rmse-1.3651, valid_pr-0.7009
epoch-218, train_loss-0.1381, train_rmse-0.3716, valid_rmse-1.3711, valid_pr-0.6985
epoch-219, train_loss-0.1426, train_rmse-0.3776, valid_rmse-1.3748, valid_pr-0.6964
epoch-220, train_loss-0.1317, train_rmse-0.3629, valid_rmse-1.3727, valid_pr-0.6933
epoch-221, train_loss-0.1305, train_rmse-0.3612, valid_rmse-1.3703, valid_pr-0.6996
epoch-222, train_loss-0.1328, train_rmse-0.3644, valid_rmse-1.3708, valid_pr-0.6985
epoch-223, train_loss-0.1376, train_rmse-0.3710, valid_rmse-1.3778, valid_pr-0.6942
epoch-224, train_loss-0.1362, train_rmse-0.3691, valid_rmse-1.3682, valid_pr-0.7017
early stop in epoch 224
best_rmse: 1.3349
valid_rmse-1.3349, valid_pr-0.7059, test2013_rmse-1.5609, test2013_pr-0.7414, test2016_rmse-1.4332, test2016_pr-0.7517, test2019_rmse-1.5508, test2019_pr-0.5628
