ours-lrs-0.001-28-156, lr=0.001, seed=867
train_GIGN.py
train data: 11904
valid data: 1000
test2013 data: 107
test2016 data: 285
test2019 data: 4366
GIGN params # : 1331241
epoch-0, train_loss-15.7216, train_rmse-3.9650, valid_rmse-1.8609, valid_pr-0.4353
Validation : valid_rmse-1.8609, valid_pr-0.4353, 
test2013_rmse-1.8994, test2013_pr-0.6553, test2016_rmse-1.8497, test2016_pr-0.6670, test2019_rmse-1.7487, test2019_pr-0.5018
epoch-1, train_loss-2.6285, train_rmse-1.6213, valid_rmse-1.5029, valid_pr-0.5811
Validation : valid_rmse-1.5029, valid_pr-0.5811, 
test2013_rmse-1.6298, test2013_pr-0.7754, test2016_rmse-1.5566, test2016_pr-0.7336, test2019_rmse-1.4454, test2019_pr-0.5859
epoch-2, train_loss-2.3628, train_rmse-1.5371, valid_rmse-1.4877, valid_pr-0.6071
Validation : valid_rmse-1.4877, valid_pr-0.6071, 
test2013_rmse-1.4607, test2013_pr-0.8051, test2016_rmse-1.4413, test2016_pr-0.7589, test2019_rmse-1.4543, test2019_pr-0.6008
epoch-3, train_loss-2.2487, train_rmse-1.4996, valid_rmse-2.0550, valid_pr-0.4729
epoch-4, train_loss-2.1012, train_rmse-1.4495, valid_rmse-1.4576, valid_pr-0.6301
Validation : valid_rmse-1.4576, valid_pr-0.6301, 
test2013_rmse-1.4795, test2013_pr-0.8022, test2016_rmse-1.4011, test2016_pr-0.7783, test2019_rmse-1.4240, test2019_pr-0.6244
epoch-5, train_loss-1.9334, train_rmse-1.3905, valid_rmse-1.5431, valid_pr-0.6505
epoch-6, train_loss-1.8610, train_rmse-1.3642, valid_rmse-1.5083, valid_pr-0.6351
epoch-7, train_loss-1.7839, train_rmse-1.3356, valid_rmse-1.4167, valid_pr-0.6655
Validation : valid_rmse-1.4167, valid_pr-0.6655, 
test2013_rmse-1.4995, test2013_pr-0.8106, test2016_rmse-1.3559, test2016_pr-0.8130, test2019_rmse-1.4029, test2019_pr-0.6369
epoch-8, train_loss-1.6837, train_rmse-1.2976, valid_rmse-1.3667, valid_pr-0.6821
Validation : valid_rmse-1.3667, valid_pr-0.6821, 
test2013_rmse-1.4803, test2013_pr-0.7888, test2016_rmse-1.3268, test2016_pr-0.8009, test2019_rmse-1.3933, test2019_pr-0.6358
epoch-9, train_loss-1.6121, train_rmse-1.2697, valid_rmse-1.4124, valid_pr-0.6538
epoch-10, train_loss-1.5144, train_rmse-1.2306, valid_rmse-1.7261, valid_pr-0.6680
epoch-11, train_loss-1.4456, train_rmse-1.2023, valid_rmse-1.4054, valid_pr-0.6775
epoch-12, train_loss-1.3586, train_rmse-1.1656, valid_rmse-1.3317, valid_pr-0.7050
Validation : valid_rmse-1.3317, valid_pr-0.7050, 
test2013_rmse-1.3174, test2013_pr-0.8350, test2016_rmse-1.2343, test2016_pr-0.8270, test2019_rmse-1.4340, test2019_pr-0.6377
epoch-13, train_loss-1.2894, train_rmse-1.1355, valid_rmse-1.4820, valid_pr-0.6948
epoch-14, train_loss-1.2011, train_rmse-1.0960, valid_rmse-1.3610, valid_pr-0.6826
epoch-15, train_loss-1.1089, train_rmse-1.0530, valid_rmse-1.4753, valid_pr-0.6667
epoch-16, train_loss-1.0834, train_rmse-1.0408, valid_rmse-1.4273, valid_pr-0.6817
epoch-17, train_loss-1.0424, train_rmse-1.0210, valid_rmse-1.4173, valid_pr-0.6501
epoch-18, train_loss-0.9430, train_rmse-0.9711, valid_rmse-1.4646, valid_pr-0.6776
epoch-19, train_loss-0.9221, train_rmse-0.9603, valid_rmse-1.3738, valid_pr-0.7085
epoch-20, train_loss-0.9372, train_rmse-0.9681, valid_rmse-1.5374, valid_pr-0.6631
epoch-21, train_loss-0.8263, train_rmse-0.9090, valid_rmse-1.4168, valid_pr-0.6922
epoch-22, train_loss-0.7734, train_rmse-0.8794, valid_rmse-1.4888, valid_pr-0.6505
epoch-23, train_loss-0.7824, train_rmse-0.8846, valid_rmse-1.4469, valid_pr-0.6733
epoch-24, train_loss-0.7144, train_rmse-0.8452, valid_rmse-1.4247, valid_pr-0.7165
epoch-25, train_loss-0.6455, train_rmse-0.8034, valid_rmse-1.3830, valid_pr-0.7175
epoch-26, train_loss-0.6382, train_rmse-0.7989, valid_rmse-1.3778, valid_pr-0.7192
epoch-27, train_loss-0.6203, train_rmse-0.7876, valid_rmse-1.3638, valid_pr-0.7233
epoch-28, train_loss-0.6069, train_rmse-0.7791, valid_rmse-1.4558, valid_pr-0.6984
epoch-29, train_loss-0.5704, train_rmse-0.7553, valid_rmse-1.4981, valid_pr-0.6723
epoch-30, train_loss-0.5642, train_rmse-0.7512, valid_rmse-1.3394, valid_pr-0.7150
epoch-31, train_loss-0.5326, train_rmse-0.7298, valid_rmse-1.6293, valid_pr-0.6913
epoch-32, train_loss-0.5303, train_rmse-0.7282, valid_rmse-1.5774, valid_pr-0.6747
epoch-33, train_loss-0.5334, train_rmse-0.7303, valid_rmse-1.3532, valid_pr-0.7167
epoch-34, train_loss-0.4973, train_rmse-0.7052, valid_rmse-1.3124, valid_pr-0.7189
Validation : valid_rmse-1.3124, valid_pr-0.7189, 
test2013_rmse-1.3349, test2013_pr-0.8263, test2016_rmse-1.1921, test2016_pr-0.8381, test2019_rmse-1.4630, test2019_pr-0.6202
epoch-35, train_loss-0.4702, train_rmse-0.6857, valid_rmse-1.4618, valid_pr-0.7049
epoch-36, train_loss-0.4879, train_rmse-0.6985, valid_rmse-1.3911, valid_pr-0.6758
epoch-37, train_loss-0.4649, train_rmse-0.6819, valid_rmse-1.3311, valid_pr-0.7153
epoch-38, train_loss-0.4432, train_rmse-0.6658, valid_rmse-1.3695, valid_pr-0.7134
epoch-39, train_loss-0.4448, train_rmse-0.6670, valid_rmse-1.3391, valid_pr-0.7174
epoch-40, train_loss-0.4343, train_rmse-0.6590, valid_rmse-1.3972, valid_pr-0.6842
epoch-41, train_loss-0.4166, train_rmse-0.6455, valid_rmse-1.3072, valid_pr-0.7183
Validation : valid_rmse-1.3072, valid_pr-0.7183, 
test2013_rmse-1.2893, test2013_pr-0.8411, test2016_rmse-1.1750, test2016_pr-0.8418, test2019_rmse-1.4472, test2019_pr-0.6274
epoch-42, train_loss-0.4116, train_rmse-0.6415, valid_rmse-1.5860, valid_pr-0.7099
epoch-43, train_loss-0.4253, train_rmse-0.6521, valid_rmse-1.4805, valid_pr-0.6835
epoch-44, train_loss-0.3990, train_rmse-0.6317, valid_rmse-1.3453, valid_pr-0.7159
epoch-45, train_loss-0.3963, train_rmse-0.6295, valid_rmse-1.3207, valid_pr-0.7168
epoch-46, train_loss-0.4089, train_rmse-0.6395, valid_rmse-1.4396, valid_pr-0.7024
epoch-47, train_loss-0.3929, train_rmse-0.6268, valid_rmse-1.3334, valid_pr-0.7137
epoch-48, train_loss-0.3716, train_rmse-0.6096, valid_rmse-1.3963, valid_pr-0.7270
epoch-49, train_loss-0.3751, train_rmse-0.6125, valid_rmse-1.3793, valid_pr-0.7177
epoch-50, train_loss-0.3995, train_rmse-0.6321, valid_rmse-1.3366, valid_pr-0.7095
epoch-51, train_loss-0.3474, train_rmse-0.5894, valid_rmse-1.3412, valid_pr-0.7322
epoch-52, train_loss-0.3598, train_rmse-0.5998, valid_rmse-1.3910, valid_pr-0.7038
epoch-53, train_loss-0.3548, train_rmse-0.5957, valid_rmse-1.2897, valid_pr-0.7371
Validation : valid_rmse-1.2897, valid_pr-0.7371, 
test2013_rmse-1.3116, test2013_pr-0.8289, test2016_rmse-1.1895, test2016_pr-0.8374, test2019_rmse-1.4462, test2019_pr-0.6347
epoch-54, train_loss-0.3464, train_rmse-0.5885, valid_rmse-1.2983, valid_pr-0.7215
epoch-55, train_loss-0.3564, train_rmse-0.5970, valid_rmse-1.3475, valid_pr-0.7055
epoch-56, train_loss-0.3207, train_rmse-0.5663, valid_rmse-1.3547, valid_pr-0.7104
epoch-57, train_loss-0.3490, train_rmse-0.5907, valid_rmse-1.3541, valid_pr-0.7326
epoch-58, train_loss-0.3230, train_rmse-0.5683, valid_rmse-1.4107, valid_pr-0.7256
epoch-59, train_loss-0.3120, train_rmse-0.5586, valid_rmse-1.2927, valid_pr-0.7289
epoch-60, train_loss-0.3212, train_rmse-0.5667, valid_rmse-1.3242, valid_pr-0.7294
epoch-61, train_loss-0.3290, train_rmse-0.5736, valid_rmse-1.2770, valid_pr-0.7380
Validation : valid_rmse-1.2770, valid_pr-0.7380, 
test2013_rmse-1.3298, test2013_pr-0.8232, test2016_rmse-1.1988, test2016_pr-0.8358, test2019_rmse-1.4350, test2019_pr-0.6357
epoch-62, train_loss-0.2992, train_rmse-0.5470, valid_rmse-1.3034, valid_pr-0.7252
epoch-63, train_loss-0.3193, train_rmse-0.5651, valid_rmse-1.3267, valid_pr-0.7191
epoch-64, train_loss-0.2981, train_rmse-0.5459, valid_rmse-1.2639, valid_pr-0.7443
Validation : valid_rmse-1.2639, valid_pr-0.7443, 
test2013_rmse-1.1948, test2013_pr-0.8639, test2016_rmse-1.1425, test2016_pr-0.8514, test2019_rmse-1.4399, test2019_pr-0.6374
epoch-65, train_loss-0.3063, train_rmse-0.5534, valid_rmse-1.2887, valid_pr-0.7285
epoch-66, train_loss-0.2962, train_rmse-0.5443, valid_rmse-1.2984, valid_pr-0.7333
epoch-67, train_loss-0.2894, train_rmse-0.5380, valid_rmse-1.3560, valid_pr-0.7316
epoch-68, train_loss-0.2951, train_rmse-0.5433, valid_rmse-1.2796, valid_pr-0.7375
epoch-69, train_loss-0.2913, train_rmse-0.5397, valid_rmse-1.2731, valid_pr-0.7337
epoch-70, train_loss-0.2937, train_rmse-0.5420, valid_rmse-1.3145, valid_pr-0.7218
epoch-71, train_loss-0.2850, train_rmse-0.5339, valid_rmse-1.2764, valid_pr-0.7450
epoch-72, train_loss-0.2896, train_rmse-0.5382, valid_rmse-1.3319, valid_pr-0.7073
epoch-73, train_loss-0.3006, train_rmse-0.5483, valid_rmse-1.3065, valid_pr-0.7360
epoch-74, train_loss-0.3002, train_rmse-0.5479, valid_rmse-1.3269, valid_pr-0.7320
epoch-75, train_loss-0.2712, train_rmse-0.5208, valid_rmse-1.2782, valid_pr-0.7392
epoch-76, train_loss-0.2946, train_rmse-0.5428, valid_rmse-1.3443, valid_pr-0.7425
epoch-77, train_loss-0.2849, train_rmse-0.5337, valid_rmse-1.4030, valid_pr-0.7187
epoch-78, train_loss-0.2900, train_rmse-0.5386, valid_rmse-1.2698, valid_pr-0.7436
epoch-79, train_loss-0.2854, train_rmse-0.5342, valid_rmse-1.2565, valid_pr-0.7469
Validation : valid_rmse-1.2565, valid_pr-0.7469, 
test2013_rmse-1.2315, test2013_pr-0.8526, test2016_rmse-1.1044, test2016_pr-0.8610, test2019_rmse-1.4218, test2019_pr-0.6482
epoch-80, train_loss-0.2710, train_rmse-0.5206, valid_rmse-1.2546, valid_pr-0.7459
Validation : valid_rmse-1.2546, valid_pr-0.7459, 
test2013_rmse-1.3092, test2013_pr-0.8389, test2016_rmse-1.1408, test2016_pr-0.8557, test2019_rmse-1.4165, test2019_pr-0.6400
epoch-81, train_loss-0.3112, train_rmse-0.5578, valid_rmse-1.2607, valid_pr-0.7482
epoch-82, train_loss-0.2669, train_rmse-0.5166, valid_rmse-1.2419, valid_pr-0.7454
Validation : valid_rmse-1.2419, valid_pr-0.7454, 
test2013_rmse-1.3335, test2013_pr-0.8314, test2016_rmse-1.1645, test2016_pr-0.8487, test2019_rmse-1.4220, test2019_pr-0.6291
epoch-83, train_loss-0.2690, train_rmse-0.5187, valid_rmse-1.3116, valid_pr-0.7214
epoch-84, train_loss-0.2659, train_rmse-0.5156, valid_rmse-1.3001, valid_pr-0.7197
epoch-85, train_loss-0.2551, train_rmse-0.5050, valid_rmse-1.2748, valid_pr-0.7297
epoch-86, train_loss-0.2678, train_rmse-0.5175, valid_rmse-1.2670, valid_pr-0.7385
epoch-87, train_loss-0.2747, train_rmse-0.5241, valid_rmse-1.2875, valid_pr-0.7385
epoch-88, train_loss-0.2534, train_rmse-0.5034, valid_rmse-1.2452, valid_pr-0.7494
epoch-89, train_loss-0.2404, train_rmse-0.4903, valid_rmse-1.2638, valid_pr-0.7370
epoch-90, train_loss-0.2551, train_rmse-0.5051, valid_rmse-1.2764, valid_pr-0.7333
epoch-91, train_loss-0.2486, train_rmse-0.4986, valid_rmse-1.2924, valid_pr-0.7269
epoch-92, train_loss-0.2446, train_rmse-0.4945, valid_rmse-1.3756, valid_pr-0.7096
epoch-93, train_loss-0.2611, train_rmse-0.5110, valid_rmse-1.2713, valid_pr-0.7422
epoch-94, train_loss-0.2468, train_rmse-0.4968, valid_rmse-1.2532, valid_pr-0.7425
epoch-95, train_loss-0.2359, train_rmse-0.4857, valid_rmse-1.2800, valid_pr-0.7352
epoch-96, train_loss-0.2463, train_rmse-0.4963, valid_rmse-1.2567, valid_pr-0.7411
epoch-97, train_loss-0.2359, train_rmse-0.4857, valid_rmse-1.3064, valid_pr-0.7275
epoch-98, train_loss-0.2371, train_rmse-0.4869, valid_rmse-1.2872, valid_pr-0.7243
epoch-99, train_loss-0.2344, train_rmse-0.4842, valid_rmse-1.2721, valid_pr-0.7403
epoch-100, train_loss-0.2366, train_rmse-0.4864, valid_rmse-1.2589, valid_pr-0.7431
epoch-101, train_loss-0.2236, train_rmse-0.4728, valid_rmse-1.2318, valid_pr-0.7532
Validation : valid_rmse-1.2318, valid_pr-0.7532, 
test2013_rmse-1.2246, test2013_pr-0.8593, test2016_rmse-1.1075, test2016_pr-0.8620, test2019_rmse-1.4035, test2019_pr-0.6447
epoch-102, train_loss-0.2332, train_rmse-0.4829, valid_rmse-1.2560, valid_pr-0.7442
epoch-103, train_loss-0.2266, train_rmse-0.4760, valid_rmse-1.2990, valid_pr-0.7312
epoch-104, train_loss-0.2209, train_rmse-0.4700, valid_rmse-1.2619, valid_pr-0.7433
epoch-105, train_loss-0.2219, train_rmse-0.4711, valid_rmse-1.2506, valid_pr-0.7453
epoch-106, train_loss-0.2313, train_rmse-0.4810, valid_rmse-1.3335, valid_pr-0.7319
epoch-107, train_loss-0.2456, train_rmse-0.4956, valid_rmse-1.3244, valid_pr-0.7286
epoch-108, train_loss-0.2442, train_rmse-0.4941, valid_rmse-1.2484, valid_pr-0.7423
epoch-109, train_loss-0.2234, train_rmse-0.4726, valid_rmse-1.2731, valid_pr-0.7366
epoch-110, train_loss-0.2240, train_rmse-0.4733, valid_rmse-1.2529, valid_pr-0.7424
epoch-111, train_loss-0.2162, train_rmse-0.4650, valid_rmse-1.2610, valid_pr-0.7372
epoch-112, train_loss-0.2276, train_rmse-0.4770, valid_rmse-1.2749, valid_pr-0.7462
epoch-113, train_loss-0.2232, train_rmse-0.4724, valid_rmse-1.2885, valid_pr-0.7213
epoch-114, train_loss-0.2231, train_rmse-0.4723, valid_rmse-1.2584, valid_pr-0.7431
epoch-115, train_loss-0.2125, train_rmse-0.4610, valid_rmse-1.2831, valid_pr-0.7311
epoch-116, train_loss-0.2157, train_rmse-0.4644, valid_rmse-1.2658, valid_pr-0.7317
epoch-117, train_loss-0.2140, train_rmse-0.4626, valid_rmse-1.2763, valid_pr-0.7385
epoch-118, train_loss-0.2127, train_rmse-0.4612, valid_rmse-1.2527, valid_pr-0.7488
epoch-119, train_loss-0.2199, train_rmse-0.4690, valid_rmse-1.2524, valid_pr-0.7442
epoch-120, train_loss-0.2051, train_rmse-0.4529, valid_rmse-1.2807, valid_pr-0.7354
epoch-121, train_loss-0.2273, train_rmse-0.4768, valid_rmse-1.2571, valid_pr-0.7470
epoch-122, train_loss-0.2102, train_rmse-0.4585, valid_rmse-1.2578, valid_pr-0.7429
epoch-123, train_loss-0.2003, train_rmse-0.4476, valid_rmse-1.2795, valid_pr-0.7462
epoch-124, train_loss-0.2123, train_rmse-0.4608, valid_rmse-1.2834, valid_pr-0.7337
epoch-125, train_loss-0.1921, train_rmse-0.4383, valid_rmse-1.2353, valid_pr-0.7480
epoch-126, train_loss-0.2072, train_rmse-0.4552, valid_rmse-1.2442, valid_pr-0.7450
epoch-127, train_loss-0.2080, train_rmse-0.4560, valid_rmse-1.2608, valid_pr-0.7465
epoch-128, train_loss-0.2021, train_rmse-0.4495, valid_rmse-1.2658, valid_pr-0.7458
epoch-129, train_loss-0.2012, train_rmse-0.4486, valid_rmse-1.2492, valid_pr-0.7489
epoch-130, train_loss-0.2048, train_rmse-0.4525, valid_rmse-1.2980, valid_pr-0.7421
epoch-131, train_loss-0.1968, train_rmse-0.4436, valid_rmse-1.2621, valid_pr-0.7372
epoch-132, train_loss-0.2068, train_rmse-0.4547, valid_rmse-1.2521, valid_pr-0.7435
epoch-133, train_loss-0.2028, train_rmse-0.4503, valid_rmse-1.2603, valid_pr-0.7430
epoch-134, train_loss-0.1931, train_rmse-0.4394, valid_rmse-1.2551, valid_pr-0.7465
epoch-135, train_loss-0.1970, train_rmse-0.4438, valid_rmse-1.2326, valid_pr-0.7503
epoch-136, train_loss-0.2077, train_rmse-0.4557, valid_rmse-1.2492, valid_pr-0.7489
epoch-137, train_loss-0.2009, train_rmse-0.4483, valid_rmse-1.2873, valid_pr-0.7420
epoch-138, train_loss-0.1897, train_rmse-0.4355, valid_rmse-1.2636, valid_pr-0.7434
epoch-139, train_loss-0.1922, train_rmse-0.4384, valid_rmse-1.2512, valid_pr-0.7525
epoch-140, train_loss-0.1902, train_rmse-0.4361, valid_rmse-1.2493, valid_pr-0.7479
epoch-141, train_loss-0.1828, train_rmse-0.4275, valid_rmse-1.2540, valid_pr-0.7459
epoch-142, train_loss-0.1906, train_rmse-0.4366, valid_rmse-1.2427, valid_pr-0.7520
epoch-143, train_loss-0.1990, train_rmse-0.4461, valid_rmse-1.2598, valid_pr-0.7388
epoch-144, train_loss-0.1901, train_rmse-0.4360, valid_rmse-1.2495, valid_pr-0.7429
epoch-145, train_loss-0.1950, train_rmse-0.4416, valid_rmse-1.2343, valid_pr-0.7508
epoch-146, train_loss-0.1909, train_rmse-0.4369, valid_rmse-1.2220, valid_pr-0.7552
Validation : valid_rmse-1.2220, valid_pr-0.7552, 
test2013_rmse-1.2332, test2013_pr-0.8593, test2016_rmse-1.0967, test2016_pr-0.8658, test2019_rmse-1.3875, test2019_pr-0.6516
epoch-147, train_loss-0.1849, train_rmse-0.4300, valid_rmse-1.2761, valid_pr-0.7406
epoch-148, train_loss-0.1848, train_rmse-0.4299, valid_rmse-1.2311, valid_pr-0.7504
epoch-149, train_loss-0.1862, train_rmse-0.4315, valid_rmse-1.2451, valid_pr-0.7486
epoch-150, train_loss-0.1964, train_rmse-0.4431, valid_rmse-1.2588, valid_pr-0.7450
epoch-151, train_loss-0.1722, train_rmse-0.4150, valid_rmse-1.2222, valid_pr-0.7541
epoch-152, train_loss-0.1733, train_rmse-0.4163, valid_rmse-1.2452, valid_pr-0.7427
epoch-153, train_loss-0.1804, train_rmse-0.4247, valid_rmse-1.2227, valid_pr-0.7535
epoch-154, train_loss-0.1924, train_rmse-0.4386, valid_rmse-1.2661, valid_pr-0.7492
epoch-155, train_loss-0.1882, train_rmse-0.4338, valid_rmse-1.2380, valid_pr-0.7472
epoch-156, train_loss-0.1738, train_rmse-0.4169, valid_rmse-1.2215, valid_pr-0.7528
Validation : valid_rmse-1.2215, valid_pr-0.7528, 
test2013_rmse-1.2981, test2013_pr-0.8486, test2016_rmse-1.1430, test2016_pr-0.8599, test2019_rmse-1.3718, test2019_pr-0.6497
epoch-157, train_loss-0.1907, train_rmse-0.4366, valid_rmse-1.2286, valid_pr-0.7518
epoch-158, train_loss-0.1922, train_rmse-0.4384, valid_rmse-1.2406, valid_pr-0.7574
epoch-159, train_loss-0.1742, train_rmse-0.4174, valid_rmse-1.2319, valid_pr-0.7532
epoch-160, train_loss-0.1816, train_rmse-0.4262, valid_rmse-1.2469, valid_pr-0.7440
epoch-161, train_loss-0.1980, train_rmse-0.4450, valid_rmse-1.2273, valid_pr-0.7587
epoch-162, train_loss-0.1779, train_rmse-0.4218, valid_rmse-1.2309, valid_pr-0.7511
epoch-163, train_loss-0.1760, train_rmse-0.4195, valid_rmse-1.2746, valid_pr-0.7359
epoch-164, train_loss-0.1723, train_rmse-0.4151, valid_rmse-1.2307, valid_pr-0.7528
epoch-165, train_loss-0.1926, train_rmse-0.4389, valid_rmse-1.2376, valid_pr-0.7495
epoch-166, train_loss-0.1754, train_rmse-0.4188, valid_rmse-1.2473, valid_pr-0.7484
epoch-167, train_loss-0.1754, train_rmse-0.4188, valid_rmse-1.2633, valid_pr-0.7480
epoch-168, train_loss-0.1746, train_rmse-0.4178, valid_rmse-1.2427, valid_pr-0.7503
epoch-169, train_loss-0.1846, train_rmse-0.4297, valid_rmse-1.2696, valid_pr-0.7469
epoch-170, train_loss-0.1683, train_rmse-0.4103, valid_rmse-1.2392, valid_pr-0.7480
epoch-171, train_loss-0.1668, train_rmse-0.4084, valid_rmse-1.2300, valid_pr-0.7506
epoch-172, train_loss-0.1780, train_rmse-0.4219, valid_rmse-1.2108, valid_pr-0.7572
Validation : valid_rmse-1.2108, valid_pr-0.7572, 
test2013_rmse-1.2795, test2013_pr-0.8501, test2016_rmse-1.1297, test2016_pr-0.8599, test2019_rmse-1.3772, test2019_pr-0.6494
epoch-173, train_loss-0.1768, train_rmse-0.4205, valid_rmse-1.2226, valid_pr-0.7531
epoch-174, train_loss-0.1759, train_rmse-0.4194, valid_rmse-1.2191, valid_pr-0.7558
epoch-175, train_loss-0.1891, train_rmse-0.4349, valid_rmse-1.2315, valid_pr-0.7560
epoch-176, train_loss-0.1679, train_rmse-0.4098, valid_rmse-1.2279, valid_pr-0.7545
epoch-177, train_loss-0.1655, train_rmse-0.4069, valid_rmse-1.2349, valid_pr-0.7552
epoch-178, train_loss-0.1687, train_rmse-0.4107, valid_rmse-1.2248, valid_pr-0.7512
epoch-179, train_loss-0.1578, train_rmse-0.3972, valid_rmse-1.2315, valid_pr-0.7502
epoch-180, train_loss-0.1799, train_rmse-0.4241, valid_rmse-1.2270, valid_pr-0.7499
epoch-181, train_loss-0.1672, train_rmse-0.4089, valid_rmse-1.2309, valid_pr-0.7497
epoch-182, train_loss-0.1777, train_rmse-0.4215, valid_rmse-1.2471, valid_pr-0.7452
epoch-183, train_loss-0.1601, train_rmse-0.4002, valid_rmse-1.2151, valid_pr-0.7563
epoch-184, train_loss-0.1579, train_rmse-0.3974, valid_rmse-1.2328, valid_pr-0.7543
epoch-185, train_loss-0.1742, train_rmse-0.4174, valid_rmse-1.2263, valid_pr-0.7544
epoch-186, train_loss-0.1653, train_rmse-0.4066, valid_rmse-1.2313, valid_pr-0.7499
epoch-187, train_loss-0.1604, train_rmse-0.4005, valid_rmse-1.2205, valid_pr-0.7554
epoch-188, train_loss-0.1620, train_rmse-0.4025, valid_rmse-1.2286, valid_pr-0.7533
epoch-189, train_loss-0.1655, train_rmse-0.4068, valid_rmse-1.2230, valid_pr-0.7539
epoch-190, train_loss-0.1524, train_rmse-0.3904, valid_rmse-1.2241, valid_pr-0.7541
epoch-191, train_loss-0.1547, train_rmse-0.3933, valid_rmse-1.2323, valid_pr-0.7523
epoch-192, train_loss-0.1604, train_rmse-0.4005, valid_rmse-1.2539, valid_pr-0.7475
epoch-193, train_loss-0.1619, train_rmse-0.4024, valid_rmse-1.2372, valid_pr-0.7488
epoch-194, train_loss-0.1613, train_rmse-0.4016, valid_rmse-1.2331, valid_pr-0.7494
epoch-195, train_loss-0.1527, train_rmse-0.3908, valid_rmse-1.2191, valid_pr-0.7545
epoch-196, train_loss-0.1547, train_rmse-0.3933, valid_rmse-1.2211, valid_pr-0.7557
epoch-197, train_loss-0.1603, train_rmse-0.4004, valid_rmse-1.2293, valid_pr-0.7521
epoch-198, train_loss-0.1578, train_rmse-0.3972, valid_rmse-1.2386, valid_pr-0.7517
epoch-199, train_loss-0.1591, train_rmse-0.3988, valid_rmse-1.2286, valid_pr-0.7503
epoch-200, train_loss-0.1629, train_rmse-0.4037, valid_rmse-1.2472, valid_pr-0.7445
epoch-201, train_loss-0.1616, train_rmse-0.4020, valid_rmse-1.2752, valid_pr-0.7358
epoch-202, train_loss-0.1700, train_rmse-0.4123, valid_rmse-1.2270, valid_pr-0.7487
epoch-203, train_loss-0.1541, train_rmse-0.3925, valid_rmse-1.2348, valid_pr-0.7474
epoch-204, train_loss-0.1616, train_rmse-0.4019, valid_rmse-1.2261, valid_pr-0.7520
epoch-205, train_loss-0.1640, train_rmse-0.4050, valid_rmse-1.2349, valid_pr-0.7518
epoch-206, train_loss-0.1522, train_rmse-0.3901, valid_rmse-1.2309, valid_pr-0.7522
epoch-207, train_loss-0.1504, train_rmse-0.3878, valid_rmse-1.2293, valid_pr-0.7514
epoch-208, train_loss-0.1554, train_rmse-0.3942, valid_rmse-1.2365, valid_pr-0.7460
epoch-209, train_loss-0.1616, train_rmse-0.4019, valid_rmse-1.2317, valid_pr-0.7550
epoch-210, train_loss-0.1623, train_rmse-0.4028, valid_rmse-1.2248, valid_pr-0.7525
epoch-211, train_loss-0.1578, train_rmse-0.3973, valid_rmse-1.2331, valid_pr-0.7492
epoch-212, train_loss-0.1477, train_rmse-0.3843, valid_rmse-1.2335, valid_pr-0.7510
epoch-213, train_loss-0.1516, train_rmse-0.3894, valid_rmse-1.2219, valid_pr-0.7516
epoch-214, train_loss-0.1595, train_rmse-0.3993, valid_rmse-1.2263, valid_pr-0.7544
epoch-215, train_loss-0.1465, train_rmse-0.3828, valid_rmse-1.2252, valid_pr-0.7539
epoch-216, train_loss-0.1501, train_rmse-0.3875, valid_rmse-1.2214, valid_pr-0.7540
epoch-217, train_loss-0.1552, train_rmse-0.3940, valid_rmse-1.2358, valid_pr-0.7554
epoch-218, train_loss-0.1510, train_rmse-0.3886, valid_rmse-1.2254, valid_pr-0.7529
epoch-219, train_loss-0.1696, train_rmse-0.4118, valid_rmse-1.2229, valid_pr-0.7500
epoch-220, train_loss-0.1589, train_rmse-0.3986, valid_rmse-1.2276, valid_pr-0.7550
epoch-221, train_loss-0.1495, train_rmse-0.3867, valid_rmse-1.2185, valid_pr-0.7553
epoch-222, train_loss-0.1387, train_rmse-0.3724, valid_rmse-1.2283, valid_pr-0.7502
epoch-223, train_loss-0.1670, train_rmse-0.4087, valid_rmse-1.2402, valid_pr-0.7501
epoch-224, train_loss-0.1296, train_rmse-0.3600, valid_rmse-1.2231, valid_pr-0.7518
epoch-225, train_loss-0.1229, train_rmse-0.3506, valid_rmse-1.2294, valid_pr-0.7525
epoch-226, train_loss-0.1229, train_rmse-0.3506, valid_rmse-1.2187, valid_pr-0.7545
epoch-227, train_loss-0.1203, train_rmse-0.3468, valid_rmse-1.2230, valid_pr-0.7534
epoch-228, train_loss-0.1272, train_rmse-0.3567, valid_rmse-1.2185, valid_pr-0.7547
epoch-229, train_loss-0.1138, train_rmse-0.3373, valid_rmse-1.2279, valid_pr-0.7532
epoch-230, train_loss-0.1203, train_rmse-0.3468, valid_rmse-1.2159, valid_pr-0.7558
epoch-231, train_loss-0.1210, train_rmse-0.3478, valid_rmse-1.2196, valid_pr-0.7554
epoch-232, train_loss-0.1190, train_rmse-0.3449, valid_rmse-1.2250, valid_pr-0.7513
epoch-233, train_loss-0.1202, train_rmse-0.3467, valid_rmse-1.2192, valid_pr-0.7536
epoch-234, train_loss-0.1195, train_rmse-0.3457, valid_rmse-1.2248, valid_pr-0.7517
epoch-235, train_loss-0.1151, train_rmse-0.3393, valid_rmse-1.2311, valid_pr-0.7542
epoch-236, train_loss-0.1147, train_rmse-0.3387, valid_rmse-1.2157, valid_pr-0.7555
epoch-237, train_loss-0.1241, train_rmse-0.3523, valid_rmse-1.2243, valid_pr-0.7530
epoch-238, train_loss-0.1210, train_rmse-0.3479, valid_rmse-1.2279, valid_pr-0.7494
epoch-239, train_loss-0.1232, train_rmse-0.3511, valid_rmse-1.2258, valid_pr-0.7537
epoch-240, train_loss-0.1089, train_rmse-0.3300, valid_rmse-1.2154, valid_pr-0.7551
epoch-241, train_loss-0.1165, train_rmse-0.3414, valid_rmse-1.2208, valid_pr-0.7539
epoch-242, train_loss-0.1204, train_rmse-0.3469, valid_rmse-1.2190, valid_pr-0.7566
epoch-243, train_loss-0.1143, train_rmse-0.3381, valid_rmse-1.2282, valid_pr-0.7553
epoch-244, train_loss-0.1182, train_rmse-0.3438, valid_rmse-1.2255, valid_pr-0.7548
epoch-245, train_loss-0.1206, train_rmse-0.3472, valid_rmse-1.2279, valid_pr-0.7519
epoch-246, train_loss-0.1186, train_rmse-0.3444, valid_rmse-1.2165, valid_pr-0.7548
epoch-247, train_loss-0.1200, train_rmse-0.3464, valid_rmse-1.2201, valid_pr-0.7542
epoch-248, train_loss-0.1184, train_rmse-0.3440, valid_rmse-1.2187, valid_pr-0.7542
epoch-249, train_loss-0.1204, train_rmse-0.3470, valid_rmse-1.2134, valid_pr-0.7559
epoch-250, train_loss-0.1097, train_rmse-0.3313, valid_rmse-1.2249, valid_pr-0.7523
epoch-251, train_loss-0.1091, train_rmse-0.3303, valid_rmse-1.2235, valid_pr-0.7568
epoch-252, train_loss-0.1148, train_rmse-0.3389, valid_rmse-1.2200, valid_pr-0.7559
epoch-253, train_loss-0.1184, train_rmse-0.3441, valid_rmse-1.2107, valid_pr-0.7578
Validation : valid_rmse-1.2107, valid_pr-0.7578, 
test2013_rmse-1.2504, test2013_pr-0.8583, test2016_rmse-1.1063, test2016_pr-0.8674, test2019_rmse-1.3577, test2019_pr-0.6589
epoch-254, train_loss-0.1166, train_rmse-0.3415, valid_rmse-1.2091, valid_pr-0.7573
Validation : valid_rmse-1.2091, valid_pr-0.7573, 
test2013_rmse-1.2679, test2013_pr-0.8548, test2016_rmse-1.1165, test2016_pr-0.8656, test2019_rmse-1.3569, test2019_pr-0.6571
epoch-255, train_loss-0.1274, train_rmse-0.3569, valid_rmse-1.2132, valid_pr-0.7557
epoch-256, train_loss-0.1056, train_rmse-0.3250, valid_rmse-1.2091, valid_pr-0.7589
epoch-257, train_loss-0.1302, train_rmse-0.3608, valid_rmse-1.2188, valid_pr-0.7538
epoch-258, train_loss-0.1156, train_rmse-0.3399, valid_rmse-1.2295, valid_pr-0.7542
epoch-259, train_loss-0.1115, train_rmse-0.3339, valid_rmse-1.2224, valid_pr-0.7522
epoch-260, train_loss-0.1103, train_rmse-0.3321, valid_rmse-1.2197, valid_pr-0.7545
epoch-261, train_loss-0.1165, train_rmse-0.3413, valid_rmse-1.2080, valid_pr-0.7585
Validation : valid_rmse-1.2080, valid_pr-0.7585, 
test2013_rmse-1.2521, test2013_pr-0.8577, test2016_rmse-1.1069, test2016_pr-0.8667, test2019_rmse-1.3607, test2019_pr-0.6577
epoch-262, train_loss-0.1089, train_rmse-0.3299, valid_rmse-1.2066, valid_pr-0.7585
Validation : valid_rmse-1.2066, valid_pr-0.7585, 
test2013_rmse-1.2913, test2013_pr-0.8513, test2016_rmse-1.1361, test2016_pr-0.8634, test2019_rmse-1.3592, test2019_pr-0.6546
epoch-263, train_loss-0.1200, train_rmse-0.3463, valid_rmse-1.2282, valid_pr-0.7551
epoch-264, train_loss-0.1109, train_rmse-0.3330, valid_rmse-1.2061, valid_pr-0.7584
Validation : valid_rmse-1.2061, valid_pr-0.7584, 
test2013_rmse-1.2886, test2013_pr-0.8525, test2016_rmse-1.1297, test2016_pr-0.8646, test2019_rmse-1.3621, test2019_pr-0.6534
epoch-265, train_loss-0.1099, train_rmse-0.3316, valid_rmse-1.2126, valid_pr-0.7582
epoch-266, train_loss-0.1107, train_rmse-0.3328, valid_rmse-1.2192, valid_pr-0.7537
epoch-267, train_loss-0.1112, train_rmse-0.3335, valid_rmse-1.2128, valid_pr-0.7559
epoch-268, train_loss-0.1218, train_rmse-0.3489, valid_rmse-1.2214, valid_pr-0.7527
epoch-269, train_loss-0.1163, train_rmse-0.3410, valid_rmse-1.2244, valid_pr-0.7544
epoch-270, train_loss-0.1254, train_rmse-0.3541, valid_rmse-1.2325, valid_pr-0.7528
epoch-271, train_loss-0.1086, train_rmse-0.3295, valid_rmse-1.2183, valid_pr-0.7545
epoch-272, train_loss-0.1128, train_rmse-0.3358, valid_rmse-1.2204, valid_pr-0.7555
epoch-273, train_loss-0.1061, train_rmse-0.3258, valid_rmse-1.2194, valid_pr-0.7553
epoch-274, train_loss-0.1211, train_rmse-0.3480, valid_rmse-1.2243, valid_pr-0.7549
epoch-275, train_loss-0.1214, train_rmse-0.3485, valid_rmse-1.2074, valid_pr-0.7574
epoch-276, train_loss-0.1120, train_rmse-0.3346, valid_rmse-1.2276, valid_pr-0.7557
epoch-277, train_loss-0.1085, train_rmse-0.3294, valid_rmse-1.2204, valid_pr-0.7558
epoch-278, train_loss-0.1216, train_rmse-0.3487, valid_rmse-1.2174, valid_pr-0.7567
epoch-279, train_loss-0.1069, train_rmse-0.3270, valid_rmse-1.2114, valid_pr-0.7583
epoch-280, train_loss-0.1124, train_rmse-0.3352, valid_rmse-1.2178, valid_pr-0.7599
epoch-281, train_loss-0.1189, train_rmse-0.3449, valid_rmse-1.2071, valid_pr-0.7575
epoch-282, train_loss-0.1109, train_rmse-0.3330, valid_rmse-1.2143, valid_pr-0.7581
epoch-283, train_loss-0.1121, train_rmse-0.3348, valid_rmse-1.2119, valid_pr-0.7558
epoch-284, train_loss-0.1221, train_rmse-0.3494, valid_rmse-1.2106, valid_pr-0.7579
epoch-285, train_loss-0.1166, train_rmse-0.3415, valid_rmse-1.2085, valid_pr-0.7570
epoch-286, train_loss-0.1294, train_rmse-0.3597, valid_rmse-1.2070, valid_pr-0.7604
epoch-287, train_loss-0.1151, train_rmse-0.3393, valid_rmse-1.2100, valid_pr-0.7606
epoch-288, train_loss-0.1173, train_rmse-0.3425, valid_rmse-1.2078, valid_pr-0.7577
epoch-289, train_loss-0.1073, train_rmse-0.3276, valid_rmse-1.2051, valid_pr-0.7608
Validation : valid_rmse-1.2051, valid_pr-0.7608, 
test2013_rmse-1.2954, test2013_pr-0.8496, test2016_rmse-1.1339, test2016_pr-0.8649, test2019_rmse-1.3564, test2019_pr-0.6571
epoch-290, train_loss-0.1163, train_rmse-0.3410, valid_rmse-1.2068, valid_pr-0.7591
epoch-291, train_loss-0.1145, train_rmse-0.3383, valid_rmse-1.2069, valid_pr-0.7583
epoch-292, train_loss-0.1072, train_rmse-0.3275, valid_rmse-1.2052, valid_pr-0.7592
epoch-293, train_loss-0.1218, train_rmse-0.3491, valid_rmse-1.1960, valid_pr-0.7630
Validation : valid_rmse-1.1960, valid_pr-0.7630, 
test2013_rmse-1.2611, test2013_pr-0.8586, test2016_rmse-1.1077, test2016_pr-0.8700, test2019_rmse-1.3576, test2019_pr-0.6569
epoch-294, train_loss-0.1120, train_rmse-0.3346, valid_rmse-1.2048, valid_pr-0.7598
epoch-295, train_loss-0.1161, train_rmse-0.3407, valid_rmse-1.2059, valid_pr-0.7602
epoch-296, train_loss-0.1139, train_rmse-0.3374, valid_rmse-1.2097, valid_pr-0.7588
epoch-297, train_loss-0.1129, train_rmse-0.3359, valid_rmse-1.2137, valid_pr-0.7563
epoch-298, train_loss-0.1120, train_rmse-0.3347, valid_rmse-1.2067, valid_pr-0.7587
epoch-299, train_loss-0.1090, train_rmse-0.3302, valid_rmse-1.2101, valid_pr-0.7580
epoch-300, train_loss-0.1096, train_rmse-0.3311, valid_rmse-1.2111, valid_pr-0.7578
epoch-301, train_loss-0.1123, train_rmse-0.3351, valid_rmse-1.2128, valid_pr-0.7551
epoch-302, train_loss-0.1072, train_rmse-0.3275, valid_rmse-1.2200, valid_pr-0.7582
epoch-303, train_loss-0.1102, train_rmse-0.3320, valid_rmse-1.2165, valid_pr-0.7550
epoch-304, train_loss-0.1011, train_rmse-0.3180, valid_rmse-1.2138, valid_pr-0.7557
epoch-305, train_loss-0.1107, train_rmse-0.3328, valid_rmse-1.2061, valid_pr-0.7608
epoch-306, train_loss-0.1042, train_rmse-0.3228, valid_rmse-1.2140, valid_pr-0.7557
epoch-307, train_loss-0.1202, train_rmse-0.3467, valid_rmse-1.2032, valid_pr-0.7607
epoch-308, train_loss-0.1111, train_rmse-0.3333, valid_rmse-1.2101, valid_pr-0.7580
epoch-309, train_loss-0.1045, train_rmse-0.3233, valid_rmse-1.2169, valid_pr-0.7552
epoch-310, train_loss-0.1068, train_rmse-0.3268, valid_rmse-1.2123, valid_pr-0.7581
epoch-311, train_loss-0.1094, train_rmse-0.3308, valid_rmse-1.2182, valid_pr-0.7532
epoch-312, train_loss-0.1159, train_rmse-0.3404, valid_rmse-1.2177, valid_pr-0.7549
epoch-313, train_loss-0.1055, train_rmse-0.3248, valid_rmse-1.2137, valid_pr-0.7562
epoch-314, train_loss-0.1125, train_rmse-0.3354, valid_rmse-1.2222, valid_pr-0.7589
epoch-315, train_loss-0.1122, train_rmse-0.3350, valid_rmse-1.2089, valid_pr-0.7593
epoch-316, train_loss-0.1036, train_rmse-0.3218, valid_rmse-1.2106, valid_pr-0.7608
epoch-317, train_loss-0.1106, train_rmse-0.3326, valid_rmse-1.2183, valid_pr-0.7530
epoch-318, train_loss-0.0988, train_rmse-0.3144, valid_rmse-1.2040, valid_pr-0.7601
epoch-319, train_loss-0.1134, train_rmse-0.3368, valid_rmse-1.2153, valid_pr-0.7568
epoch-320, train_loss-0.1041, train_rmse-0.3227, valid_rmse-1.2217, valid_pr-0.7572
epoch-321, train_loss-0.1051, train_rmse-0.3242, valid_rmse-1.2102, valid_pr-0.7575
epoch-322, train_loss-0.1126, train_rmse-0.3356, valid_rmse-1.2056, valid_pr-0.7592
epoch-323, train_loss-0.1100, train_rmse-0.3316, valid_rmse-1.2279, valid_pr-0.7515
epoch-324, train_loss-0.1110, train_rmse-0.3331, valid_rmse-1.2117, valid_pr-0.7586
epoch-325, train_loss-0.1072, train_rmse-0.3275, valid_rmse-1.2100, valid_pr-0.7585
epoch-326, train_loss-0.1231, train_rmse-0.3509, valid_rmse-1.2102, valid_pr-0.7590
epoch-327, train_loss-0.1072, train_rmse-0.3275, valid_rmse-1.2069, valid_pr-0.7585
epoch-328, train_loss-0.1032, train_rmse-0.3212, valid_rmse-1.2130, valid_pr-0.7592
epoch-329, train_loss-0.1137, train_rmse-0.3372, valid_rmse-1.2098, valid_pr-0.7577
epoch-330, train_loss-0.1184, train_rmse-0.3440, valid_rmse-1.2150, valid_pr-0.7580
epoch-331, train_loss-0.1130, train_rmse-0.3361, valid_rmse-1.2063, valid_pr-0.7591
epoch-332, train_loss-0.1018, train_rmse-0.3191, valid_rmse-1.1966, valid_pr-0.7622
epoch-333, train_loss-0.1187, train_rmse-0.3445, valid_rmse-1.2014, valid_pr-0.7607
epoch-334, train_loss-0.1027, train_rmse-0.3205, valid_rmse-1.2054, valid_pr-0.7582
epoch-335, train_loss-0.1053, train_rmse-0.3245, valid_rmse-1.2064, valid_pr-0.7591
epoch-336, train_loss-0.1127, train_rmse-0.3357, valid_rmse-1.1976, valid_pr-0.7616
epoch-337, train_loss-0.1111, train_rmse-0.3333, valid_rmse-1.2158, valid_pr-0.7570
epoch-338, train_loss-0.1139, train_rmse-0.3375, valid_rmse-1.2129, valid_pr-0.7568
epoch-339, train_loss-0.1119, train_rmse-0.3346, valid_rmse-1.2134, valid_pr-0.7556
epoch-340, train_loss-0.1052, train_rmse-0.3244, valid_rmse-1.2008, valid_pr-0.7612
epoch-341, train_loss-0.1000, train_rmse-0.3163, valid_rmse-1.2024, valid_pr-0.7595
epoch-342, train_loss-0.0993, train_rmse-0.3151, valid_rmse-1.2188, valid_pr-0.7552
epoch-343, train_loss-0.1073, train_rmse-0.3275, valid_rmse-1.2174, valid_pr-0.7546
epoch-344, train_loss-0.1065, train_rmse-0.3264, valid_rmse-1.2190, valid_pr-0.7557
epoch-345, train_loss-0.0998, train_rmse-0.3159, valid_rmse-1.2071, valid_pr-0.7579
epoch-346, train_loss-0.0976, train_rmse-0.3125, valid_rmse-1.2126, valid_pr-0.7575
epoch-347, train_loss-0.0935, train_rmse-0.3058, valid_rmse-1.2065, valid_pr-0.7581
epoch-348, train_loss-0.0907, train_rmse-0.3011, valid_rmse-1.2085, valid_pr-0.7582
epoch-349, train_loss-0.0916, train_rmse-0.3026, valid_rmse-1.2145, valid_pr-0.7595
epoch-350, train_loss-0.1047, train_rmse-0.3236, valid_rmse-1.2067, valid_pr-0.7583
epoch-351, train_loss-0.0957, train_rmse-0.3094, valid_rmse-1.2055, valid_pr-0.7604
epoch-352, train_loss-0.0934, train_rmse-0.3055, valid_rmse-1.2066, valid_pr-0.7592
epoch-353, train_loss-0.0925, train_rmse-0.3041, valid_rmse-1.2065, valid_pr-0.7598
epoch-354, train_loss-0.0920, train_rmse-0.3032, valid_rmse-1.2044, valid_pr-0.7594
epoch-355, train_loss-0.0899, train_rmse-0.2998, valid_rmse-1.2048, valid_pr-0.7607
epoch-356, train_loss-0.0992, train_rmse-0.3149, valid_rmse-1.2073, valid_pr-0.7608
epoch-357, train_loss-0.0986, train_rmse-0.3141, valid_rmse-1.2063, valid_pr-0.7590
epoch-358, train_loss-0.0965, train_rmse-0.3107, valid_rmse-1.2077, valid_pr-0.7590
epoch-359, train_loss-0.1009, train_rmse-0.3177, valid_rmse-1.2017, valid_pr-0.7608
epoch-360, train_loss-0.0921, train_rmse-0.3035, valid_rmse-1.2025, valid_pr-0.7597
epoch-361, train_loss-0.0874, train_rmse-0.2956, valid_rmse-1.2065, valid_pr-0.7602
epoch-362, train_loss-0.0959, train_rmse-0.3096, valid_rmse-1.2111, valid_pr-0.7585
epoch-363, train_loss-0.0975, train_rmse-0.3123, valid_rmse-1.2132, valid_pr-0.7585
epoch-364, train_loss-0.0949, train_rmse-0.3080, valid_rmse-1.2061, valid_pr-0.7590
epoch-365, train_loss-0.0886, train_rmse-0.2976, valid_rmse-1.2050, valid_pr-0.7600
epoch-366, train_loss-0.1014, train_rmse-0.3185, valid_rmse-1.2067, valid_pr-0.7602
epoch-367, train_loss-0.0891, train_rmse-0.2985, valid_rmse-1.2119, valid_pr-0.7592
epoch-368, train_loss-0.0847, train_rmse-0.2910, valid_rmse-1.2074, valid_pr-0.7603
epoch-369, train_loss-0.0925, train_rmse-0.3042, valid_rmse-1.2041, valid_pr-0.7601
epoch-370, train_loss-0.0841, train_rmse-0.2900, valid_rmse-1.2108, valid_pr-0.7581
epoch-371, train_loss-0.0891, train_rmse-0.2986, valid_rmse-1.2057, valid_pr-0.7596
epoch-372, train_loss-0.1045, train_rmse-0.3233, valid_rmse-1.2112, valid_pr-0.7618
epoch-373, train_loss-0.0889, train_rmse-0.2982, valid_rmse-1.2056, valid_pr-0.7608
epoch-374, train_loss-0.0962, train_rmse-0.3102, valid_rmse-1.2047, valid_pr-0.7627
epoch-375, train_loss-0.0903, train_rmse-0.3006, valid_rmse-1.2020, valid_pr-0.7610
epoch-376, train_loss-0.0935, train_rmse-0.3057, valid_rmse-1.2041, valid_pr-0.7602
epoch-377, train_loss-0.0921, train_rmse-0.3035, valid_rmse-1.2096, valid_pr-0.7603
epoch-378, train_loss-0.0936, train_rmse-0.3059, valid_rmse-1.2057, valid_pr-0.7609
epoch-379, train_loss-0.0962, train_rmse-0.3101, valid_rmse-1.2101, valid_pr-0.7587
epoch-380, train_loss-0.0957, train_rmse-0.3094, valid_rmse-1.2045, valid_pr-0.7610
epoch-381, train_loss-0.0973, train_rmse-0.3120, valid_rmse-1.2085, valid_pr-0.7636
epoch-382, train_loss-0.0924, train_rmse-0.3040, valid_rmse-1.1986, valid_pr-0.7635
epoch-383, train_loss-0.0882, train_rmse-0.2970, valid_rmse-1.2030, valid_pr-0.7596
epoch-384, train_loss-0.1015, train_rmse-0.3186, valid_rmse-1.2031, valid_pr-0.7610
epoch-385, train_loss-0.0883, train_rmse-0.2972, valid_rmse-1.1998, valid_pr-0.7630
epoch-386, train_loss-0.0828, train_rmse-0.2877, valid_rmse-1.2035, valid_pr-0.7611
epoch-387, train_loss-0.0962, train_rmse-0.3102, valid_rmse-1.2040, valid_pr-0.7636
epoch-388, train_loss-0.0929, train_rmse-0.3047, valid_rmse-1.2041, valid_pr-0.7617
epoch-389, train_loss-0.0861, train_rmse-0.2934, valid_rmse-1.2007, valid_pr-0.7624
epoch-390, train_loss-0.0944, train_rmse-0.3072, valid_rmse-1.2019, valid_pr-0.7627
epoch-391, train_loss-0.0947, train_rmse-0.3077, valid_rmse-1.2020, valid_pr-0.7628
epoch-392, train_loss-0.0879, train_rmse-0.2965, valid_rmse-1.1981, valid_pr-0.7621
epoch-393, train_loss-0.0935, train_rmse-0.3058, valid_rmse-1.2018, valid_pr-0.7627
epoch-394, train_loss-0.0876, train_rmse-0.2959, valid_rmse-1.2046, valid_pr-0.7599
early stop in epoch 394
best_rmse: 1.1960
valid_rmse-1.1960, valid_pr-0.7630, test2013_rmse-1.2611, test2013_pr-0.8586, test2016_rmse-1.1077, test2016_pr-0.8700, test2019_rmse-1.3576, test2019_pr-0.6569
