ours-lrs-0.001-abl-q3q3, lr=0.001, seed=60
train_GIGN.py
train data: 11904
valid data: 1000
test2013 data: 107
test2016 data: 285
test2019 data: 4366
GIGN params # : 1341342
epoch-0, train_loss-15.2051, train_rmse-3.8994, valid_rmse-2.0056, valid_pr-0.4659
Validation : valid_rmse-2.0056, valid_pr-0.4659, 
test2013_rmse-2.0236, test2013_pr-0.5781, test2016_rmse-1.7976, test2016_pr-0.6333, test2019_rmse-1.9464, test2019_pr-0.5125
epoch-1, train_loss-2.6997, train_rmse-1.6431, valid_rmse-1.4437, valid_pr-0.6239
Validation : valid_rmse-1.4437, valid_pr-0.6239, 
test2013_rmse-1.5966, test2013_pr-0.7694, test2016_rmse-1.4833, test2016_pr-0.7610, test2019_rmse-1.3752, test2019_pr-0.6379
epoch-2, train_loss-2.3383, train_rmse-1.5291, valid_rmse-1.4949, valid_pr-0.6022
epoch-3, train_loss-2.2049, train_rmse-1.4849, valid_rmse-1.5748, valid_pr-0.5758
epoch-4, train_loss-2.0804, train_rmse-1.4423, valid_rmse-1.4962, valid_pr-0.5908
epoch-5, train_loss-2.0370, train_rmse-1.4272, valid_rmse-1.5312, valid_pr-0.6429
epoch-6, train_loss-1.8857, train_rmse-1.3732, valid_rmse-1.3614, valid_pr-0.6774
Validation : valid_rmse-1.3614, valid_pr-0.6774, 
test2013_rmse-1.4392, test2013_pr-0.8197, test2016_rmse-1.3552, test2016_pr-0.8092, test2019_rmse-1.3427, test2019_pr-0.6610
epoch-7, train_loss-1.7613, train_rmse-1.3271, valid_rmse-1.3592, valid_pr-0.6889
Validation : valid_rmse-1.3592, valid_pr-0.6889, 
test2013_rmse-1.3806, test2013_pr-0.8148, test2016_rmse-1.2533, test2016_pr-0.8202, test2019_rmse-1.3921, test2019_pr-0.6585
epoch-8, train_loss-1.6629, train_rmse-1.2895, valid_rmse-1.4793, valid_pr-0.6677
epoch-9, train_loss-1.6815, train_rmse-1.2967, valid_rmse-1.6327, valid_pr-0.6275
epoch-10, train_loss-1.5340, train_rmse-1.2386, valid_rmse-1.3291, valid_pr-0.6998
Validation : valid_rmse-1.3291, valid_pr-0.6998, 
test2013_rmse-1.3830, test2013_pr-0.8132, test2016_rmse-1.2792, test2016_pr-0.8151, test2019_rmse-1.3918, test2019_pr-0.6451
epoch-11, train_loss-1.4617, train_rmse-1.2090, valid_rmse-1.4252, valid_pr-0.6584
epoch-12, train_loss-1.3815, train_rmse-1.1754, valid_rmse-1.6338, valid_pr-0.6067
epoch-13, train_loss-1.2945, train_rmse-1.1378, valid_rmse-1.4992, valid_pr-0.6660
epoch-14, train_loss-1.2282, train_rmse-1.1082, valid_rmse-1.4276, valid_pr-0.6556
epoch-15, train_loss-1.1496, train_rmse-1.0722, valid_rmse-1.3407, valid_pr-0.7114
epoch-16, train_loss-1.0699, train_rmse-1.0343, valid_rmse-1.5184, valid_pr-0.6191
epoch-17, train_loss-1.0386, train_rmse-1.0191, valid_rmse-1.5144, valid_pr-0.6233
epoch-18, train_loss-1.0162, train_rmse-1.0081, valid_rmse-1.5111, valid_pr-0.6486
epoch-19, train_loss-0.9755, train_rmse-0.9877, valid_rmse-1.4896, valid_pr-0.6632
epoch-20, train_loss-0.9260, train_rmse-0.9623, valid_rmse-1.4811, valid_pr-0.6786
epoch-21, train_loss-0.8109, train_rmse-0.9005, valid_rmse-1.4967, valid_pr-0.6403
epoch-22, train_loss-0.7793, train_rmse-0.8828, valid_rmse-1.6448, valid_pr-0.5679
epoch-23, train_loss-0.7560, train_rmse-0.8695, valid_rmse-1.4461, valid_pr-0.6726
epoch-24, train_loss-0.7327, train_rmse-0.8560, valid_rmse-1.4150, valid_pr-0.6858
epoch-25, train_loss-0.7087, train_rmse-0.8419, valid_rmse-1.6325, valid_pr-0.6391
epoch-26, train_loss-0.6915, train_rmse-0.8316, valid_rmse-1.3946, valid_pr-0.6905
epoch-27, train_loss-0.6347, train_rmse-0.7967, valid_rmse-1.3981, valid_pr-0.6829
epoch-28, train_loss-0.6479, train_rmse-0.8049, valid_rmse-1.4205, valid_pr-0.6865
epoch-29, train_loss-0.6071, train_rmse-0.7791, valid_rmse-1.4257, valid_pr-0.7058
epoch-30, train_loss-0.5605, train_rmse-0.7487, valid_rmse-1.4010, valid_pr-0.6773
epoch-31, train_loss-0.5603, train_rmse-0.7486, valid_rmse-1.3610, valid_pr-0.6995
epoch-32, train_loss-0.5165, train_rmse-0.7187, valid_rmse-1.3977, valid_pr-0.6768
epoch-33, train_loss-0.5508, train_rmse-0.7421, valid_rmse-1.6475, valid_pr-0.6303
epoch-34, train_loss-0.5316, train_rmse-0.7291, valid_rmse-1.4558, valid_pr-0.6936
epoch-35, train_loss-0.4885, train_rmse-0.6990, valid_rmse-1.4076, valid_pr-0.6964
epoch-36, train_loss-0.4556, train_rmse-0.6750, valid_rmse-1.3872, valid_pr-0.6981
epoch-37, train_loss-0.4697, train_rmse-0.6854, valid_rmse-1.5068, valid_pr-0.6976
epoch-38, train_loss-0.4797, train_rmse-0.6926, valid_rmse-1.4050, valid_pr-0.7067
epoch-39, train_loss-0.4640, train_rmse-0.6811, valid_rmse-1.4642, valid_pr-0.6989
epoch-40, train_loss-0.4356, train_rmse-0.6600, valid_rmse-1.4039, valid_pr-0.6696
epoch-41, train_loss-0.4283, train_rmse-0.6544, valid_rmse-1.4407, valid_pr-0.6839
epoch-42, train_loss-0.4239, train_rmse-0.6511, valid_rmse-1.3415, valid_pr-0.7056
epoch-43, train_loss-0.4370, train_rmse-0.6611, valid_rmse-1.4274, valid_pr-0.6980
epoch-44, train_loss-0.4177, train_rmse-0.6463, valid_rmse-1.4801, valid_pr-0.6535
epoch-45, train_loss-0.4281, train_rmse-0.6543, valid_rmse-1.3481, valid_pr-0.7098
epoch-46, train_loss-0.3899, train_rmse-0.6244, valid_rmse-1.3894, valid_pr-0.6961
epoch-47, train_loss-0.3877, train_rmse-0.6226, valid_rmse-1.4033, valid_pr-0.6855
epoch-48, train_loss-0.3847, train_rmse-0.6202, valid_rmse-1.4248, valid_pr-0.7041
epoch-49, train_loss-0.3851, train_rmse-0.6205, valid_rmse-1.4856, valid_pr-0.6783
epoch-50, train_loss-0.3665, train_rmse-0.6054, valid_rmse-1.3833, valid_pr-0.6819
epoch-51, train_loss-0.3995, train_rmse-0.6321, valid_rmse-1.3965, valid_pr-0.7051
epoch-52, train_loss-0.3764, train_rmse-0.6135, valid_rmse-1.3378, valid_pr-0.7102
epoch-53, train_loss-0.3821, train_rmse-0.6182, valid_rmse-1.3956, valid_pr-0.7051
epoch-54, train_loss-0.3650, train_rmse-0.6041, valid_rmse-1.3390, valid_pr-0.7110
epoch-55, train_loss-0.4075, train_rmse-0.6384, valid_rmse-1.3634, valid_pr-0.6980
epoch-56, train_loss-0.3615, train_rmse-0.6012, valid_rmse-1.3492, valid_pr-0.6960
epoch-57, train_loss-0.3420, train_rmse-0.5848, valid_rmse-1.3749, valid_pr-0.7030
epoch-58, train_loss-0.3600, train_rmse-0.6000, valid_rmse-1.3426, valid_pr-0.7084
epoch-59, train_loss-0.3389, train_rmse-0.5821, valid_rmse-1.3541, valid_pr-0.7027
epoch-60, train_loss-0.3233, train_rmse-0.5686, valid_rmse-1.3488, valid_pr-0.7074
epoch-61, train_loss-0.3176, train_rmse-0.5636, valid_rmse-1.3387, valid_pr-0.7020
epoch-62, train_loss-0.2666, train_rmse-0.5164, valid_rmse-1.3629, valid_pr-0.7040
epoch-63, train_loss-0.2537, train_rmse-0.5037, valid_rmse-1.3110, valid_pr-0.7151
Validation : valid_rmse-1.3110, valid_pr-0.7151, 
test2013_rmse-1.3608, test2013_pr-0.8186, test2016_rmse-1.2202, test2016_pr-0.8295, test2019_rmse-1.4368, test2019_pr-0.6280
epoch-64, train_loss-0.2553, train_rmse-0.5052, valid_rmse-1.3369, valid_pr-0.7030
epoch-65, train_loss-0.2581, train_rmse-0.5081, valid_rmse-1.3112, valid_pr-0.7135
epoch-66, train_loss-0.2452, train_rmse-0.4952, valid_rmse-1.3243, valid_pr-0.7119
epoch-67, train_loss-0.2484, train_rmse-0.4984, valid_rmse-1.3495, valid_pr-0.6995
epoch-68, train_loss-0.2433, train_rmse-0.4932, valid_rmse-1.3071, valid_pr-0.7174
Validation : valid_rmse-1.3071, valid_pr-0.7174, 
test2013_rmse-1.3797, test2013_pr-0.8091, test2016_rmse-1.2538, test2016_pr-0.8164, test2019_rmse-1.4438, test2019_pr-0.6203
epoch-69, train_loss-0.2339, train_rmse-0.4837, valid_rmse-1.3160, valid_pr-0.7178
epoch-70, train_loss-0.2420, train_rmse-0.4919, valid_rmse-1.3378, valid_pr-0.7017
epoch-71, train_loss-0.2406, train_rmse-0.4905, valid_rmse-1.3473, valid_pr-0.7126
epoch-72, train_loss-0.2311, train_rmse-0.4807, valid_rmse-1.3067, valid_pr-0.7173
Validation : valid_rmse-1.3067, valid_pr-0.7173, 
test2013_rmse-1.3694, test2013_pr-0.8190, test2016_rmse-1.1958, test2016_pr-0.8394, test2019_rmse-1.4259, test2019_pr-0.6320
epoch-73, train_loss-0.2326, train_rmse-0.4823, valid_rmse-1.3194, valid_pr-0.7174
epoch-74, train_loss-0.2517, train_rmse-0.5017, valid_rmse-1.3173, valid_pr-0.7097
epoch-75, train_loss-0.2306, train_rmse-0.4802, valid_rmse-1.3497, valid_pr-0.7051
epoch-76, train_loss-0.2446, train_rmse-0.4946, valid_rmse-1.3150, valid_pr-0.7155
epoch-77, train_loss-0.2364, train_rmse-0.4863, valid_rmse-1.3150, valid_pr-0.7192
epoch-78, train_loss-0.2241, train_rmse-0.4734, valid_rmse-1.3476, valid_pr-0.7185
epoch-79, train_loss-0.2315, train_rmse-0.4811, valid_rmse-1.3231, valid_pr-0.7101
epoch-80, train_loss-0.2409, train_rmse-0.4908, valid_rmse-1.3105, valid_pr-0.7149
epoch-81, train_loss-0.2309, train_rmse-0.4805, valid_rmse-1.3262, valid_pr-0.7225
epoch-82, train_loss-0.2341, train_rmse-0.4838, valid_rmse-1.3080, valid_pr-0.7214
epoch-83, train_loss-0.2128, train_rmse-0.4614, valid_rmse-1.2989, valid_pr-0.7178
Validation : valid_rmse-1.2989, valid_pr-0.7178, 
test2013_rmse-1.3250, test2013_pr-0.8329, test2016_rmse-1.2140, test2016_pr-0.8302, test2019_rmse-1.4197, test2019_pr-0.6335
epoch-84, train_loss-0.2247, train_rmse-0.4740, valid_rmse-1.3185, valid_pr-0.7172
epoch-85, train_loss-0.2267, train_rmse-0.4761, valid_rmse-1.3080, valid_pr-0.7224
epoch-86, train_loss-0.2239, train_rmse-0.4732, valid_rmse-1.3201, valid_pr-0.7118
epoch-87, train_loss-0.2139, train_rmse-0.4625, valid_rmse-1.3039, valid_pr-0.7204
epoch-88, train_loss-0.2102, train_rmse-0.4584, valid_rmse-1.3020, valid_pr-0.7270
epoch-89, train_loss-0.2175, train_rmse-0.4664, valid_rmse-1.3015, valid_pr-0.7181
epoch-90, train_loss-0.2343, train_rmse-0.4840, valid_rmse-1.3255, valid_pr-0.7104
epoch-91, train_loss-0.2263, train_rmse-0.4757, valid_rmse-1.3069, valid_pr-0.7131
epoch-92, train_loss-0.2285, train_rmse-0.4781, valid_rmse-1.3598, valid_pr-0.6932
epoch-93, train_loss-0.2263, train_rmse-0.4757, valid_rmse-1.3152, valid_pr-0.7173
epoch-94, train_loss-0.2066, train_rmse-0.4545, valid_rmse-1.3040, valid_pr-0.7182
epoch-95, train_loss-0.2166, train_rmse-0.4654, valid_rmse-1.3232, valid_pr-0.7129
epoch-96, train_loss-0.2177, train_rmse-0.4666, valid_rmse-1.3134, valid_pr-0.7141
epoch-97, train_loss-0.2156, train_rmse-0.4643, valid_rmse-1.3083, valid_pr-0.7121
epoch-98, train_loss-0.2189, train_rmse-0.4679, valid_rmse-1.3032, valid_pr-0.7166
epoch-99, train_loss-0.2116, train_rmse-0.4600, valid_rmse-1.2977, valid_pr-0.7215
Validation : valid_rmse-1.2977, valid_pr-0.7215, 
test2013_rmse-1.3182, test2013_pr-0.8349, test2016_rmse-1.1921, test2016_pr-0.8379, test2019_rmse-1.4139, test2019_pr-0.6400
epoch-100, train_loss-0.2023, train_rmse-0.4498, valid_rmse-1.3267, valid_pr-0.7130
epoch-101, train_loss-0.2036, train_rmse-0.4512, valid_rmse-1.3209, valid_pr-0.7161
epoch-102, train_loss-0.2073, train_rmse-0.4553, valid_rmse-1.3060, valid_pr-0.7182
epoch-103, train_loss-0.2142, train_rmse-0.4628, valid_rmse-1.2988, valid_pr-0.7217
epoch-104, train_loss-0.2038, train_rmse-0.4514, valid_rmse-1.3010, valid_pr-0.7224
epoch-105, train_loss-0.2081, train_rmse-0.4562, valid_rmse-1.2967, valid_pr-0.7234
Validation : valid_rmse-1.2967, valid_pr-0.7234, 
test2013_rmse-1.3358, test2013_pr-0.8260, test2016_rmse-1.2164, test2016_pr-0.8290, test2019_rmse-1.4225, test2019_pr-0.6385
epoch-106, train_loss-0.2096, train_rmse-0.4578, valid_rmse-1.3175, valid_pr-0.7220
epoch-107, train_loss-0.2258, train_rmse-0.4752, valid_rmse-1.3329, valid_pr-0.7099
epoch-108, train_loss-0.2039, train_rmse-0.4516, valid_rmse-1.3000, valid_pr-0.7261
epoch-109, train_loss-0.2063, train_rmse-0.4542, valid_rmse-1.2886, valid_pr-0.7242
Validation : valid_rmse-1.2886, valid_pr-0.7242, 
test2013_rmse-1.3081, test2013_pr-0.8400, test2016_rmse-1.2050, test2016_pr-0.8359, test2019_rmse-1.4105, test2019_pr-0.6401
epoch-110, train_loss-0.1887, train_rmse-0.4344, valid_rmse-1.2862, valid_pr-0.7258
Validation : valid_rmse-1.2862, valid_pr-0.7258, 
test2013_rmse-1.3007, test2013_pr-0.8406, test2016_rmse-1.2006, test2016_pr-0.8349, test2019_rmse-1.4195, test2019_pr-0.6348
epoch-111, train_loss-0.2033, train_rmse-0.4508, valid_rmse-1.2801, valid_pr-0.7264
Validation : valid_rmse-1.2801, valid_pr-0.7264, 
test2013_rmse-1.3168, test2013_pr-0.8393, test2016_rmse-1.1983, test2016_pr-0.8393, test2019_rmse-1.4103, test2019_pr-0.6367
epoch-112, train_loss-0.2088, train_rmse-0.4569, valid_rmse-1.3047, valid_pr-0.7167
epoch-113, train_loss-0.1959, train_rmse-0.4426, valid_rmse-1.2816, valid_pr-0.7251
epoch-114, train_loss-0.2002, train_rmse-0.4474, valid_rmse-1.2917, valid_pr-0.7228
epoch-115, train_loss-0.1943, train_rmse-0.4408, valid_rmse-1.3083, valid_pr-0.7180
epoch-116, train_loss-0.1928, train_rmse-0.4391, valid_rmse-1.2971, valid_pr-0.7227
epoch-117, train_loss-0.2028, train_rmse-0.4504, valid_rmse-1.3027, valid_pr-0.7254
epoch-118, train_loss-0.1992, train_rmse-0.4464, valid_rmse-1.3047, valid_pr-0.7155
epoch-119, train_loss-0.1983, train_rmse-0.4453, valid_rmse-1.3151, valid_pr-0.7134
epoch-120, train_loss-0.1914, train_rmse-0.4375, valid_rmse-1.2850, valid_pr-0.7241
epoch-121, train_loss-0.2031, train_rmse-0.4507, valid_rmse-1.3174, valid_pr-0.7281
epoch-122, train_loss-0.2066, train_rmse-0.4546, valid_rmse-1.2916, valid_pr-0.7213
epoch-123, train_loss-0.1942, train_rmse-0.4407, valid_rmse-1.2895, valid_pr-0.7296
epoch-124, train_loss-0.1947, train_rmse-0.4413, valid_rmse-1.2981, valid_pr-0.7284
epoch-125, train_loss-0.2000, train_rmse-0.4473, valid_rmse-1.3077, valid_pr-0.7141
epoch-126, train_loss-0.1927, train_rmse-0.4390, valid_rmse-1.2932, valid_pr-0.7234
epoch-127, train_loss-0.1973, train_rmse-0.4442, valid_rmse-1.2976, valid_pr-0.7181
epoch-128, train_loss-0.1954, train_rmse-0.4420, valid_rmse-1.2830, valid_pr-0.7259
epoch-129, train_loss-0.1924, train_rmse-0.4387, valid_rmse-1.2956, valid_pr-0.7199
epoch-130, train_loss-0.1944, train_rmse-0.4410, valid_rmse-1.2852, valid_pr-0.7254
epoch-131, train_loss-0.1781, train_rmse-0.4220, valid_rmse-1.2881, valid_pr-0.7241
epoch-132, train_loss-0.1858, train_rmse-0.4311, valid_rmse-1.2940, valid_pr-0.7196
epoch-133, train_loss-0.1801, train_rmse-0.4244, valid_rmse-1.2885, valid_pr-0.7309
epoch-134, train_loss-0.1897, train_rmse-0.4355, valid_rmse-1.3151, valid_pr-0.7105
epoch-135, train_loss-0.1860, train_rmse-0.4313, valid_rmse-1.2756, valid_pr-0.7303
Validation : valid_rmse-1.2756, valid_pr-0.7303, 
test2013_rmse-1.3144, test2013_pr-0.8365, test2016_rmse-1.2010, test2016_pr-0.8339, test2019_rmse-1.4044, test2019_pr-0.6449
epoch-136, train_loss-0.1880, train_rmse-0.4336, valid_rmse-1.3260, valid_pr-0.7113
epoch-137, train_loss-0.1927, train_rmse-0.4390, valid_rmse-1.2806, valid_pr-0.7289
epoch-138, train_loss-0.1817, train_rmse-0.4263, valid_rmse-1.3004, valid_pr-0.7171
epoch-139, train_loss-0.1828, train_rmse-0.4276, valid_rmse-1.2768, valid_pr-0.7272
epoch-140, train_loss-0.1840, train_rmse-0.4290, valid_rmse-1.2800, valid_pr-0.7284
epoch-141, train_loss-0.1801, train_rmse-0.4244, valid_rmse-1.2919, valid_pr-0.7248
epoch-142, train_loss-0.1820, train_rmse-0.4266, valid_rmse-1.2852, valid_pr-0.7263
epoch-143, train_loss-0.1858, train_rmse-0.4310, valid_rmse-1.2993, valid_pr-0.7224
epoch-144, train_loss-0.1860, train_rmse-0.4313, valid_rmse-1.2894, valid_pr-0.7268
epoch-145, train_loss-0.1880, train_rmse-0.4336, valid_rmse-1.2995, valid_pr-0.7240
epoch-146, train_loss-0.1922, train_rmse-0.4384, valid_rmse-1.2751, valid_pr-0.7281
Validation : valid_rmse-1.2751, valid_pr-0.7281, 
test2013_rmse-1.3078, test2013_pr-0.8424, test2016_rmse-1.1714, test2016_pr-0.8452, test2019_rmse-1.3925, test2019_pr-0.6469
epoch-147, train_loss-0.1801, train_rmse-0.4244, valid_rmse-1.2912, valid_pr-0.7207
epoch-148, train_loss-0.1979, train_rmse-0.4448, valid_rmse-1.2914, valid_pr-0.7219
epoch-149, train_loss-0.1817, train_rmse-0.4262, valid_rmse-1.2884, valid_pr-0.7277
epoch-150, train_loss-0.1952, train_rmse-0.4418, valid_rmse-1.2759, valid_pr-0.7265
epoch-151, train_loss-0.1784, train_rmse-0.4223, valid_rmse-1.2873, valid_pr-0.7250
epoch-152, train_loss-0.1738, train_rmse-0.4169, valid_rmse-1.2878, valid_pr-0.7281
epoch-153, train_loss-0.1691, train_rmse-0.4113, valid_rmse-1.2722, valid_pr-0.7318
Validation : valid_rmse-1.2722, valid_pr-0.7318, 
test2013_rmse-1.3196, test2013_pr-0.8381, test2016_rmse-1.2047, test2016_pr-0.8326, test2019_rmse-1.4061, test2019_pr-0.6389
epoch-154, train_loss-0.1698, train_rmse-0.4121, valid_rmse-1.2921, valid_pr-0.7211
epoch-155, train_loss-0.1698, train_rmse-0.4121, valid_rmse-1.2691, valid_pr-0.7319
Validation : valid_rmse-1.2691, valid_pr-0.7319, 
test2013_rmse-1.2919, test2013_pr-0.8456, test2016_rmse-1.1823, test2016_pr-0.8409, test2019_rmse-1.3934, test2019_pr-0.6463
epoch-156, train_loss-0.1779, train_rmse-0.4218, valid_rmse-1.2801, valid_pr-0.7287
epoch-157, train_loss-0.1802, train_rmse-0.4245, valid_rmse-1.2779, valid_pr-0.7279
epoch-158, train_loss-0.1699, train_rmse-0.4122, valid_rmse-1.2811, valid_pr-0.7290
epoch-159, train_loss-0.1738, train_rmse-0.4169, valid_rmse-1.2659, valid_pr-0.7327
Validation : valid_rmse-1.2659, valid_pr-0.7327, 
test2013_rmse-1.2817, test2013_pr-0.8454, test2016_rmse-1.1772, test2016_pr-0.8418, test2019_rmse-1.4049, test2019_pr-0.6416
epoch-160, train_loss-0.1821, train_rmse-0.4268, valid_rmse-1.2806, valid_pr-0.7281
epoch-161, train_loss-0.1809, train_rmse-0.4253, valid_rmse-1.3061, valid_pr-0.7208
epoch-162, train_loss-0.1711, train_rmse-0.4136, valid_rmse-1.2925, valid_pr-0.7316
epoch-163, train_loss-0.1794, train_rmse-0.4235, valid_rmse-1.2784, valid_pr-0.7289
epoch-164, train_loss-0.1695, train_rmse-0.4117, valid_rmse-1.2694, valid_pr-0.7336
epoch-165, train_loss-0.1771, train_rmse-0.4208, valid_rmse-1.2874, valid_pr-0.7290
epoch-166, train_loss-0.1678, train_rmse-0.4096, valid_rmse-1.2979, valid_pr-0.7299
epoch-167, train_loss-0.1676, train_rmse-0.4093, valid_rmse-1.2658, valid_pr-0.7326
Validation : valid_rmse-1.2658, valid_pr-0.7326, 
test2013_rmse-1.3275, test2013_pr-0.8332, test2016_rmse-1.2002, test2016_pr-0.8364, test2019_rmse-1.3921, test2019_pr-0.6457
epoch-168, train_loss-0.1657, train_rmse-0.4070, valid_rmse-1.2740, valid_pr-0.7305
epoch-169, train_loss-0.1703, train_rmse-0.4126, valid_rmse-1.2727, valid_pr-0.7320
epoch-170, train_loss-0.1729, train_rmse-0.4158, valid_rmse-1.2900, valid_pr-0.7238
epoch-171, train_loss-0.1810, train_rmse-0.4254, valid_rmse-1.2825, valid_pr-0.7261
epoch-172, train_loss-0.1657, train_rmse-0.4071, valid_rmse-1.2875, valid_pr-0.7285
epoch-173, train_loss-0.1697, train_rmse-0.4120, valid_rmse-1.3152, valid_pr-0.7162
epoch-174, train_loss-0.1739, train_rmse-0.4170, valid_rmse-1.2903, valid_pr-0.7251
epoch-175, train_loss-0.1598, train_rmse-0.3998, valid_rmse-1.2721, valid_pr-0.7309
epoch-176, train_loss-0.1646, train_rmse-0.4057, valid_rmse-1.3219, valid_pr-0.7202
epoch-177, train_loss-0.1782, train_rmse-0.4222, valid_rmse-1.3226, valid_pr-0.7156
epoch-178, train_loss-0.1646, train_rmse-0.4057, valid_rmse-1.2903, valid_pr-0.7246
epoch-179, train_loss-0.1598, train_rmse-0.3997, valid_rmse-1.2821, valid_pr-0.7242
epoch-180, train_loss-0.1758, train_rmse-0.4193, valid_rmse-1.2735, valid_pr-0.7288
epoch-181, train_loss-0.1546, train_rmse-0.3932, valid_rmse-1.2856, valid_pr-0.7259
epoch-182, train_loss-0.1717, train_rmse-0.4144, valid_rmse-1.2879, valid_pr-0.7242
epoch-183, train_loss-0.1771, train_rmse-0.4209, valid_rmse-1.3025, valid_pr-0.7224
epoch-184, train_loss-0.1692, train_rmse-0.4114, valid_rmse-1.2722, valid_pr-0.7319
epoch-185, train_loss-0.1532, train_rmse-0.3915, valid_rmse-1.2819, valid_pr-0.7320
epoch-186, train_loss-0.1555, train_rmse-0.3943, valid_rmse-1.2731, valid_pr-0.7331
epoch-187, train_loss-0.1658, train_rmse-0.4072, valid_rmse-1.2759, valid_pr-0.7285
epoch-188, train_loss-0.1596, train_rmse-0.3995, valid_rmse-1.2697, valid_pr-0.7343
epoch-189, train_loss-0.1640, train_rmse-0.4049, valid_rmse-1.2800, valid_pr-0.7327
epoch-190, train_loss-0.1638, train_rmse-0.4047, valid_rmse-1.2746, valid_pr-0.7291
epoch-191, train_loss-0.1673, train_rmse-0.4090, valid_rmse-1.2768, valid_pr-0.7312
epoch-192, train_loss-0.1593, train_rmse-0.3992, valid_rmse-1.2735, valid_pr-0.7281
epoch-193, train_loss-0.1603, train_rmse-0.4004, valid_rmse-1.2736, valid_pr-0.7326
epoch-194, train_loss-0.1707, train_rmse-0.4132, valid_rmse-1.2736, valid_pr-0.7296
epoch-195, train_loss-0.1486, train_rmse-0.3855, valid_rmse-1.2667, valid_pr-0.7348
epoch-196, train_loss-0.1601, train_rmse-0.4001, valid_rmse-1.2716, valid_pr-0.7346
epoch-197, train_loss-0.1460, train_rmse-0.3821, valid_rmse-1.2855, valid_pr-0.7298
epoch-198, train_loss-0.1666, train_rmse-0.4082, valid_rmse-1.2705, valid_pr-0.7302
epoch-199, train_loss-0.1638, train_rmse-0.4047, valid_rmse-1.2717, valid_pr-0.7351
epoch-200, train_loss-0.1592, train_rmse-0.3990, valid_rmse-1.3001, valid_pr-0.7242
epoch-201, train_loss-0.1603, train_rmse-0.4004, valid_rmse-1.2804, valid_pr-0.7286
epoch-202, train_loss-0.1580, train_rmse-0.3975, valid_rmse-1.2767, valid_pr-0.7300
epoch-203, train_loss-0.1488, train_rmse-0.3857, valid_rmse-1.2814, valid_pr-0.7291
epoch-204, train_loss-0.1527, train_rmse-0.3907, valid_rmse-1.2693, valid_pr-0.7300
epoch-205, train_loss-0.1474, train_rmse-0.3840, valid_rmse-1.2710, valid_pr-0.7302
epoch-206, train_loss-0.1733, train_rmse-0.4163, valid_rmse-1.2705, valid_pr-0.7352
epoch-207, train_loss-0.1500, train_rmse-0.3873, valid_rmse-1.2677, valid_pr-0.7331
epoch-208, train_loss-0.1620, train_rmse-0.4025, valid_rmse-1.2668, valid_pr-0.7335
epoch-209, train_loss-0.1582, train_rmse-0.3978, valid_rmse-1.2638, valid_pr-0.7340
Validation : valid_rmse-1.2638, valid_pr-0.7340, 
test2013_rmse-1.2978, test2013_pr-0.8436, test2016_rmse-1.1513, test2016_pr-0.8509, test2019_rmse-1.3894, test2019_pr-0.6474
epoch-210, train_loss-0.1515, train_rmse-0.3892, valid_rmse-1.2673, valid_pr-0.7323
epoch-211, train_loss-0.1504, train_rmse-0.3878, valid_rmse-1.2593, valid_pr-0.7351
Validation : valid_rmse-1.2593, valid_pr-0.7351, 
test2013_rmse-1.3213, test2013_pr-0.8415, test2016_rmse-1.1909, test2016_pr-0.8419, test2019_rmse-1.3783, test2019_pr-0.6489
epoch-212, train_loss-0.1455, train_rmse-0.3814, valid_rmse-1.2711, valid_pr-0.7299
epoch-213, train_loss-0.1572, train_rmse-0.3964, valid_rmse-1.2723, valid_pr-0.7330
epoch-214, train_loss-0.1507, train_rmse-0.3882, valid_rmse-1.2492, valid_pr-0.7400
Validation : valid_rmse-1.2492, valid_pr-0.7400, 
test2013_rmse-1.3045, test2013_pr-0.8446, test2016_rmse-1.1646, test2016_pr-0.8466, test2019_rmse-1.3793, test2019_pr-0.6528
epoch-215, train_loss-0.1550, train_rmse-0.3937, valid_rmse-1.2676, valid_pr-0.7336
epoch-216, train_loss-0.1526, train_rmse-0.3906, valid_rmse-1.2740, valid_pr-0.7310
epoch-217, train_loss-0.1513, train_rmse-0.3889, valid_rmse-1.2697, valid_pr-0.7307
epoch-218, train_loss-0.1522, train_rmse-0.3902, valid_rmse-1.2658, valid_pr-0.7332
epoch-219, train_loss-0.1464, train_rmse-0.3826, valid_rmse-1.2682, valid_pr-0.7341
epoch-220, train_loss-0.1587, train_rmse-0.3984, valid_rmse-1.3028, valid_pr-0.7272
epoch-221, train_loss-0.1487, train_rmse-0.3856, valid_rmse-1.2688, valid_pr-0.7317
epoch-222, train_loss-0.1440, train_rmse-0.3795, valid_rmse-1.2653, valid_pr-0.7354
epoch-223, train_loss-0.1656, train_rmse-0.4069, valid_rmse-1.2609, valid_pr-0.7363
epoch-224, train_loss-0.1505, train_rmse-0.3879, valid_rmse-1.2585, valid_pr-0.7355
epoch-225, train_loss-0.1513, train_rmse-0.3889, valid_rmse-1.3010, valid_pr-0.7275
epoch-226, train_loss-0.1454, train_rmse-0.3813, valid_rmse-1.2734, valid_pr-0.7298
epoch-227, train_loss-0.1501, train_rmse-0.3874, valid_rmse-1.2876, valid_pr-0.7261
epoch-228, train_loss-0.1593, train_rmse-0.3991, valid_rmse-1.2747, valid_pr-0.7306
epoch-229, train_loss-0.1559, train_rmse-0.3948, valid_rmse-1.2690, valid_pr-0.7305
epoch-230, train_loss-0.1534, train_rmse-0.3916, valid_rmse-1.2666, valid_pr-0.7313
epoch-231, train_loss-0.1433, train_rmse-0.3786, valid_rmse-1.2927, valid_pr-0.7319
epoch-232, train_loss-0.1497, train_rmse-0.3869, valid_rmse-1.2755, valid_pr-0.7317
epoch-233, train_loss-0.1593, train_rmse-0.3992, valid_rmse-1.2528, valid_pr-0.7390
epoch-234, train_loss-0.1526, train_rmse-0.3906, valid_rmse-1.2630, valid_pr-0.7336
epoch-235, train_loss-0.1486, train_rmse-0.3855, valid_rmse-1.2739, valid_pr-0.7279
epoch-236, train_loss-0.1375, train_rmse-0.3709, valid_rmse-1.2831, valid_pr-0.7293
epoch-237, train_loss-0.1499, train_rmse-0.3872, valid_rmse-1.2813, valid_pr-0.7256
epoch-238, train_loss-0.1373, train_rmse-0.3705, valid_rmse-1.2731, valid_pr-0.7288
epoch-239, train_loss-0.1396, train_rmse-0.3736, valid_rmse-1.2783, valid_pr-0.7278
epoch-240, train_loss-0.1399, train_rmse-0.3741, valid_rmse-1.2853, valid_pr-0.7349
epoch-241, train_loss-0.1549, train_rmse-0.3936, valid_rmse-1.2609, valid_pr-0.7362
epoch-242, train_loss-0.1448, train_rmse-0.3806, valid_rmse-1.2681, valid_pr-0.7326
epoch-243, train_loss-0.1406, train_rmse-0.3750, valid_rmse-1.2609, valid_pr-0.7340
epoch-244, train_loss-0.1418, train_rmse-0.3766, valid_rmse-1.2615, valid_pr-0.7356
epoch-245, train_loss-0.1383, train_rmse-0.3719, valid_rmse-1.2597, valid_pr-0.7372
epoch-246, train_loss-0.1488, train_rmse-0.3858, valid_rmse-1.2492, valid_pr-0.7399
Validation : valid_rmse-1.2492, valid_pr-0.7399, 
test2013_rmse-1.3045, test2013_pr-0.8450, test2016_rmse-1.1561, test2016_pr-0.8503, test2019_rmse-1.3742, test2019_pr-0.6546
epoch-247, train_loss-0.1452, train_rmse-0.3810, valid_rmse-1.2548, valid_pr-0.7384
epoch-248, train_loss-0.1454, train_rmse-0.3813, valid_rmse-1.2702, valid_pr-0.7302
epoch-249, train_loss-0.1406, train_rmse-0.3749, valid_rmse-1.2590, valid_pr-0.7364
epoch-250, train_loss-0.1368, train_rmse-0.3698, valid_rmse-1.2617, valid_pr-0.7339
epoch-251, train_loss-0.1418, train_rmse-0.3766, valid_rmse-1.2563, valid_pr-0.7365
epoch-252, train_loss-0.1461, train_rmse-0.3823, valid_rmse-1.2477, valid_pr-0.7400
Validation : valid_rmse-1.2477, valid_pr-0.7400, 
test2013_rmse-1.3305, test2013_pr-0.8369, test2016_rmse-1.1701, test2016_pr-0.8476, test2019_rmse-1.3683, test2019_pr-0.6558
epoch-253, train_loss-0.1385, train_rmse-0.3721, valid_rmse-1.2483, valid_pr-0.7394
epoch-254, train_loss-0.1423, train_rmse-0.3772, valid_rmse-1.2713, valid_pr-0.7341
epoch-255, train_loss-0.1486, train_rmse-0.3855, valid_rmse-1.2462, valid_pr-0.7449
Validation : valid_rmse-1.2462, valid_pr-0.7449, 
test2013_rmse-1.3011, test2013_pr-0.8420, test2016_rmse-1.1442, test2016_pr-0.8520, test2019_rmse-1.3821, test2019_pr-0.6572
epoch-256, train_loss-0.1378, train_rmse-0.3712, valid_rmse-1.2777, valid_pr-0.7311
epoch-257, train_loss-0.1435, train_rmse-0.3789, valid_rmse-1.2593, valid_pr-0.7355
epoch-258, train_loss-0.1419, train_rmse-0.3767, valid_rmse-1.2679, valid_pr-0.7368
epoch-259, train_loss-0.1528, train_rmse-0.3909, valid_rmse-1.2515, valid_pr-0.7405
epoch-260, train_loss-0.1381, train_rmse-0.3716, valid_rmse-1.2466, valid_pr-0.7426
epoch-261, train_loss-0.1317, train_rmse-0.3629, valid_rmse-1.2566, valid_pr-0.7397
epoch-262, train_loss-0.1400, train_rmse-0.3742, valid_rmse-1.2642, valid_pr-0.7383
epoch-263, train_loss-0.1475, train_rmse-0.3841, valid_rmse-1.2502, valid_pr-0.7423
epoch-264, train_loss-0.1407, train_rmse-0.3751, valid_rmse-1.2561, valid_pr-0.7399
epoch-265, train_loss-0.1424, train_rmse-0.3774, valid_rmse-1.2589, valid_pr-0.7435
epoch-266, train_loss-0.1414, train_rmse-0.3761, valid_rmse-1.2662, valid_pr-0.7363
epoch-267, train_loss-0.1421, train_rmse-0.3770, valid_rmse-1.2525, valid_pr-0.7396
epoch-268, train_loss-0.1355, train_rmse-0.3682, valid_rmse-1.2474, valid_pr-0.7402
epoch-269, train_loss-0.1328, train_rmse-0.3644, valid_rmse-1.2642, valid_pr-0.7305
epoch-270, train_loss-0.1401, train_rmse-0.3742, valid_rmse-1.2559, valid_pr-0.7392
epoch-271, train_loss-0.1492, train_rmse-0.3862, valid_rmse-1.2531, valid_pr-0.7392
epoch-272, train_loss-0.1495, train_rmse-0.3867, valid_rmse-1.2521, valid_pr-0.7407
epoch-273, train_loss-0.1316, train_rmse-0.3628, valid_rmse-1.2453, valid_pr-0.7419
Validation : valid_rmse-1.2453, valid_pr-0.7419, 
test2013_rmse-1.2873, test2013_pr-0.8526, test2016_rmse-1.1442, test2016_pr-0.8573, test2019_rmse-1.3769, test2019_pr-0.6502
epoch-274, train_loss-0.1455, train_rmse-0.3814, valid_rmse-1.2708, valid_pr-0.7387
epoch-275, train_loss-0.1471, train_rmse-0.3836, valid_rmse-1.2541, valid_pr-0.7402
epoch-276, train_loss-0.1388, train_rmse-0.3725, valid_rmse-1.2471, valid_pr-0.7403
epoch-277, train_loss-0.1363, train_rmse-0.3692, valid_rmse-1.2642, valid_pr-0.7336
epoch-278, train_loss-0.1421, train_rmse-0.3770, valid_rmse-1.2604, valid_pr-0.7413
epoch-279, train_loss-0.1397, train_rmse-0.3738, valid_rmse-1.2486, valid_pr-0.7381
epoch-280, train_loss-0.1370, train_rmse-0.3701, valid_rmse-1.2546, valid_pr-0.7365
epoch-281, train_loss-0.1461, train_rmse-0.3822, valid_rmse-1.2753, valid_pr-0.7341
epoch-282, train_loss-0.1471, train_rmse-0.3835, valid_rmse-1.2697, valid_pr-0.7306
epoch-283, train_loss-0.1268, train_rmse-0.3561, valid_rmse-1.2550, valid_pr-0.7395
epoch-284, train_loss-0.1380, train_rmse-0.3715, valid_rmse-1.2459, valid_pr-0.7398
epoch-285, train_loss-0.1311, train_rmse-0.3621, valid_rmse-1.2496, valid_pr-0.7398
epoch-286, train_loss-0.1344, train_rmse-0.3666, valid_rmse-1.2598, valid_pr-0.7371
epoch-287, train_loss-0.1309, train_rmse-0.3619, valid_rmse-1.2534, valid_pr-0.7407
epoch-288, train_loss-0.1316, train_rmse-0.3628, valid_rmse-1.2514, valid_pr-0.7380
epoch-289, train_loss-0.1291, train_rmse-0.3593, valid_rmse-1.2618, valid_pr-0.7341
epoch-290, train_loss-0.1235, train_rmse-0.3515, valid_rmse-1.2482, valid_pr-0.7410
epoch-291, train_loss-0.1292, train_rmse-0.3594, valid_rmse-1.2545, valid_pr-0.7386
epoch-292, train_loss-0.1413, train_rmse-0.3759, valid_rmse-1.2655, valid_pr-0.7324
epoch-293, train_loss-0.1334, train_rmse-0.3652, valid_rmse-1.2568, valid_pr-0.7352
epoch-294, train_loss-0.1348, train_rmse-0.3672, valid_rmse-1.2479, valid_pr-0.7391
epoch-295, train_loss-0.1392, train_rmse-0.3731, valid_rmse-1.2414, valid_pr-0.7419
Validation : valid_rmse-1.2414, valid_pr-0.7419, 
test2013_rmse-1.2684, test2013_pr-0.8582, test2016_rmse-1.1579, test2016_pr-0.8515, test2019_rmse-1.3655, test2019_pr-0.6555
epoch-296, train_loss-0.1383, train_rmse-0.3720, valid_rmse-1.2477, valid_pr-0.7393
epoch-297, train_loss-0.1420, train_rmse-0.3768, valid_rmse-1.2520, valid_pr-0.7377
epoch-298, train_loss-0.1299, train_rmse-0.3604, valid_rmse-1.2684, valid_pr-0.7357
epoch-299, train_loss-0.1328, train_rmse-0.3644, valid_rmse-1.2692, valid_pr-0.7329
epoch-300, train_loss-0.1317, train_rmse-0.3629, valid_rmse-1.2493, valid_pr-0.7386
epoch-301, train_loss-0.1195, train_rmse-0.3457, valid_rmse-1.2637, valid_pr-0.7333
epoch-302, train_loss-0.1354, train_rmse-0.3679, valid_rmse-1.2674, valid_pr-0.7381
epoch-303, train_loss-0.1433, train_rmse-0.3785, valid_rmse-1.2622, valid_pr-0.7331
epoch-304, train_loss-0.1292, train_rmse-0.3594, valid_rmse-1.2532, valid_pr-0.7376
epoch-305, train_loss-0.1331, train_rmse-0.3649, valid_rmse-1.2580, valid_pr-0.7383
epoch-306, train_loss-0.1318, train_rmse-0.3630, valid_rmse-1.2537, valid_pr-0.7375
epoch-307, train_loss-0.1205, train_rmse-0.3472, valid_rmse-1.2502, valid_pr-0.7402
epoch-308, train_loss-0.1374, train_rmse-0.3707, valid_rmse-1.2503, valid_pr-0.7432
epoch-309, train_loss-0.1239, train_rmse-0.3520, valid_rmse-1.2537, valid_pr-0.7424
epoch-310, train_loss-0.1398, train_rmse-0.3739, valid_rmse-1.2411, valid_pr-0.7430
Validation : valid_rmse-1.2411, valid_pr-0.7430, 
test2013_rmse-1.3359, test2013_pr-0.8411, test2016_rmse-1.2055, test2016_pr-0.8409, test2019_rmse-1.3717, test2019_pr-0.6492
epoch-311, train_loss-0.1385, train_rmse-0.3721, valid_rmse-1.2576, valid_pr-0.7363
epoch-312, train_loss-0.1320, train_rmse-0.3633, valid_rmse-1.2451, valid_pr-0.7405
epoch-313, train_loss-0.1356, train_rmse-0.3683, valid_rmse-1.2398, valid_pr-0.7439
Validation : valid_rmse-1.2398, valid_pr-0.7439, 
test2013_rmse-1.2853, test2013_pr-0.8537, test2016_rmse-1.1621, test2016_pr-0.8497, test2019_rmse-1.3675, test2019_pr-0.6558
epoch-314, train_loss-0.1298, train_rmse-0.3603, valid_rmse-1.2601, valid_pr-0.7402
epoch-315, train_loss-0.1265, train_rmse-0.3557, valid_rmse-1.2518, valid_pr-0.7385
epoch-316, train_loss-0.1274, train_rmse-0.3569, valid_rmse-1.2548, valid_pr-0.7380
epoch-317, train_loss-0.1248, train_rmse-0.3532, valid_rmse-1.2523, valid_pr-0.7380
epoch-318, train_loss-0.1208, train_rmse-0.3475, valid_rmse-1.2591, valid_pr-0.7337
epoch-319, train_loss-0.1340, train_rmse-0.3661, valid_rmse-1.2507, valid_pr-0.7364
epoch-320, train_loss-0.1401, train_rmse-0.3743, valid_rmse-1.2541, valid_pr-0.7401
epoch-321, train_loss-0.1255, train_rmse-0.3543, valid_rmse-1.2558, valid_pr-0.7364
epoch-322, train_loss-0.1208, train_rmse-0.3475, valid_rmse-1.2482, valid_pr-0.7414
epoch-323, train_loss-0.1272, train_rmse-0.3566, valid_rmse-1.2483, valid_pr-0.7410
epoch-324, train_loss-0.1317, train_rmse-0.3630, valid_rmse-1.2538, valid_pr-0.7376
epoch-325, train_loss-0.1350, train_rmse-0.3674, valid_rmse-1.2454, valid_pr-0.7417
epoch-326, train_loss-0.1267, train_rmse-0.3560, valid_rmse-1.2426, valid_pr-0.7454
epoch-327, train_loss-0.1267, train_rmse-0.3560, valid_rmse-1.2540, valid_pr-0.7374
epoch-328, train_loss-0.1403, train_rmse-0.3746, valid_rmse-1.2455, valid_pr-0.7409
epoch-329, train_loss-0.1370, train_rmse-0.3701, valid_rmse-1.2481, valid_pr-0.7381
epoch-330, train_loss-0.1303, train_rmse-0.3610, valid_rmse-1.2418, valid_pr-0.7438
epoch-331, train_loss-0.1297, train_rmse-0.3602, valid_rmse-1.2560, valid_pr-0.7386
epoch-332, train_loss-0.1226, train_rmse-0.3502, valid_rmse-1.2483, valid_pr-0.7390
epoch-333, train_loss-0.1277, train_rmse-0.3573, valid_rmse-1.2518, valid_pr-0.7408
epoch-334, train_loss-0.1346, train_rmse-0.3669, valid_rmse-1.2573, valid_pr-0.7370
epoch-335, train_loss-0.1286, train_rmse-0.3587, valid_rmse-1.2540, valid_pr-0.7376
epoch-336, train_loss-0.1256, train_rmse-0.3544, valid_rmse-1.2513, valid_pr-0.7389
epoch-337, train_loss-0.1285, train_rmse-0.3584, valid_rmse-1.2512, valid_pr-0.7386
epoch-338, train_loss-0.1241, train_rmse-0.3523, valid_rmse-1.2563, valid_pr-0.7383
epoch-339, train_loss-0.1241, train_rmse-0.3523, valid_rmse-1.2480, valid_pr-0.7412
epoch-340, train_loss-0.1160, train_rmse-0.3406, valid_rmse-1.2593, valid_pr-0.7411
epoch-341, train_loss-0.1326, train_rmse-0.3641, valid_rmse-1.2419, valid_pr-0.7434
epoch-342, train_loss-0.1148, train_rmse-0.3388, valid_rmse-1.2445, valid_pr-0.7419
epoch-343, train_loss-0.1272, train_rmse-0.3566, valid_rmse-1.2745, valid_pr-0.7388
epoch-344, train_loss-0.1274, train_rmse-0.3569, valid_rmse-1.2611, valid_pr-0.7406
epoch-345, train_loss-0.1236, train_rmse-0.3515, valid_rmse-1.2411, valid_pr-0.7428
epoch-346, train_loss-0.1274, train_rmse-0.3569, valid_rmse-1.2527, valid_pr-0.7379
epoch-347, train_loss-0.1255, train_rmse-0.3543, valid_rmse-1.2450, valid_pr-0.7407
epoch-348, train_loss-0.1174, train_rmse-0.3427, valid_rmse-1.2410, valid_pr-0.7427
epoch-349, train_loss-0.1188, train_rmse-0.3447, valid_rmse-1.2621, valid_pr-0.7354
epoch-350, train_loss-0.1265, train_rmse-0.3556, valid_rmse-1.2584, valid_pr-0.7417
epoch-351, train_loss-0.1235, train_rmse-0.3514, valid_rmse-1.2515, valid_pr-0.7397
epoch-352, train_loss-0.1215, train_rmse-0.3486, valid_rmse-1.2581, valid_pr-0.7365
epoch-353, train_loss-0.1237, train_rmse-0.3517, valid_rmse-1.2414, valid_pr-0.7406
epoch-354, train_loss-0.1352, train_rmse-0.3677, valid_rmse-1.2458, valid_pr-0.7423
epoch-355, train_loss-0.1181, train_rmse-0.3436, valid_rmse-1.2438, valid_pr-0.7417
epoch-356, train_loss-0.1241, train_rmse-0.3523, valid_rmse-1.2404, valid_pr-0.7430
epoch-357, train_loss-0.1340, train_rmse-0.3661, valid_rmse-1.2489, valid_pr-0.7428
epoch-358, train_loss-0.1174, train_rmse-0.3426, valid_rmse-1.2502, valid_pr-0.7391
epoch-359, train_loss-0.1156, train_rmse-0.3400, valid_rmse-1.2515, valid_pr-0.7373
epoch-360, train_loss-0.1313, train_rmse-0.3624, valid_rmse-1.2451, valid_pr-0.7405
epoch-361, train_loss-0.1152, train_rmse-0.3395, valid_rmse-1.2537, valid_pr-0.7425
epoch-362, train_loss-0.1243, train_rmse-0.3525, valid_rmse-1.2478, valid_pr-0.7401
epoch-363, train_loss-0.1316, train_rmse-0.3627, valid_rmse-1.2457, valid_pr-0.7414
epoch-364, train_loss-0.1249, train_rmse-0.3535, valid_rmse-1.2348, valid_pr-0.7454
Validation : valid_rmse-1.2348, valid_pr-0.7454, 
test2013_rmse-1.3265, test2013_pr-0.8382, test2016_rmse-1.1842, test2016_pr-0.8447, test2019_rmse-1.3614, test2019_pr-0.6562
epoch-365, train_loss-0.1158, train_rmse-0.3402, valid_rmse-1.2345, valid_pr-0.7457
Validation : valid_rmse-1.2345, valid_pr-0.7457, 
test2013_rmse-1.2992, test2013_pr-0.8457, test2016_rmse-1.1696, test2016_pr-0.8468, test2019_rmse-1.3590, test2019_pr-0.6608
epoch-366, train_loss-0.1256, train_rmse-0.3544, valid_rmse-1.2355, valid_pr-0.7443
epoch-367, train_loss-0.1246, train_rmse-0.3530, valid_rmse-1.2356, valid_pr-0.7437
epoch-368, train_loss-0.1228, train_rmse-0.3505, valid_rmse-1.2404, valid_pr-0.7425
epoch-369, train_loss-0.1274, train_rmse-0.3569, valid_rmse-1.2420, valid_pr-0.7433
epoch-370, train_loss-0.1246, train_rmse-0.3529, valid_rmse-1.2358, valid_pr-0.7444
epoch-371, train_loss-0.1135, train_rmse-0.3369, valid_rmse-1.2361, valid_pr-0.7463
epoch-372, train_loss-0.1134, train_rmse-0.3367, valid_rmse-1.2476, valid_pr-0.7389
epoch-373, train_loss-0.1180, train_rmse-0.3436, valid_rmse-1.2474, valid_pr-0.7436
epoch-374, train_loss-0.1250, train_rmse-0.3536, valid_rmse-1.2459, valid_pr-0.7424
epoch-375, train_loss-0.1323, train_rmse-0.3637, valid_rmse-1.2461, valid_pr-0.7435
epoch-376, train_loss-0.1305, train_rmse-0.3612, valid_rmse-1.2581, valid_pr-0.7380
epoch-377, train_loss-0.1171, train_rmse-0.3421, valid_rmse-1.2478, valid_pr-0.7453
epoch-378, train_loss-0.1226, train_rmse-0.3502, valid_rmse-1.2420, valid_pr-0.7443
epoch-379, train_loss-0.1232, train_rmse-0.3510, valid_rmse-1.2414, valid_pr-0.7421
epoch-380, train_loss-0.1216, train_rmse-0.3488, valid_rmse-1.2515, valid_pr-0.7403
epoch-381, train_loss-0.1283, train_rmse-0.3582, valid_rmse-1.2499, valid_pr-0.7365
epoch-382, train_loss-0.1285, train_rmse-0.3585, valid_rmse-1.2460, valid_pr-0.7427
epoch-383, train_loss-0.1205, train_rmse-0.3471, valid_rmse-1.2420, valid_pr-0.7436
epoch-384, train_loss-0.1204, train_rmse-0.3470, valid_rmse-1.2461, valid_pr-0.7420
epoch-385, train_loss-0.1101, train_rmse-0.3319, valid_rmse-1.2431, valid_pr-0.7416
epoch-386, train_loss-0.1084, train_rmse-0.3293, valid_rmse-1.2414, valid_pr-0.7456
epoch-387, train_loss-0.1156, train_rmse-0.3400, valid_rmse-1.2421, valid_pr-0.7429
epoch-388, train_loss-0.1207, train_rmse-0.3474, valid_rmse-1.2495, valid_pr-0.7397
epoch-389, train_loss-0.1244, train_rmse-0.3527, valid_rmse-1.2314, valid_pr-0.7486
Validation : valid_rmse-1.2314, valid_pr-0.7486, 
test2013_rmse-1.3022, test2013_pr-0.8508, test2016_rmse-1.1743, test2016_pr-0.8524, test2019_rmse-1.3611, test2019_pr-0.6558
epoch-390, train_loss-0.1149, train_rmse-0.3389, valid_rmse-1.2389, valid_pr-0.7434
epoch-391, train_loss-0.1293, train_rmse-0.3596, valid_rmse-1.2355, valid_pr-0.7455
epoch-392, train_loss-0.1203, train_rmse-0.3468, valid_rmse-1.2227, valid_pr-0.7510
Validation : valid_rmse-1.2227, valid_pr-0.7510, 
test2013_rmse-1.3159, test2013_pr-0.8454, test2016_rmse-1.1718, test2016_pr-0.8514, test2019_rmse-1.3518, test2019_pr-0.6619
epoch-393, train_loss-0.1242, train_rmse-0.3524, valid_rmse-1.2325, valid_pr-0.7470
epoch-394, train_loss-0.1123, train_rmse-0.3351, valid_rmse-1.2402, valid_pr-0.7451
epoch-395, train_loss-0.1223, train_rmse-0.3497, valid_rmse-1.2444, valid_pr-0.7429
epoch-396, train_loss-0.1189, train_rmse-0.3448, valid_rmse-1.2300, valid_pr-0.7465
epoch-397, train_loss-0.1149, train_rmse-0.3390, valid_rmse-1.2472, valid_pr-0.7446
epoch-398, train_loss-0.1194, train_rmse-0.3455, valid_rmse-1.2306, valid_pr-0.7464
epoch-399, train_loss-0.1095, train_rmse-0.3309, valid_rmse-1.2371, valid_pr-0.7447
epoch-400, train_loss-0.1150, train_rmse-0.3392, valid_rmse-1.2454, valid_pr-0.7411
epoch-401, train_loss-0.1152, train_rmse-0.3395, valid_rmse-1.2341, valid_pr-0.7479
epoch-402, train_loss-0.1117, train_rmse-0.3342, valid_rmse-1.2315, valid_pr-0.7472
epoch-403, train_loss-0.1171, train_rmse-0.3422, valid_rmse-1.2472, valid_pr-0.7384
epoch-404, train_loss-0.1167, train_rmse-0.3416, valid_rmse-1.2358, valid_pr-0.7458
epoch-405, train_loss-0.1312, train_rmse-0.3622, valid_rmse-1.2380, valid_pr-0.7466
epoch-406, train_loss-0.1142, train_rmse-0.3380, valid_rmse-1.2489, valid_pr-0.7424
epoch-407, train_loss-0.1219, train_rmse-0.3491, valid_rmse-1.2309, valid_pr-0.7472
epoch-408, train_loss-0.1137, train_rmse-0.3373, valid_rmse-1.2370, valid_pr-0.7462
epoch-409, train_loss-0.1125, train_rmse-0.3353, valid_rmse-1.2296, valid_pr-0.7481
epoch-410, train_loss-0.1219, train_rmse-0.3492, valid_rmse-1.2359, valid_pr-0.7436
epoch-411, train_loss-0.1226, train_rmse-0.3502, valid_rmse-1.2339, valid_pr-0.7473
epoch-412, train_loss-0.1053, train_rmse-0.3245, valid_rmse-1.2252, valid_pr-0.7490
epoch-413, train_loss-0.1348, train_rmse-0.3672, valid_rmse-1.2403, valid_pr-0.7436
epoch-414, train_loss-0.1085, train_rmse-0.3294, valid_rmse-1.2427, valid_pr-0.7439
epoch-415, train_loss-0.1102, train_rmse-0.3319, valid_rmse-1.2382, valid_pr-0.7435
epoch-416, train_loss-0.1112, train_rmse-0.3334, valid_rmse-1.2366, valid_pr-0.7445
epoch-417, train_loss-0.1139, train_rmse-0.3375, valid_rmse-1.2288, valid_pr-0.7475
epoch-418, train_loss-0.1282, train_rmse-0.3581, valid_rmse-1.2325, valid_pr-0.7461
epoch-419, train_loss-0.1203, train_rmse-0.3468, valid_rmse-1.2433, valid_pr-0.7414
epoch-420, train_loss-0.1177, train_rmse-0.3430, valid_rmse-1.2325, valid_pr-0.7461
epoch-421, train_loss-0.1196, train_rmse-0.3458, valid_rmse-1.2410, valid_pr-0.7418
epoch-422, train_loss-0.1165, train_rmse-0.3413, valid_rmse-1.2338, valid_pr-0.7455
epoch-423, train_loss-0.1125, train_rmse-0.3354, valid_rmse-1.2350, valid_pr-0.7452
epoch-424, train_loss-0.1088, train_rmse-0.3299, valid_rmse-1.2302, valid_pr-0.7473
epoch-425, train_loss-0.1206, train_rmse-0.3472, valid_rmse-1.2373, valid_pr-0.7455
epoch-426, train_loss-0.1185, train_rmse-0.3443, valid_rmse-1.2450, valid_pr-0.7417
epoch-427, train_loss-0.1092, train_rmse-0.3304, valid_rmse-1.2453, valid_pr-0.7418
epoch-428, train_loss-0.1136, train_rmse-0.3371, valid_rmse-1.2357, valid_pr-0.7446
epoch-429, train_loss-0.1132, train_rmse-0.3365, valid_rmse-1.2283, valid_pr-0.7501
epoch-430, train_loss-0.1145, train_rmse-0.3384, valid_rmse-1.2357, valid_pr-0.7437
epoch-431, train_loss-0.1199, train_rmse-0.3463, valid_rmse-1.2299, valid_pr-0.7468
epoch-432, train_loss-0.1203, train_rmse-0.3468, valid_rmse-1.2267, valid_pr-0.7483
epoch-433, train_loss-0.1126, train_rmse-0.3356, valid_rmse-1.2370, valid_pr-0.7452
epoch-434, train_loss-0.1157, train_rmse-0.3401, valid_rmse-1.2260, valid_pr-0.7511
epoch-435, train_loss-0.1085, train_rmse-0.3294, valid_rmse-1.2233, valid_pr-0.7516
epoch-436, train_loss-0.1204, train_rmse-0.3470, valid_rmse-1.2388, valid_pr-0.7460
epoch-437, train_loss-0.1203, train_rmse-0.3468, valid_rmse-1.2247, valid_pr-0.7500
epoch-438, train_loss-0.1136, train_rmse-0.3371, valid_rmse-1.2361, valid_pr-0.7446
epoch-439, train_loss-0.1242, train_rmse-0.3524, valid_rmse-1.2362, valid_pr-0.7441
epoch-440, train_loss-0.1165, train_rmse-0.3413, valid_rmse-1.2402, valid_pr-0.7428
epoch-441, train_loss-0.1261, train_rmse-0.3551, valid_rmse-1.2284, valid_pr-0.7485
epoch-442, train_loss-0.1048, train_rmse-0.3237, valid_rmse-1.2348, valid_pr-0.7444
epoch-443, train_loss-0.1064, train_rmse-0.3261, valid_rmse-1.2262, valid_pr-0.7487
epoch-444, train_loss-0.0998, train_rmse-0.3159, valid_rmse-1.2249, valid_pr-0.7507
epoch-445, train_loss-0.1125, train_rmse-0.3354, valid_rmse-1.2267, valid_pr-0.7502
epoch-446, train_loss-0.1059, train_rmse-0.3254, valid_rmse-1.2227, valid_pr-0.7521
Validation : valid_rmse-1.2227, valid_pr-0.7521, 
test2013_rmse-1.2637, test2013_pr-0.8583, test2016_rmse-1.1493, test2016_pr-0.8567, test2019_rmse-1.3495, test2019_pr-0.6650
epoch-447, train_loss-0.0969, train_rmse-0.3113, valid_rmse-1.2271, valid_pr-0.7486
epoch-448, train_loss-0.0987, train_rmse-0.3142, valid_rmse-1.2260, valid_pr-0.7519
epoch-449, train_loss-0.1006, train_rmse-0.3172, valid_rmse-1.2244, valid_pr-0.7513
epoch-450, train_loss-0.0990, train_rmse-0.3146, valid_rmse-1.2235, valid_pr-0.7512
epoch-451, train_loss-0.1006, train_rmse-0.3172, valid_rmse-1.2317, valid_pr-0.7497
epoch-452, train_loss-0.1059, train_rmse-0.3254, valid_rmse-1.2183, valid_pr-0.7522
Validation : valid_rmse-1.2183, valid_pr-0.7522, 
test2013_rmse-1.2850, test2013_pr-0.8536, test2016_rmse-1.1608, test2016_pr-0.8524, test2019_rmse-1.3432, test2019_pr-0.6651
epoch-453, train_loss-0.1036, train_rmse-0.3219, valid_rmse-1.2252, valid_pr-0.7506
epoch-454, train_loss-0.0951, train_rmse-0.3084, valid_rmse-1.2200, valid_pr-0.7514
epoch-455, train_loss-0.1039, train_rmse-0.3224, valid_rmse-1.2247, valid_pr-0.7520
epoch-456, train_loss-0.0967, train_rmse-0.3109, valid_rmse-1.2242, valid_pr-0.7517
epoch-457, train_loss-0.0899, train_rmse-0.2998, valid_rmse-1.2237, valid_pr-0.7500
epoch-458, train_loss-0.0966, train_rmse-0.3108, valid_rmse-1.2218, valid_pr-0.7525
epoch-459, train_loss-0.1022, train_rmse-0.3196, valid_rmse-1.2311, valid_pr-0.7518
epoch-460, train_loss-0.0896, train_rmse-0.2993, valid_rmse-1.2195, valid_pr-0.7516
epoch-461, train_loss-0.0879, train_rmse-0.2964, valid_rmse-1.2299, valid_pr-0.7486
epoch-462, train_loss-0.0965, train_rmse-0.3106, valid_rmse-1.2227, valid_pr-0.7531
epoch-463, train_loss-0.0969, train_rmse-0.3114, valid_rmse-1.2267, valid_pr-0.7502
epoch-464, train_loss-0.0984, train_rmse-0.3138, valid_rmse-1.2225, valid_pr-0.7509
epoch-465, train_loss-0.0998, train_rmse-0.3159, valid_rmse-1.2220, valid_pr-0.7515
epoch-466, train_loss-0.1023, train_rmse-0.3198, valid_rmse-1.2265, valid_pr-0.7489
epoch-467, train_loss-0.0936, train_rmse-0.3059, valid_rmse-1.2229, valid_pr-0.7502
epoch-468, train_loss-0.0947, train_rmse-0.3077, valid_rmse-1.2290, valid_pr-0.7498
epoch-469, train_loss-0.0972, train_rmse-0.3118, valid_rmse-1.2306, valid_pr-0.7472
epoch-470, train_loss-0.1001, train_rmse-0.3164, valid_rmse-1.2254, valid_pr-0.7492
epoch-471, train_loss-0.0968, train_rmse-0.3111, valid_rmse-1.2278, valid_pr-0.7496
epoch-472, train_loss-0.0976, train_rmse-0.3125, valid_rmse-1.2243, valid_pr-0.7503
epoch-473, train_loss-0.0914, train_rmse-0.3023, valid_rmse-1.2201, valid_pr-0.7525
epoch-474, train_loss-0.0904, train_rmse-0.3007, valid_rmse-1.2258, valid_pr-0.7509
epoch-475, train_loss-0.0927, train_rmse-0.3044, valid_rmse-1.2242, valid_pr-0.7508
epoch-476, train_loss-0.0962, train_rmse-0.3102, valid_rmse-1.2242, valid_pr-0.7498
epoch-477, train_loss-0.0948, train_rmse-0.3079, valid_rmse-1.2195, valid_pr-0.7523
epoch-478, train_loss-0.0957, train_rmse-0.3093, valid_rmse-1.2253, valid_pr-0.7490
epoch-479, train_loss-0.0974, train_rmse-0.3122, valid_rmse-1.2256, valid_pr-0.7486
epoch-480, train_loss-0.1040, train_rmse-0.3225, valid_rmse-1.2324, valid_pr-0.7485
epoch-481, train_loss-0.0904, train_rmse-0.3006, valid_rmse-1.2265, valid_pr-0.7495
epoch-482, train_loss-0.0934, train_rmse-0.3056, valid_rmse-1.2266, valid_pr-0.7504
epoch-483, train_loss-0.0874, train_rmse-0.2956, valid_rmse-1.2250, valid_pr-0.7491
epoch-484, train_loss-0.0992, train_rmse-0.3149, valid_rmse-1.2182, valid_pr-0.7529
Validation : valid_rmse-1.2182, valid_pr-0.7529, 
test2013_rmse-1.2953, test2013_pr-0.8524, test2016_rmse-1.1651, test2016_pr-0.8539, test2019_rmse-1.3423, test2019_pr-0.6657
epoch-485, train_loss-0.0960, train_rmse-0.3099, valid_rmse-1.2230, valid_pr-0.7510
epoch-486, train_loss-0.0970, train_rmse-0.3114, valid_rmse-1.2223, valid_pr-0.7503
epoch-487, train_loss-0.1020, train_rmse-0.3194, valid_rmse-1.2327, valid_pr-0.7502
epoch-488, train_loss-0.1005, train_rmse-0.3171, valid_rmse-1.2226, valid_pr-0.7502
epoch-489, train_loss-0.0875, train_rmse-0.2958, valid_rmse-1.2218, valid_pr-0.7505
epoch-490, train_loss-0.1006, train_rmse-0.3172, valid_rmse-1.2249, valid_pr-0.7494
epoch-491, train_loss-0.0937, train_rmse-0.3062, valid_rmse-1.2208, valid_pr-0.7511
epoch-492, train_loss-0.0990, train_rmse-0.3146, valid_rmse-1.2246, valid_pr-0.7493
epoch-493, train_loss-0.0952, train_rmse-0.3086, valid_rmse-1.2260, valid_pr-0.7489
epoch-494, train_loss-0.0962, train_rmse-0.3102, valid_rmse-1.2253, valid_pr-0.7494
epoch-495, train_loss-0.1002, train_rmse-0.3165, valid_rmse-1.2247, valid_pr-0.7509
epoch-496, train_loss-0.0930, train_rmse-0.3049, valid_rmse-1.2258, valid_pr-0.7506
epoch-497, train_loss-0.1059, train_rmse-0.3254, valid_rmse-1.2318, valid_pr-0.7476
epoch-498, train_loss-0.0886, train_rmse-0.2976, valid_rmse-1.2305, valid_pr-0.7508
epoch-499, train_loss-0.0877, train_rmse-0.2961, valid_rmse-1.2225, valid_pr-0.7498
epoch-500, train_loss-0.0928, train_rmse-0.3046, valid_rmse-1.2262, valid_pr-0.7498
epoch-501, train_loss-0.0909, train_rmse-0.3015, valid_rmse-1.2263, valid_pr-0.7515
epoch-502, train_loss-0.0970, train_rmse-0.3115, valid_rmse-1.2224, valid_pr-0.7495
epoch-503, train_loss-0.1022, train_rmse-0.3197, valid_rmse-1.2309, valid_pr-0.7509
epoch-504, train_loss-0.0891, train_rmse-0.2986, valid_rmse-1.2249, valid_pr-0.7517
epoch-505, train_loss-0.0910, train_rmse-0.3017, valid_rmse-1.2283, valid_pr-0.7498
epoch-506, train_loss-0.1013, train_rmse-0.3182, valid_rmse-1.2199, valid_pr-0.7512
epoch-507, train_loss-0.0992, train_rmse-0.3150, valid_rmse-1.2224, valid_pr-0.7508
epoch-508, train_loss-0.0983, train_rmse-0.3135, valid_rmse-1.2194, valid_pr-0.7528
epoch-509, train_loss-0.1001, train_rmse-0.3164, valid_rmse-1.2348, valid_pr-0.7501
epoch-510, train_loss-0.1018, train_rmse-0.3191, valid_rmse-1.2178, valid_pr-0.7522
Validation : valid_rmse-1.2178, valid_pr-0.7522, 
test2013_rmse-1.2930, test2013_pr-0.8514, test2016_rmse-1.1569, test2016_pr-0.8548, test2019_rmse-1.3444, test2019_pr-0.6640
epoch-511, train_loss-0.0949, train_rmse-0.3080, valid_rmse-1.2205, valid_pr-0.7516
epoch-512, train_loss-0.0903, train_rmse-0.3005, valid_rmse-1.2169, valid_pr-0.7535
Validation : valid_rmse-1.2169, valid_pr-0.7535, 
test2013_rmse-1.2997, test2013_pr-0.8519, test2016_rmse-1.1644, test2016_pr-0.8551, test2019_rmse-1.3423, test2019_pr-0.6651
epoch-513, train_loss-0.0909, train_rmse-0.3014, valid_rmse-1.2198, valid_pr-0.7517
epoch-514, train_loss-0.0996, train_rmse-0.3156, valid_rmse-1.2196, valid_pr-0.7524
epoch-515, train_loss-0.0926, train_rmse-0.3043, valid_rmse-1.2198, valid_pr-0.7520
epoch-516, train_loss-0.0925, train_rmse-0.3042, valid_rmse-1.2206, valid_pr-0.7520
epoch-517, train_loss-0.0963, train_rmse-0.3102, valid_rmse-1.2203, valid_pr-0.7514
epoch-518, train_loss-0.0968, train_rmse-0.3111, valid_rmse-1.2198, valid_pr-0.7513
epoch-519, train_loss-0.1033, train_rmse-0.3213, valid_rmse-1.2362, valid_pr-0.7488
epoch-520, train_loss-0.1077, train_rmse-0.3282, valid_rmse-1.2276, valid_pr-0.7483
epoch-521, train_loss-0.0856, train_rmse-0.2925, valid_rmse-1.2214, valid_pr-0.7515
epoch-522, train_loss-0.0925, train_rmse-0.3042, valid_rmse-1.2224, valid_pr-0.7505
epoch-523, train_loss-0.0969, train_rmse-0.3114, valid_rmse-1.2337, valid_pr-0.7494
epoch-524, train_loss-0.1010, train_rmse-0.3178, valid_rmse-1.2267, valid_pr-0.7493
epoch-525, train_loss-0.0946, train_rmse-0.3076, valid_rmse-1.2241, valid_pr-0.7491
epoch-526, train_loss-0.0966, train_rmse-0.3108, valid_rmse-1.2219, valid_pr-0.7523
epoch-527, train_loss-0.0906, train_rmse-0.3010, valid_rmse-1.2220, valid_pr-0.7504
epoch-528, train_loss-0.0909, train_rmse-0.3015, valid_rmse-1.2253, valid_pr-0.7509
epoch-529, train_loss-0.0971, train_rmse-0.3116, valid_rmse-1.2276, valid_pr-0.7512
epoch-530, train_loss-0.0926, train_rmse-0.3043, valid_rmse-1.2235, valid_pr-0.7515
epoch-531, train_loss-0.0977, train_rmse-0.3125, valid_rmse-1.2254, valid_pr-0.7496
epoch-532, train_loss-0.0942, train_rmse-0.3069, valid_rmse-1.2205, valid_pr-0.7521
epoch-533, train_loss-0.1021, train_rmse-0.3195, valid_rmse-1.2217, valid_pr-0.7513
epoch-534, train_loss-0.0916, train_rmse-0.3026, valid_rmse-1.2225, valid_pr-0.7503
epoch-535, train_loss-0.0950, train_rmse-0.3082, valid_rmse-1.2238, valid_pr-0.7533
epoch-536, train_loss-0.1001, train_rmse-0.3164, valid_rmse-1.2209, valid_pr-0.7520
epoch-537, train_loss-0.0896, train_rmse-0.2993, valid_rmse-1.2331, valid_pr-0.7500
epoch-538, train_loss-0.0913, train_rmse-0.3022, valid_rmse-1.2216, valid_pr-0.7524
epoch-539, train_loss-0.0905, train_rmse-0.3009, valid_rmse-1.2226, valid_pr-0.7503
epoch-540, train_loss-0.0971, train_rmse-0.3116, valid_rmse-1.2233, valid_pr-0.7510
epoch-541, train_loss-0.0960, train_rmse-0.3099, valid_rmse-1.2287, valid_pr-0.7516
epoch-542, train_loss-0.0996, train_rmse-0.3155, valid_rmse-1.2206, valid_pr-0.7507
epoch-543, train_loss-0.0973, train_rmse-0.3120, valid_rmse-1.2257, valid_pr-0.7504
epoch-544, train_loss-0.0957, train_rmse-0.3094, valid_rmse-1.2219, valid_pr-0.7503
epoch-545, train_loss-0.0976, train_rmse-0.3123, valid_rmse-1.2287, valid_pr-0.7515
epoch-546, train_loss-0.0924, train_rmse-0.3039, valid_rmse-1.2236, valid_pr-0.7512
epoch-547, train_loss-0.0981, train_rmse-0.3132, valid_rmse-1.2252, valid_pr-0.7497
epoch-548, train_loss-0.0979, train_rmse-0.3128, valid_rmse-1.2245, valid_pr-0.7528
epoch-549, train_loss-0.0933, train_rmse-0.3054, valid_rmse-1.2267, valid_pr-0.7487
epoch-550, train_loss-0.0923, train_rmse-0.3038, valid_rmse-1.2211, valid_pr-0.7523
epoch-551, train_loss-0.0906, train_rmse-0.3010, valid_rmse-1.2245, valid_pr-0.7517
epoch-552, train_loss-0.0982, train_rmse-0.3133, valid_rmse-1.2229, valid_pr-0.7517
epoch-553, train_loss-0.0954, train_rmse-0.3089, valid_rmse-1.2226, valid_pr-0.7507
epoch-554, train_loss-0.0853, train_rmse-0.2920, valid_rmse-1.2209, valid_pr-0.7540
epoch-555, train_loss-0.0950, train_rmse-0.3082, valid_rmse-1.2233, valid_pr-0.7513
epoch-556, train_loss-0.0952, train_rmse-0.3085, valid_rmse-1.2271, valid_pr-0.7518
epoch-557, train_loss-0.0926, train_rmse-0.3043, valid_rmse-1.2190, valid_pr-0.7534
epoch-558, train_loss-0.0997, train_rmse-0.3157, valid_rmse-1.2275, valid_pr-0.7496
epoch-559, train_loss-0.0920, train_rmse-0.3033, valid_rmse-1.2226, valid_pr-0.7516
epoch-560, train_loss-0.0931, train_rmse-0.3051, valid_rmse-1.2240, valid_pr-0.7490
epoch-561, train_loss-0.0880, train_rmse-0.2967, valid_rmse-1.2212, valid_pr-0.7526
epoch-562, train_loss-0.0947, train_rmse-0.3077, valid_rmse-1.2274, valid_pr-0.7516
epoch-563, train_loss-0.0916, train_rmse-0.3027, valid_rmse-1.2193, valid_pr-0.7530
epoch-564, train_loss-0.0793, train_rmse-0.2816, valid_rmse-1.2183, valid_pr-0.7524
epoch-565, train_loss-0.0937, train_rmse-0.3061, valid_rmse-1.2197, valid_pr-0.7515
epoch-566, train_loss-0.0935, train_rmse-0.3058, valid_rmse-1.2191, valid_pr-0.7519
epoch-567, train_loss-0.0838, train_rmse-0.2894, valid_rmse-1.2207, valid_pr-0.7516
epoch-568, train_loss-0.0830, train_rmse-0.2881, valid_rmse-1.2169, valid_pr-0.7527
Validation : valid_rmse-1.2169, valid_pr-0.7527, 
test2013_rmse-1.2983, test2013_pr-0.8490, test2016_rmse-1.1577, test2016_pr-0.8538, test2019_rmse-1.3353, test2019_pr-0.6690
epoch-569, train_loss-0.0891, train_rmse-0.2984, valid_rmse-1.2186, valid_pr-0.7527
epoch-570, train_loss-0.0893, train_rmse-0.2988, valid_rmse-1.2221, valid_pr-0.7512
epoch-571, train_loss-0.0943, train_rmse-0.3070, valid_rmse-1.2248, valid_pr-0.7498
epoch-572, train_loss-0.0888, train_rmse-0.2980, valid_rmse-1.2202, valid_pr-0.7513
epoch-573, train_loss-0.0857, train_rmse-0.2927, valid_rmse-1.2222, valid_pr-0.7511
epoch-574, train_loss-0.0828, train_rmse-0.2877, valid_rmse-1.2200, valid_pr-0.7517
epoch-575, train_loss-0.0799, train_rmse-0.2827, valid_rmse-1.2181, valid_pr-0.7530
epoch-576, train_loss-0.0829, train_rmse-0.2880, valid_rmse-1.2188, valid_pr-0.7542
epoch-577, train_loss-0.0863, train_rmse-0.2937, valid_rmse-1.2176, valid_pr-0.7523
epoch-578, train_loss-0.0910, train_rmse-0.3017, valid_rmse-1.2170, valid_pr-0.7529
epoch-579, train_loss-0.0881, train_rmse-0.2968, valid_rmse-1.2210, valid_pr-0.7531
epoch-580, train_loss-0.0891, train_rmse-0.2986, valid_rmse-1.2182, valid_pr-0.7537
epoch-581, train_loss-0.0882, train_rmse-0.2970, valid_rmse-1.2171, valid_pr-0.7528
epoch-582, train_loss-0.0896, train_rmse-0.2993, valid_rmse-1.2172, valid_pr-0.7532
epoch-583, train_loss-0.0860, train_rmse-0.2932, valid_rmse-1.2242, valid_pr-0.7513
epoch-584, train_loss-0.0902, train_rmse-0.3004, valid_rmse-1.2184, valid_pr-0.7528
epoch-585, train_loss-0.0850, train_rmse-0.2916, valid_rmse-1.2169, valid_pr-0.7538
Validation : valid_rmse-1.2169, valid_pr-0.7538, 
test2013_rmse-1.3017, test2013_pr-0.8479, test2016_rmse-1.1624, test2016_pr-0.8544, test2019_rmse-1.3386, test2019_pr-0.6681
epoch-586, train_loss-0.0926, train_rmse-0.3043, valid_rmse-1.2168, valid_pr-0.7533
Validation : valid_rmse-1.2168, valid_pr-0.7533, 
test2013_rmse-1.3128, test2013_pr-0.8479, test2016_rmse-1.1703, test2016_pr-0.8536, test2019_rmse-1.3377, test2019_pr-0.6667
epoch-587, train_loss-0.0845, train_rmse-0.2906, valid_rmse-1.2186, valid_pr-0.7536
epoch-588, train_loss-0.0902, train_rmse-0.3004, valid_rmse-1.2211, valid_pr-0.7530
epoch-589, train_loss-0.0751, train_rmse-0.2741, valid_rmse-1.2195, valid_pr-0.7538
epoch-590, train_loss-0.0817, train_rmse-0.2859, valid_rmse-1.2175, valid_pr-0.7534
epoch-591, train_loss-0.0878, train_rmse-0.2962, valid_rmse-1.2215, valid_pr-0.7524
epoch-592, train_loss-0.0966, train_rmse-0.3107, valid_rmse-1.2176, valid_pr-0.7542
epoch-593, train_loss-0.0932, train_rmse-0.3054, valid_rmse-1.2177, valid_pr-0.7529
epoch-594, train_loss-0.0823, train_rmse-0.2869, valid_rmse-1.2162, valid_pr-0.7527
Validation : valid_rmse-1.2162, valid_pr-0.7527, 
test2013_rmse-1.2992, test2013_pr-0.8529, test2016_rmse-1.1634, test2016_pr-0.8548, test2019_rmse-1.3361, test2019_pr-0.6668
epoch-595, train_loss-0.0847, train_rmse-0.2911, valid_rmse-1.2171, valid_pr-0.7529
epoch-596, train_loss-0.0902, train_rmse-0.3003, valid_rmse-1.2183, valid_pr-0.7543
epoch-597, train_loss-0.0795, train_rmse-0.2819, valid_rmse-1.2178, valid_pr-0.7525
epoch-598, train_loss-0.0930, train_rmse-0.3050, valid_rmse-1.2169, valid_pr-0.7542
epoch-599, train_loss-0.0757, train_rmse-0.2751, valid_rmse-1.2192, valid_pr-0.7535
epoch-600, train_loss-0.0838, train_rmse-0.2894, valid_rmse-1.2189, valid_pr-0.7542
epoch-601, train_loss-0.0840, train_rmse-0.2898, valid_rmse-1.2187, valid_pr-0.7529
epoch-602, train_loss-0.0843, train_rmse-0.2903, valid_rmse-1.2157, valid_pr-0.7541
Validation : valid_rmse-1.2157, valid_pr-0.7541, 
test2013_rmse-1.3088, test2013_pr-0.8494, test2016_rmse-1.1695, test2016_pr-0.8537, test2019_rmse-1.3350, test2019_pr-0.6690
epoch-603, train_loss-0.0793, train_rmse-0.2816, valid_rmse-1.2167, valid_pr-0.7534
epoch-604, train_loss-0.0819, train_rmse-0.2861, valid_rmse-1.2151, valid_pr-0.7535
Validation : valid_rmse-1.2151, valid_pr-0.7535, 
test2013_rmse-1.3033, test2013_pr-0.8486, test2016_rmse-1.1583, test2016_pr-0.8549, test2019_rmse-1.3389, test2019_pr-0.6670
epoch-605, train_loss-0.0839, train_rmse-0.2896, valid_rmse-1.2125, valid_pr-0.7545
Validation : valid_rmse-1.2125, valid_pr-0.7545, 
test2013_rmse-1.3044, test2013_pr-0.8498, test2016_rmse-1.1588, test2016_pr-0.8555, test2019_rmse-1.3340, test2019_pr-0.6689
epoch-606, train_loss-0.0900, train_rmse-0.3000, valid_rmse-1.2145, valid_pr-0.7549
epoch-607, train_loss-0.0905, train_rmse-0.3008, valid_rmse-1.2136, valid_pr-0.7544
epoch-608, train_loss-0.0914, train_rmse-0.3022, valid_rmse-1.2161, valid_pr-0.7546
epoch-609, train_loss-0.0803, train_rmse-0.2834, valid_rmse-1.2162, valid_pr-0.7529
epoch-610, train_loss-0.0861, train_rmse-0.2934, valid_rmse-1.2204, valid_pr-0.7526
epoch-611, train_loss-0.0826, train_rmse-0.2873, valid_rmse-1.2161, valid_pr-0.7531
epoch-612, train_loss-0.0782, train_rmse-0.2797, valid_rmse-1.2145, valid_pr-0.7543
epoch-613, train_loss-0.0792, train_rmse-0.2814, valid_rmse-1.2213, valid_pr-0.7508
epoch-614, train_loss-0.0835, train_rmse-0.2890, valid_rmse-1.2167, valid_pr-0.7531
epoch-615, train_loss-0.0864, train_rmse-0.2939, valid_rmse-1.2138, valid_pr-0.7545
epoch-616, train_loss-0.0914, train_rmse-0.3023, valid_rmse-1.2172, valid_pr-0.7533
epoch-617, train_loss-0.0906, train_rmse-0.3011, valid_rmse-1.2188, valid_pr-0.7526
epoch-618, train_loss-0.0824, train_rmse-0.2871, valid_rmse-1.2171, valid_pr-0.7525
epoch-619, train_loss-0.0900, train_rmse-0.2999, valid_rmse-1.2190, valid_pr-0.7525
epoch-620, train_loss-0.0891, train_rmse-0.2985, valid_rmse-1.2192, valid_pr-0.7528
epoch-621, train_loss-0.0849, train_rmse-0.2914, valid_rmse-1.2172, valid_pr-0.7526
epoch-622, train_loss-0.0851, train_rmse-0.2918, valid_rmse-1.2177, valid_pr-0.7530
epoch-623, train_loss-0.0851, train_rmse-0.2918, valid_rmse-1.2163, valid_pr-0.7535
epoch-624, train_loss-0.0867, train_rmse-0.2944, valid_rmse-1.2219, valid_pr-0.7520
epoch-625, train_loss-0.0861, train_rmse-0.2934, valid_rmse-1.2185, valid_pr-0.7536
epoch-626, train_loss-0.0882, train_rmse-0.2969, valid_rmse-1.2172, valid_pr-0.7529
epoch-627, train_loss-0.0956, train_rmse-0.3093, valid_rmse-1.2157, valid_pr-0.7530
epoch-628, train_loss-0.0896, train_rmse-0.2993, valid_rmse-1.2193, valid_pr-0.7521
epoch-629, train_loss-0.0775, train_rmse-0.2784, valid_rmse-1.2172, valid_pr-0.7532
epoch-630, train_loss-0.0861, train_rmse-0.2934, valid_rmse-1.2184, valid_pr-0.7527
epoch-631, train_loss-0.0831, train_rmse-0.2882, valid_rmse-1.2192, valid_pr-0.7522
epoch-632, train_loss-0.0837, train_rmse-0.2893, valid_rmse-1.2157, valid_pr-0.7544
epoch-633, train_loss-0.0814, train_rmse-0.2852, valid_rmse-1.2177, valid_pr-0.7535
epoch-634, train_loss-0.0878, train_rmse-0.2963, valid_rmse-1.2199, valid_pr-0.7540
epoch-635, train_loss-0.0842, train_rmse-0.2901, valid_rmse-1.2217, valid_pr-0.7530
epoch-636, train_loss-0.0874, train_rmse-0.2957, valid_rmse-1.2192, valid_pr-0.7530
epoch-637, train_loss-0.0822, train_rmse-0.2868, valid_rmse-1.2145, valid_pr-0.7538
epoch-638, train_loss-0.0827, train_rmse-0.2876, valid_rmse-1.2140, valid_pr-0.7547
epoch-639, train_loss-0.0850, train_rmse-0.2916, valid_rmse-1.2144, valid_pr-0.7550
epoch-640, train_loss-0.0794, train_rmse-0.2817, valid_rmse-1.2101, valid_pr-0.7564
Validation : valid_rmse-1.2101, valid_pr-0.7564, 
test2013_rmse-1.3239, test2013_pr-0.8413, test2016_rmse-1.1662, test2016_pr-0.8528, test2019_rmse-1.3358, test2019_pr-0.6687
epoch-641, train_loss-0.0838, train_rmse-0.2894, valid_rmse-1.2138, valid_pr-0.7553
epoch-642, train_loss-0.0878, train_rmse-0.2963, valid_rmse-1.2135, valid_pr-0.7555
epoch-643, train_loss-0.0846, train_rmse-0.2908, valid_rmse-1.2174, valid_pr-0.7545
epoch-644, train_loss-0.0853, train_rmse-0.2921, valid_rmse-1.2145, valid_pr-0.7545
epoch-645, train_loss-0.0875, train_rmse-0.2958, valid_rmse-1.2135, valid_pr-0.7548
epoch-646, train_loss-0.0853, train_rmse-0.2921, valid_rmse-1.2218, valid_pr-0.7521
epoch-647, train_loss-0.0779, train_rmse-0.2791, valid_rmse-1.2112, valid_pr-0.7548
epoch-648, train_loss-0.0862, train_rmse-0.2936, valid_rmse-1.2202, valid_pr-0.7526
epoch-649, train_loss-0.0843, train_rmse-0.2903, valid_rmse-1.2163, valid_pr-0.7536
epoch-650, train_loss-0.0806, train_rmse-0.2838, valid_rmse-1.2166, valid_pr-0.7543
epoch-651, train_loss-0.0823, train_rmse-0.2868, valid_rmse-1.2152, valid_pr-0.7545
epoch-652, train_loss-0.0848, train_rmse-0.2913, valid_rmse-1.2148, valid_pr-0.7543
epoch-653, train_loss-0.0853, train_rmse-0.2920, valid_rmse-1.2145, valid_pr-0.7549
epoch-654, train_loss-0.0880, train_rmse-0.2967, valid_rmse-1.2143, valid_pr-0.7541
epoch-655, train_loss-0.0826, train_rmse-0.2875, valid_rmse-1.2151, valid_pr-0.7540
epoch-656, train_loss-0.0764, train_rmse-0.2764, valid_rmse-1.2100, valid_pr-0.7558
Validation : valid_rmse-1.2100, valid_pr-0.7558, 
test2013_rmse-1.3036, test2013_pr-0.8489, test2016_rmse-1.1639, test2016_pr-0.8533, test2019_rmse-1.3379, test2019_pr-0.6666
epoch-657, train_loss-0.0845, train_rmse-0.2906, valid_rmse-1.2092, valid_pr-0.7565
Validation : valid_rmse-1.2092, valid_pr-0.7565, 
test2013_rmse-1.3027, test2013_pr-0.8486, test2016_rmse-1.1568, test2016_pr-0.8545, test2019_rmse-1.3373, test2019_pr-0.6684
epoch-658, train_loss-0.0795, train_rmse-0.2819, valid_rmse-1.2145, valid_pr-0.7542
epoch-659, train_loss-0.0836, train_rmse-0.2891, valid_rmse-1.2112, valid_pr-0.7552
epoch-660, train_loss-0.0743, train_rmse-0.2725, valid_rmse-1.2138, valid_pr-0.7546
epoch-661, train_loss-0.0806, train_rmse-0.2838, valid_rmse-1.2198, valid_pr-0.7549
epoch-662, train_loss-0.0883, train_rmse-0.2972, valid_rmse-1.2124, valid_pr-0.7552
epoch-663, train_loss-0.0822, train_rmse-0.2867, valid_rmse-1.2145, valid_pr-0.7535
epoch-664, train_loss-0.0846, train_rmse-0.2908, valid_rmse-1.2174, valid_pr-0.7538
epoch-665, train_loss-0.0878, train_rmse-0.2964, valid_rmse-1.2163, valid_pr-0.7548
epoch-666, train_loss-0.0786, train_rmse-0.2803, valid_rmse-1.2144, valid_pr-0.7549
epoch-667, train_loss-0.0858, train_rmse-0.2929, valid_rmse-1.2149, valid_pr-0.7554
epoch-668, train_loss-0.0861, train_rmse-0.2935, valid_rmse-1.2136, valid_pr-0.7544
epoch-669, train_loss-0.0849, train_rmse-0.2914, valid_rmse-1.2145, valid_pr-0.7538
epoch-670, train_loss-0.0888, train_rmse-0.2979, valid_rmse-1.2179, valid_pr-0.7547
epoch-671, train_loss-0.0801, train_rmse-0.2830, valid_rmse-1.2133, valid_pr-0.7542
epoch-672, train_loss-0.0841, train_rmse-0.2899, valid_rmse-1.2155, valid_pr-0.7533
epoch-673, train_loss-0.0857, train_rmse-0.2928, valid_rmse-1.2156, valid_pr-0.7540
epoch-674, train_loss-0.0861, train_rmse-0.2934, valid_rmse-1.2149, valid_pr-0.7554
epoch-675, train_loss-0.0849, train_rmse-0.2914, valid_rmse-1.2158, valid_pr-0.7545
epoch-676, train_loss-0.0905, train_rmse-0.3008, valid_rmse-1.2161, valid_pr-0.7562
epoch-677, train_loss-0.0964, train_rmse-0.3105, valid_rmse-1.2229, valid_pr-0.7535
epoch-678, train_loss-0.0812, train_rmse-0.2849, valid_rmse-1.2147, valid_pr-0.7549
epoch-679, train_loss-0.0849, train_rmse-0.2914, valid_rmse-1.2150, valid_pr-0.7552
epoch-680, train_loss-0.0778, train_rmse-0.2789, valid_rmse-1.2136, valid_pr-0.7548
epoch-681, train_loss-0.0788, train_rmse-0.2808, valid_rmse-1.2132, valid_pr-0.7548
epoch-682, train_loss-0.0789, train_rmse-0.2810, valid_rmse-1.2159, valid_pr-0.7543
epoch-683, train_loss-0.0848, train_rmse-0.2911, valid_rmse-1.2124, valid_pr-0.7564
epoch-684, train_loss-0.0816, train_rmse-0.2857, valid_rmse-1.2142, valid_pr-0.7550
epoch-685, train_loss-0.0817, train_rmse-0.2858, valid_rmse-1.2136, valid_pr-0.7546
epoch-686, train_loss-0.0797, train_rmse-0.2822, valid_rmse-1.2133, valid_pr-0.7554
epoch-687, train_loss-0.0846, train_rmse-0.2909, valid_rmse-1.2135, valid_pr-0.7551
epoch-688, train_loss-0.0839, train_rmse-0.2897, valid_rmse-1.2145, valid_pr-0.7564
epoch-689, train_loss-0.0818, train_rmse-0.2860, valid_rmse-1.2126, valid_pr-0.7550
epoch-690, train_loss-0.0894, train_rmse-0.2991, valid_rmse-1.2173, valid_pr-0.7544
epoch-691, train_loss-0.0842, train_rmse-0.2901, valid_rmse-1.2110, valid_pr-0.7565
epoch-692, train_loss-0.0853, train_rmse-0.2921, valid_rmse-1.2102, valid_pr-0.7555
epoch-693, train_loss-0.0871, train_rmse-0.2952, valid_rmse-1.2098, valid_pr-0.7570
epoch-694, train_loss-0.0739, train_rmse-0.2718, valid_rmse-1.2131, valid_pr-0.7546
epoch-695, train_loss-0.0830, train_rmse-0.2880, valid_rmse-1.2141, valid_pr-0.7560
epoch-696, train_loss-0.0821, train_rmse-0.2865, valid_rmse-1.2097, valid_pr-0.7558
epoch-697, train_loss-0.0851, train_rmse-0.2918, valid_rmse-1.2112, valid_pr-0.7550
epoch-698, train_loss-0.0839, train_rmse-0.2896, valid_rmse-1.2123, valid_pr-0.7547
epoch-699, train_loss-0.0843, train_rmse-0.2903, valid_rmse-1.2125, valid_pr-0.7546
epoch-700, train_loss-0.0862, train_rmse-0.2936, valid_rmse-1.2127, valid_pr-0.7552
epoch-701, train_loss-0.0804, train_rmse-0.2835, valid_rmse-1.2152, valid_pr-0.7535
epoch-702, train_loss-0.0851, train_rmse-0.2917, valid_rmse-1.2126, valid_pr-0.7548
epoch-703, train_loss-0.0796, train_rmse-0.2822, valid_rmse-1.2129, valid_pr-0.7543
epoch-704, train_loss-0.0816, train_rmse-0.2857, valid_rmse-1.2150, valid_pr-0.7554
epoch-705, train_loss-0.0866, train_rmse-0.2943, valid_rmse-1.2145, valid_pr-0.7542
epoch-706, train_loss-0.0784, train_rmse-0.2801, valid_rmse-1.2186, valid_pr-0.7547
epoch-707, train_loss-0.0802, train_rmse-0.2832, valid_rmse-1.2122, valid_pr-0.7549
epoch-708, train_loss-0.0870, train_rmse-0.2949, valid_rmse-1.2179, valid_pr-0.7548
epoch-709, train_loss-0.0773, train_rmse-0.2780, valid_rmse-1.2125, valid_pr-0.7556
epoch-710, train_loss-0.0770, train_rmse-0.2776, valid_rmse-1.2171, valid_pr-0.7547
epoch-711, train_loss-0.0836, train_rmse-0.2891, valid_rmse-1.2113, valid_pr-0.7551
epoch-712, train_loss-0.0829, train_rmse-0.2878, valid_rmse-1.2114, valid_pr-0.7558
epoch-713, train_loss-0.0790, train_rmse-0.2811, valid_rmse-1.2139, valid_pr-0.7556
epoch-714, train_loss-0.0757, train_rmse-0.2751, valid_rmse-1.2082, valid_pr-0.7563
Validation : valid_rmse-1.2082, valid_pr-0.7563, 
test2013_rmse-1.3074, test2013_pr-0.8474, test2016_rmse-1.1619, test2016_pr-0.8534, test2019_rmse-1.3350, test2019_pr-0.6682
epoch-715, train_loss-0.0792, train_rmse-0.2814, valid_rmse-1.2173, valid_pr-0.7539
epoch-716, train_loss-0.0792, train_rmse-0.2814, valid_rmse-1.2147, valid_pr-0.7553
epoch-717, train_loss-0.0840, train_rmse-0.2899, valid_rmse-1.2121, valid_pr-0.7559
epoch-718, train_loss-0.0794, train_rmse-0.2817, valid_rmse-1.2078, valid_pr-0.7566
Validation : valid_rmse-1.2078, valid_pr-0.7566, 
test2013_rmse-1.3054, test2013_pr-0.8498, test2016_rmse-1.1616, test2016_pr-0.8552, test2019_rmse-1.3315, test2019_pr-0.6693
epoch-719, train_loss-0.0811, train_rmse-0.2848, valid_rmse-1.2114, valid_pr-0.7555
epoch-720, train_loss-0.0871, train_rmse-0.2951, valid_rmse-1.2163, valid_pr-0.7546
epoch-721, train_loss-0.0870, train_rmse-0.2950, valid_rmse-1.2161, valid_pr-0.7543
epoch-722, train_loss-0.0840, train_rmse-0.2898, valid_rmse-1.2160, valid_pr-0.7549
epoch-723, train_loss-0.0814, train_rmse-0.2853, valid_rmse-1.2132, valid_pr-0.7550
epoch-724, train_loss-0.0873, train_rmse-0.2955, valid_rmse-1.2141, valid_pr-0.7553
epoch-725, train_loss-0.0774, train_rmse-0.2782, valid_rmse-1.2144, valid_pr-0.7553
epoch-726, train_loss-0.0838, train_rmse-0.2895, valid_rmse-1.2102, valid_pr-0.7563
epoch-727, train_loss-0.0834, train_rmse-0.2887, valid_rmse-1.2123, valid_pr-0.7551
epoch-728, train_loss-0.0897, train_rmse-0.2995, valid_rmse-1.2119, valid_pr-0.7553
epoch-729, train_loss-0.0845, train_rmse-0.2908, valid_rmse-1.2119, valid_pr-0.7549
epoch-730, train_loss-0.0822, train_rmse-0.2866, valid_rmse-1.2119, valid_pr-0.7545
epoch-731, train_loss-0.0848, train_rmse-0.2911, valid_rmse-1.2157, valid_pr-0.7552
epoch-732, train_loss-0.0853, train_rmse-0.2921, valid_rmse-1.2130, valid_pr-0.7549
epoch-733, train_loss-0.0793, train_rmse-0.2816, valid_rmse-1.2107, valid_pr-0.7555
epoch-734, train_loss-0.0771, train_rmse-0.2776, valid_rmse-1.2116, valid_pr-0.7550
epoch-735, train_loss-0.0737, train_rmse-0.2715, valid_rmse-1.2145, valid_pr-0.7553
epoch-736, train_loss-0.0794, train_rmse-0.2818, valid_rmse-1.2187, valid_pr-0.7540
epoch-737, train_loss-0.0773, train_rmse-0.2780, valid_rmse-1.2131, valid_pr-0.7543
epoch-738, train_loss-0.0752, train_rmse-0.2742, valid_rmse-1.2137, valid_pr-0.7543
epoch-739, train_loss-0.0744, train_rmse-0.2728, valid_rmse-1.2123, valid_pr-0.7545
epoch-740, train_loss-0.0809, train_rmse-0.2843, valid_rmse-1.2160, valid_pr-0.7552
epoch-741, train_loss-0.0853, train_rmse-0.2921, valid_rmse-1.2116, valid_pr-0.7549
epoch-742, train_loss-0.0734, train_rmse-0.2710, valid_rmse-1.2098, valid_pr-0.7559
epoch-743, train_loss-0.0815, train_rmse-0.2855, valid_rmse-1.2101, valid_pr-0.7557
epoch-744, train_loss-0.0860, train_rmse-0.2933, valid_rmse-1.2118, valid_pr-0.7548
epoch-745, train_loss-0.0852, train_rmse-0.2918, valid_rmse-1.2140, valid_pr-0.7542
epoch-746, train_loss-0.0819, train_rmse-0.2862, valid_rmse-1.2156, valid_pr-0.7544
epoch-747, train_loss-0.0821, train_rmse-0.2866, valid_rmse-1.2117, valid_pr-0.7550
epoch-748, train_loss-0.0782, train_rmse-0.2796, valid_rmse-1.2130, valid_pr-0.7555
epoch-749, train_loss-0.0810, train_rmse-0.2846, valid_rmse-1.2100, valid_pr-0.7559
epoch-750, train_loss-0.0757, train_rmse-0.2752, valid_rmse-1.2176, valid_pr-0.7550
epoch-751, train_loss-0.0813, train_rmse-0.2852, valid_rmse-1.2164, valid_pr-0.7547
epoch-752, train_loss-0.0796, train_rmse-0.2822, valid_rmse-1.2106, valid_pr-0.7558
epoch-753, train_loss-0.0767, train_rmse-0.2769, valid_rmse-1.2115, valid_pr-0.7548
epoch-754, train_loss-0.0837, train_rmse-0.2893, valid_rmse-1.2107, valid_pr-0.7556
epoch-755, train_loss-0.0731, train_rmse-0.2703, valid_rmse-1.2115, valid_pr-0.7554
epoch-756, train_loss-0.0723, train_rmse-0.2689, valid_rmse-1.2152, valid_pr-0.7552
epoch-757, train_loss-0.0743, train_rmse-0.2727, valid_rmse-1.2147, valid_pr-0.7547
epoch-758, train_loss-0.0786, train_rmse-0.2804, valid_rmse-1.2155, valid_pr-0.7553
epoch-759, train_loss-0.0797, train_rmse-0.2823, valid_rmse-1.2125, valid_pr-0.7546
epoch-760, train_loss-0.0880, train_rmse-0.2967, valid_rmse-1.2134, valid_pr-0.7545
epoch-761, train_loss-0.0734, train_rmse-0.2710, valid_rmse-1.2147, valid_pr-0.7542
epoch-762, train_loss-0.0752, train_rmse-0.2742, valid_rmse-1.2134, valid_pr-0.7545
epoch-763, train_loss-0.0774, train_rmse-0.2782, valid_rmse-1.2140, valid_pr-0.7553
epoch-764, train_loss-0.0813, train_rmse-0.2851, valid_rmse-1.2123, valid_pr-0.7555
epoch-765, train_loss-0.0744, train_rmse-0.2729, valid_rmse-1.2132, valid_pr-0.7549
epoch-766, train_loss-0.0851, train_rmse-0.2917, valid_rmse-1.2145, valid_pr-0.7542
epoch-767, train_loss-0.0828, train_rmse-0.2877, valid_rmse-1.2117, valid_pr-0.7554
epoch-768, train_loss-0.0780, train_rmse-0.2793, valid_rmse-1.2150, valid_pr-0.7549
epoch-769, train_loss-0.0742, train_rmse-0.2724, valid_rmse-1.2131, valid_pr-0.7553
epoch-770, train_loss-0.0881, train_rmse-0.2969, valid_rmse-1.2104, valid_pr-0.7564
epoch-771, train_loss-0.0809, train_rmse-0.2845, valid_rmse-1.2109, valid_pr-0.7555
epoch-772, train_loss-0.0838, train_rmse-0.2895, valid_rmse-1.2098, valid_pr-0.7568
epoch-773, train_loss-0.0797, train_rmse-0.2823, valid_rmse-1.2167, valid_pr-0.7561
epoch-774, train_loss-0.0809, train_rmse-0.2844, valid_rmse-1.2139, valid_pr-0.7561
epoch-775, train_loss-0.0764, train_rmse-0.2763, valid_rmse-1.2103, valid_pr-0.7563
epoch-776, train_loss-0.0744, train_rmse-0.2728, valid_rmse-1.2144, valid_pr-0.7542
epoch-777, train_loss-0.0793, train_rmse-0.2816, valid_rmse-1.2118, valid_pr-0.7553
epoch-778, train_loss-0.0742, train_rmse-0.2723, valid_rmse-1.2128, valid_pr-0.7556
epoch-779, train_loss-0.0846, train_rmse-0.2909, valid_rmse-1.2155, valid_pr-0.7554
epoch-780, train_loss-0.0727, train_rmse-0.2696, valid_rmse-1.2113, valid_pr-0.7564
epoch-781, train_loss-0.0757, train_rmse-0.2752, valid_rmse-1.2104, valid_pr-0.7557
epoch-782, train_loss-0.0801, train_rmse-0.2830, valid_rmse-1.2110, valid_pr-0.7552
epoch-783, train_loss-0.0720, train_rmse-0.2682, valid_rmse-1.2120, valid_pr-0.7557
epoch-784, train_loss-0.0789, train_rmse-0.2809, valid_rmse-1.2141, valid_pr-0.7556
epoch-785, train_loss-0.0779, train_rmse-0.2792, valid_rmse-1.2105, valid_pr-0.7560
epoch-786, train_loss-0.0850, train_rmse-0.2916, valid_rmse-1.2162, valid_pr-0.7539
epoch-787, train_loss-0.0741, train_rmse-0.2723, valid_rmse-1.2139, valid_pr-0.7553
epoch-788, train_loss-0.0792, train_rmse-0.2814, valid_rmse-1.2100, valid_pr-0.7556
epoch-789, train_loss-0.0797, train_rmse-0.2824, valid_rmse-1.2139, valid_pr-0.7546
epoch-790, train_loss-0.0748, train_rmse-0.2734, valid_rmse-1.2115, valid_pr-0.7555
epoch-791, train_loss-0.0784, train_rmse-0.2800, valid_rmse-1.2124, valid_pr-0.7554
epoch-792, train_loss-0.0749, train_rmse-0.2737, valid_rmse-1.2162, valid_pr-0.7554
epoch-793, train_loss-0.0779, train_rmse-0.2790, valid_rmse-1.2082, valid_pr-0.7563
epoch-794, train_loss-0.0749, train_rmse-0.2738, valid_rmse-1.2097, valid_pr-0.7560
epoch-795, train_loss-0.0764, train_rmse-0.2764, valid_rmse-1.2131, valid_pr-0.7556
epoch-796, train_loss-0.0803, train_rmse-0.2835, valid_rmse-1.2117, valid_pr-0.7556
epoch-797, train_loss-0.0783, train_rmse-0.2799, valid_rmse-1.2106, valid_pr-0.7556
epoch-798, train_loss-0.0800, train_rmse-0.2828, valid_rmse-1.2093, valid_pr-0.7559
epoch-799, train_loss-0.0786, train_rmse-0.2804, valid_rmse-1.2092, valid_pr-0.7559
valid_rmse-1.2078, valid_pr-0.7566, test2013_rmse-1.3054, test2013_pr-0.8498, test2016_rmse-1.1616, test2016_pr-0.8552, test2019_rmse-1.3315, test2019_pr-0.6693
