ASD, lr=0.001, seed=897
train_ASD.py
train data: 11904
valid data: 1000
test2013 data: 107
test2016 data: 285
test2019 data: 4366
GIGN params # : 42663002
epoch-0, train_loss-5.7209, train_rmse-2.3918, valid_rmse-1.9316, valid_pr-0.2740
Validation : valid_rmse-1.9316, valid_pr-0.2740, 
test2013_rmse-2.3847, test2013_pr-0.2050, test2016_rmse-2.1861, test2016_pr-0.2705, test2019_rmse-1.8799, test2019_pr-0.2415
epoch-1, train_loss-3.4259, train_rmse-1.8509, valid_rmse-2.0193, valid_pr-0.3294
epoch-2, train_loss-3.0862, train_rmse-1.7567, valid_rmse-1.7109, valid_pr-0.4218
Validation : valid_rmse-1.7109, valid_pr-0.4218, 
test2013_rmse-1.9727, test2013_pr-0.5523, test2016_rmse-1.9238, test2016_pr-0.4859, test2019_rmse-1.7612, test2019_pr-0.3573
epoch-3, train_loss-3.0201, train_rmse-1.7378, valid_rmse-1.7456, valid_pr-0.3715
epoch-4, train_loss-2.8840, train_rmse-1.6982, valid_rmse-1.7300, valid_pr-0.4352
epoch-5, train_loss-2.7231, train_rmse-1.6502, valid_rmse-1.7443, valid_pr-0.4326
epoch-6, train_loss-2.6374, train_rmse-1.6240, valid_rmse-1.6519, valid_pr-0.4705
Validation : valid_rmse-1.6519, valid_pr-0.4705, 
test2013_rmse-2.0734, test2013_pr-0.4512, test2016_rmse-1.8479, test2016_pr-0.5337, test2019_rmse-1.6737, test2019_pr-0.3920
epoch-7, train_loss-2.5442, train_rmse-1.5951, valid_rmse-1.6335, valid_pr-0.5078
Validation : valid_rmse-1.6335, valid_pr-0.5078, 
test2013_rmse-1.8824, test2013_pr-0.6193, test2016_rmse-1.7856, test2016_pr-0.6076, test2019_rmse-1.6311, test2019_pr-0.4373
epoch-8, train_loss-2.4708, train_rmse-1.5719, valid_rmse-1.6235, valid_pr-0.4928
Validation : valid_rmse-1.6235, valid_pr-0.4928, 
test2013_rmse-1.9437, test2013_pr-0.5538, test2016_rmse-1.7962, test2016_pr-0.5659, test2019_rmse-1.6359, test2019_pr-0.4347
epoch-9, train_loss-2.4081, train_rmse-1.5518, valid_rmse-1.6378, valid_pr-0.4994
epoch-10, train_loss-2.4312, train_rmse-1.5592, valid_rmse-1.6264, valid_pr-0.4955
epoch-11, train_loss-2.5611, train_rmse-1.6003, valid_rmse-1.6265, valid_pr-0.4985
epoch-12, train_loss-2.3750, train_rmse-1.5411, valid_rmse-1.6034, valid_pr-0.5154
Validation : valid_rmse-1.6034, valid_pr-0.5154, 
test2013_rmse-1.8432, test2013_pr-0.6150, test2016_rmse-1.6992, test2016_pr-0.6247, test2019_rmse-1.6252, test2019_pr-0.4436
epoch-13, train_loss-2.3036, train_rmse-1.5178, valid_rmse-1.6400, valid_pr-0.5214
epoch-14, train_loss-2.2607, train_rmse-1.5036, valid_rmse-1.6221, valid_pr-0.5392
epoch-15, train_loss-2.2420, train_rmse-1.4973, valid_rmse-1.5419, valid_pr-0.5652
Validation : valid_rmse-1.5419, valid_pr-0.5652, 
test2013_rmse-1.8387, test2013_pr-0.6232, test2016_rmse-1.6784, test2016_pr-0.6432, test2019_rmse-1.5979, test2019_pr-0.4713
epoch-16, train_loss-2.1538, train_rmse-1.4676, valid_rmse-1.5332, valid_pr-0.5672
Validation : valid_rmse-1.5332, valid_pr-0.5672, 
test2013_rmse-1.8111, test2013_pr-0.6579, test2016_rmse-1.6868, test2016_pr-0.6501, test2019_rmse-1.5787, test2019_pr-0.4785
epoch-17, train_loss-2.1532, train_rmse-1.4674, valid_rmse-1.6054, valid_pr-0.5668
epoch-18, train_loss-2.1144, train_rmse-1.4541, valid_rmse-1.5126, valid_pr-0.5854
Validation : valid_rmse-1.5126, valid_pr-0.5854, 
test2013_rmse-1.7250, test2013_pr-0.7050, test2016_rmse-1.6453, test2016_pr-0.6737, test2019_rmse-1.5672, test2019_pr-0.4941
epoch-19, train_loss-2.0155, train_rmse-1.4197, valid_rmse-1.5114, valid_pr-0.5805
Validation : valid_rmse-1.5114, valid_pr-0.5805, 
test2013_rmse-1.7279, test2013_pr-0.6810, test2016_rmse-1.6226, test2016_pr-0.6661, test2019_rmse-1.5852, test2019_pr-0.4879
epoch-20, train_loss-1.9509, train_rmse-1.3968, valid_rmse-1.5084, valid_pr-0.5887
Validation : valid_rmse-1.5084, valid_pr-0.5887, 
test2013_rmse-1.7502, test2013_pr-0.6899, test2016_rmse-1.6496, test2016_pr-0.6731, test2019_rmse-1.5793, test2019_pr-0.4904
epoch-21, train_loss-1.9549, train_rmse-1.3982, valid_rmse-1.6170, valid_pr-0.5798
epoch-22, train_loss-1.9466, train_rmse-1.3952, valid_rmse-1.5116, valid_pr-0.5817
epoch-23, train_loss-1.9222, train_rmse-1.3864, valid_rmse-1.5223, valid_pr-0.5950
epoch-24, train_loss-1.8637, train_rmse-1.3652, valid_rmse-1.4975, valid_pr-0.6158
Validation : valid_rmse-1.4975, valid_pr-0.6158, 
test2013_rmse-1.8013, test2013_pr-0.6388, test2016_rmse-1.5669, test2016_pr-0.7019, test2019_rmse-1.6613, test2019_pr-0.4943
epoch-25, train_loss-1.8936, train_rmse-1.3761, valid_rmse-1.4923, valid_pr-0.6048
Validation : valid_rmse-1.4923, valid_pr-0.6048, 
test2013_rmse-1.8189, test2013_pr-0.6388, test2016_rmse-1.6498, test2016_pr-0.6660, test2019_rmse-1.5715, test2019_pr-0.4969
epoch-26, train_loss-1.8575, train_rmse-1.3629, valid_rmse-1.5331, valid_pr-0.5734
epoch-27, train_loss-1.8333, train_rmse-1.3540, valid_rmse-1.4504, valid_pr-0.6330
Validation : valid_rmse-1.4504, valid_pr-0.6330, 
test2013_rmse-1.6013, test2013_pr-0.7355, test2016_rmse-1.5337, test2016_pr-0.7132, test2019_rmse-1.5752, test2019_pr-0.5139
epoch-28, train_loss-1.7589, train_rmse-1.3262, valid_rmse-1.4193, valid_pr-0.6442
Validation : valid_rmse-1.4193, valid_pr-0.6442, 
test2013_rmse-1.6874, test2013_pr-0.6912, test2016_rmse-1.5827, test2016_pr-0.6857, test2019_rmse-1.5467, test2019_pr-0.5315
epoch-29, train_loss-1.7361, train_rmse-1.3176, valid_rmse-1.5014, valid_pr-0.5926
epoch-30, train_loss-1.7176, train_rmse-1.3106, valid_rmse-1.4598, valid_pr-0.6284
epoch-31, train_loss-1.7145, train_rmse-1.3094, valid_rmse-1.4589, valid_pr-0.6236
epoch-32, train_loss-1.6834, train_rmse-1.2975, valid_rmse-1.3655, valid_pr-0.6744
Validation : valid_rmse-1.3655, valid_pr-0.6744, 
test2013_rmse-1.7279, test2013_pr-0.6750, test2016_rmse-1.5526, test2016_pr-0.7058, test2019_rmse-1.5304, test2019_pr-0.5337
epoch-33, train_loss-1.6696, train_rmse-1.2921, valid_rmse-1.5243, valid_pr-0.6334
epoch-34, train_loss-1.6733, train_rmse-1.2936, valid_rmse-1.4897, valid_pr-0.6184
epoch-35, train_loss-1.6462, train_rmse-1.2831, valid_rmse-1.4718, valid_pr-0.6198
epoch-36, train_loss-1.6501, train_rmse-1.2845, valid_rmse-1.4842, valid_pr-0.6105
epoch-37, train_loss-1.5966, train_rmse-1.2636, valid_rmse-1.4292, valid_pr-0.6432
epoch-38, train_loss-1.5469, train_rmse-1.2437, valid_rmse-1.4814, valid_pr-0.6146
epoch-39, train_loss-1.5681, train_rmse-1.2523, valid_rmse-1.4697, valid_pr-0.6227
epoch-40, train_loss-1.5790, train_rmse-1.2566, valid_rmse-1.4789, valid_pr-0.6125
epoch-41, train_loss-1.5930, train_rmse-1.2621, valid_rmse-1.4365, valid_pr-0.6377
epoch-42, train_loss-1.5272, train_rmse-1.2358, valid_rmse-1.4057, valid_pr-0.6564
epoch-43, train_loss-1.5218, train_rmse-1.2336, valid_rmse-1.4095, valid_pr-0.6539
epoch-44, train_loss-1.4692, train_rmse-1.2121, valid_rmse-1.4099, valid_pr-0.6819
epoch-45, train_loss-1.4444, train_rmse-1.2018, valid_rmse-1.3947, valid_pr-0.6591
epoch-46, train_loss-1.4666, train_rmse-1.2110, valid_rmse-1.4576, valid_pr-0.6330
epoch-47, train_loss-1.4245, train_rmse-1.1935, valid_rmse-1.3757, valid_pr-0.6738
epoch-48, train_loss-1.3959, train_rmse-1.1815, valid_rmse-1.4747, valid_pr-0.6339
epoch-49, train_loss-1.4015, train_rmse-1.1838, valid_rmse-1.4323, valid_pr-0.6771
epoch-50, train_loss-1.4255, train_rmse-1.1939, valid_rmse-1.4268, valid_pr-0.6542
epoch-51, train_loss-1.4317, train_rmse-1.1965, valid_rmse-1.4632, valid_pr-0.6472
epoch-52, train_loss-1.4551, train_rmse-1.2063, valid_rmse-1.4199, valid_pr-0.6626
epoch-53, train_loss-1.3483, train_rmse-1.1612, valid_rmse-1.4026, valid_pr-0.6610
epoch-54, train_loss-1.3736, train_rmse-1.1720, valid_rmse-1.4155, valid_pr-0.6632
epoch-55, train_loss-1.2858, train_rmse-1.1339, valid_rmse-1.4416, valid_pr-0.6458
epoch-56, train_loss-1.3233, train_rmse-1.1503, valid_rmse-1.4023, valid_pr-0.6628
epoch-57, train_loss-1.3278, train_rmse-1.1523, valid_rmse-1.4071, valid_pr-0.6734
epoch-58, train_loss-1.2883, train_rmse-1.1350, valid_rmse-1.3962, valid_pr-0.6686
epoch-59, train_loss-1.2754, train_rmse-1.1293, valid_rmse-1.4058, valid_pr-0.6772
epoch-60, train_loss-1.2744, train_rmse-1.1289, valid_rmse-1.4075, valid_pr-0.6624
epoch-61, train_loss-1.2435, train_rmse-1.1151, valid_rmse-1.4273, valid_pr-0.6618
epoch-62, train_loss-1.2058, train_rmse-1.0981, valid_rmse-1.3994, valid_pr-0.6761
epoch-63, train_loss-1.2264, train_rmse-1.1074, valid_rmse-1.3921, valid_pr-0.6753
epoch-64, train_loss-1.2020, train_rmse-1.0964, valid_rmse-1.3467, valid_pr-0.6923
Validation : valid_rmse-1.3467, valid_pr-0.6923, 
test2013_rmse-1.8227, test2013_pr-0.6211, test2016_rmse-1.6154, test2016_pr-0.6699, test2019_rmse-1.5418, test2019_pr-0.5530
epoch-65, train_loss-1.1484, train_rmse-1.0716, valid_rmse-1.3984, valid_pr-0.6611
epoch-66, train_loss-1.1276, train_rmse-1.0619, valid_rmse-1.3496, valid_pr-0.6943
epoch-67, train_loss-1.1229, train_rmse-1.0597, valid_rmse-1.4169, valid_pr-0.6766
epoch-68, train_loss-1.0854, train_rmse-1.0418, valid_rmse-1.3883, valid_pr-0.6692
epoch-69, train_loss-1.0729, train_rmse-1.0358, valid_rmse-1.3998, valid_pr-0.6592
epoch-70, train_loss-1.0912, train_rmse-1.0446, valid_rmse-1.4630, valid_pr-0.6345
epoch-71, train_loss-1.0683, train_rmse-1.0336, valid_rmse-1.4080, valid_pr-0.6730
epoch-72, train_loss-1.0738, train_rmse-1.0363, valid_rmse-1.4047, valid_pr-0.6796
epoch-73, train_loss-1.0756, train_rmse-1.0371, valid_rmse-1.5044, valid_pr-0.6524
epoch-74, train_loss-1.0334, train_rmse-1.0166, valid_rmse-1.3979, valid_pr-0.6691
epoch-75, train_loss-1.0782, train_rmse-1.0383, valid_rmse-1.3990, valid_pr-0.6673
epoch-76, train_loss-1.0576, train_rmse-1.0284, valid_rmse-1.4120, valid_pr-0.6616
epoch-77, train_loss-1.0634, train_rmse-1.0312, valid_rmse-1.3767, valid_pr-0.6804
epoch-78, train_loss-1.0642, train_rmse-1.0316, valid_rmse-1.4931, valid_pr-0.6445
epoch-79, train_loss-1.0831, train_rmse-1.0407, valid_rmse-1.4033, valid_pr-0.6670
epoch-80, train_loss-1.0176, train_rmse-1.0088, valid_rmse-1.3970, valid_pr-0.6691
epoch-81, train_loss-0.9675, train_rmse-0.9836, valid_rmse-1.3788, valid_pr-0.6801
epoch-82, train_loss-1.0045, train_rmse-1.0023, valid_rmse-1.3606, valid_pr-0.6937
epoch-83, train_loss-0.9400, train_rmse-0.9695, valid_rmse-1.4280, valid_pr-0.6699
epoch-84, train_loss-0.9748, train_rmse-0.9873, valid_rmse-1.4194, valid_pr-0.6622
epoch-85, train_loss-0.9406, train_rmse-0.9698, valid_rmse-1.3652, valid_pr-0.6825
epoch-86, train_loss-0.9628, train_rmse-0.9812, valid_rmse-1.3801, valid_pr-0.6913
epoch-87, train_loss-0.9310, train_rmse-0.9649, valid_rmse-1.4202, valid_pr-0.6613
epoch-88, train_loss-0.9734, train_rmse-0.9866, valid_rmse-1.4015, valid_pr-0.6729
epoch-89, train_loss-0.9049, train_rmse-0.9513, valid_rmse-1.4251, valid_pr-0.6815
epoch-90, train_loss-0.8531, train_rmse-0.9236, valid_rmse-1.4290, valid_pr-0.6526
epoch-91, train_loss-0.8866, train_rmse-0.9416, valid_rmse-1.3892, valid_pr-0.6818
epoch-92, train_loss-0.9079, train_rmse-0.9528, valid_rmse-1.3781, valid_pr-0.6846
epoch-93, train_loss-0.8842, train_rmse-0.9403, valid_rmse-1.3674, valid_pr-0.6884
epoch-94, train_loss-0.8446, train_rmse-0.9190, valid_rmse-1.4306, valid_pr-0.6595
epoch-95, train_loss-0.8568, train_rmse-0.9257, valid_rmse-1.3918, valid_pr-0.6885
epoch-96, train_loss-0.8170, train_rmse-0.9039, valid_rmse-1.3547, valid_pr-0.6964
epoch-97, train_loss-0.8100, train_rmse-0.9000, valid_rmse-1.3607, valid_pr-0.6879
epoch-98, train_loss-0.8124, train_rmse-0.9014, valid_rmse-1.3816, valid_pr-0.6832
epoch-99, train_loss-0.8195, train_rmse-0.9052, valid_rmse-1.3982, valid_pr-0.6770
epoch-100, train_loss-0.8289, train_rmse-0.9104, valid_rmse-1.3214, valid_pr-0.7077
Validation : valid_rmse-1.3214, valid_pr-0.7077, 
test2013_rmse-1.5904, test2013_pr-0.7312, test2016_rmse-1.3984, test2016_pr-0.7697, test2019_rmse-1.5441, test2019_pr-0.5479
epoch-101, train_loss-0.8111, train_rmse-0.9006, valid_rmse-1.4095, valid_pr-0.6731
epoch-102, train_loss-0.7834, train_rmse-0.8851, valid_rmse-1.4089, valid_pr-0.6835
epoch-103, train_loss-0.7721, train_rmse-0.8787, valid_rmse-1.3563, valid_pr-0.6985
epoch-104, train_loss-0.7889, train_rmse-0.8882, valid_rmse-1.3755, valid_pr-0.6864
epoch-105, train_loss-0.7792, train_rmse-0.8827, valid_rmse-1.4201, valid_pr-0.6644
epoch-106, train_loss-0.7673, train_rmse-0.8760, valid_rmse-1.3742, valid_pr-0.6910
epoch-107, train_loss-0.7621, train_rmse-0.8730, valid_rmse-1.3832, valid_pr-0.6900
epoch-108, train_loss-0.7211, train_rmse-0.8492, valid_rmse-1.3887, valid_pr-0.6805
epoch-109, train_loss-0.7070, train_rmse-0.8408, valid_rmse-1.3793, valid_pr-0.6813
epoch-110, train_loss-0.7406, train_rmse-0.8606, valid_rmse-1.3799, valid_pr-0.6841
epoch-111, train_loss-0.7336, train_rmse-0.8565, valid_rmse-1.3296, valid_pr-0.7033
epoch-112, train_loss-0.7299, train_rmse-0.8544, valid_rmse-1.3988, valid_pr-0.6721
epoch-113, train_loss-0.7437, train_rmse-0.8624, valid_rmse-1.4028, valid_pr-0.6718
epoch-114, train_loss-0.7094, train_rmse-0.8422, valid_rmse-1.4021, valid_pr-0.6672
epoch-115, train_loss-0.7174, train_rmse-0.8470, valid_rmse-1.3804, valid_pr-0.6797
epoch-116, train_loss-0.6617, train_rmse-0.8135, valid_rmse-1.3958, valid_pr-0.6762
epoch-117, train_loss-0.6643, train_rmse-0.8150, valid_rmse-1.3528, valid_pr-0.6967
epoch-118, train_loss-0.6750, train_rmse-0.8216, valid_rmse-1.3977, valid_pr-0.6756
epoch-119, train_loss-0.6819, train_rmse-0.8258, valid_rmse-1.3985, valid_pr-0.6724
epoch-120, train_loss-0.6593, train_rmse-0.8120, valid_rmse-1.4038, valid_pr-0.6803
epoch-121, train_loss-0.6611, train_rmse-0.8131, valid_rmse-1.3418, valid_pr-0.7010
epoch-122, train_loss-0.6154, train_rmse-0.7845, valid_rmse-1.3329, valid_pr-0.7051
epoch-123, train_loss-0.5994, train_rmse-0.7742, valid_rmse-1.3398, valid_pr-0.7057
epoch-124, train_loss-0.5973, train_rmse-0.7729, valid_rmse-1.3458, valid_pr-0.7026
epoch-125, train_loss-0.6043, train_rmse-0.7774, valid_rmse-1.3549, valid_pr-0.6985
epoch-126, train_loss-0.6192, train_rmse-0.7869, valid_rmse-1.3859, valid_pr-0.6759
epoch-127, train_loss-0.6296, train_rmse-0.7935, valid_rmse-1.3392, valid_pr-0.7054
epoch-128, train_loss-0.5974, train_rmse-0.7729, valid_rmse-1.3590, valid_pr-0.6938
epoch-129, train_loss-0.6170, train_rmse-0.7855, valid_rmse-1.3609, valid_pr-0.6879
epoch-130, train_loss-0.6003, train_rmse-0.7748, valid_rmse-1.3454, valid_pr-0.6973
epoch-131, train_loss-0.5760, train_rmse-0.7590, valid_rmse-1.3413, valid_pr-0.6997
epoch-132, train_loss-0.5580, train_rmse-0.7470, valid_rmse-1.3604, valid_pr-0.7072
epoch-133, train_loss-0.5592, train_rmse-0.7478, valid_rmse-1.3236, valid_pr-0.7116
epoch-134, train_loss-0.5660, train_rmse-0.7523, valid_rmse-1.3423, valid_pr-0.7035
epoch-135, train_loss-0.5979, train_rmse-0.7732, valid_rmse-1.3975, valid_pr-0.6699
epoch-136, train_loss-0.5717, train_rmse-0.7561, valid_rmse-1.3622, valid_pr-0.7017
epoch-137, train_loss-0.5424, train_rmse-0.7365, valid_rmse-1.4047, valid_pr-0.6760
epoch-138, train_loss-0.5395, train_rmse-0.7345, valid_rmse-1.3451, valid_pr-0.7017
epoch-139, train_loss-0.5545, train_rmse-0.7446, valid_rmse-1.3439, valid_pr-0.6971
epoch-140, train_loss-0.5251, train_rmse-0.7246, valid_rmse-1.3615, valid_pr-0.6931
epoch-141, train_loss-0.5890, train_rmse-0.7675, valid_rmse-1.3790, valid_pr-0.6862
epoch-142, train_loss-0.5846, train_rmse-0.7646, valid_rmse-1.3873, valid_pr-0.6789
epoch-143, train_loss-0.5444, train_rmse-0.7378, valid_rmse-1.3515, valid_pr-0.6973
epoch-144, train_loss-0.4864, train_rmse-0.6974, valid_rmse-1.3698, valid_pr-0.6923
epoch-145, train_loss-0.5035, train_rmse-0.7096, valid_rmse-1.3267, valid_pr-0.7060
epoch-146, train_loss-0.5113, train_rmse-0.7151, valid_rmse-1.3263, valid_pr-0.7148
epoch-147, train_loss-0.5102, train_rmse-0.7143, valid_rmse-1.3316, valid_pr-0.7119
epoch-148, train_loss-0.4932, train_rmse-0.7023, valid_rmse-1.3338, valid_pr-0.7078
epoch-149, train_loss-0.4650, train_rmse-0.6819, valid_rmse-1.3864, valid_pr-0.6883
epoch-150, train_loss-0.5055, train_rmse-0.7110, valid_rmse-1.3832, valid_pr-0.6873
epoch-151, train_loss-0.4709, train_rmse-0.6862, valid_rmse-1.3478, valid_pr-0.7014
epoch-152, train_loss-0.3746, train_rmse-0.6121, valid_rmse-1.3169, valid_pr-0.7146
Validation : valid_rmse-1.3169, valid_pr-0.7146, 
test2013_rmse-1.4898, test2013_pr-0.7747, test2016_rmse-1.3888, test2016_pr-0.7720, test2019_rmse-1.5393, test2019_pr-0.5614
epoch-153, train_loss-0.3188, train_rmse-0.5647, valid_rmse-1.3241, valid_pr-0.7158
epoch-154, train_loss-0.2901, train_rmse-0.5386, valid_rmse-1.3279, valid_pr-0.7112
epoch-155, train_loss-0.2840, train_rmse-0.5329, valid_rmse-1.3344, valid_pr-0.7098
epoch-156, train_loss-0.2801, train_rmse-0.5292, valid_rmse-1.3301, valid_pr-0.7135
epoch-157, train_loss-0.2691, train_rmse-0.5188, valid_rmse-1.3187, valid_pr-0.7128
epoch-158, train_loss-0.2634, train_rmse-0.5132, valid_rmse-1.3290, valid_pr-0.7108
epoch-159, train_loss-0.2687, train_rmse-0.5184, valid_rmse-1.3157, valid_pr-0.7157
Validation : valid_rmse-1.3157, valid_pr-0.7157, 
test2013_rmse-1.4856, test2013_pr-0.7694, test2016_rmse-1.3718, test2016_pr-0.7763, test2019_rmse-1.5870, test2019_pr-0.5364
epoch-160, train_loss-0.2534, train_rmse-0.5034, valid_rmse-1.3542, valid_pr-0.7008
epoch-161, train_loss-0.2525, train_rmse-0.5025, valid_rmse-1.3235, valid_pr-0.7169
epoch-162, train_loss-0.2494, train_rmse-0.4994, valid_rmse-1.3315, valid_pr-0.7099
epoch-163, train_loss-0.2442, train_rmse-0.4942, valid_rmse-1.3595, valid_pr-0.7034
epoch-164, train_loss-0.2494, train_rmse-0.4994, valid_rmse-1.3436, valid_pr-0.7036
epoch-165, train_loss-0.2573, train_rmse-0.5073, valid_rmse-1.3286, valid_pr-0.7076
epoch-166, train_loss-0.2416, train_rmse-0.4916, valid_rmse-1.3362, valid_pr-0.7070
epoch-167, train_loss-0.2399, train_rmse-0.4898, valid_rmse-1.3371, valid_pr-0.7118
epoch-168, train_loss-0.2421, train_rmse-0.4920, valid_rmse-1.3432, valid_pr-0.7057
epoch-169, train_loss-0.2525, train_rmse-0.5025, valid_rmse-1.3326, valid_pr-0.7077
epoch-170, train_loss-0.2368, train_rmse-0.4866, valid_rmse-1.3412, valid_pr-0.7058
epoch-171, train_loss-0.2353, train_rmse-0.4851, valid_rmse-1.3356, valid_pr-0.7070
epoch-172, train_loss-0.2543, train_rmse-0.5043, valid_rmse-1.3663, valid_pr-0.7031
epoch-173, train_loss-0.2376, train_rmse-0.4875, valid_rmse-1.3291, valid_pr-0.7100
epoch-174, train_loss-0.2381, train_rmse-0.4880, valid_rmse-1.3174, valid_pr-0.7157
epoch-175, train_loss-0.2213, train_rmse-0.4704, valid_rmse-1.3693, valid_pr-0.6969
epoch-176, train_loss-0.2426, train_rmse-0.4926, valid_rmse-1.3371, valid_pr-0.7073
epoch-177, train_loss-0.2438, train_rmse-0.4938, valid_rmse-1.3484, valid_pr-0.7023
epoch-178, train_loss-0.2421, train_rmse-0.4920, valid_rmse-1.3397, valid_pr-0.7094
epoch-179, train_loss-0.2343, train_rmse-0.4841, valid_rmse-1.3268, valid_pr-0.7067
epoch-180, train_loss-0.2387, train_rmse-0.4886, valid_rmse-1.3254, valid_pr-0.7118
epoch-181, train_loss-0.2387, train_rmse-0.4886, valid_rmse-1.3499, valid_pr-0.7072
epoch-182, train_loss-0.2238, train_rmse-0.4731, valid_rmse-1.3399, valid_pr-0.7058
epoch-183, train_loss-0.2318, train_rmse-0.4814, valid_rmse-1.3439, valid_pr-0.7031
epoch-184, train_loss-0.2266, train_rmse-0.4760, valid_rmse-1.3559, valid_pr-0.7022
epoch-185, train_loss-0.2115, train_rmse-0.4599, valid_rmse-1.3597, valid_pr-0.7020
epoch-186, train_loss-0.2095, train_rmse-0.4578, valid_rmse-1.3334, valid_pr-0.7102
epoch-187, train_loss-0.2116, train_rmse-0.4600, valid_rmse-1.3337, valid_pr-0.7117
epoch-188, train_loss-0.2142, train_rmse-0.4628, valid_rmse-1.3240, valid_pr-0.7125
epoch-189, train_loss-0.2202, train_rmse-0.4693, valid_rmse-1.3492, valid_pr-0.7040
epoch-190, train_loss-0.2349, train_rmse-0.4846, valid_rmse-1.3408, valid_pr-0.7120
epoch-191, train_loss-0.2077, train_rmse-0.4558, valid_rmse-1.3237, valid_pr-0.7105
epoch-192, train_loss-0.2030, train_rmse-0.4506, valid_rmse-1.3311, valid_pr-0.7055
epoch-193, train_loss-0.2093, train_rmse-0.4575, valid_rmse-1.3235, valid_pr-0.7130
epoch-194, train_loss-0.2048, train_rmse-0.4526, valid_rmse-1.3534, valid_pr-0.7046
epoch-195, train_loss-0.2147, train_rmse-0.4633, valid_rmse-1.3155, valid_pr-0.7150
Validation : valid_rmse-1.3155, valid_pr-0.7150, 
test2013_rmse-1.4711, test2013_pr-0.7796, test2016_rmse-1.3479, test2016_pr-0.7853, test2019_rmse-1.5764, test2019_pr-0.5438
epoch-196, train_loss-0.2120, train_rmse-0.4604, valid_rmse-1.3286, valid_pr-0.7165
epoch-197, train_loss-0.2156, train_rmse-0.4643, valid_rmse-1.3218, valid_pr-0.7122
epoch-198, train_loss-0.2105, train_rmse-0.4588, valid_rmse-1.3345, valid_pr-0.7068
epoch-199, train_loss-0.2040, train_rmse-0.4517, valid_rmse-1.3347, valid_pr-0.7116
epoch-200, train_loss-0.2081, train_rmse-0.4562, valid_rmse-1.3463, valid_pr-0.7014
epoch-201, train_loss-0.1921, train_rmse-0.4382, valid_rmse-1.3513, valid_pr-0.7030
epoch-202, train_loss-0.1896, train_rmse-0.4354, valid_rmse-1.3253, valid_pr-0.7139
epoch-203, train_loss-0.1879, train_rmse-0.4335, valid_rmse-1.3175, valid_pr-0.7136
epoch-204, train_loss-0.1921, train_rmse-0.4382, valid_rmse-1.3323, valid_pr-0.7089
epoch-205, train_loss-0.1880, train_rmse-0.4336, valid_rmse-1.3666, valid_pr-0.7031
epoch-206, train_loss-0.1869, train_rmse-0.4323, valid_rmse-1.3271, valid_pr-0.7096
epoch-207, train_loss-0.1955, train_rmse-0.4422, valid_rmse-1.3608, valid_pr-0.6977
epoch-208, train_loss-0.1967, train_rmse-0.4435, valid_rmse-1.3421, valid_pr-0.7064
epoch-209, train_loss-0.2011, train_rmse-0.4485, valid_rmse-1.3132, valid_pr-0.7168
Validation : valid_rmse-1.3132, valid_pr-0.7168, 
test2013_rmse-1.5489, test2013_pr-0.7473, test2016_rmse-1.4107, test2016_pr-0.7601, test2019_rmse-1.5731, test2019_pr-0.5450
epoch-210, train_loss-0.2119, train_rmse-0.4603, valid_rmse-1.3692, valid_pr-0.6929
epoch-211, train_loss-0.1934, train_rmse-0.4398, valid_rmse-1.3295, valid_pr-0.7111
epoch-212, train_loss-0.1854, train_rmse-0.4306, valid_rmse-1.3392, valid_pr-0.7058
epoch-213, train_loss-0.1870, train_rmse-0.4324, valid_rmse-1.3050, valid_pr-0.7185
Validation : valid_rmse-1.3050, valid_pr-0.7185, 
test2013_rmse-1.4899, test2013_pr-0.7747, test2016_rmse-1.4010, test2016_pr-0.7668, test2019_rmse-1.5674, test2019_pr-0.5460
epoch-214, train_loss-0.1764, train_rmse-0.4200, valid_rmse-1.3423, valid_pr-0.7025
epoch-215, train_loss-0.1804, train_rmse-0.4248, valid_rmse-1.3167, valid_pr-0.7144
epoch-216, train_loss-0.1773, train_rmse-0.4211, valid_rmse-1.3431, valid_pr-0.7070
epoch-217, train_loss-0.1812, train_rmse-0.4257, valid_rmse-1.3482, valid_pr-0.7001
epoch-218, train_loss-0.1917, train_rmse-0.4378, valid_rmse-1.3288, valid_pr-0.7095
epoch-219, train_loss-0.1844, train_rmse-0.4295, valid_rmse-1.3114, valid_pr-0.7158
epoch-220, train_loss-0.1851, train_rmse-0.4302, valid_rmse-1.3555, valid_pr-0.7016
epoch-221, train_loss-0.1753, train_rmse-0.4187, valid_rmse-1.3186, valid_pr-0.7201
epoch-222, train_loss-0.1775, train_rmse-0.4213, valid_rmse-1.3296, valid_pr-0.7110
epoch-223, train_loss-0.1761, train_rmse-0.4196, valid_rmse-1.3332, valid_pr-0.7103
epoch-224, train_loss-0.1727, train_rmse-0.4155, valid_rmse-1.3526, valid_pr-0.7061
epoch-225, train_loss-0.1692, train_rmse-0.4113, valid_rmse-1.3281, valid_pr-0.7120
epoch-226, train_loss-0.1617, train_rmse-0.4022, valid_rmse-1.3360, valid_pr-0.7101
epoch-227, train_loss-0.1716, train_rmse-0.4143, valid_rmse-1.3369, valid_pr-0.7071
epoch-228, train_loss-0.1739, train_rmse-0.4170, valid_rmse-1.3425, valid_pr-0.7056
epoch-229, train_loss-0.1692, train_rmse-0.4114, valid_rmse-1.3471, valid_pr-0.7054
epoch-230, train_loss-0.1829, train_rmse-0.4276, valid_rmse-1.3260, valid_pr-0.7148
epoch-231, train_loss-0.1752, train_rmse-0.4186, valid_rmse-1.3519, valid_pr-0.7052
epoch-232, train_loss-0.1634, train_rmse-0.4042, valid_rmse-1.3377, valid_pr-0.7095
epoch-233, train_loss-0.1700, train_rmse-0.4123, valid_rmse-1.3390, valid_pr-0.7034
epoch-234, train_loss-0.1678, train_rmse-0.4096, valid_rmse-1.3406, valid_pr-0.7071
epoch-235, train_loss-0.1665, train_rmse-0.4081, valid_rmse-1.3275, valid_pr-0.7124
epoch-236, train_loss-0.1662, train_rmse-0.4076, valid_rmse-1.3526, valid_pr-0.7099
epoch-237, train_loss-0.1734, train_rmse-0.4164, valid_rmse-1.3283, valid_pr-0.7157
epoch-238, train_loss-0.1763, train_rmse-0.4198, valid_rmse-1.3374, valid_pr-0.7105
epoch-239, train_loss-0.1631, train_rmse-0.4038, valid_rmse-1.3405, valid_pr-0.7085
epoch-240, train_loss-0.1604, train_rmse-0.4005, valid_rmse-1.3629, valid_pr-0.6943
epoch-241, train_loss-0.1633, train_rmse-0.4041, valid_rmse-1.3283, valid_pr-0.7147
epoch-242, train_loss-0.1710, train_rmse-0.4135, valid_rmse-1.3239, valid_pr-0.7137
epoch-243, train_loss-0.1531, train_rmse-0.3913, valid_rmse-1.3287, valid_pr-0.7094
epoch-244, train_loss-0.1624, train_rmse-0.4030, valid_rmse-1.3335, valid_pr-0.7102
epoch-245, train_loss-0.1556, train_rmse-0.3945, valid_rmse-1.3379, valid_pr-0.7077
epoch-246, train_loss-0.1581, train_rmse-0.3977, valid_rmse-1.3260, valid_pr-0.7094
epoch-247, train_loss-0.1562, train_rmse-0.3952, valid_rmse-1.3441, valid_pr-0.7042
epoch-248, train_loss-0.1541, train_rmse-0.3926, valid_rmse-1.3313, valid_pr-0.7071
epoch-249, train_loss-0.1532, train_rmse-0.3914, valid_rmse-1.3343, valid_pr-0.7163
epoch-250, train_loss-0.1713, train_rmse-0.4139, valid_rmse-1.3215, valid_pr-0.7121
epoch-251, train_loss-0.1549, train_rmse-0.3936, valid_rmse-1.3123, valid_pr-0.7171
epoch-252, train_loss-0.1490, train_rmse-0.3861, valid_rmse-1.3123, valid_pr-0.7200
epoch-253, train_loss-0.1548, train_rmse-0.3934, valid_rmse-1.3218, valid_pr-0.7134
epoch-254, train_loss-0.1560, train_rmse-0.3950, valid_rmse-1.3397, valid_pr-0.7093
epoch-255, train_loss-0.1644, train_rmse-0.4055, valid_rmse-1.3397, valid_pr-0.7057
epoch-256, train_loss-0.1597, train_rmse-0.3996, valid_rmse-1.3068, valid_pr-0.7212
epoch-257, train_loss-0.1497, train_rmse-0.3869, valid_rmse-1.3149, valid_pr-0.7139
epoch-258, train_loss-0.1489, train_rmse-0.3858, valid_rmse-1.3435, valid_pr-0.7081
epoch-259, train_loss-0.1618, train_rmse-0.4022, valid_rmse-1.3348, valid_pr-0.7118
epoch-260, train_loss-0.1425, train_rmse-0.3775, valid_rmse-1.3098, valid_pr-0.7171
epoch-261, train_loss-0.1420, train_rmse-0.3768, valid_rmse-1.3321, valid_pr-0.7094
epoch-262, train_loss-0.1538, train_rmse-0.3921, valid_rmse-1.3238, valid_pr-0.7111
epoch-263, train_loss-0.1395, train_rmse-0.3735, valid_rmse-1.3275, valid_pr-0.7096
epoch-264, train_loss-0.1390, train_rmse-0.3728, valid_rmse-1.3215, valid_pr-0.7150
epoch-265, train_loss-0.1168, train_rmse-0.3417, valid_rmse-1.3234, valid_pr-0.7117
epoch-266, train_loss-0.1044, train_rmse-0.3231, valid_rmse-1.3177, valid_pr-0.7185
epoch-267, train_loss-0.0927, train_rmse-0.3045, valid_rmse-1.3201, valid_pr-0.7147
epoch-268, train_loss-0.0975, train_rmse-0.3123, valid_rmse-1.3229, valid_pr-0.7159
epoch-269, train_loss-0.0953, train_rmse-0.3087, valid_rmse-1.3183, valid_pr-0.7151
epoch-270, train_loss-0.0880, train_rmse-0.2966, valid_rmse-1.3137, valid_pr-0.7182
epoch-271, train_loss-0.0897, train_rmse-0.2995, valid_rmse-1.3223, valid_pr-0.7137
epoch-272, train_loss-0.0865, train_rmse-0.2940, valid_rmse-1.3170, valid_pr-0.7158
epoch-273, train_loss-0.0879, train_rmse-0.2965, valid_rmse-1.3119, valid_pr-0.7198
epoch-274, train_loss-0.0908, train_rmse-0.3013, valid_rmse-1.3107, valid_pr-0.7186
epoch-275, train_loss-0.0856, train_rmse-0.2926, valid_rmse-1.3297, valid_pr-0.7112
epoch-276, train_loss-0.0887, train_rmse-0.2978, valid_rmse-1.3215, valid_pr-0.7148
epoch-277, train_loss-0.0857, train_rmse-0.2928, valid_rmse-1.3119, valid_pr-0.7182
epoch-278, train_loss-0.0955, train_rmse-0.3090, valid_rmse-1.3224, valid_pr-0.7156
epoch-279, train_loss-0.0875, train_rmse-0.2958, valid_rmse-1.3191, valid_pr-0.7166
epoch-280, train_loss-0.0903, train_rmse-0.3005, valid_rmse-1.3102, valid_pr-0.7209
epoch-281, train_loss-0.0848, train_rmse-0.2912, valid_rmse-1.3203, valid_pr-0.7146
epoch-282, train_loss-0.0876, train_rmse-0.2959, valid_rmse-1.3242, valid_pr-0.7156
epoch-283, train_loss-0.0912, train_rmse-0.3021, valid_rmse-1.3186, valid_pr-0.7164
epoch-284, train_loss-0.0899, train_rmse-0.2998, valid_rmse-1.3169, valid_pr-0.7150
epoch-285, train_loss-0.0859, train_rmse-0.2930, valid_rmse-1.3205, valid_pr-0.7160
epoch-286, train_loss-0.0866, train_rmse-0.2942, valid_rmse-1.3078, valid_pr-0.7205
epoch-287, train_loss-0.0856, train_rmse-0.2925, valid_rmse-1.3166, valid_pr-0.7185
epoch-288, train_loss-0.0920, train_rmse-0.3033, valid_rmse-1.3266, valid_pr-0.7141
epoch-289, train_loss-0.0872, train_rmse-0.2953, valid_rmse-1.3223, valid_pr-0.7161
epoch-290, train_loss-0.0865, train_rmse-0.2941, valid_rmse-1.3425, valid_pr-0.7052
epoch-291, train_loss-0.0893, train_rmse-0.2989, valid_rmse-1.3262, valid_pr-0.7136
epoch-292, train_loss-0.0869, train_rmse-0.2948, valid_rmse-1.3263, valid_pr-0.7145
epoch-293, train_loss-0.0858, train_rmse-0.2928, valid_rmse-1.3229, valid_pr-0.7138
epoch-294, train_loss-0.0920, train_rmse-0.3033, valid_rmse-1.3046, valid_pr-0.7199
Validation : valid_rmse-1.3046, valid_pr-0.7199, 
test2013_rmse-1.4789, test2013_pr-0.7760, test2016_rmse-1.3658, test2016_pr-0.7785, test2019_rmse-1.5498, test2019_pr-0.5557
epoch-295, train_loss-0.0893, train_rmse-0.2988, valid_rmse-1.3081, valid_pr-0.7195
epoch-296, train_loss-0.0937, train_rmse-0.3062, valid_rmse-1.3141, valid_pr-0.7182
epoch-297, train_loss-0.0859, train_rmse-0.2931, valid_rmse-1.3043, valid_pr-0.7217
Validation : valid_rmse-1.3043, valid_pr-0.7217, 
test2013_rmse-1.4935, test2013_pr-0.7695, test2016_rmse-1.3371, test2016_pr-0.7882, test2019_rmse-1.5534, test2019_pr-0.5550
epoch-298, train_loss-0.0896, train_rmse-0.2993, valid_rmse-1.3163, valid_pr-0.7172
epoch-299, train_loss-0.0842, train_rmse-0.2902, valid_rmse-1.3158, valid_pr-0.7169
epoch-300, train_loss-0.0852, train_rmse-0.2919, valid_rmse-1.3119, valid_pr-0.7191
epoch-301, train_loss-0.0840, train_rmse-0.2899, valid_rmse-1.3098, valid_pr-0.7186
epoch-302, train_loss-0.0864, train_rmse-0.2940, valid_rmse-1.3087, valid_pr-0.7173
epoch-303, train_loss-0.0860, train_rmse-0.2932, valid_rmse-1.3188, valid_pr-0.7138
epoch-304, train_loss-0.0833, train_rmse-0.2887, valid_rmse-1.3199, valid_pr-0.7155
epoch-305, train_loss-0.0879, train_rmse-0.2966, valid_rmse-1.3182, valid_pr-0.7158
epoch-306, train_loss-0.0845, train_rmse-0.2906, valid_rmse-1.3202, valid_pr-0.7153
epoch-307, train_loss-0.0809, train_rmse-0.2845, valid_rmse-1.3168, valid_pr-0.7141
epoch-308, train_loss-0.0829, train_rmse-0.2878, valid_rmse-1.3156, valid_pr-0.7174
epoch-309, train_loss-0.0822, train_rmse-0.2868, valid_rmse-1.3086, valid_pr-0.7189
epoch-310, train_loss-0.0851, train_rmse-0.2918, valid_rmse-1.3182, valid_pr-0.7153
epoch-311, train_loss-0.0792, train_rmse-0.2815, valid_rmse-1.3216, valid_pr-0.7143
epoch-312, train_loss-0.0852, train_rmse-0.2919, valid_rmse-1.3107, valid_pr-0.7184
epoch-313, train_loss-0.0800, train_rmse-0.2829, valid_rmse-1.3198, valid_pr-0.7147
epoch-314, train_loss-0.0829, train_rmse-0.2879, valid_rmse-1.3237, valid_pr-0.7118
epoch-315, train_loss-0.0799, train_rmse-0.2826, valid_rmse-1.3132, valid_pr-0.7175
epoch-316, train_loss-0.0882, train_rmse-0.2971, valid_rmse-1.3256, valid_pr-0.7164
epoch-317, train_loss-0.0886, train_rmse-0.2976, valid_rmse-1.3220, valid_pr-0.7129
epoch-318, train_loss-0.0884, train_rmse-0.2972, valid_rmse-1.3161, valid_pr-0.7174
epoch-319, train_loss-0.0801, train_rmse-0.2830, valid_rmse-1.3166, valid_pr-0.7162
epoch-320, train_loss-0.0784, train_rmse-0.2800, valid_rmse-1.3219, valid_pr-0.7145
epoch-321, train_loss-0.0830, train_rmse-0.2882, valid_rmse-1.3152, valid_pr-0.7151
epoch-322, train_loss-0.0773, train_rmse-0.2780, valid_rmse-1.3006, valid_pr-0.7227
Validation : valid_rmse-1.3006, valid_pr-0.7227, 
test2013_rmse-1.4948, test2013_pr-0.7684, test2016_rmse-1.3642, test2016_pr-0.7782, test2019_rmse-1.5558, test2019_pr-0.5535
epoch-323, train_loss-0.0772, train_rmse-0.2779, valid_rmse-1.3078, valid_pr-0.7214
epoch-324, train_loss-0.0775, train_rmse-0.2783, valid_rmse-1.3160, valid_pr-0.7166
epoch-325, train_loss-0.0822, train_rmse-0.2867, valid_rmse-1.3170, valid_pr-0.7150
epoch-326, train_loss-0.0809, train_rmse-0.2843, valid_rmse-1.3174, valid_pr-0.7182
epoch-327, train_loss-0.0841, train_rmse-0.2899, valid_rmse-1.3047, valid_pr-0.7208
epoch-328, train_loss-0.0834, train_rmse-0.2888, valid_rmse-1.3214, valid_pr-0.7131
epoch-329, train_loss-0.0766, train_rmse-0.2767, valid_rmse-1.3143, valid_pr-0.7159
epoch-330, train_loss-0.0736, train_rmse-0.2713, valid_rmse-1.3053, valid_pr-0.7199
epoch-331, train_loss-0.0751, train_rmse-0.2741, valid_rmse-1.3103, valid_pr-0.7201
epoch-332, train_loss-0.0789, train_rmse-0.2808, valid_rmse-1.3173, valid_pr-0.7185
epoch-333, train_loss-0.0857, train_rmse-0.2928, valid_rmse-1.3218, valid_pr-0.7149
epoch-334, train_loss-0.0800, train_rmse-0.2828, valid_rmse-1.3209, valid_pr-0.7176
epoch-335, train_loss-0.0738, train_rmse-0.2717, valid_rmse-1.3167, valid_pr-0.7165
epoch-336, train_loss-0.0813, train_rmse-0.2851, valid_rmse-1.3317, valid_pr-0.7122
epoch-337, train_loss-0.0780, train_rmse-0.2793, valid_rmse-1.3199, valid_pr-0.7137
epoch-338, train_loss-0.0730, train_rmse-0.2703, valid_rmse-1.3206, valid_pr-0.7147
epoch-339, train_loss-0.0761, train_rmse-0.2759, valid_rmse-1.3133, valid_pr-0.7170
epoch-340, train_loss-0.0775, train_rmse-0.2784, valid_rmse-1.3181, valid_pr-0.7146
epoch-341, train_loss-0.0755, train_rmse-0.2748, valid_rmse-1.3119, valid_pr-0.7206
epoch-342, train_loss-0.0800, train_rmse-0.2829, valid_rmse-1.3037, valid_pr-0.7195
epoch-343, train_loss-0.0775, train_rmse-0.2783, valid_rmse-1.3166, valid_pr-0.7175
epoch-344, train_loss-0.0857, train_rmse-0.2927, valid_rmse-1.3043, valid_pr-0.7207
epoch-345, train_loss-0.0809, train_rmse-0.2844, valid_rmse-1.3076, valid_pr-0.7192
epoch-346, train_loss-0.0765, train_rmse-0.2765, valid_rmse-1.3222, valid_pr-0.7115
epoch-347, train_loss-0.0822, train_rmse-0.2868, valid_rmse-1.3167, valid_pr-0.7156
epoch-348, train_loss-0.0766, train_rmse-0.2768, valid_rmse-1.3040, valid_pr-0.7205
epoch-349, train_loss-0.0697, train_rmse-0.2639, valid_rmse-1.3088, valid_pr-0.7195
epoch-350, train_loss-0.0727, train_rmse-0.2696, valid_rmse-1.3215, valid_pr-0.7137
epoch-351, train_loss-0.0739, train_rmse-0.2719, valid_rmse-1.3081, valid_pr-0.7177
epoch-352, train_loss-0.0704, train_rmse-0.2654, valid_rmse-1.3056, valid_pr-0.7194
epoch-353, train_loss-0.0694, train_rmse-0.2634, valid_rmse-1.3023, valid_pr-0.7237
epoch-354, train_loss-0.0705, train_rmse-0.2655, valid_rmse-1.3082, valid_pr-0.7202
epoch-355, train_loss-0.0767, train_rmse-0.2770, valid_rmse-1.3112, valid_pr-0.7188
epoch-356, train_loss-0.0758, train_rmse-0.2753, valid_rmse-1.3077, valid_pr-0.7226
epoch-357, train_loss-0.0751, train_rmse-0.2741, valid_rmse-1.3295, valid_pr-0.7100
epoch-358, train_loss-0.0725, train_rmse-0.2692, valid_rmse-1.3106, valid_pr-0.7166
epoch-359, train_loss-0.0718, train_rmse-0.2680, valid_rmse-1.3117, valid_pr-0.7170
epoch-360, train_loss-0.0689, train_rmse-0.2625, valid_rmse-1.3151, valid_pr-0.7154
epoch-361, train_loss-0.0756, train_rmse-0.2749, valid_rmse-1.3091, valid_pr-0.7197
epoch-362, train_loss-0.0737, train_rmse-0.2714, valid_rmse-1.3077, valid_pr-0.7186
epoch-363, train_loss-0.0717, train_rmse-0.2678, valid_rmse-1.3122, valid_pr-0.7184
epoch-364, train_loss-0.0714, train_rmse-0.2673, valid_rmse-1.3158, valid_pr-0.7162
epoch-365, train_loss-0.0711, train_rmse-0.2666, valid_rmse-1.3110, valid_pr-0.7180
epoch-366, train_loss-0.0835, train_rmse-0.2890, valid_rmse-1.3055, valid_pr-0.7187
epoch-367, train_loss-0.0758, train_rmse-0.2752, valid_rmse-1.2986, valid_pr-0.7230
Validation : valid_rmse-1.2986, valid_pr-0.7230, 
test2013_rmse-1.5077, test2013_pr-0.7636, test2016_rmse-1.3727, test2016_pr-0.7756, test2019_rmse-1.5503, test2019_pr-0.5554
epoch-368, train_loss-0.0701, train_rmse-0.2649, valid_rmse-1.3099, valid_pr-0.7158
epoch-369, train_loss-0.0782, train_rmse-0.2797, valid_rmse-1.3169, valid_pr-0.7171
epoch-370, train_loss-0.0717, train_rmse-0.2677, valid_rmse-1.3065, valid_pr-0.7219
epoch-371, train_loss-0.0702, train_rmse-0.2649, valid_rmse-1.3021, valid_pr-0.7223
epoch-372, train_loss-0.0761, train_rmse-0.2758, valid_rmse-1.3163, valid_pr-0.7169
epoch-373, train_loss-0.0719, train_rmse-0.2682, valid_rmse-1.3228, valid_pr-0.7145
epoch-374, train_loss-0.0700, train_rmse-0.2646, valid_rmse-1.2986, valid_pr-0.7219
Validation : valid_rmse-1.2986, valid_pr-0.7219, 
test2013_rmse-1.4966, test2013_pr-0.7709, test2016_rmse-1.3797, test2016_pr-0.7734, test2019_rmse-1.5421, test2019_pr-0.5593
epoch-375, train_loss-0.0725, train_rmse-0.2693, valid_rmse-1.3043, valid_pr-0.7202
epoch-376, train_loss-0.0724, train_rmse-0.2690, valid_rmse-1.3097, valid_pr-0.7187
epoch-377, train_loss-0.0709, train_rmse-0.2663, valid_rmse-1.3232, valid_pr-0.7116
epoch-378, train_loss-0.0673, train_rmse-0.2595, valid_rmse-1.3053, valid_pr-0.7195
epoch-379, train_loss-0.0711, train_rmse-0.2667, valid_rmse-1.3051, valid_pr-0.7205
epoch-380, train_loss-0.0663, train_rmse-0.2576, valid_rmse-1.3032, valid_pr-0.7224
epoch-381, train_loss-0.0718, train_rmse-0.2679, valid_rmse-1.3078, valid_pr-0.7189
epoch-382, train_loss-0.0681, train_rmse-0.2610, valid_rmse-1.2914, valid_pr-0.7246
Validation : valid_rmse-1.2914, valid_pr-0.7246, 
test2013_rmse-1.4952, test2013_pr-0.7712, test2016_rmse-1.3827, test2016_pr-0.7729, test2019_rmse-1.5574, test2019_pr-0.5500
epoch-383, train_loss-0.0696, train_rmse-0.2639, valid_rmse-1.3107, valid_pr-0.7184
epoch-384, train_loss-0.0715, train_rmse-0.2674, valid_rmse-1.3092, valid_pr-0.7181
epoch-385, train_loss-0.0677, train_rmse-0.2601, valid_rmse-1.3110, valid_pr-0.7179
epoch-386, train_loss-0.0672, train_rmse-0.2592, valid_rmse-1.3051, valid_pr-0.7201
epoch-387, train_loss-0.0653, train_rmse-0.2555, valid_rmse-1.3023, valid_pr-0.7211
epoch-388, train_loss-0.0789, train_rmse-0.2810, valid_rmse-1.3012, valid_pr-0.7199
epoch-389, train_loss-0.0722, train_rmse-0.2687, valid_rmse-1.3015, valid_pr-0.7210
epoch-390, train_loss-0.0686, train_rmse-0.2619, valid_rmse-1.3094, valid_pr-0.7178
epoch-391, train_loss-0.0721, train_rmse-0.2684, valid_rmse-1.3142, valid_pr-0.7174
epoch-392, train_loss-0.0671, train_rmse-0.2590, valid_rmse-1.3002, valid_pr-0.7222
epoch-393, train_loss-0.0683, train_rmse-0.2613, valid_rmse-1.2896, valid_pr-0.7270
Validation : valid_rmse-1.2896, valid_pr-0.7270, 
test2013_rmse-1.4775, test2013_pr-0.7779, test2016_rmse-1.3372, test2016_pr-0.7895, test2019_rmse-1.5408, test2019_pr-0.5608
epoch-394, train_loss-0.0624, train_rmse-0.2498, valid_rmse-1.3029, valid_pr-0.7234
epoch-395, train_loss-0.0675, train_rmse-0.2597, valid_rmse-1.3035, valid_pr-0.7194
epoch-396, train_loss-0.0682, train_rmse-0.2612, valid_rmse-1.3007, valid_pr-0.7225
epoch-397, train_loss-0.0658, train_rmse-0.2565, valid_rmse-1.2947, valid_pr-0.7274
epoch-398, train_loss-0.0673, train_rmse-0.2594, valid_rmse-1.3040, valid_pr-0.7229
epoch-399, train_loss-0.0704, train_rmse-0.2653, valid_rmse-1.3190, valid_pr-0.7144
epoch-400, train_loss-0.0791, train_rmse-0.2812, valid_rmse-1.2931, valid_pr-0.7259
epoch-401, train_loss-0.0668, train_rmse-0.2585, valid_rmse-1.3000, valid_pr-0.7247
epoch-402, train_loss-0.0677, train_rmse-0.2602, valid_rmse-1.3033, valid_pr-0.7214
epoch-403, train_loss-0.0641, train_rmse-0.2533, valid_rmse-1.3128, valid_pr-0.7182
epoch-404, train_loss-0.0618, train_rmse-0.2486, valid_rmse-1.3049, valid_pr-0.7207
epoch-405, train_loss-0.0647, train_rmse-0.2543, valid_rmse-1.3131, valid_pr-0.7176
epoch-406, train_loss-0.0666, train_rmse-0.2581, valid_rmse-1.3125, valid_pr-0.7159
epoch-407, train_loss-0.0695, train_rmse-0.2637, valid_rmse-1.3065, valid_pr-0.7181
epoch-408, train_loss-0.0644, train_rmse-0.2537, valid_rmse-1.3167, valid_pr-0.7179
epoch-409, train_loss-0.0734, train_rmse-0.2709, valid_rmse-1.3245, valid_pr-0.7117
epoch-410, train_loss-0.0690, train_rmse-0.2626, valid_rmse-1.2999, valid_pr-0.7223
epoch-411, train_loss-0.0675, train_rmse-0.2598, valid_rmse-1.3301, valid_pr-0.7133
epoch-412, train_loss-0.0651, train_rmse-0.2551, valid_rmse-1.3093, valid_pr-0.7187
epoch-413, train_loss-0.0668, train_rmse-0.2584, valid_rmse-1.3176, valid_pr-0.7143
epoch-414, train_loss-0.0670, train_rmse-0.2588, valid_rmse-1.3084, valid_pr-0.7183
epoch-415, train_loss-0.0676, train_rmse-0.2600, valid_rmse-1.3208, valid_pr-0.7154
epoch-416, train_loss-0.0641, train_rmse-0.2531, valid_rmse-1.3169, valid_pr-0.7152
epoch-417, train_loss-0.0662, train_rmse-0.2574, valid_rmse-1.3052, valid_pr-0.7210
epoch-418, train_loss-0.0654, train_rmse-0.2557, valid_rmse-1.3167, valid_pr-0.7168
epoch-419, train_loss-0.0661, train_rmse-0.2572, valid_rmse-1.3220, valid_pr-0.7168
epoch-420, train_loss-0.0654, train_rmse-0.2557, valid_rmse-1.3094, valid_pr-0.7206
epoch-421, train_loss-0.0639, train_rmse-0.2528, valid_rmse-1.3071, valid_pr-0.7198
epoch-422, train_loss-0.0599, train_rmse-0.2447, valid_rmse-1.3157, valid_pr-0.7161
epoch-423, train_loss-0.0645, train_rmse-0.2540, valid_rmse-1.3060, valid_pr-0.7186
epoch-424, train_loss-0.0660, train_rmse-0.2570, valid_rmse-1.3062, valid_pr-0.7208
epoch-425, train_loss-0.0629, train_rmse-0.2509, valid_rmse-1.3158, valid_pr-0.7153
epoch-426, train_loss-0.0648, train_rmse-0.2545, valid_rmse-1.3281, valid_pr-0.7139
epoch-427, train_loss-0.0665, train_rmse-0.2580, valid_rmse-1.3144, valid_pr-0.7149
epoch-428, train_loss-0.0664, train_rmse-0.2578, valid_rmse-1.3104, valid_pr-0.7149
epoch-429, train_loss-0.0613, train_rmse-0.2475, valid_rmse-1.3157, valid_pr-0.7157
epoch-430, train_loss-0.0611, train_rmse-0.2471, valid_rmse-1.3270, valid_pr-0.7116
epoch-431, train_loss-0.0657, train_rmse-0.2563, valid_rmse-1.3164, valid_pr-0.7147
epoch-432, train_loss-0.0628, train_rmse-0.2505, valid_rmse-1.3084, valid_pr-0.7190
epoch-433, train_loss-0.0600, train_rmse-0.2449, valid_rmse-1.3092, valid_pr-0.7176
epoch-434, train_loss-0.0603, train_rmse-0.2455, valid_rmse-1.3198, valid_pr-0.7152
epoch-435, train_loss-0.0632, train_rmse-0.2514, valid_rmse-1.3232, valid_pr-0.7121
epoch-436, train_loss-0.0656, train_rmse-0.2561, valid_rmse-1.3148, valid_pr-0.7148
epoch-437, train_loss-0.0671, train_rmse-0.2589, valid_rmse-1.3017, valid_pr-0.7214
epoch-438, train_loss-0.0630, train_rmse-0.2511, valid_rmse-1.3203, valid_pr-0.7153
epoch-439, train_loss-0.0622, train_rmse-0.2494, valid_rmse-1.3050, valid_pr-0.7206
epoch-440, train_loss-0.0607, train_rmse-0.2463, valid_rmse-1.3051, valid_pr-0.7230
epoch-441, train_loss-0.0598, train_rmse-0.2445, valid_rmse-1.3111, valid_pr-0.7181
epoch-442, train_loss-0.0625, train_rmse-0.2499, valid_rmse-1.3107, valid_pr-0.7172
epoch-443, train_loss-0.0578, train_rmse-0.2405, valid_rmse-1.3105, valid_pr-0.7179
epoch-444, train_loss-0.0638, train_rmse-0.2525, valid_rmse-1.3216, valid_pr-0.7135
epoch-445, train_loss-0.0545, train_rmse-0.2334, valid_rmse-1.3110, valid_pr-0.7172
epoch-446, train_loss-0.0491, train_rmse-0.2216, valid_rmse-1.3052, valid_pr-0.7205
epoch-447, train_loss-0.0500, train_rmse-0.2237, valid_rmse-1.3032, valid_pr-0.7216
epoch-448, train_loss-0.0459, train_rmse-0.2141, valid_rmse-1.3103, valid_pr-0.7212
epoch-449, train_loss-0.0502, train_rmse-0.2241, valid_rmse-1.3092, valid_pr-0.7211
epoch-450, train_loss-0.0482, train_rmse-0.2196, valid_rmse-1.3058, valid_pr-0.7199
epoch-451, train_loss-0.0445, train_rmse-0.2110, valid_rmse-1.3044, valid_pr-0.7199
epoch-452, train_loss-0.0482, train_rmse-0.2195, valid_rmse-1.3025, valid_pr-0.7235
epoch-453, train_loss-0.0447, train_rmse-0.2114, valid_rmse-1.3059, valid_pr-0.7205
epoch-454, train_loss-0.0452, train_rmse-0.2127, valid_rmse-1.3179, valid_pr-0.7179
epoch-455, train_loss-0.0488, train_rmse-0.2209, valid_rmse-1.3037, valid_pr-0.7208
epoch-456, train_loss-0.0452, train_rmse-0.2127, valid_rmse-1.3079, valid_pr-0.7202
epoch-457, train_loss-0.0458, train_rmse-0.2140, valid_rmse-1.3082, valid_pr-0.7182
epoch-458, train_loss-0.0476, train_rmse-0.2182, valid_rmse-1.3105, valid_pr-0.7182
epoch-459, train_loss-0.0457, train_rmse-0.2138, valid_rmse-1.3081, valid_pr-0.7179
epoch-460, train_loss-0.0432, train_rmse-0.2077, valid_rmse-1.3137, valid_pr-0.7190
epoch-461, train_loss-0.0483, train_rmse-0.2197, valid_rmse-1.3127, valid_pr-0.7161
epoch-462, train_loss-0.0431, train_rmse-0.2076, valid_rmse-1.3065, valid_pr-0.7196
epoch-463, train_loss-0.0459, train_rmse-0.2142, valid_rmse-1.3082, valid_pr-0.7201
epoch-464, train_loss-0.0477, train_rmse-0.2185, valid_rmse-1.3039, valid_pr-0.7209
epoch-465, train_loss-0.0476, train_rmse-0.2183, valid_rmse-1.2967, valid_pr-0.7241
epoch-466, train_loss-0.0456, train_rmse-0.2135, valid_rmse-1.3085, valid_pr-0.7182
epoch-467, train_loss-0.0456, train_rmse-0.2135, valid_rmse-1.3050, valid_pr-0.7210
epoch-468, train_loss-0.0430, train_rmse-0.2074, valid_rmse-1.3010, valid_pr-0.7228
epoch-469, train_loss-0.0472, train_rmse-0.2172, valid_rmse-1.3048, valid_pr-0.7217
epoch-470, train_loss-0.0462, train_rmse-0.2149, valid_rmse-1.3028, valid_pr-0.7223
epoch-471, train_loss-0.0436, train_rmse-0.2088, valid_rmse-1.2949, valid_pr-0.7251
epoch-472, train_loss-0.0456, train_rmse-0.2135, valid_rmse-1.2993, valid_pr-0.7235
epoch-473, train_loss-0.0491, train_rmse-0.2216, valid_rmse-1.2975, valid_pr-0.7236
epoch-474, train_loss-0.0463, train_rmse-0.2153, valid_rmse-1.3018, valid_pr-0.7209
epoch-475, train_loss-0.0431, train_rmse-0.2077, valid_rmse-1.2942, valid_pr-0.7253
epoch-476, train_loss-0.0428, train_rmse-0.2069, valid_rmse-1.2994, valid_pr-0.7252
epoch-477, train_loss-0.0456, train_rmse-0.2135, valid_rmse-1.3032, valid_pr-0.7209
epoch-478, train_loss-0.0455, train_rmse-0.2132, valid_rmse-1.3064, valid_pr-0.7202
epoch-479, train_loss-0.0439, train_rmse-0.2095, valid_rmse-1.3035, valid_pr-0.7214
epoch-480, train_loss-0.0448, train_rmse-0.2117, valid_rmse-1.3079, valid_pr-0.7189
epoch-481, train_loss-0.0431, train_rmse-0.2076, valid_rmse-1.2994, valid_pr-0.7221
epoch-482, train_loss-0.0434, train_rmse-0.2082, valid_rmse-1.3003, valid_pr-0.7224
epoch-483, train_loss-0.0443, train_rmse-0.2105, valid_rmse-1.3020, valid_pr-0.7202
epoch-484, train_loss-0.0450, train_rmse-0.2121, valid_rmse-1.2912, valid_pr-0.7258
epoch-485, train_loss-0.0444, train_rmse-0.2108, valid_rmse-1.3094, valid_pr-0.7182
epoch-486, train_loss-0.0455, train_rmse-0.2133, valid_rmse-1.3035, valid_pr-0.7210
epoch-487, train_loss-0.0478, train_rmse-0.2187, valid_rmse-1.3065, valid_pr-0.7212
epoch-488, train_loss-0.0460, train_rmse-0.2144, valid_rmse-1.3131, valid_pr-0.7179
epoch-489, train_loss-0.0462, train_rmse-0.2149, valid_rmse-1.3026, valid_pr-0.7208
epoch-490, train_loss-0.0444, train_rmse-0.2108, valid_rmse-1.3084, valid_pr-0.7184
epoch-491, train_loss-0.0426, train_rmse-0.2065, valid_rmse-1.3036, valid_pr-0.7194
epoch-492, train_loss-0.0436, train_rmse-0.2088, valid_rmse-1.3031, valid_pr-0.7214
epoch-493, train_loss-0.0443, train_rmse-0.2105, valid_rmse-1.2999, valid_pr-0.7207
epoch-494, train_loss-0.0445, train_rmse-0.2108, valid_rmse-1.2910, valid_pr-0.7266
early stop in epoch 494
best_rmse: 1.2896
valid_rmse-1.2896, valid_pr-0.7270, test2013_rmse-1.4775, test2013_pr-0.7779, test2016_rmse-1.3372, test2016_pr-0.7895, test2019_rmse-1.5408, test2019_pr-0.5608
