ours-lrs-0.001-abl-g, lr=0.001, seed=552
train_GIGN.py
train data: 11904
valid data: 1000
test2013 data: 107
test2016 data: 285
test2019 data: 4366
GIGN params # : 492545
epoch-0, train_loss-18.1243, train_rmse-4.2573, valid_rmse-2.7930, valid_pr-0.2550
Validation : valid_rmse-2.7930, valid_pr-0.2550, 
test2013_rmse-2.9036, test2013_pr-0.4044, test2016_rmse-2.9041, test2016_pr-0.3935, test2019_rmse-2.7356, test2019_pr-0.2994
epoch-1, train_loss-4.2168, train_rmse-2.0535, valid_rmse-1.8549, valid_pr-0.4511
Validation : valid_rmse-1.8549, valid_pr-0.4511, 
test2013_rmse-1.8083, test2013_pr-0.6389, test2016_rmse-1.7787, test2016_pr-0.6010, test2019_rmse-1.7703, test2019_pr-0.4566
epoch-2, train_loss-3.1010, train_rmse-1.7610, valid_rmse-1.9391, valid_pr-0.5148
epoch-3, train_loss-2.6038, train_rmse-1.6136, valid_rmse-2.1994, valid_pr-0.4790
epoch-4, train_loss-2.3969, train_rmse-1.5482, valid_rmse-2.4907, valid_pr-0.5845
epoch-5, train_loss-2.2530, train_rmse-1.5010, valid_rmse-2.3591, valid_pr-0.5242
epoch-6, train_loss-2.1182, train_rmse-1.4554, valid_rmse-2.0885, valid_pr-0.5223
epoch-7, train_loss-1.9198, train_rmse-1.3856, valid_rmse-1.5097, valid_pr-0.6128
Validation : valid_rmse-1.5097, valid_pr-0.6128, 
test2013_rmse-1.8204, test2013_pr-0.6242, test2016_rmse-1.5460, test2016_pr-0.7026, test2019_rmse-1.5758, test2019_pr-0.5636
epoch-8, train_loss-1.8651, train_rmse-1.3657, valid_rmse-1.5242, valid_pr-0.6477
epoch-9, train_loss-1.6919, train_rmse-1.3007, valid_rmse-1.5635, valid_pr-0.6355
epoch-10, train_loss-1.6223, train_rmse-1.2737, valid_rmse-1.5913, valid_pr-0.5973
epoch-11, train_loss-1.5742, train_rmse-1.2547, valid_rmse-2.2968, valid_pr-0.6060
epoch-12, train_loss-1.5405, train_rmse-1.2412, valid_rmse-1.5472, valid_pr-0.6406
epoch-13, train_loss-1.4862, train_rmse-1.2191, valid_rmse-1.5605, valid_pr-0.6224
epoch-14, train_loss-1.3506, train_rmse-1.1622, valid_rmse-1.6598, valid_pr-0.6553
epoch-15, train_loss-1.2917, train_rmse-1.1365, valid_rmse-1.5293, valid_pr-0.6414
epoch-16, train_loss-1.2821, train_rmse-1.1323, valid_rmse-3.0389, valid_pr-0.6028
epoch-17, train_loss-1.1732, train_rmse-1.0831, valid_rmse-1.6548, valid_pr-0.6488
epoch-18, train_loss-1.0959, train_rmse-1.0469, valid_rmse-1.5821, valid_pr-0.6521
epoch-19, train_loss-1.0806, train_rmse-1.0395, valid_rmse-1.4867, valid_pr-0.6466
Validation : valid_rmse-1.4867, valid_pr-0.6466, 
test2013_rmse-1.5195, test2013_pr-0.7570, test2016_rmse-1.4328, test2016_pr-0.7531, test2019_rmse-1.6177, test2019_pr-0.5382
epoch-20, train_loss-1.0207, train_rmse-1.0103, valid_rmse-1.4594, valid_pr-0.6651
Validation : valid_rmse-1.4594, valid_pr-0.6651, 
test2013_rmse-1.5330, test2013_pr-0.7712, test2016_rmse-1.4277, test2016_pr-0.7666, test2019_rmse-1.5694, test2019_pr-0.5740
epoch-21, train_loss-0.9227, train_rmse-0.9605, valid_rmse-1.4297, valid_pr-0.6714
Validation : valid_rmse-1.4297, valid_pr-0.6714, 
test2013_rmse-1.5167, test2013_pr-0.7575, test2016_rmse-1.3602, test2016_pr-0.7799, test2019_rmse-1.5632, test2019_pr-0.5745
epoch-22, train_loss-0.8944, train_rmse-0.9457, valid_rmse-1.4765, valid_pr-0.6518
epoch-23, train_loss-0.8381, train_rmse-0.9155, valid_rmse-1.4519, valid_pr-0.6592
epoch-24, train_loss-0.8261, train_rmse-0.9089, valid_rmse-1.8657, valid_pr-0.6705
epoch-25, train_loss-0.7839, train_rmse-0.8854, valid_rmse-1.5980, valid_pr-0.6365
epoch-26, train_loss-0.7733, train_rmse-0.8794, valid_rmse-2.1406, valid_pr-0.6768
epoch-27, train_loss-0.7568, train_rmse-0.8700, valid_rmse-1.4459, valid_pr-0.6676
epoch-28, train_loss-0.7121, train_rmse-0.8438, valid_rmse-1.4415, valid_pr-0.6803
epoch-29, train_loss-0.6794, train_rmse-0.8243, valid_rmse-1.4776, valid_pr-0.6360
epoch-30, train_loss-0.6351, train_rmse-0.7969, valid_rmse-1.8995, valid_pr-0.6696
epoch-31, train_loss-0.6049, train_rmse-0.7777, valid_rmse-1.4814, valid_pr-0.6480
epoch-32, train_loss-0.6087, train_rmse-0.7802, valid_rmse-1.4486, valid_pr-0.6849
epoch-33, train_loss-0.5807, train_rmse-0.7620, valid_rmse-1.4368, valid_pr-0.6764
epoch-34, train_loss-0.5471, train_rmse-0.7397, valid_rmse-1.9685, valid_pr-0.6772
epoch-35, train_loss-0.5388, train_rmse-0.7340, valid_rmse-1.4466, valid_pr-0.6497
epoch-36, train_loss-0.5431, train_rmse-0.7369, valid_rmse-1.4866, valid_pr-0.6842
epoch-37, train_loss-0.5353, train_rmse-0.7317, valid_rmse-1.4850, valid_pr-0.6685
epoch-38, train_loss-0.5099, train_rmse-0.7141, valid_rmse-1.4403, valid_pr-0.6782
epoch-39, train_loss-0.4646, train_rmse-0.6816, valid_rmse-1.4263, valid_pr-0.6805
Validation : valid_rmse-1.4263, valid_pr-0.6805, 
test2013_rmse-1.3254, test2013_pr-0.8289, test2016_rmse-1.2569, test2016_pr-0.8153, test2019_rmse-1.5433, test2019_pr-0.5938
epoch-40, train_loss-0.4613, train_rmse-0.6792, valid_rmse-1.4144, valid_pr-0.6851
Validation : valid_rmse-1.4144, valid_pr-0.6851, 
test2013_rmse-1.4605, test2013_pr-0.7927, test2016_rmse-1.3649, test2016_pr-0.7893, test2019_rmse-1.5324, test2019_pr-0.5839
epoch-41, train_loss-0.4510, train_rmse-0.6715, valid_rmse-1.4364, valid_pr-0.6797
epoch-42, train_loss-0.4584, train_rmse-0.6771, valid_rmse-1.5622, valid_pr-0.6908
epoch-43, train_loss-0.4483, train_rmse-0.6695, valid_rmse-1.6686, valid_pr-0.6791
epoch-44, train_loss-0.4475, train_rmse-0.6690, valid_rmse-1.5672, valid_pr-0.6954
epoch-45, train_loss-0.4463, train_rmse-0.6680, valid_rmse-1.3894, valid_pr-0.6852
Validation : valid_rmse-1.3894, valid_pr-0.6852, 
test2013_rmse-1.4028, test2013_pr-0.8059, test2016_rmse-1.2560, test2016_pr-0.8165, test2019_rmse-1.5221, test2019_pr-0.5854
epoch-46, train_loss-0.4084, train_rmse-0.6390, valid_rmse-1.3983, valid_pr-0.6788
epoch-47, train_loss-0.3970, train_rmse-0.6301, valid_rmse-1.4631, valid_pr-0.6952
epoch-48, train_loss-0.4077, train_rmse-0.6385, valid_rmse-1.4645, valid_pr-0.6758
epoch-49, train_loss-0.3772, train_rmse-0.6142, valid_rmse-1.4053, valid_pr-0.6809
epoch-50, train_loss-0.3887, train_rmse-0.6235, valid_rmse-1.3765, valid_pr-0.6946
Validation : valid_rmse-1.3765, valid_pr-0.6946, 
test2013_rmse-1.3524, test2013_pr-0.8182, test2016_rmse-1.2379, test2016_pr-0.8225, test2019_rmse-1.5123, test2019_pr-0.5927
epoch-51, train_loss-0.3978, train_rmse-0.6307, valid_rmse-1.5727, valid_pr-0.6834
epoch-52, train_loss-0.4025, train_rmse-0.6344, valid_rmse-1.5929, valid_pr-0.6995
epoch-53, train_loss-0.3837, train_rmse-0.6195, valid_rmse-1.3540, valid_pr-0.6936
Validation : valid_rmse-1.3540, valid_pr-0.6936, 
test2013_rmse-1.3581, test2013_pr-0.8253, test2016_rmse-1.2591, test2016_pr-0.8236, test2019_rmse-1.4928, test2019_pr-0.5918
epoch-54, train_loss-0.3682, train_rmse-0.6068, valid_rmse-1.4187, valid_pr-0.6952
epoch-55, train_loss-0.3511, train_rmse-0.5926, valid_rmse-1.4283, valid_pr-0.6809
epoch-56, train_loss-0.3835, train_rmse-0.6193, valid_rmse-1.4184, valid_pr-0.6837
epoch-57, train_loss-0.3653, train_rmse-0.6044, valid_rmse-1.3587, valid_pr-0.6974
epoch-58, train_loss-0.3451, train_rmse-0.5875, valid_rmse-1.3935, valid_pr-0.6888
epoch-59, train_loss-0.3423, train_rmse-0.5850, valid_rmse-1.3935, valid_pr-0.6955
epoch-60, train_loss-0.3439, train_rmse-0.5864, valid_rmse-1.3617, valid_pr-0.7022
epoch-61, train_loss-0.3210, train_rmse-0.5665, valid_rmse-1.3601, valid_pr-0.6986
epoch-62, train_loss-0.3324, train_rmse-0.5765, valid_rmse-1.3765, valid_pr-0.6871
epoch-63, train_loss-0.3595, train_rmse-0.5996, valid_rmse-1.4121, valid_pr-0.6824
epoch-64, train_loss-0.3279, train_rmse-0.5726, valid_rmse-1.4523, valid_pr-0.7013
epoch-65, train_loss-0.3135, train_rmse-0.5599, valid_rmse-1.3905, valid_pr-0.6888
epoch-66, train_loss-0.3192, train_rmse-0.5650, valid_rmse-1.3855, valid_pr-0.7001
epoch-67, train_loss-0.3244, train_rmse-0.5696, valid_rmse-1.3644, valid_pr-0.6973
epoch-68, train_loss-0.3199, train_rmse-0.5656, valid_rmse-1.4068, valid_pr-0.7008
epoch-69, train_loss-0.3154, train_rmse-0.5616, valid_rmse-1.3696, valid_pr-0.6964
epoch-70, train_loss-0.3283, train_rmse-0.5730, valid_rmse-1.4855, valid_pr-0.6966
epoch-71, train_loss-0.3119, train_rmse-0.5585, valid_rmse-1.3489, valid_pr-0.6959
Validation : valid_rmse-1.3489, valid_pr-0.6959, 
test2013_rmse-1.3250, test2013_pr-0.8314, test2016_rmse-1.2158, test2016_pr-0.8310, test2019_rmse-1.4651, test2019_pr-0.6054
epoch-72, train_loss-0.3001, train_rmse-0.5478, valid_rmse-1.4524, valid_pr-0.6965
epoch-73, train_loss-0.3006, train_rmse-0.5482, valid_rmse-1.3907, valid_pr-0.7012
epoch-74, train_loss-0.3022, train_rmse-0.5497, valid_rmse-1.3705, valid_pr-0.7032
epoch-75, train_loss-0.2843, train_rmse-0.5332, valid_rmse-1.3699, valid_pr-0.7002
epoch-76, train_loss-0.2911, train_rmse-0.5395, valid_rmse-1.3847, valid_pr-0.6942
epoch-77, train_loss-0.2721, train_rmse-0.5216, valid_rmse-1.3435, valid_pr-0.7088
Validation : valid_rmse-1.3435, valid_pr-0.7088, 
test2013_rmse-1.3623, test2013_pr-0.8173, test2016_rmse-1.2364, test2016_pr-0.8231, test2019_rmse-1.4984, test2019_pr-0.6046
epoch-78, train_loss-0.3043, train_rmse-0.5517, valid_rmse-1.3680, valid_pr-0.6954
epoch-79, train_loss-0.2760, train_rmse-0.5253, valid_rmse-1.3831, valid_pr-0.6971
epoch-80, train_loss-0.2866, train_rmse-0.5354, valid_rmse-1.3415, valid_pr-0.7035
Validation : valid_rmse-1.3415, valid_pr-0.7035, 
test2013_rmse-1.3576, test2013_pr-0.8171, test2016_rmse-1.2301, test2016_pr-0.8254, test2019_rmse-1.4804, test2019_pr-0.5988
epoch-81, train_loss-0.2791, train_rmse-0.5283, valid_rmse-1.3592, valid_pr-0.7111
epoch-82, train_loss-0.2850, train_rmse-0.5338, valid_rmse-1.3674, valid_pr-0.6989
epoch-83, train_loss-0.2629, train_rmse-0.5127, valid_rmse-1.3399, valid_pr-0.7022
Validation : valid_rmse-1.3399, valid_pr-0.7022, 
test2013_rmse-1.3957, test2013_pr-0.8152, test2016_rmse-1.2392, test2016_pr-0.8275, test2019_rmse-1.4588, test2019_pr-0.6074
epoch-84, train_loss-0.2544, train_rmse-0.5044, valid_rmse-1.3569, valid_pr-0.7079
epoch-85, train_loss-0.2522, train_rmse-0.5022, valid_rmse-1.4122, valid_pr-0.6932
epoch-86, train_loss-0.2648, train_rmse-0.5146, valid_rmse-1.3601, valid_pr-0.7052
epoch-87, train_loss-0.2644, train_rmse-0.5142, valid_rmse-1.3441, valid_pr-0.6996
epoch-88, train_loss-0.2734, train_rmse-0.5228, valid_rmse-1.3625, valid_pr-0.6983
epoch-89, train_loss-0.2647, train_rmse-0.5145, valid_rmse-1.4255, valid_pr-0.6950
epoch-90, train_loss-0.2645, train_rmse-0.5143, valid_rmse-1.3331, valid_pr-0.7079
Validation : valid_rmse-1.3331, valid_pr-0.7079, 
test2013_rmse-1.3552, test2013_pr-0.8218, test2016_rmse-1.2364, test2016_pr-0.8244, test2019_rmse-1.4424, test2019_pr-0.6194
epoch-91, train_loss-0.2593, train_rmse-0.5092, valid_rmse-1.3615, valid_pr-0.7028
epoch-92, train_loss-0.2438, train_rmse-0.4937, valid_rmse-1.3434, valid_pr-0.7042
epoch-93, train_loss-0.2532, train_rmse-0.5032, valid_rmse-1.3547, valid_pr-0.6958
epoch-94, train_loss-0.2446, train_rmse-0.4945, valid_rmse-1.4001, valid_pr-0.7045
epoch-95, train_loss-0.2552, train_rmse-0.5051, valid_rmse-1.3665, valid_pr-0.7064
epoch-96, train_loss-0.2946, train_rmse-0.5428, valid_rmse-1.3986, valid_pr-0.7068
epoch-97, train_loss-0.2425, train_rmse-0.4925, valid_rmse-1.3247, valid_pr-0.7122
Validation : valid_rmse-1.3247, valid_pr-0.7122, 
test2013_rmse-1.3288, test2013_pr-0.8311, test2016_rmse-1.2211, test2016_pr-0.8272, test2019_rmse-1.4632, test2019_pr-0.6158
epoch-98, train_loss-0.2432, train_rmse-0.4932, valid_rmse-1.3201, valid_pr-0.7134
Validation : valid_rmse-1.3201, valid_pr-0.7134, 
test2013_rmse-1.3494, test2013_pr-0.8202, test2016_rmse-1.2167, test2016_pr-0.8289, test2019_rmse-1.4506, test2019_pr-0.6202
epoch-99, train_loss-0.2424, train_rmse-0.4923, valid_rmse-1.3197, valid_pr-0.7097
Validation : valid_rmse-1.3197, valid_pr-0.7097, 
test2013_rmse-1.3821, test2013_pr-0.8145, test2016_rmse-1.2510, test2016_pr-0.8200, test2019_rmse-1.4499, test2019_pr-0.6093
epoch-100, train_loss-0.2388, train_rmse-0.4887, valid_rmse-1.3450, valid_pr-0.7071
epoch-101, train_loss-0.2477, train_rmse-0.4977, valid_rmse-1.3248, valid_pr-0.7120
epoch-102, train_loss-0.2272, train_rmse-0.4766, valid_rmse-1.4067, valid_pr-0.7115
epoch-103, train_loss-0.2318, train_rmse-0.4815, valid_rmse-1.3337, valid_pr-0.7099
epoch-104, train_loss-0.2349, train_rmse-0.4847, valid_rmse-1.3354, valid_pr-0.7101
epoch-105, train_loss-0.2443, train_rmse-0.4943, valid_rmse-1.3681, valid_pr-0.7113
epoch-106, train_loss-0.2292, train_rmse-0.4788, valid_rmse-1.3866, valid_pr-0.7099
epoch-107, train_loss-0.2263, train_rmse-0.4757, valid_rmse-1.4223, valid_pr-0.7078
epoch-108, train_loss-0.2366, train_rmse-0.4864, valid_rmse-1.3236, valid_pr-0.7050
epoch-109, train_loss-0.2248, train_rmse-0.4741, valid_rmse-1.3345, valid_pr-0.7056
epoch-110, train_loss-0.2180, train_rmse-0.4669, valid_rmse-1.3822, valid_pr-0.7131
epoch-111, train_loss-0.2180, train_rmse-0.4669, valid_rmse-1.3128, valid_pr-0.7139
Validation : valid_rmse-1.3128, valid_pr-0.7139, 
test2013_rmse-1.3609, test2013_pr-0.8233, test2016_rmse-1.2104, test2016_pr-0.8353, test2019_rmse-1.4470, test2019_pr-0.6150
epoch-112, train_loss-0.2292, train_rmse-0.4788, valid_rmse-1.3407, valid_pr-0.7087
epoch-113, train_loss-0.2162, train_rmse-0.4650, valid_rmse-1.3215, valid_pr-0.7089
epoch-114, train_loss-0.2226, train_rmse-0.4718, valid_rmse-1.3891, valid_pr-0.7036
epoch-115, train_loss-0.2118, train_rmse-0.4602, valid_rmse-1.3101, valid_pr-0.7137
Validation : valid_rmse-1.3101, valid_pr-0.7137, 
test2013_rmse-1.2892, test2013_pr-0.8420, test2016_rmse-1.2079, test2016_pr-0.8318, test2019_rmse-1.4357, test2019_pr-0.6248
epoch-116, train_loss-0.2149, train_rmse-0.4636, valid_rmse-1.3129, valid_pr-0.7155
epoch-117, train_loss-0.2325, train_rmse-0.4822, valid_rmse-1.3385, valid_pr-0.7078
epoch-118, train_loss-0.2202, train_rmse-0.4693, valid_rmse-1.3145, valid_pr-0.7124
epoch-119, train_loss-0.2157, train_rmse-0.4644, valid_rmse-1.3140, valid_pr-0.7062
epoch-120, train_loss-0.2338, train_rmse-0.4836, valid_rmse-1.3119, valid_pr-0.7129
epoch-121, train_loss-0.2047, train_rmse-0.4524, valid_rmse-1.3301, valid_pr-0.7203
epoch-122, train_loss-0.2079, train_rmse-0.4559, valid_rmse-1.3039, valid_pr-0.7153
Validation : valid_rmse-1.3039, valid_pr-0.7153, 
test2013_rmse-1.3007, test2013_pr-0.8400, test2016_rmse-1.1978, test2016_pr-0.8370, test2019_rmse-1.4179, test2019_pr-0.6281
epoch-123, train_loss-0.2030, train_rmse-0.4506, valid_rmse-1.3024, valid_pr-0.7204
Validation : valid_rmse-1.3024, valid_pr-0.7204, 
test2013_rmse-1.3162, test2013_pr-0.8339, test2016_rmse-1.1896, test2016_pr-0.8374, test2019_rmse-1.4411, test2019_pr-0.6216
epoch-124, train_loss-0.2124, train_rmse-0.4609, valid_rmse-1.4046, valid_pr-0.7144
epoch-125, train_loss-0.2095, train_rmse-0.4577, valid_rmse-1.3021, valid_pr-0.7158
Validation : valid_rmse-1.3021, valid_pr-0.7158, 
test2013_rmse-1.3670, test2013_pr-0.8330, test2016_rmse-1.2425, test2016_pr-0.8326, test2019_rmse-1.4333, test2019_pr-0.6157
epoch-126, train_loss-0.1994, train_rmse-0.4465, valid_rmse-1.3550, valid_pr-0.7125
epoch-127, train_loss-0.2144, train_rmse-0.4630, valid_rmse-1.3172, valid_pr-0.7100
epoch-128, train_loss-0.2021, train_rmse-0.4495, valid_rmse-1.3181, valid_pr-0.7207
epoch-129, train_loss-0.2262, train_rmse-0.4756, valid_rmse-1.4201, valid_pr-0.7214
epoch-130, train_loss-0.2066, train_rmse-0.4546, valid_rmse-1.3517, valid_pr-0.7187
epoch-131, train_loss-0.2116, train_rmse-0.4600, valid_rmse-1.2925, valid_pr-0.7201
Validation : valid_rmse-1.2925, valid_pr-0.7201, 
test2013_rmse-1.3596, test2013_pr-0.8291, test2016_rmse-1.2171, test2016_pr-0.8352, test2019_rmse-1.4154, test2019_pr-0.6270
epoch-132, train_loss-0.2004, train_rmse-0.4476, valid_rmse-1.3043, valid_pr-0.7191
epoch-133, train_loss-0.2124, train_rmse-0.4608, valid_rmse-1.3126, valid_pr-0.7193
epoch-134, train_loss-0.1924, train_rmse-0.4386, valid_rmse-1.2935, valid_pr-0.7220
epoch-135, train_loss-0.1941, train_rmse-0.4406, valid_rmse-1.3515, valid_pr-0.7157
epoch-136, train_loss-0.1833, train_rmse-0.4281, valid_rmse-1.3465, valid_pr-0.7154
epoch-137, train_loss-0.1935, train_rmse-0.4399, valid_rmse-1.2924, valid_pr-0.7194
Validation : valid_rmse-1.2924, valid_pr-0.7194, 
test2013_rmse-1.3040, test2013_pr-0.8482, test2016_rmse-1.1717, test2016_pr-0.8469, test2019_rmse-1.4204, test2019_pr-0.6258
epoch-138, train_loss-0.2027, train_rmse-0.4503, valid_rmse-1.3500, valid_pr-0.7131
epoch-139, train_loss-0.1998, train_rmse-0.4470, valid_rmse-1.3001, valid_pr-0.7192
epoch-140, train_loss-0.1978, train_rmse-0.4448, valid_rmse-1.3031, valid_pr-0.7210
epoch-141, train_loss-0.2183, train_rmse-0.4672, valid_rmse-1.3335, valid_pr-0.7103
epoch-142, train_loss-0.1905, train_rmse-0.4365, valid_rmse-1.3143, valid_pr-0.7185
epoch-143, train_loss-0.2031, train_rmse-0.4507, valid_rmse-1.2890, valid_pr-0.7213
Validation : valid_rmse-1.2890, valid_pr-0.7213, 
test2013_rmse-1.3423, test2013_pr-0.8316, test2016_rmse-1.1990, test2016_pr-0.8376, test2019_rmse-1.4137, test2019_pr-0.6288
epoch-144, train_loss-0.1867, train_rmse-0.4320, valid_rmse-1.3013, valid_pr-0.7190
epoch-145, train_loss-0.1924, train_rmse-0.4386, valid_rmse-1.3308, valid_pr-0.7246
epoch-146, train_loss-0.1945, train_rmse-0.4410, valid_rmse-1.3412, valid_pr-0.7154
epoch-147, train_loss-0.1906, train_rmse-0.4366, valid_rmse-1.3008, valid_pr-0.7230
epoch-148, train_loss-0.2044, train_rmse-0.4521, valid_rmse-1.3058, valid_pr-0.7126
epoch-149, train_loss-0.1922, train_rmse-0.4384, valid_rmse-1.3178, valid_pr-0.7178
epoch-150, train_loss-0.1919, train_rmse-0.4381, valid_rmse-1.2954, valid_pr-0.7215
epoch-151, train_loss-0.1973, train_rmse-0.4442, valid_rmse-1.2918, valid_pr-0.7201
epoch-152, train_loss-0.1844, train_rmse-0.4295, valid_rmse-1.3075, valid_pr-0.7214
epoch-153, train_loss-0.1925, train_rmse-0.4388, valid_rmse-1.3153, valid_pr-0.7204
epoch-154, train_loss-0.1814, train_rmse-0.4259, valid_rmse-1.2891, valid_pr-0.7242
epoch-155, train_loss-0.1827, train_rmse-0.4274, valid_rmse-1.3793, valid_pr-0.7228
epoch-156, train_loss-0.1993, train_rmse-0.4464, valid_rmse-1.3210, valid_pr-0.7218
epoch-157, train_loss-0.1734, train_rmse-0.4165, valid_rmse-1.2923, valid_pr-0.7265
epoch-158, train_loss-0.1779, train_rmse-0.4217, valid_rmse-1.2883, valid_pr-0.7287
Validation : valid_rmse-1.2883, valid_pr-0.7287, 
test2013_rmse-1.2981, test2013_pr-0.8376, test2016_rmse-1.1657, test2016_pr-0.8455, test2019_rmse-1.4191, test2019_pr-0.6383
epoch-159, train_loss-0.1899, train_rmse-0.4358, valid_rmse-1.2770, valid_pr-0.7269
Validation : valid_rmse-1.2770, valid_pr-0.7269, 
test2013_rmse-1.3442, test2013_pr-0.8361, test2016_rmse-1.2159, test2016_pr-0.8382, test2019_rmse-1.4159, test2019_pr-0.6217
epoch-160, train_loss-0.1875, train_rmse-0.4330, valid_rmse-1.2908, valid_pr-0.7224
epoch-161, train_loss-0.1862, train_rmse-0.4315, valid_rmse-1.3097, valid_pr-0.7152
epoch-162, train_loss-0.1763, train_rmse-0.4198, valid_rmse-1.2720, valid_pr-0.7285
Validation : valid_rmse-1.2720, valid_pr-0.7285, 
test2013_rmse-1.3102, test2013_pr-0.8428, test2016_rmse-1.1740, test2016_pr-0.8478, test2019_rmse-1.4081, test2019_pr-0.6313
epoch-163, train_loss-0.1880, train_rmse-0.4335, valid_rmse-1.2970, valid_pr-0.7198
epoch-164, train_loss-0.1861, train_rmse-0.4314, valid_rmse-1.2918, valid_pr-0.7306
epoch-165, train_loss-0.1815, train_rmse-0.4260, valid_rmse-1.2841, valid_pr-0.7306
epoch-166, train_loss-0.1773, train_rmse-0.4211, valid_rmse-1.3539, valid_pr-0.7285
epoch-167, train_loss-0.1862, train_rmse-0.4315, valid_rmse-1.2942, valid_pr-0.7323
epoch-168, train_loss-0.1821, train_rmse-0.4268, valid_rmse-1.2885, valid_pr-0.7319
epoch-169, train_loss-0.1744, train_rmse-0.4176, valid_rmse-1.2804, valid_pr-0.7291
epoch-170, train_loss-0.1606, train_rmse-0.4008, valid_rmse-1.2904, valid_pr-0.7284
epoch-171, train_loss-0.1931, train_rmse-0.4394, valid_rmse-1.2913, valid_pr-0.7210
epoch-172, train_loss-0.1742, train_rmse-0.4174, valid_rmse-1.2928, valid_pr-0.7282
epoch-173, train_loss-0.1924, train_rmse-0.4387, valid_rmse-1.2903, valid_pr-0.7196
epoch-174, train_loss-0.1675, train_rmse-0.4092, valid_rmse-1.2804, valid_pr-0.7311
epoch-175, train_loss-0.1702, train_rmse-0.4126, valid_rmse-1.2927, valid_pr-0.7265
epoch-176, train_loss-0.1847, train_rmse-0.4298, valid_rmse-1.2973, valid_pr-0.7332
epoch-177, train_loss-0.1909, train_rmse-0.4369, valid_rmse-1.3474, valid_pr-0.7298
epoch-178, train_loss-0.1755, train_rmse-0.4189, valid_rmse-1.2854, valid_pr-0.7257
epoch-179, train_loss-0.1687, train_rmse-0.4108, valid_rmse-1.3273, valid_pr-0.7182
epoch-180, train_loss-0.1785, train_rmse-0.4224, valid_rmse-1.2915, valid_pr-0.7197
epoch-181, train_loss-0.1766, train_rmse-0.4202, valid_rmse-1.2864, valid_pr-0.7263
epoch-182, train_loss-0.1642, train_rmse-0.4053, valid_rmse-1.2786, valid_pr-0.7249
epoch-183, train_loss-0.1787, train_rmse-0.4227, valid_rmse-1.3488, valid_pr-0.7243
epoch-184, train_loss-0.1660, train_rmse-0.4074, valid_rmse-1.3039, valid_pr-0.7246
epoch-185, train_loss-0.1759, train_rmse-0.4194, valid_rmse-1.2918, valid_pr-0.7237
epoch-186, train_loss-0.1606, train_rmse-0.4008, valid_rmse-1.2775, valid_pr-0.7286
epoch-187, train_loss-0.1699, train_rmse-0.4122, valid_rmse-1.2857, valid_pr-0.7252
epoch-188, train_loss-0.1664, train_rmse-0.4080, valid_rmse-1.2885, valid_pr-0.7257
epoch-189, train_loss-0.1655, train_rmse-0.4068, valid_rmse-1.2919, valid_pr-0.7286
epoch-190, train_loss-0.1773, train_rmse-0.4211, valid_rmse-1.2884, valid_pr-0.7239
epoch-191, train_loss-0.1566, train_rmse-0.3957, valid_rmse-1.2826, valid_pr-0.7252
epoch-192, train_loss-0.1682, train_rmse-0.4101, valid_rmse-1.2856, valid_pr-0.7274
epoch-193, train_loss-0.1537, train_rmse-0.3920, valid_rmse-1.2824, valid_pr-0.7247
epoch-194, train_loss-0.1553, train_rmse-0.3941, valid_rmse-1.2825, valid_pr-0.7243
epoch-195, train_loss-0.1768, train_rmse-0.4204, valid_rmse-1.2913, valid_pr-0.7242
epoch-196, train_loss-0.1551, train_rmse-0.3938, valid_rmse-1.3705, valid_pr-0.7204
epoch-197, train_loss-0.1699, train_rmse-0.4122, valid_rmse-1.3074, valid_pr-0.7205
epoch-198, train_loss-0.1819, train_rmse-0.4264, valid_rmse-1.2679, valid_pr-0.7326
Validation : valid_rmse-1.2679, valid_pr-0.7326, 
test2013_rmse-1.3620, test2013_pr-0.8326, test2016_rmse-1.2046, test2016_pr-0.8437, test2019_rmse-1.3962, test2019_pr-0.6358
epoch-199, train_loss-0.1602, train_rmse-0.4003, valid_rmse-1.3271, valid_pr-0.7174
epoch-200, train_loss-0.1571, train_rmse-0.3963, valid_rmse-1.3011, valid_pr-0.7272
epoch-201, train_loss-0.1593, train_rmse-0.3991, valid_rmse-1.2717, valid_pr-0.7325
epoch-202, train_loss-0.1584, train_rmse-0.3980, valid_rmse-1.2988, valid_pr-0.7286
epoch-203, train_loss-0.1537, train_rmse-0.3921, valid_rmse-1.3124, valid_pr-0.7299
epoch-204, train_loss-0.1768, train_rmse-0.4204, valid_rmse-1.2725, valid_pr-0.7269
epoch-205, train_loss-0.1533, train_rmse-0.3915, valid_rmse-1.2812, valid_pr-0.7261
epoch-206, train_loss-0.1553, train_rmse-0.3940, valid_rmse-1.2892, valid_pr-0.7256
epoch-207, train_loss-0.1519, train_rmse-0.3897, valid_rmse-1.2830, valid_pr-0.7278
epoch-208, train_loss-0.1655, train_rmse-0.4068, valid_rmse-1.2804, valid_pr-0.7288
epoch-209, train_loss-0.1670, train_rmse-0.4086, valid_rmse-1.2731, valid_pr-0.7275
epoch-210, train_loss-0.1572, train_rmse-0.3965, valid_rmse-1.2728, valid_pr-0.7313
epoch-211, train_loss-0.1690, train_rmse-0.4111, valid_rmse-1.3132, valid_pr-0.7242
epoch-212, train_loss-0.1459, train_rmse-0.3819, valid_rmse-1.2870, valid_pr-0.7292
epoch-213, train_loss-0.1526, train_rmse-0.3906, valid_rmse-1.2780, valid_pr-0.7255
epoch-214, train_loss-0.1573, train_rmse-0.3966, valid_rmse-1.2779, valid_pr-0.7320
epoch-215, train_loss-0.1477, train_rmse-0.3843, valid_rmse-1.2737, valid_pr-0.7313
epoch-216, train_loss-0.1646, train_rmse-0.4057, valid_rmse-1.2778, valid_pr-0.7316
epoch-217, train_loss-0.1468, train_rmse-0.3832, valid_rmse-1.2720, valid_pr-0.7317
epoch-218, train_loss-0.1562, train_rmse-0.3952, valid_rmse-1.2707, valid_pr-0.7333
epoch-219, train_loss-0.1496, train_rmse-0.3868, valid_rmse-1.2896, valid_pr-0.7195
epoch-220, train_loss-0.1456, train_rmse-0.3816, valid_rmse-1.2728, valid_pr-0.7314
epoch-221, train_loss-0.1525, train_rmse-0.3905, valid_rmse-1.3131, valid_pr-0.7292
epoch-222, train_loss-0.1482, train_rmse-0.3849, valid_rmse-1.3437, valid_pr-0.7264
epoch-223, train_loss-0.1551, train_rmse-0.3939, valid_rmse-1.2728, valid_pr-0.7303
epoch-224, train_loss-0.1464, train_rmse-0.3826, valid_rmse-1.2634, valid_pr-0.7302
Validation : valid_rmse-1.2634, valid_pr-0.7302, 
test2013_rmse-1.3548, test2013_pr-0.8401, test2016_rmse-1.2222, test2016_pr-0.8387, test2019_rmse-1.3765, test2019_pr-0.6431
epoch-225, train_loss-0.1562, train_rmse-0.3952, valid_rmse-1.2834, valid_pr-0.7242
epoch-226, train_loss-0.1623, train_rmse-0.4029, valid_rmse-1.2834, valid_pr-0.7294
epoch-227, train_loss-0.1565, train_rmse-0.3956, valid_rmse-1.2789, valid_pr-0.7288
epoch-228, train_loss-0.1613, train_rmse-0.4017, valid_rmse-1.2701, valid_pr-0.7310
epoch-229, train_loss-0.1531, train_rmse-0.3913, valid_rmse-1.2635, valid_pr-0.7320
epoch-230, train_loss-0.1548, train_rmse-0.3934, valid_rmse-1.2516, valid_pr-0.7363
Validation : valid_rmse-1.2516, valid_pr-0.7363, 
test2013_rmse-1.3407, test2013_pr-0.8382, test2016_rmse-1.1875, test2016_pr-0.8470, test2019_rmse-1.3853, test2019_pr-0.6392
epoch-231, train_loss-0.1522, train_rmse-0.3901, valid_rmse-1.2708, valid_pr-0.7350
epoch-232, train_loss-0.1437, train_rmse-0.3790, valid_rmse-1.2723, valid_pr-0.7291
epoch-233, train_loss-0.1516, train_rmse-0.3893, valid_rmse-1.2776, valid_pr-0.7257
epoch-234, train_loss-0.1531, train_rmse-0.3913, valid_rmse-1.2765, valid_pr-0.7294
epoch-235, train_loss-0.1511, train_rmse-0.3887, valid_rmse-1.2732, valid_pr-0.7276
epoch-236, train_loss-0.1511, train_rmse-0.3887, valid_rmse-1.2495, valid_pr-0.7394
Validation : valid_rmse-1.2495, valid_pr-0.7394, 
test2013_rmse-1.3013, test2013_pr-0.8447, test2016_rmse-1.1645, test2016_pr-0.8502, test2019_rmse-1.3977, test2019_pr-0.6364
epoch-237, train_loss-0.1593, train_rmse-0.3991, valid_rmse-1.3053, valid_pr-0.7264
epoch-238, train_loss-0.1546, train_rmse-0.3931, valid_rmse-1.3061, valid_pr-0.7191
epoch-239, train_loss-0.1459, train_rmse-0.3820, valid_rmse-1.2804, valid_pr-0.7323
epoch-240, train_loss-0.1436, train_rmse-0.3789, valid_rmse-1.2894, valid_pr-0.7285
epoch-241, train_loss-0.1559, train_rmse-0.3949, valid_rmse-1.2805, valid_pr-0.7274
epoch-242, train_loss-0.1457, train_rmse-0.3817, valid_rmse-1.2752, valid_pr-0.7278
epoch-243, train_loss-0.1395, train_rmse-0.3734, valid_rmse-1.2777, valid_pr-0.7285
epoch-244, train_loss-0.1522, train_rmse-0.3901, valid_rmse-1.2697, valid_pr-0.7310
epoch-245, train_loss-0.1462, train_rmse-0.3823, valid_rmse-1.3033, valid_pr-0.7297
epoch-246, train_loss-0.1458, train_rmse-0.3818, valid_rmse-1.2688, valid_pr-0.7309
epoch-247, train_loss-0.1454, train_rmse-0.3814, valid_rmse-1.2629, valid_pr-0.7329
epoch-248, train_loss-0.1460, train_rmse-0.3821, valid_rmse-1.2617, valid_pr-0.7342
epoch-249, train_loss-0.1328, train_rmse-0.3644, valid_rmse-1.2821, valid_pr-0.7208
epoch-250, train_loss-0.1460, train_rmse-0.3821, valid_rmse-1.2877, valid_pr-0.7341
epoch-251, train_loss-0.1445, train_rmse-0.3802, valid_rmse-1.2654, valid_pr-0.7363
epoch-252, train_loss-0.1326, train_rmse-0.3642, valid_rmse-1.2680, valid_pr-0.7345
epoch-253, train_loss-0.1542, train_rmse-0.3927, valid_rmse-1.2642, valid_pr-0.7312
epoch-254, train_loss-0.1471, train_rmse-0.3835, valid_rmse-1.2533, valid_pr-0.7363
epoch-255, train_loss-0.1461, train_rmse-0.3822, valid_rmse-1.2733, valid_pr-0.7314
epoch-256, train_loss-0.1580, train_rmse-0.3975, valid_rmse-1.2903, valid_pr-0.7224
epoch-257, train_loss-0.1429, train_rmse-0.3780, valid_rmse-1.3116, valid_pr-0.7339
epoch-258, train_loss-0.1482, train_rmse-0.3849, valid_rmse-1.2579, valid_pr-0.7358
epoch-259, train_loss-0.1520, train_rmse-0.3899, valid_rmse-1.2754, valid_pr-0.7319
epoch-260, train_loss-0.1509, train_rmse-0.3885, valid_rmse-1.2429, valid_pr-0.7409
Validation : valid_rmse-1.2429, valid_pr-0.7409, 
test2013_rmse-1.3127, test2013_pr-0.8417, test2016_rmse-1.1824, test2016_pr-0.8461, test2019_rmse-1.3891, test2019_pr-0.6401
epoch-261, train_loss-0.1442, train_rmse-0.3797, valid_rmse-1.2603, valid_pr-0.7329
epoch-262, train_loss-0.1391, train_rmse-0.3729, valid_rmse-1.2895, valid_pr-0.7319
epoch-263, train_loss-0.1429, train_rmse-0.3780, valid_rmse-1.2665, valid_pr-0.7298
epoch-264, train_loss-0.1465, train_rmse-0.3827, valid_rmse-1.2572, valid_pr-0.7343
epoch-265, train_loss-0.1369, train_rmse-0.3700, valid_rmse-1.2711, valid_pr-0.7346
epoch-266, train_loss-0.1325, train_rmse-0.3640, valid_rmse-1.2594, valid_pr-0.7324
epoch-267, train_loss-0.1445, train_rmse-0.3801, valid_rmse-1.2701, valid_pr-0.7292
epoch-268, train_loss-0.1385, train_rmse-0.3721, valid_rmse-1.3016, valid_pr-0.7242
epoch-269, train_loss-0.1530, train_rmse-0.3912, valid_rmse-1.2720, valid_pr-0.7305
epoch-270, train_loss-0.1342, train_rmse-0.3664, valid_rmse-1.2737, valid_pr-0.7313
epoch-271, train_loss-0.1357, train_rmse-0.3684, valid_rmse-1.2637, valid_pr-0.7311
epoch-272, train_loss-0.1399, train_rmse-0.3740, valid_rmse-1.2532, valid_pr-0.7360
epoch-273, train_loss-0.1431, train_rmse-0.3783, valid_rmse-1.2647, valid_pr-0.7369
epoch-274, train_loss-0.1352, train_rmse-0.3676, valid_rmse-1.3239, valid_pr-0.7293
epoch-275, train_loss-0.1423, train_rmse-0.3772, valid_rmse-1.2613, valid_pr-0.7321
epoch-276, train_loss-0.1542, train_rmse-0.3927, valid_rmse-1.2592, valid_pr-0.7347
epoch-277, train_loss-0.1427, train_rmse-0.3778, valid_rmse-1.2729, valid_pr-0.7315
epoch-278, train_loss-0.1286, train_rmse-0.3586, valid_rmse-1.2609, valid_pr-0.7377
epoch-279, train_loss-0.1341, train_rmse-0.3661, valid_rmse-1.2896, valid_pr-0.7352
epoch-280, train_loss-0.1545, train_rmse-0.3930, valid_rmse-1.2661, valid_pr-0.7354
epoch-281, train_loss-0.1353, train_rmse-0.3678, valid_rmse-1.2618, valid_pr-0.7371
epoch-282, train_loss-0.1464, train_rmse-0.3826, valid_rmse-1.2743, valid_pr-0.7317
epoch-283, train_loss-0.1465, train_rmse-0.3828, valid_rmse-1.2631, valid_pr-0.7338
epoch-284, train_loss-0.1355, train_rmse-0.3681, valid_rmse-1.2530, valid_pr-0.7383
epoch-285, train_loss-0.1457, train_rmse-0.3817, valid_rmse-1.2731, valid_pr-0.7334
epoch-286, train_loss-0.1478, train_rmse-0.3844, valid_rmse-1.2705, valid_pr-0.7323
epoch-287, train_loss-0.1392, train_rmse-0.3731, valid_rmse-1.2658, valid_pr-0.7302
epoch-288, train_loss-0.1359, train_rmse-0.3686, valid_rmse-1.2718, valid_pr-0.7295
epoch-289, train_loss-0.1379, train_rmse-0.3714, valid_rmse-1.2671, valid_pr-0.7298
epoch-290, train_loss-0.1302, train_rmse-0.3608, valid_rmse-1.2592, valid_pr-0.7329
epoch-291, train_loss-0.1427, train_rmse-0.3778, valid_rmse-1.2759, valid_pr-0.7277
epoch-292, train_loss-0.1380, train_rmse-0.3715, valid_rmse-1.2704, valid_pr-0.7350
epoch-293, train_loss-0.1288, train_rmse-0.3589, valid_rmse-1.2533, valid_pr-0.7370
epoch-294, train_loss-0.1283, train_rmse-0.3582, valid_rmse-1.2591, valid_pr-0.7361
epoch-295, train_loss-0.1389, train_rmse-0.3726, valid_rmse-1.2531, valid_pr-0.7357
epoch-296, train_loss-0.1263, train_rmse-0.3554, valid_rmse-1.2664, valid_pr-0.7357
epoch-297, train_loss-0.1366, train_rmse-0.3697, valid_rmse-1.2763, valid_pr-0.7311
epoch-298, train_loss-0.1277, train_rmse-0.3574, valid_rmse-1.2637, valid_pr-0.7344
epoch-299, train_loss-0.1301, train_rmse-0.3607, valid_rmse-1.2520, valid_pr-0.7377
epoch-300, train_loss-0.1396, train_rmse-0.3736, valid_rmse-1.2519, valid_pr-0.7359
epoch-301, train_loss-0.1427, train_rmse-0.3777, valid_rmse-1.2927, valid_pr-0.7272
epoch-302, train_loss-0.1277, train_rmse-0.3574, valid_rmse-1.2535, valid_pr-0.7356
epoch-303, train_loss-0.1287, train_rmse-0.3587, valid_rmse-1.3077, valid_pr-0.7279
epoch-304, train_loss-0.1445, train_rmse-0.3801, valid_rmse-1.3328, valid_pr-0.7282
epoch-305, train_loss-0.1340, train_rmse-0.3661, valid_rmse-1.2804, valid_pr-0.7324
epoch-306, train_loss-0.1309, train_rmse-0.3618, valid_rmse-1.2728, valid_pr-0.7322
epoch-307, train_loss-0.1346, train_rmse-0.3668, valid_rmse-1.3002, valid_pr-0.7311
epoch-308, train_loss-0.1411, train_rmse-0.3757, valid_rmse-1.2681, valid_pr-0.7347
epoch-309, train_loss-0.1377, train_rmse-0.3711, valid_rmse-1.3027, valid_pr-0.7276
epoch-310, train_loss-0.1237, train_rmse-0.3517, valid_rmse-1.2610, valid_pr-0.7339
epoch-311, train_loss-0.1385, train_rmse-0.3722, valid_rmse-1.2831, valid_pr-0.7258
epoch-312, train_loss-0.1262, train_rmse-0.3553, valid_rmse-1.2783, valid_pr-0.7337
epoch-313, train_loss-0.1089, train_rmse-0.3300, valid_rmse-1.2516, valid_pr-0.7369
epoch-314, train_loss-0.1137, train_rmse-0.3372, valid_rmse-1.2650, valid_pr-0.7375
epoch-315, train_loss-0.1151, train_rmse-0.3392, valid_rmse-1.2649, valid_pr-0.7434
epoch-316, train_loss-0.1063, train_rmse-0.3261, valid_rmse-1.2489, valid_pr-0.7379
epoch-317, train_loss-0.1021, train_rmse-0.3196, valid_rmse-1.2497, valid_pr-0.7379
epoch-318, train_loss-0.1030, train_rmse-0.3209, valid_rmse-1.2477, valid_pr-0.7388
epoch-319, train_loss-0.1063, train_rmse-0.3260, valid_rmse-1.2593, valid_pr-0.7361
epoch-320, train_loss-0.1030, train_rmse-0.3209, valid_rmse-1.2521, valid_pr-0.7375
epoch-321, train_loss-0.1089, train_rmse-0.3301, valid_rmse-1.2556, valid_pr-0.7380
epoch-322, train_loss-0.1057, train_rmse-0.3251, valid_rmse-1.2506, valid_pr-0.7378
epoch-323, train_loss-0.1077, train_rmse-0.3281, valid_rmse-1.2520, valid_pr-0.7380
epoch-324, train_loss-0.1009, train_rmse-0.3176, valid_rmse-1.2547, valid_pr-0.7362
epoch-325, train_loss-0.1059, train_rmse-0.3254, valid_rmse-1.2550, valid_pr-0.7366
epoch-326, train_loss-0.1039, train_rmse-0.3224, valid_rmse-1.2433, valid_pr-0.7404
epoch-327, train_loss-0.1014, train_rmse-0.3184, valid_rmse-1.2416, valid_pr-0.7412
Validation : valid_rmse-1.2416, valid_pr-0.7412, 
test2013_rmse-1.3176, test2013_pr-0.8454, test2016_rmse-1.1862, test2016_pr-0.8472, test2019_rmse-1.3759, test2019_pr-0.6449
epoch-328, train_loss-0.1038, train_rmse-0.3222, valid_rmse-1.2535, valid_pr-0.7360
epoch-329, train_loss-0.1114, train_rmse-0.3337, valid_rmse-1.2596, valid_pr-0.7358
epoch-330, train_loss-0.1098, train_rmse-0.3314, valid_rmse-1.2506, valid_pr-0.7391
epoch-331, train_loss-0.1013, train_rmse-0.3183, valid_rmse-1.2510, valid_pr-0.7381
epoch-332, train_loss-0.1061, train_rmse-0.3257, valid_rmse-1.2512, valid_pr-0.7371
epoch-333, train_loss-0.0982, train_rmse-0.3134, valid_rmse-1.2466, valid_pr-0.7392
epoch-334, train_loss-0.1026, train_rmse-0.3203, valid_rmse-1.2514, valid_pr-0.7379
epoch-335, train_loss-0.1012, train_rmse-0.3181, valid_rmse-1.2505, valid_pr-0.7383
epoch-336, train_loss-0.1060, train_rmse-0.3256, valid_rmse-1.2454, valid_pr-0.7402
epoch-337, train_loss-0.1180, train_rmse-0.3435, valid_rmse-1.2437, valid_pr-0.7416
epoch-338, train_loss-0.1122, train_rmse-0.3350, valid_rmse-1.2482, valid_pr-0.7382
epoch-339, train_loss-0.1070, train_rmse-0.3271, valid_rmse-1.2536, valid_pr-0.7397
epoch-340, train_loss-0.1076, train_rmse-0.3281, valid_rmse-1.2478, valid_pr-0.7412
epoch-341, train_loss-0.1069, train_rmse-0.3270, valid_rmse-1.2465, valid_pr-0.7415
epoch-342, train_loss-0.1147, train_rmse-0.3387, valid_rmse-1.2681, valid_pr-0.7407
epoch-343, train_loss-0.1089, train_rmse-0.3300, valid_rmse-1.2555, valid_pr-0.7384
epoch-344, train_loss-0.1018, train_rmse-0.3191, valid_rmse-1.2495, valid_pr-0.7388
epoch-345, train_loss-0.1122, train_rmse-0.3350, valid_rmse-1.2556, valid_pr-0.7358
epoch-346, train_loss-0.1058, train_rmse-0.3253, valid_rmse-1.2445, valid_pr-0.7399
epoch-347, train_loss-0.1154, train_rmse-0.3397, valid_rmse-1.2420, valid_pr-0.7412
epoch-348, train_loss-0.1077, train_rmse-0.3282, valid_rmse-1.2464, valid_pr-0.7405
epoch-349, train_loss-0.1149, train_rmse-0.3389, valid_rmse-1.2457, valid_pr-0.7398
epoch-350, train_loss-0.1143, train_rmse-0.3381, valid_rmse-1.2490, valid_pr-0.7408
epoch-351, train_loss-0.1086, train_rmse-0.3295, valid_rmse-1.2477, valid_pr-0.7400
epoch-352, train_loss-0.1116, train_rmse-0.3341, valid_rmse-1.2588, valid_pr-0.7414
epoch-353, train_loss-0.1089, train_rmse-0.3300, valid_rmse-1.2462, valid_pr-0.7400
epoch-354, train_loss-0.1009, train_rmse-0.3177, valid_rmse-1.2521, valid_pr-0.7400
epoch-355, train_loss-0.1040, train_rmse-0.3225, valid_rmse-1.2521, valid_pr-0.7395
epoch-356, train_loss-0.1108, train_rmse-0.3329, valid_rmse-1.2457, valid_pr-0.7422
epoch-357, train_loss-0.1102, train_rmse-0.3320, valid_rmse-1.2587, valid_pr-0.7379
epoch-358, train_loss-0.1011, train_rmse-0.3179, valid_rmse-1.2451, valid_pr-0.7402
epoch-359, train_loss-0.1131, train_rmse-0.3363, valid_rmse-1.2689, valid_pr-0.7390
epoch-360, train_loss-0.1047, train_rmse-0.3236, valid_rmse-1.2361, valid_pr-0.7456
Validation : valid_rmse-1.2361, valid_pr-0.7456, 
test2013_rmse-1.3198, test2013_pr-0.8474, test2016_rmse-1.1921, test2016_pr-0.8461, test2019_rmse-1.3741, test2019_pr-0.6498
epoch-361, train_loss-0.1054, train_rmse-0.3246, valid_rmse-1.2450, valid_pr-0.7408
epoch-362, train_loss-0.0988, train_rmse-0.3144, valid_rmse-1.2734, valid_pr-0.7397
epoch-363, train_loss-0.1005, train_rmse-0.3171, valid_rmse-1.2425, valid_pr-0.7418
epoch-364, train_loss-0.1000, train_rmse-0.3162, valid_rmse-1.2481, valid_pr-0.7400
epoch-365, train_loss-0.0977, train_rmse-0.3125, valid_rmse-1.2567, valid_pr-0.7355
epoch-366, train_loss-0.1078, train_rmse-0.3283, valid_rmse-1.2479, valid_pr-0.7387
epoch-367, train_loss-0.1051, train_rmse-0.3242, valid_rmse-1.2468, valid_pr-0.7419
epoch-368, train_loss-0.1118, train_rmse-0.3343, valid_rmse-1.2389, valid_pr-0.7440
epoch-369, train_loss-0.1066, train_rmse-0.3265, valid_rmse-1.2840, valid_pr-0.7367
epoch-370, train_loss-0.1036, train_rmse-0.3219, valid_rmse-1.2445, valid_pr-0.7406
epoch-371, train_loss-0.1023, train_rmse-0.3198, valid_rmse-1.2468, valid_pr-0.7417
epoch-372, train_loss-0.0983, train_rmse-0.3135, valid_rmse-1.2444, valid_pr-0.7407
epoch-373, train_loss-0.0966, train_rmse-0.3108, valid_rmse-1.2432, valid_pr-0.7403
epoch-374, train_loss-0.1052, train_rmse-0.3244, valid_rmse-1.2509, valid_pr-0.7375
epoch-375, train_loss-0.1022, train_rmse-0.3198, valid_rmse-1.2491, valid_pr-0.7391
epoch-376, train_loss-0.0966, train_rmse-0.3108, valid_rmse-1.2498, valid_pr-0.7398
epoch-377, train_loss-0.0983, train_rmse-0.3136, valid_rmse-1.2535, valid_pr-0.7365
epoch-378, train_loss-0.0918, train_rmse-0.3029, valid_rmse-1.2652, valid_pr-0.7374
epoch-379, train_loss-0.0972, train_rmse-0.3118, valid_rmse-1.2511, valid_pr-0.7369
epoch-380, train_loss-0.0988, train_rmse-0.3143, valid_rmse-1.2509, valid_pr-0.7394
epoch-381, train_loss-0.0984, train_rmse-0.3136, valid_rmse-1.2539, valid_pr-0.7354
epoch-382, train_loss-0.1002, train_rmse-0.3165, valid_rmse-1.2533, valid_pr-0.7379
epoch-383, train_loss-0.0977, train_rmse-0.3126, valid_rmse-1.2532, valid_pr-0.7365
epoch-384, train_loss-0.1018, train_rmse-0.3191, valid_rmse-1.2464, valid_pr-0.7412
epoch-385, train_loss-0.0994, train_rmse-0.3153, valid_rmse-1.2497, valid_pr-0.7377
epoch-386, train_loss-0.0946, train_rmse-0.3075, valid_rmse-1.2383, valid_pr-0.7428
epoch-387, train_loss-0.1039, train_rmse-0.3223, valid_rmse-1.2468, valid_pr-0.7393
epoch-388, train_loss-0.1102, train_rmse-0.3320, valid_rmse-1.2466, valid_pr-0.7390
epoch-389, train_loss-0.0994, train_rmse-0.3153, valid_rmse-1.2575, valid_pr-0.7385
epoch-390, train_loss-0.1009, train_rmse-0.3177, valid_rmse-1.2545, valid_pr-0.7420
epoch-391, train_loss-0.1154, train_rmse-0.3398, valid_rmse-1.2539, valid_pr-0.7392
epoch-392, train_loss-0.1047, train_rmse-0.3236, valid_rmse-1.2656, valid_pr-0.7429
epoch-393, train_loss-0.1034, train_rmse-0.3216, valid_rmse-1.2453, valid_pr-0.7416
epoch-394, train_loss-0.1031, train_rmse-0.3211, valid_rmse-1.2541, valid_pr-0.7395
epoch-395, train_loss-0.0990, train_rmse-0.3147, valid_rmse-1.2520, valid_pr-0.7385
epoch-396, train_loss-0.0997, train_rmse-0.3158, valid_rmse-1.2454, valid_pr-0.7410
epoch-397, train_loss-0.1086, train_rmse-0.3295, valid_rmse-1.2520, valid_pr-0.7397
epoch-398, train_loss-0.1101, train_rmse-0.3319, valid_rmse-1.2484, valid_pr-0.7407
epoch-399, train_loss-0.0993, train_rmse-0.3151, valid_rmse-1.2341, valid_pr-0.7439
Validation : valid_rmse-1.2341, valid_pr-0.7439, 
test2013_rmse-1.3310, test2013_pr-0.8470, test2016_rmse-1.1845, test2016_pr-0.8520, test2019_rmse-1.3635, test2019_pr-0.6495
epoch-400, train_loss-0.1077, train_rmse-0.3281, valid_rmse-1.2445, valid_pr-0.7421
epoch-401, train_loss-0.1084, train_rmse-0.3292, valid_rmse-1.2494, valid_pr-0.7396
epoch-402, train_loss-0.1030, train_rmse-0.3210, valid_rmse-1.2533, valid_pr-0.7364
epoch-403, train_loss-0.0998, train_rmse-0.3159, valid_rmse-1.2551, valid_pr-0.7395
epoch-404, train_loss-0.1029, train_rmse-0.3208, valid_rmse-1.2440, valid_pr-0.7419
epoch-405, train_loss-0.0961, train_rmse-0.3100, valid_rmse-1.2405, valid_pr-0.7420
epoch-406, train_loss-0.1047, train_rmse-0.3236, valid_rmse-1.2399, valid_pr-0.7426
epoch-407, train_loss-0.1020, train_rmse-0.3194, valid_rmse-1.2438, valid_pr-0.7419
epoch-408, train_loss-0.0987, train_rmse-0.3142, valid_rmse-1.2532, valid_pr-0.7391
epoch-409, train_loss-0.0985, train_rmse-0.3138, valid_rmse-1.2429, valid_pr-0.7407
epoch-410, train_loss-0.1052, train_rmse-0.3243, valid_rmse-1.2418, valid_pr-0.7409
epoch-411, train_loss-0.1050, train_rmse-0.3240, valid_rmse-1.2468, valid_pr-0.7402
epoch-412, train_loss-0.1044, train_rmse-0.3232, valid_rmse-1.2390, valid_pr-0.7432
epoch-413, train_loss-0.1046, train_rmse-0.3234, valid_rmse-1.2523, valid_pr-0.7402
epoch-414, train_loss-0.1043, train_rmse-0.3230, valid_rmse-1.2527, valid_pr-0.7362
epoch-415, train_loss-0.1049, train_rmse-0.3238, valid_rmse-1.2567, valid_pr-0.7377
epoch-416, train_loss-0.1090, train_rmse-0.3301, valid_rmse-1.2501, valid_pr-0.7415
epoch-417, train_loss-0.1022, train_rmse-0.3196, valid_rmse-1.2498, valid_pr-0.7403
epoch-418, train_loss-0.0976, train_rmse-0.3124, valid_rmse-1.2370, valid_pr-0.7435
epoch-419, train_loss-0.0984, train_rmse-0.3137, valid_rmse-1.2331, valid_pr-0.7449
Validation : valid_rmse-1.2331, valid_pr-0.7449, 
test2013_rmse-1.3481, test2013_pr-0.8417, test2016_rmse-1.1975, test2016_pr-0.8496, test2019_rmse-1.3582, test2019_pr-0.6520
epoch-420, train_loss-0.1049, train_rmse-0.3239, valid_rmse-1.2405, valid_pr-0.7415
epoch-421, train_loss-0.1091, train_rmse-0.3303, valid_rmse-1.2433, valid_pr-0.7433
epoch-422, train_loss-0.1057, train_rmse-0.3251, valid_rmse-1.2504, valid_pr-0.7392
epoch-423, train_loss-0.1058, train_rmse-0.3252, valid_rmse-1.2498, valid_pr-0.7381
epoch-424, train_loss-0.1001, train_rmse-0.3164, valid_rmse-1.2441, valid_pr-0.7403
epoch-425, train_loss-0.1002, train_rmse-0.3166, valid_rmse-1.2430, valid_pr-0.7415
epoch-426, train_loss-0.0984, train_rmse-0.3137, valid_rmse-1.2421, valid_pr-0.7421
epoch-427, train_loss-0.1080, train_rmse-0.3286, valid_rmse-1.2515, valid_pr-0.7365
epoch-428, train_loss-0.1035, train_rmse-0.3218, valid_rmse-1.2427, valid_pr-0.7421
epoch-429, train_loss-0.1032, train_rmse-0.3212, valid_rmse-1.2399, valid_pr-0.7409
epoch-430, train_loss-0.0974, train_rmse-0.3121, valid_rmse-1.2383, valid_pr-0.7433
epoch-431, train_loss-0.1056, train_rmse-0.3249, valid_rmse-1.2508, valid_pr-0.7409
epoch-432, train_loss-0.1014, train_rmse-0.3184, valid_rmse-1.2422, valid_pr-0.7429
epoch-433, train_loss-0.1019, train_rmse-0.3192, valid_rmse-1.2383, valid_pr-0.7431
epoch-434, train_loss-0.0969, train_rmse-0.3113, valid_rmse-1.2457, valid_pr-0.7396
epoch-435, train_loss-0.0921, train_rmse-0.3034, valid_rmse-1.2373, valid_pr-0.7427
epoch-436, train_loss-0.0974, train_rmse-0.3121, valid_rmse-1.2385, valid_pr-0.7440
epoch-437, train_loss-0.1005, train_rmse-0.3170, valid_rmse-1.2383, valid_pr-0.7433
epoch-438, train_loss-0.1020, train_rmse-0.3194, valid_rmse-1.2485, valid_pr-0.7397
epoch-439, train_loss-0.1045, train_rmse-0.3233, valid_rmse-1.2508, valid_pr-0.7400
epoch-440, train_loss-0.0914, train_rmse-0.3024, valid_rmse-1.2344, valid_pr-0.7442
epoch-441, train_loss-0.0984, train_rmse-0.3137, valid_rmse-1.2397, valid_pr-0.7428
epoch-442, train_loss-0.0912, train_rmse-0.3020, valid_rmse-1.2375, valid_pr-0.7442
epoch-443, train_loss-0.0944, train_rmse-0.3072, valid_rmse-1.2371, valid_pr-0.7436
epoch-444, train_loss-0.1036, train_rmse-0.3219, valid_rmse-1.2381, valid_pr-0.7434
epoch-445, train_loss-0.1039, train_rmse-0.3223, valid_rmse-1.2380, valid_pr-0.7419
epoch-446, train_loss-0.0984, train_rmse-0.3136, valid_rmse-1.2366, valid_pr-0.7442
epoch-447, train_loss-0.0975, train_rmse-0.3122, valid_rmse-1.2514, valid_pr-0.7426
epoch-448, train_loss-0.1080, train_rmse-0.3286, valid_rmse-1.2446, valid_pr-0.7406
epoch-449, train_loss-0.1020, train_rmse-0.3194, valid_rmse-1.2474, valid_pr-0.7395
epoch-450, train_loss-0.1023, train_rmse-0.3198, valid_rmse-1.2469, valid_pr-0.7434
epoch-451, train_loss-0.1037, train_rmse-0.3220, valid_rmse-1.2365, valid_pr-0.7438
epoch-452, train_loss-0.0965, train_rmse-0.3106, valid_rmse-1.2313, valid_pr-0.7455
Validation : valid_rmse-1.2313, valid_pr-0.7455, 
test2013_rmse-1.3300, test2013_pr-0.8462, test2016_rmse-1.1892, test2016_pr-0.8474, test2019_rmse-1.3627, test2019_pr-0.6508
epoch-453, train_loss-0.1000, train_rmse-0.3163, valid_rmse-1.2365, valid_pr-0.7430
epoch-454, train_loss-0.0954, train_rmse-0.3089, valid_rmse-1.2437, valid_pr-0.7436
epoch-455, train_loss-0.1027, train_rmse-0.3205, valid_rmse-1.2405, valid_pr-0.7460
epoch-456, train_loss-0.0941, train_rmse-0.3067, valid_rmse-1.2407, valid_pr-0.7443
epoch-457, train_loss-0.1097, train_rmse-0.3312, valid_rmse-1.2352, valid_pr-0.7460
epoch-458, train_loss-0.1002, train_rmse-0.3166, valid_rmse-1.2458, valid_pr-0.7408
epoch-459, train_loss-0.1113, train_rmse-0.3337, valid_rmse-1.2508, valid_pr-0.7401
epoch-460, train_loss-0.0963, train_rmse-0.3104, valid_rmse-1.2597, valid_pr-0.7395
epoch-461, train_loss-0.0971, train_rmse-0.3116, valid_rmse-1.2554, valid_pr-0.7406
epoch-462, train_loss-0.0929, train_rmse-0.3047, valid_rmse-1.2448, valid_pr-0.7404
epoch-463, train_loss-0.0906, train_rmse-0.3010, valid_rmse-1.2441, valid_pr-0.7406
epoch-464, train_loss-0.0978, train_rmse-0.3127, valid_rmse-1.2355, valid_pr-0.7447
epoch-465, train_loss-0.1021, train_rmse-0.3195, valid_rmse-1.2458, valid_pr-0.7417
epoch-466, train_loss-0.1031, train_rmse-0.3211, valid_rmse-1.2443, valid_pr-0.7405
epoch-467, train_loss-0.0976, train_rmse-0.3125, valid_rmse-1.2440, valid_pr-0.7418
epoch-468, train_loss-0.0943, train_rmse-0.3071, valid_rmse-1.2417, valid_pr-0.7415
epoch-469, train_loss-0.1038, train_rmse-0.3222, valid_rmse-1.2392, valid_pr-0.7418
epoch-470, train_loss-0.1009, train_rmse-0.3177, valid_rmse-1.2318, valid_pr-0.7456
epoch-471, train_loss-0.0980, train_rmse-0.3131, valid_rmse-1.2373, valid_pr-0.7426
epoch-472, train_loss-0.1009, train_rmse-0.3176, valid_rmse-1.2308, valid_pr-0.7461
Validation : valid_rmse-1.2308, valid_pr-0.7461, 
test2013_rmse-1.3268, test2013_pr-0.8450, test2016_rmse-1.1891, test2016_pr-0.8470, test2019_rmse-1.3645, test2019_pr-0.6514
epoch-473, train_loss-0.0968, train_rmse-0.3111, valid_rmse-1.2375, valid_pr-0.7437
epoch-474, train_loss-0.0964, train_rmse-0.3104, valid_rmse-1.2313, valid_pr-0.7451
epoch-475, train_loss-0.1079, train_rmse-0.3285, valid_rmse-1.2392, valid_pr-0.7455
epoch-476, train_loss-0.0957, train_rmse-0.3094, valid_rmse-1.2367, valid_pr-0.7440
epoch-477, train_loss-0.0875, train_rmse-0.2958, valid_rmse-1.2285, valid_pr-0.7488
Validation : valid_rmse-1.2285, valid_pr-0.7488, 
test2013_rmse-1.3240, test2013_pr-0.8446, test2016_rmse-1.1760, test2016_pr-0.8497, test2019_rmse-1.3717, test2019_pr-0.6493
epoch-478, train_loss-0.1097, train_rmse-0.3312, valid_rmse-1.2360, valid_pr-0.7459
epoch-479, train_loss-0.0926, train_rmse-0.3043, valid_rmse-1.2585, valid_pr-0.7455
epoch-480, train_loss-0.1023, train_rmse-0.3198, valid_rmse-1.2392, valid_pr-0.7438
epoch-481, train_loss-0.0897, train_rmse-0.2994, valid_rmse-1.2447, valid_pr-0.7451
epoch-482, train_loss-0.0954, train_rmse-0.3088, valid_rmse-1.2535, valid_pr-0.7433
epoch-483, train_loss-0.0954, train_rmse-0.3088, valid_rmse-1.2329, valid_pr-0.7443
epoch-484, train_loss-0.1006, train_rmse-0.3172, valid_rmse-1.2346, valid_pr-0.7459
epoch-485, train_loss-0.0965, train_rmse-0.3107, valid_rmse-1.2340, valid_pr-0.7451
epoch-486, train_loss-0.0940, train_rmse-0.3066, valid_rmse-1.2351, valid_pr-0.7454
epoch-487, train_loss-0.0995, train_rmse-0.3155, valid_rmse-1.2293, valid_pr-0.7469
epoch-488, train_loss-0.0984, train_rmse-0.3137, valid_rmse-1.2496, valid_pr-0.7415
epoch-489, train_loss-0.0939, train_rmse-0.3064, valid_rmse-1.2384, valid_pr-0.7443
epoch-490, train_loss-0.0929, train_rmse-0.3047, valid_rmse-1.2283, valid_pr-0.7474
Validation : valid_rmse-1.2283, valid_pr-0.7474, 
test2013_rmse-1.3084, test2013_pr-0.8487, test2016_rmse-1.1674, test2016_pr-0.8538, test2019_rmse-1.3664, test2019_pr-0.6508
epoch-491, train_loss-0.1051, train_rmse-0.3242, valid_rmse-1.2447, valid_pr-0.7429
epoch-492, train_loss-0.0933, train_rmse-0.3054, valid_rmse-1.2263, valid_pr-0.7480
Validation : valid_rmse-1.2263, valid_pr-0.7480, 
test2013_rmse-1.3101, test2013_pr-0.8486, test2016_rmse-1.1679, test2016_pr-0.8537, test2019_rmse-1.3633, test2019_pr-0.6525
epoch-493, train_loss-0.0934, train_rmse-0.3057, valid_rmse-1.2305, valid_pr-0.7462
epoch-494, train_loss-0.0980, train_rmse-0.3131, valid_rmse-1.2363, valid_pr-0.7463
epoch-495, train_loss-0.0963, train_rmse-0.3103, valid_rmse-1.2394, valid_pr-0.7464
epoch-496, train_loss-0.0930, train_rmse-0.3050, valid_rmse-1.2433, valid_pr-0.7435
epoch-497, train_loss-0.0991, train_rmse-0.3147, valid_rmse-1.2349, valid_pr-0.7454
epoch-498, train_loss-0.0966, train_rmse-0.3107, valid_rmse-1.2338, valid_pr-0.7443
epoch-499, train_loss-0.0974, train_rmse-0.3121, valid_rmse-1.2372, valid_pr-0.7438
epoch-500, train_loss-0.0925, train_rmse-0.3041, valid_rmse-1.2251, valid_pr-0.7483
Validation : valid_rmse-1.2251, valid_pr-0.7483, 
test2013_rmse-1.3238, test2013_pr-0.8485, test2016_rmse-1.1870, test2016_pr-0.8499, test2019_rmse-1.3669, test2019_pr-0.6478
epoch-501, train_loss-0.0948, train_rmse-0.3080, valid_rmse-1.2238, valid_pr-0.7492
Validation : valid_rmse-1.2238, valid_pr-0.7492, 
test2013_rmse-1.3261, test2013_pr-0.8503, test2016_rmse-1.1961, test2016_pr-0.8509, test2019_rmse-1.3634, test2019_pr-0.6491
epoch-502, train_loss-0.0950, train_rmse-0.3082, valid_rmse-1.2324, valid_pr-0.7485
epoch-503, train_loss-0.0915, train_rmse-0.3025, valid_rmse-1.2380, valid_pr-0.7434
epoch-504, train_loss-0.0980, train_rmse-0.3130, valid_rmse-1.2295, valid_pr-0.7464
epoch-505, train_loss-0.0984, train_rmse-0.3137, valid_rmse-1.2403, valid_pr-0.7428
epoch-506, train_loss-0.1002, train_rmse-0.3166, valid_rmse-1.2425, valid_pr-0.7442
epoch-507, train_loss-0.1114, train_rmse-0.3338, valid_rmse-1.2359, valid_pr-0.7448
epoch-508, train_loss-0.0947, train_rmse-0.3077, valid_rmse-1.2451, valid_pr-0.7409
epoch-509, train_loss-0.0910, train_rmse-0.3016, valid_rmse-1.2398, valid_pr-0.7431
epoch-510, train_loss-0.0872, train_rmse-0.2952, valid_rmse-1.2375, valid_pr-0.7441
epoch-511, train_loss-0.0906, train_rmse-0.3011, valid_rmse-1.2419, valid_pr-0.7435
epoch-512, train_loss-0.0933, train_rmse-0.3054, valid_rmse-1.2339, valid_pr-0.7460
epoch-513, train_loss-0.0986, train_rmse-0.3141, valid_rmse-1.2336, valid_pr-0.7448
epoch-514, train_loss-0.0966, train_rmse-0.3108, valid_rmse-1.2397, valid_pr-0.7434
epoch-515, train_loss-0.1119, train_rmse-0.3345, valid_rmse-1.2410, valid_pr-0.7446
epoch-516, train_loss-0.0945, train_rmse-0.3074, valid_rmse-1.2326, valid_pr-0.7455
epoch-517, train_loss-0.0951, train_rmse-0.3085, valid_rmse-1.2291, valid_pr-0.7475
epoch-518, train_loss-0.0941, train_rmse-0.3067, valid_rmse-1.2276, valid_pr-0.7490
epoch-519, train_loss-0.0967, train_rmse-0.3110, valid_rmse-1.2226, valid_pr-0.7496
Validation : valid_rmse-1.2226, valid_pr-0.7496, 
test2013_rmse-1.3280, test2013_pr-0.8475, test2016_rmse-1.1827, test2016_pr-0.8508, test2019_rmse-1.3610, test2019_pr-0.6521
epoch-520, train_loss-0.0926, train_rmse-0.3044, valid_rmse-1.2278, valid_pr-0.7477
epoch-521, train_loss-0.0947, train_rmse-0.3078, valid_rmse-1.2352, valid_pr-0.7452
epoch-522, train_loss-0.0934, train_rmse-0.3057, valid_rmse-1.2380, valid_pr-0.7432
epoch-523, train_loss-0.0909, train_rmse-0.3014, valid_rmse-1.2342, valid_pr-0.7451
epoch-524, train_loss-0.0953, train_rmse-0.3087, valid_rmse-1.2359, valid_pr-0.7437
epoch-525, train_loss-0.0935, train_rmse-0.3058, valid_rmse-1.2423, valid_pr-0.7441
epoch-526, train_loss-0.0916, train_rmse-0.3027, valid_rmse-1.2379, valid_pr-0.7458
epoch-527, train_loss-0.1008, train_rmse-0.3175, valid_rmse-1.2380, valid_pr-0.7439
epoch-528, train_loss-0.0976, train_rmse-0.3124, valid_rmse-1.2337, valid_pr-0.7456
epoch-529, train_loss-0.0966, train_rmse-0.3109, valid_rmse-1.2369, valid_pr-0.7425
epoch-530, train_loss-0.0940, train_rmse-0.3066, valid_rmse-1.2352, valid_pr-0.7455
epoch-531, train_loss-0.0933, train_rmse-0.3054, valid_rmse-1.2399, valid_pr-0.7422
epoch-532, train_loss-0.0946, train_rmse-0.3075, valid_rmse-1.2356, valid_pr-0.7456
epoch-533, train_loss-0.0930, train_rmse-0.3050, valid_rmse-1.2350, valid_pr-0.7441
epoch-534, train_loss-0.1009, train_rmse-0.3176, valid_rmse-1.2337, valid_pr-0.7449
epoch-535, train_loss-0.0928, train_rmse-0.3046, valid_rmse-1.2450, valid_pr-0.7425
epoch-536, train_loss-0.0910, train_rmse-0.3017, valid_rmse-1.2399, valid_pr-0.7427
epoch-537, train_loss-0.0939, train_rmse-0.3065, valid_rmse-1.2429, valid_pr-0.7419
epoch-538, train_loss-0.0920, train_rmse-0.3033, valid_rmse-1.2414, valid_pr-0.7460
epoch-539, train_loss-0.0966, train_rmse-0.3108, valid_rmse-1.2399, valid_pr-0.7424
epoch-540, train_loss-0.0954, train_rmse-0.3088, valid_rmse-1.2335, valid_pr-0.7448
epoch-541, train_loss-0.0960, train_rmse-0.3098, valid_rmse-1.2336, valid_pr-0.7455
epoch-542, train_loss-0.0918, train_rmse-0.3030, valid_rmse-1.2320, valid_pr-0.7469
epoch-543, train_loss-0.0874, train_rmse-0.2956, valid_rmse-1.2504, valid_pr-0.7388
epoch-544, train_loss-0.0947, train_rmse-0.3077, valid_rmse-1.2306, valid_pr-0.7467
epoch-545, train_loss-0.0989, train_rmse-0.3145, valid_rmse-1.2402, valid_pr-0.7446
epoch-546, train_loss-0.1000, train_rmse-0.3163, valid_rmse-1.2414, valid_pr-0.7453
epoch-547, train_loss-0.0868, train_rmse-0.2946, valid_rmse-1.2253, valid_pr-0.7497
epoch-548, train_loss-0.0918, train_rmse-0.3030, valid_rmse-1.2481, valid_pr-0.7455
epoch-549, train_loss-0.0950, train_rmse-0.3081, valid_rmse-1.2363, valid_pr-0.7464
epoch-550, train_loss-0.0993, train_rmse-0.3151, valid_rmse-1.2314, valid_pr-0.7458
epoch-551, train_loss-0.0925, train_rmse-0.3042, valid_rmse-1.2340, valid_pr-0.7453
epoch-552, train_loss-0.0918, train_rmse-0.3030, valid_rmse-1.2375, valid_pr-0.7432
epoch-553, train_loss-0.0941, train_rmse-0.3068, valid_rmse-1.2447, valid_pr-0.7414
epoch-554, train_loss-0.0935, train_rmse-0.3057, valid_rmse-1.2350, valid_pr-0.7446
epoch-555, train_loss-0.0926, train_rmse-0.3043, valid_rmse-1.2414, valid_pr-0.7424
epoch-556, train_loss-0.1011, train_rmse-0.3179, valid_rmse-1.2494, valid_pr-0.7450
epoch-557, train_loss-0.0962, train_rmse-0.3101, valid_rmse-1.2459, valid_pr-0.7429
epoch-558, train_loss-0.1007, train_rmse-0.3173, valid_rmse-1.2376, valid_pr-0.7437
epoch-559, train_loss-0.0911, train_rmse-0.3018, valid_rmse-1.2311, valid_pr-0.7467
epoch-560, train_loss-0.1030, train_rmse-0.3210, valid_rmse-1.2404, valid_pr-0.7415
epoch-561, train_loss-0.0923, train_rmse-0.3038, valid_rmse-1.2351, valid_pr-0.7444
epoch-562, train_loss-0.0960, train_rmse-0.3098, valid_rmse-1.2443, valid_pr-0.7451
epoch-563, train_loss-0.0906, train_rmse-0.3009, valid_rmse-1.2486, valid_pr-0.7452
epoch-564, train_loss-0.0977, train_rmse-0.3125, valid_rmse-1.2304, valid_pr-0.7477
epoch-565, train_loss-0.0905, train_rmse-0.3009, valid_rmse-1.2454, valid_pr-0.7422
epoch-566, train_loss-0.0965, train_rmse-0.3106, valid_rmse-1.2283, valid_pr-0.7473
epoch-567, train_loss-0.1040, train_rmse-0.3225, valid_rmse-1.2376, valid_pr-0.7468
epoch-568, train_loss-0.0922, train_rmse-0.3037, valid_rmse-1.2399, valid_pr-0.7435
epoch-569, train_loss-0.0925, train_rmse-0.3042, valid_rmse-1.2404, valid_pr-0.7417
epoch-570, train_loss-0.0838, train_rmse-0.2894, valid_rmse-1.2321, valid_pr-0.7452
epoch-571, train_loss-0.0967, train_rmse-0.3109, valid_rmse-1.2405, valid_pr-0.7468
epoch-572, train_loss-0.0863, train_rmse-0.2937, valid_rmse-1.2315, valid_pr-0.7461
epoch-573, train_loss-0.0855, train_rmse-0.2923, valid_rmse-1.2264, valid_pr-0.7481
epoch-574, train_loss-0.0877, train_rmse-0.2962, valid_rmse-1.2254, valid_pr-0.7480
epoch-575, train_loss-0.0864, train_rmse-0.2939, valid_rmse-1.2308, valid_pr-0.7471
epoch-576, train_loss-0.0849, train_rmse-0.2914, valid_rmse-1.2300, valid_pr-0.7474
epoch-577, train_loss-0.0890, train_rmse-0.2983, valid_rmse-1.2322, valid_pr-0.7461
epoch-578, train_loss-0.0811, train_rmse-0.2848, valid_rmse-1.2289, valid_pr-0.7474
epoch-579, train_loss-0.0835, train_rmse-0.2890, valid_rmse-1.2339, valid_pr-0.7461
epoch-580, train_loss-0.0869, train_rmse-0.2948, valid_rmse-1.2331, valid_pr-0.7455
epoch-581, train_loss-0.0842, train_rmse-0.2901, valid_rmse-1.2326, valid_pr-0.7458
epoch-582, train_loss-0.0873, train_rmse-0.2955, valid_rmse-1.2319, valid_pr-0.7463
epoch-583, train_loss-0.0826, train_rmse-0.2875, valid_rmse-1.2253, valid_pr-0.7484
epoch-584, train_loss-0.0921, train_rmse-0.3035, valid_rmse-1.2276, valid_pr-0.7481
epoch-585, train_loss-0.0842, train_rmse-0.2902, valid_rmse-1.2363, valid_pr-0.7448
epoch-586, train_loss-0.0863, train_rmse-0.2937, valid_rmse-1.2334, valid_pr-0.7452
epoch-587, train_loss-0.0762, train_rmse-0.2761, valid_rmse-1.2312, valid_pr-0.7457
epoch-588, train_loss-0.0801, train_rmse-0.2831, valid_rmse-1.2309, valid_pr-0.7463
epoch-589, train_loss-0.0888, train_rmse-0.2981, valid_rmse-1.2338, valid_pr-0.7458
epoch-590, train_loss-0.0891, train_rmse-0.2985, valid_rmse-1.2381, valid_pr-0.7473
epoch-591, train_loss-0.0818, train_rmse-0.2860, valid_rmse-1.2290, valid_pr-0.7486
epoch-592, train_loss-0.0859, train_rmse-0.2930, valid_rmse-1.2238, valid_pr-0.7492
epoch-593, train_loss-0.0838, train_rmse-0.2895, valid_rmse-1.2321, valid_pr-0.7460
epoch-594, train_loss-0.0811, train_rmse-0.2849, valid_rmse-1.2330, valid_pr-0.7452
epoch-595, train_loss-0.0832, train_rmse-0.2885, valid_rmse-1.2260, valid_pr-0.7482
epoch-596, train_loss-0.0823, train_rmse-0.2868, valid_rmse-1.2318, valid_pr-0.7471
epoch-597, train_loss-0.0829, train_rmse-0.2880, valid_rmse-1.2283, valid_pr-0.7476
epoch-598, train_loss-0.0835, train_rmse-0.2890, valid_rmse-1.2273, valid_pr-0.7481
epoch-599, train_loss-0.0955, train_rmse-0.3091, valid_rmse-1.2270, valid_pr-0.7479
epoch-600, train_loss-0.0830, train_rmse-0.2881, valid_rmse-1.2317, valid_pr-0.7475
epoch-601, train_loss-0.0894, train_rmse-0.2991, valid_rmse-1.2234, valid_pr-0.7493
epoch-602, train_loss-0.0919, train_rmse-0.3032, valid_rmse-1.2283, valid_pr-0.7475
epoch-603, train_loss-0.0847, train_rmse-0.2911, valid_rmse-1.2379, valid_pr-0.7437
epoch-604, train_loss-0.0790, train_rmse-0.2810, valid_rmse-1.2268, valid_pr-0.7485
epoch-605, train_loss-0.0840, train_rmse-0.2899, valid_rmse-1.2259, valid_pr-0.7485
epoch-606, train_loss-0.0810, train_rmse-0.2847, valid_rmse-1.2262, valid_pr-0.7486
epoch-607, train_loss-0.0873, train_rmse-0.2955, valid_rmse-1.2257, valid_pr-0.7485
epoch-608, train_loss-0.0881, train_rmse-0.2968, valid_rmse-1.2299, valid_pr-0.7463
epoch-609, train_loss-0.0849, train_rmse-0.2915, valid_rmse-1.2346, valid_pr-0.7450
epoch-610, train_loss-0.0821, train_rmse-0.2866, valid_rmse-1.2311, valid_pr-0.7467
epoch-611, train_loss-0.0815, train_rmse-0.2854, valid_rmse-1.2290, valid_pr-0.7492
epoch-612, train_loss-0.0778, train_rmse-0.2789, valid_rmse-1.2260, valid_pr-0.7478
epoch-613, train_loss-0.0878, train_rmse-0.2963, valid_rmse-1.2296, valid_pr-0.7473
epoch-614, train_loss-0.0874, train_rmse-0.2957, valid_rmse-1.2288, valid_pr-0.7473
epoch-615, train_loss-0.0838, train_rmse-0.2894, valid_rmse-1.2315, valid_pr-0.7463
epoch-616, train_loss-0.0867, train_rmse-0.2945, valid_rmse-1.2348, valid_pr-0.7450
epoch-617, train_loss-0.0793, train_rmse-0.2816, valid_rmse-1.2319, valid_pr-0.7461
epoch-618, train_loss-0.0813, train_rmse-0.2851, valid_rmse-1.2298, valid_pr-0.7471
epoch-619, train_loss-0.0783, train_rmse-0.2799, valid_rmse-1.2248, valid_pr-0.7490
epoch-620, train_loss-0.0807, train_rmse-0.2840, valid_rmse-1.2250, valid_pr-0.7485
early stop in epoch 620
best_rmse: 1.2226
valid_rmse-1.2226, valid_pr-0.7496, test2013_rmse-1.3280, test2013_pr-0.8475, test2016_rmse-1.1827, test2016_pr-0.8508, test2019_rmse-1.3610, test2019_pr-0.6521
