ours-lrs-0.001-abl-q1q1, lr=0.001, seed=111
train_GIGN.py
train data: 11904
valid data: 1000
test2013 data: 107
test2016 data: 285
test2019 data: 4366
GIGN params # : 1322435
epoch-0, train_loss-16.1312, train_rmse-4.0164, valid_rmse-2.9118, valid_pr-0.2609
Validation : valid_rmse-2.9118, valid_pr-0.2609, 
test2013_rmse-3.1274, test2013_pr-0.3688, test2016_rmse-3.1227, test2016_pr-0.4161, test2019_rmse-2.8399, test2019_pr-0.3181
epoch-1, train_loss-2.7110, train_rmse-1.6465, valid_rmse-1.7937, valid_pr-0.4694
Validation : valid_rmse-1.7937, valid_pr-0.4694, 
test2013_rmse-2.0493, test2013_pr-0.5696, test2016_rmse-1.8322, test2016_pr-0.6237, test2019_rmse-1.6713, test2019_pr-0.4895
epoch-2, train_loss-2.3039, train_rmse-1.5179, valid_rmse-1.5764, valid_pr-0.5751
Validation : valid_rmse-1.5764, valid_pr-0.5751, 
test2013_rmse-1.6485, test2013_pr-0.7071, test2016_rmse-1.5252, test2016_pr-0.7128, test2019_rmse-1.4907, test2019_pr-0.6057
epoch-3, train_loss-2.2869, train_rmse-1.5122, valid_rmse-1.5971, valid_pr-0.6100
epoch-4, train_loss-2.0918, train_rmse-1.4463, valid_rmse-1.5611, valid_pr-0.6029
Validation : valid_rmse-1.5611, valid_pr-0.6029, 
test2013_rmse-1.4853, test2013_pr-0.8176, test2016_rmse-1.5285, test2016_pr-0.7745, test2019_rmse-1.5074, test2019_pr-0.5884
epoch-5, train_loss-2.0064, train_rmse-1.4165, valid_rmse-1.6169, valid_pr-0.5492
epoch-6, train_loss-1.8735, train_rmse-1.3688, valid_rmse-1.4484, valid_pr-0.6604
Validation : valid_rmse-1.4484, valid_pr-0.6604, 
test2013_rmse-1.5162, test2013_pr-0.7930, test2016_rmse-1.4235, test2016_pr-0.7686, test2019_rmse-1.4726, test2019_pr-0.6297
epoch-7, train_loss-1.8534, train_rmse-1.3614, valid_rmse-1.3583, valid_pr-0.6828
Validation : valid_rmse-1.3583, valid_pr-0.6828, 
test2013_rmse-1.5000, test2013_pr-0.7880, test2016_rmse-1.3908, test2016_pr-0.7886, test2019_rmse-1.3757, test2019_pr-0.6404
epoch-8, train_loss-1.7228, train_rmse-1.3126, valid_rmse-1.3932, valid_pr-0.6598
epoch-9, train_loss-1.6776, train_rmse-1.2952, valid_rmse-1.3884, valid_pr-0.6851
epoch-10, train_loss-1.5633, train_rmse-1.2503, valid_rmse-1.4093, valid_pr-0.6669
epoch-11, train_loss-1.4933, train_rmse-1.2220, valid_rmse-1.4891, valid_pr-0.6414
epoch-12, train_loss-1.4624, train_rmse-1.2093, valid_rmse-1.4680, valid_pr-0.7050
epoch-13, train_loss-1.3517, train_rmse-1.1626, valid_rmse-1.4162, valid_pr-0.6612
epoch-14, train_loss-1.2577, train_rmse-1.1215, valid_rmse-1.3821, valid_pr-0.6973
epoch-15, train_loss-1.1952, train_rmse-1.0933, valid_rmse-1.5240, valid_pr-0.6762
epoch-16, train_loss-1.1610, train_rmse-1.0775, valid_rmse-1.4547, valid_pr-0.6862
epoch-17, train_loss-1.0486, train_rmse-1.0240, valid_rmse-1.5013, valid_pr-0.6780
epoch-18, train_loss-1.0633, train_rmse-1.0312, valid_rmse-1.3984, valid_pr-0.6728
epoch-19, train_loss-0.9907, train_rmse-0.9953, valid_rmse-1.5308, valid_pr-0.6360
epoch-20, train_loss-0.8840, train_rmse-0.9402, valid_rmse-1.4498, valid_pr-0.6532
epoch-21, train_loss-0.9067, train_rmse-0.9522, valid_rmse-1.3897, valid_pr-0.6993
epoch-22, train_loss-0.7972, train_rmse-0.8929, valid_rmse-1.3604, valid_pr-0.6935
epoch-23, train_loss-0.7660, train_rmse-0.8752, valid_rmse-1.7908, valid_pr-0.6135
epoch-24, train_loss-0.7663, train_rmse-0.8754, valid_rmse-1.5015, valid_pr-0.6597
epoch-25, train_loss-0.7688, train_rmse-0.8768, valid_rmse-1.4079, valid_pr-0.6997
epoch-26, train_loss-0.6843, train_rmse-0.8272, valid_rmse-1.3586, valid_pr-0.6947
epoch-27, train_loss-0.6596, train_rmse-0.8121, valid_rmse-1.4461, valid_pr-0.6765
epoch-28, train_loss-0.6594, train_rmse-0.8120, valid_rmse-1.3564, valid_pr-0.7089
Validation : valid_rmse-1.3564, valid_pr-0.7089, 
test2013_rmse-1.4147, test2013_pr-0.7940, test2016_rmse-1.2973, test2016_pr-0.8035, test2019_rmse-1.4985, test2019_pr-0.6157
epoch-29, train_loss-0.5785, train_rmse-0.7606, valid_rmse-1.5150, valid_pr-0.6983
epoch-30, train_loss-0.5657, train_rmse-0.7522, valid_rmse-1.4186, valid_pr-0.6886
epoch-31, train_loss-0.5483, train_rmse-0.7405, valid_rmse-1.3714, valid_pr-0.6988
epoch-32, train_loss-0.5244, train_rmse-0.7242, valid_rmse-1.4215, valid_pr-0.6913
epoch-33, train_loss-0.5438, train_rmse-0.7374, valid_rmse-1.3638, valid_pr-0.7122
epoch-34, train_loss-0.5539, train_rmse-0.7443, valid_rmse-1.3644, valid_pr-0.7147
epoch-35, train_loss-0.4903, train_rmse-0.7002, valid_rmse-1.3847, valid_pr-0.7006
epoch-36, train_loss-0.5038, train_rmse-0.7098, valid_rmse-1.3630, valid_pr-0.7046
epoch-37, train_loss-0.4990, train_rmse-0.7064, valid_rmse-1.4057, valid_pr-0.6614
epoch-38, train_loss-0.4619, train_rmse-0.6796, valid_rmse-1.4495, valid_pr-0.6849
epoch-39, train_loss-0.4435, train_rmse-0.6659, valid_rmse-1.3394, valid_pr-0.7210
Validation : valid_rmse-1.3394, valid_pr-0.7210, 
test2013_rmse-1.4036, test2013_pr-0.7987, test2016_rmse-1.2878, test2016_pr-0.8095, test2019_rmse-1.4958, test2019_pr-0.6293
epoch-40, train_loss-0.4354, train_rmse-0.6599, valid_rmse-1.3789, valid_pr-0.6967
epoch-41, train_loss-0.4552, train_rmse-0.6747, valid_rmse-1.4257, valid_pr-0.7039
epoch-42, train_loss-0.4192, train_rmse-0.6474, valid_rmse-1.3397, valid_pr-0.7088
epoch-43, train_loss-0.3911, train_rmse-0.6254, valid_rmse-1.3618, valid_pr-0.7049
epoch-44, train_loss-0.4187, train_rmse-0.6471, valid_rmse-1.3851, valid_pr-0.7091
epoch-45, train_loss-0.3996, train_rmse-0.6321, valid_rmse-1.3597, valid_pr-0.7040
epoch-46, train_loss-0.4017, train_rmse-0.6338, valid_rmse-1.4209, valid_pr-0.6975
epoch-47, train_loss-0.3889, train_rmse-0.6236, valid_rmse-1.3459, valid_pr-0.7030
epoch-48, train_loss-0.3772, train_rmse-0.6142, valid_rmse-1.3358, valid_pr-0.7160
Validation : valid_rmse-1.3358, valid_pr-0.7160, 
test2013_rmse-1.3685, test2013_pr-0.8118, test2016_rmse-1.2390, test2016_pr-0.8231, test2019_rmse-1.4579, test2019_pr-0.6298
epoch-49, train_loss-0.3796, train_rmse-0.6161, valid_rmse-1.3432, valid_pr-0.7068
epoch-50, train_loss-0.3877, train_rmse-0.6227, valid_rmse-1.3375, valid_pr-0.7219
epoch-51, train_loss-0.3651, train_rmse-0.6043, valid_rmse-1.3587, valid_pr-0.6992
epoch-52, train_loss-0.3721, train_rmse-0.6100, valid_rmse-1.3825, valid_pr-0.7058
epoch-53, train_loss-0.3458, train_rmse-0.5880, valid_rmse-1.4880, valid_pr-0.7029
epoch-54, train_loss-0.3425, train_rmse-0.5852, valid_rmse-1.3473, valid_pr-0.6971
epoch-55, train_loss-0.3752, train_rmse-0.6125, valid_rmse-1.3994, valid_pr-0.7094
epoch-56, train_loss-0.3545, train_rmse-0.5954, valid_rmse-1.3392, valid_pr-0.7058
epoch-57, train_loss-0.3590, train_rmse-0.5992, valid_rmse-1.3963, valid_pr-0.6915
epoch-58, train_loss-0.3514, train_rmse-0.5928, valid_rmse-1.4067, valid_pr-0.6855
epoch-59, train_loss-0.3266, train_rmse-0.5715, valid_rmse-1.3122, valid_pr-0.7103
Validation : valid_rmse-1.3122, valid_pr-0.7103, 
test2013_rmse-1.4137, test2013_pr-0.8047, test2016_rmse-1.2760, test2016_pr-0.8128, test2019_rmse-1.4327, test2019_pr-0.6193
epoch-60, train_loss-0.3376, train_rmse-0.5811, valid_rmse-1.3538, valid_pr-0.6990
epoch-61, train_loss-0.3170, train_rmse-0.5630, valid_rmse-1.3311, valid_pr-0.7087
epoch-62, train_loss-0.3285, train_rmse-0.5732, valid_rmse-1.3928, valid_pr-0.7066
epoch-63, train_loss-0.3095, train_rmse-0.5563, valid_rmse-1.3732, valid_pr-0.7055
epoch-64, train_loss-0.3084, train_rmse-0.5554, valid_rmse-1.4227, valid_pr-0.7035
epoch-65, train_loss-0.3010, train_rmse-0.5487, valid_rmse-1.3579, valid_pr-0.6956
epoch-66, train_loss-0.2918, train_rmse-0.5402, valid_rmse-1.4294, valid_pr-0.6970
epoch-67, train_loss-0.3102, train_rmse-0.5570, valid_rmse-1.3196, valid_pr-0.7156
epoch-68, train_loss-0.3209, train_rmse-0.5665, valid_rmse-1.3619, valid_pr-0.7095
epoch-69, train_loss-0.3280, train_rmse-0.5727, valid_rmse-1.3223, valid_pr-0.7175
epoch-70, train_loss-0.3170, train_rmse-0.5630, valid_rmse-1.2915, valid_pr-0.7318
Validation : valid_rmse-1.2915, valid_pr-0.7318, 
test2013_rmse-1.3755, test2013_pr-0.8102, test2016_rmse-1.2270, test2016_pr-0.8283, test2019_rmse-1.4547, test2019_pr-0.6282
epoch-71, train_loss-0.3072, train_rmse-0.5543, valid_rmse-1.3121, valid_pr-0.7156
epoch-72, train_loss-0.3055, train_rmse-0.5527, valid_rmse-1.3782, valid_pr-0.7006
epoch-73, train_loss-0.2899, train_rmse-0.5384, valid_rmse-1.3293, valid_pr-0.7152
epoch-74, train_loss-0.3077, train_rmse-0.5547, valid_rmse-1.3108, valid_pr-0.7243
epoch-75, train_loss-0.2930, train_rmse-0.5413, valid_rmse-1.3122, valid_pr-0.7133
epoch-76, train_loss-0.3031, train_rmse-0.5505, valid_rmse-1.4489, valid_pr-0.6867
epoch-77, train_loss-0.3088, train_rmse-0.5557, valid_rmse-1.3082, valid_pr-0.7195
epoch-78, train_loss-0.2815, train_rmse-0.5306, valid_rmse-1.3261, valid_pr-0.7276
epoch-79, train_loss-0.2622, train_rmse-0.5121, valid_rmse-1.3254, valid_pr-0.7152
epoch-80, train_loss-0.2687, train_rmse-0.5183, valid_rmse-1.3072, valid_pr-0.7152
epoch-81, train_loss-0.2643, train_rmse-0.5141, valid_rmse-1.3089, valid_pr-0.7146
epoch-82, train_loss-0.2787, train_rmse-0.5279, valid_rmse-1.2982, valid_pr-0.7201
epoch-83, train_loss-0.2797, train_rmse-0.5289, valid_rmse-1.3672, valid_pr-0.6980
epoch-84, train_loss-0.2690, train_rmse-0.5186, valid_rmse-1.3579, valid_pr-0.7084
epoch-85, train_loss-0.2713, train_rmse-0.5209, valid_rmse-1.2986, valid_pr-0.7187
epoch-86, train_loss-0.2542, train_rmse-0.5041, valid_rmse-1.3322, valid_pr-0.7158
epoch-87, train_loss-0.2592, train_rmse-0.5091, valid_rmse-1.3055, valid_pr-0.7116
epoch-88, train_loss-0.2613, train_rmse-0.5112, valid_rmse-1.3141, valid_pr-0.7233
epoch-89, train_loss-0.2637, train_rmse-0.5135, valid_rmse-1.3147, valid_pr-0.7169
epoch-90, train_loss-0.2887, train_rmse-0.5373, valid_rmse-1.4224, valid_pr-0.6979
epoch-91, train_loss-0.2454, train_rmse-0.4954, valid_rmse-1.3456, valid_pr-0.7201
epoch-92, train_loss-0.2633, train_rmse-0.5132, valid_rmse-1.3515, valid_pr-0.7186
epoch-93, train_loss-0.2748, train_rmse-0.5242, valid_rmse-1.3246, valid_pr-0.7240
epoch-94, train_loss-0.2634, train_rmse-0.5133, valid_rmse-1.2937, valid_pr-0.7265
epoch-95, train_loss-0.2434, train_rmse-0.4933, valid_rmse-1.3022, valid_pr-0.7228
epoch-96, train_loss-0.2595, train_rmse-0.5094, valid_rmse-1.2993, valid_pr-0.7210
epoch-97, train_loss-0.2451, train_rmse-0.4950, valid_rmse-1.3207, valid_pr-0.7174
epoch-98, train_loss-0.2502, train_rmse-0.5002, valid_rmse-1.2983, valid_pr-0.7237
epoch-99, train_loss-0.2479, train_rmse-0.4979, valid_rmse-1.3257, valid_pr-0.7229
epoch-100, train_loss-0.2382, train_rmse-0.4881, valid_rmse-1.2813, valid_pr-0.7360
Validation : valid_rmse-1.2813, valid_pr-0.7360, 
test2013_rmse-1.3163, test2013_pr-0.8318, test2016_rmse-1.2136, test2016_pr-0.8345, test2019_rmse-1.4163, test2019_pr-0.6461
epoch-101, train_loss-0.2403, train_rmse-0.4902, valid_rmse-1.2790, valid_pr-0.7296
Validation : valid_rmse-1.2790, valid_pr-0.7296, 
test2013_rmse-1.3461, test2013_pr-0.8217, test2016_rmse-1.2247, test2016_pr-0.8271, test2019_rmse-1.3987, test2019_pr-0.6441
epoch-102, train_loss-0.2327, train_rmse-0.4824, valid_rmse-1.3037, valid_pr-0.7245
epoch-103, train_loss-0.2427, train_rmse-0.4927, valid_rmse-1.3052, valid_pr-0.7169
epoch-104, train_loss-0.2438, train_rmse-0.4938, valid_rmse-1.2864, valid_pr-0.7253
epoch-105, train_loss-0.2316, train_rmse-0.4813, valid_rmse-1.3050, valid_pr-0.7190
epoch-106, train_loss-0.2346, train_rmse-0.4844, valid_rmse-1.3355, valid_pr-0.7210
epoch-107, train_loss-0.2487, train_rmse-0.4987, valid_rmse-1.3415, valid_pr-0.7240
epoch-108, train_loss-0.2339, train_rmse-0.4836, valid_rmse-1.2765, valid_pr-0.7284
Validation : valid_rmse-1.2765, valid_pr-0.7284, 
test2013_rmse-1.3566, test2013_pr-0.8251, test2016_rmse-1.2215, test2016_pr-0.8315, test2019_rmse-1.3841, test2019_pr-0.6481
epoch-109, train_loss-0.2588, train_rmse-0.5087, valid_rmse-1.2923, valid_pr-0.7267
epoch-110, train_loss-0.2368, train_rmse-0.4866, valid_rmse-1.3096, valid_pr-0.7259
epoch-111, train_loss-0.2179, train_rmse-0.4668, valid_rmse-1.3101, valid_pr-0.7284
epoch-112, train_loss-0.2352, train_rmse-0.4849, valid_rmse-1.3317, valid_pr-0.7208
epoch-113, train_loss-0.2329, train_rmse-0.4826, valid_rmse-1.3193, valid_pr-0.7219
epoch-114, train_loss-0.2413, train_rmse-0.4912, valid_rmse-1.3041, valid_pr-0.7209
epoch-115, train_loss-0.2130, train_rmse-0.4615, valid_rmse-1.3046, valid_pr-0.7271
epoch-116, train_loss-0.2404, train_rmse-0.4903, valid_rmse-1.3154, valid_pr-0.7276
epoch-117, train_loss-0.2168, train_rmse-0.4656, valid_rmse-1.3002, valid_pr-0.7225
epoch-118, train_loss-0.2084, train_rmse-0.4565, valid_rmse-1.3057, valid_pr-0.7170
epoch-119, train_loss-0.2226, train_rmse-0.4718, valid_rmse-1.2926, valid_pr-0.7346
epoch-120, train_loss-0.2291, train_rmse-0.4786, valid_rmse-1.2967, valid_pr-0.7336
epoch-121, train_loss-0.2119, train_rmse-0.4603, valid_rmse-1.2742, valid_pr-0.7350
Validation : valid_rmse-1.2742, valid_pr-0.7350, 
test2013_rmse-1.3244, test2013_pr-0.8254, test2016_rmse-1.1822, test2016_pr-0.8390, test2019_rmse-1.4137, test2019_pr-0.6392
epoch-122, train_loss-0.2164, train_rmse-0.4652, valid_rmse-1.3110, valid_pr-0.7245
epoch-123, train_loss-0.2137, train_rmse-0.4623, valid_rmse-1.3055, valid_pr-0.7255
epoch-124, train_loss-0.2312, train_rmse-0.4808, valid_rmse-1.3112, valid_pr-0.7171
epoch-125, train_loss-0.2128, train_rmse-0.4613, valid_rmse-1.2997, valid_pr-0.7210
epoch-126, train_loss-0.2049, train_rmse-0.4527, valid_rmse-1.2860, valid_pr-0.7250
epoch-127, train_loss-0.2125, train_rmse-0.4610, valid_rmse-1.3263, valid_pr-0.7202
epoch-128, train_loss-0.1976, train_rmse-0.4445, valid_rmse-1.3100, valid_pr-0.7267
epoch-129, train_loss-0.2032, train_rmse-0.4508, valid_rmse-1.2873, valid_pr-0.7244
epoch-130, train_loss-0.2095, train_rmse-0.4577, valid_rmse-1.3422, valid_pr-0.7053
epoch-131, train_loss-0.2161, train_rmse-0.4649, valid_rmse-1.2944, valid_pr-0.7190
epoch-132, train_loss-0.2066, train_rmse-0.4546, valid_rmse-1.3041, valid_pr-0.7182
epoch-133, train_loss-0.2022, train_rmse-0.4496, valid_rmse-1.2727, valid_pr-0.7317
Validation : valid_rmse-1.2727, valid_pr-0.7317, 
test2013_rmse-1.3296, test2013_pr-0.8337, test2016_rmse-1.2030, test2016_pr-0.8345, test2019_rmse-1.3969, test2019_pr-0.6456
epoch-134, train_loss-0.2026, train_rmse-0.4501, valid_rmse-1.2767, valid_pr-0.7319
epoch-135, train_loss-0.2084, train_rmse-0.4565, valid_rmse-1.2761, valid_pr-0.7349
epoch-136, train_loss-0.2101, train_rmse-0.4584, valid_rmse-1.3025, valid_pr-0.7253
epoch-137, train_loss-0.2039, train_rmse-0.4515, valid_rmse-1.3082, valid_pr-0.7281
epoch-138, train_loss-0.2150, train_rmse-0.4637, valid_rmse-1.2575, valid_pr-0.7367
Validation : valid_rmse-1.2575, valid_pr-0.7367, 
test2013_rmse-1.3682, test2013_pr-0.8297, test2016_rmse-1.2156, test2016_pr-0.8335, test2019_rmse-1.3941, test2019_pr-0.6390
epoch-139, train_loss-0.2081, train_rmse-0.4562, valid_rmse-1.2797, valid_pr-0.7309
epoch-140, train_loss-0.1937, train_rmse-0.4401, valid_rmse-1.3051, valid_pr-0.7189
epoch-141, train_loss-0.1961, train_rmse-0.4428, valid_rmse-1.2893, valid_pr-0.7285
epoch-142, train_loss-0.1969, train_rmse-0.4438, valid_rmse-1.2780, valid_pr-0.7314
epoch-143, train_loss-0.1888, train_rmse-0.4345, valid_rmse-1.2719, valid_pr-0.7351
epoch-144, train_loss-0.1825, train_rmse-0.4272, valid_rmse-1.2797, valid_pr-0.7322
epoch-145, train_loss-0.1867, train_rmse-0.4320, valid_rmse-1.2770, valid_pr-0.7268
epoch-146, train_loss-0.1844, train_rmse-0.4294, valid_rmse-1.2759, valid_pr-0.7292
epoch-147, train_loss-0.1791, train_rmse-0.4232, valid_rmse-1.2978, valid_pr-0.7264
epoch-148, train_loss-0.1879, train_rmse-0.4335, valid_rmse-1.2727, valid_pr-0.7296
epoch-149, train_loss-0.2112, train_rmse-0.4596, valid_rmse-1.2903, valid_pr-0.7292
epoch-150, train_loss-0.1994, train_rmse-0.4466, valid_rmse-1.2903, valid_pr-0.7249
epoch-151, train_loss-0.1888, train_rmse-0.4345, valid_rmse-1.3463, valid_pr-0.7243
epoch-152, train_loss-0.2176, train_rmse-0.4665, valid_rmse-1.2789, valid_pr-0.7308
epoch-153, train_loss-0.1976, train_rmse-0.4446, valid_rmse-1.2821, valid_pr-0.7308
epoch-154, train_loss-0.1847, train_rmse-0.4297, valid_rmse-1.2690, valid_pr-0.7311
epoch-155, train_loss-0.1893, train_rmse-0.4351, valid_rmse-1.3076, valid_pr-0.7271
epoch-156, train_loss-0.1865, train_rmse-0.4319, valid_rmse-1.2851, valid_pr-0.7221
epoch-157, train_loss-0.1885, train_rmse-0.4342, valid_rmse-1.2943, valid_pr-0.7216
epoch-158, train_loss-0.1855, train_rmse-0.4307, valid_rmse-1.2988, valid_pr-0.7235
epoch-159, train_loss-0.1832, train_rmse-0.4280, valid_rmse-1.2981, valid_pr-0.7174
epoch-160, train_loss-0.2079, train_rmse-0.4560, valid_rmse-1.3406, valid_pr-0.7154
epoch-161, train_loss-0.1923, train_rmse-0.4385, valid_rmse-1.2895, valid_pr-0.7350
epoch-162, train_loss-0.1966, train_rmse-0.4434, valid_rmse-1.2752, valid_pr-0.7329
epoch-163, train_loss-0.1812, train_rmse-0.4257, valid_rmse-1.2732, valid_pr-0.7315
epoch-164, train_loss-0.1716, train_rmse-0.4143, valid_rmse-1.2841, valid_pr-0.7264
epoch-165, train_loss-0.1764, train_rmse-0.4200, valid_rmse-1.2797, valid_pr-0.7298
epoch-166, train_loss-0.1896, train_rmse-0.4355, valid_rmse-1.2900, valid_pr-0.7216
epoch-167, train_loss-0.1984, train_rmse-0.4454, valid_rmse-1.2695, valid_pr-0.7350
epoch-168, train_loss-0.1953, train_rmse-0.4419, valid_rmse-1.2775, valid_pr-0.7359
epoch-169, train_loss-0.1767, train_rmse-0.4203, valid_rmse-1.2773, valid_pr-0.7292
epoch-170, train_loss-0.1750, train_rmse-0.4183, valid_rmse-1.2683, valid_pr-0.7285
epoch-171, train_loss-0.1938, train_rmse-0.4402, valid_rmse-1.2983, valid_pr-0.7301
epoch-172, train_loss-0.1638, train_rmse-0.4047, valid_rmse-1.2899, valid_pr-0.7283
epoch-173, train_loss-0.1788, train_rmse-0.4228, valid_rmse-1.2571, valid_pr-0.7379
Validation : valid_rmse-1.2571, valid_pr-0.7379, 
test2013_rmse-1.3149, test2013_pr-0.8376, test2016_rmse-1.1886, test2016_pr-0.8415, test2019_rmse-1.3916, test2019_pr-0.6447
epoch-174, train_loss-0.1711, train_rmse-0.4137, valid_rmse-1.2721, valid_pr-0.7356
epoch-175, train_loss-0.1760, train_rmse-0.4196, valid_rmse-1.2771, valid_pr-0.7360
epoch-176, train_loss-0.1682, train_rmse-0.4102, valid_rmse-1.2950, valid_pr-0.7190
epoch-177, train_loss-0.1810, train_rmse-0.4255, valid_rmse-1.2663, valid_pr-0.7360
epoch-178, train_loss-0.1827, train_rmse-0.4274, valid_rmse-1.2779, valid_pr-0.7250
epoch-179, train_loss-0.1742, train_rmse-0.4173, valid_rmse-1.2748, valid_pr-0.7281
epoch-180, train_loss-0.1699, train_rmse-0.4121, valid_rmse-1.2938, valid_pr-0.7187
epoch-181, train_loss-0.1752, train_rmse-0.4185, valid_rmse-1.2705, valid_pr-0.7319
epoch-182, train_loss-0.1846, train_rmse-0.4297, valid_rmse-1.2844, valid_pr-0.7252
epoch-183, train_loss-0.1630, train_rmse-0.4037, valid_rmse-1.2765, valid_pr-0.7274
epoch-184, train_loss-0.1706, train_rmse-0.4130, valid_rmse-1.2659, valid_pr-0.7313
epoch-185, train_loss-0.1683, train_rmse-0.4102, valid_rmse-1.2818, valid_pr-0.7322
epoch-186, train_loss-0.1619, train_rmse-0.4024, valid_rmse-1.2760, valid_pr-0.7242
epoch-187, train_loss-0.1719, train_rmse-0.4146, valid_rmse-1.2684, valid_pr-0.7342
epoch-188, train_loss-0.1804, train_rmse-0.4247, valid_rmse-1.2794, valid_pr-0.7263
epoch-189, train_loss-0.1834, train_rmse-0.4283, valid_rmse-1.2685, valid_pr-0.7322
epoch-190, train_loss-0.1844, train_rmse-0.4294, valid_rmse-1.2680, valid_pr-0.7340
epoch-191, train_loss-0.1804, train_rmse-0.4248, valid_rmse-1.2798, valid_pr-0.7292
epoch-192, train_loss-0.1658, train_rmse-0.4072, valid_rmse-1.2822, valid_pr-0.7232
epoch-193, train_loss-0.1729, train_rmse-0.4158, valid_rmse-1.2826, valid_pr-0.7293
epoch-194, train_loss-0.1753, train_rmse-0.4187, valid_rmse-1.2697, valid_pr-0.7322
epoch-195, train_loss-0.1658, train_rmse-0.4071, valid_rmse-1.2747, valid_pr-0.7300
epoch-196, train_loss-0.1654, train_rmse-0.4066, valid_rmse-1.2756, valid_pr-0.7303
epoch-197, train_loss-0.1681, train_rmse-0.4100, valid_rmse-1.2716, valid_pr-0.7362
epoch-198, train_loss-0.1701, train_rmse-0.4124, valid_rmse-1.2828, valid_pr-0.7266
epoch-199, train_loss-0.1793, train_rmse-0.4234, valid_rmse-1.2832, valid_pr-0.7283
epoch-200, train_loss-0.1539, train_rmse-0.3923, valid_rmse-1.2760, valid_pr-0.7272
epoch-201, train_loss-0.1489, train_rmse-0.3858, valid_rmse-1.2680, valid_pr-0.7354
epoch-202, train_loss-0.1598, train_rmse-0.3997, valid_rmse-1.2686, valid_pr-0.7351
epoch-203, train_loss-0.1614, train_rmse-0.4017, valid_rmse-1.2667, valid_pr-0.7351
epoch-204, train_loss-0.1495, train_rmse-0.3866, valid_rmse-1.2609, valid_pr-0.7351
epoch-205, train_loss-0.1597, train_rmse-0.3997, valid_rmse-1.2475, valid_pr-0.7386
Validation : valid_rmse-1.2475, valid_pr-0.7386, 
test2013_rmse-1.3130, test2013_pr-0.8457, test2016_rmse-1.1836, test2016_pr-0.8460, test2019_rmse-1.3648, test2019_pr-0.6541
epoch-206, train_loss-0.1664, train_rmse-0.4079, valid_rmse-1.2894, valid_pr-0.7355
epoch-207, train_loss-0.1480, train_rmse-0.3847, valid_rmse-1.2666, valid_pr-0.7372
epoch-208, train_loss-0.1642, train_rmse-0.4052, valid_rmse-1.2745, valid_pr-0.7319
epoch-209, train_loss-0.1637, train_rmse-0.4046, valid_rmse-1.2578, valid_pr-0.7351
epoch-210, train_loss-0.1671, train_rmse-0.4088, valid_rmse-1.2802, valid_pr-0.7291
epoch-211, train_loss-0.1552, train_rmse-0.3940, valid_rmse-1.2467, valid_pr-0.7427
Validation : valid_rmse-1.2467, valid_pr-0.7427, 
test2013_rmse-1.3161, test2013_pr-0.8394, test2016_rmse-1.1703, test2016_pr-0.8467, test2019_rmse-1.3704, test2019_pr-0.6573
epoch-212, train_loss-0.1712, train_rmse-0.4137, valid_rmse-1.2692, valid_pr-0.7341
epoch-213, train_loss-0.1519, train_rmse-0.3898, valid_rmse-1.2877, valid_pr-0.7335
epoch-214, train_loss-0.1605, train_rmse-0.4006, valid_rmse-1.2733, valid_pr-0.7321
epoch-215, train_loss-0.1601, train_rmse-0.4001, valid_rmse-1.2758, valid_pr-0.7367
epoch-216, train_loss-0.1558, train_rmse-0.3947, valid_rmse-1.2685, valid_pr-0.7325
epoch-217, train_loss-0.1612, train_rmse-0.4015, valid_rmse-1.2822, valid_pr-0.7313
epoch-218, train_loss-0.1467, train_rmse-0.3830, valid_rmse-1.2576, valid_pr-0.7374
epoch-219, train_loss-0.1647, train_rmse-0.4058, valid_rmse-1.2690, valid_pr-0.7318
epoch-220, train_loss-0.1618, train_rmse-0.4022, valid_rmse-1.2571, valid_pr-0.7365
epoch-221, train_loss-0.1568, train_rmse-0.3959, valid_rmse-1.2678, valid_pr-0.7349
epoch-222, train_loss-0.1503, train_rmse-0.3877, valid_rmse-1.2656, valid_pr-0.7355
epoch-223, train_loss-0.1624, train_rmse-0.4029, valid_rmse-1.2768, valid_pr-0.7284
epoch-224, train_loss-0.1541, train_rmse-0.3926, valid_rmse-1.2702, valid_pr-0.7337
epoch-225, train_loss-0.1509, train_rmse-0.3885, valid_rmse-1.2596, valid_pr-0.7372
epoch-226, train_loss-0.1560, train_rmse-0.3950, valid_rmse-1.2506, valid_pr-0.7378
epoch-227, train_loss-0.1488, train_rmse-0.3857, valid_rmse-1.2619, valid_pr-0.7408
epoch-228, train_loss-0.1552, train_rmse-0.3939, valid_rmse-1.2704, valid_pr-0.7284
epoch-229, train_loss-0.1494, train_rmse-0.3865, valid_rmse-1.2668, valid_pr-0.7294
epoch-230, train_loss-0.1566, train_rmse-0.3958, valid_rmse-1.2675, valid_pr-0.7360
epoch-231, train_loss-0.1636, train_rmse-0.4045, valid_rmse-1.2727, valid_pr-0.7370
epoch-232, train_loss-0.1608, train_rmse-0.4010, valid_rmse-1.2866, valid_pr-0.7229
epoch-233, train_loss-0.1488, train_rmse-0.3858, valid_rmse-1.2620, valid_pr-0.7330
epoch-234, train_loss-0.1545, train_rmse-0.3931, valid_rmse-1.2693, valid_pr-0.7356
epoch-235, train_loss-0.1480, train_rmse-0.3847, valid_rmse-1.2654, valid_pr-0.7333
epoch-236, train_loss-0.1398, train_rmse-0.3738, valid_rmse-1.2448, valid_pr-0.7424
Validation : valid_rmse-1.2448, valid_pr-0.7424, 
test2013_rmse-1.3071, test2013_pr-0.8424, test2016_rmse-1.1731, test2016_pr-0.8461, test2019_rmse-1.3696, test2019_pr-0.6554
epoch-237, train_loss-0.1419, train_rmse-0.3766, valid_rmse-1.2649, valid_pr-0.7400
epoch-238, train_loss-0.1390, train_rmse-0.3729, valid_rmse-1.2474, valid_pr-0.7436
epoch-239, train_loss-0.1507, train_rmse-0.3882, valid_rmse-1.2685, valid_pr-0.7384
epoch-240, train_loss-0.1543, train_rmse-0.3928, valid_rmse-1.2530, valid_pr-0.7408
epoch-241, train_loss-0.1465, train_rmse-0.3828, valid_rmse-1.2794, valid_pr-0.7258
epoch-242, train_loss-0.1595, train_rmse-0.3994, valid_rmse-1.2713, valid_pr-0.7280
epoch-243, train_loss-0.1432, train_rmse-0.3785, valid_rmse-1.2497, valid_pr-0.7419
epoch-244, train_loss-0.1536, train_rmse-0.3919, valid_rmse-1.2597, valid_pr-0.7358
epoch-245, train_loss-0.1468, train_rmse-0.3832, valid_rmse-1.2569, valid_pr-0.7385
epoch-246, train_loss-0.1542, train_rmse-0.3927, valid_rmse-1.2715, valid_pr-0.7301
epoch-247, train_loss-0.1475, train_rmse-0.3841, valid_rmse-1.2678, valid_pr-0.7298
epoch-248, train_loss-0.1376, train_rmse-0.3709, valid_rmse-1.2515, valid_pr-0.7394
epoch-249, train_loss-0.1456, train_rmse-0.3816, valid_rmse-1.2554, valid_pr-0.7387
epoch-250, train_loss-0.1530, train_rmse-0.3911, valid_rmse-1.2716, valid_pr-0.7326
epoch-251, train_loss-0.1398, train_rmse-0.3738, valid_rmse-1.2514, valid_pr-0.7392
epoch-252, train_loss-0.1438, train_rmse-0.3792, valid_rmse-1.2690, valid_pr-0.7375
epoch-253, train_loss-0.1457, train_rmse-0.3817, valid_rmse-1.2938, valid_pr-0.7213
epoch-254, train_loss-0.1424, train_rmse-0.3774, valid_rmse-1.2533, valid_pr-0.7394
epoch-255, train_loss-0.1515, train_rmse-0.3892, valid_rmse-1.2603, valid_pr-0.7383
epoch-256, train_loss-0.1384, train_rmse-0.3721, valid_rmse-1.2742, valid_pr-0.7334
epoch-257, train_loss-0.1320, train_rmse-0.3633, valid_rmse-1.2752, valid_pr-0.7278
epoch-258, train_loss-0.1557, train_rmse-0.3946, valid_rmse-1.2681, valid_pr-0.7387
epoch-259, train_loss-0.1462, train_rmse-0.3823, valid_rmse-1.2566, valid_pr-0.7399
epoch-260, train_loss-0.1449, train_rmse-0.3806, valid_rmse-1.2994, valid_pr-0.7213
epoch-261, train_loss-0.1454, train_rmse-0.3813, valid_rmse-1.2734, valid_pr-0.7322
epoch-262, train_loss-0.1350, train_rmse-0.3674, valid_rmse-1.2767, valid_pr-0.7308
epoch-263, train_loss-0.1361, train_rmse-0.3689, valid_rmse-1.2627, valid_pr-0.7349
epoch-264, train_loss-0.1411, train_rmse-0.3756, valid_rmse-1.2624, valid_pr-0.7376
epoch-265, train_loss-0.1478, train_rmse-0.3845, valid_rmse-1.2583, valid_pr-0.7323
epoch-266, train_loss-0.1319, train_rmse-0.3631, valid_rmse-1.2699, valid_pr-0.7332
epoch-267, train_loss-0.1518, train_rmse-0.3896, valid_rmse-1.2644, valid_pr-0.7296
epoch-268, train_loss-0.1398, train_rmse-0.3739, valid_rmse-1.2608, valid_pr-0.7379
epoch-269, train_loss-0.1326, train_rmse-0.3641, valid_rmse-1.2767, valid_pr-0.7307
epoch-270, train_loss-0.1478, train_rmse-0.3844, valid_rmse-1.2577, valid_pr-0.7382
epoch-271, train_loss-0.1347, train_rmse-0.3670, valid_rmse-1.2620, valid_pr-0.7325
epoch-272, train_loss-0.1342, train_rmse-0.3663, valid_rmse-1.2591, valid_pr-0.7379
epoch-273, train_loss-0.1430, train_rmse-0.3782, valid_rmse-1.2749, valid_pr-0.7349
epoch-274, train_loss-0.1381, train_rmse-0.3716, valid_rmse-1.2550, valid_pr-0.7394
epoch-275, train_loss-0.1360, train_rmse-0.3688, valid_rmse-1.2548, valid_pr-0.7356
epoch-276, train_loss-0.1324, train_rmse-0.3638, valid_rmse-1.2619, valid_pr-0.7351
epoch-277, train_loss-0.1460, train_rmse-0.3821, valid_rmse-1.2618, valid_pr-0.7360
epoch-278, train_loss-0.1338, train_rmse-0.3658, valid_rmse-1.2556, valid_pr-0.7387
epoch-279, train_loss-0.1377, train_rmse-0.3711, valid_rmse-1.2719, valid_pr-0.7377
epoch-280, train_loss-0.1449, train_rmse-0.3806, valid_rmse-1.2617, valid_pr-0.7344
epoch-281, train_loss-0.1526, train_rmse-0.3906, valid_rmse-1.2696, valid_pr-0.7308
epoch-282, train_loss-0.1496, train_rmse-0.3867, valid_rmse-1.2830, valid_pr-0.7355
epoch-283, train_loss-0.1397, train_rmse-0.3738, valid_rmse-1.2553, valid_pr-0.7404
epoch-284, train_loss-0.1417, train_rmse-0.3764, valid_rmse-1.2420, valid_pr-0.7418
Validation : valid_rmse-1.2420, valid_pr-0.7418, 
test2013_rmse-1.3437, test2013_pr-0.8330, test2016_rmse-1.1632, test2016_pr-0.8507, test2019_rmse-1.3581, test2019_pr-0.6583
epoch-285, train_loss-0.1360, train_rmse-0.3688, valid_rmse-1.2572, valid_pr-0.7354
epoch-286, train_loss-0.1344, train_rmse-0.3666, valid_rmse-1.2638, valid_pr-0.7390
epoch-287, train_loss-0.1490, train_rmse-0.3860, valid_rmse-1.2633, valid_pr-0.7377
epoch-288, train_loss-0.1307, train_rmse-0.3616, valid_rmse-1.2400, valid_pr-0.7410
Validation : valid_rmse-1.2400, valid_pr-0.7410, 
test2013_rmse-1.3741, test2013_pr-0.8225, test2016_rmse-1.1961, test2016_pr-0.8415, test2019_rmse-1.3725, test2019_pr-0.6448
epoch-289, train_loss-0.1349, train_rmse-0.3673, valid_rmse-1.2482, valid_pr-0.7409
epoch-290, train_loss-0.1272, train_rmse-0.3567, valid_rmse-1.2669, valid_pr-0.7335
epoch-291, train_loss-0.1422, train_rmse-0.3771, valid_rmse-1.2605, valid_pr-0.7374
epoch-292, train_loss-0.1392, train_rmse-0.3731, valid_rmse-1.2599, valid_pr-0.7388
epoch-293, train_loss-0.1347, train_rmse-0.3670, valid_rmse-1.2824, valid_pr-0.7355
epoch-294, train_loss-0.1379, train_rmse-0.3713, valid_rmse-1.2608, valid_pr-0.7360
epoch-295, train_loss-0.1248, train_rmse-0.3533, valid_rmse-1.2555, valid_pr-0.7366
epoch-296, train_loss-0.1348, train_rmse-0.3671, valid_rmse-1.2609, valid_pr-0.7376
epoch-297, train_loss-0.1353, train_rmse-0.3678, valid_rmse-1.2706, valid_pr-0.7360
epoch-298, train_loss-0.1253, train_rmse-0.3540, valid_rmse-1.2671, valid_pr-0.7304
epoch-299, train_loss-0.1511, train_rmse-0.3888, valid_rmse-1.2655, valid_pr-0.7321
epoch-300, train_loss-0.1451, train_rmse-0.3809, valid_rmse-1.2712, valid_pr-0.7369
epoch-301, train_loss-0.1413, train_rmse-0.3758, valid_rmse-1.2616, valid_pr-0.7356
epoch-302, train_loss-0.1282, train_rmse-0.3581, valid_rmse-1.2611, valid_pr-0.7332
epoch-303, train_loss-0.1317, train_rmse-0.3628, valid_rmse-1.2754, valid_pr-0.7312
epoch-304, train_loss-0.1302, train_rmse-0.3609, valid_rmse-1.2689, valid_pr-0.7314
epoch-305, train_loss-0.1321, train_rmse-0.3635, valid_rmse-1.2524, valid_pr-0.7376
epoch-306, train_loss-0.1279, train_rmse-0.3576, valid_rmse-1.2613, valid_pr-0.7339
epoch-307, train_loss-0.1348, train_rmse-0.3672, valid_rmse-1.2661, valid_pr-0.7380
epoch-308, train_loss-0.1371, train_rmse-0.3702, valid_rmse-1.2568, valid_pr-0.7364
epoch-309, train_loss-0.1331, train_rmse-0.3648, valid_rmse-1.2617, valid_pr-0.7367
epoch-310, train_loss-0.1370, train_rmse-0.3702, valid_rmse-1.2703, valid_pr-0.7331
epoch-311, train_loss-0.1277, train_rmse-0.3573, valid_rmse-1.2612, valid_pr-0.7398
epoch-312, train_loss-0.1257, train_rmse-0.3545, valid_rmse-1.2650, valid_pr-0.7345
epoch-313, train_loss-0.1334, train_rmse-0.3653, valid_rmse-1.2739, valid_pr-0.7325
epoch-314, train_loss-0.1293, train_rmse-0.3596, valid_rmse-1.2606, valid_pr-0.7378
epoch-315, train_loss-0.1341, train_rmse-0.3662, valid_rmse-1.2603, valid_pr-0.7362
epoch-316, train_loss-0.1358, train_rmse-0.3685, valid_rmse-1.2590, valid_pr-0.7369
epoch-317, train_loss-0.1255, train_rmse-0.3542, valid_rmse-1.2449, valid_pr-0.7416
epoch-318, train_loss-0.1396, train_rmse-0.3736, valid_rmse-1.2625, valid_pr-0.7388
epoch-319, train_loss-0.1485, train_rmse-0.3854, valid_rmse-1.2639, valid_pr-0.7402
epoch-320, train_loss-0.1284, train_rmse-0.3583, valid_rmse-1.2553, valid_pr-0.7371
epoch-321, train_loss-0.1274, train_rmse-0.3569, valid_rmse-1.2561, valid_pr-0.7384
epoch-322, train_loss-0.1422, train_rmse-0.3771, valid_rmse-1.2557, valid_pr-0.7395
epoch-323, train_loss-0.1338, train_rmse-0.3658, valid_rmse-1.2632, valid_pr-0.7359
epoch-324, train_loss-0.1216, train_rmse-0.3487, valid_rmse-1.2734, valid_pr-0.7343
epoch-325, train_loss-0.1385, train_rmse-0.3721, valid_rmse-1.2511, valid_pr-0.7389
epoch-326, train_loss-0.1437, train_rmse-0.3791, valid_rmse-1.2648, valid_pr-0.7373
epoch-327, train_loss-0.1255, train_rmse-0.3542, valid_rmse-1.2522, valid_pr-0.7385
epoch-328, train_loss-0.1343, train_rmse-0.3664, valid_rmse-1.2559, valid_pr-0.7395
epoch-329, train_loss-0.1305, train_rmse-0.3612, valid_rmse-1.2544, valid_pr-0.7383
epoch-330, train_loss-0.1246, train_rmse-0.3530, valid_rmse-1.2624, valid_pr-0.7357
epoch-331, train_loss-0.1250, train_rmse-0.3536, valid_rmse-1.2734, valid_pr-0.7329
epoch-332, train_loss-0.1418, train_rmse-0.3765, valid_rmse-1.2762, valid_pr-0.7246
epoch-333, train_loss-0.1303, train_rmse-0.3610, valid_rmse-1.2582, valid_pr-0.7352
epoch-334, train_loss-0.1196, train_rmse-0.3458, valid_rmse-1.2698, valid_pr-0.7374
epoch-335, train_loss-0.1317, train_rmse-0.3630, valid_rmse-1.2536, valid_pr-0.7375
epoch-336, train_loss-0.1193, train_rmse-0.3454, valid_rmse-1.2459, valid_pr-0.7415
epoch-337, train_loss-0.1340, train_rmse-0.3661, valid_rmse-1.2672, valid_pr-0.7355
epoch-338, train_loss-0.1217, train_rmse-0.3489, valid_rmse-1.2636, valid_pr-0.7331
epoch-339, train_loss-0.1317, train_rmse-0.3629, valid_rmse-1.2715, valid_pr-0.7256
epoch-340, train_loss-0.1147, train_rmse-0.3387, valid_rmse-1.2638, valid_pr-0.7362
epoch-341, train_loss-0.1127, train_rmse-0.3356, valid_rmse-1.2520, valid_pr-0.7365
epoch-342, train_loss-0.0990, train_rmse-0.3146, valid_rmse-1.2582, valid_pr-0.7380
epoch-343, train_loss-0.1020, train_rmse-0.3193, valid_rmse-1.2562, valid_pr-0.7355
epoch-344, train_loss-0.0915, train_rmse-0.3026, valid_rmse-1.2502, valid_pr-0.7383
epoch-345, train_loss-0.1027, train_rmse-0.3204, valid_rmse-1.2568, valid_pr-0.7361
epoch-346, train_loss-0.1002, train_rmse-0.3166, valid_rmse-1.2575, valid_pr-0.7374
epoch-347, train_loss-0.1101, train_rmse-0.3318, valid_rmse-1.2525, valid_pr-0.7371
epoch-348, train_loss-0.1070, train_rmse-0.3271, valid_rmse-1.2544, valid_pr-0.7392
epoch-349, train_loss-0.0984, train_rmse-0.3137, valid_rmse-1.2566, valid_pr-0.7387
epoch-350, train_loss-0.0981, train_rmse-0.3133, valid_rmse-1.2544, valid_pr-0.7368
epoch-351, train_loss-0.0992, train_rmse-0.3149, valid_rmse-1.2478, valid_pr-0.7408
epoch-352, train_loss-0.1069, train_rmse-0.3269, valid_rmse-1.2489, valid_pr-0.7405
epoch-353, train_loss-0.0996, train_rmse-0.3155, valid_rmse-1.2517, valid_pr-0.7390
epoch-354, train_loss-0.1064, train_rmse-0.3262, valid_rmse-1.2487, valid_pr-0.7412
epoch-355, train_loss-0.1116, train_rmse-0.3340, valid_rmse-1.2543, valid_pr-0.7393
epoch-356, train_loss-0.1049, train_rmse-0.3239, valid_rmse-1.2509, valid_pr-0.7411
epoch-357, train_loss-0.1094, train_rmse-0.3307, valid_rmse-1.2553, valid_pr-0.7365
epoch-358, train_loss-0.1067, train_rmse-0.3266, valid_rmse-1.2438, valid_pr-0.7409
epoch-359, train_loss-0.1094, train_rmse-0.3307, valid_rmse-1.2538, valid_pr-0.7367
epoch-360, train_loss-0.0988, train_rmse-0.3144, valid_rmse-1.2541, valid_pr-0.7366
epoch-361, train_loss-0.1077, train_rmse-0.3282, valid_rmse-1.2420, valid_pr-0.7422
epoch-362, train_loss-0.1010, train_rmse-0.3178, valid_rmse-1.2545, valid_pr-0.7403
epoch-363, train_loss-0.0911, train_rmse-0.3018, valid_rmse-1.2512, valid_pr-0.7388
epoch-364, train_loss-0.0968, train_rmse-0.3111, valid_rmse-1.2417, valid_pr-0.7425
epoch-365, train_loss-0.1068, train_rmse-0.3268, valid_rmse-1.2489, valid_pr-0.7414
epoch-366, train_loss-0.1014, train_rmse-0.3184, valid_rmse-1.2471, valid_pr-0.7413
epoch-367, train_loss-0.1041, train_rmse-0.3227, valid_rmse-1.2483, valid_pr-0.7426
epoch-368, train_loss-0.1124, train_rmse-0.3352, valid_rmse-1.2491, valid_pr-0.7397
epoch-369, train_loss-0.1008, train_rmse-0.3175, valid_rmse-1.2497, valid_pr-0.7392
epoch-370, train_loss-0.1059, train_rmse-0.3255, valid_rmse-1.2493, valid_pr-0.7395
epoch-371, train_loss-0.0958, train_rmse-0.3096, valid_rmse-1.2456, valid_pr-0.7421
epoch-372, train_loss-0.0979, train_rmse-0.3130, valid_rmse-1.2425, valid_pr-0.7422
epoch-373, train_loss-0.1015, train_rmse-0.3187, valid_rmse-1.2468, valid_pr-0.7401
epoch-374, train_loss-0.0953, train_rmse-0.3087, valid_rmse-1.2434, valid_pr-0.7420
epoch-375, train_loss-0.0979, train_rmse-0.3129, valid_rmse-1.2471, valid_pr-0.7405
epoch-376, train_loss-0.0977, train_rmse-0.3126, valid_rmse-1.2372, valid_pr-0.7440
Validation : valid_rmse-1.2372, valid_pr-0.7440, 
test2013_rmse-1.3322, test2013_pr-0.8360, test2016_rmse-1.1592, test2016_pr-0.8522, test2019_rmse-1.3510, test2019_pr-0.6618
epoch-377, train_loss-0.1064, train_rmse-0.3262, valid_rmse-1.2424, valid_pr-0.7420
epoch-378, train_loss-0.0914, train_rmse-0.3024, valid_rmse-1.2470, valid_pr-0.7422
epoch-379, train_loss-0.1007, train_rmse-0.3173, valid_rmse-1.2527, valid_pr-0.7387
epoch-380, train_loss-0.1027, train_rmse-0.3205, valid_rmse-1.2444, valid_pr-0.7401
epoch-381, train_loss-0.0943, train_rmse-0.3071, valid_rmse-1.2510, valid_pr-0.7404
epoch-382, train_loss-0.0957, train_rmse-0.3093, valid_rmse-1.2458, valid_pr-0.7422
epoch-383, train_loss-0.1022, train_rmse-0.3197, valid_rmse-1.2488, valid_pr-0.7401
epoch-384, train_loss-0.1023, train_rmse-0.3198, valid_rmse-1.2509, valid_pr-0.7384
epoch-385, train_loss-0.1036, train_rmse-0.3219, valid_rmse-1.2409, valid_pr-0.7432
epoch-386, train_loss-0.1118, train_rmse-0.3344, valid_rmse-1.2435, valid_pr-0.7427
epoch-387, train_loss-0.1147, train_rmse-0.3387, valid_rmse-1.2413, valid_pr-0.7422
epoch-388, train_loss-0.1025, train_rmse-0.3201, valid_rmse-1.2417, valid_pr-0.7440
epoch-389, train_loss-0.1037, train_rmse-0.3220, valid_rmse-1.2489, valid_pr-0.7414
epoch-390, train_loss-0.0990, train_rmse-0.3146, valid_rmse-1.2401, valid_pr-0.7439
epoch-391, train_loss-0.1139, train_rmse-0.3376, valid_rmse-1.2482, valid_pr-0.7408
epoch-392, train_loss-0.1078, train_rmse-0.3283, valid_rmse-1.2390, valid_pr-0.7432
epoch-393, train_loss-0.0961, train_rmse-0.3100, valid_rmse-1.2427, valid_pr-0.7411
epoch-394, train_loss-0.0967, train_rmse-0.3109, valid_rmse-1.2415, valid_pr-0.7427
epoch-395, train_loss-0.0989, train_rmse-0.3145, valid_rmse-1.2356, valid_pr-0.7449
Validation : valid_rmse-1.2356, valid_pr-0.7449, 
test2013_rmse-1.3208, test2013_pr-0.8404, test2016_rmse-1.1535, test2016_pr-0.8538, test2019_rmse-1.3499, test2019_pr-0.6629
epoch-396, train_loss-0.1104, train_rmse-0.3323, valid_rmse-1.2525, valid_pr-0.7428
epoch-397, train_loss-0.0969, train_rmse-0.3113, valid_rmse-1.2413, valid_pr-0.7441
epoch-398, train_loss-0.1020, train_rmse-0.3194, valid_rmse-1.2352, valid_pr-0.7444
Validation : valid_rmse-1.2352, valid_pr-0.7444, 
test2013_rmse-1.3578, test2013_pr-0.8342, test2016_rmse-1.1779, test2016_pr-0.8505, test2019_rmse-1.3465, test2019_pr-0.6603
epoch-399, train_loss-0.0956, train_rmse-0.3092, valid_rmse-1.2477, valid_pr-0.7423
epoch-400, train_loss-0.1002, train_rmse-0.3165, valid_rmse-1.2471, valid_pr-0.7399
epoch-401, train_loss-0.1008, train_rmse-0.3175, valid_rmse-1.2453, valid_pr-0.7426
epoch-402, train_loss-0.1021, train_rmse-0.3196, valid_rmse-1.2459, valid_pr-0.7435
epoch-403, train_loss-0.0950, train_rmse-0.3083, valid_rmse-1.2496, valid_pr-0.7434
epoch-404, train_loss-0.0985, train_rmse-0.3138, valid_rmse-1.2439, valid_pr-0.7408
epoch-405, train_loss-0.0983, train_rmse-0.3135, valid_rmse-1.2451, valid_pr-0.7407
epoch-406, train_loss-0.1013, train_rmse-0.3183, valid_rmse-1.2307, valid_pr-0.7469
Validation : valid_rmse-1.2307, valid_pr-0.7469, 
test2013_rmse-1.3196, test2013_pr-0.8447, test2016_rmse-1.1491, test2016_pr-0.8564, test2019_rmse-1.3478, test2019_pr-0.6621
epoch-407, train_loss-0.0942, train_rmse-0.3069, valid_rmse-1.2457, valid_pr-0.7412
epoch-408, train_loss-0.0956, train_rmse-0.3093, valid_rmse-1.2443, valid_pr-0.7431
epoch-409, train_loss-0.1008, train_rmse-0.3175, valid_rmse-1.2325, valid_pr-0.7461
epoch-410, train_loss-0.1050, train_rmse-0.3240, valid_rmse-1.2469, valid_pr-0.7416
epoch-411, train_loss-0.0869, train_rmse-0.2948, valid_rmse-1.2377, valid_pr-0.7448
epoch-412, train_loss-0.1005, train_rmse-0.3170, valid_rmse-1.2491, valid_pr-0.7416
epoch-413, train_loss-0.1065, train_rmse-0.3263, valid_rmse-1.2410, valid_pr-0.7464
epoch-414, train_loss-0.0923, train_rmse-0.3038, valid_rmse-1.2429, valid_pr-0.7431
epoch-415, train_loss-0.0960, train_rmse-0.3099, valid_rmse-1.2439, valid_pr-0.7401
epoch-416, train_loss-0.0958, train_rmse-0.3096, valid_rmse-1.2378, valid_pr-0.7438
epoch-417, train_loss-0.0937, train_rmse-0.3060, valid_rmse-1.2383, valid_pr-0.7437
epoch-418, train_loss-0.1023, train_rmse-0.3199, valid_rmse-1.2454, valid_pr-0.7406
epoch-419, train_loss-0.0983, train_rmse-0.3136, valid_rmse-1.2481, valid_pr-0.7427
epoch-420, train_loss-0.1050, train_rmse-0.3240, valid_rmse-1.2474, valid_pr-0.7449
epoch-421, train_loss-0.0999, train_rmse-0.3161, valid_rmse-1.2564, valid_pr-0.7387
epoch-422, train_loss-0.1012, train_rmse-0.3181, valid_rmse-1.2494, valid_pr-0.7440
epoch-423, train_loss-0.0911, train_rmse-0.3018, valid_rmse-1.2447, valid_pr-0.7429
epoch-424, train_loss-0.0991, train_rmse-0.3148, valid_rmse-1.2512, valid_pr-0.7430
epoch-425, train_loss-0.0970, train_rmse-0.3115, valid_rmse-1.2522, valid_pr-0.7375
epoch-426, train_loss-0.0903, train_rmse-0.3006, valid_rmse-1.2499, valid_pr-0.7376
epoch-427, train_loss-0.1034, train_rmse-0.3215, valid_rmse-1.2487, valid_pr-0.7423
epoch-428, train_loss-0.1006, train_rmse-0.3172, valid_rmse-1.2581, valid_pr-0.7383
epoch-429, train_loss-0.0938, train_rmse-0.3062, valid_rmse-1.2436, valid_pr-0.7411
epoch-430, train_loss-0.0933, train_rmse-0.3055, valid_rmse-1.2426, valid_pr-0.7422
epoch-431, train_loss-0.1030, train_rmse-0.3209, valid_rmse-1.2473, valid_pr-0.7426
epoch-432, train_loss-0.0924, train_rmse-0.3040, valid_rmse-1.2486, valid_pr-0.7393
epoch-433, train_loss-0.1023, train_rmse-0.3198, valid_rmse-1.2498, valid_pr-0.7392
epoch-434, train_loss-0.1067, train_rmse-0.3267, valid_rmse-1.2472, valid_pr-0.7396
epoch-435, train_loss-0.0991, train_rmse-0.3148, valid_rmse-1.2565, valid_pr-0.7394
epoch-436, train_loss-0.0970, train_rmse-0.3114, valid_rmse-1.2481, valid_pr-0.7386
epoch-437, train_loss-0.0903, train_rmse-0.3005, valid_rmse-1.2511, valid_pr-0.7408
epoch-438, train_loss-0.0970, train_rmse-0.3114, valid_rmse-1.2487, valid_pr-0.7434
epoch-439, train_loss-0.1015, train_rmse-0.3186, valid_rmse-1.2483, valid_pr-0.7413
epoch-440, train_loss-0.0906, train_rmse-0.3010, valid_rmse-1.2499, valid_pr-0.7404
epoch-441, train_loss-0.0993, train_rmse-0.3151, valid_rmse-1.2363, valid_pr-0.7453
epoch-442, train_loss-0.0952, train_rmse-0.3086, valid_rmse-1.2454, valid_pr-0.7425
epoch-443, train_loss-0.1056, train_rmse-0.3250, valid_rmse-1.2419, valid_pr-0.7417
epoch-444, train_loss-0.0905, train_rmse-0.3008, valid_rmse-1.2445, valid_pr-0.7417
epoch-445, train_loss-0.0838, train_rmse-0.2895, valid_rmse-1.2502, valid_pr-0.7407
epoch-446, train_loss-0.1036, train_rmse-0.3219, valid_rmse-1.2448, valid_pr-0.7407
epoch-447, train_loss-0.0937, train_rmse-0.3061, valid_rmse-1.2503, valid_pr-0.7378
epoch-448, train_loss-0.1051, train_rmse-0.3241, valid_rmse-1.2506, valid_pr-0.7380
epoch-449, train_loss-0.0982, train_rmse-0.3134, valid_rmse-1.2472, valid_pr-0.7408
epoch-450, train_loss-0.0966, train_rmse-0.3108, valid_rmse-1.2508, valid_pr-0.7411
epoch-451, train_loss-0.0991, train_rmse-0.3148, valid_rmse-1.2575, valid_pr-0.7384
epoch-452, train_loss-0.1033, train_rmse-0.3214, valid_rmse-1.2412, valid_pr-0.7434
epoch-453, train_loss-0.0997, train_rmse-0.3158, valid_rmse-1.2433, valid_pr-0.7417
epoch-454, train_loss-0.0977, train_rmse-0.3125, valid_rmse-1.2473, valid_pr-0.7389
epoch-455, train_loss-0.0987, train_rmse-0.3141, valid_rmse-1.2564, valid_pr-0.7416
epoch-456, train_loss-0.0900, train_rmse-0.3000, valid_rmse-1.2462, valid_pr-0.7428
epoch-457, train_loss-0.0924, train_rmse-0.3039, valid_rmse-1.2590, valid_pr-0.7415
epoch-458, train_loss-0.0902, train_rmse-0.3003, valid_rmse-1.2359, valid_pr-0.7440
epoch-459, train_loss-0.0922, train_rmse-0.3037, valid_rmse-1.2419, valid_pr-0.7415
epoch-460, train_loss-0.0821, train_rmse-0.2865, valid_rmse-1.2444, valid_pr-0.7413
epoch-461, train_loss-0.0828, train_rmse-0.2878, valid_rmse-1.2387, valid_pr-0.7445
epoch-462, train_loss-0.0813, train_rmse-0.2852, valid_rmse-1.2425, valid_pr-0.7446
epoch-463, train_loss-0.0811, train_rmse-0.2849, valid_rmse-1.2375, valid_pr-0.7454
epoch-464, train_loss-0.0797, train_rmse-0.2823, valid_rmse-1.2386, valid_pr-0.7449
epoch-465, train_loss-0.0837, train_rmse-0.2893, valid_rmse-1.2418, valid_pr-0.7438
epoch-466, train_loss-0.0877, train_rmse-0.2961, valid_rmse-1.2417, valid_pr-0.7453
epoch-467, train_loss-0.0860, train_rmse-0.2933, valid_rmse-1.2398, valid_pr-0.7441
epoch-468, train_loss-0.0842, train_rmse-0.2902, valid_rmse-1.2349, valid_pr-0.7467
epoch-469, train_loss-0.0853, train_rmse-0.2921, valid_rmse-1.2399, valid_pr-0.7440
epoch-470, train_loss-0.0913, train_rmse-0.3021, valid_rmse-1.2339, valid_pr-0.7456
epoch-471, train_loss-0.0828, train_rmse-0.2878, valid_rmse-1.2388, valid_pr-0.7442
epoch-472, train_loss-0.0833, train_rmse-0.2886, valid_rmse-1.2376, valid_pr-0.7440
epoch-473, train_loss-0.0901, train_rmse-0.3002, valid_rmse-1.2422, valid_pr-0.7448
epoch-474, train_loss-0.0839, train_rmse-0.2896, valid_rmse-1.2363, valid_pr-0.7453
epoch-475, train_loss-0.0868, train_rmse-0.2947, valid_rmse-1.2351, valid_pr-0.7461
epoch-476, train_loss-0.0833, train_rmse-0.2887, valid_rmse-1.2370, valid_pr-0.7435
epoch-477, train_loss-0.0836, train_rmse-0.2891, valid_rmse-1.2393, valid_pr-0.7446
epoch-478, train_loss-0.0881, train_rmse-0.2969, valid_rmse-1.2396, valid_pr-0.7455
epoch-479, train_loss-0.0798, train_rmse-0.2825, valid_rmse-1.2399, valid_pr-0.7447
epoch-480, train_loss-0.0906, train_rmse-0.3009, valid_rmse-1.2422, valid_pr-0.7450
epoch-481, train_loss-0.0798, train_rmse-0.2824, valid_rmse-1.2362, valid_pr-0.7450
epoch-482, train_loss-0.0775, train_rmse-0.2784, valid_rmse-1.2339, valid_pr-0.7469
epoch-483, train_loss-0.0809, train_rmse-0.2845, valid_rmse-1.2365, valid_pr-0.7458
epoch-484, train_loss-0.0925, train_rmse-0.3041, valid_rmse-1.2376, valid_pr-0.7448
epoch-485, train_loss-0.0849, train_rmse-0.2913, valid_rmse-1.2502, valid_pr-0.7445
epoch-486, train_loss-0.1003, train_rmse-0.3166, valid_rmse-1.2338, valid_pr-0.7454
epoch-487, train_loss-0.0839, train_rmse-0.2896, valid_rmse-1.2351, valid_pr-0.7451
epoch-488, train_loss-0.0818, train_rmse-0.2859, valid_rmse-1.2440, valid_pr-0.7437
epoch-489, train_loss-0.0917, train_rmse-0.3028, valid_rmse-1.2359, valid_pr-0.7469
epoch-490, train_loss-0.0843, train_rmse-0.2904, valid_rmse-1.2370, valid_pr-0.7445
epoch-491, train_loss-0.0895, train_rmse-0.2991, valid_rmse-1.2434, valid_pr-0.7435
epoch-492, train_loss-0.0769, train_rmse-0.2774, valid_rmse-1.2397, valid_pr-0.7427
epoch-493, train_loss-0.0974, train_rmse-0.3121, valid_rmse-1.2394, valid_pr-0.7439
epoch-494, train_loss-0.0868, train_rmse-0.2946, valid_rmse-1.2349, valid_pr-0.7448
epoch-495, train_loss-0.0802, train_rmse-0.2831, valid_rmse-1.2400, valid_pr-0.7436
epoch-496, train_loss-0.0853, train_rmse-0.2921, valid_rmse-1.2384, valid_pr-0.7442
epoch-497, train_loss-0.0805, train_rmse-0.2836, valid_rmse-1.2396, valid_pr-0.7439
epoch-498, train_loss-0.0743, train_rmse-0.2726, valid_rmse-1.2403, valid_pr-0.7446
epoch-499, train_loss-0.0786, train_rmse-0.2804, valid_rmse-1.2357, valid_pr-0.7455
epoch-500, train_loss-0.0860, train_rmse-0.2932, valid_rmse-1.2420, valid_pr-0.7438
epoch-501, train_loss-0.0886, train_rmse-0.2976, valid_rmse-1.2347, valid_pr-0.7465
epoch-502, train_loss-0.0869, train_rmse-0.2947, valid_rmse-1.2376, valid_pr-0.7435
epoch-503, train_loss-0.0822, train_rmse-0.2867, valid_rmse-1.2351, valid_pr-0.7450
epoch-504, train_loss-0.0907, train_rmse-0.3011, valid_rmse-1.2322, valid_pr-0.7453
epoch-505, train_loss-0.0872, train_rmse-0.2953, valid_rmse-1.2375, valid_pr-0.7467
epoch-506, train_loss-0.0831, train_rmse-0.2883, valid_rmse-1.2373, valid_pr-0.7465
epoch-507, train_loss-0.0863, train_rmse-0.2937, valid_rmse-1.2334, valid_pr-0.7458
early stop in epoch 507
best_rmse: 1.2307
valid_rmse-1.2307, valid_pr-0.7469, test2013_rmse-1.3196, test2013_pr-0.8447, test2016_rmse-1.1491, test2016_pr-0.8564, test2019_rmse-1.3478, test2019_pr-0.6621
