ASD, lr=0.001, seed=889
train_ASD.py
train data: 11904
valid data: 1000
test2013 data: 107
test2016 data: 285
test2019 data: 4366
GIGN params # : 42663002
epoch-0, train_loss-5.6551, train_rmse-2.3780, valid_rmse-1.9148, valid_pr-0.3184
Validation : valid_rmse-1.9148, valid_pr-0.3184, 
test2013_rmse-2.3247, test2013_pr-0.2826, test2016_rmse-2.1972, test2016_pr-0.2954, test2019_rmse-1.8816, test2019_pr-0.2790
epoch-1, train_loss-3.3942, train_rmse-1.8423, valid_rmse-1.8611, valid_pr-0.3427
Validation : valid_rmse-1.8611, valid_pr-0.3427, 
test2013_rmse-2.3622, test2013_pr-0.2998, test2016_rmse-2.1379, test2016_pr-0.3822, test2019_rmse-1.8717, test2019_pr-0.3218
epoch-2, train_loss-3.0962, train_rmse-1.7596, valid_rmse-1.7832, valid_pr-0.4009
Validation : valid_rmse-1.7832, valid_pr-0.4009, 
test2013_rmse-2.0548, test2013_pr-0.4851, test2016_rmse-1.9061, test2016_pr-0.5143, test2019_rmse-1.7388, test2019_pr-0.3587
epoch-3, train_loss-2.9685, train_rmse-1.7229, valid_rmse-1.8287, valid_pr-0.4435
epoch-4, train_loss-2.9023, train_rmse-1.7036, valid_rmse-1.7060, valid_pr-0.4369
Validation : valid_rmse-1.7060, valid_pr-0.4369, 
test2013_rmse-2.0823, test2013_pr-0.4740, test2016_rmse-1.8766, test2016_pr-0.5317, test2019_rmse-1.6798, test2019_pr-0.3940
epoch-5, train_loss-2.7809, train_rmse-1.6676, valid_rmse-1.9348, valid_pr-0.4375
epoch-6, train_loss-2.7422, train_rmse-1.6559, valid_rmse-1.6530, valid_pr-0.4691
Validation : valid_rmse-1.6530, valid_pr-0.4691, 
test2013_rmse-2.0005, test2013_pr-0.5166, test2016_rmse-1.8571, test2016_pr-0.5257, test2019_rmse-1.6552, test2019_pr-0.4116
epoch-7, train_loss-2.6119, train_rmse-1.6162, valid_rmse-1.6607, valid_pr-0.4987
epoch-8, train_loss-2.6705, train_rmse-1.6342, valid_rmse-1.5798, valid_pr-0.5337
Validation : valid_rmse-1.5798, valid_pr-0.5337, 
test2013_rmse-1.9653, test2013_pr-0.5328, test2016_rmse-1.7877, test2016_pr-0.5683, test2019_rmse-1.6661, test2019_pr-0.4354
epoch-9, train_loss-2.4923, train_rmse-1.5787, valid_rmse-1.5836, valid_pr-0.5297
epoch-10, train_loss-2.4130, train_rmse-1.5534, valid_rmse-1.6237, valid_pr-0.5038
epoch-11, train_loss-2.3593, train_rmse-1.5360, valid_rmse-1.6045, valid_pr-0.5130
epoch-12, train_loss-2.3324, train_rmse-1.5272, valid_rmse-1.5666, valid_pr-0.5399
Validation : valid_rmse-1.5666, valid_pr-0.5399, 
test2013_rmse-2.0377, test2013_pr-0.4892, test2016_rmse-1.7370, test2016_pr-0.6095, test2019_rmse-1.6114, test2019_pr-0.4548
epoch-13, train_loss-2.2784, train_rmse-1.5094, valid_rmse-1.5266, valid_pr-0.5671
Validation : valid_rmse-1.5266, valid_pr-0.5671, 
test2013_rmse-1.9151, test2013_pr-0.5667, test2016_rmse-1.6651, test2016_pr-0.6510, test2019_rmse-1.6480, test2019_pr-0.4267
epoch-14, train_loss-2.3607, train_rmse-1.5365, valid_rmse-1.6323, valid_pr-0.5181
epoch-15, train_loss-2.2574, train_rmse-1.5025, valid_rmse-1.5106, valid_pr-0.5805
Validation : valid_rmse-1.5106, valid_pr-0.5805, 
test2013_rmse-1.8916, test2013_pr-0.6012, test2016_rmse-1.6286, test2016_pr-0.6734, test2019_rmse-1.6372, test2019_pr-0.4494
epoch-16, train_loss-2.2397, train_rmse-1.4966, valid_rmse-1.5344, valid_pr-0.5812
epoch-17, train_loss-2.1785, train_rmse-1.4760, valid_rmse-1.5506, valid_pr-0.5704
epoch-18, train_loss-2.1616, train_rmse-1.4702, valid_rmse-1.4995, valid_pr-0.5887
Validation : valid_rmse-1.4995, valid_pr-0.5887, 
test2013_rmse-1.9312, test2013_pr-0.5720, test2016_rmse-1.6842, test2016_pr-0.6439, test2019_rmse-1.5760, test2019_pr-0.4850
epoch-19, train_loss-2.0575, train_rmse-1.4344, valid_rmse-1.6186, valid_pr-0.5642
epoch-20, train_loss-2.0888, train_rmse-1.4453, valid_rmse-1.4795, valid_pr-0.6019
Validation : valid_rmse-1.4795, valid_pr-0.6019, 
test2013_rmse-2.0098, test2013_pr-0.5017, test2016_rmse-1.7215, test2016_pr-0.6093, test2019_rmse-1.6066, test2019_pr-0.4807
epoch-21, train_loss-2.0515, train_rmse-1.4323, valid_rmse-1.4735, valid_pr-0.6043
Validation : valid_rmse-1.4735, valid_pr-0.6043, 
test2013_rmse-1.7866, test2013_pr-0.6612, test2016_rmse-1.5865, test2016_pr-0.6951, test2019_rmse-1.5684, test2019_pr-0.4974
epoch-22, train_loss-1.9775, train_rmse-1.4062, valid_rmse-1.4906, valid_pr-0.6018
epoch-23, train_loss-2.0191, train_rmse-1.4209, valid_rmse-1.4948, valid_pr-0.5953
epoch-24, train_loss-1.9905, train_rmse-1.4108, valid_rmse-1.5217, valid_pr-0.5800
epoch-25, train_loss-1.9373, train_rmse-1.3919, valid_rmse-1.4921, valid_pr-0.5981
epoch-26, train_loss-1.9431, train_rmse-1.3940, valid_rmse-1.4974, valid_pr-0.5970
epoch-27, train_loss-1.8597, train_rmse-1.3637, valid_rmse-1.5450, valid_pr-0.5864
epoch-28, train_loss-1.8509, train_rmse-1.3605, valid_rmse-1.5080, valid_pr-0.5894
epoch-29, train_loss-1.8692, train_rmse-1.3672, valid_rmse-1.4778, valid_pr-0.6207
epoch-30, train_loss-1.8155, train_rmse-1.3474, valid_rmse-1.5208, valid_pr-0.5776
epoch-31, train_loss-1.8643, train_rmse-1.3654, valid_rmse-1.5455, valid_pr-0.5714
epoch-32, train_loss-1.8751, train_rmse-1.3693, valid_rmse-1.4999, valid_pr-0.6107
epoch-33, train_loss-1.7834, train_rmse-1.3354, valid_rmse-1.4365, valid_pr-0.6357
Validation : valid_rmse-1.4365, valid_pr-0.6357, 
test2013_rmse-1.6896, test2013_pr-0.6960, test2016_rmse-1.5635, test2016_pr-0.6973, test2019_rmse-1.5698, test2019_pr-0.5252
epoch-34, train_loss-1.7309, train_rmse-1.3156, valid_rmse-1.4575, valid_pr-0.6255
epoch-35, train_loss-1.7386, train_rmse-1.3185, valid_rmse-1.4687, valid_pr-0.6137
epoch-36, train_loss-1.7352, train_rmse-1.3173, valid_rmse-1.4823, valid_pr-0.6176
epoch-37, train_loss-1.7046, train_rmse-1.3056, valid_rmse-1.5032, valid_pr-0.5995
epoch-38, train_loss-1.7377, train_rmse-1.3182, valid_rmse-1.5822, valid_pr-0.5837
epoch-39, train_loss-1.6748, train_rmse-1.2941, valid_rmse-1.4312, valid_pr-0.6336
Validation : valid_rmse-1.4312, valid_pr-0.6336, 
test2013_rmse-1.8342, test2013_pr-0.6318, test2016_rmse-1.6395, test2016_pr-0.6683, test2019_rmse-1.5275, test2019_pr-0.5290
epoch-40, train_loss-1.6013, train_rmse-1.2654, valid_rmse-1.4690, valid_pr-0.6254
epoch-41, train_loss-1.5963, train_rmse-1.2634, valid_rmse-1.4616, valid_pr-0.6312
epoch-42, train_loss-1.5767, train_rmse-1.2557, valid_rmse-1.4618, valid_pr-0.6289
epoch-43, train_loss-1.5629, train_rmse-1.2502, valid_rmse-1.5138, valid_pr-0.6150
epoch-44, train_loss-1.5544, train_rmse-1.2467, valid_rmse-1.5400, valid_pr-0.6055
epoch-45, train_loss-1.5959, train_rmse-1.2633, valid_rmse-1.4757, valid_pr-0.6151
epoch-46, train_loss-1.5417, train_rmse-1.2416, valid_rmse-1.4519, valid_pr-0.6369
epoch-47, train_loss-1.4713, train_rmse-1.2130, valid_rmse-1.4628, valid_pr-0.6342
epoch-48, train_loss-1.4489, train_rmse-1.2037, valid_rmse-1.4230, valid_pr-0.6449
Validation : valid_rmse-1.4230, valid_pr-0.6449, 
test2013_rmse-1.7152, test2013_pr-0.6838, test2016_rmse-1.5407, test2016_pr-0.7084, test2019_rmse-1.5555, test2019_pr-0.5317
epoch-49, train_loss-1.5025, train_rmse-1.2257, valid_rmse-1.4526, valid_pr-0.6376
epoch-50, train_loss-1.4607, train_rmse-1.2086, valid_rmse-1.4600, valid_pr-0.6418
epoch-51, train_loss-1.4845, train_rmse-1.2184, valid_rmse-1.4658, valid_pr-0.6265
epoch-52, train_loss-1.4502, train_rmse-1.2043, valid_rmse-1.4420, valid_pr-0.6375
epoch-53, train_loss-1.3893, train_rmse-1.1787, valid_rmse-1.4295, valid_pr-0.6415
epoch-54, train_loss-1.3935, train_rmse-1.1805, valid_rmse-1.4620, valid_pr-0.6279
epoch-55, train_loss-1.3756, train_rmse-1.1729, valid_rmse-1.4167, valid_pr-0.6509
Validation : valid_rmse-1.4167, valid_pr-0.6509, 
test2013_rmse-1.6754, test2013_pr-0.7028, test2016_rmse-1.5476, test2016_pr-0.7142, test2019_rmse-1.5468, test2019_pr-0.5351
epoch-56, train_loss-1.4215, train_rmse-1.1922, valid_rmse-1.4597, valid_pr-0.6250
epoch-57, train_loss-1.3690, train_rmse-1.1701, valid_rmse-1.4276, valid_pr-0.6421
epoch-58, train_loss-1.3993, train_rmse-1.1829, valid_rmse-1.4622, valid_pr-0.6396
epoch-59, train_loss-1.3018, train_rmse-1.1410, valid_rmse-1.4029, valid_pr-0.6588
Validation : valid_rmse-1.4029, valid_pr-0.6588, 
test2013_rmse-1.7550, test2013_pr-0.6703, test2016_rmse-1.6299, test2016_pr-0.6809, test2019_rmse-1.5242, test2019_pr-0.5454
epoch-60, train_loss-1.2768, train_rmse-1.1300, valid_rmse-1.4223, valid_pr-0.6581
epoch-61, train_loss-1.2653, train_rmse-1.1248, valid_rmse-1.4158, valid_pr-0.6515
epoch-62, train_loss-1.2615, train_rmse-1.1231, valid_rmse-1.4188, valid_pr-0.6493
epoch-63, train_loss-1.2695, train_rmse-1.1267, valid_rmse-1.4421, valid_pr-0.6346
epoch-64, train_loss-1.3035, train_rmse-1.1417, valid_rmse-1.4413, valid_pr-0.6396
epoch-65, train_loss-1.2378, train_rmse-1.1125, valid_rmse-1.4670, valid_pr-0.6383
epoch-66, train_loss-1.2325, train_rmse-1.1102, valid_rmse-1.4757, valid_pr-0.6712
epoch-67, train_loss-1.2101, train_rmse-1.1001, valid_rmse-1.5012, valid_pr-0.6117
epoch-68, train_loss-1.1744, train_rmse-1.0837, valid_rmse-1.4055, valid_pr-0.6663
epoch-69, train_loss-1.1334, train_rmse-1.0646, valid_rmse-1.4671, valid_pr-0.6458
epoch-70, train_loss-1.1996, train_rmse-1.0952, valid_rmse-1.4236, valid_pr-0.6649
epoch-71, train_loss-1.1500, train_rmse-1.0724, valid_rmse-1.4590, valid_pr-0.6521
epoch-72, train_loss-1.1480, train_rmse-1.0715, valid_rmse-1.4884, valid_pr-0.6393
epoch-73, train_loss-1.1831, train_rmse-1.0877, valid_rmse-1.4054, valid_pr-0.6599
epoch-74, train_loss-1.1765, train_rmse-1.0847, valid_rmse-1.4613, valid_pr-0.6421
epoch-75, train_loss-1.1488, train_rmse-1.0718, valid_rmse-1.3811, valid_pr-0.6756
Validation : valid_rmse-1.3811, valid_pr-0.6756, 
test2013_rmse-1.6111, test2013_pr-0.7298, test2016_rmse-1.5195, test2016_pr-0.7200, test2019_rmse-1.5450, test2019_pr-0.5491
epoch-76, train_loss-1.1287, train_rmse-1.0624, valid_rmse-1.4200, valid_pr-0.6617
epoch-77, train_loss-1.0752, train_rmse-1.0369, valid_rmse-1.4148, valid_pr-0.6690
epoch-78, train_loss-1.0357, train_rmse-1.0177, valid_rmse-1.4387, valid_pr-0.6660
epoch-79, train_loss-1.0381, train_rmse-1.0189, valid_rmse-1.4113, valid_pr-0.6674
epoch-80, train_loss-1.0247, train_rmse-1.0123, valid_rmse-1.4623, valid_pr-0.6396
epoch-81, train_loss-1.1076, train_rmse-1.0524, valid_rmse-1.4128, valid_pr-0.6657
epoch-82, train_loss-1.0398, train_rmse-1.0197, valid_rmse-1.4134, valid_pr-0.6607
epoch-83, train_loss-1.0240, train_rmse-1.0119, valid_rmse-1.3779, valid_pr-0.6821
Validation : valid_rmse-1.3779, valid_pr-0.6821, 
test2013_rmse-1.6763, test2013_pr-0.7054, test2016_rmse-1.4786, test2016_pr-0.7436, test2019_rmse-1.5379, test2019_pr-0.5556
epoch-84, train_loss-0.9767, train_rmse-0.9883, valid_rmse-1.4164, valid_pr-0.6650
epoch-85, train_loss-0.9742, train_rmse-0.9870, valid_rmse-1.4208, valid_pr-0.6702
epoch-86, train_loss-0.9519, train_rmse-0.9756, valid_rmse-1.4468, valid_pr-0.6488
epoch-87, train_loss-0.9435, train_rmse-0.9713, valid_rmse-1.4103, valid_pr-0.6725
epoch-88, train_loss-0.9531, train_rmse-0.9763, valid_rmse-1.4338, valid_pr-0.6699
epoch-89, train_loss-0.9682, train_rmse-0.9840, valid_rmse-1.4097, valid_pr-0.6657
epoch-90, train_loss-0.9426, train_rmse-0.9709, valid_rmse-1.4702, valid_pr-0.6452
epoch-91, train_loss-0.9276, train_rmse-0.9631, valid_rmse-1.4273, valid_pr-0.6626
epoch-92, train_loss-0.8880, train_rmse-0.9424, valid_rmse-1.4769, valid_pr-0.6324
epoch-93, train_loss-0.8708, train_rmse-0.9331, valid_rmse-1.4054, valid_pr-0.6747
epoch-94, train_loss-0.9042, train_rmse-0.9509, valid_rmse-1.4204, valid_pr-0.6607
epoch-95, train_loss-0.8761, train_rmse-0.9360, valid_rmse-1.4614, valid_pr-0.6552
epoch-96, train_loss-0.8994, train_rmse-0.9484, valid_rmse-1.4030, valid_pr-0.6658
epoch-97, train_loss-0.8807, train_rmse-0.9384, valid_rmse-1.4287, valid_pr-0.6638
epoch-98, train_loss-0.8631, train_rmse-0.9290, valid_rmse-1.4774, valid_pr-0.6551
epoch-99, train_loss-0.8317, train_rmse-0.9120, valid_rmse-1.4377, valid_pr-0.6664
epoch-100, train_loss-0.8277, train_rmse-0.9098, valid_rmse-1.4211, valid_pr-0.6672
epoch-101, train_loss-0.8422, train_rmse-0.9177, valid_rmse-1.4386, valid_pr-0.6561
epoch-102, train_loss-0.8067, train_rmse-0.8981, valid_rmse-1.3960, valid_pr-0.6725
epoch-103, train_loss-0.8198, train_rmse-0.9054, valid_rmse-1.4077, valid_pr-0.6661
epoch-104, train_loss-0.8546, train_rmse-0.9244, valid_rmse-1.4046, valid_pr-0.6848
epoch-105, train_loss-0.8141, train_rmse-0.9022, valid_rmse-1.4371, valid_pr-0.6609
epoch-106, train_loss-0.7986, train_rmse-0.8937, valid_rmse-1.4102, valid_pr-0.6645
epoch-107, train_loss-0.7698, train_rmse-0.8774, valid_rmse-1.4438, valid_pr-0.6589
epoch-108, train_loss-0.7551, train_rmse-0.8689, valid_rmse-1.4799, valid_pr-0.6301
epoch-109, train_loss-0.7555, train_rmse-0.8692, valid_rmse-1.4332, valid_pr-0.6731
epoch-110, train_loss-0.7467, train_rmse-0.8641, valid_rmse-1.3886, valid_pr-0.6835
epoch-111, train_loss-0.7576, train_rmse-0.8704, valid_rmse-1.3764, valid_pr-0.6819
Validation : valid_rmse-1.3764, valid_pr-0.6819, 
test2013_rmse-1.7483, test2013_pr-0.6603, test2016_rmse-1.5546, test2016_pr-0.7023, test2019_rmse-1.5638, test2019_pr-0.5453
epoch-112, train_loss-0.7061, train_rmse-0.8403, valid_rmse-1.4038, valid_pr-0.6714
epoch-113, train_loss-0.7415, train_rmse-0.8611, valid_rmse-1.4194, valid_pr-0.6679
epoch-114, train_loss-0.7087, train_rmse-0.8418, valid_rmse-1.4256, valid_pr-0.6562
epoch-115, train_loss-0.7443, train_rmse-0.8627, valid_rmse-1.3968, valid_pr-0.6803
epoch-116, train_loss-0.7397, train_rmse-0.8601, valid_rmse-1.3870, valid_pr-0.6767
epoch-117, train_loss-0.6814, train_rmse-0.8255, valid_rmse-1.4411, valid_pr-0.6661
epoch-118, train_loss-0.7174, train_rmse-0.8470, valid_rmse-1.4346, valid_pr-0.6690
epoch-119, train_loss-0.6987, train_rmse-0.8359, valid_rmse-1.5247, valid_pr-0.6457
epoch-120, train_loss-0.6836, train_rmse-0.8268, valid_rmse-1.4326, valid_pr-0.6605
epoch-121, train_loss-0.7289, train_rmse-0.8537, valid_rmse-1.3858, valid_pr-0.6770
epoch-122, train_loss-0.7074, train_rmse-0.8411, valid_rmse-1.4145, valid_pr-0.6805
epoch-123, train_loss-0.7152, train_rmse-0.8457, valid_rmse-1.3914, valid_pr-0.6860
epoch-124, train_loss-0.7414, train_rmse-0.8611, valid_rmse-1.4224, valid_pr-0.6612
epoch-125, train_loss-0.7170, train_rmse-0.8468, valid_rmse-1.4184, valid_pr-0.6670
epoch-126, train_loss-0.6297, train_rmse-0.7935, valid_rmse-1.4108, valid_pr-0.6729
epoch-127, train_loss-0.6190, train_rmse-0.7868, valid_rmse-1.3547, valid_pr-0.6934
Validation : valid_rmse-1.3547, valid_pr-0.6934, 
test2013_rmse-1.6389, test2013_pr-0.7153, test2016_rmse-1.5422, test2016_pr-0.7111, test2019_rmse-1.5284, test2019_pr-0.5762
epoch-128, train_loss-0.6334, train_rmse-0.7958, valid_rmse-1.3531, valid_pr-0.7009
Validation : valid_rmse-1.3531, valid_pr-0.7009, 
test2013_rmse-1.6738, test2013_pr-0.7073, test2016_rmse-1.5664, test2016_pr-0.7159, test2019_rmse-1.5641, test2019_pr-0.5483
epoch-129, train_loss-0.6235, train_rmse-0.7896, valid_rmse-1.3802, valid_pr-0.6917
epoch-130, train_loss-0.6414, train_rmse-0.8009, valid_rmse-1.4831, valid_pr-0.6353
epoch-131, train_loss-0.5995, train_rmse-0.7743, valid_rmse-1.3855, valid_pr-0.6966
epoch-132, train_loss-0.6572, train_rmse-0.8107, valid_rmse-1.3918, valid_pr-0.6753
epoch-133, train_loss-0.7864, train_rmse-0.8868, valid_rmse-1.4496, valid_pr-0.6574
epoch-134, train_loss-0.6889, train_rmse-0.8300, valid_rmse-1.4317, valid_pr-0.6694
epoch-135, train_loss-0.6549, train_rmse-0.8093, valid_rmse-1.4327, valid_pr-0.6600
epoch-136, train_loss-0.6146, train_rmse-0.7840, valid_rmse-1.3813, valid_pr-0.6937
epoch-137, train_loss-0.6176, train_rmse-0.7859, valid_rmse-1.4296, valid_pr-0.6644
epoch-138, train_loss-0.6073, train_rmse-0.7793, valid_rmse-1.4169, valid_pr-0.6695
epoch-139, train_loss-2.0304, train_rmse-1.4249, valid_rmse-1.6293, valid_pr-0.4826
epoch-140, train_loss-2.2269, train_rmse-1.4923, valid_rmse-1.4775, valid_pr-0.6009
epoch-141, train_loss-1.8317, train_rmse-1.3534, valid_rmse-1.4449, valid_pr-0.6378
epoch-142, train_loss-1.6138, train_rmse-1.2704, valid_rmse-1.4106, valid_pr-0.6518
epoch-143, train_loss-2.1978, train_rmse-1.4825, valid_rmse-1.4526, valid_pr-0.6404
epoch-144, train_loss-1.8128, train_rmse-1.3464, valid_rmse-1.4307, valid_pr-0.6473
epoch-145, train_loss-1.6101, train_rmse-1.2689, valid_rmse-1.4042, valid_pr-0.6535
epoch-146, train_loss-1.6689, train_rmse-1.2918, valid_rmse-1.4149, valid_pr-0.6430
epoch-147, train_loss-1.6032, train_rmse-1.2662, valid_rmse-1.3877, valid_pr-0.6678
epoch-148, train_loss-1.4317, train_rmse-1.1965, valid_rmse-1.3945, valid_pr-0.6648
epoch-149, train_loss-1.2951, train_rmse-1.1380, valid_rmse-1.3979, valid_pr-0.6639
epoch-150, train_loss-1.2236, train_rmse-1.1061, valid_rmse-1.4123, valid_pr-0.6667
epoch-151, train_loss-1.1508, train_rmse-1.0727, valid_rmse-1.4209, valid_pr-0.6679
epoch-152, train_loss-1.1147, train_rmse-1.0558, valid_rmse-1.3846, valid_pr-0.6699
epoch-153, train_loss-1.0547, train_rmse-1.0270, valid_rmse-1.4070, valid_pr-0.6604
epoch-154, train_loss-1.0227, train_rmse-1.0113, valid_rmse-1.4257, valid_pr-0.6525
epoch-155, train_loss-1.0058, train_rmse-1.0029, valid_rmse-1.3741, valid_pr-0.6818
epoch-156, train_loss-0.9669, train_rmse-0.9833, valid_rmse-1.4540, valid_pr-0.6696
epoch-157, train_loss-0.9420, train_rmse-0.9706, valid_rmse-1.3791, valid_pr-0.6757
epoch-158, train_loss-0.9102, train_rmse-0.9540, valid_rmse-1.4219, valid_pr-0.6759
epoch-159, train_loss-0.8681, train_rmse-0.9317, valid_rmse-1.4417, valid_pr-0.6734
epoch-160, train_loss-0.8647, train_rmse-0.9299, valid_rmse-1.3706, valid_pr-0.6798
epoch-161, train_loss-1.4081, train_rmse-1.1866, valid_rmse-1.3842, valid_pr-0.6712
epoch-162, train_loss-2.0322, train_rmse-1.4255, valid_rmse-1.6708, valid_pr-0.4555
epoch-163, train_loss-2.4300, train_rmse-1.5589, valid_rmse-1.5373, valid_pr-0.5579
epoch-164, train_loss-2.0486, train_rmse-1.4313, valid_rmse-1.4770, valid_pr-0.6032
epoch-165, train_loss-1.8204, train_rmse-1.3492, valid_rmse-1.4425, valid_pr-0.6289
epoch-166, train_loss-1.7462, train_rmse-1.3214, valid_rmse-1.4279, valid_pr-0.6374
epoch-167, train_loss-1.5877, train_rmse-1.2600, valid_rmse-1.4184, valid_pr-0.6476
epoch-168, train_loss-1.7077, train_rmse-1.3068, valid_rmse-1.4724, valid_pr-0.6434
epoch-169, train_loss-1.6115, train_rmse-1.2695, valid_rmse-1.3998, valid_pr-0.6544
epoch-170, train_loss-1.4791, train_rmse-1.2162, valid_rmse-1.3928, valid_pr-0.6569
epoch-171, train_loss-1.3947, train_rmse-1.1810, valid_rmse-1.3997, valid_pr-0.6746
epoch-172, train_loss-1.4017, train_rmse-1.1839, valid_rmse-1.4370, valid_pr-0.6575
epoch-173, train_loss-1.3200, train_rmse-1.1489, valid_rmse-1.4216, valid_pr-0.6529
epoch-174, train_loss-1.2350, train_rmse-1.1113, valid_rmse-1.3840, valid_pr-0.6696
epoch-175, train_loss-1.1765, train_rmse-1.0847, valid_rmse-1.3872, valid_pr-0.6655
epoch-176, train_loss-1.1915, train_rmse-1.0915, valid_rmse-1.3876, valid_pr-0.6718
epoch-177, train_loss-1.1571, train_rmse-1.0757, valid_rmse-1.4112, valid_pr-0.6556
epoch-178, train_loss-1.1280, train_rmse-1.0621, valid_rmse-1.4217, valid_pr-0.6581
epoch-179, train_loss-1.1043, train_rmse-1.0509, valid_rmse-1.3767, valid_pr-0.6782
epoch-180, train_loss-0.9600, train_rmse-0.9798, valid_rmse-1.3954, valid_pr-0.6706
epoch-181, train_loss-1.0044, train_rmse-1.0022, valid_rmse-1.4040, valid_pr-0.6676
epoch-182, train_loss-0.9596, train_rmse-0.9796, valid_rmse-1.4167, valid_pr-0.6597
epoch-183, train_loss-0.9034, train_rmse-0.9505, valid_rmse-1.4258, valid_pr-0.6560
epoch-184, train_loss-0.8652, train_rmse-0.9302, valid_rmse-1.4138, valid_pr-0.6630
epoch-185, train_loss-0.8543, train_rmse-0.9243, valid_rmse-1.4238, valid_pr-0.6639
epoch-186, train_loss-0.8352, train_rmse-0.9139, valid_rmse-1.4259, valid_pr-0.6581
epoch-187, train_loss-0.9055, train_rmse-0.9516, valid_rmse-1.4727, valid_pr-0.6371
epoch-188, train_loss-1.0323, train_rmse-1.0160, valid_rmse-1.4251, valid_pr-0.6573
epoch-189, train_loss-0.8700, train_rmse-0.9327, valid_rmse-1.4232, valid_pr-0.6573
epoch-190, train_loss-0.8240, train_rmse-0.9077, valid_rmse-1.4437, valid_pr-0.6546
epoch-191, train_loss-0.7904, train_rmse-0.8890, valid_rmse-1.4219, valid_pr-0.6603
epoch-192, train_loss-0.7689, train_rmse-0.8769, valid_rmse-1.4398, valid_pr-0.6583
epoch-193, train_loss-0.7331, train_rmse-0.8562, valid_rmse-1.4370, valid_pr-0.6566
epoch-194, train_loss-0.7320, train_rmse-0.8556, valid_rmse-1.4294, valid_pr-0.6584
epoch-195, train_loss-0.7102, train_rmse-0.8428, valid_rmse-1.4575, valid_pr-0.6455
epoch-196, train_loss-0.7425, train_rmse-0.8617, valid_rmse-1.4584, valid_pr-0.6458
epoch-197, train_loss-0.6930, train_rmse-0.8325, valid_rmse-1.4488, valid_pr-0.6589
epoch-198, train_loss-0.8049, train_rmse-0.8972, valid_rmse-1.4360, valid_pr-0.6538
epoch-199, train_loss-0.7697, train_rmse-0.8773, valid_rmse-1.4501, valid_pr-0.6541
epoch-200, train_loss-0.7014, train_rmse-0.8375, valid_rmse-1.4400, valid_pr-0.6548
epoch-201, train_loss-0.7040, train_rmse-0.8391, valid_rmse-1.4329, valid_pr-0.6549
epoch-202, train_loss-0.7151, train_rmse-0.8456, valid_rmse-1.4436, valid_pr-0.6580
epoch-203, train_loss-0.6612, train_rmse-0.8132, valid_rmse-1.4388, valid_pr-0.6559
epoch-204, train_loss-0.6303, train_rmse-0.7939, valid_rmse-1.4492, valid_pr-0.6570
epoch-205, train_loss-0.6282, train_rmse-0.7926, valid_rmse-1.4431, valid_pr-0.6526
epoch-206, train_loss-0.6162, train_rmse-0.7850, valid_rmse-1.4406, valid_pr-0.6566
epoch-207, train_loss-0.5775, train_rmse-0.7599, valid_rmse-1.4506, valid_pr-0.6541
epoch-208, train_loss-0.5953, train_rmse-0.7716, valid_rmse-1.4379, valid_pr-0.6590
epoch-209, train_loss-0.6165, train_rmse-0.7852, valid_rmse-1.4584, valid_pr-0.6369
epoch-210, train_loss-0.6605, train_rmse-0.8127, valid_rmse-1.4496, valid_pr-0.6514
epoch-211, train_loss-0.6550, train_rmse-0.8093, valid_rmse-1.4776, valid_pr-0.6419
epoch-212, train_loss-0.6136, train_rmse-0.7833, valid_rmse-1.4418, valid_pr-0.6535
epoch-213, train_loss-0.5760, train_rmse-0.7589, valid_rmse-1.4254, valid_pr-0.6691
epoch-214, train_loss-0.5641, train_rmse-0.7511, valid_rmse-1.4720, valid_pr-0.6622
epoch-215, train_loss-0.5382, train_rmse-0.7336, valid_rmse-1.4296, valid_pr-0.6598
epoch-216, train_loss-0.5496, train_rmse-0.7414, valid_rmse-1.4480, valid_pr-0.6493
epoch-217, train_loss-0.5618, train_rmse-0.7495, valid_rmse-1.4193, valid_pr-0.6671
epoch-218, train_loss-0.5340, train_rmse-0.7307, valid_rmse-1.4710, valid_pr-0.6418
epoch-219, train_loss-0.5117, train_rmse-0.7154, valid_rmse-1.4440, valid_pr-0.6475
epoch-220, train_loss-0.5124, train_rmse-0.7159, valid_rmse-1.4508, valid_pr-0.6567
epoch-221, train_loss-0.5297, train_rmse-0.7278, valid_rmse-1.4612, valid_pr-0.6450
epoch-222, train_loss-0.5179, train_rmse-0.7197, valid_rmse-1.4293, valid_pr-0.6603
epoch-223, train_loss-0.5003, train_rmse-0.7074, valid_rmse-1.4445, valid_pr-0.6542
epoch-224, train_loss-0.4976, train_rmse-0.7054, valid_rmse-1.4686, valid_pr-0.6510
epoch-225, train_loss-0.4957, train_rmse-0.7041, valid_rmse-1.4530, valid_pr-0.6497
epoch-226, train_loss-0.5657, train_rmse-0.7521, valid_rmse-1.4629, valid_pr-0.6533
epoch-227, train_loss-0.5248, train_rmse-0.7244, valid_rmse-1.4520, valid_pr-0.6487
epoch-228, train_loss-0.5095, train_rmse-0.7138, valid_rmse-1.4654, valid_pr-0.6497
epoch-229, train_loss-0.4830, train_rmse-0.6950, valid_rmse-1.4781, valid_pr-0.6388
early stop in epoch 229
best_rmse: 1.3531
valid_rmse-1.3531, valid_pr-0.7009, test2013_rmse-1.6738, test2013_pr-0.7073, test2016_rmse-1.5664, test2016_pr-0.7159, test2019_rmse-1.5641, test2019_pr-0.5483
