ours-lrs-0.001-abl-g-s, lr=0.001, seed=551
train_GIGN.py
train data: 11904
valid data: 1000
test2013 data: 107
test2016 data: 285
test2019 data: 4366
GIGN params # : 1018369
epoch-0, train_loss-17.9625, train_rmse-4.2382, valid_rmse-2.2192, valid_pr-0.3649
Validation : valid_rmse-2.2192, valid_pr-0.3649, 
test2013_rmse-2.1288, test2013_pr-0.5162, test2016_rmse-2.0207, test2016_pr-0.5173, test2019_rmse-2.2731, test2019_pr-0.3648
epoch-1, train_loss-4.0845, train_rmse-2.0210, valid_rmse-1.9893, valid_pr-0.3966
Validation : valid_rmse-1.9893, valid_pr-0.3966, 
test2013_rmse-1.9506, test2013_pr-0.5651, test2016_rmse-1.8224, test2016_pr-0.5766, test2019_rmse-1.9508, test2019_pr-0.3867
epoch-2, train_loss-3.0576, train_rmse-1.7486, valid_rmse-1.6467, valid_pr-0.5324
Validation : valid_rmse-1.6467, valid_pr-0.5324, 
test2013_rmse-1.7941, test2013_pr-0.6525, test2016_rmse-1.6219, test2016_pr-0.6944, test2019_rmse-1.6480, test2019_pr-0.5031
epoch-3, train_loss-2.6208, train_rmse-1.6189, valid_rmse-2.2426, valid_pr-0.5575
epoch-4, train_loss-2.3697, train_rmse-1.5394, valid_rmse-2.3485, valid_pr-0.4882
epoch-5, train_loss-2.2036, train_rmse-1.4845, valid_rmse-1.7933, valid_pr-0.5856
epoch-6, train_loss-1.9868, train_rmse-1.4095, valid_rmse-2.0852, valid_pr-0.5667
epoch-7, train_loss-1.9118, train_rmse-1.3827, valid_rmse-1.5818, valid_pr-0.6280
Validation : valid_rmse-1.5818, valid_pr-0.6280, 
test2013_rmse-1.8088, test2013_pr-0.6968, test2016_rmse-1.5844, test2016_pr-0.7531, test2019_rmse-1.6016, test2019_pr-0.5635
epoch-8, train_loss-1.8081, train_rmse-1.3446, valid_rmse-1.4889, valid_pr-0.6320
Validation : valid_rmse-1.4889, valid_pr-0.6320, 
test2013_rmse-1.5611, test2013_pr-0.7419, test2016_rmse-1.3573, test2016_pr-0.7810, test2019_rmse-1.5573, test2019_pr-0.5853
epoch-9, train_loss-1.6305, train_rmse-1.2769, valid_rmse-1.8338, valid_pr-0.5798
epoch-10, train_loss-1.6151, train_rmse-1.2709, valid_rmse-1.6448, valid_pr-0.6173
epoch-11, train_loss-1.5234, train_rmse-1.2343, valid_rmse-1.4866, valid_pr-0.6329
Validation : valid_rmse-1.4866, valid_pr-0.6329, 
test2013_rmse-1.5934, test2013_pr-0.7278, test2016_rmse-1.4251, test2016_pr-0.7568, test2019_rmse-1.5660, test2019_pr-0.5714
epoch-12, train_loss-1.4561, train_rmse-1.2067, valid_rmse-1.5308, valid_pr-0.6525
epoch-13, train_loss-1.3372, train_rmse-1.1564, valid_rmse-1.5569, valid_pr-0.6431
epoch-14, train_loss-1.2847, train_rmse-1.1335, valid_rmse-1.6609, valid_pr-0.6469
epoch-15, train_loss-1.2800, train_rmse-1.1314, valid_rmse-1.5071, valid_pr-0.6603
epoch-16, train_loss-1.2014, train_rmse-1.0961, valid_rmse-1.4622, valid_pr-0.6399
Validation : valid_rmse-1.4622, valid_pr-0.6399, 
test2013_rmse-1.5255, test2013_pr-0.7770, test2016_rmse-1.4427, test2016_pr-0.7802, test2019_rmse-1.5157, test2019_pr-0.5745
epoch-17, train_loss-1.1315, train_rmse-1.0637, valid_rmse-1.4208, valid_pr-0.6794
Validation : valid_rmse-1.4208, valid_pr-0.6794, 
test2013_rmse-1.5740, test2013_pr-0.7409, test2016_rmse-1.3859, test2016_pr-0.7751, test2019_rmse-1.5915, test2019_pr-0.5808
epoch-18, train_loss-1.0889, train_rmse-1.0435, valid_rmse-1.4443, valid_pr-0.6644
epoch-19, train_loss-1.0258, train_rmse-1.0128, valid_rmse-1.5706, valid_pr-0.6466
epoch-20, train_loss-0.9674, train_rmse-0.9835, valid_rmse-2.0256, valid_pr-0.6375
epoch-21, train_loss-0.8860, train_rmse-0.9413, valid_rmse-1.6306, valid_pr-0.6187
epoch-22, train_loss-0.8649, train_rmse-0.9300, valid_rmse-1.8488, valid_pr-0.6319
epoch-23, train_loss-0.8197, train_rmse-0.9054, valid_rmse-1.4437, valid_pr-0.6722
epoch-24, train_loss-0.7709, train_rmse-0.8780, valid_rmse-1.4062, valid_pr-0.6789
Validation : valid_rmse-1.4062, valid_pr-0.6789, 
test2013_rmse-1.4797, test2013_pr-0.7865, test2016_rmse-1.3570, test2016_pr-0.7941, test2019_rmse-1.5557, test2019_pr-0.5700
epoch-25, train_loss-0.7609, train_rmse-0.8723, valid_rmse-1.4899, valid_pr-0.6691
epoch-26, train_loss-0.7161, train_rmse-0.8462, valid_rmse-1.4396, valid_pr-0.6715
epoch-27, train_loss-0.6776, train_rmse-0.8232, valid_rmse-1.5917, valid_pr-0.6542
epoch-28, train_loss-0.6762, train_rmse-0.8223, valid_rmse-1.7050, valid_pr-0.6452
epoch-29, train_loss-0.6475, train_rmse-0.8047, valid_rmse-1.7929, valid_pr-0.6725
epoch-30, train_loss-0.6273, train_rmse-0.7920, valid_rmse-1.4222, valid_pr-0.6855
epoch-31, train_loss-0.6294, train_rmse-0.7933, valid_rmse-1.8224, valid_pr-0.6514
epoch-32, train_loss-0.5711, train_rmse-0.7557, valid_rmse-1.4180, valid_pr-0.6767
epoch-33, train_loss-0.5920, train_rmse-0.7694, valid_rmse-1.5082, valid_pr-0.6541
epoch-34, train_loss-0.5551, train_rmse-0.7450, valid_rmse-1.5785, valid_pr-0.6786
epoch-35, train_loss-0.5334, train_rmse-0.7303, valid_rmse-1.4839, valid_pr-0.6780
epoch-36, train_loss-0.5109, train_rmse-0.7148, valid_rmse-1.4253, valid_pr-0.6823
epoch-37, train_loss-0.5132, train_rmse-0.7164, valid_rmse-1.4301, valid_pr-0.6678
epoch-38, train_loss-0.4900, train_rmse-0.7000, valid_rmse-1.4108, valid_pr-0.6887
epoch-39, train_loss-0.4758, train_rmse-0.6898, valid_rmse-1.5181, valid_pr-0.6739
epoch-40, train_loss-0.4882, train_rmse-0.6987, valid_rmse-1.4232, valid_pr-0.6843
epoch-41, train_loss-0.4623, train_rmse-0.6799, valid_rmse-1.4125, valid_pr-0.6708
epoch-42, train_loss-0.4488, train_rmse-0.6699, valid_rmse-1.5202, valid_pr-0.6873
epoch-43, train_loss-0.4372, train_rmse-0.6612, valid_rmse-1.3748, valid_pr-0.6958
Validation : valid_rmse-1.3748, valid_pr-0.6958, 
test2013_rmse-1.4127, test2013_pr-0.8080, test2016_rmse-1.3121, test2016_pr-0.8119, test2019_rmse-1.5359, test2019_pr-0.5809
epoch-44, train_loss-0.4303, train_rmse-0.6559, valid_rmse-1.4131, valid_pr-0.7082
epoch-45, train_loss-0.4355, train_rmse-0.6599, valid_rmse-1.4121, valid_pr-0.6848
epoch-46, train_loss-0.4184, train_rmse-0.6469, valid_rmse-1.3946, valid_pr-0.6966
epoch-47, train_loss-0.4052, train_rmse-0.6366, valid_rmse-1.4555, valid_pr-0.6675
epoch-48, train_loss-0.4066, train_rmse-0.6377, valid_rmse-1.4880, valid_pr-0.7004
epoch-49, train_loss-0.4059, train_rmse-0.6371, valid_rmse-1.4655, valid_pr-0.6946
epoch-50, train_loss-0.4036, train_rmse-0.6353, valid_rmse-1.3759, valid_pr-0.6967
epoch-51, train_loss-0.3831, train_rmse-0.6190, valid_rmse-1.3840, valid_pr-0.6861
epoch-52, train_loss-0.3671, train_rmse-0.6059, valid_rmse-1.4038, valid_pr-0.6842
epoch-53, train_loss-0.3944, train_rmse-0.6280, valid_rmse-1.4670, valid_pr-0.7069
epoch-54, train_loss-0.3806, train_rmse-0.6169, valid_rmse-1.3673, valid_pr-0.7036
Validation : valid_rmse-1.3673, valid_pr-0.7036, 
test2013_rmse-1.4072, test2013_pr-0.7967, test2016_rmse-1.2617, test2016_pr-0.8138, test2019_rmse-1.5248, test2019_pr-0.5970
epoch-55, train_loss-0.3640, train_rmse-0.6034, valid_rmse-1.3746, valid_pr-0.6921
epoch-56, train_loss-0.3381, train_rmse-0.5815, valid_rmse-1.3794, valid_pr-0.6926
epoch-57, train_loss-0.3532, train_rmse-0.5943, valid_rmse-1.6812, valid_pr-0.6899
epoch-58, train_loss-0.3499, train_rmse-0.5916, valid_rmse-1.4349, valid_pr-0.6973
epoch-59, train_loss-0.3637, train_rmse-0.6031, valid_rmse-1.3504, valid_pr-0.7058
Validation : valid_rmse-1.3504, valid_pr-0.7058, 
test2013_rmse-1.4063, test2013_pr-0.7997, test2016_rmse-1.2912, test2016_pr-0.8079, test2019_rmse-1.4784, test2019_pr-0.6137
epoch-60, train_loss-0.3341, train_rmse-0.5780, valid_rmse-1.3949, valid_pr-0.7075
epoch-61, train_loss-0.3323, train_rmse-0.5764, valid_rmse-1.5130, valid_pr-0.6941
epoch-62, train_loss-0.3206, train_rmse-0.5662, valid_rmse-1.6693, valid_pr-0.7036
epoch-63, train_loss-0.3255, train_rmse-0.5705, valid_rmse-1.3520, valid_pr-0.7141
epoch-64, train_loss-0.3170, train_rmse-0.5630, valid_rmse-1.3449, valid_pr-0.6975
Validation : valid_rmse-1.3449, valid_pr-0.6975, 
test2013_rmse-1.4083, test2013_pr-0.8043, test2016_rmse-1.2755, test2016_pr-0.8171, test2019_rmse-1.4913, test2019_pr-0.5890
epoch-65, train_loss-0.3182, train_rmse-0.5641, valid_rmse-1.4952, valid_pr-0.6940
epoch-66, train_loss-0.3128, train_rmse-0.5593, valid_rmse-1.6571, valid_pr-0.7076
epoch-67, train_loss-0.3066, train_rmse-0.5537, valid_rmse-1.3649, valid_pr-0.7024
epoch-68, train_loss-0.3094, train_rmse-0.5563, valid_rmse-1.5068, valid_pr-0.6954
epoch-69, train_loss-0.3129, train_rmse-0.5594, valid_rmse-1.7400, valid_pr-0.7010
epoch-70, train_loss-0.3109, train_rmse-0.5576, valid_rmse-1.3594, valid_pr-0.6957
epoch-71, train_loss-0.3006, train_rmse-0.5483, valid_rmse-1.3751, valid_pr-0.6864
epoch-72, train_loss-0.2946, train_rmse-0.5428, valid_rmse-1.4141, valid_pr-0.7099
epoch-73, train_loss-0.2905, train_rmse-0.5390, valid_rmse-1.4128, valid_pr-0.6973
epoch-74, train_loss-0.2949, train_rmse-0.5430, valid_rmse-1.3683, valid_pr-0.6972
epoch-75, train_loss-0.2991, train_rmse-0.5469, valid_rmse-1.3657, valid_pr-0.7076
epoch-76, train_loss-0.2822, train_rmse-0.5312, valid_rmse-1.3510, valid_pr-0.7111
epoch-77, train_loss-0.2873, train_rmse-0.5360, valid_rmse-1.3702, valid_pr-0.7029
epoch-78, train_loss-0.2833, train_rmse-0.5323, valid_rmse-1.3448, valid_pr-0.7060
Validation : valid_rmse-1.3448, valid_pr-0.7060, 
test2013_rmse-1.3099, test2013_pr-0.8334, test2016_rmse-1.2246, test2016_pr-0.8313, test2019_rmse-1.4988, test2019_pr-0.5995
epoch-79, train_loss-0.2786, train_rmse-0.5278, valid_rmse-1.5509, valid_pr-0.7042
epoch-80, train_loss-0.2740, train_rmse-0.5234, valid_rmse-1.3428, valid_pr-0.7117
Validation : valid_rmse-1.3428, valid_pr-0.7117, 
test2013_rmse-1.3356, test2013_pr-0.8285, test2016_rmse-1.2327, test2016_pr-0.8250, test2019_rmse-1.4968, test2019_pr-0.6048
epoch-81, train_loss-0.2691, train_rmse-0.5187, valid_rmse-1.3557, valid_pr-0.7040
epoch-82, train_loss-0.2884, train_rmse-0.5371, valid_rmse-1.3932, valid_pr-0.7018
epoch-83, train_loss-0.2765, train_rmse-0.5258, valid_rmse-1.3417, valid_pr-0.7084
Validation : valid_rmse-1.3417, valid_pr-0.7084, 
test2013_rmse-1.3582, test2013_pr-0.8207, test2016_rmse-1.2593, test2016_pr-0.8161, test2019_rmse-1.4965, test2019_pr-0.6052
epoch-84, train_loss-0.2516, train_rmse-0.5016, valid_rmse-1.3526, valid_pr-0.7011
epoch-85, train_loss-0.2701, train_rmse-0.5197, valid_rmse-1.3342, valid_pr-0.7043
Validation : valid_rmse-1.3342, valid_pr-0.7043, 
test2013_rmse-1.4024, test2013_pr-0.8088, test2016_rmse-1.2787, test2016_pr-0.8156, test2019_rmse-1.5026, test2019_pr-0.5812
epoch-86, train_loss-0.2822, train_rmse-0.5312, valid_rmse-1.3672, valid_pr-0.7102
epoch-87, train_loss-0.2670, train_rmse-0.5167, valid_rmse-1.3272, valid_pr-0.7120
Validation : valid_rmse-1.3272, valid_pr-0.7120, 
test2013_rmse-1.3051, test2013_pr-0.8370, test2016_rmse-1.2458, test2016_pr-0.8233, test2019_rmse-1.4871, test2019_pr-0.6033
epoch-88, train_loss-0.2547, train_rmse-0.5047, valid_rmse-1.4803, valid_pr-0.7077
epoch-89, train_loss-0.2733, train_rmse-0.5228, valid_rmse-1.3951, valid_pr-0.7070
epoch-90, train_loss-0.2667, train_rmse-0.5164, valid_rmse-1.3915, valid_pr-0.7020
epoch-91, train_loss-0.2472, train_rmse-0.4972, valid_rmse-1.3383, valid_pr-0.7143
epoch-92, train_loss-0.2462, train_rmse-0.4961, valid_rmse-1.3224, valid_pr-0.7127
Validation : valid_rmse-1.3224, valid_pr-0.7127, 
test2013_rmse-1.3605, test2013_pr-0.8277, test2016_rmse-1.2739, test2016_pr-0.8244, test2019_rmse-1.4668, test2019_pr-0.6043
epoch-93, train_loss-0.2561, train_rmse-0.5061, valid_rmse-1.3227, valid_pr-0.7138
epoch-94, train_loss-0.2788, train_rmse-0.5280, valid_rmse-1.3405, valid_pr-0.7070
epoch-95, train_loss-0.2560, train_rmse-0.5060, valid_rmse-1.3052, valid_pr-0.7232
Validation : valid_rmse-1.3052, valid_pr-0.7232, 
test2013_rmse-1.3575, test2013_pr-0.8262, test2016_rmse-1.2469, test2016_pr-0.8298, test2019_rmse-1.4900, test2019_pr-0.6010
epoch-96, train_loss-0.2452, train_rmse-0.4952, valid_rmse-1.4952, valid_pr-0.7134
epoch-97, train_loss-0.2397, train_rmse-0.4896, valid_rmse-1.3738, valid_pr-0.7146
epoch-98, train_loss-0.2275, train_rmse-0.4770, valid_rmse-1.3842, valid_pr-0.7107
epoch-99, train_loss-0.2485, train_rmse-0.4985, valid_rmse-1.3366, valid_pr-0.7137
epoch-100, train_loss-0.2259, train_rmse-0.4753, valid_rmse-1.4563, valid_pr-0.7012
epoch-101, train_loss-0.2495, train_rmse-0.4995, valid_rmse-1.4197, valid_pr-0.7125
epoch-102, train_loss-0.2389, train_rmse-0.4887, valid_rmse-1.3271, valid_pr-0.7155
epoch-103, train_loss-0.2247, train_rmse-0.4741, valid_rmse-1.3336, valid_pr-0.7107
epoch-104, train_loss-0.2258, train_rmse-0.4752, valid_rmse-1.3010, valid_pr-0.7201
Validation : valid_rmse-1.3010, valid_pr-0.7201, 
test2013_rmse-1.3270, test2013_pr-0.8297, test2016_rmse-1.2269, test2016_pr-0.8288, test2019_rmse-1.4592, test2019_pr-0.6100
epoch-105, train_loss-0.2346, train_rmse-0.4844, valid_rmse-1.3647, valid_pr-0.7103
epoch-106, train_loss-0.2417, train_rmse-0.4916, valid_rmse-1.3469, valid_pr-0.7162
epoch-107, train_loss-0.2148, train_rmse-0.4635, valid_rmse-1.3782, valid_pr-0.7116
epoch-108, train_loss-0.2401, train_rmse-0.4900, valid_rmse-1.3564, valid_pr-0.7071
epoch-109, train_loss-0.2231, train_rmse-0.4723, valid_rmse-1.3215, valid_pr-0.7162
epoch-110, train_loss-0.2051, train_rmse-0.4528, valid_rmse-1.3214, valid_pr-0.7211
epoch-111, train_loss-0.2151, train_rmse-0.4638, valid_rmse-1.3893, valid_pr-0.7178
epoch-112, train_loss-0.2204, train_rmse-0.4695, valid_rmse-1.3221, valid_pr-0.7187
epoch-113, train_loss-0.2150, train_rmse-0.4636, valid_rmse-1.3330, valid_pr-0.7315
epoch-114, train_loss-0.2123, train_rmse-0.4607, valid_rmse-1.3676, valid_pr-0.7118
epoch-115, train_loss-0.2178, train_rmse-0.4667, valid_rmse-1.3936, valid_pr-0.7094
epoch-116, train_loss-0.2306, train_rmse-0.4802, valid_rmse-1.2904, valid_pr-0.7225
Validation : valid_rmse-1.2904, valid_pr-0.7225, 
test2013_rmse-1.3820, test2013_pr-0.8161, test2016_rmse-1.2513, test2016_pr-0.8225, test2019_rmse-1.4530, test2019_pr-0.6073
epoch-117, train_loss-0.2182, train_rmse-0.4671, valid_rmse-1.3047, valid_pr-0.7167
epoch-118, train_loss-0.2340, train_rmse-0.4837, valid_rmse-1.3086, valid_pr-0.7198
epoch-119, train_loss-0.2233, train_rmse-0.4726, valid_rmse-1.3275, valid_pr-0.7156
epoch-120, train_loss-0.2134, train_rmse-0.4619, valid_rmse-1.2988, valid_pr-0.7249
epoch-121, train_loss-0.2190, train_rmse-0.4680, valid_rmse-1.3205, valid_pr-0.7209
epoch-122, train_loss-0.2091, train_rmse-0.4573, valid_rmse-1.4317, valid_pr-0.7290
epoch-123, train_loss-0.2079, train_rmse-0.4559, valid_rmse-1.3004, valid_pr-0.7261
epoch-124, train_loss-0.2077, train_rmse-0.4558, valid_rmse-1.3252, valid_pr-0.7246
epoch-125, train_loss-0.2225, train_rmse-0.4717, valid_rmse-1.2864, valid_pr-0.7293
Validation : valid_rmse-1.2864, valid_pr-0.7293, 
test2013_rmse-1.3387, test2013_pr-0.8287, test2016_rmse-1.2277, test2016_pr-0.8269, test2019_rmse-1.4584, test2019_pr-0.6163
epoch-126, train_loss-0.2258, train_rmse-0.4752, valid_rmse-1.3204, valid_pr-0.7253
epoch-127, train_loss-0.2081, train_rmse-0.4562, valid_rmse-1.3691, valid_pr-0.7267
epoch-128, train_loss-0.2204, train_rmse-0.4695, valid_rmse-1.3110, valid_pr-0.7202
epoch-129, train_loss-0.2241, train_rmse-0.4734, valid_rmse-1.2955, valid_pr-0.7265
epoch-130, train_loss-0.1979, train_rmse-0.4449, valid_rmse-1.2965, valid_pr-0.7206
epoch-131, train_loss-0.1906, train_rmse-0.4366, valid_rmse-1.2828, valid_pr-0.7296
Validation : valid_rmse-1.2828, valid_pr-0.7296, 
test2013_rmse-1.3127, test2013_pr-0.8335, test2016_rmse-1.2326, test2016_pr-0.8240, test2019_rmse-1.4467, test2019_pr-0.6209
epoch-132, train_loss-0.2080, train_rmse-0.4560, valid_rmse-1.3394, valid_pr-0.7248
epoch-133, train_loss-0.1988, train_rmse-0.4459, valid_rmse-1.3408, valid_pr-0.7253
epoch-134, train_loss-0.2080, train_rmse-0.4561, valid_rmse-1.2987, valid_pr-0.7243
epoch-135, train_loss-0.1944, train_rmse-0.4409, valid_rmse-1.3029, valid_pr-0.7217
epoch-136, train_loss-0.2034, train_rmse-0.4510, valid_rmse-1.2942, valid_pr-0.7236
epoch-137, train_loss-0.1917, train_rmse-0.4379, valid_rmse-1.3116, valid_pr-0.7244
epoch-138, train_loss-0.1969, train_rmse-0.4437, valid_rmse-1.2893, valid_pr-0.7314
epoch-139, train_loss-0.1856, train_rmse-0.4309, valid_rmse-1.2716, valid_pr-0.7360
Validation : valid_rmse-1.2716, valid_pr-0.7360, 
test2013_rmse-1.3109, test2013_pr-0.8421, test2016_rmse-1.2032, test2016_pr-0.8386, test2019_rmse-1.4534, test2019_pr-0.6182
epoch-140, train_loss-0.2015, train_rmse-0.4489, valid_rmse-1.3191, valid_pr-0.7313
epoch-141, train_loss-0.1937, train_rmse-0.4401, valid_rmse-1.3207, valid_pr-0.7208
epoch-142, train_loss-0.1890, train_rmse-0.4348, valid_rmse-1.2893, valid_pr-0.7234
epoch-143, train_loss-0.2053, train_rmse-0.4531, valid_rmse-1.2892, valid_pr-0.7246
epoch-144, train_loss-0.1948, train_rmse-0.4413, valid_rmse-1.3020, valid_pr-0.7214
epoch-145, train_loss-0.1997, train_rmse-0.4468, valid_rmse-1.4364, valid_pr-0.7157
epoch-146, train_loss-0.1957, train_rmse-0.4424, valid_rmse-1.2816, valid_pr-0.7260
epoch-147, train_loss-0.1838, train_rmse-0.4288, valid_rmse-1.2937, valid_pr-0.7246
epoch-148, train_loss-0.1872, train_rmse-0.4326, valid_rmse-1.3178, valid_pr-0.7315
epoch-149, train_loss-0.1831, train_rmse-0.4279, valid_rmse-1.2864, valid_pr-0.7217
epoch-150, train_loss-0.1978, train_rmse-0.4447, valid_rmse-1.2747, valid_pr-0.7312
epoch-151, train_loss-0.1813, train_rmse-0.4258, valid_rmse-1.3049, valid_pr-0.7223
epoch-152, train_loss-0.1869, train_rmse-0.4324, valid_rmse-1.2863, valid_pr-0.7257
epoch-153, train_loss-0.2058, train_rmse-0.4536, valid_rmse-1.2885, valid_pr-0.7254
epoch-154, train_loss-0.1880, train_rmse-0.4336, valid_rmse-1.2763, valid_pr-0.7261
epoch-155, train_loss-0.1970, train_rmse-0.4438, valid_rmse-1.3073, valid_pr-0.7226
epoch-156, train_loss-0.1879, train_rmse-0.4335, valid_rmse-1.3230, valid_pr-0.7193
epoch-157, train_loss-0.1812, train_rmse-0.4257, valid_rmse-1.2913, valid_pr-0.7291
epoch-158, train_loss-0.1614, train_rmse-0.4018, valid_rmse-1.3003, valid_pr-0.7296
epoch-159, train_loss-0.1794, train_rmse-0.4235, valid_rmse-1.2935, valid_pr-0.7233
epoch-160, train_loss-0.1810, train_rmse-0.4255, valid_rmse-1.3100, valid_pr-0.7212
epoch-161, train_loss-0.1884, train_rmse-0.4340, valid_rmse-1.3317, valid_pr-0.7215
epoch-162, train_loss-0.1718, train_rmse-0.4145, valid_rmse-1.2731, valid_pr-0.7319
epoch-163, train_loss-0.1705, train_rmse-0.4129, valid_rmse-1.2907, valid_pr-0.7204
epoch-164, train_loss-0.1800, train_rmse-0.4242, valid_rmse-1.3190, valid_pr-0.7259
epoch-165, train_loss-0.1863, train_rmse-0.4316, valid_rmse-1.2887, valid_pr-0.7267
epoch-166, train_loss-0.1784, train_rmse-0.4223, valid_rmse-1.2801, valid_pr-0.7285
epoch-167, train_loss-0.1813, train_rmse-0.4258, valid_rmse-1.2671, valid_pr-0.7347
Validation : valid_rmse-1.2671, valid_pr-0.7347, 
test2013_rmse-1.3659, test2013_pr-0.8312, test2016_rmse-1.2716, test2016_pr-0.8260, test2019_rmse-1.4248, test2019_pr-0.6201
epoch-168, train_loss-0.1737, train_rmse-0.4168, valid_rmse-1.2805, valid_pr-0.7311
epoch-169, train_loss-0.1739, train_rmse-0.4171, valid_rmse-1.3096, valid_pr-0.7203
epoch-170, train_loss-0.1682, train_rmse-0.4102, valid_rmse-1.3060, valid_pr-0.7228
epoch-171, train_loss-0.1685, train_rmse-0.4105, valid_rmse-1.2864, valid_pr-0.7225
epoch-172, train_loss-0.1657, train_rmse-0.4071, valid_rmse-1.2993, valid_pr-0.7210
epoch-173, train_loss-0.1645, train_rmse-0.4056, valid_rmse-1.2853, valid_pr-0.7264
epoch-174, train_loss-0.1637, train_rmse-0.4046, valid_rmse-1.2994, valid_pr-0.7187
epoch-175, train_loss-0.1682, train_rmse-0.4101, valid_rmse-1.2746, valid_pr-0.7278
epoch-176, train_loss-0.1708, train_rmse-0.4133, valid_rmse-1.2822, valid_pr-0.7242
epoch-177, train_loss-0.1761, train_rmse-0.4196, valid_rmse-1.2729, valid_pr-0.7295
epoch-178, train_loss-0.1653, train_rmse-0.4066, valid_rmse-1.3127, valid_pr-0.7227
epoch-179, train_loss-0.1826, train_rmse-0.4273, valid_rmse-1.2703, valid_pr-0.7295
epoch-180, train_loss-0.1651, train_rmse-0.4063, valid_rmse-1.2751, valid_pr-0.7248
epoch-181, train_loss-0.1624, train_rmse-0.4030, valid_rmse-1.2707, valid_pr-0.7335
epoch-182, train_loss-0.1734, train_rmse-0.4164, valid_rmse-1.2852, valid_pr-0.7254
epoch-183, train_loss-0.1960, train_rmse-0.4427, valid_rmse-1.3098, valid_pr-0.7270
epoch-184, train_loss-0.1727, train_rmse-0.4156, valid_rmse-1.2884, valid_pr-0.7228
epoch-185, train_loss-0.1668, train_rmse-0.4085, valid_rmse-1.2789, valid_pr-0.7270
epoch-186, train_loss-0.1682, train_rmse-0.4101, valid_rmse-1.2821, valid_pr-0.7278
epoch-187, train_loss-0.1786, train_rmse-0.4226, valid_rmse-1.3195, valid_pr-0.7243
epoch-188, train_loss-0.1680, train_rmse-0.4099, valid_rmse-1.2728, valid_pr-0.7316
epoch-189, train_loss-0.1740, train_rmse-0.4172, valid_rmse-1.2927, valid_pr-0.7207
epoch-190, train_loss-0.1842, train_rmse-0.4292, valid_rmse-1.2883, valid_pr-0.7242
epoch-191, train_loss-0.1772, train_rmse-0.4209, valid_rmse-1.3004, valid_pr-0.7319
epoch-192, train_loss-0.1642, train_rmse-0.4052, valid_rmse-1.2949, valid_pr-0.7203
epoch-193, train_loss-0.1678, train_rmse-0.4096, valid_rmse-1.2909, valid_pr-0.7247
epoch-194, train_loss-0.1733, train_rmse-0.4163, valid_rmse-1.2755, valid_pr-0.7309
epoch-195, train_loss-0.1585, train_rmse-0.3981, valid_rmse-1.2785, valid_pr-0.7285
epoch-196, train_loss-0.1671, train_rmse-0.4087, valid_rmse-1.2830, valid_pr-0.7262
epoch-197, train_loss-0.1538, train_rmse-0.3922, valid_rmse-1.2909, valid_pr-0.7282
epoch-198, train_loss-0.1612, train_rmse-0.4014, valid_rmse-1.2654, valid_pr-0.7335
Validation : valid_rmse-1.2654, valid_pr-0.7335, 
test2013_rmse-1.3107, test2013_pr-0.8483, test2016_rmse-1.2374, test2016_pr-0.8345, test2019_rmse-1.4169, test2019_pr-0.6232
epoch-199, train_loss-0.1638, train_rmse-0.4047, valid_rmse-1.2705, valid_pr-0.7321
epoch-200, train_loss-0.1616, train_rmse-0.4020, valid_rmse-1.2784, valid_pr-0.7279
epoch-201, train_loss-0.1503, train_rmse-0.3877, valid_rmse-1.3294, valid_pr-0.7326
epoch-202, train_loss-0.1732, train_rmse-0.4162, valid_rmse-1.2688, valid_pr-0.7300
epoch-203, train_loss-0.1737, train_rmse-0.4167, valid_rmse-1.2966, valid_pr-0.7198
epoch-204, train_loss-0.1665, train_rmse-0.4080, valid_rmse-1.2929, valid_pr-0.7296
epoch-205, train_loss-0.1643, train_rmse-0.4054, valid_rmse-1.2770, valid_pr-0.7323
epoch-206, train_loss-0.1558, train_rmse-0.3947, valid_rmse-1.2578, valid_pr-0.7347
Validation : valid_rmse-1.2578, valid_pr-0.7347, 
test2013_rmse-1.3354, test2013_pr-0.8323, test2016_rmse-1.2357, test2016_pr-0.8272, test2019_rmse-1.4142, test2019_pr-0.6266
epoch-207, train_loss-0.1594, train_rmse-0.3992, valid_rmse-1.2607, valid_pr-0.7343
epoch-208, train_loss-0.1675, train_rmse-0.4093, valid_rmse-1.2833, valid_pr-0.7314
epoch-209, train_loss-0.1496, train_rmse-0.3867, valid_rmse-1.2652, valid_pr-0.7323
epoch-210, train_loss-0.1551, train_rmse-0.3938, valid_rmse-1.2894, valid_pr-0.7300
epoch-211, train_loss-0.1568, train_rmse-0.3960, valid_rmse-1.2921, valid_pr-0.7291
epoch-212, train_loss-0.1691, train_rmse-0.4112, valid_rmse-1.2719, valid_pr-0.7315
epoch-213, train_loss-0.1692, train_rmse-0.4113, valid_rmse-1.3181, valid_pr-0.7332
epoch-214, train_loss-0.1567, train_rmse-0.3958, valid_rmse-1.2705, valid_pr-0.7293
epoch-215, train_loss-0.1510, train_rmse-0.3886, valid_rmse-1.2904, valid_pr-0.7353
epoch-216, train_loss-0.1560, train_rmse-0.3950, valid_rmse-1.2662, valid_pr-0.7316
epoch-217, train_loss-0.1579, train_rmse-0.3974, valid_rmse-1.2758, valid_pr-0.7303
epoch-218, train_loss-0.1555, train_rmse-0.3944, valid_rmse-1.3017, valid_pr-0.7373
epoch-219, train_loss-0.1570, train_rmse-0.3962, valid_rmse-1.2799, valid_pr-0.7320
epoch-220, train_loss-0.1603, train_rmse-0.4003, valid_rmse-1.2765, valid_pr-0.7277
epoch-221, train_loss-0.1598, train_rmse-0.3998, valid_rmse-1.2901, valid_pr-0.7339
epoch-222, train_loss-0.1700, train_rmse-0.4124, valid_rmse-1.2978, valid_pr-0.7329
epoch-223, train_loss-0.1587, train_rmse-0.3983, valid_rmse-1.3462, valid_pr-0.7285
epoch-224, train_loss-0.1688, train_rmse-0.4109, valid_rmse-1.3795, valid_pr-0.7317
epoch-225, train_loss-0.1543, train_rmse-0.3929, valid_rmse-1.2766, valid_pr-0.7274
epoch-226, train_loss-0.1546, train_rmse-0.3932, valid_rmse-1.2948, valid_pr-0.7315
epoch-227, train_loss-0.1647, train_rmse-0.4058, valid_rmse-1.2601, valid_pr-0.7335
epoch-228, train_loss-0.1545, train_rmse-0.3931, valid_rmse-1.2738, valid_pr-0.7315
epoch-229, train_loss-0.1585, train_rmse-0.3981, valid_rmse-1.2621, valid_pr-0.7323
epoch-230, train_loss-0.1685, train_rmse-0.4105, valid_rmse-1.2628, valid_pr-0.7390
epoch-231, train_loss-0.1605, train_rmse-0.4007, valid_rmse-1.2817, valid_pr-0.7372
epoch-232, train_loss-0.1457, train_rmse-0.3817, valid_rmse-1.2700, valid_pr-0.7353
epoch-233, train_loss-0.1604, train_rmse-0.4004, valid_rmse-1.2579, valid_pr-0.7338
epoch-234, train_loss-0.1477, train_rmse-0.3844, valid_rmse-1.2665, valid_pr-0.7324
epoch-235, train_loss-0.1630, train_rmse-0.4038, valid_rmse-1.2609, valid_pr-0.7331
epoch-236, train_loss-0.1479, train_rmse-0.3846, valid_rmse-1.2423, valid_pr-0.7428
Validation : valid_rmse-1.2423, valid_pr-0.7428, 
test2013_rmse-1.3177, test2013_pr-0.8399, test2016_rmse-1.2038, test2016_pr-0.8379, test2019_rmse-1.4173, test2019_pr-0.6264
epoch-237, train_loss-0.1441, train_rmse-0.3796, valid_rmse-1.2782, valid_pr-0.7430
epoch-238, train_loss-0.1594, train_rmse-0.3992, valid_rmse-1.2648, valid_pr-0.7357
epoch-239, train_loss-0.1462, train_rmse-0.3824, valid_rmse-1.2538, valid_pr-0.7367
epoch-240, train_loss-0.1500, train_rmse-0.3873, valid_rmse-1.2673, valid_pr-0.7385
epoch-241, train_loss-0.1455, train_rmse-0.3815, valid_rmse-1.2549, valid_pr-0.7373
epoch-242, train_loss-0.1476, train_rmse-0.3842, valid_rmse-1.2611, valid_pr-0.7414
epoch-243, train_loss-0.1473, train_rmse-0.3838, valid_rmse-1.2490, valid_pr-0.7392
epoch-244, train_loss-0.1394, train_rmse-0.3734, valid_rmse-1.2644, valid_pr-0.7390
epoch-245, train_loss-0.1472, train_rmse-0.3837, valid_rmse-1.2599, valid_pr-0.7372
epoch-246, train_loss-0.1455, train_rmse-0.3815, valid_rmse-1.2542, valid_pr-0.7373
epoch-247, train_loss-0.1431, train_rmse-0.3783, valid_rmse-1.2862, valid_pr-0.7345
epoch-248, train_loss-0.1674, train_rmse-0.4091, valid_rmse-1.2877, valid_pr-0.7300
epoch-249, train_loss-0.1424, train_rmse-0.3774, valid_rmse-1.2552, valid_pr-0.7368
epoch-250, train_loss-0.1426, train_rmse-0.3776, valid_rmse-1.3189, valid_pr-0.7319
epoch-251, train_loss-0.1654, train_rmse-0.4067, valid_rmse-1.2657, valid_pr-0.7359
epoch-252, train_loss-0.1469, train_rmse-0.3833, valid_rmse-1.3246, valid_pr-0.7407
epoch-253, train_loss-0.1498, train_rmse-0.3871, valid_rmse-1.2539, valid_pr-0.7363
epoch-254, train_loss-0.1578, train_rmse-0.3973, valid_rmse-1.2855, valid_pr-0.7306
epoch-255, train_loss-0.1507, train_rmse-0.3883, valid_rmse-1.2592, valid_pr-0.7361
epoch-256, train_loss-0.1664, train_rmse-0.4079, valid_rmse-1.2596, valid_pr-0.7330
epoch-257, train_loss-0.1505, train_rmse-0.3880, valid_rmse-1.2774, valid_pr-0.7361
epoch-258, train_loss-0.1566, train_rmse-0.3957, valid_rmse-1.2688, valid_pr-0.7310
epoch-259, train_loss-0.1452, train_rmse-0.3810, valid_rmse-1.2553, valid_pr-0.7357
epoch-260, train_loss-0.1497, train_rmse-0.3869, valid_rmse-1.2355, valid_pr-0.7469
Validation : valid_rmse-1.2355, valid_pr-0.7469, 
test2013_rmse-1.3064, test2013_pr-0.8393, test2016_rmse-1.1792, test2016_pr-0.8447, test2019_rmse-1.4150, test2019_pr-0.6297
epoch-261, train_loss-0.1505, train_rmse-0.3880, valid_rmse-1.2460, valid_pr-0.7419
epoch-262, train_loss-0.1311, train_rmse-0.3621, valid_rmse-1.2615, valid_pr-0.7358
epoch-263, train_loss-0.1381, train_rmse-0.3716, valid_rmse-1.2817, valid_pr-0.7325
epoch-264, train_loss-0.1441, train_rmse-0.3797, valid_rmse-1.2640, valid_pr-0.7377
epoch-265, train_loss-0.1425, train_rmse-0.3775, valid_rmse-1.2554, valid_pr-0.7351
epoch-266, train_loss-0.1481, train_rmse-0.3849, valid_rmse-1.2660, valid_pr-0.7335
epoch-267, train_loss-0.1422, train_rmse-0.3771, valid_rmse-1.2853, valid_pr-0.7335
epoch-268, train_loss-0.1392, train_rmse-0.3731, valid_rmse-1.3068, valid_pr-0.7265
epoch-269, train_loss-0.1379, train_rmse-0.3713, valid_rmse-1.2626, valid_pr-0.7373
epoch-270, train_loss-0.1365, train_rmse-0.3695, valid_rmse-1.2544, valid_pr-0.7407
epoch-271, train_loss-0.1474, train_rmse-0.3839, valid_rmse-1.2544, valid_pr-0.7454
epoch-272, train_loss-0.1589, train_rmse-0.3986, valid_rmse-1.2544, valid_pr-0.7373
epoch-273, train_loss-0.1401, train_rmse-0.3742, valid_rmse-1.2762, valid_pr-0.7388
epoch-274, train_loss-0.1453, train_rmse-0.3811, valid_rmse-1.2575, valid_pr-0.7371
epoch-275, train_loss-0.1331, train_rmse-0.3649, valid_rmse-1.2722, valid_pr-0.7380
epoch-276, train_loss-0.1419, train_rmse-0.3767, valid_rmse-1.2480, valid_pr-0.7387
epoch-277, train_loss-0.1347, train_rmse-0.3670, valid_rmse-1.2729, valid_pr-0.7388
epoch-278, train_loss-0.1556, train_rmse-0.3944, valid_rmse-1.3022, valid_pr-0.7339
epoch-279, train_loss-0.1387, train_rmse-0.3725, valid_rmse-1.2512, valid_pr-0.7415
epoch-280, train_loss-0.1533, train_rmse-0.3916, valid_rmse-1.2522, valid_pr-0.7405
epoch-281, train_loss-0.1635, train_rmse-0.4043, valid_rmse-1.2737, valid_pr-0.7356
epoch-282, train_loss-0.1459, train_rmse-0.3820, valid_rmse-1.2615, valid_pr-0.7366
epoch-283, train_loss-0.1431, train_rmse-0.3783, valid_rmse-1.2505, valid_pr-0.7377
epoch-284, train_loss-0.1293, train_rmse-0.3596, valid_rmse-1.2710, valid_pr-0.7342
epoch-285, train_loss-0.1475, train_rmse-0.3841, valid_rmse-1.2537, valid_pr-0.7373
epoch-286, train_loss-0.1360, train_rmse-0.3688, valid_rmse-1.3014, valid_pr-0.7336
epoch-287, train_loss-0.1469, train_rmse-0.3833, valid_rmse-1.2575, valid_pr-0.7363
epoch-288, train_loss-0.1309, train_rmse-0.3617, valid_rmse-1.2538, valid_pr-0.7392
epoch-289, train_loss-0.1267, train_rmse-0.3560, valid_rmse-1.2539, valid_pr-0.7406
epoch-290, train_loss-0.1480, train_rmse-0.3847, valid_rmse-1.2624, valid_pr-0.7379
epoch-291, train_loss-0.1369, train_rmse-0.3700, valid_rmse-1.2509, valid_pr-0.7390
epoch-292, train_loss-0.1321, train_rmse-0.3634, valid_rmse-1.2485, valid_pr-0.7378
epoch-293, train_loss-0.1338, train_rmse-0.3658, valid_rmse-1.2673, valid_pr-0.7352
epoch-294, train_loss-0.1423, train_rmse-0.3772, valid_rmse-1.2589, valid_pr-0.7394
epoch-295, train_loss-0.1351, train_rmse-0.3675, valid_rmse-1.2643, valid_pr-0.7375
epoch-296, train_loss-0.1413, train_rmse-0.3758, valid_rmse-1.2744, valid_pr-0.7391
epoch-297, train_loss-0.1378, train_rmse-0.3712, valid_rmse-1.2353, valid_pr-0.7450
Validation : valid_rmse-1.2353, valid_pr-0.7450, 
test2013_rmse-1.3099, test2013_pr-0.8483, test2016_rmse-1.1970, test2016_pr-0.8428, test2019_rmse-1.3941, test2019_pr-0.6363
epoch-298, train_loss-0.1347, train_rmse-0.3671, valid_rmse-1.2579, valid_pr-0.7408
epoch-299, train_loss-0.1264, train_rmse-0.3555, valid_rmse-1.2813, valid_pr-0.7361
epoch-300, train_loss-0.1314, train_rmse-0.3625, valid_rmse-1.2523, valid_pr-0.7383
epoch-301, train_loss-0.1481, train_rmse-0.3848, valid_rmse-1.2630, valid_pr-0.7352
epoch-302, train_loss-0.1387, train_rmse-0.3724, valid_rmse-1.2754, valid_pr-0.7359
epoch-303, train_loss-0.1397, train_rmse-0.3737, valid_rmse-1.2698, valid_pr-0.7367
epoch-304, train_loss-0.1296, train_rmse-0.3599, valid_rmse-1.2502, valid_pr-0.7384
epoch-305, train_loss-0.1337, train_rmse-0.3657, valid_rmse-1.2485, valid_pr-0.7395
epoch-306, train_loss-0.1400, train_rmse-0.3742, valid_rmse-1.2487, valid_pr-0.7399
epoch-307, train_loss-0.1289, train_rmse-0.3591, valid_rmse-1.2822, valid_pr-0.7353
epoch-308, train_loss-0.1424, train_rmse-0.3774, valid_rmse-1.2446, valid_pr-0.7393
epoch-309, train_loss-0.1353, train_rmse-0.3678, valid_rmse-1.2545, valid_pr-0.7380
epoch-310, train_loss-0.1338, train_rmse-0.3658, valid_rmse-1.2779, valid_pr-0.7396
epoch-311, train_loss-0.1454, train_rmse-0.3813, valid_rmse-1.2467, valid_pr-0.7391
epoch-312, train_loss-0.1331, train_rmse-0.3649, valid_rmse-1.2504, valid_pr-0.7406
epoch-313, train_loss-0.1325, train_rmse-0.3640, valid_rmse-1.2823, valid_pr-0.7297
epoch-314, train_loss-0.1327, train_rmse-0.3643, valid_rmse-1.2516, valid_pr-0.7392
epoch-315, train_loss-0.1358, train_rmse-0.3685, valid_rmse-1.2675, valid_pr-0.7349
epoch-316, train_loss-0.1403, train_rmse-0.3746, valid_rmse-1.2666, valid_pr-0.7352
epoch-317, train_loss-0.1444, train_rmse-0.3800, valid_rmse-1.2633, valid_pr-0.7369
epoch-318, train_loss-0.1365, train_rmse-0.3695, valid_rmse-1.2502, valid_pr-0.7401
epoch-319, train_loss-0.1271, train_rmse-0.3565, valid_rmse-1.2643, valid_pr-0.7363
epoch-320, train_loss-0.1207, train_rmse-0.3475, valid_rmse-1.2706, valid_pr-0.7362
epoch-321, train_loss-0.1419, train_rmse-0.3767, valid_rmse-1.2517, valid_pr-0.7395
epoch-322, train_loss-0.1322, train_rmse-0.3636, valid_rmse-1.2490, valid_pr-0.7414
epoch-323, train_loss-0.1378, train_rmse-0.3712, valid_rmse-1.2628, valid_pr-0.7405
epoch-324, train_loss-0.1309, train_rmse-0.3618, valid_rmse-1.2418, valid_pr-0.7416
epoch-325, train_loss-0.1303, train_rmse-0.3610, valid_rmse-1.2508, valid_pr-0.7384
epoch-326, train_loss-0.1420, train_rmse-0.3768, valid_rmse-1.2487, valid_pr-0.7400
epoch-327, train_loss-0.1274, train_rmse-0.3569, valid_rmse-1.2468, valid_pr-0.7404
epoch-328, train_loss-0.1209, train_rmse-0.3477, valid_rmse-1.2422, valid_pr-0.7415
epoch-329, train_loss-0.1188, train_rmse-0.3447, valid_rmse-1.2501, valid_pr-0.7396
epoch-330, train_loss-0.1266, train_rmse-0.3559, valid_rmse-1.2570, valid_pr-0.7374
epoch-331, train_loss-0.1345, train_rmse-0.3667, valid_rmse-1.2491, valid_pr-0.7374
epoch-332, train_loss-0.1300, train_rmse-0.3605, valid_rmse-1.2685, valid_pr-0.7411
epoch-333, train_loss-0.1306, train_rmse-0.3614, valid_rmse-1.2520, valid_pr-0.7397
epoch-334, train_loss-0.1209, train_rmse-0.3477, valid_rmse-1.2543, valid_pr-0.7409
epoch-335, train_loss-0.1285, train_rmse-0.3585, valid_rmse-1.2680, valid_pr-0.7345
epoch-336, train_loss-0.1284, train_rmse-0.3583, valid_rmse-1.2563, valid_pr-0.7367
epoch-337, train_loss-0.1227, train_rmse-0.3503, valid_rmse-1.2572, valid_pr-0.7380
epoch-338, train_loss-0.1318, train_rmse-0.3631, valid_rmse-1.2661, valid_pr-0.7361
epoch-339, train_loss-0.1272, train_rmse-0.3566, valid_rmse-1.2644, valid_pr-0.7361
epoch-340, train_loss-0.1257, train_rmse-0.3546, valid_rmse-1.2433, valid_pr-0.7414
epoch-341, train_loss-0.1307, train_rmse-0.3615, valid_rmse-1.2500, valid_pr-0.7389
epoch-342, train_loss-0.1246, train_rmse-0.3530, valid_rmse-1.2438, valid_pr-0.7452
epoch-343, train_loss-0.1484, train_rmse-0.3853, valid_rmse-1.2635, valid_pr-0.7358
epoch-344, train_loss-0.1263, train_rmse-0.3554, valid_rmse-1.2672, valid_pr-0.7394
epoch-345, train_loss-0.1374, train_rmse-0.3707, valid_rmse-1.2549, valid_pr-0.7397
epoch-346, train_loss-0.1289, train_rmse-0.3590, valid_rmse-1.2608, valid_pr-0.7363
epoch-347, train_loss-0.1230, train_rmse-0.3507, valid_rmse-1.2335, valid_pr-0.7445
Validation : valid_rmse-1.2335, valid_pr-0.7445, 
test2013_rmse-1.3269, test2013_pr-0.8385, test2016_rmse-1.2059, test2016_pr-0.8410, test2019_rmse-1.4006, test2019_pr-0.6282
epoch-348, train_loss-0.1299, train_rmse-0.3604, valid_rmse-1.2611, valid_pr-0.7348
epoch-349, train_loss-0.1185, train_rmse-0.3443, valid_rmse-1.2582, valid_pr-0.7352
epoch-350, train_loss-0.1285, train_rmse-0.3585, valid_rmse-1.2533, valid_pr-0.7389
epoch-351, train_loss-0.1209, train_rmse-0.3477, valid_rmse-1.2689, valid_pr-0.7373
epoch-352, train_loss-0.1321, train_rmse-0.3634, valid_rmse-1.2525, valid_pr-0.7391
epoch-353, train_loss-0.1227, train_rmse-0.3503, valid_rmse-1.2550, valid_pr-0.7380
epoch-354, train_loss-0.1420, train_rmse-0.3768, valid_rmse-1.2608, valid_pr-0.7352
epoch-355, train_loss-0.1287, train_rmse-0.3587, valid_rmse-1.2581, valid_pr-0.7395
epoch-356, train_loss-0.1334, train_rmse-0.3653, valid_rmse-1.2481, valid_pr-0.7421
epoch-357, train_loss-0.1282, train_rmse-0.3581, valid_rmse-1.2569, valid_pr-0.7408
epoch-358, train_loss-0.1294, train_rmse-0.3597, valid_rmse-1.2647, valid_pr-0.7411
epoch-359, train_loss-0.1173, train_rmse-0.3424, valid_rmse-1.2459, valid_pr-0.7433
epoch-360, train_loss-0.1331, train_rmse-0.3649, valid_rmse-1.2424, valid_pr-0.7429
epoch-361, train_loss-0.1249, train_rmse-0.3534, valid_rmse-1.2467, valid_pr-0.7396
epoch-362, train_loss-0.1126, train_rmse-0.3355, valid_rmse-1.2557, valid_pr-0.7404
epoch-363, train_loss-0.1356, train_rmse-0.3682, valid_rmse-1.2443, valid_pr-0.7440
epoch-364, train_loss-0.1314, train_rmse-0.3625, valid_rmse-1.2484, valid_pr-0.7383
epoch-365, train_loss-0.1208, train_rmse-0.3476, valid_rmse-1.2643, valid_pr-0.7446
epoch-366, train_loss-0.1297, train_rmse-0.3601, valid_rmse-1.2631, valid_pr-0.7353
epoch-367, train_loss-0.1231, train_rmse-0.3508, valid_rmse-1.2489, valid_pr-0.7417
epoch-368, train_loss-0.1301, train_rmse-0.3607, valid_rmse-1.2598, valid_pr-0.7423
epoch-369, train_loss-0.1319, train_rmse-0.3632, valid_rmse-1.2816, valid_pr-0.7383
epoch-370, train_loss-0.1262, train_rmse-0.3552, valid_rmse-1.2498, valid_pr-0.7395
epoch-371, train_loss-0.1076, train_rmse-0.3280, valid_rmse-1.2526, valid_pr-0.7372
epoch-372, train_loss-0.1254, train_rmse-0.3541, valid_rmse-1.2485, valid_pr-0.7404
epoch-373, train_loss-0.1221, train_rmse-0.3495, valid_rmse-1.2552, valid_pr-0.7419
epoch-374, train_loss-0.1260, train_rmse-0.3550, valid_rmse-1.2460, valid_pr-0.7418
epoch-375, train_loss-0.1234, train_rmse-0.3513, valid_rmse-1.2471, valid_pr-0.7406
epoch-376, train_loss-0.1295, train_rmse-0.3599, valid_rmse-1.2725, valid_pr-0.7376
epoch-377, train_loss-0.1228, train_rmse-0.3504, valid_rmse-1.2514, valid_pr-0.7383
epoch-378, train_loss-0.1277, train_rmse-0.3574, valid_rmse-1.2603, valid_pr-0.7349
epoch-379, train_loss-0.1350, train_rmse-0.3674, valid_rmse-1.2410, valid_pr-0.7406
epoch-380, train_loss-0.1121, train_rmse-0.3348, valid_rmse-1.2606, valid_pr-0.7380
epoch-381, train_loss-0.1329, train_rmse-0.3646, valid_rmse-1.2517, valid_pr-0.7418
epoch-382, train_loss-0.1283, train_rmse-0.3582, valid_rmse-1.2615, valid_pr-0.7344
epoch-383, train_loss-0.1206, train_rmse-0.3473, valid_rmse-1.2410, valid_pr-0.7448
epoch-384, train_loss-0.1182, train_rmse-0.3438, valid_rmse-1.2524, valid_pr-0.7428
epoch-385, train_loss-0.1194, train_rmse-0.3456, valid_rmse-1.2533, valid_pr-0.7452
epoch-386, train_loss-0.1338, train_rmse-0.3658, valid_rmse-1.2744, valid_pr-0.7420
epoch-387, train_loss-0.1245, train_rmse-0.3529, valid_rmse-1.2288, valid_pr-0.7471
Validation : valid_rmse-1.2288, valid_pr-0.7471, 
test2013_rmse-1.2812, test2013_pr-0.8511, test2016_rmse-1.1642, test2016_pr-0.8520, test2019_rmse-1.3875, test2019_pr-0.6395
epoch-388, train_loss-0.1189, train_rmse-0.3448, valid_rmse-1.2605, valid_pr-0.7438
epoch-389, train_loss-0.1312, train_rmse-0.3622, valid_rmse-1.2438, valid_pr-0.7427
epoch-390, train_loss-0.1144, train_rmse-0.3382, valid_rmse-1.2614, valid_pr-0.7439
epoch-391, train_loss-0.1229, train_rmse-0.3506, valid_rmse-1.2334, valid_pr-0.7449
epoch-392, train_loss-0.1135, train_rmse-0.3368, valid_rmse-1.2302, valid_pr-0.7484
epoch-393, train_loss-0.1139, train_rmse-0.3375, valid_rmse-1.2483, valid_pr-0.7414
epoch-394, train_loss-0.1136, train_rmse-0.3370, valid_rmse-1.2440, valid_pr-0.7412
epoch-395, train_loss-0.1113, train_rmse-0.3337, valid_rmse-1.2490, valid_pr-0.7395
epoch-396, train_loss-0.1257, train_rmse-0.3545, valid_rmse-1.2540, valid_pr-0.7375
epoch-397, train_loss-0.1181, train_rmse-0.3436, valid_rmse-1.2368, valid_pr-0.7445
epoch-398, train_loss-0.1292, train_rmse-0.3595, valid_rmse-1.2554, valid_pr-0.7373
epoch-399, train_loss-0.1224, train_rmse-0.3498, valid_rmse-1.2692, valid_pr-0.7378
epoch-400, train_loss-0.1310, train_rmse-0.3619, valid_rmse-1.2445, valid_pr-0.7418
epoch-401, train_loss-0.1338, train_rmse-0.3658, valid_rmse-1.2539, valid_pr-0.7410
epoch-402, train_loss-0.1186, train_rmse-0.3444, valid_rmse-1.2416, valid_pr-0.7411
epoch-403, train_loss-0.1179, train_rmse-0.3433, valid_rmse-1.2666, valid_pr-0.7408
epoch-404, train_loss-0.1255, train_rmse-0.3543, valid_rmse-1.2469, valid_pr-0.7432
epoch-405, train_loss-0.1227, train_rmse-0.3503, valid_rmse-1.2717, valid_pr-0.7381
epoch-406, train_loss-0.1165, train_rmse-0.3413, valid_rmse-1.2593, valid_pr-0.7382
epoch-407, train_loss-0.1174, train_rmse-0.3426, valid_rmse-1.2559, valid_pr-0.7398
epoch-408, train_loss-0.1206, train_rmse-0.3472, valid_rmse-1.2361, valid_pr-0.7443
epoch-409, train_loss-0.1196, train_rmse-0.3458, valid_rmse-1.2451, valid_pr-0.7417
epoch-410, train_loss-0.1253, train_rmse-0.3540, valid_rmse-1.2555, valid_pr-0.7377
epoch-411, train_loss-0.1246, train_rmse-0.3531, valid_rmse-1.2461, valid_pr-0.7421
epoch-412, train_loss-0.1265, train_rmse-0.3556, valid_rmse-1.2406, valid_pr-0.7432
epoch-413, train_loss-0.1146, train_rmse-0.3386, valid_rmse-1.2595, valid_pr-0.7439
epoch-414, train_loss-0.1148, train_rmse-0.3388, valid_rmse-1.2307, valid_pr-0.7461
epoch-415, train_loss-0.1150, train_rmse-0.3391, valid_rmse-1.2604, valid_pr-0.7376
epoch-416, train_loss-0.1488, train_rmse-0.3857, valid_rmse-1.2579, valid_pr-0.7383
epoch-417, train_loss-0.1145, train_rmse-0.3384, valid_rmse-1.2428, valid_pr-0.7426
epoch-418, train_loss-0.1097, train_rmse-0.3312, valid_rmse-1.2338, valid_pr-0.7456
epoch-419, train_loss-0.1155, train_rmse-0.3398, valid_rmse-1.2668, valid_pr-0.7418
epoch-420, train_loss-0.1215, train_rmse-0.3486, valid_rmse-1.2373, valid_pr-0.7439
epoch-421, train_loss-0.1261, train_rmse-0.3551, valid_rmse-1.2738, valid_pr-0.7407
epoch-422, train_loss-0.1181, train_rmse-0.3437, valid_rmse-1.2396, valid_pr-0.7441
epoch-423, train_loss-0.1176, train_rmse-0.3429, valid_rmse-1.2344, valid_pr-0.7447
epoch-424, train_loss-0.1192, train_rmse-0.3452, valid_rmse-1.2539, valid_pr-0.7427
epoch-425, train_loss-0.1313, train_rmse-0.3623, valid_rmse-1.2699, valid_pr-0.7416
epoch-426, train_loss-0.1118, train_rmse-0.3344, valid_rmse-1.2295, valid_pr-0.7463
epoch-427, train_loss-0.1122, train_rmse-0.3350, valid_rmse-1.2337, valid_pr-0.7455
epoch-428, train_loss-0.1144, train_rmse-0.3383, valid_rmse-1.2326, valid_pr-0.7474
epoch-429, train_loss-0.1254, train_rmse-0.3541, valid_rmse-1.2901, valid_pr-0.7415
epoch-430, train_loss-0.1321, train_rmse-0.3635, valid_rmse-1.2813, valid_pr-0.7389
epoch-431, train_loss-0.1178, train_rmse-0.3433, valid_rmse-1.2297, valid_pr-0.7480
epoch-432, train_loss-0.1259, train_rmse-0.3548, valid_rmse-1.2666, valid_pr-0.7380
epoch-433, train_loss-0.1110, train_rmse-0.3332, valid_rmse-1.2473, valid_pr-0.7436
epoch-434, train_loss-0.1144, train_rmse-0.3382, valid_rmse-1.2328, valid_pr-0.7457
epoch-435, train_loss-0.1191, train_rmse-0.3451, valid_rmse-1.2408, valid_pr-0.7413
epoch-436, train_loss-0.1222, train_rmse-0.3496, valid_rmse-1.2661, valid_pr-0.7389
epoch-437, train_loss-0.1197, train_rmse-0.3460, valid_rmse-1.2507, valid_pr-0.7420
epoch-438, train_loss-0.1171, train_rmse-0.3422, valid_rmse-1.2678, valid_pr-0.7328
epoch-439, train_loss-0.1062, train_rmse-0.3258, valid_rmse-1.2497, valid_pr-0.7439
epoch-440, train_loss-0.1095, train_rmse-0.3310, valid_rmse-1.2363, valid_pr-0.7451
epoch-441, train_loss-0.1014, train_rmse-0.3184, valid_rmse-1.2419, valid_pr-0.7438
epoch-442, train_loss-0.0942, train_rmse-0.3069, valid_rmse-1.2398, valid_pr-0.7437
epoch-443, train_loss-0.0958, train_rmse-0.3095, valid_rmse-1.2334, valid_pr-0.7446
epoch-444, train_loss-0.0945, train_rmse-0.3075, valid_rmse-1.2321, valid_pr-0.7466
epoch-445, train_loss-0.0953, train_rmse-0.3086, valid_rmse-1.2523, valid_pr-0.7434
epoch-446, train_loss-0.0897, train_rmse-0.2995, valid_rmse-1.2414, valid_pr-0.7444
epoch-447, train_loss-0.0966, train_rmse-0.3109, valid_rmse-1.2367, valid_pr-0.7449
epoch-448, train_loss-0.0936, train_rmse-0.3060, valid_rmse-1.2312, valid_pr-0.7457
epoch-449, train_loss-0.0864, train_rmse-0.2940, valid_rmse-1.2423, valid_pr-0.7440
epoch-450, train_loss-0.0928, train_rmse-0.3046, valid_rmse-1.2332, valid_pr-0.7469
epoch-451, train_loss-0.0950, train_rmse-0.3082, valid_rmse-1.2358, valid_pr-0.7441
epoch-452, train_loss-0.0979, train_rmse-0.3130, valid_rmse-1.2370, valid_pr-0.7445
epoch-453, train_loss-0.0970, train_rmse-0.3115, valid_rmse-1.2429, valid_pr-0.7458
epoch-454, train_loss-0.0942, train_rmse-0.3069, valid_rmse-1.2340, valid_pr-0.7451
epoch-455, train_loss-0.1044, train_rmse-0.3232, valid_rmse-1.2464, valid_pr-0.7457
epoch-456, train_loss-0.0882, train_rmse-0.2970, valid_rmse-1.2475, valid_pr-0.7431
epoch-457, train_loss-0.1002, train_rmse-0.3165, valid_rmse-1.2344, valid_pr-0.7469
epoch-458, train_loss-0.0922, train_rmse-0.3037, valid_rmse-1.2376, valid_pr-0.7458
epoch-459, train_loss-0.0957, train_rmse-0.3094, valid_rmse-1.2478, valid_pr-0.7440
epoch-460, train_loss-0.0918, train_rmse-0.3030, valid_rmse-1.2364, valid_pr-0.7472
epoch-461, train_loss-0.0911, train_rmse-0.3019, valid_rmse-1.2348, valid_pr-0.7449
epoch-462, train_loss-0.0930, train_rmse-0.3049, valid_rmse-1.2280, valid_pr-0.7478
Validation : valid_rmse-1.2280, valid_pr-0.7478, 
test2013_rmse-1.2721, test2013_pr-0.8564, test2016_rmse-1.1935, test2016_pr-0.8471, test2019_rmse-1.3774, test2019_pr-0.6423
epoch-463, train_loss-0.0988, train_rmse-0.3144, valid_rmse-1.2262, valid_pr-0.7490
Validation : valid_rmse-1.2262, valid_pr-0.7490, 
test2013_rmse-1.2652, test2013_pr-0.8578, test2016_rmse-1.1794, test2016_pr-0.8491, test2019_rmse-1.3795, test2019_pr-0.6431
epoch-464, train_loss-0.0942, train_rmse-0.3069, valid_rmse-1.2339, valid_pr-0.7461
epoch-465, train_loss-0.0871, train_rmse-0.2951, valid_rmse-1.2457, valid_pr-0.7441
epoch-466, train_loss-0.0927, train_rmse-0.3044, valid_rmse-1.2370, valid_pr-0.7464
epoch-467, train_loss-0.0975, train_rmse-0.3123, valid_rmse-1.2377, valid_pr-0.7446
epoch-468, train_loss-0.0991, train_rmse-0.3149, valid_rmse-1.2355, valid_pr-0.7452
epoch-469, train_loss-0.0927, train_rmse-0.3045, valid_rmse-1.2454, valid_pr-0.7431
epoch-470, train_loss-0.0971, train_rmse-0.3116, valid_rmse-1.2353, valid_pr-0.7446
epoch-471, train_loss-0.0903, train_rmse-0.3005, valid_rmse-1.2346, valid_pr-0.7459
epoch-472, train_loss-0.1038, train_rmse-0.3222, valid_rmse-1.2313, valid_pr-0.7476
epoch-473, train_loss-0.0885, train_rmse-0.2975, valid_rmse-1.2314, valid_pr-0.7469
epoch-474, train_loss-0.1042, train_rmse-0.3229, valid_rmse-1.2386, valid_pr-0.7434
epoch-475, train_loss-0.0927, train_rmse-0.3045, valid_rmse-1.2376, valid_pr-0.7444
epoch-476, train_loss-0.0862, train_rmse-0.2936, valid_rmse-1.2334, valid_pr-0.7444
epoch-477, train_loss-0.0932, train_rmse-0.3053, valid_rmse-1.2475, valid_pr-0.7427
epoch-478, train_loss-0.0941, train_rmse-0.3068, valid_rmse-1.2450, valid_pr-0.7443
epoch-479, train_loss-0.0974, train_rmse-0.3121, valid_rmse-1.2359, valid_pr-0.7456
epoch-480, train_loss-0.0969, train_rmse-0.3113, valid_rmse-1.2431, valid_pr-0.7432
epoch-481, train_loss-0.0879, train_rmse-0.2965, valid_rmse-1.2434, valid_pr-0.7436
epoch-482, train_loss-0.0924, train_rmse-0.3040, valid_rmse-1.2318, valid_pr-0.7457
epoch-483, train_loss-0.0927, train_rmse-0.3045, valid_rmse-1.2319, valid_pr-0.7466
epoch-484, train_loss-0.0976, train_rmse-0.3123, valid_rmse-1.2309, valid_pr-0.7468
epoch-485, train_loss-0.0877, train_rmse-0.2961, valid_rmse-1.2343, valid_pr-0.7453
epoch-486, train_loss-0.0943, train_rmse-0.3071, valid_rmse-1.2379, valid_pr-0.7465
epoch-487, train_loss-0.1022, train_rmse-0.3197, valid_rmse-1.2324, valid_pr-0.7457
epoch-488, train_loss-0.0968, train_rmse-0.3111, valid_rmse-1.2337, valid_pr-0.7445
epoch-489, train_loss-0.0943, train_rmse-0.3070, valid_rmse-1.2393, valid_pr-0.7458
epoch-490, train_loss-0.0907, train_rmse-0.3012, valid_rmse-1.2408, valid_pr-0.7452
epoch-491, train_loss-0.0941, train_rmse-0.3067, valid_rmse-1.2312, valid_pr-0.7482
epoch-492, train_loss-0.0854, train_rmse-0.2923, valid_rmse-1.2358, valid_pr-0.7450
epoch-493, train_loss-0.0889, train_rmse-0.2981, valid_rmse-1.2429, valid_pr-0.7419
epoch-494, train_loss-0.0900, train_rmse-0.3000, valid_rmse-1.2515, valid_pr-0.7434
epoch-495, train_loss-0.0936, train_rmse-0.3059, valid_rmse-1.2441, valid_pr-0.7425
epoch-496, train_loss-0.1034, train_rmse-0.3215, valid_rmse-1.2253, valid_pr-0.7492
Validation : valid_rmse-1.2253, valid_pr-0.7492, 
test2013_rmse-1.2680, test2013_pr-0.8553, test2016_rmse-1.1666, test2016_pr-0.8509, test2019_rmse-1.3830, test2019_pr-0.6420
epoch-497, train_loss-0.0928, train_rmse-0.3047, valid_rmse-1.2228, valid_pr-0.7496
Validation : valid_rmse-1.2228, valid_pr-0.7496, 
test2013_rmse-1.2758, test2013_pr-0.8543, test2016_rmse-1.1742, test2016_pr-0.8499, test2019_rmse-1.3795, test2019_pr-0.6421
epoch-498, train_loss-0.0890, train_rmse-0.2983, valid_rmse-1.2267, valid_pr-0.7475
epoch-499, train_loss-0.0879, train_rmse-0.2965, valid_rmse-1.2368, valid_pr-0.7441
epoch-500, train_loss-0.0949, train_rmse-0.3081, valid_rmse-1.2392, valid_pr-0.7457
epoch-501, train_loss-0.0915, train_rmse-0.3025, valid_rmse-1.2317, valid_pr-0.7474
epoch-502, train_loss-0.0935, train_rmse-0.3058, valid_rmse-1.2290, valid_pr-0.7476
epoch-503, train_loss-0.0902, train_rmse-0.3003, valid_rmse-1.2296, valid_pr-0.7470
epoch-504, train_loss-0.0972, train_rmse-0.3117, valid_rmse-1.2395, valid_pr-0.7434
epoch-505, train_loss-0.0959, train_rmse-0.3097, valid_rmse-1.2374, valid_pr-0.7456
epoch-506, train_loss-0.0865, train_rmse-0.2942, valid_rmse-1.2296, valid_pr-0.7476
epoch-507, train_loss-0.0887, train_rmse-0.2978, valid_rmse-1.2328, valid_pr-0.7466
epoch-508, train_loss-0.0869, train_rmse-0.2948, valid_rmse-1.2230, valid_pr-0.7496
epoch-509, train_loss-0.0986, train_rmse-0.3139, valid_rmse-1.2347, valid_pr-0.7469
epoch-510, train_loss-0.0900, train_rmse-0.3000, valid_rmse-1.2301, valid_pr-0.7476
epoch-511, train_loss-0.0959, train_rmse-0.3096, valid_rmse-1.2341, valid_pr-0.7444
epoch-512, train_loss-0.0903, train_rmse-0.3004, valid_rmse-1.2342, valid_pr-0.7460
epoch-513, train_loss-0.0999, train_rmse-0.3161, valid_rmse-1.2334, valid_pr-0.7455
epoch-514, train_loss-0.0905, train_rmse-0.3008, valid_rmse-1.2288, valid_pr-0.7478
epoch-515, train_loss-0.0897, train_rmse-0.2995, valid_rmse-1.2522, valid_pr-0.7427
epoch-516, train_loss-0.0971, train_rmse-0.3116, valid_rmse-1.2357, valid_pr-0.7446
epoch-517, train_loss-0.0959, train_rmse-0.3097, valid_rmse-1.2347, valid_pr-0.7451
epoch-518, train_loss-0.0986, train_rmse-0.3140, valid_rmse-1.2334, valid_pr-0.7461
epoch-519, train_loss-0.0899, train_rmse-0.2999, valid_rmse-1.2292, valid_pr-0.7480
epoch-520, train_loss-0.0892, train_rmse-0.2986, valid_rmse-1.2347, valid_pr-0.7454
epoch-521, train_loss-0.0847, train_rmse-0.2911, valid_rmse-1.2411, valid_pr-0.7439
epoch-522, train_loss-0.0886, train_rmse-0.2976, valid_rmse-1.2396, valid_pr-0.7449
epoch-523, train_loss-0.0999, train_rmse-0.3161, valid_rmse-1.2279, valid_pr-0.7471
epoch-524, train_loss-0.0880, train_rmse-0.2967, valid_rmse-1.2308, valid_pr-0.7470
epoch-525, train_loss-0.1012, train_rmse-0.3182, valid_rmse-1.2393, valid_pr-0.7462
epoch-526, train_loss-0.0917, train_rmse-0.3029, valid_rmse-1.2400, valid_pr-0.7439
epoch-527, train_loss-0.0884, train_rmse-0.2973, valid_rmse-1.2314, valid_pr-0.7475
epoch-528, train_loss-0.0928, train_rmse-0.3045, valid_rmse-1.2506, valid_pr-0.7445
epoch-529, train_loss-0.0955, train_rmse-0.3091, valid_rmse-1.2298, valid_pr-0.7469
epoch-530, train_loss-0.0995, train_rmse-0.3155, valid_rmse-1.2327, valid_pr-0.7463
epoch-531, train_loss-0.0937, train_rmse-0.3061, valid_rmse-1.2291, valid_pr-0.7480
epoch-532, train_loss-0.0859, train_rmse-0.2931, valid_rmse-1.2261, valid_pr-0.7488
epoch-533, train_loss-0.0960, train_rmse-0.3099, valid_rmse-1.2433, valid_pr-0.7459
epoch-534, train_loss-0.0868, train_rmse-0.2946, valid_rmse-1.2374, valid_pr-0.7460
epoch-535, train_loss-0.0943, train_rmse-0.3071, valid_rmse-1.2324, valid_pr-0.7471
epoch-536, train_loss-0.0889, train_rmse-0.2982, valid_rmse-1.2407, valid_pr-0.7449
epoch-537, train_loss-0.0897, train_rmse-0.2995, valid_rmse-1.2324, valid_pr-0.7469
epoch-538, train_loss-0.1010, train_rmse-0.3179, valid_rmse-1.2343, valid_pr-0.7461
epoch-539, train_loss-0.0866, train_rmse-0.2943, valid_rmse-1.2269, valid_pr-0.7487
epoch-540, train_loss-0.0870, train_rmse-0.2949, valid_rmse-1.2309, valid_pr-0.7476
epoch-541, train_loss-0.0905, train_rmse-0.3008, valid_rmse-1.2363, valid_pr-0.7447
epoch-542, train_loss-0.0974, train_rmse-0.3121, valid_rmse-1.2305, valid_pr-0.7470
epoch-543, train_loss-0.0960, train_rmse-0.3098, valid_rmse-1.2320, valid_pr-0.7471
epoch-544, train_loss-0.0887, train_rmse-0.2979, valid_rmse-1.2311, valid_pr-0.7461
epoch-545, train_loss-0.0892, train_rmse-0.2987, valid_rmse-1.2436, valid_pr-0.7451
epoch-546, train_loss-0.0959, train_rmse-0.3098, valid_rmse-1.2294, valid_pr-0.7469
epoch-547, train_loss-0.0879, train_rmse-0.2965, valid_rmse-1.2277, valid_pr-0.7471
epoch-548, train_loss-0.0889, train_rmse-0.2982, valid_rmse-1.2371, valid_pr-0.7485
epoch-549, train_loss-0.0872, train_rmse-0.2953, valid_rmse-1.2292, valid_pr-0.7488
epoch-550, train_loss-0.0809, train_rmse-0.2844, valid_rmse-1.2251, valid_pr-0.7494
epoch-551, train_loss-0.0850, train_rmse-0.2915, valid_rmse-1.2270, valid_pr-0.7497
epoch-552, train_loss-0.0816, train_rmse-0.2856, valid_rmse-1.2343, valid_pr-0.7471
epoch-553, train_loss-0.0778, train_rmse-0.2789, valid_rmse-1.2281, valid_pr-0.7481
epoch-554, train_loss-0.0865, train_rmse-0.2940, valid_rmse-1.2225, valid_pr-0.7510
Validation : valid_rmse-1.2225, valid_pr-0.7510, 
test2013_rmse-1.2784, test2013_pr-0.8529, test2016_rmse-1.1730, test2016_pr-0.8491, test2019_rmse-1.3779, test2019_pr-0.6462
epoch-555, train_loss-0.0812, train_rmse-0.2849, valid_rmse-1.2246, valid_pr-0.7508
epoch-556, train_loss-0.0819, train_rmse-0.2861, valid_rmse-1.2200, valid_pr-0.7513
Validation : valid_rmse-1.2200, valid_pr-0.7513, 
test2013_rmse-1.2870, test2013_pr-0.8501, test2016_rmse-1.1761, test2016_pr-0.8497, test2019_rmse-1.3715, test2019_pr-0.6470
epoch-557, train_loss-0.0869, train_rmse-0.2948, valid_rmse-1.2214, valid_pr-0.7513
epoch-558, train_loss-0.0823, train_rmse-0.2869, valid_rmse-1.2341, valid_pr-0.7468
epoch-559, train_loss-0.0844, train_rmse-0.2905, valid_rmse-1.2307, valid_pr-0.7472
epoch-560, train_loss-0.0755, train_rmse-0.2747, valid_rmse-1.2257, valid_pr-0.7482
epoch-561, train_loss-0.0786, train_rmse-0.2804, valid_rmse-1.2349, valid_pr-0.7477
epoch-562, train_loss-0.0797, train_rmse-0.2823, valid_rmse-1.2322, valid_pr-0.7463
epoch-563, train_loss-0.0762, train_rmse-0.2761, valid_rmse-1.2286, valid_pr-0.7476
epoch-564, train_loss-0.0812, train_rmse-0.2850, valid_rmse-1.2277, valid_pr-0.7480
epoch-565, train_loss-0.0808, train_rmse-0.2842, valid_rmse-1.2264, valid_pr-0.7489
epoch-566, train_loss-0.0801, train_rmse-0.2830, valid_rmse-1.2283, valid_pr-0.7477
epoch-567, train_loss-0.0839, train_rmse-0.2897, valid_rmse-1.2295, valid_pr-0.7479
epoch-568, train_loss-0.0764, train_rmse-0.2765, valid_rmse-1.2305, valid_pr-0.7484
epoch-569, train_loss-0.0755, train_rmse-0.2749, valid_rmse-1.2270, valid_pr-0.7486
epoch-570, train_loss-0.0766, train_rmse-0.2767, valid_rmse-1.2281, valid_pr-0.7483
epoch-571, train_loss-0.0823, train_rmse-0.2868, valid_rmse-1.2249, valid_pr-0.7496
epoch-572, train_loss-0.0861, train_rmse-0.2935, valid_rmse-1.2266, valid_pr-0.7499
epoch-573, train_loss-0.0845, train_rmse-0.2907, valid_rmse-1.2194, valid_pr-0.7511
Validation : valid_rmse-1.2194, valid_pr-0.7511, 
test2013_rmse-1.2966, test2013_pr-0.8518, test2016_rmse-1.1719, test2016_pr-0.8538, test2019_rmse-1.3700, test2019_pr-0.6461
epoch-574, train_loss-0.0846, train_rmse-0.2909, valid_rmse-1.2269, valid_pr-0.7492
epoch-575, train_loss-0.0798, train_rmse-0.2824, valid_rmse-1.2251, valid_pr-0.7485
epoch-576, train_loss-0.0810, train_rmse-0.2846, valid_rmse-1.2261, valid_pr-0.7490
epoch-577, train_loss-0.0838, train_rmse-0.2895, valid_rmse-1.2363, valid_pr-0.7458
epoch-578, train_loss-0.0840, train_rmse-0.2899, valid_rmse-1.2279, valid_pr-0.7485
epoch-579, train_loss-0.0771, train_rmse-0.2777, valid_rmse-1.2278, valid_pr-0.7484
epoch-580, train_loss-0.0799, train_rmse-0.2827, valid_rmse-1.2262, valid_pr-0.7487
epoch-581, train_loss-0.0836, train_rmse-0.2891, valid_rmse-1.2251, valid_pr-0.7487
epoch-582, train_loss-0.0848, train_rmse-0.2912, valid_rmse-1.2282, valid_pr-0.7472
epoch-583, train_loss-0.0789, train_rmse-0.2809, valid_rmse-1.2252, valid_pr-0.7490
epoch-584, train_loss-0.0867, train_rmse-0.2944, valid_rmse-1.2311, valid_pr-0.7471
epoch-585, train_loss-0.0755, train_rmse-0.2747, valid_rmse-1.2276, valid_pr-0.7485
epoch-586, train_loss-0.0798, train_rmse-0.2824, valid_rmse-1.2270, valid_pr-0.7485
epoch-587, train_loss-0.0747, train_rmse-0.2733, valid_rmse-1.2306, valid_pr-0.7469
epoch-588, train_loss-0.0749, train_rmse-0.2737, valid_rmse-1.2282, valid_pr-0.7483
epoch-589, train_loss-0.0743, train_rmse-0.2725, valid_rmse-1.2277, valid_pr-0.7474
epoch-590, train_loss-0.0771, train_rmse-0.2776, valid_rmse-1.2261, valid_pr-0.7485
epoch-591, train_loss-0.0781, train_rmse-0.2795, valid_rmse-1.2265, valid_pr-0.7494
epoch-592, train_loss-0.0776, train_rmse-0.2786, valid_rmse-1.2270, valid_pr-0.7485
epoch-593, train_loss-0.0853, train_rmse-0.2920, valid_rmse-1.2251, valid_pr-0.7489
epoch-594, train_loss-0.0818, train_rmse-0.2861, valid_rmse-1.2245, valid_pr-0.7498
epoch-595, train_loss-0.0848, train_rmse-0.2912, valid_rmse-1.2303, valid_pr-0.7476
epoch-596, train_loss-0.0810, train_rmse-0.2846, valid_rmse-1.2272, valid_pr-0.7484
epoch-597, train_loss-0.0796, train_rmse-0.2821, valid_rmse-1.2281, valid_pr-0.7472
epoch-598, train_loss-0.0793, train_rmse-0.2815, valid_rmse-1.2300, valid_pr-0.7475
epoch-599, train_loss-0.0788, train_rmse-0.2807, valid_rmse-1.2291, valid_pr-0.7484
epoch-600, train_loss-0.0803, train_rmse-0.2834, valid_rmse-1.2262, valid_pr-0.7498
epoch-601, train_loss-0.0854, train_rmse-0.2922, valid_rmse-1.2317, valid_pr-0.7481
epoch-602, train_loss-0.0876, train_rmse-0.2959, valid_rmse-1.2297, valid_pr-0.7481
epoch-603, train_loss-0.0766, train_rmse-0.2767, valid_rmse-1.2335, valid_pr-0.7482
epoch-604, train_loss-0.0840, train_rmse-0.2898, valid_rmse-1.2299, valid_pr-0.7481
epoch-605, train_loss-0.0824, train_rmse-0.2871, valid_rmse-1.2383, valid_pr-0.7464
epoch-606, train_loss-0.0807, train_rmse-0.2840, valid_rmse-1.2294, valid_pr-0.7479
epoch-607, train_loss-0.0780, train_rmse-0.2793, valid_rmse-1.2359, valid_pr-0.7470
epoch-608, train_loss-0.0764, train_rmse-0.2763, valid_rmse-1.2261, valid_pr-0.7484
epoch-609, train_loss-0.0856, train_rmse-0.2926, valid_rmse-1.2243, valid_pr-0.7494
epoch-610, train_loss-0.0858, train_rmse-0.2930, valid_rmse-1.2230, valid_pr-0.7496
epoch-611, train_loss-0.0861, train_rmse-0.2934, valid_rmse-1.2290, valid_pr-0.7480
epoch-612, train_loss-0.0841, train_rmse-0.2900, valid_rmse-1.2255, valid_pr-0.7493
epoch-613, train_loss-0.0858, train_rmse-0.2928, valid_rmse-1.2241, valid_pr-0.7497
epoch-614, train_loss-0.0817, train_rmse-0.2859, valid_rmse-1.2268, valid_pr-0.7488
epoch-615, train_loss-0.0813, train_rmse-0.2851, valid_rmse-1.2311, valid_pr-0.7485
epoch-616, train_loss-0.0784, train_rmse-0.2799, valid_rmse-1.2223, valid_pr-0.7504
epoch-617, train_loss-0.0772, train_rmse-0.2778, valid_rmse-1.2263, valid_pr-0.7487
epoch-618, train_loss-0.0825, train_rmse-0.2873, valid_rmse-1.2260, valid_pr-0.7499
epoch-619, train_loss-0.0809, train_rmse-0.2845, valid_rmse-1.2253, valid_pr-0.7497
epoch-620, train_loss-0.0827, train_rmse-0.2876, valid_rmse-1.2298, valid_pr-0.7483
epoch-621, train_loss-0.0829, train_rmse-0.2879, valid_rmse-1.2270, valid_pr-0.7480
epoch-622, train_loss-0.0773, train_rmse-0.2780, valid_rmse-1.2238, valid_pr-0.7502
epoch-623, train_loss-0.0770, train_rmse-0.2775, valid_rmse-1.2270, valid_pr-0.7494
epoch-624, train_loss-0.0786, train_rmse-0.2803, valid_rmse-1.2265, valid_pr-0.7488
epoch-625, train_loss-0.0794, train_rmse-0.2818, valid_rmse-1.2282, valid_pr-0.7493
epoch-626, train_loss-0.0742, train_rmse-0.2723, valid_rmse-1.2251, valid_pr-0.7492
epoch-627, train_loss-0.0775, train_rmse-0.2785, valid_rmse-1.2225, valid_pr-0.7501
epoch-628, train_loss-0.0778, train_rmse-0.2790, valid_rmse-1.2256, valid_pr-0.7497
epoch-629, train_loss-0.0745, train_rmse-0.2730, valid_rmse-1.2247, valid_pr-0.7497
epoch-630, train_loss-0.0782, train_rmse-0.2796, valid_rmse-1.2246, valid_pr-0.7498
epoch-631, train_loss-0.0811, train_rmse-0.2848, valid_rmse-1.2224, valid_pr-0.7506
epoch-632, train_loss-0.0863, train_rmse-0.2937, valid_rmse-1.2249, valid_pr-0.7511
epoch-633, train_loss-0.0724, train_rmse-0.2691, valid_rmse-1.2246, valid_pr-0.7499
epoch-634, train_loss-0.0782, train_rmse-0.2797, valid_rmse-1.2260, valid_pr-0.7493
epoch-635, train_loss-0.0793, train_rmse-0.2816, valid_rmse-1.2249, valid_pr-0.7503
epoch-636, train_loss-0.0787, train_rmse-0.2805, valid_rmse-1.2239, valid_pr-0.7492
epoch-637, train_loss-0.0731, train_rmse-0.2704, valid_rmse-1.2230, valid_pr-0.7506
epoch-638, train_loss-0.0757, train_rmse-0.2751, valid_rmse-1.2219, valid_pr-0.7506
epoch-639, train_loss-0.0759, train_rmse-0.2754, valid_rmse-1.2210, valid_pr-0.7508
epoch-640, train_loss-0.0752, train_rmse-0.2742, valid_rmse-1.2213, valid_pr-0.7506
epoch-641, train_loss-0.0706, train_rmse-0.2657, valid_rmse-1.2268, valid_pr-0.7495
epoch-642, train_loss-0.0771, train_rmse-0.2777, valid_rmse-1.2195, valid_pr-0.7519
epoch-643, train_loss-0.0746, train_rmse-0.2732, valid_rmse-1.2217, valid_pr-0.7514
epoch-644, train_loss-0.0785, train_rmse-0.2801, valid_rmse-1.2192, valid_pr-0.7519
Validation : valid_rmse-1.2192, valid_pr-0.7519, 
test2013_rmse-1.2688, test2013_pr-0.8550, test2016_rmse-1.1688, test2016_pr-0.8508, test2019_rmse-1.3730, test2019_pr-0.6470
epoch-645, train_loss-0.0760, train_rmse-0.2756, valid_rmse-1.2224, valid_pr-0.7509
epoch-646, train_loss-0.0693, train_rmse-0.2632, valid_rmse-1.2241, valid_pr-0.7504
epoch-647, train_loss-0.0759, train_rmse-0.2754, valid_rmse-1.2226, valid_pr-0.7500
epoch-648, train_loss-0.0814, train_rmse-0.2854, valid_rmse-1.2214, valid_pr-0.7508
epoch-649, train_loss-0.0883, train_rmse-0.2972, valid_rmse-1.2217, valid_pr-0.7516
epoch-650, train_loss-0.0663, train_rmse-0.2575, valid_rmse-1.2220, valid_pr-0.7503
epoch-651, train_loss-0.0767, train_rmse-0.2769, valid_rmse-1.2255, valid_pr-0.7491
epoch-652, train_loss-0.0748, train_rmse-0.2735, valid_rmse-1.2217, valid_pr-0.7502
epoch-653, train_loss-0.0774, train_rmse-0.2782, valid_rmse-1.2275, valid_pr-0.7499
epoch-654, train_loss-0.0813, train_rmse-0.2851, valid_rmse-1.2244, valid_pr-0.7499
epoch-655, train_loss-0.0713, train_rmse-0.2670, valid_rmse-1.2239, valid_pr-0.7503
epoch-656, train_loss-0.0714, train_rmse-0.2672, valid_rmse-1.2230, valid_pr-0.7508
epoch-657, train_loss-0.0714, train_rmse-0.2672, valid_rmse-1.2224, valid_pr-0.7504
epoch-658, train_loss-0.0752, train_rmse-0.2742, valid_rmse-1.2206, valid_pr-0.7512
epoch-659, train_loss-0.0725, train_rmse-0.2692, valid_rmse-1.2268, valid_pr-0.7500
epoch-660, train_loss-0.0829, train_rmse-0.2879, valid_rmse-1.2192, valid_pr-0.7517
Validation : valid_rmse-1.2192, valid_pr-0.7517, 
test2013_rmse-1.2655, test2013_pr-0.8557, test2016_rmse-1.1645, test2016_pr-0.8534, test2019_rmse-1.3699, test2019_pr-0.6479
epoch-661, train_loss-0.0799, train_rmse-0.2827, valid_rmse-1.2205, valid_pr-0.7508
epoch-662, train_loss-0.0715, train_rmse-0.2674, valid_rmse-1.2236, valid_pr-0.7504
epoch-663, train_loss-0.0801, train_rmse-0.2830, valid_rmse-1.2227, valid_pr-0.7503
epoch-664, train_loss-0.0759, train_rmse-0.2755, valid_rmse-1.2222, valid_pr-0.7506
epoch-665, train_loss-0.0790, train_rmse-0.2811, valid_rmse-1.2211, valid_pr-0.7507
epoch-666, train_loss-0.0819, train_rmse-0.2861, valid_rmse-1.2228, valid_pr-0.7503
epoch-667, train_loss-0.0733, train_rmse-0.2707, valid_rmse-1.2202, valid_pr-0.7516
epoch-668, train_loss-0.0776, train_rmse-0.2785, valid_rmse-1.2224, valid_pr-0.7508
epoch-669, train_loss-0.0741, train_rmse-0.2723, valid_rmse-1.2207, valid_pr-0.7509
epoch-670, train_loss-0.0795, train_rmse-0.2820, valid_rmse-1.2208, valid_pr-0.7510
epoch-671, train_loss-0.0718, train_rmse-0.2679, valid_rmse-1.2215, valid_pr-0.7505
epoch-672, train_loss-0.0719, train_rmse-0.2681, valid_rmse-1.2242, valid_pr-0.7498
epoch-673, train_loss-0.0765, train_rmse-0.2766, valid_rmse-1.2241, valid_pr-0.7506
epoch-674, train_loss-0.0735, train_rmse-0.2712, valid_rmse-1.2232, valid_pr-0.7506
epoch-675, train_loss-0.0814, train_rmse-0.2853, valid_rmse-1.2247, valid_pr-0.7505
epoch-676, train_loss-0.0677, train_rmse-0.2602, valid_rmse-1.2232, valid_pr-0.7497
epoch-677, train_loss-0.0768, train_rmse-0.2771, valid_rmse-1.2229, valid_pr-0.7505
epoch-678, train_loss-0.0705, train_rmse-0.2656, valid_rmse-1.2233, valid_pr-0.7505
epoch-679, train_loss-0.0771, train_rmse-0.2777, valid_rmse-1.2237, valid_pr-0.7509
epoch-680, train_loss-0.0787, train_rmse-0.2806, valid_rmse-1.2250, valid_pr-0.7497
epoch-681, train_loss-0.0755, train_rmse-0.2749, valid_rmse-1.2188, valid_pr-0.7515
Validation : valid_rmse-1.2188, valid_pr-0.7515, 
test2013_rmse-1.2790, test2013_pr-0.8530, test2016_rmse-1.1757, test2016_pr-0.8502, test2019_rmse-1.3674, test2019_pr-0.6483
epoch-682, train_loss-0.0702, train_rmse-0.2650, valid_rmse-1.2208, valid_pr-0.7509
epoch-683, train_loss-0.0751, train_rmse-0.2741, valid_rmse-1.2230, valid_pr-0.7506
epoch-684, train_loss-0.0795, train_rmse-0.2819, valid_rmse-1.2237, valid_pr-0.7505
epoch-685, train_loss-0.0860, train_rmse-0.2932, valid_rmse-1.2214, valid_pr-0.7512
epoch-686, train_loss-0.0717, train_rmse-0.2677, valid_rmse-1.2208, valid_pr-0.7510
epoch-687, train_loss-0.0748, train_rmse-0.2735, valid_rmse-1.2201, valid_pr-0.7523
epoch-688, train_loss-0.0757, train_rmse-0.2752, valid_rmse-1.2224, valid_pr-0.7514
epoch-689, train_loss-0.0772, train_rmse-0.2778, valid_rmse-1.2211, valid_pr-0.7511
epoch-690, train_loss-0.0728, train_rmse-0.2698, valid_rmse-1.2262, valid_pr-0.7503
epoch-691, train_loss-0.0752, train_rmse-0.2743, valid_rmse-1.2213, valid_pr-0.7516
epoch-692, train_loss-0.0739, train_rmse-0.2719, valid_rmse-1.2212, valid_pr-0.7508
epoch-693, train_loss-0.0805, train_rmse-0.2837, valid_rmse-1.2189, valid_pr-0.7523
epoch-694, train_loss-0.0716, train_rmse-0.2675, valid_rmse-1.2229, valid_pr-0.7511
epoch-695, train_loss-0.0749, train_rmse-0.2737, valid_rmse-1.2208, valid_pr-0.7515
epoch-696, train_loss-0.0741, train_rmse-0.2723, valid_rmse-1.2251, valid_pr-0.7508
epoch-697, train_loss-0.0750, train_rmse-0.2738, valid_rmse-1.2261, valid_pr-0.7509
epoch-698, train_loss-0.0763, train_rmse-0.2762, valid_rmse-1.2205, valid_pr-0.7517
epoch-699, train_loss-0.0752, train_rmse-0.2742, valid_rmse-1.2196, valid_pr-0.7515
epoch-700, train_loss-0.0768, train_rmse-0.2771, valid_rmse-1.2204, valid_pr-0.7511
epoch-701, train_loss-0.0742, train_rmse-0.2724, valid_rmse-1.2223, valid_pr-0.7506
epoch-702, train_loss-0.0693, train_rmse-0.2632, valid_rmse-1.2249, valid_pr-0.7494
epoch-703, train_loss-0.0763, train_rmse-0.2762, valid_rmse-1.2230, valid_pr-0.7502
epoch-704, train_loss-0.0717, train_rmse-0.2678, valid_rmse-1.2253, valid_pr-0.7500
epoch-705, train_loss-0.0762, train_rmse-0.2761, valid_rmse-1.2232, valid_pr-0.7501
epoch-706, train_loss-0.0731, train_rmse-0.2704, valid_rmse-1.2208, valid_pr-0.7508
epoch-707, train_loss-0.0865, train_rmse-0.2941, valid_rmse-1.2291, valid_pr-0.7492
epoch-708, train_loss-0.0798, train_rmse-0.2825, valid_rmse-1.2275, valid_pr-0.7491
epoch-709, train_loss-0.0765, train_rmse-0.2767, valid_rmse-1.2198, valid_pr-0.7514
epoch-710, train_loss-0.0693, train_rmse-0.2632, valid_rmse-1.2244, valid_pr-0.7500
epoch-711, train_loss-0.0752, train_rmse-0.2742, valid_rmse-1.2207, valid_pr-0.7509
epoch-712, train_loss-0.0713, train_rmse-0.2670, valid_rmse-1.2211, valid_pr-0.7507
epoch-713, train_loss-0.0708, train_rmse-0.2660, valid_rmse-1.2209, valid_pr-0.7516
epoch-714, train_loss-0.0710, train_rmse-0.2664, valid_rmse-1.2216, valid_pr-0.7514
epoch-715, train_loss-0.0731, train_rmse-0.2704, valid_rmse-1.2228, valid_pr-0.7504
epoch-716, train_loss-0.0768, train_rmse-0.2772, valid_rmse-1.2213, valid_pr-0.7512
epoch-717, train_loss-0.0716, train_rmse-0.2676, valid_rmse-1.2275, valid_pr-0.7511
epoch-718, train_loss-0.0785, train_rmse-0.2801, valid_rmse-1.2206, valid_pr-0.7518
epoch-719, train_loss-0.0804, train_rmse-0.2835, valid_rmse-1.2205, valid_pr-0.7512
epoch-720, train_loss-0.0699, train_rmse-0.2643, valid_rmse-1.2225, valid_pr-0.7510
epoch-721, train_loss-0.0791, train_rmse-0.2812, valid_rmse-1.2219, valid_pr-0.7509
epoch-722, train_loss-0.0738, train_rmse-0.2716, valid_rmse-1.2189, valid_pr-0.7515
epoch-723, train_loss-0.0717, train_rmse-0.2678, valid_rmse-1.2214, valid_pr-0.7511
epoch-724, train_loss-0.0738, train_rmse-0.2717, valid_rmse-1.2211, valid_pr-0.7510
epoch-725, train_loss-0.0791, train_rmse-0.2812, valid_rmse-1.2209, valid_pr-0.7507
epoch-726, train_loss-0.0745, train_rmse-0.2730, valid_rmse-1.2240, valid_pr-0.7499
epoch-727, train_loss-0.0676, train_rmse-0.2599, valid_rmse-1.2216, valid_pr-0.7511
epoch-728, train_loss-0.0774, train_rmse-0.2782, valid_rmse-1.2216, valid_pr-0.7511
epoch-729, train_loss-0.0739, train_rmse-0.2718, valid_rmse-1.2265, valid_pr-0.7494
epoch-730, train_loss-0.0742, train_rmse-0.2723, valid_rmse-1.2197, valid_pr-0.7514
epoch-731, train_loss-0.0768, train_rmse-0.2771, valid_rmse-1.2188, valid_pr-0.7518
epoch-732, train_loss-0.0695, train_rmse-0.2637, valid_rmse-1.2234, valid_pr-0.7494
epoch-733, train_loss-0.0764, train_rmse-0.2765, valid_rmse-1.2248, valid_pr-0.7497
epoch-734, train_loss-0.0799, train_rmse-0.2826, valid_rmse-1.2228, valid_pr-0.7499
epoch-735, train_loss-0.0694, train_rmse-0.2634, valid_rmse-1.2213, valid_pr-0.7509
epoch-736, train_loss-0.0721, train_rmse-0.2686, valid_rmse-1.2216, valid_pr-0.7516
epoch-737, train_loss-0.0721, train_rmse-0.2685, valid_rmse-1.2235, valid_pr-0.7499
epoch-738, train_loss-0.0732, train_rmse-0.2706, valid_rmse-1.2210, valid_pr-0.7510
epoch-739, train_loss-0.0717, train_rmse-0.2677, valid_rmse-1.2232, valid_pr-0.7500
epoch-740, train_loss-0.0718, train_rmse-0.2680, valid_rmse-1.2209, valid_pr-0.7509
epoch-741, train_loss-0.0662, train_rmse-0.2572, valid_rmse-1.2238, valid_pr-0.7507
epoch-742, train_loss-0.0702, train_rmse-0.2649, valid_rmse-1.2214, valid_pr-0.7511
epoch-743, train_loss-0.0653, train_rmse-0.2554, valid_rmse-1.2207, valid_pr-0.7514
epoch-744, train_loss-0.0710, train_rmse-0.2665, valid_rmse-1.2232, valid_pr-0.7502
epoch-745, train_loss-0.0761, train_rmse-0.2758, valid_rmse-1.2175, valid_pr-0.7525
Validation : valid_rmse-1.2175, valid_pr-0.7525, 
test2013_rmse-1.2703, test2013_pr-0.8546, test2016_rmse-1.1663, test2016_pr-0.8519, test2019_rmse-1.3691, test2019_pr-0.6490
epoch-746, train_loss-0.0715, train_rmse-0.2675, valid_rmse-1.2211, valid_pr-0.7517
epoch-747, train_loss-0.0748, train_rmse-0.2736, valid_rmse-1.2218, valid_pr-0.7508
epoch-748, train_loss-0.0707, train_rmse-0.2659, valid_rmse-1.2218, valid_pr-0.7507
epoch-749, train_loss-0.0770, train_rmse-0.2775, valid_rmse-1.2199, valid_pr-0.7514
epoch-750, train_loss-0.0690, train_rmse-0.2626, valid_rmse-1.2196, valid_pr-0.7518
epoch-751, train_loss-0.0707, train_rmse-0.2659, valid_rmse-1.2179, valid_pr-0.7519
epoch-752, train_loss-0.0707, train_rmse-0.2659, valid_rmse-1.2176, valid_pr-0.7521
epoch-753, train_loss-0.0705, train_rmse-0.2654, valid_rmse-1.2176, valid_pr-0.7523
epoch-754, train_loss-0.0685, train_rmse-0.2617, valid_rmse-1.2203, valid_pr-0.7513
epoch-755, train_loss-0.0728, train_rmse-0.2698, valid_rmse-1.2203, valid_pr-0.7513
epoch-756, train_loss-0.0724, train_rmse-0.2690, valid_rmse-1.2199, valid_pr-0.7515
epoch-757, train_loss-0.0760, train_rmse-0.2756, valid_rmse-1.2228, valid_pr-0.7500
epoch-758, train_loss-0.0726, train_rmse-0.2695, valid_rmse-1.2216, valid_pr-0.7508
epoch-759, train_loss-0.0783, train_rmse-0.2798, valid_rmse-1.2214, valid_pr-0.7510
epoch-760, train_loss-0.0758, train_rmse-0.2753, valid_rmse-1.2257, valid_pr-0.7512
epoch-761, train_loss-0.0728, train_rmse-0.2699, valid_rmse-1.2187, valid_pr-0.7518
epoch-762, train_loss-0.0726, train_rmse-0.2694, valid_rmse-1.2206, valid_pr-0.7515
epoch-763, train_loss-0.0712, train_rmse-0.2668, valid_rmse-1.2199, valid_pr-0.7517
epoch-764, train_loss-0.0733, train_rmse-0.2707, valid_rmse-1.2204, valid_pr-0.7515
epoch-765, train_loss-0.0795, train_rmse-0.2820, valid_rmse-1.2230, valid_pr-0.7507
epoch-766, train_loss-0.0691, train_rmse-0.2629, valid_rmse-1.2214, valid_pr-0.7510
epoch-767, train_loss-0.0800, train_rmse-0.2828, valid_rmse-1.2192, valid_pr-0.7514
epoch-768, train_loss-0.0688, train_rmse-0.2623, valid_rmse-1.2193, valid_pr-0.7515
epoch-769, train_loss-0.0733, train_rmse-0.2708, valid_rmse-1.2205, valid_pr-0.7514
epoch-770, train_loss-0.0740, train_rmse-0.2720, valid_rmse-1.2199, valid_pr-0.7516
epoch-771, train_loss-0.0778, train_rmse-0.2790, valid_rmse-1.2210, valid_pr-0.7510
epoch-772, train_loss-0.0655, train_rmse-0.2559, valid_rmse-1.2186, valid_pr-0.7519
epoch-773, train_loss-0.0745, train_rmse-0.2729, valid_rmse-1.2206, valid_pr-0.7517
epoch-774, train_loss-0.0713, train_rmse-0.2669, valid_rmse-1.2182, valid_pr-0.7522
epoch-775, train_loss-0.0733, train_rmse-0.2708, valid_rmse-1.2187, valid_pr-0.7519
epoch-776, train_loss-0.0719, train_rmse-0.2682, valid_rmse-1.2192, valid_pr-0.7518
epoch-777, train_loss-0.0769, train_rmse-0.2774, valid_rmse-1.2218, valid_pr-0.7508
epoch-778, train_loss-0.0738, train_rmse-0.2717, valid_rmse-1.2192, valid_pr-0.7515
epoch-779, train_loss-0.0767, train_rmse-0.2769, valid_rmse-1.2194, valid_pr-0.7515
epoch-780, train_loss-0.0703, train_rmse-0.2651, valid_rmse-1.2200, valid_pr-0.7517
epoch-781, train_loss-0.0783, train_rmse-0.2799, valid_rmse-1.2217, valid_pr-0.7509
epoch-782, train_loss-0.0819, train_rmse-0.2862, valid_rmse-1.2228, valid_pr-0.7508
epoch-783, train_loss-0.0682, train_rmse-0.2611, valid_rmse-1.2186, valid_pr-0.7519
epoch-784, train_loss-0.0689, train_rmse-0.2624, valid_rmse-1.2210, valid_pr-0.7512
epoch-785, train_loss-0.0680, train_rmse-0.2609, valid_rmse-1.2215, valid_pr-0.7507
epoch-786, train_loss-0.0728, train_rmse-0.2697, valid_rmse-1.2224, valid_pr-0.7511
epoch-787, train_loss-0.0741, train_rmse-0.2723, valid_rmse-1.2210, valid_pr-0.7505
epoch-788, train_loss-0.0753, train_rmse-0.2745, valid_rmse-1.2241, valid_pr-0.7500
epoch-789, train_loss-0.0710, train_rmse-0.2664, valid_rmse-1.2231, valid_pr-0.7502
epoch-790, train_loss-0.0773, train_rmse-0.2781, valid_rmse-1.2225, valid_pr-0.7503
epoch-791, train_loss-0.0688, train_rmse-0.2624, valid_rmse-1.2216, valid_pr-0.7507
epoch-792, train_loss-0.0671, train_rmse-0.2591, valid_rmse-1.2237, valid_pr-0.7503
epoch-793, train_loss-0.0744, train_rmse-0.2727, valid_rmse-1.2215, valid_pr-0.7508
epoch-794, train_loss-0.0699, train_rmse-0.2644, valid_rmse-1.2202, valid_pr-0.7513
epoch-795, train_loss-0.0694, train_rmse-0.2634, valid_rmse-1.2219, valid_pr-0.7504
epoch-796, train_loss-0.0660, train_rmse-0.2569, valid_rmse-1.2199, valid_pr-0.7512
epoch-797, train_loss-0.0740, train_rmse-0.2720, valid_rmse-1.2219, valid_pr-0.7512
epoch-798, train_loss-0.0722, train_rmse-0.2687, valid_rmse-1.2222, valid_pr-0.7508
epoch-799, train_loss-0.0714, train_rmse-0.2673, valid_rmse-1.2221, valid_pr-0.7503
valid_rmse-1.2175, valid_pr-0.7525, test2013_rmse-1.2703, test2013_pr-0.8546, test2016_rmse-1.1663, test2016_pr-0.8519, test2019_rmse-1.3691, test2019_pr-0.6490
