CheapNet-ASD, lr=0.001, seed=999
train_ASD.py
train data: 11904
valid data: 1000
test2013 data: 107
test2016 data: 285
test2019 data: 4366
GIGN params # : 42685324
epoch-0, train_loss-6.1179, train_rmse-2.4734, valid_rmse-1.8946, valid_pr-0.2449
Validation : valid_rmse-1.8946, valid_pr-0.2449, 
test2013_rmse-2.2569, test2013_pr-0.2861, test2016_rmse-2.0511, test2016_pr-0.3658, test2019_rmse-1.8255, test2019_pr-0.2533
epoch-1, train_loss-3.4048, train_rmse-1.8452, valid_rmse-1.7743, valid_pr-0.3853
Validation : valid_rmse-1.7743, valid_pr-0.3853, 
test2013_rmse-2.2459, test2013_pr-0.3015, test2016_rmse-2.0363, test2016_pr-0.3722, test2019_rmse-1.7589, test2019_pr-0.3657
epoch-2, train_loss-3.1871, train_rmse-1.7852, valid_rmse-1.8493, valid_pr-0.3687
epoch-3, train_loss-2.8637, train_rmse-1.6923, valid_rmse-1.7285, valid_pr-0.4452
Validation : valid_rmse-1.7285, valid_pr-0.4452, 
test2013_rmse-2.0569, test2013_pr-0.5004, test2016_rmse-1.9025, test2016_pr-0.5699, test2019_rmse-1.6720, test2019_pr-0.4434
epoch-4, train_loss-2.7237, train_rmse-1.6504, valid_rmse-1.6683, valid_pr-0.4594
Validation : valid_rmse-1.6683, valid_pr-0.4594, 
test2013_rmse-1.9648, test2013_pr-0.5419, test2016_rmse-1.8495, test2016_pr-0.5242, test2019_rmse-1.6266, test2019_pr-0.4587
epoch-5, train_loss-2.6111, train_rmse-1.6159, valid_rmse-1.6705, valid_pr-0.4735
epoch-6, train_loss-2.5660, train_rmse-1.6019, valid_rmse-1.5638, valid_pr-0.5700
Validation : valid_rmse-1.5638, valid_pr-0.5700, 
test2013_rmse-1.9067, test2013_pr-0.6140, test2016_rmse-1.7603, test2016_pr-0.6191, test2019_rmse-1.5995, test2019_pr-0.5341
epoch-7, train_loss-2.4419, train_rmse-1.5627, valid_rmse-1.5624, valid_pr-0.5582
Validation : valid_rmse-1.5624, valid_pr-0.5582, 
test2013_rmse-1.8809, test2013_pr-0.6137, test2016_rmse-1.8020, test2016_pr-0.5901, test2019_rmse-1.5377, test2019_pr-0.5295
epoch-8, train_loss-2.3272, train_rmse-1.5255, valid_rmse-1.5789, valid_pr-0.5698
epoch-9, train_loss-2.2878, train_rmse-1.5125, valid_rmse-1.4909, valid_pr-0.5976
Validation : valid_rmse-1.4909, valid_pr-0.5976, 
test2013_rmse-1.8031, test2013_pr-0.6348, test2016_rmse-1.6504, test2016_pr-0.6579, test2019_rmse-1.4857, test2019_pr-0.5651
epoch-10, train_loss-2.2607, train_rmse-1.5036, valid_rmse-1.4974, valid_pr-0.6013
epoch-11, train_loss-2.2237, train_rmse-1.4912, valid_rmse-1.5261, valid_pr-0.6162
epoch-12, train_loss-2.1080, train_rmse-1.4519, valid_rmse-1.4872, valid_pr-0.6081
Validation : valid_rmse-1.4872, valid_pr-0.6081, 
test2013_rmse-1.7759, test2013_pr-0.6472, test2016_rmse-1.6108, test2016_pr-0.6710, test2019_rmse-1.4732, test2019_pr-0.5858
epoch-13, train_loss-2.0856, train_rmse-1.4442, valid_rmse-1.4529, valid_pr-0.6212
Validation : valid_rmse-1.4529, valid_pr-0.6212, 
test2013_rmse-1.7161, test2013_pr-0.6943, test2016_rmse-1.6268, test2016_pr-0.6767, test2019_rmse-1.4605, test2019_pr-0.5837
epoch-14, train_loss-2.0706, train_rmse-1.4390, valid_rmse-1.4505, valid_pr-0.6275
Validation : valid_rmse-1.4505, valid_pr-0.6275, 
test2013_rmse-1.7139, test2013_pr-0.6822, test2016_rmse-1.5699, test2016_pr-0.6928, test2019_rmse-1.4806, test2019_pr-0.5832
epoch-15, train_loss-1.9832, train_rmse-1.4082, valid_rmse-1.4311, valid_pr-0.6334
Validation : valid_rmse-1.4311, valid_pr-0.6334, 
test2013_rmse-1.6495, test2013_pr-0.7276, test2016_rmse-1.5574, test2016_pr-0.7117, test2019_rmse-1.4601, test2019_pr-0.5817
epoch-16, train_loss-1.9701, train_rmse-1.4036, valid_rmse-1.4300, valid_pr-0.6358
Validation : valid_rmse-1.4300, valid_pr-0.6358, 
test2013_rmse-1.6766, test2013_pr-0.6993, test2016_rmse-1.5478, test2016_pr-0.7066, test2019_rmse-1.4487, test2019_pr-0.5977
epoch-17, train_loss-1.9454, train_rmse-1.3948, valid_rmse-1.3953, valid_pr-0.6560
Validation : valid_rmse-1.3953, valid_pr-0.6560, 
test2013_rmse-1.6294, test2013_pr-0.7281, test2016_rmse-1.5102, test2016_pr-0.7365, test2019_rmse-1.4389, test2019_pr-0.6001
epoch-18, train_loss-1.9131, train_rmse-1.3832, valid_rmse-1.5383, valid_pr-0.6458
epoch-19, train_loss-2.0038, train_rmse-1.4156, valid_rmse-1.4414, valid_pr-0.6384
epoch-20, train_loss-1.9501, train_rmse-1.3965, valid_rmse-1.4795, valid_pr-0.6310
epoch-21, train_loss-1.8907, train_rmse-1.3750, valid_rmse-1.4660, valid_pr-0.6471
epoch-22, train_loss-1.8331, train_rmse-1.3539, valid_rmse-1.4557, valid_pr-0.6652
epoch-23, train_loss-1.7740, train_rmse-1.3319, valid_rmse-1.4041, valid_pr-0.6556
epoch-24, train_loss-1.7997, train_rmse-1.3415, valid_rmse-1.3727, valid_pr-0.6745
Validation : valid_rmse-1.3727, valid_pr-0.6745, 
test2013_rmse-1.6634, test2013_pr-0.7059, test2016_rmse-1.4533, test2016_pr-0.7472, test2019_rmse-1.4628, test2019_pr-0.5970
epoch-25, train_loss-1.8195, train_rmse-1.3489, valid_rmse-1.3666, valid_pr-0.6762
Validation : valid_rmse-1.3666, valid_pr-0.6762, 
test2013_rmse-1.6840, test2013_pr-0.6907, test2016_rmse-1.4931, test2016_pr-0.7287, test2019_rmse-1.4710, test2019_pr-0.5896
epoch-26, train_loss-1.7626, train_rmse-1.3276, valid_rmse-1.3794, valid_pr-0.6650
epoch-27, train_loss-1.7653, train_rmse-1.3286, valid_rmse-1.3802, valid_pr-0.6665
epoch-28, train_loss-1.7883, train_rmse-1.3373, valid_rmse-1.3832, valid_pr-0.6720
epoch-29, train_loss-1.7149, train_rmse-1.3095, valid_rmse-1.3759, valid_pr-0.6869
epoch-30, train_loss-1.7277, train_rmse-1.3144, valid_rmse-1.4098, valid_pr-0.6584
epoch-31, train_loss-1.6751, train_rmse-1.2943, valid_rmse-1.4129, valid_pr-0.6643
epoch-32, train_loss-1.7091, train_rmse-1.3073, valid_rmse-1.3454, valid_pr-0.6862
Validation : valid_rmse-1.3454, valid_pr-0.6862, 
test2013_rmse-1.5579, test2013_pr-0.7565, test2016_rmse-1.4628, test2016_pr-0.7503, test2019_rmse-1.4237, test2019_pr-0.6144
epoch-33, train_loss-1.6783, train_rmse-1.2955, valid_rmse-1.3675, valid_pr-0.6817
epoch-34, train_loss-1.6219, train_rmse-1.2735, valid_rmse-1.3665, valid_pr-0.6816
epoch-35, train_loss-1.6475, train_rmse-1.2836, valid_rmse-1.4031, valid_pr-0.6821
epoch-36, train_loss-1.5910, train_rmse-1.2613, valid_rmse-1.3893, valid_pr-0.6765
epoch-37, train_loss-1.6308, train_rmse-1.2770, valid_rmse-1.3444, valid_pr-0.6876
Validation : valid_rmse-1.3444, valid_pr-0.6876, 
test2013_rmse-1.5984, test2013_pr-0.7397, test2016_rmse-1.4553, test2016_pr-0.7517, test2019_rmse-1.4362, test2019_pr-0.6126
epoch-38, train_loss-1.5687, train_rmse-1.2525, valid_rmse-1.3640, valid_pr-0.6821
epoch-39, train_loss-1.5785, train_rmse-1.2564, valid_rmse-1.3309, valid_pr-0.6932
Validation : valid_rmse-1.3309, valid_pr-0.6932, 
test2013_rmse-1.5943, test2013_pr-0.7440, test2016_rmse-1.4053, test2016_pr-0.7839, test2019_rmse-1.4589, test2019_pr-0.5848
epoch-40, train_loss-1.5547, train_rmse-1.2469, valid_rmse-1.3441, valid_pr-0.6996
epoch-41, train_loss-1.5611, train_rmse-1.2495, valid_rmse-1.3816, valid_pr-0.6744
epoch-42, train_loss-1.5217, train_rmse-1.2336, valid_rmse-1.3947, valid_pr-0.6762
epoch-43, train_loss-1.4637, train_rmse-1.2098, valid_rmse-1.3711, valid_pr-0.6741
epoch-44, train_loss-1.4868, train_rmse-1.2193, valid_rmse-1.3950, valid_pr-0.6758
epoch-45, train_loss-1.4606, train_rmse-1.2085, valid_rmse-1.3765, valid_pr-0.6900
epoch-46, train_loss-1.4704, train_rmse-1.2126, valid_rmse-1.3809, valid_pr-0.6776
epoch-47, train_loss-1.5105, train_rmse-1.2290, valid_rmse-1.4556, valid_pr-0.6748
epoch-48, train_loss-1.5244, train_rmse-1.2347, valid_rmse-1.3194, valid_pr-0.7121
Validation : valid_rmse-1.3194, valid_pr-0.7121, 
test2013_rmse-1.5317, test2013_pr-0.7640, test2016_rmse-1.4243, test2016_pr-0.7570, test2019_rmse-1.5101, test2019_pr-0.5946
epoch-49, train_loss-1.4301, train_rmse-1.1959, valid_rmse-1.3663, valid_pr-0.6805
epoch-50, train_loss-1.4735, train_rmse-1.2139, valid_rmse-1.4236, valid_pr-0.6867
epoch-51, train_loss-1.4609, train_rmse-1.2087, valid_rmse-1.3423, valid_pr-0.6920
epoch-52, train_loss-1.3812, train_rmse-1.1752, valid_rmse-1.3803, valid_pr-0.6776
epoch-53, train_loss-1.4403, train_rmse-1.2001, valid_rmse-1.3543, valid_pr-0.6840
epoch-54, train_loss-1.3922, train_rmse-1.1799, valid_rmse-1.3300, valid_pr-0.7028
epoch-55, train_loss-1.4189, train_rmse-1.1912, valid_rmse-1.3677, valid_pr-0.7006
epoch-56, train_loss-1.3132, train_rmse-1.1460, valid_rmse-1.3496, valid_pr-0.7030
epoch-57, train_loss-1.3275, train_rmse-1.1522, valid_rmse-1.3539, valid_pr-0.6890
epoch-58, train_loss-1.3495, train_rmse-1.1617, valid_rmse-1.3651, valid_pr-0.7040
epoch-59, train_loss-1.3442, train_rmse-1.1594, valid_rmse-1.3108, valid_pr-0.7112
Validation : valid_rmse-1.3108, valid_pr-0.7112, 
test2013_rmse-1.6110, test2013_pr-0.7274, test2016_rmse-1.4701, test2016_pr-0.7470, test2019_rmse-1.4727, test2019_pr-0.5939
epoch-60, train_loss-1.3462, train_rmse-1.1603, valid_rmse-1.3390, valid_pr-0.7031
epoch-61, train_loss-1.2798, train_rmse-1.1313, valid_rmse-1.3232, valid_pr-0.7118
epoch-62, train_loss-1.2972, train_rmse-1.1390, valid_rmse-1.4068, valid_pr-0.6869
epoch-63, train_loss-1.3023, train_rmse-1.1412, valid_rmse-1.3289, valid_pr-0.6985
epoch-64, train_loss-1.2821, train_rmse-1.1323, valid_rmse-1.3248, valid_pr-0.7050
epoch-65, train_loss-1.2674, train_rmse-1.1258, valid_rmse-1.3427, valid_pr-0.6919
epoch-66, train_loss-1.2933, train_rmse-1.1372, valid_rmse-1.3762, valid_pr-0.6972
epoch-67, train_loss-1.2549, train_rmse-1.1202, valid_rmse-1.3588, valid_pr-0.6943
epoch-68, train_loss-1.2159, train_rmse-1.1027, valid_rmse-1.3449, valid_pr-0.6962
epoch-69, train_loss-1.2007, train_rmse-1.0957, valid_rmse-1.3069, valid_pr-0.7075
Validation : valid_rmse-1.3069, valid_pr-0.7075, 
test2013_rmse-1.5524, test2013_pr-0.7572, test2016_rmse-1.4447, test2016_pr-0.7557, test2019_rmse-1.4735, test2019_pr-0.5833
epoch-70, train_loss-1.2403, train_rmse-1.1137, valid_rmse-1.3835, valid_pr-0.6846
epoch-71, train_loss-1.2133, train_rmse-1.1015, valid_rmse-1.3444, valid_pr-0.6991
epoch-72, train_loss-1.2046, train_rmse-1.0975, valid_rmse-1.3562, valid_pr-0.6917
epoch-73, train_loss-1.2395, train_rmse-1.1134, valid_rmse-1.4257, valid_pr-0.6671
epoch-74, train_loss-1.2493, train_rmse-1.1177, valid_rmse-1.3546, valid_pr-0.6829
epoch-75, train_loss-1.1958, train_rmse-1.0935, valid_rmse-1.3610, valid_pr-0.6859
epoch-76, train_loss-1.1249, train_rmse-1.0606, valid_rmse-1.3240, valid_pr-0.7020
epoch-77, train_loss-1.1317, train_rmse-1.0638, valid_rmse-1.3373, valid_pr-0.6987
epoch-78, train_loss-1.1306, train_rmse-1.0633, valid_rmse-1.3737, valid_pr-0.6896
epoch-79, train_loss-1.1472, train_rmse-1.0711, valid_rmse-1.3582, valid_pr-0.6864
epoch-80, train_loss-1.1376, train_rmse-1.0666, valid_rmse-1.3900, valid_pr-0.6946
epoch-81, train_loss-1.0983, train_rmse-1.0480, valid_rmse-1.3350, valid_pr-0.7118
epoch-82, train_loss-1.1218, train_rmse-1.0592, valid_rmse-1.3363, valid_pr-0.6994
epoch-83, train_loss-1.0499, train_rmse-1.0247, valid_rmse-1.3303, valid_pr-0.7115
epoch-84, train_loss-1.0700, train_rmse-1.0344, valid_rmse-1.2992, valid_pr-0.7141
Validation : valid_rmse-1.2992, valid_pr-0.7141, 
test2013_rmse-1.4560, test2013_pr-0.8039, test2016_rmse-1.5082, test2016_pr-0.7198, test2019_rmse-1.4967, test2019_pr-0.5893
epoch-85, train_loss-1.0085, train_rmse-1.0043, valid_rmse-1.3700, valid_pr-0.6909
epoch-86, train_loss-1.0339, train_rmse-1.0168, valid_rmse-1.3853, valid_pr-0.6825
epoch-87, train_loss-1.0477, train_rmse-1.0235, valid_rmse-1.3633, valid_pr-0.6939
epoch-88, train_loss-0.9898, train_rmse-0.9949, valid_rmse-1.3825, valid_pr-0.6728
epoch-89, train_loss-0.9637, train_rmse-0.9817, valid_rmse-1.3481, valid_pr-0.6985
epoch-90, train_loss-0.9548, train_rmse-0.9771, valid_rmse-1.3577, valid_pr-0.6986
epoch-91, train_loss-0.9219, train_rmse-0.9602, valid_rmse-1.3432, valid_pr-0.7161
epoch-92, train_loss-0.9321, train_rmse-0.9654, valid_rmse-1.3370, valid_pr-0.7035
epoch-93, train_loss-0.9014, train_rmse-0.9494, valid_rmse-1.3499, valid_pr-0.6966
epoch-94, train_loss-0.9018, train_rmse-0.9497, valid_rmse-1.3495, valid_pr-0.7001
epoch-95, train_loss-0.8965, train_rmse-0.9468, valid_rmse-1.3387, valid_pr-0.7013
epoch-96, train_loss-0.8643, train_rmse-0.9297, valid_rmse-1.3286, valid_pr-0.7027
epoch-97, train_loss-0.8990, train_rmse-0.9481, valid_rmse-1.3755, valid_pr-0.6933
epoch-98, train_loss-0.8718, train_rmse-0.9337, valid_rmse-1.3485, valid_pr-0.6918
epoch-99, train_loss-0.8549, train_rmse-0.9246, valid_rmse-1.3702, valid_pr-0.6988
epoch-100, train_loss-0.8452, train_rmse-0.9193, valid_rmse-1.3849, valid_pr-0.6794
epoch-101, train_loss-0.8544, train_rmse-0.9243, valid_rmse-1.3576, valid_pr-0.6894
epoch-102, train_loss-0.8137, train_rmse-0.9021, valid_rmse-1.3095, valid_pr-0.7212
epoch-103, train_loss-0.8226, train_rmse-0.9070, valid_rmse-1.3820, valid_pr-0.6972
epoch-104, train_loss-0.8443, train_rmse-0.9189, valid_rmse-1.3335, valid_pr-0.7151
epoch-105, train_loss-0.7927, train_rmse-0.8903, valid_rmse-1.3291, valid_pr-0.7143
epoch-106, train_loss-0.7797, train_rmse-0.8830, valid_rmse-1.3594, valid_pr-0.6971
epoch-107, train_loss-0.8220, train_rmse-0.9066, valid_rmse-1.3412, valid_pr-0.7093
epoch-108, train_loss-0.8199, train_rmse-0.9055, valid_rmse-1.4101, valid_pr-0.7010
epoch-109, train_loss-0.8677, train_rmse-0.9315, valid_rmse-1.3844, valid_pr-0.6881
epoch-110, train_loss-0.7624, train_rmse-0.8732, valid_rmse-1.3680, valid_pr-0.6862
epoch-111, train_loss-0.8061, train_rmse-0.8978, valid_rmse-1.3331, valid_pr-0.7162
epoch-112, train_loss-0.7626, train_rmse-0.8733, valid_rmse-1.3506, valid_pr-0.6960
epoch-113, train_loss-0.7778, train_rmse-0.8819, valid_rmse-1.3482, valid_pr-0.7212
epoch-114, train_loss-0.7745, train_rmse-0.8800, valid_rmse-1.3882, valid_pr-0.7017
epoch-115, train_loss-0.7609, train_rmse-0.8723, valid_rmse-1.3391, valid_pr-0.7107
epoch-116, train_loss-0.7339, train_rmse-0.8567, valid_rmse-1.3789, valid_pr-0.6866
epoch-117, train_loss-0.7713, train_rmse-0.8782, valid_rmse-1.3396, valid_pr-0.7051
epoch-118, train_loss-0.7241, train_rmse-0.8509, valid_rmse-1.3629, valid_pr-0.7096
epoch-119, train_loss-0.6772, train_rmse-0.8229, valid_rmse-1.3272, valid_pr-0.7202
epoch-120, train_loss-0.6885, train_rmse-0.8298, valid_rmse-1.3302, valid_pr-0.7003
epoch-121, train_loss-0.7296, train_rmse-0.8542, valid_rmse-1.3254, valid_pr-0.7046
epoch-122, train_loss-0.6736, train_rmse-0.8207, valid_rmse-1.3707, valid_pr-0.6964
epoch-123, train_loss-0.6764, train_rmse-0.8224, valid_rmse-1.3290, valid_pr-0.7139
epoch-124, train_loss-0.6838, train_rmse-0.8269, valid_rmse-1.3591, valid_pr-0.6989
epoch-125, train_loss-0.6495, train_rmse-0.8059, valid_rmse-1.3264, valid_pr-0.7090
epoch-126, train_loss-0.6520, train_rmse-0.8075, valid_rmse-1.3825, valid_pr-0.6956
epoch-127, train_loss-0.6349, train_rmse-0.7968, valid_rmse-1.3319, valid_pr-0.7117
epoch-128, train_loss-0.6122, train_rmse-0.7824, valid_rmse-1.3534, valid_pr-0.7106
epoch-129, train_loss-0.6259, train_rmse-0.7911, valid_rmse-1.3472, valid_pr-0.7015
epoch-130, train_loss-0.6252, train_rmse-0.7907, valid_rmse-1.3280, valid_pr-0.7058
epoch-131, train_loss-0.5910, train_rmse-0.7688, valid_rmse-1.3378, valid_pr-0.7028
epoch-132, train_loss-0.5945, train_rmse-0.7711, valid_rmse-1.3605, valid_pr-0.7121
epoch-133, train_loss-0.5776, train_rmse-0.7600, valid_rmse-1.3477, valid_pr-0.6990
epoch-134, train_loss-0.5576, train_rmse-0.7467, valid_rmse-1.3553, valid_pr-0.6972
epoch-135, train_loss-0.5882, train_rmse-0.7669, valid_rmse-1.3652, valid_pr-0.6988
epoch-136, train_loss-0.4717, train_rmse-0.6868, valid_rmse-1.3337, valid_pr-0.7159
epoch-137, train_loss-0.4000, train_rmse-0.6324, valid_rmse-1.3462, valid_pr-0.7023
epoch-138, train_loss-0.3747, train_rmse-0.6121, valid_rmse-1.3206, valid_pr-0.7124
epoch-139, train_loss-0.3600, train_rmse-0.6000, valid_rmse-1.3190, valid_pr-0.7177
epoch-140, train_loss-0.3674, train_rmse-0.6061, valid_rmse-1.3450, valid_pr-0.7116
epoch-141, train_loss-0.3513, train_rmse-0.5927, valid_rmse-1.3298, valid_pr-0.7142
epoch-142, train_loss-0.3641, train_rmse-0.6034, valid_rmse-1.3345, valid_pr-0.7141
epoch-143, train_loss-0.3390, train_rmse-0.5822, valid_rmse-1.3032, valid_pr-0.7209
epoch-144, train_loss-0.3333, train_rmse-0.5773, valid_rmse-1.3288, valid_pr-0.7203
epoch-145, train_loss-0.3361, train_rmse-0.5798, valid_rmse-1.3244, valid_pr-0.7194
epoch-146, train_loss-0.3328, train_rmse-0.5769, valid_rmse-1.3323, valid_pr-0.7140
epoch-147, train_loss-0.3301, train_rmse-0.5746, valid_rmse-1.3241, valid_pr-0.7112
epoch-148, train_loss-0.3442, train_rmse-0.5867, valid_rmse-1.3130, valid_pr-0.7260
epoch-149, train_loss-0.3298, train_rmse-0.5743, valid_rmse-1.3112, valid_pr-0.7218
epoch-150, train_loss-0.3268, train_rmse-0.5716, valid_rmse-1.3582, valid_pr-0.7117
epoch-151, train_loss-0.3331, train_rmse-0.5771, valid_rmse-1.3023, valid_pr-0.7342
epoch-152, train_loss-0.3229, train_rmse-0.5682, valid_rmse-1.3005, valid_pr-0.7230
epoch-153, train_loss-0.3104, train_rmse-0.5571, valid_rmse-1.3402, valid_pr-0.7216
epoch-154, train_loss-0.3126, train_rmse-0.5591, valid_rmse-1.3008, valid_pr-0.7266
epoch-155, train_loss-0.3115, train_rmse-0.5582, valid_rmse-1.3092, valid_pr-0.7209
epoch-156, train_loss-0.3019, train_rmse-0.5494, valid_rmse-1.3122, valid_pr-0.7208
epoch-157, train_loss-0.3152, train_rmse-0.5614, valid_rmse-1.3335, valid_pr-0.7121
epoch-158, train_loss-0.3255, train_rmse-0.5706, valid_rmse-1.3070, valid_pr-0.7218
epoch-159, train_loss-0.3065, train_rmse-0.5536, valid_rmse-1.3252, valid_pr-0.7143
epoch-160, train_loss-0.2977, train_rmse-0.5456, valid_rmse-1.3212, valid_pr-0.7218
epoch-161, train_loss-0.2955, train_rmse-0.5436, valid_rmse-1.3403, valid_pr-0.7105
epoch-162, train_loss-0.2894, train_rmse-0.5380, valid_rmse-1.2951, valid_pr-0.7280
Validation : valid_rmse-1.2951, valid_pr-0.7280, 
test2013_rmse-1.4987, test2013_pr-0.7689, test2016_rmse-1.4179, test2016_pr-0.7573, test2019_rmse-1.5099, test2019_pr-0.5917
epoch-163, train_loss-0.2811, train_rmse-0.5302, valid_rmse-1.3209, valid_pr-0.7147
epoch-164, train_loss-0.2782, train_rmse-0.5275, valid_rmse-1.3227, valid_pr-0.7192
epoch-165, train_loss-0.3008, train_rmse-0.5484, valid_rmse-1.2967, valid_pr-0.7282
epoch-166, train_loss-0.2931, train_rmse-0.5413, valid_rmse-1.3170, valid_pr-0.7240
epoch-167, train_loss-0.2796, train_rmse-0.5288, valid_rmse-1.3202, valid_pr-0.7167
epoch-168, train_loss-0.2829, train_rmse-0.5319, valid_rmse-1.3159, valid_pr-0.7271
epoch-169, train_loss-0.2855, train_rmse-0.5343, valid_rmse-1.3129, valid_pr-0.7176
epoch-170, train_loss-0.2734, train_rmse-0.5229, valid_rmse-1.3247, valid_pr-0.7184
epoch-171, train_loss-0.2770, train_rmse-0.5263, valid_rmse-1.3188, valid_pr-0.7289
epoch-172, train_loss-0.3044, train_rmse-0.5517, valid_rmse-1.2903, valid_pr-0.7268
Validation : valid_rmse-1.2903, valid_pr-0.7268, 
test2013_rmse-1.5141, test2013_pr-0.7647, test2016_rmse-1.4152, test2016_pr-0.7592, test2019_rmse-1.5008, test2019_pr-0.5893
epoch-173, train_loss-0.2814, train_rmse-0.5305, valid_rmse-1.3242, valid_pr-0.7204
epoch-174, train_loss-0.2900, train_rmse-0.5385, valid_rmse-1.3019, valid_pr-0.7252
epoch-175, train_loss-0.2732, train_rmse-0.5227, valid_rmse-1.3224, valid_pr-0.7220
epoch-176, train_loss-0.2677, train_rmse-0.5174, valid_rmse-1.3358, valid_pr-0.7161
epoch-177, train_loss-0.2601, train_rmse-0.5100, valid_rmse-1.3113, valid_pr-0.7249
epoch-178, train_loss-0.2631, train_rmse-0.5129, valid_rmse-1.2935, valid_pr-0.7284
epoch-179, train_loss-0.2486, train_rmse-0.4986, valid_rmse-1.3876, valid_pr-0.7233
epoch-180, train_loss-0.2442, train_rmse-0.4941, valid_rmse-1.3518, valid_pr-0.7263
epoch-181, train_loss-0.2565, train_rmse-0.5065, valid_rmse-1.3203, valid_pr-0.7191
epoch-182, train_loss-0.2465, train_rmse-0.4964, valid_rmse-1.3133, valid_pr-0.7194
epoch-183, train_loss-0.2457, train_rmse-0.4956, valid_rmse-1.2960, valid_pr-0.7261
epoch-184, train_loss-0.2554, train_rmse-0.5053, valid_rmse-1.3036, valid_pr-0.7274
epoch-185, train_loss-0.2547, train_rmse-0.5047, valid_rmse-1.3384, valid_pr-0.7119
epoch-186, train_loss-0.2388, train_rmse-0.4887, valid_rmse-1.3139, valid_pr-0.7240
epoch-187, train_loss-0.2345, train_rmse-0.4842, valid_rmse-1.3076, valid_pr-0.7297
epoch-188, train_loss-0.2396, train_rmse-0.4895, valid_rmse-1.3334, valid_pr-0.7153
epoch-189, train_loss-0.2442, train_rmse-0.4942, valid_rmse-1.3147, valid_pr-0.7216
epoch-190, train_loss-0.2365, train_rmse-0.4864, valid_rmse-1.3307, valid_pr-0.7137
epoch-191, train_loss-0.2304, train_rmse-0.4800, valid_rmse-1.2918, valid_pr-0.7267
epoch-192, train_loss-0.2505, train_rmse-0.5005, valid_rmse-1.2976, valid_pr-0.7340
epoch-193, train_loss-0.2324, train_rmse-0.4820, valid_rmse-1.3169, valid_pr-0.7205
epoch-194, train_loss-0.2541, train_rmse-0.5041, valid_rmse-1.2888, valid_pr-0.7302
Validation : valid_rmse-1.2888, valid_pr-0.7302, 
test2013_rmse-1.4222, test2013_pr-0.7943, test2016_rmse-1.4217, test2016_pr-0.7557, test2019_rmse-1.5082, test2019_pr-0.5874
epoch-195, train_loss-0.2307, train_rmse-0.4804, valid_rmse-1.3426, valid_pr-0.7135
epoch-196, train_loss-0.2258, train_rmse-0.4752, valid_rmse-1.3270, valid_pr-0.7164
epoch-197, train_loss-0.2149, train_rmse-0.4636, valid_rmse-1.3081, valid_pr-0.7206
epoch-198, train_loss-0.2363, train_rmse-0.4861, valid_rmse-1.2974, valid_pr-0.7278
epoch-199, train_loss-0.2164, train_rmse-0.4652, valid_rmse-1.3259, valid_pr-0.7214
epoch-200, train_loss-0.2280, train_rmse-0.4775, valid_rmse-1.3033, valid_pr-0.7317
epoch-201, train_loss-0.2100, train_rmse-0.4583, valid_rmse-1.3403, valid_pr-0.7057
epoch-202, train_loss-0.2347, train_rmse-0.4845, valid_rmse-1.3007, valid_pr-0.7287
epoch-203, train_loss-0.2149, train_rmse-0.4636, valid_rmse-1.3089, valid_pr-0.7262
epoch-204, train_loss-0.2395, train_rmse-0.4894, valid_rmse-1.2974, valid_pr-0.7273
epoch-205, train_loss-0.2285, train_rmse-0.4781, valid_rmse-1.3276, valid_pr-0.7223
epoch-206, train_loss-0.2326, train_rmse-0.4823, valid_rmse-1.2983, valid_pr-0.7291
epoch-207, train_loss-0.2160, train_rmse-0.4647, valid_rmse-1.3086, valid_pr-0.7270
epoch-208, train_loss-0.2332, train_rmse-0.4829, valid_rmse-1.2949, valid_pr-0.7310
epoch-209, train_loss-0.2119, train_rmse-0.4604, valid_rmse-1.2938, valid_pr-0.7317
epoch-210, train_loss-0.2114, train_rmse-0.4598, valid_rmse-1.2994, valid_pr-0.7251
epoch-211, train_loss-0.2039, train_rmse-0.4516, valid_rmse-1.2938, valid_pr-0.7335
epoch-212, train_loss-0.2194, train_rmse-0.4684, valid_rmse-1.3094, valid_pr-0.7234
epoch-213, train_loss-0.2171, train_rmse-0.4660, valid_rmse-1.2729, valid_pr-0.7347
Validation : valid_rmse-1.2729, valid_pr-0.7347, 
test2013_rmse-1.5154, test2013_pr-0.7599, test2016_rmse-1.4076, test2016_pr-0.7619, test2019_rmse-1.4971, test2019_pr-0.5941
epoch-214, train_loss-0.2067, train_rmse-0.4547, valid_rmse-1.3112, valid_pr-0.7237
epoch-215, train_loss-0.2029, train_rmse-0.4504, valid_rmse-1.3042, valid_pr-0.7276
epoch-216, train_loss-0.2108, train_rmse-0.4591, valid_rmse-1.2793, valid_pr-0.7375
epoch-217, train_loss-0.1904, train_rmse-0.4363, valid_rmse-1.2902, valid_pr-0.7330
epoch-218, train_loss-0.2027, train_rmse-0.4502, valid_rmse-1.2991, valid_pr-0.7224
epoch-219, train_loss-0.2029, train_rmse-0.4504, valid_rmse-1.3001, valid_pr-0.7304
epoch-220, train_loss-0.2040, train_rmse-0.4516, valid_rmse-1.3000, valid_pr-0.7394
epoch-221, train_loss-0.2225, train_rmse-0.4717, valid_rmse-1.3023, valid_pr-0.7218
epoch-222, train_loss-0.2186, train_rmse-0.4676, valid_rmse-1.2865, valid_pr-0.7387
epoch-223, train_loss-0.2009, train_rmse-0.4482, valid_rmse-1.2852, valid_pr-0.7318
epoch-224, train_loss-0.1998, train_rmse-0.4470, valid_rmse-1.2948, valid_pr-0.7284
epoch-225, train_loss-0.2128, train_rmse-0.4614, valid_rmse-1.3022, valid_pr-0.7291
epoch-226, train_loss-0.2028, train_rmse-0.4503, valid_rmse-1.2954, valid_pr-0.7273
epoch-227, train_loss-0.1922, train_rmse-0.4384, valid_rmse-1.3083, valid_pr-0.7330
epoch-228, train_loss-0.2032, train_rmse-0.4508, valid_rmse-1.2951, valid_pr-0.7374
epoch-229, train_loss-0.1816, train_rmse-0.4261, valid_rmse-1.3010, valid_pr-0.7213
epoch-230, train_loss-0.1873, train_rmse-0.4327, valid_rmse-1.2911, valid_pr-0.7388
epoch-231, train_loss-0.1833, train_rmse-0.4282, valid_rmse-1.3188, valid_pr-0.7201
epoch-232, train_loss-0.1832, train_rmse-0.4280, valid_rmse-1.2948, valid_pr-0.7284
epoch-233, train_loss-0.1965, train_rmse-0.4433, valid_rmse-1.3108, valid_pr-0.7297
epoch-234, train_loss-0.1947, train_rmse-0.4412, valid_rmse-1.2664, valid_pr-0.7414
Validation : valid_rmse-1.2664, valid_pr-0.7414, 
test2013_rmse-1.4740, test2013_pr-0.7763, test2016_rmse-1.3787, test2016_pr-0.7724, test2019_rmse-1.5190, test2019_pr-0.5876
epoch-235, train_loss-0.1999, train_rmse-0.4471, valid_rmse-1.2984, valid_pr-0.7379
epoch-236, train_loss-0.1945, train_rmse-0.4410, valid_rmse-1.2850, valid_pr-0.7385
epoch-237, train_loss-0.1978, train_rmse-0.4447, valid_rmse-1.2764, valid_pr-0.7412
epoch-238, train_loss-0.1958, train_rmse-0.4425, valid_rmse-1.2761, valid_pr-0.7327
epoch-239, train_loss-0.1909, train_rmse-0.4370, valid_rmse-1.3017, valid_pr-0.7237
epoch-240, train_loss-0.1942, train_rmse-0.4406, valid_rmse-1.3089, valid_pr-0.7222
epoch-241, train_loss-0.1882, train_rmse-0.4338, valid_rmse-1.3013, valid_pr-0.7277
epoch-242, train_loss-0.2005, train_rmse-0.4478, valid_rmse-1.3054, valid_pr-0.7234
epoch-243, train_loss-0.1813, train_rmse-0.4258, valid_rmse-1.3002, valid_pr-0.7293
epoch-244, train_loss-0.1673, train_rmse-0.4091, valid_rmse-1.2884, valid_pr-0.7301
epoch-245, train_loss-0.1809, train_rmse-0.4253, valid_rmse-1.2860, valid_pr-0.7392
epoch-246, train_loss-0.1751, train_rmse-0.4185, valid_rmse-1.3269, valid_pr-0.7189
epoch-247, train_loss-0.1890, train_rmse-0.4348, valid_rmse-1.2962, valid_pr-0.7277
epoch-248, train_loss-0.1854, train_rmse-0.4306, valid_rmse-1.2716, valid_pr-0.7394
epoch-249, train_loss-0.1707, train_rmse-0.4132, valid_rmse-1.2900, valid_pr-0.7313
epoch-250, train_loss-0.1737, train_rmse-0.4168, valid_rmse-1.2789, valid_pr-0.7378
epoch-251, train_loss-0.1817, train_rmse-0.4262, valid_rmse-1.2907, valid_pr-0.7316
epoch-252, train_loss-0.1873, train_rmse-0.4328, valid_rmse-1.2893, valid_pr-0.7310
epoch-253, train_loss-0.1739, train_rmse-0.4170, valid_rmse-1.2930, valid_pr-0.7305
epoch-254, train_loss-0.1706, train_rmse-0.4130, valid_rmse-1.2588, valid_pr-0.7424
Validation : valid_rmse-1.2588, valid_pr-0.7424, 
test2013_rmse-1.4474, test2013_pr-0.7856, test2016_rmse-1.3977, test2016_pr-0.7664, test2019_rmse-1.5016, test2019_pr-0.5933
epoch-255, train_loss-0.1704, train_rmse-0.4128, valid_rmse-1.2989, valid_pr-0.7290
epoch-256, train_loss-0.1588, train_rmse-0.3985, valid_rmse-1.2848, valid_pr-0.7372
epoch-257, train_loss-0.1705, train_rmse-0.4129, valid_rmse-1.3259, valid_pr-0.7183
epoch-258, train_loss-0.1911, train_rmse-0.4371, valid_rmse-1.3006, valid_pr-0.7279
epoch-259, train_loss-0.1966, train_rmse-0.4434, valid_rmse-1.3220, valid_pr-0.7109
epoch-260, train_loss-0.1743, train_rmse-0.4174, valid_rmse-1.3303, valid_pr-0.7245
epoch-261, train_loss-0.1847, train_rmse-0.4298, valid_rmse-1.3001, valid_pr-0.7294
epoch-262, train_loss-0.1621, train_rmse-0.4027, valid_rmse-1.3034, valid_pr-0.7326
epoch-263, train_loss-0.1607, train_rmse-0.4009, valid_rmse-1.2547, valid_pr-0.7443
Validation : valid_rmse-1.2547, valid_pr-0.7443, 
test2013_rmse-1.4630, test2013_pr-0.7793, test2016_rmse-1.3823, test2016_pr-0.7717, test2019_rmse-1.5040, test2019_pr-0.5922
epoch-264, train_loss-0.1848, train_rmse-0.4299, valid_rmse-1.3257, valid_pr-0.7100
epoch-265, train_loss-0.1808, train_rmse-0.4252, valid_rmse-1.2926, valid_pr-0.7298
epoch-266, train_loss-0.1711, train_rmse-0.4136, valid_rmse-1.2799, valid_pr-0.7339
epoch-267, train_loss-0.1670, train_rmse-0.4086, valid_rmse-1.2944, valid_pr-0.7305
epoch-268, train_loss-0.1848, train_rmse-0.4299, valid_rmse-1.3039, valid_pr-0.7324
epoch-269, train_loss-0.1867, train_rmse-0.4321, valid_rmse-1.2786, valid_pr-0.7369
epoch-270, train_loss-0.1770, train_rmse-0.4207, valid_rmse-1.2969, valid_pr-0.7386
epoch-271, train_loss-0.1736, train_rmse-0.4166, valid_rmse-1.3012, valid_pr-0.7280
epoch-272, train_loss-0.1660, train_rmse-0.4074, valid_rmse-1.2661, valid_pr-0.7418
epoch-273, train_loss-0.1657, train_rmse-0.4071, valid_rmse-1.2896, valid_pr-0.7321
epoch-274, train_loss-0.1665, train_rmse-0.4081, valid_rmse-1.3142, valid_pr-0.7205
epoch-275, train_loss-0.1573, train_rmse-0.3966, valid_rmse-1.2923, valid_pr-0.7351
epoch-276, train_loss-0.1581, train_rmse-0.3976, valid_rmse-1.2794, valid_pr-0.7355
epoch-277, train_loss-0.1588, train_rmse-0.3985, valid_rmse-1.2919, valid_pr-0.7316
epoch-278, train_loss-0.1633, train_rmse-0.4041, valid_rmse-1.2816, valid_pr-0.7376
epoch-279, train_loss-0.1552, train_rmse-0.3939, valid_rmse-1.2826, valid_pr-0.7359
epoch-280, train_loss-0.1588, train_rmse-0.3985, valid_rmse-1.2924, valid_pr-0.7337
epoch-281, train_loss-0.1517, train_rmse-0.3895, valid_rmse-1.2934, valid_pr-0.7313
epoch-282, train_loss-0.1499, train_rmse-0.3872, valid_rmse-1.2874, valid_pr-0.7357
epoch-283, train_loss-0.1542, train_rmse-0.3926, valid_rmse-1.2705, valid_pr-0.7439
epoch-284, train_loss-0.1550, train_rmse-0.3937, valid_rmse-1.2742, valid_pr-0.7359
epoch-285, train_loss-0.1578, train_rmse-0.3973, valid_rmse-1.2719, valid_pr-0.7400
epoch-286, train_loss-0.1635, train_rmse-0.4044, valid_rmse-1.2856, valid_pr-0.7313
epoch-287, train_loss-0.1670, train_rmse-0.4087, valid_rmse-1.3085, valid_pr-0.7281
epoch-288, train_loss-0.1601, train_rmse-0.4001, valid_rmse-1.3001, valid_pr-0.7252
epoch-289, train_loss-0.1580, train_rmse-0.3975, valid_rmse-1.2935, valid_pr-0.7287
epoch-290, train_loss-0.1636, train_rmse-0.4044, valid_rmse-1.2709, valid_pr-0.7399
epoch-291, train_loss-0.1579, train_rmse-0.3974, valid_rmse-1.2909, valid_pr-0.7351
epoch-292, train_loss-0.1554, train_rmse-0.3942, valid_rmse-1.2738, valid_pr-0.7371
epoch-293, train_loss-0.1526, train_rmse-0.3906, valid_rmse-1.3068, valid_pr-0.7245
epoch-294, train_loss-0.1552, train_rmse-0.3940, valid_rmse-1.2887, valid_pr-0.7346
epoch-295, train_loss-0.1531, train_rmse-0.3912, valid_rmse-1.2788, valid_pr-0.7322
epoch-296, train_loss-0.1560, train_rmse-0.3950, valid_rmse-1.2935, valid_pr-0.7368
epoch-297, train_loss-0.1497, train_rmse-0.3869, valid_rmse-1.2715, valid_pr-0.7410
epoch-298, train_loss-0.1429, train_rmse-0.3781, valid_rmse-1.3059, valid_pr-0.7227
epoch-299, train_loss-0.1468, train_rmse-0.3832, valid_rmse-1.2981, valid_pr-0.7294
epoch-300, train_loss-0.1499, train_rmse-0.3871, valid_rmse-1.3144, valid_pr-0.7242
epoch-301, train_loss-0.1453, train_rmse-0.3812, valid_rmse-1.2802, valid_pr-0.7387
epoch-302, train_loss-0.1362, train_rmse-0.3690, valid_rmse-1.2943, valid_pr-0.7247
epoch-303, train_loss-0.1460, train_rmse-0.3821, valid_rmse-1.2894, valid_pr-0.7351
epoch-304, train_loss-0.1419, train_rmse-0.3767, valid_rmse-1.2952, valid_pr-0.7288
epoch-305, train_loss-0.1456, train_rmse-0.3816, valid_rmse-1.2918, valid_pr-0.7336
epoch-306, train_loss-0.1468, train_rmse-0.3831, valid_rmse-1.2784, valid_pr-0.7311
epoch-307, train_loss-0.1404, train_rmse-0.3746, valid_rmse-1.2953, valid_pr-0.7318
epoch-308, train_loss-0.1421, train_rmse-0.3769, valid_rmse-1.2514, valid_pr-0.7482
Validation : valid_rmse-1.2514, valid_pr-0.7482, 
test2013_rmse-1.5055, test2013_pr-0.7626, test2016_rmse-1.4115, test2016_pr-0.7604, test2019_rmse-1.5061, test2019_pr-0.5948
epoch-309, train_loss-0.1401, train_rmse-0.3742, valid_rmse-1.2680, valid_pr-0.7388
epoch-310, train_loss-0.1467, train_rmse-0.3830, valid_rmse-1.2927, valid_pr-0.7316
epoch-311, train_loss-0.1479, train_rmse-0.3845, valid_rmse-1.2927, valid_pr-0.7312
epoch-312, train_loss-0.1434, train_rmse-0.3787, valid_rmse-1.2863, valid_pr-0.7355
epoch-313, train_loss-0.1535, train_rmse-0.3918, valid_rmse-1.2970, valid_pr-0.7328
epoch-314, train_loss-0.1480, train_rmse-0.3847, valid_rmse-1.2797, valid_pr-0.7383
epoch-315, train_loss-0.1379, train_rmse-0.3714, valid_rmse-1.2886, valid_pr-0.7367
epoch-316, train_loss-0.1484, train_rmse-0.3853, valid_rmse-1.2765, valid_pr-0.7350
epoch-317, train_loss-0.1533, train_rmse-0.3916, valid_rmse-1.2711, valid_pr-0.7398
epoch-318, train_loss-0.1390, train_rmse-0.3728, valid_rmse-1.2634, valid_pr-0.7425
epoch-319, train_loss-0.1425, train_rmse-0.3775, valid_rmse-1.2749, valid_pr-0.7390
epoch-320, train_loss-0.1351, train_rmse-0.3676, valid_rmse-1.2746, valid_pr-0.7421
epoch-321, train_loss-0.1390, train_rmse-0.3728, valid_rmse-1.2814, valid_pr-0.7346
epoch-322, train_loss-0.1407, train_rmse-0.3751, valid_rmse-1.2770, valid_pr-0.7388
epoch-323, train_loss-0.1518, train_rmse-0.3897, valid_rmse-1.2809, valid_pr-0.7331
epoch-324, train_loss-0.1387, train_rmse-0.3724, valid_rmse-1.2866, valid_pr-0.7373
epoch-325, train_loss-0.1389, train_rmse-0.3727, valid_rmse-1.2771, valid_pr-0.7348
epoch-326, train_loss-0.1350, train_rmse-0.3674, valid_rmse-1.2663, valid_pr-0.7395
epoch-327, train_loss-0.1558, train_rmse-0.3948, valid_rmse-1.2780, valid_pr-0.7370
epoch-328, train_loss-0.1334, train_rmse-0.3652, valid_rmse-1.2777, valid_pr-0.7393
epoch-329, train_loss-0.1349, train_rmse-0.3672, valid_rmse-1.2947, valid_pr-0.7252
epoch-330, train_loss-0.1437, train_rmse-0.3790, valid_rmse-1.3013, valid_pr-0.7291
epoch-331, train_loss-0.1331, train_rmse-0.3648, valid_rmse-1.2715, valid_pr-0.7425
epoch-332, train_loss-0.1283, train_rmse-0.3582, valid_rmse-1.2696, valid_pr-0.7384
epoch-333, train_loss-0.1372, train_rmse-0.3704, valid_rmse-1.2968, valid_pr-0.7267
epoch-334, train_loss-0.1284, train_rmse-0.3583, valid_rmse-1.3016, valid_pr-0.7277
epoch-335, train_loss-0.1360, train_rmse-0.3688, valid_rmse-1.2875, valid_pr-0.7351
epoch-336, train_loss-0.1443, train_rmse-0.3798, valid_rmse-1.2891, valid_pr-0.7309
epoch-337, train_loss-0.1305, train_rmse-0.3612, valid_rmse-1.2999, valid_pr-0.7348
epoch-338, train_loss-0.1275, train_rmse-0.3571, valid_rmse-1.2631, valid_pr-0.7398
epoch-339, train_loss-0.1343, train_rmse-0.3665, valid_rmse-1.2963, valid_pr-0.7314
epoch-340, train_loss-0.1292, train_rmse-0.3595, valid_rmse-1.2805, valid_pr-0.7337
epoch-341, train_loss-0.1246, train_rmse-0.3530, valid_rmse-1.2745, valid_pr-0.7355
epoch-342, train_loss-0.1361, train_rmse-0.3689, valid_rmse-1.2676, valid_pr-0.7431
epoch-343, train_loss-0.1382, train_rmse-0.3718, valid_rmse-1.2870, valid_pr-0.7317
epoch-344, train_loss-0.1356, train_rmse-0.3683, valid_rmse-1.2722, valid_pr-0.7427
epoch-345, train_loss-0.1341, train_rmse-0.3662, valid_rmse-1.2588, valid_pr-0.7478
epoch-346, train_loss-0.1236, train_rmse-0.3516, valid_rmse-1.2752, valid_pr-0.7372
epoch-347, train_loss-0.1201, train_rmse-0.3466, valid_rmse-1.2736, valid_pr-0.7378
epoch-348, train_loss-0.1228, train_rmse-0.3504, valid_rmse-1.2889, valid_pr-0.7299
epoch-349, train_loss-0.1297, train_rmse-0.3602, valid_rmse-1.2713, valid_pr-0.7409
epoch-350, train_loss-0.1294, train_rmse-0.3597, valid_rmse-1.2594, valid_pr-0.7440
epoch-351, train_loss-0.1253, train_rmse-0.3540, valid_rmse-1.2842, valid_pr-0.7321
epoch-352, train_loss-0.1296, train_rmse-0.3599, valid_rmse-1.2593, valid_pr-0.7445
epoch-353, train_loss-0.1293, train_rmse-0.3595, valid_rmse-1.2686, valid_pr-0.7440
epoch-354, train_loss-0.1382, train_rmse-0.3718, valid_rmse-1.2631, valid_pr-0.7396
epoch-355, train_loss-0.1249, train_rmse-0.3535, valid_rmse-1.2712, valid_pr-0.7348
epoch-356, train_loss-0.1305, train_rmse-0.3612, valid_rmse-1.2834, valid_pr-0.7346
epoch-357, train_loss-0.1264, train_rmse-0.3556, valid_rmse-1.2671, valid_pr-0.7366
epoch-358, train_loss-0.1265, train_rmse-0.3556, valid_rmse-1.2955, valid_pr-0.7357
epoch-359, train_loss-0.1247, train_rmse-0.3532, valid_rmse-1.2756, valid_pr-0.7405
epoch-360, train_loss-0.1016, train_rmse-0.3187, valid_rmse-1.2778, valid_pr-0.7386
epoch-361, train_loss-0.0875, train_rmse-0.2958, valid_rmse-1.2675, valid_pr-0.7415
epoch-362, train_loss-0.0828, train_rmse-0.2877, valid_rmse-1.2693, valid_pr-0.7405
epoch-363, train_loss-0.0824, train_rmse-0.2871, valid_rmse-1.2718, valid_pr-0.7392
epoch-364, train_loss-0.0854, train_rmse-0.2923, valid_rmse-1.2626, valid_pr-0.7407
epoch-365, train_loss-0.0817, train_rmse-0.2859, valid_rmse-1.2629, valid_pr-0.7440
epoch-366, train_loss-0.0895, train_rmse-0.2992, valid_rmse-1.2617, valid_pr-0.7412
epoch-367, train_loss-0.0875, train_rmse-0.2958, valid_rmse-1.2646, valid_pr-0.7419
epoch-368, train_loss-0.0806, train_rmse-0.2839, valid_rmse-1.2858, valid_pr-0.7365
epoch-369, train_loss-0.0846, train_rmse-0.2908, valid_rmse-1.2717, valid_pr-0.7408
epoch-370, train_loss-0.0803, train_rmse-0.2833, valid_rmse-1.2695, valid_pr-0.7382
epoch-371, train_loss-0.0775, train_rmse-0.2784, valid_rmse-1.2809, valid_pr-0.7343
epoch-372, train_loss-0.0828, train_rmse-0.2877, valid_rmse-1.2627, valid_pr-0.7413
epoch-373, train_loss-0.0776, train_rmse-0.2785, valid_rmse-1.2626, valid_pr-0.7427
epoch-374, train_loss-0.0747, train_rmse-0.2733, valid_rmse-1.2628, valid_pr-0.7413
epoch-375, train_loss-0.0821, train_rmse-0.2866, valid_rmse-1.2620, valid_pr-0.7406
epoch-376, train_loss-0.0776, train_rmse-0.2786, valid_rmse-1.2699, valid_pr-0.7393
epoch-377, train_loss-0.0729, train_rmse-0.2700, valid_rmse-1.2536, valid_pr-0.7448
epoch-378, train_loss-0.0870, train_rmse-0.2950, valid_rmse-1.2759, valid_pr-0.7370
epoch-379, train_loss-0.0797, train_rmse-0.2824, valid_rmse-1.2647, valid_pr-0.7401
epoch-380, train_loss-0.0782, train_rmse-0.2797, valid_rmse-1.2589, valid_pr-0.7407
epoch-381, train_loss-0.0821, train_rmse-0.2866, valid_rmse-1.2778, valid_pr-0.7387
epoch-382, train_loss-0.0815, train_rmse-0.2855, valid_rmse-1.2593, valid_pr-0.7437
epoch-383, train_loss-0.0817, train_rmse-0.2858, valid_rmse-1.2716, valid_pr-0.7389
epoch-384, train_loss-0.0805, train_rmse-0.2837, valid_rmse-1.2588, valid_pr-0.7418
epoch-385, train_loss-0.0793, train_rmse-0.2817, valid_rmse-1.2481, valid_pr-0.7465
Validation : valid_rmse-1.2481, valid_pr-0.7465, 
test2013_rmse-1.4372, test2013_pr-0.7909, test2016_rmse-1.3844, test2016_pr-0.7716, test2019_rmse-1.4769, test2019_pr-0.6014
epoch-386, train_loss-0.0789, train_rmse-0.2809, valid_rmse-1.2510, valid_pr-0.7462
epoch-387, train_loss-0.0741, train_rmse-0.2722, valid_rmse-1.2661, valid_pr-0.7432
epoch-388, train_loss-0.0822, train_rmse-0.2867, valid_rmse-1.2724, valid_pr-0.7387
epoch-389, train_loss-0.0934, train_rmse-0.3056, valid_rmse-1.2622, valid_pr-0.7408
epoch-390, train_loss-0.0863, train_rmse-0.2938, valid_rmse-1.2590, valid_pr-0.7421
epoch-391, train_loss-0.0824, train_rmse-0.2871, valid_rmse-1.2696, valid_pr-0.7365
epoch-392, train_loss-0.0786, train_rmse-0.2804, valid_rmse-1.2642, valid_pr-0.7417
epoch-393, train_loss-0.0736, train_rmse-0.2713, valid_rmse-1.2538, valid_pr-0.7448
epoch-394, train_loss-0.0793, train_rmse-0.2815, valid_rmse-1.2566, valid_pr-0.7432
epoch-395, train_loss-0.0736, train_rmse-0.2713, valid_rmse-1.2632, valid_pr-0.7428
epoch-396, train_loss-0.0819, train_rmse-0.2862, valid_rmse-1.2656, valid_pr-0.7395
epoch-397, train_loss-0.0742, train_rmse-0.2724, valid_rmse-1.2622, valid_pr-0.7390
epoch-398, train_loss-0.0765, train_rmse-0.2765, valid_rmse-1.2588, valid_pr-0.7425
epoch-399, train_loss-0.0733, train_rmse-0.2707, valid_rmse-1.2540, valid_pr-0.7442
epoch-400, train_loss-0.0753, train_rmse-0.2744, valid_rmse-1.2789, valid_pr-0.7358
epoch-401, train_loss-0.0728, train_rmse-0.2698, valid_rmse-1.2687, valid_pr-0.7369
epoch-402, train_loss-0.0800, train_rmse-0.2828, valid_rmse-1.2782, valid_pr-0.7368
epoch-403, train_loss-0.0736, train_rmse-0.2713, valid_rmse-1.2647, valid_pr-0.7402
epoch-404, train_loss-0.0757, train_rmse-0.2751, valid_rmse-1.2670, valid_pr-0.7389
epoch-405, train_loss-0.0785, train_rmse-0.2802, valid_rmse-1.2463, valid_pr-0.7489
Validation : valid_rmse-1.2463, valid_pr-0.7489, 
test2013_rmse-1.4759, test2013_pr-0.7741, test2016_rmse-1.3603, test2016_pr-0.7800, test2019_rmse-1.4814, test2019_pr-0.6031
epoch-406, train_loss-0.0714, train_rmse-0.2672, valid_rmse-1.2697, valid_pr-0.7388
epoch-407, train_loss-0.0796, train_rmse-0.2821, valid_rmse-1.2625, valid_pr-0.7409
epoch-408, train_loss-0.0736, train_rmse-0.2713, valid_rmse-1.2624, valid_pr-0.7410
epoch-409, train_loss-0.0711, train_rmse-0.2666, valid_rmse-1.2564, valid_pr-0.7425
epoch-410, train_loss-0.0771, train_rmse-0.2776, valid_rmse-1.2549, valid_pr-0.7432
epoch-411, train_loss-0.0766, train_rmse-0.2768, valid_rmse-1.2623, valid_pr-0.7399
epoch-412, train_loss-0.0747, train_rmse-0.2732, valid_rmse-1.2432, valid_pr-0.7477
Validation : valid_rmse-1.2432, valid_pr-0.7477, 
test2013_rmse-1.4680, test2013_pr-0.7807, test2016_rmse-1.3738, test2016_pr-0.7753, test2019_rmse-1.4757, test2019_pr-0.6015
epoch-413, train_loss-0.0782, train_rmse-0.2796, valid_rmse-1.2617, valid_pr-0.7429
epoch-414, train_loss-0.0759, train_rmse-0.2756, valid_rmse-1.2409, valid_pr-0.7481
Validation : valid_rmse-1.2409, valid_pr-0.7481, 
test2013_rmse-1.4738, test2013_pr-0.7781, test2016_rmse-1.4054, test2016_pr-0.7637, test2019_rmse-1.4801, test2019_pr-0.5995
epoch-415, train_loss-0.0770, train_rmse-0.2774, valid_rmse-1.2620, valid_pr-0.7399
epoch-416, train_loss-0.0799, train_rmse-0.2827, valid_rmse-1.2562, valid_pr-0.7414
epoch-417, train_loss-0.0757, train_rmse-0.2751, valid_rmse-1.2611, valid_pr-0.7417
epoch-418, train_loss-0.0740, train_rmse-0.2720, valid_rmse-1.2639, valid_pr-0.7405
epoch-419, train_loss-0.0765, train_rmse-0.2765, valid_rmse-1.2614, valid_pr-0.7431
epoch-420, train_loss-0.0724, train_rmse-0.2691, valid_rmse-1.2610, valid_pr-0.7421
epoch-421, train_loss-0.0741, train_rmse-0.2722, valid_rmse-1.2503, valid_pr-0.7435
epoch-422, train_loss-0.0729, train_rmse-0.2700, valid_rmse-1.2576, valid_pr-0.7437
epoch-423, train_loss-0.0721, train_rmse-0.2684, valid_rmse-1.2643, valid_pr-0.7389
epoch-424, train_loss-0.0729, train_rmse-0.2701, valid_rmse-1.2644, valid_pr-0.7406
epoch-425, train_loss-0.0772, train_rmse-0.2779, valid_rmse-1.2670, valid_pr-0.7401
epoch-426, train_loss-0.0699, train_rmse-0.2644, valid_rmse-1.2602, valid_pr-0.7410
epoch-427, train_loss-0.0721, train_rmse-0.2685, valid_rmse-1.2512, valid_pr-0.7449
epoch-428, train_loss-0.0726, train_rmse-0.2695, valid_rmse-1.2523, valid_pr-0.7442
epoch-429, train_loss-0.0692, train_rmse-0.2631, valid_rmse-1.2716, valid_pr-0.7377
epoch-430, train_loss-0.0733, train_rmse-0.2707, valid_rmse-1.2675, valid_pr-0.7429
epoch-431, train_loss-0.0751, train_rmse-0.2741, valid_rmse-1.2613, valid_pr-0.7412
epoch-432, train_loss-0.0706, train_rmse-0.2657, valid_rmse-1.2602, valid_pr-0.7393
epoch-433, train_loss-0.0693, train_rmse-0.2632, valid_rmse-1.2621, valid_pr-0.7431
epoch-434, train_loss-0.0715, train_rmse-0.2674, valid_rmse-1.2584, valid_pr-0.7409
epoch-435, train_loss-0.0697, train_rmse-0.2641, valid_rmse-1.2587, valid_pr-0.7427
epoch-436, train_loss-0.0729, train_rmse-0.2701, valid_rmse-1.2665, valid_pr-0.7426
epoch-437, train_loss-0.0744, train_rmse-0.2727, valid_rmse-1.2573, valid_pr-0.7388
epoch-438, train_loss-0.0719, train_rmse-0.2681, valid_rmse-1.2589, valid_pr-0.7410
epoch-439, train_loss-0.0711, train_rmse-0.2666, valid_rmse-1.2416, valid_pr-0.7503
epoch-440, train_loss-0.0734, train_rmse-0.2710, valid_rmse-1.2657, valid_pr-0.7422
epoch-441, train_loss-0.0719, train_rmse-0.2682, valid_rmse-1.2469, valid_pr-0.7493
epoch-442, train_loss-0.0688, train_rmse-0.2624, valid_rmse-1.2731, valid_pr-0.7371
epoch-443, train_loss-0.0671, train_rmse-0.2591, valid_rmse-1.2496, valid_pr-0.7454
epoch-444, train_loss-0.0710, train_rmse-0.2664, valid_rmse-1.2579, valid_pr-0.7415
epoch-445, train_loss-0.0739, train_rmse-0.2718, valid_rmse-1.2704, valid_pr-0.7374
epoch-446, train_loss-0.0724, train_rmse-0.2691, valid_rmse-1.2626, valid_pr-0.7421
epoch-447, train_loss-0.0677, train_rmse-0.2601, valid_rmse-1.2592, valid_pr-0.7417
epoch-448, train_loss-0.0690, train_rmse-0.2626, valid_rmse-1.2558, valid_pr-0.7425
epoch-449, train_loss-0.0676, train_rmse-0.2601, valid_rmse-1.2579, valid_pr-0.7443
epoch-450, train_loss-0.0685, train_rmse-0.2618, valid_rmse-1.2421, valid_pr-0.7475
epoch-451, train_loss-0.0706, train_rmse-0.2658, valid_rmse-1.2513, valid_pr-0.7465
epoch-452, train_loss-0.0686, train_rmse-0.2620, valid_rmse-1.2623, valid_pr-0.7431
epoch-453, train_loss-0.0670, train_rmse-0.2589, valid_rmse-1.2440, valid_pr-0.7510
epoch-454, train_loss-0.0716, train_rmse-0.2676, valid_rmse-1.2601, valid_pr-0.7463
epoch-455, train_loss-0.0717, train_rmse-0.2677, valid_rmse-1.2607, valid_pr-0.7419
epoch-456, train_loss-0.0713, train_rmse-0.2670, valid_rmse-1.2645, valid_pr-0.7447
epoch-457, train_loss-0.0709, train_rmse-0.2663, valid_rmse-1.2490, valid_pr-0.7477
epoch-458, train_loss-0.0716, train_rmse-0.2675, valid_rmse-1.2537, valid_pr-0.7456
epoch-459, train_loss-0.0703, train_rmse-0.2651, valid_rmse-1.2400, valid_pr-0.7482
Validation : valid_rmse-1.2400, valid_pr-0.7482, 
test2013_rmse-1.4897, test2013_pr-0.7725, test2016_rmse-1.3959, test2016_pr-0.7678, test2019_rmse-1.4796, test2019_pr-0.5978
epoch-460, train_loss-0.0688, train_rmse-0.2622, valid_rmse-1.2474, valid_pr-0.7467
epoch-461, train_loss-0.0698, train_rmse-0.2642, valid_rmse-1.2641, valid_pr-0.7394
epoch-462, train_loss-0.0711, train_rmse-0.2666, valid_rmse-1.2603, valid_pr-0.7418
epoch-463, train_loss-0.0706, train_rmse-0.2657, valid_rmse-1.2670, valid_pr-0.7389
epoch-464, train_loss-0.0746, train_rmse-0.2731, valid_rmse-1.2444, valid_pr-0.7537
epoch-465, train_loss-0.0725, train_rmse-0.2693, valid_rmse-1.2536, valid_pr-0.7463
epoch-466, train_loss-0.0660, train_rmse-0.2569, valid_rmse-1.2580, valid_pr-0.7438
epoch-467, train_loss-0.0717, train_rmse-0.2677, valid_rmse-1.2493, valid_pr-0.7458
epoch-468, train_loss-0.0700, train_rmse-0.2646, valid_rmse-1.2636, valid_pr-0.7412
epoch-469, train_loss-0.0712, train_rmse-0.2669, valid_rmse-1.2483, valid_pr-0.7473
epoch-470, train_loss-0.0707, train_rmse-0.2658, valid_rmse-1.2667, valid_pr-0.7425
epoch-471, train_loss-0.0651, train_rmse-0.2551, valid_rmse-1.2570, valid_pr-0.7417
epoch-472, train_loss-0.0694, train_rmse-0.2634, valid_rmse-1.2430, valid_pr-0.7480
epoch-473, train_loss-0.0677, train_rmse-0.2601, valid_rmse-1.2593, valid_pr-0.7440
epoch-474, train_loss-0.0654, train_rmse-0.2556, valid_rmse-1.2666, valid_pr-0.7389
epoch-475, train_loss-0.0715, train_rmse-0.2674, valid_rmse-1.2523, valid_pr-0.7432
epoch-476, train_loss-0.0704, train_rmse-0.2653, valid_rmse-1.2572, valid_pr-0.7421
epoch-477, train_loss-0.0717, train_rmse-0.2678, valid_rmse-1.2544, valid_pr-0.7442
epoch-478, train_loss-0.0654, train_rmse-0.2558, valid_rmse-1.2658, valid_pr-0.7406
epoch-479, train_loss-0.0747, train_rmse-0.2734, valid_rmse-1.2656, valid_pr-0.7417
epoch-480, train_loss-0.0663, train_rmse-0.2576, valid_rmse-1.2743, valid_pr-0.7411
epoch-481, train_loss-0.0730, train_rmse-0.2701, valid_rmse-1.2642, valid_pr-0.7427
epoch-482, train_loss-0.0693, train_rmse-0.2632, valid_rmse-1.2543, valid_pr-0.7471
epoch-483, train_loss-0.0642, train_rmse-0.2533, valid_rmse-1.2457, valid_pr-0.7472
epoch-484, train_loss-0.0636, train_rmse-0.2522, valid_rmse-1.2553, valid_pr-0.7427
epoch-485, train_loss-0.0724, train_rmse-0.2690, valid_rmse-1.2691, valid_pr-0.7421
epoch-486, train_loss-0.0663, train_rmse-0.2574, valid_rmse-1.2621, valid_pr-0.7422
epoch-487, train_loss-0.0680, train_rmse-0.2607, valid_rmse-1.2500, valid_pr-0.7452
epoch-488, train_loss-0.0656, train_rmse-0.2562, valid_rmse-1.2752, valid_pr-0.7406
epoch-489, train_loss-0.0690, train_rmse-0.2627, valid_rmse-1.2531, valid_pr-0.7450
epoch-490, train_loss-0.0669, train_rmse-0.2586, valid_rmse-1.2493, valid_pr-0.7457
epoch-491, train_loss-0.0662, train_rmse-0.2573, valid_rmse-1.2528, valid_pr-0.7450
epoch-492, train_loss-0.0653, train_rmse-0.2555, valid_rmse-1.2730, valid_pr-0.7347
epoch-493, train_loss-0.0663, train_rmse-0.2575, valid_rmse-1.2567, valid_pr-0.7430
epoch-494, train_loss-0.0648, train_rmse-0.2546, valid_rmse-1.2483, valid_pr-0.7458
epoch-495, train_loss-0.0626, train_rmse-0.2503, valid_rmse-1.2487, valid_pr-0.7463
epoch-496, train_loss-0.0665, train_rmse-0.2578, valid_rmse-1.2573, valid_pr-0.7435
epoch-497, train_loss-0.0692, train_rmse-0.2630, valid_rmse-1.2507, valid_pr-0.7445
epoch-498, train_loss-0.0664, train_rmse-0.2576, valid_rmse-1.2374, valid_pr-0.7497
Validation : valid_rmse-1.2374, valid_pr-0.7497, 
test2013_rmse-1.4739, test2013_pr-0.7784, test2016_rmse-1.3807, test2016_pr-0.7728, test2019_rmse-1.4760, test2019_pr-0.5990
epoch-499, train_loss-0.0698, train_rmse-0.2642, valid_rmse-1.2547, valid_pr-0.7475
epoch-500, train_loss-0.0705, train_rmse-0.2655, valid_rmse-1.2557, valid_pr-0.7424
epoch-501, train_loss-0.0640, train_rmse-0.2530, valid_rmse-1.2499, valid_pr-0.7457
epoch-502, train_loss-0.0634, train_rmse-0.2517, valid_rmse-1.2517, valid_pr-0.7472
epoch-503, train_loss-0.0657, train_rmse-0.2563, valid_rmse-1.2537, valid_pr-0.7424
epoch-504, train_loss-0.0672, train_rmse-0.2592, valid_rmse-1.2594, valid_pr-0.7432
epoch-505, train_loss-0.0639, train_rmse-0.2528, valid_rmse-1.2509, valid_pr-0.7453
epoch-506, train_loss-0.0644, train_rmse-0.2538, valid_rmse-1.2614, valid_pr-0.7393
epoch-507, train_loss-0.0625, train_rmse-0.2501, valid_rmse-1.2583, valid_pr-0.7421
epoch-508, train_loss-0.0697, train_rmse-0.2640, valid_rmse-1.2569, valid_pr-0.7412
epoch-509, train_loss-0.0657, train_rmse-0.2563, valid_rmse-1.2511, valid_pr-0.7444
epoch-510, train_loss-0.0637, train_rmse-0.2523, valid_rmse-1.2528, valid_pr-0.7448
epoch-511, train_loss-0.0642, train_rmse-0.2534, valid_rmse-1.2484, valid_pr-0.7458
epoch-512, train_loss-0.0656, train_rmse-0.2562, valid_rmse-1.2416, valid_pr-0.7497
epoch-513, train_loss-0.0607, train_rmse-0.2463, valid_rmse-1.2625, valid_pr-0.7442
epoch-514, train_loss-0.0606, train_rmse-0.2462, valid_rmse-1.2413, valid_pr-0.7491
epoch-515, train_loss-0.0652, train_rmse-0.2553, valid_rmse-1.2423, valid_pr-0.7478
epoch-516, train_loss-0.0669, train_rmse-0.2587, valid_rmse-1.2509, valid_pr-0.7458
epoch-517, train_loss-0.0639, train_rmse-0.2529, valid_rmse-1.2450, valid_pr-0.7467
epoch-518, train_loss-0.0636, train_rmse-0.2523, valid_rmse-1.2419, valid_pr-0.7474
epoch-519, train_loss-0.0647, train_rmse-0.2544, valid_rmse-1.2526, valid_pr-0.7434
epoch-520, train_loss-0.0644, train_rmse-0.2537, valid_rmse-1.2355, valid_pr-0.7536
Validation : valid_rmse-1.2355, valid_pr-0.7536, 
test2013_rmse-1.4450, test2013_pr-0.7890, test2016_rmse-1.3650, test2016_pr-0.7787, test2019_rmse-1.4799, test2019_pr-0.6010
epoch-521, train_loss-0.0622, train_rmse-0.2495, valid_rmse-1.2393, valid_pr-0.7480
epoch-522, train_loss-0.0611, train_rmse-0.2472, valid_rmse-1.2570, valid_pr-0.7456
epoch-523, train_loss-0.0636, train_rmse-0.2522, valid_rmse-1.2621, valid_pr-0.7439
epoch-524, train_loss-0.0611, train_rmse-0.2472, valid_rmse-1.2544, valid_pr-0.7494
epoch-525, train_loss-0.0672, train_rmse-0.2593, valid_rmse-1.2577, valid_pr-0.7416
epoch-526, train_loss-0.0658, train_rmse-0.2566, valid_rmse-1.2397, valid_pr-0.7477
epoch-527, train_loss-0.0621, train_rmse-0.2492, valid_rmse-1.2516, valid_pr-0.7459
epoch-528, train_loss-0.0633, train_rmse-0.2517, valid_rmse-1.2567, valid_pr-0.7422
epoch-529, train_loss-0.0613, train_rmse-0.2476, valid_rmse-1.2656, valid_pr-0.7428
epoch-530, train_loss-0.0599, train_rmse-0.2448, valid_rmse-1.2429, valid_pr-0.7467
epoch-531, train_loss-0.0615, train_rmse-0.2481, valid_rmse-1.2425, valid_pr-0.7493
epoch-532, train_loss-0.0639, train_rmse-0.2528, valid_rmse-1.2469, valid_pr-0.7486
epoch-533, train_loss-0.0630, train_rmse-0.2511, valid_rmse-1.2548, valid_pr-0.7440
epoch-534, train_loss-0.0638, train_rmse-0.2526, valid_rmse-1.2555, valid_pr-0.7435
epoch-535, train_loss-0.0636, train_rmse-0.2521, valid_rmse-1.2453, valid_pr-0.7480
epoch-536, train_loss-0.0669, train_rmse-0.2586, valid_rmse-1.2655, valid_pr-0.7413
epoch-537, train_loss-0.0681, train_rmse-0.2610, valid_rmse-1.2527, valid_pr-0.7460
epoch-538, train_loss-0.0659, train_rmse-0.2567, valid_rmse-1.2589, valid_pr-0.7411
epoch-539, train_loss-0.0635, train_rmse-0.2521, valid_rmse-1.2380, valid_pr-0.7496
epoch-540, train_loss-0.0630, train_rmse-0.2510, valid_rmse-1.2395, valid_pr-0.7505
epoch-541, train_loss-0.0643, train_rmse-0.2535, valid_rmse-1.2351, valid_pr-0.7522
Validation : valid_rmse-1.2351, valid_pr-0.7522, 
test2013_rmse-1.4663, test2013_pr-0.7822, test2016_rmse-1.3882, test2016_pr-0.7693, test2019_rmse-1.4797, test2019_pr-0.6008
epoch-542, train_loss-0.0600, train_rmse-0.2449, valid_rmse-1.2570, valid_pr-0.7439
epoch-543, train_loss-0.0576, train_rmse-0.2400, valid_rmse-1.2480, valid_pr-0.7465
epoch-544, train_loss-0.0586, train_rmse-0.2420, valid_rmse-1.2611, valid_pr-0.7422
epoch-545, train_loss-0.0671, train_rmse-0.2591, valid_rmse-1.2408, valid_pr-0.7498
epoch-546, train_loss-0.0638, train_rmse-0.2526, valid_rmse-1.2490, valid_pr-0.7497
epoch-547, train_loss-0.0612, train_rmse-0.2473, valid_rmse-1.2416, valid_pr-0.7497
epoch-548, train_loss-0.0644, train_rmse-0.2539, valid_rmse-1.2534, valid_pr-0.7458
epoch-549, train_loss-0.0580, train_rmse-0.2409, valid_rmse-1.2539, valid_pr-0.7460
epoch-550, train_loss-0.0639, train_rmse-0.2528, valid_rmse-1.2716, valid_pr-0.7424
epoch-551, train_loss-0.0618, train_rmse-0.2485, valid_rmse-1.2469, valid_pr-0.7486
epoch-552, train_loss-0.0609, train_rmse-0.2468, valid_rmse-1.2448, valid_pr-0.7486
epoch-553, train_loss-0.0629, train_rmse-0.2508, valid_rmse-1.2472, valid_pr-0.7460
epoch-554, train_loss-0.0650, train_rmse-0.2549, valid_rmse-1.2454, valid_pr-0.7454
epoch-555, train_loss-0.0584, train_rmse-0.2416, valid_rmse-1.2483, valid_pr-0.7473
epoch-556, train_loss-0.0584, train_rmse-0.2417, valid_rmse-1.2421, valid_pr-0.7475
epoch-557, train_loss-0.0579, train_rmse-0.2407, valid_rmse-1.2403, valid_pr-0.7504
epoch-558, train_loss-0.0602, train_rmse-0.2453, valid_rmse-1.2319, valid_pr-0.7516
Validation : valid_rmse-1.2319, valid_pr-0.7516, 
test2013_rmse-1.4510, test2013_pr-0.7874, test2016_rmse-1.3711, test2016_pr-0.7778, test2019_rmse-1.4742, test2019_pr-0.6012
epoch-559, train_loss-0.0635, train_rmse-0.2520, valid_rmse-1.2617, valid_pr-0.7422
epoch-560, train_loss-0.0597, train_rmse-0.2444, valid_rmse-1.2533, valid_pr-0.7462
epoch-561, train_loss-0.0586, train_rmse-0.2420, valid_rmse-1.2531, valid_pr-0.7483
epoch-562, train_loss-0.0616, train_rmse-0.2481, valid_rmse-1.2471, valid_pr-0.7477
epoch-563, train_loss-0.0605, train_rmse-0.2459, valid_rmse-1.2581, valid_pr-0.7416
epoch-564, train_loss-0.0620, train_rmse-0.2490, valid_rmse-1.2403, valid_pr-0.7477
epoch-565, train_loss-0.0640, train_rmse-0.2529, valid_rmse-1.2483, valid_pr-0.7430
epoch-566, train_loss-0.0585, train_rmse-0.2419, valid_rmse-1.2410, valid_pr-0.7496
epoch-567, train_loss-0.0603, train_rmse-0.2456, valid_rmse-1.2501, valid_pr-0.7453
epoch-568, train_loss-0.0589, train_rmse-0.2427, valid_rmse-1.2468, valid_pr-0.7472
epoch-569, train_loss-0.0576, train_rmse-0.2401, valid_rmse-1.2530, valid_pr-0.7458
epoch-570, train_loss-0.0593, train_rmse-0.2435, valid_rmse-1.2487, valid_pr-0.7457
epoch-571, train_loss-0.0617, train_rmse-0.2484, valid_rmse-1.2503, valid_pr-0.7440
epoch-572, train_loss-0.0566, train_rmse-0.2379, valid_rmse-1.2439, valid_pr-0.7471
epoch-573, train_loss-0.0574, train_rmse-0.2397, valid_rmse-1.2499, valid_pr-0.7458
epoch-574, train_loss-0.0638, train_rmse-0.2525, valid_rmse-1.2491, valid_pr-0.7452
epoch-575, train_loss-0.0648, train_rmse-0.2546, valid_rmse-1.2472, valid_pr-0.7469
epoch-576, train_loss-0.0618, train_rmse-0.2486, valid_rmse-1.2694, valid_pr-0.7378
epoch-577, train_loss-0.0611, train_rmse-0.2472, valid_rmse-1.2584, valid_pr-0.7424
epoch-578, train_loss-0.0619, train_rmse-0.2489, valid_rmse-1.2457, valid_pr-0.7473
epoch-579, train_loss-0.0609, train_rmse-0.2468, valid_rmse-1.2444, valid_pr-0.7491
epoch-580, train_loss-0.0584, train_rmse-0.2416, valid_rmse-1.2426, valid_pr-0.7495
epoch-581, train_loss-0.0601, train_rmse-0.2451, valid_rmse-1.2416, valid_pr-0.7490
epoch-582, train_loss-0.0548, train_rmse-0.2341, valid_rmse-1.2467, valid_pr-0.7449
epoch-583, train_loss-0.0579, train_rmse-0.2407, valid_rmse-1.2436, valid_pr-0.7506
epoch-584, train_loss-0.0573, train_rmse-0.2394, valid_rmse-1.2516, valid_pr-0.7456
epoch-585, train_loss-0.0630, train_rmse-0.2510, valid_rmse-1.2562, valid_pr-0.7443
epoch-586, train_loss-0.0602, train_rmse-0.2454, valid_rmse-1.2463, valid_pr-0.7466
epoch-587, train_loss-0.0621, train_rmse-0.2492, valid_rmse-1.2595, valid_pr-0.7421
epoch-588, train_loss-0.0609, train_rmse-0.2467, valid_rmse-1.2543, valid_pr-0.7447
epoch-589, train_loss-0.0595, train_rmse-0.2440, valid_rmse-1.2485, valid_pr-0.7496
epoch-590, train_loss-0.0598, train_rmse-0.2446, valid_rmse-1.2531, valid_pr-0.7444
epoch-591, train_loss-0.0570, train_rmse-0.2387, valid_rmse-1.2459, valid_pr-0.7468
epoch-592, train_loss-0.0547, train_rmse-0.2340, valid_rmse-1.2459, valid_pr-0.7497
epoch-593, train_loss-0.0578, train_rmse-0.2404, valid_rmse-1.2406, valid_pr-0.7493
epoch-594, train_loss-0.0587, train_rmse-0.2422, valid_rmse-1.2553, valid_pr-0.7457
epoch-595, train_loss-0.0614, train_rmse-0.2477, valid_rmse-1.2564, valid_pr-0.7435
epoch-596, train_loss-0.0565, train_rmse-0.2376, valid_rmse-1.2531, valid_pr-0.7458
epoch-597, train_loss-0.0612, train_rmse-0.2474, valid_rmse-1.2497, valid_pr-0.7462
epoch-598, train_loss-0.0559, train_rmse-0.2364, valid_rmse-1.2447, valid_pr-0.7460
epoch-599, train_loss-0.0545, train_rmse-0.2333, valid_rmse-1.2331, valid_pr-0.7530
epoch-600, train_loss-0.0597, train_rmse-0.2444, valid_rmse-1.2564, valid_pr-0.7442
epoch-601, train_loss-0.0559, train_rmse-0.2363, valid_rmse-1.2360, valid_pr-0.7501
epoch-602, train_loss-0.0597, train_rmse-0.2444, valid_rmse-1.2375, valid_pr-0.7514
epoch-603, train_loss-0.0546, train_rmse-0.2336, valid_rmse-1.2524, valid_pr-0.7433
epoch-604, train_loss-0.0591, train_rmse-0.2431, valid_rmse-1.2322, valid_pr-0.7507
epoch-605, train_loss-0.0539, train_rmse-0.2322, valid_rmse-1.2495, valid_pr-0.7454
epoch-606, train_loss-0.0579, train_rmse-0.2406, valid_rmse-1.2560, valid_pr-0.7438
epoch-607, train_loss-0.0564, train_rmse-0.2374, valid_rmse-1.2585, valid_pr-0.7433
epoch-608, train_loss-0.0633, train_rmse-0.2515, valid_rmse-1.2453, valid_pr-0.7481
epoch-609, train_loss-0.0596, train_rmse-0.2440, valid_rmse-1.2625, valid_pr-0.7424
epoch-610, train_loss-0.0507, train_rmse-0.2251, valid_rmse-1.2515, valid_pr-0.7450
epoch-611, train_loss-0.0475, train_rmse-0.2178, valid_rmse-1.2518, valid_pr-0.7466
epoch-612, train_loss-0.0455, train_rmse-0.2133, valid_rmse-1.2418, valid_pr-0.7473
epoch-613, train_loss-0.0468, train_rmse-0.2163, valid_rmse-1.2443, valid_pr-0.7497
epoch-614, train_loss-0.0438, train_rmse-0.2094, valid_rmse-1.2456, valid_pr-0.7468
epoch-615, train_loss-0.0450, train_rmse-0.2120, valid_rmse-1.2458, valid_pr-0.7482
epoch-616, train_loss-0.0446, train_rmse-0.2112, valid_rmse-1.2431, valid_pr-0.7487
epoch-617, train_loss-0.0428, train_rmse-0.2069, valid_rmse-1.2423, valid_pr-0.7481
epoch-618, train_loss-0.0431, train_rmse-0.2076, valid_rmse-1.2452, valid_pr-0.7473
epoch-619, train_loss-0.0441, train_rmse-0.2099, valid_rmse-1.2508, valid_pr-0.7461
epoch-620, train_loss-0.0428, train_rmse-0.2069, valid_rmse-1.2448, valid_pr-0.7480
epoch-621, train_loss-0.0455, train_rmse-0.2133, valid_rmse-1.2366, valid_pr-0.7522
epoch-622, train_loss-0.0444, train_rmse-0.2107, valid_rmse-1.2341, valid_pr-0.7520
epoch-623, train_loss-0.0487, train_rmse-0.2206, valid_rmse-1.2465, valid_pr-0.7488
epoch-624, train_loss-0.0461, train_rmse-0.2148, valid_rmse-1.2337, valid_pr-0.7516
epoch-625, train_loss-0.0441, train_rmse-0.2099, valid_rmse-1.2357, valid_pr-0.7517
epoch-626, train_loss-0.0419, train_rmse-0.2047, valid_rmse-1.2455, valid_pr-0.7482
epoch-627, train_loss-0.0456, train_rmse-0.2134, valid_rmse-1.2482, valid_pr-0.7460
epoch-628, train_loss-0.0463, train_rmse-0.2152, valid_rmse-1.2394, valid_pr-0.7505
epoch-629, train_loss-0.0449, train_rmse-0.2119, valid_rmse-1.2499, valid_pr-0.7448
epoch-630, train_loss-0.0446, train_rmse-0.2112, valid_rmse-1.2531, valid_pr-0.7455
epoch-631, train_loss-0.0422, train_rmse-0.2055, valid_rmse-1.2440, valid_pr-0.7474
epoch-632, train_loss-0.0426, train_rmse-0.2063, valid_rmse-1.2395, valid_pr-0.7500
epoch-633, train_loss-0.0420, train_rmse-0.2049, valid_rmse-1.2413, valid_pr-0.7484
epoch-634, train_loss-0.0457, train_rmse-0.2137, valid_rmse-1.2464, valid_pr-0.7488
epoch-635, train_loss-0.0438, train_rmse-0.2093, valid_rmse-1.2496, valid_pr-0.7453
epoch-636, train_loss-0.0455, train_rmse-0.2134, valid_rmse-1.2446, valid_pr-0.7477
epoch-637, train_loss-0.0431, train_rmse-0.2077, valid_rmse-1.2493, valid_pr-0.7461
epoch-638, train_loss-0.0438, train_rmse-0.2092, valid_rmse-1.2399, valid_pr-0.7490
epoch-639, train_loss-0.0469, train_rmse-0.2166, valid_rmse-1.2394, valid_pr-0.7499
epoch-640, train_loss-0.0414, train_rmse-0.2035, valid_rmse-1.2377, valid_pr-0.7495
epoch-641, train_loss-0.0425, train_rmse-0.2061, valid_rmse-1.2397, valid_pr-0.7490
epoch-642, train_loss-0.0410, train_rmse-0.2026, valid_rmse-1.2424, valid_pr-0.7484
epoch-643, train_loss-0.0433, train_rmse-0.2081, valid_rmse-1.2404, valid_pr-0.7488
epoch-644, train_loss-0.0451, train_rmse-0.2124, valid_rmse-1.2321, valid_pr-0.7519
epoch-645, train_loss-0.0436, train_rmse-0.2089, valid_rmse-1.2429, valid_pr-0.7486
epoch-646, train_loss-0.0437, train_rmse-0.2090, valid_rmse-1.2434, valid_pr-0.7487
epoch-647, train_loss-0.0432, train_rmse-0.2079, valid_rmse-1.2413, valid_pr-0.7500
epoch-648, train_loss-0.0412, train_rmse-0.2029, valid_rmse-1.2359, valid_pr-0.7522
epoch-649, train_loss-0.0439, train_rmse-0.2094, valid_rmse-1.2425, valid_pr-0.7475
epoch-650, train_loss-0.0422, train_rmse-0.2054, valid_rmse-1.2461, valid_pr-0.7483
epoch-651, train_loss-0.0415, train_rmse-0.2037, valid_rmse-1.2365, valid_pr-0.7507
epoch-652, train_loss-0.0447, train_rmse-0.2115, valid_rmse-1.2398, valid_pr-0.7487
epoch-653, train_loss-0.0435, train_rmse-0.2086, valid_rmse-1.2377, valid_pr-0.7505
epoch-654, train_loss-0.0425, train_rmse-0.2063, valid_rmse-1.2414, valid_pr-0.7487
epoch-655, train_loss-0.0416, train_rmse-0.2039, valid_rmse-1.2418, valid_pr-0.7492
epoch-656, train_loss-0.0421, train_rmse-0.2051, valid_rmse-1.2370, valid_pr-0.7515
epoch-657, train_loss-0.0448, train_rmse-0.2117, valid_rmse-1.2389, valid_pr-0.7489
epoch-658, train_loss-0.0412, train_rmse-0.2031, valid_rmse-1.2394, valid_pr-0.7495
epoch-659, train_loss-0.0433, train_rmse-0.2081, valid_rmse-1.2408, valid_pr-0.7492
early stop in epoch 659
best_rmse: 1.2319
valid_rmse-1.2319, valid_pr-0.7516, test2013_rmse-1.4510, test2013_pr-0.7874, test2016_rmse-1.3711, test2016_pr-0.7778, test2019_rmse-1.4742, test2019_pr-0.6012
