CheapNet_ASD, lr=0.001, seed=487
train_ASD.py
train data: 11904
valid data: 1000
test2013 data: 107
test2016 data: 285
test2019 data: 4366
GIGN params # : 42685324
epoch-0, train_loss-5.5448, train_rmse-2.3547, valid_rmse-1.8528, valid_pr-0.3017
Validation : valid_rmse-1.8528, valid_pr-0.3017, 
test2013_rmse-2.2257, test2013_pr-0.3146, test2016_rmse-2.1271, test2016_pr-0.2807, test2019_rmse-1.7998, test2019_pr-0.3093
epoch-1, train_loss-3.3255, train_rmse-1.8236, valid_rmse-1.7652, valid_pr-0.3846
Validation : valid_rmse-1.7652, valid_pr-0.3846, 
test2013_rmse-2.0742, test2013_pr-0.4668, test2016_rmse-1.9541, test2016_pr-0.4600, test2019_rmse-1.7141, test2019_pr-0.3937
epoch-2, train_loss-3.0632, train_rmse-1.7502, valid_rmse-1.7160, valid_pr-0.4307
Validation : valid_rmse-1.7160, valid_pr-0.4307, 
test2013_rmse-1.9571, test2013_pr-0.5718, test2016_rmse-1.9040, test2016_pr-0.5069, test2019_rmse-1.6169, test2019_pr-0.4543
epoch-3, train_loss-2.8500, train_rmse-1.6882, valid_rmse-1.6456, valid_pr-0.4870
Validation : valid_rmse-1.6456, valid_pr-0.4870, 
test2013_rmse-1.9390, test2013_pr-0.5736, test2016_rmse-1.8322, test2016_pr-0.5629, test2019_rmse-1.5923, test2019_pr-0.4792
epoch-4, train_loss-2.7438, train_rmse-1.6564, valid_rmse-1.5910, valid_pr-0.5202
Validation : valid_rmse-1.5910, valid_pr-0.5202, 
test2013_rmse-1.8765, test2013_pr-0.6158, test2016_rmse-1.7650, test2016_pr-0.6082, test2019_rmse-1.5606, test2019_pr-0.4999
epoch-5, train_loss-2.5901, train_rmse-1.6094, valid_rmse-1.6388, valid_pr-0.5045
epoch-6, train_loss-2.5221, train_rmse-1.5881, valid_rmse-1.5724, valid_pr-0.5389
Validation : valid_rmse-1.5724, valid_pr-0.5389, 
test2013_rmse-1.9290, test2013_pr-0.5724, test2016_rmse-1.7147, test2016_pr-0.6341, test2019_rmse-1.5246, test2019_pr-0.5354
epoch-7, train_loss-2.4927, train_rmse-1.5788, valid_rmse-1.5412, valid_pr-0.5563
Validation : valid_rmse-1.5412, valid_pr-0.5563, 
test2013_rmse-1.8305, test2013_pr-0.6446, test2016_rmse-1.7066, test2016_pr-0.6484, test2019_rmse-1.4685, test2019_pr-0.5697
epoch-8, train_loss-2.3551, train_rmse-1.5346, valid_rmse-1.5267, valid_pr-0.5804
Validation : valid_rmse-1.5267, valid_pr-0.5804, 
test2013_rmse-1.7196, test2013_pr-0.7025, test2016_rmse-1.6370, test2016_pr-0.6639, test2019_rmse-1.5292, test2019_pr-0.5588
epoch-9, train_loss-2.3385, train_rmse-1.5292, valid_rmse-1.4900, valid_pr-0.6026
Validation : valid_rmse-1.4900, valid_pr-0.6026, 
test2013_rmse-1.7710, test2013_pr-0.6540, test2016_rmse-1.6225, test2016_pr-0.6699, test2019_rmse-1.5498, test2019_pr-0.5514
epoch-10, train_loss-2.2531, train_rmse-1.5010, valid_rmse-1.4850, valid_pr-0.5976
Validation : valid_rmse-1.4850, valid_pr-0.5976, 
test2013_rmse-1.7957, test2013_pr-0.6587, test2016_rmse-1.6558, test2016_pr-0.6611, test2019_rmse-1.4692, test2019_pr-0.5703
epoch-11, train_loss-2.1799, train_rmse-1.4764, valid_rmse-1.4923, valid_pr-0.5914
epoch-12, train_loss-2.1433, train_rmse-1.4640, valid_rmse-1.4241, valid_pr-0.6488
Validation : valid_rmse-1.4241, valid_pr-0.6488, 
test2013_rmse-1.7881, test2013_pr-0.6602, test2016_rmse-1.6301, test2016_pr-0.6929, test2019_rmse-1.4778, test2019_pr-0.5743
epoch-13, train_loss-2.1554, train_rmse-1.4681, valid_rmse-1.4743, valid_pr-0.6075
epoch-14, train_loss-2.1160, train_rmse-1.4546, valid_rmse-1.4566, valid_pr-0.6176
epoch-15, train_loss-2.0965, train_rmse-1.4479, valid_rmse-1.4885, valid_pr-0.6023
epoch-16, train_loss-2.0649, train_rmse-1.4370, valid_rmse-1.4472, valid_pr-0.6256
epoch-17, train_loss-2.0171, train_rmse-1.4202, valid_rmse-1.4535, valid_pr-0.6295
epoch-18, train_loss-2.0371, train_rmse-1.4273, valid_rmse-1.4068, valid_pr-0.6520
Validation : valid_rmse-1.4068, valid_pr-0.6520, 
test2013_rmse-1.6920, test2013_pr-0.6983, test2016_rmse-1.5535, test2016_pr-0.7061, test2019_rmse-1.4789, test2019_pr-0.5892
epoch-19, train_loss-2.0089, train_rmse-1.4174, valid_rmse-1.4401, valid_pr-0.6286
epoch-20, train_loss-1.9648, train_rmse-1.4017, valid_rmse-1.4078, valid_pr-0.6572
epoch-21, train_loss-1.8947, train_rmse-1.3765, valid_rmse-1.4042, valid_pr-0.6586
Validation : valid_rmse-1.4042, valid_pr-0.6586, 
test2013_rmse-1.6666, test2013_pr-0.7017, test2016_rmse-1.5762, test2016_pr-0.6886, test2019_rmse-1.4714, test2019_pr-0.5998
epoch-22, train_loss-1.9813, train_rmse-1.4076, valid_rmse-1.3961, valid_pr-0.6575
Validation : valid_rmse-1.3961, valid_pr-0.6575, 
test2013_rmse-1.7142, test2013_pr-0.7010, test2016_rmse-1.5488, test2016_pr-0.7258, test2019_rmse-1.4137, test2019_pr-0.6129
epoch-23, train_loss-1.9582, train_rmse-1.3994, valid_rmse-1.5037, valid_pr-0.6456
epoch-24, train_loss-1.9461, train_rmse-1.3950, valid_rmse-1.4154, valid_pr-0.6482
epoch-25, train_loss-1.9298, train_rmse-1.3892, valid_rmse-1.4217, valid_pr-0.6444
epoch-26, train_loss-2.0141, train_rmse-1.4192, valid_rmse-1.4404, valid_pr-0.6264
epoch-27, train_loss-1.9442, train_rmse-1.3943, valid_rmse-1.3974, valid_pr-0.6584
epoch-28, train_loss-1.8087, train_rmse-1.3449, valid_rmse-1.3754, valid_pr-0.6697
Validation : valid_rmse-1.3754, valid_pr-0.6697, 
test2013_rmse-1.5021, test2013_pr-0.7813, test2016_rmse-1.4239, test2016_pr-0.7639, test2019_rmse-1.4519, test2019_pr-0.6054
epoch-29, train_loss-1.8212, train_rmse-1.3495, valid_rmse-1.4254, valid_pr-0.6386
epoch-30, train_loss-1.8363, train_rmse-1.3551, valid_rmse-1.4554, valid_pr-0.6611
epoch-31, train_loss-1.7939, train_rmse-1.3394, valid_rmse-1.4247, valid_pr-0.6631
epoch-32, train_loss-1.7659, train_rmse-1.3289, valid_rmse-1.3815, valid_pr-0.6714
epoch-33, train_loss-1.7799, train_rmse-1.3341, valid_rmse-1.3470, valid_pr-0.6840
Validation : valid_rmse-1.3470, valid_pr-0.6840, 
test2013_rmse-1.5990, test2013_pr-0.7490, test2016_rmse-1.4513, test2016_pr-0.7671, test2019_rmse-1.4454, test2019_pr-0.6025
epoch-34, train_loss-1.7125, train_rmse-1.3086, valid_rmse-1.3716, valid_pr-0.6777
epoch-35, train_loss-1.7670, train_rmse-1.3293, valid_rmse-1.3833, valid_pr-0.6760
epoch-36, train_loss-1.7718, train_rmse-1.3311, valid_rmse-1.4144, valid_pr-0.6585
epoch-37, train_loss-1.7031, train_rmse-1.3050, valid_rmse-1.3984, valid_pr-0.6534
epoch-38, train_loss-1.6706, train_rmse-1.2925, valid_rmse-1.3855, valid_pr-0.6682
epoch-39, train_loss-1.7067, train_rmse-1.3064, valid_rmse-1.3649, valid_pr-0.6826
epoch-40, train_loss-1.6568, train_rmse-1.2872, valid_rmse-1.3980, valid_pr-0.6741
epoch-41, train_loss-1.6793, train_rmse-1.2959, valid_rmse-1.3472, valid_pr-0.6946
epoch-42, train_loss-1.6891, train_rmse-1.2997, valid_rmse-1.3705, valid_pr-0.6723
epoch-43, train_loss-1.6867, train_rmse-1.2987, valid_rmse-1.3418, valid_pr-0.6877
Validation : valid_rmse-1.3418, valid_pr-0.6877, 
test2013_rmse-1.5437, test2013_pr-0.7682, test2016_rmse-1.4463, test2016_pr-0.7629, test2019_rmse-1.4319, test2019_pr-0.6100
epoch-44, train_loss-1.5727, train_rmse-1.2541, valid_rmse-1.3870, valid_pr-0.6615
epoch-45, train_loss-1.6074, train_rmse-1.2678, valid_rmse-1.4350, valid_pr-0.6414
epoch-46, train_loss-1.6678, train_rmse-1.2914, valid_rmse-1.4180, valid_pr-0.6459
epoch-47, train_loss-1.6320, train_rmse-1.2775, valid_rmse-1.3857, valid_pr-0.6719
epoch-48, train_loss-1.5893, train_rmse-1.2607, valid_rmse-1.4977, valid_pr-0.6267
epoch-49, train_loss-1.6148, train_rmse-1.2707, valid_rmse-1.4014, valid_pr-0.6813
epoch-50, train_loss-1.5527, train_rmse-1.2461, valid_rmse-1.3744, valid_pr-0.6740
epoch-51, train_loss-1.5358, train_rmse-1.2393, valid_rmse-1.3588, valid_pr-0.6875
epoch-52, train_loss-1.5107, train_rmse-1.2291, valid_rmse-1.3995, valid_pr-0.6676
epoch-53, train_loss-1.5890, train_rmse-1.2606, valid_rmse-1.4219, valid_pr-0.6711
epoch-54, train_loss-1.5544, train_rmse-1.2468, valid_rmse-1.3396, valid_pr-0.6892
Validation : valid_rmse-1.3396, valid_pr-0.6892, 
test2013_rmse-1.6036, test2013_pr-0.7436, test2016_rmse-1.4030, test2016_pr-0.7820, test2019_rmse-1.4278, test2019_pr-0.6099
epoch-55, train_loss-1.5035, train_rmse-1.2262, valid_rmse-1.3659, valid_pr-0.6830
epoch-56, train_loss-1.4441, train_rmse-1.2017, valid_rmse-1.3870, valid_pr-0.6902
epoch-57, train_loss-1.5139, train_rmse-1.2304, valid_rmse-1.3679, valid_pr-0.6861
epoch-58, train_loss-1.4206, train_rmse-1.1919, valid_rmse-1.3544, valid_pr-0.6947
epoch-59, train_loss-1.4102, train_rmse-1.1875, valid_rmse-1.3910, valid_pr-0.6875
epoch-60, train_loss-1.3897, train_rmse-1.1788, valid_rmse-1.3673, valid_pr-0.6773
epoch-61, train_loss-1.3615, train_rmse-1.1668, valid_rmse-1.3290, valid_pr-0.6964
Validation : valid_rmse-1.3290, valid_pr-0.6964, 
test2013_rmse-1.5309, test2013_pr-0.7651, test2016_rmse-1.3852, test2016_pr-0.7800, test2019_rmse-1.4422, test2019_pr-0.6124
epoch-62, train_loss-1.4181, train_rmse-1.1908, valid_rmse-1.3395, valid_pr-0.7022
epoch-63, train_loss-1.3484, train_rmse-1.1612, valid_rmse-1.3715, valid_pr-0.6881
epoch-64, train_loss-1.3834, train_rmse-1.1762, valid_rmse-1.3188, valid_pr-0.7039
Validation : valid_rmse-1.3188, valid_pr-0.7039, 
test2013_rmse-1.6329, test2013_pr-0.7138, test2016_rmse-1.4660, test2016_pr-0.7412, test2019_rmse-1.4692, test2019_pr-0.5988
epoch-65, train_loss-1.3480, train_rmse-1.1611, valid_rmse-1.3263, valid_pr-0.6997
epoch-66, train_loss-1.3175, train_rmse-1.1478, valid_rmse-1.3552, valid_pr-0.6899
epoch-67, train_loss-1.3072, train_rmse-1.1433, valid_rmse-1.3624, valid_pr-0.6914
epoch-68, train_loss-1.2904, train_rmse-1.1360, valid_rmse-1.3545, valid_pr-0.6828
epoch-69, train_loss-1.3396, train_rmse-1.1574, valid_rmse-1.3640, valid_pr-0.6978
epoch-70, train_loss-1.2741, train_rmse-1.1288, valid_rmse-1.3778, valid_pr-0.6825
epoch-71, train_loss-1.3164, train_rmse-1.1473, valid_rmse-1.3674, valid_pr-0.6803
epoch-72, train_loss-1.2954, train_rmse-1.1382, valid_rmse-1.3600, valid_pr-0.6924
epoch-73, train_loss-1.2495, train_rmse-1.1178, valid_rmse-1.3598, valid_pr-0.6871
epoch-74, train_loss-1.2484, train_rmse-1.1173, valid_rmse-1.3227, valid_pr-0.7009
epoch-75, train_loss-1.2115, train_rmse-1.1007, valid_rmse-1.3315, valid_pr-0.6993
epoch-76, train_loss-1.1871, train_rmse-1.0895, valid_rmse-1.3580, valid_pr-0.6853
epoch-77, train_loss-1.2100, train_rmse-1.1000, valid_rmse-1.3367, valid_pr-0.6923
epoch-78, train_loss-1.2517, train_rmse-1.1188, valid_rmse-1.3343, valid_pr-0.6967
epoch-79, train_loss-1.2411, train_rmse-1.1140, valid_rmse-1.3990, valid_pr-0.6734
epoch-80, train_loss-1.2251, train_rmse-1.1068, valid_rmse-1.3326, valid_pr-0.7003
epoch-81, train_loss-1.1980, train_rmse-1.0945, valid_rmse-1.3720, valid_pr-0.6887
epoch-82, train_loss-1.1511, train_rmse-1.0729, valid_rmse-1.3672, valid_pr-0.6780
epoch-83, train_loss-1.1514, train_rmse-1.0730, valid_rmse-1.3215, valid_pr-0.7047
epoch-84, train_loss-1.1342, train_rmse-1.0650, valid_rmse-1.3224, valid_pr-0.7066
epoch-85, train_loss-1.0928, train_rmse-1.0453, valid_rmse-1.3297, valid_pr-0.7121
epoch-86, train_loss-1.1252, train_rmse-1.0608, valid_rmse-1.4521, valid_pr-0.6401
epoch-87, train_loss-1.1394, train_rmse-1.0674, valid_rmse-1.3844, valid_pr-0.7106
epoch-88, train_loss-1.1075, train_rmse-1.0524, valid_rmse-1.3411, valid_pr-0.7071
epoch-89, train_loss-1.0605, train_rmse-1.0298, valid_rmse-1.3434, valid_pr-0.6925
epoch-90, train_loss-0.9877, train_rmse-0.9938, valid_rmse-1.3262, valid_pr-0.7009
epoch-91, train_loss-1.0029, train_rmse-1.0015, valid_rmse-1.3187, valid_pr-0.7099
Validation : valid_rmse-1.3187, valid_pr-0.7099, 
test2013_rmse-1.4889, test2013_pr-0.7755, test2016_rmse-1.3858, test2016_pr-0.7734, test2019_rmse-1.4893, test2019_pr-0.5990
epoch-92, train_loss-1.0083, train_rmse-1.0042, valid_rmse-1.4146, valid_pr-0.6871
epoch-93, train_loss-1.0068, train_rmse-1.0034, valid_rmse-1.3339, valid_pr-0.6941
epoch-94, train_loss-1.0002, train_rmse-1.0001, valid_rmse-1.3588, valid_pr-0.6915
epoch-95, train_loss-1.0308, train_rmse-1.0153, valid_rmse-1.3754, valid_pr-0.7023
epoch-96, train_loss-0.9531, train_rmse-0.9763, valid_rmse-1.3270, valid_pr-0.7070
epoch-97, train_loss-0.9797, train_rmse-0.9898, valid_rmse-1.3612, valid_pr-0.7039
epoch-98, train_loss-0.9143, train_rmse-0.9562, valid_rmse-1.3609, valid_pr-0.6883
epoch-99, train_loss-0.9142, train_rmse-0.9562, valid_rmse-1.3402, valid_pr-0.6967
epoch-100, train_loss-0.9261, train_rmse-0.9623, valid_rmse-1.3631, valid_pr-0.6934
epoch-101, train_loss-0.8971, train_rmse-0.9472, valid_rmse-1.3373, valid_pr-0.7021
epoch-102, train_loss-0.8797, train_rmse-0.9379, valid_rmse-1.3358, valid_pr-0.7034
epoch-103, train_loss-0.9334, train_rmse-0.9661, valid_rmse-1.3153, valid_pr-0.7145
Validation : valid_rmse-1.3153, valid_pr-0.7145, 
test2013_rmse-1.6096, test2013_pr-0.7220, test2016_rmse-1.4336, test2016_pr-0.7517, test2019_rmse-1.4894, test2019_pr-0.5982
epoch-104, train_loss-0.8571, train_rmse-0.9258, valid_rmse-1.3424, valid_pr-0.6916
epoch-105, train_loss-0.8629, train_rmse-0.9289, valid_rmse-1.3229, valid_pr-0.7117
epoch-106, train_loss-0.8360, train_rmse-0.9143, valid_rmse-1.3347, valid_pr-0.7045
epoch-107, train_loss-0.8082, train_rmse-0.8990, valid_rmse-1.2995, valid_pr-0.7195
Validation : valid_rmse-1.2995, valid_pr-0.7195, 
test2013_rmse-1.6493, test2013_pr-0.7048, test2016_rmse-1.4674, test2016_pr-0.7368, test2019_rmse-1.5227, test2019_pr-0.5800
epoch-108, train_loss-0.8198, train_rmse-0.9054, valid_rmse-1.3117, valid_pr-0.7180
epoch-109, train_loss-0.8450, train_rmse-0.9192, valid_rmse-1.3086, valid_pr-0.7183
epoch-110, train_loss-0.8120, train_rmse-0.9011, valid_rmse-1.3517, valid_pr-0.7086
epoch-111, train_loss-0.7664, train_rmse-0.8754, valid_rmse-1.3130, valid_pr-0.7137
epoch-112, train_loss-0.7483, train_rmse-0.8651, valid_rmse-1.2924, valid_pr-0.7292
Validation : valid_rmse-1.2924, valid_pr-0.7292, 
test2013_rmse-1.5213, test2013_pr-0.7578, test2016_rmse-1.3592, test2016_pr-0.7799, test2019_rmse-1.5037, test2019_pr-0.6013
epoch-113, train_loss-0.7814, train_rmse-0.8839, valid_rmse-1.3069, valid_pr-0.7165
epoch-114, train_loss-0.7588, train_rmse-0.8711, valid_rmse-1.2891, valid_pr-0.7256
Validation : valid_rmse-1.2891, valid_pr-0.7256, 
test2013_rmse-1.4665, test2013_pr-0.7794, test2016_rmse-1.3856, test2016_pr-0.7743, test2019_rmse-1.5036, test2019_pr-0.5922
epoch-115, train_loss-0.7329, train_rmse-0.8561, valid_rmse-1.3098, valid_pr-0.7145
epoch-116, train_loss-0.7611, train_rmse-0.8724, valid_rmse-1.3430, valid_pr-0.6894
epoch-117, train_loss-0.7677, train_rmse-0.8762, valid_rmse-1.3285, valid_pr-0.7109
epoch-118, train_loss-0.7778, train_rmse-0.8820, valid_rmse-1.3259, valid_pr-0.7216
epoch-119, train_loss-0.7499, train_rmse-0.8660, valid_rmse-1.3351, valid_pr-0.7213
epoch-120, train_loss-0.7060, train_rmse-0.8402, valid_rmse-1.3237, valid_pr-0.7078
epoch-121, train_loss-0.7527, train_rmse-0.8676, valid_rmse-1.3731, valid_pr-0.7219
epoch-122, train_loss-0.7425, train_rmse-0.8617, valid_rmse-1.3369, valid_pr-0.7087
epoch-123, train_loss-0.7157, train_rmse-0.8460, valid_rmse-1.3593, valid_pr-0.7232
epoch-124, train_loss-0.7622, train_rmse-0.8730, valid_rmse-1.2828, valid_pr-0.7285
Validation : valid_rmse-1.2828, valid_pr-0.7285, 
test2013_rmse-1.3617, test2013_pr-0.8264, test2016_rmse-1.3361, test2016_pr-0.7903, test2019_rmse-1.5116, test2019_pr-0.5852
epoch-125, train_loss-0.6979, train_rmse-0.8354, valid_rmse-1.3296, valid_pr-0.7203
epoch-126, train_loss-0.6671, train_rmse-0.8168, valid_rmse-1.3087, valid_pr-0.7145
epoch-127, train_loss-0.6627, train_rmse-0.8140, valid_rmse-1.3735, valid_pr-0.7041
epoch-128, train_loss-0.6974, train_rmse-0.8351, valid_rmse-1.3375, valid_pr-0.7024
epoch-129, train_loss-0.6544, train_rmse-0.8089, valid_rmse-1.3523, valid_pr-0.6958
epoch-130, train_loss-0.6602, train_rmse-0.8125, valid_rmse-1.3183, valid_pr-0.7093
epoch-131, train_loss-0.6596, train_rmse-0.8122, valid_rmse-1.3562, valid_pr-0.6948
epoch-132, train_loss-0.6379, train_rmse-0.7987, valid_rmse-1.3182, valid_pr-0.7228
epoch-133, train_loss-0.6381, train_rmse-0.7988, valid_rmse-1.3482, valid_pr-0.7063
epoch-134, train_loss-0.6268, train_rmse-0.7917, valid_rmse-1.3276, valid_pr-0.7255
epoch-135, train_loss-0.6172, train_rmse-0.7856, valid_rmse-1.3278, valid_pr-0.7134
epoch-136, train_loss-0.5925, train_rmse-0.7697, valid_rmse-1.3241, valid_pr-0.7274
epoch-137, train_loss-0.5990, train_rmse-0.7740, valid_rmse-1.3737, valid_pr-0.6994
epoch-138, train_loss-0.6171, train_rmse-0.7855, valid_rmse-1.2956, valid_pr-0.7269
epoch-139, train_loss-0.6492, train_rmse-0.8057, valid_rmse-1.3438, valid_pr-0.7047
epoch-140, train_loss-0.6434, train_rmse-0.8021, valid_rmse-1.3234, valid_pr-0.7188
epoch-141, train_loss-0.5945, train_rmse-0.7710, valid_rmse-1.3255, valid_pr-0.7062
epoch-142, train_loss-0.5795, train_rmse-0.7613, valid_rmse-1.3202, valid_pr-0.7167
epoch-143, train_loss-0.5626, train_rmse-0.7500, valid_rmse-1.3503, valid_pr-0.7139
epoch-144, train_loss-0.5504, train_rmse-0.7419, valid_rmse-1.2986, valid_pr-0.7216
epoch-145, train_loss-0.5352, train_rmse-0.7315, valid_rmse-1.2943, valid_pr-0.7224
epoch-146, train_loss-0.5233, train_rmse-0.7234, valid_rmse-1.3197, valid_pr-0.7206
epoch-147, train_loss-0.5139, train_rmse-0.7169, valid_rmse-1.3263, valid_pr-0.7137
epoch-148, train_loss-0.5496, train_rmse-0.7413, valid_rmse-1.3382, valid_pr-0.7208
epoch-149, train_loss-0.5158, train_rmse-0.7182, valid_rmse-1.3534, valid_pr-0.7118
epoch-150, train_loss-0.5208, train_rmse-0.7217, valid_rmse-1.3465, valid_pr-0.7182
epoch-151, train_loss-0.5148, train_rmse-0.7175, valid_rmse-1.3887, valid_pr-0.7072
epoch-152, train_loss-0.5280, train_rmse-0.7266, valid_rmse-1.3249, valid_pr-0.7211
epoch-153, train_loss-0.5182, train_rmse-0.7198, valid_rmse-1.3462, valid_pr-0.7102
epoch-154, train_loss-0.4987, train_rmse-0.7062, valid_rmse-1.3372, valid_pr-0.7163
epoch-155, train_loss-0.5250, train_rmse-0.7246, valid_rmse-1.4619, valid_pr-0.6436
epoch-156, train_loss-0.6415, train_rmse-0.8009, valid_rmse-1.2882, valid_pr-0.7256
epoch-157, train_loss-0.5447, train_rmse-0.7381, valid_rmse-1.3539, valid_pr-0.7162
epoch-158, train_loss-0.5380, train_rmse-0.7335, valid_rmse-1.3070, valid_pr-0.7201
epoch-159, train_loss-0.5055, train_rmse-0.7110, valid_rmse-1.3361, valid_pr-0.7116
epoch-160, train_loss-0.4905, train_rmse-0.7004, valid_rmse-1.3222, valid_pr-0.7261
epoch-161, train_loss-0.4971, train_rmse-0.7051, valid_rmse-1.3009, valid_pr-0.7221
epoch-162, train_loss-0.4841, train_rmse-0.6958, valid_rmse-1.3308, valid_pr-0.7164
epoch-163, train_loss-0.4600, train_rmse-0.6783, valid_rmse-1.2820, valid_pr-0.7308
Validation : valid_rmse-1.2820, valid_pr-0.7308, 
test2013_rmse-1.5815, test2013_pr-0.7326, test2016_rmse-1.4276, test2016_pr-0.7538, test2019_rmse-1.5287, test2019_pr-0.5792
epoch-164, train_loss-0.4510, train_rmse-0.6715, valid_rmse-1.3353, valid_pr-0.7208
epoch-165, train_loss-0.4448, train_rmse-0.6669, valid_rmse-1.3333, valid_pr-0.7074
epoch-166, train_loss-0.5017, train_rmse-0.7083, valid_rmse-1.3512, valid_pr-0.7096
epoch-167, train_loss-0.4758, train_rmse-0.6898, valid_rmse-1.2964, valid_pr-0.7234
epoch-168, train_loss-0.4454, train_rmse-0.6674, valid_rmse-1.3006, valid_pr-0.7252
epoch-169, train_loss-0.4321, train_rmse-0.6573, valid_rmse-1.3169, valid_pr-0.7177
epoch-170, train_loss-0.4135, train_rmse-0.6431, valid_rmse-1.3157, valid_pr-0.7223
epoch-171, train_loss-0.4118, train_rmse-0.6417, valid_rmse-1.2890, valid_pr-0.7300
epoch-172, train_loss-0.5286, train_rmse-0.7270, valid_rmse-1.3595, valid_pr-0.7135
epoch-173, train_loss-0.4855, train_rmse-0.6968, valid_rmse-1.3334, valid_pr-0.7076
epoch-174, train_loss-0.4149, train_rmse-0.6442, valid_rmse-1.3445, valid_pr-0.7144
epoch-175, train_loss-0.4236, train_rmse-0.6508, valid_rmse-1.3270, valid_pr-0.7181
epoch-176, train_loss-0.4089, train_rmse-0.6395, valid_rmse-1.2793, valid_pr-0.7305
Validation : valid_rmse-1.2793, valid_pr-0.7305, 
test2013_rmse-1.5336, test2013_pr-0.7550, test2016_rmse-1.4367, test2016_pr-0.7513, test2019_rmse-1.5286, test2019_pr-0.5793
epoch-177, train_loss-0.4265, train_rmse-0.6531, valid_rmse-1.3659, valid_pr-0.7200
epoch-178, train_loss-0.4180, train_rmse-0.6465, valid_rmse-1.3112, valid_pr-0.7265
epoch-179, train_loss-0.4234, train_rmse-0.6507, valid_rmse-1.3619, valid_pr-0.7035
epoch-180, train_loss-0.3860, train_rmse-0.6213, valid_rmse-1.3173, valid_pr-0.7138
epoch-181, train_loss-0.3895, train_rmse-0.6241, valid_rmse-1.3120, valid_pr-0.7223
epoch-182, train_loss-0.3592, train_rmse-0.5994, valid_rmse-1.3434, valid_pr-0.7081
epoch-183, train_loss-0.3790, train_rmse-0.6156, valid_rmse-1.2924, valid_pr-0.7353
epoch-184, train_loss-0.3560, train_rmse-0.5966, valid_rmse-1.3439, valid_pr-0.7213
epoch-185, train_loss-0.3797, train_rmse-0.6162, valid_rmse-1.2968, valid_pr-0.7275
epoch-186, train_loss-0.3786, train_rmse-0.6153, valid_rmse-1.3148, valid_pr-0.7213
epoch-187, train_loss-0.3829, train_rmse-0.6188, valid_rmse-1.3752, valid_pr-0.7081
epoch-188, train_loss-0.3942, train_rmse-0.6279, valid_rmse-1.3329, valid_pr-0.7156
epoch-189, train_loss-0.3818, train_rmse-0.6179, valid_rmse-1.2968, valid_pr-0.7277
epoch-190, train_loss-0.3714, train_rmse-0.6094, valid_rmse-1.3149, valid_pr-0.7298
