ours-lrs-0.001-abl-q1q1, lr=0.001, seed=231
train_GIGN.py
train data: 11904
valid data: 1000
test2013 data: 107
test2016 data: 285
test2019 data: 4366
GIGN params # : 1322435
epoch-0, train_loss-14.1812, train_rmse-3.7658, valid_rmse-1.7823, valid_pr-0.4988
Validation : valid_rmse-1.7823, valid_pr-0.4988, 
test2013_rmse-2.1048, test2013_pr-0.6443, test2016_rmse-2.0058, test2016_pr-0.6365, test2019_rmse-1.7075, test2019_pr-0.4842
epoch-1, train_loss-2.4906, train_rmse-1.5782, valid_rmse-1.8163, valid_pr-0.5100
epoch-2, train_loss-2.3584, train_rmse-1.5357, valid_rmse-1.7311, valid_pr-0.4546
Validation : valid_rmse-1.7311, valid_pr-0.4546, 
test2013_rmse-1.8279, test2013_pr-0.6448, test2016_rmse-1.7905, test2016_pr-0.6349, test2019_rmse-1.6198, test2019_pr-0.4969
epoch-3, train_loss-2.0984, train_rmse-1.4486, valid_rmse-1.5612, valid_pr-0.5860
Validation : valid_rmse-1.5612, valid_pr-0.5860, 
test2013_rmse-1.7420, test2013_pr-0.7027, test2016_rmse-1.6023, test2016_pr-0.6987, test2019_rmse-1.5448, test2019_pr-0.5791
epoch-4, train_loss-2.0148, train_rmse-1.4194, valid_rmse-1.5449, valid_pr-0.5709
Validation : valid_rmse-1.5449, valid_pr-0.5709, 
test2013_rmse-1.6484, test2013_pr-0.7310, test2016_rmse-1.5598, test2016_pr-0.7324, test2019_rmse-1.4560, test2019_pr-0.5854
epoch-5, train_loss-1.8908, train_rmse-1.3751, valid_rmse-1.4526, valid_pr-0.6457
Validation : valid_rmse-1.4526, valid_pr-0.6457, 
test2013_rmse-1.5827, test2013_pr-0.7848, test2016_rmse-1.5109, test2016_pr-0.7768, test2019_rmse-1.4355, test2019_pr-0.6202
epoch-6, train_loss-1.8059, train_rmse-1.3438, valid_rmse-1.4393, valid_pr-0.6544
Validation : valid_rmse-1.4393, valid_pr-0.6544, 
test2013_rmse-1.4949, test2013_pr-0.7746, test2016_rmse-1.3638, test2016_pr-0.7817, test2019_rmse-1.4829, test2019_pr-0.6187
epoch-7, train_loss-1.7420, train_rmse-1.3199, valid_rmse-1.7443, valid_pr-0.4758
epoch-8, train_loss-1.6327, train_rmse-1.2778, valid_rmse-1.7571, valid_pr-0.5761
epoch-9, train_loss-1.5440, train_rmse-1.2426, valid_rmse-1.3800, valid_pr-0.7032
Validation : valid_rmse-1.3800, valid_pr-0.7032, 
test2013_rmse-1.4907, test2013_pr-0.8004, test2016_rmse-1.3547, test2016_pr-0.8004, test2019_rmse-1.4758, test2019_pr-0.6469
epoch-10, train_loss-1.4638, train_rmse-1.2099, valid_rmse-1.5793, valid_pr-0.6067
epoch-11, train_loss-1.3964, train_rmse-1.1817, valid_rmse-1.3288, valid_pr-0.7016
Validation : valid_rmse-1.3288, valid_pr-0.7016, 
test2013_rmse-1.4979, test2013_pr-0.7714, test2016_rmse-1.2928, test2016_pr-0.8130, test2019_rmse-1.4595, test2019_pr-0.6105
epoch-12, train_loss-1.2958, train_rmse-1.1383, valid_rmse-1.4855, valid_pr-0.6384
epoch-13, train_loss-1.2193, train_rmse-1.1042, valid_rmse-1.5357, valid_pr-0.6689
epoch-14, train_loss-1.1740, train_rmse-1.0835, valid_rmse-1.3960, valid_pr-0.7011
epoch-15, train_loss-1.1217, train_rmse-1.0591, valid_rmse-1.3525, valid_pr-0.6908
epoch-16, train_loss-1.0085, train_rmse-1.0043, valid_rmse-1.4690, valid_pr-0.6607
epoch-17, train_loss-0.9866, train_rmse-0.9933, valid_rmse-1.3628, valid_pr-0.6815
epoch-18, train_loss-0.9130, train_rmse-0.9555, valid_rmse-1.4332, valid_pr-0.6803
epoch-19, train_loss-0.8935, train_rmse-0.9453, valid_rmse-1.3470, valid_pr-0.7139
epoch-20, train_loss-0.8634, train_rmse-0.9292, valid_rmse-1.6071, valid_pr-0.5647
epoch-21, train_loss-0.8677, train_rmse-0.9315, valid_rmse-1.3239, valid_pr-0.7081
Validation : valid_rmse-1.3239, valid_pr-0.7081, 
test2013_rmse-1.6079, test2013_pr-0.7283, test2016_rmse-1.4059, test2016_pr-0.7685, test2019_rmse-1.5037, test2019_pr-0.5876
epoch-22, train_loss-0.7988, train_rmse-0.8938, valid_rmse-1.5731, valid_pr-0.6763
epoch-23, train_loss-0.7574, train_rmse-0.8703, valid_rmse-1.6047, valid_pr-0.6833
epoch-24, train_loss-0.6918, train_rmse-0.8318, valid_rmse-1.3725, valid_pr-0.7148
epoch-25, train_loss-0.6603, train_rmse-0.8126, valid_rmse-1.3297, valid_pr-0.7033
epoch-26, train_loss-0.6856, train_rmse-0.8280, valid_rmse-1.4407, valid_pr-0.6981
epoch-27, train_loss-0.6356, train_rmse-0.7973, valid_rmse-1.4220, valid_pr-0.6800
epoch-28, train_loss-0.6192, train_rmse-0.7869, valid_rmse-1.3317, valid_pr-0.7154
epoch-29, train_loss-0.6002, train_rmse-0.7747, valid_rmse-1.4382, valid_pr-0.7115
epoch-30, train_loss-0.5756, train_rmse-0.7587, valid_rmse-1.3635, valid_pr-0.7052
epoch-31, train_loss-0.5454, train_rmse-0.7385, valid_rmse-1.2921, valid_pr-0.7268
Validation : valid_rmse-1.2921, valid_pr-0.7268, 
test2013_rmse-1.5691, test2013_pr-0.7444, test2016_rmse-1.3549, test2016_pr-0.7849, test2019_rmse-1.4766, test2019_pr-0.6023
epoch-32, train_loss-0.5310, train_rmse-0.7287, valid_rmse-1.2916, valid_pr-0.7274
Validation : valid_rmse-1.2916, valid_pr-0.7274, 
test2013_rmse-1.4134, test2013_pr-0.8003, test2016_rmse-1.2585, test2016_pr-0.8164, test2019_rmse-1.4881, test2019_pr-0.6110
epoch-33, train_loss-0.5421, train_rmse-0.7363, valid_rmse-1.3171, valid_pr-0.7187
epoch-34, train_loss-0.5327, train_rmse-0.7298, valid_rmse-1.4447, valid_pr-0.6541
epoch-35, train_loss-0.5511, train_rmse-0.7424, valid_rmse-1.3699, valid_pr-0.7168
epoch-36, train_loss-0.4690, train_rmse-0.6848, valid_rmse-1.4712, valid_pr-0.6953
epoch-37, train_loss-0.5087, train_rmse-0.7132, valid_rmse-1.3489, valid_pr-0.7234
epoch-38, train_loss-0.4866, train_rmse-0.6975, valid_rmse-1.3534, valid_pr-0.7231
epoch-39, train_loss-0.4557, train_rmse-0.6751, valid_rmse-1.4144, valid_pr-0.7052
epoch-40, train_loss-0.4393, train_rmse-0.6628, valid_rmse-1.4727, valid_pr-0.7261
epoch-41, train_loss-0.4339, train_rmse-0.6587, valid_rmse-1.3424, valid_pr-0.7080
epoch-42, train_loss-0.4196, train_rmse-0.6477, valid_rmse-1.4131, valid_pr-0.7125
epoch-43, train_loss-0.4359, train_rmse-0.6602, valid_rmse-1.3252, valid_pr-0.7053
epoch-44, train_loss-0.4220, train_rmse-0.6496, valid_rmse-1.2985, valid_pr-0.7322
epoch-45, train_loss-0.4234, train_rmse-0.6507, valid_rmse-1.4048, valid_pr-0.6664
epoch-46, train_loss-0.3868, train_rmse-0.6219, valid_rmse-1.3180, valid_pr-0.7198
epoch-47, train_loss-0.3644, train_rmse-0.6036, valid_rmse-1.3244, valid_pr-0.7193
epoch-48, train_loss-0.3807, train_rmse-0.6170, valid_rmse-1.3422, valid_pr-0.6978
epoch-49, train_loss-0.4332, train_rmse-0.6582, valid_rmse-1.3302, valid_pr-0.7197
epoch-50, train_loss-0.3667, train_rmse-0.6056, valid_rmse-1.3861, valid_pr-0.7202
epoch-51, train_loss-0.3918, train_rmse-0.6259, valid_rmse-1.3317, valid_pr-0.7163
epoch-52, train_loss-0.3837, train_rmse-0.6194, valid_rmse-1.3444, valid_pr-0.7258
epoch-53, train_loss-0.4084, train_rmse-0.6391, valid_rmse-1.3754, valid_pr-0.7289
epoch-54, train_loss-0.3764, train_rmse-0.6135, valid_rmse-1.3992, valid_pr-0.7051
epoch-55, train_loss-0.3738, train_rmse-0.6114, valid_rmse-1.3781, valid_pr-0.7155
epoch-56, train_loss-0.3400, train_rmse-0.5831, valid_rmse-1.2965, valid_pr-0.7288
epoch-57, train_loss-0.3541, train_rmse-0.5951, valid_rmse-1.3809, valid_pr-0.7211
epoch-58, train_loss-0.3349, train_rmse-0.5787, valid_rmse-1.3032, valid_pr-0.7296
epoch-59, train_loss-0.3560, train_rmse-0.5967, valid_rmse-1.3654, valid_pr-0.7175
epoch-60, train_loss-0.3720, train_rmse-0.6099, valid_rmse-1.3014, valid_pr-0.7283
epoch-61, train_loss-0.3521, train_rmse-0.5934, valid_rmse-1.3316, valid_pr-0.7140
epoch-62, train_loss-0.3436, train_rmse-0.5862, valid_rmse-1.3028, valid_pr-0.7119
epoch-63, train_loss-0.3381, train_rmse-0.5815, valid_rmse-1.3388, valid_pr-0.7209
epoch-64, train_loss-0.3427, train_rmse-0.5854, valid_rmse-1.2926, valid_pr-0.7307
epoch-65, train_loss-0.3214, train_rmse-0.5670, valid_rmse-1.2915, valid_pr-0.7401
Validation : valid_rmse-1.2915, valid_pr-0.7401, 
test2013_rmse-1.4621, test2013_pr-0.8137, test2016_rmse-1.3148, test2016_pr-0.8232, test2019_rmse-1.4517, test2019_pr-0.6169
epoch-66, train_loss-0.3159, train_rmse-0.5620, valid_rmse-1.2769, valid_pr-0.7378
Validation : valid_rmse-1.2769, valid_pr-0.7378, 
test2013_rmse-1.3813, test2013_pr-0.8143, test2016_rmse-1.2167, test2016_pr-0.8299, test2019_rmse-1.4727, test2019_pr-0.6209
epoch-67, train_loss-0.3144, train_rmse-0.5607, valid_rmse-1.2983, valid_pr-0.7366
epoch-68, train_loss-0.3158, train_rmse-0.5619, valid_rmse-1.3243, valid_pr-0.7341
epoch-69, train_loss-0.3097, train_rmse-0.5565, valid_rmse-1.2935, valid_pr-0.7253
epoch-70, train_loss-0.3053, train_rmse-0.5526, valid_rmse-1.3937, valid_pr-0.6916
epoch-71, train_loss-0.3089, train_rmse-0.5558, valid_rmse-1.2950, valid_pr-0.7280
epoch-72, train_loss-0.3051, train_rmse-0.5523, valid_rmse-1.3322, valid_pr-0.7045
epoch-73, train_loss-0.3091, train_rmse-0.5560, valid_rmse-1.2771, valid_pr-0.7295
epoch-74, train_loss-0.2960, train_rmse-0.5441, valid_rmse-1.2720, valid_pr-0.7377
Validation : valid_rmse-1.2720, valid_pr-0.7377, 
test2013_rmse-1.3568, test2013_pr-0.8281, test2016_rmse-1.2449, test2016_pr-0.8257, test2019_rmse-1.4413, test2019_pr-0.6280
epoch-75, train_loss-0.2988, train_rmse-0.5466, valid_rmse-1.2841, valid_pr-0.7382
epoch-76, train_loss-0.2892, train_rmse-0.5378, valid_rmse-1.2407, valid_pr-0.7472
Validation : valid_rmse-1.2407, valid_pr-0.7472, 
test2013_rmse-1.3941, test2013_pr-0.8135, test2016_rmse-1.2131, test2016_pr-0.8323, test2019_rmse-1.4333, test2019_pr-0.6268
epoch-77, train_loss-0.2783, train_rmse-0.5275, valid_rmse-1.2652, valid_pr-0.7343
epoch-78, train_loss-0.2924, train_rmse-0.5407, valid_rmse-1.2743, valid_pr-0.7419
epoch-79, train_loss-0.2992, train_rmse-0.5470, valid_rmse-1.3099, valid_pr-0.7155
epoch-80, train_loss-0.2988, train_rmse-0.5466, valid_rmse-1.2638, valid_pr-0.7451
epoch-81, train_loss-0.2876, train_rmse-0.5363, valid_rmse-1.2661, valid_pr-0.7365
epoch-82, train_loss-0.2730, train_rmse-0.5225, valid_rmse-1.3144, valid_pr-0.7226
epoch-83, train_loss-0.2805, train_rmse-0.5296, valid_rmse-1.4420, valid_pr-0.7010
epoch-84, train_loss-0.3005, train_rmse-0.5482, valid_rmse-1.2717, valid_pr-0.7392
epoch-85, train_loss-0.2864, train_rmse-0.5352, valid_rmse-1.2632, valid_pr-0.7369
epoch-86, train_loss-0.2627, train_rmse-0.5125, valid_rmse-1.2781, valid_pr-0.7385
epoch-87, train_loss-0.2830, train_rmse-0.5319, valid_rmse-1.2764, valid_pr-0.7303
epoch-88, train_loss-0.2777, train_rmse-0.5270, valid_rmse-1.3023, valid_pr-0.7375
epoch-89, train_loss-0.2665, train_rmse-0.5162, valid_rmse-1.2810, valid_pr-0.7504
epoch-90, train_loss-0.2719, train_rmse-0.5215, valid_rmse-1.3016, valid_pr-0.7192
epoch-91, train_loss-0.2592, train_rmse-0.5091, valid_rmse-1.2791, valid_pr-0.7415
epoch-92, train_loss-0.2567, train_rmse-0.5066, valid_rmse-1.2808, valid_pr-0.7281
epoch-93, train_loss-0.2526, train_rmse-0.5025, valid_rmse-1.2659, valid_pr-0.7407
epoch-94, train_loss-0.2687, train_rmse-0.5184, valid_rmse-1.2875, valid_pr-0.7398
epoch-95, train_loss-0.2474, train_rmse-0.4974, valid_rmse-1.2609, valid_pr-0.7392
epoch-96, train_loss-0.2442, train_rmse-0.4942, valid_rmse-1.2899, valid_pr-0.7393
epoch-97, train_loss-0.2470, train_rmse-0.4970, valid_rmse-1.2516, valid_pr-0.7456
epoch-98, train_loss-0.2394, train_rmse-0.4893, valid_rmse-1.2732, valid_pr-0.7427
epoch-99, train_loss-0.2399, train_rmse-0.4898, valid_rmse-1.2486, valid_pr-0.7396
epoch-100, train_loss-0.2523, train_rmse-0.5023, valid_rmse-1.2558, valid_pr-0.7405
epoch-101, train_loss-0.2381, train_rmse-0.4879, valid_rmse-1.2727, valid_pr-0.7412
epoch-102, train_loss-0.2371, train_rmse-0.4870, valid_rmse-1.2476, valid_pr-0.7449
epoch-103, train_loss-0.2368, train_rmse-0.4866, valid_rmse-1.2404, valid_pr-0.7477
Validation : valid_rmse-1.2404, valid_pr-0.7477, 
test2013_rmse-1.3325, test2013_pr-0.8293, test2016_rmse-1.2003, test2016_pr-0.8357, test2019_rmse-1.4235, test2019_pr-0.6338
epoch-104, train_loss-0.2269, train_rmse-0.4764, valid_rmse-1.2548, valid_pr-0.7393
epoch-105, train_loss-0.2276, train_rmse-0.4771, valid_rmse-1.2656, valid_pr-0.7367
epoch-106, train_loss-0.2414, train_rmse-0.4914, valid_rmse-1.2713, valid_pr-0.7311
epoch-107, train_loss-0.2390, train_rmse-0.4888, valid_rmse-1.2209, valid_pr-0.7565
Validation : valid_rmse-1.2209, valid_pr-0.7565, 
test2013_rmse-1.3064, test2013_pr-0.8470, test2016_rmse-1.1741, test2016_pr-0.8496, test2019_rmse-1.4096, test2019_pr-0.6386
epoch-108, train_loss-0.2344, train_rmse-0.4842, valid_rmse-1.2611, valid_pr-0.7377
epoch-109, train_loss-0.2408, train_rmse-0.4907, valid_rmse-1.2708, valid_pr-0.7429
epoch-110, train_loss-0.2338, train_rmse-0.4835, valid_rmse-1.2469, valid_pr-0.7525
epoch-111, train_loss-0.2377, train_rmse-0.4875, valid_rmse-1.2468, valid_pr-0.7443
epoch-112, train_loss-0.2450, train_rmse-0.4950, valid_rmse-1.2908, valid_pr-0.7284
epoch-113, train_loss-0.2478, train_rmse-0.4978, valid_rmse-1.2643, valid_pr-0.7462
epoch-114, train_loss-0.2265, train_rmse-0.4759, valid_rmse-1.2576, valid_pr-0.7369
epoch-115, train_loss-0.2268, train_rmse-0.4762, valid_rmse-1.2716, valid_pr-0.7460
epoch-116, train_loss-0.2187, train_rmse-0.4677, valid_rmse-1.2555, valid_pr-0.7444
epoch-117, train_loss-0.2169, train_rmse-0.4658, valid_rmse-1.2758, valid_pr-0.7298
epoch-118, train_loss-0.2320, train_rmse-0.4817, valid_rmse-1.2592, valid_pr-0.7512
epoch-119, train_loss-0.2199, train_rmse-0.4689, valid_rmse-1.2721, valid_pr-0.7383
epoch-120, train_loss-0.2253, train_rmse-0.4746, valid_rmse-1.2437, valid_pr-0.7453
epoch-121, train_loss-0.2169, train_rmse-0.4657, valid_rmse-1.2497, valid_pr-0.7386
epoch-122, train_loss-0.2033, train_rmse-0.4509, valid_rmse-1.2460, valid_pr-0.7481
epoch-123, train_loss-0.2098, train_rmse-0.4580, valid_rmse-1.2682, valid_pr-0.7413
epoch-124, train_loss-0.2031, train_rmse-0.4506, valid_rmse-1.2791, valid_pr-0.7418
epoch-125, train_loss-0.2135, train_rmse-0.4621, valid_rmse-1.2275, valid_pr-0.7494
epoch-126, train_loss-0.2284, train_rmse-0.4779, valid_rmse-1.2576, valid_pr-0.7446
epoch-127, train_loss-0.2436, train_rmse-0.4935, valid_rmse-1.2733, valid_pr-0.7388
epoch-128, train_loss-0.2253, train_rmse-0.4746, valid_rmse-1.2403, valid_pr-0.7526
epoch-129, train_loss-0.2224, train_rmse-0.4716, valid_rmse-1.2532, valid_pr-0.7414
epoch-130, train_loss-0.2066, train_rmse-0.4545, valid_rmse-1.2526, valid_pr-0.7498
epoch-131, train_loss-0.2199, train_rmse-0.4689, valid_rmse-1.2457, valid_pr-0.7468
epoch-132, train_loss-0.2019, train_rmse-0.4493, valid_rmse-1.2497, valid_pr-0.7497
epoch-133, train_loss-0.2172, train_rmse-0.4660, valid_rmse-1.2694, valid_pr-0.7426
epoch-134, train_loss-0.2029, train_rmse-0.4505, valid_rmse-1.2487, valid_pr-0.7463
epoch-135, train_loss-0.2118, train_rmse-0.4603, valid_rmse-1.2472, valid_pr-0.7416
epoch-136, train_loss-0.2048, train_rmse-0.4526, valid_rmse-1.2289, valid_pr-0.7517
epoch-137, train_loss-0.1943, train_rmse-0.4408, valid_rmse-1.2262, valid_pr-0.7506
epoch-138, train_loss-0.1997, train_rmse-0.4468, valid_rmse-1.2858, valid_pr-0.7429
epoch-139, train_loss-0.2295, train_rmse-0.4791, valid_rmse-1.2343, valid_pr-0.7482
epoch-140, train_loss-0.1987, train_rmse-0.4457, valid_rmse-1.2570, valid_pr-0.7437
epoch-141, train_loss-0.2129, train_rmse-0.4614, valid_rmse-1.2617, valid_pr-0.7457
epoch-142, train_loss-0.2129, train_rmse-0.4614, valid_rmse-1.2469, valid_pr-0.7435
epoch-143, train_loss-0.2184, train_rmse-0.4673, valid_rmse-1.2535, valid_pr-0.7389
epoch-144, train_loss-0.1994, train_rmse-0.4466, valid_rmse-1.2376, valid_pr-0.7508
epoch-145, train_loss-0.1994, train_rmse-0.4465, valid_rmse-1.2564, valid_pr-0.7503
epoch-146, train_loss-0.2100, train_rmse-0.4582, valid_rmse-1.3068, valid_pr-0.7444
epoch-147, train_loss-0.2193, train_rmse-0.4683, valid_rmse-1.2356, valid_pr-0.7514
epoch-148, train_loss-0.1876, train_rmse-0.4331, valid_rmse-1.2422, valid_pr-0.7458
epoch-149, train_loss-0.2012, train_rmse-0.4485, valid_rmse-1.2498, valid_pr-0.7429
epoch-150, train_loss-0.1895, train_rmse-0.4353, valid_rmse-1.2256, valid_pr-0.7505
epoch-151, train_loss-0.1909, train_rmse-0.4369, valid_rmse-1.2447, valid_pr-0.7471
epoch-152, train_loss-0.1948, train_rmse-0.4413, valid_rmse-1.2420, valid_pr-0.7486
epoch-153, train_loss-0.1883, train_rmse-0.4339, valid_rmse-1.2760, valid_pr-0.7373
epoch-154, train_loss-0.1898, train_rmse-0.4357, valid_rmse-1.2680, valid_pr-0.7434
epoch-155, train_loss-0.1989, train_rmse-0.4460, valid_rmse-1.2391, valid_pr-0.7469
epoch-156, train_loss-0.2011, train_rmse-0.4484, valid_rmse-1.2257, valid_pr-0.7510
epoch-157, train_loss-0.1820, train_rmse-0.4266, valid_rmse-1.2225, valid_pr-0.7519
epoch-158, train_loss-0.1908, train_rmse-0.4368, valid_rmse-1.2323, valid_pr-0.7485
epoch-159, train_loss-0.1519, train_rmse-0.3897, valid_rmse-1.2142, valid_pr-0.7558
Validation : valid_rmse-1.2142, valid_pr-0.7558, 
test2013_rmse-1.3273, test2013_pr-0.8332, test2016_rmse-1.1663, test2016_pr-0.8493, test2019_rmse-1.3967, test2019_pr-0.6414
epoch-160, train_loss-0.1527, train_rmse-0.3908, valid_rmse-1.2227, valid_pr-0.7538
epoch-161, train_loss-0.1529, train_rmse-0.3911, valid_rmse-1.2160, valid_pr-0.7552
epoch-162, train_loss-0.1513, train_rmse-0.3890, valid_rmse-1.2283, valid_pr-0.7534
epoch-163, train_loss-0.1541, train_rmse-0.3925, valid_rmse-1.2214, valid_pr-0.7545
epoch-164, train_loss-0.1407, train_rmse-0.3751, valid_rmse-1.2225, valid_pr-0.7554
epoch-165, train_loss-0.1400, train_rmse-0.3742, valid_rmse-1.2203, valid_pr-0.7545
epoch-166, train_loss-0.1376, train_rmse-0.3710, valid_rmse-1.2232, valid_pr-0.7545
epoch-167, train_loss-0.1440, train_rmse-0.3794, valid_rmse-1.2282, valid_pr-0.7529
epoch-168, train_loss-0.1555, train_rmse-0.3943, valid_rmse-1.2171, valid_pr-0.7571
epoch-169, train_loss-0.1430, train_rmse-0.3782, valid_rmse-1.2380, valid_pr-0.7508
epoch-170, train_loss-0.1492, train_rmse-0.3862, valid_rmse-1.2308, valid_pr-0.7515
epoch-171, train_loss-0.1463, train_rmse-0.3825, valid_rmse-1.2302, valid_pr-0.7492
epoch-172, train_loss-0.1483, train_rmse-0.3851, valid_rmse-1.2466, valid_pr-0.7465
epoch-173, train_loss-0.1530, train_rmse-0.3912, valid_rmse-1.2385, valid_pr-0.7456
epoch-174, train_loss-0.1379, train_rmse-0.3714, valid_rmse-1.2277, valid_pr-0.7505
epoch-175, train_loss-0.1494, train_rmse-0.3866, valid_rmse-1.2226, valid_pr-0.7546
epoch-176, train_loss-0.1384, train_rmse-0.3721, valid_rmse-1.2172, valid_pr-0.7550
epoch-177, train_loss-0.1454, train_rmse-0.3814, valid_rmse-1.2222, valid_pr-0.7530
epoch-178, train_loss-0.1378, train_rmse-0.3713, valid_rmse-1.2261, valid_pr-0.7536
epoch-179, train_loss-0.1421, train_rmse-0.3770, valid_rmse-1.2139, valid_pr-0.7572
Validation : valid_rmse-1.2139, valid_pr-0.7572, 
test2013_rmse-1.3419, test2013_pr-0.8384, test2016_rmse-1.1934, test2016_pr-0.8491, test2019_rmse-1.3892, test2019_pr-0.6406
epoch-180, train_loss-0.1462, train_rmse-0.3823, valid_rmse-1.2207, valid_pr-0.7555
epoch-181, train_loss-0.1421, train_rmse-0.3769, valid_rmse-1.2208, valid_pr-0.7539
epoch-182, train_loss-0.1362, train_rmse-0.3691, valid_rmse-1.2236, valid_pr-0.7559
epoch-183, train_loss-0.1369, train_rmse-0.3700, valid_rmse-1.2097, valid_pr-0.7580
Validation : valid_rmse-1.2097, valid_pr-0.7580, 
test2013_rmse-1.2825, test2013_pr-0.8485, test2016_rmse-1.1601, test2016_pr-0.8517, test2019_rmse-1.3964, test2019_pr-0.6416
epoch-184, train_loss-0.1345, train_rmse-0.3667, valid_rmse-1.2118, valid_pr-0.7563
epoch-185, train_loss-0.1325, train_rmse-0.3640, valid_rmse-1.2256, valid_pr-0.7535
epoch-186, train_loss-0.1355, train_rmse-0.3681, valid_rmse-1.2229, valid_pr-0.7565
epoch-187, train_loss-0.1402, train_rmse-0.3744, valid_rmse-1.2322, valid_pr-0.7517
epoch-188, train_loss-0.1409, train_rmse-0.3753, valid_rmse-1.2145, valid_pr-0.7565
epoch-189, train_loss-0.1510, train_rmse-0.3886, valid_rmse-1.2225, valid_pr-0.7536
epoch-190, train_loss-0.1473, train_rmse-0.3837, valid_rmse-1.2114, valid_pr-0.7592
epoch-191, train_loss-0.1387, train_rmse-0.3724, valid_rmse-1.2009, valid_pr-0.7617
Validation : valid_rmse-1.2009, valid_pr-0.7617, 
test2013_rmse-1.2888, test2013_pr-0.8516, test2016_rmse-1.1570, test2016_pr-0.8556, test2019_rmse-1.3867, test2019_pr-0.6445
epoch-192, train_loss-0.1394, train_rmse-0.3734, valid_rmse-1.2139, valid_pr-0.7548
epoch-193, train_loss-0.1437, train_rmse-0.3791, valid_rmse-1.2183, valid_pr-0.7548
epoch-194, train_loss-0.1346, train_rmse-0.3669, valid_rmse-1.2280, valid_pr-0.7528
epoch-195, train_loss-0.1461, train_rmse-0.3822, valid_rmse-1.2069, valid_pr-0.7593
epoch-196, train_loss-0.1448, train_rmse-0.3805, valid_rmse-1.2106, valid_pr-0.7567
epoch-197, train_loss-0.1375, train_rmse-0.3708, valid_rmse-1.2176, valid_pr-0.7535
epoch-198, train_loss-0.1458, train_rmse-0.3818, valid_rmse-1.2172, valid_pr-0.7569
epoch-199, train_loss-0.1470, train_rmse-0.3834, valid_rmse-1.2171, valid_pr-0.7547
epoch-200, train_loss-0.1310, train_rmse-0.3619, valid_rmse-1.2092, valid_pr-0.7576
epoch-201, train_loss-0.1411, train_rmse-0.3756, valid_rmse-1.2073, valid_pr-0.7596
epoch-202, train_loss-0.1354, train_rmse-0.3680, valid_rmse-1.2146, valid_pr-0.7586
epoch-203, train_loss-0.1415, train_rmse-0.3761, valid_rmse-1.2366, valid_pr-0.7549
epoch-204, train_loss-0.1386, train_rmse-0.3723, valid_rmse-1.2013, valid_pr-0.7604
epoch-205, train_loss-0.1342, train_rmse-0.3664, valid_rmse-1.2214, valid_pr-0.7561
epoch-206, train_loss-0.1469, train_rmse-0.3833, valid_rmse-1.2269, valid_pr-0.7527
epoch-207, train_loss-0.1348, train_rmse-0.3671, valid_rmse-1.2054, valid_pr-0.7588
epoch-208, train_loss-0.1352, train_rmse-0.3676, valid_rmse-1.2110, valid_pr-0.7585
epoch-209, train_loss-0.1282, train_rmse-0.3580, valid_rmse-1.2110, valid_pr-0.7585
epoch-210, train_loss-0.1301, train_rmse-0.3607, valid_rmse-1.2084, valid_pr-0.7582
epoch-211, train_loss-0.1329, train_rmse-0.3645, valid_rmse-1.2161, valid_pr-0.7574
epoch-212, train_loss-0.1308, train_rmse-0.3617, valid_rmse-1.2253, valid_pr-0.7586
epoch-213, train_loss-0.1258, train_rmse-0.3547, valid_rmse-1.2173, valid_pr-0.7577
epoch-214, train_loss-0.1436, train_rmse-0.3790, valid_rmse-1.2119, valid_pr-0.7570
epoch-215, train_loss-0.1279, train_rmse-0.3576, valid_rmse-1.2079, valid_pr-0.7584
epoch-216, train_loss-0.1274, train_rmse-0.3569, valid_rmse-1.2087, valid_pr-0.7597
epoch-217, train_loss-0.1467, train_rmse-0.3830, valid_rmse-1.2280, valid_pr-0.7552
epoch-218, train_loss-0.1381, train_rmse-0.3716, valid_rmse-1.2125, valid_pr-0.7578
epoch-219, train_loss-0.1329, train_rmse-0.3645, valid_rmse-1.2157, valid_pr-0.7565
epoch-220, train_loss-0.1273, train_rmse-0.3568, valid_rmse-1.2078, valid_pr-0.7610
epoch-221, train_loss-0.1314, train_rmse-0.3626, valid_rmse-1.2244, valid_pr-0.7552
epoch-222, train_loss-0.1295, train_rmse-0.3599, valid_rmse-1.2181, valid_pr-0.7537
epoch-223, train_loss-0.1308, train_rmse-0.3617, valid_rmse-1.2154, valid_pr-0.7607
epoch-224, train_loss-0.1432, train_rmse-0.3784, valid_rmse-1.2105, valid_pr-0.7564
epoch-225, train_loss-0.1359, train_rmse-0.3686, valid_rmse-1.2091, valid_pr-0.7579
epoch-226, train_loss-0.1288, train_rmse-0.3589, valid_rmse-1.2183, valid_pr-0.7577
epoch-227, train_loss-0.1310, train_rmse-0.3619, valid_rmse-1.2227, valid_pr-0.7551
epoch-228, train_loss-0.1298, train_rmse-0.3602, valid_rmse-1.2184, valid_pr-0.7567
epoch-229, train_loss-0.1278, train_rmse-0.3574, valid_rmse-1.2145, valid_pr-0.7564
epoch-230, train_loss-0.1249, train_rmse-0.3534, valid_rmse-1.2088, valid_pr-0.7580
epoch-231, train_loss-0.1366, train_rmse-0.3696, valid_rmse-1.2145, valid_pr-0.7559
epoch-232, train_loss-0.1369, train_rmse-0.3699, valid_rmse-1.2249, valid_pr-0.7512
epoch-233, train_loss-0.1242, train_rmse-0.3524, valid_rmse-1.2114, valid_pr-0.7590
epoch-234, train_loss-0.1353, train_rmse-0.3678, valid_rmse-1.2233, valid_pr-0.7544
epoch-235, train_loss-0.1252, train_rmse-0.3539, valid_rmse-1.2179, valid_pr-0.7553
epoch-236, train_loss-0.1325, train_rmse-0.3639, valid_rmse-1.2064, valid_pr-0.7612
epoch-237, train_loss-0.1263, train_rmse-0.3554, valid_rmse-1.2062, valid_pr-0.7590
epoch-238, train_loss-0.1190, train_rmse-0.3450, valid_rmse-1.2055, valid_pr-0.7584
epoch-239, train_loss-0.1392, train_rmse-0.3730, valid_rmse-1.2104, valid_pr-0.7583
epoch-240, train_loss-0.1273, train_rmse-0.3568, valid_rmse-1.2168, valid_pr-0.7550
epoch-241, train_loss-0.1321, train_rmse-0.3634, valid_rmse-1.2083, valid_pr-0.7579
epoch-242, train_loss-0.1395, train_rmse-0.3734, valid_rmse-1.2065, valid_pr-0.7580
epoch-243, train_loss-0.1258, train_rmse-0.3547, valid_rmse-1.2038, valid_pr-0.7606
epoch-244, train_loss-0.1165, train_rmse-0.3413, valid_rmse-1.2083, valid_pr-0.7598
epoch-245, train_loss-0.1166, train_rmse-0.3415, valid_rmse-1.2031, valid_pr-0.7613
epoch-246, train_loss-0.1160, train_rmse-0.3405, valid_rmse-1.2139, valid_pr-0.7600
epoch-247, train_loss-0.1193, train_rmse-0.3454, valid_rmse-1.2017, valid_pr-0.7613
epoch-248, train_loss-0.1143, train_rmse-0.3381, valid_rmse-1.2087, valid_pr-0.7602
epoch-249, train_loss-0.1160, train_rmse-0.3406, valid_rmse-1.2007, valid_pr-0.7627
Validation : valid_rmse-1.2007, valid_pr-0.7627, 
test2013_rmse-1.3039, test2013_pr-0.8493, test2016_rmse-1.1707, test2016_pr-0.8543, test2019_rmse-1.3772, test2019_pr-0.6484
epoch-250, train_loss-0.1145, train_rmse-0.3383, valid_rmse-1.2030, valid_pr-0.7627
epoch-251, train_loss-0.1143, train_rmse-0.3380, valid_rmse-1.2098, valid_pr-0.7610
epoch-252, train_loss-0.1104, train_rmse-0.3322, valid_rmse-1.2047, valid_pr-0.7614
epoch-253, train_loss-0.1133, train_rmse-0.3366, valid_rmse-1.2063, valid_pr-0.7591
epoch-254, train_loss-0.1052, train_rmse-0.3243, valid_rmse-1.2065, valid_pr-0.7591
epoch-255, train_loss-0.1164, train_rmse-0.3412, valid_rmse-1.2046, valid_pr-0.7610
epoch-256, train_loss-0.1164, train_rmse-0.3412, valid_rmse-1.2088, valid_pr-0.7612
epoch-257, train_loss-0.1188, train_rmse-0.3446, valid_rmse-1.1991, valid_pr-0.7618
Validation : valid_rmse-1.1991, valid_pr-0.7618, 
test2013_rmse-1.2712, test2013_pr-0.8522, test2016_rmse-1.1394, test2016_pr-0.8581, test2019_rmse-1.3764, test2019_pr-0.6498
epoch-258, train_loss-0.1117, train_rmse-0.3342, valid_rmse-1.2095, valid_pr-0.7604
epoch-259, train_loss-0.1052, train_rmse-0.3243, valid_rmse-1.1996, valid_pr-0.7628
epoch-260, train_loss-0.1080, train_rmse-0.3287, valid_rmse-1.2019, valid_pr-0.7609
epoch-261, train_loss-0.1166, train_rmse-0.3415, valid_rmse-1.2098, valid_pr-0.7600
epoch-262, train_loss-0.1156, train_rmse-0.3401, valid_rmse-1.2027, valid_pr-0.7615
epoch-263, train_loss-0.1083, train_rmse-0.3291, valid_rmse-1.2052, valid_pr-0.7596
epoch-264, train_loss-0.1148, train_rmse-0.3389, valid_rmse-1.1991, valid_pr-0.7619
Validation : valid_rmse-1.1991, valid_pr-0.7619, 
test2013_rmse-1.3045, test2013_pr-0.8485, test2016_rmse-1.1585, test2016_pr-0.8574, test2019_rmse-1.3715, test2019_pr-0.6501
epoch-265, train_loss-0.1102, train_rmse-0.3319, valid_rmse-1.2057, valid_pr-0.7616
epoch-266, train_loss-0.1109, train_rmse-0.3330, valid_rmse-1.2052, valid_pr-0.7628
epoch-267, train_loss-0.1046, train_rmse-0.3234, valid_rmse-1.2005, valid_pr-0.7625
epoch-268, train_loss-0.1033, train_rmse-0.3214, valid_rmse-1.2000, valid_pr-0.7618
epoch-269, train_loss-0.1168, train_rmse-0.3417, valid_rmse-1.2013, valid_pr-0.7611
epoch-270, train_loss-0.1082, train_rmse-0.3289, valid_rmse-1.1969, valid_pr-0.7628
Validation : valid_rmse-1.1969, valid_pr-0.7628, 
test2013_rmse-1.2916, test2013_pr-0.8508, test2016_rmse-1.1574, test2016_pr-0.8554, test2019_rmse-1.3695, test2019_pr-0.6527
epoch-271, train_loss-0.1137, train_rmse-0.3371, valid_rmse-1.2015, valid_pr-0.7615
epoch-272, train_loss-0.1133, train_rmse-0.3366, valid_rmse-1.1975, valid_pr-0.7627
epoch-273, train_loss-0.1126, train_rmse-0.3356, valid_rmse-1.2125, valid_pr-0.7598
epoch-274, train_loss-0.1056, train_rmse-0.3250, valid_rmse-1.2034, valid_pr-0.7620
epoch-275, train_loss-0.1081, train_rmse-0.3288, valid_rmse-1.2031, valid_pr-0.7621
epoch-276, train_loss-0.1147, train_rmse-0.3387, valid_rmse-1.2050, valid_pr-0.7601
epoch-277, train_loss-0.1023, train_rmse-0.3198, valid_rmse-1.2057, valid_pr-0.7599
epoch-278, train_loss-0.1153, train_rmse-0.3396, valid_rmse-1.2030, valid_pr-0.7604
epoch-279, train_loss-0.1076, train_rmse-0.3280, valid_rmse-1.2028, valid_pr-0.7620
epoch-280, train_loss-0.1001, train_rmse-0.3164, valid_rmse-1.2014, valid_pr-0.7617
epoch-281, train_loss-0.1128, train_rmse-0.3358, valid_rmse-1.2040, valid_pr-0.7622
epoch-282, train_loss-0.1082, train_rmse-0.3289, valid_rmse-1.1986, valid_pr-0.7636
epoch-283, train_loss-0.1215, train_rmse-0.3486, valid_rmse-1.1969, valid_pr-0.7637
Validation : valid_rmse-1.1969, valid_pr-0.7637, 
test2013_rmse-1.2869, test2013_pr-0.8522, test2016_rmse-1.1491, test2016_pr-0.8586, test2019_rmse-1.3730, test2019_pr-0.6510
epoch-284, train_loss-0.1089, train_rmse-0.3300, valid_rmse-1.1956, valid_pr-0.7644
Validation : valid_rmse-1.1956, valid_pr-0.7644, 
test2013_rmse-1.2998, test2013_pr-0.8521, test2016_rmse-1.1685, test2016_pr-0.8562, test2019_rmse-1.3721, test2019_pr-0.6496
epoch-285, train_loss-0.1048, train_rmse-0.3237, valid_rmse-1.2067, valid_pr-0.7618
epoch-286, train_loss-0.1168, train_rmse-0.3418, valid_rmse-1.1987, valid_pr-0.7617
epoch-287, train_loss-0.1026, train_rmse-0.3204, valid_rmse-1.1995, valid_pr-0.7618
epoch-288, train_loss-0.0979, train_rmse-0.3128, valid_rmse-1.1999, valid_pr-0.7623
epoch-289, train_loss-0.1098, train_rmse-0.3314, valid_rmse-1.1959, valid_pr-0.7637
epoch-290, train_loss-0.1121, train_rmse-0.3348, valid_rmse-1.1996, valid_pr-0.7608
epoch-291, train_loss-0.1141, train_rmse-0.3378, valid_rmse-1.2010, valid_pr-0.7620
epoch-292, train_loss-0.1201, train_rmse-0.3466, valid_rmse-1.1993, valid_pr-0.7623
epoch-293, train_loss-0.1108, train_rmse-0.3329, valid_rmse-1.2012, valid_pr-0.7630
epoch-294, train_loss-0.1131, train_rmse-0.3363, valid_rmse-1.2101, valid_pr-0.7622
epoch-295, train_loss-0.1072, train_rmse-0.3274, valid_rmse-1.2020, valid_pr-0.7618
epoch-296, train_loss-0.1027, train_rmse-0.3204, valid_rmse-1.2055, valid_pr-0.7607
epoch-297, train_loss-0.1078, train_rmse-0.3283, valid_rmse-1.2012, valid_pr-0.7612
epoch-298, train_loss-0.1018, train_rmse-0.3191, valid_rmse-1.1945, valid_pr-0.7651
Validation : valid_rmse-1.1945, valid_pr-0.7651, 
test2013_rmse-1.2728, test2013_pr-0.8515, test2016_rmse-1.1328, test2016_pr-0.8585, test2019_rmse-1.3786, test2019_pr-0.6532
epoch-299, train_loss-0.1091, train_rmse-0.3303, valid_rmse-1.2107, valid_pr-0.7604
epoch-300, train_loss-0.1031, train_rmse-0.3211, valid_rmse-1.2081, valid_pr-0.7603
epoch-301, train_loss-0.1151, train_rmse-0.3393, valid_rmse-1.2015, valid_pr-0.7611
epoch-302, train_loss-0.1107, train_rmse-0.3327, valid_rmse-1.1994, valid_pr-0.7620
epoch-303, train_loss-0.1043, train_rmse-0.3230, valid_rmse-1.1946, valid_pr-0.7635
epoch-304, train_loss-0.1077, train_rmse-0.3281, valid_rmse-1.1969, valid_pr-0.7640
epoch-305, train_loss-0.1001, train_rmse-0.3164, valid_rmse-1.2029, valid_pr-0.7632
epoch-306, train_loss-0.0991, train_rmse-0.3147, valid_rmse-1.2014, valid_pr-0.7621
epoch-307, train_loss-0.1049, train_rmse-0.3239, valid_rmse-1.1973, valid_pr-0.7645
epoch-308, train_loss-0.1069, train_rmse-0.3270, valid_rmse-1.1899, valid_pr-0.7658
Validation : valid_rmse-1.1899, valid_pr-0.7658, 
test2013_rmse-1.2862, test2013_pr-0.8489, test2016_rmse-1.1468, test2016_pr-0.8556, test2019_rmse-1.3748, test2019_pr-0.6513
epoch-309, train_loss-0.1160, train_rmse-0.3405, valid_rmse-1.2079, valid_pr-0.7625
epoch-310, train_loss-0.0960, train_rmse-0.3099, valid_rmse-1.2005, valid_pr-0.7619
epoch-311, train_loss-0.1067, train_rmse-0.3267, valid_rmse-1.1990, valid_pr-0.7636
epoch-312, train_loss-0.1032, train_rmse-0.3212, valid_rmse-1.2009, valid_pr-0.7622
epoch-313, train_loss-0.1040, train_rmse-0.3224, valid_rmse-1.2018, valid_pr-0.7607
epoch-314, train_loss-0.1091, train_rmse-0.3303, valid_rmse-1.2009, valid_pr-0.7627
epoch-315, train_loss-0.1107, train_rmse-0.3328, valid_rmse-1.2071, valid_pr-0.7625
epoch-316, train_loss-0.1053, train_rmse-0.3245, valid_rmse-1.1989, valid_pr-0.7625
epoch-317, train_loss-0.1070, train_rmse-0.3272, valid_rmse-1.1936, valid_pr-0.7643
epoch-318, train_loss-0.1086, train_rmse-0.3295, valid_rmse-1.2022, valid_pr-0.7624
epoch-319, train_loss-0.1078, train_rmse-0.3283, valid_rmse-1.1990, valid_pr-0.7605
epoch-320, train_loss-0.1062, train_rmse-0.3259, valid_rmse-1.1935, valid_pr-0.7655
epoch-321, train_loss-0.1054, train_rmse-0.3247, valid_rmse-1.1976, valid_pr-0.7632
epoch-322, train_loss-0.1073, train_rmse-0.3275, valid_rmse-1.1986, valid_pr-0.7629
epoch-323, train_loss-0.1059, train_rmse-0.3253, valid_rmse-1.2017, valid_pr-0.7612
epoch-324, train_loss-0.1002, train_rmse-0.3165, valid_rmse-1.2000, valid_pr-0.7625
epoch-325, train_loss-0.1017, train_rmse-0.3189, valid_rmse-1.1956, valid_pr-0.7629
epoch-326, train_loss-0.0993, train_rmse-0.3151, valid_rmse-1.1971, valid_pr-0.7640
epoch-327, train_loss-0.0990, train_rmse-0.3146, valid_rmse-1.1952, valid_pr-0.7636
epoch-328, train_loss-0.0985, train_rmse-0.3139, valid_rmse-1.1944, valid_pr-0.7645
epoch-329, train_loss-0.1101, train_rmse-0.3319, valid_rmse-1.1948, valid_pr-0.7640
epoch-330, train_loss-0.1004, train_rmse-0.3169, valid_rmse-1.2016, valid_pr-0.7615
epoch-331, train_loss-0.0980, train_rmse-0.3131, valid_rmse-1.1999, valid_pr-0.7615
epoch-332, train_loss-0.1033, train_rmse-0.3214, valid_rmse-1.2097, valid_pr-0.7602
epoch-333, train_loss-0.1020, train_rmse-0.3193, valid_rmse-1.2031, valid_pr-0.7617
epoch-334, train_loss-0.0995, train_rmse-0.3155, valid_rmse-1.1949, valid_pr-0.7639
epoch-335, train_loss-0.1046, train_rmse-0.3235, valid_rmse-1.1974, valid_pr-0.7638
epoch-336, train_loss-0.0978, train_rmse-0.3128, valid_rmse-1.1885, valid_pr-0.7661
Validation : valid_rmse-1.1885, valid_pr-0.7661, 
test2013_rmse-1.2636, test2013_pr-0.8577, test2016_rmse-1.1285, test2016_pr-0.8619, test2019_rmse-1.3683, test2019_pr-0.6540
epoch-337, train_loss-0.1055, train_rmse-0.3248, valid_rmse-1.1877, valid_pr-0.7658
Validation : valid_rmse-1.1877, valid_pr-0.7658, 
test2013_rmse-1.2951, test2013_pr-0.8499, test2016_rmse-1.1477, test2016_pr-0.8596, test2019_rmse-1.3629, test2019_pr-0.6534
epoch-338, train_loss-0.1052, train_rmse-0.3243, valid_rmse-1.1936, valid_pr-0.7646
epoch-339, train_loss-0.1094, train_rmse-0.3307, valid_rmse-1.1949, valid_pr-0.7653
epoch-340, train_loss-0.1021, train_rmse-0.3196, valid_rmse-1.1963, valid_pr-0.7631
epoch-341, train_loss-0.1162, train_rmse-0.3408, valid_rmse-1.1925, valid_pr-0.7644
epoch-342, train_loss-0.1091, train_rmse-0.3303, valid_rmse-1.2005, valid_pr-0.7619
epoch-343, train_loss-0.1036, train_rmse-0.3219, valid_rmse-1.1991, valid_pr-0.7637
epoch-344, train_loss-0.1036, train_rmse-0.3219, valid_rmse-1.2033, valid_pr-0.7621
epoch-345, train_loss-0.0967, train_rmse-0.3110, valid_rmse-1.1970, valid_pr-0.7625
epoch-346, train_loss-0.1085, train_rmse-0.3295, valid_rmse-1.1935, valid_pr-0.7639
epoch-347, train_loss-0.1021, train_rmse-0.3196, valid_rmse-1.1984, valid_pr-0.7631
epoch-348, train_loss-0.1072, train_rmse-0.3273, valid_rmse-1.1863, valid_pr-0.7665
Validation : valid_rmse-1.1863, valid_pr-0.7665, 
test2013_rmse-1.2886, test2013_pr-0.8536, test2016_rmse-1.1512, test2016_pr-0.8589, test2019_rmse-1.3647, test2019_pr-0.6524
epoch-349, train_loss-0.1119, train_rmse-0.3344, valid_rmse-1.2032, valid_pr-0.7638
epoch-350, train_loss-0.1077, train_rmse-0.3282, valid_rmse-1.1893, valid_pr-0.7661
epoch-351, train_loss-0.1074, train_rmse-0.3277, valid_rmse-1.1956, valid_pr-0.7648
epoch-352, train_loss-0.1035, train_rmse-0.3217, valid_rmse-1.1902, valid_pr-0.7664
epoch-353, train_loss-0.0993, train_rmse-0.3151, valid_rmse-1.1954, valid_pr-0.7635
epoch-354, train_loss-0.1053, train_rmse-0.3245, valid_rmse-1.2029, valid_pr-0.7622
epoch-355, train_loss-0.0982, train_rmse-0.3133, valid_rmse-1.1966, valid_pr-0.7634
epoch-356, train_loss-0.1028, train_rmse-0.3206, valid_rmse-1.2028, valid_pr-0.7625
epoch-357, train_loss-0.1062, train_rmse-0.3259, valid_rmse-1.1914, valid_pr-0.7649
epoch-358, train_loss-0.1058, train_rmse-0.3253, valid_rmse-1.1983, valid_pr-0.7643
epoch-359, train_loss-0.0978, train_rmse-0.3127, valid_rmse-1.1890, valid_pr-0.7662
epoch-360, train_loss-0.1038, train_rmse-0.3223, valid_rmse-1.1951, valid_pr-0.7641
epoch-361, train_loss-0.1093, train_rmse-0.3306, valid_rmse-1.1940, valid_pr-0.7642
epoch-362, train_loss-0.1015, train_rmse-0.3186, valid_rmse-1.1944, valid_pr-0.7639
epoch-363, train_loss-0.1033, train_rmse-0.3214, valid_rmse-1.1932, valid_pr-0.7638
epoch-364, train_loss-0.1045, train_rmse-0.3232, valid_rmse-1.1864, valid_pr-0.7677
epoch-365, train_loss-0.1035, train_rmse-0.3217, valid_rmse-1.1926, valid_pr-0.7664
epoch-366, train_loss-0.1043, train_rmse-0.3229, valid_rmse-1.1850, valid_pr-0.7675
Validation : valid_rmse-1.1850, valid_pr-0.7675, 
test2013_rmse-1.3038, test2013_pr-0.8488, test2016_rmse-1.1531, test2016_pr-0.8574, test2019_rmse-1.3628, test2019_pr-0.6542
epoch-367, train_loss-0.1035, train_rmse-0.3217, valid_rmse-1.1926, valid_pr-0.7668
epoch-368, train_loss-0.1061, train_rmse-0.3257, valid_rmse-1.1881, valid_pr-0.7665
epoch-369, train_loss-0.0979, train_rmse-0.3130, valid_rmse-1.1940, valid_pr-0.7648
epoch-370, train_loss-0.0984, train_rmse-0.3136, valid_rmse-1.1919, valid_pr-0.7675
epoch-371, train_loss-0.1021, train_rmse-0.3196, valid_rmse-1.1905, valid_pr-0.7655
epoch-372, train_loss-0.1002, train_rmse-0.3165, valid_rmse-1.1931, valid_pr-0.7642
epoch-373, train_loss-0.1052, train_rmse-0.3244, valid_rmse-1.1918, valid_pr-0.7661
epoch-374, train_loss-0.0972, train_rmse-0.3118, valid_rmse-1.1983, valid_pr-0.7652
epoch-375, train_loss-0.1029, train_rmse-0.3208, valid_rmse-1.1887, valid_pr-0.7664
epoch-376, train_loss-0.0985, train_rmse-0.3138, valid_rmse-1.1854, valid_pr-0.7682
epoch-377, train_loss-0.1059, train_rmse-0.3254, valid_rmse-1.1894, valid_pr-0.7653
epoch-378, train_loss-0.1048, train_rmse-0.3237, valid_rmse-1.1903, valid_pr-0.7651
epoch-379, train_loss-0.0993, train_rmse-0.3152, valid_rmse-1.1918, valid_pr-0.7654
epoch-380, train_loss-0.1036, train_rmse-0.3219, valid_rmse-1.1885, valid_pr-0.7663
epoch-381, train_loss-0.1004, train_rmse-0.3169, valid_rmse-1.1872, valid_pr-0.7664
epoch-382, train_loss-0.0985, train_rmse-0.3138, valid_rmse-1.1935, valid_pr-0.7643
epoch-383, train_loss-0.0961, train_rmse-0.3100, valid_rmse-1.1953, valid_pr-0.7645
epoch-384, train_loss-0.1082, train_rmse-0.3289, valid_rmse-1.1906, valid_pr-0.7658
epoch-385, train_loss-0.1017, train_rmse-0.3188, valid_rmse-1.1943, valid_pr-0.7638
epoch-386, train_loss-0.1000, train_rmse-0.3162, valid_rmse-1.1948, valid_pr-0.7651
epoch-387, train_loss-0.1060, train_rmse-0.3255, valid_rmse-1.1854, valid_pr-0.7682
epoch-388, train_loss-0.0985, train_rmse-0.3138, valid_rmse-1.1910, valid_pr-0.7669
epoch-389, train_loss-0.1089, train_rmse-0.3300, valid_rmse-1.1977, valid_pr-0.7644
epoch-390, train_loss-0.1069, train_rmse-0.3269, valid_rmse-1.1936, valid_pr-0.7660
epoch-391, train_loss-0.0999, train_rmse-0.3161, valid_rmse-1.1891, valid_pr-0.7657
epoch-392, train_loss-0.0963, train_rmse-0.3103, valid_rmse-1.1897, valid_pr-0.7679
epoch-393, train_loss-0.1117, train_rmse-0.3342, valid_rmse-1.1907, valid_pr-0.7654
epoch-394, train_loss-0.0941, train_rmse-0.3068, valid_rmse-1.1900, valid_pr-0.7655
epoch-395, train_loss-0.1064, train_rmse-0.3263, valid_rmse-1.1952, valid_pr-0.7636
epoch-396, train_loss-0.1070, train_rmse-0.3271, valid_rmse-1.1881, valid_pr-0.7676
epoch-397, train_loss-0.1037, train_rmse-0.3221, valid_rmse-1.1921, valid_pr-0.7676
epoch-398, train_loss-0.0974, train_rmse-0.3121, valid_rmse-1.1904, valid_pr-0.7664
epoch-399, train_loss-0.0961, train_rmse-0.3100, valid_rmse-1.1910, valid_pr-0.7654
epoch-400, train_loss-0.0992, train_rmse-0.3149, valid_rmse-1.1857, valid_pr-0.7676
epoch-401, train_loss-0.1022, train_rmse-0.3197, valid_rmse-1.1854, valid_pr-0.7679
epoch-402, train_loss-0.0960, train_rmse-0.3098, valid_rmse-1.1836, valid_pr-0.7683
Validation : valid_rmse-1.1836, valid_pr-0.7683, 
test2013_rmse-1.3070, test2013_pr-0.8471, test2016_rmse-1.1575, test2016_pr-0.8558, test2019_rmse-1.3619, test2019_pr-0.6561
epoch-403, train_loss-0.1033, train_rmse-0.3215, valid_rmse-1.1966, valid_pr-0.7685
epoch-404, train_loss-0.1068, train_rmse-0.3268, valid_rmse-1.1859, valid_pr-0.7678
epoch-405, train_loss-0.1069, train_rmse-0.3269, valid_rmse-1.1843, valid_pr-0.7675
epoch-406, train_loss-0.0964, train_rmse-0.3105, valid_rmse-1.1827, valid_pr-0.7688
Validation : valid_rmse-1.1827, valid_pr-0.7688, 
test2013_rmse-1.3169, test2013_pr-0.8472, test2016_rmse-1.1564, test2016_pr-0.8587, test2019_rmse-1.3634, test2019_pr-0.6537
epoch-407, train_loss-0.1010, train_rmse-0.3178, valid_rmse-1.1894, valid_pr-0.7658
epoch-408, train_loss-0.1022, train_rmse-0.3197, valid_rmse-1.1881, valid_pr-0.7674
epoch-409, train_loss-0.0994, train_rmse-0.3152, valid_rmse-1.1912, valid_pr-0.7673
epoch-410, train_loss-0.1058, train_rmse-0.3252, valid_rmse-1.1923, valid_pr-0.7655
epoch-411, train_loss-0.0963, train_rmse-0.3104, valid_rmse-1.1869, valid_pr-0.7669
epoch-412, train_loss-0.0947, train_rmse-0.3078, valid_rmse-1.1848, valid_pr-0.7675
epoch-413, train_loss-0.1044, train_rmse-0.3231, valid_rmse-1.1913, valid_pr-0.7651
epoch-414, train_loss-0.0980, train_rmse-0.3131, valid_rmse-1.1864, valid_pr-0.7673
epoch-415, train_loss-0.0977, train_rmse-0.3126, valid_rmse-1.1893, valid_pr-0.7670
epoch-416, train_loss-0.1018, train_rmse-0.3190, valid_rmse-1.1856, valid_pr-0.7667
epoch-417, train_loss-0.0969, train_rmse-0.3112, valid_rmse-1.1838, valid_pr-0.7685
epoch-418, train_loss-0.1018, train_rmse-0.3190, valid_rmse-1.1924, valid_pr-0.7664
epoch-419, train_loss-0.0972, train_rmse-0.3117, valid_rmse-1.1918, valid_pr-0.7666
epoch-420, train_loss-0.0986, train_rmse-0.3140, valid_rmse-1.1957, valid_pr-0.7640
epoch-421, train_loss-0.0982, train_rmse-0.3133, valid_rmse-1.1909, valid_pr-0.7654
epoch-422, train_loss-0.1021, train_rmse-0.3195, valid_rmse-1.1899, valid_pr-0.7652
epoch-423, train_loss-0.1041, train_rmse-0.3227, valid_rmse-1.1915, valid_pr-0.7658
epoch-424, train_loss-0.0983, train_rmse-0.3136, valid_rmse-1.1893, valid_pr-0.7656
epoch-425, train_loss-0.0915, train_rmse-0.3025, valid_rmse-1.1805, valid_pr-0.7698
Validation : valid_rmse-1.1805, valid_pr-0.7698, 
test2013_rmse-1.2830, test2013_pr-0.8505, test2016_rmse-1.1330, test2016_pr-0.8597, test2019_rmse-1.3672, test2019_pr-0.6559
epoch-426, train_loss-0.0980, train_rmse-0.3131, valid_rmse-1.1848, valid_pr-0.7683
epoch-427, train_loss-0.0957, train_rmse-0.3094, valid_rmse-1.1921, valid_pr-0.7655
epoch-428, train_loss-0.0984, train_rmse-0.3137, valid_rmse-1.1890, valid_pr-0.7669
epoch-429, train_loss-0.1022, train_rmse-0.3197, valid_rmse-1.1851, valid_pr-0.7674
epoch-430, train_loss-0.1013, train_rmse-0.3183, valid_rmse-1.2025, valid_pr-0.7632
epoch-431, train_loss-0.1048, train_rmse-0.3237, valid_rmse-1.1890, valid_pr-0.7667
epoch-432, train_loss-0.1078, train_rmse-0.3283, valid_rmse-1.1897, valid_pr-0.7659
epoch-433, train_loss-0.0929, train_rmse-0.3048, valid_rmse-1.1915, valid_pr-0.7658
epoch-434, train_loss-0.0950, train_rmse-0.3082, valid_rmse-1.1996, valid_pr-0.7625
epoch-435, train_loss-0.1063, train_rmse-0.3260, valid_rmse-1.1953, valid_pr-0.7666
epoch-436, train_loss-0.1039, train_rmse-0.3224, valid_rmse-1.1883, valid_pr-0.7673
epoch-437, train_loss-0.0968, train_rmse-0.3112, valid_rmse-1.1909, valid_pr-0.7672
epoch-438, train_loss-0.0960, train_rmse-0.3099, valid_rmse-1.1859, valid_pr-0.7688
epoch-439, train_loss-0.1019, train_rmse-0.3192, valid_rmse-1.1913, valid_pr-0.7661
epoch-440, train_loss-0.0949, train_rmse-0.3081, valid_rmse-1.1901, valid_pr-0.7648
epoch-441, train_loss-0.1031, train_rmse-0.3211, valid_rmse-1.1872, valid_pr-0.7670
epoch-442, train_loss-0.0941, train_rmse-0.3067, valid_rmse-1.1958, valid_pr-0.7641
epoch-443, train_loss-0.0912, train_rmse-0.3019, valid_rmse-1.1835, valid_pr-0.7680
epoch-444, train_loss-0.0955, train_rmse-0.3090, valid_rmse-1.1903, valid_pr-0.7673
epoch-445, train_loss-0.1035, train_rmse-0.3218, valid_rmse-1.1950, valid_pr-0.7649
epoch-446, train_loss-0.1001, train_rmse-0.3164, valid_rmse-1.1898, valid_pr-0.7651
epoch-447, train_loss-0.0938, train_rmse-0.3062, valid_rmse-1.2055, valid_pr-0.7643
epoch-448, train_loss-0.1095, train_rmse-0.3308, valid_rmse-1.1928, valid_pr-0.7659
epoch-449, train_loss-0.1031, train_rmse-0.3212, valid_rmse-1.1913, valid_pr-0.7651
epoch-450, train_loss-0.1020, train_rmse-0.3193, valid_rmse-1.1895, valid_pr-0.7663
epoch-451, train_loss-0.0934, train_rmse-0.3057, valid_rmse-1.1966, valid_pr-0.7664
epoch-452, train_loss-0.0945, train_rmse-0.3074, valid_rmse-1.1929, valid_pr-0.7659
epoch-453, train_loss-0.1074, train_rmse-0.3276, valid_rmse-1.1970, valid_pr-0.7649
epoch-454, train_loss-0.1040, train_rmse-0.3224, valid_rmse-1.1942, valid_pr-0.7656
epoch-455, train_loss-0.1090, train_rmse-0.3302, valid_rmse-1.1845, valid_pr-0.7672
epoch-456, train_loss-0.1016, train_rmse-0.3187, valid_rmse-1.1888, valid_pr-0.7662
epoch-457, train_loss-0.1018, train_rmse-0.3190, valid_rmse-1.1904, valid_pr-0.7674
epoch-458, train_loss-0.1000, train_rmse-0.3162, valid_rmse-1.1883, valid_pr-0.7656
epoch-459, train_loss-0.0994, train_rmse-0.3153, valid_rmse-1.1929, valid_pr-0.7650
epoch-460, train_loss-0.1027, train_rmse-0.3204, valid_rmse-1.1941, valid_pr-0.7643
epoch-461, train_loss-0.0967, train_rmse-0.3110, valid_rmse-1.1937, valid_pr-0.7665
epoch-462, train_loss-0.0960, train_rmse-0.3098, valid_rmse-1.1879, valid_pr-0.7675
epoch-463, train_loss-0.0947, train_rmse-0.3078, valid_rmse-1.1888, valid_pr-0.7661
epoch-464, train_loss-0.0993, train_rmse-0.3151, valid_rmse-1.1842, valid_pr-0.7674
epoch-465, train_loss-0.1056, train_rmse-0.3250, valid_rmse-1.1853, valid_pr-0.7680
epoch-466, train_loss-0.0957, train_rmse-0.3094, valid_rmse-1.1901, valid_pr-0.7665
epoch-467, train_loss-0.0988, train_rmse-0.3143, valid_rmse-1.1858, valid_pr-0.7675
epoch-468, train_loss-0.0860, train_rmse-0.2933, valid_rmse-1.1839, valid_pr-0.7675
epoch-469, train_loss-0.1025, train_rmse-0.3202, valid_rmse-1.1930, valid_pr-0.7657
epoch-470, train_loss-0.0888, train_rmse-0.2979, valid_rmse-1.1839, valid_pr-0.7680
epoch-471, train_loss-0.0896, train_rmse-0.2994, valid_rmse-1.1907, valid_pr-0.7656
epoch-472, train_loss-0.0960, train_rmse-0.3098, valid_rmse-1.1869, valid_pr-0.7668
epoch-473, train_loss-0.0972, train_rmse-0.3118, valid_rmse-1.1881, valid_pr-0.7663
epoch-474, train_loss-0.1022, train_rmse-0.3197, valid_rmse-1.1901, valid_pr-0.7656
epoch-475, train_loss-0.0948, train_rmse-0.3079, valid_rmse-1.1901, valid_pr-0.7667
epoch-476, train_loss-0.0924, train_rmse-0.3040, valid_rmse-1.1846, valid_pr-0.7677
epoch-477, train_loss-0.0928, train_rmse-0.3046, valid_rmse-1.1916, valid_pr-0.7649
epoch-478, train_loss-0.0900, train_rmse-0.2999, valid_rmse-1.1848, valid_pr-0.7674
epoch-479, train_loss-0.0992, train_rmse-0.3149, valid_rmse-1.1855, valid_pr-0.7683
epoch-480, train_loss-0.0890, train_rmse-0.2983, valid_rmse-1.1916, valid_pr-0.7674
epoch-481, train_loss-0.0977, train_rmse-0.3125, valid_rmse-1.1918, valid_pr-0.7679
epoch-482, train_loss-0.0914, train_rmse-0.3023, valid_rmse-1.1848, valid_pr-0.7684
epoch-483, train_loss-0.0976, train_rmse-0.3124, valid_rmse-1.1840, valid_pr-0.7681
epoch-484, train_loss-0.0915, train_rmse-0.3025, valid_rmse-1.1885, valid_pr-0.7683
epoch-485, train_loss-0.0925, train_rmse-0.3041, valid_rmse-1.1816, valid_pr-0.7694
epoch-486, train_loss-0.0819, train_rmse-0.2862, valid_rmse-1.1834, valid_pr-0.7683
epoch-487, train_loss-0.0914, train_rmse-0.3024, valid_rmse-1.1865, valid_pr-0.7695
epoch-488, train_loss-0.0842, train_rmse-0.2901, valid_rmse-1.1813, valid_pr-0.7692
epoch-489, train_loss-0.0843, train_rmse-0.2903, valid_rmse-1.1808, valid_pr-0.7696
epoch-490, train_loss-0.0956, train_rmse-0.3091, valid_rmse-1.1807, valid_pr-0.7705
epoch-491, train_loss-0.0923, train_rmse-0.3039, valid_rmse-1.1850, valid_pr-0.7688
epoch-492, train_loss-0.0884, train_rmse-0.2974, valid_rmse-1.1790, valid_pr-0.7701
Validation : valid_rmse-1.1790, valid_pr-0.7701, 
test2013_rmse-1.2962, test2013_pr-0.8493, test2016_rmse-1.1476, test2016_pr-0.8570, test2019_rmse-1.3607, test2019_pr-0.6567
epoch-493, train_loss-0.0882, train_rmse-0.2969, valid_rmse-1.1811, valid_pr-0.7696
epoch-494, train_loss-0.0898, train_rmse-0.2996, valid_rmse-1.1837, valid_pr-0.7683
epoch-495, train_loss-0.0921, train_rmse-0.3034, valid_rmse-1.1801, valid_pr-0.7694
epoch-496, train_loss-0.0886, train_rmse-0.2976, valid_rmse-1.1855, valid_pr-0.7687
epoch-497, train_loss-0.0858, train_rmse-0.2928, valid_rmse-1.1811, valid_pr-0.7695
epoch-498, train_loss-0.0907, train_rmse-0.3012, valid_rmse-1.1874, valid_pr-0.7672
epoch-499, train_loss-0.1014, train_rmse-0.3185, valid_rmse-1.1850, valid_pr-0.7683
epoch-500, train_loss-0.0890, train_rmse-0.2984, valid_rmse-1.1886, valid_pr-0.7680
epoch-501, train_loss-0.0910, train_rmse-0.3016, valid_rmse-1.1892, valid_pr-0.7669
epoch-502, train_loss-0.0806, train_rmse-0.2840, valid_rmse-1.1869, valid_pr-0.7676
epoch-503, train_loss-0.0842, train_rmse-0.2902, valid_rmse-1.1867, valid_pr-0.7684
epoch-504, train_loss-0.0876, train_rmse-0.2960, valid_rmse-1.1842, valid_pr-0.7690
epoch-505, train_loss-0.0875, train_rmse-0.2958, valid_rmse-1.1841, valid_pr-0.7690
epoch-506, train_loss-0.0875, train_rmse-0.2957, valid_rmse-1.1822, valid_pr-0.7685
epoch-507, train_loss-0.0918, train_rmse-0.3029, valid_rmse-1.1868, valid_pr-0.7686
epoch-508, train_loss-0.0819, train_rmse-0.2862, valid_rmse-1.1833, valid_pr-0.7689
epoch-509, train_loss-0.0901, train_rmse-0.3002, valid_rmse-1.1843, valid_pr-0.7688
epoch-510, train_loss-0.0970, train_rmse-0.3115, valid_rmse-1.1844, valid_pr-0.7697
epoch-511, train_loss-0.0825, train_rmse-0.2872, valid_rmse-1.1787, valid_pr-0.7701
Validation : valid_rmse-1.1787, valid_pr-0.7701, 
test2013_rmse-1.2954, test2013_pr-0.8505, test2016_rmse-1.1471, test2016_pr-0.8583, test2019_rmse-1.3605, test2019_pr-0.6558
epoch-512, train_loss-0.0938, train_rmse-0.3063, valid_rmse-1.1912, valid_pr-0.7671
epoch-513, train_loss-0.0997, train_rmse-0.3157, valid_rmse-1.1806, valid_pr-0.7697
epoch-514, train_loss-0.0855, train_rmse-0.2925, valid_rmse-1.1838, valid_pr-0.7682
epoch-515, train_loss-0.0873, train_rmse-0.2954, valid_rmse-1.1841, valid_pr-0.7681
epoch-516, train_loss-0.0936, train_rmse-0.3059, valid_rmse-1.1860, valid_pr-0.7671
epoch-517, train_loss-0.0869, train_rmse-0.2949, valid_rmse-1.1928, valid_pr-0.7655
epoch-518, train_loss-0.0912, train_rmse-0.3020, valid_rmse-1.1849, valid_pr-0.7672
epoch-519, train_loss-0.0861, train_rmse-0.2934, valid_rmse-1.1854, valid_pr-0.7674
epoch-520, train_loss-0.0824, train_rmse-0.2871, valid_rmse-1.1870, valid_pr-0.7670
epoch-521, train_loss-0.0828, train_rmse-0.2877, valid_rmse-1.1832, valid_pr-0.7692
epoch-522, train_loss-0.0922, train_rmse-0.3036, valid_rmse-1.1892, valid_pr-0.7671
epoch-523, train_loss-0.0881, train_rmse-0.2968, valid_rmse-1.1849, valid_pr-0.7674
epoch-524, train_loss-0.0859, train_rmse-0.2931, valid_rmse-1.1882, valid_pr-0.7674
epoch-525, train_loss-0.0919, train_rmse-0.3032, valid_rmse-1.1877, valid_pr-0.7675
epoch-526, train_loss-0.0964, train_rmse-0.3104, valid_rmse-1.1876, valid_pr-0.7669
epoch-527, train_loss-0.0947, train_rmse-0.3078, valid_rmse-1.1831, valid_pr-0.7691
epoch-528, train_loss-0.0952, train_rmse-0.3086, valid_rmse-1.1864, valid_pr-0.7676
epoch-529, train_loss-0.0844, train_rmse-0.2905, valid_rmse-1.1873, valid_pr-0.7688
epoch-530, train_loss-0.0923, train_rmse-0.3039, valid_rmse-1.1835, valid_pr-0.7688
epoch-531, train_loss-0.0873, train_rmse-0.2955, valid_rmse-1.1859, valid_pr-0.7671
epoch-532, train_loss-0.0861, train_rmse-0.2934, valid_rmse-1.1884, valid_pr-0.7679
epoch-533, train_loss-0.0892, train_rmse-0.2987, valid_rmse-1.1828, valid_pr-0.7686
epoch-534, train_loss-0.0932, train_rmse-0.3053, valid_rmse-1.1820, valid_pr-0.7686
epoch-535, train_loss-0.0899, train_rmse-0.2999, valid_rmse-1.1869, valid_pr-0.7675
epoch-536, train_loss-0.0886, train_rmse-0.2976, valid_rmse-1.1825, valid_pr-0.7685
epoch-537, train_loss-0.0863, train_rmse-0.2938, valid_rmse-1.1868, valid_pr-0.7685
epoch-538, train_loss-0.0962, train_rmse-0.3102, valid_rmse-1.1874, valid_pr-0.7676
epoch-539, train_loss-0.0917, train_rmse-0.3028, valid_rmse-1.1805, valid_pr-0.7692
epoch-540, train_loss-0.0919, train_rmse-0.3032, valid_rmse-1.1860, valid_pr-0.7673
epoch-541, train_loss-0.0830, train_rmse-0.2881, valid_rmse-1.1811, valid_pr-0.7696
epoch-542, train_loss-0.0886, train_rmse-0.2977, valid_rmse-1.1811, valid_pr-0.7691
epoch-543, train_loss-0.0816, train_rmse-0.2856, valid_rmse-1.1820, valid_pr-0.7686
epoch-544, train_loss-0.0919, train_rmse-0.3032, valid_rmse-1.1805, valid_pr-0.7695
epoch-545, train_loss-0.0863, train_rmse-0.2937, valid_rmse-1.1840, valid_pr-0.7688
epoch-546, train_loss-0.0919, train_rmse-0.3032, valid_rmse-1.1812, valid_pr-0.7688
epoch-547, train_loss-0.0925, train_rmse-0.3041, valid_rmse-1.1863, valid_pr-0.7675
epoch-548, train_loss-0.0924, train_rmse-0.3040, valid_rmse-1.1833, valid_pr-0.7687
epoch-549, train_loss-0.0798, train_rmse-0.2826, valid_rmse-1.1808, valid_pr-0.7695
epoch-550, train_loss-0.0921, train_rmse-0.3034, valid_rmse-1.1881, valid_pr-0.7678
epoch-551, train_loss-0.0957, train_rmse-0.3094, valid_rmse-1.1817, valid_pr-0.7698
epoch-552, train_loss-0.0861, train_rmse-0.2934, valid_rmse-1.1779, valid_pr-0.7703
Validation : valid_rmse-1.1779, valid_pr-0.7703, 
test2013_rmse-1.3205, test2013_pr-0.8468, test2016_rmse-1.1586, test2016_pr-0.8577, test2019_rmse-1.3553, test2019_pr-0.6566
epoch-553, train_loss-0.0900, train_rmse-0.3000, valid_rmse-1.1821, valid_pr-0.7689
epoch-554, train_loss-0.0935, train_rmse-0.3057, valid_rmse-1.1821, valid_pr-0.7688
epoch-555, train_loss-0.0907, train_rmse-0.3012, valid_rmse-1.1835, valid_pr-0.7683
epoch-556, train_loss-0.0941, train_rmse-0.3068, valid_rmse-1.1845, valid_pr-0.7689
epoch-557, train_loss-0.0854, train_rmse-0.2923, valid_rmse-1.1842, valid_pr-0.7677
epoch-558, train_loss-0.0916, train_rmse-0.3027, valid_rmse-1.1816, valid_pr-0.7701
epoch-559, train_loss-0.0937, train_rmse-0.3062, valid_rmse-1.1855, valid_pr-0.7690
epoch-560, train_loss-0.0903, train_rmse-0.3006, valid_rmse-1.1786, valid_pr-0.7704
epoch-561, train_loss-0.0918, train_rmse-0.3029, valid_rmse-1.1915, valid_pr-0.7676
epoch-562, train_loss-0.0921, train_rmse-0.3036, valid_rmse-1.1796, valid_pr-0.7698
epoch-563, train_loss-0.0953, train_rmse-0.3087, valid_rmse-1.1820, valid_pr-0.7698
epoch-564, train_loss-0.0833, train_rmse-0.2886, valid_rmse-1.1842, valid_pr-0.7695
epoch-565, train_loss-0.0886, train_rmse-0.2977, valid_rmse-1.1804, valid_pr-0.7694
epoch-566, train_loss-0.0867, train_rmse-0.2945, valid_rmse-1.1841, valid_pr-0.7688
epoch-567, train_loss-0.0848, train_rmse-0.2912, valid_rmse-1.1800, valid_pr-0.7698
epoch-568, train_loss-0.0875, train_rmse-0.2957, valid_rmse-1.1829, valid_pr-0.7690
epoch-569, train_loss-0.0906, train_rmse-0.3009, valid_rmse-1.1862, valid_pr-0.7681
epoch-570, train_loss-0.0837, train_rmse-0.2893, valid_rmse-1.1797, valid_pr-0.7704
epoch-571, train_loss-0.0828, train_rmse-0.2877, valid_rmse-1.1830, valid_pr-0.7691
epoch-572, train_loss-0.0845, train_rmse-0.2906, valid_rmse-1.1779, valid_pr-0.7706
Validation : valid_rmse-1.1779, valid_pr-0.7706, 
test2013_rmse-1.3066, test2013_pr-0.8511, test2016_rmse-1.1466, test2016_pr-0.8606, test2019_rmse-1.3567, test2019_pr-0.6569
epoch-573, train_loss-0.0850, train_rmse-0.2916, valid_rmse-1.1826, valid_pr-0.7692
epoch-574, train_loss-0.0845, train_rmse-0.2906, valid_rmse-1.1764, valid_pr-0.7711
Validation : valid_rmse-1.1764, valid_pr-0.7711, 
test2013_rmse-1.2846, test2013_pr-0.8540, test2016_rmse-1.1295, test2016_pr-0.8632, test2019_rmse-1.3584, test2019_pr-0.6573
epoch-575, train_loss-0.0843, train_rmse-0.2904, valid_rmse-1.1808, valid_pr-0.7706
epoch-576, train_loss-0.0885, train_rmse-0.2975, valid_rmse-1.1808, valid_pr-0.7709
epoch-577, train_loss-0.0828, train_rmse-0.2878, valid_rmse-1.1881, valid_pr-0.7681
epoch-578, train_loss-0.0822, train_rmse-0.2867, valid_rmse-1.1803, valid_pr-0.7698
epoch-579, train_loss-0.0802, train_rmse-0.2832, valid_rmse-1.1848, valid_pr-0.7689
epoch-580, train_loss-0.0836, train_rmse-0.2891, valid_rmse-1.1745, valid_pr-0.7723
Validation : valid_rmse-1.1745, valid_pr-0.7723, 
test2013_rmse-1.2856, test2013_pr-0.8542, test2016_rmse-1.1386, test2016_pr-0.8609, test2019_rmse-1.3609, test2019_pr-0.6563
epoch-581, train_loss-0.0887, train_rmse-0.2978, valid_rmse-1.1816, valid_pr-0.7703
epoch-582, train_loss-0.0855, train_rmse-0.2924, valid_rmse-1.1838, valid_pr-0.7700
epoch-583, train_loss-0.0853, train_rmse-0.2921, valid_rmse-1.1807, valid_pr-0.7707
epoch-584, train_loss-0.0879, train_rmse-0.2964, valid_rmse-1.1788, valid_pr-0.7697
epoch-585, train_loss-0.0885, train_rmse-0.2975, valid_rmse-1.1855, valid_pr-0.7681
epoch-586, train_loss-0.0849, train_rmse-0.2914, valid_rmse-1.1811, valid_pr-0.7695
epoch-587, train_loss-0.0907, train_rmse-0.3011, valid_rmse-1.1801, valid_pr-0.7701
epoch-588, train_loss-0.0763, train_rmse-0.2762, valid_rmse-1.1819, valid_pr-0.7692
epoch-589, train_loss-0.0881, train_rmse-0.2968, valid_rmse-1.1793, valid_pr-0.7701
epoch-590, train_loss-0.0900, train_rmse-0.3000, valid_rmse-1.1811, valid_pr-0.7701
epoch-591, train_loss-0.0940, train_rmse-0.3066, valid_rmse-1.1837, valid_pr-0.7690
epoch-592, train_loss-0.0907, train_rmse-0.3011, valid_rmse-1.1772, valid_pr-0.7716
epoch-593, train_loss-0.0889, train_rmse-0.2982, valid_rmse-1.1781, valid_pr-0.7705
epoch-594, train_loss-0.0908, train_rmse-0.3014, valid_rmse-1.1803, valid_pr-0.7697
epoch-595, train_loss-0.0925, train_rmse-0.3042, valid_rmse-1.1818, valid_pr-0.7689
epoch-596, train_loss-0.0869, train_rmse-0.2948, valid_rmse-1.1845, valid_pr-0.7683
epoch-597, train_loss-0.0824, train_rmse-0.2871, valid_rmse-1.1883, valid_pr-0.7682
epoch-598, train_loss-0.0831, train_rmse-0.2883, valid_rmse-1.1804, valid_pr-0.7702
epoch-599, train_loss-0.0909, train_rmse-0.3015, valid_rmse-1.1792, valid_pr-0.7699
epoch-600, train_loss-0.0843, train_rmse-0.2904, valid_rmse-1.1840, valid_pr-0.7677
epoch-601, train_loss-0.0929, train_rmse-0.3048, valid_rmse-1.1853, valid_pr-0.7691
epoch-602, train_loss-0.0897, train_rmse-0.2995, valid_rmse-1.1794, valid_pr-0.7704
epoch-603, train_loss-0.0862, train_rmse-0.2936, valid_rmse-1.1838, valid_pr-0.7703
epoch-604, train_loss-0.0906, train_rmse-0.3010, valid_rmse-1.1836, valid_pr-0.7700
epoch-605, train_loss-0.0839, train_rmse-0.2897, valid_rmse-1.1818, valid_pr-0.7708
epoch-606, train_loss-0.0882, train_rmse-0.2970, valid_rmse-1.1819, valid_pr-0.7702
epoch-607, train_loss-0.0922, train_rmse-0.3037, valid_rmse-1.1772, valid_pr-0.7711
epoch-608, train_loss-0.0798, train_rmse-0.2825, valid_rmse-1.1833, valid_pr-0.7690
epoch-609, train_loss-0.0907, train_rmse-0.3012, valid_rmse-1.1823, valid_pr-0.7700
epoch-610, train_loss-0.0840, train_rmse-0.2898, valid_rmse-1.1832, valid_pr-0.7695
epoch-611, train_loss-0.0872, train_rmse-0.2952, valid_rmse-1.1830, valid_pr-0.7686
epoch-612, train_loss-0.0788, train_rmse-0.2806, valid_rmse-1.1895, valid_pr-0.7677
epoch-613, train_loss-0.0901, train_rmse-0.3001, valid_rmse-1.1856, valid_pr-0.7673
epoch-614, train_loss-0.0865, train_rmse-0.2941, valid_rmse-1.1815, valid_pr-0.7688
epoch-615, train_loss-0.0846, train_rmse-0.2909, valid_rmse-1.1807, valid_pr-0.7701
epoch-616, train_loss-0.0891, train_rmse-0.2984, valid_rmse-1.1781, valid_pr-0.7701
epoch-617, train_loss-0.0899, train_rmse-0.2998, valid_rmse-1.1840, valid_pr-0.7691
epoch-618, train_loss-0.0884, train_rmse-0.2974, valid_rmse-1.1816, valid_pr-0.7693
epoch-619, train_loss-0.0950, train_rmse-0.3082, valid_rmse-1.1854, valid_pr-0.7691
epoch-620, train_loss-0.0813, train_rmse-0.2852, valid_rmse-1.1830, valid_pr-0.7697
epoch-621, train_loss-0.0868, train_rmse-0.2947, valid_rmse-1.1845, valid_pr-0.7682
epoch-622, train_loss-0.0925, train_rmse-0.3041, valid_rmse-1.1830, valid_pr-0.7688
epoch-623, train_loss-0.0835, train_rmse-0.2889, valid_rmse-1.1794, valid_pr-0.7698
epoch-624, train_loss-0.0832, train_rmse-0.2884, valid_rmse-1.1795, valid_pr-0.7696
epoch-625, train_loss-0.0826, train_rmse-0.2875, valid_rmse-1.1825, valid_pr-0.7695
epoch-626, train_loss-0.0834, train_rmse-0.2888, valid_rmse-1.1816, valid_pr-0.7694
epoch-627, train_loss-0.0897, train_rmse-0.2996, valid_rmse-1.1804, valid_pr-0.7702
epoch-628, train_loss-0.0840, train_rmse-0.2898, valid_rmse-1.1797, valid_pr-0.7702
epoch-629, train_loss-0.0808, train_rmse-0.2842, valid_rmse-1.1778, valid_pr-0.7706
epoch-630, train_loss-0.0836, train_rmse-0.2891, valid_rmse-1.1761, valid_pr-0.7713
epoch-631, train_loss-0.0802, train_rmse-0.2833, valid_rmse-1.1765, valid_pr-0.7715
epoch-632, train_loss-0.0877, train_rmse-0.2961, valid_rmse-1.1782, valid_pr-0.7706
epoch-633, train_loss-0.0879, train_rmse-0.2964, valid_rmse-1.1772, valid_pr-0.7707
epoch-634, train_loss-0.0813, train_rmse-0.2851, valid_rmse-1.1780, valid_pr-0.7708
epoch-635, train_loss-0.0859, train_rmse-0.2931, valid_rmse-1.1810, valid_pr-0.7700
epoch-636, train_loss-0.0810, train_rmse-0.2847, valid_rmse-1.1824, valid_pr-0.7702
epoch-637, train_loss-0.0871, train_rmse-0.2952, valid_rmse-1.1796, valid_pr-0.7714
epoch-638, train_loss-0.0878, train_rmse-0.2964, valid_rmse-1.1770, valid_pr-0.7708
epoch-639, train_loss-0.0936, train_rmse-0.3060, valid_rmse-1.1845, valid_pr-0.7696
epoch-640, train_loss-0.0844, train_rmse-0.2904, valid_rmse-1.1780, valid_pr-0.7710
epoch-641, train_loss-0.0814, train_rmse-0.2852, valid_rmse-1.1753, valid_pr-0.7717
epoch-642, train_loss-0.0772, train_rmse-0.2779, valid_rmse-1.1882, valid_pr-0.7707
epoch-643, train_loss-0.0802, train_rmse-0.2832, valid_rmse-1.1825, valid_pr-0.7708
epoch-644, train_loss-0.0804, train_rmse-0.2835, valid_rmse-1.1765, valid_pr-0.7724
epoch-645, train_loss-0.0884, train_rmse-0.2974, valid_rmse-1.1783, valid_pr-0.7717
epoch-646, train_loss-0.0809, train_rmse-0.2843, valid_rmse-1.1766, valid_pr-0.7715
epoch-647, train_loss-0.0838, train_rmse-0.2894, valid_rmse-1.1764, valid_pr-0.7717
epoch-648, train_loss-0.0888, train_rmse-0.2981, valid_rmse-1.1814, valid_pr-0.7709
epoch-649, train_loss-0.0972, train_rmse-0.3117, valid_rmse-1.1772, valid_pr-0.7706
epoch-650, train_loss-0.0861, train_rmse-0.2935, valid_rmse-1.1775, valid_pr-0.7705
epoch-651, train_loss-0.0786, train_rmse-0.2804, valid_rmse-1.1795, valid_pr-0.7711
epoch-652, train_loss-0.0834, train_rmse-0.2887, valid_rmse-1.1820, valid_pr-0.7710
epoch-653, train_loss-0.0913, train_rmse-0.3021, valid_rmse-1.1812, valid_pr-0.7708
epoch-654, train_loss-0.0843, train_rmse-0.2904, valid_rmse-1.1791, valid_pr-0.7703
epoch-655, train_loss-0.0866, train_rmse-0.2943, valid_rmse-1.1764, valid_pr-0.7711
epoch-656, train_loss-0.0826, train_rmse-0.2874, valid_rmse-1.1789, valid_pr-0.7710
epoch-657, train_loss-0.0820, train_rmse-0.2864, valid_rmse-1.1780, valid_pr-0.7712
epoch-658, train_loss-0.0774, train_rmse-0.2783, valid_rmse-1.1777, valid_pr-0.7706
epoch-659, train_loss-0.0864, train_rmse-0.2939, valid_rmse-1.1785, valid_pr-0.7708
epoch-660, train_loss-0.0776, train_rmse-0.2786, valid_rmse-1.1845, valid_pr-0.7694
epoch-661, train_loss-0.0830, train_rmse-0.2880, valid_rmse-1.1821, valid_pr-0.7696
epoch-662, train_loss-0.0769, train_rmse-0.2773, valid_rmse-1.1781, valid_pr-0.7710
epoch-663, train_loss-0.0801, train_rmse-0.2830, valid_rmse-1.1834, valid_pr-0.7698
epoch-664, train_loss-0.0797, train_rmse-0.2822, valid_rmse-1.1785, valid_pr-0.7709
epoch-665, train_loss-0.0789, train_rmse-0.2808, valid_rmse-1.1798, valid_pr-0.7703
epoch-666, train_loss-0.0883, train_rmse-0.2972, valid_rmse-1.1799, valid_pr-0.7712
epoch-667, train_loss-0.0832, train_rmse-0.2884, valid_rmse-1.1756, valid_pr-0.7714
epoch-668, train_loss-0.0776, train_rmse-0.2785, valid_rmse-1.1792, valid_pr-0.7705
epoch-669, train_loss-0.0753, train_rmse-0.2743, valid_rmse-1.1837, valid_pr-0.7708
epoch-670, train_loss-0.0844, train_rmse-0.2905, valid_rmse-1.1785, valid_pr-0.7704
epoch-671, train_loss-0.0833, train_rmse-0.2886, valid_rmse-1.1821, valid_pr-0.7705
epoch-672, train_loss-0.0830, train_rmse-0.2881, valid_rmse-1.1788, valid_pr-0.7702
epoch-673, train_loss-0.0867, train_rmse-0.2944, valid_rmse-1.1777, valid_pr-0.7711
epoch-674, train_loss-0.0801, train_rmse-0.2830, valid_rmse-1.1786, valid_pr-0.7705
epoch-675, train_loss-0.0780, train_rmse-0.2793, valid_rmse-1.1776, valid_pr-0.7717
epoch-676, train_loss-0.0812, train_rmse-0.2849, valid_rmse-1.1737, valid_pr-0.7726
Validation : valid_rmse-1.1737, valid_pr-0.7726, 
test2013_rmse-1.2974, test2013_pr-0.8526, test2016_rmse-1.1419, test2016_pr-0.8612, test2019_rmse-1.3535, test2019_pr-0.6592
epoch-677, train_loss-0.0806, train_rmse-0.2840, valid_rmse-1.1750, valid_pr-0.7717
epoch-678, train_loss-0.0872, train_rmse-0.2954, valid_rmse-1.1773, valid_pr-0.7717
epoch-679, train_loss-0.0845, train_rmse-0.2907, valid_rmse-1.1785, valid_pr-0.7715
epoch-680, train_loss-0.0828, train_rmse-0.2877, valid_rmse-1.1774, valid_pr-0.7713
epoch-681, train_loss-0.0809, train_rmse-0.2845, valid_rmse-1.1769, valid_pr-0.7709
epoch-682, train_loss-0.0869, train_rmse-0.2947, valid_rmse-1.1755, valid_pr-0.7714
epoch-683, train_loss-0.0815, train_rmse-0.2855, valid_rmse-1.1794, valid_pr-0.7706
epoch-684, train_loss-0.0802, train_rmse-0.2833, valid_rmse-1.1797, valid_pr-0.7704
epoch-685, train_loss-0.0738, train_rmse-0.2716, valid_rmse-1.1790, valid_pr-0.7708
epoch-686, train_loss-0.0847, train_rmse-0.2910, valid_rmse-1.1788, valid_pr-0.7711
epoch-687, train_loss-0.0829, train_rmse-0.2879, valid_rmse-1.1756, valid_pr-0.7715
epoch-688, train_loss-0.0848, train_rmse-0.2912, valid_rmse-1.1717, valid_pr-0.7729
Validation : valid_rmse-1.1717, valid_pr-0.7729, 
test2013_rmse-1.2887, test2013_pr-0.8531, test2016_rmse-1.1406, test2016_pr-0.8603, test2019_rmse-1.3536, test2019_pr-0.6590
epoch-689, train_loss-0.0814, train_rmse-0.2853, valid_rmse-1.1778, valid_pr-0.7717
epoch-690, train_loss-0.0841, train_rmse-0.2900, valid_rmse-1.1770, valid_pr-0.7718
epoch-691, train_loss-0.0822, train_rmse-0.2867, valid_rmse-1.1790, valid_pr-0.7712
epoch-692, train_loss-0.0858, train_rmse-0.2930, valid_rmse-1.1780, valid_pr-0.7711
epoch-693, train_loss-0.0874, train_rmse-0.2957, valid_rmse-1.1736, valid_pr-0.7722
epoch-694, train_loss-0.0787, train_rmse-0.2805, valid_rmse-1.1810, valid_pr-0.7711
epoch-695, train_loss-0.0760, train_rmse-0.2757, valid_rmse-1.1838, valid_pr-0.7717
epoch-696, train_loss-0.0814, train_rmse-0.2853, valid_rmse-1.1796, valid_pr-0.7708
epoch-697, train_loss-0.0861, train_rmse-0.2934, valid_rmse-1.1763, valid_pr-0.7718
epoch-698, train_loss-0.0819, train_rmse-0.2861, valid_rmse-1.1784, valid_pr-0.7713
epoch-699, train_loss-0.0820, train_rmse-0.2863, valid_rmse-1.1769, valid_pr-0.7712
epoch-700, train_loss-0.0776, train_rmse-0.2786, valid_rmse-1.1800, valid_pr-0.7706
epoch-701, train_loss-0.0792, train_rmse-0.2813, valid_rmse-1.1808, valid_pr-0.7702
epoch-702, train_loss-0.0853, train_rmse-0.2920, valid_rmse-1.1837, valid_pr-0.7705
epoch-703, train_loss-0.0820, train_rmse-0.2863, valid_rmse-1.1764, valid_pr-0.7712
epoch-704, train_loss-0.0923, train_rmse-0.3038, valid_rmse-1.1816, valid_pr-0.7701
epoch-705, train_loss-0.0853, train_rmse-0.2920, valid_rmse-1.1787, valid_pr-0.7700
epoch-706, train_loss-0.0858, train_rmse-0.2930, valid_rmse-1.1797, valid_pr-0.7703
epoch-707, train_loss-0.0880, train_rmse-0.2966, valid_rmse-1.1837, valid_pr-0.7702
epoch-708, train_loss-0.0756, train_rmse-0.2749, valid_rmse-1.1783, valid_pr-0.7705
epoch-709, train_loss-0.0791, train_rmse-0.2812, valid_rmse-1.1828, valid_pr-0.7706
epoch-710, train_loss-0.0850, train_rmse-0.2916, valid_rmse-1.1812, valid_pr-0.7699
epoch-711, train_loss-0.0848, train_rmse-0.2911, valid_rmse-1.1777, valid_pr-0.7703
epoch-712, train_loss-0.0754, train_rmse-0.2746, valid_rmse-1.1827, valid_pr-0.7694
epoch-713, train_loss-0.0825, train_rmse-0.2873, valid_rmse-1.1829, valid_pr-0.7706
epoch-714, train_loss-0.0844, train_rmse-0.2904, valid_rmse-1.1752, valid_pr-0.7716
epoch-715, train_loss-0.0802, train_rmse-0.2833, valid_rmse-1.1752, valid_pr-0.7716
epoch-716, train_loss-0.0813, train_rmse-0.2852, valid_rmse-1.1767, valid_pr-0.7720
epoch-717, train_loss-0.0849, train_rmse-0.2913, valid_rmse-1.1758, valid_pr-0.7715
epoch-718, train_loss-0.0850, train_rmse-0.2915, valid_rmse-1.1784, valid_pr-0.7705
epoch-719, train_loss-0.0941, train_rmse-0.3067, valid_rmse-1.1760, valid_pr-0.7712
epoch-720, train_loss-0.0777, train_rmse-0.2787, valid_rmse-1.1733, valid_pr-0.7725
epoch-721, train_loss-0.0851, train_rmse-0.2916, valid_rmse-1.1790, valid_pr-0.7705
epoch-722, train_loss-0.0818, train_rmse-0.2860, valid_rmse-1.1813, valid_pr-0.7697
epoch-723, train_loss-0.0832, train_rmse-0.2884, valid_rmse-1.1773, valid_pr-0.7707
epoch-724, train_loss-0.0758, train_rmse-0.2753, valid_rmse-1.1791, valid_pr-0.7704
epoch-725, train_loss-0.0789, train_rmse-0.2809, valid_rmse-1.1782, valid_pr-0.7711
epoch-726, train_loss-0.0861, train_rmse-0.2934, valid_rmse-1.1786, valid_pr-0.7701
epoch-727, train_loss-0.0770, train_rmse-0.2774, valid_rmse-1.1809, valid_pr-0.7696
epoch-728, train_loss-0.0845, train_rmse-0.2906, valid_rmse-1.1787, valid_pr-0.7705
epoch-729, train_loss-0.0829, train_rmse-0.2879, valid_rmse-1.1767, valid_pr-0.7712
epoch-730, train_loss-0.0910, train_rmse-0.3017, valid_rmse-1.1854, valid_pr-0.7711
epoch-731, train_loss-0.0809, train_rmse-0.2845, valid_rmse-1.1776, valid_pr-0.7720
epoch-732, train_loss-0.0836, train_rmse-0.2892, valid_rmse-1.1766, valid_pr-0.7711
epoch-733, train_loss-0.0858, train_rmse-0.2929, valid_rmse-1.1797, valid_pr-0.7703
epoch-734, train_loss-0.0825, train_rmse-0.2871, valid_rmse-1.1812, valid_pr-0.7700
epoch-735, train_loss-0.0854, train_rmse-0.2922, valid_rmse-1.1795, valid_pr-0.7703
epoch-736, train_loss-0.0853, train_rmse-0.2921, valid_rmse-1.1769, valid_pr-0.7711
epoch-737, train_loss-0.0923, train_rmse-0.3038, valid_rmse-1.1827, valid_pr-0.7696
epoch-738, train_loss-0.0793, train_rmse-0.2816, valid_rmse-1.1780, valid_pr-0.7704
epoch-739, train_loss-0.0747, train_rmse-0.2733, valid_rmse-1.1813, valid_pr-0.7704
epoch-740, train_loss-0.0785, train_rmse-0.2802, valid_rmse-1.1783, valid_pr-0.7713
epoch-741, train_loss-0.0853, train_rmse-0.2921, valid_rmse-1.1774, valid_pr-0.7715
epoch-742, train_loss-0.0821, train_rmse-0.2866, valid_rmse-1.1777, valid_pr-0.7710
epoch-743, train_loss-0.0793, train_rmse-0.2816, valid_rmse-1.1795, valid_pr-0.7706
epoch-744, train_loss-0.0792, train_rmse-0.2815, valid_rmse-1.1780, valid_pr-0.7706
epoch-745, train_loss-0.0826, train_rmse-0.2875, valid_rmse-1.1765, valid_pr-0.7711
epoch-746, train_loss-0.0786, train_rmse-0.2804, valid_rmse-1.1749, valid_pr-0.7716
epoch-747, train_loss-0.0745, train_rmse-0.2730, valid_rmse-1.1793, valid_pr-0.7708
epoch-748, train_loss-0.0777, train_rmse-0.2787, valid_rmse-1.1764, valid_pr-0.7716
epoch-749, train_loss-0.0809, train_rmse-0.2844, valid_rmse-1.1767, valid_pr-0.7717
epoch-750, train_loss-0.0758, train_rmse-0.2752, valid_rmse-1.1803, valid_pr-0.7707
epoch-751, train_loss-0.0747, train_rmse-0.2734, valid_rmse-1.1757, valid_pr-0.7716
epoch-752, train_loss-0.0791, train_rmse-0.2813, valid_rmse-1.1764, valid_pr-0.7711
epoch-753, train_loss-0.0776, train_rmse-0.2785, valid_rmse-1.1822, valid_pr-0.7706
epoch-754, train_loss-0.0793, train_rmse-0.2816, valid_rmse-1.1737, valid_pr-0.7720
epoch-755, train_loss-0.0778, train_rmse-0.2789, valid_rmse-1.1816, valid_pr-0.7713
epoch-756, train_loss-0.0914, train_rmse-0.3023, valid_rmse-1.1805, valid_pr-0.7709
epoch-757, train_loss-0.0842, train_rmse-0.2902, valid_rmse-1.1772, valid_pr-0.7710
epoch-758, train_loss-0.0851, train_rmse-0.2918, valid_rmse-1.1834, valid_pr-0.7707
epoch-759, train_loss-0.0831, train_rmse-0.2882, valid_rmse-1.1835, valid_pr-0.7712
epoch-760, train_loss-0.0895, train_rmse-0.2992, valid_rmse-1.1811, valid_pr-0.7706
epoch-761, train_loss-0.0813, train_rmse-0.2851, valid_rmse-1.1752, valid_pr-0.7716
epoch-762, train_loss-0.0825, train_rmse-0.2873, valid_rmse-1.1753, valid_pr-0.7715
epoch-763, train_loss-0.0839, train_rmse-0.2897, valid_rmse-1.1771, valid_pr-0.7715
epoch-764, train_loss-0.0780, train_rmse-0.2792, valid_rmse-1.1736, valid_pr-0.7723
epoch-765, train_loss-0.0751, train_rmse-0.2740, valid_rmse-1.1773, valid_pr-0.7716
epoch-766, train_loss-0.0812, train_rmse-0.2849, valid_rmse-1.1802, valid_pr-0.7718
epoch-767, train_loss-0.0734, train_rmse-0.2710, valid_rmse-1.1771, valid_pr-0.7717
epoch-768, train_loss-0.0798, train_rmse-0.2825, valid_rmse-1.1766, valid_pr-0.7712
epoch-769, train_loss-0.0838, train_rmse-0.2895, valid_rmse-1.1756, valid_pr-0.7712
epoch-770, train_loss-0.0776, train_rmse-0.2786, valid_rmse-1.1780, valid_pr-0.7707
epoch-771, train_loss-0.0751, train_rmse-0.2740, valid_rmse-1.1790, valid_pr-0.7699
epoch-772, train_loss-0.0824, train_rmse-0.2871, valid_rmse-1.1783, valid_pr-0.7703
epoch-773, train_loss-0.0819, train_rmse-0.2861, valid_rmse-1.1788, valid_pr-0.7707
epoch-774, train_loss-0.0756, train_rmse-0.2750, valid_rmse-1.1762, valid_pr-0.7712
epoch-775, train_loss-0.0798, train_rmse-0.2824, valid_rmse-1.1772, valid_pr-0.7712
epoch-776, train_loss-0.0791, train_rmse-0.2812, valid_rmse-1.1783, valid_pr-0.7710
epoch-777, train_loss-0.0782, train_rmse-0.2796, valid_rmse-1.1778, valid_pr-0.7707
epoch-778, train_loss-0.0795, train_rmse-0.2819, valid_rmse-1.1776, valid_pr-0.7712
epoch-779, train_loss-0.0744, train_rmse-0.2727, valid_rmse-1.1824, valid_pr-0.7716
epoch-780, train_loss-0.0809, train_rmse-0.2845, valid_rmse-1.1775, valid_pr-0.7710
epoch-781, train_loss-0.0847, train_rmse-0.2911, valid_rmse-1.1757, valid_pr-0.7715
epoch-782, train_loss-0.0854, train_rmse-0.2922, valid_rmse-1.1752, valid_pr-0.7716
epoch-783, train_loss-0.0791, train_rmse-0.2812, valid_rmse-1.1788, valid_pr-0.7705
epoch-784, train_loss-0.0938, train_rmse-0.3063, valid_rmse-1.1765, valid_pr-0.7715
epoch-785, train_loss-0.0822, train_rmse-0.2867, valid_rmse-1.1759, valid_pr-0.7711
epoch-786, train_loss-0.0859, train_rmse-0.2931, valid_rmse-1.1789, valid_pr-0.7709
epoch-787, train_loss-0.0752, train_rmse-0.2743, valid_rmse-1.1754, valid_pr-0.7717
epoch-788, train_loss-0.0801, train_rmse-0.2831, valid_rmse-1.1809, valid_pr-0.7709
epoch-789, train_loss-0.0738, train_rmse-0.2717, valid_rmse-1.1758, valid_pr-0.7712
early stop in epoch 789
best_rmse: 1.1717
valid_rmse-1.1717, valid_pr-0.7729, test2013_rmse-1.2887, test2013_pr-0.8531, test2016_rmse-1.1406, test2016_pr-0.8603, test2019_rmse-1.3536, test2019_pr-0.6590
