ours-lrs-0.001-28-156, lr=0.001, seed=936
train_GIGN.py
train data: 11904
valid data: 1000
test2013 data: 107
test2016 data: 285
test2019 data: 4366
GIGN params # : 1331241
epoch-0, train_loss-15.3747, train_rmse-3.9211, valid_rmse-2.1822, valid_pr-0.4094
Validation : valid_rmse-2.1822, valid_pr-0.4094, 
test2013_rmse-2.2669, test2013_pr-0.6030, test2016_rmse-2.1979, test2016_pr-0.6238, test2019_rmse-2.0541, test2019_pr-0.4550
epoch-1, train_loss-2.6318, train_rmse-1.6223, valid_rmse-1.4815, valid_pr-0.6069
Validation : valid_rmse-1.4815, valid_pr-0.6069, 
test2013_rmse-1.5734, test2013_pr-0.7528, test2016_rmse-1.4317, test2016_pr-0.7609, test2019_rmse-1.4253, test2019_pr-0.6182
epoch-2, train_loss-2.4329, train_rmse-1.5598, valid_rmse-1.5669, valid_pr-0.6014
epoch-3, train_loss-2.2358, train_rmse-1.4952, valid_rmse-1.5093, valid_pr-0.6184
epoch-4, train_loss-2.1005, train_rmse-1.4493, valid_rmse-1.4225, valid_pr-0.6552
Validation : valid_rmse-1.4225, valid_pr-0.6552, 
test2013_rmse-1.4680, test2013_pr-0.7817, test2016_rmse-1.3433, test2016_pr-0.7868, test2019_rmse-1.4003, test2019_pr-0.6464
epoch-5, train_loss-1.9746, train_rmse-1.4052, valid_rmse-1.5077, valid_pr-0.6261
epoch-6, train_loss-1.8345, train_rmse-1.3544, valid_rmse-1.4622, valid_pr-0.6389
epoch-7, train_loss-1.7828, train_rmse-1.3352, valid_rmse-1.4528, valid_pr-0.6523
epoch-8, train_loss-1.7125, train_rmse-1.3086, valid_rmse-1.3439, valid_pr-0.6873
Validation : valid_rmse-1.3439, valid_pr-0.6873, 
test2013_rmse-1.5477, test2013_pr-0.7708, test2016_rmse-1.4326, test2016_pr-0.7669, test2019_rmse-1.4263, test2019_pr-0.6017
epoch-9, train_loss-1.6028, train_rmse-1.2660, valid_rmse-1.4721, valid_pr-0.6482
epoch-10, train_loss-1.5600, train_rmse-1.2490, valid_rmse-1.5305, valid_pr-0.6876
epoch-11, train_loss-1.5036, train_rmse-1.2262, valid_rmse-1.6156, valid_pr-0.6398
epoch-12, train_loss-1.4149, train_rmse-1.1895, valid_rmse-1.5875, valid_pr-0.6370
epoch-13, train_loss-1.3152, train_rmse-1.1468, valid_rmse-1.7351, valid_pr-0.6270
epoch-14, train_loss-1.2943, train_rmse-1.1377, valid_rmse-1.6123, valid_pr-0.6388
epoch-15, train_loss-1.1830, train_rmse-1.0877, valid_rmse-1.3662, valid_pr-0.7010
epoch-16, train_loss-1.0983, train_rmse-1.0480, valid_rmse-1.4416, valid_pr-0.6999
epoch-17, train_loss-1.0553, train_rmse-1.0273, valid_rmse-1.5543, valid_pr-0.6854
epoch-18, train_loss-0.9876, train_rmse-0.9938, valid_rmse-1.4454, valid_pr-0.7136
epoch-19, train_loss-0.9375, train_rmse-0.9682, valid_rmse-1.3491, valid_pr-0.6878
epoch-20, train_loss-0.8872, train_rmse-0.9419, valid_rmse-1.5182, valid_pr-0.6799
epoch-21, train_loss-0.8651, train_rmse-0.9301, valid_rmse-1.4506, valid_pr-0.6405
epoch-22, train_loss-0.8223, train_rmse-0.9068, valid_rmse-1.4547, valid_pr-0.6770
epoch-23, train_loss-0.8021, train_rmse-0.8956, valid_rmse-1.3744, valid_pr-0.6919
epoch-24, train_loss-0.7621, train_rmse-0.8730, valid_rmse-1.4280, valid_pr-0.7092
epoch-25, train_loss-0.6926, train_rmse-0.8322, valid_rmse-1.3452, valid_pr-0.7262
epoch-26, train_loss-0.6983, train_rmse-0.8357, valid_rmse-1.4642, valid_pr-0.6538
epoch-27, train_loss-0.6475, train_rmse-0.8047, valid_rmse-1.4607, valid_pr-0.6974
epoch-28, train_loss-0.6043, train_rmse-0.7774, valid_rmse-1.4008, valid_pr-0.7165
epoch-29, train_loss-0.6050, train_rmse-0.7778, valid_rmse-1.3872, valid_pr-0.7085
epoch-30, train_loss-0.5860, train_rmse-0.7655, valid_rmse-1.3800, valid_pr-0.7023
epoch-31, train_loss-0.5554, train_rmse-0.7453, valid_rmse-1.4401, valid_pr-0.7018
epoch-32, train_loss-0.5448, train_rmse-0.7381, valid_rmse-1.3084, valid_pr-0.7141
Validation : valid_rmse-1.3084, valid_pr-0.7141, 
test2013_rmse-1.5845, test2013_pr-0.7368, test2016_rmse-1.3332, test2016_pr-0.7924, test2019_rmse-1.5156, test2019_pr-0.5760
epoch-33, train_loss-0.5438, train_rmse-0.7374, valid_rmse-1.3692, valid_pr-0.7229
epoch-34, train_loss-0.5614, train_rmse-0.7492, valid_rmse-1.3577, valid_pr-0.6972
epoch-35, train_loss-0.4948, train_rmse-0.7034, valid_rmse-1.3283, valid_pr-0.7150
epoch-36, train_loss-0.4968, train_rmse-0.7048, valid_rmse-1.3304, valid_pr-0.7266
epoch-37, train_loss-0.4794, train_rmse-0.6924, valid_rmse-1.5246, valid_pr-0.6643
epoch-38, train_loss-0.4918, train_rmse-0.7013, valid_rmse-1.3456, valid_pr-0.7089
epoch-39, train_loss-0.4748, train_rmse-0.6890, valid_rmse-1.4239, valid_pr-0.7013
epoch-40, train_loss-0.5045, train_rmse-0.7103, valid_rmse-1.3096, valid_pr-0.7208
epoch-41, train_loss-0.4769, train_rmse-0.6906, valid_rmse-1.3089, valid_pr-0.7238
epoch-42, train_loss-0.4379, train_rmse-0.6618, valid_rmse-1.3471, valid_pr-0.7154
epoch-43, train_loss-0.4314, train_rmse-0.6568, valid_rmse-1.3172, valid_pr-0.7158
epoch-44, train_loss-0.4303, train_rmse-0.6560, valid_rmse-1.3475, valid_pr-0.7294
epoch-45, train_loss-0.4208, train_rmse-0.6487, valid_rmse-1.3021, valid_pr-0.7336
Validation : valid_rmse-1.3021, valid_pr-0.7336, 
test2013_rmse-1.4782, test2013_pr-0.7764, test2016_rmse-1.2588, test2016_pr-0.8155, test2019_rmse-1.4810, test2019_pr-0.6332
epoch-46, train_loss-0.4117, train_rmse-0.6416, valid_rmse-1.2967, valid_pr-0.7233
Validation : valid_rmse-1.2967, valid_pr-0.7233, 
test2013_rmse-1.5137, test2013_pr-0.7611, test2016_rmse-1.2985, test2016_pr-0.8015, test2019_rmse-1.4588, test2019_pr-0.6139
epoch-47, train_loss-0.4265, train_rmse-0.6530, valid_rmse-1.3359, valid_pr-0.7105
epoch-48, train_loss-0.4171, train_rmse-0.6458, valid_rmse-1.3076, valid_pr-0.7306
epoch-49, train_loss-0.3824, train_rmse-0.6184, valid_rmse-1.3786, valid_pr-0.7081
epoch-50, train_loss-0.3916, train_rmse-0.6258, valid_rmse-1.2803, valid_pr-0.7346
Validation : valid_rmse-1.2803, valid_pr-0.7346, 
test2013_rmse-1.4579, test2013_pr-0.7851, test2016_rmse-1.2470, test2016_pr-0.8207, test2019_rmse-1.4760, test2019_pr-0.6146
epoch-51, train_loss-0.3800, train_rmse-0.6165, valid_rmse-1.2634, valid_pr-0.7349
Validation : valid_rmse-1.2634, valid_pr-0.7349, 
test2013_rmse-1.5125, test2013_pr-0.7665, test2016_rmse-1.2701, test2016_pr-0.8126, test2019_rmse-1.4594, test2019_pr-0.6129
epoch-52, train_loss-0.3623, train_rmse-0.6019, valid_rmse-1.2699, valid_pr-0.7397
epoch-53, train_loss-0.3626, train_rmse-0.6022, valid_rmse-1.3530, valid_pr-0.7019
epoch-54, train_loss-0.3329, train_rmse-0.5770, valid_rmse-1.3068, valid_pr-0.7367
epoch-55, train_loss-0.3608, train_rmse-0.6007, valid_rmse-1.3421, valid_pr-0.7191
epoch-56, train_loss-0.3676, train_rmse-0.6063, valid_rmse-1.2941, valid_pr-0.7384
epoch-57, train_loss-0.3489, train_rmse-0.5906, valid_rmse-1.3042, valid_pr-0.7430
epoch-58, train_loss-0.3346, train_rmse-0.5785, valid_rmse-1.2845, valid_pr-0.7296
epoch-59, train_loss-0.3421, train_rmse-0.5849, valid_rmse-1.3358, valid_pr-0.7354
epoch-60, train_loss-0.3342, train_rmse-0.5781, valid_rmse-1.3348, valid_pr-0.7286
epoch-61, train_loss-0.3239, train_rmse-0.5691, valid_rmse-1.2742, valid_pr-0.7438
epoch-62, train_loss-0.3131, train_rmse-0.5595, valid_rmse-1.2940, valid_pr-0.7223
epoch-63, train_loss-0.3381, train_rmse-0.5814, valid_rmse-1.3092, valid_pr-0.7289
epoch-64, train_loss-0.3401, train_rmse-0.5832, valid_rmse-1.2825, valid_pr-0.7386
epoch-65, train_loss-0.3191, train_rmse-0.5649, valid_rmse-1.3337, valid_pr-0.7360
epoch-66, train_loss-0.3209, train_rmse-0.5665, valid_rmse-1.2701, valid_pr-0.7462
epoch-67, train_loss-0.2964, train_rmse-0.5444, valid_rmse-1.2633, valid_pr-0.7403
Validation : valid_rmse-1.2633, valid_pr-0.7403, 
test2013_rmse-1.4601, test2013_pr-0.7795, test2016_rmse-1.2437, test2016_pr-0.8203, test2019_rmse-1.4543, test2019_pr-0.6303
epoch-68, train_loss-0.2981, train_rmse-0.5460, valid_rmse-1.2745, valid_pr-0.7403
epoch-69, train_loss-0.2988, train_rmse-0.5466, valid_rmse-1.3134, valid_pr-0.7421
epoch-70, train_loss-0.2870, train_rmse-0.5357, valid_rmse-1.2723, valid_pr-0.7436
epoch-71, train_loss-0.2983, train_rmse-0.5462, valid_rmse-1.2649, valid_pr-0.7408
epoch-72, train_loss-0.3123, train_rmse-0.5588, valid_rmse-1.2779, valid_pr-0.7330
epoch-73, train_loss-0.3185, train_rmse-0.5643, valid_rmse-1.2720, valid_pr-0.7353
epoch-74, train_loss-0.3041, train_rmse-0.5514, valid_rmse-1.3071, valid_pr-0.7423
epoch-75, train_loss-0.2979, train_rmse-0.5458, valid_rmse-1.2622, valid_pr-0.7381
Validation : valid_rmse-1.2622, valid_pr-0.7381, 
test2013_rmse-1.5541, test2013_pr-0.7624, test2016_rmse-1.2879, test2016_pr-0.8140, test2019_rmse-1.4289, test2019_pr-0.6215
epoch-76, train_loss-0.2836, train_rmse-0.5326, valid_rmse-1.2834, valid_pr-0.7360
epoch-77, train_loss-0.2890, train_rmse-0.5376, valid_rmse-1.3311, valid_pr-0.7260
epoch-78, train_loss-0.2934, train_rmse-0.5417, valid_rmse-1.2595, valid_pr-0.7376
Validation : valid_rmse-1.2595, valid_pr-0.7376, 
test2013_rmse-1.4814, test2013_pr-0.7750, test2016_rmse-1.2419, test2016_pr-0.8212, test2019_rmse-1.4397, test2019_pr-0.6258
epoch-79, train_loss-0.2839, train_rmse-0.5328, valid_rmse-1.2531, valid_pr-0.7414
Validation : valid_rmse-1.2531, valid_pr-0.7414, 
test2013_rmse-1.5104, test2013_pr-0.7648, test2016_rmse-1.2614, test2016_pr-0.8147, test2019_rmse-1.4406, test2019_pr-0.6267
epoch-80, train_loss-0.2731, train_rmse-0.5226, valid_rmse-1.2711, valid_pr-0.7434
epoch-81, train_loss-0.2903, train_rmse-0.5388, valid_rmse-1.3269, valid_pr-0.7114
epoch-82, train_loss-0.2709, train_rmse-0.5205, valid_rmse-1.3007, valid_pr-0.7402
epoch-83, train_loss-0.2871, train_rmse-0.5359, valid_rmse-1.2952, valid_pr-0.7347
epoch-84, train_loss-0.2715, train_rmse-0.5211, valid_rmse-1.2594, valid_pr-0.7383
epoch-85, train_loss-0.2778, train_rmse-0.5271, valid_rmse-1.2414, valid_pr-0.7466
Validation : valid_rmse-1.2414, valid_pr-0.7466, 
test2013_rmse-1.4520, test2013_pr-0.7882, test2016_rmse-1.2179, test2016_pr-0.8314, test2019_rmse-1.4210, test2019_pr-0.6335
epoch-86, train_loss-0.2692, train_rmse-0.5188, valid_rmse-1.3098, valid_pr-0.7220
epoch-87, train_loss-0.3176, train_rmse-0.5635, valid_rmse-1.2808, valid_pr-0.7408
epoch-88, train_loss-0.2952, train_rmse-0.5434, valid_rmse-1.2843, valid_pr-0.7377
epoch-89, train_loss-0.2852, train_rmse-0.5340, valid_rmse-1.2734, valid_pr-0.7408
epoch-90, train_loss-0.2669, train_rmse-0.5166, valid_rmse-1.2599, valid_pr-0.7377
epoch-91, train_loss-0.2644, train_rmse-0.5142, valid_rmse-1.2518, valid_pr-0.7406
epoch-92, train_loss-0.2633, train_rmse-0.5131, valid_rmse-1.2658, valid_pr-0.7364
epoch-93, train_loss-0.2431, train_rmse-0.4931, valid_rmse-1.2618, valid_pr-0.7373
epoch-94, train_loss-0.2389, train_rmse-0.4888, valid_rmse-1.2627, valid_pr-0.7368
epoch-95, train_loss-0.2670, train_rmse-0.5167, valid_rmse-1.3103, valid_pr-0.7299
epoch-96, train_loss-0.2385, train_rmse-0.4883, valid_rmse-1.2521, valid_pr-0.7493
epoch-97, train_loss-0.2601, train_rmse-0.5100, valid_rmse-1.2518, valid_pr-0.7426
epoch-98, train_loss-0.2519, train_rmse-0.5019, valid_rmse-1.2789, valid_pr-0.7386
epoch-99, train_loss-0.2653, train_rmse-0.5151, valid_rmse-1.2792, valid_pr-0.7361
epoch-100, train_loss-0.2465, train_rmse-0.4965, valid_rmse-1.2419, valid_pr-0.7478
epoch-101, train_loss-0.2513, train_rmse-0.5013, valid_rmse-1.2600, valid_pr-0.7459
epoch-102, train_loss-0.2380, train_rmse-0.4879, valid_rmse-1.2413, valid_pr-0.7481
Validation : valid_rmse-1.2413, valid_pr-0.7481, 
test2013_rmse-1.4905, test2013_pr-0.7799, test2016_rmse-1.2754, test2016_pr-0.8180, test2019_rmse-1.4215, test2019_pr-0.6309
epoch-103, train_loss-0.2231, train_rmse-0.4723, valid_rmse-1.3199, valid_pr-0.7209
epoch-104, train_loss-0.2426, train_rmse-0.4925, valid_rmse-1.2551, valid_pr-0.7372
epoch-105, train_loss-0.2464, train_rmse-0.4964, valid_rmse-1.2595, valid_pr-0.7453
epoch-106, train_loss-0.2389, train_rmse-0.4888, valid_rmse-1.2303, valid_pr-0.7528
Validation : valid_rmse-1.2303, valid_pr-0.7528, 
test2013_rmse-1.5174, test2013_pr-0.7651, test2016_rmse-1.2704, test2016_pr-0.8165, test2019_rmse-1.4249, test2019_pr-0.6290
epoch-107, train_loss-0.2393, train_rmse-0.4892, valid_rmse-1.2320, valid_pr-0.7541
epoch-108, train_loss-0.2453, train_rmse-0.4953, valid_rmse-1.2533, valid_pr-0.7468
epoch-109, train_loss-0.2376, train_rmse-0.4875, valid_rmse-1.2640, valid_pr-0.7379
epoch-110, train_loss-0.2356, train_rmse-0.4853, valid_rmse-1.2407, valid_pr-0.7509
epoch-111, train_loss-0.2256, train_rmse-0.4750, valid_rmse-1.2499, valid_pr-0.7500
epoch-112, train_loss-0.2389, train_rmse-0.4887, valid_rmse-1.2529, valid_pr-0.7436
epoch-113, train_loss-0.2357, train_rmse-0.4855, valid_rmse-1.2863, valid_pr-0.7389
epoch-114, train_loss-0.2308, train_rmse-0.4804, valid_rmse-1.2350, valid_pr-0.7476
epoch-115, train_loss-0.2226, train_rmse-0.4718, valid_rmse-1.2544, valid_pr-0.7472
epoch-116, train_loss-0.2023, train_rmse-0.4498, valid_rmse-1.2318, valid_pr-0.7534
epoch-117, train_loss-0.2202, train_rmse-0.4692, valid_rmse-1.2567, valid_pr-0.7472
epoch-118, train_loss-0.2133, train_rmse-0.4619, valid_rmse-1.2464, valid_pr-0.7518
epoch-119, train_loss-0.2154, train_rmse-0.4641, valid_rmse-1.2339, valid_pr-0.7526
epoch-120, train_loss-0.2094, train_rmse-0.4577, valid_rmse-1.2468, valid_pr-0.7437
epoch-121, train_loss-0.2201, train_rmse-0.4691, valid_rmse-1.2313, valid_pr-0.7510
epoch-122, train_loss-0.2293, train_rmse-0.4789, valid_rmse-1.2631, valid_pr-0.7456
epoch-123, train_loss-0.2326, train_rmse-0.4822, valid_rmse-1.2667, valid_pr-0.7436
epoch-124, train_loss-0.2267, train_rmse-0.4762, valid_rmse-1.2486, valid_pr-0.7408
epoch-125, train_loss-0.2114, train_rmse-0.4598, valid_rmse-1.2504, valid_pr-0.7488
epoch-126, train_loss-0.2053, train_rmse-0.4531, valid_rmse-1.2479, valid_pr-0.7484
epoch-127, train_loss-0.2001, train_rmse-0.4473, valid_rmse-1.2357, valid_pr-0.7513
epoch-128, train_loss-0.1934, train_rmse-0.4397, valid_rmse-1.2953, valid_pr-0.7444
epoch-129, train_loss-0.1976, train_rmse-0.4445, valid_rmse-1.2458, valid_pr-0.7468
epoch-130, train_loss-0.2036, train_rmse-0.4513, valid_rmse-1.2520, valid_pr-0.7474
epoch-131, train_loss-0.2155, train_rmse-0.4642, valid_rmse-1.2334, valid_pr-0.7479
epoch-132, train_loss-0.2156, train_rmse-0.4643, valid_rmse-1.2432, valid_pr-0.7422
epoch-133, train_loss-0.1873, train_rmse-0.4328, valid_rmse-1.2606, valid_pr-0.7344
epoch-134, train_loss-0.2083, train_rmse-0.4563, valid_rmse-1.2447, valid_pr-0.7449
epoch-135, train_loss-0.2118, train_rmse-0.4603, valid_rmse-1.2485, valid_pr-0.7465
epoch-136, train_loss-0.1927, train_rmse-0.4390, valid_rmse-1.2345, valid_pr-0.7514
epoch-137, train_loss-0.2089, train_rmse-0.4571, valid_rmse-1.2464, valid_pr-0.7435
epoch-138, train_loss-0.1984, train_rmse-0.4454, valid_rmse-1.3167, valid_pr-0.7374
epoch-139, train_loss-0.1948, train_rmse-0.4414, valid_rmse-1.2510, valid_pr-0.7434
epoch-140, train_loss-0.1984, train_rmse-0.4454, valid_rmse-1.2497, valid_pr-0.7437
epoch-141, train_loss-0.2113, train_rmse-0.4597, valid_rmse-1.2445, valid_pr-0.7525
