ours-lrs-0.001-abl-g-c, lr=0.001, seed=122
train_GIGN.py
train data: 11904
valid data: 1000
test2013 data: 107
test2016 data: 285
test2019 data: 4366
GIGN params # : 1018369
epoch-0, train_loss-17.5628, train_rmse-4.1908, valid_rmse-3.1885, valid_pr-0.3868
Validation : valid_rmse-3.1885, valid_pr-0.3868, 
test2013_rmse-2.7913, test2013_pr-0.6475, test2016_rmse-2.7001, test2016_pr-0.5921, test2019_rmse-3.2067, test2019_pr-0.3873
epoch-1, train_loss-3.9833, train_rmse-1.9958, valid_rmse-2.1424, valid_pr-0.3610
Validation : valid_rmse-2.1424, valid_pr-0.3610, 
test2013_rmse-1.9413, test2013_pr-0.6040, test2016_rmse-1.8985, test2016_pr-0.5593, test2019_rmse-2.1254, test2019_pr-0.2982
epoch-2, train_loss-2.9596, train_rmse-1.7203, valid_rmse-1.7976, valid_pr-0.4500
Validation : valid_rmse-1.7976, valid_pr-0.4500, 
test2013_rmse-1.9160, test2013_pr-0.5948, test2016_rmse-1.7680, test2016_pr-0.6057, test2019_rmse-1.7540, test2019_pr-0.4484
epoch-3, train_loss-2.5460, train_rmse-1.5956, valid_rmse-1.9562, valid_pr-0.5276
epoch-4, train_loss-2.3787, train_rmse-1.5423, valid_rmse-1.8055, valid_pr-0.5042
epoch-5, train_loss-2.2830, train_rmse-1.5110, valid_rmse-1.7717, valid_pr-0.5217
Validation : valid_rmse-1.7717, valid_pr-0.5217, 
test2013_rmse-1.6425, test2013_pr-0.7206, test2016_rmse-1.5546, test2016_pr-0.7087, test2019_rmse-1.7606, test2019_pr-0.4698
epoch-6, train_loss-2.1208, train_rmse-1.4563, valid_rmse-1.8579, valid_pr-0.6178
epoch-7, train_loss-1.9015, train_rmse-1.3789, valid_rmse-1.6327, valid_pr-0.5681
Validation : valid_rmse-1.6327, valid_pr-0.5681, 
test2013_rmse-1.7521, test2013_pr-0.6590, test2016_rmse-1.5548, test2016_pr-0.7021, test2019_rmse-1.6448, test2019_pr-0.5456
epoch-8, train_loss-1.8576, train_rmse-1.3629, valid_rmse-1.4442, valid_pr-0.6533
Validation : valid_rmse-1.4442, valid_pr-0.6533, 
test2013_rmse-1.4338, test2013_pr-0.7902, test2016_rmse-1.3884, test2016_pr-0.7719, test2019_rmse-1.5032, test2019_pr-0.5895
epoch-9, train_loss-1.7165, train_rmse-1.3102, valid_rmse-1.7224, valid_pr-0.6325
epoch-10, train_loss-1.6506, train_rmse-1.2847, valid_rmse-1.6202, valid_pr-0.6331
epoch-11, train_loss-1.5774, train_rmse-1.2559, valid_rmse-1.4852, valid_pr-0.6459
epoch-12, train_loss-1.4915, train_rmse-1.2213, valid_rmse-1.7611, valid_pr-0.6225
epoch-13, train_loss-1.3945, train_rmse-1.1809, valid_rmse-3.0907, valid_pr-0.6467
epoch-14, train_loss-1.3381, train_rmse-1.1568, valid_rmse-1.4352, valid_pr-0.6662
Validation : valid_rmse-1.4352, valid_pr-0.6662, 
test2013_rmse-1.4366, test2013_pr-0.7893, test2016_rmse-1.3334, test2016_pr-0.7902, test2019_rmse-1.5161, test2019_pr-0.6021
epoch-15, train_loss-1.3067, train_rmse-1.1431, valid_rmse-2.0469, valid_pr-0.6043
epoch-16, train_loss-1.2570, train_rmse-1.1212, valid_rmse-1.5313, valid_pr-0.6012
epoch-17, train_loss-1.1485, train_rmse-1.0717, valid_rmse-1.4934, valid_pr-0.6569
epoch-18, train_loss-1.1037, train_rmse-1.0506, valid_rmse-1.4358, valid_pr-0.6833
epoch-19, train_loss-1.0115, train_rmse-1.0057, valid_rmse-1.4105, valid_pr-0.6728
Validation : valid_rmse-1.4105, valid_pr-0.6728, 
test2013_rmse-1.5236, test2013_pr-0.7582, test2016_rmse-1.3705, test2016_pr-0.7755, test2019_rmse-1.5532, test2019_pr-0.5684
epoch-20, train_loss-0.9697, train_rmse-0.9848, valid_rmse-1.4327, valid_pr-0.6798
epoch-21, train_loss-0.9481, train_rmse-0.9737, valid_rmse-1.5549, valid_pr-0.6642
epoch-22, train_loss-0.9454, train_rmse-0.9723, valid_rmse-1.5642, valid_pr-0.6552
epoch-23, train_loss-0.8905, train_rmse-0.9437, valid_rmse-1.5750, valid_pr-0.6604
epoch-24, train_loss-0.7843, train_rmse-0.8856, valid_rmse-1.3991, valid_pr-0.6977
Validation : valid_rmse-1.3991, valid_pr-0.6977, 
test2013_rmse-1.4387, test2013_pr-0.7879, test2016_rmse-1.2938, test2016_pr-0.8059, test2019_rmse-1.5634, test2019_pr-0.5964
epoch-25, train_loss-0.7562, train_rmse-0.8696, valid_rmse-1.4287, valid_pr-0.6767
epoch-26, train_loss-0.7114, train_rmse-0.8434, valid_rmse-1.4229, valid_pr-0.6758
epoch-27, train_loss-0.7168, train_rmse-0.8466, valid_rmse-1.4402, valid_pr-0.6608
epoch-28, train_loss-0.7065, train_rmse-0.8406, valid_rmse-1.4388, valid_pr-0.6667
epoch-29, train_loss-0.6928, train_rmse-0.8323, valid_rmse-1.6424, valid_pr-0.6862
epoch-30, train_loss-0.6649, train_rmse-0.8154, valid_rmse-1.4269, valid_pr-0.6867
epoch-31, train_loss-0.6128, train_rmse-0.7828, valid_rmse-1.7965, valid_pr-0.6758
epoch-32, train_loss-0.5632, train_rmse-0.7505, valid_rmse-1.4006, valid_pr-0.7008
epoch-33, train_loss-0.6128, train_rmse-0.7828, valid_rmse-2.1800, valid_pr-0.6318
epoch-34, train_loss-0.5729, train_rmse-0.7569, valid_rmse-1.5403, valid_pr-0.6807
epoch-35, train_loss-0.5523, train_rmse-0.7432, valid_rmse-1.4415, valid_pr-0.6754
epoch-36, train_loss-0.5377, train_rmse-0.7333, valid_rmse-1.3897, valid_pr-0.6800
Validation : valid_rmse-1.3897, valid_pr-0.6800, 
test2013_rmse-1.3873, test2013_pr-0.8163, test2016_rmse-1.2647, test2016_pr-0.8173, test2019_rmse-1.5062, test2019_pr-0.5835
epoch-37, train_loss-0.5204, train_rmse-0.7214, valid_rmse-1.4119, valid_pr-0.6790
epoch-38, train_loss-0.5239, train_rmse-0.7238, valid_rmse-1.9209, valid_pr-0.6837
epoch-39, train_loss-0.4980, train_rmse-0.7057, valid_rmse-1.4155, valid_pr-0.6914
epoch-40, train_loss-0.4946, train_rmse-0.7033, valid_rmse-1.3940, valid_pr-0.6859
epoch-41, train_loss-0.4642, train_rmse-0.6813, valid_rmse-1.5473, valid_pr-0.6815
epoch-42, train_loss-0.4536, train_rmse-0.6735, valid_rmse-1.3591, valid_pr-0.6977
Validation : valid_rmse-1.3591, valid_pr-0.6977, 
test2013_rmse-1.4331, test2013_pr-0.7926, test2016_rmse-1.3115, test2016_pr-0.7970, test2019_rmse-1.5288, test2019_pr-0.5757
epoch-43, train_loss-0.4688, train_rmse-0.6847, valid_rmse-1.3918, valid_pr-0.7031
epoch-44, train_loss-0.4378, train_rmse-0.6616, valid_rmse-1.6002, valid_pr-0.6884
epoch-45, train_loss-0.4372, train_rmse-0.6612, valid_rmse-1.4013, valid_pr-0.6852
epoch-46, train_loss-0.4188, train_rmse-0.6471, valid_rmse-1.3961, valid_pr-0.6763
epoch-47, train_loss-0.4213, train_rmse-0.6491, valid_rmse-1.4110, valid_pr-0.6950
epoch-48, train_loss-0.4147, train_rmse-0.6439, valid_rmse-1.3641, valid_pr-0.7058
epoch-49, train_loss-0.4105, train_rmse-0.6407, valid_rmse-1.3947, valid_pr-0.6943
epoch-50, train_loss-0.4043, train_rmse-0.6359, valid_rmse-1.3756, valid_pr-0.6983
epoch-51, train_loss-0.3857, train_rmse-0.6210, valid_rmse-1.7337, valid_pr-0.7049
epoch-52, train_loss-0.3872, train_rmse-0.6222, valid_rmse-1.5007, valid_pr-0.7123
epoch-53, train_loss-0.3653, train_rmse-0.6044, valid_rmse-1.4204, valid_pr-0.7036
epoch-54, train_loss-0.3650, train_rmse-0.6041, valid_rmse-1.4096, valid_pr-0.7040
epoch-55, train_loss-0.3705, train_rmse-0.6087, valid_rmse-1.6250, valid_pr-0.7022
epoch-56, train_loss-0.3627, train_rmse-0.6023, valid_rmse-1.4331, valid_pr-0.7091
epoch-57, train_loss-0.3617, train_rmse-0.6014, valid_rmse-1.5179, valid_pr-0.7053
epoch-58, train_loss-0.3419, train_rmse-0.5848, valid_rmse-1.3407, valid_pr-0.7096
Validation : valid_rmse-1.3407, valid_pr-0.7096, 
test2013_rmse-1.3936, test2013_pr-0.8081, test2016_rmse-1.2621, test2016_pr-0.8188, test2019_rmse-1.4887, test2019_pr-0.6036
epoch-59, train_loss-0.3453, train_rmse-0.5876, valid_rmse-1.4317, valid_pr-0.7120
epoch-60, train_loss-0.3487, train_rmse-0.5905, valid_rmse-1.3431, valid_pr-0.7078
epoch-61, train_loss-0.3356, train_rmse-0.5793, valid_rmse-1.3366, valid_pr-0.7157
Validation : valid_rmse-1.3366, valid_pr-0.7157, 
test2013_rmse-1.3191, test2013_pr-0.8358, test2016_rmse-1.1993, test2016_pr-0.8360, test2019_rmse-1.5094, test2019_pr-0.5985
epoch-62, train_loss-0.3347, train_rmse-0.5785, valid_rmse-1.3621, valid_pr-0.7062
epoch-63, train_loss-0.3218, train_rmse-0.5673, valid_rmse-1.5657, valid_pr-0.7083
epoch-64, train_loss-0.3624, train_rmse-0.6020, valid_rmse-1.3250, valid_pr-0.7071
Validation : valid_rmse-1.3250, valid_pr-0.7071, 
test2013_rmse-1.4588, test2013_pr-0.8033, test2016_rmse-1.2936, test2016_pr-0.8141, test2019_rmse-1.4609, test2019_pr-0.6005
epoch-65, train_loss-0.3308, train_rmse-0.5752, valid_rmse-1.3769, valid_pr-0.7039
epoch-66, train_loss-0.3294, train_rmse-0.5739, valid_rmse-1.3922, valid_pr-0.6839
epoch-67, train_loss-0.3153, train_rmse-0.5615, valid_rmse-1.3243, valid_pr-0.7078
Validation : valid_rmse-1.3243, valid_pr-0.7078, 
test2013_rmse-1.4031, test2013_pr-0.8122, test2016_rmse-1.2575, test2016_pr-0.8186, test2019_rmse-1.4737, test2019_pr-0.6048
epoch-68, train_loss-0.3095, train_rmse-0.5563, valid_rmse-1.3400, valid_pr-0.7122
epoch-69, train_loss-0.3060, train_rmse-0.5531, valid_rmse-1.5473, valid_pr-0.7068
epoch-70, train_loss-0.3149, train_rmse-0.5612, valid_rmse-1.4349, valid_pr-0.6974
epoch-71, train_loss-0.3066, train_rmse-0.5537, valid_rmse-1.3707, valid_pr-0.6919
epoch-72, train_loss-0.3030, train_rmse-0.5504, valid_rmse-1.3414, valid_pr-0.7047
epoch-73, train_loss-0.3001, train_rmse-0.5478, valid_rmse-1.3490, valid_pr-0.7151
epoch-74, train_loss-0.2893, train_rmse-0.5379, valid_rmse-1.4764, valid_pr-0.6887
epoch-75, train_loss-0.2961, train_rmse-0.5442, valid_rmse-1.3546, valid_pr-0.7137
epoch-76, train_loss-0.2857, train_rmse-0.5345, valid_rmse-1.3222, valid_pr-0.7072
Validation : valid_rmse-1.3222, valid_pr-0.7072, 
test2013_rmse-1.4063, test2013_pr-0.8225, test2016_rmse-1.2788, test2016_pr-0.8221, test2019_rmse-1.4647, test2019_pr-0.5917
epoch-77, train_loss-0.2928, train_rmse-0.5411, valid_rmse-1.3222, valid_pr-0.7093
epoch-78, train_loss-0.2802, train_rmse-0.5293, valid_rmse-1.5134, valid_pr-0.7179
epoch-79, train_loss-0.3033, train_rmse-0.5507, valid_rmse-1.5147, valid_pr-0.7073
epoch-80, train_loss-0.2987, train_rmse-0.5466, valid_rmse-1.3037, valid_pr-0.7212
Validation : valid_rmse-1.3037, valid_pr-0.7212, 
test2013_rmse-1.3926, test2013_pr-0.8198, test2016_rmse-1.2189, test2016_pr-0.8345, test2019_rmse-1.4516, test2019_pr-0.6138
epoch-81, train_loss-0.2736, train_rmse-0.5231, valid_rmse-1.4332, valid_pr-0.7082
epoch-82, train_loss-0.2812, train_rmse-0.5303, valid_rmse-1.3840, valid_pr-0.7082
epoch-83, train_loss-0.2837, train_rmse-0.5327, valid_rmse-1.4468, valid_pr-0.7162
epoch-84, train_loss-0.2834, train_rmse-0.5323, valid_rmse-1.4405, valid_pr-0.7103
epoch-85, train_loss-0.2593, train_rmse-0.5092, valid_rmse-1.3675, valid_pr-0.7183
epoch-86, train_loss-0.2713, train_rmse-0.5208, valid_rmse-1.2910, valid_pr-0.7230
Validation : valid_rmse-1.2910, valid_pr-0.7230, 
test2013_rmse-1.3628, test2013_pr-0.8277, test2016_rmse-1.2194, test2016_pr-0.8315, test2019_rmse-1.4712, test2019_pr-0.5968
epoch-87, train_loss-0.2612, train_rmse-0.5110, valid_rmse-1.3362, valid_pr-0.7111
epoch-88, train_loss-0.2660, train_rmse-0.5158, valid_rmse-1.4577, valid_pr-0.7147
epoch-89, train_loss-0.2771, train_rmse-0.5264, valid_rmse-1.3427, valid_pr-0.7091
epoch-90, train_loss-0.2623, train_rmse-0.5121, valid_rmse-1.2923, valid_pr-0.7236
epoch-91, train_loss-0.2644, train_rmse-0.5142, valid_rmse-1.3246, valid_pr-0.7165
epoch-92, train_loss-0.2653, train_rmse-0.5151, valid_rmse-1.3542, valid_pr-0.7138
epoch-93, train_loss-0.2676, train_rmse-0.5173, valid_rmse-1.5054, valid_pr-0.7190
epoch-94, train_loss-0.2462, train_rmse-0.4962, valid_rmse-1.3064, valid_pr-0.7226
epoch-95, train_loss-0.2576, train_rmse-0.5075, valid_rmse-1.4036, valid_pr-0.7220
epoch-96, train_loss-0.2484, train_rmse-0.4984, valid_rmse-1.3253, valid_pr-0.7252
epoch-97, train_loss-0.2543, train_rmse-0.5042, valid_rmse-1.2894, valid_pr-0.7272
Validation : valid_rmse-1.2894, valid_pr-0.7272, 
test2013_rmse-1.3223, test2013_pr-0.8403, test2016_rmse-1.2088, test2016_pr-0.8380, test2019_rmse-1.4740, test2019_pr-0.6030
epoch-98, train_loss-0.2421, train_rmse-0.4921, valid_rmse-1.3186, valid_pr-0.7192
epoch-99, train_loss-0.2448, train_rmse-0.4948, valid_rmse-1.4499, valid_pr-0.7187
epoch-100, train_loss-0.2411, train_rmse-0.4910, valid_rmse-1.3926, valid_pr-0.7129
epoch-101, train_loss-0.2443, train_rmse-0.4943, valid_rmse-1.3307, valid_pr-0.7199
epoch-102, train_loss-0.2507, train_rmse-0.5007, valid_rmse-1.3375, valid_pr-0.7252
epoch-103, train_loss-0.2464, train_rmse-0.4964, valid_rmse-1.4801, valid_pr-0.7236
epoch-104, train_loss-0.2437, train_rmse-0.4936, valid_rmse-1.3315, valid_pr-0.7176
epoch-105, train_loss-0.2358, train_rmse-0.4856, valid_rmse-1.2921, valid_pr-0.7269
epoch-106, train_loss-0.2497, train_rmse-0.4997, valid_rmse-1.3030, valid_pr-0.7226
epoch-107, train_loss-0.2334, train_rmse-0.4831, valid_rmse-1.3167, valid_pr-0.7191
epoch-108, train_loss-0.2412, train_rmse-0.4911, valid_rmse-1.2812, valid_pr-0.7274
Validation : valid_rmse-1.2812, valid_pr-0.7274, 
test2013_rmse-1.2444, test2013_pr-0.8637, test2016_rmse-1.1500, test2016_pr-0.8523, test2019_rmse-1.4512, test2019_pr-0.6140
epoch-109, train_loss-0.2173, train_rmse-0.4662, valid_rmse-1.2958, valid_pr-0.7286
epoch-110, train_loss-0.2193, train_rmse-0.4683, valid_rmse-1.3598, valid_pr-0.7241
epoch-111, train_loss-0.2274, train_rmse-0.4768, valid_rmse-1.3020, valid_pr-0.7294
epoch-112, train_loss-0.2509, train_rmse-0.5009, valid_rmse-1.2964, valid_pr-0.7272
epoch-113, train_loss-0.2134, train_rmse-0.4620, valid_rmse-1.3115, valid_pr-0.7224
epoch-114, train_loss-0.2302, train_rmse-0.4798, valid_rmse-1.2626, valid_pr-0.7352
Validation : valid_rmse-1.2626, valid_pr-0.7352, 
test2013_rmse-1.2282, test2013_pr-0.8627, test2016_rmse-1.1640, test2016_pr-0.8472, test2019_rmse-1.4380, test2019_pr-0.6170
epoch-115, train_loss-0.2213, train_rmse-0.4704, valid_rmse-1.3295, valid_pr-0.7259
epoch-116, train_loss-0.2268, train_rmse-0.4762, valid_rmse-1.3267, valid_pr-0.7289
epoch-117, train_loss-0.2398, train_rmse-0.4897, valid_rmse-1.3230, valid_pr-0.7232
epoch-118, train_loss-0.2210, train_rmse-0.4701, valid_rmse-1.2941, valid_pr-0.7345
epoch-119, train_loss-0.2378, train_rmse-0.4877, valid_rmse-1.3367, valid_pr-0.7342
epoch-120, train_loss-0.2110, train_rmse-0.4594, valid_rmse-1.4152, valid_pr-0.7298
epoch-121, train_loss-0.1985, train_rmse-0.4455, valid_rmse-1.2647, valid_pr-0.7314
epoch-122, train_loss-0.2031, train_rmse-0.4507, valid_rmse-1.3294, valid_pr-0.7353
epoch-123, train_loss-0.2171, train_rmse-0.4659, valid_rmse-1.2667, valid_pr-0.7350
epoch-124, train_loss-0.2159, train_rmse-0.4646, valid_rmse-1.3045, valid_pr-0.7395
epoch-125, train_loss-0.2022, train_rmse-0.4497, valid_rmse-1.2719, valid_pr-0.7310
epoch-126, train_loss-0.2160, train_rmse-0.4647, valid_rmse-1.3032, valid_pr-0.7322
epoch-127, train_loss-0.2048, train_rmse-0.4526, valid_rmse-1.2919, valid_pr-0.7337
epoch-128, train_loss-0.2060, train_rmse-0.4539, valid_rmse-1.2780, valid_pr-0.7362
epoch-129, train_loss-0.1980, train_rmse-0.4450, valid_rmse-1.2725, valid_pr-0.7302
epoch-130, train_loss-0.2097, train_rmse-0.4579, valid_rmse-1.2940, valid_pr-0.7305
epoch-131, train_loss-0.1947, train_rmse-0.4412, valid_rmse-1.2607, valid_pr-0.7373
Validation : valid_rmse-1.2607, valid_pr-0.7373, 
test2013_rmse-1.3115, test2013_pr-0.8470, test2016_rmse-1.1986, test2016_pr-0.8436, test2019_rmse-1.4354, test2019_pr-0.6173
epoch-132, train_loss-0.2200, train_rmse-0.4690, valid_rmse-1.3316, valid_pr-0.7379
epoch-133, train_loss-0.2007, train_rmse-0.4480, valid_rmse-1.3109, valid_pr-0.7344
epoch-134, train_loss-0.1996, train_rmse-0.4468, valid_rmse-1.2909, valid_pr-0.7432
epoch-135, train_loss-0.1986, train_rmse-0.4456, valid_rmse-1.2711, valid_pr-0.7362
epoch-136, train_loss-0.1867, train_rmse-0.4320, valid_rmse-1.2929, valid_pr-0.7361
epoch-137, train_loss-0.1920, train_rmse-0.4382, valid_rmse-1.2627, valid_pr-0.7390
epoch-138, train_loss-0.2042, train_rmse-0.4519, valid_rmse-1.2772, valid_pr-0.7349
epoch-139, train_loss-0.2052, train_rmse-0.4530, valid_rmse-1.2873, valid_pr-0.7419
epoch-140, train_loss-0.1931, train_rmse-0.4395, valid_rmse-1.2521, valid_pr-0.7400
Validation : valid_rmse-1.2521, valid_pr-0.7400, 
test2013_rmse-1.2831, test2013_pr-0.8480, test2016_rmse-1.1573, test2016_pr-0.8502, test2019_rmse-1.4247, test2019_pr-0.6233
epoch-141, train_loss-0.1935, train_rmse-0.4399, valid_rmse-1.2722, valid_pr-0.7367
epoch-142, train_loss-0.1964, train_rmse-0.4431, valid_rmse-1.2523, valid_pr-0.7427
epoch-143, train_loss-0.1813, train_rmse-0.4257, valid_rmse-1.2528, valid_pr-0.7405
epoch-144, train_loss-0.2079, train_rmse-0.4560, valid_rmse-1.2876, valid_pr-0.7334
epoch-145, train_loss-0.1972, train_rmse-0.4441, valid_rmse-1.2823, valid_pr-0.7309
epoch-146, train_loss-0.1855, train_rmse-0.4307, valid_rmse-1.2535, valid_pr-0.7403
epoch-147, train_loss-0.1836, train_rmse-0.4285, valid_rmse-1.2711, valid_pr-0.7331
epoch-148, train_loss-0.1913, train_rmse-0.4374, valid_rmse-1.3489, valid_pr-0.7311
epoch-149, train_loss-0.1948, train_rmse-0.4413, valid_rmse-1.2515, valid_pr-0.7385
Validation : valid_rmse-1.2515, valid_pr-0.7385, 
test2013_rmse-1.3139, test2013_pr-0.8422, test2016_rmse-1.1759, test2016_pr-0.8465, test2019_rmse-1.4371, test2019_pr-0.6154
epoch-150, train_loss-0.1911, train_rmse-0.4372, valid_rmse-1.2909, valid_pr-0.7329
epoch-151, train_loss-0.1807, train_rmse-0.4251, valid_rmse-1.2734, valid_pr-0.7436
epoch-152, train_loss-0.1815, train_rmse-0.4260, valid_rmse-1.2668, valid_pr-0.7365
epoch-153, train_loss-0.1964, train_rmse-0.4432, valid_rmse-1.2671, valid_pr-0.7368
epoch-154, train_loss-0.1809, train_rmse-0.4254, valid_rmse-1.2745, valid_pr-0.7282
epoch-155, train_loss-0.1826, train_rmse-0.4273, valid_rmse-1.2510, valid_pr-0.7386
Validation : valid_rmse-1.2510, valid_pr-0.7386, 
test2013_rmse-1.3227, test2013_pr-0.8401, test2016_rmse-1.2110, test2016_pr-0.8367, test2019_rmse-1.4385, test2019_pr-0.6119
epoch-156, train_loss-0.1832, train_rmse-0.4280, valid_rmse-1.3118, valid_pr-0.7392
epoch-157, train_loss-0.1879, train_rmse-0.4335, valid_rmse-1.2675, valid_pr-0.7366
epoch-158, train_loss-0.1944, train_rmse-0.4409, valid_rmse-1.2670, valid_pr-0.7427
epoch-159, train_loss-0.1858, train_rmse-0.4311, valid_rmse-1.2544, valid_pr-0.7424
epoch-160, train_loss-0.1924, train_rmse-0.4386, valid_rmse-1.2469, valid_pr-0.7417
Validation : valid_rmse-1.2469, valid_pr-0.7417, 
test2013_rmse-1.2819, test2013_pr-0.8531, test2016_rmse-1.1703, test2016_pr-0.8474, test2019_rmse-1.4232, test2019_pr-0.6230
epoch-161, train_loss-0.1916, train_rmse-0.4377, valid_rmse-1.3046, valid_pr-0.7316
epoch-162, train_loss-0.1809, train_rmse-0.4254, valid_rmse-1.2908, valid_pr-0.7394
epoch-163, train_loss-0.1823, train_rmse-0.4270, valid_rmse-1.3645, valid_pr-0.7395
epoch-164, train_loss-0.1731, train_rmse-0.4160, valid_rmse-1.3038, valid_pr-0.7417
epoch-165, train_loss-0.1683, train_rmse-0.4102, valid_rmse-1.2430, valid_pr-0.7426
Validation : valid_rmse-1.2430, valid_pr-0.7426, 
test2013_rmse-1.2615, test2013_pr-0.8535, test2016_rmse-1.1656, test2016_pr-0.8478, test2019_rmse-1.4178, test2019_pr-0.6276
epoch-166, train_loss-0.1715, train_rmse-0.4141, valid_rmse-1.2739, valid_pr-0.7370
epoch-167, train_loss-0.1650, train_rmse-0.4061, valid_rmse-1.2628, valid_pr-0.7351
epoch-168, train_loss-0.1718, train_rmse-0.4145, valid_rmse-1.2705, valid_pr-0.7413
epoch-169, train_loss-0.1770, train_rmse-0.4208, valid_rmse-1.2707, valid_pr-0.7412
epoch-170, train_loss-0.1683, train_rmse-0.4102, valid_rmse-1.2659, valid_pr-0.7395
epoch-171, train_loss-0.1755, train_rmse-0.4190, valid_rmse-1.2520, valid_pr-0.7408
epoch-172, train_loss-0.1724, train_rmse-0.4152, valid_rmse-1.2451, valid_pr-0.7410
epoch-173, train_loss-0.1711, train_rmse-0.4137, valid_rmse-1.2660, valid_pr-0.7392
epoch-174, train_loss-0.1719, train_rmse-0.4147, valid_rmse-1.2718, valid_pr-0.7426
epoch-175, train_loss-0.1768, train_rmse-0.4205, valid_rmse-1.2762, valid_pr-0.7364
epoch-176, train_loss-0.1762, train_rmse-0.4197, valid_rmse-1.2969, valid_pr-0.7380
epoch-177, train_loss-0.1737, train_rmse-0.4168, valid_rmse-1.2519, valid_pr-0.7444
epoch-178, train_loss-0.1819, train_rmse-0.4265, valid_rmse-1.2414, valid_pr-0.7426
Validation : valid_rmse-1.2414, valid_pr-0.7426, 
test2013_rmse-1.2988, test2013_pr-0.8491, test2016_rmse-1.1545, test2016_pr-0.8538, test2019_rmse-1.4202, test2019_pr-0.6226
epoch-179, train_loss-0.1638, train_rmse-0.4047, valid_rmse-1.2402, valid_pr-0.7426
Validation : valid_rmse-1.2402, valid_pr-0.7426, 
test2013_rmse-1.3412, test2013_pr-0.8410, test2016_rmse-1.1894, test2016_pr-0.8447, test2019_rmse-1.4222, test2019_pr-0.6155
epoch-180, train_loss-0.1658, train_rmse-0.4072, valid_rmse-1.3307, valid_pr-0.7441
epoch-181, train_loss-0.1685, train_rmse-0.4105, valid_rmse-1.2552, valid_pr-0.7413
epoch-182, train_loss-0.1715, train_rmse-0.4141, valid_rmse-1.2566, valid_pr-0.7422
epoch-183, train_loss-0.1715, train_rmse-0.4142, valid_rmse-1.2613, valid_pr-0.7388
epoch-184, train_loss-0.1604, train_rmse-0.4005, valid_rmse-1.2422, valid_pr-0.7418
epoch-185, train_loss-0.1649, train_rmse-0.4061, valid_rmse-1.2417, valid_pr-0.7429
epoch-186, train_loss-0.1614, train_rmse-0.4018, valid_rmse-1.2423, valid_pr-0.7409
epoch-187, train_loss-0.1648, train_rmse-0.4060, valid_rmse-1.2834, valid_pr-0.7406
epoch-188, train_loss-0.1748, train_rmse-0.4181, valid_rmse-1.3652, valid_pr-0.7372
epoch-189, train_loss-0.1653, train_rmse-0.4066, valid_rmse-1.2747, valid_pr-0.7413
epoch-190, train_loss-0.1737, train_rmse-0.4167, valid_rmse-1.2366, valid_pr-0.7449
Validation : valid_rmse-1.2366, valid_pr-0.7449, 
test2013_rmse-1.2902, test2013_pr-0.8479, test2016_rmse-1.1624, test2016_pr-0.8501, test2019_rmse-1.4142, test2019_pr-0.6265
epoch-191, train_loss-0.1611, train_rmse-0.4014, valid_rmse-1.2524, valid_pr-0.7444
epoch-192, train_loss-0.1543, train_rmse-0.3929, valid_rmse-1.2377, valid_pr-0.7446
epoch-193, train_loss-0.1700, train_rmse-0.4123, valid_rmse-1.2543, valid_pr-0.7432
epoch-194, train_loss-0.1644, train_rmse-0.4054, valid_rmse-1.2622, valid_pr-0.7358
epoch-195, train_loss-0.1641, train_rmse-0.4051, valid_rmse-1.2882, valid_pr-0.7460
epoch-196, train_loss-0.1651, train_rmse-0.4063, valid_rmse-1.2415, valid_pr-0.7432
epoch-197, train_loss-0.1654, train_rmse-0.4067, valid_rmse-1.2412, valid_pr-0.7475
epoch-198, train_loss-0.1706, train_rmse-0.4130, valid_rmse-1.2290, valid_pr-0.7505
Validation : valid_rmse-1.2290, valid_pr-0.7505, 
test2013_rmse-1.2665, test2013_pr-0.8570, test2016_rmse-1.1549, test2016_pr-0.8518, test2019_rmse-1.4063, test2019_pr-0.6367
epoch-199, train_loss-0.1658, train_rmse-0.4072, valid_rmse-1.2315, valid_pr-0.7498
epoch-200, train_loss-0.1775, train_rmse-0.4213, valid_rmse-1.2458, valid_pr-0.7438
epoch-201, train_loss-0.1559, train_rmse-0.3948, valid_rmse-1.2513, valid_pr-0.7425
epoch-202, train_loss-0.1677, train_rmse-0.4095, valid_rmse-1.2585, valid_pr-0.7433
epoch-203, train_loss-0.1577, train_rmse-0.3972, valid_rmse-1.2289, valid_pr-0.7479
Validation : valid_rmse-1.2289, valid_pr-0.7479, 
test2013_rmse-1.3244, test2013_pr-0.8431, test2016_rmse-1.1785, test2016_pr-0.8474, test2019_rmse-1.4081, test2019_pr-0.6269
epoch-204, train_loss-0.1634, train_rmse-0.4042, valid_rmse-1.2469, valid_pr-0.7415
epoch-205, train_loss-0.1558, train_rmse-0.3947, valid_rmse-1.2712, valid_pr-0.7445
epoch-206, train_loss-0.1611, train_rmse-0.4013, valid_rmse-1.2440, valid_pr-0.7445
epoch-207, train_loss-0.1567, train_rmse-0.3959, valid_rmse-1.2529, valid_pr-0.7469
epoch-208, train_loss-0.1675, train_rmse-0.4093, valid_rmse-1.2323, valid_pr-0.7476
epoch-209, train_loss-0.1598, train_rmse-0.3997, valid_rmse-1.2940, valid_pr-0.7516
epoch-210, train_loss-0.1572, train_rmse-0.3965, valid_rmse-1.2300, valid_pr-0.7492
epoch-211, train_loss-0.1543, train_rmse-0.3928, valid_rmse-1.2607, valid_pr-0.7498
epoch-212, train_loss-0.1446, train_rmse-0.3802, valid_rmse-1.2321, valid_pr-0.7508
epoch-213, train_loss-0.1543, train_rmse-0.3928, valid_rmse-1.2486, valid_pr-0.7465
epoch-214, train_loss-0.1554, train_rmse-0.3942, valid_rmse-1.2375, valid_pr-0.7473
epoch-215, train_loss-0.1538, train_rmse-0.3922, valid_rmse-1.2359, valid_pr-0.7479
epoch-216, train_loss-0.1474, train_rmse-0.3839, valid_rmse-1.2282, valid_pr-0.7500
Validation : valid_rmse-1.2282, valid_pr-0.7500, 
test2013_rmse-1.2630, test2013_pr-0.8569, test2016_rmse-1.1411, test2016_pr-0.8571, test2019_rmse-1.3959, test2019_pr-0.6384
epoch-217, train_loss-0.1609, train_rmse-0.4011, valid_rmse-1.2927, valid_pr-0.7370
epoch-218, train_loss-0.1548, train_rmse-0.3934, valid_rmse-1.2417, valid_pr-0.7484
epoch-219, train_loss-0.1455, train_rmse-0.3815, valid_rmse-1.2507, valid_pr-0.7451
epoch-220, train_loss-0.1606, train_rmse-0.4008, valid_rmse-1.2342, valid_pr-0.7486
epoch-221, train_loss-0.1421, train_rmse-0.3770, valid_rmse-1.2637, valid_pr-0.7493
epoch-222, train_loss-0.1497, train_rmse-0.3869, valid_rmse-1.2557, valid_pr-0.7492
epoch-223, train_loss-0.1617, train_rmse-0.4021, valid_rmse-1.2457, valid_pr-0.7439
epoch-224, train_loss-0.1599, train_rmse-0.3999, valid_rmse-1.2309, valid_pr-0.7474
epoch-225, train_loss-0.1400, train_rmse-0.3742, valid_rmse-1.2438, valid_pr-0.7466
epoch-226, train_loss-0.1481, train_rmse-0.3849, valid_rmse-1.2159, valid_pr-0.7565
Validation : valid_rmse-1.2159, valid_pr-0.7565, 
test2013_rmse-1.2784, test2013_pr-0.8487, test2016_rmse-1.1481, test2016_pr-0.8521, test2019_rmse-1.4156, test2019_pr-0.6293
epoch-227, train_loss-0.1503, train_rmse-0.3876, valid_rmse-1.2393, valid_pr-0.7438
epoch-228, train_loss-0.1417, train_rmse-0.3764, valid_rmse-1.2375, valid_pr-0.7464
epoch-229, train_loss-0.1557, train_rmse-0.3946, valid_rmse-1.2622, valid_pr-0.7473
epoch-230, train_loss-0.1448, train_rmse-0.3805, valid_rmse-1.2553, valid_pr-0.7543
epoch-231, train_loss-0.1572, train_rmse-0.3965, valid_rmse-1.2357, valid_pr-0.7463
epoch-232, train_loss-0.1463, train_rmse-0.3826, valid_rmse-1.2368, valid_pr-0.7528
epoch-233, train_loss-0.1493, train_rmse-0.3864, valid_rmse-1.2334, valid_pr-0.7471
epoch-234, train_loss-0.1588, train_rmse-0.3984, valid_rmse-1.2587, valid_pr-0.7493
epoch-235, train_loss-0.1559, train_rmse-0.3949, valid_rmse-1.2770, valid_pr-0.7481
epoch-236, train_loss-0.1456, train_rmse-0.3816, valid_rmse-1.2594, valid_pr-0.7422
epoch-237, train_loss-0.1482, train_rmse-0.3850, valid_rmse-1.2428, valid_pr-0.7489
epoch-238, train_loss-0.1374, train_rmse-0.3707, valid_rmse-1.2232, valid_pr-0.7502
epoch-239, train_loss-0.1452, train_rmse-0.3811, valid_rmse-1.2592, valid_pr-0.7438
epoch-240, train_loss-0.1519, train_rmse-0.3898, valid_rmse-1.2352, valid_pr-0.7467
epoch-241, train_loss-0.1462, train_rmse-0.3823, valid_rmse-1.2307, valid_pr-0.7499
epoch-242, train_loss-0.1496, train_rmse-0.3868, valid_rmse-1.2465, valid_pr-0.7475
epoch-243, train_loss-0.1692, train_rmse-0.4114, valid_rmse-1.2234, valid_pr-0.7518
epoch-244, train_loss-0.1447, train_rmse-0.3804, valid_rmse-1.2282, valid_pr-0.7519
epoch-245, train_loss-0.1439, train_rmse-0.3794, valid_rmse-1.2265, valid_pr-0.7509
epoch-246, train_loss-0.1510, train_rmse-0.3886, valid_rmse-1.2614, valid_pr-0.7502
epoch-247, train_loss-0.1425, train_rmse-0.3775, valid_rmse-1.2503, valid_pr-0.7449
epoch-248, train_loss-0.1509, train_rmse-0.3884, valid_rmse-1.2261, valid_pr-0.7483
epoch-249, train_loss-0.1437, train_rmse-0.3790, valid_rmse-1.2736, valid_pr-0.7422
epoch-250, train_loss-0.1478, train_rmse-0.3845, valid_rmse-1.2141, valid_pr-0.7567
Validation : valid_rmse-1.2141, valid_pr-0.7567, 
test2013_rmse-1.3400, test2013_pr-0.8562, test2016_rmse-1.1916, test2016_pr-0.8518, test2019_rmse-1.3950, test2019_pr-0.6321
epoch-251, train_loss-0.1489, train_rmse-0.3859, valid_rmse-1.2359, valid_pr-0.7464
epoch-252, train_loss-0.1493, train_rmse-0.3864, valid_rmse-1.2295, valid_pr-0.7478
epoch-253, train_loss-0.1577, train_rmse-0.3971, valid_rmse-1.2484, valid_pr-0.7480
epoch-254, train_loss-0.1465, train_rmse-0.3828, valid_rmse-1.2352, valid_pr-0.7495
epoch-255, train_loss-0.1459, train_rmse-0.3820, valid_rmse-1.2369, valid_pr-0.7506
epoch-256, train_loss-0.1359, train_rmse-0.3686, valid_rmse-1.2373, valid_pr-0.7461
epoch-257, train_loss-0.1399, train_rmse-0.3740, valid_rmse-1.2468, valid_pr-0.7473
epoch-258, train_loss-0.1332, train_rmse-0.3649, valid_rmse-1.2714, valid_pr-0.7481
epoch-259, train_loss-0.1375, train_rmse-0.3709, valid_rmse-1.2180, valid_pr-0.7532
epoch-260, train_loss-0.1459, train_rmse-0.3820, valid_rmse-1.2528, valid_pr-0.7461
epoch-261, train_loss-0.1387, train_rmse-0.3724, valid_rmse-1.2339, valid_pr-0.7544
epoch-262, train_loss-0.1380, train_rmse-0.3714, valid_rmse-1.2450, valid_pr-0.7544
epoch-263, train_loss-0.1448, train_rmse-0.3806, valid_rmse-1.2179, valid_pr-0.7552
epoch-264, train_loss-0.1415, train_rmse-0.3762, valid_rmse-1.2523, valid_pr-0.7494
epoch-265, train_loss-0.1416, train_rmse-0.3763, valid_rmse-1.2498, valid_pr-0.7524
epoch-266, train_loss-0.1441, train_rmse-0.3796, valid_rmse-1.2265, valid_pr-0.7503
epoch-267, train_loss-0.1494, train_rmse-0.3865, valid_rmse-1.2828, valid_pr-0.7455
epoch-268, train_loss-0.1581, train_rmse-0.3976, valid_rmse-1.2302, valid_pr-0.7491
epoch-269, train_loss-0.1457, train_rmse-0.3816, valid_rmse-1.2333, valid_pr-0.7492
epoch-270, train_loss-0.1253, train_rmse-0.3540, valid_rmse-1.2502, valid_pr-0.7478
epoch-271, train_loss-0.1371, train_rmse-0.3702, valid_rmse-1.2860, valid_pr-0.7503
epoch-272, train_loss-0.1443, train_rmse-0.3798, valid_rmse-1.2252, valid_pr-0.7526
epoch-273, train_loss-0.1502, train_rmse-0.3876, valid_rmse-1.2228, valid_pr-0.7520
epoch-274, train_loss-0.1427, train_rmse-0.3777, valid_rmse-1.2556, valid_pr-0.7494
epoch-275, train_loss-0.1467, train_rmse-0.3831, valid_rmse-1.2679, valid_pr-0.7393
epoch-276, train_loss-0.1468, train_rmse-0.3831, valid_rmse-1.2362, valid_pr-0.7453
epoch-277, train_loss-0.1317, train_rmse-0.3629, valid_rmse-1.2435, valid_pr-0.7511
epoch-278, train_loss-0.1360, train_rmse-0.3687, valid_rmse-1.2297, valid_pr-0.7521
epoch-279, train_loss-0.1350, train_rmse-0.3675, valid_rmse-1.2638, valid_pr-0.7466
epoch-280, train_loss-0.1302, train_rmse-0.3608, valid_rmse-1.2297, valid_pr-0.7508
epoch-281, train_loss-0.1353, train_rmse-0.3678, valid_rmse-1.2472, valid_pr-0.7454
epoch-282, train_loss-0.1281, train_rmse-0.3578, valid_rmse-1.2402, valid_pr-0.7619
epoch-283, train_loss-0.1311, train_rmse-0.3621, valid_rmse-1.2153, valid_pr-0.7538
epoch-284, train_loss-0.1324, train_rmse-0.3638, valid_rmse-1.2165, valid_pr-0.7528
epoch-285, train_loss-0.1411, train_rmse-0.3757, valid_rmse-1.2389, valid_pr-0.7537
epoch-286, train_loss-0.1490, train_rmse-0.3860, valid_rmse-1.2290, valid_pr-0.7541
epoch-287, train_loss-0.1468, train_rmse-0.3831, valid_rmse-1.2260, valid_pr-0.7486
epoch-288, train_loss-0.1318, train_rmse-0.3630, valid_rmse-1.2063, valid_pr-0.7590
Validation : valid_rmse-1.2063, valid_pr-0.7590, 
test2013_rmse-1.2961, test2013_pr-0.8551, test2016_rmse-1.1675, test2016_pr-0.8571, test2019_rmse-1.3823, test2019_pr-0.6405
epoch-289, train_loss-0.1420, train_rmse-0.3768, valid_rmse-1.2278, valid_pr-0.7522
epoch-290, train_loss-0.1403, train_rmse-0.3746, valid_rmse-1.2620, valid_pr-0.7531
epoch-291, train_loss-0.1463, train_rmse-0.3825, valid_rmse-1.2514, valid_pr-0.7531
epoch-292, train_loss-0.1420, train_rmse-0.3768, valid_rmse-1.2080, valid_pr-0.7567
epoch-293, train_loss-0.1407, train_rmse-0.3751, valid_rmse-1.2216, valid_pr-0.7516
epoch-294, train_loss-0.1263, train_rmse-0.3554, valid_rmse-1.2272, valid_pr-0.7497
epoch-295, train_loss-0.1279, train_rmse-0.3576, valid_rmse-1.2288, valid_pr-0.7498
epoch-296, train_loss-0.1377, train_rmse-0.3711, valid_rmse-1.2372, valid_pr-0.7532
epoch-297, train_loss-0.1265, train_rmse-0.3557, valid_rmse-1.2213, valid_pr-0.7552
epoch-298, train_loss-0.1229, train_rmse-0.3506, valid_rmse-1.2125, valid_pr-0.7567
epoch-299, train_loss-0.1383, train_rmse-0.3718, valid_rmse-1.2533, valid_pr-0.7477
epoch-300, train_loss-0.1379, train_rmse-0.3713, valid_rmse-1.2449, valid_pr-0.7480
epoch-301, train_loss-0.1347, train_rmse-0.3670, valid_rmse-1.2221, valid_pr-0.7510
epoch-302, train_loss-0.1355, train_rmse-0.3682, valid_rmse-1.2210, valid_pr-0.7534
epoch-303, train_loss-0.1296, train_rmse-0.3600, valid_rmse-1.2388, valid_pr-0.7535
epoch-304, train_loss-0.1418, train_rmse-0.3766, valid_rmse-1.2317, valid_pr-0.7483
epoch-305, train_loss-0.1352, train_rmse-0.3676, valid_rmse-1.2427, valid_pr-0.7517
epoch-306, train_loss-0.1311, train_rmse-0.3621, valid_rmse-1.2175, valid_pr-0.7537
epoch-307, train_loss-0.1346, train_rmse-0.3669, valid_rmse-1.2238, valid_pr-0.7524
epoch-308, train_loss-0.1287, train_rmse-0.3587, valid_rmse-1.2183, valid_pr-0.7527
epoch-309, train_loss-0.1225, train_rmse-0.3500, valid_rmse-1.2291, valid_pr-0.7497
epoch-310, train_loss-0.1370, train_rmse-0.3701, valid_rmse-1.2284, valid_pr-0.7568
epoch-311, train_loss-0.1290, train_rmse-0.3591, valid_rmse-1.2198, valid_pr-0.7524
epoch-312, train_loss-0.1287, train_rmse-0.3588, valid_rmse-1.2693, valid_pr-0.7492
epoch-313, train_loss-0.1248, train_rmse-0.3533, valid_rmse-1.2775, valid_pr-0.7487
epoch-314, train_loss-0.1284, train_rmse-0.3584, valid_rmse-1.2271, valid_pr-0.7485
epoch-315, train_loss-0.1331, train_rmse-0.3649, valid_rmse-1.2415, valid_pr-0.7552
epoch-316, train_loss-0.1458, train_rmse-0.3818, valid_rmse-1.2237, valid_pr-0.7576
epoch-317, train_loss-0.1314, train_rmse-0.3625, valid_rmse-1.2432, valid_pr-0.7547
epoch-318, train_loss-0.1259, train_rmse-0.3548, valid_rmse-1.2262, valid_pr-0.7497
epoch-319, train_loss-0.1391, train_rmse-0.3729, valid_rmse-1.2593, valid_pr-0.7568
epoch-320, train_loss-0.1401, train_rmse-0.3743, valid_rmse-1.2566, valid_pr-0.7534
epoch-321, train_loss-0.1318, train_rmse-0.3631, valid_rmse-1.2291, valid_pr-0.7533
epoch-322, train_loss-0.1213, train_rmse-0.3483, valid_rmse-1.2287, valid_pr-0.7485
epoch-323, train_loss-0.1273, train_rmse-0.3568, valid_rmse-1.2215, valid_pr-0.7542
epoch-324, train_loss-0.1320, train_rmse-0.3633, valid_rmse-1.2190, valid_pr-0.7564
epoch-325, train_loss-0.1217, train_rmse-0.3489, valid_rmse-1.2247, valid_pr-0.7545
epoch-326, train_loss-0.1268, train_rmse-0.3561, valid_rmse-1.2297, valid_pr-0.7528
epoch-327, train_loss-0.1257, train_rmse-0.3545, valid_rmse-1.2253, valid_pr-0.7505
epoch-328, train_loss-0.1255, train_rmse-0.3542, valid_rmse-1.2175, valid_pr-0.7552
epoch-329, train_loss-0.1387, train_rmse-0.3725, valid_rmse-1.2382, valid_pr-0.7506
epoch-330, train_loss-0.1297, train_rmse-0.3602, valid_rmse-1.2128, valid_pr-0.7545
epoch-331, train_loss-0.1359, train_rmse-0.3686, valid_rmse-1.2063, valid_pr-0.7578
Validation : valid_rmse-1.2063, valid_pr-0.7578, 
test2013_rmse-1.2966, test2013_pr-0.8483, test2016_rmse-1.1596, test2016_pr-0.8518, test2019_rmse-1.3854, test2019_pr-0.6419
epoch-332, train_loss-0.1206, train_rmse-0.3472, valid_rmse-1.2330, valid_pr-0.7555
epoch-333, train_loss-0.1316, train_rmse-0.3628, valid_rmse-1.2107, valid_pr-0.7571
epoch-334, train_loss-0.1249, train_rmse-0.3534, valid_rmse-1.2291, valid_pr-0.7547
epoch-335, train_loss-0.1435, train_rmse-0.3789, valid_rmse-1.2197, valid_pr-0.7544
epoch-336, train_loss-0.1250, train_rmse-0.3536, valid_rmse-1.2122, valid_pr-0.7561
epoch-337, train_loss-0.1247, train_rmse-0.3532, valid_rmse-1.2270, valid_pr-0.7575
epoch-338, train_loss-0.1194, train_rmse-0.3455, valid_rmse-1.2217, valid_pr-0.7524
epoch-339, train_loss-0.1331, train_rmse-0.3648, valid_rmse-1.2193, valid_pr-0.7577
epoch-340, train_loss-0.1102, train_rmse-0.3320, valid_rmse-1.2121, valid_pr-0.7567
epoch-341, train_loss-0.1039, train_rmse-0.3223, valid_rmse-1.2302, valid_pr-0.7588
epoch-342, train_loss-0.1004, train_rmse-0.3168, valid_rmse-1.2040, valid_pr-0.7584
Validation : valid_rmse-1.2040, valid_pr-0.7584, 
test2013_rmse-1.2930, test2013_pr-0.8541, test2016_rmse-1.1598, test2016_pr-0.8545, test2019_rmse-1.3778, test2019_pr-0.6428
epoch-343, train_loss-0.1074, train_rmse-0.3277, valid_rmse-1.2001, valid_pr-0.7614
Validation : valid_rmse-1.2001, valid_pr-0.7614, 
test2013_rmse-1.2936, test2013_pr-0.8522, test2016_rmse-1.1536, test2016_pr-0.8553, test2019_rmse-1.3829, test2019_pr-0.6428
epoch-344, train_loss-0.1056, train_rmse-0.3250, valid_rmse-1.2017, valid_pr-0.7624
epoch-345, train_loss-0.0996, train_rmse-0.3156, valid_rmse-1.2145, valid_pr-0.7587
epoch-346, train_loss-0.0958, train_rmse-0.3095, valid_rmse-1.2041, valid_pr-0.7608
epoch-347, train_loss-0.1132, train_rmse-0.3365, valid_rmse-1.1956, valid_pr-0.7621
Validation : valid_rmse-1.1956, valid_pr-0.7621, 
test2013_rmse-1.3154, test2013_pr-0.8557, test2016_rmse-1.1698, test2016_pr-0.8570, test2019_rmse-1.3703, test2019_pr-0.6442
epoch-348, train_loss-0.0999, train_rmse-0.3160, valid_rmse-1.1951, valid_pr-0.7631
Validation : valid_rmse-1.1951, valid_pr-0.7631, 
test2013_rmse-1.2826, test2013_pr-0.8588, test2016_rmse-1.1511, test2016_pr-0.8572, test2019_rmse-1.3846, test2019_pr-0.6402
epoch-349, train_loss-0.1006, train_rmse-0.3172, valid_rmse-1.2031, valid_pr-0.7601
epoch-350, train_loss-0.0961, train_rmse-0.3100, valid_rmse-1.1991, valid_pr-0.7617
epoch-351, train_loss-0.1002, train_rmse-0.3165, valid_rmse-1.2074, valid_pr-0.7597
epoch-352, train_loss-0.1085, train_rmse-0.3294, valid_rmse-1.2003, valid_pr-0.7646
epoch-353, train_loss-0.1065, train_rmse-0.3264, valid_rmse-1.2194, valid_pr-0.7606
epoch-354, train_loss-0.0977, train_rmse-0.3125, valid_rmse-1.2099, valid_pr-0.7594
epoch-355, train_loss-0.0981, train_rmse-0.3132, valid_rmse-1.1985, valid_pr-0.7607
epoch-356, train_loss-0.0989, train_rmse-0.3145, valid_rmse-1.2019, valid_pr-0.7597
epoch-357, train_loss-0.0987, train_rmse-0.3142, valid_rmse-1.2049, valid_pr-0.7601
epoch-358, train_loss-0.0991, train_rmse-0.3148, valid_rmse-1.2033, valid_pr-0.7610
epoch-359, train_loss-0.0974, train_rmse-0.3121, valid_rmse-1.2019, valid_pr-0.7600
epoch-360, train_loss-0.1046, train_rmse-0.3234, valid_rmse-1.2041, valid_pr-0.7583
epoch-361, train_loss-0.1038, train_rmse-0.3222, valid_rmse-1.1963, valid_pr-0.7620
epoch-362, train_loss-0.1053, train_rmse-0.3245, valid_rmse-1.2125, valid_pr-0.7559
epoch-363, train_loss-0.1067, train_rmse-0.3267, valid_rmse-1.2034, valid_pr-0.7596
epoch-364, train_loss-0.1013, train_rmse-0.3183, valid_rmse-1.2005, valid_pr-0.7601
epoch-365, train_loss-0.1071, train_rmse-0.3273, valid_rmse-1.2067, valid_pr-0.7581
epoch-366, train_loss-0.0938, train_rmse-0.3063, valid_rmse-1.1989, valid_pr-0.7622
epoch-367, train_loss-0.1094, train_rmse-0.3307, valid_rmse-1.2088, valid_pr-0.7592
epoch-368, train_loss-0.0959, train_rmse-0.3097, valid_rmse-1.2045, valid_pr-0.7620
epoch-369, train_loss-0.1026, train_rmse-0.3203, valid_rmse-1.2004, valid_pr-0.7614
epoch-370, train_loss-0.0989, train_rmse-0.3145, valid_rmse-1.1952, valid_pr-0.7628
epoch-371, train_loss-0.1007, train_rmse-0.3174, valid_rmse-1.2205, valid_pr-0.7575
epoch-372, train_loss-0.0990, train_rmse-0.3146, valid_rmse-1.2031, valid_pr-0.7600
epoch-373, train_loss-0.0897, train_rmse-0.2995, valid_rmse-1.1999, valid_pr-0.7607
epoch-374, train_loss-0.0942, train_rmse-0.3069, valid_rmse-1.2095, valid_pr-0.7573
epoch-375, train_loss-0.1018, train_rmse-0.3191, valid_rmse-1.1955, valid_pr-0.7630
epoch-376, train_loss-0.1009, train_rmse-0.3177, valid_rmse-1.1936, valid_pr-0.7649
Validation : valid_rmse-1.1936, valid_pr-0.7649, 
test2013_rmse-1.3034, test2013_pr-0.8522, test2016_rmse-1.1616, test2016_pr-0.8558, test2019_rmse-1.3776, test2019_pr-0.6447
epoch-377, train_loss-0.1086, train_rmse-0.3295, valid_rmse-1.2032, valid_pr-0.7611
epoch-378, train_loss-0.1003, train_rmse-0.3167, valid_rmse-1.1914, valid_pr-0.7641
Validation : valid_rmse-1.1914, valid_pr-0.7641, 
test2013_rmse-1.3272, test2013_pr-0.8466, test2016_rmse-1.1789, test2016_pr-0.8506, test2019_rmse-1.3781, test2019_pr-0.6416
epoch-379, train_loss-0.1022, train_rmse-0.3196, valid_rmse-1.2067, valid_pr-0.7602
epoch-380, train_loss-0.0996, train_rmse-0.3155, valid_rmse-1.2027, valid_pr-0.7618
epoch-381, train_loss-0.1014, train_rmse-0.3184, valid_rmse-1.1962, valid_pr-0.7629
epoch-382, train_loss-0.1075, train_rmse-0.3279, valid_rmse-1.1951, valid_pr-0.7627
epoch-383, train_loss-0.1070, train_rmse-0.3272, valid_rmse-1.2043, valid_pr-0.7599
epoch-384, train_loss-0.1033, train_rmse-0.3214, valid_rmse-1.2020, valid_pr-0.7604
epoch-385, train_loss-0.0918, train_rmse-0.3030, valid_rmse-1.2085, valid_pr-0.7587
epoch-386, train_loss-0.1025, train_rmse-0.3202, valid_rmse-1.2120, valid_pr-0.7569
epoch-387, train_loss-0.1002, train_rmse-0.3165, valid_rmse-1.2142, valid_pr-0.7609
epoch-388, train_loss-0.0974, train_rmse-0.3120, valid_rmse-1.2114, valid_pr-0.7628
epoch-389, train_loss-0.0983, train_rmse-0.3135, valid_rmse-1.2087, valid_pr-0.7586
epoch-390, train_loss-0.0981, train_rmse-0.3132, valid_rmse-1.2131, valid_pr-0.7597
epoch-391, train_loss-0.0996, train_rmse-0.3155, valid_rmse-1.2060, valid_pr-0.7606
epoch-392, train_loss-0.0982, train_rmse-0.3134, valid_rmse-1.2008, valid_pr-0.7621
epoch-393, train_loss-0.1020, train_rmse-0.3194, valid_rmse-1.2086, valid_pr-0.7578
epoch-394, train_loss-0.0970, train_rmse-0.3115, valid_rmse-1.1975, valid_pr-0.7616
epoch-395, train_loss-0.0986, train_rmse-0.3139, valid_rmse-1.2209, valid_pr-0.7595
epoch-396, train_loss-0.1056, train_rmse-0.3250, valid_rmse-1.2048, valid_pr-0.7609
epoch-397, train_loss-0.1043, train_rmse-0.3229, valid_rmse-1.2039, valid_pr-0.7583
epoch-398, train_loss-0.1024, train_rmse-0.3201, valid_rmse-1.1983, valid_pr-0.7619
epoch-399, train_loss-0.1018, train_rmse-0.3191, valid_rmse-1.2066, valid_pr-0.7585
epoch-400, train_loss-0.1001, train_rmse-0.3165, valid_rmse-1.1948, valid_pr-0.7625
epoch-401, train_loss-0.1005, train_rmse-0.3171, valid_rmse-1.2061, valid_pr-0.7571
epoch-402, train_loss-0.0969, train_rmse-0.3112, valid_rmse-1.1948, valid_pr-0.7631
epoch-403, train_loss-0.1058, train_rmse-0.3253, valid_rmse-1.2108, valid_pr-0.7614
epoch-404, train_loss-0.1089, train_rmse-0.3300, valid_rmse-1.2190, valid_pr-0.7554
epoch-405, train_loss-0.1029, train_rmse-0.3207, valid_rmse-1.2023, valid_pr-0.7596
epoch-406, train_loss-0.1044, train_rmse-0.3232, valid_rmse-1.2080, valid_pr-0.7616
epoch-407, train_loss-0.1002, train_rmse-0.3166, valid_rmse-1.2040, valid_pr-0.7605
epoch-408, train_loss-0.1063, train_rmse-0.3260, valid_rmse-1.2041, valid_pr-0.7590
epoch-409, train_loss-0.1045, train_rmse-0.3232, valid_rmse-1.2048, valid_pr-0.7628
epoch-410, train_loss-0.0956, train_rmse-0.3092, valid_rmse-1.2038, valid_pr-0.7596
epoch-411, train_loss-0.0976, train_rmse-0.3123, valid_rmse-1.1990, valid_pr-0.7610
epoch-412, train_loss-0.0969, train_rmse-0.3113, valid_rmse-1.2024, valid_pr-0.7609
epoch-413, train_loss-0.1026, train_rmse-0.3202, valid_rmse-1.2070, valid_pr-0.7571
epoch-414, train_loss-0.0933, train_rmse-0.3054, valid_rmse-1.2101, valid_pr-0.7584
epoch-415, train_loss-0.0942, train_rmse-0.3070, valid_rmse-1.1990, valid_pr-0.7607
epoch-416, train_loss-0.0944, train_rmse-0.3072, valid_rmse-1.2035, valid_pr-0.7607
epoch-417, train_loss-0.0975, train_rmse-0.3122, valid_rmse-1.2029, valid_pr-0.7607
epoch-418, train_loss-0.0940, train_rmse-0.3066, valid_rmse-1.2030, valid_pr-0.7606
epoch-419, train_loss-0.1079, train_rmse-0.3285, valid_rmse-1.2059, valid_pr-0.7594
epoch-420, train_loss-0.1048, train_rmse-0.3238, valid_rmse-1.2049, valid_pr-0.7591
epoch-421, train_loss-0.0892, train_rmse-0.2987, valid_rmse-1.2154, valid_pr-0.7547
epoch-422, train_loss-0.0972, train_rmse-0.3117, valid_rmse-1.2028, valid_pr-0.7606
epoch-423, train_loss-0.0974, train_rmse-0.3121, valid_rmse-1.2066, valid_pr-0.7583
epoch-424, train_loss-0.1015, train_rmse-0.3186, valid_rmse-1.1920, valid_pr-0.7638
epoch-425, train_loss-0.0984, train_rmse-0.3137, valid_rmse-1.2003, valid_pr-0.7620
epoch-426, train_loss-0.0943, train_rmse-0.3071, valid_rmse-1.2057, valid_pr-0.7577
epoch-427, train_loss-0.0997, train_rmse-0.3158, valid_rmse-1.2208, valid_pr-0.7590
epoch-428, train_loss-0.0942, train_rmse-0.3069, valid_rmse-1.2124, valid_pr-0.7589
epoch-429, train_loss-0.1081, train_rmse-0.3288, valid_rmse-1.1906, valid_pr-0.7647
Validation : valid_rmse-1.1906, valid_pr-0.7647, 
test2013_rmse-1.3072, test2013_pr-0.8505, test2016_rmse-1.1481, test2016_pr-0.8584, test2019_rmse-1.3653, test2019_pr-0.6519
epoch-430, train_loss-0.1004, train_rmse-0.3169, valid_rmse-1.2081, valid_pr-0.7581
epoch-431, train_loss-0.0968, train_rmse-0.3112, valid_rmse-1.2031, valid_pr-0.7616
epoch-432, train_loss-0.1035, train_rmse-0.3217, valid_rmse-1.1980, valid_pr-0.7616
epoch-433, train_loss-0.0945, train_rmse-0.3075, valid_rmse-1.1995, valid_pr-0.7624
epoch-434, train_loss-0.0971, train_rmse-0.3117, valid_rmse-1.2130, valid_pr-0.7586
epoch-435, train_loss-0.0945, train_rmse-0.3074, valid_rmse-1.2040, valid_pr-0.7590
epoch-436, train_loss-0.1007, train_rmse-0.3174, valid_rmse-1.2007, valid_pr-0.7607
epoch-437, train_loss-0.0972, train_rmse-0.3118, valid_rmse-1.1994, valid_pr-0.7624
epoch-438, train_loss-0.0962, train_rmse-0.3102, valid_rmse-1.1981, valid_pr-0.7620
epoch-439, train_loss-0.0958, train_rmse-0.3095, valid_rmse-1.2159, valid_pr-0.7636
epoch-440, train_loss-0.0979, train_rmse-0.3129, valid_rmse-1.1943, valid_pr-0.7634
epoch-441, train_loss-0.0958, train_rmse-0.3095, valid_rmse-1.1980, valid_pr-0.7613
epoch-442, train_loss-0.1018, train_rmse-0.3191, valid_rmse-1.2089, valid_pr-0.7620
epoch-443, train_loss-0.0988, train_rmse-0.3143, valid_rmse-1.1983, valid_pr-0.7637
epoch-444, train_loss-0.1061, train_rmse-0.3257, valid_rmse-1.2091, valid_pr-0.7592
epoch-445, train_loss-0.0999, train_rmse-0.3160, valid_rmse-1.1984, valid_pr-0.7612
epoch-446, train_loss-0.0928, train_rmse-0.3046, valid_rmse-1.2036, valid_pr-0.7593
epoch-447, train_loss-0.0951, train_rmse-0.3083, valid_rmse-1.2092, valid_pr-0.7588
epoch-448, train_loss-0.0883, train_rmse-0.2972, valid_rmse-1.1962, valid_pr-0.7636
epoch-449, train_loss-0.0905, train_rmse-0.3009, valid_rmse-1.2033, valid_pr-0.7608
epoch-450, train_loss-0.0965, train_rmse-0.3106, valid_rmse-1.1986, valid_pr-0.7620
epoch-451, train_loss-0.0924, train_rmse-0.3040, valid_rmse-1.1950, valid_pr-0.7626
epoch-452, train_loss-0.1001, train_rmse-0.3163, valid_rmse-1.2018, valid_pr-0.7629
epoch-453, train_loss-0.1010, train_rmse-0.3178, valid_rmse-1.2061, valid_pr-0.7630
epoch-454, train_loss-0.0995, train_rmse-0.3154, valid_rmse-1.2017, valid_pr-0.7597
epoch-455, train_loss-0.1008, train_rmse-0.3175, valid_rmse-1.2021, valid_pr-0.7609
epoch-456, train_loss-0.1007, train_rmse-0.3173, valid_rmse-1.2030, valid_pr-0.7598
epoch-457, train_loss-0.1072, train_rmse-0.3275, valid_rmse-1.2061, valid_pr-0.7606
epoch-458, train_loss-0.0995, train_rmse-0.3154, valid_rmse-1.2019, valid_pr-0.7609
epoch-459, train_loss-0.0955, train_rmse-0.3091, valid_rmse-1.2071, valid_pr-0.7597
epoch-460, train_loss-0.0968, train_rmse-0.3112, valid_rmse-1.2056, valid_pr-0.7594
epoch-461, train_loss-0.0956, train_rmse-0.3092, valid_rmse-1.2025, valid_pr-0.7602
epoch-462, train_loss-0.1010, train_rmse-0.3179, valid_rmse-1.2173, valid_pr-0.7563
epoch-463, train_loss-0.0976, train_rmse-0.3123, valid_rmse-1.2013, valid_pr-0.7606
epoch-464, train_loss-0.0884, train_rmse-0.2973, valid_rmse-1.2086, valid_pr-0.7568
epoch-465, train_loss-0.0971, train_rmse-0.3116, valid_rmse-1.1984, valid_pr-0.7626
epoch-466, train_loss-0.1123, train_rmse-0.3351, valid_rmse-1.1935, valid_pr-0.7634
epoch-467, train_loss-0.0948, train_rmse-0.3079, valid_rmse-1.2099, valid_pr-0.7603
epoch-468, train_loss-0.1006, train_rmse-0.3172, valid_rmse-1.2069, valid_pr-0.7611
epoch-469, train_loss-0.0928, train_rmse-0.3047, valid_rmse-1.1932, valid_pr-0.7641
epoch-470, train_loss-0.0965, train_rmse-0.3106, valid_rmse-1.2204, valid_pr-0.7613
epoch-471, train_loss-0.0948, train_rmse-0.3079, valid_rmse-1.2020, valid_pr-0.7630
epoch-472, train_loss-0.0995, train_rmse-0.3155, valid_rmse-1.1933, valid_pr-0.7639
epoch-473, train_loss-0.0918, train_rmse-0.3030, valid_rmse-1.1970, valid_pr-0.7613
epoch-474, train_loss-0.0950, train_rmse-0.3082, valid_rmse-1.2049, valid_pr-0.7596
epoch-475, train_loss-0.0897, train_rmse-0.2994, valid_rmse-1.1959, valid_pr-0.7621
epoch-476, train_loss-0.0934, train_rmse-0.3056, valid_rmse-1.2092, valid_pr-0.7633
epoch-477, train_loss-0.0996, train_rmse-0.3155, valid_rmse-1.2062, valid_pr-0.7581
epoch-478, train_loss-0.0907, train_rmse-0.3011, valid_rmse-1.1996, valid_pr-0.7620
epoch-479, train_loss-0.1021, train_rmse-0.3196, valid_rmse-1.2021, valid_pr-0.7594
epoch-480, train_loss-0.1022, train_rmse-0.3196, valid_rmse-1.1982, valid_pr-0.7624
epoch-481, train_loss-0.0825, train_rmse-0.2873, valid_rmse-1.2019, valid_pr-0.7606
epoch-482, train_loss-0.0856, train_rmse-0.2926, valid_rmse-1.2038, valid_pr-0.7619
epoch-483, train_loss-0.0879, train_rmse-0.2965, valid_rmse-1.1970, valid_pr-0.7632
epoch-484, train_loss-0.0870, train_rmse-0.2949, valid_rmse-1.1966, valid_pr-0.7620
epoch-485, train_loss-0.0844, train_rmse-0.2905, valid_rmse-1.1915, valid_pr-0.7641
epoch-486, train_loss-0.0928, train_rmse-0.3047, valid_rmse-1.1963, valid_pr-0.7619
epoch-487, train_loss-0.0881, train_rmse-0.2968, valid_rmse-1.1959, valid_pr-0.7630
epoch-488, train_loss-0.0836, train_rmse-0.2892, valid_rmse-1.1969, valid_pr-0.7622
epoch-489, train_loss-0.0799, train_rmse-0.2827, valid_rmse-1.1969, valid_pr-0.7622
epoch-490, train_loss-0.0840, train_rmse-0.2897, valid_rmse-1.1935, valid_pr-0.7635
epoch-491, train_loss-0.0823, train_rmse-0.2869, valid_rmse-1.1998, valid_pr-0.7615
epoch-492, train_loss-0.0793, train_rmse-0.2815, valid_rmse-1.1952, valid_pr-0.7626
epoch-493, train_loss-0.0854, train_rmse-0.2923, valid_rmse-1.1943, valid_pr-0.7639
epoch-494, train_loss-0.0894, train_rmse-0.2990, valid_rmse-1.2050, valid_pr-0.7603
epoch-495, train_loss-0.0849, train_rmse-0.2914, valid_rmse-1.1986, valid_pr-0.7613
epoch-496, train_loss-0.0825, train_rmse-0.2873, valid_rmse-1.1987, valid_pr-0.7633
epoch-497, train_loss-0.0903, train_rmse-0.3005, valid_rmse-1.2017, valid_pr-0.7608
epoch-498, train_loss-0.0876, train_rmse-0.2960, valid_rmse-1.2014, valid_pr-0.7603
epoch-499, train_loss-0.0864, train_rmse-0.2940, valid_rmse-1.1993, valid_pr-0.7629
epoch-500, train_loss-0.0890, train_rmse-0.2984, valid_rmse-1.1982, valid_pr-0.7618
epoch-501, train_loss-0.0819, train_rmse-0.2863, valid_rmse-1.2019, valid_pr-0.7610
epoch-502, train_loss-0.0855, train_rmse-0.2924, valid_rmse-1.1955, valid_pr-0.7630
epoch-503, train_loss-0.0834, train_rmse-0.2889, valid_rmse-1.1980, valid_pr-0.7617
epoch-504, train_loss-0.0856, train_rmse-0.2925, valid_rmse-1.2028, valid_pr-0.7603
epoch-505, train_loss-0.0813, train_rmse-0.2851, valid_rmse-1.1991, valid_pr-0.7624
epoch-506, train_loss-0.0954, train_rmse-0.3088, valid_rmse-1.2022, valid_pr-0.7615
epoch-507, train_loss-0.0942, train_rmse-0.3069, valid_rmse-1.2057, valid_pr-0.7621
epoch-508, train_loss-0.0859, train_rmse-0.2931, valid_rmse-1.1932, valid_pr-0.7638
epoch-509, train_loss-0.0838, train_rmse-0.2894, valid_rmse-1.1984, valid_pr-0.7626
epoch-510, train_loss-0.0852, train_rmse-0.2919, valid_rmse-1.1929, valid_pr-0.7634
epoch-511, train_loss-0.0809, train_rmse-0.2845, valid_rmse-1.1964, valid_pr-0.7629
epoch-512, train_loss-0.0885, train_rmse-0.2975, valid_rmse-1.1998, valid_pr-0.7607
epoch-513, train_loss-0.0873, train_rmse-0.2954, valid_rmse-1.1953, valid_pr-0.7631
epoch-514, train_loss-0.0911, train_rmse-0.3018, valid_rmse-1.1933, valid_pr-0.7636
epoch-515, train_loss-0.0862, train_rmse-0.2937, valid_rmse-1.1933, valid_pr-0.7635
epoch-516, train_loss-0.0876, train_rmse-0.2960, valid_rmse-1.1914, valid_pr-0.7643
epoch-517, train_loss-0.0948, train_rmse-0.3078, valid_rmse-1.2001, valid_pr-0.7624
epoch-518, train_loss-0.0814, train_rmse-0.2853, valid_rmse-1.1979, valid_pr-0.7617
epoch-519, train_loss-0.0868, train_rmse-0.2946, valid_rmse-1.2005, valid_pr-0.7636
epoch-520, train_loss-0.0830, train_rmse-0.2881, valid_rmse-1.1984, valid_pr-0.7614
epoch-521, train_loss-0.0862, train_rmse-0.2937, valid_rmse-1.1966, valid_pr-0.7637
epoch-522, train_loss-0.0846, train_rmse-0.2909, valid_rmse-1.1985, valid_pr-0.7624
epoch-523, train_loss-0.0844, train_rmse-0.2904, valid_rmse-1.1923, valid_pr-0.7638
epoch-524, train_loss-0.0856, train_rmse-0.2925, valid_rmse-1.1958, valid_pr-0.7634
epoch-525, train_loss-0.0802, train_rmse-0.2831, valid_rmse-1.1942, valid_pr-0.7628
epoch-526, train_loss-0.0878, train_rmse-0.2964, valid_rmse-1.1988, valid_pr-0.7628
epoch-527, train_loss-0.0904, train_rmse-0.3007, valid_rmse-1.1920, valid_pr-0.7642
epoch-528, train_loss-0.0897, train_rmse-0.2995, valid_rmse-1.1948, valid_pr-0.7637
epoch-529, train_loss-0.0883, train_rmse-0.2971, valid_rmse-1.1911, valid_pr-0.7643
epoch-530, train_loss-0.0813, train_rmse-0.2851, valid_rmse-1.1945, valid_pr-0.7634
early stop in epoch 530
best_rmse: 1.1906
valid_rmse-1.1906, valid_pr-0.7647, test2013_rmse-1.3072, test2013_pr-0.8505, test2016_rmse-1.1481, test2016_pr-0.8584, test2019_rmse-1.3653, test2019_pr-0.6519
