ours-lrs-0.001-abl-g-d, lr=0.001, seed=365
train_GIGN.py
train data: 11904
valid data: 1000
test2013 data: 107
test2016 data: 285
test2019 data: 4366
GIGN params # : 805417
epoch-0, train_loss-14.4624, train_rmse-3.8029, valid_rmse-2.0904, valid_pr-0.2964
Validation : valid_rmse-2.0904, valid_pr-0.2964, 
test2013_rmse-2.2716, test2013_pr-0.4672, test2016_rmse-2.1645, test2016_pr-0.5151, test2019_rmse-1.9709, test2019_pr-0.3531
epoch-1, train_loss-2.6278, train_rmse-1.6210, valid_rmse-1.5381, valid_pr-0.6027
Validation : valid_rmse-1.5381, valid_pr-0.6027, 
test2013_rmse-1.5429, test2013_pr-0.7513, test2016_rmse-1.4262, test2016_pr-0.7547, test2019_rmse-1.5022, test2019_pr-0.6100
epoch-2, train_loss-2.3870, train_rmse-1.5450, valid_rmse-1.4709, valid_pr-0.6245
Validation : valid_rmse-1.4709, valid_pr-0.6245, 
test2013_rmse-1.5220, test2013_pr-0.7831, test2016_rmse-1.4329, test2016_pr-0.7740, test2019_rmse-1.4130, test2019_pr-0.6279
epoch-3, train_loss-2.1654, train_rmse-1.4715, valid_rmse-1.5231, valid_pr-0.6426
epoch-4, train_loss-2.0743, train_rmse-1.4402, valid_rmse-1.5462, valid_pr-0.6528
epoch-5, train_loss-1.9729, train_rmse-1.4046, valid_rmse-1.3746, valid_pr-0.6707
Validation : valid_rmse-1.3746, valid_pr-0.6707, 
test2013_rmse-1.5008, test2013_pr-0.8005, test2016_rmse-1.3579, test2016_pr-0.7972, test2019_rmse-1.3585, test2019_pr-0.6507
epoch-6, train_loss-1.8291, train_rmse-1.3524, valid_rmse-1.6041, valid_pr-0.5699
epoch-7, train_loss-1.7344, train_rmse-1.3170, valid_rmse-1.4507, valid_pr-0.6899
epoch-8, train_loss-1.6389, train_rmse-1.2802, valid_rmse-1.5117, valid_pr-0.6483
epoch-9, train_loss-1.5996, train_rmse-1.2648, valid_rmse-1.4313, valid_pr-0.6475
epoch-10, train_loss-1.4595, train_rmse-1.2081, valid_rmse-1.3501, valid_pr-0.6861
Validation : valid_rmse-1.3501, valid_pr-0.6861, 
test2013_rmse-1.4450, test2013_pr-0.8065, test2016_rmse-1.2948, test2016_pr-0.8129, test2019_rmse-1.3900, test2019_pr-0.6359
epoch-11, train_loss-1.4455, train_rmse-1.2023, valid_rmse-1.3634, valid_pr-0.6758
epoch-12, train_loss-1.2956, train_rmse-1.1382, valid_rmse-1.6333, valid_pr-0.5514
epoch-13, train_loss-1.2288, train_rmse-1.1085, valid_rmse-1.6058, valid_pr-0.6748
epoch-14, train_loss-1.1510, train_rmse-1.0729, valid_rmse-1.3712, valid_pr-0.6837
epoch-15, train_loss-1.0901, train_rmse-1.0441, valid_rmse-1.3595, valid_pr-0.6992
epoch-16, train_loss-1.0062, train_rmse-1.0031, valid_rmse-1.3614, valid_pr-0.7036
epoch-17, train_loss-0.9622, train_rmse-0.9809, valid_rmse-1.3218, valid_pr-0.7155
Validation : valid_rmse-1.3218, valid_pr-0.7155, 
test2013_rmse-1.3570, test2013_pr-0.8248, test2016_rmse-1.2908, test2016_pr-0.8102, test2019_rmse-1.4008, test2019_pr-0.6407
epoch-18, train_loss-0.8707, train_rmse-0.9331, valid_rmse-1.4325, valid_pr-0.6951
epoch-19, train_loss-0.8377, train_rmse-0.9152, valid_rmse-1.4446, valid_pr-0.6992
epoch-20, train_loss-0.8447, train_rmse-0.9191, valid_rmse-1.6825, valid_pr-0.6069
epoch-21, train_loss-0.7723, train_rmse-0.8788, valid_rmse-1.3480, valid_pr-0.7004
epoch-22, train_loss-0.7212, train_rmse-0.8493, valid_rmse-1.4457, valid_pr-0.7061
epoch-23, train_loss-0.6644, train_rmse-0.8151, valid_rmse-1.7463, valid_pr-0.5984
epoch-24, train_loss-0.6976, train_rmse-0.8352, valid_rmse-1.4938, valid_pr-0.6619
epoch-25, train_loss-0.6349, train_rmse-0.7968, valid_rmse-1.3794, valid_pr-0.6882
epoch-26, train_loss-0.5928, train_rmse-0.7700, valid_rmse-1.3547, valid_pr-0.7106
epoch-27, train_loss-0.5792, train_rmse-0.7611, valid_rmse-1.4110, valid_pr-0.6994
epoch-28, train_loss-0.5470, train_rmse-0.7396, valid_rmse-1.3756, valid_pr-0.7136
epoch-29, train_loss-0.5447, train_rmse-0.7381, valid_rmse-1.3435, valid_pr-0.7258
epoch-30, train_loss-0.5031, train_rmse-0.7093, valid_rmse-1.3615, valid_pr-0.6932
epoch-31, train_loss-0.5089, train_rmse-0.7133, valid_rmse-1.3507, valid_pr-0.7103
epoch-32, train_loss-0.4838, train_rmse-0.6955, valid_rmse-1.3647, valid_pr-0.7237
epoch-33, train_loss-0.5028, train_rmse-0.7091, valid_rmse-1.3275, valid_pr-0.7295
epoch-34, train_loss-0.4327, train_rmse-0.6578, valid_rmse-1.3440, valid_pr-0.7282
epoch-35, train_loss-0.4480, train_rmse-0.6693, valid_rmse-1.3374, valid_pr-0.7199
epoch-36, train_loss-0.4320, train_rmse-0.6573, valid_rmse-1.3155, valid_pr-0.7213
Validation : valid_rmse-1.3155, valid_pr-0.7213, 
test2013_rmse-1.3257, test2013_pr-0.8390, test2016_rmse-1.2788, test2016_pr-0.8237, test2019_rmse-1.4448, test2019_pr-0.6347
epoch-37, train_loss-0.4461, train_rmse-0.6679, valid_rmse-1.3139, valid_pr-0.7215
Validation : valid_rmse-1.3139, valid_pr-0.7215, 
test2013_rmse-1.4020, test2013_pr-0.8139, test2016_rmse-1.3268, test2016_pr-0.8100, test2019_rmse-1.4470, test2019_pr-0.6238
epoch-38, train_loss-0.4149, train_rmse-0.6442, valid_rmse-1.2770, valid_pr-0.7303
Validation : valid_rmse-1.2770, valid_pr-0.7303, 
test2013_rmse-1.3618, test2013_pr-0.8126, test2016_rmse-1.2773, test2016_pr-0.8105, test2019_rmse-1.4448, test2019_pr-0.6209
epoch-39, train_loss-0.4132, train_rmse-0.6428, valid_rmse-1.3058, valid_pr-0.7325
epoch-40, train_loss-0.4076, train_rmse-0.6384, valid_rmse-1.2837, valid_pr-0.7255
epoch-41, train_loss-0.4151, train_rmse-0.6443, valid_rmse-1.3905, valid_pr-0.7248
epoch-42, train_loss-0.3869, train_rmse-0.6220, valid_rmse-1.3255, valid_pr-0.7152
epoch-43, train_loss-0.4091, train_rmse-0.6396, valid_rmse-1.3455, valid_pr-0.6957
epoch-44, train_loss-0.3848, train_rmse-0.6203, valid_rmse-1.3449, valid_pr-0.7345
epoch-45, train_loss-0.3875, train_rmse-0.6225, valid_rmse-1.2653, valid_pr-0.7318
Validation : valid_rmse-1.2653, valid_pr-0.7318, 
test2013_rmse-1.3158, test2013_pr-0.8417, test2016_rmse-1.2572, test2016_pr-0.8188, test2019_rmse-1.3998, test2019_pr-0.6415
epoch-46, train_loss-0.3611, train_rmse-0.6009, valid_rmse-1.3044, valid_pr-0.7237
epoch-47, train_loss-0.3633, train_rmse-0.6028, valid_rmse-1.3268, valid_pr-0.7225
epoch-48, train_loss-0.3414, train_rmse-0.5843, valid_rmse-1.2937, valid_pr-0.7395
epoch-49, train_loss-0.3411, train_rmse-0.5840, valid_rmse-1.2616, valid_pr-0.7367
Validation : valid_rmse-1.2616, valid_pr-0.7367, 
test2013_rmse-1.3221, test2013_pr-0.8300, test2016_rmse-1.2249, test2016_pr-0.8301, test2019_rmse-1.4258, test2019_pr-0.6294
epoch-50, train_loss-0.3355, train_rmse-0.5792, valid_rmse-1.2841, valid_pr-0.7368
epoch-51, train_loss-0.3405, train_rmse-0.5835, valid_rmse-1.2876, valid_pr-0.7362
epoch-52, train_loss-0.3524, train_rmse-0.5936, valid_rmse-1.3297, valid_pr-0.7113
epoch-53, train_loss-0.3262, train_rmse-0.5712, valid_rmse-1.3789, valid_pr-0.7123
epoch-54, train_loss-0.3207, train_rmse-0.5663, valid_rmse-1.3160, valid_pr-0.7202
epoch-55, train_loss-0.3404, train_rmse-0.5835, valid_rmse-1.3113, valid_pr-0.7393
epoch-56, train_loss-0.3111, train_rmse-0.5578, valid_rmse-1.3284, valid_pr-0.7280
epoch-57, train_loss-0.3119, train_rmse-0.5585, valid_rmse-1.3686, valid_pr-0.7188
epoch-58, train_loss-0.3233, train_rmse-0.5686, valid_rmse-1.2832, valid_pr-0.7309
epoch-59, train_loss-0.3131, train_rmse-0.5595, valid_rmse-1.3491, valid_pr-0.7345
epoch-60, train_loss-0.3148, train_rmse-0.5610, valid_rmse-1.2857, valid_pr-0.7292
epoch-61, train_loss-0.3178, train_rmse-0.5637, valid_rmse-1.2506, valid_pr-0.7476
Validation : valid_rmse-1.2506, valid_pr-0.7476, 
test2013_rmse-1.2893, test2013_pr-0.8402, test2016_rmse-1.2220, test2016_pr-0.8324, test2019_rmse-1.4129, test2019_pr-0.6473
epoch-62, train_loss-0.3033, train_rmse-0.5507, valid_rmse-1.3344, valid_pr-0.7438
epoch-63, train_loss-0.3147, train_rmse-0.5610, valid_rmse-1.2398, valid_pr-0.7502
Validation : valid_rmse-1.2398, valid_pr-0.7502, 
test2013_rmse-1.2758, test2013_pr-0.8421, test2016_rmse-1.1764, test2016_pr-0.8411, test2019_rmse-1.4135, test2019_pr-0.6487
epoch-64, train_loss-0.2950, train_rmse-0.5431, valid_rmse-1.2790, valid_pr-0.7248
epoch-65, train_loss-0.3072, train_rmse-0.5542, valid_rmse-1.3513, valid_pr-0.7073
epoch-66, train_loss-0.2914, train_rmse-0.5398, valid_rmse-1.2480, valid_pr-0.7497
epoch-67, train_loss-0.2872, train_rmse-0.5359, valid_rmse-1.2790, valid_pr-0.7381
epoch-68, train_loss-0.2896, train_rmse-0.5381, valid_rmse-1.2554, valid_pr-0.7349
epoch-69, train_loss-0.2755, train_rmse-0.5249, valid_rmse-1.2782, valid_pr-0.7433
epoch-70, train_loss-0.2787, train_rmse-0.5279, valid_rmse-1.3251, valid_pr-0.7330
epoch-71, train_loss-0.2735, train_rmse-0.5230, valid_rmse-1.2615, valid_pr-0.7340
epoch-72, train_loss-0.2890, train_rmse-0.5375, valid_rmse-1.2486, valid_pr-0.7454
epoch-73, train_loss-0.2821, train_rmse-0.5311, valid_rmse-1.2914, valid_pr-0.7413
epoch-74, train_loss-0.2690, train_rmse-0.5186, valid_rmse-1.3149, valid_pr-0.7389
epoch-75, train_loss-0.2849, train_rmse-0.5338, valid_rmse-1.2644, valid_pr-0.7335
epoch-76, train_loss-0.2845, train_rmse-0.5334, valid_rmse-1.2791, valid_pr-0.7327
epoch-77, train_loss-0.2652, train_rmse-0.5150, valid_rmse-1.2938, valid_pr-0.7366
epoch-78, train_loss-0.2497, train_rmse-0.4997, valid_rmse-1.2531, valid_pr-0.7392
epoch-79, train_loss-0.2655, train_rmse-0.5152, valid_rmse-1.2510, valid_pr-0.7415
epoch-80, train_loss-0.2491, train_rmse-0.4991, valid_rmse-1.3022, valid_pr-0.7247
epoch-81, train_loss-0.2526, train_rmse-0.5026, valid_rmse-1.2743, valid_pr-0.7422
epoch-82, train_loss-0.2802, train_rmse-0.5293, valid_rmse-1.3146, valid_pr-0.7155
epoch-83, train_loss-0.2717, train_rmse-0.5212, valid_rmse-1.2599, valid_pr-0.7388
epoch-84, train_loss-0.2518, train_rmse-0.5018, valid_rmse-1.2536, valid_pr-0.7365
epoch-85, train_loss-0.2695, train_rmse-0.5191, valid_rmse-1.2615, valid_pr-0.7405
epoch-86, train_loss-0.2589, train_rmse-0.5088, valid_rmse-1.2533, valid_pr-0.7366
epoch-87, train_loss-0.2548, train_rmse-0.5047, valid_rmse-1.3260, valid_pr-0.7117
epoch-88, train_loss-0.2523, train_rmse-0.5023, valid_rmse-1.2468, valid_pr-0.7485
epoch-89, train_loss-0.2425, train_rmse-0.4925, valid_rmse-1.2243, valid_pr-0.7523
Validation : valid_rmse-1.2243, valid_pr-0.7523, 
test2013_rmse-1.2982, test2013_pr-0.8406, test2016_rmse-1.1834, test2016_pr-0.8420, test2019_rmse-1.3971, test2019_pr-0.6465
epoch-90, train_loss-0.2431, train_rmse-0.4930, valid_rmse-1.2587, valid_pr-0.7416
epoch-91, train_loss-0.2366, train_rmse-0.4864, valid_rmse-1.2460, valid_pr-0.7433
epoch-92, train_loss-0.2429, train_rmse-0.4929, valid_rmse-1.2633, valid_pr-0.7376
epoch-93, train_loss-0.2516, train_rmse-0.5016, valid_rmse-1.2758, valid_pr-0.7418
epoch-94, train_loss-0.2338, train_rmse-0.4835, valid_rmse-1.2667, valid_pr-0.7454
epoch-95, train_loss-0.2410, train_rmse-0.4909, valid_rmse-1.2453, valid_pr-0.7488
epoch-96, train_loss-0.2530, train_rmse-0.5030, valid_rmse-1.2315, valid_pr-0.7551
epoch-97, train_loss-0.2291, train_rmse-0.4786, valid_rmse-1.2645, valid_pr-0.7410
epoch-98, train_loss-0.2279, train_rmse-0.4773, valid_rmse-1.2436, valid_pr-0.7489
epoch-99, train_loss-0.2457, train_rmse-0.4957, valid_rmse-1.2501, valid_pr-0.7401
epoch-100, train_loss-0.2242, train_rmse-0.4735, valid_rmse-1.2603, valid_pr-0.7369
epoch-101, train_loss-0.2313, train_rmse-0.4810, valid_rmse-1.2515, valid_pr-0.7406
epoch-102, train_loss-0.2268, train_rmse-0.4762, valid_rmse-1.2342, valid_pr-0.7478
epoch-103, train_loss-0.2213, train_rmse-0.4704, valid_rmse-1.2471, valid_pr-0.7456
epoch-104, train_loss-0.2144, train_rmse-0.4631, valid_rmse-1.2319, valid_pr-0.7532
epoch-105, train_loss-0.2218, train_rmse-0.4710, valid_rmse-1.2339, valid_pr-0.7519
epoch-106, train_loss-0.2331, train_rmse-0.4828, valid_rmse-1.2502, valid_pr-0.7411
epoch-107, train_loss-0.2315, train_rmse-0.4812, valid_rmse-1.2127, valid_pr-0.7588
Validation : valid_rmse-1.2127, valid_pr-0.7588, 
test2013_rmse-1.2998, test2013_pr-0.8389, test2016_rmse-1.2021, test2016_pr-0.8357, test2019_rmse-1.3893, test2019_pr-0.6528
epoch-108, train_loss-0.2234, train_rmse-0.4727, valid_rmse-1.2410, valid_pr-0.7492
epoch-109, train_loss-0.2098, train_rmse-0.4580, valid_rmse-1.2687, valid_pr-0.7446
epoch-110, train_loss-0.2255, train_rmse-0.4748, valid_rmse-1.2529, valid_pr-0.7441
epoch-111, train_loss-0.2197, train_rmse-0.4687, valid_rmse-1.2295, valid_pr-0.7501
epoch-112, train_loss-0.2225, train_rmse-0.4718, valid_rmse-1.2482, valid_pr-0.7443
epoch-113, train_loss-0.2096, train_rmse-0.4579, valid_rmse-1.2615, valid_pr-0.7536
epoch-114, train_loss-0.2059, train_rmse-0.4538, valid_rmse-1.2414, valid_pr-0.7429
epoch-115, train_loss-0.2170, train_rmse-0.4658, valid_rmse-1.2507, valid_pr-0.7395
epoch-116, train_loss-0.2178, train_rmse-0.4667, valid_rmse-1.2405, valid_pr-0.7546
epoch-117, train_loss-0.2041, train_rmse-0.4518, valid_rmse-1.2347, valid_pr-0.7544
epoch-118, train_loss-0.2057, train_rmse-0.4535, valid_rmse-1.2247, valid_pr-0.7552
epoch-119, train_loss-0.2116, train_rmse-0.4600, valid_rmse-1.2345, valid_pr-0.7511
epoch-120, train_loss-0.2190, train_rmse-0.4679, valid_rmse-1.2271, valid_pr-0.7561
epoch-121, train_loss-0.2232, train_rmse-0.4724, valid_rmse-1.2420, valid_pr-0.7439
epoch-122, train_loss-0.2029, train_rmse-0.4504, valid_rmse-1.2243, valid_pr-0.7538
epoch-123, train_loss-0.2017, train_rmse-0.4491, valid_rmse-1.2323, valid_pr-0.7534
epoch-124, train_loss-0.2065, train_rmse-0.4544, valid_rmse-1.2154, valid_pr-0.7572
epoch-125, train_loss-0.2057, train_rmse-0.4536, valid_rmse-1.2333, valid_pr-0.7469
epoch-126, train_loss-0.2105, train_rmse-0.4588, valid_rmse-1.2347, valid_pr-0.7501
epoch-127, train_loss-0.2028, train_rmse-0.4503, valid_rmse-1.2254, valid_pr-0.7538
epoch-128, train_loss-0.2020, train_rmse-0.4495, valid_rmse-1.2317, valid_pr-0.7503
epoch-129, train_loss-0.1891, train_rmse-0.4349, valid_rmse-1.2427, valid_pr-0.7454
epoch-130, train_loss-0.1912, train_rmse-0.4372, valid_rmse-1.2162, valid_pr-0.7569
epoch-131, train_loss-0.2141, train_rmse-0.4627, valid_rmse-1.2540, valid_pr-0.7482
epoch-132, train_loss-0.1952, train_rmse-0.4419, valid_rmse-1.2455, valid_pr-0.7524
epoch-133, train_loss-0.1921, train_rmse-0.4382, valid_rmse-1.2408, valid_pr-0.7473
epoch-134, train_loss-0.1895, train_rmse-0.4354, valid_rmse-1.2656, valid_pr-0.7422
epoch-135, train_loss-0.1951, train_rmse-0.4417, valid_rmse-1.2773, valid_pr-0.7418
epoch-136, train_loss-0.1908, train_rmse-0.4368, valid_rmse-1.2481, valid_pr-0.7448
epoch-137, train_loss-0.1840, train_rmse-0.4289, valid_rmse-1.2262, valid_pr-0.7494
epoch-138, train_loss-0.1941, train_rmse-0.4405, valid_rmse-1.2231, valid_pr-0.7534
epoch-139, train_loss-0.1965, train_rmse-0.4433, valid_rmse-1.2167, valid_pr-0.7618
epoch-140, train_loss-0.1734, train_rmse-0.4165, valid_rmse-1.2478, valid_pr-0.7511
epoch-141, train_loss-0.1796, train_rmse-0.4238, valid_rmse-1.2376, valid_pr-0.7470
epoch-142, train_loss-0.1848, train_rmse-0.4298, valid_rmse-1.2311, valid_pr-0.7540
epoch-143, train_loss-0.1887, train_rmse-0.4344, valid_rmse-1.2310, valid_pr-0.7500
epoch-144, train_loss-0.1909, train_rmse-0.4370, valid_rmse-1.2175, valid_pr-0.7535
epoch-145, train_loss-0.2073, train_rmse-0.4554, valid_rmse-1.2337, valid_pr-0.7537
epoch-146, train_loss-0.1840, train_rmse-0.4289, valid_rmse-1.2665, valid_pr-0.7431
epoch-147, train_loss-0.1851, train_rmse-0.4303, valid_rmse-1.2266, valid_pr-0.7497
epoch-148, train_loss-0.1853, train_rmse-0.4305, valid_rmse-1.2137, valid_pr-0.7587
epoch-149, train_loss-0.1762, train_rmse-0.4198, valid_rmse-1.2159, valid_pr-0.7561
epoch-150, train_loss-0.1781, train_rmse-0.4220, valid_rmse-1.2175, valid_pr-0.7573
epoch-151, train_loss-0.1728, train_rmse-0.4157, valid_rmse-1.2377, valid_pr-0.7516
epoch-152, train_loss-0.1672, train_rmse-0.4088, valid_rmse-1.2319, valid_pr-0.7501
epoch-153, train_loss-0.1786, train_rmse-0.4227, valid_rmse-1.2242, valid_pr-0.7526
epoch-154, train_loss-0.1837, train_rmse-0.4286, valid_rmse-1.2281, valid_pr-0.7554
epoch-155, train_loss-0.1778, train_rmse-0.4216, valid_rmse-1.2362, valid_pr-0.7532
epoch-156, train_loss-0.1658, train_rmse-0.4072, valid_rmse-1.2161, valid_pr-0.7566
epoch-157, train_loss-0.1798, train_rmse-0.4240, valid_rmse-1.2223, valid_pr-0.7548
epoch-158, train_loss-0.1741, train_rmse-0.4173, valid_rmse-1.2262, valid_pr-0.7527
epoch-159, train_loss-0.1670, train_rmse-0.4087, valid_rmse-1.2112, valid_pr-0.7571
Validation : valid_rmse-1.2112, valid_pr-0.7571, 
test2013_rmse-1.2885, test2013_pr-0.8474, test2016_rmse-1.1537, test2016_pr-0.8515, test2019_rmse-1.3668, test2019_pr-0.6576
epoch-160, train_loss-0.1356, train_rmse-0.3682, valid_rmse-1.2080, valid_pr-0.7579
Validation : valid_rmse-1.2080, valid_pr-0.7579, 
test2013_rmse-1.3138, test2013_pr-0.8420, test2016_rmse-1.1650, test2016_pr-0.8487, test2019_rmse-1.3605, test2019_pr-0.6600
epoch-161, train_loss-0.1406, train_rmse-0.3749, valid_rmse-1.2066, valid_pr-0.7601
Validation : valid_rmse-1.2066, valid_pr-0.7601, 
test2013_rmse-1.2933, test2013_pr-0.8451, test2016_rmse-1.1674, test2016_pr-0.8483, test2019_rmse-1.3602, test2019_pr-0.6603
epoch-162, train_loss-0.1333, train_rmse-0.3651, valid_rmse-1.2154, valid_pr-0.7578
epoch-163, train_loss-0.1331, train_rmse-0.3648, valid_rmse-1.2015, valid_pr-0.7620
Validation : valid_rmse-1.2015, valid_pr-0.7620, 
test2013_rmse-1.2897, test2013_pr-0.8463, test2016_rmse-1.1567, test2016_pr-0.8507, test2019_rmse-1.3615, test2019_pr-0.6605
epoch-164, train_loss-0.1456, train_rmse-0.3815, valid_rmse-1.2148, valid_pr-0.7552
epoch-165, train_loss-0.1342, train_rmse-0.3663, valid_rmse-1.2014, valid_pr-0.7621
Validation : valid_rmse-1.2014, valid_pr-0.7621, 
test2013_rmse-1.3148, test2013_pr-0.8439, test2016_rmse-1.1803, test2016_pr-0.8479, test2019_rmse-1.3609, test2019_pr-0.6575
epoch-166, train_loss-0.1326, train_rmse-0.3641, valid_rmse-1.2017, valid_pr-0.7610
epoch-167, train_loss-0.1337, train_rmse-0.3656, valid_rmse-1.2077, valid_pr-0.7588
epoch-168, train_loss-0.1438, train_rmse-0.3792, valid_rmse-1.2213, valid_pr-0.7539
epoch-169, train_loss-0.1502, train_rmse-0.3876, valid_rmse-1.2108, valid_pr-0.7571
epoch-170, train_loss-0.1401, train_rmse-0.3743, valid_rmse-1.2124, valid_pr-0.7563
epoch-171, train_loss-0.1378, train_rmse-0.3712, valid_rmse-1.2203, valid_pr-0.7560
epoch-172, train_loss-0.1372, train_rmse-0.3704, valid_rmse-1.2203, valid_pr-0.7525
epoch-173, train_loss-0.1322, train_rmse-0.3636, valid_rmse-1.2108, valid_pr-0.7578
epoch-174, train_loss-0.1265, train_rmse-0.3557, valid_rmse-1.2103, valid_pr-0.7581
epoch-175, train_loss-0.1321, train_rmse-0.3634, valid_rmse-1.2024, valid_pr-0.7604
epoch-176, train_loss-0.1303, train_rmse-0.3610, valid_rmse-1.2194, valid_pr-0.7539
epoch-177, train_loss-0.1353, train_rmse-0.3678, valid_rmse-1.2165, valid_pr-0.7599
epoch-178, train_loss-0.1378, train_rmse-0.3712, valid_rmse-1.1996, valid_pr-0.7651
Validation : valid_rmse-1.1996, valid_pr-0.7651, 
test2013_rmse-1.2385, test2013_pr-0.8567, test2016_rmse-1.1253, test2016_pr-0.8569, test2019_rmse-1.3765, test2019_pr-0.6609
epoch-179, train_loss-0.1393, train_rmse-0.3732, valid_rmse-1.2161, valid_pr-0.7579
epoch-180, train_loss-0.1369, train_rmse-0.3700, valid_rmse-1.2101, valid_pr-0.7561
epoch-181, train_loss-0.1314, train_rmse-0.3625, valid_rmse-1.2037, valid_pr-0.7587
epoch-182, train_loss-0.1341, train_rmse-0.3662, valid_rmse-1.2059, valid_pr-0.7633
epoch-183, train_loss-0.1303, train_rmse-0.3610, valid_rmse-1.2115, valid_pr-0.7572
epoch-184, train_loss-0.1261, train_rmse-0.3551, valid_rmse-1.2157, valid_pr-0.7563
epoch-185, train_loss-0.1316, train_rmse-0.3628, valid_rmse-1.1969, valid_pr-0.7617
Validation : valid_rmse-1.1969, valid_pr-0.7617, 
test2013_rmse-1.2966, test2013_pr-0.8503, test2016_rmse-1.1545, test2016_pr-0.8548, test2019_rmse-1.3549, test2019_pr-0.6591
epoch-186, train_loss-0.1363, train_rmse-0.3692, valid_rmse-1.2053, valid_pr-0.7612
epoch-187, train_loss-0.1345, train_rmse-0.3667, valid_rmse-1.2084, valid_pr-0.7571
epoch-188, train_loss-0.1292, train_rmse-0.3594, valid_rmse-1.2113, valid_pr-0.7568
epoch-189, train_loss-0.1352, train_rmse-0.3676, valid_rmse-1.1944, valid_pr-0.7634
Validation : valid_rmse-1.1944, valid_pr-0.7634, 
test2013_rmse-1.2866, test2013_pr-0.8483, test2016_rmse-1.1628, test2016_pr-0.8498, test2019_rmse-1.3673, test2019_pr-0.6541
epoch-190, train_loss-0.1220, train_rmse-0.3493, valid_rmse-1.2166, valid_pr-0.7549
epoch-191, train_loss-0.1263, train_rmse-0.3553, valid_rmse-1.2111, valid_pr-0.7627
epoch-192, train_loss-0.1298, train_rmse-0.3602, valid_rmse-1.2104, valid_pr-0.7584
epoch-193, train_loss-0.1444, train_rmse-0.3800, valid_rmse-1.2065, valid_pr-0.7595
epoch-194, train_loss-0.1243, train_rmse-0.3526, valid_rmse-1.2023, valid_pr-0.7609
epoch-195, train_loss-0.1185, train_rmse-0.3442, valid_rmse-1.2147, valid_pr-0.7574
epoch-196, train_loss-0.1424, train_rmse-0.3773, valid_rmse-1.2183, valid_pr-0.7583
epoch-197, train_loss-0.1465, train_rmse-0.3827, valid_rmse-1.2116, valid_pr-0.7572
epoch-198, train_loss-0.1314, train_rmse-0.3625, valid_rmse-1.2109, valid_pr-0.7570
epoch-199, train_loss-0.1310, train_rmse-0.3619, valid_rmse-1.2039, valid_pr-0.7621
epoch-200, train_loss-0.1300, train_rmse-0.3605, valid_rmse-1.1996, valid_pr-0.7627
epoch-201, train_loss-0.1310, train_rmse-0.3620, valid_rmse-1.2098, valid_pr-0.7562
epoch-202, train_loss-0.1281, train_rmse-0.3579, valid_rmse-1.2054, valid_pr-0.7595
epoch-203, train_loss-0.1393, train_rmse-0.3732, valid_rmse-1.2006, valid_pr-0.7609
epoch-204, train_loss-0.1406, train_rmse-0.3749, valid_rmse-1.2064, valid_pr-0.7573
epoch-205, train_loss-0.1363, train_rmse-0.3692, valid_rmse-1.2101, valid_pr-0.7588
epoch-206, train_loss-0.1278, train_rmse-0.3575, valid_rmse-1.2051, valid_pr-0.7593
epoch-207, train_loss-0.1224, train_rmse-0.3498, valid_rmse-1.2082, valid_pr-0.7604
epoch-208, train_loss-0.1289, train_rmse-0.3591, valid_rmse-1.2014, valid_pr-0.7632
epoch-209, train_loss-0.1270, train_rmse-0.3564, valid_rmse-1.1945, valid_pr-0.7645
epoch-210, train_loss-0.1244, train_rmse-0.3527, valid_rmse-1.1985, valid_pr-0.7627
epoch-211, train_loss-0.1254, train_rmse-0.3541, valid_rmse-1.2021, valid_pr-0.7624
epoch-212, train_loss-0.1298, train_rmse-0.3602, valid_rmse-1.2017, valid_pr-0.7611
epoch-213, train_loss-0.1272, train_rmse-0.3566, valid_rmse-1.1972, valid_pr-0.7633
epoch-214, train_loss-0.1246, train_rmse-0.3530, valid_rmse-1.2033, valid_pr-0.7614
epoch-215, train_loss-0.1317, train_rmse-0.3629, valid_rmse-1.1958, valid_pr-0.7626
epoch-216, train_loss-0.1270, train_rmse-0.3564, valid_rmse-1.2052, valid_pr-0.7607
epoch-217, train_loss-0.1246, train_rmse-0.3530, valid_rmse-1.1952, valid_pr-0.7645
epoch-218, train_loss-0.1218, train_rmse-0.3491, valid_rmse-1.2131, valid_pr-0.7592
epoch-219, train_loss-0.1227, train_rmse-0.3503, valid_rmse-1.2000, valid_pr-0.7621
epoch-220, train_loss-0.1259, train_rmse-0.3548, valid_rmse-1.1956, valid_pr-0.7628
epoch-221, train_loss-0.1374, train_rmse-0.3707, valid_rmse-1.2020, valid_pr-0.7594
epoch-222, train_loss-0.1221, train_rmse-0.3495, valid_rmse-1.1978, valid_pr-0.7630
epoch-223, train_loss-0.1285, train_rmse-0.3584, valid_rmse-1.1977, valid_pr-0.7620
epoch-224, train_loss-0.1178, train_rmse-0.3433, valid_rmse-1.2140, valid_pr-0.7573
epoch-225, train_loss-0.1238, train_rmse-0.3519, valid_rmse-1.1923, valid_pr-0.7652
Validation : valid_rmse-1.1923, valid_pr-0.7652, 
test2013_rmse-1.3278, test2013_pr-0.8364, test2016_rmse-1.1777, test2016_pr-0.8454, test2019_rmse-1.3498, test2019_pr-0.6647
epoch-226, train_loss-0.1296, train_rmse-0.3600, valid_rmse-1.1962, valid_pr-0.7626
epoch-227, train_loss-0.1228, train_rmse-0.3505, valid_rmse-1.2072, valid_pr-0.7599
epoch-228, train_loss-0.1280, train_rmse-0.3578, valid_rmse-1.1941, valid_pr-0.7639
epoch-229, train_loss-0.1311, train_rmse-0.3621, valid_rmse-1.2046, valid_pr-0.7605
epoch-230, train_loss-0.1286, train_rmse-0.3586, valid_rmse-1.2042, valid_pr-0.7625
epoch-231, train_loss-0.1385, train_rmse-0.3722, valid_rmse-1.2028, valid_pr-0.7615
epoch-232, train_loss-0.1224, train_rmse-0.3498, valid_rmse-1.2077, valid_pr-0.7574
epoch-233, train_loss-0.1214, train_rmse-0.3484, valid_rmse-1.1956, valid_pr-0.7628
epoch-234, train_loss-0.1208, train_rmse-0.3475, valid_rmse-1.1989, valid_pr-0.7621
epoch-235, train_loss-0.1273, train_rmse-0.3568, valid_rmse-1.1967, valid_pr-0.7635
epoch-236, train_loss-0.1275, train_rmse-0.3570, valid_rmse-1.2018, valid_pr-0.7612
epoch-237, train_loss-0.1288, train_rmse-0.3590, valid_rmse-1.1921, valid_pr-0.7647
Validation : valid_rmse-1.1921, valid_pr-0.7647, 
test2013_rmse-1.3085, test2013_pr-0.8431, test2016_rmse-1.1680, test2016_pr-0.8473, test2019_rmse-1.3568, test2019_pr-0.6618
epoch-238, train_loss-0.1221, train_rmse-0.3494, valid_rmse-1.1909, valid_pr-0.7652
Validation : valid_rmse-1.1909, valid_pr-0.7652, 
test2013_rmse-1.2885, test2013_pr-0.8561, test2016_rmse-1.1703, test2016_pr-0.8528, test2019_rmse-1.3430, test2019_pr-0.6653
epoch-239, train_loss-0.1279, train_rmse-0.3576, valid_rmse-1.2009, valid_pr-0.7636
epoch-240, train_loss-0.1210, train_rmse-0.3479, valid_rmse-1.1910, valid_pr-0.7665
epoch-241, train_loss-0.1342, train_rmse-0.3664, valid_rmse-1.2105, valid_pr-0.7610
epoch-242, train_loss-0.1197, train_rmse-0.3460, valid_rmse-1.1952, valid_pr-0.7649
epoch-243, train_loss-0.1199, train_rmse-0.3462, valid_rmse-1.1924, valid_pr-0.7652
epoch-244, train_loss-0.1141, train_rmse-0.3378, valid_rmse-1.2026, valid_pr-0.7625
epoch-245, train_loss-0.1237, train_rmse-0.3517, valid_rmse-1.1964, valid_pr-0.7639
epoch-246, train_loss-0.1257, train_rmse-0.3545, valid_rmse-1.2066, valid_pr-0.7611
epoch-247, train_loss-0.1280, train_rmse-0.3577, valid_rmse-1.2037, valid_pr-0.7609
epoch-248, train_loss-0.1188, train_rmse-0.3446, valid_rmse-1.2006, valid_pr-0.7624
epoch-249, train_loss-0.1185, train_rmse-0.3442, valid_rmse-1.1905, valid_pr-0.7662
Validation : valid_rmse-1.1905, valid_pr-0.7662, 
test2013_rmse-1.2908, test2013_pr-0.8472, test2016_rmse-1.1507, test2016_pr-0.8520, test2019_rmse-1.3518, test2019_pr-0.6677
epoch-250, train_loss-0.1278, train_rmse-0.3575, valid_rmse-1.2073, valid_pr-0.7602
epoch-251, train_loss-0.1219, train_rmse-0.3492, valid_rmse-1.2055, valid_pr-0.7588
epoch-252, train_loss-0.1174, train_rmse-0.3426, valid_rmse-1.2000, valid_pr-0.7628
epoch-253, train_loss-0.1284, train_rmse-0.3583, valid_rmse-1.1966, valid_pr-0.7635
epoch-254, train_loss-0.1155, train_rmse-0.3399, valid_rmse-1.1926, valid_pr-0.7648
epoch-255, train_loss-0.1267, train_rmse-0.3559, valid_rmse-1.1974, valid_pr-0.7627
epoch-256, train_loss-0.1268, train_rmse-0.3561, valid_rmse-1.2017, valid_pr-0.7614
epoch-257, train_loss-0.1177, train_rmse-0.3431, valid_rmse-1.2021, valid_pr-0.7604
epoch-258, train_loss-0.1339, train_rmse-0.3659, valid_rmse-1.1973, valid_pr-0.7616
epoch-259, train_loss-0.1255, train_rmse-0.3542, valid_rmse-1.2176, valid_pr-0.7537
epoch-260, train_loss-0.1132, train_rmse-0.3365, valid_rmse-1.2048, valid_pr-0.7597
epoch-261, train_loss-0.1131, train_rmse-0.3363, valid_rmse-1.2012, valid_pr-0.7603
epoch-262, train_loss-0.1167, train_rmse-0.3416, valid_rmse-1.1916, valid_pr-0.7657
epoch-263, train_loss-0.1249, train_rmse-0.3535, valid_rmse-1.1965, valid_pr-0.7632
epoch-264, train_loss-0.1216, train_rmse-0.3486, valid_rmse-1.2002, valid_pr-0.7613
epoch-265, train_loss-0.1366, train_rmse-0.3696, valid_rmse-1.2072, valid_pr-0.7593
epoch-266, train_loss-0.1240, train_rmse-0.3521, valid_rmse-1.2032, valid_pr-0.7589
epoch-267, train_loss-0.1294, train_rmse-0.3597, valid_rmse-1.2000, valid_pr-0.7604
epoch-268, train_loss-0.1261, train_rmse-0.3551, valid_rmse-1.2082, valid_pr-0.7615
epoch-269, train_loss-0.1201, train_rmse-0.3465, valid_rmse-1.2006, valid_pr-0.7608
epoch-270, train_loss-0.1234, train_rmse-0.3513, valid_rmse-1.1890, valid_pr-0.7659
Validation : valid_rmse-1.1890, valid_pr-0.7659, 
test2013_rmse-1.3268, test2013_pr-0.8393, test2016_rmse-1.1594, test2016_pr-0.8509, test2019_rmse-1.3473, test2019_pr-0.6663
epoch-271, train_loss-0.1225, train_rmse-0.3500, valid_rmse-1.1983, valid_pr-0.7619
epoch-272, train_loss-0.1162, train_rmse-0.3409, valid_rmse-1.2167, valid_pr-0.7607
epoch-273, train_loss-0.1176, train_rmse-0.3429, valid_rmse-1.1945, valid_pr-0.7636
epoch-274, train_loss-0.1133, train_rmse-0.3367, valid_rmse-1.1942, valid_pr-0.7630
epoch-275, train_loss-0.1260, train_rmse-0.3550, valid_rmse-1.2012, valid_pr-0.7614
epoch-276, train_loss-0.1169, train_rmse-0.3419, valid_rmse-1.2013, valid_pr-0.7640
epoch-277, train_loss-0.1179, train_rmse-0.3433, valid_rmse-1.2017, valid_pr-0.7611
epoch-278, train_loss-0.1198, train_rmse-0.3461, valid_rmse-1.2031, valid_pr-0.7625
epoch-279, train_loss-0.1194, train_rmse-0.3456, valid_rmse-1.2040, valid_pr-0.7595
epoch-280, train_loss-0.1159, train_rmse-0.3404, valid_rmse-1.2055, valid_pr-0.7587
epoch-281, train_loss-0.1221, train_rmse-0.3495, valid_rmse-1.2001, valid_pr-0.7622
epoch-282, train_loss-0.1105, train_rmse-0.3324, valid_rmse-1.1994, valid_pr-0.7613
epoch-283, train_loss-0.1123, train_rmse-0.3351, valid_rmse-1.1943, valid_pr-0.7629
epoch-284, train_loss-0.1239, train_rmse-0.3520, valid_rmse-1.2108, valid_pr-0.7593
epoch-285, train_loss-0.1257, train_rmse-0.3545, valid_rmse-1.2106, valid_pr-0.7595
epoch-286, train_loss-0.1055, train_rmse-0.3249, valid_rmse-1.1920, valid_pr-0.7646
epoch-287, train_loss-0.1291, train_rmse-0.3593, valid_rmse-1.2034, valid_pr-0.7609
epoch-288, train_loss-0.1273, train_rmse-0.3568, valid_rmse-1.1956, valid_pr-0.7643
epoch-289, train_loss-0.1154, train_rmse-0.3398, valid_rmse-1.1966, valid_pr-0.7649
epoch-290, train_loss-0.1129, train_rmse-0.3360, valid_rmse-1.2020, valid_pr-0.7599
epoch-291, train_loss-0.1113, train_rmse-0.3336, valid_rmse-1.1979, valid_pr-0.7610
epoch-292, train_loss-0.1162, train_rmse-0.3409, valid_rmse-1.2133, valid_pr-0.7603
epoch-293, train_loss-0.1155, train_rmse-0.3398, valid_rmse-1.2002, valid_pr-0.7631
epoch-294, train_loss-0.1189, train_rmse-0.3448, valid_rmse-1.1952, valid_pr-0.7625
epoch-295, train_loss-0.1075, train_rmse-0.3279, valid_rmse-1.2062, valid_pr-0.7623
epoch-296, train_loss-0.1135, train_rmse-0.3368, valid_rmse-1.2031, valid_pr-0.7611
epoch-297, train_loss-0.1269, train_rmse-0.3563, valid_rmse-1.1997, valid_pr-0.7620
epoch-298, train_loss-0.1198, train_rmse-0.3461, valid_rmse-1.1962, valid_pr-0.7631
epoch-299, train_loss-0.1166, train_rmse-0.3415, valid_rmse-1.1986, valid_pr-0.7615
epoch-300, train_loss-0.1173, train_rmse-0.3424, valid_rmse-1.1969, valid_pr-0.7620
epoch-301, train_loss-0.1134, train_rmse-0.3367, valid_rmse-1.2021, valid_pr-0.7639
epoch-302, train_loss-0.1076, train_rmse-0.3280, valid_rmse-1.1997, valid_pr-0.7615
epoch-303, train_loss-0.1100, train_rmse-0.3317, valid_rmse-1.2024, valid_pr-0.7611
epoch-304, train_loss-0.1231, train_rmse-0.3509, valid_rmse-1.2054, valid_pr-0.7633
epoch-305, train_loss-0.1133, train_rmse-0.3366, valid_rmse-1.1945, valid_pr-0.7659
epoch-306, train_loss-0.1080, train_rmse-0.3286, valid_rmse-1.1936, valid_pr-0.7646
epoch-307, train_loss-0.1076, train_rmse-0.3281, valid_rmse-1.1931, valid_pr-0.7639
epoch-308, train_loss-0.1199, train_rmse-0.3463, valid_rmse-1.1918, valid_pr-0.7660
epoch-309, train_loss-0.1179, train_rmse-0.3433, valid_rmse-1.1838, valid_pr-0.7679
Validation : valid_rmse-1.1838, valid_pr-0.7679, 
test2013_rmse-1.3219, test2013_pr-0.8401, test2016_rmse-1.1508, test2016_pr-0.8543, test2019_rmse-1.3424, test2019_pr-0.6683
epoch-310, train_loss-0.1128, train_rmse-0.3359, valid_rmse-1.1902, valid_pr-0.7652
epoch-311, train_loss-0.1157, train_rmse-0.3402, valid_rmse-1.1986, valid_pr-0.7634
epoch-312, train_loss-0.1153, train_rmse-0.3396, valid_rmse-1.1915, valid_pr-0.7651
epoch-313, train_loss-0.1159, train_rmse-0.3404, valid_rmse-1.2033, valid_pr-0.7587
epoch-314, train_loss-0.1240, train_rmse-0.3522, valid_rmse-1.2051, valid_pr-0.7593
epoch-315, train_loss-0.1060, train_rmse-0.3255, valid_rmse-1.2014, valid_pr-0.7615
epoch-316, train_loss-0.1158, train_rmse-0.3403, valid_rmse-1.1928, valid_pr-0.7639
epoch-317, train_loss-0.1213, train_rmse-0.3483, valid_rmse-1.1966, valid_pr-0.7630
epoch-318, train_loss-0.1090, train_rmse-0.3301, valid_rmse-1.1970, valid_pr-0.7618
epoch-319, train_loss-0.1071, train_rmse-0.3272, valid_rmse-1.2007, valid_pr-0.7617
epoch-320, train_loss-0.1190, train_rmse-0.3450, valid_rmse-1.1977, valid_pr-0.7619
epoch-321, train_loss-0.1096, train_rmse-0.3310, valid_rmse-1.2057, valid_pr-0.7591
epoch-322, train_loss-0.1104, train_rmse-0.3322, valid_rmse-1.2117, valid_pr-0.7601
epoch-323, train_loss-0.1130, train_rmse-0.3361, valid_rmse-1.1985, valid_pr-0.7612
epoch-324, train_loss-0.1092, train_rmse-0.3305, valid_rmse-1.1939, valid_pr-0.7632
epoch-325, train_loss-0.1073, train_rmse-0.3275, valid_rmse-1.2069, valid_pr-0.7630
epoch-326, train_loss-0.1222, train_rmse-0.3496, valid_rmse-1.1884, valid_pr-0.7665
epoch-327, train_loss-0.1129, train_rmse-0.3360, valid_rmse-1.2044, valid_pr-0.7593
epoch-328, train_loss-0.1141, train_rmse-0.3377, valid_rmse-1.2016, valid_pr-0.7625
epoch-329, train_loss-0.1203, train_rmse-0.3468, valid_rmse-1.1962, valid_pr-0.7625
epoch-330, train_loss-0.1096, train_rmse-0.3310, valid_rmse-1.2053, valid_pr-0.7598
epoch-331, train_loss-0.1130, train_rmse-0.3361, valid_rmse-1.2031, valid_pr-0.7626
epoch-332, train_loss-0.1183, train_rmse-0.3440, valid_rmse-1.2044, valid_pr-0.7646
epoch-333, train_loss-0.1041, train_rmse-0.3227, valid_rmse-1.1927, valid_pr-0.7639
epoch-334, train_loss-0.1047, train_rmse-0.3236, valid_rmse-1.1957, valid_pr-0.7628
epoch-335, train_loss-0.1099, train_rmse-0.3315, valid_rmse-1.1940, valid_pr-0.7639
epoch-336, train_loss-0.1097, train_rmse-0.3312, valid_rmse-1.2202, valid_pr-0.7623
epoch-337, train_loss-0.1149, train_rmse-0.3390, valid_rmse-1.2030, valid_pr-0.7603
epoch-338, train_loss-0.1099, train_rmse-0.3316, valid_rmse-1.1931, valid_pr-0.7643
epoch-339, train_loss-0.1183, train_rmse-0.3439, valid_rmse-1.2026, valid_pr-0.7615
epoch-340, train_loss-0.1142, train_rmse-0.3379, valid_rmse-1.1977, valid_pr-0.7630
epoch-341, train_loss-0.1098, train_rmse-0.3313, valid_rmse-1.1952, valid_pr-0.7644
epoch-342, train_loss-0.1104, train_rmse-0.3323, valid_rmse-1.1993, valid_pr-0.7604
epoch-343, train_loss-0.1014, train_rmse-0.3184, valid_rmse-1.2070, valid_pr-0.7589
epoch-344, train_loss-0.1095, train_rmse-0.3309, valid_rmse-1.1995, valid_pr-0.7626
epoch-345, train_loss-0.1082, train_rmse-0.3289, valid_rmse-1.2085, valid_pr-0.7584
epoch-346, train_loss-0.1117, train_rmse-0.3342, valid_rmse-1.2036, valid_pr-0.7636
epoch-347, train_loss-0.1120, train_rmse-0.3346, valid_rmse-1.2095, valid_pr-0.7578
epoch-348, train_loss-0.1173, train_rmse-0.3425, valid_rmse-1.2038, valid_pr-0.7590
epoch-349, train_loss-0.1124, train_rmse-0.3352, valid_rmse-1.2041, valid_pr-0.7608
epoch-350, train_loss-0.1104, train_rmse-0.3323, valid_rmse-1.2003, valid_pr-0.7609
epoch-351, train_loss-0.1008, train_rmse-0.3175, valid_rmse-1.1994, valid_pr-0.7627
epoch-352, train_loss-0.1161, train_rmse-0.3408, valid_rmse-1.1965, valid_pr-0.7634
epoch-353, train_loss-0.1078, train_rmse-0.3283, valid_rmse-1.2006, valid_pr-0.7605
epoch-354, train_loss-0.1088, train_rmse-0.3298, valid_rmse-1.1988, valid_pr-0.7623
epoch-355, train_loss-0.1093, train_rmse-0.3306, valid_rmse-1.1970, valid_pr-0.7634
epoch-356, train_loss-0.1095, train_rmse-0.3309, valid_rmse-1.2014, valid_pr-0.7598
epoch-357, train_loss-0.1142, train_rmse-0.3379, valid_rmse-1.2067, valid_pr-0.7577
epoch-358, train_loss-0.1065, train_rmse-0.3263, valid_rmse-1.2058, valid_pr-0.7600
epoch-359, train_loss-0.1034, train_rmse-0.3215, valid_rmse-1.2013, valid_pr-0.7607
epoch-360, train_loss-0.1141, train_rmse-0.3378, valid_rmse-1.1975, valid_pr-0.7616
epoch-361, train_loss-0.0969, train_rmse-0.3114, valid_rmse-1.1933, valid_pr-0.7641
epoch-362, train_loss-0.0978, train_rmse-0.3127, valid_rmse-1.1942, valid_pr-0.7636
epoch-363, train_loss-0.1045, train_rmse-0.3233, valid_rmse-1.1959, valid_pr-0.7639
epoch-364, train_loss-0.0960, train_rmse-0.3099, valid_rmse-1.1989, valid_pr-0.7615
epoch-365, train_loss-0.0996, train_rmse-0.3156, valid_rmse-1.1935, valid_pr-0.7634
epoch-366, train_loss-0.0987, train_rmse-0.3141, valid_rmse-1.1889, valid_pr-0.7670
epoch-367, train_loss-0.1026, train_rmse-0.3204, valid_rmse-1.1918, valid_pr-0.7642
epoch-368, train_loss-0.0939, train_rmse-0.3065, valid_rmse-1.1880, valid_pr-0.7658
epoch-369, train_loss-0.0912, train_rmse-0.3021, valid_rmse-1.1930, valid_pr-0.7635
epoch-370, train_loss-0.0888, train_rmse-0.2980, valid_rmse-1.1888, valid_pr-0.7657
epoch-371, train_loss-0.0948, train_rmse-0.3079, valid_rmse-1.1942, valid_pr-0.7647
epoch-372, train_loss-0.0907, train_rmse-0.3011, valid_rmse-1.1935, valid_pr-0.7636
epoch-373, train_loss-0.0934, train_rmse-0.3056, valid_rmse-1.1903, valid_pr-0.7653
epoch-374, train_loss-0.0903, train_rmse-0.3005, valid_rmse-1.1937, valid_pr-0.7642
epoch-375, train_loss-0.1016, train_rmse-0.3187, valid_rmse-1.1919, valid_pr-0.7647
epoch-376, train_loss-0.1036, train_rmse-0.3219, valid_rmse-1.1964, valid_pr-0.7635
epoch-377, train_loss-0.0998, train_rmse-0.3159, valid_rmse-1.1956, valid_pr-0.7640
epoch-378, train_loss-0.0983, train_rmse-0.3135, valid_rmse-1.1938, valid_pr-0.7638
epoch-379, train_loss-0.1027, train_rmse-0.3204, valid_rmse-1.1969, valid_pr-0.7640
epoch-380, train_loss-0.0903, train_rmse-0.3006, valid_rmse-1.1938, valid_pr-0.7641
epoch-381, train_loss-0.0920, train_rmse-0.3034, valid_rmse-1.1924, valid_pr-0.7641
epoch-382, train_loss-0.0923, train_rmse-0.3038, valid_rmse-1.1950, valid_pr-0.7625
epoch-383, train_loss-0.0921, train_rmse-0.3035, valid_rmse-1.1909, valid_pr-0.7647
epoch-384, train_loss-0.0835, train_rmse-0.2889, valid_rmse-1.1968, valid_pr-0.7624
epoch-385, train_loss-0.0927, train_rmse-0.3045, valid_rmse-1.1955, valid_pr-0.7648
epoch-386, train_loss-0.0956, train_rmse-0.3092, valid_rmse-1.1985, valid_pr-0.7643
epoch-387, train_loss-0.0886, train_rmse-0.2976, valid_rmse-1.1941, valid_pr-0.7638
epoch-388, train_loss-0.0928, train_rmse-0.3046, valid_rmse-1.1990, valid_pr-0.7610
epoch-389, train_loss-0.0981, train_rmse-0.3132, valid_rmse-1.1936, valid_pr-0.7636
epoch-390, train_loss-0.0917, train_rmse-0.3028, valid_rmse-1.1915, valid_pr-0.7643
epoch-391, train_loss-0.0903, train_rmse-0.3004, valid_rmse-1.1914, valid_pr-0.7652
epoch-392, train_loss-0.0944, train_rmse-0.3072, valid_rmse-1.1906, valid_pr-0.7657
epoch-393, train_loss-0.0892, train_rmse-0.2987, valid_rmse-1.1921, valid_pr-0.7649
epoch-394, train_loss-0.1025, train_rmse-0.3202, valid_rmse-1.1898, valid_pr-0.7657
epoch-395, train_loss-0.0982, train_rmse-0.3133, valid_rmse-1.1907, valid_pr-0.7647
epoch-396, train_loss-0.0886, train_rmse-0.2976, valid_rmse-1.1960, valid_pr-0.7647
epoch-397, train_loss-0.0935, train_rmse-0.3057, valid_rmse-1.1948, valid_pr-0.7631
epoch-398, train_loss-0.0848, train_rmse-0.2913, valid_rmse-1.1962, valid_pr-0.7623
epoch-399, train_loss-0.0908, train_rmse-0.3013, valid_rmse-1.1976, valid_pr-0.7634
epoch-400, train_loss-0.0984, train_rmse-0.3137, valid_rmse-1.1978, valid_pr-0.7627
epoch-401, train_loss-0.0992, train_rmse-0.3150, valid_rmse-1.1891, valid_pr-0.7653
epoch-402, train_loss-0.0919, train_rmse-0.3031, valid_rmse-1.1859, valid_pr-0.7669
epoch-403, train_loss-0.0924, train_rmse-0.3039, valid_rmse-1.1916, valid_pr-0.7643
epoch-404, train_loss-0.0886, train_rmse-0.2977, valid_rmse-1.1927, valid_pr-0.7636
epoch-405, train_loss-0.0948, train_rmse-0.3078, valid_rmse-1.1948, valid_pr-0.7627
epoch-406, train_loss-0.0863, train_rmse-0.2937, valid_rmse-1.1895, valid_pr-0.7650
epoch-407, train_loss-0.0979, train_rmse-0.3129, valid_rmse-1.1908, valid_pr-0.7649
epoch-408, train_loss-0.0975, train_rmse-0.3122, valid_rmse-1.1937, valid_pr-0.7634
epoch-409, train_loss-0.0835, train_rmse-0.2890, valid_rmse-1.1957, valid_pr-0.7630
epoch-410, train_loss-0.0899, train_rmse-0.2999, valid_rmse-1.1981, valid_pr-0.7625
early stop in epoch 410
best_rmse: 1.1838
valid_rmse-1.1838, valid_pr-0.7679, test2013_rmse-1.3219, test2013_pr-0.8401, test2016_rmse-1.1508, test2016_pr-0.8543, test2019_rmse-1.3424, test2019_pr-0.6683
