ASD, lr=0.001, seed=822
train_ASD.py
train data: 11904
valid data: 1000
test2013 data: 107
test2016 data: 285
test2019 data: 4366
GIGN params # : 42663002
epoch-0, train_loss-6.0927, train_rmse-2.4683, valid_rmse-2.0284, valid_pr-0.2244
Validation : valid_rmse-2.0284, valid_pr-0.2244, 
test2013_rmse-2.2442, test2013_pr-0.3591, test2016_rmse-2.0614, test2016_pr-0.3914, test2019_rmse-2.0234, test2019_pr-0.2079
epoch-1, train_loss-3.6099, train_rmse-1.9000, valid_rmse-1.8291, valid_pr-0.3170
Validation : valid_rmse-1.8291, valid_pr-0.3170, 
test2013_rmse-2.1605, test2013_pr-0.3921, test2016_rmse-1.9844, test2016_pr-0.4254, test2019_rmse-1.8204, test2019_pr-0.2759
epoch-2, train_loss-3.2638, train_rmse-1.8066, valid_rmse-1.9076, valid_pr-0.2942
epoch-3, train_loss-3.0829, train_rmse-1.7558, valid_rmse-1.7699, valid_pr-0.3733
Validation : valid_rmse-1.7699, valid_pr-0.3733, 
test2013_rmse-2.1156, test2013_pr-0.4400, test2016_rmse-1.9676, test2016_pr-0.4448, test2019_rmse-1.7650, test2019_pr-0.3434
epoch-4, train_loss-2.9624, train_rmse-1.7212, valid_rmse-1.7674, valid_pr-0.3893
Validation : valid_rmse-1.7674, valid_pr-0.3893, 
test2013_rmse-2.0997, test2013_pr-0.4507, test2016_rmse-1.9406, test2016_pr-0.4885, test2019_rmse-1.7295, test2019_pr-0.3523
epoch-5, train_loss-2.8568, train_rmse-1.6902, valid_rmse-1.7487, valid_pr-0.3810
Validation : valid_rmse-1.7487, valid_pr-0.3810, 
test2013_rmse-1.9539, test2013_pr-0.5443, test2016_rmse-1.8280, test2016_pr-0.5396, test2019_rmse-1.7024, test2019_pr-0.3832
epoch-6, train_loss-2.8094, train_rmse-1.6761, valid_rmse-1.6486, valid_pr-0.4576
Validation : valid_rmse-1.6486, valid_pr-0.4576, 
test2013_rmse-1.9891, test2013_pr-0.5217, test2016_rmse-1.8536, test2016_pr-0.5258, test2019_rmse-1.6650, test2019_pr-0.3940
epoch-7, train_loss-2.7081, train_rmse-1.6456, valid_rmse-1.7091, valid_pr-0.4434
epoch-8, train_loss-2.6601, train_rmse-1.6310, valid_rmse-1.7008, valid_pr-0.4571
epoch-9, train_loss-2.5441, train_rmse-1.5950, valid_rmse-1.6580, valid_pr-0.4696
epoch-10, train_loss-2.6282, train_rmse-1.6212, valid_rmse-1.8188, valid_pr-0.4743
epoch-11, train_loss-2.5590, train_rmse-1.5997, valid_rmse-1.6178, valid_pr-0.4921
Validation : valid_rmse-1.6178, valid_pr-0.4921, 
test2013_rmse-1.9979, test2013_pr-0.5145, test2016_rmse-1.8067, test2016_pr-0.5618, test2019_rmse-1.6461, test2019_pr-0.4096
epoch-12, train_loss-2.4835, train_rmse-1.5759, valid_rmse-1.7108, valid_pr-0.4477
epoch-13, train_loss-2.4162, train_rmse-1.5544, valid_rmse-1.6933, valid_pr-0.4838
epoch-14, train_loss-2.4169, train_rmse-1.5546, valid_rmse-1.6662, valid_pr-0.4978
epoch-15, train_loss-2.3619, train_rmse-1.5368, valid_rmse-1.5651, valid_pr-0.5578
Validation : valid_rmse-1.5651, valid_pr-0.5578, 
test2013_rmse-1.8891, test2013_pr-0.5990, test2016_rmse-1.7696, test2016_pr-0.6076, test2019_rmse-1.5892, test2019_pr-0.4778
epoch-16, train_loss-2.2788, train_rmse-1.5096, valid_rmse-1.5908, valid_pr-0.5336
epoch-17, train_loss-2.2902, train_rmse-1.5133, valid_rmse-1.5535, valid_pr-0.5528
Validation : valid_rmse-1.5535, valid_pr-0.5528, 
test2013_rmse-1.9363, test2013_pr-0.5552, test2016_rmse-1.7008, test2016_pr-0.6265, test2019_rmse-1.6283, test2019_pr-0.4584
epoch-18, train_loss-2.1672, train_rmse-1.4721, valid_rmse-1.5207, valid_pr-0.5863
Validation : valid_rmse-1.5207, valid_pr-0.5863, 
test2013_rmse-1.7955, test2013_pr-0.6665, test2016_rmse-1.6377, test2016_pr-0.6831, test2019_rmse-1.6052, test2019_pr-0.4739
epoch-19, train_loss-2.1902, train_rmse-1.4799, valid_rmse-1.5670, valid_pr-0.5400
epoch-20, train_loss-2.1795, train_rmse-1.4763, valid_rmse-1.5703, valid_pr-0.5628
epoch-21, train_loss-2.1538, train_rmse-1.4676, valid_rmse-1.5676, valid_pr-0.5334
epoch-22, train_loss-2.2269, train_rmse-1.4923, valid_rmse-1.6715, valid_pr-0.5642
epoch-23, train_loss-2.0812, train_rmse-1.4426, valid_rmse-1.5456, valid_pr-0.5664
epoch-24, train_loss-2.0047, train_rmse-1.4159, valid_rmse-1.5133, valid_pr-0.5835
Validation : valid_rmse-1.5133, valid_pr-0.5835, 
test2013_rmse-1.8576, test2013_pr-0.6014, test2016_rmse-1.6372, test2016_pr-0.6589, test2019_rmse-1.5780, test2019_pr-0.5023
epoch-25, train_loss-2.0523, train_rmse-1.4326, valid_rmse-1.5700, valid_pr-0.5389
epoch-26, train_loss-2.0671, train_rmse-1.4377, valid_rmse-1.5668, valid_pr-0.5655
epoch-27, train_loss-1.9857, train_rmse-1.4092, valid_rmse-1.4942, valid_pr-0.5949
Validation : valid_rmse-1.4942, valid_pr-0.5949, 
test2013_rmse-1.8309, test2013_pr-0.6227, test2016_rmse-1.6339, test2016_pr-0.6648, test2019_rmse-1.5882, test2019_pr-0.4992
epoch-28, train_loss-1.9456, train_rmse-1.3949, valid_rmse-1.5241, valid_pr-0.5764
epoch-29, train_loss-1.9623, train_rmse-1.4008, valid_rmse-1.5866, valid_pr-0.5844
epoch-30, train_loss-1.9331, train_rmse-1.3904, valid_rmse-1.5610, valid_pr-0.5692
epoch-31, train_loss-1.8683, train_rmse-1.3669, valid_rmse-1.5430, valid_pr-0.6236
epoch-32, train_loss-1.9046, train_rmse-1.3801, valid_rmse-1.4642, valid_pr-0.6143
Validation : valid_rmse-1.4642, valid_pr-0.6143, 
test2013_rmse-1.7593, test2013_pr-0.6909, test2016_rmse-1.5652, test2016_pr-0.7082, test2019_rmse-1.5415, test2019_pr-0.5157
epoch-33, train_loss-1.8359, train_rmse-1.3549, valid_rmse-1.5094, valid_pr-0.5818
epoch-34, train_loss-1.8353, train_rmse-1.3547, valid_rmse-1.5048, valid_pr-0.6208
epoch-35, train_loss-1.7646, train_rmse-1.3284, valid_rmse-1.4616, valid_pr-0.6352
Validation : valid_rmse-1.4616, valid_pr-0.6352, 
test2013_rmse-1.7372, test2013_pr-0.6710, test2016_rmse-1.4982, test2016_pr-0.7319, test2019_rmse-1.5790, test2019_pr-0.5339
epoch-36, train_loss-1.7783, train_rmse-1.3335, valid_rmse-1.4621, valid_pr-0.6132
epoch-37, train_loss-1.7419, train_rmse-1.3198, valid_rmse-1.4668, valid_pr-0.6151
epoch-38, train_loss-1.7280, train_rmse-1.3146, valid_rmse-1.4638, valid_pr-0.6275
epoch-39, train_loss-1.6945, train_rmse-1.3017, valid_rmse-1.4702, valid_pr-0.6181
epoch-40, train_loss-1.6624, train_rmse-1.2894, valid_rmse-1.4560, valid_pr-0.6195
Validation : valid_rmse-1.4560, valid_pr-0.6195, 
test2013_rmse-1.6434, test2013_pr-0.7311, test2016_rmse-1.5157, test2016_pr-0.7255, test2019_rmse-1.5161, test2019_pr-0.5510
epoch-41, train_loss-1.6270, train_rmse-1.2755, valid_rmse-1.4741, valid_pr-0.6266
epoch-42, train_loss-1.5782, train_rmse-1.2563, valid_rmse-1.4742, valid_pr-0.6129
epoch-43, train_loss-1.5622, train_rmse-1.2499, valid_rmse-1.4275, valid_pr-0.6451
Validation : valid_rmse-1.4275, valid_pr-0.6451, 
test2013_rmse-1.6313, test2013_pr-0.7202, test2016_rmse-1.4294, test2016_pr-0.7600, test2019_rmse-1.5264, test2019_pr-0.5449
epoch-44, train_loss-1.5838, train_rmse-1.2585, valid_rmse-1.4458, valid_pr-0.6380
epoch-45, train_loss-1.5518, train_rmse-1.2457, valid_rmse-1.4795, valid_pr-0.6170
epoch-46, train_loss-1.6282, train_rmse-1.2760, valid_rmse-1.4608, valid_pr-0.6330
epoch-47, train_loss-1.5422, train_rmse-1.2419, valid_rmse-1.4170, valid_pr-0.6538
Validation : valid_rmse-1.4170, valid_pr-0.6538, 
test2013_rmse-1.6387, test2013_pr-0.7169, test2016_rmse-1.4646, test2016_pr-0.7421, test2019_rmse-1.5077, test2019_pr-0.5682
epoch-48, train_loss-1.5057, train_rmse-1.2271, valid_rmse-1.4376, valid_pr-0.6402
epoch-49, train_loss-1.4561, train_rmse-1.2067, valid_rmse-1.4555, valid_pr-0.6327
epoch-50, train_loss-1.5006, train_rmse-1.2250, valid_rmse-1.4144, valid_pr-0.6511
Validation : valid_rmse-1.4144, valid_pr-0.6511, 
test2013_rmse-1.6574, test2013_pr-0.7137, test2016_rmse-1.4941, test2016_pr-0.7306, test2019_rmse-1.5360, test2019_pr-0.5357
epoch-51, train_loss-1.4769, train_rmse-1.2153, valid_rmse-1.4551, valid_pr-0.6263
epoch-52, train_loss-1.5074, train_rmse-1.2278, valid_rmse-1.4437, valid_pr-0.6459
epoch-53, train_loss-1.4514, train_rmse-1.2047, valid_rmse-1.4785, valid_pr-0.6157
epoch-54, train_loss-1.4567, train_rmse-1.2069, valid_rmse-1.4141, valid_pr-0.6512
Validation : valid_rmse-1.4141, valid_pr-0.6512, 
test2013_rmse-1.5460, test2013_pr-0.7583, test2016_rmse-1.4049, test2016_pr-0.7719, test2019_rmse-1.4664, test2019_pr-0.5916
epoch-55, train_loss-1.3699, train_rmse-1.1704, valid_rmse-1.4316, valid_pr-0.6400
epoch-56, train_loss-1.3851, train_rmse-1.1769, valid_rmse-1.4090, valid_pr-0.6611
Validation : valid_rmse-1.4090, valid_pr-0.6611, 
test2013_rmse-1.5980, test2013_pr-0.7474, test2016_rmse-1.4550, test2016_pr-0.7611, test2019_rmse-1.5063, test2019_pr-0.5564
epoch-57, train_loss-1.3911, train_rmse-1.1795, valid_rmse-1.4384, valid_pr-0.6388
epoch-58, train_loss-1.3849, train_rmse-1.1768, valid_rmse-1.4561, valid_pr-0.6283
epoch-59, train_loss-1.3745, train_rmse-1.1724, valid_rmse-1.4426, valid_pr-0.6399
epoch-60, train_loss-1.3161, train_rmse-1.1472, valid_rmse-1.4063, valid_pr-0.6550
Validation : valid_rmse-1.4063, valid_pr-0.6550, 
test2013_rmse-1.5994, test2013_pr-0.7345, test2016_rmse-1.4400, test2016_pr-0.7565, test2019_rmse-1.5076, test2019_pr-0.5648
epoch-61, train_loss-1.3201, train_rmse-1.1489, valid_rmse-1.4122, valid_pr-0.6529
epoch-62, train_loss-1.3217, train_rmse-1.1497, valid_rmse-1.4639, valid_pr-0.6422
epoch-63, train_loss-1.3098, train_rmse-1.1445, valid_rmse-1.4517, valid_pr-0.6448
epoch-64, train_loss-1.3073, train_rmse-1.1434, valid_rmse-1.4002, valid_pr-0.6651
Validation : valid_rmse-1.4002, valid_pr-0.6651, 
test2013_rmse-1.5611, test2013_pr-0.7450, test2016_rmse-1.4335, test2016_pr-0.7563, test2019_rmse-1.5229, test2019_pr-0.5636
epoch-65, train_loss-1.2816, train_rmse-1.1321, valid_rmse-1.4520, valid_pr-0.6297
epoch-66, train_loss-1.2886, train_rmse-1.1352, valid_rmse-1.4442, valid_pr-0.6719
epoch-67, train_loss-1.2607, train_rmse-1.1228, valid_rmse-1.3972, valid_pr-0.6614
Validation : valid_rmse-1.3972, valid_pr-0.6614, 
test2013_rmse-1.6404, test2013_pr-0.7113, test2016_rmse-1.4796, test2016_pr-0.7349, test2019_rmse-1.5173, test2019_pr-0.5563
epoch-68, train_loss-1.2569, train_rmse-1.1211, valid_rmse-1.4445, valid_pr-0.6408
epoch-69, train_loss-1.2864, train_rmse-1.1342, valid_rmse-1.4335, valid_pr-0.6574
epoch-70, train_loss-1.2550, train_rmse-1.1203, valid_rmse-1.4215, valid_pr-0.6701
epoch-71, train_loss-1.1976, train_rmse-1.0943, valid_rmse-1.4218, valid_pr-0.6650
epoch-72, train_loss-1.2200, train_rmse-1.1045, valid_rmse-1.4388, valid_pr-0.6433
epoch-73, train_loss-1.1848, train_rmse-1.0885, valid_rmse-1.3882, valid_pr-0.6685
Validation : valid_rmse-1.3882, valid_pr-0.6685, 
test2013_rmse-1.6747, test2013_pr-0.6980, test2016_rmse-1.4631, test2016_pr-0.7419, test2019_rmse-1.5163, test2019_pr-0.5626
epoch-74, train_loss-1.1488, train_rmse-1.0718, valid_rmse-1.4161, valid_pr-0.6514
epoch-75, train_loss-1.1258, train_rmse-1.0610, valid_rmse-1.4663, valid_pr-0.6447
epoch-76, train_loss-1.1389, train_rmse-1.0672, valid_rmse-1.4080, valid_pr-0.6524
epoch-77, train_loss-1.1305, train_rmse-1.0632, valid_rmse-1.4660, valid_pr-0.6590
epoch-78, train_loss-1.0894, train_rmse-1.0438, valid_rmse-1.4364, valid_pr-0.6587
epoch-79, train_loss-1.1083, train_rmse-1.0528, valid_rmse-1.4190, valid_pr-0.6538
epoch-80, train_loss-1.0415, train_rmse-1.0205, valid_rmse-1.4350, valid_pr-0.6495
epoch-81, train_loss-1.0428, train_rmse-1.0212, valid_rmse-1.4202, valid_pr-0.6474
epoch-82, train_loss-1.0713, train_rmse-1.0350, valid_rmse-1.4073, valid_pr-0.6576
epoch-83, train_loss-1.0714, train_rmse-1.0351, valid_rmse-1.4434, valid_pr-0.6655
epoch-84, train_loss-1.0374, train_rmse-1.0185, valid_rmse-1.4958, valid_pr-0.6385
epoch-85, train_loss-1.0299, train_rmse-1.0149, valid_rmse-1.4117, valid_pr-0.6608
epoch-86, train_loss-1.0180, train_rmse-1.0089, valid_rmse-1.4185, valid_pr-0.6732
epoch-87, train_loss-0.9964, train_rmse-0.9982, valid_rmse-1.4124, valid_pr-0.6653
epoch-88, train_loss-0.9892, train_rmse-0.9946, valid_rmse-1.3862, valid_pr-0.6681
Validation : valid_rmse-1.3862, valid_pr-0.6681, 
test2013_rmse-1.6601, test2013_pr-0.7032, test2016_rmse-1.4915, test2016_pr-0.7333, test2019_rmse-1.5083, test2019_pr-0.5660
epoch-89, train_loss-0.9485, train_rmse-0.9739, valid_rmse-1.4000, valid_pr-0.6718
epoch-90, train_loss-0.9416, train_rmse-0.9703, valid_rmse-1.4546, valid_pr-0.6375
epoch-91, train_loss-0.9772, train_rmse-0.9885, valid_rmse-1.3894, valid_pr-0.6699
epoch-92, train_loss-0.9617, train_rmse-0.9806, valid_rmse-1.4359, valid_pr-0.6502
epoch-93, train_loss-0.9500, train_rmse-0.9747, valid_rmse-1.3753, valid_pr-0.6803
Validation : valid_rmse-1.3753, valid_pr-0.6803, 
test2013_rmse-1.5738, test2013_pr-0.7386, test2016_rmse-1.3972, test2016_pr-0.7699, test2019_rmse-1.5168, test2019_pr-0.5729
epoch-94, train_loss-0.9509, train_rmse-0.9751, valid_rmse-1.4872, valid_pr-0.6517
epoch-95, train_loss-0.9305, train_rmse-0.9646, valid_rmse-1.4499, valid_pr-0.6373
epoch-96, train_loss-0.9010, train_rmse-0.9492, valid_rmse-1.4812, valid_pr-0.6529
epoch-97, train_loss-0.9008, train_rmse-0.9491, valid_rmse-1.4036, valid_pr-0.6678
epoch-98, train_loss-0.8830, train_rmse-0.9397, valid_rmse-1.4664, valid_pr-0.6566
epoch-99, train_loss-0.8973, train_rmse-0.9472, valid_rmse-1.3349, valid_pr-0.6984
Validation : valid_rmse-1.3349, valid_pr-0.6984, 
test2013_rmse-1.6078, test2013_pr-0.7266, test2016_rmse-1.4354, test2016_pr-0.7557, test2019_rmse-1.5100, test2019_pr-0.5734
epoch-100, train_loss-0.9204, train_rmse-0.9594, valid_rmse-1.4559, valid_pr-0.6342
epoch-101, train_loss-0.8681, train_rmse-0.9317, valid_rmse-1.3814, valid_pr-0.6780
epoch-102, train_loss-0.8939, train_rmse-0.9455, valid_rmse-1.4077, valid_pr-0.6609
epoch-103, train_loss-0.8080, train_rmse-0.8989, valid_rmse-1.3788, valid_pr-0.6766
epoch-104, train_loss-0.7967, train_rmse-0.8926, valid_rmse-1.3948, valid_pr-0.6740
epoch-105, train_loss-0.8141, train_rmse-0.9023, valid_rmse-1.3682, valid_pr-0.6888
epoch-106, train_loss-0.7882, train_rmse-0.8878, valid_rmse-1.3973, valid_pr-0.6800
epoch-107, train_loss-0.7839, train_rmse-0.8854, valid_rmse-1.3780, valid_pr-0.6777
epoch-108, train_loss-0.8039, train_rmse-0.8966, valid_rmse-1.3833, valid_pr-0.6782
epoch-109, train_loss-0.7691, train_rmse-0.8770, valid_rmse-1.3796, valid_pr-0.6793
epoch-110, train_loss-0.7424, train_rmse-0.8616, valid_rmse-1.3897, valid_pr-0.6780
epoch-111, train_loss-0.7723, train_rmse-0.8788, valid_rmse-1.4658, valid_pr-0.6638
epoch-112, train_loss-0.7362, train_rmse-0.8580, valid_rmse-1.3737, valid_pr-0.6936
epoch-113, train_loss-0.7753, train_rmse-0.8805, valid_rmse-1.3802, valid_pr-0.6702
epoch-114, train_loss-0.7762, train_rmse-0.8810, valid_rmse-1.3994, valid_pr-0.6679
epoch-115, train_loss-0.7560, train_rmse-0.8695, valid_rmse-1.4518, valid_pr-0.6647
epoch-116, train_loss-0.7272, train_rmse-0.8527, valid_rmse-1.3707, valid_pr-0.6844
epoch-117, train_loss-0.7470, train_rmse-0.8643, valid_rmse-1.4207, valid_pr-0.6632
epoch-118, train_loss-0.7111, train_rmse-0.8433, valid_rmse-1.4526, valid_pr-0.6350
epoch-119, train_loss-0.7223, train_rmse-0.8499, valid_rmse-1.3919, valid_pr-0.6710
epoch-120, train_loss-0.7095, train_rmse-0.8423, valid_rmse-1.4371, valid_pr-0.6750
epoch-121, train_loss-0.6964, train_rmse-0.8345, valid_rmse-1.4233, valid_pr-0.6715
epoch-122, train_loss-0.6839, train_rmse-0.8270, valid_rmse-1.4536, valid_pr-0.6513
epoch-123, train_loss-0.7064, train_rmse-0.8405, valid_rmse-1.3856, valid_pr-0.6820
epoch-124, train_loss-0.6862, train_rmse-0.8284, valid_rmse-1.3997, valid_pr-0.6720
epoch-125, train_loss-0.6676, train_rmse-0.8170, valid_rmse-1.4077, valid_pr-0.6578
epoch-126, train_loss-0.6688, train_rmse-0.8178, valid_rmse-1.4121, valid_pr-0.6753
epoch-127, train_loss-0.6487, train_rmse-0.8054, valid_rmse-1.4037, valid_pr-0.6964
epoch-128, train_loss-0.6728, train_rmse-0.8203, valid_rmse-1.4041, valid_pr-0.6615
epoch-129, train_loss-0.6536, train_rmse-0.8085, valid_rmse-1.3794, valid_pr-0.6773
epoch-130, train_loss-0.6278, train_rmse-0.7923, valid_rmse-1.4046, valid_pr-0.6686
epoch-131, train_loss-0.6335, train_rmse-0.7960, valid_rmse-1.4072, valid_pr-0.6689
epoch-132, train_loss-0.6458, train_rmse-0.8036, valid_rmse-1.4022, valid_pr-0.6670
epoch-133, train_loss-0.6548, train_rmse-0.8092, valid_rmse-1.4221, valid_pr-0.6786
epoch-134, train_loss-0.6297, train_rmse-0.7936, valid_rmse-1.4307, valid_pr-0.6548
epoch-135, train_loss-0.6188, train_rmse-0.7866, valid_rmse-1.4372, valid_pr-0.6532
epoch-136, train_loss-0.6108, train_rmse-0.7815, valid_rmse-1.3967, valid_pr-0.6837
epoch-137, train_loss-0.5926, train_rmse-0.7698, valid_rmse-1.3931, valid_pr-0.6717
epoch-138, train_loss-0.5691, train_rmse-0.7544, valid_rmse-1.3942, valid_pr-0.6780
epoch-139, train_loss-0.6228, train_rmse-0.7892, valid_rmse-1.3684, valid_pr-0.6857
epoch-140, train_loss-0.6394, train_rmse-0.7996, valid_rmse-1.4219, valid_pr-0.6775
epoch-141, train_loss-0.6079, train_rmse-0.7797, valid_rmse-1.3912, valid_pr-0.6805
epoch-142, train_loss-0.5655, train_rmse-0.7520, valid_rmse-1.4125, valid_pr-0.6682
epoch-143, train_loss-0.5694, train_rmse-0.7546, valid_rmse-1.4299, valid_pr-0.6740
epoch-144, train_loss-0.5730, train_rmse-0.7570, valid_rmse-1.4031, valid_pr-0.6769
epoch-145, train_loss-0.5659, train_rmse-0.7523, valid_rmse-1.4567, valid_pr-0.6616
epoch-146, train_loss-0.5633, train_rmse-0.7506, valid_rmse-1.4080, valid_pr-0.6739
epoch-147, train_loss-0.5520, train_rmse-0.7430, valid_rmse-1.3965, valid_pr-0.6793
epoch-148, train_loss-0.5236, train_rmse-0.7236, valid_rmse-1.3869, valid_pr-0.6896
epoch-149, train_loss-0.5356, train_rmse-0.7318, valid_rmse-1.4166, valid_pr-0.6699
epoch-150, train_loss-0.5014, train_rmse-0.7081, valid_rmse-1.3810, valid_pr-0.6802
epoch-151, train_loss-0.4159, train_rmse-0.6449, valid_rmse-1.3570, valid_pr-0.6964
epoch-152, train_loss-0.3473, train_rmse-0.5894, valid_rmse-1.3481, valid_pr-0.7006
epoch-153, train_loss-0.3279, train_rmse-0.5726, valid_rmse-1.3551, valid_pr-0.6979
epoch-154, train_loss-0.3013, train_rmse-0.5489, valid_rmse-1.3726, valid_pr-0.6889
epoch-155, train_loss-0.2978, train_rmse-0.5458, valid_rmse-1.3762, valid_pr-0.6910
epoch-156, train_loss-0.2878, train_rmse-0.5365, valid_rmse-1.3655, valid_pr-0.6920
epoch-157, train_loss-0.2810, train_rmse-0.5301, valid_rmse-1.3596, valid_pr-0.6942
epoch-158, train_loss-0.2859, train_rmse-0.5347, valid_rmse-1.3501, valid_pr-0.6995
epoch-159, train_loss-0.2943, train_rmse-0.5425, valid_rmse-1.3720, valid_pr-0.6875
epoch-160, train_loss-0.2819, train_rmse-0.5310, valid_rmse-1.3429, valid_pr-0.7035
epoch-161, train_loss-0.2895, train_rmse-0.5380, valid_rmse-1.3358, valid_pr-0.7044
epoch-162, train_loss-0.2821, train_rmse-0.5312, valid_rmse-1.3782, valid_pr-0.6865
epoch-163, train_loss-0.2679, train_rmse-0.5175, valid_rmse-1.3618, valid_pr-0.7000
epoch-164, train_loss-0.2698, train_rmse-0.5194, valid_rmse-1.3695, valid_pr-0.6947
epoch-165, train_loss-0.2688, train_rmse-0.5184, valid_rmse-1.3646, valid_pr-0.6952
epoch-166, train_loss-0.2465, train_rmse-0.4965, valid_rmse-1.3521, valid_pr-0.7016
epoch-167, train_loss-0.2611, train_rmse-0.5110, valid_rmse-1.3581, valid_pr-0.6971
epoch-168, train_loss-0.2506, train_rmse-0.5006, valid_rmse-1.3629, valid_pr-0.6969
epoch-169, train_loss-0.2549, train_rmse-0.5049, valid_rmse-1.3605, valid_pr-0.6970
epoch-170, train_loss-0.2603, train_rmse-0.5102, valid_rmse-1.3723, valid_pr-0.6948
epoch-171, train_loss-0.2606, train_rmse-0.5105, valid_rmse-1.3446, valid_pr-0.7032
epoch-172, train_loss-0.2504, train_rmse-0.5004, valid_rmse-1.3685, valid_pr-0.6933
epoch-173, train_loss-0.2545, train_rmse-0.5045, valid_rmse-1.3667, valid_pr-0.7000
epoch-174, train_loss-0.2570, train_rmse-0.5069, valid_rmse-1.3663, valid_pr-0.6932
epoch-175, train_loss-0.2524, train_rmse-0.5024, valid_rmse-1.3615, valid_pr-0.6989
epoch-176, train_loss-0.2481, train_rmse-0.4981, valid_rmse-1.3677, valid_pr-0.6981
epoch-177, train_loss-0.2440, train_rmse-0.4940, valid_rmse-1.3624, valid_pr-0.6974
epoch-178, train_loss-0.2427, train_rmse-0.4926, valid_rmse-1.3849, valid_pr-0.6805
epoch-179, train_loss-0.2437, train_rmse-0.4936, valid_rmse-1.3797, valid_pr-0.6898
epoch-180, train_loss-0.2415, train_rmse-0.4915, valid_rmse-1.3670, valid_pr-0.6951
epoch-181, train_loss-0.2405, train_rmse-0.4905, valid_rmse-1.3746, valid_pr-0.6924
epoch-182, train_loss-0.2292, train_rmse-0.4787, valid_rmse-1.3670, valid_pr-0.6962
epoch-183, train_loss-0.2481, train_rmse-0.4981, valid_rmse-1.3585, valid_pr-0.6956
epoch-184, train_loss-0.2397, train_rmse-0.4896, valid_rmse-1.3955, valid_pr-0.6795
epoch-185, train_loss-0.2420, train_rmse-0.4919, valid_rmse-1.3944, valid_pr-0.6842
epoch-186, train_loss-0.2263, train_rmse-0.4757, valid_rmse-1.3644, valid_pr-0.6938
epoch-187, train_loss-0.2334, train_rmse-0.4831, valid_rmse-1.3680, valid_pr-0.6909
epoch-188, train_loss-0.2303, train_rmse-0.4799, valid_rmse-1.3770, valid_pr-0.6878
epoch-189, train_loss-0.2336, train_rmse-0.4834, valid_rmse-1.3871, valid_pr-0.6821
epoch-190, train_loss-0.2302, train_rmse-0.4798, valid_rmse-1.3658, valid_pr-0.6934
epoch-191, train_loss-0.2166, train_rmse-0.4654, valid_rmse-1.3744, valid_pr-0.6873
epoch-192, train_loss-0.2250, train_rmse-0.4743, valid_rmse-1.3575, valid_pr-0.6982
epoch-193, train_loss-0.2118, train_rmse-0.4602, valid_rmse-1.3671, valid_pr-0.6975
epoch-194, train_loss-0.2210, train_rmse-0.4701, valid_rmse-1.3551, valid_pr-0.6962
epoch-195, train_loss-0.2128, train_rmse-0.4613, valid_rmse-1.3502, valid_pr-0.7018
epoch-196, train_loss-0.2003, train_rmse-0.4476, valid_rmse-1.3510, valid_pr-0.7046
epoch-197, train_loss-0.2189, train_rmse-0.4679, valid_rmse-1.3582, valid_pr-0.6979
epoch-198, train_loss-0.2177, train_rmse-0.4665, valid_rmse-1.3762, valid_pr-0.6935
epoch-199, train_loss-0.2281, train_rmse-0.4776, valid_rmse-1.3486, valid_pr-0.7026
epoch-200, train_loss-0.2115, train_rmse-0.4599, valid_rmse-1.3762, valid_pr-0.6953
early stop in epoch 200
best_rmse: 1.3349
valid_rmse-1.3349, valid_pr-0.6984, test2013_rmse-1.6078, test2013_pr-0.7266, test2016_rmse-1.4354, test2016_pr-0.7557, test2019_rmse-1.5100, test2019_pr-0.5734
