ASD, lr=0.001, seed=217
train_ASD.py
train data: 11904
valid data: 1000
test2013 data: 107
test2016 data: 285
test2019 data: 4366
GIGN params # : 42663002
epoch-0, train_loss-5.4883, train_rmse-2.3427, valid_rmse-1.8712, valid_pr-0.2864
Validation : valid_rmse-1.8712, valid_pr-0.2864, 
test2013_rmse-2.1641, test2013_pr-0.3919, test2016_rmse-2.1256, test2016_pr-0.3048, test2019_rmse-1.8089, test2019_pr-0.2848
epoch-1, train_loss-3.2694, train_rmse-1.8081, valid_rmse-1.7611, valid_pr-0.3863
Validation : valid_rmse-1.7611, valid_pr-0.3863, 
test2013_rmse-2.2873, test2013_pr-0.2902, test2016_rmse-1.9830, test2016_pr-0.4337, test2019_rmse-1.7840, test2019_pr-0.3205
epoch-2, train_loss-3.1071, train_rmse-1.7627, valid_rmse-1.7315, valid_pr-0.3885
Validation : valid_rmse-1.7315, valid_pr-0.3885, 
test2013_rmse-2.1699, test2013_pr-0.3677, test2016_rmse-1.9358, test2016_pr-0.4563, test2019_rmse-1.7271, test2019_pr-0.3525
epoch-3, train_loss-2.9689, train_rmse-1.7230, valid_rmse-1.7170, valid_pr-0.3962
Validation : valid_rmse-1.7170, valid_pr-0.3962, 
test2013_rmse-2.1643, test2013_pr-0.3648, test2016_rmse-1.8984, test2016_pr-0.4877, test2019_rmse-1.6986, test2019_pr-0.3572
epoch-4, train_loss-2.8689, train_rmse-1.6938, valid_rmse-1.6983, valid_pr-0.4276
Validation : valid_rmse-1.6983, valid_pr-0.4276, 
test2013_rmse-2.0010, test2013_pr-0.5258, test2016_rmse-1.8250, test2016_pr-0.5511, test2019_rmse-1.6425, test2019_pr-0.4266
epoch-5, train_loss-2.6949, train_rmse-1.6416, valid_rmse-1.6785, valid_pr-0.4498
Validation : valid_rmse-1.6785, valid_pr-0.4498, 
test2013_rmse-2.0215, test2013_pr-0.4941, test2016_rmse-1.8339, test2016_pr-0.5365, test2019_rmse-1.6451, test2019_pr-0.4388
epoch-6, train_loss-2.6567, train_rmse-1.6299, valid_rmse-1.6258, valid_pr-0.4803
Validation : valid_rmse-1.6258, valid_pr-0.4803, 
test2013_rmse-1.9497, test2013_pr-0.5561, test2016_rmse-1.7193, test2016_pr-0.6257, test2019_rmse-1.6283, test2019_pr-0.4282
epoch-7, train_loss-2.5534, train_rmse-1.5980, valid_rmse-1.6665, valid_pr-0.4583
epoch-8, train_loss-2.4844, train_rmse-1.5762, valid_rmse-1.6577, valid_pr-0.4886
epoch-9, train_loss-2.4843, train_rmse-1.5762, valid_rmse-1.6109, valid_pr-0.5021
Validation : valid_rmse-1.6109, valid_pr-0.5021, 
test2013_rmse-1.9286, test2013_pr-0.5665, test2016_rmse-1.7132, test2016_pr-0.6180, test2019_rmse-1.6134, test2019_pr-0.4553
epoch-10, train_loss-2.4064, train_rmse-1.5513, valid_rmse-1.6275, valid_pr-0.4914
epoch-11, train_loss-2.3943, train_rmse-1.5474, valid_rmse-1.5701, valid_pr-0.5348
Validation : valid_rmse-1.5701, valid_pr-0.5348, 
test2013_rmse-1.9114, test2013_pr-0.5730, test2016_rmse-1.7189, test2016_pr-0.6136, test2019_rmse-1.6452, test2019_pr-0.4342
epoch-12, train_loss-2.3517, train_rmse-1.5335, valid_rmse-1.6051, valid_pr-0.5166
epoch-13, train_loss-2.2383, train_rmse-1.4961, valid_rmse-1.5733, valid_pr-0.5475
epoch-14, train_loss-2.2261, train_rmse-1.4920, valid_rmse-1.5876, valid_pr-0.5388
epoch-15, train_loss-2.2032, train_rmse-1.4843, valid_rmse-1.6171, valid_pr-0.5643
epoch-16, train_loss-2.1509, train_rmse-1.4666, valid_rmse-1.5735, valid_pr-0.5667
epoch-17, train_loss-2.1282, train_rmse-1.4588, valid_rmse-1.5604, valid_pr-0.5599
Validation : valid_rmse-1.5604, valid_pr-0.5599, 
test2013_rmse-1.8813, test2013_pr-0.6005, test2016_rmse-1.6945, test2016_pr-0.6339, test2019_rmse-1.5794, test2019_pr-0.4967
epoch-18, train_loss-2.0774, train_rmse-1.4413, valid_rmse-1.6014, valid_pr-0.5301
epoch-19, train_loss-2.0639, train_rmse-1.4366, valid_rmse-1.5348, valid_pr-0.5689
Validation : valid_rmse-1.5348, valid_pr-0.5689, 
test2013_rmse-1.8820, test2013_pr-0.5934, test2016_rmse-1.7229, test2016_pr-0.6170, test2019_rmse-1.5888, test2019_pr-0.4811
epoch-20, train_loss-2.0080, train_rmse-1.4171, valid_rmse-1.5137, valid_pr-0.5922
Validation : valid_rmse-1.5137, valid_pr-0.5922, 
test2013_rmse-1.9363, test2013_pr-0.5649, test2016_rmse-1.6745, test2016_pr-0.6493, test2019_rmse-1.5818, test2019_pr-0.4906
epoch-21, train_loss-1.9275, train_rmse-1.3884, valid_rmse-1.5227, valid_pr-0.5836
epoch-22, train_loss-1.9786, train_rmse-1.4066, valid_rmse-1.4810, valid_pr-0.6099
Validation : valid_rmse-1.4810, valid_pr-0.6099, 
test2013_rmse-1.7669, test2013_pr-0.6697, test2016_rmse-1.6357, test2016_pr-0.6813, test2019_rmse-1.5624, test2019_pr-0.4990
epoch-23, train_loss-1.9890, train_rmse-1.4103, valid_rmse-1.5199, valid_pr-0.6113
epoch-24, train_loss-1.8896, train_rmse-1.3746, valid_rmse-1.4299, valid_pr-0.6329
Validation : valid_rmse-1.4299, valid_pr-0.6329, 
test2013_rmse-1.7746, test2013_pr-0.6779, test2016_rmse-1.5990, test2016_pr-0.6909, test2019_rmse-1.5598, test2019_pr-0.4996
epoch-25, train_loss-1.8199, train_rmse-1.3490, valid_rmse-1.4679, valid_pr-0.6240
epoch-26, train_loss-1.7569, train_rmse-1.3255, valid_rmse-1.4818, valid_pr-0.6031
epoch-27, train_loss-1.7532, train_rmse-1.3241, valid_rmse-1.4993, valid_pr-0.6036
epoch-28, train_loss-1.7931, train_rmse-1.3391, valid_rmse-1.5317, valid_pr-0.6010
epoch-29, train_loss-1.7907, train_rmse-1.3382, valid_rmse-1.5783, valid_pr-0.5717
epoch-30, train_loss-1.7546, train_rmse-1.3246, valid_rmse-1.4677, valid_pr-0.6142
epoch-31, train_loss-1.7124, train_rmse-1.3086, valid_rmse-1.5249, valid_pr-0.6132
epoch-32, train_loss-1.6520, train_rmse-1.2853, valid_rmse-1.4374, valid_pr-0.6284
epoch-33, train_loss-1.6262, train_rmse-1.2752, valid_rmse-1.5147, valid_pr-0.6195
epoch-34, train_loss-1.6072, train_rmse-1.2678, valid_rmse-1.5135, valid_pr-0.6146
epoch-35, train_loss-1.5723, train_rmse-1.2539, valid_rmse-1.4514, valid_pr-0.6283
epoch-36, train_loss-1.5333, train_rmse-1.2382, valid_rmse-1.4794, valid_pr-0.6251
epoch-37, train_loss-1.4785, train_rmse-1.2159, valid_rmse-1.4532, valid_pr-0.6382
epoch-38, train_loss-1.4750, train_rmse-1.2145, valid_rmse-1.4826, valid_pr-0.6461
epoch-39, train_loss-1.5290, train_rmse-1.2365, valid_rmse-1.4297, valid_pr-0.6418
Validation : valid_rmse-1.4297, valid_pr-0.6418, 
test2013_rmse-1.5979, test2013_pr-0.7470, test2016_rmse-1.4373, test2016_pr-0.7641, test2019_rmse-1.5406, test2019_pr-0.5374
epoch-40, train_loss-1.4806, train_rmse-1.2168, valid_rmse-1.5467, valid_pr-0.6080
epoch-41, train_loss-1.4317, train_rmse-1.1965, valid_rmse-1.4219, valid_pr-0.6471
Validation : valid_rmse-1.4219, valid_pr-0.6471, 
test2013_rmse-1.7060, test2013_pr-0.6795, test2016_rmse-1.5429, test2016_pr-0.7047, test2019_rmse-1.5411, test2019_pr-0.5448
epoch-42, train_loss-1.4350, train_rmse-1.1979, valid_rmse-1.4268, valid_pr-0.6476
epoch-43, train_loss-1.4114, train_rmse-1.1880, valid_rmse-1.3860, valid_pr-0.6643
Validation : valid_rmse-1.3860, valid_pr-0.6643, 
test2013_rmse-1.6394, test2013_pr-0.7172, test2016_rmse-1.5432, test2016_pr-0.7095, test2019_rmse-1.5292, test2019_pr-0.5405
epoch-44, train_loss-1.4167, train_rmse-1.1903, valid_rmse-1.4739, valid_pr-0.6209
epoch-45, train_loss-1.4048, train_rmse-1.1853, valid_rmse-1.4751, valid_pr-0.6223
epoch-46, train_loss-1.3932, train_rmse-1.1803, valid_rmse-1.4182, valid_pr-0.6534
epoch-47, train_loss-1.3790, train_rmse-1.1743, valid_rmse-1.4335, valid_pr-0.6437
epoch-48, train_loss-1.3209, train_rmse-1.1493, valid_rmse-1.4374, valid_pr-0.6624
epoch-49, train_loss-1.2909, train_rmse-1.1362, valid_rmse-1.4483, valid_pr-0.6405
epoch-50, train_loss-1.3293, train_rmse-1.1530, valid_rmse-1.4016, valid_pr-0.6688
epoch-51, train_loss-1.2906, train_rmse-1.1360, valid_rmse-1.3951, valid_pr-0.6671
epoch-52, train_loss-1.2830, train_rmse-1.1327, valid_rmse-1.4527, valid_pr-0.6339
epoch-53, train_loss-1.2415, train_rmse-1.1142, valid_rmse-1.4650, valid_pr-0.6461
epoch-54, train_loss-1.2513, train_rmse-1.1186, valid_rmse-1.4142, valid_pr-0.6485
epoch-55, train_loss-1.2572, train_rmse-1.1213, valid_rmse-1.4994, valid_pr-0.6275
epoch-56, train_loss-1.2149, train_rmse-1.1022, valid_rmse-1.4073, valid_pr-0.6651
epoch-57, train_loss-1.1823, train_rmse-1.0873, valid_rmse-1.4286, valid_pr-0.6410
epoch-58, train_loss-1.1831, train_rmse-1.0877, valid_rmse-1.3631, valid_pr-0.6777
Validation : valid_rmse-1.3631, valid_pr-0.6777, 
test2013_rmse-1.7200, test2013_pr-0.6756, test2016_rmse-1.5527, test2016_pr-0.7056, test2019_rmse-1.5480, test2019_pr-0.5335
epoch-59, train_loss-1.1506, train_rmse-1.0727, valid_rmse-1.5037, valid_pr-0.6039
epoch-60, train_loss-1.1746, train_rmse-1.0838, valid_rmse-1.4301, valid_pr-0.6444
epoch-61, train_loss-1.1927, train_rmse-1.0921, valid_rmse-1.4713, valid_pr-0.6306
epoch-62, train_loss-1.1714, train_rmse-1.0823, valid_rmse-1.4314, valid_pr-0.6494
epoch-63, train_loss-1.1695, train_rmse-1.0814, valid_rmse-1.4043, valid_pr-0.6598
epoch-64, train_loss-1.1131, train_rmse-1.0550, valid_rmse-1.4355, valid_pr-0.6523
epoch-65, train_loss-1.1082, train_rmse-1.0527, valid_rmse-1.3870, valid_pr-0.6669
epoch-66, train_loss-1.0785, train_rmse-1.0385, valid_rmse-1.4167, valid_pr-0.6673
epoch-67, train_loss-1.0970, train_rmse-1.0474, valid_rmse-1.4518, valid_pr-0.6376
epoch-68, train_loss-1.0697, train_rmse-1.0343, valid_rmse-1.4195, valid_pr-0.6595
epoch-69, train_loss-1.0398, train_rmse-1.0197, valid_rmse-1.3998, valid_pr-0.6620
epoch-70, train_loss-1.0241, train_rmse-1.0120, valid_rmse-1.4359, valid_pr-0.6469
epoch-71, train_loss-0.9998, train_rmse-0.9999, valid_rmse-1.4731, valid_pr-0.6580
epoch-72, train_loss-0.9876, train_rmse-0.9938, valid_rmse-1.4786, valid_pr-0.6306
epoch-73, train_loss-0.9834, train_rmse-0.9917, valid_rmse-1.4212, valid_pr-0.6610
epoch-74, train_loss-1.0223, train_rmse-1.0111, valid_rmse-1.4113, valid_pr-0.6552
epoch-75, train_loss-1.0724, train_rmse-1.0356, valid_rmse-1.4504, valid_pr-0.6348
epoch-76, train_loss-1.0206, train_rmse-1.0103, valid_rmse-1.4656, valid_pr-0.6327
epoch-77, train_loss-0.9842, train_rmse-0.9921, valid_rmse-1.4187, valid_pr-0.6614
epoch-78, train_loss-0.9844, train_rmse-0.9922, valid_rmse-1.4147, valid_pr-0.6778
epoch-79, train_loss-0.9217, train_rmse-0.9600, valid_rmse-1.3942, valid_pr-0.6767
epoch-80, train_loss-0.9087, train_rmse-0.9532, valid_rmse-1.4587, valid_pr-0.6371
epoch-81, train_loss-0.8973, train_rmse-0.9472, valid_rmse-1.4217, valid_pr-0.6613
epoch-82, train_loss-0.9086, train_rmse-0.9532, valid_rmse-1.4225, valid_pr-0.6555
epoch-83, train_loss-0.8643, train_rmse-0.9297, valid_rmse-1.4547, valid_pr-0.6690
epoch-84, train_loss-0.8579, train_rmse-0.9262, valid_rmse-1.4631, valid_pr-0.6643
epoch-85, train_loss-0.8556, train_rmse-0.9250, valid_rmse-1.3855, valid_pr-0.6768
epoch-86, train_loss-0.8307, train_rmse-0.9114, valid_rmse-1.4178, valid_pr-0.6691
epoch-87, train_loss-0.8483, train_rmse-0.9210, valid_rmse-1.4252, valid_pr-0.6644
epoch-88, train_loss-0.8978, train_rmse-0.9475, valid_rmse-1.4515, valid_pr-0.6407
epoch-89, train_loss-0.8541, train_rmse-0.9242, valid_rmse-1.5126, valid_pr-0.6170
epoch-90, train_loss-0.8305, train_rmse-0.9113, valid_rmse-1.3671, valid_pr-0.6838
epoch-91, train_loss-0.7911, train_rmse-0.8895, valid_rmse-1.4181, valid_pr-0.6624
epoch-92, train_loss-0.7641, train_rmse-0.8741, valid_rmse-1.4318, valid_pr-0.6499
epoch-93, train_loss-0.7725, train_rmse-0.8789, valid_rmse-1.4903, valid_pr-0.6274
epoch-94, train_loss-0.7792, train_rmse-0.8827, valid_rmse-1.4231, valid_pr-0.6725
epoch-95, train_loss-0.7689, train_rmse-0.8769, valid_rmse-1.4462, valid_pr-0.6465
epoch-96, train_loss-0.7655, train_rmse-0.8749, valid_rmse-1.4173, valid_pr-0.6581
epoch-97, train_loss-0.7590, train_rmse-0.8712, valid_rmse-1.3824, valid_pr-0.6763
epoch-98, train_loss-0.7667, train_rmse-0.8756, valid_rmse-1.4522, valid_pr-0.6560
epoch-99, train_loss-0.7228, train_rmse-0.8502, valid_rmse-1.4457, valid_pr-0.6515
epoch-100, train_loss-0.7115, train_rmse-0.8435, valid_rmse-1.4263, valid_pr-0.6561
epoch-101, train_loss-0.6934, train_rmse-0.8327, valid_rmse-1.3728, valid_pr-0.6824
epoch-102, train_loss-0.7133, train_rmse-0.8446, valid_rmse-1.4251, valid_pr-0.6662
epoch-103, train_loss-0.7106, train_rmse-0.8429, valid_rmse-1.4234, valid_pr-0.6863
epoch-104, train_loss-0.6979, train_rmse-0.8354, valid_rmse-1.4545, valid_pr-0.6420
epoch-105, train_loss-0.7503, train_rmse-0.8662, valid_rmse-1.4596, valid_pr-0.6485
epoch-106, train_loss-0.7388, train_rmse-0.8595, valid_rmse-1.3853, valid_pr-0.6843
epoch-107, train_loss-0.7284, train_rmse-0.8534, valid_rmse-1.4245, valid_pr-0.6611
epoch-108, train_loss-0.8866, train_rmse-0.9416, valid_rmse-1.4125, valid_pr-0.6676
epoch-109, train_loss-0.7987, train_rmse-0.8937, valid_rmse-1.4280, valid_pr-0.6602
epoch-110, train_loss-0.5839, train_rmse-0.7642, valid_rmse-1.3832, valid_pr-0.6842
epoch-111, train_loss-0.4924, train_rmse-0.7017, valid_rmse-1.3941, valid_pr-0.6840
epoch-112, train_loss-0.4424, train_rmse-0.6651, valid_rmse-1.3679, valid_pr-0.6870
epoch-113, train_loss-0.4244, train_rmse-0.6515, valid_rmse-1.3821, valid_pr-0.6885
epoch-114, train_loss-0.4133, train_rmse-0.6429, valid_rmse-1.4183, valid_pr-0.6726
epoch-115, train_loss-0.4045, train_rmse-0.6360, valid_rmse-1.4008, valid_pr-0.6794
epoch-116, train_loss-0.3760, train_rmse-0.6132, valid_rmse-1.4061, valid_pr-0.6731
epoch-117, train_loss-0.3784, train_rmse-0.6151, valid_rmse-1.3823, valid_pr-0.6807
epoch-118, train_loss-0.3661, train_rmse-0.6050, valid_rmse-1.4001, valid_pr-0.6819
epoch-119, train_loss-0.3466, train_rmse-0.5887, valid_rmse-1.4093, valid_pr-0.6775
epoch-120, train_loss-0.3516, train_rmse-0.5929, valid_rmse-1.3779, valid_pr-0.6897
epoch-121, train_loss-0.3417, train_rmse-0.5846, valid_rmse-1.4155, valid_pr-0.6781
epoch-122, train_loss-0.3348, train_rmse-0.5786, valid_rmse-1.3885, valid_pr-0.6864
epoch-123, train_loss-0.3403, train_rmse-0.5833, valid_rmse-1.3823, valid_pr-0.6820
epoch-124, train_loss-0.3341, train_rmse-0.5780, valid_rmse-1.4502, valid_pr-0.6836
epoch-125, train_loss-0.3476, train_rmse-0.5895, valid_rmse-1.4184, valid_pr-0.6712
epoch-126, train_loss-0.3295, train_rmse-0.5741, valid_rmse-1.4044, valid_pr-0.6742
epoch-127, train_loss-0.3403, train_rmse-0.5834, valid_rmse-1.4063, valid_pr-0.6764
epoch-128, train_loss-0.3175, train_rmse-0.5635, valid_rmse-1.4221, valid_pr-0.6715
epoch-129, train_loss-0.3401, train_rmse-0.5832, valid_rmse-1.3992, valid_pr-0.6782
epoch-130, train_loss-0.3159, train_rmse-0.5620, valid_rmse-1.4283, valid_pr-0.6646
epoch-131, train_loss-0.3113, train_rmse-0.5579, valid_rmse-1.4135, valid_pr-0.6731
epoch-132, train_loss-0.3077, train_rmse-0.5547, valid_rmse-1.4054, valid_pr-0.6725
epoch-133, train_loss-0.3231, train_rmse-0.5684, valid_rmse-1.3979, valid_pr-0.6788
epoch-134, train_loss-0.3121, train_rmse-0.5587, valid_rmse-1.4084, valid_pr-0.6831
epoch-135, train_loss-0.2951, train_rmse-0.5432, valid_rmse-1.3852, valid_pr-0.6875
epoch-136, train_loss-0.3089, train_rmse-0.5558, valid_rmse-1.4252, valid_pr-0.6730
epoch-137, train_loss-0.3122, train_rmse-0.5587, valid_rmse-1.4255, valid_pr-0.6748
epoch-138, train_loss-0.3071, train_rmse-0.5541, valid_rmse-1.4284, valid_pr-0.6722
epoch-139, train_loss-0.2893, train_rmse-0.5379, valid_rmse-1.4067, valid_pr-0.6815
epoch-140, train_loss-0.3013, train_rmse-0.5489, valid_rmse-1.4157, valid_pr-0.6771
epoch-141, train_loss-0.2954, train_rmse-0.5435, valid_rmse-1.4315, valid_pr-0.6807
epoch-142, train_loss-0.2951, train_rmse-0.5432, valid_rmse-1.4087, valid_pr-0.6746
epoch-143, train_loss-0.2740, train_rmse-0.5234, valid_rmse-1.4258, valid_pr-0.6691
epoch-144, train_loss-0.2731, train_rmse-0.5226, valid_rmse-1.4408, valid_pr-0.6611
epoch-145, train_loss-0.2739, train_rmse-0.5233, valid_rmse-1.4214, valid_pr-0.6718
epoch-146, train_loss-0.2871, train_rmse-0.5359, valid_rmse-1.4025, valid_pr-0.6846
epoch-147, train_loss-0.2727, train_rmse-0.5222, valid_rmse-1.4215, valid_pr-0.6663
epoch-148, train_loss-0.2697, train_rmse-0.5193, valid_rmse-1.4299, valid_pr-0.6717
epoch-149, train_loss-0.2640, train_rmse-0.5138, valid_rmse-1.4351, valid_pr-0.6644
epoch-150, train_loss-0.2698, train_rmse-0.5194, valid_rmse-1.4008, valid_pr-0.6797
epoch-151, train_loss-0.2796, train_rmse-0.5287, valid_rmse-1.4166, valid_pr-0.6766
epoch-152, train_loss-0.2970, train_rmse-0.5450, valid_rmse-1.4451, valid_pr-0.6632
epoch-153, train_loss-0.2925, train_rmse-0.5408, valid_rmse-1.4061, valid_pr-0.6743
epoch-154, train_loss-0.2714, train_rmse-0.5209, valid_rmse-1.4213, valid_pr-0.6730
epoch-155, train_loss-0.2722, train_rmse-0.5217, valid_rmse-1.4038, valid_pr-0.6813
epoch-156, train_loss-0.2598, train_rmse-0.5097, valid_rmse-1.4332, valid_pr-0.6670
epoch-157, train_loss-0.2485, train_rmse-0.4985, valid_rmse-1.4068, valid_pr-0.6767
epoch-158, train_loss-0.2438, train_rmse-0.4938, valid_rmse-1.4127, valid_pr-0.6702
epoch-159, train_loss-0.2490, train_rmse-0.4990, valid_rmse-1.4155, valid_pr-0.6738
early stop in epoch 159
best_rmse: 1.3631
valid_rmse-1.3631, valid_pr-0.6777, test2013_rmse-1.7200, test2013_pr-0.6756, test2016_rmse-1.5527, test2016_pr-0.7056, test2019_rmse-1.5480, test2019_pr-0.5335
