ASD, lr=0.001, seed=645
train_ASD.py
train data: 11904
valid data: 1000
test2013 data: 107
test2016 data: 285
test2019 data: 4366
GIGN params # : 42663002
epoch-0, train_loss-5.6950, train_rmse-2.3864, valid_rmse-2.0204, valid_pr-0.1717
Validation : valid_rmse-2.0204, valid_pr-0.1717, 
test2013_rmse-2.4113, test2013_pr-0.1774, test2016_rmse-2.2545, test2016_pr-0.2400, test2019_rmse-2.0045, test2019_pr-0.1468
epoch-1, train_loss-3.5278, train_rmse-1.8783, valid_rmse-1.8448, valid_pr-0.2981
Validation : valid_rmse-1.8448, valid_pr-0.2981, 
test2013_rmse-2.2488, test2013_pr-0.2840, test2016_rmse-2.0875, test2016_pr-0.3238, test2019_rmse-1.8217, test2019_pr-0.2543
epoch-2, train_loss-3.3306, train_rmse-1.8250, valid_rmse-1.8279, valid_pr-0.3047
Validation : valid_rmse-1.8279, valid_pr-0.3047, 
test2013_rmse-2.3122, test2013_pr-0.2277, test2016_rmse-2.0903, test2016_pr-0.3211, test2019_rmse-1.7687, test2019_pr-0.3008
epoch-3, train_loss-2.9462, train_rmse-1.7164, valid_rmse-1.7271, valid_pr-0.3922
Validation : valid_rmse-1.7271, valid_pr-0.3922, 
test2013_rmse-2.1132, test2013_pr-0.4271, test2016_rmse-1.9172, test2016_pr-0.4721, test2019_rmse-1.7235, test2019_pr-0.3390
epoch-4, train_loss-2.9128, train_rmse-1.7067, valid_rmse-1.7186, valid_pr-0.4158
Validation : valid_rmse-1.7186, valid_pr-0.4158, 
test2013_rmse-2.1061, test2013_pr-0.4322, test2016_rmse-1.9228, test2016_pr-0.4883, test2019_rmse-1.6849, test2019_pr-0.3779
epoch-5, train_loss-2.8097, train_rmse-1.6762, valid_rmse-1.7267, valid_pr-0.4271
epoch-6, train_loss-2.6821, train_rmse-1.6377, valid_rmse-1.6986, valid_pr-0.4470
Validation : valid_rmse-1.6986, valid_pr-0.4470, 
test2013_rmse-2.0978, test2013_pr-0.4401, test2016_rmse-1.8952, test2016_pr-0.5026, test2019_rmse-1.6670, test2019_pr-0.4063
epoch-7, train_loss-2.6848, train_rmse-1.6385, valid_rmse-1.6603, valid_pr-0.4671
Validation : valid_rmse-1.6603, valid_pr-0.4671, 
test2013_rmse-2.1229, test2013_pr-0.4143, test2016_rmse-1.8961, test2016_pr-0.4949, test2019_rmse-1.6821, test2019_pr-0.3887
epoch-8, train_loss-2.5941, train_rmse-1.6106, valid_rmse-1.6627, valid_pr-0.4628
epoch-9, train_loss-2.4774, train_rmse-1.5740, valid_rmse-1.6572, valid_pr-0.4826
Validation : valid_rmse-1.6572, valid_pr-0.4826, 
test2013_rmse-1.9091, test2013_pr-0.5820, test2016_rmse-1.7458, test2016_pr-0.6135, test2019_rmse-1.6277, test2019_pr-0.4412
epoch-10, train_loss-2.3834, train_rmse-1.5438, valid_rmse-1.5943, valid_pr-0.5114
Validation : valid_rmse-1.5943, valid_pr-0.5114, 
test2013_rmse-1.9816, test2013_pr-0.5220, test2016_rmse-1.7745, test2016_pr-0.5762, test2019_rmse-1.6253, test2019_pr-0.4326
epoch-11, train_loss-2.3775, train_rmse-1.5419, valid_rmse-1.6233, valid_pr-0.5015
epoch-12, train_loss-2.3179, train_rmse-1.5225, valid_rmse-1.6392, valid_pr-0.4907
epoch-13, train_loss-2.2629, train_rmse-1.5043, valid_rmse-1.5300, valid_pr-0.5635
Validation : valid_rmse-1.5300, valid_pr-0.5635, 
test2013_rmse-1.8829, test2013_pr-0.5945, test2016_rmse-1.6874, test2016_pr-0.6340, test2019_rmse-1.6169, test2019_pr-0.4399
epoch-14, train_loss-2.2445, train_rmse-1.4982, valid_rmse-1.5943, valid_pr-0.5254
epoch-15, train_loss-2.1964, train_rmse-1.4820, valid_rmse-1.5691, valid_pr-0.5439
epoch-16, train_loss-2.1550, train_rmse-1.4680, valid_rmse-1.5628, valid_pr-0.5484
epoch-17, train_loss-2.0979, train_rmse-1.4484, valid_rmse-1.5814, valid_pr-0.5501
epoch-18, train_loss-2.1488, train_rmse-1.4659, valid_rmse-1.5526, valid_pr-0.5536
epoch-19, train_loss-2.0672, train_rmse-1.4378, valid_rmse-1.5831, valid_pr-0.5487
epoch-20, train_loss-2.0926, train_rmse-1.4466, valid_rmse-1.5235, valid_pr-0.5757
Validation : valid_rmse-1.5235, valid_pr-0.5757, 
test2013_rmse-1.7706, test2013_pr-0.6948, test2016_rmse-1.7051, test2016_pr-0.6388, test2019_rmse-1.5684, test2019_pr-0.4866
epoch-21, train_loss-2.0494, train_rmse-1.4316, valid_rmse-1.5280, valid_pr-0.5723
epoch-22, train_loss-2.0427, train_rmse-1.4292, valid_rmse-1.5682, valid_pr-0.5473
epoch-23, train_loss-2.0181, train_rmse-1.4206, valid_rmse-1.5445, valid_pr-0.5797
epoch-24, train_loss-2.0081, train_rmse-1.4171, valid_rmse-1.4804, valid_pr-0.6037
Validation : valid_rmse-1.4804, valid_pr-0.6037, 
test2013_rmse-1.8271, test2013_pr-0.6237, test2016_rmse-1.6774, test2016_pr-0.6391, test2019_rmse-1.5750, test2019_pr-0.4923
epoch-25, train_loss-1.9247, train_rmse-1.3873, valid_rmse-1.4777, valid_pr-0.6031
Validation : valid_rmse-1.4777, valid_pr-0.6031, 
test2013_rmse-1.7235, test2013_pr-0.6952, test2016_rmse-1.6040, test2016_pr-0.6776, test2019_rmse-1.5872, test2019_pr-0.4856
epoch-26, train_loss-1.9207, train_rmse-1.3859, valid_rmse-1.5385, valid_pr-0.5729
epoch-27, train_loss-1.8953, train_rmse-1.3767, valid_rmse-1.4943, valid_pr-0.5975
epoch-28, train_loss-1.8633, train_rmse-1.3650, valid_rmse-1.5103, valid_pr-0.5943
epoch-29, train_loss-1.8314, train_rmse-1.3533, valid_rmse-1.5003, valid_pr-0.5936
epoch-30, train_loss-1.8578, train_rmse-1.3630, valid_rmse-1.5139, valid_pr-0.5881
epoch-31, train_loss-1.8283, train_rmse-1.3522, valid_rmse-1.5048, valid_pr-0.5909
epoch-32, train_loss-1.7923, train_rmse-1.3388, valid_rmse-1.4578, valid_pr-0.6390
Validation : valid_rmse-1.4578, valid_pr-0.6390, 
test2013_rmse-1.7997, test2013_pr-0.6494, test2016_rmse-1.6181, test2016_pr-0.6786, test2019_rmse-1.5948, test2019_pr-0.5161
epoch-33, train_loss-1.7062, train_rmse-1.3062, valid_rmse-1.4803, valid_pr-0.6084
epoch-34, train_loss-1.7113, train_rmse-1.3082, valid_rmse-1.5020, valid_pr-0.5988
epoch-35, train_loss-1.7398, train_rmse-1.3190, valid_rmse-1.4340, valid_pr-0.6313
Validation : valid_rmse-1.4340, valid_pr-0.6313, 
test2013_rmse-1.7757, test2013_pr-0.6503, test2016_rmse-1.6344, test2016_pr-0.6662, test2019_rmse-1.5557, test2019_pr-0.5067
epoch-36, train_loss-1.6532, train_rmse-1.2858, valid_rmse-1.4476, valid_pr-0.6259
epoch-37, train_loss-1.6436, train_rmse-1.2820, valid_rmse-1.4514, valid_pr-0.6363
epoch-38, train_loss-1.6605, train_rmse-1.2886, valid_rmse-1.4437, valid_pr-0.6372
epoch-39, train_loss-1.6112, train_rmse-1.2693, valid_rmse-1.4352, valid_pr-0.6371
epoch-40, train_loss-1.5904, train_rmse-1.2611, valid_rmse-1.4527, valid_pr-0.6295
epoch-41, train_loss-1.6264, train_rmse-1.2753, valid_rmse-1.5027, valid_pr-0.6127
epoch-42, train_loss-1.5581, train_rmse-1.2482, valid_rmse-1.4254, valid_pr-0.6449
Validation : valid_rmse-1.4254, valid_pr-0.6449, 
test2013_rmse-1.6596, test2013_pr-0.7157, test2016_rmse-1.5897, test2016_pr-0.6947, test2019_rmse-1.5156, test2019_pr-0.5464
epoch-43, train_loss-1.5158, train_rmse-1.2312, valid_rmse-1.4643, valid_pr-0.6352
epoch-44, train_loss-1.4351, train_rmse-1.1980, valid_rmse-1.4097, valid_pr-0.6626
Validation : valid_rmse-1.4097, valid_pr-0.6626, 
test2013_rmse-1.5762, test2013_pr-0.7591, test2016_rmse-1.5338, test2016_pr-0.7244, test2019_rmse-1.5396, test2019_pr-0.5357
epoch-45, train_loss-1.5081, train_rmse-1.2280, valid_rmse-1.4658, valid_pr-0.6283
epoch-46, train_loss-1.5653, train_rmse-1.2511, valid_rmse-1.4294, valid_pr-0.6441
epoch-47, train_loss-1.5081, train_rmse-1.2281, valid_rmse-1.4271, valid_pr-0.6380
epoch-48, train_loss-1.4991, train_rmse-1.2244, valid_rmse-1.5009, valid_pr-0.6141
epoch-49, train_loss-1.5238, train_rmse-1.2344, valid_rmse-1.4433, valid_pr-0.6306
epoch-50, train_loss-1.4820, train_rmse-1.2174, valid_rmse-1.4767, valid_pr-0.6303
epoch-51, train_loss-1.4615, train_rmse-1.2089, valid_rmse-1.4551, valid_pr-0.6320
epoch-52, train_loss-1.4215, train_rmse-1.1923, valid_rmse-1.4515, valid_pr-0.6366
epoch-53, train_loss-1.3882, train_rmse-1.1782, valid_rmse-1.4688, valid_pr-0.6321
epoch-54, train_loss-1.3405, train_rmse-1.1578, valid_rmse-1.4681, valid_pr-0.6217
epoch-55, train_loss-1.3539, train_rmse-1.1636, valid_rmse-1.4940, valid_pr-0.6247
epoch-56, train_loss-1.3830, train_rmse-1.1760, valid_rmse-1.5990, valid_pr-0.6137
epoch-57, train_loss-1.3819, train_rmse-1.1755, valid_rmse-1.4509, valid_pr-0.6318
epoch-58, train_loss-1.3838, train_rmse-1.1764, valid_rmse-1.4685, valid_pr-0.6419
epoch-59, train_loss-1.3433, train_rmse-1.1590, valid_rmse-1.4884, valid_pr-0.6186
epoch-60, train_loss-1.3540, train_rmse-1.1636, valid_rmse-1.4639, valid_pr-0.6536
epoch-61, train_loss-1.2808, train_rmse-1.1317, valid_rmse-1.4355, valid_pr-0.6431
epoch-62, train_loss-1.3212, train_rmse-1.1494, valid_rmse-1.4163, valid_pr-0.6583
epoch-63, train_loss-1.2824, train_rmse-1.1324, valid_rmse-1.4172, valid_pr-0.6524
epoch-64, train_loss-1.2558, train_rmse-1.1206, valid_rmse-1.4220, valid_pr-0.6610
epoch-65, train_loss-1.2375, train_rmse-1.1124, valid_rmse-1.4330, valid_pr-0.6453
epoch-66, train_loss-1.2204, train_rmse-1.1047, valid_rmse-1.4235, valid_pr-0.6558
epoch-67, train_loss-1.2278, train_rmse-1.1080, valid_rmse-1.4101, valid_pr-0.6602
epoch-68, train_loss-1.1729, train_rmse-1.0830, valid_rmse-1.4437, valid_pr-0.6533
epoch-69, train_loss-1.2050, train_rmse-1.0977, valid_rmse-1.4165, valid_pr-0.6500
epoch-70, train_loss-1.2001, train_rmse-1.0955, valid_rmse-1.4420, valid_pr-0.6656
epoch-71, train_loss-1.2033, train_rmse-1.0970, valid_rmse-1.3788, valid_pr-0.6752
Validation : valid_rmse-1.3788, valid_pr-0.6752, 
test2013_rmse-1.5262, test2013_pr-0.7566, test2016_rmse-1.4454, test2016_pr-0.7473, test2019_rmse-1.5150, test2019_pr-0.5660
epoch-72, train_loss-1.1605, train_rmse-1.0773, valid_rmse-1.4119, valid_pr-0.6597
epoch-73, train_loss-1.1436, train_rmse-1.0694, valid_rmse-1.4218, valid_pr-0.6530
epoch-74, train_loss-1.1468, train_rmse-1.0709, valid_rmse-1.4386, valid_pr-0.6619
epoch-75, train_loss-1.0830, train_rmse-1.0407, valid_rmse-1.4183, valid_pr-0.6579
epoch-76, train_loss-1.1141, train_rmse-1.0555, valid_rmse-1.3874, valid_pr-0.6729
epoch-77, train_loss-1.1018, train_rmse-1.0497, valid_rmse-1.3988, valid_pr-0.6615
epoch-78, train_loss-1.0677, train_rmse-1.0333, valid_rmse-1.4116, valid_pr-0.6622
epoch-79, train_loss-1.0856, train_rmse-1.0419, valid_rmse-1.3752, valid_pr-0.6767
Validation : valid_rmse-1.3752, valid_pr-0.6767, 
test2013_rmse-1.5672, test2013_pr-0.7431, test2016_rmse-1.4948, test2016_pr-0.7312, test2019_rmse-1.5224, test2019_pr-0.5573
epoch-80, train_loss-1.0586, train_rmse-1.0289, valid_rmse-1.4067, valid_pr-0.6602
epoch-81, train_loss-1.0657, train_rmse-1.0323, valid_rmse-1.3944, valid_pr-0.6827
epoch-82, train_loss-1.0492, train_rmse-1.0243, valid_rmse-1.4077, valid_pr-0.6717
epoch-83, train_loss-1.0573, train_rmse-1.0283, valid_rmse-1.4211, valid_pr-0.6615
epoch-84, train_loss-1.0415, train_rmse-1.0206, valid_rmse-1.4134, valid_pr-0.6629
epoch-85, train_loss-0.9965, train_rmse-0.9982, valid_rmse-1.3810, valid_pr-0.6788
epoch-86, train_loss-0.9474, train_rmse-0.9733, valid_rmse-1.3807, valid_pr-0.6699
epoch-87, train_loss-1.0333, train_rmse-1.0165, valid_rmse-1.3983, valid_pr-0.6696
epoch-88, train_loss-0.9941, train_rmse-0.9970, valid_rmse-1.3961, valid_pr-0.6743
epoch-89, train_loss-0.9588, train_rmse-0.9792, valid_rmse-1.4112, valid_pr-0.6626
epoch-90, train_loss-0.9581, train_rmse-0.9788, valid_rmse-1.4398, valid_pr-0.6486
epoch-91, train_loss-0.9399, train_rmse-0.9695, valid_rmse-1.4966, valid_pr-0.6379
epoch-92, train_loss-0.9334, train_rmse-0.9661, valid_rmse-1.4235, valid_pr-0.6630
epoch-93, train_loss-0.9501, train_rmse-0.9747, valid_rmse-1.3990, valid_pr-0.6699
epoch-94, train_loss-0.9588, train_rmse-0.9792, valid_rmse-1.3852, valid_pr-0.6796
epoch-95, train_loss-0.8852, train_rmse-0.9409, valid_rmse-1.4491, valid_pr-0.6474
epoch-96, train_loss-0.9044, train_rmse-0.9510, valid_rmse-1.4288, valid_pr-0.6647
epoch-97, train_loss-0.9460, train_rmse-0.9726, valid_rmse-1.3727, valid_pr-0.6919
Validation : valid_rmse-1.3727, valid_pr-0.6919, 
test2013_rmse-1.5088, test2013_pr-0.7943, test2016_rmse-1.5213, test2016_pr-0.7461, test2019_rmse-1.5355, test2019_pr-0.5635
epoch-98, train_loss-0.8981, train_rmse-0.9477, valid_rmse-1.4240, valid_pr-0.6548
epoch-99, train_loss-0.8767, train_rmse-0.9363, valid_rmse-1.4308, valid_pr-0.6592
epoch-100, train_loss-0.8305, train_rmse-0.9113, valid_rmse-1.3987, valid_pr-0.6707
epoch-101, train_loss-0.8220, train_rmse-0.9066, valid_rmse-1.4792, valid_pr-0.6419
epoch-102, train_loss-0.8271, train_rmse-0.9094, valid_rmse-1.4566, valid_pr-0.6611
epoch-103, train_loss-0.8488, train_rmse-0.9213, valid_rmse-1.4093, valid_pr-0.6728
epoch-104, train_loss-0.8294, train_rmse-0.9107, valid_rmse-1.3749, valid_pr-0.6956
epoch-105, train_loss-0.7737, train_rmse-0.8796, valid_rmse-1.3889, valid_pr-0.6851
epoch-106, train_loss-0.7578, train_rmse-0.8705, valid_rmse-1.4044, valid_pr-0.6795
epoch-107, train_loss-0.7669, train_rmse-0.8757, valid_rmse-1.4093, valid_pr-0.6727
epoch-108, train_loss-0.7690, train_rmse-0.8769, valid_rmse-1.4249, valid_pr-0.6635
epoch-109, train_loss-0.7321, train_rmse-0.8556, valid_rmse-1.3974, valid_pr-0.6737
epoch-110, train_loss-0.7197, train_rmse-0.8483, valid_rmse-1.3896, valid_pr-0.6774
epoch-111, train_loss-0.7244, train_rmse-0.8511, valid_rmse-1.3769, valid_pr-0.6798
epoch-112, train_loss-0.7288, train_rmse-0.8537, valid_rmse-1.3967, valid_pr-0.6767
epoch-113, train_loss-0.7510, train_rmse-0.8666, valid_rmse-1.3908, valid_pr-0.6747
epoch-114, train_loss-0.7537, train_rmse-0.8682, valid_rmse-1.4060, valid_pr-0.6605
epoch-115, train_loss-0.7254, train_rmse-0.8517, valid_rmse-1.3661, valid_pr-0.6894
Validation : valid_rmse-1.3661, valid_pr-0.6894, 
test2013_rmse-1.5282, test2013_pr-0.7556, test2016_rmse-1.4809, test2016_pr-0.7326, test2019_rmse-1.5344, test2019_pr-0.5566
epoch-116, train_loss-0.7147, train_rmse-0.8454, valid_rmse-1.4105, valid_pr-0.6746
epoch-117, train_loss-0.7292, train_rmse-0.8539, valid_rmse-1.4038, valid_pr-0.6743
epoch-118, train_loss-0.6877, train_rmse-0.8293, valid_rmse-1.3870, valid_pr-0.6852
epoch-119, train_loss-0.6842, train_rmse-0.8272, valid_rmse-1.4002, valid_pr-0.6760
epoch-120, train_loss-0.6569, train_rmse-0.8105, valid_rmse-1.3763, valid_pr-0.6848
epoch-121, train_loss-0.6693, train_rmse-0.8181, valid_rmse-1.4333, valid_pr-0.6696
epoch-122, train_loss-0.6823, train_rmse-0.8260, valid_rmse-1.3865, valid_pr-0.6923
epoch-123, train_loss-0.6300, train_rmse-0.7937, valid_rmse-1.3881, valid_pr-0.6876
epoch-124, train_loss-0.6271, train_rmse-0.7919, valid_rmse-1.4020, valid_pr-0.6722
epoch-125, train_loss-0.6701, train_rmse-0.8186, valid_rmse-1.4034, valid_pr-0.6822
epoch-126, train_loss-0.6396, train_rmse-0.7998, valid_rmse-1.4097, valid_pr-0.6682
epoch-127, train_loss-0.6619, train_rmse-0.8136, valid_rmse-1.3922, valid_pr-0.6817
epoch-128, train_loss-0.6340, train_rmse-0.7962, valid_rmse-1.3922, valid_pr-0.6754
epoch-129, train_loss-0.6516, train_rmse-0.8072, valid_rmse-1.3796, valid_pr-0.6820
epoch-130, train_loss-0.6404, train_rmse-0.8003, valid_rmse-1.4700, valid_pr-0.6522
epoch-131, train_loss-0.6162, train_rmse-0.7850, valid_rmse-1.3640, valid_pr-0.6960
Validation : valid_rmse-1.3640, valid_pr-0.6960, 
test2013_rmse-1.4766, test2013_pr-0.7780, test2016_rmse-1.4456, test2016_pr-0.7461, test2019_rmse-1.5359, test2019_pr-0.5669
epoch-132, train_loss-0.6074, train_rmse-0.7794, valid_rmse-1.4011, valid_pr-0.6770
epoch-133, train_loss-0.6007, train_rmse-0.7751, valid_rmse-1.4685, valid_pr-0.6453
epoch-134, train_loss-0.6448, train_rmse-0.8030, valid_rmse-1.4291, valid_pr-0.6700
epoch-135, train_loss-0.5952, train_rmse-0.7715, valid_rmse-1.4778, valid_pr-0.6628
epoch-136, train_loss-0.5804, train_rmse-0.7618, valid_rmse-1.4616, valid_pr-0.6755
epoch-137, train_loss-0.6142, train_rmse-0.7837, valid_rmse-1.3919, valid_pr-0.6789
epoch-138, train_loss-0.5889, train_rmse-0.7674, valid_rmse-1.4006, valid_pr-0.6798
epoch-139, train_loss-0.5484, train_rmse-0.7406, valid_rmse-1.3739, valid_pr-0.6940
epoch-140, train_loss-0.6284, train_rmse-0.7927, valid_rmse-1.4188, valid_pr-0.6672
epoch-141, train_loss-0.5949, train_rmse-0.7713, valid_rmse-1.3958, valid_pr-0.6771
epoch-142, train_loss-0.5665, train_rmse-0.7526, valid_rmse-1.3889, valid_pr-0.6772
epoch-143, train_loss-0.5885, train_rmse-0.7672, valid_rmse-1.4028, valid_pr-0.6723
epoch-144, train_loss-0.5765, train_rmse-0.7593, valid_rmse-1.4076, valid_pr-0.6744
epoch-145, train_loss-0.5435, train_rmse-0.7372, valid_rmse-1.4124, valid_pr-0.6864
epoch-146, train_loss-0.5190, train_rmse-0.7204, valid_rmse-1.4092, valid_pr-0.6837
epoch-147, train_loss-0.5106, train_rmse-0.7146, valid_rmse-1.3961, valid_pr-0.6858
epoch-148, train_loss-0.5011, train_rmse-0.7079, valid_rmse-1.3728, valid_pr-0.6892
epoch-149, train_loss-0.5231, train_rmse-0.7233, valid_rmse-1.4162, valid_pr-0.6757
epoch-150, train_loss-0.5072, train_rmse-0.7122, valid_rmse-1.3897, valid_pr-0.6808
epoch-151, train_loss-0.5099, train_rmse-0.7141, valid_rmse-1.4117, valid_pr-0.6745
epoch-152, train_loss-0.4997, train_rmse-0.7069, valid_rmse-1.4347, valid_pr-0.6697
epoch-153, train_loss-0.4958, train_rmse-0.7041, valid_rmse-1.3782, valid_pr-0.6937
epoch-154, train_loss-0.4847, train_rmse-0.6962, valid_rmse-1.4092, valid_pr-0.6737
epoch-155, train_loss-0.5111, train_rmse-0.7149, valid_rmse-1.4664, valid_pr-0.6416
epoch-156, train_loss-0.9297, train_rmse-0.9642, valid_rmse-1.4280, valid_pr-0.6678
epoch-157, train_loss-0.7313, train_rmse-0.8551, valid_rmse-1.4136, valid_pr-0.6682
epoch-158, train_loss-0.5883, train_rmse-0.7670, valid_rmse-1.4346, valid_pr-0.6638
epoch-159, train_loss-0.5327, train_rmse-0.7298, valid_rmse-1.4199, valid_pr-0.6665
epoch-160, train_loss-0.5550, train_rmse-0.7450, valid_rmse-1.4073, valid_pr-0.6705
epoch-161, train_loss-0.5180, train_rmse-0.7197, valid_rmse-1.3985, valid_pr-0.6903
epoch-162, train_loss-0.4627, train_rmse-0.6802, valid_rmse-1.3888, valid_pr-0.6891
epoch-163, train_loss-0.4662, train_rmse-0.6828, valid_rmse-1.3929, valid_pr-0.6897
epoch-164, train_loss-0.4663, train_rmse-0.6829, valid_rmse-1.4384, valid_pr-0.6793
epoch-165, train_loss-0.4536, train_rmse-0.6735, valid_rmse-1.3975, valid_pr-0.6917
epoch-166, train_loss-0.4840, train_rmse-0.6957, valid_rmse-1.3655, valid_pr-0.6917
epoch-167, train_loss-0.4684, train_rmse-0.6844, valid_rmse-1.3783, valid_pr-0.6927
epoch-168, train_loss-0.4690, train_rmse-0.6848, valid_rmse-1.3723, valid_pr-0.6946
epoch-169, train_loss-0.4230, train_rmse-0.6504, valid_rmse-1.3963, valid_pr-0.6852
epoch-170, train_loss-0.4176, train_rmse-0.6462, valid_rmse-1.4031, valid_pr-0.6815
epoch-171, train_loss-0.4347, train_rmse-0.6593, valid_rmse-1.4113, valid_pr-0.6809
epoch-172, train_loss-0.4294, train_rmse-0.6553, valid_rmse-1.3958, valid_pr-0.6791
epoch-173, train_loss-0.4226, train_rmse-0.6501, valid_rmse-1.3903, valid_pr-0.6857
epoch-174, train_loss-0.4535, train_rmse-0.6734, valid_rmse-1.3901, valid_pr-0.6778
epoch-175, train_loss-0.4281, train_rmse-0.6543, valid_rmse-1.3851, valid_pr-0.6847
epoch-176, train_loss-0.4363, train_rmse-0.6605, valid_rmse-1.3987, valid_pr-0.6884
epoch-177, train_loss-0.4587, train_rmse-0.6772, valid_rmse-1.3716, valid_pr-0.6856
epoch-178, train_loss-0.4271, train_rmse-0.6535, valid_rmse-1.4026, valid_pr-0.6848
epoch-179, train_loss-0.3961, train_rmse-0.6294, valid_rmse-1.4045, valid_pr-0.6801
epoch-180, train_loss-0.4004, train_rmse-0.6328, valid_rmse-1.4148, valid_pr-0.6950
epoch-181, train_loss-0.3839, train_rmse-0.6196, valid_rmse-1.3692, valid_pr-0.7024
epoch-182, train_loss-0.3615, train_rmse-0.6012, valid_rmse-1.3721, valid_pr-0.7066
epoch-183, train_loss-0.3013, train_rmse-0.5489, valid_rmse-1.3368, valid_pr-0.7081
Validation : valid_rmse-1.3368, valid_pr-0.7081, 
test2013_rmse-1.4409, test2013_pr-0.7895, test2016_rmse-1.3700, test2016_pr-0.7767, test2019_rmse-1.5197, test2019_pr-0.5744
epoch-184, train_loss-0.2528, train_rmse-0.5028, valid_rmse-1.3360, valid_pr-0.7073
Validation : valid_rmse-1.3360, valid_pr-0.7073, 
test2013_rmse-1.4579, test2013_pr-0.7828, test2016_rmse-1.4103, test2016_pr-0.7623, test2019_rmse-1.5106, test2019_pr-0.5776
epoch-185, train_loss-0.2306, train_rmse-0.4802, valid_rmse-1.3597, valid_pr-0.7009
epoch-186, train_loss-0.2369, train_rmse-0.4867, valid_rmse-1.3780, valid_pr-0.6950
epoch-187, train_loss-0.2243, train_rmse-0.4736, valid_rmse-1.3444, valid_pr-0.7017
epoch-188, train_loss-0.2186, train_rmse-0.4676, valid_rmse-1.3834, valid_pr-0.6969
epoch-189, train_loss-0.2232, train_rmse-0.4725, valid_rmse-1.3565, valid_pr-0.7038
epoch-190, train_loss-0.2085, train_rmse-0.4566, valid_rmse-1.3576, valid_pr-0.6971
epoch-191, train_loss-0.2066, train_rmse-0.4545, valid_rmse-1.3437, valid_pr-0.7038
epoch-192, train_loss-0.2085, train_rmse-0.4566, valid_rmse-1.3549, valid_pr-0.7108
epoch-193, train_loss-0.2649, train_rmse-0.5147, valid_rmse-1.3601, valid_pr-0.7044
epoch-194, train_loss-0.2327, train_rmse-0.4824, valid_rmse-1.3619, valid_pr-0.6965
epoch-195, train_loss-0.2117, train_rmse-0.4601, valid_rmse-1.3511, valid_pr-0.7026
epoch-196, train_loss-0.2155, train_rmse-0.4643, valid_rmse-1.3751, valid_pr-0.6947
epoch-197, train_loss-0.2172, train_rmse-0.4661, valid_rmse-1.3505, valid_pr-0.7029
epoch-198, train_loss-0.2172, train_rmse-0.4660, valid_rmse-1.3756, valid_pr-0.6896
epoch-199, train_loss-0.2019, train_rmse-0.4493, valid_rmse-1.3559, valid_pr-0.7030
epoch-200, train_loss-0.2023, train_rmse-0.4498, valid_rmse-1.3716, valid_pr-0.6997
epoch-201, train_loss-0.2011, train_rmse-0.4484, valid_rmse-1.3555, valid_pr-0.7000
epoch-202, train_loss-0.2004, train_rmse-0.4477, valid_rmse-1.3469, valid_pr-0.7011
epoch-203, train_loss-0.2061, train_rmse-0.4540, valid_rmse-1.3537, valid_pr-0.7066
epoch-204, train_loss-0.2082, train_rmse-0.4562, valid_rmse-1.3674, valid_pr-0.6964
epoch-205, train_loss-0.1992, train_rmse-0.4463, valid_rmse-1.3718, valid_pr-0.6932
epoch-206, train_loss-0.1862, train_rmse-0.4316, valid_rmse-1.3446, valid_pr-0.7081
epoch-207, train_loss-0.2035, train_rmse-0.4511, valid_rmse-1.3490, valid_pr-0.7041
epoch-208, train_loss-0.1870, train_rmse-0.4325, valid_rmse-1.3665, valid_pr-0.6967
epoch-209, train_loss-0.1949, train_rmse-0.4415, valid_rmse-1.3397, valid_pr-0.7128
epoch-210, train_loss-0.1889, train_rmse-0.4346, valid_rmse-1.3622, valid_pr-0.7010
epoch-211, train_loss-0.1866, train_rmse-0.4320, valid_rmse-1.3461, valid_pr-0.7055
epoch-212, train_loss-0.1769, train_rmse-0.4206, valid_rmse-1.3727, valid_pr-0.7048
epoch-213, train_loss-0.1840, train_rmse-0.4290, valid_rmse-1.3384, valid_pr-0.7111
epoch-214, train_loss-0.1798, train_rmse-0.4240, valid_rmse-1.3818, valid_pr-0.6944
epoch-215, train_loss-0.1792, train_rmse-0.4233, valid_rmse-1.3586, valid_pr-0.7025
epoch-216, train_loss-0.1806, train_rmse-0.4249, valid_rmse-1.3628, valid_pr-0.6978
epoch-217, train_loss-0.1808, train_rmse-0.4252, valid_rmse-1.3752, valid_pr-0.7040
epoch-218, train_loss-0.1796, train_rmse-0.4238, valid_rmse-1.3403, valid_pr-0.7037
epoch-219, train_loss-0.1762, train_rmse-0.4197, valid_rmse-1.3667, valid_pr-0.6948
epoch-220, train_loss-0.1851, train_rmse-0.4302, valid_rmse-1.3748, valid_pr-0.6869
epoch-221, train_loss-0.1751, train_rmse-0.4185, valid_rmse-1.3548, valid_pr-0.7040
epoch-222, train_loss-0.1831, train_rmse-0.4279, valid_rmse-1.3890, valid_pr-0.6849
epoch-223, train_loss-0.1818, train_rmse-0.4264, valid_rmse-1.3665, valid_pr-0.6951
epoch-224, train_loss-0.1766, train_rmse-0.4202, valid_rmse-1.3716, valid_pr-0.6930
epoch-225, train_loss-0.1823, train_rmse-0.4270, valid_rmse-1.3599, valid_pr-0.6995
epoch-226, train_loss-0.1912, train_rmse-0.4372, valid_rmse-1.3466, valid_pr-0.7004
epoch-227, train_loss-0.1832, train_rmse-0.4281, valid_rmse-1.3711, valid_pr-0.6927
epoch-228, train_loss-0.1827, train_rmse-0.4274, valid_rmse-1.3685, valid_pr-0.6889
epoch-229, train_loss-0.1713, train_rmse-0.4139, valid_rmse-1.3763, valid_pr-0.6911
epoch-230, train_loss-0.1764, train_rmse-0.4200, valid_rmse-1.3574, valid_pr-0.6930
epoch-231, train_loss-0.1643, train_rmse-0.4053, valid_rmse-1.3769, valid_pr-0.6945
epoch-232, train_loss-0.1730, train_rmse-0.4159, valid_rmse-1.3595, valid_pr-0.6981
epoch-233, train_loss-0.1621, train_rmse-0.4026, valid_rmse-1.3666, valid_pr-0.7018
epoch-234, train_loss-0.1594, train_rmse-0.3992, valid_rmse-1.3336, valid_pr-0.7089
Validation : valid_rmse-1.3336, valid_pr-0.7089, 
test2013_rmse-1.4455, test2013_pr-0.7859, test2016_rmse-1.3828, test2016_pr-0.7713, test2019_rmse-1.4949, test2019_pr-0.5888
epoch-235, train_loss-0.1808, train_rmse-0.4253, valid_rmse-1.3546, valid_pr-0.7020
epoch-236, train_loss-0.1728, train_rmse-0.4157, valid_rmse-1.3518, valid_pr-0.7021
epoch-237, train_loss-0.1664, train_rmse-0.4079, valid_rmse-1.3414, valid_pr-0.7067
epoch-238, train_loss-0.1650, train_rmse-0.4062, valid_rmse-1.3658, valid_pr-0.6968
epoch-239, train_loss-0.1601, train_rmse-0.4001, valid_rmse-1.3369, valid_pr-0.7081
epoch-240, train_loss-0.1602, train_rmse-0.4003, valid_rmse-1.3726, valid_pr-0.6936
epoch-241, train_loss-0.1603, train_rmse-0.4004, valid_rmse-1.3504, valid_pr-0.7002
epoch-242, train_loss-0.1589, train_rmse-0.3986, valid_rmse-1.3388, valid_pr-0.7104
epoch-243, train_loss-0.1627, train_rmse-0.4034, valid_rmse-1.3359, valid_pr-0.7096
epoch-244, train_loss-0.1655, train_rmse-0.4068, valid_rmse-1.3605, valid_pr-0.7000
epoch-245, train_loss-0.1576, train_rmse-0.3970, valid_rmse-1.3639, valid_pr-0.6988
epoch-246, train_loss-0.1671, train_rmse-0.4088, valid_rmse-1.3446, valid_pr-0.7040
epoch-247, train_loss-0.1639, train_rmse-0.4048, valid_rmse-1.3628, valid_pr-0.6959
epoch-248, train_loss-0.1622, train_rmse-0.4027, valid_rmse-1.3605, valid_pr-0.7030
epoch-249, train_loss-0.1629, train_rmse-0.4036, valid_rmse-1.3492, valid_pr-0.7056
epoch-250, train_loss-0.1527, train_rmse-0.3907, valid_rmse-1.3396, valid_pr-0.7049
epoch-251, train_loss-0.1537, train_rmse-0.3921, valid_rmse-1.3516, valid_pr-0.7019
epoch-252, train_loss-0.1461, train_rmse-0.3822, valid_rmse-1.3495, valid_pr-0.7008
epoch-253, train_loss-0.1446, train_rmse-0.3802, valid_rmse-1.3376, valid_pr-0.7093
epoch-254, train_loss-0.1468, train_rmse-0.3831, valid_rmse-1.3383, valid_pr-0.7068
epoch-255, train_loss-0.1439, train_rmse-0.3793, valid_rmse-1.3380, valid_pr-0.7077
epoch-256, train_loss-0.1433, train_rmse-0.3786, valid_rmse-1.3481, valid_pr-0.7068
epoch-257, train_loss-0.1531, train_rmse-0.3913, valid_rmse-1.3516, valid_pr-0.7028
epoch-258, train_loss-0.1534, train_rmse-0.3916, valid_rmse-1.3639, valid_pr-0.7016
epoch-259, train_loss-0.1487, train_rmse-0.3856, valid_rmse-1.3601, valid_pr-0.6967
epoch-260, train_loss-0.1458, train_rmse-0.3819, valid_rmse-1.3701, valid_pr-0.7052
epoch-261, train_loss-0.1501, train_rmse-0.3874, valid_rmse-1.3563, valid_pr-0.7012
epoch-262, train_loss-0.1583, train_rmse-0.3979, valid_rmse-1.3469, valid_pr-0.7063
epoch-263, train_loss-0.1493, train_rmse-0.3864, valid_rmse-1.3600, valid_pr-0.7095
epoch-264, train_loss-0.1483, train_rmse-0.3851, valid_rmse-1.3381, valid_pr-0.7098
epoch-265, train_loss-0.1431, train_rmse-0.3783, valid_rmse-1.3751, valid_pr-0.6947
epoch-266, train_loss-0.1505, train_rmse-0.3879, valid_rmse-1.3485, valid_pr-0.7013
epoch-267, train_loss-0.1455, train_rmse-0.3814, valid_rmse-1.3593, valid_pr-0.7036
epoch-268, train_loss-0.1510, train_rmse-0.3885, valid_rmse-1.3538, valid_pr-0.7012
epoch-269, train_loss-0.1461, train_rmse-0.3822, valid_rmse-1.3599, valid_pr-0.7031
epoch-270, train_loss-0.1518, train_rmse-0.3896, valid_rmse-1.3667, valid_pr-0.7064
epoch-271, train_loss-0.1450, train_rmse-0.3807, valid_rmse-1.3365, valid_pr-0.7073
epoch-272, train_loss-0.1441, train_rmse-0.3796, valid_rmse-1.3340, valid_pr-0.7097
epoch-273, train_loss-0.1318, train_rmse-0.3631, valid_rmse-1.3293, valid_pr-0.7133
Validation : valid_rmse-1.3293, valid_pr-0.7133, 
test2013_rmse-1.4459, test2013_pr-0.7871, test2016_rmse-1.3658, test2016_pr-0.7782, test2019_rmse-1.5317, test2019_pr-0.5729
epoch-274, train_loss-0.1405, train_rmse-0.3749, valid_rmse-1.3536, valid_pr-0.7033
epoch-275, train_loss-0.1351, train_rmse-0.3675, valid_rmse-1.3425, valid_pr-0.7040
epoch-276, train_loss-0.1268, train_rmse-0.3561, valid_rmse-1.3273, valid_pr-0.7109
Validation : valid_rmse-1.3273, valid_pr-0.7109, 
test2013_rmse-1.3938, test2013_pr-0.8117, test2016_rmse-1.3784, test2016_pr-0.7740, test2019_rmse-1.5178, test2019_pr-0.5738
epoch-277, train_loss-0.1336, train_rmse-0.3655, valid_rmse-1.3498, valid_pr-0.7049
epoch-278, train_loss-0.1386, train_rmse-0.3723, valid_rmse-1.3438, valid_pr-0.7102
epoch-279, train_loss-0.1397, train_rmse-0.3738, valid_rmse-1.3536, valid_pr-0.7032
epoch-280, train_loss-0.1342, train_rmse-0.3663, valid_rmse-1.3521, valid_pr-0.7087
epoch-281, train_loss-0.1380, train_rmse-0.3715, valid_rmse-1.3371, valid_pr-0.7063
epoch-282, train_loss-0.1348, train_rmse-0.3672, valid_rmse-1.3468, valid_pr-0.7057
epoch-283, train_loss-0.1464, train_rmse-0.3826, valid_rmse-1.3390, valid_pr-0.7070
epoch-284, train_loss-0.1330, train_rmse-0.3647, valid_rmse-1.3391, valid_pr-0.7076
epoch-285, train_loss-0.1403, train_rmse-0.3745, valid_rmse-1.3394, valid_pr-0.7105
epoch-286, train_loss-0.1337, train_rmse-0.3656, valid_rmse-1.3539, valid_pr-0.6990
epoch-287, train_loss-0.1272, train_rmse-0.3567, valid_rmse-1.3588, valid_pr-0.7007
epoch-288, train_loss-0.1342, train_rmse-0.3664, valid_rmse-1.3538, valid_pr-0.7032
epoch-289, train_loss-0.1279, train_rmse-0.3576, valid_rmse-1.3302, valid_pr-0.7094
epoch-290, train_loss-0.1312, train_rmse-0.3622, valid_rmse-1.3453, valid_pr-0.7000
epoch-291, train_loss-0.1261, train_rmse-0.3552, valid_rmse-1.3341, valid_pr-0.7104
epoch-292, train_loss-0.1315, train_rmse-0.3626, valid_rmse-1.3260, valid_pr-0.7155
Validation : valid_rmse-1.3260, valid_pr-0.7155, 
test2013_rmse-1.4546, test2013_pr-0.7830, test2016_rmse-1.3888, test2016_pr-0.7698, test2019_rmse-1.5356, test2019_pr-0.5723
epoch-293, train_loss-0.1345, train_rmse-0.3667, valid_rmse-1.3265, valid_pr-0.7141
epoch-294, train_loss-0.1644, train_rmse-0.4054, valid_rmse-1.3206, valid_pr-0.7143
Validation : valid_rmse-1.3206, valid_pr-0.7143, 
test2013_rmse-1.3873, test2013_pr-0.8169, test2016_rmse-1.3764, test2016_pr-0.7763, test2019_rmse-1.5095, test2019_pr-0.5779
epoch-295, train_loss-0.1445, train_rmse-0.3801, valid_rmse-1.3357, valid_pr-0.7097
epoch-296, train_loss-0.1480, train_rmse-0.3847, valid_rmse-1.3261, valid_pr-0.7165
epoch-297, train_loss-0.1340, train_rmse-0.3661, valid_rmse-1.3354, valid_pr-0.7088
epoch-298, train_loss-0.1302, train_rmse-0.3608, valid_rmse-1.3405, valid_pr-0.7043
epoch-299, train_loss-0.1302, train_rmse-0.3608, valid_rmse-1.3305, valid_pr-0.7125
epoch-300, train_loss-0.1198, train_rmse-0.3461, valid_rmse-1.3520, valid_pr-0.7063
epoch-301, train_loss-0.1275, train_rmse-0.3570, valid_rmse-1.3369, valid_pr-0.7093
epoch-302, train_loss-0.1200, train_rmse-0.3464, valid_rmse-1.3261, valid_pr-0.7142
epoch-303, train_loss-0.1225, train_rmse-0.3499, valid_rmse-1.3362, valid_pr-0.7081
epoch-304, train_loss-0.1228, train_rmse-0.3504, valid_rmse-1.3462, valid_pr-0.7127
epoch-305, train_loss-0.1175, train_rmse-0.3428, valid_rmse-1.3511, valid_pr-0.7004
epoch-306, train_loss-0.1137, train_rmse-0.3372, valid_rmse-1.3249, valid_pr-0.7137
epoch-307, train_loss-0.1241, train_rmse-0.3523, valid_rmse-1.3326, valid_pr-0.7100
epoch-308, train_loss-0.1296, train_rmse-0.3600, valid_rmse-1.3539, valid_pr-0.7026
epoch-309, train_loss-0.1271, train_rmse-0.3565, valid_rmse-1.3518, valid_pr-0.7043
epoch-310, train_loss-0.1306, train_rmse-0.3614, valid_rmse-1.3678, valid_pr-0.6979
epoch-311, train_loss-0.1283, train_rmse-0.3581, valid_rmse-1.3345, valid_pr-0.7061
epoch-312, train_loss-0.1220, train_rmse-0.3493, valid_rmse-1.3568, valid_pr-0.7015
epoch-313, train_loss-0.1109, train_rmse-0.3331, valid_rmse-1.3334, valid_pr-0.7100
epoch-314, train_loss-0.1211, train_rmse-0.3480, valid_rmse-1.3415, valid_pr-0.7072
epoch-315, train_loss-0.1133, train_rmse-0.3366, valid_rmse-1.3254, valid_pr-0.7160
epoch-316, train_loss-0.1258, train_rmse-0.3547, valid_rmse-1.3379, valid_pr-0.7103
epoch-317, train_loss-0.1239, train_rmse-0.3519, valid_rmse-1.3315, valid_pr-0.7138
epoch-318, train_loss-0.1220, train_rmse-0.3493, valid_rmse-1.3368, valid_pr-0.7073
epoch-319, train_loss-0.1190, train_rmse-0.3449, valid_rmse-1.3326, valid_pr-0.7116
epoch-320, train_loss-0.1236, train_rmse-0.3515, valid_rmse-1.3451, valid_pr-0.7064
epoch-321, train_loss-0.1228, train_rmse-0.3504, valid_rmse-1.3243, valid_pr-0.7129
epoch-322, train_loss-0.1164, train_rmse-0.3412, valid_rmse-1.3341, valid_pr-0.7096
epoch-323, train_loss-0.1350, train_rmse-0.3674, valid_rmse-1.3548, valid_pr-0.7062
epoch-324, train_loss-0.1352, train_rmse-0.3677, valid_rmse-1.3352, valid_pr-0.7090
epoch-325, train_loss-0.1245, train_rmse-0.3529, valid_rmse-1.3326, valid_pr-0.7107
epoch-326, train_loss-0.1315, train_rmse-0.3626, valid_rmse-1.3295, valid_pr-0.7114
epoch-327, train_loss-0.1176, train_rmse-0.3430, valid_rmse-1.3433, valid_pr-0.7028
epoch-328, train_loss-0.1201, train_rmse-0.3465, valid_rmse-1.3220, valid_pr-0.7123
epoch-329, train_loss-0.1077, train_rmse-0.3282, valid_rmse-1.3301, valid_pr-0.7069
epoch-330, train_loss-0.1158, train_rmse-0.3403, valid_rmse-1.3377, valid_pr-0.7065
epoch-331, train_loss-0.1198, train_rmse-0.3461, valid_rmse-1.3297, valid_pr-0.7132
epoch-332, train_loss-0.1163, train_rmse-0.3411, valid_rmse-1.3490, valid_pr-0.7064
epoch-333, train_loss-0.1130, train_rmse-0.3361, valid_rmse-1.3366, valid_pr-0.7070
epoch-334, train_loss-0.1114, train_rmse-0.3338, valid_rmse-1.3464, valid_pr-0.6995
epoch-335, train_loss-0.1138, train_rmse-0.3374, valid_rmse-1.3476, valid_pr-0.7053
epoch-336, train_loss-0.1091, train_rmse-0.3304, valid_rmse-1.3505, valid_pr-0.7015
epoch-337, train_loss-0.1210, train_rmse-0.3478, valid_rmse-1.3479, valid_pr-0.7063
epoch-338, train_loss-0.1273, train_rmse-0.3567, valid_rmse-1.3421, valid_pr-0.7023
epoch-339, train_loss-0.1190, train_rmse-0.3450, valid_rmse-1.3193, valid_pr-0.7113
Validation : valid_rmse-1.3193, valid_pr-0.7113, 
test2013_rmse-1.4373, test2013_pr-0.7937, test2016_rmse-1.4044, test2016_pr-0.7644, test2019_rmse-1.5093, test2019_pr-0.5792
epoch-340, train_loss-0.1157, train_rmse-0.3401, valid_rmse-1.3294, valid_pr-0.7091
epoch-341, train_loss-0.1153, train_rmse-0.3395, valid_rmse-1.3298, valid_pr-0.7105
epoch-342, train_loss-0.1155, train_rmse-0.3399, valid_rmse-1.3422, valid_pr-0.7070
epoch-343, train_loss-0.1081, train_rmse-0.3288, valid_rmse-1.3414, valid_pr-0.7060
epoch-344, train_loss-0.1080, train_rmse-0.3286, valid_rmse-1.3335, valid_pr-0.7092
epoch-345, train_loss-0.1179, train_rmse-0.3434, valid_rmse-1.3163, valid_pr-0.7149
Validation : valid_rmse-1.3163, valid_pr-0.7149, 
test2013_rmse-1.4532, test2013_pr-0.7907, test2016_rmse-1.4058, test2016_pr-0.7675, test2019_rmse-1.5203, test2019_pr-0.5726
epoch-346, train_loss-0.1201, train_rmse-0.3465, valid_rmse-1.3031, valid_pr-0.7224
Validation : valid_rmse-1.3031, valid_pr-0.7224, 
test2013_rmse-1.4566, test2013_pr-0.7885, test2016_rmse-1.3724, test2016_pr-0.7769, test2019_rmse-1.5060, test2019_pr-0.5840
epoch-347, train_loss-0.1133, train_rmse-0.3367, valid_rmse-1.3170, valid_pr-0.7158
epoch-348, train_loss-0.1134, train_rmse-0.3368, valid_rmse-1.3240, valid_pr-0.7133
epoch-349, train_loss-0.1115, train_rmse-0.3339, valid_rmse-1.3166, valid_pr-0.7191
epoch-350, train_loss-0.1138, train_rmse-0.3374, valid_rmse-1.3221, valid_pr-0.7134
epoch-351, train_loss-0.1069, train_rmse-0.3269, valid_rmse-1.3289, valid_pr-0.7149
epoch-352, train_loss-0.1131, train_rmse-0.3363, valid_rmse-1.3242, valid_pr-0.7112
epoch-353, train_loss-0.1185, train_rmse-0.3442, valid_rmse-1.2984, valid_pr-0.7207
Validation : valid_rmse-1.2984, valid_pr-0.7207, 
test2013_rmse-1.4006, test2013_pr-0.8068, test2016_rmse-1.3862, test2016_pr-0.7725, test2019_rmse-1.5050, test2019_pr-0.5785
epoch-354, train_loss-0.0970, train_rmse-0.3115, valid_rmse-1.3087, valid_pr-0.7198
epoch-355, train_loss-0.1066, train_rmse-0.3266, valid_rmse-1.3371, valid_pr-0.7115
epoch-356, train_loss-0.1156, train_rmse-0.3401, valid_rmse-1.3188, valid_pr-0.7127
epoch-357, train_loss-0.1081, train_rmse-0.3288, valid_rmse-1.3161, valid_pr-0.7144
epoch-358, train_loss-0.1002, train_rmse-0.3165, valid_rmse-1.3664, valid_pr-0.6966
epoch-359, train_loss-0.1024, train_rmse-0.3200, valid_rmse-1.3199, valid_pr-0.7151
epoch-360, train_loss-0.1086, train_rmse-0.3295, valid_rmse-1.3231, valid_pr-0.7118
epoch-361, train_loss-0.1051, train_rmse-0.3242, valid_rmse-1.3379, valid_pr-0.7035
epoch-362, train_loss-0.1092, train_rmse-0.3304, valid_rmse-1.3278, valid_pr-0.7130
epoch-363, train_loss-0.1125, train_rmse-0.3354, valid_rmse-1.3298, valid_pr-0.7155
epoch-364, train_loss-0.1180, train_rmse-0.3435, valid_rmse-1.3358, valid_pr-0.7139
epoch-365, train_loss-0.1043, train_rmse-0.3229, valid_rmse-1.3219, valid_pr-0.7127
epoch-366, train_loss-0.1003, train_rmse-0.3166, valid_rmse-1.3297, valid_pr-0.7122
epoch-367, train_loss-0.1051, train_rmse-0.3242, valid_rmse-1.3372, valid_pr-0.7029
epoch-368, train_loss-0.1052, train_rmse-0.3243, valid_rmse-1.3271, valid_pr-0.7112
epoch-369, train_loss-0.1014, train_rmse-0.3185, valid_rmse-1.3107, valid_pr-0.7203
epoch-370, train_loss-0.1022, train_rmse-0.3197, valid_rmse-1.3300, valid_pr-0.7147
epoch-371, train_loss-0.1121, train_rmse-0.3348, valid_rmse-1.3264, valid_pr-0.7117
epoch-372, train_loss-0.1485, train_rmse-0.3854, valid_rmse-1.3769, valid_pr-0.6806
epoch-373, train_loss-0.3140, train_rmse-0.5604, valid_rmse-1.3689, valid_pr-0.6887
epoch-374, train_loss-0.1761, train_rmse-0.4197, valid_rmse-1.3412, valid_pr-0.7035
epoch-375, train_loss-0.1420, train_rmse-0.3768, valid_rmse-1.3468, valid_pr-0.7049
epoch-376, train_loss-0.1384, train_rmse-0.3721, valid_rmse-1.3489, valid_pr-0.7030
epoch-377, train_loss-0.1138, train_rmse-0.3373, valid_rmse-1.3288, valid_pr-0.7127
epoch-378, train_loss-0.1081, train_rmse-0.3289, valid_rmse-1.3292, valid_pr-0.7084
epoch-379, train_loss-0.1052, train_rmse-0.3243, valid_rmse-1.3239, valid_pr-0.7145
epoch-380, train_loss-0.0956, train_rmse-0.3091, valid_rmse-1.3295, valid_pr-0.7038
epoch-381, train_loss-0.1061, train_rmse-0.3257, valid_rmse-1.3510, valid_pr-0.7054
epoch-382, train_loss-0.1024, train_rmse-0.3200, valid_rmse-1.3366, valid_pr-0.7074
epoch-383, train_loss-0.1036, train_rmse-0.3219, valid_rmse-1.3397, valid_pr-0.7020
epoch-384, train_loss-0.1035, train_rmse-0.3218, valid_rmse-1.3295, valid_pr-0.7119
epoch-385, train_loss-0.0958, train_rmse-0.3094, valid_rmse-1.3383, valid_pr-0.7126
epoch-386, train_loss-0.1031, train_rmse-0.3211, valid_rmse-1.3284, valid_pr-0.7118
epoch-387, train_loss-0.0947, train_rmse-0.3077, valid_rmse-1.3077, valid_pr-0.7203
epoch-388, train_loss-0.0866, train_rmse-0.2942, valid_rmse-1.3097, valid_pr-0.7167
epoch-389, train_loss-0.0947, train_rmse-0.3077, valid_rmse-1.3254, valid_pr-0.7115
epoch-390, train_loss-0.0965, train_rmse-0.3106, valid_rmse-1.3206, valid_pr-0.7155
epoch-391, train_loss-0.0931, train_rmse-0.3051, valid_rmse-1.3280, valid_pr-0.7111
epoch-392, train_loss-0.0915, train_rmse-0.3025, valid_rmse-1.3200, valid_pr-0.7134
epoch-393, train_loss-0.0929, train_rmse-0.3048, valid_rmse-1.3297, valid_pr-0.7053
epoch-394, train_loss-0.0926, train_rmse-0.3044, valid_rmse-1.3255, valid_pr-0.7159
epoch-395, train_loss-0.0913, train_rmse-0.3021, valid_rmse-1.3213, valid_pr-0.7121
epoch-396, train_loss-0.1034, train_rmse-0.3216, valid_rmse-1.3019, valid_pr-0.7210
epoch-397, train_loss-0.1027, train_rmse-0.3204, valid_rmse-1.4018, valid_pr-0.6705
epoch-398, train_loss-0.2041, train_rmse-0.4518, valid_rmse-1.3494, valid_pr-0.7010
epoch-399, train_loss-0.1319, train_rmse-0.3632, valid_rmse-1.3390, valid_pr-0.7040
epoch-400, train_loss-0.1532, train_rmse-0.3914, valid_rmse-1.3236, valid_pr-0.7095
epoch-401, train_loss-0.1198, train_rmse-0.3461, valid_rmse-1.3242, valid_pr-0.7116
epoch-402, train_loss-0.1007, train_rmse-0.3174, valid_rmse-1.3113, valid_pr-0.7154
epoch-403, train_loss-0.1012, train_rmse-0.3182, valid_rmse-1.3128, valid_pr-0.7161
epoch-404, train_loss-0.1025, train_rmse-0.3201, valid_rmse-1.3068, valid_pr-0.7186
epoch-405, train_loss-0.0833, train_rmse-0.2886, valid_rmse-1.3119, valid_pr-0.7198
epoch-406, train_loss-0.0727, train_rmse-0.2696, valid_rmse-1.3095, valid_pr-0.7192
epoch-407, train_loss-0.0665, train_rmse-0.2578, valid_rmse-1.3231, valid_pr-0.7130
epoch-408, train_loss-0.0648, train_rmse-0.2545, valid_rmse-1.3102, valid_pr-0.7188
epoch-409, train_loss-0.0613, train_rmse-0.2476, valid_rmse-1.3146, valid_pr-0.7157
epoch-410, train_loss-0.0606, train_rmse-0.2463, valid_rmse-1.3142, valid_pr-0.7156
epoch-411, train_loss-0.0618, train_rmse-0.2486, valid_rmse-1.3160, valid_pr-0.7160
epoch-412, train_loss-0.0584, train_rmse-0.2418, valid_rmse-1.3129, valid_pr-0.7168
epoch-413, train_loss-0.0651, train_rmse-0.2551, valid_rmse-1.3086, valid_pr-0.7177
epoch-414, train_loss-0.0626, train_rmse-0.2501, valid_rmse-1.3247, valid_pr-0.7113
epoch-415, train_loss-0.0601, train_rmse-0.2452, valid_rmse-1.3144, valid_pr-0.7176
epoch-416, train_loss-0.0584, train_rmse-0.2416, valid_rmse-1.3196, valid_pr-0.7148
epoch-417, train_loss-0.0594, train_rmse-0.2438, valid_rmse-1.3113, valid_pr-0.7172
epoch-418, train_loss-0.0672, train_rmse-0.2593, valid_rmse-1.3157, valid_pr-0.7149
epoch-419, train_loss-0.0630, train_rmse-0.2509, valid_rmse-1.3075, valid_pr-0.7177
epoch-420, train_loss-0.0644, train_rmse-0.2538, valid_rmse-1.3086, valid_pr-0.7183
epoch-421, train_loss-0.0597, train_rmse-0.2444, valid_rmse-1.3100, valid_pr-0.7173
epoch-422, train_loss-0.0616, train_rmse-0.2482, valid_rmse-1.3203, valid_pr-0.7182
epoch-423, train_loss-0.0657, train_rmse-0.2562, valid_rmse-1.3140, valid_pr-0.7170
epoch-424, train_loss-0.0570, train_rmse-0.2387, valid_rmse-1.3138, valid_pr-0.7156
epoch-425, train_loss-0.0601, train_rmse-0.2451, valid_rmse-1.3078, valid_pr-0.7170
epoch-426, train_loss-0.0585, train_rmse-0.2419, valid_rmse-1.3236, valid_pr-0.7129
epoch-427, train_loss-0.0589, train_rmse-0.2426, valid_rmse-1.3075, valid_pr-0.7190
epoch-428, train_loss-0.0617, train_rmse-0.2483, valid_rmse-1.3289, valid_pr-0.7093
epoch-429, train_loss-0.0637, train_rmse-0.2525, valid_rmse-1.3126, valid_pr-0.7162
epoch-430, train_loss-0.0573, train_rmse-0.2394, valid_rmse-1.3116, valid_pr-0.7196
epoch-431, train_loss-0.0567, train_rmse-0.2382, valid_rmse-1.3279, valid_pr-0.7114
epoch-432, train_loss-0.0610, train_rmse-0.2471, valid_rmse-1.3144, valid_pr-0.7190
epoch-433, train_loss-0.0599, train_rmse-0.2448, valid_rmse-1.3077, valid_pr-0.7183
epoch-434, train_loss-0.0683, train_rmse-0.2613, valid_rmse-1.3063, valid_pr-0.7202
epoch-435, train_loss-0.0645, train_rmse-0.2540, valid_rmse-1.3053, valid_pr-0.7207
epoch-436, train_loss-0.0619, train_rmse-0.2488, valid_rmse-1.3024, valid_pr-0.7211
epoch-437, train_loss-0.0588, train_rmse-0.2426, valid_rmse-1.3062, valid_pr-0.7198
epoch-438, train_loss-0.0566, train_rmse-0.2379, valid_rmse-1.3056, valid_pr-0.7211
epoch-439, train_loss-0.0589, train_rmse-0.2427, valid_rmse-1.3118, valid_pr-0.7153
epoch-440, train_loss-0.0528, train_rmse-0.2297, valid_rmse-1.3208, valid_pr-0.7140
epoch-441, train_loss-0.0603, train_rmse-0.2456, valid_rmse-1.3289, valid_pr-0.7044
epoch-442, train_loss-0.1129, train_rmse-0.3360, valid_rmse-1.3048, valid_pr-0.7194
epoch-443, train_loss-0.0716, train_rmse-0.2677, valid_rmse-1.3299, valid_pr-0.7099
epoch-444, train_loss-0.0658, train_rmse-0.2566, valid_rmse-1.3240, valid_pr-0.7143
epoch-445, train_loss-0.0567, train_rmse-0.2382, valid_rmse-1.3191, valid_pr-0.7165
epoch-446, train_loss-0.0703, train_rmse-0.2652, valid_rmse-1.3119, valid_pr-0.7186
epoch-447, train_loss-0.0666, train_rmse-0.2582, valid_rmse-1.3283, valid_pr-0.7135
epoch-448, train_loss-0.0659, train_rmse-0.2566, valid_rmse-1.3203, valid_pr-0.7158
epoch-449, train_loss-0.0570, train_rmse-0.2388, valid_rmse-1.3105, valid_pr-0.7173
epoch-450, train_loss-0.0583, train_rmse-0.2414, valid_rmse-1.3131, valid_pr-0.7165
epoch-451, train_loss-0.0560, train_rmse-0.2367, valid_rmse-1.3207, valid_pr-0.7161
epoch-452, train_loss-0.0554, train_rmse-0.2354, valid_rmse-1.3148, valid_pr-0.7180
epoch-453, train_loss-0.0553, train_rmse-0.2351, valid_rmse-1.3045, valid_pr-0.7212
epoch-454, train_loss-0.0586, train_rmse-0.2421, valid_rmse-1.3056, valid_pr-0.7201
early stop in epoch 454
best_rmse: 1.2984
valid_rmse-1.2984, valid_pr-0.7207, test2013_rmse-1.4006, test2013_pr-0.8068, test2016_rmse-1.3862, test2016_pr-0.7725, test2019_rmse-1.5050, test2019_pr-0.5785
