ASD, lr=0.001, seed=519
train_ASD.py
train data: 11904
valid data: 1000
test2013 data: 107
test2016 data: 285
test2019 data: 4366
GIGN params # : 42602001
epoch-0, train_loss-7.9594, train_rmse-2.8212, valid_rmse-1.8333, valid_pr-0.4830
Validation : valid_rmse-1.8333, valid_pr-0.4830, 
test2013_rmse-2.0172, test2013_pr-0.5841, test2016_rmse-1.9878, test2016_pr-0.5856, test2019_rmse-1.7399, test2019_pr-0.5296
epoch-1, train_loss-3.4672, train_rmse-1.8620, valid_rmse-3.6804, valid_pr-0.5350
epoch-2, train_loss-3.6130, train_rmse-1.9008, valid_rmse-1.9026, valid_pr-0.4440
epoch-3, train_loss-3.2729, train_rmse-1.8091, valid_rmse-3.2106, valid_pr-0.4440
epoch-4, train_loss-3.0414, train_rmse-1.7440, valid_rmse-3.7449, valid_pr-0.3705
epoch-5, train_loss-2.8427, train_rmse-1.6860, valid_rmse-2.2789, valid_pr-0.4613
epoch-6, train_loss-3.0165, train_rmse-1.7368, valid_rmse-2.2468, valid_pr-0.5431
epoch-7, train_loss-2.6667, train_rmse-1.6330, valid_rmse-2.2536, valid_pr-0.5655
epoch-8, train_loss-2.5647, train_rmse-1.6015, valid_rmse-3.5147, valid_pr-0.3295
epoch-9, train_loss-2.5846, train_rmse-1.6077, valid_rmse-2.8725, valid_pr-0.5303
epoch-10, train_loss-2.6813, train_rmse-1.6375, valid_rmse-1.8094, valid_pr-0.5839
Validation : valid_rmse-1.8094, valid_pr-0.5839, 
test2013_rmse-1.9993, test2013_pr-0.6830, test2016_rmse-1.8607, test2016_pr-0.6840, test2019_rmse-1.8568, test2019_pr-0.5818
epoch-11, train_loss-2.4158, train_rmse-1.5543, valid_rmse-1.5549, valid_pr-0.5901
Validation : valid_rmse-1.5549, valid_pr-0.5901, 
test2013_rmse-1.6784, test2013_pr-0.7608, test2016_rmse-1.6650, test2016_pr-0.7309, test2019_rmse-1.4716, test2019_pr-0.6062
epoch-12, train_loss-2.5073, train_rmse-1.5835, valid_rmse-1.7490, valid_pr-0.5727
epoch-13, train_loss-2.3755, train_rmse-1.5413, valid_rmse-1.9368, valid_pr-0.2326
epoch-14, train_loss-2.3700, train_rmse-1.5395, valid_rmse-1.7403, valid_pr-0.5776
epoch-15, train_loss-2.2877, train_rmse-1.5125, valid_rmse-1.5582, valid_pr-0.5833
epoch-16, train_loss-2.2597, train_rmse-1.5032, valid_rmse-1.5466, valid_pr-0.5878
Validation : valid_rmse-1.5466, valid_pr-0.5878, 
test2013_rmse-1.8009, test2013_pr-0.7404, test2016_rmse-1.7347, test2016_pr-0.6987, test2019_rmse-1.4809, test2019_pr-0.5935
epoch-17, train_loss-2.2832, train_rmse-1.5110, valid_rmse-1.5993, valid_pr-0.6012
epoch-18, train_loss-2.2190, train_rmse-1.4896, valid_rmse-1.9011, valid_pr-0.5975
epoch-19, train_loss-2.1981, train_rmse-1.4826, valid_rmse-1.4586, valid_pr-0.6311
Validation : valid_rmse-1.4586, valid_pr-0.6311, 
test2013_rmse-1.7616, test2013_pr-0.7211, test2016_rmse-1.6233, test2016_pr-0.7198, test2019_rmse-1.4313, test2019_pr-0.5994
epoch-20, train_loss-2.2920, train_rmse-1.5139, valid_rmse-2.7764, valid_pr-0.5246
epoch-21, train_loss-2.1578, train_rmse-1.4689, valid_rmse-1.5272, valid_pr-0.6060
epoch-22, train_loss-2.1684, train_rmse-1.4725, valid_rmse-1.7843, valid_pr-0.6184
epoch-23, train_loss-2.2178, train_rmse-1.4892, valid_rmse-1.6527, valid_pr-0.5605
epoch-24, train_loss-2.2367, train_rmse-1.4956, valid_rmse-1.6788, valid_pr-0.4712
epoch-25, train_loss-2.2243, train_rmse-1.4914, valid_rmse-2.0797, valid_pr-0.4105
epoch-26, train_loss-2.1396, train_rmse-1.4628, valid_rmse-1.7126, valid_pr-0.6093
epoch-27, train_loss-2.1513, train_rmse-1.4667, valid_rmse-1.6124, valid_pr-0.5876
epoch-28, train_loss-2.1291, train_rmse-1.4591, valid_rmse-2.0601, valid_pr-0.5767
epoch-29, train_loss-2.1780, train_rmse-1.4758, valid_rmse-1.5574, valid_pr-0.5653
epoch-30, train_loss-2.1133, train_rmse-1.4537, valid_rmse-1.9374, valid_pr-0.4614
epoch-31, train_loss-2.1749, train_rmse-1.4748, valid_rmse-1.4796, valid_pr-0.6254
epoch-32, train_loss-2.0771, train_rmse-1.4412, valid_rmse-1.5562, valid_pr-0.6238
epoch-33, train_loss-2.1097, train_rmse-1.4525, valid_rmse-1.5418, valid_pr-0.6346
epoch-34, train_loss-2.0845, train_rmse-1.4438, valid_rmse-1.5253, valid_pr-0.5693
epoch-35, train_loss-2.1319, train_rmse-1.4601, valid_rmse-1.4903, valid_pr-0.6328
epoch-36, train_loss-2.0861, train_rmse-1.4443, valid_rmse-1.5934, valid_pr-0.5757
epoch-37, train_loss-2.1133, train_rmse-1.4537, valid_rmse-1.5668, valid_pr-0.6259
epoch-38, train_loss-2.0978, train_rmse-1.4484, valid_rmse-1.6918, valid_pr-0.6080
epoch-39, train_loss-2.0822, train_rmse-1.4430, valid_rmse-1.5528, valid_pr-0.5913
epoch-40, train_loss-2.0319, train_rmse-1.4254, valid_rmse-1.6077, valid_pr-0.5315
epoch-41, train_loss-2.0601, train_rmse-1.4353, valid_rmse-1.4115, valid_pr-0.6446
Validation : valid_rmse-1.4115, valid_pr-0.6446, 
test2013_rmse-1.6926, test2013_pr-0.7156, test2016_rmse-1.5589, test2016_pr-0.7156, test2019_rmse-1.4344, test2019_pr-0.6079
epoch-42, train_loss-2.1297, train_rmse-1.4594, valid_rmse-1.7627, valid_pr-0.6179
epoch-43, train_loss-2.1457, train_rmse-1.4648, valid_rmse-1.4926, valid_pr-0.6224
epoch-44, train_loss-2.1007, train_rmse-1.4494, valid_rmse-3.0604, valid_pr-0.6324
epoch-45, train_loss-2.0262, train_rmse-1.4235, valid_rmse-1.6361, valid_pr-0.6018
epoch-46, train_loss-2.0157, train_rmse-1.4197, valid_rmse-1.4636, valid_pr-0.6275
epoch-47, train_loss-2.0682, train_rmse-1.4381, valid_rmse-2.6617, valid_pr-0.6158
epoch-48, train_loss-2.0411, train_rmse-1.4287, valid_rmse-1.5271, valid_pr-0.6154
epoch-49, train_loss-1.9894, train_rmse-1.4105, valid_rmse-2.5377, valid_pr-0.6480
epoch-50, train_loss-2.0033, train_rmse-1.4154, valid_rmse-1.6671, valid_pr-0.6234
epoch-51, train_loss-1.9994, train_rmse-1.4140, valid_rmse-1.4385, valid_pr-0.6476
epoch-52, train_loss-1.9811, train_rmse-1.4075, valid_rmse-2.5600, valid_pr-0.6266
epoch-53, train_loss-2.0482, train_rmse-1.4312, valid_rmse-2.9211, valid_pr-0.5423
epoch-54, train_loss-1.9941, train_rmse-1.4121, valid_rmse-1.5016, valid_pr-0.6325
epoch-55, train_loss-2.0393, train_rmse-1.4281, valid_rmse-1.5525, valid_pr-0.6403
epoch-56, train_loss-2.0409, train_rmse-1.4286, valid_rmse-1.5656, valid_pr-0.6038
epoch-57, train_loss-1.9809, train_rmse-1.4074, valid_rmse-1.7422, valid_pr-0.4324
epoch-58, train_loss-1.9870, train_rmse-1.4096, valid_rmse-1.4046, valid_pr-0.6569
Validation : valid_rmse-1.4046, valid_pr-0.6569, 
test2013_rmse-1.5333, test2013_pr-0.7669, test2016_rmse-1.4293, test2016_pr-0.7599, test2019_rmse-1.4063, test2019_pr-0.6437
epoch-59, train_loss-1.9165, train_rmse-1.3844, valid_rmse-1.5728, valid_pr-0.6204
epoch-60, train_loss-2.0025, train_rmse-1.4151, valid_rmse-1.4093, valid_pr-0.6546
epoch-61, train_loss-1.9823, train_rmse-1.4079, valid_rmse-1.5523, valid_pr-0.5805
epoch-62, train_loss-1.9591, train_rmse-1.3997, valid_rmse-1.4510, valid_pr-0.6275
epoch-63, train_loss-1.9212, train_rmse-1.3861, valid_rmse-1.5738, valid_pr-0.6559
epoch-64, train_loss-1.9233, train_rmse-1.3868, valid_rmse-1.4248, valid_pr-0.6641
epoch-65, train_loss-1.9673, train_rmse-1.4026, valid_rmse-1.3988, valid_pr-0.6628
Validation : valid_rmse-1.3988, valid_pr-0.6628, 
test2013_rmse-1.6870, test2013_pr-0.7180, test2016_rmse-1.5774, test2016_pr-0.7141, test2019_rmse-1.4811, test2019_pr-0.5862
epoch-66, train_loss-1.9820, train_rmse-1.4079, valid_rmse-1.6471, valid_pr-0.6227
epoch-67, train_loss-1.9004, train_rmse-1.3785, valid_rmse-1.8118, valid_pr-0.6444
epoch-68, train_loss-1.8700, train_rmse-1.3675, valid_rmse-1.5491, valid_pr-0.6290
epoch-69, train_loss-1.9092, train_rmse-1.3817, valid_rmse-1.5255, valid_pr-0.5764
epoch-70, train_loss-1.8861, train_rmse-1.3734, valid_rmse-1.7383, valid_pr-0.6681
epoch-71, train_loss-1.8888, train_rmse-1.3743, valid_rmse-1.9590, valid_pr-0.6327
epoch-72, train_loss-1.8777, train_rmse-1.3703, valid_rmse-1.7708, valid_pr-0.6432
epoch-73, train_loss-1.8817, train_rmse-1.3718, valid_rmse-1.4380, valid_pr-0.6428
epoch-74, train_loss-1.9337, train_rmse-1.3906, valid_rmse-1.4001, valid_pr-0.6585
epoch-75, train_loss-1.8501, train_rmse-1.3602, valid_rmse-1.6892, valid_pr-0.6414
epoch-76, train_loss-1.8745, train_rmse-1.3691, valid_rmse-1.5508, valid_pr-0.6616
epoch-77, train_loss-1.8647, train_rmse-1.3655, valid_rmse-1.6053, valid_pr-0.6549
epoch-78, train_loss-1.9193, train_rmse-1.3854, valid_rmse-1.3853, valid_pr-0.6654
Validation : valid_rmse-1.3853, valid_pr-0.6654, 
test2013_rmse-1.6160, test2013_pr-0.7702, test2016_rmse-1.5274, test2016_pr-0.7488, test2019_rmse-1.4325, test2019_pr-0.5979
epoch-79, train_loss-1.8217, train_rmse-1.3497, valid_rmse-1.5283, valid_pr-0.6422
epoch-80, train_loss-1.8490, train_rmse-1.3598, valid_rmse-1.5417, valid_pr-0.6611
epoch-81, train_loss-1.8132, train_rmse-1.3465, valid_rmse-1.5280, valid_pr-0.6499
epoch-82, train_loss-1.8057, train_rmse-1.3438, valid_rmse-1.4647, valid_pr-0.6720
epoch-83, train_loss-1.8178, train_rmse-1.3483, valid_rmse-1.3864, valid_pr-0.6709
epoch-84, train_loss-1.8600, train_rmse-1.3638, valid_rmse-1.5213, valid_pr-0.6472
epoch-85, train_loss-1.7597, train_rmse-1.3265, valid_rmse-1.7255, valid_pr-0.6688
epoch-86, train_loss-1.7694, train_rmse-1.3302, valid_rmse-1.7838, valid_pr-0.6556
epoch-87, train_loss-1.7549, train_rmse-1.3247, valid_rmse-1.3657, valid_pr-0.6802
Validation : valid_rmse-1.3657, valid_pr-0.6802, 
test2013_rmse-1.4789, test2013_pr-0.8066, test2016_rmse-1.4469, test2016_pr-0.7749, test2019_rmse-1.3909, test2019_pr-0.6386
epoch-88, train_loss-1.7158, train_rmse-1.3099, valid_rmse-1.7350, valid_pr-0.6248
epoch-89, train_loss-1.6988, train_rmse-1.3034, valid_rmse-1.4734, valid_pr-0.6250
epoch-90, train_loss-1.7358, train_rmse-1.3175, valid_rmse-1.4074, valid_pr-0.6485
epoch-91, train_loss-1.7003, train_rmse-1.3040, valid_rmse-1.4517, valid_pr-0.6825
epoch-92, train_loss-1.7365, train_rmse-1.3178, valid_rmse-1.3674, valid_pr-0.6971
epoch-93, train_loss-1.6939, train_rmse-1.3015, valid_rmse-1.4618, valid_pr-0.6850
epoch-94, train_loss-1.7465, train_rmse-1.3216, valid_rmse-1.5343, valid_pr-0.6743
epoch-95, train_loss-1.7220, train_rmse-1.3123, valid_rmse-1.4309, valid_pr-0.6849
epoch-96, train_loss-1.6819, train_rmse-1.2969, valid_rmse-1.7271, valid_pr-0.6821
epoch-97, train_loss-1.7180, train_rmse-1.3107, valid_rmse-1.4393, valid_pr-0.6660
epoch-98, train_loss-1.6447, train_rmse-1.2825, valid_rmse-1.3582, valid_pr-0.6877
Validation : valid_rmse-1.3582, valid_pr-0.6877, 
test2013_rmse-1.5721, test2013_pr-0.7470, test2016_rmse-1.4103, test2016_pr-0.7648, test2019_rmse-1.4978, test2019_pr-0.6067
epoch-99, train_loss-1.6438, train_rmse-1.2821, valid_rmse-1.3666, valid_pr-0.6990
epoch-100, train_loss-1.6450, train_rmse-1.2826, valid_rmse-1.5030, valid_pr-0.6800
epoch-101, train_loss-1.6164, train_rmse-1.2714, valid_rmse-1.7688, valid_pr-0.6241
epoch-102, train_loss-1.6055, train_rmse-1.2671, valid_rmse-1.3716, valid_pr-0.6706
epoch-103, train_loss-1.5952, train_rmse-1.2630, valid_rmse-1.4571, valid_pr-0.6617
epoch-104, train_loss-1.6329, train_rmse-1.2778, valid_rmse-1.5333, valid_pr-0.6912
epoch-105, train_loss-1.5907, train_rmse-1.2612, valid_rmse-1.4997, valid_pr-0.6527
epoch-106, train_loss-1.5863, train_rmse-1.2595, valid_rmse-1.4391, valid_pr-0.6487
epoch-107, train_loss-1.6181, train_rmse-1.2721, valid_rmse-1.6479, valid_pr-0.6804
epoch-108, train_loss-1.5924, train_rmse-1.2619, valid_rmse-1.4443, valid_pr-0.6901
epoch-109, train_loss-1.5680, train_rmse-1.2522, valid_rmse-1.4771, valid_pr-0.6487
epoch-110, train_loss-1.5322, train_rmse-1.2378, valid_rmse-1.4497, valid_pr-0.6640
epoch-111, train_loss-1.5199, train_rmse-1.2328, valid_rmse-1.5966, valid_pr-0.6735
epoch-112, train_loss-1.5637, train_rmse-1.2505, valid_rmse-1.4353, valid_pr-0.6377
epoch-113, train_loss-1.5077, train_rmse-1.2279, valid_rmse-1.3353, valid_pr-0.6920
Validation : valid_rmse-1.3353, valid_pr-0.6920, 
test2013_rmse-1.5372, test2013_pr-0.7689, test2016_rmse-1.4234, test2016_pr-0.7645, test2019_rmse-1.4238, test2019_pr-0.6200
epoch-114, train_loss-1.4717, train_rmse-1.2131, valid_rmse-1.3915, valid_pr-0.6714
epoch-115, train_loss-1.5409, train_rmse-1.2414, valid_rmse-1.3737, valid_pr-0.7102
epoch-116, train_loss-1.5023, train_rmse-1.2257, valid_rmse-1.4442, valid_pr-0.6867
epoch-117, train_loss-1.4892, train_rmse-1.2203, valid_rmse-1.4372, valid_pr-0.6908
epoch-118, train_loss-1.4647, train_rmse-1.2102, valid_rmse-1.5194, valid_pr-0.5807
epoch-119, train_loss-1.4725, train_rmse-1.2135, valid_rmse-1.4469, valid_pr-0.6255
epoch-120, train_loss-1.4902, train_rmse-1.2208, valid_rmse-1.4344, valid_pr-0.6803
epoch-121, train_loss-1.4447, train_rmse-1.2019, valid_rmse-1.4804, valid_pr-0.7090
epoch-122, train_loss-1.4323, train_rmse-1.1968, valid_rmse-1.4510, valid_pr-0.6976
epoch-123, train_loss-1.4358, train_rmse-1.1982, valid_rmse-1.4143, valid_pr-0.7002
epoch-124, train_loss-1.4020, train_rmse-1.1840, valid_rmse-1.4515, valid_pr-0.6208
epoch-125, train_loss-1.4312, train_rmse-1.1963, valid_rmse-1.4393, valid_pr-0.7036
epoch-126, train_loss-1.3813, train_rmse-1.1753, valid_rmse-1.3607, valid_pr-0.7051
epoch-127, train_loss-1.4058, train_rmse-1.1856, valid_rmse-1.3768, valid_pr-0.7037
epoch-128, train_loss-1.3797, train_rmse-1.1746, valid_rmse-1.3292, valid_pr-0.7035
Validation : valid_rmse-1.3292, valid_pr-0.7035, 
test2013_rmse-1.4328, test2013_pr-0.7926, test2016_rmse-1.3868, test2016_pr-0.7748, test2019_rmse-1.4892, test2019_pr-0.6036
epoch-129, train_loss-1.3309, train_rmse-1.1536, valid_rmse-1.4856, valid_pr-0.6838
epoch-130, train_loss-1.3511, train_rmse-1.1624, valid_rmse-1.4068, valid_pr-0.6878
epoch-131, train_loss-1.3275, train_rmse-1.1522, valid_rmse-1.4097, valid_pr-0.6534
epoch-132, train_loss-1.3207, train_rmse-1.1492, valid_rmse-1.3549, valid_pr-0.6929
epoch-133, train_loss-1.2963, train_rmse-1.1386, valid_rmse-1.5375, valid_pr-0.6539
epoch-134, train_loss-1.3327, train_rmse-1.1544, valid_rmse-1.3593, valid_pr-0.6939
epoch-135, train_loss-1.2911, train_rmse-1.1363, valid_rmse-1.5335, valid_pr-0.6685
epoch-136, train_loss-1.2587, train_rmse-1.1219, valid_rmse-1.4119, valid_pr-0.6787
epoch-137, train_loss-1.2536, train_rmse-1.1196, valid_rmse-1.3572, valid_pr-0.6878
epoch-138, train_loss-1.2850, train_rmse-1.1336, valid_rmse-1.5326, valid_pr-0.6967
epoch-139, train_loss-1.2649, train_rmse-1.1247, valid_rmse-1.3614, valid_pr-0.6848
epoch-140, train_loss-1.2683, train_rmse-1.1262, valid_rmse-1.4350, valid_pr-0.6476
epoch-141, train_loss-1.2399, train_rmse-1.1135, valid_rmse-1.4216, valid_pr-0.6384
epoch-142, train_loss-1.2400, train_rmse-1.1136, valid_rmse-1.4128, valid_pr-0.6512
epoch-143, train_loss-1.2637, train_rmse-1.1241, valid_rmse-1.5891, valid_pr-0.6554
epoch-144, train_loss-1.2460, train_rmse-1.1163, valid_rmse-1.4590, valid_pr-0.6809
epoch-145, train_loss-1.1883, train_rmse-1.0901, valid_rmse-1.4344, valid_pr-0.6748
epoch-146, train_loss-1.2136, train_rmse-1.1016, valid_rmse-1.4340, valid_pr-0.6700
epoch-147, train_loss-1.1959, train_rmse-1.0936, valid_rmse-1.4081, valid_pr-0.6925
epoch-148, train_loss-1.2376, train_rmse-1.1125, valid_rmse-1.4207, valid_pr-0.6755
epoch-149, train_loss-1.1874, train_rmse-1.0897, valid_rmse-1.3862, valid_pr-0.6633
epoch-150, train_loss-1.1693, train_rmse-1.0813, valid_rmse-1.3360, valid_pr-0.7126
epoch-151, train_loss-1.1457, train_rmse-1.0704, valid_rmse-1.3366, valid_pr-0.7001
epoch-152, train_loss-1.1460, train_rmse-1.0705, valid_rmse-1.4236, valid_pr-0.6539
epoch-153, train_loss-1.1383, train_rmse-1.0669, valid_rmse-1.5567, valid_pr-0.6456
epoch-154, train_loss-1.1240, train_rmse-1.0602, valid_rmse-1.3482, valid_pr-0.6890
epoch-155, train_loss-1.1132, train_rmse-1.0551, valid_rmse-1.4006, valid_pr-0.6855
epoch-156, train_loss-1.1437, train_rmse-1.0695, valid_rmse-1.6886, valid_pr-0.6877
epoch-157, train_loss-1.1414, train_rmse-1.0684, valid_rmse-1.4080, valid_pr-0.6644
epoch-158, train_loss-1.1380, train_rmse-1.0668, valid_rmse-1.4113, valid_pr-0.6904
epoch-159, train_loss-1.0883, train_rmse-1.0432, valid_rmse-1.3626, valid_pr-0.6820
epoch-160, train_loss-1.0672, train_rmse-1.0331, valid_rmse-1.4869, valid_pr-0.6971
epoch-161, train_loss-1.0618, train_rmse-1.0304, valid_rmse-1.3486, valid_pr-0.6921
epoch-162, train_loss-1.0568, train_rmse-1.0280, valid_rmse-1.5092, valid_pr-0.6810
epoch-163, train_loss-1.0608, train_rmse-1.0300, valid_rmse-1.4278, valid_pr-0.6991
epoch-164, train_loss-1.0557, train_rmse-1.0275, valid_rmse-1.4117, valid_pr-0.6876
epoch-165, train_loss-1.0420, train_rmse-1.0208, valid_rmse-1.3822, valid_pr-0.6977
epoch-166, train_loss-1.0469, train_rmse-1.0232, valid_rmse-1.4434, valid_pr-0.6883
epoch-167, train_loss-1.0335, train_rmse-1.0166, valid_rmse-1.4054, valid_pr-0.6618
epoch-168, train_loss-1.0189, train_rmse-1.0094, valid_rmse-1.3839, valid_pr-0.6884
epoch-169, train_loss-1.0203, train_rmse-1.0101, valid_rmse-1.3927, valid_pr-0.6655
epoch-170, train_loss-1.0035, train_rmse-1.0018, valid_rmse-1.4137, valid_pr-0.6570
epoch-171, train_loss-1.0238, train_rmse-1.0119, valid_rmse-1.3628, valid_pr-0.6932
epoch-172, train_loss-0.9976, train_rmse-0.9988, valid_rmse-1.5126, valid_pr-0.6576
epoch-173, train_loss-1.0290, train_rmse-1.0144, valid_rmse-1.4593, valid_pr-0.6812
epoch-174, train_loss-1.0059, train_rmse-1.0029, valid_rmse-1.4122, valid_pr-0.6617
epoch-175, train_loss-0.9694, train_rmse-0.9846, valid_rmse-1.3597, valid_pr-0.7048
epoch-176, train_loss-0.9478, train_rmse-0.9736, valid_rmse-1.4392, valid_pr-0.6755
epoch-177, train_loss-0.9681, train_rmse-0.9839, valid_rmse-1.4406, valid_pr-0.6962
epoch-178, train_loss-0.9460, train_rmse-0.9726, valid_rmse-1.4313, valid_pr-0.6637
epoch-179, train_loss-0.9593, train_rmse-0.9794, valid_rmse-1.3710, valid_pr-0.6973
epoch-180, train_loss-0.8115, train_rmse-0.9008, valid_rmse-1.3981, valid_pr-0.7016
epoch-181, train_loss-0.8036, train_rmse-0.8964, valid_rmse-1.4420, valid_pr-0.6845
epoch-182, train_loss-0.7920, train_rmse-0.8899, valid_rmse-1.4028, valid_pr-0.6798
epoch-183, train_loss-0.8152, train_rmse-0.9029, valid_rmse-1.4111, valid_pr-0.6595
epoch-184, train_loss-0.7905, train_rmse-0.8891, valid_rmse-1.4123, valid_pr-0.6855
epoch-185, train_loss-0.7676, train_rmse-0.8761, valid_rmse-1.3819, valid_pr-0.6886
epoch-186, train_loss-0.7907, train_rmse-0.8892, valid_rmse-1.3931, valid_pr-0.6867
epoch-187, train_loss-0.7875, train_rmse-0.8874, valid_rmse-1.4199, valid_pr-0.6656
epoch-188, train_loss-0.7689, train_rmse-0.8769, valid_rmse-1.3867, valid_pr-0.6932
epoch-189, train_loss-0.7751, train_rmse-0.8804, valid_rmse-1.4904, valid_pr-0.6645
epoch-190, train_loss-0.7735, train_rmse-0.8795, valid_rmse-1.4391, valid_pr-0.6723
epoch-191, train_loss-0.7540, train_rmse-0.8683, valid_rmse-1.4435, valid_pr-0.6734
epoch-192, train_loss-0.7695, train_rmse-0.8772, valid_rmse-1.4269, valid_pr-0.6859
epoch-193, train_loss-0.7507, train_rmse-0.8664, valid_rmse-1.4061, valid_pr-0.6683
epoch-194, train_loss-0.7552, train_rmse-0.8690, valid_rmse-1.4171, valid_pr-0.6650
epoch-195, train_loss-0.7551, train_rmse-0.8690, valid_rmse-1.4017, valid_pr-0.6852
epoch-196, train_loss-0.7551, train_rmse-0.8690, valid_rmse-1.4627, valid_pr-0.6878
epoch-197, train_loss-0.7722, train_rmse-0.8787, valid_rmse-1.4088, valid_pr-0.6679
epoch-198, train_loss-0.7473, train_rmse-0.8645, valid_rmse-1.4526, valid_pr-0.6510
epoch-199, train_loss-0.7397, train_rmse-0.8601, valid_rmse-1.3881, valid_pr-0.6921
epoch-200, train_loss-0.7301, train_rmse-0.8545, valid_rmse-1.3938, valid_pr-0.6789
epoch-201, train_loss-0.7287, train_rmse-0.8536, valid_rmse-1.4574, valid_pr-0.6757
epoch-202, train_loss-0.7357, train_rmse-0.8577, valid_rmse-1.3999, valid_pr-0.6757
epoch-203, train_loss-0.7208, train_rmse-0.8490, valid_rmse-1.4222, valid_pr-0.6837
epoch-204, train_loss-0.7242, train_rmse-0.8510, valid_rmse-1.4161, valid_pr-0.6931
epoch-205, train_loss-0.7236, train_rmse-0.8507, valid_rmse-1.4926, valid_pr-0.6833
epoch-206, train_loss-0.7242, train_rmse-0.8510, valid_rmse-1.4226, valid_pr-0.6810
epoch-207, train_loss-0.7106, train_rmse-0.8430, valid_rmse-1.4247, valid_pr-0.6677
epoch-208, train_loss-0.6957, train_rmse-0.8341, valid_rmse-1.4403, valid_pr-0.6737
epoch-209, train_loss-0.7250, train_rmse-0.8515, valid_rmse-1.4425, valid_pr-0.6539
epoch-210, train_loss-0.6971, train_rmse-0.8349, valid_rmse-1.4215, valid_pr-0.6848
epoch-211, train_loss-0.6961, train_rmse-0.8343, valid_rmse-1.4236, valid_pr-0.6658
epoch-212, train_loss-0.6884, train_rmse-0.8297, valid_rmse-1.4399, valid_pr-0.6499
epoch-213, train_loss-0.6973, train_rmse-0.8350, valid_rmse-1.5005, valid_pr-0.6766
epoch-214, train_loss-0.6913, train_rmse-0.8314, valid_rmse-1.4118, valid_pr-0.6710
epoch-215, train_loss-0.6746, train_rmse-0.8213, valid_rmse-1.4098, valid_pr-0.6832
epoch-216, train_loss-0.6662, train_rmse-0.8162, valid_rmse-1.4436, valid_pr-0.6745
epoch-217, train_loss-0.6830, train_rmse-0.8264, valid_rmse-1.4932, valid_pr-0.6399
epoch-218, train_loss-0.6934, train_rmse-0.8327, valid_rmse-1.4072, valid_pr-0.6726
epoch-219, train_loss-0.6668, train_rmse-0.8166, valid_rmse-1.4303, valid_pr-0.6655
epoch-220, train_loss-0.6693, train_rmse-0.8181, valid_rmse-1.4546, valid_pr-0.6575
epoch-221, train_loss-0.6511, train_rmse-0.8069, valid_rmse-1.4052, valid_pr-0.6812
epoch-222, train_loss-0.6684, train_rmse-0.8175, valid_rmse-1.4173, valid_pr-0.6802
epoch-223, train_loss-0.6644, train_rmse-0.8151, valid_rmse-1.4559, valid_pr-0.6728
epoch-224, train_loss-0.6588, train_rmse-0.8116, valid_rmse-1.4978, valid_pr-0.6679
epoch-225, train_loss-0.6600, train_rmse-0.8124, valid_rmse-1.5256, valid_pr-0.6765
epoch-226, train_loss-0.6518, train_rmse-0.8074, valid_rmse-1.4237, valid_pr-0.6731
epoch-227, train_loss-0.6518, train_rmse-0.8074, valid_rmse-1.4136, valid_pr-0.6689
epoch-228, train_loss-0.6351, train_rmse-0.7970, valid_rmse-1.4191, valid_pr-0.6654
epoch-229, train_loss-0.6341, train_rmse-0.7963, valid_rmse-1.4316, valid_pr-0.6967
early stop in epoch 229
best_rmse: 1.3292
valid_rmse-1.3292, valid_pr-0.7035, test2013_rmse-1.4328, test2013_pr-0.7926, test2016_rmse-1.3868, test2016_pr-0.7748, test2019_rmse-1.4892, test2019_pr-0.6036
