ours-lrs-0.001-abl-g-c, lr=0.001, seed=800
train_GIGN.py
train data: 11904
valid data: 1000
test2013 data: 107
test2016 data: 285
test2019 data: 4366
GIGN params # : 1018369
epoch-0, train_loss-17.6255, train_rmse-4.1983, valid_rmse-2.2800, valid_pr-0.4038
Validation : valid_rmse-2.2800, valid_pr-0.4038, 
test2013_rmse-2.0836, test2013_pr-0.6018, test2016_rmse-1.9674, test2016_pr-0.5771, test2019_rmse-2.2561, test2019_pr-0.4243
epoch-1, train_loss-3.9889, train_rmse-1.9972, valid_rmse-2.0185, valid_pr-0.4861
Validation : valid_rmse-2.0185, valid_pr-0.4861, 
test2013_rmse-1.9774, test2013_pr-0.6731, test2016_rmse-1.8624, test2016_pr-0.6530, test2019_rmse-1.9995, test2019_pr-0.4851
epoch-2, train_loss-2.9785, train_rmse-1.7258, valid_rmse-2.6947, valid_pr-0.5126
epoch-3, train_loss-2.5224, train_rmse-1.5882, valid_rmse-1.7168, valid_pr-0.5147
Validation : valid_rmse-1.7168, valid_pr-0.5147, 
test2013_rmse-1.7399, test2013_pr-0.6632, test2016_rmse-1.6118, test2016_pr-0.6715, test2019_rmse-1.7071, test2019_pr-0.5042
epoch-4, train_loss-2.4962, train_rmse-1.5799, valid_rmse-2.1171, valid_pr-0.5963
epoch-5, train_loss-2.2117, train_rmse-1.4872, valid_rmse-1.5806, valid_pr-0.6015
Validation : valid_rmse-1.5806, valid_pr-0.6015, 
test2013_rmse-1.7445, test2013_pr-0.6761, test2016_rmse-1.5267, test2016_pr-0.7299, test2019_rmse-1.6081, test2019_pr-0.5484
epoch-6, train_loss-2.0635, train_rmse-1.4365, valid_rmse-2.2100, valid_pr-0.6033
epoch-7, train_loss-1.9395, train_rmse-1.3927, valid_rmse-1.5707, valid_pr-0.5919
Validation : valid_rmse-1.5707, valid_pr-0.5919, 
test2013_rmse-1.5614, test2013_pr-0.7481, test2016_rmse-1.4736, test2016_pr-0.7403, test2019_rmse-1.5677, test2019_pr-0.5579
epoch-8, train_loss-1.7924, train_rmse-1.3388, valid_rmse-2.2197, valid_pr-0.5052
epoch-9, train_loss-1.7329, train_rmse-1.3164, valid_rmse-1.5335, valid_pr-0.6304
Validation : valid_rmse-1.5335, valid_pr-0.6304, 
test2013_rmse-1.5125, test2013_pr-0.7774, test2016_rmse-1.3991, test2016_pr-0.7742, test2019_rmse-1.6360, test2019_pr-0.5508
epoch-10, train_loss-1.6084, train_rmse-1.2682, valid_rmse-1.4692, valid_pr-0.6307
Validation : valid_rmse-1.4692, valid_pr-0.6307, 
test2013_rmse-1.4655, test2013_pr-0.7957, test2016_rmse-1.3720, test2016_pr-0.7822, test2019_rmse-1.5164, test2019_pr-0.5712
epoch-11, train_loss-1.5719, train_rmse-1.2538, valid_rmse-1.4923, valid_pr-0.6501
epoch-12, train_loss-1.5208, train_rmse-1.2332, valid_rmse-2.4415, valid_pr-0.5941
epoch-13, train_loss-1.4103, train_rmse-1.1876, valid_rmse-2.3536, valid_pr-0.6303
epoch-14, train_loss-1.3549, train_rmse-1.1640, valid_rmse-1.4553, valid_pr-0.6444
Validation : valid_rmse-1.4553, valid_pr-0.6444, 
test2013_rmse-1.5751, test2013_pr-0.7463, test2016_rmse-1.4260, test2016_pr-0.7628, test2019_rmse-1.5134, test2019_pr-0.5805
epoch-15, train_loss-1.2673, train_rmse-1.1257, valid_rmse-1.4740, valid_pr-0.6504
epoch-16, train_loss-1.1882, train_rmse-1.0901, valid_rmse-1.8490, valid_pr-0.6118
epoch-17, train_loss-1.1601, train_rmse-1.0771, valid_rmse-1.4581, valid_pr-0.6749
epoch-18, train_loss-1.0805, train_rmse-1.0395, valid_rmse-1.5368, valid_pr-0.6196
epoch-19, train_loss-1.0204, train_rmse-1.0101, valid_rmse-1.4405, valid_pr-0.6854
Validation : valid_rmse-1.4405, valid_pr-0.6854, 
test2013_rmse-1.4279, test2013_pr-0.7908, test2016_rmse-1.3191, test2016_pr-0.7974, test2019_rmse-1.5445, test2019_pr-0.6044
epoch-20, train_loss-1.0060, train_rmse-1.0030, valid_rmse-1.7025, valid_pr-0.6618
epoch-21, train_loss-0.9715, train_rmse-0.9856, valid_rmse-1.8124, valid_pr-0.6880
epoch-22, train_loss-0.8884, train_rmse-0.9425, valid_rmse-1.5350, valid_pr-0.6586
epoch-23, train_loss-0.8226, train_rmse-0.9070, valid_rmse-1.6411, valid_pr-0.6472
epoch-24, train_loss-0.8474, train_rmse-0.9205, valid_rmse-1.4306, valid_pr-0.6694
Validation : valid_rmse-1.4306, valid_pr-0.6694, 
test2013_rmse-1.5174, test2013_pr-0.7587, test2016_rmse-1.3513, test2016_pr-0.7866, test2019_rmse-1.5773, test2019_pr-0.5535
epoch-25, train_loss-0.7990, train_rmse-0.8939, valid_rmse-1.4595, valid_pr-0.6653
epoch-26, train_loss-0.7368, train_rmse-0.8583, valid_rmse-1.5331, valid_pr-0.6730
epoch-27, train_loss-0.6992, train_rmse-0.8362, valid_rmse-1.4910, valid_pr-0.6582
epoch-28, train_loss-0.6946, train_rmse-0.8334, valid_rmse-1.4468, valid_pr-0.6594
epoch-29, train_loss-0.6582, train_rmse-0.8113, valid_rmse-1.6245, valid_pr-0.6792
epoch-30, train_loss-0.6594, train_rmse-0.8120, valid_rmse-1.4632, valid_pr-0.6835
epoch-31, train_loss-0.6056, train_rmse-0.7782, valid_rmse-1.3723, valid_pr-0.6900
Validation : valid_rmse-1.3723, valid_pr-0.6900, 
test2013_rmse-1.4867, test2013_pr-0.7818, test2016_rmse-1.3387, test2016_pr-0.7938, test2019_rmse-1.5292, test2019_pr-0.5722
epoch-32, train_loss-0.5730, train_rmse-0.7570, valid_rmse-1.4025, valid_pr-0.6864
epoch-33, train_loss-0.5402, train_rmse-0.7350, valid_rmse-1.4960, valid_pr-0.6498
epoch-34, train_loss-0.5867, train_rmse-0.7660, valid_rmse-1.4976, valid_pr-0.6918
epoch-35, train_loss-0.5145, train_rmse-0.7173, valid_rmse-1.3923, valid_pr-0.6875
epoch-36, train_loss-0.5749, train_rmse-0.7582, valid_rmse-2.1498, valid_pr-0.6707
epoch-37, train_loss-0.5311, train_rmse-0.7287, valid_rmse-1.4514, valid_pr-0.6881
epoch-38, train_loss-0.4928, train_rmse-0.7020, valid_rmse-1.5032, valid_pr-0.6902
epoch-39, train_loss-0.4685, train_rmse-0.6844, valid_rmse-1.9630, valid_pr-0.6814
epoch-40, train_loss-0.4748, train_rmse-0.6890, valid_rmse-1.3774, valid_pr-0.6924
epoch-41, train_loss-0.4554, train_rmse-0.6749, valid_rmse-1.3730, valid_pr-0.6964
epoch-42, train_loss-0.4460, train_rmse-0.6679, valid_rmse-1.3479, valid_pr-0.6986
Validation : valid_rmse-1.3479, valid_pr-0.6986, 
test2013_rmse-1.4146, test2013_pr-0.7996, test2016_rmse-1.2858, test2016_pr-0.8084, test2019_rmse-1.4947, test2019_pr-0.6005
epoch-43, train_loss-0.4277, train_rmse-0.6540, valid_rmse-1.9405, valid_pr-0.6527
epoch-44, train_loss-0.4074, train_rmse-0.6383, valid_rmse-1.4921, valid_pr-0.6924
epoch-45, train_loss-0.3990, train_rmse-0.6317, valid_rmse-1.6086, valid_pr-0.6935
epoch-46, train_loss-0.4303, train_rmse-0.6560, valid_rmse-1.5502, valid_pr-0.6932
epoch-47, train_loss-0.3938, train_rmse-0.6276, valid_rmse-1.4282, valid_pr-0.6876
epoch-48, train_loss-0.3845, train_rmse-0.6201, valid_rmse-1.3505, valid_pr-0.7006
epoch-49, train_loss-0.3844, train_rmse-0.6200, valid_rmse-1.4299, valid_pr-0.7016
epoch-50, train_loss-0.3797, train_rmse-0.6162, valid_rmse-1.3894, valid_pr-0.6951
epoch-51, train_loss-0.3745, train_rmse-0.6120, valid_rmse-1.3683, valid_pr-0.7008
epoch-52, train_loss-0.3702, train_rmse-0.6085, valid_rmse-1.4266, valid_pr-0.7042
epoch-53, train_loss-0.3654, train_rmse-0.6045, valid_rmse-1.3516, valid_pr-0.7009
epoch-54, train_loss-0.3787, train_rmse-0.6154, valid_rmse-1.4653, valid_pr-0.6879
epoch-55, train_loss-0.3657, train_rmse-0.6047, valid_rmse-1.3950, valid_pr-0.6797
epoch-56, train_loss-0.3754, train_rmse-0.6127, valid_rmse-1.3524, valid_pr-0.7056
epoch-57, train_loss-0.3455, train_rmse-0.5878, valid_rmse-1.3487, valid_pr-0.7084
epoch-58, train_loss-0.3430, train_rmse-0.5857, valid_rmse-1.3581, valid_pr-0.7060
epoch-59, train_loss-0.3322, train_rmse-0.5764, valid_rmse-1.3515, valid_pr-0.7120
epoch-60, train_loss-0.3507, train_rmse-0.5922, valid_rmse-1.3624, valid_pr-0.6954
epoch-61, train_loss-0.3343, train_rmse-0.5782, valid_rmse-1.3486, valid_pr-0.7170
epoch-62, train_loss-0.3336, train_rmse-0.5776, valid_rmse-1.4696, valid_pr-0.6855
epoch-63, train_loss-0.3150, train_rmse-0.5613, valid_rmse-1.5058, valid_pr-0.7049
epoch-64, train_loss-0.3383, train_rmse-0.5817, valid_rmse-1.3360, valid_pr-0.7074
Validation : valid_rmse-1.3360, valid_pr-0.7074, 
test2013_rmse-1.3498, test2013_pr-0.8224, test2016_rmse-1.2427, test2016_pr-0.8228, test2019_rmse-1.4922, test2019_pr-0.5921
epoch-65, train_loss-0.3224, train_rmse-0.5678, valid_rmse-1.8265, valid_pr-0.7008
epoch-66, train_loss-0.3159, train_rmse-0.5621, valid_rmse-1.3781, valid_pr-0.6988
epoch-67, train_loss-0.3189, train_rmse-0.5647, valid_rmse-1.4975, valid_pr-0.6921
epoch-68, train_loss-0.3104, train_rmse-0.5572, valid_rmse-1.3076, valid_pr-0.7224
Validation : valid_rmse-1.3076, valid_pr-0.7224, 
test2013_rmse-1.3058, test2013_pr-0.8354, test2016_rmse-1.2195, test2016_pr-0.8292, test2019_rmse-1.4812, test2019_pr-0.6105
epoch-69, train_loss-0.3127, train_rmse-0.5592, valid_rmse-1.4211, valid_pr-0.6988
epoch-70, train_loss-0.3029, train_rmse-0.5503, valid_rmse-1.3521, valid_pr-0.7061
epoch-71, train_loss-0.2890, train_rmse-0.5376, valid_rmse-1.4290, valid_pr-0.7123
epoch-72, train_loss-0.2833, train_rmse-0.5323, valid_rmse-1.3829, valid_pr-0.7076
epoch-73, train_loss-0.2840, train_rmse-0.5330, valid_rmse-1.3110, valid_pr-0.7169
epoch-74, train_loss-0.2881, train_rmse-0.5367, valid_rmse-1.3382, valid_pr-0.7078
epoch-75, train_loss-0.2858, train_rmse-0.5346, valid_rmse-1.3795, valid_pr-0.7005
epoch-76, train_loss-0.3038, train_rmse-0.5512, valid_rmse-1.3561, valid_pr-0.6977
epoch-77, train_loss-0.2869, train_rmse-0.5356, valid_rmse-1.4623, valid_pr-0.7065
epoch-78, train_loss-0.2981, train_rmse-0.5460, valid_rmse-1.4379, valid_pr-0.7110
epoch-79, train_loss-0.2829, train_rmse-0.5319, valid_rmse-1.3728, valid_pr-0.7186
epoch-80, train_loss-0.2659, train_rmse-0.5157, valid_rmse-1.4234, valid_pr-0.7031
epoch-81, train_loss-0.2911, train_rmse-0.5395, valid_rmse-1.3219, valid_pr-0.7063
epoch-82, train_loss-0.2728, train_rmse-0.5223, valid_rmse-1.3460, valid_pr-0.7115
epoch-83, train_loss-0.2702, train_rmse-0.5198, valid_rmse-1.3192, valid_pr-0.7097
epoch-84, train_loss-0.2644, train_rmse-0.5142, valid_rmse-1.3289, valid_pr-0.7143
epoch-85, train_loss-0.2760, train_rmse-0.5254, valid_rmse-1.3173, valid_pr-0.7160
epoch-86, train_loss-0.2614, train_rmse-0.5113, valid_rmse-1.3228, valid_pr-0.7188
epoch-87, train_loss-0.2534, train_rmse-0.5034, valid_rmse-1.3559, valid_pr-0.7099
epoch-88, train_loss-0.2711, train_rmse-0.5206, valid_rmse-1.3109, valid_pr-0.7154
epoch-89, train_loss-0.2640, train_rmse-0.5138, valid_rmse-1.3223, valid_pr-0.7177
epoch-90, train_loss-0.2571, train_rmse-0.5071, valid_rmse-1.3433, valid_pr-0.7081
epoch-91, train_loss-0.2614, train_rmse-0.5113, valid_rmse-1.3355, valid_pr-0.7163
epoch-92, train_loss-0.2431, train_rmse-0.4931, valid_rmse-1.3310, valid_pr-0.7037
epoch-93, train_loss-0.2498, train_rmse-0.4998, valid_rmse-1.3118, valid_pr-0.7144
epoch-94, train_loss-0.2556, train_rmse-0.5056, valid_rmse-1.2866, valid_pr-0.7283
Validation : valid_rmse-1.2866, valid_pr-0.7283, 
test2013_rmse-1.3153, test2013_pr-0.8358, test2016_rmse-1.2091, test2016_pr-0.8336, test2019_rmse-1.4668, test2019_pr-0.6088
epoch-95, train_loss-0.2490, train_rmse-0.4990, valid_rmse-1.3644, valid_pr-0.7190
epoch-96, train_loss-0.2468, train_rmse-0.4968, valid_rmse-1.2928, valid_pr-0.7232
epoch-97, train_loss-0.2402, train_rmse-0.4901, valid_rmse-1.3021, valid_pr-0.7228
epoch-98, train_loss-0.2362, train_rmse-0.4860, valid_rmse-1.3886, valid_pr-0.7193
epoch-99, train_loss-0.2276, train_rmse-0.4771, valid_rmse-1.4106, valid_pr-0.7146
epoch-100, train_loss-0.2551, train_rmse-0.5050, valid_rmse-1.3346, valid_pr-0.7084
epoch-101, train_loss-0.2358, train_rmse-0.4856, valid_rmse-1.3994, valid_pr-0.7101
epoch-102, train_loss-0.2468, train_rmse-0.4968, valid_rmse-1.3436, valid_pr-0.7186
epoch-103, train_loss-0.2524, train_rmse-0.5024, valid_rmse-1.3573, valid_pr-0.7164
epoch-104, train_loss-0.2291, train_rmse-0.4786, valid_rmse-1.3023, valid_pr-0.7200
epoch-105, train_loss-0.2265, train_rmse-0.4760, valid_rmse-1.2865, valid_pr-0.7249
Validation : valid_rmse-1.2865, valid_pr-0.7249, 
test2013_rmse-1.3375, test2013_pr-0.8362, test2016_rmse-1.2289, test2016_pr-0.8323, test2019_rmse-1.4613, test2019_pr-0.6042
epoch-106, train_loss-0.2256, train_rmse-0.4750, valid_rmse-1.3323, valid_pr-0.7175
epoch-107, train_loss-0.2375, train_rmse-0.4873, valid_rmse-1.3515, valid_pr-0.7120
epoch-108, train_loss-0.2612, train_rmse-0.5111, valid_rmse-1.3147, valid_pr-0.7219
epoch-109, train_loss-0.2346, train_rmse-0.4844, valid_rmse-1.3016, valid_pr-0.7241
epoch-110, train_loss-0.2171, train_rmse-0.4659, valid_rmse-1.3532, valid_pr-0.7155
epoch-111, train_loss-0.2206, train_rmse-0.4697, valid_rmse-1.3247, valid_pr-0.7237
epoch-112, train_loss-0.2227, train_rmse-0.4719, valid_rmse-1.3140, valid_pr-0.7127
epoch-113, train_loss-0.2144, train_rmse-0.4631, valid_rmse-1.2975, valid_pr-0.7185
epoch-114, train_loss-0.2158, train_rmse-0.4646, valid_rmse-1.2918, valid_pr-0.7209
epoch-115, train_loss-0.2279, train_rmse-0.4774, valid_rmse-1.3064, valid_pr-0.7221
epoch-116, train_loss-0.2292, train_rmse-0.4787, valid_rmse-1.3196, valid_pr-0.7190
epoch-117, train_loss-0.2340, train_rmse-0.4837, valid_rmse-1.3482, valid_pr-0.7211
epoch-118, train_loss-0.2342, train_rmse-0.4839, valid_rmse-1.3703, valid_pr-0.7261
epoch-119, train_loss-0.2003, train_rmse-0.4476, valid_rmse-1.3017, valid_pr-0.7184
epoch-120, train_loss-0.2155, train_rmse-0.4642, valid_rmse-1.2924, valid_pr-0.7250
epoch-121, train_loss-0.2069, train_rmse-0.4548, valid_rmse-1.2998, valid_pr-0.7210
epoch-122, train_loss-0.2044, train_rmse-0.4521, valid_rmse-1.2756, valid_pr-0.7309
Validation : valid_rmse-1.2756, valid_pr-0.7309, 
test2013_rmse-1.3715, test2013_pr-0.8254, test2016_rmse-1.2633, test2016_pr-0.8217, test2019_rmse-1.4455, test2019_pr-0.6108
epoch-123, train_loss-0.2167, train_rmse-0.4655, valid_rmse-1.3190, valid_pr-0.7256
epoch-124, train_loss-0.2031, train_rmse-0.4506, valid_rmse-1.2871, valid_pr-0.7263
epoch-125, train_loss-0.1981, train_rmse-0.4451, valid_rmse-1.2841, valid_pr-0.7288
epoch-126, train_loss-0.2001, train_rmse-0.4473, valid_rmse-1.3031, valid_pr-0.7221
epoch-127, train_loss-0.2159, train_rmse-0.4646, valid_rmse-1.2930, valid_pr-0.7251
epoch-128, train_loss-0.2122, train_rmse-0.4607, valid_rmse-1.3064, valid_pr-0.7276
epoch-129, train_loss-0.2099, train_rmse-0.4582, valid_rmse-1.3087, valid_pr-0.7297
epoch-130, train_loss-0.1928, train_rmse-0.4391, valid_rmse-1.2866, valid_pr-0.7290
epoch-131, train_loss-0.1986, train_rmse-0.4456, valid_rmse-1.3376, valid_pr-0.7150
epoch-132, train_loss-0.2060, train_rmse-0.4539, valid_rmse-1.3751, valid_pr-0.7287
epoch-133, train_loss-0.2148, train_rmse-0.4635, valid_rmse-1.4279, valid_pr-0.7240
epoch-134, train_loss-0.2024, train_rmse-0.4499, valid_rmse-1.2997, valid_pr-0.7220
epoch-135, train_loss-0.2061, train_rmse-0.4539, valid_rmse-1.3322, valid_pr-0.7176
epoch-136, train_loss-0.2006, train_rmse-0.4479, valid_rmse-1.2878, valid_pr-0.7242
epoch-137, train_loss-0.2116, train_rmse-0.4600, valid_rmse-1.2903, valid_pr-0.7256
epoch-138, train_loss-0.2083, train_rmse-0.4564, valid_rmse-1.2862, valid_pr-0.7293
epoch-139, train_loss-0.1833, train_rmse-0.4281, valid_rmse-1.3829, valid_pr-0.7287
epoch-140, train_loss-0.1934, train_rmse-0.4398, valid_rmse-1.2846, valid_pr-0.7301
epoch-141, train_loss-0.1945, train_rmse-0.4410, valid_rmse-1.2743, valid_pr-0.7318
Validation : valid_rmse-1.2743, valid_pr-0.7318, 
test2013_rmse-1.2602, test2013_pr-0.8538, test2016_rmse-1.1813, test2016_pr-0.8411, test2019_rmse-1.4214, test2019_pr-0.6319
epoch-142, train_loss-0.1899, train_rmse-0.4357, valid_rmse-1.2830, valid_pr-0.7264
epoch-143, train_loss-0.1912, train_rmse-0.4373, valid_rmse-1.2842, valid_pr-0.7281
epoch-144, train_loss-0.2006, train_rmse-0.4479, valid_rmse-1.3501, valid_pr-0.7256
epoch-145, train_loss-0.2079, train_rmse-0.4560, valid_rmse-1.3432, valid_pr-0.7184
epoch-146, train_loss-0.1885, train_rmse-0.4342, valid_rmse-1.2753, valid_pr-0.7277
epoch-147, train_loss-0.2052, train_rmse-0.4530, valid_rmse-1.3169, valid_pr-0.7291
epoch-148, train_loss-0.1906, train_rmse-0.4366, valid_rmse-1.2855, valid_pr-0.7259
epoch-149, train_loss-0.1908, train_rmse-0.4368, valid_rmse-1.2602, valid_pr-0.7333
Validation : valid_rmse-1.2602, valid_pr-0.7333, 
test2013_rmse-1.3469, test2013_pr-0.8323, test2016_rmse-1.2081, test2016_pr-0.8354, test2019_rmse-1.4133, test2019_pr-0.6266
epoch-150, train_loss-0.1858, train_rmse-0.4311, valid_rmse-1.2751, valid_pr-0.7284
epoch-151, train_loss-0.1908, train_rmse-0.4369, valid_rmse-1.2768, valid_pr-0.7278
epoch-152, train_loss-0.1915, train_rmse-0.4376, valid_rmse-1.2892, valid_pr-0.7264
epoch-153, train_loss-0.1806, train_rmse-0.4249, valid_rmse-1.2635, valid_pr-0.7372
epoch-154, train_loss-0.1865, train_rmse-0.4319, valid_rmse-1.3021, valid_pr-0.7254
epoch-155, train_loss-0.1857, train_rmse-0.4309, valid_rmse-1.3244, valid_pr-0.7211
epoch-156, train_loss-0.1804, train_rmse-0.4248, valid_rmse-1.2707, valid_pr-0.7329
epoch-157, train_loss-0.1785, train_rmse-0.4224, valid_rmse-1.2647, valid_pr-0.7304
epoch-158, train_loss-0.1777, train_rmse-0.4216, valid_rmse-1.2989, valid_pr-0.7324
epoch-159, train_loss-0.1843, train_rmse-0.4292, valid_rmse-1.2910, valid_pr-0.7330
epoch-160, train_loss-0.1777, train_rmse-0.4215, valid_rmse-1.3062, valid_pr-0.7252
epoch-161, train_loss-0.1862, train_rmse-0.4315, valid_rmse-1.2910, valid_pr-0.7299
epoch-162, train_loss-0.1762, train_rmse-0.4197, valid_rmse-1.2447, valid_pr-0.7400
Validation : valid_rmse-1.2447, valid_pr-0.7400, 
test2013_rmse-1.3321, test2013_pr-0.8381, test2016_rmse-1.2182, test2016_pr-0.8331, test2019_rmse-1.4145, test2019_pr-0.6216
epoch-163, train_loss-0.1750, train_rmse-0.4183, valid_rmse-1.3096, valid_pr-0.7239
epoch-164, train_loss-0.1786, train_rmse-0.4226, valid_rmse-1.2630, valid_pr-0.7334
epoch-165, train_loss-0.1805, train_rmse-0.4249, valid_rmse-1.2789, valid_pr-0.7290
epoch-166, train_loss-0.1843, train_rmse-0.4294, valid_rmse-1.2838, valid_pr-0.7268
epoch-167, train_loss-0.1795, train_rmse-0.4237, valid_rmse-1.2588, valid_pr-0.7381
epoch-168, train_loss-0.1884, train_rmse-0.4341, valid_rmse-1.3401, valid_pr-0.7344
epoch-169, train_loss-0.1835, train_rmse-0.4284, valid_rmse-1.2632, valid_pr-0.7336
epoch-170, train_loss-0.1754, train_rmse-0.4188, valid_rmse-1.2756, valid_pr-0.7334
epoch-171, train_loss-0.1805, train_rmse-0.4248, valid_rmse-1.2766, valid_pr-0.7289
epoch-172, train_loss-0.1664, train_rmse-0.4079, valid_rmse-1.2822, valid_pr-0.7323
epoch-173, train_loss-0.1812, train_rmse-0.4257, valid_rmse-1.2725, valid_pr-0.7365
epoch-174, train_loss-0.1709, train_rmse-0.4133, valid_rmse-1.2643, valid_pr-0.7346
epoch-175, train_loss-0.1719, train_rmse-0.4146, valid_rmse-1.2639, valid_pr-0.7350
epoch-176, train_loss-0.1877, train_rmse-0.4333, valid_rmse-1.2582, valid_pr-0.7343
epoch-177, train_loss-0.1664, train_rmse-0.4079, valid_rmse-1.3018, valid_pr-0.7332
epoch-178, train_loss-0.1661, train_rmse-0.4076, valid_rmse-1.2801, valid_pr-0.7386
epoch-179, train_loss-0.1641, train_rmse-0.4051, valid_rmse-1.2521, valid_pr-0.7372
epoch-180, train_loss-0.1668, train_rmse-0.4085, valid_rmse-1.2611, valid_pr-0.7330
epoch-181, train_loss-0.1825, train_rmse-0.4272, valid_rmse-1.2686, valid_pr-0.7312
epoch-182, train_loss-0.1837, train_rmse-0.4286, valid_rmse-1.2896, valid_pr-0.7316
epoch-183, train_loss-0.1722, train_rmse-0.4150, valid_rmse-1.2502, valid_pr-0.7394
epoch-184, train_loss-0.1652, train_rmse-0.4065, valid_rmse-1.2536, valid_pr-0.7384
epoch-185, train_loss-0.1689, train_rmse-0.4110, valid_rmse-1.3954, valid_pr-0.7353
epoch-186, train_loss-0.1663, train_rmse-0.4078, valid_rmse-1.2688, valid_pr-0.7329
epoch-187, train_loss-0.1614, train_rmse-0.4018, valid_rmse-1.2968, valid_pr-0.7308
epoch-188, train_loss-0.1713, train_rmse-0.4139, valid_rmse-1.2982, valid_pr-0.7403
epoch-189, train_loss-0.1630, train_rmse-0.4038, valid_rmse-1.2519, valid_pr-0.7411
epoch-190, train_loss-0.1666, train_rmse-0.4082, valid_rmse-1.2680, valid_pr-0.7351
epoch-191, train_loss-0.1730, train_rmse-0.4159, valid_rmse-1.2753, valid_pr-0.7324
epoch-192, train_loss-0.1509, train_rmse-0.3885, valid_rmse-1.2882, valid_pr-0.7356
epoch-193, train_loss-0.1483, train_rmse-0.3851, valid_rmse-1.2653, valid_pr-0.7336
epoch-194, train_loss-0.1706, train_rmse-0.4131, valid_rmse-1.2698, valid_pr-0.7369
epoch-195, train_loss-0.1591, train_rmse-0.3988, valid_rmse-1.2666, valid_pr-0.7353
epoch-196, train_loss-0.1572, train_rmse-0.3964, valid_rmse-1.2457, valid_pr-0.7422
epoch-197, train_loss-0.1548, train_rmse-0.3934, valid_rmse-1.2704, valid_pr-0.7421
epoch-198, train_loss-0.1670, train_rmse-0.4086, valid_rmse-1.3078, valid_pr-0.7382
epoch-199, train_loss-0.1613, train_rmse-0.4017, valid_rmse-1.2479, valid_pr-0.7426
epoch-200, train_loss-0.1581, train_rmse-0.3976, valid_rmse-1.2703, valid_pr-0.7395
epoch-201, train_loss-0.1599, train_rmse-0.3999, valid_rmse-1.2633, valid_pr-0.7340
epoch-202, train_loss-0.1575, train_rmse-0.3968, valid_rmse-1.2453, valid_pr-0.7410
epoch-203, train_loss-0.1583, train_rmse-0.3979, valid_rmse-1.3312, valid_pr-0.7373
epoch-204, train_loss-0.1573, train_rmse-0.3966, valid_rmse-1.2900, valid_pr-0.7303
epoch-205, train_loss-0.1557, train_rmse-0.3945, valid_rmse-1.2559, valid_pr-0.7391
epoch-206, train_loss-0.1640, train_rmse-0.4050, valid_rmse-1.2663, valid_pr-0.7376
epoch-207, train_loss-0.1638, train_rmse-0.4047, valid_rmse-1.2747, valid_pr-0.7434
epoch-208, train_loss-0.1565, train_rmse-0.3956, valid_rmse-1.2441, valid_pr-0.7435
Validation : valid_rmse-1.2441, valid_pr-0.7435, 
test2013_rmse-1.2722, test2013_pr-0.8494, test2016_rmse-1.1708, test2016_pr-0.8444, test2019_rmse-1.3978, test2019_pr-0.6390
epoch-209, train_loss-0.1600, train_rmse-0.4000, valid_rmse-1.3138, valid_pr-0.7319
epoch-210, train_loss-0.1629, train_rmse-0.4037, valid_rmse-1.2742, valid_pr-0.7384
epoch-211, train_loss-0.1628, train_rmse-0.4035, valid_rmse-1.2618, valid_pr-0.7370
epoch-212, train_loss-0.1515, train_rmse-0.3892, valid_rmse-1.2595, valid_pr-0.7430
epoch-213, train_loss-0.1547, train_rmse-0.3933, valid_rmse-1.2509, valid_pr-0.7381
epoch-214, train_loss-0.1697, train_rmse-0.4120, valid_rmse-1.2519, valid_pr-0.7366
epoch-215, train_loss-0.1553, train_rmse-0.3941, valid_rmse-1.2794, valid_pr-0.7310
epoch-216, train_loss-0.1639, train_rmse-0.4048, valid_rmse-1.2608, valid_pr-0.7328
epoch-217, train_loss-0.1508, train_rmse-0.3884, valid_rmse-1.2449, valid_pr-0.7409
epoch-218, train_loss-0.1440, train_rmse-0.3795, valid_rmse-1.2427, valid_pr-0.7459
Validation : valid_rmse-1.2427, valid_pr-0.7459, 
test2013_rmse-1.3289, test2013_pr-0.8439, test2016_rmse-1.1950, test2016_pr-0.8478, test2019_rmse-1.4057, test2019_pr-0.6309
epoch-219, train_loss-0.1561, train_rmse-0.3951, valid_rmse-1.3031, valid_pr-0.7396
epoch-220, train_loss-0.1528, train_rmse-0.3909, valid_rmse-1.2859, valid_pr-0.7437
epoch-221, train_loss-0.1630, train_rmse-0.4037, valid_rmse-1.2929, valid_pr-0.7406
epoch-222, train_loss-0.1413, train_rmse-0.3759, valid_rmse-1.2553, valid_pr-0.7356
epoch-223, train_loss-0.1526, train_rmse-0.3906, valid_rmse-1.2567, valid_pr-0.7395
epoch-224, train_loss-0.1578, train_rmse-0.3973, valid_rmse-1.2596, valid_pr-0.7393
epoch-225, train_loss-0.1637, train_rmse-0.4045, valid_rmse-1.2370, valid_pr-0.7426
Validation : valid_rmse-1.2370, valid_pr-0.7426, 
test2013_rmse-1.3339, test2013_pr-0.8458, test2016_rmse-1.1926, test2016_pr-0.8447, test2019_rmse-1.3845, test2019_pr-0.6388
epoch-226, train_loss-0.1598, train_rmse-0.3998, valid_rmse-1.2522, valid_pr-0.7426
epoch-227, train_loss-0.1535, train_rmse-0.3918, valid_rmse-1.2470, valid_pr-0.7427
epoch-228, train_loss-0.1466, train_rmse-0.3829, valid_rmse-1.2403, valid_pr-0.7453
epoch-229, train_loss-0.1481, train_rmse-0.3848, valid_rmse-1.2538, valid_pr-0.7387
epoch-230, train_loss-0.1480, train_rmse-0.3847, valid_rmse-1.2510, valid_pr-0.7428
epoch-231, train_loss-0.1426, train_rmse-0.3776, valid_rmse-1.2769, valid_pr-0.7412
epoch-232, train_loss-0.1465, train_rmse-0.3828, valid_rmse-1.2613, valid_pr-0.7367
epoch-233, train_loss-0.1498, train_rmse-0.3871, valid_rmse-1.2514, valid_pr-0.7413
epoch-234, train_loss-0.1586, train_rmse-0.3983, valid_rmse-1.2520, valid_pr-0.7439
epoch-235, train_loss-0.1532, train_rmse-0.3914, valid_rmse-1.2805, valid_pr-0.7377
epoch-236, train_loss-0.1565, train_rmse-0.3956, valid_rmse-1.2666, valid_pr-0.7402
epoch-237, train_loss-0.1502, train_rmse-0.3876, valid_rmse-1.2364, valid_pr-0.7439
Validation : valid_rmse-1.2364, valid_pr-0.7439, 
test2013_rmse-1.3169, test2013_pr-0.8464, test2016_rmse-1.1914, test2016_pr-0.8458, test2019_rmse-1.3890, test2019_pr-0.6373
epoch-238, train_loss-0.1540, train_rmse-0.3924, valid_rmse-1.2532, valid_pr-0.7402
epoch-239, train_loss-0.1563, train_rmse-0.3954, valid_rmse-1.2656, valid_pr-0.7376
epoch-240, train_loss-0.1454, train_rmse-0.3813, valid_rmse-1.2572, valid_pr-0.7371
epoch-241, train_loss-0.1466, train_rmse-0.3828, valid_rmse-1.2435, valid_pr-0.7421
epoch-242, train_loss-0.1424, train_rmse-0.3773, valid_rmse-1.2446, valid_pr-0.7415
epoch-243, train_loss-0.1463, train_rmse-0.3825, valid_rmse-1.2534, valid_pr-0.7366
epoch-244, train_loss-0.1431, train_rmse-0.3782, valid_rmse-1.2393, valid_pr-0.7432
epoch-245, train_loss-0.1396, train_rmse-0.3736, valid_rmse-1.2459, valid_pr-0.7430
epoch-246, train_loss-0.1496, train_rmse-0.3868, valid_rmse-1.2618, valid_pr-0.7384
epoch-247, train_loss-0.1787, train_rmse-0.4227, valid_rmse-1.2567, valid_pr-0.7370
epoch-248, train_loss-0.1487, train_rmse-0.3857, valid_rmse-1.2841, valid_pr-0.7399
epoch-249, train_loss-0.1324, train_rmse-0.3639, valid_rmse-1.2401, valid_pr-0.7434
epoch-250, train_loss-0.1468, train_rmse-0.3831, valid_rmse-1.2473, valid_pr-0.7388
epoch-251, train_loss-0.1545, train_rmse-0.3931, valid_rmse-1.2725, valid_pr-0.7322
epoch-252, train_loss-0.1657, train_rmse-0.4071, valid_rmse-1.2810, valid_pr-0.7395
epoch-253, train_loss-0.1477, train_rmse-0.3843, valid_rmse-1.2476, valid_pr-0.7380
epoch-254, train_loss-0.1378, train_rmse-0.3713, valid_rmse-1.2633, valid_pr-0.7389
epoch-255, train_loss-0.1402, train_rmse-0.3744, valid_rmse-1.2573, valid_pr-0.7442
epoch-256, train_loss-0.1383, train_rmse-0.3719, valid_rmse-1.2407, valid_pr-0.7484
epoch-257, train_loss-0.1410, train_rmse-0.3755, valid_rmse-1.2407, valid_pr-0.7429
epoch-258, train_loss-0.1512, train_rmse-0.3888, valid_rmse-1.3218, valid_pr-0.7378
epoch-259, train_loss-0.1452, train_rmse-0.3810, valid_rmse-1.2358, valid_pr-0.7446
Validation : valid_rmse-1.2358, valid_pr-0.7446, 
test2013_rmse-1.3031, test2013_pr-0.8486, test2016_rmse-1.1653, test2016_pr-0.8501, test2019_rmse-1.3881, test2019_pr-0.6380
epoch-260, train_loss-0.1326, train_rmse-0.3641, valid_rmse-1.2583, valid_pr-0.7423
epoch-261, train_loss-0.1360, train_rmse-0.3688, valid_rmse-1.2330, valid_pr-0.7467
Validation : valid_rmse-1.2330, valid_pr-0.7467, 
test2013_rmse-1.3287, test2013_pr-0.8464, test2016_rmse-1.1972, test2016_pr-0.8451, test2019_rmse-1.3832, test2019_pr-0.6400
epoch-262, train_loss-0.1356, train_rmse-0.3683, valid_rmse-1.2429, valid_pr-0.7423
epoch-263, train_loss-0.1365, train_rmse-0.3695, valid_rmse-1.2578, valid_pr-0.7391
epoch-264, train_loss-0.1471, train_rmse-0.3836, valid_rmse-1.2533, valid_pr-0.7399
epoch-265, train_loss-0.1419, train_rmse-0.3767, valid_rmse-1.2469, valid_pr-0.7398
epoch-266, train_loss-0.1367, train_rmse-0.3697, valid_rmse-1.2735, valid_pr-0.7407
epoch-267, train_loss-0.1419, train_rmse-0.3766, valid_rmse-1.2437, valid_pr-0.7413
epoch-268, train_loss-0.1459, train_rmse-0.3820, valid_rmse-1.2427, valid_pr-0.7428
epoch-269, train_loss-0.1480, train_rmse-0.3847, valid_rmse-1.2360, valid_pr-0.7458
epoch-270, train_loss-0.1276, train_rmse-0.3572, valid_rmse-1.2346, valid_pr-0.7460
epoch-271, train_loss-0.1467, train_rmse-0.3830, valid_rmse-1.2397, valid_pr-0.7436
epoch-272, train_loss-0.1371, train_rmse-0.3702, valid_rmse-1.2482, valid_pr-0.7474
epoch-273, train_loss-0.1470, train_rmse-0.3834, valid_rmse-1.2314, valid_pr-0.7468
Validation : valid_rmse-1.2314, valid_pr-0.7468, 
test2013_rmse-1.3209, test2013_pr-0.8425, test2016_rmse-1.1803, test2016_pr-0.8454, test2019_rmse-1.3742, test2019_pr-0.6488
epoch-274, train_loss-0.1433, train_rmse-0.3785, valid_rmse-1.2509, valid_pr-0.7477
epoch-275, train_loss-0.1508, train_rmse-0.3884, valid_rmse-1.2491, valid_pr-0.7443
epoch-276, train_loss-0.1393, train_rmse-0.3732, valid_rmse-1.2718, valid_pr-0.7415
epoch-277, train_loss-0.1358, train_rmse-0.3685, valid_rmse-1.2492, valid_pr-0.7429
epoch-278, train_loss-0.1364, train_rmse-0.3693, valid_rmse-1.2540, valid_pr-0.7475
epoch-279, train_loss-0.1397, train_rmse-0.3738, valid_rmse-1.2575, valid_pr-0.7417
epoch-280, train_loss-0.1312, train_rmse-0.3622, valid_rmse-1.2402, valid_pr-0.7437
epoch-281, train_loss-0.1494, train_rmse-0.3865, valid_rmse-1.2387, valid_pr-0.7435
epoch-282, train_loss-0.1504, train_rmse-0.3878, valid_rmse-1.2401, valid_pr-0.7432
epoch-283, train_loss-0.1352, train_rmse-0.3677, valid_rmse-1.2385, valid_pr-0.7445
epoch-284, train_loss-0.1566, train_rmse-0.3957, valid_rmse-1.2314, valid_pr-0.7475
Validation : valid_rmse-1.2314, valid_pr-0.7475, 
test2013_rmse-1.3112, test2013_pr-0.8457, test2016_rmse-1.1730, test2016_pr-0.8499, test2019_rmse-1.3855, test2019_pr-0.6395
epoch-285, train_loss-0.1439, train_rmse-0.3793, valid_rmse-1.2560, valid_pr-0.7426
epoch-286, train_loss-0.1445, train_rmse-0.3801, valid_rmse-1.2331, valid_pr-0.7454
epoch-287, train_loss-0.1390, train_rmse-0.3729, valid_rmse-1.2447, valid_pr-0.7438
epoch-288, train_loss-0.1263, train_rmse-0.3554, valid_rmse-1.2333, valid_pr-0.7468
epoch-289, train_loss-0.1399, train_rmse-0.3741, valid_rmse-1.2368, valid_pr-0.7455
epoch-290, train_loss-0.1275, train_rmse-0.3571, valid_rmse-1.2282, valid_pr-0.7480
Validation : valid_rmse-1.2282, valid_pr-0.7480, 
test2013_rmse-1.2765, test2013_pr-0.8553, test2016_rmse-1.1648, test2016_pr-0.8528, test2019_rmse-1.3756, test2019_pr-0.6455
epoch-291, train_loss-0.1420, train_rmse-0.3769, valid_rmse-1.2257, valid_pr-0.7509
Validation : valid_rmse-1.2257, valid_pr-0.7509, 
test2013_rmse-1.2780, test2013_pr-0.8544, test2016_rmse-1.1560, test2016_pr-0.8516, test2019_rmse-1.3811, test2019_pr-0.6468
epoch-292, train_loss-0.1461, train_rmse-0.3823, valid_rmse-1.2376, valid_pr-0.7442
epoch-293, train_loss-0.1352, train_rmse-0.3677, valid_rmse-1.2318, valid_pr-0.7473
epoch-294, train_loss-0.1319, train_rmse-0.3632, valid_rmse-1.2344, valid_pr-0.7464
epoch-295, train_loss-0.1420, train_rmse-0.3769, valid_rmse-1.2645, valid_pr-0.7484
epoch-296, train_loss-0.1349, train_rmse-0.3673, valid_rmse-1.2366, valid_pr-0.7458
epoch-297, train_loss-0.1345, train_rmse-0.3667, valid_rmse-1.2377, valid_pr-0.7421
epoch-298, train_loss-0.1328, train_rmse-0.3645, valid_rmse-1.3111, valid_pr-0.7479
epoch-299, train_loss-0.1373, train_rmse-0.3705, valid_rmse-1.2347, valid_pr-0.7482
epoch-300, train_loss-0.1279, train_rmse-0.3576, valid_rmse-1.2391, valid_pr-0.7433
epoch-301, train_loss-0.1389, train_rmse-0.3727, valid_rmse-1.2216, valid_pr-0.7511
Validation : valid_rmse-1.2216, valid_pr-0.7511, 
test2013_rmse-1.3204, test2013_pr-0.8403, test2016_rmse-1.1769, test2016_pr-0.8457, test2019_rmse-1.3746, test2019_pr-0.6482
epoch-302, train_loss-0.1456, train_rmse-0.3816, valid_rmse-1.2352, valid_pr-0.7445
epoch-303, train_loss-0.1322, train_rmse-0.3636, valid_rmse-1.2232, valid_pr-0.7498
epoch-304, train_loss-0.1332, train_rmse-0.3649, valid_rmse-1.2319, valid_pr-0.7458
epoch-305, train_loss-0.1312, train_rmse-0.3622, valid_rmse-1.2266, valid_pr-0.7491
epoch-306, train_loss-0.1247, train_rmse-0.3531, valid_rmse-1.2298, valid_pr-0.7500
epoch-307, train_loss-0.1269, train_rmse-0.3562, valid_rmse-1.2385, valid_pr-0.7487
epoch-308, train_loss-0.1284, train_rmse-0.3583, valid_rmse-1.2456, valid_pr-0.7449
epoch-309, train_loss-0.1374, train_rmse-0.3707, valid_rmse-1.2312, valid_pr-0.7465
epoch-310, train_loss-0.1516, train_rmse-0.3894, valid_rmse-1.2331, valid_pr-0.7475
epoch-311, train_loss-0.1378, train_rmse-0.3712, valid_rmse-1.2371, valid_pr-0.7443
epoch-312, train_loss-0.1255, train_rmse-0.3543, valid_rmse-1.2324, valid_pr-0.7460
epoch-313, train_loss-0.1277, train_rmse-0.3574, valid_rmse-1.2550, valid_pr-0.7453
epoch-314, train_loss-0.1248, train_rmse-0.3533, valid_rmse-1.2334, valid_pr-0.7503
epoch-315, train_loss-0.1372, train_rmse-0.3704, valid_rmse-1.2405, valid_pr-0.7478
epoch-316, train_loss-0.1304, train_rmse-0.3612, valid_rmse-1.2337, valid_pr-0.7473
epoch-317, train_loss-0.1274, train_rmse-0.3569, valid_rmse-1.2549, valid_pr-0.7440
epoch-318, train_loss-0.1280, train_rmse-0.3578, valid_rmse-1.2356, valid_pr-0.7461
epoch-319, train_loss-0.1250, train_rmse-0.3536, valid_rmse-1.2700, valid_pr-0.7466
epoch-320, train_loss-0.1361, train_rmse-0.3689, valid_rmse-1.2381, valid_pr-0.7459
epoch-321, train_loss-0.1291, train_rmse-0.3593, valid_rmse-1.2399, valid_pr-0.7437
epoch-322, train_loss-0.1301, train_rmse-0.3607, valid_rmse-1.2487, valid_pr-0.7416
epoch-323, train_loss-0.1413, train_rmse-0.3759, valid_rmse-1.2424, valid_pr-0.7454
epoch-324, train_loss-0.1263, train_rmse-0.3553, valid_rmse-1.2487, valid_pr-0.7401
epoch-325, train_loss-0.1338, train_rmse-0.3658, valid_rmse-1.2372, valid_pr-0.7464
epoch-326, train_loss-0.1546, train_rmse-0.3932, valid_rmse-1.2584, valid_pr-0.7415
epoch-327, train_loss-0.1304, train_rmse-0.3611, valid_rmse-1.2477, valid_pr-0.7428
epoch-328, train_loss-0.1305, train_rmse-0.3612, valid_rmse-1.2452, valid_pr-0.7419
epoch-329, train_loss-0.1420, train_rmse-0.3769, valid_rmse-1.2545, valid_pr-0.7434
epoch-330, train_loss-0.1503, train_rmse-0.3877, valid_rmse-1.2404, valid_pr-0.7439
epoch-331, train_loss-0.1225, train_rmse-0.3501, valid_rmse-1.2554, valid_pr-0.7365
epoch-332, train_loss-0.1246, train_rmse-0.3530, valid_rmse-1.2474, valid_pr-0.7411
epoch-333, train_loss-0.1358, train_rmse-0.3685, valid_rmse-1.2583, valid_pr-0.7454
epoch-334, train_loss-0.1185, train_rmse-0.3442, valid_rmse-1.2628, valid_pr-0.7454
epoch-335, train_loss-0.1285, train_rmse-0.3584, valid_rmse-1.2405, valid_pr-0.7418
epoch-336, train_loss-0.1203, train_rmse-0.3468, valid_rmse-1.2451, valid_pr-0.7423
epoch-337, train_loss-0.1459, train_rmse-0.3820, valid_rmse-1.2652, valid_pr-0.7377
epoch-338, train_loss-0.1362, train_rmse-0.3690, valid_rmse-1.2294, valid_pr-0.7476
epoch-339, train_loss-0.1329, train_rmse-0.3646, valid_rmse-1.2326, valid_pr-0.7453
epoch-340, train_loss-0.1226, train_rmse-0.3501, valid_rmse-1.2467, valid_pr-0.7455
epoch-341, train_loss-0.1316, train_rmse-0.3627, valid_rmse-1.2364, valid_pr-0.7441
epoch-342, train_loss-0.1347, train_rmse-0.3671, valid_rmse-1.2368, valid_pr-0.7456
epoch-343, train_loss-0.1347, train_rmse-0.3670, valid_rmse-1.2508, valid_pr-0.7432
epoch-344, train_loss-0.1198, train_rmse-0.3461, valid_rmse-1.2291, valid_pr-0.7491
epoch-345, train_loss-0.1271, train_rmse-0.3565, valid_rmse-1.2321, valid_pr-0.7488
epoch-346, train_loss-0.1296, train_rmse-0.3600, valid_rmse-1.2293, valid_pr-0.7464
epoch-347, train_loss-0.1416, train_rmse-0.3763, valid_rmse-1.2257, valid_pr-0.7492
epoch-348, train_loss-0.1296, train_rmse-0.3600, valid_rmse-1.2312, valid_pr-0.7464
epoch-349, train_loss-0.1358, train_rmse-0.3686, valid_rmse-1.2632, valid_pr-0.7404
epoch-350, train_loss-0.1240, train_rmse-0.3521, valid_rmse-1.2359, valid_pr-0.7458
epoch-351, train_loss-0.1367, train_rmse-0.3697, valid_rmse-1.2404, valid_pr-0.7463
epoch-352, train_loss-0.1273, train_rmse-0.3568, valid_rmse-1.2360, valid_pr-0.7447
epoch-353, train_loss-0.1137, train_rmse-0.3372, valid_rmse-1.2422, valid_pr-0.7438
epoch-354, train_loss-0.1093, train_rmse-0.3306, valid_rmse-1.2389, valid_pr-0.7475
epoch-355, train_loss-0.0985, train_rmse-0.3138, valid_rmse-1.2331, valid_pr-0.7463
epoch-356, train_loss-0.1076, train_rmse-0.3280, valid_rmse-1.2241, valid_pr-0.7488
epoch-357, train_loss-0.1115, train_rmse-0.3339, valid_rmse-1.2270, valid_pr-0.7485
epoch-358, train_loss-0.1073, train_rmse-0.3276, valid_rmse-1.2323, valid_pr-0.7483
epoch-359, train_loss-0.0955, train_rmse-0.3090, valid_rmse-1.2316, valid_pr-0.7486
epoch-360, train_loss-0.1026, train_rmse-0.3202, valid_rmse-1.2296, valid_pr-0.7480
epoch-361, train_loss-0.1063, train_rmse-0.3261, valid_rmse-1.2203, valid_pr-0.7516
Validation : valid_rmse-1.2203, valid_pr-0.7516, 
test2013_rmse-1.2829, test2013_pr-0.8551, test2016_rmse-1.1506, test2016_pr-0.8554, test2019_rmse-1.3638, test2019_pr-0.6536
epoch-362, train_loss-0.1086, train_rmse-0.3295, valid_rmse-1.2278, valid_pr-0.7494
epoch-363, train_loss-0.1000, train_rmse-0.3163, valid_rmse-1.2220, valid_pr-0.7508
epoch-364, train_loss-0.0983, train_rmse-0.3136, valid_rmse-1.2185, valid_pr-0.7530
Validation : valid_rmse-1.2185, valid_pr-0.7530, 
test2013_rmse-1.2907, test2013_pr-0.8541, test2016_rmse-1.1697, test2016_pr-0.8509, test2019_rmse-1.3643, test2019_pr-0.6525
epoch-365, train_loss-0.0999, train_rmse-0.3160, valid_rmse-1.2150, valid_pr-0.7536
Validation : valid_rmse-1.2150, valid_pr-0.7536, 
test2013_rmse-1.2857, test2013_pr-0.8563, test2016_rmse-1.1612, test2016_pr-0.8521, test2019_rmse-1.3603, test2019_pr-0.6523
epoch-366, train_loss-0.1008, train_rmse-0.3176, valid_rmse-1.2151, valid_pr-0.7542
epoch-367, train_loss-0.1065, train_rmse-0.3263, valid_rmse-1.2215, valid_pr-0.7514
epoch-368, train_loss-0.0990, train_rmse-0.3146, valid_rmse-1.2289, valid_pr-0.7518
epoch-369, train_loss-0.1059, train_rmse-0.3254, valid_rmse-1.2349, valid_pr-0.7493
epoch-370, train_loss-0.1025, train_rmse-0.3202, valid_rmse-1.2235, valid_pr-0.7507
epoch-371, train_loss-0.0964, train_rmse-0.3105, valid_rmse-1.2340, valid_pr-0.7494
epoch-372, train_loss-0.1047, train_rmse-0.3236, valid_rmse-1.2233, valid_pr-0.7524
epoch-373, train_loss-0.0995, train_rmse-0.3154, valid_rmse-1.2219, valid_pr-0.7523
epoch-374, train_loss-0.1095, train_rmse-0.3309, valid_rmse-1.2246, valid_pr-0.7536
epoch-375, train_loss-0.0970, train_rmse-0.3114, valid_rmse-1.2231, valid_pr-0.7513
epoch-376, train_loss-0.1017, train_rmse-0.3190, valid_rmse-1.2222, valid_pr-0.7510
epoch-377, train_loss-0.1003, train_rmse-0.3167, valid_rmse-1.2204, valid_pr-0.7525
epoch-378, train_loss-0.1008, train_rmse-0.3175, valid_rmse-1.2262, valid_pr-0.7492
epoch-379, train_loss-0.1089, train_rmse-0.3299, valid_rmse-1.2194, valid_pr-0.7511
epoch-380, train_loss-0.1022, train_rmse-0.3197, valid_rmse-1.2209, valid_pr-0.7523
epoch-381, train_loss-0.1134, train_rmse-0.3367, valid_rmse-1.2279, valid_pr-0.7493
epoch-382, train_loss-0.1066, train_rmse-0.3265, valid_rmse-1.2223, valid_pr-0.7538
epoch-383, train_loss-0.0985, train_rmse-0.3139, valid_rmse-1.2190, valid_pr-0.7549
epoch-384, train_loss-0.1042, train_rmse-0.3228, valid_rmse-1.2200, valid_pr-0.7540
epoch-385, train_loss-0.1018, train_rmse-0.3190, valid_rmse-1.2192, valid_pr-0.7531
epoch-386, train_loss-0.0964, train_rmse-0.3105, valid_rmse-1.2183, valid_pr-0.7523
epoch-387, train_loss-0.1116, train_rmse-0.3341, valid_rmse-1.2380, valid_pr-0.7491
epoch-388, train_loss-0.1039, train_rmse-0.3223, valid_rmse-1.2302, valid_pr-0.7496
epoch-389, train_loss-0.1002, train_rmse-0.3166, valid_rmse-1.2226, valid_pr-0.7521
epoch-390, train_loss-0.0999, train_rmse-0.3161, valid_rmse-1.2168, valid_pr-0.7541
epoch-391, train_loss-0.1009, train_rmse-0.3176, valid_rmse-1.2154, valid_pr-0.7542
epoch-392, train_loss-0.0976, train_rmse-0.3125, valid_rmse-1.2184, valid_pr-0.7555
epoch-393, train_loss-0.0996, train_rmse-0.3156, valid_rmse-1.2206, valid_pr-0.7529
epoch-394, train_loss-0.1029, train_rmse-0.3208, valid_rmse-1.2320, valid_pr-0.7522
epoch-395, train_loss-0.0910, train_rmse-0.3016, valid_rmse-1.2229, valid_pr-0.7555
epoch-396, train_loss-0.1039, train_rmse-0.3224, valid_rmse-1.2319, valid_pr-0.7495
epoch-397, train_loss-0.0977, train_rmse-0.3126, valid_rmse-1.2258, valid_pr-0.7514
epoch-398, train_loss-0.1032, train_rmse-0.3212, valid_rmse-1.2171, valid_pr-0.7549
epoch-399, train_loss-0.0961, train_rmse-0.3099, valid_rmse-1.2129, valid_pr-0.7567
Validation : valid_rmse-1.2129, valid_pr-0.7567, 
test2013_rmse-1.2883, test2013_pr-0.8527, test2016_rmse-1.1480, test2016_pr-0.8555, test2019_rmse-1.3712, test2019_pr-0.6521
epoch-400, train_loss-0.0967, train_rmse-0.3109, valid_rmse-1.2535, valid_pr-0.7557
epoch-401, train_loss-0.1031, train_rmse-0.3211, valid_rmse-1.2099, valid_pr-0.7563
Validation : valid_rmse-1.2099, valid_pr-0.7563, 
test2013_rmse-1.2902, test2013_pr-0.8530, test2016_rmse-1.1520, test2016_pr-0.8548, test2019_rmse-1.3658, test2019_pr-0.6515
epoch-402, train_loss-0.0994, train_rmse-0.3153, valid_rmse-1.2132, valid_pr-0.7543
epoch-403, train_loss-0.1009, train_rmse-0.3176, valid_rmse-1.2080, valid_pr-0.7565
Validation : valid_rmse-1.2080, valid_pr-0.7565, 
test2013_rmse-1.3057, test2013_pr-0.8530, test2016_rmse-1.1567, test2016_pr-0.8566, test2019_rmse-1.3594, test2019_pr-0.6519
epoch-404, train_loss-0.1008, train_rmse-0.3176, valid_rmse-1.2306, valid_pr-0.7566
epoch-405, train_loss-0.1049, train_rmse-0.3238, valid_rmse-1.2199, valid_pr-0.7521
epoch-406, train_loss-0.1022, train_rmse-0.3197, valid_rmse-1.2410, valid_pr-0.7516
epoch-407, train_loss-0.1066, train_rmse-0.3265, valid_rmse-1.2176, valid_pr-0.7530
epoch-408, train_loss-0.0946, train_rmse-0.3075, valid_rmse-1.2217, valid_pr-0.7527
epoch-409, train_loss-0.0947, train_rmse-0.3078, valid_rmse-1.2163, valid_pr-0.7541
epoch-410, train_loss-0.0957, train_rmse-0.3093, valid_rmse-1.2117, valid_pr-0.7551
epoch-411, train_loss-0.0984, train_rmse-0.3137, valid_rmse-1.2181, valid_pr-0.7530
epoch-412, train_loss-0.1041, train_rmse-0.3226, valid_rmse-1.2102, valid_pr-0.7560
epoch-413, train_loss-0.0967, train_rmse-0.3109, valid_rmse-1.2165, valid_pr-0.7546
epoch-414, train_loss-0.0957, train_rmse-0.3093, valid_rmse-1.2102, valid_pr-0.7565
epoch-415, train_loss-0.0998, train_rmse-0.3160, valid_rmse-1.2126, valid_pr-0.7555
epoch-416, train_loss-0.1016, train_rmse-0.3188, valid_rmse-1.2072, valid_pr-0.7569
Validation : valid_rmse-1.2072, valid_pr-0.7569, 
test2013_rmse-1.3062, test2013_pr-0.8480, test2016_rmse-1.1602, test2016_pr-0.8530, test2019_rmse-1.3607, test2019_pr-0.6533
epoch-417, train_loss-0.0974, train_rmse-0.3122, valid_rmse-1.2095, valid_pr-0.7571
epoch-418, train_loss-0.1076, train_rmse-0.3280, valid_rmse-1.2219, valid_pr-0.7542
epoch-419, train_loss-0.1045, train_rmse-0.3232, valid_rmse-1.2129, valid_pr-0.7543
epoch-420, train_loss-0.1019, train_rmse-0.3193, valid_rmse-1.2087, valid_pr-0.7560
epoch-421, train_loss-0.0973, train_rmse-0.3120, valid_rmse-1.2175, valid_pr-0.7554
epoch-422, train_loss-0.0935, train_rmse-0.3058, valid_rmse-1.2123, valid_pr-0.7552
epoch-423, train_loss-0.0939, train_rmse-0.3064, valid_rmse-1.2202, valid_pr-0.7528
epoch-424, train_loss-0.1071, train_rmse-0.3273, valid_rmse-1.2076, valid_pr-0.7568
epoch-425, train_loss-0.0963, train_rmse-0.3103, valid_rmse-1.2199, valid_pr-0.7542
epoch-426, train_loss-0.0929, train_rmse-0.3047, valid_rmse-1.2255, valid_pr-0.7494
epoch-427, train_loss-0.1023, train_rmse-0.3198, valid_rmse-1.2226, valid_pr-0.7542
epoch-428, train_loss-0.1143, train_rmse-0.3381, valid_rmse-1.2255, valid_pr-0.7540
epoch-429, train_loss-0.1002, train_rmse-0.3166, valid_rmse-1.2221, valid_pr-0.7521
epoch-430, train_loss-0.0910, train_rmse-0.3016, valid_rmse-1.2226, valid_pr-0.7551
epoch-431, train_loss-0.0953, train_rmse-0.3087, valid_rmse-1.2063, valid_pr-0.7573
Validation : valid_rmse-1.2063, valid_pr-0.7573, 
test2013_rmse-1.3082, test2013_pr-0.8507, test2016_rmse-1.1626, test2016_pr-0.8527, test2019_rmse-1.3588, test2019_pr-0.6534
epoch-432, train_loss-0.1026, train_rmse-0.3203, valid_rmse-1.2159, valid_pr-0.7570
epoch-433, train_loss-0.1021, train_rmse-0.3195, valid_rmse-1.2081, valid_pr-0.7567
epoch-434, train_loss-0.0942, train_rmse-0.3069, valid_rmse-1.2154, valid_pr-0.7543
epoch-435, train_loss-0.0993, train_rmse-0.3151, valid_rmse-1.2238, valid_pr-0.7524
epoch-436, train_loss-0.0934, train_rmse-0.3056, valid_rmse-1.2203, valid_pr-0.7509
epoch-437, train_loss-0.0981, train_rmse-0.3133, valid_rmse-1.2124, valid_pr-0.7545
epoch-438, train_loss-0.1031, train_rmse-0.3211, valid_rmse-1.2394, valid_pr-0.7502
epoch-439, train_loss-0.0993, train_rmse-0.3151, valid_rmse-1.2174, valid_pr-0.7541
epoch-440, train_loss-0.1080, train_rmse-0.3287, valid_rmse-1.2318, valid_pr-0.7508
epoch-441, train_loss-0.0915, train_rmse-0.3026, valid_rmse-1.2159, valid_pr-0.7535
epoch-442, train_loss-0.0953, train_rmse-0.3088, valid_rmse-1.2154, valid_pr-0.7556
epoch-443, train_loss-0.0956, train_rmse-0.3092, valid_rmse-1.2159, valid_pr-0.7556
epoch-444, train_loss-0.0944, train_rmse-0.3072, valid_rmse-1.2175, valid_pr-0.7543
epoch-445, train_loss-0.0884, train_rmse-0.2974, valid_rmse-1.2127, valid_pr-0.7544
epoch-446, train_loss-0.0980, train_rmse-0.3130, valid_rmse-1.2313, valid_pr-0.7501
epoch-447, train_loss-0.1001, train_rmse-0.3165, valid_rmse-1.2190, valid_pr-0.7535
epoch-448, train_loss-0.1003, train_rmse-0.3167, valid_rmse-1.2227, valid_pr-0.7507
epoch-449, train_loss-0.0959, train_rmse-0.3096, valid_rmse-1.2082, valid_pr-0.7562
epoch-450, train_loss-0.0959, train_rmse-0.3096, valid_rmse-1.2202, valid_pr-0.7510
epoch-451, train_loss-0.0961, train_rmse-0.3100, valid_rmse-1.2178, valid_pr-0.7523
epoch-452, train_loss-0.0923, train_rmse-0.3039, valid_rmse-1.2280, valid_pr-0.7548
epoch-453, train_loss-0.1077, train_rmse-0.3282, valid_rmse-1.2243, valid_pr-0.7493
epoch-454, train_loss-0.0999, train_rmse-0.3160, valid_rmse-1.2376, valid_pr-0.7472
epoch-455, train_loss-0.1055, train_rmse-0.3249, valid_rmse-1.2176, valid_pr-0.7526
epoch-456, train_loss-0.0995, train_rmse-0.3154, valid_rmse-1.2332, valid_pr-0.7540
epoch-457, train_loss-0.0903, train_rmse-0.3005, valid_rmse-1.2066, valid_pr-0.7571
epoch-458, train_loss-0.1014, train_rmse-0.3184, valid_rmse-1.2186, valid_pr-0.7544
epoch-459, train_loss-0.1045, train_rmse-0.3233, valid_rmse-1.2305, valid_pr-0.7550
epoch-460, train_loss-0.0970, train_rmse-0.3114, valid_rmse-1.2164, valid_pr-0.7539
epoch-461, train_loss-0.1002, train_rmse-0.3165, valid_rmse-1.2146, valid_pr-0.7535
epoch-462, train_loss-0.0956, train_rmse-0.3092, valid_rmse-1.2275, valid_pr-0.7517
epoch-463, train_loss-0.1079, train_rmse-0.3285, valid_rmse-1.2308, valid_pr-0.7524
epoch-464, train_loss-0.0919, train_rmse-0.3032, valid_rmse-1.2232, valid_pr-0.7562
epoch-465, train_loss-0.0924, train_rmse-0.3039, valid_rmse-1.2176, valid_pr-0.7534
epoch-466, train_loss-0.0914, train_rmse-0.3024, valid_rmse-1.2156, valid_pr-0.7536
epoch-467, train_loss-0.0925, train_rmse-0.3041, valid_rmse-1.2160, valid_pr-0.7574
epoch-468, train_loss-0.0857, train_rmse-0.2928, valid_rmse-1.2120, valid_pr-0.7550
epoch-469, train_loss-0.0982, train_rmse-0.3134, valid_rmse-1.2151, valid_pr-0.7533
epoch-470, train_loss-0.1015, train_rmse-0.3186, valid_rmse-1.2088, valid_pr-0.7566
epoch-471, train_loss-0.1058, train_rmse-0.3253, valid_rmse-1.2113, valid_pr-0.7560
epoch-472, train_loss-0.0947, train_rmse-0.3077, valid_rmse-1.2212, valid_pr-0.7544
epoch-473, train_loss-0.0895, train_rmse-0.2991, valid_rmse-1.2128, valid_pr-0.7552
epoch-474, train_loss-0.0908, train_rmse-0.3013, valid_rmse-1.2129, valid_pr-0.7575
epoch-475, train_loss-0.0976, train_rmse-0.3124, valid_rmse-1.2155, valid_pr-0.7533
epoch-476, train_loss-0.0935, train_rmse-0.3057, valid_rmse-1.2029, valid_pr-0.7594
Validation : valid_rmse-1.2029, valid_pr-0.7594, 
test2013_rmse-1.2897, test2013_pr-0.8512, test2016_rmse-1.1441, test2016_pr-0.8568, test2019_rmse-1.3589, test2019_pr-0.6557
epoch-477, train_loss-0.0931, train_rmse-0.3050, valid_rmse-1.2207, valid_pr-0.7530
epoch-478, train_loss-0.0979, train_rmse-0.3129, valid_rmse-1.2109, valid_pr-0.7562
epoch-479, train_loss-0.0883, train_rmse-0.2972, valid_rmse-1.2221, valid_pr-0.7533
epoch-480, train_loss-0.0889, train_rmse-0.2982, valid_rmse-1.2158, valid_pr-0.7540
epoch-481, train_loss-0.0963, train_rmse-0.3103, valid_rmse-1.2184, valid_pr-0.7540
epoch-482, train_loss-0.0975, train_rmse-0.3123, valid_rmse-1.2146, valid_pr-0.7557
epoch-483, train_loss-0.0891, train_rmse-0.2986, valid_rmse-1.2118, valid_pr-0.7565
epoch-484, train_loss-0.1016, train_rmse-0.3187, valid_rmse-1.2231, valid_pr-0.7540
epoch-485, train_loss-0.0875, train_rmse-0.2959, valid_rmse-1.2097, valid_pr-0.7566
epoch-486, train_loss-0.0997, train_rmse-0.3158, valid_rmse-1.2168, valid_pr-0.7554
epoch-487, train_loss-0.0951, train_rmse-0.3085, valid_rmse-1.2184, valid_pr-0.7552
epoch-488, train_loss-0.0892, train_rmse-0.2987, valid_rmse-1.2089, valid_pr-0.7565
epoch-489, train_loss-0.0922, train_rmse-0.3036, valid_rmse-1.2045, valid_pr-0.7579
epoch-490, train_loss-0.0942, train_rmse-0.3070, valid_rmse-1.2114, valid_pr-0.7551
epoch-491, train_loss-0.0919, train_rmse-0.3032, valid_rmse-1.2141, valid_pr-0.7553
epoch-492, train_loss-0.0939, train_rmse-0.3065, valid_rmse-1.2305, valid_pr-0.7522
epoch-493, train_loss-0.1066, train_rmse-0.3265, valid_rmse-1.2223, valid_pr-0.7534
epoch-494, train_loss-0.0957, train_rmse-0.3094, valid_rmse-1.2084, valid_pr-0.7563
epoch-495, train_loss-0.0916, train_rmse-0.3027, valid_rmse-1.2072, valid_pr-0.7567
epoch-496, train_loss-0.1012, train_rmse-0.3181, valid_rmse-1.2048, valid_pr-0.7587
epoch-497, train_loss-0.0944, train_rmse-0.3073, valid_rmse-1.2201, valid_pr-0.7545
epoch-498, train_loss-0.0996, train_rmse-0.3156, valid_rmse-1.2064, valid_pr-0.7582
epoch-499, train_loss-0.0980, train_rmse-0.3131, valid_rmse-1.2175, valid_pr-0.7540
epoch-500, train_loss-0.0954, train_rmse-0.3089, valid_rmse-1.2040, valid_pr-0.7584
epoch-501, train_loss-0.1011, train_rmse-0.3179, valid_rmse-1.2104, valid_pr-0.7575
epoch-502, train_loss-0.0909, train_rmse-0.3015, valid_rmse-1.2075, valid_pr-0.7568
epoch-503, train_loss-0.0954, train_rmse-0.3088, valid_rmse-1.2108, valid_pr-0.7561
epoch-504, train_loss-0.0902, train_rmse-0.3003, valid_rmse-1.2108, valid_pr-0.7565
epoch-505, train_loss-0.0957, train_rmse-0.3093, valid_rmse-1.2054, valid_pr-0.7576
epoch-506, train_loss-0.1055, train_rmse-0.3247, valid_rmse-1.2103, valid_pr-0.7563
epoch-507, train_loss-0.0977, train_rmse-0.3126, valid_rmse-1.2197, valid_pr-0.7540
epoch-508, train_loss-0.0976, train_rmse-0.3123, valid_rmse-1.2112, valid_pr-0.7568
epoch-509, train_loss-0.0960, train_rmse-0.3098, valid_rmse-1.2147, valid_pr-0.7535
epoch-510, train_loss-0.0925, train_rmse-0.3042, valid_rmse-1.2230, valid_pr-0.7526
epoch-511, train_loss-0.0932, train_rmse-0.3053, valid_rmse-1.2169, valid_pr-0.7540
epoch-512, train_loss-0.0934, train_rmse-0.3055, valid_rmse-1.2185, valid_pr-0.7538
epoch-513, train_loss-0.0920, train_rmse-0.3033, valid_rmse-1.2111, valid_pr-0.7577
epoch-514, train_loss-0.0938, train_rmse-0.3062, valid_rmse-1.2146, valid_pr-0.7555
epoch-515, train_loss-0.0932, train_rmse-0.3054, valid_rmse-1.2072, valid_pr-0.7569
epoch-516, train_loss-0.0966, train_rmse-0.3108, valid_rmse-1.2132, valid_pr-0.7553
epoch-517, train_loss-0.0893, train_rmse-0.2989, valid_rmse-1.2128, valid_pr-0.7557
epoch-518, train_loss-0.0938, train_rmse-0.3063, valid_rmse-1.2278, valid_pr-0.7519
epoch-519, train_loss-0.0943, train_rmse-0.3071, valid_rmse-1.2115, valid_pr-0.7552
epoch-520, train_loss-0.0883, train_rmse-0.2972, valid_rmse-1.2067, valid_pr-0.7571
epoch-521, train_loss-0.0910, train_rmse-0.3016, valid_rmse-1.2354, valid_pr-0.7544
epoch-522, train_loss-0.0898, train_rmse-0.2997, valid_rmse-1.2240, valid_pr-0.7508
epoch-523, train_loss-0.1003, train_rmse-0.3167, valid_rmse-1.2107, valid_pr-0.7559
epoch-524, train_loss-0.0890, train_rmse-0.2984, valid_rmse-1.2196, valid_pr-0.7523
epoch-525, train_loss-0.0916, train_rmse-0.3027, valid_rmse-1.2233, valid_pr-0.7552
epoch-526, train_loss-0.0890, train_rmse-0.2983, valid_rmse-1.2289, valid_pr-0.7531
epoch-527, train_loss-0.0867, train_rmse-0.2944, valid_rmse-1.2085, valid_pr-0.7569
epoch-528, train_loss-0.0902, train_rmse-0.3003, valid_rmse-1.2089, valid_pr-0.7571
epoch-529, train_loss-0.0900, train_rmse-0.3000, valid_rmse-1.2118, valid_pr-0.7559
epoch-530, train_loss-0.0801, train_rmse-0.2830, valid_rmse-1.2141, valid_pr-0.7569
epoch-531, train_loss-0.0832, train_rmse-0.2885, valid_rmse-1.2110, valid_pr-0.7571
epoch-532, train_loss-0.0859, train_rmse-0.2931, valid_rmse-1.2105, valid_pr-0.7566
epoch-533, train_loss-0.0841, train_rmse-0.2900, valid_rmse-1.2119, valid_pr-0.7559
epoch-534, train_loss-0.0819, train_rmse-0.2861, valid_rmse-1.2095, valid_pr-0.7563
epoch-535, train_loss-0.0892, train_rmse-0.2987, valid_rmse-1.2123, valid_pr-0.7559
epoch-536, train_loss-0.0851, train_rmse-0.2917, valid_rmse-1.2052, valid_pr-0.7581
epoch-537, train_loss-0.0862, train_rmse-0.2937, valid_rmse-1.2087, valid_pr-0.7569
epoch-538, train_loss-0.0819, train_rmse-0.2863, valid_rmse-1.2024, valid_pr-0.7593
Validation : valid_rmse-1.2024, valid_pr-0.7593, 
test2013_rmse-1.2909, test2013_pr-0.8544, test2016_rmse-1.1530, test2016_pr-0.8554, test2019_rmse-1.3523, test2019_pr-0.6577
epoch-539, train_loss-0.0771, train_rmse-0.2777, valid_rmse-1.2039, valid_pr-0.7587
epoch-540, train_loss-0.0829, train_rmse-0.2880, valid_rmse-1.2086, valid_pr-0.7575
epoch-541, train_loss-0.0729, train_rmse-0.2700, valid_rmse-1.2031, valid_pr-0.7590
epoch-542, train_loss-0.0813, train_rmse-0.2852, valid_rmse-1.2080, valid_pr-0.7577
epoch-543, train_loss-0.0786, train_rmse-0.2804, valid_rmse-1.2076, valid_pr-0.7568
epoch-544, train_loss-0.0885, train_rmse-0.2974, valid_rmse-1.2060, valid_pr-0.7579
epoch-545, train_loss-0.0795, train_rmse-0.2820, valid_rmse-1.2052, valid_pr-0.7585
epoch-546, train_loss-0.0763, train_rmse-0.2763, valid_rmse-1.2054, valid_pr-0.7596
epoch-547, train_loss-0.0797, train_rmse-0.2823, valid_rmse-1.2065, valid_pr-0.7572
epoch-548, train_loss-0.0907, train_rmse-0.3012, valid_rmse-1.2112, valid_pr-0.7560
epoch-549, train_loss-0.0835, train_rmse-0.2889, valid_rmse-1.2093, valid_pr-0.7571
epoch-550, train_loss-0.0837, train_rmse-0.2893, valid_rmse-1.2088, valid_pr-0.7563
epoch-551, train_loss-0.0825, train_rmse-0.2872, valid_rmse-1.2037, valid_pr-0.7583
epoch-552, train_loss-0.0757, train_rmse-0.2752, valid_rmse-1.2097, valid_pr-0.7575
epoch-553, train_loss-0.0801, train_rmse-0.2830, valid_rmse-1.2104, valid_pr-0.7563
epoch-554, train_loss-0.0833, train_rmse-0.2887, valid_rmse-1.2045, valid_pr-0.7587
epoch-555, train_loss-0.0854, train_rmse-0.2922, valid_rmse-1.2050, valid_pr-0.7587
epoch-556, train_loss-0.0906, train_rmse-0.3010, valid_rmse-1.2092, valid_pr-0.7568
epoch-557, train_loss-0.0844, train_rmse-0.2906, valid_rmse-1.2049, valid_pr-0.7590
epoch-558, train_loss-0.0850, train_rmse-0.2915, valid_rmse-1.2123, valid_pr-0.7556
epoch-559, train_loss-0.0902, train_rmse-0.3003, valid_rmse-1.2092, valid_pr-0.7566
epoch-560, train_loss-0.0836, train_rmse-0.2892, valid_rmse-1.2134, valid_pr-0.7549
epoch-561, train_loss-0.0820, train_rmse-0.2864, valid_rmse-1.2152, valid_pr-0.7544
epoch-562, train_loss-0.0873, train_rmse-0.2955, valid_rmse-1.2102, valid_pr-0.7560
epoch-563, train_loss-0.0862, train_rmse-0.2937, valid_rmse-1.2174, valid_pr-0.7542
epoch-564, train_loss-0.0776, train_rmse-0.2785, valid_rmse-1.2057, valid_pr-0.7593
epoch-565, train_loss-0.0849, train_rmse-0.2915, valid_rmse-1.2102, valid_pr-0.7562
epoch-566, train_loss-0.0805, train_rmse-0.2838, valid_rmse-1.2083, valid_pr-0.7576
epoch-567, train_loss-0.0829, train_rmse-0.2880, valid_rmse-1.2075, valid_pr-0.7581
epoch-568, train_loss-0.0824, train_rmse-0.2870, valid_rmse-1.2060, valid_pr-0.7580
epoch-569, train_loss-0.0799, train_rmse-0.2826, valid_rmse-1.2080, valid_pr-0.7570
epoch-570, train_loss-0.0910, train_rmse-0.3016, valid_rmse-1.2087, valid_pr-0.7587
epoch-571, train_loss-0.0989, train_rmse-0.3145, valid_rmse-1.2133, valid_pr-0.7558
epoch-572, train_loss-0.0804, train_rmse-0.2835, valid_rmse-1.2118, valid_pr-0.7559
epoch-573, train_loss-0.0827, train_rmse-0.2876, valid_rmse-1.2073, valid_pr-0.7572
epoch-574, train_loss-0.0911, train_rmse-0.3018, valid_rmse-1.2071, valid_pr-0.7572
epoch-575, train_loss-0.0793, train_rmse-0.2816, valid_rmse-1.2023, valid_pr-0.7590
Validation : valid_rmse-1.2023, valid_pr-0.7590, 
test2013_rmse-1.3070, test2013_pr-0.8496, test2016_rmse-1.1508, test2016_pr-0.8573, test2019_rmse-1.3489, test2019_pr-0.6594
epoch-576, train_loss-0.0869, train_rmse-0.2947, valid_rmse-1.2078, valid_pr-0.7586
epoch-577, train_loss-0.0767, train_rmse-0.2769, valid_rmse-1.2022, valid_pr-0.7594
Validation : valid_rmse-1.2022, valid_pr-0.7594, 
test2013_rmse-1.2785, test2013_pr-0.8579, test2016_rmse-1.1402, test2016_pr-0.8596, test2019_rmse-1.3517, test2019_pr-0.6588
epoch-578, train_loss-0.0785, train_rmse-0.2802, valid_rmse-1.1956, valid_pr-0.7620
Validation : valid_rmse-1.1956, valid_pr-0.7620, 
test2013_rmse-1.3029, test2013_pr-0.8531, test2016_rmse-1.1543, test2016_pr-0.8563, test2019_rmse-1.3500, test2019_pr-0.6575
epoch-579, train_loss-0.0792, train_rmse-0.2814, valid_rmse-1.2059, valid_pr-0.7586
epoch-580, train_loss-0.0779, train_rmse-0.2792, valid_rmse-1.2042, valid_pr-0.7587
epoch-581, train_loss-0.0786, train_rmse-0.2803, valid_rmse-1.1984, valid_pr-0.7606
epoch-582, train_loss-0.0801, train_rmse-0.2831, valid_rmse-1.2008, valid_pr-0.7597
epoch-583, train_loss-0.0814, train_rmse-0.2852, valid_rmse-1.2015, valid_pr-0.7597
epoch-584, train_loss-0.0818, train_rmse-0.2861, valid_rmse-1.2066, valid_pr-0.7601
epoch-585, train_loss-0.0807, train_rmse-0.2841, valid_rmse-1.2056, valid_pr-0.7581
epoch-586, train_loss-0.0890, train_rmse-0.2984, valid_rmse-1.2097, valid_pr-0.7576
epoch-587, train_loss-0.0827, train_rmse-0.2875, valid_rmse-1.2085, valid_pr-0.7573
epoch-588, train_loss-0.0887, train_rmse-0.2978, valid_rmse-1.2070, valid_pr-0.7580
epoch-589, train_loss-0.0808, train_rmse-0.2843, valid_rmse-1.2076, valid_pr-0.7569
epoch-590, train_loss-0.0757, train_rmse-0.2752, valid_rmse-1.2012, valid_pr-0.7594
epoch-591, train_loss-0.0828, train_rmse-0.2878, valid_rmse-1.2112, valid_pr-0.7574
epoch-592, train_loss-0.0888, train_rmse-0.2980, valid_rmse-1.2080, valid_pr-0.7571
epoch-593, train_loss-0.0833, train_rmse-0.2886, valid_rmse-1.2055, valid_pr-0.7582
epoch-594, train_loss-0.0775, train_rmse-0.2783, valid_rmse-1.2165, valid_pr-0.7563
epoch-595, train_loss-0.0852, train_rmse-0.2918, valid_rmse-1.2073, valid_pr-0.7580
epoch-596, train_loss-0.0810, train_rmse-0.2847, valid_rmse-1.2063, valid_pr-0.7577
epoch-597, train_loss-0.0810, train_rmse-0.2846, valid_rmse-1.2052, valid_pr-0.7582
epoch-598, train_loss-0.0836, train_rmse-0.2892, valid_rmse-1.2029, valid_pr-0.7605
epoch-599, train_loss-0.0876, train_rmse-0.2959, valid_rmse-1.2086, valid_pr-0.7585
epoch-600, train_loss-0.0823, train_rmse-0.2869, valid_rmse-1.2080, valid_pr-0.7571
epoch-601, train_loss-0.0830, train_rmse-0.2881, valid_rmse-1.2045, valid_pr-0.7584
epoch-602, train_loss-0.0847, train_rmse-0.2910, valid_rmse-1.2034, valid_pr-0.7593
epoch-603, train_loss-0.0789, train_rmse-0.2808, valid_rmse-1.2037, valid_pr-0.7588
epoch-604, train_loss-0.0863, train_rmse-0.2938, valid_rmse-1.2032, valid_pr-0.7595
epoch-605, train_loss-0.0817, train_rmse-0.2857, valid_rmse-1.2069, valid_pr-0.7578
epoch-606, train_loss-0.0803, train_rmse-0.2834, valid_rmse-1.2055, valid_pr-0.7597
epoch-607, train_loss-0.0824, train_rmse-0.2871, valid_rmse-1.2029, valid_pr-0.7601
epoch-608, train_loss-0.0796, train_rmse-0.2821, valid_rmse-1.2031, valid_pr-0.7595
epoch-609, train_loss-0.0782, train_rmse-0.2796, valid_rmse-1.2092, valid_pr-0.7603
epoch-610, train_loss-0.0761, train_rmse-0.2759, valid_rmse-1.2042, valid_pr-0.7585
epoch-611, train_loss-0.0860, train_rmse-0.2932, valid_rmse-1.2069, valid_pr-0.7576
epoch-612, train_loss-0.0832, train_rmse-0.2885, valid_rmse-1.2061, valid_pr-0.7587
epoch-613, train_loss-0.0827, train_rmse-0.2877, valid_rmse-1.2181, valid_pr-0.7547
epoch-614, train_loss-0.0815, train_rmse-0.2855, valid_rmse-1.2028, valid_pr-0.7593
epoch-615, train_loss-0.0833, train_rmse-0.2886, valid_rmse-1.2061, valid_pr-0.7588
epoch-616, train_loss-0.0790, train_rmse-0.2811, valid_rmse-1.2020, valid_pr-0.7596
epoch-617, train_loss-0.0765, train_rmse-0.2766, valid_rmse-1.2007, valid_pr-0.7601
epoch-618, train_loss-0.0852, train_rmse-0.2919, valid_rmse-1.2014, valid_pr-0.7597
epoch-619, train_loss-0.0798, train_rmse-0.2824, valid_rmse-1.2048, valid_pr-0.7585
epoch-620, train_loss-0.0805, train_rmse-0.2837, valid_rmse-1.2073, valid_pr-0.7577
epoch-621, train_loss-0.0842, train_rmse-0.2902, valid_rmse-1.2041, valid_pr-0.7587
epoch-622, train_loss-0.0764, train_rmse-0.2764, valid_rmse-1.2108, valid_pr-0.7588
epoch-623, train_loss-0.0774, train_rmse-0.2782, valid_rmse-1.2081, valid_pr-0.7582
epoch-624, train_loss-0.0785, train_rmse-0.2802, valid_rmse-1.2058, valid_pr-0.7589
epoch-625, train_loss-0.0778, train_rmse-0.2789, valid_rmse-1.1974, valid_pr-0.7612
epoch-626, train_loss-0.0804, train_rmse-0.2835, valid_rmse-1.2041, valid_pr-0.7587
epoch-627, train_loss-0.0797, train_rmse-0.2824, valid_rmse-1.2055, valid_pr-0.7579
epoch-628, train_loss-0.0823, train_rmse-0.2870, valid_rmse-1.2016, valid_pr-0.7597
epoch-629, train_loss-0.0792, train_rmse-0.2814, valid_rmse-1.2062, valid_pr-0.7578
epoch-630, train_loss-0.0775, train_rmse-0.2784, valid_rmse-1.2049, valid_pr-0.7586
epoch-631, train_loss-0.0758, train_rmse-0.2753, valid_rmse-1.2059, valid_pr-0.7582
epoch-632, train_loss-0.0748, train_rmse-0.2735, valid_rmse-1.2028, valid_pr-0.7592
epoch-633, train_loss-0.0785, train_rmse-0.2801, valid_rmse-1.2038, valid_pr-0.7589
epoch-634, train_loss-0.0726, train_rmse-0.2694, valid_rmse-1.2031, valid_pr-0.7593
epoch-635, train_loss-0.0838, train_rmse-0.2895, valid_rmse-1.2034, valid_pr-0.7591
epoch-636, train_loss-0.0717, train_rmse-0.2677, valid_rmse-1.2040, valid_pr-0.7594
epoch-637, train_loss-0.0829, train_rmse-0.2880, valid_rmse-1.2048, valid_pr-0.7605
epoch-638, train_loss-0.0722, train_rmse-0.2686, valid_rmse-1.2076, valid_pr-0.7589
epoch-639, train_loss-0.0794, train_rmse-0.2819, valid_rmse-1.2052, valid_pr-0.7586
epoch-640, train_loss-0.0790, train_rmse-0.2810, valid_rmse-1.2038, valid_pr-0.7593
epoch-641, train_loss-0.0753, train_rmse-0.2745, valid_rmse-1.2033, valid_pr-0.7595
epoch-642, train_loss-0.0830, train_rmse-0.2881, valid_rmse-1.2039, valid_pr-0.7588
epoch-643, train_loss-0.0768, train_rmse-0.2770, valid_rmse-1.2044, valid_pr-0.7585
epoch-644, train_loss-0.0831, train_rmse-0.2883, valid_rmse-1.2009, valid_pr-0.7600
epoch-645, train_loss-0.0749, train_rmse-0.2736, valid_rmse-1.2025, valid_pr-0.7594
epoch-646, train_loss-0.0756, train_rmse-0.2749, valid_rmse-1.2006, valid_pr-0.7604
epoch-647, train_loss-0.0724, train_rmse-0.2691, valid_rmse-1.2043, valid_pr-0.7594
epoch-648, train_loss-0.0849, train_rmse-0.2914, valid_rmse-1.2028, valid_pr-0.7603
epoch-649, train_loss-0.0701, train_rmse-0.2649, valid_rmse-1.2032, valid_pr-0.7591
epoch-650, train_loss-0.0741, train_rmse-0.2722, valid_rmse-1.2040, valid_pr-0.7585
epoch-651, train_loss-0.0752, train_rmse-0.2742, valid_rmse-1.2039, valid_pr-0.7593
epoch-652, train_loss-0.0718, train_rmse-0.2679, valid_rmse-1.2026, valid_pr-0.7593
epoch-653, train_loss-0.0780, train_rmse-0.2793, valid_rmse-1.1992, valid_pr-0.7610
epoch-654, train_loss-0.0733, train_rmse-0.2708, valid_rmse-1.2023, valid_pr-0.7597
epoch-655, train_loss-0.0791, train_rmse-0.2812, valid_rmse-1.2037, valid_pr-0.7588
epoch-656, train_loss-0.0789, train_rmse-0.2808, valid_rmse-1.2004, valid_pr-0.7602
epoch-657, train_loss-0.0729, train_rmse-0.2701, valid_rmse-1.2030, valid_pr-0.7592
epoch-658, train_loss-0.0735, train_rmse-0.2712, valid_rmse-1.1987, valid_pr-0.7609
epoch-659, train_loss-0.0815, train_rmse-0.2855, valid_rmse-1.1994, valid_pr-0.7608
epoch-660, train_loss-0.0773, train_rmse-0.2780, valid_rmse-1.2010, valid_pr-0.7603
epoch-661, train_loss-0.0733, train_rmse-0.2707, valid_rmse-1.2053, valid_pr-0.7587
epoch-662, train_loss-0.0775, train_rmse-0.2784, valid_rmse-1.2022, valid_pr-0.7600
epoch-663, train_loss-0.0778, train_rmse-0.2789, valid_rmse-1.1975, valid_pr-0.7612
epoch-664, train_loss-0.0800, train_rmse-0.2828, valid_rmse-1.2031, valid_pr-0.7601
epoch-665, train_loss-0.0759, train_rmse-0.2755, valid_rmse-1.2013, valid_pr-0.7597
epoch-666, train_loss-0.0675, train_rmse-0.2599, valid_rmse-1.2025, valid_pr-0.7604
epoch-667, train_loss-0.0762, train_rmse-0.2760, valid_rmse-1.2017, valid_pr-0.7599
epoch-668, train_loss-0.0773, train_rmse-0.2779, valid_rmse-1.2010, valid_pr-0.7599
epoch-669, train_loss-0.0774, train_rmse-0.2782, valid_rmse-1.1978, valid_pr-0.7612
epoch-670, train_loss-0.0762, train_rmse-0.2760, valid_rmse-1.1997, valid_pr-0.7608
epoch-671, train_loss-0.0757, train_rmse-0.2751, valid_rmse-1.2020, valid_pr-0.7600
epoch-672, train_loss-0.0734, train_rmse-0.2709, valid_rmse-1.1995, valid_pr-0.7604
epoch-673, train_loss-0.0732, train_rmse-0.2706, valid_rmse-1.2017, valid_pr-0.7603
epoch-674, train_loss-0.0750, train_rmse-0.2738, valid_rmse-1.2018, valid_pr-0.7599
epoch-675, train_loss-0.0718, train_rmse-0.2680, valid_rmse-1.2036, valid_pr-0.7589
epoch-676, train_loss-0.0739, train_rmse-0.2719, valid_rmse-1.2049, valid_pr-0.7588
epoch-677, train_loss-0.0777, train_rmse-0.2788, valid_rmse-1.2030, valid_pr-0.7604
epoch-678, train_loss-0.0756, train_rmse-0.2749, valid_rmse-1.1995, valid_pr-0.7603
epoch-679, train_loss-0.0831, train_rmse-0.2883, valid_rmse-1.2008, valid_pr-0.7598
early stop in epoch 679
best_rmse: 1.1956
valid_rmse-1.1956, valid_pr-0.7620, test2013_rmse-1.3029, test2013_pr-0.8531, test2016_rmse-1.1543, test2016_pr-0.8563, test2019_rmse-1.3500, test2019_pr-0.6575
