ours-lrs-0.001-abl-g, lr=0.001, seed=233
train_GIGN.py
train data: 11904
valid data: 1000
test2013 data: 107
test2016 data: 285
test2019 data: 4366
GIGN params # : 492545
epoch-0, train_loss-18.1511, train_rmse-4.2604, valid_rmse-2.5539, valid_pr-0.3534
Validation : valid_rmse-2.5539, valid_pr-0.3534, 
test2013_rmse-2.1902, test2013_pr-0.5536, test2016_rmse-2.0890, test2016_pr-0.5363, test2019_rmse-2.4263, test2019_pr-0.4047
epoch-1, train_loss-4.2549, train_rmse-2.0628, valid_rmse-2.5483, valid_pr-0.3620
Validation : valid_rmse-2.5483, valid_pr-0.3620, 
test2013_rmse-2.8575, test2013_pr-0.4167, test2016_rmse-2.6739, test2016_pr-0.4759, test2019_rmse-2.4508, test2019_pr-0.3474
epoch-2, train_loss-3.0506, train_rmse-1.7466, valid_rmse-1.7392, valid_pr-0.5008
Validation : valid_rmse-1.7392, valid_pr-0.5008, 
test2013_rmse-1.9160, test2013_pr-0.6193, test2016_rmse-1.7779, test2016_pr-0.6497, test2019_rmse-1.7129, test2019_pr-0.4671
epoch-3, train_loss-2.6108, train_rmse-1.6158, valid_rmse-1.8077, valid_pr-0.5254
epoch-4, train_loss-2.3536, train_rmse-1.5342, valid_rmse-1.6799, valid_pr-0.5798
Validation : valid_rmse-1.6799, valid_pr-0.5798, 
test2013_rmse-1.6434, test2013_pr-0.7530, test2016_rmse-1.5300, test2016_pr-0.7499, test2019_rmse-1.6891, test2019_pr-0.5577
epoch-5, train_loss-2.3175, train_rmse-1.5223, valid_rmse-2.0710, valid_pr-0.5460
epoch-6, train_loss-2.0889, train_rmse-1.4453, valid_rmse-1.7878, valid_pr-0.5958
epoch-7, train_loss-1.9883, train_rmse-1.4101, valid_rmse-1.6644, valid_pr-0.5973
Validation : valid_rmse-1.6644, valid_pr-0.5973, 
test2013_rmse-1.6564, test2013_pr-0.7140, test2016_rmse-1.5088, test2016_pr-0.7418, test2019_rmse-1.7251, test2019_pr-0.5488
epoch-8, train_loss-1.8898, train_rmse-1.3747, valid_rmse-1.8731, valid_pr-0.6256
epoch-9, train_loss-1.8399, train_rmse-1.3564, valid_rmse-1.5273, valid_pr-0.5986
Validation : valid_rmse-1.5273, valid_pr-0.5986, 
test2013_rmse-1.7498, test2013_pr-0.6601, test2016_rmse-1.5587, test2016_pr-0.7008, test2019_rmse-1.5694, test2019_pr-0.5336
epoch-10, train_loss-1.6879, train_rmse-1.2992, valid_rmse-1.5841, valid_pr-0.6095
epoch-11, train_loss-1.5867, train_rmse-1.2596, valid_rmse-1.6156, valid_pr-0.6332
epoch-12, train_loss-1.5055, train_rmse-1.2270, valid_rmse-1.4981, valid_pr-0.6115
Validation : valid_rmse-1.4981, valid_pr-0.6115, 
test2013_rmse-1.7186, test2013_pr-0.6748, test2016_rmse-1.5594, test2016_pr-0.6960, test2019_rmse-1.5446, test2019_pr-0.5516
epoch-13, train_loss-1.4867, train_rmse-1.2193, valid_rmse-1.8399, valid_pr-0.6501
epoch-14, train_loss-1.4231, train_rmse-1.1929, valid_rmse-1.4672, valid_pr-0.6655
Validation : valid_rmse-1.4672, valid_pr-0.6655, 
test2013_rmse-1.5774, test2013_pr-0.7373, test2016_rmse-1.3841, test2016_pr-0.7780, test2019_rmse-1.6088, test2019_pr-0.5811
epoch-15, train_loss-1.3703, train_rmse-1.1706, valid_rmse-1.4197, valid_pr-0.6558
Validation : valid_rmse-1.4197, valid_pr-0.6558, 
test2013_rmse-1.6195, test2013_pr-0.7328, test2016_rmse-1.4333, test2016_pr-0.7698, test2019_rmse-1.5326, test2019_pr-0.5521
epoch-16, train_loss-1.2702, train_rmse-1.1270, valid_rmse-1.8222, valid_pr-0.6783
epoch-17, train_loss-1.2075, train_rmse-1.0989, valid_rmse-1.4096, valid_pr-0.6747
Validation : valid_rmse-1.4096, valid_pr-0.6747, 
test2013_rmse-1.5813, test2013_pr-0.7454, test2016_rmse-1.3791, test2016_pr-0.7805, test2019_rmse-1.5179, test2019_pr-0.5817
epoch-18, train_loss-1.1334, train_rmse-1.0646, valid_rmse-1.5839, valid_pr-0.6581
epoch-19, train_loss-1.0859, train_rmse-1.0421, valid_rmse-1.4061, valid_pr-0.6816
Validation : valid_rmse-1.4061, valid_pr-0.6816, 
test2013_rmse-1.5183, test2013_pr-0.7620, test2016_rmse-1.3672, test2016_pr-0.7795, test2019_rmse-1.5461, test2019_pr-0.5836
epoch-20, train_loss-1.0453, train_rmse-1.0224, valid_rmse-1.4512, valid_pr-0.6792
epoch-21, train_loss-0.9642, train_rmse-0.9820, valid_rmse-1.5119, valid_pr-0.6859
epoch-22, train_loss-0.9380, train_rmse-0.9685, valid_rmse-1.5945, valid_pr-0.6526
epoch-23, train_loss-0.9271, train_rmse-0.9628, valid_rmse-1.4642, valid_pr-0.6917
epoch-24, train_loss-0.8163, train_rmse-0.9035, valid_rmse-1.4605, valid_pr-0.6646
epoch-25, train_loss-0.8225, train_rmse-0.9069, valid_rmse-1.8782, valid_pr-0.6583
epoch-26, train_loss-0.7861, train_rmse-0.8866, valid_rmse-1.5439, valid_pr-0.6750
epoch-27, train_loss-0.7400, train_rmse-0.8602, valid_rmse-1.7179, valid_pr-0.6770
epoch-28, train_loss-0.7162, train_rmse-0.8463, valid_rmse-1.4720, valid_pr-0.6835
epoch-29, train_loss-0.6681, train_rmse-0.8174, valid_rmse-1.3925, valid_pr-0.6896
Validation : valid_rmse-1.3925, valid_pr-0.6896, 
test2013_rmse-1.5413, test2013_pr-0.7508, test2016_rmse-1.3996, test2016_pr-0.7650, test2019_rmse-1.5401, test2019_pr-0.5876
epoch-30, train_loss-0.6653, train_rmse-0.8157, valid_rmse-1.6570, valid_pr-0.6804
epoch-31, train_loss-0.6342, train_rmse-0.7964, valid_rmse-1.4884, valid_pr-0.6852
epoch-32, train_loss-0.6543, train_rmse-0.8089, valid_rmse-1.3737, valid_pr-0.6957
Validation : valid_rmse-1.3737, valid_pr-0.6957, 
test2013_rmse-1.5293, test2013_pr-0.7591, test2016_rmse-1.3643, test2016_pr-0.7872, test2019_rmse-1.5391, test2019_pr-0.5757
epoch-33, train_loss-0.5830, train_rmse-0.7636, valid_rmse-1.5439, valid_pr-0.6925
epoch-34, train_loss-0.5528, train_rmse-0.7435, valid_rmse-1.5175, valid_pr-0.6949
epoch-35, train_loss-0.5580, train_rmse-0.7470, valid_rmse-1.6677, valid_pr-0.6878
epoch-36, train_loss-0.5264, train_rmse-0.7256, valid_rmse-1.4245, valid_pr-0.6978
epoch-37, train_loss-0.5185, train_rmse-0.7201, valid_rmse-1.5273, valid_pr-0.6975
epoch-38, train_loss-0.4976, train_rmse-0.7054, valid_rmse-1.4073, valid_pr-0.6905
epoch-39, train_loss-0.4838, train_rmse-0.6955, valid_rmse-1.4170, valid_pr-0.7141
epoch-40, train_loss-0.4721, train_rmse-0.6871, valid_rmse-1.3392, valid_pr-0.7053
Validation : valid_rmse-1.3392, valid_pr-0.7053, 
test2013_rmse-1.5313, test2013_pr-0.7639, test2016_rmse-1.3744, test2016_pr-0.7836, test2019_rmse-1.4938, test2019_pr-0.5951
epoch-41, train_loss-0.4816, train_rmse-0.6940, valid_rmse-1.4933, valid_pr-0.7035
epoch-42, train_loss-0.4724, train_rmse-0.6873, valid_rmse-1.4259, valid_pr-0.6858
epoch-43, train_loss-0.4525, train_rmse-0.6726, valid_rmse-1.3670, valid_pr-0.7010
epoch-44, train_loss-0.4395, train_rmse-0.6629, valid_rmse-1.3709, valid_pr-0.7024
epoch-45, train_loss-0.4214, train_rmse-0.6491, valid_rmse-1.7294, valid_pr-0.7031
epoch-46, train_loss-0.4290, train_rmse-0.6549, valid_rmse-1.4445, valid_pr-0.6884
epoch-47, train_loss-0.4014, train_rmse-0.6336, valid_rmse-1.4018, valid_pr-0.6924
epoch-48, train_loss-0.3978, train_rmse-0.6307, valid_rmse-1.3449, valid_pr-0.7079
epoch-49, train_loss-0.3840, train_rmse-0.6197, valid_rmse-1.3903, valid_pr-0.7057
epoch-50, train_loss-0.3963, train_rmse-0.6295, valid_rmse-1.3669, valid_pr-0.7054
epoch-51, train_loss-0.3893, train_rmse-0.6240, valid_rmse-1.5400, valid_pr-0.6959
epoch-52, train_loss-0.3802, train_rmse-0.6166, valid_rmse-1.3445, valid_pr-0.7079
epoch-53, train_loss-0.3787, train_rmse-0.6154, valid_rmse-1.4172, valid_pr-0.6938
epoch-54, train_loss-0.3856, train_rmse-0.6210, valid_rmse-1.4190, valid_pr-0.7106
epoch-55, train_loss-0.3619, train_rmse-0.6016, valid_rmse-1.3319, valid_pr-0.7144
Validation : valid_rmse-1.3319, valid_pr-0.7144, 
test2013_rmse-1.5871, test2013_pr-0.7542, test2016_rmse-1.3631, test2016_pr-0.7995, test2019_rmse-1.4971, test2019_pr-0.5945
epoch-56, train_loss-0.3655, train_rmse-0.6046, valid_rmse-1.5111, valid_pr-0.7021
epoch-57, train_loss-0.3683, train_rmse-0.6069, valid_rmse-1.3369, valid_pr-0.7089
epoch-58, train_loss-0.3498, train_rmse-0.5915, valid_rmse-1.4650, valid_pr-0.7114
epoch-59, train_loss-0.3684, train_rmse-0.6070, valid_rmse-1.4270, valid_pr-0.6925
epoch-60, train_loss-0.3317, train_rmse-0.5760, valid_rmse-1.3974, valid_pr-0.6866
epoch-61, train_loss-0.3479, train_rmse-0.5898, valid_rmse-1.4913, valid_pr-0.6992
epoch-62, train_loss-0.3217, train_rmse-0.5672, valid_rmse-1.3504, valid_pr-0.7054
epoch-63, train_loss-0.3191, train_rmse-0.5649, valid_rmse-1.4675, valid_pr-0.6976
epoch-64, train_loss-0.3278, train_rmse-0.5726, valid_rmse-1.3726, valid_pr-0.7131
epoch-65, train_loss-0.3314, train_rmse-0.5757, valid_rmse-1.4183, valid_pr-0.7100
epoch-66, train_loss-0.3165, train_rmse-0.5626, valid_rmse-1.5105, valid_pr-0.7075
epoch-67, train_loss-0.3217, train_rmse-0.5672, valid_rmse-1.3889, valid_pr-0.6989
epoch-68, train_loss-0.3142, train_rmse-0.5605, valid_rmse-1.5703, valid_pr-0.6956
epoch-69, train_loss-0.3120, train_rmse-0.5586, valid_rmse-1.4173, valid_pr-0.7045
epoch-70, train_loss-0.3195, train_rmse-0.5652, valid_rmse-1.3448, valid_pr-0.7104
epoch-71, train_loss-0.3049, train_rmse-0.5522, valid_rmse-1.3714, valid_pr-0.6963
epoch-72, train_loss-0.2953, train_rmse-0.5434, valid_rmse-1.3735, valid_pr-0.6998
epoch-73, train_loss-0.3060, train_rmse-0.5532, valid_rmse-1.3167, valid_pr-0.7165
Validation : valid_rmse-1.3167, valid_pr-0.7165, 
test2013_rmse-1.4024, test2013_pr-0.8044, test2016_rmse-1.2792, test2016_pr-0.8096, test2019_rmse-1.4880, test2019_pr-0.5973
epoch-74, train_loss-0.3032, train_rmse-0.5506, valid_rmse-1.3657, valid_pr-0.7030
epoch-75, train_loss-0.2839, train_rmse-0.5328, valid_rmse-1.3243, valid_pr-0.7161
epoch-76, train_loss-0.2782, train_rmse-0.5275, valid_rmse-1.3385, valid_pr-0.7103
epoch-77, train_loss-0.2781, train_rmse-0.5274, valid_rmse-1.3772, valid_pr-0.7103
epoch-78, train_loss-0.2924, train_rmse-0.5408, valid_rmse-1.3906, valid_pr-0.7140
epoch-79, train_loss-0.2908, train_rmse-0.5393, valid_rmse-1.3260, valid_pr-0.7224
epoch-80, train_loss-0.2827, train_rmse-0.5317, valid_rmse-1.4097, valid_pr-0.7115
epoch-81, train_loss-0.2677, train_rmse-0.5174, valid_rmse-1.3248, valid_pr-0.7098
epoch-82, train_loss-0.2745, train_rmse-0.5239, valid_rmse-1.3313, valid_pr-0.7046
epoch-83, train_loss-0.2528, train_rmse-0.5027, valid_rmse-1.3447, valid_pr-0.7153
epoch-84, train_loss-0.2567, train_rmse-0.5067, valid_rmse-1.3313, valid_pr-0.7137
epoch-85, train_loss-0.2807, train_rmse-0.5298, valid_rmse-1.3468, valid_pr-0.7087
epoch-86, train_loss-0.2769, train_rmse-0.5262, valid_rmse-1.4312, valid_pr-0.7058
epoch-87, train_loss-0.2746, train_rmse-0.5240, valid_rmse-1.4789, valid_pr-0.7173
epoch-88, train_loss-0.2489, train_rmse-0.4989, valid_rmse-1.3233, valid_pr-0.7090
epoch-89, train_loss-0.2644, train_rmse-0.5142, valid_rmse-1.3981, valid_pr-0.7145
epoch-90, train_loss-0.2468, train_rmse-0.4968, valid_rmse-1.3296, valid_pr-0.7100
epoch-91, train_loss-0.2387, train_rmse-0.4885, valid_rmse-1.3236, valid_pr-0.7186
epoch-92, train_loss-0.2443, train_rmse-0.4942, valid_rmse-1.3088, valid_pr-0.7155
Validation : valid_rmse-1.3088, valid_pr-0.7155, 
test2013_rmse-1.4625, test2013_pr-0.7882, test2016_rmse-1.3412, test2016_pr-0.7926, test2019_rmse-1.4753, test2019_pr-0.5935
epoch-93, train_loss-0.2455, train_rmse-0.4955, valid_rmse-1.3754, valid_pr-0.7172
epoch-94, train_loss-0.2385, train_rmse-0.4884, valid_rmse-1.4479, valid_pr-0.7164
epoch-95, train_loss-0.2424, train_rmse-0.4923, valid_rmse-1.3256, valid_pr-0.7142
epoch-96, train_loss-0.2395, train_rmse-0.4893, valid_rmse-1.3391, valid_pr-0.7174
epoch-97, train_loss-0.2518, train_rmse-0.5018, valid_rmse-1.3755, valid_pr-0.7070
epoch-98, train_loss-0.2596, train_rmse-0.5095, valid_rmse-1.3148, valid_pr-0.7131
epoch-99, train_loss-0.2427, train_rmse-0.4927, valid_rmse-1.3956, valid_pr-0.7225
epoch-100, train_loss-0.2196, train_rmse-0.4686, valid_rmse-1.3330, valid_pr-0.7192
epoch-101, train_loss-0.2386, train_rmse-0.4884, valid_rmse-1.3135, valid_pr-0.7166
epoch-102, train_loss-0.2492, train_rmse-0.4992, valid_rmse-1.3294, valid_pr-0.7048
epoch-103, train_loss-0.2494, train_rmse-0.4994, valid_rmse-1.3987, valid_pr-0.7152
epoch-104, train_loss-0.2255, train_rmse-0.4749, valid_rmse-1.3452, valid_pr-0.7235
epoch-105, train_loss-0.2532, train_rmse-0.5032, valid_rmse-1.3629, valid_pr-0.7177
epoch-106, train_loss-0.2341, train_rmse-0.4838, valid_rmse-1.3170, valid_pr-0.7248
epoch-107, train_loss-0.2330, train_rmse-0.4827, valid_rmse-1.3219, valid_pr-0.7228
epoch-108, train_loss-0.2273, train_rmse-0.4768, valid_rmse-1.2926, valid_pr-0.7294
Validation : valid_rmse-1.2926, valid_pr-0.7294, 
test2013_rmse-1.4040, test2013_pr-0.8208, test2016_rmse-1.2921, test2016_pr-0.8255, test2019_rmse-1.4515, test2019_pr-0.6171
epoch-109, train_loss-0.2434, train_rmse-0.4933, valid_rmse-1.3354, valid_pr-0.7184
epoch-110, train_loss-0.2403, train_rmse-0.4902, valid_rmse-1.3098, valid_pr-0.7213
epoch-111, train_loss-0.2166, train_rmse-0.4654, valid_rmse-1.3186, valid_pr-0.7106
epoch-112, train_loss-0.2190, train_rmse-0.4680, valid_rmse-1.3431, valid_pr-0.7149
epoch-113, train_loss-0.2143, train_rmse-0.4629, valid_rmse-1.3330, valid_pr-0.7174
epoch-114, train_loss-0.2378, train_rmse-0.4877, valid_rmse-1.5679, valid_pr-0.7246
epoch-115, train_loss-0.2218, train_rmse-0.4710, valid_rmse-1.3555, valid_pr-0.7111
epoch-116, train_loss-0.2198, train_rmse-0.4689, valid_rmse-1.3357, valid_pr-0.7193
epoch-117, train_loss-0.2173, train_rmse-0.4662, valid_rmse-1.3959, valid_pr-0.7203
epoch-118, train_loss-0.2032, train_rmse-0.4507, valid_rmse-1.3104, valid_pr-0.7194
epoch-119, train_loss-0.2134, train_rmse-0.4620, valid_rmse-1.4247, valid_pr-0.7177
epoch-120, train_loss-0.2117, train_rmse-0.4601, valid_rmse-1.2858, valid_pr-0.7291
Validation : valid_rmse-1.2858, valid_pr-0.7291, 
test2013_rmse-1.4168, test2013_pr-0.7983, test2016_rmse-1.2519, test2016_pr-0.8190, test2019_rmse-1.4432, test2019_pr-0.6198
epoch-121, train_loss-0.2033, train_rmse-0.4509, valid_rmse-1.3008, valid_pr-0.7204
epoch-122, train_loss-0.2131, train_rmse-0.4616, valid_rmse-1.4057, valid_pr-0.7224
epoch-123, train_loss-0.2141, train_rmse-0.4627, valid_rmse-1.2889, valid_pr-0.7303
epoch-124, train_loss-0.1986, train_rmse-0.4456, valid_rmse-1.2774, valid_pr-0.7338
Validation : valid_rmse-1.2774, valid_pr-0.7338, 
test2013_rmse-1.3670, test2013_pr-0.8328, test2016_rmse-1.2625, test2016_pr-0.8298, test2019_rmse-1.4530, test2019_pr-0.6159
epoch-125, train_loss-0.2242, train_rmse-0.4735, valid_rmse-1.4179, valid_pr-0.7186
epoch-126, train_loss-0.2035, train_rmse-0.4512, valid_rmse-1.2765, valid_pr-0.7290
Validation : valid_rmse-1.2765, valid_pr-0.7290, 
test2013_rmse-1.4599, test2013_pr-0.7880, test2016_rmse-1.2779, test2016_pr-0.8144, test2019_rmse-1.4329, test2019_pr-0.6199
epoch-127, train_loss-0.2023, train_rmse-0.4497, valid_rmse-1.3051, valid_pr-0.7201
epoch-128, train_loss-0.2083, train_rmse-0.4564, valid_rmse-1.3208, valid_pr-0.7256
epoch-129, train_loss-0.1984, train_rmse-0.4455, valid_rmse-1.3534, valid_pr-0.7149
epoch-130, train_loss-0.2077, train_rmse-0.4558, valid_rmse-1.2872, valid_pr-0.7323
epoch-131, train_loss-0.2105, train_rmse-0.4588, valid_rmse-1.2984, valid_pr-0.7312
epoch-132, train_loss-0.1908, train_rmse-0.4368, valid_rmse-1.2899, valid_pr-0.7202
epoch-133, train_loss-0.2027, train_rmse-0.4502, valid_rmse-1.3185, valid_pr-0.7330
epoch-134, train_loss-0.2068, train_rmse-0.4548, valid_rmse-1.3040, valid_pr-0.7221
epoch-135, train_loss-0.2081, train_rmse-0.4562, valid_rmse-1.2910, valid_pr-0.7271
epoch-136, train_loss-0.2049, train_rmse-0.4526, valid_rmse-1.2674, valid_pr-0.7323
Validation : valid_rmse-1.2674, valid_pr-0.7323, 
test2013_rmse-1.4066, test2013_pr-0.8084, test2016_rmse-1.2514, test2016_pr-0.8221, test2019_rmse-1.4321, test2019_pr-0.6190
epoch-137, train_loss-0.1873, train_rmse-0.4328, valid_rmse-1.3162, valid_pr-0.7283
epoch-138, train_loss-0.1990, train_rmse-0.4461, valid_rmse-1.2849, valid_pr-0.7300
epoch-139, train_loss-0.2028, train_rmse-0.4503, valid_rmse-1.2911, valid_pr-0.7244
epoch-140, train_loss-0.1888, train_rmse-0.4346, valid_rmse-1.3132, valid_pr-0.7196
epoch-141, train_loss-0.1973, train_rmse-0.4441, valid_rmse-1.3250, valid_pr-0.7269
epoch-142, train_loss-0.1918, train_rmse-0.4379, valid_rmse-1.2651, valid_pr-0.7361
Validation : valid_rmse-1.2651, valid_pr-0.7361, 
test2013_rmse-1.4571, test2013_pr-0.8011, test2016_rmse-1.3066, test2016_pr-0.8113, test2019_rmse-1.4210, test2019_pr-0.6223
epoch-143, train_loss-0.2093, train_rmse-0.4575, valid_rmse-1.2592, valid_pr-0.7341
Validation : valid_rmse-1.2592, valid_pr-0.7341, 
test2013_rmse-1.4319, test2013_pr-0.8030, test2016_rmse-1.2740, test2016_pr-0.8173, test2019_rmse-1.4244, test2019_pr-0.6188
epoch-144, train_loss-0.2129, train_rmse-0.4614, valid_rmse-1.2876, valid_pr-0.7272
epoch-145, train_loss-0.1998, train_rmse-0.4470, valid_rmse-1.2909, valid_pr-0.7240
epoch-146, train_loss-0.1949, train_rmse-0.4415, valid_rmse-1.2927, valid_pr-0.7276
epoch-147, train_loss-0.1852, train_rmse-0.4304, valid_rmse-1.2752, valid_pr-0.7272
epoch-148, train_loss-0.1849, train_rmse-0.4301, valid_rmse-1.2801, valid_pr-0.7265
epoch-149, train_loss-0.1803, train_rmse-0.4246, valid_rmse-1.2835, valid_pr-0.7280
epoch-150, train_loss-0.1747, train_rmse-0.4180, valid_rmse-1.3002, valid_pr-0.7258
epoch-151, train_loss-0.2030, train_rmse-0.4505, valid_rmse-1.2710, valid_pr-0.7327
epoch-152, train_loss-0.1676, train_rmse-0.4094, valid_rmse-1.3361, valid_pr-0.7280
epoch-153, train_loss-0.1943, train_rmse-0.4407, valid_rmse-1.2666, valid_pr-0.7325
epoch-154, train_loss-0.1920, train_rmse-0.4382, valid_rmse-1.2875, valid_pr-0.7262
epoch-155, train_loss-0.1989, train_rmse-0.4459, valid_rmse-1.3371, valid_pr-0.7262
epoch-156, train_loss-0.1874, train_rmse-0.4329, valid_rmse-1.2937, valid_pr-0.7326
epoch-157, train_loss-0.1846, train_rmse-0.4297, valid_rmse-1.3074, valid_pr-0.7209
epoch-158, train_loss-0.1823, train_rmse-0.4270, valid_rmse-1.2732, valid_pr-0.7343
epoch-159, train_loss-0.1768, train_rmse-0.4205, valid_rmse-1.2777, valid_pr-0.7313
epoch-160, train_loss-0.1775, train_rmse-0.4213, valid_rmse-1.3165, valid_pr-0.7323
epoch-161, train_loss-0.1952, train_rmse-0.4418, valid_rmse-1.2611, valid_pr-0.7369
epoch-162, train_loss-0.1823, train_rmse-0.4270, valid_rmse-1.2851, valid_pr-0.7328
epoch-163, train_loss-0.1754, train_rmse-0.4188, valid_rmse-1.3617, valid_pr-0.7331
epoch-164, train_loss-0.1752, train_rmse-0.4185, valid_rmse-1.3492, valid_pr-0.7252
epoch-165, train_loss-0.1937, train_rmse-0.4401, valid_rmse-1.2967, valid_pr-0.7327
epoch-166, train_loss-0.1842, train_rmse-0.4292, valid_rmse-1.2619, valid_pr-0.7314
epoch-167, train_loss-0.1719, train_rmse-0.4146, valid_rmse-1.3335, valid_pr-0.7296
epoch-168, train_loss-0.1721, train_rmse-0.4149, valid_rmse-1.2614, valid_pr-0.7363
epoch-169, train_loss-0.1743, train_rmse-0.4175, valid_rmse-1.2658, valid_pr-0.7353
epoch-170, train_loss-0.1802, train_rmse-0.4244, valid_rmse-1.3091, valid_pr-0.7323
epoch-171, train_loss-0.1760, train_rmse-0.4195, valid_rmse-1.3250, valid_pr-0.7355
epoch-172, train_loss-0.1703, train_rmse-0.4126, valid_rmse-1.2957, valid_pr-0.7293
epoch-173, train_loss-0.1722, train_rmse-0.4149, valid_rmse-1.2743, valid_pr-0.7306
epoch-174, train_loss-0.1664, train_rmse-0.4080, valid_rmse-1.2641, valid_pr-0.7346
epoch-175, train_loss-0.1738, train_rmse-0.4168, valid_rmse-1.2671, valid_pr-0.7333
epoch-176, train_loss-0.1903, train_rmse-0.4362, valid_rmse-1.2818, valid_pr-0.7287
epoch-177, train_loss-0.1812, train_rmse-0.4257, valid_rmse-1.2586, valid_pr-0.7381
Validation : valid_rmse-1.2586, valid_pr-0.7381, 
test2013_rmse-1.3940, test2013_pr-0.8143, test2016_rmse-1.2365, test2016_pr-0.8278, test2019_rmse-1.4188, test2019_pr-0.6286
epoch-178, train_loss-0.1672, train_rmse-0.4089, valid_rmse-1.2713, valid_pr-0.7370
epoch-179, train_loss-0.1749, train_rmse-0.4182, valid_rmse-1.3331, valid_pr-0.7326
epoch-180, train_loss-0.1676, train_rmse-0.4093, valid_rmse-1.2726, valid_pr-0.7300
epoch-181, train_loss-0.1776, train_rmse-0.4214, valid_rmse-1.2677, valid_pr-0.7332
epoch-182, train_loss-0.1691, train_rmse-0.4113, valid_rmse-1.2765, valid_pr-0.7309
epoch-183, train_loss-0.1694, train_rmse-0.4115, valid_rmse-1.2824, valid_pr-0.7295
epoch-184, train_loss-0.1703, train_rmse-0.4127, valid_rmse-1.2663, valid_pr-0.7311
epoch-185, train_loss-0.1766, train_rmse-0.4202, valid_rmse-1.2760, valid_pr-0.7355
epoch-186, train_loss-0.1573, train_rmse-0.3966, valid_rmse-1.3247, valid_pr-0.7216
epoch-187, train_loss-0.1714, train_rmse-0.4140, valid_rmse-1.2631, valid_pr-0.7346
epoch-188, train_loss-0.1637, train_rmse-0.4046, valid_rmse-1.2701, valid_pr-0.7407
epoch-189, train_loss-0.1613, train_rmse-0.4016, valid_rmse-1.2705, valid_pr-0.7410
epoch-190, train_loss-0.1767, train_rmse-0.4204, valid_rmse-1.2646, valid_pr-0.7338
epoch-191, train_loss-0.1759, train_rmse-0.4193, valid_rmse-1.2707, valid_pr-0.7352
epoch-192, train_loss-0.1666, train_rmse-0.4081, valid_rmse-1.3272, valid_pr-0.7396
epoch-193, train_loss-0.1698, train_rmse-0.4120, valid_rmse-1.2689, valid_pr-0.7341
epoch-194, train_loss-0.1650, train_rmse-0.4062, valid_rmse-1.2577, valid_pr-0.7353
Validation : valid_rmse-1.2577, valid_pr-0.7353, 
test2013_rmse-1.4176, test2013_pr-0.8089, test2016_rmse-1.2577, test2016_pr-0.8220, test2019_rmse-1.4073, test2019_pr-0.6304
epoch-195, train_loss-0.1593, train_rmse-0.3992, valid_rmse-1.2750, valid_pr-0.7373
epoch-196, train_loss-0.1540, train_rmse-0.3925, valid_rmse-1.2759, valid_pr-0.7348
epoch-197, train_loss-0.1553, train_rmse-0.3941, valid_rmse-1.2464, valid_pr-0.7400
Validation : valid_rmse-1.2464, valid_pr-0.7400, 
test2013_rmse-1.4167, test2013_pr-0.8157, test2016_rmse-1.2603, test2016_pr-0.8265, test2019_rmse-1.4097, test2019_pr-0.6258
epoch-198, train_loss-0.1505, train_rmse-0.3880, valid_rmse-1.2561, valid_pr-0.7416
epoch-199, train_loss-0.1659, train_rmse-0.4073, valid_rmse-1.2678, valid_pr-0.7389
epoch-200, train_loss-0.1690, train_rmse-0.4111, valid_rmse-1.2724, valid_pr-0.7406
epoch-201, train_loss-0.1497, train_rmse-0.3869, valid_rmse-1.2516, valid_pr-0.7433
epoch-202, train_loss-0.1616, train_rmse-0.4020, valid_rmse-1.2615, valid_pr-0.7415
epoch-203, train_loss-0.1673, train_rmse-0.4091, valid_rmse-1.2858, valid_pr-0.7353
epoch-204, train_loss-0.1542, train_rmse-0.3927, valid_rmse-1.2584, valid_pr-0.7366
epoch-205, train_loss-0.1575, train_rmse-0.3968, valid_rmse-1.2717, valid_pr-0.7358
epoch-206, train_loss-0.1596, train_rmse-0.3994, valid_rmse-1.2576, valid_pr-0.7341
epoch-207, train_loss-0.1744, train_rmse-0.4176, valid_rmse-1.2519, valid_pr-0.7371
epoch-208, train_loss-0.1625, train_rmse-0.4031, valid_rmse-1.2731, valid_pr-0.7305
epoch-209, train_loss-0.1475, train_rmse-0.3840, valid_rmse-1.2649, valid_pr-0.7320
epoch-210, train_loss-0.1647, train_rmse-0.4058, valid_rmse-1.2740, valid_pr-0.7350
epoch-211, train_loss-0.1531, train_rmse-0.3913, valid_rmse-1.2529, valid_pr-0.7383
epoch-212, train_loss-0.1595, train_rmse-0.3994, valid_rmse-1.2437, valid_pr-0.7429
Validation : valid_rmse-1.2437, valid_pr-0.7429, 
test2013_rmse-1.3958, test2013_pr-0.8190, test2016_rmse-1.2241, test2016_pr-0.8364, test2019_rmse-1.4002, test2019_pr-0.6326
epoch-213, train_loss-0.1587, train_rmse-0.3984, valid_rmse-1.3074, valid_pr-0.7281
epoch-214, train_loss-0.1609, train_rmse-0.4011, valid_rmse-1.2588, valid_pr-0.7341
epoch-215, train_loss-0.1653, train_rmse-0.4065, valid_rmse-1.2648, valid_pr-0.7401
epoch-216, train_loss-0.1781, train_rmse-0.4220, valid_rmse-1.2638, valid_pr-0.7337
epoch-217, train_loss-0.1763, train_rmse-0.4198, valid_rmse-1.2966, valid_pr-0.7346
epoch-218, train_loss-0.1509, train_rmse-0.3885, valid_rmse-1.2668, valid_pr-0.7319
epoch-219, train_loss-0.1476, train_rmse-0.3842, valid_rmse-1.2512, valid_pr-0.7408
epoch-220, train_loss-0.1603, train_rmse-0.4004, valid_rmse-1.2771, valid_pr-0.7304
epoch-221, train_loss-0.1600, train_rmse-0.4000, valid_rmse-1.2590, valid_pr-0.7357
epoch-222, train_loss-0.1590, train_rmse-0.3988, valid_rmse-1.2764, valid_pr-0.7293
epoch-223, train_loss-0.1577, train_rmse-0.3971, valid_rmse-1.2586, valid_pr-0.7337
epoch-224, train_loss-0.1610, train_rmse-0.4013, valid_rmse-1.2890, valid_pr-0.7284
epoch-225, train_loss-0.1495, train_rmse-0.3866, valid_rmse-1.2588, valid_pr-0.7365
epoch-226, train_loss-0.1445, train_rmse-0.3801, valid_rmse-1.2878, valid_pr-0.7354
epoch-227, train_loss-0.1445, train_rmse-0.3802, valid_rmse-1.2589, valid_pr-0.7378
epoch-228, train_loss-0.1531, train_rmse-0.3913, valid_rmse-1.2601, valid_pr-0.7399
epoch-229, train_loss-0.1568, train_rmse-0.3960, valid_rmse-1.2533, valid_pr-0.7359
epoch-230, train_loss-0.1506, train_rmse-0.3880, valid_rmse-1.2856, valid_pr-0.7349
epoch-231, train_loss-0.1528, train_rmse-0.3908, valid_rmse-1.2615, valid_pr-0.7347
epoch-232, train_loss-0.1487, train_rmse-0.3856, valid_rmse-1.2729, valid_pr-0.7368
epoch-233, train_loss-0.1478, train_rmse-0.3844, valid_rmse-1.2749, valid_pr-0.7395
epoch-234, train_loss-0.1514, train_rmse-0.3891, valid_rmse-1.2554, valid_pr-0.7371
epoch-235, train_loss-0.1485, train_rmse-0.3853, valid_rmse-1.2521, valid_pr-0.7383
epoch-236, train_loss-0.1550, train_rmse-0.3937, valid_rmse-1.2621, valid_pr-0.7317
epoch-237, train_loss-0.1564, train_rmse-0.3955, valid_rmse-1.2614, valid_pr-0.7341
epoch-238, train_loss-0.1594, train_rmse-0.3992, valid_rmse-1.2637, valid_pr-0.7338
epoch-239, train_loss-0.1661, train_rmse-0.4076, valid_rmse-1.2533, valid_pr-0.7375
epoch-240, train_loss-0.1473, train_rmse-0.3838, valid_rmse-1.2717, valid_pr-0.7325
epoch-241, train_loss-0.1600, train_rmse-0.4000, valid_rmse-1.2534, valid_pr-0.7380
epoch-242, train_loss-0.1481, train_rmse-0.3848, valid_rmse-1.2512, valid_pr-0.7387
epoch-243, train_loss-0.1498, train_rmse-0.3870, valid_rmse-1.2626, valid_pr-0.7325
epoch-244, train_loss-0.1677, train_rmse-0.4095, valid_rmse-1.2589, valid_pr-0.7388
epoch-245, train_loss-0.1410, train_rmse-0.3754, valid_rmse-1.2785, valid_pr-0.7392
epoch-246, train_loss-0.1347, train_rmse-0.3671, valid_rmse-1.2718, valid_pr-0.7375
epoch-247, train_loss-0.1475, train_rmse-0.3840, valid_rmse-1.2684, valid_pr-0.7408
epoch-248, train_loss-0.1485, train_rmse-0.3853, valid_rmse-1.2540, valid_pr-0.7376
epoch-249, train_loss-0.1449, train_rmse-0.3806, valid_rmse-1.2524, valid_pr-0.7369
epoch-250, train_loss-0.1466, train_rmse-0.3829, valid_rmse-1.2448, valid_pr-0.7427
epoch-251, train_loss-0.1427, train_rmse-0.3778, valid_rmse-1.2440, valid_pr-0.7460
epoch-252, train_loss-0.1555, train_rmse-0.3943, valid_rmse-1.2586, valid_pr-0.7356
epoch-253, train_loss-0.1462, train_rmse-0.3824, valid_rmse-1.2665, valid_pr-0.7376
epoch-254, train_loss-0.1434, train_rmse-0.3786, valid_rmse-1.2843, valid_pr-0.7386
epoch-255, train_loss-0.1406, train_rmse-0.3750, valid_rmse-1.2490, valid_pr-0.7403
epoch-256, train_loss-0.1384, train_rmse-0.3721, valid_rmse-1.2560, valid_pr-0.7340
epoch-257, train_loss-0.1398, train_rmse-0.3739, valid_rmse-1.2675, valid_pr-0.7375
epoch-258, train_loss-0.1438, train_rmse-0.3792, valid_rmse-1.2921, valid_pr-0.7354
epoch-259, train_loss-0.1450, train_rmse-0.3808, valid_rmse-1.2813, valid_pr-0.7402
epoch-260, train_loss-0.1466, train_rmse-0.3829, valid_rmse-1.2917, valid_pr-0.7356
epoch-261, train_loss-0.1391, train_rmse-0.3729, valid_rmse-1.2529, valid_pr-0.7372
epoch-262, train_loss-0.1353, train_rmse-0.3679, valid_rmse-1.2421, valid_pr-0.7426
Validation : valid_rmse-1.2421, valid_pr-0.7426, 
test2013_rmse-1.3982, test2013_pr-0.8229, test2016_rmse-1.2608, test2016_pr-0.8291, test2019_rmse-1.3940, test2019_pr-0.6340
epoch-263, train_loss-0.1472, train_rmse-0.3837, valid_rmse-1.2451, valid_pr-0.7423
epoch-264, train_loss-0.1395, train_rmse-0.3735, valid_rmse-1.2525, valid_pr-0.7388
epoch-265, train_loss-0.1381, train_rmse-0.3716, valid_rmse-1.2598, valid_pr-0.7348
epoch-266, train_loss-0.1372, train_rmse-0.3705, valid_rmse-1.2514, valid_pr-0.7410
epoch-267, train_loss-0.1361, train_rmse-0.3689, valid_rmse-1.2480, valid_pr-0.7381
epoch-268, train_loss-0.1396, train_rmse-0.3737, valid_rmse-1.2478, valid_pr-0.7391
epoch-269, train_loss-0.1542, train_rmse-0.3927, valid_rmse-1.2596, valid_pr-0.7354
epoch-270, train_loss-0.1408, train_rmse-0.3753, valid_rmse-1.2613, valid_pr-0.7340
epoch-271, train_loss-0.1387, train_rmse-0.3724, valid_rmse-1.2846, valid_pr-0.7322
epoch-272, train_loss-0.1387, train_rmse-0.3725, valid_rmse-1.2654, valid_pr-0.7353
epoch-273, train_loss-0.1484, train_rmse-0.3852, valid_rmse-1.3344, valid_pr-0.7293
epoch-274, train_loss-0.1534, train_rmse-0.3917, valid_rmse-1.2507, valid_pr-0.7418
epoch-275, train_loss-0.1492, train_rmse-0.3863, valid_rmse-1.2815, valid_pr-0.7362
epoch-276, train_loss-0.1429, train_rmse-0.3781, valid_rmse-1.2591, valid_pr-0.7415
epoch-277, train_loss-0.1352, train_rmse-0.3676, valid_rmse-1.2444, valid_pr-0.7435
epoch-278, train_loss-0.1412, train_rmse-0.3758, valid_rmse-1.2479, valid_pr-0.7387
epoch-279, train_loss-0.1410, train_rmse-0.3755, valid_rmse-1.2423, valid_pr-0.7401
epoch-280, train_loss-0.1383, train_rmse-0.3719, valid_rmse-1.2439, valid_pr-0.7398
epoch-281, train_loss-0.1546, train_rmse-0.3932, valid_rmse-1.2676, valid_pr-0.7355
epoch-282, train_loss-0.1553, train_rmse-0.3941, valid_rmse-1.2610, valid_pr-0.7320
epoch-283, train_loss-0.1396, train_rmse-0.3737, valid_rmse-1.2523, valid_pr-0.7428
epoch-284, train_loss-0.1354, train_rmse-0.3680, valid_rmse-1.2492, valid_pr-0.7425
epoch-285, train_loss-0.1391, train_rmse-0.3730, valid_rmse-1.2757, valid_pr-0.7321
epoch-286, train_loss-0.1298, train_rmse-0.3603, valid_rmse-1.2586, valid_pr-0.7358
epoch-287, train_loss-0.1303, train_rmse-0.3610, valid_rmse-1.2622, valid_pr-0.7372
epoch-288, train_loss-0.1332, train_rmse-0.3650, valid_rmse-1.2470, valid_pr-0.7425
epoch-289, train_loss-0.1349, train_rmse-0.3672, valid_rmse-1.2949, valid_pr-0.7339
epoch-290, train_loss-0.1393, train_rmse-0.3732, valid_rmse-1.2393, valid_pr-0.7455
Validation : valid_rmse-1.2393, valid_pr-0.7455, 
test2013_rmse-1.3826, test2013_pr-0.8206, test2016_rmse-1.2165, test2016_pr-0.8379, test2019_rmse-1.3960, test2019_pr-0.6369
epoch-291, train_loss-0.1376, train_rmse-0.3709, valid_rmse-1.2708, valid_pr-0.7408
epoch-292, train_loss-0.1345, train_rmse-0.3668, valid_rmse-1.2519, valid_pr-0.7403
epoch-293, train_loss-0.1473, train_rmse-0.3838, valid_rmse-1.2370, valid_pr-0.7445
Validation : valid_rmse-1.2370, valid_pr-0.7445, 
test2013_rmse-1.3710, test2013_pr-0.8294, test2016_rmse-1.2139, test2016_pr-0.8387, test2019_rmse-1.3892, test2019_pr-0.6398
epoch-294, train_loss-0.1438, train_rmse-0.3792, valid_rmse-1.2403, valid_pr-0.7424
epoch-295, train_loss-0.1310, train_rmse-0.3619, valid_rmse-1.2378, valid_pr-0.7467
epoch-296, train_loss-0.1341, train_rmse-0.3663, valid_rmse-1.2454, valid_pr-0.7451
epoch-297, train_loss-0.1347, train_rmse-0.3670, valid_rmse-1.2516, valid_pr-0.7400
epoch-298, train_loss-0.1291, train_rmse-0.3593, valid_rmse-1.2473, valid_pr-0.7452
epoch-299, train_loss-0.1290, train_rmse-0.3592, valid_rmse-1.2467, valid_pr-0.7418
epoch-300, train_loss-0.1245, train_rmse-0.3529, valid_rmse-1.2529, valid_pr-0.7424
epoch-301, train_loss-0.1308, train_rmse-0.3616, valid_rmse-1.2505, valid_pr-0.7385
epoch-302, train_loss-0.1365, train_rmse-0.3694, valid_rmse-1.2429, valid_pr-0.7433
epoch-303, train_loss-0.1281, train_rmse-0.3579, valid_rmse-1.2461, valid_pr-0.7454
epoch-304, train_loss-0.1345, train_rmse-0.3668, valid_rmse-1.2391, valid_pr-0.7445
epoch-305, train_loss-0.1358, train_rmse-0.3685, valid_rmse-1.2796, valid_pr-0.7438
epoch-306, train_loss-0.1338, train_rmse-0.3658, valid_rmse-1.2415, valid_pr-0.7430
epoch-307, train_loss-0.1248, train_rmse-0.3533, valid_rmse-1.2487, valid_pr-0.7433
epoch-308, train_loss-0.1293, train_rmse-0.3596, valid_rmse-1.2447, valid_pr-0.7435
epoch-309, train_loss-0.1401, train_rmse-0.3743, valid_rmse-1.2510, valid_pr-0.7410
epoch-310, train_loss-0.1321, train_rmse-0.3634, valid_rmse-1.2578, valid_pr-0.7323
epoch-311, train_loss-0.1294, train_rmse-0.3598, valid_rmse-1.2697, valid_pr-0.7401
epoch-312, train_loss-0.1274, train_rmse-0.3570, valid_rmse-1.2544, valid_pr-0.7410
epoch-313, train_loss-0.1367, train_rmse-0.3697, valid_rmse-1.2478, valid_pr-0.7447
epoch-314, train_loss-0.1412, train_rmse-0.3757, valid_rmse-1.2338, valid_pr-0.7453
Validation : valid_rmse-1.2338, valid_pr-0.7453, 
test2013_rmse-1.3579, test2013_pr-0.8345, test2016_rmse-1.2267, test2016_pr-0.8386, test2019_rmse-1.3854, test2019_pr-0.6380
epoch-315, train_loss-0.1394, train_rmse-0.3734, valid_rmse-1.2402, valid_pr-0.7428
epoch-316, train_loss-0.1249, train_rmse-0.3535, valid_rmse-1.2482, valid_pr-0.7406
epoch-317, train_loss-0.1308, train_rmse-0.3617, valid_rmse-1.2382, valid_pr-0.7451
epoch-318, train_loss-0.1383, train_rmse-0.3719, valid_rmse-1.2492, valid_pr-0.7447
epoch-319, train_loss-0.1276, train_rmse-0.3573, valid_rmse-1.2598, valid_pr-0.7355
epoch-320, train_loss-0.1362, train_rmse-0.3691, valid_rmse-1.2363, valid_pr-0.7450
epoch-321, train_loss-0.1292, train_rmse-0.3595, valid_rmse-1.2285, valid_pr-0.7485
Validation : valid_rmse-1.2285, valid_pr-0.7485, 
test2013_rmse-1.3545, test2013_pr-0.8295, test2016_rmse-1.2003, test2016_pr-0.8417, test2019_rmse-1.3812, test2019_pr-0.6435
epoch-322, train_loss-0.1198, train_rmse-0.3461, valid_rmse-1.2380, valid_pr-0.7430
epoch-323, train_loss-0.1386, train_rmse-0.3723, valid_rmse-1.2316, valid_pr-0.7467
epoch-324, train_loss-0.1295, train_rmse-0.3599, valid_rmse-1.2464, valid_pr-0.7392
epoch-325, train_loss-0.1317, train_rmse-0.3629, valid_rmse-1.2467, valid_pr-0.7416
epoch-326, train_loss-0.1403, train_rmse-0.3746, valid_rmse-1.2692, valid_pr-0.7431
epoch-327, train_loss-0.1203, train_rmse-0.3468, valid_rmse-1.2472, valid_pr-0.7425
epoch-328, train_loss-0.1354, train_rmse-0.3680, valid_rmse-1.2437, valid_pr-0.7431
epoch-329, train_loss-0.1239, train_rmse-0.3520, valid_rmse-1.2474, valid_pr-0.7407
epoch-330, train_loss-0.1232, train_rmse-0.3510, valid_rmse-1.2620, valid_pr-0.7405
epoch-331, train_loss-0.1245, train_rmse-0.3529, valid_rmse-1.2689, valid_pr-0.7444
epoch-332, train_loss-0.1194, train_rmse-0.3455, valid_rmse-1.2806, valid_pr-0.7426
epoch-333, train_loss-0.1229, train_rmse-0.3506, valid_rmse-1.2446, valid_pr-0.7445
epoch-334, train_loss-0.1243, train_rmse-0.3526, valid_rmse-1.2906, valid_pr-0.7405
epoch-335, train_loss-0.1240, train_rmse-0.3521, valid_rmse-1.2504, valid_pr-0.7446
epoch-336, train_loss-0.1380, train_rmse-0.3715, valid_rmse-1.2412, valid_pr-0.7443
epoch-337, train_loss-0.1315, train_rmse-0.3626, valid_rmse-1.2508, valid_pr-0.7398
epoch-338, train_loss-0.1358, train_rmse-0.3686, valid_rmse-1.2407, valid_pr-0.7435
epoch-339, train_loss-0.1356, train_rmse-0.3683, valid_rmse-1.2310, valid_pr-0.7454
epoch-340, train_loss-0.1279, train_rmse-0.3577, valid_rmse-1.2533, valid_pr-0.7451
epoch-341, train_loss-0.1308, train_rmse-0.3617, valid_rmse-1.2435, valid_pr-0.7419
epoch-342, train_loss-0.1381, train_rmse-0.3716, valid_rmse-1.2351, valid_pr-0.7462
epoch-343, train_loss-0.1246, train_rmse-0.3529, valid_rmse-1.2575, valid_pr-0.7434
epoch-344, train_loss-0.1209, train_rmse-0.3476, valid_rmse-1.2436, valid_pr-0.7430
epoch-345, train_loss-0.1372, train_rmse-0.3704, valid_rmse-1.2394, valid_pr-0.7423
epoch-346, train_loss-0.1291, train_rmse-0.3593, valid_rmse-1.2337, valid_pr-0.7452
epoch-347, train_loss-0.1336, train_rmse-0.3655, valid_rmse-1.2382, valid_pr-0.7471
epoch-348, train_loss-0.1246, train_rmse-0.3529, valid_rmse-1.2758, valid_pr-0.7446
epoch-349, train_loss-0.1168, train_rmse-0.3418, valid_rmse-1.2493, valid_pr-0.7439
epoch-350, train_loss-0.1196, train_rmse-0.3459, valid_rmse-1.2414, valid_pr-0.7431
epoch-351, train_loss-0.1300, train_rmse-0.3605, valid_rmse-1.2721, valid_pr-0.7465
epoch-352, train_loss-0.1260, train_rmse-0.3550, valid_rmse-1.2491, valid_pr-0.7454
epoch-353, train_loss-0.1226, train_rmse-0.3502, valid_rmse-1.2238, valid_pr-0.7496
Validation : valid_rmse-1.2238, valid_pr-0.7496, 
test2013_rmse-1.3835, test2013_pr-0.8262, test2016_rmse-1.2327, test2016_pr-0.8388, test2019_rmse-1.3797, test2019_pr-0.6414
epoch-354, train_loss-0.1348, train_rmse-0.3672, valid_rmse-1.2728, valid_pr-0.7417
epoch-355, train_loss-0.1252, train_rmse-0.3539, valid_rmse-1.2758, valid_pr-0.7443
epoch-356, train_loss-0.1224, train_rmse-0.3498, valid_rmse-1.2438, valid_pr-0.7407
epoch-357, train_loss-0.1249, train_rmse-0.3535, valid_rmse-1.2440, valid_pr-0.7439
epoch-358, train_loss-0.1170, train_rmse-0.3421, valid_rmse-1.2429, valid_pr-0.7465
epoch-359, train_loss-0.1253, train_rmse-0.3540, valid_rmse-1.2650, valid_pr-0.7377
epoch-360, train_loss-0.1236, train_rmse-0.3515, valid_rmse-1.2542, valid_pr-0.7422
epoch-361, train_loss-0.1329, train_rmse-0.3645, valid_rmse-1.2377, valid_pr-0.7466
epoch-362, train_loss-0.1463, train_rmse-0.3825, valid_rmse-1.2441, valid_pr-0.7420
epoch-363, train_loss-0.1154, train_rmse-0.3397, valid_rmse-1.2469, valid_pr-0.7433
epoch-364, train_loss-0.1242, train_rmse-0.3524, valid_rmse-1.2352, valid_pr-0.7454
epoch-365, train_loss-0.1299, train_rmse-0.3604, valid_rmse-1.2418, valid_pr-0.7457
epoch-366, train_loss-0.1216, train_rmse-0.3487, valid_rmse-1.2566, valid_pr-0.7415
epoch-367, train_loss-0.1064, train_rmse-0.3262, valid_rmse-1.2410, valid_pr-0.7472
epoch-368, train_loss-0.1154, train_rmse-0.3397, valid_rmse-1.2277, valid_pr-0.7483
epoch-369, train_loss-0.1254, train_rmse-0.3541, valid_rmse-1.2253, valid_pr-0.7481
epoch-370, train_loss-0.1248, train_rmse-0.3533, valid_rmse-1.2299, valid_pr-0.7469
epoch-371, train_loss-0.1247, train_rmse-0.3532, valid_rmse-1.2322, valid_pr-0.7472
epoch-372, train_loss-0.1213, train_rmse-0.3483, valid_rmse-1.2369, valid_pr-0.7434
epoch-373, train_loss-0.1193, train_rmse-0.3455, valid_rmse-1.2488, valid_pr-0.7477
epoch-374, train_loss-0.1279, train_rmse-0.3577, valid_rmse-1.2390, valid_pr-0.7436
epoch-375, train_loss-0.1214, train_rmse-0.3485, valid_rmse-1.2401, valid_pr-0.7495
epoch-376, train_loss-0.1219, train_rmse-0.3491, valid_rmse-1.2557, valid_pr-0.7433
epoch-377, train_loss-0.1168, train_rmse-0.3418, valid_rmse-1.2391, valid_pr-0.7486
epoch-378, train_loss-0.1222, train_rmse-0.3496, valid_rmse-1.2452, valid_pr-0.7454
epoch-379, train_loss-0.1216, train_rmse-0.3487, valid_rmse-1.2472, valid_pr-0.7427
epoch-380, train_loss-0.1202, train_rmse-0.3468, valid_rmse-1.2480, valid_pr-0.7461
epoch-381, train_loss-0.1269, train_rmse-0.3562, valid_rmse-1.2808, valid_pr-0.7440
epoch-382, train_loss-0.1272, train_rmse-0.3566, valid_rmse-1.2401, valid_pr-0.7430
epoch-383, train_loss-0.1192, train_rmse-0.3452, valid_rmse-1.2457, valid_pr-0.7394
epoch-384, train_loss-0.1126, train_rmse-0.3355, valid_rmse-1.2486, valid_pr-0.7444
epoch-385, train_loss-0.1162, train_rmse-0.3408, valid_rmse-1.2329, valid_pr-0.7454
epoch-386, train_loss-0.1253, train_rmse-0.3540, valid_rmse-1.2346, valid_pr-0.7479
epoch-387, train_loss-0.1184, train_rmse-0.3440, valid_rmse-1.2412, valid_pr-0.7451
epoch-388, train_loss-0.1216, train_rmse-0.3487, valid_rmse-1.2322, valid_pr-0.7451
epoch-389, train_loss-0.1131, train_rmse-0.3364, valid_rmse-1.2370, valid_pr-0.7472
epoch-390, train_loss-0.1254, train_rmse-0.3541, valid_rmse-1.2351, valid_pr-0.7483
epoch-391, train_loss-0.1273, train_rmse-0.3568, valid_rmse-1.2376, valid_pr-0.7466
epoch-392, train_loss-0.1130, train_rmse-0.3362, valid_rmse-1.2294, valid_pr-0.7477
epoch-393, train_loss-0.1237, train_rmse-0.3517, valid_rmse-1.2490, valid_pr-0.7408
epoch-394, train_loss-0.1272, train_rmse-0.3566, valid_rmse-1.2348, valid_pr-0.7467
epoch-395, train_loss-0.1141, train_rmse-0.3378, valid_rmse-1.2567, valid_pr-0.7476
epoch-396, train_loss-0.1146, train_rmse-0.3385, valid_rmse-1.2355, valid_pr-0.7469
epoch-397, train_loss-0.1186, train_rmse-0.3444, valid_rmse-1.2418, valid_pr-0.7444
epoch-398, train_loss-0.1169, train_rmse-0.3419, valid_rmse-1.2492, valid_pr-0.7489
epoch-399, train_loss-0.1186, train_rmse-0.3444, valid_rmse-1.2321, valid_pr-0.7463
epoch-400, train_loss-0.1188, train_rmse-0.3447, valid_rmse-1.2609, valid_pr-0.7396
epoch-401, train_loss-0.1188, train_rmse-0.3446, valid_rmse-1.2308, valid_pr-0.7491
epoch-402, train_loss-0.1152, train_rmse-0.3394, valid_rmse-1.2171, valid_pr-0.7521
Validation : valid_rmse-1.2171, valid_pr-0.7521, 
test2013_rmse-1.3916, test2013_pr-0.8248, test2016_rmse-1.2163, test2016_pr-0.8440, test2019_rmse-1.3768, test2019_pr-0.6419
epoch-403, train_loss-0.1162, train_rmse-0.3409, valid_rmse-1.2388, valid_pr-0.7438
epoch-404, train_loss-0.1246, train_rmse-0.3530, valid_rmse-1.2458, valid_pr-0.7387
epoch-405, train_loss-0.1229, train_rmse-0.3505, valid_rmse-1.2242, valid_pr-0.7500
epoch-406, train_loss-0.1154, train_rmse-0.3397, valid_rmse-1.2266, valid_pr-0.7495
epoch-407, train_loss-0.1135, train_rmse-0.3370, valid_rmse-1.2369, valid_pr-0.7445
epoch-408, train_loss-0.1168, train_rmse-0.3418, valid_rmse-1.2345, valid_pr-0.7446
epoch-409, train_loss-0.1228, train_rmse-0.3505, valid_rmse-1.2510, valid_pr-0.7470
epoch-410, train_loss-0.1221, train_rmse-0.3494, valid_rmse-1.2444, valid_pr-0.7435
epoch-411, train_loss-0.1125, train_rmse-0.3355, valid_rmse-1.2323, valid_pr-0.7448
epoch-412, train_loss-0.1224, train_rmse-0.3499, valid_rmse-1.2337, valid_pr-0.7464
epoch-413, train_loss-0.1187, train_rmse-0.3445, valid_rmse-1.2437, valid_pr-0.7434
epoch-414, train_loss-0.1054, train_rmse-0.3247, valid_rmse-1.2316, valid_pr-0.7461
epoch-415, train_loss-0.1172, train_rmse-0.3423, valid_rmse-1.2290, valid_pr-0.7466
epoch-416, train_loss-0.1098, train_rmse-0.3314, valid_rmse-1.2404, valid_pr-0.7434
epoch-417, train_loss-0.1145, train_rmse-0.3383, valid_rmse-1.2322, valid_pr-0.7472
epoch-418, train_loss-0.1134, train_rmse-0.3367, valid_rmse-1.2424, valid_pr-0.7440
epoch-419, train_loss-0.1125, train_rmse-0.3355, valid_rmse-1.2525, valid_pr-0.7454
epoch-420, train_loss-0.1225, train_rmse-0.3501, valid_rmse-1.2527, valid_pr-0.7414
epoch-421, train_loss-0.1125, train_rmse-0.3354, valid_rmse-1.2398, valid_pr-0.7456
epoch-422, train_loss-0.1124, train_rmse-0.3352, valid_rmse-1.2351, valid_pr-0.7458
epoch-423, train_loss-0.1158, train_rmse-0.3403, valid_rmse-1.2512, valid_pr-0.7459
epoch-424, train_loss-0.1312, train_rmse-0.3622, valid_rmse-1.2236, valid_pr-0.7491
epoch-425, train_loss-0.1151, train_rmse-0.3393, valid_rmse-1.2345, valid_pr-0.7476
epoch-426, train_loss-0.1098, train_rmse-0.3314, valid_rmse-1.2366, valid_pr-0.7442
epoch-427, train_loss-0.1185, train_rmse-0.3442, valid_rmse-1.2373, valid_pr-0.7457
epoch-428, train_loss-0.1303, train_rmse-0.3609, valid_rmse-1.2479, valid_pr-0.7428
epoch-429, train_loss-0.1146, train_rmse-0.3385, valid_rmse-1.2425, valid_pr-0.7448
epoch-430, train_loss-0.1310, train_rmse-0.3620, valid_rmse-1.2333, valid_pr-0.7459
epoch-431, train_loss-0.1034, train_rmse-0.3215, valid_rmse-1.2349, valid_pr-0.7451
epoch-432, train_loss-0.1249, train_rmse-0.3533, valid_rmse-1.2487, valid_pr-0.7383
epoch-433, train_loss-0.1080, train_rmse-0.3286, valid_rmse-1.2532, valid_pr-0.7426
epoch-434, train_loss-0.1165, train_rmse-0.3413, valid_rmse-1.2455, valid_pr-0.7474
epoch-435, train_loss-0.1254, train_rmse-0.3540, valid_rmse-1.2378, valid_pr-0.7472
epoch-436, train_loss-0.1148, train_rmse-0.3389, valid_rmse-1.2512, valid_pr-0.7426
epoch-437, train_loss-0.1120, train_rmse-0.3347, valid_rmse-1.2298, valid_pr-0.7462
epoch-438, train_loss-0.1207, train_rmse-0.3474, valid_rmse-1.2386, valid_pr-0.7442
epoch-439, train_loss-0.1167, train_rmse-0.3417, valid_rmse-1.2668, valid_pr-0.7488
epoch-440, train_loss-0.1156, train_rmse-0.3400, valid_rmse-1.2337, valid_pr-0.7489
epoch-441, train_loss-0.1186, train_rmse-0.3444, valid_rmse-1.2388, valid_pr-0.7446
epoch-442, train_loss-0.1116, train_rmse-0.3341, valid_rmse-1.2395, valid_pr-0.7473
epoch-443, train_loss-0.1124, train_rmse-0.3353, valid_rmse-1.2564, valid_pr-0.7459
epoch-444, train_loss-0.1173, train_rmse-0.3425, valid_rmse-1.2244, valid_pr-0.7502
epoch-445, train_loss-0.1151, train_rmse-0.3393, valid_rmse-1.2685, valid_pr-0.7470
epoch-446, train_loss-0.1141, train_rmse-0.3378, valid_rmse-1.2356, valid_pr-0.7470
epoch-447, train_loss-0.1267, train_rmse-0.3560, valid_rmse-1.2302, valid_pr-0.7464
epoch-448, train_loss-0.1173, train_rmse-0.3426, valid_rmse-1.2374, valid_pr-0.7429
epoch-449, train_loss-0.1154, train_rmse-0.3398, valid_rmse-1.2506, valid_pr-0.7435
epoch-450, train_loss-0.1115, train_rmse-0.3339, valid_rmse-1.2304, valid_pr-0.7513
epoch-451, train_loss-0.1119, train_rmse-0.3346, valid_rmse-1.2226, valid_pr-0.7503
epoch-452, train_loss-0.1109, train_rmse-0.3330, valid_rmse-1.2335, valid_pr-0.7462
epoch-453, train_loss-0.1111, train_rmse-0.3332, valid_rmse-1.2302, valid_pr-0.7474
epoch-454, train_loss-0.0972, train_rmse-0.3118, valid_rmse-1.2245, valid_pr-0.7492
epoch-455, train_loss-0.0992, train_rmse-0.3150, valid_rmse-1.2256, valid_pr-0.7512
epoch-456, train_loss-0.1042, train_rmse-0.3228, valid_rmse-1.2180, valid_pr-0.7526
epoch-457, train_loss-0.0926, train_rmse-0.3044, valid_rmse-1.2217, valid_pr-0.7511
epoch-458, train_loss-0.0985, train_rmse-0.3138, valid_rmse-1.2254, valid_pr-0.7484
epoch-459, train_loss-0.0964, train_rmse-0.3106, valid_rmse-1.2236, valid_pr-0.7497
epoch-460, train_loss-0.0970, train_rmse-0.3115, valid_rmse-1.2218, valid_pr-0.7515
epoch-461, train_loss-0.0976, train_rmse-0.3123, valid_rmse-1.2185, valid_pr-0.7515
epoch-462, train_loss-0.0985, train_rmse-0.3138, valid_rmse-1.2232, valid_pr-0.7502
epoch-463, train_loss-0.0970, train_rmse-0.3115, valid_rmse-1.2192, valid_pr-0.7510
epoch-464, train_loss-0.0900, train_rmse-0.2999, valid_rmse-1.2221, valid_pr-0.7501
epoch-465, train_loss-0.0965, train_rmse-0.3106, valid_rmse-1.2310, valid_pr-0.7496
epoch-466, train_loss-0.0981, train_rmse-0.3132, valid_rmse-1.2321, valid_pr-0.7492
epoch-467, train_loss-0.0879, train_rmse-0.2964, valid_rmse-1.2248, valid_pr-0.7490
epoch-468, train_loss-0.0938, train_rmse-0.3063, valid_rmse-1.2276, valid_pr-0.7485
epoch-469, train_loss-0.0896, train_rmse-0.2993, valid_rmse-1.2258, valid_pr-0.7503
epoch-470, train_loss-0.0932, train_rmse-0.3054, valid_rmse-1.2240, valid_pr-0.7496
epoch-471, train_loss-0.0952, train_rmse-0.3086, valid_rmse-1.2372, valid_pr-0.7484
epoch-472, train_loss-0.0993, train_rmse-0.3151, valid_rmse-1.2258, valid_pr-0.7495
epoch-473, train_loss-0.0902, train_rmse-0.3003, valid_rmse-1.2342, valid_pr-0.7486
epoch-474, train_loss-0.0971, train_rmse-0.3116, valid_rmse-1.2277, valid_pr-0.7484
epoch-475, train_loss-0.0865, train_rmse-0.2942, valid_rmse-1.2271, valid_pr-0.7484
epoch-476, train_loss-0.0929, train_rmse-0.3047, valid_rmse-1.2275, valid_pr-0.7504
epoch-477, train_loss-0.0894, train_rmse-0.2990, valid_rmse-1.2188, valid_pr-0.7521
epoch-478, train_loss-0.0900, train_rmse-0.3000, valid_rmse-1.2169, valid_pr-0.7522
Validation : valid_rmse-1.2169, valid_pr-0.7522, 
test2013_rmse-1.3535, test2013_pr-0.8388, test2016_rmse-1.2064, test2016_pr-0.8451, test2019_rmse-1.3688, test2019_pr-0.6468
epoch-479, train_loss-0.1060, train_rmse-0.3256, valid_rmse-1.2194, valid_pr-0.7515
epoch-480, train_loss-0.0914, train_rmse-0.3023, valid_rmse-1.2198, valid_pr-0.7511
epoch-481, train_loss-0.0905, train_rmse-0.3008, valid_rmse-1.2276, valid_pr-0.7520
epoch-482, train_loss-0.0951, train_rmse-0.3083, valid_rmse-1.2321, valid_pr-0.7509
epoch-483, train_loss-0.0971, train_rmse-0.3116, valid_rmse-1.2277, valid_pr-0.7500
epoch-484, train_loss-0.0884, train_rmse-0.2973, valid_rmse-1.2260, valid_pr-0.7494
epoch-485, train_loss-0.0850, train_rmse-0.2915, valid_rmse-1.2232, valid_pr-0.7500
epoch-486, train_loss-0.0845, train_rmse-0.2906, valid_rmse-1.2331, valid_pr-0.7477
epoch-487, train_loss-0.0950, train_rmse-0.3082, valid_rmse-1.2217, valid_pr-0.7512
epoch-488, train_loss-0.0885, train_rmse-0.2975, valid_rmse-1.2354, valid_pr-0.7499
epoch-489, train_loss-0.0878, train_rmse-0.2963, valid_rmse-1.2222, valid_pr-0.7520
epoch-490, train_loss-0.0955, train_rmse-0.3091, valid_rmse-1.2236, valid_pr-0.7524
epoch-491, train_loss-0.0879, train_rmse-0.2964, valid_rmse-1.2168, valid_pr-0.7523
Validation : valid_rmse-1.2168, valid_pr-0.7523, 
test2013_rmse-1.3619, test2013_pr-0.8351, test2016_rmse-1.1974, test2016_pr-0.8484, test2019_rmse-1.3695, test2019_pr-0.6460
epoch-492, train_loss-0.0935, train_rmse-0.3058, valid_rmse-1.2234, valid_pr-0.7498
epoch-493, train_loss-0.0903, train_rmse-0.3005, valid_rmse-1.2239, valid_pr-0.7505
epoch-494, train_loss-0.1016, train_rmse-0.3188, valid_rmse-1.2243, valid_pr-0.7489
epoch-495, train_loss-0.0831, train_rmse-0.2884, valid_rmse-1.2129, valid_pr-0.7541
Validation : valid_rmse-1.2129, valid_pr-0.7541, 
test2013_rmse-1.3412, test2013_pr-0.8410, test2016_rmse-1.1892, test2016_pr-0.8508, test2019_rmse-1.3660, test2019_pr-0.6490
epoch-496, train_loss-0.0901, train_rmse-0.3002, valid_rmse-1.2262, valid_pr-0.7504
epoch-497, train_loss-0.0920, train_rmse-0.3032, valid_rmse-1.2211, valid_pr-0.7502
epoch-498, train_loss-0.0910, train_rmse-0.3017, valid_rmse-1.2173, valid_pr-0.7523
epoch-499, train_loss-0.0891, train_rmse-0.2985, valid_rmse-1.2421, valid_pr-0.7530
epoch-500, train_loss-0.0947, train_rmse-0.3078, valid_rmse-1.2183, valid_pr-0.7521
epoch-501, train_loss-0.0958, train_rmse-0.3096, valid_rmse-1.2232, valid_pr-0.7536
epoch-502, train_loss-0.0903, train_rmse-0.3005, valid_rmse-1.2256, valid_pr-0.7497
epoch-503, train_loss-0.0998, train_rmse-0.3159, valid_rmse-1.2182, valid_pr-0.7521
epoch-504, train_loss-0.0956, train_rmse-0.3093, valid_rmse-1.2205, valid_pr-0.7505
epoch-505, train_loss-0.0857, train_rmse-0.2927, valid_rmse-1.2268, valid_pr-0.7488
epoch-506, train_loss-0.0914, train_rmse-0.3023, valid_rmse-1.2194, valid_pr-0.7518
epoch-507, train_loss-0.0848, train_rmse-0.2912, valid_rmse-1.2236, valid_pr-0.7495
epoch-508, train_loss-0.0924, train_rmse-0.3040, valid_rmse-1.2272, valid_pr-0.7515
epoch-509, train_loss-0.0899, train_rmse-0.2998, valid_rmse-1.2233, valid_pr-0.7504
epoch-510, train_loss-0.0919, train_rmse-0.3031, valid_rmse-1.2299, valid_pr-0.7507
epoch-511, train_loss-0.1045, train_rmse-0.3233, valid_rmse-1.2411, valid_pr-0.7480
epoch-512, train_loss-0.0876, train_rmse-0.2959, valid_rmse-1.2174, valid_pr-0.7525
epoch-513, train_loss-0.0864, train_rmse-0.2940, valid_rmse-1.2167, valid_pr-0.7531
epoch-514, train_loss-0.0922, train_rmse-0.3036, valid_rmse-1.2204, valid_pr-0.7513
epoch-515, train_loss-0.0873, train_rmse-0.2955, valid_rmse-1.2256, valid_pr-0.7517
epoch-516, train_loss-0.0887, train_rmse-0.2979, valid_rmse-1.2205, valid_pr-0.7510
epoch-517, train_loss-0.0951, train_rmse-0.3083, valid_rmse-1.2131, valid_pr-0.7538
epoch-518, train_loss-0.0876, train_rmse-0.2960, valid_rmse-1.2244, valid_pr-0.7498
epoch-519, train_loss-0.0894, train_rmse-0.2990, valid_rmse-1.2179, valid_pr-0.7529
epoch-520, train_loss-0.1003, train_rmse-0.3167, valid_rmse-1.2269, valid_pr-0.7522
epoch-521, train_loss-0.0985, train_rmse-0.3139, valid_rmse-1.2209, valid_pr-0.7509
epoch-522, train_loss-0.0900, train_rmse-0.3000, valid_rmse-1.2330, valid_pr-0.7497
epoch-523, train_loss-0.0947, train_rmse-0.3077, valid_rmse-1.2255, valid_pr-0.7512
epoch-524, train_loss-0.0994, train_rmse-0.3153, valid_rmse-1.2249, valid_pr-0.7499
epoch-525, train_loss-0.0912, train_rmse-0.3020, valid_rmse-1.2155, valid_pr-0.7531
epoch-526, train_loss-0.0860, train_rmse-0.2933, valid_rmse-1.2172, valid_pr-0.7522
epoch-527, train_loss-0.0946, train_rmse-0.3076, valid_rmse-1.2184, valid_pr-0.7521
epoch-528, train_loss-0.0943, train_rmse-0.3070, valid_rmse-1.2090, valid_pr-0.7557
Validation : valid_rmse-1.2090, valid_pr-0.7557, 
test2013_rmse-1.3441, test2013_pr-0.8414, test2016_rmse-1.1935, test2016_pr-0.8515, test2019_rmse-1.3589, test2019_pr-0.6514
epoch-529, train_loss-0.0960, train_rmse-0.3098, valid_rmse-1.2188, valid_pr-0.7533
epoch-530, train_loss-0.0849, train_rmse-0.2914, valid_rmse-1.2224, valid_pr-0.7517
epoch-531, train_loss-0.0931, train_rmse-0.3051, valid_rmse-1.2124, valid_pr-0.7547
epoch-532, train_loss-0.0888, train_rmse-0.2980, valid_rmse-1.2133, valid_pr-0.7540
epoch-533, train_loss-0.0845, train_rmse-0.2908, valid_rmse-1.2196, valid_pr-0.7508
epoch-534, train_loss-0.0869, train_rmse-0.2949, valid_rmse-1.2205, valid_pr-0.7514
epoch-535, train_loss-0.0872, train_rmse-0.2953, valid_rmse-1.2217, valid_pr-0.7504
epoch-536, train_loss-0.0953, train_rmse-0.3087, valid_rmse-1.2193, valid_pr-0.7514
epoch-537, train_loss-0.0953, train_rmse-0.3087, valid_rmse-1.2285, valid_pr-0.7492
epoch-538, train_loss-0.0843, train_rmse-0.2904, valid_rmse-1.2223, valid_pr-0.7521
epoch-539, train_loss-0.0874, train_rmse-0.2956, valid_rmse-1.2172, valid_pr-0.7526
epoch-540, train_loss-0.0851, train_rmse-0.2917, valid_rmse-1.2226, valid_pr-0.7516
epoch-541, train_loss-0.0868, train_rmse-0.2947, valid_rmse-1.2189, valid_pr-0.7518
epoch-542, train_loss-0.0849, train_rmse-0.2913, valid_rmse-1.2126, valid_pr-0.7551
epoch-543, train_loss-0.0936, train_rmse-0.3059, valid_rmse-1.2318, valid_pr-0.7503
epoch-544, train_loss-0.0858, train_rmse-0.2929, valid_rmse-1.2159, valid_pr-0.7525
epoch-545, train_loss-0.0919, train_rmse-0.3032, valid_rmse-1.2292, valid_pr-0.7492
epoch-546, train_loss-0.0858, train_rmse-0.2928, valid_rmse-1.2194, valid_pr-0.7515
epoch-547, train_loss-0.0846, train_rmse-0.2908, valid_rmse-1.2291, valid_pr-0.7493
epoch-548, train_loss-0.0799, train_rmse-0.2828, valid_rmse-1.2189, valid_pr-0.7517
epoch-549, train_loss-0.0946, train_rmse-0.3075, valid_rmse-1.2158, valid_pr-0.7528
epoch-550, train_loss-0.0900, train_rmse-0.3000, valid_rmse-1.2278, valid_pr-0.7520
epoch-551, train_loss-0.0961, train_rmse-0.3100, valid_rmse-1.2210, valid_pr-0.7517
epoch-552, train_loss-0.0893, train_rmse-0.2989, valid_rmse-1.2220, valid_pr-0.7514
epoch-553, train_loss-0.0909, train_rmse-0.3015, valid_rmse-1.2152, valid_pr-0.7543
epoch-554, train_loss-0.0909, train_rmse-0.3015, valid_rmse-1.2175, valid_pr-0.7524
epoch-555, train_loss-0.0914, train_rmse-0.3023, valid_rmse-1.2187, valid_pr-0.7520
epoch-556, train_loss-0.0912, train_rmse-0.3020, valid_rmse-1.2232, valid_pr-0.7510
epoch-557, train_loss-0.0974, train_rmse-0.3121, valid_rmse-1.2237, valid_pr-0.7506
epoch-558, train_loss-0.0943, train_rmse-0.3070, valid_rmse-1.2201, valid_pr-0.7515
epoch-559, train_loss-0.0928, train_rmse-0.3046, valid_rmse-1.2174, valid_pr-0.7526
epoch-560, train_loss-0.0883, train_rmse-0.2971, valid_rmse-1.2262, valid_pr-0.7515
epoch-561, train_loss-0.0893, train_rmse-0.2988, valid_rmse-1.2177, valid_pr-0.7522
epoch-562, train_loss-0.0963, train_rmse-0.3103, valid_rmse-1.2163, valid_pr-0.7530
epoch-563, train_loss-0.0889, train_rmse-0.2981, valid_rmse-1.2276, valid_pr-0.7530
epoch-564, train_loss-0.0933, train_rmse-0.3054, valid_rmse-1.2282, valid_pr-0.7493
epoch-565, train_loss-0.0830, train_rmse-0.2881, valid_rmse-1.2189, valid_pr-0.7516
epoch-566, train_loss-0.0882, train_rmse-0.2970, valid_rmse-1.2198, valid_pr-0.7526
epoch-567, train_loss-0.0826, train_rmse-0.2875, valid_rmse-1.2184, valid_pr-0.7533
epoch-568, train_loss-0.0944, train_rmse-0.3072, valid_rmse-1.2193, valid_pr-0.7518
epoch-569, train_loss-0.0922, train_rmse-0.3037, valid_rmse-1.2339, valid_pr-0.7483
epoch-570, train_loss-0.0914, train_rmse-0.3023, valid_rmse-1.2222, valid_pr-0.7510
epoch-571, train_loss-0.0923, train_rmse-0.3037, valid_rmse-1.2229, valid_pr-0.7524
epoch-572, train_loss-0.0869, train_rmse-0.2948, valid_rmse-1.2213, valid_pr-0.7508
epoch-573, train_loss-0.0896, train_rmse-0.2993, valid_rmse-1.2227, valid_pr-0.7543
epoch-574, train_loss-0.0906, train_rmse-0.3010, valid_rmse-1.2211, valid_pr-0.7523
epoch-575, train_loss-0.0936, train_rmse-0.3060, valid_rmse-1.2169, valid_pr-0.7521
epoch-576, train_loss-0.0952, train_rmse-0.3086, valid_rmse-1.2179, valid_pr-0.7519
epoch-577, train_loss-0.0902, train_rmse-0.3004, valid_rmse-1.2196, valid_pr-0.7528
epoch-578, train_loss-0.0915, train_rmse-0.3026, valid_rmse-1.2143, valid_pr-0.7543
epoch-579, train_loss-0.0957, train_rmse-0.3094, valid_rmse-1.2223, valid_pr-0.7513
epoch-580, train_loss-0.0818, train_rmse-0.2860, valid_rmse-1.2220, valid_pr-0.7509
epoch-581, train_loss-0.0891, train_rmse-0.2985, valid_rmse-1.2235, valid_pr-0.7506
epoch-582, train_loss-0.0818, train_rmse-0.2861, valid_rmse-1.2167, valid_pr-0.7533
epoch-583, train_loss-0.0773, train_rmse-0.2780, valid_rmse-1.2164, valid_pr-0.7528
epoch-584, train_loss-0.0778, train_rmse-0.2789, valid_rmse-1.2154, valid_pr-0.7532
epoch-585, train_loss-0.0844, train_rmse-0.2905, valid_rmse-1.2185, valid_pr-0.7524
epoch-586, train_loss-0.0828, train_rmse-0.2877, valid_rmse-1.2151, valid_pr-0.7531
epoch-587, train_loss-0.0807, train_rmse-0.2840, valid_rmse-1.2206, valid_pr-0.7509
epoch-588, train_loss-0.0809, train_rmse-0.2845, valid_rmse-1.2192, valid_pr-0.7513
epoch-589, train_loss-0.0818, train_rmse-0.2860, valid_rmse-1.2208, valid_pr-0.7518
epoch-590, train_loss-0.0766, train_rmse-0.2768, valid_rmse-1.2187, valid_pr-0.7515
epoch-591, train_loss-0.0760, train_rmse-0.2756, valid_rmse-1.2186, valid_pr-0.7527
epoch-592, train_loss-0.0761, train_rmse-0.2759, valid_rmse-1.2148, valid_pr-0.7534
epoch-593, train_loss-0.0811, train_rmse-0.2848, valid_rmse-1.2268, valid_pr-0.7524
epoch-594, train_loss-0.0772, train_rmse-0.2779, valid_rmse-1.2159, valid_pr-0.7528
epoch-595, train_loss-0.0770, train_rmse-0.2775, valid_rmse-1.2154, valid_pr-0.7539
epoch-596, train_loss-0.0922, train_rmse-0.3036, valid_rmse-1.2206, valid_pr-0.7519
epoch-597, train_loss-0.0823, train_rmse-0.2868, valid_rmse-1.2165, valid_pr-0.7527
epoch-598, train_loss-0.0795, train_rmse-0.2820, valid_rmse-1.2214, valid_pr-0.7524
epoch-599, train_loss-0.0742, train_rmse-0.2724, valid_rmse-1.2179, valid_pr-0.7522
epoch-600, train_loss-0.0831, train_rmse-0.2882, valid_rmse-1.2201, valid_pr-0.7525
epoch-601, train_loss-0.0816, train_rmse-0.2856, valid_rmse-1.2200, valid_pr-0.7517
epoch-602, train_loss-0.0789, train_rmse-0.2809, valid_rmse-1.2175, valid_pr-0.7531
epoch-603, train_loss-0.0876, train_rmse-0.2960, valid_rmse-1.2190, valid_pr-0.7531
epoch-604, train_loss-0.0786, train_rmse-0.2804, valid_rmse-1.2158, valid_pr-0.7537
epoch-605, train_loss-0.0820, train_rmse-0.2864, valid_rmse-1.2168, valid_pr-0.7529
epoch-606, train_loss-0.0863, train_rmse-0.2938, valid_rmse-1.2257, valid_pr-0.7531
epoch-607, train_loss-0.0787, train_rmse-0.2806, valid_rmse-1.2174, valid_pr-0.7525
epoch-608, train_loss-0.0810, train_rmse-0.2846, valid_rmse-1.2226, valid_pr-0.7519
epoch-609, train_loss-0.0797, train_rmse-0.2823, valid_rmse-1.2177, valid_pr-0.7532
epoch-610, train_loss-0.0763, train_rmse-0.2763, valid_rmse-1.2239, valid_pr-0.7516
epoch-611, train_loss-0.0774, train_rmse-0.2783, valid_rmse-1.2168, valid_pr-0.7523
epoch-612, train_loss-0.0844, train_rmse-0.2905, valid_rmse-1.2181, valid_pr-0.7527
epoch-613, train_loss-0.0759, train_rmse-0.2756, valid_rmse-1.2143, valid_pr-0.7534
epoch-614, train_loss-0.0834, train_rmse-0.2888, valid_rmse-1.2217, valid_pr-0.7505
epoch-615, train_loss-0.0727, train_rmse-0.2696, valid_rmse-1.2140, valid_pr-0.7536
epoch-616, train_loss-0.0850, train_rmse-0.2916, valid_rmse-1.2185, valid_pr-0.7526
epoch-617, train_loss-0.0752, train_rmse-0.2741, valid_rmse-1.2125, valid_pr-0.7542
epoch-618, train_loss-0.0768, train_rmse-0.2772, valid_rmse-1.2128, valid_pr-0.7541
epoch-619, train_loss-0.0816, train_rmse-0.2856, valid_rmse-1.2099, valid_pr-0.7559
epoch-620, train_loss-0.0783, train_rmse-0.2799, valid_rmse-1.2146, valid_pr-0.7537
epoch-621, train_loss-0.0774, train_rmse-0.2782, valid_rmse-1.2195, valid_pr-0.7523
epoch-622, train_loss-0.0722, train_rmse-0.2688, valid_rmse-1.2190, valid_pr-0.7532
epoch-623, train_loss-0.0787, train_rmse-0.2806, valid_rmse-1.2123, valid_pr-0.7543
epoch-624, train_loss-0.0856, train_rmse-0.2925, valid_rmse-1.2131, valid_pr-0.7541
epoch-625, train_loss-0.0811, train_rmse-0.2847, valid_rmse-1.2160, valid_pr-0.7529
epoch-626, train_loss-0.0730, train_rmse-0.2702, valid_rmse-1.2116, valid_pr-0.7548
epoch-627, train_loss-0.0811, train_rmse-0.2849, valid_rmse-1.2159, valid_pr-0.7533
epoch-628, train_loss-0.0803, train_rmse-0.2834, valid_rmse-1.2132, valid_pr-0.7540
epoch-629, train_loss-0.0769, train_rmse-0.2774, valid_rmse-1.2183, valid_pr-0.7517
early stop in epoch 629
best_rmse: 1.2090
valid_rmse-1.2090, valid_pr-0.7557, test2013_rmse-1.3441, test2013_pr-0.8414, test2016_rmse-1.1935, test2016_pr-0.8515, test2019_rmse-1.3589, test2019_pr-0.6514
