ours-lrs-0.001-abl-q1q1, lr=0.001, seed=54
train_GIGN.py
train data: 11904
valid data: 1000
test2013 data: 107
test2016 data: 285
test2019 data: 4366
GIGN params # : 1322435
epoch-0, train_loss-15.5885, train_rmse-3.9482, valid_rmse-2.1415, valid_pr-0.3116
Validation : valid_rmse-2.1415, valid_pr-0.3116, 
test2013_rmse-2.1017, test2013_pr-0.5387, test2016_rmse-2.1652, test2016_pr-0.5169, test2019_rmse-2.0106, test2019_pr-0.3802
epoch-1, train_loss-2.6196, train_rmse-1.6185, valid_rmse-2.1540, valid_pr-0.5112
epoch-2, train_loss-2.3591, train_rmse-1.5359, valid_rmse-1.5365, valid_pr-0.6002
Validation : valid_rmse-1.5365, valid_pr-0.6002, 
test2013_rmse-1.6933, test2013_pr-0.7121, test2016_rmse-1.4897, test2016_pr-0.7560, test2019_rmse-1.4440, test2019_pr-0.6107
epoch-3, train_loss-2.1412, train_rmse-1.4633, valid_rmse-1.4760, valid_pr-0.6360
Validation : valid_rmse-1.4760, valid_pr-0.6360, 
test2013_rmse-1.6692, test2013_pr-0.7359, test2016_rmse-1.4870, test2016_pr-0.7649, test2019_rmse-1.4402, test2019_pr-0.6056
epoch-4, train_loss-2.0758, train_rmse-1.4408, valid_rmse-1.4323, valid_pr-0.6523
Validation : valid_rmse-1.4323, valid_pr-0.6523, 
test2013_rmse-1.4908, test2013_pr-0.7763, test2016_rmse-1.3200, test2016_pr-0.7983, test2019_rmse-1.4174, test2019_pr-0.6425
epoch-5, train_loss-1.9843, train_rmse-1.4086, valid_rmse-1.4668, valid_pr-0.6403
epoch-6, train_loss-1.9235, train_rmse-1.3869, valid_rmse-1.4820, valid_pr-0.6260
epoch-7, train_loss-1.8036, train_rmse-1.3430, valid_rmse-1.4171, valid_pr-0.6573
Validation : valid_rmse-1.4171, valid_pr-0.6573, 
test2013_rmse-1.3613, test2013_pr-0.8266, test2016_rmse-1.3014, test2016_pr-0.8102, test2019_rmse-1.4357, test2019_pr-0.6134
epoch-8, train_loss-1.7370, train_rmse-1.3179, valid_rmse-1.4233, valid_pr-0.6575
epoch-9, train_loss-1.6318, train_rmse-1.2774, valid_rmse-1.4885, valid_pr-0.6351
epoch-10, train_loss-1.5246, train_rmse-1.2348, valid_rmse-1.4751, valid_pr-0.6476
epoch-11, train_loss-1.5151, train_rmse-1.2309, valid_rmse-1.4599, valid_pr-0.6827
epoch-12, train_loss-1.3884, train_rmse-1.1783, valid_rmse-1.5085, valid_pr-0.6396
epoch-13, train_loss-1.3397, train_rmse-1.1575, valid_rmse-1.6305, valid_pr-0.6436
epoch-14, train_loss-1.2861, train_rmse-1.1341, valid_rmse-1.3268, valid_pr-0.7080
Validation : valid_rmse-1.3268, valid_pr-0.7080, 
test2013_rmse-1.4602, test2013_pr-0.7806, test2016_rmse-1.2728, test2016_pr-0.8113, test2019_rmse-1.4301, test2019_pr-0.6358
epoch-15, train_loss-1.1965, train_rmse-1.0939, valid_rmse-1.4066, valid_pr-0.6941
epoch-16, train_loss-1.1024, train_rmse-1.0499, valid_rmse-1.3256, valid_pr-0.7160
Validation : valid_rmse-1.3256, valid_pr-0.7160, 
test2013_rmse-1.4488, test2013_pr-0.8027, test2016_rmse-1.3102, test2016_pr-0.8087, test2019_rmse-1.4624, test2019_pr-0.6293
epoch-17, train_loss-1.0456, train_rmse-1.0226, valid_rmse-1.4927, valid_pr-0.6727
epoch-18, train_loss-0.9777, train_rmse-0.9888, valid_rmse-1.9066, valid_pr-0.5993
epoch-19, train_loss-0.9588, train_rmse-0.9792, valid_rmse-1.4646, valid_pr-0.6625
epoch-20, train_loss-0.8815, train_rmse-0.9389, valid_rmse-1.3633, valid_pr-0.6951
epoch-21, train_loss-0.8528, train_rmse-0.9235, valid_rmse-1.3988, valid_pr-0.6912
epoch-22, train_loss-0.8247, train_rmse-0.9081, valid_rmse-1.4363, valid_pr-0.6600
epoch-23, train_loss-0.7609, train_rmse-0.8723, valid_rmse-1.4834, valid_pr-0.6664
epoch-24, train_loss-0.7731, train_rmse-0.8792, valid_rmse-1.5109, valid_pr-0.6871
epoch-25, train_loss-0.7473, train_rmse-0.8644, valid_rmse-1.3873, valid_pr-0.7107
epoch-26, train_loss-0.7076, train_rmse-0.8412, valid_rmse-1.3818, valid_pr-0.6961
epoch-27, train_loss-0.6689, train_rmse-0.8179, valid_rmse-1.5308, valid_pr-0.6536
epoch-28, train_loss-0.6318, train_rmse-0.7949, valid_rmse-1.4012, valid_pr-0.7013
epoch-29, train_loss-0.6115, train_rmse-0.7820, valid_rmse-1.3784, valid_pr-0.7119
epoch-30, train_loss-0.5612, train_rmse-0.7491, valid_rmse-1.3870, valid_pr-0.7048
epoch-31, train_loss-0.5968, train_rmse-0.7725, valid_rmse-1.3787, valid_pr-0.7061
epoch-32, train_loss-0.5538, train_rmse-0.7442, valid_rmse-1.3552, valid_pr-0.6971
epoch-33, train_loss-0.5445, train_rmse-0.7379, valid_rmse-1.5165, valid_pr-0.6230
epoch-34, train_loss-0.5106, train_rmse-0.7145, valid_rmse-1.3563, valid_pr-0.6971
epoch-35, train_loss-0.5195, train_rmse-0.7208, valid_rmse-1.4395, valid_pr-0.6912
epoch-36, train_loss-0.5305, train_rmse-0.7283, valid_rmse-1.3385, valid_pr-0.7057
epoch-37, train_loss-0.4619, train_rmse-0.6796, valid_rmse-1.3805, valid_pr-0.7086
epoch-38, train_loss-0.4765, train_rmse-0.6903, valid_rmse-1.4474, valid_pr-0.7042
epoch-39, train_loss-0.4531, train_rmse-0.6731, valid_rmse-1.3345, valid_pr-0.7056
epoch-40, train_loss-0.4418, train_rmse-0.6646, valid_rmse-1.4256, valid_pr-0.7048
epoch-41, train_loss-0.4595, train_rmse-0.6779, valid_rmse-1.3821, valid_pr-0.7038
epoch-42, train_loss-0.4366, train_rmse-0.6608, valid_rmse-1.3518, valid_pr-0.7045
epoch-43, train_loss-0.4366, train_rmse-0.6608, valid_rmse-1.3847, valid_pr-0.6894
epoch-44, train_loss-0.4153, train_rmse-0.6445, valid_rmse-1.3650, valid_pr-0.7070
epoch-45, train_loss-0.4414, train_rmse-0.6643, valid_rmse-1.3602, valid_pr-0.7019
epoch-46, train_loss-0.4678, train_rmse-0.6839, valid_rmse-1.3438, valid_pr-0.6955
epoch-47, train_loss-0.4222, train_rmse-0.6498, valid_rmse-1.3465, valid_pr-0.7041
epoch-48, train_loss-0.4068, train_rmse-0.6378, valid_rmse-1.3693, valid_pr-0.6965
epoch-49, train_loss-0.3791, train_rmse-0.6157, valid_rmse-1.4270, valid_pr-0.6968
epoch-50, train_loss-0.3970, train_rmse-0.6301, valid_rmse-1.3097, valid_pr-0.7187
Validation : valid_rmse-1.3097, valid_pr-0.7187, 
test2013_rmse-1.3929, test2013_pr-0.8069, test2016_rmse-1.2634, test2016_pr-0.8139, test2019_rmse-1.4707, test2019_pr-0.6079
epoch-51, train_loss-0.3913, train_rmse-0.6256, valid_rmse-1.3458, valid_pr-0.7063
epoch-52, train_loss-0.4054, train_rmse-0.6367, valid_rmse-1.3728, valid_pr-0.6883
epoch-53, train_loss-0.3643, train_rmse-0.6036, valid_rmse-1.3309, valid_pr-0.7087
epoch-54, train_loss-0.3675, train_rmse-0.6062, valid_rmse-1.3415, valid_pr-0.7112
epoch-55, train_loss-0.3696, train_rmse-0.6080, valid_rmse-1.3586, valid_pr-0.7100
epoch-56, train_loss-0.3503, train_rmse-0.5919, valid_rmse-1.3397, valid_pr-0.7081
epoch-57, train_loss-0.3374, train_rmse-0.5809, valid_rmse-1.3523, valid_pr-0.7171
epoch-58, train_loss-0.3439, train_rmse-0.5864, valid_rmse-1.4045, valid_pr-0.6842
epoch-59, train_loss-0.3529, train_rmse-0.5940, valid_rmse-1.3499, valid_pr-0.7066
epoch-60, train_loss-0.3367, train_rmse-0.5802, valid_rmse-1.3464, valid_pr-0.7083
epoch-61, train_loss-0.3203, train_rmse-0.5659, valid_rmse-1.3571, valid_pr-0.7063
epoch-62, train_loss-0.3241, train_rmse-0.5693, valid_rmse-1.3718, valid_pr-0.6858
epoch-63, train_loss-0.3754, train_rmse-0.6127, valid_rmse-1.3419, valid_pr-0.7048
epoch-64, train_loss-0.3711, train_rmse-0.6092, valid_rmse-1.3815, valid_pr-0.6811
epoch-65, train_loss-0.3483, train_rmse-0.5901, valid_rmse-1.4393, valid_pr-0.6958
epoch-66, train_loss-0.3185, train_rmse-0.5644, valid_rmse-1.3717, valid_pr-0.7021
epoch-67, train_loss-0.3246, train_rmse-0.5697, valid_rmse-1.3531, valid_pr-0.7114
epoch-68, train_loss-0.3335, train_rmse-0.5775, valid_rmse-1.3796, valid_pr-0.6957
epoch-69, train_loss-0.3268, train_rmse-0.5717, valid_rmse-1.3272, valid_pr-0.7199
epoch-70, train_loss-0.3212, train_rmse-0.5667, valid_rmse-1.3539, valid_pr-0.7078
epoch-71, train_loss-0.3097, train_rmse-0.5565, valid_rmse-1.3582, valid_pr-0.7149
epoch-72, train_loss-0.3009, train_rmse-0.5486, valid_rmse-1.3497, valid_pr-0.7155
epoch-73, train_loss-0.3079, train_rmse-0.5549, valid_rmse-1.3696, valid_pr-0.7098
epoch-74, train_loss-0.3220, train_rmse-0.5675, valid_rmse-1.3490, valid_pr-0.7111
epoch-75, train_loss-0.3064, train_rmse-0.5536, valid_rmse-1.3559, valid_pr-0.7051
epoch-76, train_loss-0.2840, train_rmse-0.5329, valid_rmse-1.3406, valid_pr-0.6991
epoch-77, train_loss-0.2974, train_rmse-0.5454, valid_rmse-1.3429, valid_pr-0.7039
epoch-78, train_loss-0.3001, train_rmse-0.5478, valid_rmse-1.3376, valid_pr-0.7077
epoch-79, train_loss-0.2808, train_rmse-0.5299, valid_rmse-1.3662, valid_pr-0.6992
epoch-80, train_loss-0.2865, train_rmse-0.5352, valid_rmse-1.3125, valid_pr-0.7162
epoch-81, train_loss-0.2729, train_rmse-0.5224, valid_rmse-1.3185, valid_pr-0.7155
epoch-82, train_loss-0.2913, train_rmse-0.5398, valid_rmse-1.2982, valid_pr-0.7251
Validation : valid_rmse-1.2982, valid_pr-0.7251, 
test2013_rmse-1.3436, test2013_pr-0.8331, test2016_rmse-1.2105, test2016_pr-0.8326, test2019_rmse-1.4536, test2019_pr-0.6173
epoch-83, train_loss-0.3037, train_rmse-0.5511, valid_rmse-1.3374, valid_pr-0.7064
epoch-84, train_loss-0.2790, train_rmse-0.5282, valid_rmse-1.3399, valid_pr-0.6993
epoch-85, train_loss-0.2706, train_rmse-0.5202, valid_rmse-1.3088, valid_pr-0.7188
epoch-86, train_loss-0.2822, train_rmse-0.5312, valid_rmse-1.3669, valid_pr-0.6947
epoch-87, train_loss-0.3016, train_rmse-0.5492, valid_rmse-1.3106, valid_pr-0.7193
epoch-88, train_loss-0.2641, train_rmse-0.5139, valid_rmse-1.4215, valid_pr-0.7026
epoch-89, train_loss-0.2619, train_rmse-0.5118, valid_rmse-1.3098, valid_pr-0.7181
epoch-90, train_loss-0.2580, train_rmse-0.5080, valid_rmse-1.3294, valid_pr-0.7143
epoch-91, train_loss-0.2578, train_rmse-0.5078, valid_rmse-1.2967, valid_pr-0.7215
Validation : valid_rmse-1.2967, valid_pr-0.7215, 
test2013_rmse-1.2755, test2013_pr-0.8438, test2016_rmse-1.2161, test2016_pr-0.8318, test2019_rmse-1.4317, test2019_pr-0.6262
epoch-92, train_loss-0.2502, train_rmse-0.5002, valid_rmse-1.3163, valid_pr-0.7226
epoch-93, train_loss-0.2752, train_rmse-0.5246, valid_rmse-1.3750, valid_pr-0.6866
epoch-94, train_loss-0.2596, train_rmse-0.5095, valid_rmse-1.3327, valid_pr-0.7211
epoch-95, train_loss-0.2704, train_rmse-0.5200, valid_rmse-1.3166, valid_pr-0.7115
epoch-96, train_loss-0.2672, train_rmse-0.5169, valid_rmse-1.3114, valid_pr-0.7255
epoch-97, train_loss-0.2593, train_rmse-0.5092, valid_rmse-1.3151, valid_pr-0.7235
epoch-98, train_loss-0.2521, train_rmse-0.5021, valid_rmse-1.4233, valid_pr-0.7019
epoch-99, train_loss-0.2563, train_rmse-0.5062, valid_rmse-1.3238, valid_pr-0.7168
epoch-100, train_loss-0.2499, train_rmse-0.4999, valid_rmse-1.3371, valid_pr-0.7203
epoch-101, train_loss-0.2569, train_rmse-0.5068, valid_rmse-1.2858, valid_pr-0.7270
Validation : valid_rmse-1.2858, valid_pr-0.7270, 
test2013_rmse-1.2833, test2013_pr-0.8443, test2016_rmse-1.1684, test2016_pr-0.8453, test2019_rmse-1.4417, test2019_pr-0.6213
epoch-102, train_loss-0.2454, train_rmse-0.4954, valid_rmse-1.2843, valid_pr-0.7236
Validation : valid_rmse-1.2843, valid_pr-0.7236, 
test2013_rmse-1.3012, test2013_pr-0.8418, test2016_rmse-1.2068, test2016_pr-0.8353, test2019_rmse-1.4208, test2019_pr-0.6283
epoch-103, train_loss-0.2543, train_rmse-0.5043, valid_rmse-1.3016, valid_pr-0.7148
epoch-104, train_loss-0.2519, train_rmse-0.5019, valid_rmse-1.3225, valid_pr-0.7104
epoch-105, train_loss-0.2627, train_rmse-0.5125, valid_rmse-1.3015, valid_pr-0.7267
epoch-106, train_loss-0.2431, train_rmse-0.4930, valid_rmse-1.3255, valid_pr-0.7122
epoch-107, train_loss-0.2484, train_rmse-0.4984, valid_rmse-1.3180, valid_pr-0.7216
epoch-108, train_loss-0.2432, train_rmse-0.4932, valid_rmse-1.2839, valid_pr-0.7271
Validation : valid_rmse-1.2839, valid_pr-0.7271, 
test2013_rmse-1.3467, test2013_pr-0.8326, test2016_rmse-1.2257, test2016_pr-0.8279, test2019_rmse-1.4337, test2019_pr-0.6269
epoch-109, train_loss-0.2404, train_rmse-0.4903, valid_rmse-1.2738, valid_pr-0.7281
Validation : valid_rmse-1.2738, valid_pr-0.7281, 
test2013_rmse-1.2682, test2013_pr-0.8617, test2016_rmse-1.1735, test2016_pr-0.8478, test2019_rmse-1.4129, test2019_pr-0.6287
epoch-110, train_loss-0.2268, train_rmse-0.4763, valid_rmse-1.3388, valid_pr-0.7076
epoch-111, train_loss-0.2318, train_rmse-0.4815, valid_rmse-1.3011, valid_pr-0.7126
epoch-112, train_loss-0.2374, train_rmse-0.4872, valid_rmse-1.3018, valid_pr-0.7258
epoch-113, train_loss-0.2397, train_rmse-0.4896, valid_rmse-1.3748, valid_pr-0.7066
epoch-114, train_loss-0.2594, train_rmse-0.5093, valid_rmse-1.3409, valid_pr-0.7137
epoch-115, train_loss-0.2293, train_rmse-0.4788, valid_rmse-1.3070, valid_pr-0.7201
epoch-116, train_loss-0.2210, train_rmse-0.4701, valid_rmse-1.3499, valid_pr-0.7074
epoch-117, train_loss-0.2395, train_rmse-0.4894, valid_rmse-1.2849, valid_pr-0.7273
epoch-118, train_loss-0.2301, train_rmse-0.4797, valid_rmse-1.3113, valid_pr-0.7130
epoch-119, train_loss-0.2235, train_rmse-0.4727, valid_rmse-1.2940, valid_pr-0.7253
epoch-120, train_loss-0.2216, train_rmse-0.4707, valid_rmse-1.3220, valid_pr-0.7244
epoch-121, train_loss-0.2208, train_rmse-0.4699, valid_rmse-1.3017, valid_pr-0.7180
epoch-122, train_loss-0.2126, train_rmse-0.4611, valid_rmse-1.3136, valid_pr-0.7230
epoch-123, train_loss-0.2177, train_rmse-0.4666, valid_rmse-1.2981, valid_pr-0.7154
epoch-124, train_loss-0.2027, train_rmse-0.4502, valid_rmse-1.2913, valid_pr-0.7261
epoch-125, train_loss-0.2162, train_rmse-0.4650, valid_rmse-1.2768, valid_pr-0.7301
epoch-126, train_loss-0.2109, train_rmse-0.4592, valid_rmse-1.3275, valid_pr-0.7213
epoch-127, train_loss-0.2289, train_rmse-0.4785, valid_rmse-1.2836, valid_pr-0.7245
epoch-128, train_loss-0.2167, train_rmse-0.4655, valid_rmse-1.2820, valid_pr-0.7316
epoch-129, train_loss-0.2095, train_rmse-0.4577, valid_rmse-1.3048, valid_pr-0.7189
epoch-130, train_loss-0.2102, train_rmse-0.4584, valid_rmse-1.2786, valid_pr-0.7303
epoch-131, train_loss-0.2155, train_rmse-0.4643, valid_rmse-1.4942, valid_pr-0.7071
epoch-132, train_loss-0.2125, train_rmse-0.4609, valid_rmse-1.3027, valid_pr-0.7235
epoch-133, train_loss-0.2039, train_rmse-0.4515, valid_rmse-1.3180, valid_pr-0.7157
epoch-134, train_loss-0.2033, train_rmse-0.4509, valid_rmse-1.2943, valid_pr-0.7229
epoch-135, train_loss-0.2127, train_rmse-0.4612, valid_rmse-1.2867, valid_pr-0.7224
epoch-136, train_loss-0.1852, train_rmse-0.4304, valid_rmse-1.3057, valid_pr-0.7227
epoch-137, train_loss-0.1969, train_rmse-0.4437, valid_rmse-1.2946, valid_pr-0.7242
epoch-138, train_loss-0.2109, train_rmse-0.4593, valid_rmse-1.3100, valid_pr-0.7232
epoch-139, train_loss-0.2020, train_rmse-0.4494, valid_rmse-1.3207, valid_pr-0.7184
epoch-140, train_loss-0.1962, train_rmse-0.4429, valid_rmse-1.2992, valid_pr-0.7251
epoch-141, train_loss-0.2077, train_rmse-0.4557, valid_rmse-1.3195, valid_pr-0.7116
epoch-142, train_loss-0.1999, train_rmse-0.4472, valid_rmse-1.2891, valid_pr-0.7257
epoch-143, train_loss-0.2046, train_rmse-0.4523, valid_rmse-1.2855, valid_pr-0.7248
epoch-144, train_loss-0.1985, train_rmse-0.4455, valid_rmse-1.2981, valid_pr-0.7171
epoch-145, train_loss-0.1953, train_rmse-0.4420, valid_rmse-1.2930, valid_pr-0.7203
epoch-146, train_loss-0.1910, train_rmse-0.4371, valid_rmse-1.3031, valid_pr-0.7227
epoch-147, train_loss-0.2198, train_rmse-0.4689, valid_rmse-1.3375, valid_pr-0.7226
epoch-148, train_loss-0.2096, train_rmse-0.4578, valid_rmse-1.2917, valid_pr-0.7241
epoch-149, train_loss-0.1960, train_rmse-0.4427, valid_rmse-1.3087, valid_pr-0.7171
epoch-150, train_loss-0.1963, train_rmse-0.4430, valid_rmse-1.2828, valid_pr-0.7226
epoch-151, train_loss-0.1756, train_rmse-0.4191, valid_rmse-1.3281, valid_pr-0.7253
epoch-152, train_loss-0.2140, train_rmse-0.4626, valid_rmse-1.2760, valid_pr-0.7310
epoch-153, train_loss-0.1728, train_rmse-0.4157, valid_rmse-1.2764, valid_pr-0.7303
epoch-154, train_loss-0.1832, train_rmse-0.4280, valid_rmse-1.2905, valid_pr-0.7239
epoch-155, train_loss-0.1822, train_rmse-0.4268, valid_rmse-1.3052, valid_pr-0.7214
epoch-156, train_loss-0.1697, train_rmse-0.4120, valid_rmse-1.3205, valid_pr-0.7199
epoch-157, train_loss-0.1688, train_rmse-0.4109, valid_rmse-1.2751, valid_pr-0.7260
epoch-158, train_loss-0.1859, train_rmse-0.4311, valid_rmse-1.2945, valid_pr-0.7216
epoch-159, train_loss-0.1828, train_rmse-0.4276, valid_rmse-1.2904, valid_pr-0.7225
epoch-160, train_loss-0.1857, train_rmse-0.4309, valid_rmse-1.2959, valid_pr-0.7251
epoch-161, train_loss-0.1712, train_rmse-0.4138, valid_rmse-1.2675, valid_pr-0.7304
Validation : valid_rmse-1.2675, valid_pr-0.7304, 
test2013_rmse-1.3239, test2013_pr-0.8476, test2016_rmse-1.2057, test2016_pr-0.8414, test2019_rmse-1.4018, test2019_pr-0.6310
epoch-162, train_loss-0.1419, train_rmse-0.3767, valid_rmse-1.2852, valid_pr-0.7290
epoch-163, train_loss-0.1407, train_rmse-0.3752, valid_rmse-1.2699, valid_pr-0.7323
epoch-164, train_loss-0.1484, train_rmse-0.3852, valid_rmse-1.2787, valid_pr-0.7290
epoch-165, train_loss-0.1381, train_rmse-0.3716, valid_rmse-1.2663, valid_pr-0.7308
Validation : valid_rmse-1.2663, valid_pr-0.7308, 
test2013_rmse-1.2969, test2013_pr-0.8565, test2016_rmse-1.1754, test2016_pr-0.8493, test2019_rmse-1.3892, test2019_pr-0.6409
epoch-166, train_loss-0.1518, train_rmse-0.3896, valid_rmse-1.2653, valid_pr-0.7338
Validation : valid_rmse-1.2653, valid_pr-0.7338, 
test2013_rmse-1.2859, test2013_pr-0.8553, test2016_rmse-1.1705, test2016_pr-0.8490, test2019_rmse-1.3995, test2019_pr-0.6387
epoch-167, train_loss-0.1409, train_rmse-0.3754, valid_rmse-1.2783, valid_pr-0.7273
epoch-168, train_loss-0.1523, train_rmse-0.3902, valid_rmse-1.2759, valid_pr-0.7311
epoch-169, train_loss-0.1394, train_rmse-0.3733, valid_rmse-1.2654, valid_pr-0.7326
epoch-170, train_loss-0.1498, train_rmse-0.3870, valid_rmse-1.2808, valid_pr-0.7315
epoch-171, train_loss-0.1478, train_rmse-0.3844, valid_rmse-1.2787, valid_pr-0.7293
epoch-172, train_loss-0.1435, train_rmse-0.3789, valid_rmse-1.2652, valid_pr-0.7337
Validation : valid_rmse-1.2652, valid_pr-0.7337, 
test2013_rmse-1.2720, test2013_pr-0.8511, test2016_rmse-1.1637, test2016_pr-0.8468, test2019_rmse-1.4068, test2019_pr-0.6373
epoch-173, train_loss-0.1370, train_rmse-0.3702, valid_rmse-1.2716, valid_pr-0.7317
epoch-174, train_loss-0.1359, train_rmse-0.3687, valid_rmse-1.2676, valid_pr-0.7318
epoch-175, train_loss-0.1335, train_rmse-0.3653, valid_rmse-1.2769, valid_pr-0.7306
epoch-176, train_loss-0.1396, train_rmse-0.3736, valid_rmse-1.2625, valid_pr-0.7343
Validation : valid_rmse-1.2625, valid_pr-0.7343, 
test2013_rmse-1.2897, test2013_pr-0.8525, test2016_rmse-1.1708, test2016_pr-0.8483, test2019_rmse-1.4002, test2019_pr-0.6381
epoch-177, train_loss-0.1350, train_rmse-0.3674, valid_rmse-1.2693, valid_pr-0.7312
epoch-178, train_loss-0.1314, train_rmse-0.3624, valid_rmse-1.2776, valid_pr-0.7352
epoch-179, train_loss-0.1366, train_rmse-0.3696, valid_rmse-1.2706, valid_pr-0.7312
epoch-180, train_loss-0.1399, train_rmse-0.3740, valid_rmse-1.2626, valid_pr-0.7328
epoch-181, train_loss-0.1456, train_rmse-0.3816, valid_rmse-1.2740, valid_pr-0.7321
epoch-182, train_loss-0.1400, train_rmse-0.3742, valid_rmse-1.2592, valid_pr-0.7351
Validation : valid_rmse-1.2592, valid_pr-0.7351, 
test2013_rmse-1.3138, test2013_pr-0.8455, test2016_rmse-1.1896, test2016_pr-0.8435, test2019_rmse-1.4069, test2019_pr-0.6303
epoch-183, train_loss-0.1395, train_rmse-0.3735, valid_rmse-1.2641, valid_pr-0.7336
epoch-184, train_loss-0.1374, train_rmse-0.3707, valid_rmse-1.2613, valid_pr-0.7343
epoch-185, train_loss-0.1355, train_rmse-0.3681, valid_rmse-1.2545, valid_pr-0.7373
Validation : valid_rmse-1.2545, valid_pr-0.7373, 
test2013_rmse-1.2966, test2013_pr-0.8515, test2016_rmse-1.1667, test2016_pr-0.8488, test2019_rmse-1.3974, test2019_pr-0.6386
epoch-186, train_loss-0.1428, train_rmse-0.3779, valid_rmse-1.2627, valid_pr-0.7340
epoch-187, train_loss-0.1380, train_rmse-0.3714, valid_rmse-1.2703, valid_pr-0.7314
epoch-188, train_loss-0.1275, train_rmse-0.3571, valid_rmse-1.2718, valid_pr-0.7337
epoch-189, train_loss-0.1385, train_rmse-0.3721, valid_rmse-1.2746, valid_pr-0.7302
epoch-190, train_loss-0.1349, train_rmse-0.3672, valid_rmse-1.2664, valid_pr-0.7354
epoch-191, train_loss-0.1337, train_rmse-0.3657, valid_rmse-1.2603, valid_pr-0.7341
epoch-192, train_loss-0.1308, train_rmse-0.3616, valid_rmse-1.2574, valid_pr-0.7370
epoch-193, train_loss-0.1351, train_rmse-0.3676, valid_rmse-1.2599, valid_pr-0.7372
epoch-194, train_loss-0.1320, train_rmse-0.3634, valid_rmse-1.2741, valid_pr-0.7303
epoch-195, train_loss-0.1331, train_rmse-0.3648, valid_rmse-1.2658, valid_pr-0.7322
epoch-196, train_loss-0.1448, train_rmse-0.3805, valid_rmse-1.2662, valid_pr-0.7339
epoch-197, train_loss-0.1262, train_rmse-0.3553, valid_rmse-1.2727, valid_pr-0.7306
epoch-198, train_loss-0.1324, train_rmse-0.3639, valid_rmse-1.2590, valid_pr-0.7352
epoch-199, train_loss-0.1354, train_rmse-0.3680, valid_rmse-1.2613, valid_pr-0.7373
epoch-200, train_loss-0.1293, train_rmse-0.3596, valid_rmse-1.2733, valid_pr-0.7301
epoch-201, train_loss-0.1290, train_rmse-0.3591, valid_rmse-1.2701, valid_pr-0.7326
epoch-202, train_loss-0.1409, train_rmse-0.3754, valid_rmse-1.2871, valid_pr-0.7349
epoch-203, train_loss-0.1333, train_rmse-0.3650, valid_rmse-1.2612, valid_pr-0.7361
epoch-204, train_loss-0.1319, train_rmse-0.3632, valid_rmse-1.2592, valid_pr-0.7364
epoch-205, train_loss-0.1309, train_rmse-0.3618, valid_rmse-1.2650, valid_pr-0.7327
epoch-206, train_loss-0.1372, train_rmse-0.3704, valid_rmse-1.2799, valid_pr-0.7353
epoch-207, train_loss-0.1389, train_rmse-0.3727, valid_rmse-1.2661, valid_pr-0.7340
epoch-208, train_loss-0.1342, train_rmse-0.3663, valid_rmse-1.2644, valid_pr-0.7378
epoch-209, train_loss-0.1276, train_rmse-0.3573, valid_rmse-1.2565, valid_pr-0.7382
epoch-210, train_loss-0.1384, train_rmse-0.3720, valid_rmse-1.2635, valid_pr-0.7354
epoch-211, train_loss-0.1385, train_rmse-0.3722, valid_rmse-1.2601, valid_pr-0.7346
epoch-212, train_loss-0.1299, train_rmse-0.3604, valid_rmse-1.2906, valid_pr-0.7334
epoch-213, train_loss-0.1305, train_rmse-0.3612, valid_rmse-1.2655, valid_pr-0.7333
epoch-214, train_loss-0.1228, train_rmse-0.3504, valid_rmse-1.2512, valid_pr-0.7373
Validation : valid_rmse-1.2512, valid_pr-0.7373, 
test2013_rmse-1.3171, test2013_pr-0.8483, test2016_rmse-1.1670, test2016_pr-0.8527, test2019_rmse-1.3917, test2019_pr-0.6377
epoch-215, train_loss-0.1288, train_rmse-0.3589, valid_rmse-1.2559, valid_pr-0.7364
epoch-216, train_loss-0.1328, train_rmse-0.3644, valid_rmse-1.2616, valid_pr-0.7374
epoch-217, train_loss-0.1269, train_rmse-0.3563, valid_rmse-1.2605, valid_pr-0.7345
epoch-218, train_loss-0.1215, train_rmse-0.3486, valid_rmse-1.2629, valid_pr-0.7361
epoch-219, train_loss-0.1338, train_rmse-0.3658, valid_rmse-1.2636, valid_pr-0.7370
epoch-220, train_loss-0.1309, train_rmse-0.3618, valid_rmse-1.2664, valid_pr-0.7319
epoch-221, train_loss-0.1298, train_rmse-0.3603, valid_rmse-1.2456, valid_pr-0.7428
Validation : valid_rmse-1.2456, valid_pr-0.7428, 
test2013_rmse-1.2902, test2013_pr-0.8518, test2016_rmse-1.1559, test2016_pr-0.8536, test2019_rmse-1.4015, test2019_pr-0.6362
epoch-222, train_loss-0.1242, train_rmse-0.3524, valid_rmse-1.2483, valid_pr-0.7406
epoch-223, train_loss-0.1401, train_rmse-0.3744, valid_rmse-1.2547, valid_pr-0.7381
epoch-224, train_loss-0.1265, train_rmse-0.3556, valid_rmse-1.2484, valid_pr-0.7409
epoch-225, train_loss-0.1286, train_rmse-0.3585, valid_rmse-1.2551, valid_pr-0.7376
epoch-226, train_loss-0.1360, train_rmse-0.3688, valid_rmse-1.2502, valid_pr-0.7416
epoch-227, train_loss-0.1354, train_rmse-0.3679, valid_rmse-1.2606, valid_pr-0.7368
epoch-228, train_loss-0.1277, train_rmse-0.3574, valid_rmse-1.2717, valid_pr-0.7312
epoch-229, train_loss-0.1271, train_rmse-0.3565, valid_rmse-1.2577, valid_pr-0.7371
epoch-230, train_loss-0.1417, train_rmse-0.3764, valid_rmse-1.2698, valid_pr-0.7314
epoch-231, train_loss-0.1299, train_rmse-0.3604, valid_rmse-1.2586, valid_pr-0.7391
epoch-232, train_loss-0.1111, train_rmse-0.3333, valid_rmse-1.2557, valid_pr-0.7374
epoch-233, train_loss-0.1225, train_rmse-0.3499, valid_rmse-1.2462, valid_pr-0.7412
epoch-234, train_loss-0.1209, train_rmse-0.3477, valid_rmse-1.2480, valid_pr-0.7432
epoch-235, train_loss-0.1250, train_rmse-0.3536, valid_rmse-1.2506, valid_pr-0.7391
epoch-236, train_loss-0.1334, train_rmse-0.3652, valid_rmse-1.2567, valid_pr-0.7395
epoch-237, train_loss-0.1316, train_rmse-0.3628, valid_rmse-1.2422, valid_pr-0.7411
Validation : valid_rmse-1.2422, valid_pr-0.7411, 
test2013_rmse-1.2997, test2013_pr-0.8535, test2016_rmse-1.1874, test2016_pr-0.8464, test2019_rmse-1.3865, test2019_pr-0.6389
epoch-238, train_loss-0.1319, train_rmse-0.3631, valid_rmse-1.2531, valid_pr-0.7383
epoch-239, train_loss-0.1226, train_rmse-0.3501, valid_rmse-1.2506, valid_pr-0.7402
epoch-240, train_loss-0.1245, train_rmse-0.3529, valid_rmse-1.2513, valid_pr-0.7413
epoch-241, train_loss-0.1279, train_rmse-0.3576, valid_rmse-1.2451, valid_pr-0.7400
epoch-242, train_loss-0.1237, train_rmse-0.3518, valid_rmse-1.2532, valid_pr-0.7389
epoch-243, train_loss-0.1288, train_rmse-0.3589, valid_rmse-1.2766, valid_pr-0.7378
epoch-244, train_loss-0.1278, train_rmse-0.3575, valid_rmse-1.2614, valid_pr-0.7371
epoch-245, train_loss-0.1280, train_rmse-0.3578, valid_rmse-1.2530, valid_pr-0.7381
epoch-246, train_loss-0.1209, train_rmse-0.3477, valid_rmse-1.2572, valid_pr-0.7362
epoch-247, train_loss-0.1278, train_rmse-0.3575, valid_rmse-1.2561, valid_pr-0.7379
epoch-248, train_loss-0.1242, train_rmse-0.3524, valid_rmse-1.2557, valid_pr-0.7376
epoch-249, train_loss-0.1258, train_rmse-0.3547, valid_rmse-1.2452, valid_pr-0.7407
epoch-250, train_loss-0.1288, train_rmse-0.3589, valid_rmse-1.2531, valid_pr-0.7377
epoch-251, train_loss-0.1231, train_rmse-0.3509, valid_rmse-1.2581, valid_pr-0.7370
epoch-252, train_loss-0.1210, train_rmse-0.3478, valid_rmse-1.2642, valid_pr-0.7348
epoch-253, train_loss-0.1261, train_rmse-0.3551, valid_rmse-1.2614, valid_pr-0.7355
epoch-254, train_loss-0.1297, train_rmse-0.3602, valid_rmse-1.2595, valid_pr-0.7350
epoch-255, train_loss-0.1165, train_rmse-0.3413, valid_rmse-1.2610, valid_pr-0.7349
epoch-256, train_loss-0.1194, train_rmse-0.3456, valid_rmse-1.2519, valid_pr-0.7394
epoch-257, train_loss-0.1143, train_rmse-0.3380, valid_rmse-1.2587, valid_pr-0.7362
epoch-258, train_loss-0.1304, train_rmse-0.3611, valid_rmse-1.2671, valid_pr-0.7362
epoch-259, train_loss-0.1178, train_rmse-0.3433, valid_rmse-1.2559, valid_pr-0.7374
epoch-260, train_loss-0.1184, train_rmse-0.3442, valid_rmse-1.2629, valid_pr-0.7391
epoch-261, train_loss-0.1254, train_rmse-0.3542, valid_rmse-1.2517, valid_pr-0.7399
epoch-262, train_loss-0.1119, train_rmse-0.3345, valid_rmse-1.2558, valid_pr-0.7386
epoch-263, train_loss-0.1090, train_rmse-0.3302, valid_rmse-1.2477, valid_pr-0.7417
epoch-264, train_loss-0.1203, train_rmse-0.3468, valid_rmse-1.2728, valid_pr-0.7393
epoch-265, train_loss-0.1280, train_rmse-0.3578, valid_rmse-1.2551, valid_pr-0.7387
epoch-266, train_loss-0.1275, train_rmse-0.3571, valid_rmse-1.2405, valid_pr-0.7445
Validation : valid_rmse-1.2405, valid_pr-0.7445, 
test2013_rmse-1.2562, test2013_pr-0.8567, test2016_rmse-1.1567, test2016_pr-0.8507, test2019_rmse-1.4009, test2019_pr-0.6369
epoch-267, train_loss-0.1266, train_rmse-0.3558, valid_rmse-1.2491, valid_pr-0.7418
epoch-268, train_loss-0.1225, train_rmse-0.3499, valid_rmse-1.2497, valid_pr-0.7386
epoch-269, train_loss-0.1297, train_rmse-0.3601, valid_rmse-1.2419, valid_pr-0.7426
epoch-270, train_loss-0.1209, train_rmse-0.3478, valid_rmse-1.2505, valid_pr-0.7403
epoch-271, train_loss-0.1183, train_rmse-0.3439, valid_rmse-1.2441, valid_pr-0.7430
epoch-272, train_loss-0.1246, train_rmse-0.3529, valid_rmse-1.2538, valid_pr-0.7371
epoch-273, train_loss-0.1183, train_rmse-0.3439, valid_rmse-1.2489, valid_pr-0.7409
epoch-274, train_loss-0.1179, train_rmse-0.3434, valid_rmse-1.2488, valid_pr-0.7422
epoch-275, train_loss-0.1261, train_rmse-0.3551, valid_rmse-1.2531, valid_pr-0.7401
epoch-276, train_loss-0.1234, train_rmse-0.3512, valid_rmse-1.2517, valid_pr-0.7418
epoch-277, train_loss-0.1191, train_rmse-0.3452, valid_rmse-1.2651, valid_pr-0.7342
epoch-278, train_loss-0.1184, train_rmse-0.3441, valid_rmse-1.2531, valid_pr-0.7417
epoch-279, train_loss-0.1259, train_rmse-0.3548, valid_rmse-1.2510, valid_pr-0.7382
epoch-280, train_loss-0.1230, train_rmse-0.3508, valid_rmse-1.2716, valid_pr-0.7348
epoch-281, train_loss-0.1253, train_rmse-0.3540, valid_rmse-1.2438, valid_pr-0.7411
epoch-282, train_loss-0.1133, train_rmse-0.3366, valid_rmse-1.2460, valid_pr-0.7422
epoch-283, train_loss-0.1187, train_rmse-0.3445, valid_rmse-1.2462, valid_pr-0.7426
epoch-284, train_loss-0.1257, train_rmse-0.3545, valid_rmse-1.2526, valid_pr-0.7390
epoch-285, train_loss-0.1226, train_rmse-0.3502, valid_rmse-1.2591, valid_pr-0.7372
epoch-286, train_loss-0.1200, train_rmse-0.3464, valid_rmse-1.2457, valid_pr-0.7408
epoch-287, train_loss-0.1260, train_rmse-0.3549, valid_rmse-1.2644, valid_pr-0.7388
epoch-288, train_loss-0.1220, train_rmse-0.3493, valid_rmse-1.2637, valid_pr-0.7368
epoch-289, train_loss-0.1172, train_rmse-0.3423, valid_rmse-1.2472, valid_pr-0.7423
epoch-290, train_loss-0.1205, train_rmse-0.3471, valid_rmse-1.2541, valid_pr-0.7353
epoch-291, train_loss-0.1153, train_rmse-0.3396, valid_rmse-1.2511, valid_pr-0.7399
epoch-292, train_loss-0.1186, train_rmse-0.3444, valid_rmse-1.2546, valid_pr-0.7390
epoch-293, train_loss-0.1131, train_rmse-0.3363, valid_rmse-1.2422, valid_pr-0.7441
epoch-294, train_loss-0.1197, train_rmse-0.3460, valid_rmse-1.2446, valid_pr-0.7405
epoch-295, train_loss-0.1235, train_rmse-0.3514, valid_rmse-1.2530, valid_pr-0.7370
epoch-296, train_loss-0.1255, train_rmse-0.3543, valid_rmse-1.2512, valid_pr-0.7391
epoch-297, train_loss-0.1187, train_rmse-0.3445, valid_rmse-1.2548, valid_pr-0.7370
epoch-298, train_loss-0.1096, train_rmse-0.3311, valid_rmse-1.2563, valid_pr-0.7365
epoch-299, train_loss-0.1196, train_rmse-0.3458, valid_rmse-1.2580, valid_pr-0.7371
epoch-300, train_loss-0.1146, train_rmse-0.3385, valid_rmse-1.2447, valid_pr-0.7416
epoch-301, train_loss-0.1159, train_rmse-0.3405, valid_rmse-1.2570, valid_pr-0.7389
epoch-302, train_loss-0.1211, train_rmse-0.3480, valid_rmse-1.2499, valid_pr-0.7412
epoch-303, train_loss-0.1165, train_rmse-0.3413, valid_rmse-1.2474, valid_pr-0.7408
epoch-304, train_loss-0.1189, train_rmse-0.3448, valid_rmse-1.2500, valid_pr-0.7406
epoch-305, train_loss-0.1153, train_rmse-0.3395, valid_rmse-1.2513, valid_pr-0.7389
epoch-306, train_loss-0.1182, train_rmse-0.3438, valid_rmse-1.2611, valid_pr-0.7354
epoch-307, train_loss-0.1151, train_rmse-0.3393, valid_rmse-1.2543, valid_pr-0.7388
epoch-308, train_loss-0.1313, train_rmse-0.3623, valid_rmse-1.2544, valid_pr-0.7368
epoch-309, train_loss-0.1161, train_rmse-0.3407, valid_rmse-1.2509, valid_pr-0.7392
epoch-310, train_loss-0.1179, train_rmse-0.3434, valid_rmse-1.2541, valid_pr-0.7377
epoch-311, train_loss-0.1283, train_rmse-0.3582, valid_rmse-1.2514, valid_pr-0.7387
epoch-312, train_loss-0.1197, train_rmse-0.3460, valid_rmse-1.2539, valid_pr-0.7351
epoch-313, train_loss-0.1154, train_rmse-0.3398, valid_rmse-1.2495, valid_pr-0.7382
epoch-314, train_loss-0.1175, train_rmse-0.3427, valid_rmse-1.2814, valid_pr-0.7348
epoch-315, train_loss-0.1231, train_rmse-0.3509, valid_rmse-1.2560, valid_pr-0.7343
epoch-316, train_loss-0.1083, train_rmse-0.3291, valid_rmse-1.2441, valid_pr-0.7415
epoch-317, train_loss-0.1134, train_rmse-0.3367, valid_rmse-1.2502, valid_pr-0.7413
epoch-318, train_loss-0.1101, train_rmse-0.3319, valid_rmse-1.2412, valid_pr-0.7427
epoch-319, train_loss-0.1032, train_rmse-0.3212, valid_rmse-1.2502, valid_pr-0.7416
epoch-320, train_loss-0.0982, train_rmse-0.3134, valid_rmse-1.2466, valid_pr-0.7416
epoch-321, train_loss-0.1011, train_rmse-0.3180, valid_rmse-1.2472, valid_pr-0.7414
epoch-322, train_loss-0.1053, train_rmse-0.3245, valid_rmse-1.2414, valid_pr-0.7435
epoch-323, train_loss-0.0987, train_rmse-0.3142, valid_rmse-1.2457, valid_pr-0.7411
epoch-324, train_loss-0.0998, train_rmse-0.3160, valid_rmse-1.2428, valid_pr-0.7418
epoch-325, train_loss-0.0988, train_rmse-0.3144, valid_rmse-1.2410, valid_pr-0.7424
epoch-326, train_loss-0.0968, train_rmse-0.3111, valid_rmse-1.2525, valid_pr-0.7402
epoch-327, train_loss-0.1069, train_rmse-0.3269, valid_rmse-1.2411, valid_pr-0.7421
epoch-328, train_loss-0.1024, train_rmse-0.3200, valid_rmse-1.2443, valid_pr-0.7418
epoch-329, train_loss-0.0926, train_rmse-0.3043, valid_rmse-1.2474, valid_pr-0.7401
epoch-330, train_loss-0.1033, train_rmse-0.3213, valid_rmse-1.2431, valid_pr-0.7420
epoch-331, train_loss-0.0954, train_rmse-0.3088, valid_rmse-1.2432, valid_pr-0.7416
epoch-332, train_loss-0.1093, train_rmse-0.3307, valid_rmse-1.2405, valid_pr-0.7427
Validation : valid_rmse-1.2405, valid_pr-0.7427, 
test2013_rmse-1.3011, test2013_pr-0.8522, test2016_rmse-1.1780, test2016_pr-0.8499, test2019_rmse-1.3823, test2019_pr-0.6407
epoch-333, train_loss-0.0975, train_rmse-0.3123, valid_rmse-1.2409, valid_pr-0.7419
epoch-334, train_loss-0.1026, train_rmse-0.3203, valid_rmse-1.2396, valid_pr-0.7433
Validation : valid_rmse-1.2396, valid_pr-0.7433, 
test2013_rmse-1.2984, test2013_pr-0.8545, test2016_rmse-1.1737, test2016_pr-0.8514, test2019_rmse-1.3769, test2019_pr-0.6455
epoch-335, train_loss-0.1077, train_rmse-0.3281, valid_rmse-1.2443, valid_pr-0.7440
epoch-336, train_loss-0.1018, train_rmse-0.3190, valid_rmse-1.2472, valid_pr-0.7415
epoch-337, train_loss-0.0974, train_rmse-0.3121, valid_rmse-1.2430, valid_pr-0.7417
epoch-338, train_loss-0.1063, train_rmse-0.3260, valid_rmse-1.2440, valid_pr-0.7430
epoch-339, train_loss-0.1000, train_rmse-0.3162, valid_rmse-1.2407, valid_pr-0.7432
epoch-340, train_loss-0.1065, train_rmse-0.3264, valid_rmse-1.2400, valid_pr-0.7454
epoch-341, train_loss-0.0998, train_rmse-0.3158, valid_rmse-1.2428, valid_pr-0.7435
epoch-342, train_loss-0.0961, train_rmse-0.3100, valid_rmse-1.2380, valid_pr-0.7444
Validation : valid_rmse-1.2380, valid_pr-0.7444, 
test2013_rmse-1.2871, test2013_pr-0.8508, test2016_rmse-1.1778, test2016_pr-0.8460, test2019_rmse-1.3803, test2019_pr-0.6455
epoch-343, train_loss-0.0970, train_rmse-0.3114, valid_rmse-1.2375, valid_pr-0.7436
Validation : valid_rmse-1.2375, valid_pr-0.7436, 
test2013_rmse-1.3011, test2013_pr-0.8521, test2016_rmse-1.1761, test2016_pr-0.8491, test2019_rmse-1.3765, test2019_pr-0.6449
epoch-344, train_loss-0.1026, train_rmse-0.3204, valid_rmse-1.2376, valid_pr-0.7446
epoch-345, train_loss-0.1053, train_rmse-0.3244, valid_rmse-1.2384, valid_pr-0.7450
epoch-346, train_loss-0.0984, train_rmse-0.3136, valid_rmse-1.2457, valid_pr-0.7415
epoch-347, train_loss-0.0954, train_rmse-0.3089, valid_rmse-1.2417, valid_pr-0.7438
epoch-348, train_loss-0.0950, train_rmse-0.3082, valid_rmse-1.2423, valid_pr-0.7433
epoch-349, train_loss-0.0957, train_rmse-0.3094, valid_rmse-1.2465, valid_pr-0.7435
epoch-350, train_loss-0.1002, train_rmse-0.3166, valid_rmse-1.2367, valid_pr-0.7441
Validation : valid_rmse-1.2367, valid_pr-0.7441, 
test2013_rmse-1.2880, test2013_pr-0.8522, test2016_rmse-1.1729, test2016_pr-0.8469, test2019_rmse-1.3787, test2019_pr-0.6451
epoch-351, train_loss-0.0912, train_rmse-0.3019, valid_rmse-1.2420, valid_pr-0.7422
epoch-352, train_loss-0.1044, train_rmse-0.3231, valid_rmse-1.2402, valid_pr-0.7433
epoch-353, train_loss-0.0968, train_rmse-0.3111, valid_rmse-1.2375, valid_pr-0.7452
epoch-354, train_loss-0.0968, train_rmse-0.3111, valid_rmse-1.2388, valid_pr-0.7448
epoch-355, train_loss-0.1005, train_rmse-0.3171, valid_rmse-1.2443, valid_pr-0.7447
epoch-356, train_loss-0.0962, train_rmse-0.3102, valid_rmse-1.2373, valid_pr-0.7463
epoch-357, train_loss-0.0946, train_rmse-0.3076, valid_rmse-1.2389, valid_pr-0.7445
epoch-358, train_loss-0.0989, train_rmse-0.3145, valid_rmse-1.2367, valid_pr-0.7454
Validation : valid_rmse-1.2367, valid_pr-0.7454, 
test2013_rmse-1.2994, test2013_pr-0.8544, test2016_rmse-1.1730, test2016_pr-0.8503, test2019_rmse-1.3765, test2019_pr-0.6471
epoch-359, train_loss-0.0938, train_rmse-0.3062, valid_rmse-1.2379, valid_pr-0.7441
epoch-360, train_loss-0.1011, train_rmse-0.3179, valid_rmse-1.2384, valid_pr-0.7461
epoch-361, train_loss-0.1085, train_rmse-0.3293, valid_rmse-1.2380, valid_pr-0.7445
epoch-362, train_loss-0.0974, train_rmse-0.3122, valid_rmse-1.2387, valid_pr-0.7447
epoch-363, train_loss-0.0997, train_rmse-0.3157, valid_rmse-1.2401, valid_pr-0.7456
epoch-364, train_loss-0.0979, train_rmse-0.3128, valid_rmse-1.2443, valid_pr-0.7426
epoch-365, train_loss-0.1017, train_rmse-0.3189, valid_rmse-1.2409, valid_pr-0.7439
epoch-366, train_loss-0.1070, train_rmse-0.3271, valid_rmse-1.2443, valid_pr-0.7414
epoch-367, train_loss-0.0916, train_rmse-0.3027, valid_rmse-1.2413, valid_pr-0.7428
epoch-368, train_loss-0.0969, train_rmse-0.3113, valid_rmse-1.2429, valid_pr-0.7439
epoch-369, train_loss-0.0963, train_rmse-0.3104, valid_rmse-1.2400, valid_pr-0.7423
epoch-370, train_loss-0.0953, train_rmse-0.3088, valid_rmse-1.2423, valid_pr-0.7429
epoch-371, train_loss-0.1015, train_rmse-0.3185, valid_rmse-1.2454, valid_pr-0.7431
epoch-372, train_loss-0.0991, train_rmse-0.3148, valid_rmse-1.2468, valid_pr-0.7402
epoch-373, train_loss-0.0893, train_rmse-0.2988, valid_rmse-1.2348, valid_pr-0.7449
Validation : valid_rmse-1.2348, valid_pr-0.7449, 
test2013_rmse-1.2882, test2013_pr-0.8554, test2016_rmse-1.1752, test2016_pr-0.8494, test2019_rmse-1.3758, test2019_pr-0.6465
epoch-374, train_loss-0.0972, train_rmse-0.3117, valid_rmse-1.2349, valid_pr-0.7459
epoch-375, train_loss-0.0920, train_rmse-0.3034, valid_rmse-1.2434, valid_pr-0.7425
epoch-376, train_loss-0.1001, train_rmse-0.3165, valid_rmse-1.2398, valid_pr-0.7425
epoch-377, train_loss-0.1004, train_rmse-0.3168, valid_rmse-1.2388, valid_pr-0.7431
epoch-378, train_loss-0.0972, train_rmse-0.3118, valid_rmse-1.2449, valid_pr-0.7429
epoch-379, train_loss-0.0989, train_rmse-0.3144, valid_rmse-1.2403, valid_pr-0.7439
epoch-380, train_loss-0.1019, train_rmse-0.3193, valid_rmse-1.2348, valid_pr-0.7451
Validation : valid_rmse-1.2348, valid_pr-0.7451, 
test2013_rmse-1.3085, test2013_pr-0.8520, test2016_rmse-1.1897, test2016_pr-0.8453, test2019_rmse-1.3788, test2019_pr-0.6429
epoch-381, train_loss-0.0979, train_rmse-0.3129, valid_rmse-1.2422, valid_pr-0.7419
epoch-382, train_loss-0.0939, train_rmse-0.3064, valid_rmse-1.2422, valid_pr-0.7430
epoch-383, train_loss-0.1036, train_rmse-0.3218, valid_rmse-1.2426, valid_pr-0.7423
epoch-384, train_loss-0.0982, train_rmse-0.3133, valid_rmse-1.2424, valid_pr-0.7426
epoch-385, train_loss-0.1024, train_rmse-0.3200, valid_rmse-1.2357, valid_pr-0.7453
epoch-386, train_loss-0.0957, train_rmse-0.3094, valid_rmse-1.2361, valid_pr-0.7451
epoch-387, train_loss-0.0955, train_rmse-0.3090, valid_rmse-1.2361, valid_pr-0.7449
epoch-388, train_loss-0.0948, train_rmse-0.3079, valid_rmse-1.2411, valid_pr-0.7443
epoch-389, train_loss-0.0959, train_rmse-0.3097, valid_rmse-1.2373, valid_pr-0.7446
epoch-390, train_loss-0.0926, train_rmse-0.3043, valid_rmse-1.2446, valid_pr-0.7447
epoch-391, train_loss-0.0904, train_rmse-0.3007, valid_rmse-1.2339, valid_pr-0.7455
Validation : valid_rmse-1.2339, valid_pr-0.7455, 
test2013_rmse-1.2966, test2013_pr-0.8545, test2016_rmse-1.1879, test2016_pr-0.8468, test2019_rmse-1.3728, test2019_pr-0.6475
epoch-392, train_loss-0.1003, train_rmse-0.3167, valid_rmse-1.2330, valid_pr-0.7459
Validation : valid_rmse-1.2330, valid_pr-0.7459, 
test2013_rmse-1.2972, test2013_pr-0.8524, test2016_rmse-1.1804, test2016_pr-0.8467, test2019_rmse-1.3794, test2019_pr-0.6443
epoch-393, train_loss-0.0981, train_rmse-0.3132, valid_rmse-1.2366, valid_pr-0.7448
epoch-394, train_loss-0.0981, train_rmse-0.3132, valid_rmse-1.2355, valid_pr-0.7457
epoch-395, train_loss-0.0970, train_rmse-0.3114, valid_rmse-1.2458, valid_pr-0.7442
epoch-396, train_loss-0.0962, train_rmse-0.3102, valid_rmse-1.2347, valid_pr-0.7454
epoch-397, train_loss-0.0924, train_rmse-0.3040, valid_rmse-1.2322, valid_pr-0.7465
Validation : valid_rmse-1.2322, valid_pr-0.7465, 
test2013_rmse-1.2879, test2013_pr-0.8556, test2016_rmse-1.1709, test2016_pr-0.8507, test2019_rmse-1.3770, test2019_pr-0.6467
epoch-398, train_loss-0.0900, train_rmse-0.3000, valid_rmse-1.2327, valid_pr-0.7464
epoch-399, train_loss-0.0945, train_rmse-0.3074, valid_rmse-1.2364, valid_pr-0.7462
epoch-400, train_loss-0.0949, train_rmse-0.3081, valid_rmse-1.2334, valid_pr-0.7464
epoch-401, train_loss-0.0954, train_rmse-0.3089, valid_rmse-1.2402, valid_pr-0.7453
epoch-402, train_loss-0.0980, train_rmse-0.3131, valid_rmse-1.2353, valid_pr-0.7442
epoch-403, train_loss-0.1005, train_rmse-0.3171, valid_rmse-1.2418, valid_pr-0.7446
epoch-404, train_loss-0.1010, train_rmse-0.3179, valid_rmse-1.2391, valid_pr-0.7448
epoch-405, train_loss-0.0950, train_rmse-0.3082, valid_rmse-1.2349, valid_pr-0.7449
epoch-406, train_loss-0.0931, train_rmse-0.3051, valid_rmse-1.2361, valid_pr-0.7452
epoch-407, train_loss-0.0892, train_rmse-0.2986, valid_rmse-1.2399, valid_pr-0.7463
epoch-408, train_loss-0.0948, train_rmse-0.3078, valid_rmse-1.2423, valid_pr-0.7417
epoch-409, train_loss-0.0991, train_rmse-0.3147, valid_rmse-1.2376, valid_pr-0.7438
epoch-410, train_loss-0.0997, train_rmse-0.3157, valid_rmse-1.2326, valid_pr-0.7461
epoch-411, train_loss-0.0988, train_rmse-0.3143, valid_rmse-1.2346, valid_pr-0.7452
epoch-412, train_loss-0.0864, train_rmse-0.2939, valid_rmse-1.2468, valid_pr-0.7448
epoch-413, train_loss-0.0937, train_rmse-0.3061, valid_rmse-1.2334, valid_pr-0.7453
epoch-414, train_loss-0.1004, train_rmse-0.3169, valid_rmse-1.2351, valid_pr-0.7479
epoch-415, train_loss-0.0922, train_rmse-0.3036, valid_rmse-1.2334, valid_pr-0.7459
epoch-416, train_loss-0.0916, train_rmse-0.3027, valid_rmse-1.2347, valid_pr-0.7475
epoch-417, train_loss-0.0883, train_rmse-0.2972, valid_rmse-1.2307, valid_pr-0.7488
Validation : valid_rmse-1.2307, valid_pr-0.7488, 
test2013_rmse-1.2560, test2013_pr-0.8626, test2016_rmse-1.1564, test2016_pr-0.8527, test2019_rmse-1.3780, test2019_pr-0.6486
epoch-418, train_loss-0.0877, train_rmse-0.2961, valid_rmse-1.2304, valid_pr-0.7469
Validation : valid_rmse-1.2304, valid_pr-0.7469, 
test2013_rmse-1.3092, test2013_pr-0.8525, test2016_rmse-1.1797, test2016_pr-0.8484, test2019_rmse-1.3765, test2019_pr-0.6447
epoch-419, train_loss-0.0930, train_rmse-0.3049, valid_rmse-1.2313, valid_pr-0.7476
epoch-420, train_loss-0.1021, train_rmse-0.3195, valid_rmse-1.2372, valid_pr-0.7456
epoch-421, train_loss-0.0938, train_rmse-0.3062, valid_rmse-1.2360, valid_pr-0.7464
epoch-422, train_loss-0.0942, train_rmse-0.3069, valid_rmse-1.2298, valid_pr-0.7472
Validation : valid_rmse-1.2298, valid_pr-0.7472, 
test2013_rmse-1.3155, test2013_pr-0.8493, test2016_rmse-1.1805, test2016_pr-0.8473, test2019_rmse-1.3722, test2019_pr-0.6469
epoch-423, train_loss-0.0905, train_rmse-0.3009, valid_rmse-1.2315, valid_pr-0.7470
epoch-424, train_loss-0.0988, train_rmse-0.3144, valid_rmse-1.2321, valid_pr-0.7460
epoch-425, train_loss-0.1041, train_rmse-0.3226, valid_rmse-1.2286, valid_pr-0.7485
Validation : valid_rmse-1.2286, valid_pr-0.7485, 
test2013_rmse-1.2992, test2013_pr-0.8528, test2016_rmse-1.1670, test2016_pr-0.8522, test2019_rmse-1.3697, test2019_pr-0.6497
epoch-426, train_loss-0.1060, train_rmse-0.3256, valid_rmse-1.2426, valid_pr-0.7465
epoch-427, train_loss-0.0985, train_rmse-0.3138, valid_rmse-1.2312, valid_pr-0.7484
epoch-428, train_loss-0.0930, train_rmse-0.3050, valid_rmse-1.2416, valid_pr-0.7435
epoch-429, train_loss-0.0985, train_rmse-0.3139, valid_rmse-1.2335, valid_pr-0.7469
epoch-430, train_loss-0.0854, train_rmse-0.2922, valid_rmse-1.2367, valid_pr-0.7477
epoch-431, train_loss-0.0946, train_rmse-0.3075, valid_rmse-1.2351, valid_pr-0.7441
epoch-432, train_loss-0.0902, train_rmse-0.3003, valid_rmse-1.2372, valid_pr-0.7447
epoch-433, train_loss-0.0957, train_rmse-0.3093, valid_rmse-1.2293, valid_pr-0.7488
epoch-434, train_loss-0.0853, train_rmse-0.2921, valid_rmse-1.2300, valid_pr-0.7481
epoch-435, train_loss-0.1009, train_rmse-0.3177, valid_rmse-1.2313, valid_pr-0.7475
epoch-436, train_loss-0.0939, train_rmse-0.3064, valid_rmse-1.2352, valid_pr-0.7462
epoch-437, train_loss-0.0995, train_rmse-0.3155, valid_rmse-1.2288, valid_pr-0.7483
epoch-438, train_loss-0.0917, train_rmse-0.3029, valid_rmse-1.2312, valid_pr-0.7480
epoch-439, train_loss-0.0914, train_rmse-0.3024, valid_rmse-1.2379, valid_pr-0.7468
epoch-440, train_loss-0.0957, train_rmse-0.3094, valid_rmse-1.2387, valid_pr-0.7483
epoch-441, train_loss-0.0869, train_rmse-0.2948, valid_rmse-1.2359, valid_pr-0.7460
epoch-442, train_loss-0.1042, train_rmse-0.3228, valid_rmse-1.2364, valid_pr-0.7466
epoch-443, train_loss-0.0931, train_rmse-0.3051, valid_rmse-1.2384, valid_pr-0.7465
epoch-444, train_loss-0.1013, train_rmse-0.3183, valid_rmse-1.2402, valid_pr-0.7462
epoch-445, train_loss-0.0954, train_rmse-0.3088, valid_rmse-1.2309, valid_pr-0.7475
epoch-446, train_loss-0.0867, train_rmse-0.2945, valid_rmse-1.2386, valid_pr-0.7450
epoch-447, train_loss-0.0853, train_rmse-0.2921, valid_rmse-1.2325, valid_pr-0.7463
epoch-448, train_loss-0.0853, train_rmse-0.2921, valid_rmse-1.2306, valid_pr-0.7470
epoch-449, train_loss-0.1029, train_rmse-0.3208, valid_rmse-1.2342, valid_pr-0.7482
epoch-450, train_loss-0.0871, train_rmse-0.2951, valid_rmse-1.2360, valid_pr-0.7458
epoch-451, train_loss-0.0899, train_rmse-0.2999, valid_rmse-1.2445, valid_pr-0.7440
epoch-452, train_loss-0.1049, train_rmse-0.3238, valid_rmse-1.2373, valid_pr-0.7470
epoch-453, train_loss-0.0879, train_rmse-0.2965, valid_rmse-1.2299, valid_pr-0.7471
epoch-454, train_loss-0.0978, train_rmse-0.3127, valid_rmse-1.2286, valid_pr-0.7479
epoch-455, train_loss-0.0926, train_rmse-0.3043, valid_rmse-1.2294, valid_pr-0.7481
epoch-456, train_loss-0.0966, train_rmse-0.3108, valid_rmse-1.2344, valid_pr-0.7465
epoch-457, train_loss-0.0924, train_rmse-0.3039, valid_rmse-1.2388, valid_pr-0.7439
epoch-458, train_loss-0.0955, train_rmse-0.3090, valid_rmse-1.2295, valid_pr-0.7476
epoch-459, train_loss-0.0890, train_rmse-0.2983, valid_rmse-1.2399, valid_pr-0.7456
epoch-460, train_loss-0.0948, train_rmse-0.3079, valid_rmse-1.2435, valid_pr-0.7441
epoch-461, train_loss-0.0959, train_rmse-0.3097, valid_rmse-1.2348, valid_pr-0.7469
epoch-462, train_loss-0.0852, train_rmse-0.2919, valid_rmse-1.2350, valid_pr-0.7454
epoch-463, train_loss-0.0906, train_rmse-0.3010, valid_rmse-1.2327, valid_pr-0.7474
epoch-464, train_loss-0.0901, train_rmse-0.3002, valid_rmse-1.2353, valid_pr-0.7460
epoch-465, train_loss-0.0980, train_rmse-0.3131, valid_rmse-1.2353, valid_pr-0.7457
epoch-466, train_loss-0.0936, train_rmse-0.3059, valid_rmse-1.2315, valid_pr-0.7464
epoch-467, train_loss-0.1008, train_rmse-0.3175, valid_rmse-1.2286, valid_pr-0.7481
Validation : valid_rmse-1.2286, valid_pr-0.7481, 
test2013_rmse-1.2913, test2013_pr-0.8571, test2016_rmse-1.1663, test2016_pr-0.8544, test2019_rmse-1.3725, test2019_pr-0.6470
epoch-468, train_loss-0.0894, train_rmse-0.2989, valid_rmse-1.2342, valid_pr-0.7455
epoch-469, train_loss-0.0933, train_rmse-0.3055, valid_rmse-1.2374, valid_pr-0.7462
epoch-470, train_loss-0.0948, train_rmse-0.3079, valid_rmse-1.2309, valid_pr-0.7477
epoch-471, train_loss-0.1027, train_rmse-0.3204, valid_rmse-1.2339, valid_pr-0.7453
epoch-472, train_loss-0.0913, train_rmse-0.3022, valid_rmse-1.2428, valid_pr-0.7442
epoch-473, train_loss-0.0933, train_rmse-0.3055, valid_rmse-1.2431, valid_pr-0.7443
epoch-474, train_loss-0.0901, train_rmse-0.3001, valid_rmse-1.2407, valid_pr-0.7448
epoch-475, train_loss-0.0927, train_rmse-0.3045, valid_rmse-1.2393, valid_pr-0.7446
epoch-476, train_loss-0.0899, train_rmse-0.2998, valid_rmse-1.2421, valid_pr-0.7449
epoch-477, train_loss-0.0862, train_rmse-0.2935, valid_rmse-1.2328, valid_pr-0.7460
epoch-478, train_loss-0.0847, train_rmse-0.2911, valid_rmse-1.2347, valid_pr-0.7469
epoch-479, train_loss-0.0898, train_rmse-0.2996, valid_rmse-1.2379, valid_pr-0.7452
epoch-480, train_loss-0.0886, train_rmse-0.2976, valid_rmse-1.2359, valid_pr-0.7459
epoch-481, train_loss-0.0827, train_rmse-0.2876, valid_rmse-1.2346, valid_pr-0.7459
epoch-482, train_loss-0.0959, train_rmse-0.3097, valid_rmse-1.2331, valid_pr-0.7452
epoch-483, train_loss-0.0921, train_rmse-0.3035, valid_rmse-1.2393, valid_pr-0.7445
epoch-484, train_loss-0.0859, train_rmse-0.2932, valid_rmse-1.2357, valid_pr-0.7465
epoch-485, train_loss-0.0851, train_rmse-0.2917, valid_rmse-1.2357, valid_pr-0.7475
epoch-486, train_loss-0.0859, train_rmse-0.2932, valid_rmse-1.2358, valid_pr-0.7467
epoch-487, train_loss-0.0910, train_rmse-0.3017, valid_rmse-1.2308, valid_pr-0.7475
epoch-488, train_loss-0.0773, train_rmse-0.2781, valid_rmse-1.2329, valid_pr-0.7459
epoch-489, train_loss-0.0811, train_rmse-0.2848, valid_rmse-1.2323, valid_pr-0.7470
epoch-490, train_loss-0.0887, train_rmse-0.2978, valid_rmse-1.2318, valid_pr-0.7471
epoch-491, train_loss-0.0786, train_rmse-0.2803, valid_rmse-1.2332, valid_pr-0.7472
epoch-492, train_loss-0.0870, train_rmse-0.2950, valid_rmse-1.2300, valid_pr-0.7474
epoch-493, train_loss-0.0871, train_rmse-0.2952, valid_rmse-1.2302, valid_pr-0.7470
epoch-494, train_loss-0.0848, train_rmse-0.2911, valid_rmse-1.2336, valid_pr-0.7464
epoch-495, train_loss-0.0890, train_rmse-0.2984, valid_rmse-1.2322, valid_pr-0.7466
epoch-496, train_loss-0.0890, train_rmse-0.2983, valid_rmse-1.2299, valid_pr-0.7467
epoch-497, train_loss-0.0782, train_rmse-0.2796, valid_rmse-1.2309, valid_pr-0.7461
epoch-498, train_loss-0.0849, train_rmse-0.2913, valid_rmse-1.2317, valid_pr-0.7481
epoch-499, train_loss-0.0872, train_rmse-0.2953, valid_rmse-1.2315, valid_pr-0.7466
epoch-500, train_loss-0.0897, train_rmse-0.2995, valid_rmse-1.2312, valid_pr-0.7466
epoch-501, train_loss-0.0835, train_rmse-0.2889, valid_rmse-1.2330, valid_pr-0.7477
epoch-502, train_loss-0.0877, train_rmse-0.2962, valid_rmse-1.2317, valid_pr-0.7468
epoch-503, train_loss-0.0810, train_rmse-0.2846, valid_rmse-1.2300, valid_pr-0.7476
epoch-504, train_loss-0.0795, train_rmse-0.2819, valid_rmse-1.2323, valid_pr-0.7465
epoch-505, train_loss-0.0915, train_rmse-0.3025, valid_rmse-1.2361, valid_pr-0.7465
epoch-506, train_loss-0.0923, train_rmse-0.3039, valid_rmse-1.2350, valid_pr-0.7467
epoch-507, train_loss-0.0832, train_rmse-0.2884, valid_rmse-1.2307, valid_pr-0.7473
epoch-508, train_loss-0.0881, train_rmse-0.2967, valid_rmse-1.2337, valid_pr-0.7483
epoch-509, train_loss-0.0867, train_rmse-0.2945, valid_rmse-1.2300, valid_pr-0.7466
epoch-510, train_loss-0.0781, train_rmse-0.2794, valid_rmse-1.2328, valid_pr-0.7459
epoch-511, train_loss-0.0833, train_rmse-0.2886, valid_rmse-1.2313, valid_pr-0.7468
epoch-512, train_loss-0.0868, train_rmse-0.2947, valid_rmse-1.2339, valid_pr-0.7465
epoch-513, train_loss-0.0844, train_rmse-0.2905, valid_rmse-1.2315, valid_pr-0.7469
epoch-514, train_loss-0.0808, train_rmse-0.2842, valid_rmse-1.2299, valid_pr-0.7467
epoch-515, train_loss-0.0812, train_rmse-0.2849, valid_rmse-1.2317, valid_pr-0.7473
epoch-516, train_loss-0.0920, train_rmse-0.3033, valid_rmse-1.2290, valid_pr-0.7482
epoch-517, train_loss-0.0870, train_rmse-0.2950, valid_rmse-1.2288, valid_pr-0.7479
epoch-518, train_loss-0.0844, train_rmse-0.2904, valid_rmse-1.2303, valid_pr-0.7471
epoch-519, train_loss-0.0902, train_rmse-0.3003, valid_rmse-1.2311, valid_pr-0.7464
epoch-520, train_loss-0.0817, train_rmse-0.2857, valid_rmse-1.2352, valid_pr-0.7467
epoch-521, train_loss-0.0859, train_rmse-0.2931, valid_rmse-1.2289, valid_pr-0.7479
epoch-522, train_loss-0.0832, train_rmse-0.2884, valid_rmse-1.2302, valid_pr-0.7484
epoch-523, train_loss-0.0858, train_rmse-0.2929, valid_rmse-1.2277, valid_pr-0.7490
Validation : valid_rmse-1.2277, valid_pr-0.7490, 
test2013_rmse-1.3156, test2013_pr-0.8523, test2016_rmse-1.1862, test2016_pr-0.8507, test2019_rmse-1.3668, test2019_pr-0.6493
epoch-524, train_loss-0.0843, train_rmse-0.2904, valid_rmse-1.2257, valid_pr-0.7494
Validation : valid_rmse-1.2257, valid_pr-0.7494, 
test2013_rmse-1.2997, test2013_pr-0.8536, test2016_rmse-1.1746, test2016_pr-0.8512, test2019_rmse-1.3706, test2019_pr-0.6476
epoch-525, train_loss-0.0828, train_rmse-0.2877, valid_rmse-1.2307, valid_pr-0.7482
epoch-526, train_loss-0.0802, train_rmse-0.2832, valid_rmse-1.2274, valid_pr-0.7483
epoch-527, train_loss-0.0813, train_rmse-0.2851, valid_rmse-1.2298, valid_pr-0.7474
epoch-528, train_loss-0.0833, train_rmse-0.2887, valid_rmse-1.2316, valid_pr-0.7481
epoch-529, train_loss-0.0873, train_rmse-0.2955, valid_rmse-1.2320, valid_pr-0.7465
epoch-530, train_loss-0.0828, train_rmse-0.2878, valid_rmse-1.2332, valid_pr-0.7455
epoch-531, train_loss-0.0838, train_rmse-0.2896, valid_rmse-1.2281, valid_pr-0.7495
epoch-532, train_loss-0.0901, train_rmse-0.3002, valid_rmse-1.2291, valid_pr-0.7478
epoch-533, train_loss-0.0805, train_rmse-0.2838, valid_rmse-1.2351, valid_pr-0.7456
epoch-534, train_loss-0.0834, train_rmse-0.2888, valid_rmse-1.2303, valid_pr-0.7478
epoch-535, train_loss-0.0821, train_rmse-0.2866, valid_rmse-1.2310, valid_pr-0.7475
epoch-536, train_loss-0.0826, train_rmse-0.2874, valid_rmse-1.2289, valid_pr-0.7487
epoch-537, train_loss-0.0848, train_rmse-0.2912, valid_rmse-1.2241, valid_pr-0.7494
Validation : valid_rmse-1.2241, valid_pr-0.7494, 
test2013_rmse-1.3022, test2013_pr-0.8514, test2016_rmse-1.1669, test2016_pr-0.8520, test2019_rmse-1.3671, test2019_pr-0.6503
epoch-538, train_loss-0.0808, train_rmse-0.2843, valid_rmse-1.2296, valid_pr-0.7487
epoch-539, train_loss-0.0889, train_rmse-0.2982, valid_rmse-1.2284, valid_pr-0.7489
epoch-540, train_loss-0.0852, train_rmse-0.2920, valid_rmse-1.2287, valid_pr-0.7487
epoch-541, train_loss-0.0850, train_rmse-0.2916, valid_rmse-1.2347, valid_pr-0.7465
epoch-542, train_loss-0.0871, train_rmse-0.2952, valid_rmse-1.2294, valid_pr-0.7477
epoch-543, train_loss-0.0878, train_rmse-0.2963, valid_rmse-1.2276, valid_pr-0.7480
epoch-544, train_loss-0.0858, train_rmse-0.2930, valid_rmse-1.2402, valid_pr-0.7481
epoch-545, train_loss-0.0937, train_rmse-0.3061, valid_rmse-1.2298, valid_pr-0.7475
epoch-546, train_loss-0.0784, train_rmse-0.2799, valid_rmse-1.2351, valid_pr-0.7466
epoch-547, train_loss-0.0898, train_rmse-0.2997, valid_rmse-1.2327, valid_pr-0.7465
epoch-548, train_loss-0.0890, train_rmse-0.2983, valid_rmse-1.2281, valid_pr-0.7479
epoch-549, train_loss-0.0832, train_rmse-0.2884, valid_rmse-1.2309, valid_pr-0.7474
epoch-550, train_loss-0.0829, train_rmse-0.2878, valid_rmse-1.2331, valid_pr-0.7476
epoch-551, train_loss-0.0803, train_rmse-0.2833, valid_rmse-1.2324, valid_pr-0.7477
epoch-552, train_loss-0.0860, train_rmse-0.2932, valid_rmse-1.2314, valid_pr-0.7474
epoch-553, train_loss-0.0837, train_rmse-0.2894, valid_rmse-1.2286, valid_pr-0.7483
epoch-554, train_loss-0.0862, train_rmse-0.2937, valid_rmse-1.2256, valid_pr-0.7488
epoch-555, train_loss-0.0879, train_rmse-0.2965, valid_rmse-1.2332, valid_pr-0.7472
epoch-556, train_loss-0.0842, train_rmse-0.2902, valid_rmse-1.2314, valid_pr-0.7472
epoch-557, train_loss-0.0852, train_rmse-0.2918, valid_rmse-1.2314, valid_pr-0.7474
epoch-558, train_loss-0.0840, train_rmse-0.2899, valid_rmse-1.2301, valid_pr-0.7485
epoch-559, train_loss-0.0842, train_rmse-0.2902, valid_rmse-1.2276, valid_pr-0.7497
epoch-560, train_loss-0.0851, train_rmse-0.2917, valid_rmse-1.2351, valid_pr-0.7486
epoch-561, train_loss-0.0796, train_rmse-0.2821, valid_rmse-1.2299, valid_pr-0.7469
epoch-562, train_loss-0.0842, train_rmse-0.2902, valid_rmse-1.2235, valid_pr-0.7499
Validation : valid_rmse-1.2235, valid_pr-0.7499, 
test2013_rmse-1.2928, test2013_pr-0.8523, test2016_rmse-1.1631, test2016_pr-0.8521, test2019_rmse-1.3684, test2019_pr-0.6498
epoch-563, train_loss-0.0802, train_rmse-0.2832, valid_rmse-1.2251, valid_pr-0.7498
epoch-564, train_loss-0.0840, train_rmse-0.2898, valid_rmse-1.2294, valid_pr-0.7485
epoch-565, train_loss-0.0838, train_rmse-0.2894, valid_rmse-1.2271, valid_pr-0.7490
epoch-566, train_loss-0.0846, train_rmse-0.2909, valid_rmse-1.2288, valid_pr-0.7475
epoch-567, train_loss-0.0860, train_rmse-0.2932, valid_rmse-1.2295, valid_pr-0.7481
epoch-568, train_loss-0.0879, train_rmse-0.2965, valid_rmse-1.2325, valid_pr-0.7479
epoch-569, train_loss-0.0842, train_rmse-0.2902, valid_rmse-1.2305, valid_pr-0.7475
epoch-570, train_loss-0.0851, train_rmse-0.2917, valid_rmse-1.2288, valid_pr-0.7480
epoch-571, train_loss-0.0824, train_rmse-0.2870, valid_rmse-1.2286, valid_pr-0.7480
epoch-572, train_loss-0.0757, train_rmse-0.2751, valid_rmse-1.2280, valid_pr-0.7482
epoch-573, train_loss-0.0807, train_rmse-0.2841, valid_rmse-1.2321, valid_pr-0.7469
epoch-574, train_loss-0.0865, train_rmse-0.2941, valid_rmse-1.2371, valid_pr-0.7470
epoch-575, train_loss-0.0842, train_rmse-0.2901, valid_rmse-1.2292, valid_pr-0.7480
epoch-576, train_loss-0.0814, train_rmse-0.2854, valid_rmse-1.2386, valid_pr-0.7476
epoch-577, train_loss-0.0893, train_rmse-0.2988, valid_rmse-1.2306, valid_pr-0.7471
epoch-578, train_loss-0.0758, train_rmse-0.2753, valid_rmse-1.2289, valid_pr-0.7471
epoch-579, train_loss-0.0797, train_rmse-0.2824, valid_rmse-1.2308, valid_pr-0.7473
epoch-580, train_loss-0.0802, train_rmse-0.2832, valid_rmse-1.2317, valid_pr-0.7461
epoch-581, train_loss-0.0843, train_rmse-0.2904, valid_rmse-1.2310, valid_pr-0.7476
epoch-582, train_loss-0.0811, train_rmse-0.2848, valid_rmse-1.2319, valid_pr-0.7473
epoch-583, train_loss-0.0816, train_rmse-0.2857, valid_rmse-1.2265, valid_pr-0.7489
epoch-584, train_loss-0.0907, train_rmse-0.3011, valid_rmse-1.2273, valid_pr-0.7477
epoch-585, train_loss-0.0807, train_rmse-0.2841, valid_rmse-1.2272, valid_pr-0.7486
epoch-586, train_loss-0.0788, train_rmse-0.2807, valid_rmse-1.2289, valid_pr-0.7472
epoch-587, train_loss-0.0844, train_rmse-0.2906, valid_rmse-1.2253, valid_pr-0.7498
epoch-588, train_loss-0.0856, train_rmse-0.2925, valid_rmse-1.2302, valid_pr-0.7488
epoch-589, train_loss-0.0857, train_rmse-0.2927, valid_rmse-1.2303, valid_pr-0.7479
epoch-590, train_loss-0.0905, train_rmse-0.3008, valid_rmse-1.2292, valid_pr-0.7478
epoch-591, train_loss-0.0832, train_rmse-0.2885, valid_rmse-1.2321, valid_pr-0.7476
epoch-592, train_loss-0.0865, train_rmse-0.2942, valid_rmse-1.2295, valid_pr-0.7474
epoch-593, train_loss-0.0843, train_rmse-0.2904, valid_rmse-1.2294, valid_pr-0.7485
epoch-594, train_loss-0.0839, train_rmse-0.2896, valid_rmse-1.2255, valid_pr-0.7502
epoch-595, train_loss-0.0828, train_rmse-0.2877, valid_rmse-1.2281, valid_pr-0.7478
epoch-596, train_loss-0.0732, train_rmse-0.2705, valid_rmse-1.2310, valid_pr-0.7479
epoch-597, train_loss-0.0862, train_rmse-0.2937, valid_rmse-1.2283, valid_pr-0.7473
epoch-598, train_loss-0.0789, train_rmse-0.2809, valid_rmse-1.2270, valid_pr-0.7486
epoch-599, train_loss-0.0827, train_rmse-0.2875, valid_rmse-1.2342, valid_pr-0.7476
epoch-600, train_loss-0.0896, train_rmse-0.2993, valid_rmse-1.2308, valid_pr-0.7476
epoch-601, train_loss-0.0816, train_rmse-0.2857, valid_rmse-1.2299, valid_pr-0.7470
epoch-602, train_loss-0.0808, train_rmse-0.2842, valid_rmse-1.2343, valid_pr-0.7482
epoch-603, train_loss-0.0793, train_rmse-0.2816, valid_rmse-1.2284, valid_pr-0.7483
epoch-604, train_loss-0.0863, train_rmse-0.2938, valid_rmse-1.2298, valid_pr-0.7479
epoch-605, train_loss-0.0812, train_rmse-0.2849, valid_rmse-1.2327, valid_pr-0.7474
epoch-606, train_loss-0.0825, train_rmse-0.2872, valid_rmse-1.2294, valid_pr-0.7477
epoch-607, train_loss-0.0798, train_rmse-0.2825, valid_rmse-1.2296, valid_pr-0.7470
epoch-608, train_loss-0.0864, train_rmse-0.2939, valid_rmse-1.2298, valid_pr-0.7479
epoch-609, train_loss-0.0821, train_rmse-0.2866, valid_rmse-1.2337, valid_pr-0.7477
epoch-610, train_loss-0.0789, train_rmse-0.2809, valid_rmse-1.2289, valid_pr-0.7484
epoch-611, train_loss-0.0831, train_rmse-0.2883, valid_rmse-1.2328, valid_pr-0.7470
epoch-612, train_loss-0.0868, train_rmse-0.2946, valid_rmse-1.2287, valid_pr-0.7473
epoch-613, train_loss-0.0836, train_rmse-0.2892, valid_rmse-1.2301, valid_pr-0.7473
epoch-614, train_loss-0.0825, train_rmse-0.2872, valid_rmse-1.2265, valid_pr-0.7490
epoch-615, train_loss-0.0717, train_rmse-0.2678, valid_rmse-1.2263, valid_pr-0.7493
epoch-616, train_loss-0.0809, train_rmse-0.2844, valid_rmse-1.2253, valid_pr-0.7488
epoch-617, train_loss-0.0780, train_rmse-0.2792, valid_rmse-1.2271, valid_pr-0.7485
epoch-618, train_loss-0.0813, train_rmse-0.2851, valid_rmse-1.2250, valid_pr-0.7495
epoch-619, train_loss-0.0820, train_rmse-0.2864, valid_rmse-1.2269, valid_pr-0.7483
epoch-620, train_loss-0.0846, train_rmse-0.2908, valid_rmse-1.2262, valid_pr-0.7485
epoch-621, train_loss-0.0775, train_rmse-0.2783, valid_rmse-1.2258, valid_pr-0.7492
epoch-622, train_loss-0.0785, train_rmse-0.2802, valid_rmse-1.2277, valid_pr-0.7492
epoch-623, train_loss-0.0824, train_rmse-0.2870, valid_rmse-1.2248, valid_pr-0.7492
epoch-624, train_loss-0.0781, train_rmse-0.2795, valid_rmse-1.2263, valid_pr-0.7493
epoch-625, train_loss-0.0816, train_rmse-0.2857, valid_rmse-1.2244, valid_pr-0.7496
epoch-626, train_loss-0.0780, train_rmse-0.2793, valid_rmse-1.2289, valid_pr-0.7481
epoch-627, train_loss-0.0836, train_rmse-0.2891, valid_rmse-1.2324, valid_pr-0.7485
epoch-628, train_loss-0.0833, train_rmse-0.2886, valid_rmse-1.2270, valid_pr-0.7483
epoch-629, train_loss-0.0755, train_rmse-0.2749, valid_rmse-1.2328, valid_pr-0.7492
epoch-630, train_loss-0.0857, train_rmse-0.2927, valid_rmse-1.2255, valid_pr-0.7494
epoch-631, train_loss-0.0843, train_rmse-0.2904, valid_rmse-1.2280, valid_pr-0.7485
epoch-632, train_loss-0.0790, train_rmse-0.2810, valid_rmse-1.2321, valid_pr-0.7480
epoch-633, train_loss-0.0769, train_rmse-0.2773, valid_rmse-1.2278, valid_pr-0.7479
epoch-634, train_loss-0.0811, train_rmse-0.2849, valid_rmse-1.2297, valid_pr-0.7482
epoch-635, train_loss-0.0800, train_rmse-0.2829, valid_rmse-1.2254, valid_pr-0.7490
epoch-636, train_loss-0.0850, train_rmse-0.2916, valid_rmse-1.2254, valid_pr-0.7488
epoch-637, train_loss-0.0845, train_rmse-0.2908, valid_rmse-1.2269, valid_pr-0.7477
epoch-638, train_loss-0.0865, train_rmse-0.2940, valid_rmse-1.2275, valid_pr-0.7482
epoch-639, train_loss-0.0783, train_rmse-0.2798, valid_rmse-1.2332, valid_pr-0.7483
epoch-640, train_loss-0.0817, train_rmse-0.2858, valid_rmse-1.2297, valid_pr-0.7487
epoch-641, train_loss-0.0738, train_rmse-0.2717, valid_rmse-1.2267, valid_pr-0.7486
epoch-642, train_loss-0.0800, train_rmse-0.2829, valid_rmse-1.2294, valid_pr-0.7480
epoch-643, train_loss-0.0804, train_rmse-0.2836, valid_rmse-1.2323, valid_pr-0.7479
epoch-644, train_loss-0.0785, train_rmse-0.2802, valid_rmse-1.2293, valid_pr-0.7489
epoch-645, train_loss-0.0790, train_rmse-0.2810, valid_rmse-1.2271, valid_pr-0.7487
epoch-646, train_loss-0.0823, train_rmse-0.2868, valid_rmse-1.2284, valid_pr-0.7486
epoch-647, train_loss-0.0817, train_rmse-0.2858, valid_rmse-1.2282, valid_pr-0.7489
epoch-648, train_loss-0.0845, train_rmse-0.2907, valid_rmse-1.2314, valid_pr-0.7482
epoch-649, train_loss-0.0845, train_rmse-0.2907, valid_rmse-1.2263, valid_pr-0.7486
epoch-650, train_loss-0.0787, train_rmse-0.2805, valid_rmse-1.2239, valid_pr-0.7494
epoch-651, train_loss-0.0767, train_rmse-0.2769, valid_rmse-1.2281, valid_pr-0.7487
epoch-652, train_loss-0.0735, train_rmse-0.2711, valid_rmse-1.2287, valid_pr-0.7479
epoch-653, train_loss-0.0805, train_rmse-0.2837, valid_rmse-1.2295, valid_pr-0.7480
epoch-654, train_loss-0.0805, train_rmse-0.2838, valid_rmse-1.2256, valid_pr-0.7493
epoch-655, train_loss-0.0812, train_rmse-0.2849, valid_rmse-1.2350, valid_pr-0.7493
epoch-656, train_loss-0.0798, train_rmse-0.2824, valid_rmse-1.2266, valid_pr-0.7489
epoch-657, train_loss-0.0771, train_rmse-0.2777, valid_rmse-1.2246, valid_pr-0.7495
epoch-658, train_loss-0.0794, train_rmse-0.2817, valid_rmse-1.2269, valid_pr-0.7495
epoch-659, train_loss-0.0825, train_rmse-0.2872, valid_rmse-1.2267, valid_pr-0.7493
epoch-660, train_loss-0.0821, train_rmse-0.2866, valid_rmse-1.2218, valid_pr-0.7505
Validation : valid_rmse-1.2218, valid_pr-0.7505, 
test2013_rmse-1.2970, test2013_pr-0.8521, test2016_rmse-1.1651, test2016_pr-0.8522, test2019_rmse-1.3651, test2019_pr-0.6513
epoch-661, train_loss-0.0790, train_rmse-0.2810, valid_rmse-1.2268, valid_pr-0.7489
epoch-662, train_loss-0.0811, train_rmse-0.2847, valid_rmse-1.2220, valid_pr-0.7507
epoch-663, train_loss-0.0820, train_rmse-0.2864, valid_rmse-1.2277, valid_pr-0.7498
epoch-664, train_loss-0.0848, train_rmse-0.2912, valid_rmse-1.2303, valid_pr-0.7493
epoch-665, train_loss-0.0743, train_rmse-0.2726, valid_rmse-1.2209, valid_pr-0.7508
Validation : valid_rmse-1.2209, valid_pr-0.7508, 
test2013_rmse-1.2995, test2013_pr-0.8518, test2016_rmse-1.1689, test2016_pr-0.8517, test2019_rmse-1.3653, test2019_pr-0.6504
epoch-666, train_loss-0.0849, train_rmse-0.2913, valid_rmse-1.2251, valid_pr-0.7500
epoch-667, train_loss-0.0737, train_rmse-0.2715, valid_rmse-1.2251, valid_pr-0.7494
epoch-668, train_loss-0.0693, train_rmse-0.2632, valid_rmse-1.2259, valid_pr-0.7497
epoch-669, train_loss-0.0854, train_rmse-0.2922, valid_rmse-1.2261, valid_pr-0.7489
epoch-670, train_loss-0.0784, train_rmse-0.2801, valid_rmse-1.2234, valid_pr-0.7501
epoch-671, train_loss-0.0783, train_rmse-0.2799, valid_rmse-1.2240, valid_pr-0.7495
epoch-672, train_loss-0.0814, train_rmse-0.2852, valid_rmse-1.2230, valid_pr-0.7498
epoch-673, train_loss-0.0771, train_rmse-0.2777, valid_rmse-1.2272, valid_pr-0.7494
epoch-674, train_loss-0.0802, train_rmse-0.2832, valid_rmse-1.2271, valid_pr-0.7499
epoch-675, train_loss-0.0744, train_rmse-0.2728, valid_rmse-1.2237, valid_pr-0.7508
epoch-676, train_loss-0.0784, train_rmse-0.2799, valid_rmse-1.2253, valid_pr-0.7497
epoch-677, train_loss-0.0848, train_rmse-0.2911, valid_rmse-1.2227, valid_pr-0.7507
epoch-678, train_loss-0.0783, train_rmse-0.2798, valid_rmse-1.2254, valid_pr-0.7499
epoch-679, train_loss-0.0784, train_rmse-0.2800, valid_rmse-1.2265, valid_pr-0.7500
epoch-680, train_loss-0.0763, train_rmse-0.2761, valid_rmse-1.2258, valid_pr-0.7499
epoch-681, train_loss-0.0820, train_rmse-0.2864, valid_rmse-1.2256, valid_pr-0.7496
epoch-682, train_loss-0.0804, train_rmse-0.2835, valid_rmse-1.2290, valid_pr-0.7486
epoch-683, train_loss-0.0755, train_rmse-0.2748, valid_rmse-1.2260, valid_pr-0.7495
epoch-684, train_loss-0.0785, train_rmse-0.2801, valid_rmse-1.2221, valid_pr-0.7505
epoch-685, train_loss-0.0764, train_rmse-0.2764, valid_rmse-1.2238, valid_pr-0.7495
epoch-686, train_loss-0.0799, train_rmse-0.2826, valid_rmse-1.2278, valid_pr-0.7491
epoch-687, train_loss-0.0822, train_rmse-0.2867, valid_rmse-1.2296, valid_pr-0.7494
epoch-688, train_loss-0.0827, train_rmse-0.2875, valid_rmse-1.2237, valid_pr-0.7494
epoch-689, train_loss-0.0790, train_rmse-0.2811, valid_rmse-1.2241, valid_pr-0.7492
epoch-690, train_loss-0.0789, train_rmse-0.2808, valid_rmse-1.2279, valid_pr-0.7490
epoch-691, train_loss-0.0865, train_rmse-0.2940, valid_rmse-1.2284, valid_pr-0.7491
epoch-692, train_loss-0.0842, train_rmse-0.2902, valid_rmse-1.2252, valid_pr-0.7498
epoch-693, train_loss-0.0762, train_rmse-0.2760, valid_rmse-1.2307, valid_pr-0.7507
epoch-694, train_loss-0.0809, train_rmse-0.2844, valid_rmse-1.2271, valid_pr-0.7495
epoch-695, train_loss-0.0810, train_rmse-0.2846, valid_rmse-1.2265, valid_pr-0.7501
epoch-696, train_loss-0.0750, train_rmse-0.2739, valid_rmse-1.2275, valid_pr-0.7493
epoch-697, train_loss-0.0760, train_rmse-0.2757, valid_rmse-1.2279, valid_pr-0.7498
epoch-698, train_loss-0.0847, train_rmse-0.2910, valid_rmse-1.2262, valid_pr-0.7500
epoch-699, train_loss-0.0754, train_rmse-0.2745, valid_rmse-1.2243, valid_pr-0.7499
epoch-700, train_loss-0.0785, train_rmse-0.2802, valid_rmse-1.2284, valid_pr-0.7494
epoch-701, train_loss-0.0765, train_rmse-0.2766, valid_rmse-1.2252, valid_pr-0.7493
epoch-702, train_loss-0.0832, train_rmse-0.2885, valid_rmse-1.2266, valid_pr-0.7505
epoch-703, train_loss-0.0782, train_rmse-0.2797, valid_rmse-1.2268, valid_pr-0.7495
epoch-704, train_loss-0.0842, train_rmse-0.2901, valid_rmse-1.2269, valid_pr-0.7496
epoch-705, train_loss-0.0824, train_rmse-0.2870, valid_rmse-1.2287, valid_pr-0.7499
epoch-706, train_loss-0.0789, train_rmse-0.2809, valid_rmse-1.2244, valid_pr-0.7502
epoch-707, train_loss-0.0784, train_rmse-0.2799, valid_rmse-1.2270, valid_pr-0.7489
epoch-708, train_loss-0.0776, train_rmse-0.2786, valid_rmse-1.2271, valid_pr-0.7488
epoch-709, train_loss-0.0759, train_rmse-0.2756, valid_rmse-1.2243, valid_pr-0.7499
epoch-710, train_loss-0.0802, train_rmse-0.2831, valid_rmse-1.2251, valid_pr-0.7496
epoch-711, train_loss-0.0803, train_rmse-0.2834, valid_rmse-1.2235, valid_pr-0.7492
epoch-712, train_loss-0.0836, train_rmse-0.2892, valid_rmse-1.2302, valid_pr-0.7488
epoch-713, train_loss-0.0756, train_rmse-0.2750, valid_rmse-1.2253, valid_pr-0.7502
epoch-714, train_loss-0.0771, train_rmse-0.2777, valid_rmse-1.2272, valid_pr-0.7495
epoch-715, train_loss-0.0748, train_rmse-0.2735, valid_rmse-1.2313, valid_pr-0.7488
epoch-716, train_loss-0.0783, train_rmse-0.2798, valid_rmse-1.2273, valid_pr-0.7492
epoch-717, train_loss-0.0747, train_rmse-0.2732, valid_rmse-1.2277, valid_pr-0.7487
epoch-718, train_loss-0.0765, train_rmse-0.2765, valid_rmse-1.2261, valid_pr-0.7493
epoch-719, train_loss-0.0786, train_rmse-0.2804, valid_rmse-1.2260, valid_pr-0.7491
epoch-720, train_loss-0.0687, train_rmse-0.2621, valid_rmse-1.2292, valid_pr-0.7494
epoch-721, train_loss-0.0765, train_rmse-0.2765, valid_rmse-1.2235, valid_pr-0.7502
epoch-722, train_loss-0.0732, train_rmse-0.2706, valid_rmse-1.2288, valid_pr-0.7491
epoch-723, train_loss-0.0773, train_rmse-0.2780, valid_rmse-1.2244, valid_pr-0.7501
epoch-724, train_loss-0.0758, train_rmse-0.2754, valid_rmse-1.2257, valid_pr-0.7495
epoch-725, train_loss-0.0840, train_rmse-0.2898, valid_rmse-1.2243, valid_pr-0.7497
epoch-726, train_loss-0.0816, train_rmse-0.2857, valid_rmse-1.2241, valid_pr-0.7498
epoch-727, train_loss-0.0777, train_rmse-0.2788, valid_rmse-1.2242, valid_pr-0.7499
epoch-728, train_loss-0.0745, train_rmse-0.2730, valid_rmse-1.2235, valid_pr-0.7502
epoch-729, train_loss-0.0692, train_rmse-0.2630, valid_rmse-1.2253, valid_pr-0.7492
epoch-730, train_loss-0.0778, train_rmse-0.2790, valid_rmse-1.2290, valid_pr-0.7490
epoch-731, train_loss-0.0782, train_rmse-0.2797, valid_rmse-1.2250, valid_pr-0.7494
epoch-732, train_loss-0.0806, train_rmse-0.2839, valid_rmse-1.2280, valid_pr-0.7498
epoch-733, train_loss-0.0750, train_rmse-0.2739, valid_rmse-1.2250, valid_pr-0.7498
epoch-734, train_loss-0.0780, train_rmse-0.2793, valid_rmse-1.2247, valid_pr-0.7502
epoch-735, train_loss-0.0726, train_rmse-0.2694, valid_rmse-1.2249, valid_pr-0.7496
epoch-736, train_loss-0.0747, train_rmse-0.2734, valid_rmse-1.2249, valid_pr-0.7496
epoch-737, train_loss-0.0733, train_rmse-0.2707, valid_rmse-1.2233, valid_pr-0.7498
epoch-738, train_loss-0.0836, train_rmse-0.2891, valid_rmse-1.2273, valid_pr-0.7492
epoch-739, train_loss-0.0813, train_rmse-0.2852, valid_rmse-1.2214, valid_pr-0.7506
epoch-740, train_loss-0.0751, train_rmse-0.2740, valid_rmse-1.2270, valid_pr-0.7499
epoch-741, train_loss-0.0774, train_rmse-0.2783, valid_rmse-1.2232, valid_pr-0.7506
epoch-742, train_loss-0.0767, train_rmse-0.2769, valid_rmse-1.2262, valid_pr-0.7500
epoch-743, train_loss-0.0753, train_rmse-0.2743, valid_rmse-1.2247, valid_pr-0.7493
epoch-744, train_loss-0.0853, train_rmse-0.2921, valid_rmse-1.2246, valid_pr-0.7502
epoch-745, train_loss-0.0737, train_rmse-0.2714, valid_rmse-1.2271, valid_pr-0.7499
epoch-746, train_loss-0.0747, train_rmse-0.2734, valid_rmse-1.2306, valid_pr-0.7495
epoch-747, train_loss-0.0779, train_rmse-0.2791, valid_rmse-1.2272, valid_pr-0.7506
epoch-748, train_loss-0.0764, train_rmse-0.2764, valid_rmse-1.2231, valid_pr-0.7504
epoch-749, train_loss-0.0678, train_rmse-0.2604, valid_rmse-1.2218, valid_pr-0.7503
epoch-750, train_loss-0.0760, train_rmse-0.2758, valid_rmse-1.2238, valid_pr-0.7495
epoch-751, train_loss-0.0796, train_rmse-0.2821, valid_rmse-1.2297, valid_pr-0.7496
epoch-752, train_loss-0.0772, train_rmse-0.2778, valid_rmse-1.2298, valid_pr-0.7498
epoch-753, train_loss-0.0688, train_rmse-0.2624, valid_rmse-1.2258, valid_pr-0.7503
epoch-754, train_loss-0.0781, train_rmse-0.2795, valid_rmse-1.2264, valid_pr-0.7499
epoch-755, train_loss-0.0834, train_rmse-0.2888, valid_rmse-1.2233, valid_pr-0.7501
epoch-756, train_loss-0.0767, train_rmse-0.2769, valid_rmse-1.2266, valid_pr-0.7506
epoch-757, train_loss-0.0763, train_rmse-0.2762, valid_rmse-1.2340, valid_pr-0.7498
epoch-758, train_loss-0.0715, train_rmse-0.2674, valid_rmse-1.2241, valid_pr-0.7500
epoch-759, train_loss-0.0701, train_rmse-0.2647, valid_rmse-1.2235, valid_pr-0.7501
epoch-760, train_loss-0.0700, train_rmse-0.2645, valid_rmse-1.2232, valid_pr-0.7504
epoch-761, train_loss-0.0808, train_rmse-0.2842, valid_rmse-1.2225, valid_pr-0.7504
epoch-762, train_loss-0.0674, train_rmse-0.2597, valid_rmse-1.2232, valid_pr-0.7508
epoch-763, train_loss-0.0780, train_rmse-0.2793, valid_rmse-1.2227, valid_pr-0.7501
epoch-764, train_loss-0.0745, train_rmse-0.2730, valid_rmse-1.2236, valid_pr-0.7501
epoch-765, train_loss-0.0796, train_rmse-0.2821, valid_rmse-1.2242, valid_pr-0.7498
epoch-766, train_loss-0.0692, train_rmse-0.2630, valid_rmse-1.2249, valid_pr-0.7494
early stop in epoch 766
best_rmse: 1.2209
valid_rmse-1.2209, valid_pr-0.7508, test2013_rmse-1.2995, test2013_pr-0.8518, test2016_rmse-1.1689, test2016_pr-0.8517, test2019_rmse-1.3653, test2019_pr-0.6504
