ours-lrs-0.001-28-156, lr=0.001, seed=418
train_GIGN.py
train data: 11904
valid data: 1000
test2013 data: 107
test2016 data: 285
test2019 data: 4366
GIGN params # : 1331241
epoch-0, train_loss-16.9222, train_rmse-4.1137, valid_rmse-2.0944, valid_pr-0.4153
Validation : valid_rmse-2.0944, valid_pr-0.4153, 
test2013_rmse-2.0452, test2013_pr-0.6768, test2016_rmse-2.1944, test2016_pr-0.6048, test2019_rmse-2.0455, test2019_pr-0.4461
epoch-1, train_loss-2.7208, train_rmse-1.6495, valid_rmse-1.7325, valid_pr-0.4758
Validation : valid_rmse-1.7325, valid_pr-0.4758, 
test2013_rmse-1.7603, test2013_pr-0.6721, test2016_rmse-1.6319, test2016_pr-0.6669, test2019_rmse-1.6173, test2019_pr-0.5262
epoch-2, train_loss-2.3177, train_rmse-1.5224, valid_rmse-1.6766, valid_pr-0.5178
Validation : valid_rmse-1.6766, valid_pr-0.5178, 
test2013_rmse-1.8517, test2013_pr-0.6356, test2016_rmse-1.6552, test2016_pr-0.6787, test2019_rmse-1.5565, test2019_pr-0.5404
epoch-3, train_loss-2.2139, train_rmse-1.4879, valid_rmse-1.5133, valid_pr-0.6257
Validation : valid_rmse-1.5133, valid_pr-0.6257, 
test2013_rmse-1.6148, test2013_pr-0.7810, test2016_rmse-1.4919, test2016_pr-0.7652, test2019_rmse-1.5095, test2019_pr-0.6223
epoch-4, train_loss-2.0728, train_rmse-1.4397, valid_rmse-1.4568, valid_pr-0.6464
Validation : valid_rmse-1.4568, valid_pr-0.6464, 
test2013_rmse-1.5567, test2013_pr-0.7531, test2016_rmse-1.3690, test2016_pr-0.7840, test2019_rmse-1.4519, test2019_pr-0.6285
epoch-5, train_loss-1.9399, train_rmse-1.3928, valid_rmse-1.4985, valid_pr-0.6489
epoch-6, train_loss-1.8126, train_rmse-1.3463, valid_rmse-1.4687, valid_pr-0.6651
epoch-7, train_loss-1.7807, train_rmse-1.3344, valid_rmse-1.6271, valid_pr-0.6083
epoch-8, train_loss-1.6903, train_rmse-1.3001, valid_rmse-1.4843, valid_pr-0.6918
epoch-9, train_loss-1.5588, train_rmse-1.2485, valid_rmse-1.4525, valid_pr-0.6687
Validation : valid_rmse-1.4525, valid_pr-0.6687, 
test2013_rmse-1.4422, test2013_pr-0.7915, test2016_rmse-1.3844, test2016_pr-0.7702, test2019_rmse-1.5076, test2019_pr-0.6178
epoch-10, train_loss-1.4838, train_rmse-1.2181, valid_rmse-1.4160, valid_pr-0.6669
Validation : valid_rmse-1.4160, valid_pr-0.6669, 
test2013_rmse-1.5619, test2013_pr-0.7626, test2016_rmse-1.3186, test2016_pr-0.8081, test2019_rmse-1.4413, test2019_pr-0.6184
epoch-11, train_loss-1.3791, train_rmse-1.1743, valid_rmse-1.4182, valid_pr-0.6742
epoch-12, train_loss-1.3617, train_rmse-1.1669, valid_rmse-1.4455, valid_pr-0.6958
epoch-13, train_loss-1.2395, train_rmse-1.1133, valid_rmse-1.4722, valid_pr-0.6834
epoch-14, train_loss-1.1612, train_rmse-1.0776, valid_rmse-1.3632, valid_pr-0.6884
Validation : valid_rmse-1.3632, valid_pr-0.6884, 
test2013_rmse-1.6966, test2013_pr-0.7198, test2016_rmse-1.4629, test2016_pr-0.7703, test2019_rmse-1.4774, test2019_pr-0.5799
epoch-15, train_loss-1.1611, train_rmse-1.0775, valid_rmse-1.6332, valid_pr-0.6330
epoch-16, train_loss-1.0586, train_rmse-1.0289, valid_rmse-1.4637, valid_pr-0.7030
epoch-17, train_loss-1.0106, train_rmse-1.0053, valid_rmse-1.3181, valid_pr-0.7202
Validation : valid_rmse-1.3181, valid_pr-0.7202, 
test2013_rmse-1.4139, test2013_pr-0.8003, test2016_rmse-1.2606, test2016_pr-0.8193, test2019_rmse-1.4197, test2019_pr-0.6432
epoch-18, train_loss-0.9409, train_rmse-0.9700, valid_rmse-1.3877, valid_pr-0.7094
epoch-19, train_loss-0.9163, train_rmse-0.9573, valid_rmse-1.7249, valid_pr-0.6897
epoch-20, train_loss-0.9259, train_rmse-0.9622, valid_rmse-1.3605, valid_pr-0.7147
epoch-21, train_loss-0.8029, train_rmse-0.8961, valid_rmse-1.3678, valid_pr-0.7156
epoch-22, train_loss-0.7750, train_rmse-0.8803, valid_rmse-1.3557, valid_pr-0.6934
epoch-23, train_loss-0.7331, train_rmse-0.8562, valid_rmse-1.4557, valid_pr-0.6787
epoch-24, train_loss-0.6834, train_rmse-0.8267, valid_rmse-1.3914, valid_pr-0.6754
epoch-25, train_loss-0.7082, train_rmse-0.8415, valid_rmse-1.3947, valid_pr-0.6987
epoch-26, train_loss-0.6767, train_rmse-0.8226, valid_rmse-1.5741, valid_pr-0.6816
epoch-27, train_loss-0.6519, train_rmse-0.8074, valid_rmse-1.4815, valid_pr-0.7131
epoch-28, train_loss-0.6075, train_rmse-0.7794, valid_rmse-1.3442, valid_pr-0.7170
epoch-29, train_loss-0.5880, train_rmse-0.7668, valid_rmse-1.3624, valid_pr-0.6994
epoch-30, train_loss-0.5550, train_rmse-0.7450, valid_rmse-1.3315, valid_pr-0.7141
epoch-31, train_loss-0.5467, train_rmse-0.7394, valid_rmse-1.4518, valid_pr-0.7180
epoch-32, train_loss-0.5114, train_rmse-0.7151, valid_rmse-1.4212, valid_pr-0.6931
epoch-33, train_loss-0.5232, train_rmse-0.7233, valid_rmse-1.3476, valid_pr-0.7135
epoch-34, train_loss-0.4979, train_rmse-0.7057, valid_rmse-1.4187, valid_pr-0.7196
epoch-35, train_loss-0.4660, train_rmse-0.6826, valid_rmse-1.3294, valid_pr-0.7123
epoch-36, train_loss-0.4688, train_rmse-0.6847, valid_rmse-1.3308, valid_pr-0.7155
epoch-37, train_loss-0.4985, train_rmse-0.7060, valid_rmse-1.3349, valid_pr-0.7187
epoch-38, train_loss-0.4777, train_rmse-0.6911, valid_rmse-1.4082, valid_pr-0.6875
epoch-39, train_loss-0.4703, train_rmse-0.6858, valid_rmse-1.4642, valid_pr-0.6740
epoch-40, train_loss-0.4351, train_rmse-0.6596, valid_rmse-1.3502, valid_pr-0.6929
epoch-41, train_loss-0.4293, train_rmse-0.6552, valid_rmse-1.3576, valid_pr-0.7170
epoch-42, train_loss-0.4267, train_rmse-0.6532, valid_rmse-1.2966, valid_pr-0.7353
Validation : valid_rmse-1.2966, valid_pr-0.7353, 
test2013_rmse-1.3805, test2013_pr-0.8087, test2016_rmse-1.2449, test2016_pr-0.8194, test2019_rmse-1.4454, test2019_pr-0.6406
epoch-43, train_loss-0.4139, train_rmse-0.6433, valid_rmse-1.3321, valid_pr-0.7191
epoch-44, train_loss-0.4183, train_rmse-0.6468, valid_rmse-1.3648, valid_pr-0.7019
epoch-45, train_loss-0.4196, train_rmse-0.6477, valid_rmse-1.3479, valid_pr-0.7032
epoch-46, train_loss-0.4118, train_rmse-0.6417, valid_rmse-1.7689, valid_pr-0.6679
epoch-47, train_loss-0.4143, train_rmse-0.6437, valid_rmse-1.3453, valid_pr-0.6994
epoch-48, train_loss-0.3883, train_rmse-0.6231, valid_rmse-1.3120, valid_pr-0.7239
epoch-49, train_loss-0.3591, train_rmse-0.5992, valid_rmse-1.3920, valid_pr-0.6884
epoch-50, train_loss-0.3711, train_rmse-0.6092, valid_rmse-1.3097, valid_pr-0.7282
epoch-51, train_loss-0.3679, train_rmse-0.6066, valid_rmse-1.3319, valid_pr-0.7068
epoch-52, train_loss-0.3893, train_rmse-0.6239, valid_rmse-1.3482, valid_pr-0.7075
epoch-53, train_loss-0.3642, train_rmse-0.6035, valid_rmse-1.3073, valid_pr-0.7206
epoch-54, train_loss-0.3713, train_rmse-0.6094, valid_rmse-1.3532, valid_pr-0.7146
epoch-55, train_loss-0.3527, train_rmse-0.5939, valid_rmse-1.3279, valid_pr-0.7256
epoch-56, train_loss-0.3564, train_rmse-0.5970, valid_rmse-1.2925, valid_pr-0.7210
Validation : valid_rmse-1.2925, valid_pr-0.7210, 
test2013_rmse-1.4664, test2013_pr-0.7889, test2016_rmse-1.2959, test2016_pr-0.8105, test2019_rmse-1.4143, test2019_pr-0.6306
epoch-57, train_loss-0.3212, train_rmse-0.5667, valid_rmse-1.2885, valid_pr-0.7304
Validation : valid_rmse-1.2885, valid_pr-0.7304, 
test2013_rmse-1.4150, test2013_pr-0.8003, test2016_rmse-1.2467, test2016_pr-0.8225, test2019_rmse-1.4204, test2019_pr-0.6448
epoch-58, train_loss-0.3451, train_rmse-0.5874, valid_rmse-1.3456, valid_pr-0.7150
epoch-59, train_loss-0.3457, train_rmse-0.5879, valid_rmse-1.2918, valid_pr-0.7216
epoch-60, train_loss-0.3438, train_rmse-0.5864, valid_rmse-1.3101, valid_pr-0.7268
epoch-61, train_loss-0.3216, train_rmse-0.5671, valid_rmse-1.3699, valid_pr-0.7142
epoch-62, train_loss-0.3219, train_rmse-0.5674, valid_rmse-1.3575, valid_pr-0.7180
epoch-63, train_loss-0.3234, train_rmse-0.5686, valid_rmse-1.3066, valid_pr-0.7224
epoch-64, train_loss-0.3252, train_rmse-0.5703, valid_rmse-1.3053, valid_pr-0.7307
epoch-65, train_loss-0.3162, train_rmse-0.5623, valid_rmse-1.3174, valid_pr-0.7086
epoch-66, train_loss-0.3120, train_rmse-0.5586, valid_rmse-1.3160, valid_pr-0.7222
epoch-67, train_loss-0.2983, train_rmse-0.5461, valid_rmse-1.3667, valid_pr-0.7041
epoch-68, train_loss-0.3025, train_rmse-0.5500, valid_rmse-1.3300, valid_pr-0.7146
epoch-69, train_loss-0.2977, train_rmse-0.5456, valid_rmse-1.3055, valid_pr-0.7113
epoch-70, train_loss-0.3160, train_rmse-0.5621, valid_rmse-1.3383, valid_pr-0.7274
epoch-71, train_loss-0.3188, train_rmse-0.5646, valid_rmse-1.3036, valid_pr-0.7273
epoch-72, train_loss-0.3029, train_rmse-0.5503, valid_rmse-1.2913, valid_pr-0.7259
epoch-73, train_loss-0.2853, train_rmse-0.5341, valid_rmse-1.2880, valid_pr-0.7273
Validation : valid_rmse-1.2880, valid_pr-0.7273, 
test2013_rmse-1.4529, test2013_pr-0.7994, test2016_rmse-1.2835, test2016_pr-0.8161, test2019_rmse-1.4081, test2019_pr-0.6455
epoch-74, train_loss-0.2842, train_rmse-0.5331, valid_rmse-1.2887, valid_pr-0.7190
epoch-75, train_loss-0.2953, train_rmse-0.5434, valid_rmse-1.3299, valid_pr-0.7151
epoch-76, train_loss-0.2873, train_rmse-0.5360, valid_rmse-1.2932, valid_pr-0.7179
epoch-77, train_loss-0.2958, train_rmse-0.5439, valid_rmse-1.2868, valid_pr-0.7244
Validation : valid_rmse-1.2868, valid_pr-0.7244, 
test2013_rmse-1.4115, test2013_pr-0.8096, test2016_rmse-1.2596, test2016_pr-0.8206, test2019_rmse-1.4253, test2019_pr-0.6248
epoch-78, train_loss-0.2623, train_rmse-0.5122, valid_rmse-1.3135, valid_pr-0.7160
epoch-79, train_loss-0.2723, train_rmse-0.5219, valid_rmse-1.2992, valid_pr-0.7147
epoch-80, train_loss-0.2901, train_rmse-0.5386, valid_rmse-1.2711, valid_pr-0.7328
Validation : valid_rmse-1.2711, valid_pr-0.7328, 
test2013_rmse-1.3795, test2013_pr-0.8227, test2016_rmse-1.2076, test2016_pr-0.8389, test2019_rmse-1.4055, test2019_pr-0.6436
epoch-81, train_loss-0.2830, train_rmse-0.5320, valid_rmse-1.3235, valid_pr-0.7176
epoch-82, train_loss-0.2823, train_rmse-0.5313, valid_rmse-1.3649, valid_pr-0.7014
epoch-83, train_loss-0.2989, train_rmse-0.5467, valid_rmse-1.2660, valid_pr-0.7410
Validation : valid_rmse-1.2660, valid_pr-0.7410, 
test2013_rmse-1.3164, test2013_pr-0.8322, test2016_rmse-1.1647, test2016_pr-0.8466, test2019_rmse-1.4130, test2019_pr-0.6494
epoch-84, train_loss-0.2806, train_rmse-0.5297, valid_rmse-1.3025, valid_pr-0.7178
epoch-85, train_loss-0.2933, train_rmse-0.5416, valid_rmse-1.3167, valid_pr-0.7252
epoch-86, train_loss-0.2715, train_rmse-0.5210, valid_rmse-1.3144, valid_pr-0.7239
epoch-87, train_loss-0.2879, train_rmse-0.5366, valid_rmse-1.3442, valid_pr-0.7100
epoch-88, train_loss-0.2637, train_rmse-0.5135, valid_rmse-1.2866, valid_pr-0.7291
epoch-89, train_loss-0.2545, train_rmse-0.5045, valid_rmse-1.2809, valid_pr-0.7348
epoch-90, train_loss-0.2484, train_rmse-0.4984, valid_rmse-1.2890, valid_pr-0.7256
epoch-91, train_loss-0.2443, train_rmse-0.4943, valid_rmse-1.3407, valid_pr-0.7285
epoch-92, train_loss-0.2649, train_rmse-0.5147, valid_rmse-1.3037, valid_pr-0.7224
epoch-93, train_loss-0.2565, train_rmse-0.5065, valid_rmse-1.2635, valid_pr-0.7370
Validation : valid_rmse-1.2635, valid_pr-0.7370, 
test2013_rmse-1.3742, test2013_pr-0.8150, test2016_rmse-1.2026, test2016_pr-0.8362, test2019_rmse-1.3930, test2019_pr-0.6500
epoch-94, train_loss-0.2529, train_rmse-0.5029, valid_rmse-1.2976, valid_pr-0.7198
epoch-95, train_loss-0.2580, train_rmse-0.5079, valid_rmse-1.2947, valid_pr-0.7300
epoch-96, train_loss-0.2618, train_rmse-0.5117, valid_rmse-1.3080, valid_pr-0.7274
epoch-97, train_loss-0.2452, train_rmse-0.4952, valid_rmse-1.2936, valid_pr-0.7382
epoch-98, train_loss-0.2493, train_rmse-0.4993, valid_rmse-1.2951, valid_pr-0.7414
epoch-99, train_loss-0.2510, train_rmse-0.5010, valid_rmse-1.3076, valid_pr-0.7217
epoch-100, train_loss-0.2280, train_rmse-0.4775, valid_rmse-1.2995, valid_pr-0.7379
epoch-101, train_loss-0.2524, train_rmse-0.5024, valid_rmse-1.2966, valid_pr-0.7373
epoch-102, train_loss-0.2478, train_rmse-0.4978, valid_rmse-1.3303, valid_pr-0.7249
epoch-103, train_loss-0.2386, train_rmse-0.4884, valid_rmse-1.2587, valid_pr-0.7389
Validation : valid_rmse-1.2587, valid_pr-0.7389, 
test2013_rmse-1.3912, test2013_pr-0.8245, test2016_rmse-1.2282, test2016_pr-0.8377, test2019_rmse-1.4032, test2019_pr-0.6402
epoch-104, train_loss-0.2267, train_rmse-0.4761, valid_rmse-1.2722, valid_pr-0.7328
epoch-105, train_loss-0.2304, train_rmse-0.4800, valid_rmse-1.2868, valid_pr-0.7287
epoch-106, train_loss-0.2413, train_rmse-0.4912, valid_rmse-1.2818, valid_pr-0.7423
epoch-107, train_loss-0.2278, train_rmse-0.4773, valid_rmse-1.2563, valid_pr-0.7436
Validation : valid_rmse-1.2563, valid_pr-0.7436, 
test2013_rmse-1.3142, test2013_pr-0.8316, test2016_rmse-1.1625, test2016_pr-0.8455, test2019_rmse-1.4042, test2019_pr-0.6522
epoch-108, train_loss-0.2308, train_rmse-0.4804, valid_rmse-1.3087, valid_pr-0.7197
epoch-109, train_loss-0.2425, train_rmse-0.4924, valid_rmse-1.2678, valid_pr-0.7326
epoch-110, train_loss-0.2311, train_rmse-0.4808, valid_rmse-1.2845, valid_pr-0.7272
epoch-111, train_loss-0.2244, train_rmse-0.4737, valid_rmse-1.3096, valid_pr-0.7246
epoch-112, train_loss-0.2229, train_rmse-0.4722, valid_rmse-1.2830, valid_pr-0.7294
epoch-113, train_loss-0.2322, train_rmse-0.4819, valid_rmse-1.2829, valid_pr-0.7391
epoch-114, train_loss-0.2186, train_rmse-0.4676, valid_rmse-1.2673, valid_pr-0.7377
epoch-115, train_loss-0.2254, train_rmse-0.4747, valid_rmse-1.2711, valid_pr-0.7327
epoch-116, train_loss-0.2247, train_rmse-0.4740, valid_rmse-1.2654, valid_pr-0.7374
epoch-117, train_loss-0.2376, train_rmse-0.4874, valid_rmse-1.2749, valid_pr-0.7411
epoch-118, train_loss-0.2331, train_rmse-0.4828, valid_rmse-1.2659, valid_pr-0.7473
epoch-119, train_loss-0.2188, train_rmse-0.4678, valid_rmse-1.2475, valid_pr-0.7408
Validation : valid_rmse-1.2475, valid_pr-0.7408, 
test2013_rmse-1.3648, test2013_pr-0.8332, test2016_rmse-1.1931, test2016_pr-0.8489, test2019_rmse-1.3966, test2019_pr-0.6398
epoch-120, train_loss-0.2413, train_rmse-0.4912, valid_rmse-1.2476, valid_pr-0.7436
epoch-121, train_loss-0.2212, train_rmse-0.4703, valid_rmse-1.2528, valid_pr-0.7421
epoch-122, train_loss-0.2259, train_rmse-0.4753, valid_rmse-1.2635, valid_pr-0.7351
epoch-123, train_loss-0.2156, train_rmse-0.4643, valid_rmse-1.2432, valid_pr-0.7446
Validation : valid_rmse-1.2432, valid_pr-0.7446, 
test2013_rmse-1.3585, test2013_pr-0.8233, test2016_rmse-1.1939, test2016_pr-0.8407, test2019_rmse-1.3899, test2019_pr-0.6507
epoch-124, train_loss-0.2200, train_rmse-0.4690, valid_rmse-1.2479, valid_pr-0.7409
epoch-125, train_loss-0.2113, train_rmse-0.4597, valid_rmse-1.2577, valid_pr-0.7409
epoch-126, train_loss-0.2182, train_rmse-0.4671, valid_rmse-1.2638, valid_pr-0.7441
epoch-127, train_loss-0.2131, train_rmse-0.4616, valid_rmse-1.2890, valid_pr-0.7260
epoch-128, train_loss-0.2283, train_rmse-0.4778, valid_rmse-1.2546, valid_pr-0.7411
epoch-129, train_loss-0.2065, train_rmse-0.4544, valid_rmse-1.2639, valid_pr-0.7410
epoch-130, train_loss-0.2262, train_rmse-0.4756, valid_rmse-1.2473, valid_pr-0.7443
epoch-131, train_loss-0.2174, train_rmse-0.4663, valid_rmse-1.2751, valid_pr-0.7368
epoch-132, train_loss-0.2129, train_rmse-0.4614, valid_rmse-1.2478, valid_pr-0.7397
epoch-133, train_loss-0.2081, train_rmse-0.4562, valid_rmse-1.2535, valid_pr-0.7437
epoch-134, train_loss-0.2121, train_rmse-0.4605, valid_rmse-1.2875, valid_pr-0.7331
epoch-135, train_loss-0.2103, train_rmse-0.4586, valid_rmse-1.2357, valid_pr-0.7444
Validation : valid_rmse-1.2357, valid_pr-0.7444, 
test2013_rmse-1.3988, test2013_pr-0.8172, test2016_rmse-1.2312, test2016_pr-0.8308, test2019_rmse-1.3847, test2019_pr-0.6406
epoch-136, train_loss-0.2093, train_rmse-0.4575, valid_rmse-1.2423, valid_pr-0.7445
epoch-137, train_loss-0.2102, train_rmse-0.4585, valid_rmse-1.2571, valid_pr-0.7371
epoch-138, train_loss-0.2017, train_rmse-0.4491, valid_rmse-1.2717, valid_pr-0.7370
epoch-139, train_loss-0.1921, train_rmse-0.4383, valid_rmse-1.2361, valid_pr-0.7490
epoch-140, train_loss-0.2020, train_rmse-0.4494, valid_rmse-1.2557, valid_pr-0.7427
epoch-141, train_loss-0.2090, train_rmse-0.4572, valid_rmse-1.3035, valid_pr-0.7449
epoch-142, train_loss-0.2061, train_rmse-0.4539, valid_rmse-1.2713, valid_pr-0.7381
epoch-143, train_loss-0.2128, train_rmse-0.4614, valid_rmse-1.2465, valid_pr-0.7457
epoch-144, train_loss-0.2005, train_rmse-0.4478, valid_rmse-1.2561, valid_pr-0.7383
epoch-145, train_loss-0.1989, train_rmse-0.4460, valid_rmse-1.2605, valid_pr-0.7428
epoch-146, train_loss-0.1921, train_rmse-0.4383, valid_rmse-1.2399, valid_pr-0.7445
epoch-147, train_loss-0.2048, train_rmse-0.4525, valid_rmse-1.2799, valid_pr-0.7253
epoch-148, train_loss-0.2208, train_rmse-0.4699, valid_rmse-1.2648, valid_pr-0.7321
epoch-149, train_loss-0.2140, train_rmse-0.4626, valid_rmse-1.2506, valid_pr-0.7525
epoch-150, train_loss-0.2142, train_rmse-0.4628, valid_rmse-1.2842, valid_pr-0.7307
epoch-151, train_loss-0.2040, train_rmse-0.4517, valid_rmse-1.2464, valid_pr-0.7432
epoch-152, train_loss-0.1765, train_rmse-0.4201, valid_rmse-1.2589, valid_pr-0.7441
epoch-153, train_loss-0.1881, train_rmse-0.4337, valid_rmse-1.2361, valid_pr-0.7475
epoch-154, train_loss-0.1899, train_rmse-0.4357, valid_rmse-1.2576, valid_pr-0.7409
epoch-155, train_loss-0.1933, train_rmse-0.4396, valid_rmse-1.2586, valid_pr-0.7456
epoch-156, train_loss-0.1795, train_rmse-0.4236, valid_rmse-1.2503, valid_pr-0.7435
epoch-157, train_loss-0.1877, train_rmse-0.4333, valid_rmse-1.2437, valid_pr-0.7448
epoch-158, train_loss-0.2004, train_rmse-0.4476, valid_rmse-1.2511, valid_pr-0.7496
epoch-159, train_loss-0.1976, train_rmse-0.4445, valid_rmse-1.2630, valid_pr-0.7396
epoch-160, train_loss-0.1948, train_rmse-0.4413, valid_rmse-1.2330, valid_pr-0.7478
Validation : valid_rmse-1.2330, valid_pr-0.7478, 
test2013_rmse-1.3433, test2013_pr-0.8258, test2016_rmse-1.1798, test2016_pr-0.8430, test2019_rmse-1.3875, test2019_pr-0.6495
epoch-161, train_loss-0.2008, train_rmse-0.4481, valid_rmse-1.2390, valid_pr-0.7467
epoch-162, train_loss-0.1978, train_rmse-0.4448, valid_rmse-1.2471, valid_pr-0.7422
epoch-163, train_loss-0.1986, train_rmse-0.4457, valid_rmse-1.2723, valid_pr-0.7339
epoch-164, train_loss-0.1841, train_rmse-0.4291, valid_rmse-1.2596, valid_pr-0.7380
epoch-165, train_loss-0.1673, train_rmse-0.4090, valid_rmse-1.2777, valid_pr-0.7406
epoch-166, train_loss-0.1883, train_rmse-0.4340, valid_rmse-1.2393, valid_pr-0.7485
epoch-167, train_loss-0.1916, train_rmse-0.4377, valid_rmse-1.2814, valid_pr-0.7339
epoch-168, train_loss-0.1758, train_rmse-0.4193, valid_rmse-1.2477, valid_pr-0.7416
epoch-169, train_loss-0.1849, train_rmse-0.4300, valid_rmse-1.2473, valid_pr-0.7441
epoch-170, train_loss-0.1721, train_rmse-0.4149, valid_rmse-1.2389, valid_pr-0.7459
epoch-171, train_loss-0.1877, train_rmse-0.4332, valid_rmse-1.2403, valid_pr-0.7440
epoch-172, train_loss-0.1764, train_rmse-0.4199, valid_rmse-1.2492, valid_pr-0.7439
epoch-173, train_loss-0.1972, train_rmse-0.4441, valid_rmse-1.2344, valid_pr-0.7464
epoch-174, train_loss-0.1727, train_rmse-0.4155, valid_rmse-1.2464, valid_pr-0.7451
epoch-175, train_loss-0.1699, train_rmse-0.4122, valid_rmse-1.2485, valid_pr-0.7472
epoch-176, train_loss-0.1655, train_rmse-0.4068, valid_rmse-1.2355, valid_pr-0.7438
epoch-177, train_loss-0.1801, train_rmse-0.4244, valid_rmse-1.2702, valid_pr-0.7456
epoch-178, train_loss-0.1876, train_rmse-0.4331, valid_rmse-1.2590, valid_pr-0.7340
epoch-179, train_loss-0.1651, train_rmse-0.4063, valid_rmse-1.3574, valid_pr-0.7440
epoch-180, train_loss-0.1772, train_rmse-0.4209, valid_rmse-1.2467, valid_pr-0.7472
epoch-181, train_loss-0.1846, train_rmse-0.4296, valid_rmse-1.2597, valid_pr-0.7383
epoch-182, train_loss-0.1640, train_rmse-0.4049, valid_rmse-1.2457, valid_pr-0.7418
epoch-183, train_loss-0.1751, train_rmse-0.4184, valid_rmse-1.2483, valid_pr-0.7452
epoch-184, train_loss-0.1769, train_rmse-0.4206, valid_rmse-1.2417, valid_pr-0.7482
epoch-185, train_loss-0.1627, train_rmse-0.4033, valid_rmse-1.2571, valid_pr-0.7402
epoch-186, train_loss-0.1766, train_rmse-0.4202, valid_rmse-1.2514, valid_pr-0.7476
epoch-187, train_loss-0.1810, train_rmse-0.4255, valid_rmse-1.2679, valid_pr-0.7418
epoch-188, train_loss-0.1630, train_rmse-0.4038, valid_rmse-1.2348, valid_pr-0.7500
epoch-189, train_loss-0.1574, train_rmse-0.3967, valid_rmse-1.2260, valid_pr-0.7525
Validation : valid_rmse-1.2260, valid_pr-0.7525, 
test2013_rmse-1.3184, test2013_pr-0.8355, test2016_rmse-1.1464, test2016_pr-0.8551, test2019_rmse-1.3817, test2019_pr-0.6546
epoch-190, train_loss-0.1737, train_rmse-0.4168, valid_rmse-1.2630, valid_pr-0.7424
epoch-191, train_loss-0.1810, train_rmse-0.4255, valid_rmse-1.2566, valid_pr-0.7378
epoch-192, train_loss-0.1684, train_rmse-0.4104, valid_rmse-1.2418, valid_pr-0.7446
epoch-193, train_loss-0.1667, train_rmse-0.4083, valid_rmse-1.2454, valid_pr-0.7532
epoch-194, train_loss-0.1834, train_rmse-0.4282, valid_rmse-1.2477, valid_pr-0.7417
epoch-195, train_loss-0.1683, train_rmse-0.4102, valid_rmse-1.2352, valid_pr-0.7523
epoch-196, train_loss-0.1564, train_rmse-0.3955, valid_rmse-1.2522, valid_pr-0.7395
epoch-197, train_loss-0.1689, train_rmse-0.4110, valid_rmse-1.2275, valid_pr-0.7523
epoch-198, train_loss-0.1624, train_rmse-0.4029, valid_rmse-1.2374, valid_pr-0.7445
epoch-199, train_loss-0.1626, train_rmse-0.4032, valid_rmse-1.2301, valid_pr-0.7527
epoch-200, train_loss-0.1669, train_rmse-0.4085, valid_rmse-1.2462, valid_pr-0.7506
epoch-201, train_loss-0.1605, train_rmse-0.4007, valid_rmse-1.2291, valid_pr-0.7482
epoch-202, train_loss-0.1603, train_rmse-0.4003, valid_rmse-1.2383, valid_pr-0.7493
epoch-203, train_loss-0.1627, train_rmse-0.4033, valid_rmse-1.2442, valid_pr-0.7446
epoch-204, train_loss-0.1542, train_rmse-0.3927, valid_rmse-1.2195, valid_pr-0.7523
Validation : valid_rmse-1.2195, valid_pr-0.7523, 
test2013_rmse-1.3256, test2013_pr-0.8368, test2016_rmse-1.1489, test2016_pr-0.8565, test2019_rmse-1.3850, test2019_pr-0.6432
epoch-205, train_loss-0.1645, train_rmse-0.4056, valid_rmse-1.2481, valid_pr-0.7508
epoch-206, train_loss-0.1574, train_rmse-0.3968, valid_rmse-1.2386, valid_pr-0.7477
epoch-207, train_loss-0.1683, train_rmse-0.4102, valid_rmse-1.2417, valid_pr-0.7447
epoch-208, train_loss-0.1527, train_rmse-0.3908, valid_rmse-1.2195, valid_pr-0.7522
epoch-209, train_loss-0.1715, train_rmse-0.4141, valid_rmse-1.2445, valid_pr-0.7469
epoch-210, train_loss-0.1567, train_rmse-0.3959, valid_rmse-1.2197, valid_pr-0.7525
epoch-211, train_loss-0.1603, train_rmse-0.4004, valid_rmse-1.2312, valid_pr-0.7511
epoch-212, train_loss-0.1645, train_rmse-0.4055, valid_rmse-1.2458, valid_pr-0.7505
epoch-213, train_loss-0.1599, train_rmse-0.3999, valid_rmse-1.2321, valid_pr-0.7504
epoch-214, train_loss-0.1687, train_rmse-0.4108, valid_rmse-1.2687, valid_pr-0.7446
epoch-215, train_loss-0.1573, train_rmse-0.3966, valid_rmse-1.2377, valid_pr-0.7472
epoch-216, train_loss-0.1610, train_rmse-0.4012, valid_rmse-1.2408, valid_pr-0.7469
epoch-217, train_loss-0.1661, train_rmse-0.4076, valid_rmse-1.2242, valid_pr-0.7532
epoch-218, train_loss-0.1683, train_rmse-0.4103, valid_rmse-1.2306, valid_pr-0.7478
epoch-219, train_loss-0.1644, train_rmse-0.4054, valid_rmse-1.2525, valid_pr-0.7451
epoch-220, train_loss-0.1439, train_rmse-0.3793, valid_rmse-1.2250, valid_pr-0.7543
epoch-221, train_loss-0.1651, train_rmse-0.4064, valid_rmse-1.2201, valid_pr-0.7566
epoch-222, train_loss-0.1604, train_rmse-0.4005, valid_rmse-1.2373, valid_pr-0.7461
epoch-223, train_loss-0.1553, train_rmse-0.3941, valid_rmse-1.2292, valid_pr-0.7485
epoch-224, train_loss-0.1420, train_rmse-0.3768, valid_rmse-1.2281, valid_pr-0.7482
epoch-225, train_loss-0.1361, train_rmse-0.3690, valid_rmse-1.2371, valid_pr-0.7474
epoch-226, train_loss-0.1508, train_rmse-0.3883, valid_rmse-1.2255, valid_pr-0.7507
epoch-227, train_loss-0.1512, train_rmse-0.3888, valid_rmse-1.2273, valid_pr-0.7509
epoch-228, train_loss-0.1536, train_rmse-0.3919, valid_rmse-1.2477, valid_pr-0.7490
epoch-229, train_loss-0.1525, train_rmse-0.3906, valid_rmse-1.2412, valid_pr-0.7469
epoch-230, train_loss-0.1672, train_rmse-0.4089, valid_rmse-1.2452, valid_pr-0.7461
epoch-231, train_loss-0.1739, train_rmse-0.4170, valid_rmse-1.2309, valid_pr-0.7512
epoch-232, train_loss-0.1506, train_rmse-0.3881, valid_rmse-1.2269, valid_pr-0.7498
epoch-233, train_loss-0.1396, train_rmse-0.3736, valid_rmse-1.2206, valid_pr-0.7564
epoch-234, train_loss-0.1506, train_rmse-0.3881, valid_rmse-1.2355, valid_pr-0.7484
epoch-235, train_loss-0.1462, train_rmse-0.3824, valid_rmse-1.2335, valid_pr-0.7501
epoch-236, train_loss-0.1651, train_rmse-0.4064, valid_rmse-1.2354, valid_pr-0.7510
epoch-237, train_loss-0.1560, train_rmse-0.3949, valid_rmse-1.2341, valid_pr-0.7510
epoch-238, train_loss-0.1587, train_rmse-0.3983, valid_rmse-1.2249, valid_pr-0.7518
epoch-239, train_loss-0.1668, train_rmse-0.4084, valid_rmse-1.2194, valid_pr-0.7524
Validation : valid_rmse-1.2194, valid_pr-0.7524, 
test2013_rmse-1.3484, test2013_pr-0.8306, test2016_rmse-1.1683, test2016_pr-0.8503, test2019_rmse-1.3741, test2019_pr-0.6496
epoch-240, train_loss-0.1623, train_rmse-0.4029, valid_rmse-1.2490, valid_pr-0.7415
epoch-241, train_loss-0.1587, train_rmse-0.3984, valid_rmse-1.2329, valid_pr-0.7491
epoch-242, train_loss-0.1474, train_rmse-0.3839, valid_rmse-1.2417, valid_pr-0.7523
epoch-243, train_loss-0.1582, train_rmse-0.3978, valid_rmse-1.2369, valid_pr-0.7490
epoch-244, train_loss-0.1503, train_rmse-0.3876, valid_rmse-1.2240, valid_pr-0.7536
epoch-245, train_loss-0.1487, train_rmse-0.3856, valid_rmse-1.2518, valid_pr-0.7513
epoch-246, train_loss-0.1457, train_rmse-0.3817, valid_rmse-1.2379, valid_pr-0.7445
epoch-247, train_loss-0.1580, train_rmse-0.3975, valid_rmse-1.2508, valid_pr-0.7412
epoch-248, train_loss-0.1559, train_rmse-0.3949, valid_rmse-1.2320, valid_pr-0.7510
epoch-249, train_loss-0.1572, train_rmse-0.3965, valid_rmse-1.2364, valid_pr-0.7507
epoch-250, train_loss-0.1414, train_rmse-0.3761, valid_rmse-1.2367, valid_pr-0.7445
epoch-251, train_loss-0.1432, train_rmse-0.3785, valid_rmse-1.2184, valid_pr-0.7517
Validation : valid_rmse-1.2184, valid_pr-0.7517, 
test2013_rmse-1.3485, test2013_pr-0.8337, test2016_rmse-1.1529, test2016_pr-0.8589, test2019_rmse-1.3628, test2019_pr-0.6529
epoch-252, train_loss-0.1444, train_rmse-0.3800, valid_rmse-1.2217, valid_pr-0.7518
epoch-253, train_loss-0.1475, train_rmse-0.3840, valid_rmse-1.2477, valid_pr-0.7448
epoch-254, train_loss-0.1543, train_rmse-0.3928, valid_rmse-1.2451, valid_pr-0.7498
epoch-255, train_loss-0.1350, train_rmse-0.3674, valid_rmse-1.2242, valid_pr-0.7534
epoch-256, train_loss-0.1443, train_rmse-0.3799, valid_rmse-1.2325, valid_pr-0.7502
epoch-257, train_loss-0.1507, train_rmse-0.3882, valid_rmse-1.2554, valid_pr-0.7402
epoch-258, train_loss-0.1574, train_rmse-0.3968, valid_rmse-1.2447, valid_pr-0.7479
epoch-259, train_loss-0.1431, train_rmse-0.3783, valid_rmse-1.2280, valid_pr-0.7529
epoch-260, train_loss-0.1396, train_rmse-0.3736, valid_rmse-1.2330, valid_pr-0.7527
epoch-261, train_loss-0.1328, train_rmse-0.3644, valid_rmse-1.2474, valid_pr-0.7537
epoch-262, train_loss-0.1383, train_rmse-0.3718, valid_rmse-1.2235, valid_pr-0.7520
epoch-263, train_loss-0.1432, train_rmse-0.3784, valid_rmse-1.2372, valid_pr-0.7456
epoch-264, train_loss-0.1379, train_rmse-0.3714, valid_rmse-1.2433, valid_pr-0.7527
epoch-265, train_loss-0.1324, train_rmse-0.3638, valid_rmse-1.2342, valid_pr-0.7474
epoch-266, train_loss-0.1479, train_rmse-0.3846, valid_rmse-1.2140, valid_pr-0.7549
Validation : valid_rmse-1.2140, valid_pr-0.7549, 
test2013_rmse-1.2878, test2013_pr-0.8508, test2016_rmse-1.1242, test2016_pr-0.8648, test2019_rmse-1.3696, test2019_pr-0.6537
epoch-267, train_loss-0.1418, train_rmse-0.3765, valid_rmse-1.2359, valid_pr-0.7487
epoch-268, train_loss-0.1495, train_rmse-0.3867, valid_rmse-1.2282, valid_pr-0.7535
epoch-269, train_loss-0.1402, train_rmse-0.3744, valid_rmse-1.2255, valid_pr-0.7522
epoch-270, train_loss-0.1440, train_rmse-0.3794, valid_rmse-1.2188, valid_pr-0.7580
epoch-271, train_loss-0.1433, train_rmse-0.3785, valid_rmse-1.2199, valid_pr-0.7549
epoch-272, train_loss-0.1494, train_rmse-0.3865, valid_rmse-1.2297, valid_pr-0.7483
epoch-273, train_loss-0.1418, train_rmse-0.3766, valid_rmse-1.2366, valid_pr-0.7480
epoch-274, train_loss-0.1412, train_rmse-0.3758, valid_rmse-1.2316, valid_pr-0.7509
epoch-275, train_loss-0.1357, train_rmse-0.3684, valid_rmse-1.2593, valid_pr-0.7502
epoch-276, train_loss-0.1270, train_rmse-0.3564, valid_rmse-1.2137, valid_pr-0.7541
Validation : valid_rmse-1.2137, valid_pr-0.7541, 
test2013_rmse-1.3406, test2013_pr-0.8352, test2016_rmse-1.1733, test2016_pr-0.8512, test2019_rmse-1.3617, test2019_pr-0.6535
epoch-277, train_loss-0.1291, train_rmse-0.3593, valid_rmse-1.2325, valid_pr-0.7516
epoch-278, train_loss-0.1317, train_rmse-0.3630, valid_rmse-1.2281, valid_pr-0.7525
epoch-279, train_loss-0.1322, train_rmse-0.3636, valid_rmse-1.2109, valid_pr-0.7567
Validation : valid_rmse-1.2109, valid_pr-0.7567, 
test2013_rmse-1.2955, test2013_pr-0.8462, test2016_rmse-1.1325, test2016_pr-0.8605, test2019_rmse-1.3644, test2019_pr-0.6580
epoch-280, train_loss-0.1455, train_rmse-0.3814, valid_rmse-1.2319, valid_pr-0.7554
epoch-281, train_loss-0.1367, train_rmse-0.3697, valid_rmse-1.2440, valid_pr-0.7512
epoch-282, train_loss-0.1556, train_rmse-0.3945, valid_rmse-1.2318, valid_pr-0.7498
epoch-283, train_loss-0.1448, train_rmse-0.3806, valid_rmse-1.2216, valid_pr-0.7562
epoch-284, train_loss-0.1357, train_rmse-0.3684, valid_rmse-1.2246, valid_pr-0.7562
epoch-285, train_loss-0.1293, train_rmse-0.3595, valid_rmse-1.2190, valid_pr-0.7521
epoch-286, train_loss-0.1427, train_rmse-0.3777, valid_rmse-1.2356, valid_pr-0.7499
epoch-287, train_loss-0.1440, train_rmse-0.3794, valid_rmse-1.2314, valid_pr-0.7507
epoch-288, train_loss-0.1529, train_rmse-0.3911, valid_rmse-1.2240, valid_pr-0.7528
epoch-289, train_loss-0.1247, train_rmse-0.3532, valid_rmse-1.2338, valid_pr-0.7491
epoch-290, train_loss-0.1395, train_rmse-0.3735, valid_rmse-1.2239, valid_pr-0.7519
epoch-291, train_loss-0.1492, train_rmse-0.3863, valid_rmse-1.2564, valid_pr-0.7466
epoch-292, train_loss-0.1438, train_rmse-0.3792, valid_rmse-1.2285, valid_pr-0.7513
epoch-293, train_loss-0.1368, train_rmse-0.3699, valid_rmse-1.2258, valid_pr-0.7492
epoch-294, train_loss-0.1366, train_rmse-0.3696, valid_rmse-1.2266, valid_pr-0.7520
epoch-295, train_loss-0.1350, train_rmse-0.3674, valid_rmse-1.2377, valid_pr-0.7495
epoch-296, train_loss-0.1424, train_rmse-0.3774, valid_rmse-1.2329, valid_pr-0.7517
epoch-297, train_loss-0.1395, train_rmse-0.3735, valid_rmse-1.2148, valid_pr-0.7531
epoch-298, train_loss-0.1398, train_rmse-0.3739, valid_rmse-1.2226, valid_pr-0.7527
epoch-299, train_loss-0.1424, train_rmse-0.3773, valid_rmse-1.2223, valid_pr-0.7531
epoch-300, train_loss-0.1304, train_rmse-0.3611, valid_rmse-1.2260, valid_pr-0.7552
epoch-301, train_loss-0.1342, train_rmse-0.3664, valid_rmse-1.2248, valid_pr-0.7509
epoch-302, train_loss-0.1294, train_rmse-0.3597, valid_rmse-1.2245, valid_pr-0.7528
epoch-303, train_loss-0.1294, train_rmse-0.3597, valid_rmse-1.2481, valid_pr-0.7499
epoch-304, train_loss-0.1437, train_rmse-0.3791, valid_rmse-1.2290, valid_pr-0.7528
epoch-305, train_loss-0.1434, train_rmse-0.3787, valid_rmse-1.2366, valid_pr-0.7489
epoch-306, train_loss-0.1465, train_rmse-0.3828, valid_rmse-1.2217, valid_pr-0.7510
epoch-307, train_loss-0.1331, train_rmse-0.3648, valid_rmse-1.2241, valid_pr-0.7503
epoch-308, train_loss-0.1285, train_rmse-0.3584, valid_rmse-1.2229, valid_pr-0.7548
epoch-309, train_loss-0.1373, train_rmse-0.3705, valid_rmse-1.2171, valid_pr-0.7531
epoch-310, train_loss-0.1309, train_rmse-0.3618, valid_rmse-1.2254, valid_pr-0.7492
epoch-311, train_loss-0.1365, train_rmse-0.3694, valid_rmse-1.2399, valid_pr-0.7476
epoch-312, train_loss-0.1270, train_rmse-0.3564, valid_rmse-1.2243, valid_pr-0.7498
epoch-313, train_loss-0.1262, train_rmse-0.3552, valid_rmse-1.2225, valid_pr-0.7518
epoch-314, train_loss-0.1274, train_rmse-0.3570, valid_rmse-1.2323, valid_pr-0.7451
epoch-315, train_loss-0.1267, train_rmse-0.3559, valid_rmse-1.2156, valid_pr-0.7545
epoch-316, train_loss-0.1253, train_rmse-0.3540, valid_rmse-1.2168, valid_pr-0.7536
epoch-317, train_loss-0.1309, train_rmse-0.3618, valid_rmse-1.2492, valid_pr-0.7501
epoch-318, train_loss-0.1293, train_rmse-0.3595, valid_rmse-1.2187, valid_pr-0.7532
epoch-319, train_loss-0.1402, train_rmse-0.3744, valid_rmse-1.2197, valid_pr-0.7517
epoch-320, train_loss-0.1337, train_rmse-0.3657, valid_rmse-1.2085, valid_pr-0.7571
Validation : valid_rmse-1.2085, valid_pr-0.7571, 
test2013_rmse-1.3058, test2013_pr-0.8430, test2016_rmse-1.1544, test2016_pr-0.8570, test2019_rmse-1.3573, test2019_pr-0.6572
epoch-321, train_loss-0.1210, train_rmse-0.3478, valid_rmse-1.2257, valid_pr-0.7532
epoch-322, train_loss-0.1161, train_rmse-0.3408, valid_rmse-1.2139, valid_pr-0.7548
epoch-323, train_loss-0.1352, train_rmse-0.3677, valid_rmse-1.2311, valid_pr-0.7562
epoch-324, train_loss-0.1219, train_rmse-0.3491, valid_rmse-1.2292, valid_pr-0.7478
epoch-325, train_loss-0.1427, train_rmse-0.3777, valid_rmse-1.2221, valid_pr-0.7512
epoch-326, train_loss-0.1316, train_rmse-0.3628, valid_rmse-1.2208, valid_pr-0.7538
epoch-327, train_loss-0.1336, train_rmse-0.3655, valid_rmse-1.2177, valid_pr-0.7547
epoch-328, train_loss-0.1323, train_rmse-0.3637, valid_rmse-1.2405, valid_pr-0.7486
epoch-329, train_loss-0.1329, train_rmse-0.3645, valid_rmse-1.2275, valid_pr-0.7512
epoch-330, train_loss-0.1220, train_rmse-0.3492, valid_rmse-1.2209, valid_pr-0.7503
epoch-331, train_loss-0.1139, train_rmse-0.3374, valid_rmse-1.2198, valid_pr-0.7525
epoch-332, train_loss-0.1204, train_rmse-0.3470, valid_rmse-1.2275, valid_pr-0.7539
epoch-333, train_loss-0.1166, train_rmse-0.3414, valid_rmse-1.2164, valid_pr-0.7558
epoch-334, train_loss-0.1364, train_rmse-0.3694, valid_rmse-1.2080, valid_pr-0.7594
Validation : valid_rmse-1.2080, valid_pr-0.7594, 
test2013_rmse-1.3390, test2013_pr-0.8388, test2016_rmse-1.1611, test2016_pr-0.8587, test2019_rmse-1.3576, test2019_pr-0.6572
epoch-335, train_loss-0.1263, train_rmse-0.3554, valid_rmse-1.2183, valid_pr-0.7533
epoch-336, train_loss-0.1353, train_rmse-0.3678, valid_rmse-1.2204, valid_pr-0.7516
epoch-337, train_loss-0.1230, train_rmse-0.3507, valid_rmse-1.2147, valid_pr-0.7559
epoch-338, train_loss-0.1260, train_rmse-0.3550, valid_rmse-1.2230, valid_pr-0.7578
epoch-339, train_loss-0.1298, train_rmse-0.3603, valid_rmse-1.2217, valid_pr-0.7534
epoch-340, train_loss-0.1198, train_rmse-0.3462, valid_rmse-1.2408, valid_pr-0.7524
epoch-341, train_loss-0.1371, train_rmse-0.3703, valid_rmse-1.2320, valid_pr-0.7533
epoch-342, train_loss-0.1233, train_rmse-0.3512, valid_rmse-1.2330, valid_pr-0.7492
epoch-343, train_loss-0.1248, train_rmse-0.3533, valid_rmse-1.2168, valid_pr-0.7563
epoch-344, train_loss-0.1398, train_rmse-0.3739, valid_rmse-1.2339, valid_pr-0.7447
epoch-345, train_loss-0.1268, train_rmse-0.3561, valid_rmse-1.2210, valid_pr-0.7530
epoch-346, train_loss-0.1423, train_rmse-0.3772, valid_rmse-1.2089, valid_pr-0.7570
epoch-347, train_loss-0.1183, train_rmse-0.3440, valid_rmse-1.2224, valid_pr-0.7544
epoch-348, train_loss-0.1414, train_rmse-0.3760, valid_rmse-1.2310, valid_pr-0.7554
epoch-349, train_loss-0.1291, train_rmse-0.3594, valid_rmse-1.2250, valid_pr-0.7530
epoch-350, train_loss-0.1266, train_rmse-0.3558, valid_rmse-1.2180, valid_pr-0.7574
epoch-351, train_loss-0.1174, train_rmse-0.3426, valid_rmse-1.2276, valid_pr-0.7553
epoch-352, train_loss-0.1264, train_rmse-0.3555, valid_rmse-1.2157, valid_pr-0.7570
epoch-353, train_loss-0.1222, train_rmse-0.3496, valid_rmse-1.2076, valid_pr-0.7582
Validation : valid_rmse-1.2076, valid_pr-0.7582, 
test2013_rmse-1.3280, test2013_pr-0.8392, test2016_rmse-1.1640, test2016_pr-0.8550, test2019_rmse-1.3619, test2019_pr-0.6547
epoch-354, train_loss-0.1140, train_rmse-0.3376, valid_rmse-1.2204, valid_pr-0.7551
epoch-355, train_loss-0.1210, train_rmse-0.3479, valid_rmse-1.2231, valid_pr-0.7512
epoch-356, train_loss-0.1141, train_rmse-0.3378, valid_rmse-1.2078, valid_pr-0.7567
epoch-357, train_loss-0.1137, train_rmse-0.3372, valid_rmse-1.2317, valid_pr-0.7544
epoch-358, train_loss-0.1337, train_rmse-0.3657, valid_rmse-1.2522, valid_pr-0.7548
epoch-359, train_loss-0.1135, train_rmse-0.3370, valid_rmse-1.2329, valid_pr-0.7586
epoch-360, train_loss-0.1243, train_rmse-0.3526, valid_rmse-1.2264, valid_pr-0.7557
epoch-361, train_loss-0.1320, train_rmse-0.3634, valid_rmse-1.2104, valid_pr-0.7559
epoch-362, train_loss-0.1213, train_rmse-0.3483, valid_rmse-1.2091, valid_pr-0.7557
epoch-363, train_loss-0.1288, train_rmse-0.3589, valid_rmse-1.2215, valid_pr-0.7544
epoch-364, train_loss-0.1256, train_rmse-0.3544, valid_rmse-1.2096, valid_pr-0.7608
epoch-365, train_loss-0.1189, train_rmse-0.3448, valid_rmse-1.2094, valid_pr-0.7566
epoch-366, train_loss-0.1202, train_rmse-0.3467, valid_rmse-1.2151, valid_pr-0.7555
epoch-367, train_loss-0.1175, train_rmse-0.3427, valid_rmse-1.2128, valid_pr-0.7560
epoch-368, train_loss-0.1168, train_rmse-0.3417, valid_rmse-1.2165, valid_pr-0.7552
epoch-369, train_loss-0.1246, train_rmse-0.3530, valid_rmse-1.2454, valid_pr-0.7547
epoch-370, train_loss-0.1211, train_rmse-0.3480, valid_rmse-1.2018, valid_pr-0.7607
Validation : valid_rmse-1.2018, valid_pr-0.7607, 
test2013_rmse-1.3419, test2013_pr-0.8311, test2016_rmse-1.1544, test2016_pr-0.8540, test2019_rmse-1.3685, test2019_pr-0.6543
epoch-371, train_loss-0.1213, train_rmse-0.3483, valid_rmse-1.2241, valid_pr-0.7534
epoch-372, train_loss-0.1198, train_rmse-0.3461, valid_rmse-1.2284, valid_pr-0.7481
epoch-373, train_loss-0.1208, train_rmse-0.3475, valid_rmse-1.2096, valid_pr-0.7589
epoch-374, train_loss-0.1272, train_rmse-0.3566, valid_rmse-1.2157, valid_pr-0.7588
epoch-375, train_loss-0.1226, train_rmse-0.3502, valid_rmse-1.2112, valid_pr-0.7593
epoch-376, train_loss-0.1105, train_rmse-0.3324, valid_rmse-1.2154, valid_pr-0.7559
epoch-377, train_loss-0.1196, train_rmse-0.3459, valid_rmse-1.2165, valid_pr-0.7539
epoch-378, train_loss-0.1257, train_rmse-0.3545, valid_rmse-1.2055, valid_pr-0.7599
epoch-379, train_loss-0.1167, train_rmse-0.3416, valid_rmse-1.2083, valid_pr-0.7580
epoch-380, train_loss-0.1175, train_rmse-0.3428, valid_rmse-1.2342, valid_pr-0.7562
epoch-381, train_loss-0.1213, train_rmse-0.3483, valid_rmse-1.2099, valid_pr-0.7570
epoch-382, train_loss-0.1086, train_rmse-0.3295, valid_rmse-1.2293, valid_pr-0.7586
epoch-383, train_loss-0.1259, train_rmse-0.3549, valid_rmse-1.2109, valid_pr-0.7561
epoch-384, train_loss-0.1205, train_rmse-0.3472, valid_rmse-1.2062, valid_pr-0.7589
epoch-385, train_loss-0.1169, train_rmse-0.3419, valid_rmse-1.2029, valid_pr-0.7588
epoch-386, train_loss-0.1217, train_rmse-0.3488, valid_rmse-1.2089, valid_pr-0.7604
epoch-387, train_loss-0.1292, train_rmse-0.3595, valid_rmse-1.2132, valid_pr-0.7562
epoch-388, train_loss-0.1232, train_rmse-0.3510, valid_rmse-1.2123, valid_pr-0.7623
epoch-389, train_loss-0.1283, train_rmse-0.3581, valid_rmse-1.2121, valid_pr-0.7568
epoch-390, train_loss-0.1144, train_rmse-0.3382, valid_rmse-1.2181, valid_pr-0.7583
epoch-391, train_loss-0.1225, train_rmse-0.3500, valid_rmse-1.2081, valid_pr-0.7593
epoch-392, train_loss-0.1213, train_rmse-0.3483, valid_rmse-1.2089, valid_pr-0.7594
epoch-393, train_loss-0.1179, train_rmse-0.3434, valid_rmse-1.2068, valid_pr-0.7575
epoch-394, train_loss-0.1119, train_rmse-0.3346, valid_rmse-1.2248, valid_pr-0.7592
epoch-395, train_loss-0.1170, train_rmse-0.3420, valid_rmse-1.2274, valid_pr-0.7583
epoch-396, train_loss-0.1111, train_rmse-0.3334, valid_rmse-1.1984, valid_pr-0.7615
Validation : valid_rmse-1.1984, valid_pr-0.7615, 
test2013_rmse-1.3303, test2013_pr-0.8482, test2016_rmse-1.1543, test2016_pr-0.8661, test2019_rmse-1.3545, test2019_pr-0.6539
epoch-397, train_loss-0.1232, train_rmse-0.3509, valid_rmse-1.1947, valid_pr-0.7652
Validation : valid_rmse-1.1947, valid_pr-0.7652, 
test2013_rmse-1.2845, test2013_pr-0.8518, test2016_rmse-1.1188, test2016_pr-0.8676, test2019_rmse-1.3576, test2019_pr-0.6599
epoch-398, train_loss-0.1164, train_rmse-0.3412, valid_rmse-1.2148, valid_pr-0.7579
epoch-399, train_loss-0.1142, train_rmse-0.3379, valid_rmse-1.2039, valid_pr-0.7592
epoch-400, train_loss-0.1176, train_rmse-0.3429, valid_rmse-1.1969, valid_pr-0.7618
epoch-401, train_loss-0.1071, train_rmse-0.3272, valid_rmse-1.2110, valid_pr-0.7619
epoch-402, train_loss-0.1173, train_rmse-0.3425, valid_rmse-1.2213, valid_pr-0.7602
epoch-403, train_loss-0.1169, train_rmse-0.3420, valid_rmse-1.1934, valid_pr-0.7651
Validation : valid_rmse-1.1934, valid_pr-0.7651, 
test2013_rmse-1.3034, test2013_pr-0.8437, test2016_rmse-1.1436, test2016_pr-0.8603, test2019_rmse-1.3565, test2019_pr-0.6601
epoch-404, train_loss-0.1117, train_rmse-0.3342, valid_rmse-1.1993, valid_pr-0.7621
epoch-405, train_loss-0.1124, train_rmse-0.3353, valid_rmse-1.2050, valid_pr-0.7605
epoch-406, train_loss-0.1080, train_rmse-0.3286, valid_rmse-1.1950, valid_pr-0.7646
epoch-407, train_loss-0.1089, train_rmse-0.3300, valid_rmse-1.2001, valid_pr-0.7628
epoch-408, train_loss-0.1094, train_rmse-0.3308, valid_rmse-1.1971, valid_pr-0.7616
epoch-409, train_loss-0.1050, train_rmse-0.3240, valid_rmse-1.2099, valid_pr-0.7641
epoch-410, train_loss-0.1128, train_rmse-0.3359, valid_rmse-1.2043, valid_pr-0.7588
epoch-411, train_loss-0.1240, train_rmse-0.3521, valid_rmse-1.2069, valid_pr-0.7599
epoch-412, train_loss-0.1181, train_rmse-0.3436, valid_rmse-1.2036, valid_pr-0.7595
epoch-413, train_loss-0.1287, train_rmse-0.3588, valid_rmse-1.2259, valid_pr-0.7536
epoch-414, train_loss-0.1207, train_rmse-0.3474, valid_rmse-1.2215, valid_pr-0.7562
epoch-415, train_loss-0.1189, train_rmse-0.3448, valid_rmse-1.2159, valid_pr-0.7555
epoch-416, train_loss-0.1253, train_rmse-0.3539, valid_rmse-1.2034, valid_pr-0.7596
epoch-417, train_loss-0.1151, train_rmse-0.3393, valid_rmse-1.2223, valid_pr-0.7577
epoch-418, train_loss-0.1172, train_rmse-0.3424, valid_rmse-1.2367, valid_pr-0.7611
epoch-419, train_loss-0.1190, train_rmse-0.3450, valid_rmse-1.2049, valid_pr-0.7619
epoch-420, train_loss-0.1120, train_rmse-0.3346, valid_rmse-1.2171, valid_pr-0.7633
epoch-421, train_loss-0.1136, train_rmse-0.3371, valid_rmse-1.2090, valid_pr-0.7583
epoch-422, train_loss-0.1110, train_rmse-0.3332, valid_rmse-1.2023, valid_pr-0.7610
epoch-423, train_loss-0.1205, train_rmse-0.3471, valid_rmse-1.2031, valid_pr-0.7593
epoch-424, train_loss-0.1159, train_rmse-0.3405, valid_rmse-1.2027, valid_pr-0.7601
epoch-425, train_loss-0.1098, train_rmse-0.3313, valid_rmse-1.1939, valid_pr-0.7641
epoch-426, train_loss-0.1119, train_rmse-0.3344, valid_rmse-1.2247, valid_pr-0.7592
epoch-427, train_loss-0.1075, train_rmse-0.3279, valid_rmse-1.2061, valid_pr-0.7575
epoch-428, train_loss-0.1300, train_rmse-0.3606, valid_rmse-1.2160, valid_pr-0.7598
epoch-429, train_loss-0.1180, train_rmse-0.3435, valid_rmse-1.1929, valid_pr-0.7633
Validation : valid_rmse-1.1929, valid_pr-0.7633, 
test2013_rmse-1.2918, test2013_pr-0.8517, test2016_rmse-1.1372, test2016_pr-0.8654, test2019_rmse-1.3533, test2019_pr-0.6573
epoch-430, train_loss-0.1048, train_rmse-0.3238, valid_rmse-1.1982, valid_pr-0.7637
epoch-431, train_loss-0.1140, train_rmse-0.3376, valid_rmse-1.1954, valid_pr-0.7625
epoch-432, train_loss-0.1061, train_rmse-0.3257, valid_rmse-1.1946, valid_pr-0.7634
epoch-433, train_loss-0.1096, train_rmse-0.3311, valid_rmse-1.2043, valid_pr-0.7635
epoch-434, train_loss-0.1222, train_rmse-0.3496, valid_rmse-1.2218, valid_pr-0.7640
epoch-435, train_loss-0.1141, train_rmse-0.3378, valid_rmse-1.2014, valid_pr-0.7634
epoch-436, train_loss-0.1170, train_rmse-0.3420, valid_rmse-1.2053, valid_pr-0.7594
epoch-437, train_loss-0.1137, train_rmse-0.3372, valid_rmse-1.2039, valid_pr-0.7595
epoch-438, train_loss-0.1186, train_rmse-0.3444, valid_rmse-1.2010, valid_pr-0.7631
epoch-439, train_loss-0.1171, train_rmse-0.3422, valid_rmse-1.2124, valid_pr-0.7606
epoch-440, train_loss-0.1132, train_rmse-0.3365, valid_rmse-1.2038, valid_pr-0.7616
epoch-441, train_loss-0.1159, train_rmse-0.3404, valid_rmse-1.2031, valid_pr-0.7608
epoch-442, train_loss-0.1135, train_rmse-0.3369, valid_rmse-1.1926, valid_pr-0.7638
Validation : valid_rmse-1.1926, valid_pr-0.7638, 
test2013_rmse-1.2864, test2013_pr-0.8511, test2016_rmse-1.1236, test2016_pr-0.8663, test2019_rmse-1.3472, test2019_pr-0.6614
epoch-443, train_loss-0.1177, train_rmse-0.3431, valid_rmse-1.1980, valid_pr-0.7617
epoch-444, train_loss-0.1144, train_rmse-0.3383, valid_rmse-1.2193, valid_pr-0.7554
epoch-445, train_loss-0.1094, train_rmse-0.3308, valid_rmse-1.2039, valid_pr-0.7589
epoch-446, train_loss-0.0994, train_rmse-0.3153, valid_rmse-1.2164, valid_pr-0.7582
epoch-447, train_loss-0.1056, train_rmse-0.3250, valid_rmse-1.2167, valid_pr-0.7571
epoch-448, train_loss-0.1158, train_rmse-0.3404, valid_rmse-1.2181, valid_pr-0.7609
epoch-449, train_loss-0.1164, train_rmse-0.3412, valid_rmse-1.2113, valid_pr-0.7621
epoch-450, train_loss-0.1061, train_rmse-0.3258, valid_rmse-1.1987, valid_pr-0.7629
epoch-451, train_loss-0.0967, train_rmse-0.3110, valid_rmse-1.1937, valid_pr-0.7633
epoch-452, train_loss-0.1105, train_rmse-0.3324, valid_rmse-1.2040, valid_pr-0.7622
epoch-453, train_loss-0.1135, train_rmse-0.3369, valid_rmse-1.2044, valid_pr-0.7621
epoch-454, train_loss-0.1260, train_rmse-0.3549, valid_rmse-1.2098, valid_pr-0.7612
epoch-455, train_loss-0.1218, train_rmse-0.3490, valid_rmse-1.2152, valid_pr-0.7597
epoch-456, train_loss-0.1025, train_rmse-0.3201, valid_rmse-1.2000, valid_pr-0.7625
epoch-457, train_loss-0.1138, train_rmse-0.3373, valid_rmse-1.2039, valid_pr-0.7584
epoch-458, train_loss-0.1234, train_rmse-0.3513, valid_rmse-1.2191, valid_pr-0.7569
epoch-459, train_loss-0.1253, train_rmse-0.3539, valid_rmse-1.2046, valid_pr-0.7613
epoch-460, train_loss-0.0986, train_rmse-0.3140, valid_rmse-1.2029, valid_pr-0.7601
epoch-461, train_loss-0.1138, train_rmse-0.3373, valid_rmse-1.2117, valid_pr-0.7589
epoch-462, train_loss-0.1041, train_rmse-0.3226, valid_rmse-1.2180, valid_pr-0.7590
epoch-463, train_loss-0.1178, train_rmse-0.3432, valid_rmse-1.2098, valid_pr-0.7594
epoch-464, train_loss-0.1049, train_rmse-0.3239, valid_rmse-1.2056, valid_pr-0.7627
epoch-465, train_loss-0.1117, train_rmse-0.3342, valid_rmse-1.2101, valid_pr-0.7627
epoch-466, train_loss-0.1087, train_rmse-0.3297, valid_rmse-1.1958, valid_pr-0.7623
epoch-467, train_loss-0.1045, train_rmse-0.3233, valid_rmse-1.2076, valid_pr-0.7623
epoch-468, train_loss-0.1149, train_rmse-0.3389, valid_rmse-1.1985, valid_pr-0.7618
epoch-469, train_loss-0.1071, train_rmse-0.3273, valid_rmse-1.2172, valid_pr-0.7562
epoch-470, train_loss-0.1004, train_rmse-0.3168, valid_rmse-1.2151, valid_pr-0.7567
epoch-471, train_loss-0.1163, train_rmse-0.3411, valid_rmse-1.2101, valid_pr-0.7588
epoch-472, train_loss-0.1064, train_rmse-0.3262, valid_rmse-1.2121, valid_pr-0.7586
epoch-473, train_loss-0.1196, train_rmse-0.3458, valid_rmse-1.1959, valid_pr-0.7647
epoch-474, train_loss-0.1026, train_rmse-0.3204, valid_rmse-1.2155, valid_pr-0.7583
epoch-475, train_loss-0.1061, train_rmse-0.3257, valid_rmse-1.2142, valid_pr-0.7537
epoch-476, train_loss-0.1051, train_rmse-0.3242, valid_rmse-1.2252, valid_pr-0.7611
epoch-477, train_loss-0.1045, train_rmse-0.3233, valid_rmse-1.1966, valid_pr-0.7620
epoch-478, train_loss-0.0991, train_rmse-0.3148, valid_rmse-1.2019, valid_pr-0.7599
epoch-479, train_loss-0.1160, train_rmse-0.3406, valid_rmse-1.2206, valid_pr-0.7605
epoch-480, train_loss-0.1159, train_rmse-0.3404, valid_rmse-1.2205, valid_pr-0.7589
epoch-481, train_loss-0.1121, train_rmse-0.3348, valid_rmse-1.2096, valid_pr-0.7642
epoch-482, train_loss-0.1067, train_rmse-0.3267, valid_rmse-1.1986, valid_pr-0.7616
epoch-483, train_loss-0.1155, train_rmse-0.3399, valid_rmse-1.2079, valid_pr-0.7587
epoch-484, train_loss-0.1163, train_rmse-0.3410, valid_rmse-1.2113, valid_pr-0.7601
epoch-485, train_loss-0.1026, train_rmse-0.3204, valid_rmse-1.1991, valid_pr-0.7625
epoch-486, train_loss-0.0957, train_rmse-0.3094, valid_rmse-1.2045, valid_pr-0.7613
epoch-487, train_loss-0.1060, train_rmse-0.3257, valid_rmse-1.1996, valid_pr-0.7615
epoch-488, train_loss-0.1111, train_rmse-0.3332, valid_rmse-1.2064, valid_pr-0.7611
epoch-489, train_loss-0.1165, train_rmse-0.3413, valid_rmse-1.1921, valid_pr-0.7637
Validation : valid_rmse-1.1921, valid_pr-0.7637, 
test2013_rmse-1.3133, test2013_pr-0.8482, test2016_rmse-1.1535, test2016_pr-0.8616, test2019_rmse-1.3468, test2019_pr-0.6593
epoch-490, train_loss-0.1021, train_rmse-0.3196, valid_rmse-1.1945, valid_pr-0.7642
epoch-491, train_loss-0.1028, train_rmse-0.3207, valid_rmse-1.1961, valid_pr-0.7639
epoch-492, train_loss-0.1121, train_rmse-0.3348, valid_rmse-1.2041, valid_pr-0.7606
epoch-493, train_loss-0.1093, train_rmse-0.3306, valid_rmse-1.2041, valid_pr-0.7624
epoch-494, train_loss-0.1123, train_rmse-0.3350, valid_rmse-1.2003, valid_pr-0.7605
epoch-495, train_loss-0.1067, train_rmse-0.3266, valid_rmse-1.2126, valid_pr-0.7634
epoch-496, train_loss-0.0976, train_rmse-0.3124, valid_rmse-1.1975, valid_pr-0.7617
epoch-497, train_loss-0.1002, train_rmse-0.3165, valid_rmse-1.2075, valid_pr-0.7576
epoch-498, train_loss-0.1022, train_rmse-0.3197, valid_rmse-1.1989, valid_pr-0.7640
epoch-499, train_loss-0.1026, train_rmse-0.3203, valid_rmse-1.2039, valid_pr-0.7584
epoch-500, train_loss-0.1036, train_rmse-0.3219, valid_rmse-1.2126, valid_pr-0.7568
epoch-501, train_loss-0.1054, train_rmse-0.3247, valid_rmse-1.1977, valid_pr-0.7617
epoch-502, train_loss-0.1019, train_rmse-0.3192, valid_rmse-1.1978, valid_pr-0.7612
epoch-503, train_loss-0.0997, train_rmse-0.3158, valid_rmse-1.2141, valid_pr-0.7588
epoch-504, train_loss-0.1163, train_rmse-0.3410, valid_rmse-1.2276, valid_pr-0.7622
epoch-505, train_loss-0.1085, train_rmse-0.3293, valid_rmse-1.2096, valid_pr-0.7607
epoch-506, train_loss-0.1119, train_rmse-0.3345, valid_rmse-1.2097, valid_pr-0.7571
epoch-507, train_loss-0.1163, train_rmse-0.3411, valid_rmse-1.2061, valid_pr-0.7634
epoch-508, train_loss-0.1098, train_rmse-0.3314, valid_rmse-1.1977, valid_pr-0.7633
epoch-509, train_loss-0.1140, train_rmse-0.3377, valid_rmse-1.1971, valid_pr-0.7628
epoch-510, train_loss-0.1030, train_rmse-0.3209, valid_rmse-1.1938, valid_pr-0.7652
epoch-511, train_loss-0.0940, train_rmse-0.3066, valid_rmse-1.2123, valid_pr-0.7623
epoch-512, train_loss-0.1016, train_rmse-0.3187, valid_rmse-1.2166, valid_pr-0.7558
epoch-513, train_loss-0.0952, train_rmse-0.3085, valid_rmse-1.2009, valid_pr-0.7622
epoch-514, train_loss-0.1136, train_rmse-0.3370, valid_rmse-1.1997, valid_pr-0.7630
epoch-515, train_loss-0.0981, train_rmse-0.3132, valid_rmse-1.2124, valid_pr-0.7595
epoch-516, train_loss-0.1001, train_rmse-0.3164, valid_rmse-1.2133, valid_pr-0.7567
epoch-517, train_loss-0.1008, train_rmse-0.3175, valid_rmse-1.2059, valid_pr-0.7604
epoch-518, train_loss-0.0995, train_rmse-0.3154, valid_rmse-1.2068, valid_pr-0.7601
epoch-519, train_loss-0.1184, train_rmse-0.3441, valid_rmse-1.1991, valid_pr-0.7607
epoch-520, train_loss-0.1162, train_rmse-0.3409, valid_rmse-1.2077, valid_pr-0.7606
epoch-521, train_loss-0.1046, train_rmse-0.3234, valid_rmse-1.2078, valid_pr-0.7646
epoch-522, train_loss-0.1064, train_rmse-0.3262, valid_rmse-1.2198, valid_pr-0.7577
epoch-523, train_loss-0.1175, train_rmse-0.3428, valid_rmse-1.1927, valid_pr-0.7646
epoch-524, train_loss-0.1147, train_rmse-0.3386, valid_rmse-1.1993, valid_pr-0.7611
epoch-525, train_loss-0.1114, train_rmse-0.3338, valid_rmse-1.2182, valid_pr-0.7541
epoch-526, train_loss-0.0959, train_rmse-0.3097, valid_rmse-1.2138, valid_pr-0.7602
epoch-527, train_loss-0.1169, train_rmse-0.3419, valid_rmse-1.2073, valid_pr-0.7612
epoch-528, train_loss-0.1001, train_rmse-0.3164, valid_rmse-1.2029, valid_pr-0.7610
epoch-529, train_loss-0.0939, train_rmse-0.3065, valid_rmse-1.2124, valid_pr-0.7562
epoch-530, train_loss-0.1005, train_rmse-0.3170, valid_rmse-1.2084, valid_pr-0.7588
epoch-531, train_loss-0.1127, train_rmse-0.3358, valid_rmse-1.2078, valid_pr-0.7569
epoch-532, train_loss-0.1000, train_rmse-0.3162, valid_rmse-1.2081, valid_pr-0.7575
epoch-533, train_loss-0.1077, train_rmse-0.3282, valid_rmse-1.2147, valid_pr-0.7540
epoch-534, train_loss-0.1167, train_rmse-0.3416, valid_rmse-1.2161, valid_pr-0.7589
epoch-535, train_loss-0.1081, train_rmse-0.3288, valid_rmse-1.2006, valid_pr-0.7607
epoch-536, train_loss-0.1158, train_rmse-0.3403, valid_rmse-1.1972, valid_pr-0.7620
epoch-537, train_loss-0.1113, train_rmse-0.3336, valid_rmse-1.2193, valid_pr-0.7523
epoch-538, train_loss-0.1044, train_rmse-0.3231, valid_rmse-1.2008, valid_pr-0.7620
epoch-539, train_loss-0.1108, train_rmse-0.3329, valid_rmse-1.1992, valid_pr-0.7645
epoch-540, train_loss-0.1015, train_rmse-0.3187, valid_rmse-1.2159, valid_pr-0.7595
epoch-541, train_loss-0.0946, train_rmse-0.3076, valid_rmse-1.1997, valid_pr-0.7631
epoch-542, train_loss-0.0833, train_rmse-0.2886, valid_rmse-1.1976, valid_pr-0.7627
epoch-543, train_loss-0.0828, train_rmse-0.2878, valid_rmse-1.2047, valid_pr-0.7600
epoch-544, train_loss-0.0836, train_rmse-0.2891, valid_rmse-1.2008, valid_pr-0.7604
epoch-545, train_loss-0.0889, train_rmse-0.2981, valid_rmse-1.2054, valid_pr-0.7607
epoch-546, train_loss-0.0811, train_rmse-0.2848, valid_rmse-1.1961, valid_pr-0.7630
epoch-547, train_loss-0.0803, train_rmse-0.2834, valid_rmse-1.2042, valid_pr-0.7631
epoch-548, train_loss-0.0900, train_rmse-0.3000, valid_rmse-1.1987, valid_pr-0.7632
epoch-549, train_loss-0.0865, train_rmse-0.2942, valid_rmse-1.1990, valid_pr-0.7642
epoch-550, train_loss-0.0817, train_rmse-0.2858, valid_rmse-1.1991, valid_pr-0.7611
epoch-551, train_loss-0.0780, train_rmse-0.2793, valid_rmse-1.1998, valid_pr-0.7629
epoch-552, train_loss-0.0795, train_rmse-0.2820, valid_rmse-1.1918, valid_pr-0.7647
Validation : valid_rmse-1.1918, valid_pr-0.7647, 
test2013_rmse-1.2744, test2013_pr-0.8566, test2016_rmse-1.1170, test2016_pr-0.8679, test2019_rmse-1.3455, test2019_pr-0.6641
epoch-553, train_loss-0.0958, train_rmse-0.3095, valid_rmse-1.1988, valid_pr-0.7644
epoch-554, train_loss-0.0779, train_rmse-0.2791, valid_rmse-1.2011, valid_pr-0.7622
epoch-555, train_loss-0.0801, train_rmse-0.2831, valid_rmse-1.1941, valid_pr-0.7629
epoch-556, train_loss-0.0914, train_rmse-0.3023, valid_rmse-1.1890, valid_pr-0.7657
Validation : valid_rmse-1.1890, valid_pr-0.7657, 
test2013_rmse-1.2580, test2013_pr-0.8599, test2016_rmse-1.1047, test2016_pr-0.8717, test2019_rmse-1.3415, test2019_pr-0.6653
epoch-557, train_loss-0.0827, train_rmse-0.2876, valid_rmse-1.1978, valid_pr-0.7627
epoch-558, train_loss-0.0893, train_rmse-0.2988, valid_rmse-1.2005, valid_pr-0.7616
epoch-559, train_loss-0.0850, train_rmse-0.2916, valid_rmse-1.2021, valid_pr-0.7631
epoch-560, train_loss-0.0822, train_rmse-0.2867, valid_rmse-1.2045, valid_pr-0.7609
epoch-561, train_loss-0.0788, train_rmse-0.2807, valid_rmse-1.2006, valid_pr-0.7608
epoch-562, train_loss-0.0778, train_rmse-0.2789, valid_rmse-1.1987, valid_pr-0.7614
epoch-563, train_loss-0.0842, train_rmse-0.2902, valid_rmse-1.2015, valid_pr-0.7622
epoch-564, train_loss-0.0835, train_rmse-0.2890, valid_rmse-1.1957, valid_pr-0.7626
epoch-565, train_loss-0.0932, train_rmse-0.3052, valid_rmse-1.2100, valid_pr-0.7611
epoch-566, train_loss-0.0833, train_rmse-0.2887, valid_rmse-1.1982, valid_pr-0.7618
epoch-567, train_loss-0.0893, train_rmse-0.2988, valid_rmse-1.2017, valid_pr-0.7610
epoch-568, train_loss-0.0780, train_rmse-0.2793, valid_rmse-1.2001, valid_pr-0.7622
epoch-569, train_loss-0.0913, train_rmse-0.3022, valid_rmse-1.1978, valid_pr-0.7611
epoch-570, train_loss-0.0909, train_rmse-0.3015, valid_rmse-1.2013, valid_pr-0.7620
epoch-571, train_loss-0.0839, train_rmse-0.2897, valid_rmse-1.2042, valid_pr-0.7586
epoch-572, train_loss-0.0779, train_rmse-0.2791, valid_rmse-1.2018, valid_pr-0.7611
epoch-573, train_loss-0.0833, train_rmse-0.2887, valid_rmse-1.1980, valid_pr-0.7619
epoch-574, train_loss-0.0874, train_rmse-0.2956, valid_rmse-1.2017, valid_pr-0.7624
epoch-575, train_loss-0.0914, train_rmse-0.3023, valid_rmse-1.1973, valid_pr-0.7625
epoch-576, train_loss-0.0867, train_rmse-0.2945, valid_rmse-1.2030, valid_pr-0.7627
epoch-577, train_loss-0.0907, train_rmse-0.3012, valid_rmse-1.2088, valid_pr-0.7617
epoch-578, train_loss-0.0857, train_rmse-0.2927, valid_rmse-1.2092, valid_pr-0.7631
epoch-579, train_loss-0.0792, train_rmse-0.2814, valid_rmse-1.1948, valid_pr-0.7641
epoch-580, train_loss-0.0831, train_rmse-0.2883, valid_rmse-1.1928, valid_pr-0.7645
epoch-581, train_loss-0.1028, train_rmse-0.3207, valid_rmse-1.1956, valid_pr-0.7633
epoch-582, train_loss-0.0878, train_rmse-0.2963, valid_rmse-1.1992, valid_pr-0.7611
epoch-583, train_loss-0.0862, train_rmse-0.2935, valid_rmse-1.2092, valid_pr-0.7623
epoch-584, train_loss-0.0904, train_rmse-0.3007, valid_rmse-1.1996, valid_pr-0.7609
epoch-585, train_loss-0.0859, train_rmse-0.2930, valid_rmse-1.2010, valid_pr-0.7597
epoch-586, train_loss-0.0804, train_rmse-0.2836, valid_rmse-1.2034, valid_pr-0.7602
epoch-587, train_loss-0.0822, train_rmse-0.2867, valid_rmse-1.2064, valid_pr-0.7628
epoch-588, train_loss-0.0807, train_rmse-0.2840, valid_rmse-1.1995, valid_pr-0.7614
epoch-589, train_loss-0.0777, train_rmse-0.2787, valid_rmse-1.2002, valid_pr-0.7602
epoch-590, train_loss-0.0867, train_rmse-0.2945, valid_rmse-1.1994, valid_pr-0.7631
epoch-591, train_loss-0.0818, train_rmse-0.2861, valid_rmse-1.2011, valid_pr-0.7602
epoch-592, train_loss-0.0885, train_rmse-0.2975, valid_rmse-1.2004, valid_pr-0.7614
epoch-593, train_loss-0.0915, train_rmse-0.3025, valid_rmse-1.1939, valid_pr-0.7640
epoch-594, train_loss-0.0813, train_rmse-0.2852, valid_rmse-1.1978, valid_pr-0.7647
epoch-595, train_loss-0.0823, train_rmse-0.2869, valid_rmse-1.1961, valid_pr-0.7639
epoch-596, train_loss-0.0884, train_rmse-0.2974, valid_rmse-1.2018, valid_pr-0.7631
epoch-597, train_loss-0.0920, train_rmse-0.3033, valid_rmse-1.1958, valid_pr-0.7626
epoch-598, train_loss-0.0878, train_rmse-0.2963, valid_rmse-1.1932, valid_pr-0.7634
epoch-599, train_loss-0.0873, train_rmse-0.2955, valid_rmse-1.2065, valid_pr-0.7625
epoch-600, train_loss-0.0773, train_rmse-0.2780, valid_rmse-1.2009, valid_pr-0.7621
epoch-601, train_loss-0.0849, train_rmse-0.2913, valid_rmse-1.1961, valid_pr-0.7621
epoch-602, train_loss-0.0806, train_rmse-0.2839, valid_rmse-1.1947, valid_pr-0.7640
epoch-603, train_loss-0.0910, train_rmse-0.3017, valid_rmse-1.1943, valid_pr-0.7661
epoch-604, train_loss-0.0866, train_rmse-0.2943, valid_rmse-1.1968, valid_pr-0.7645
epoch-605, train_loss-0.0842, train_rmse-0.2902, valid_rmse-1.1943, valid_pr-0.7652
epoch-606, train_loss-0.0789, train_rmse-0.2809, valid_rmse-1.1960, valid_pr-0.7639
epoch-607, train_loss-0.0860, train_rmse-0.2932, valid_rmse-1.1884, valid_pr-0.7654
Validation : valid_rmse-1.1884, valid_pr-0.7654, 
test2013_rmse-1.2949, test2013_pr-0.8532, test2016_rmse-1.1322, test2016_pr-0.8672, test2019_rmse-1.3439, test2019_pr-0.6617
epoch-608, train_loss-0.0878, train_rmse-0.2963, valid_rmse-1.1969, valid_pr-0.7629
epoch-609, train_loss-0.0821, train_rmse-0.2865, valid_rmse-1.1992, valid_pr-0.7630
epoch-610, train_loss-0.0888, train_rmse-0.2981, valid_rmse-1.1978, valid_pr-0.7641
epoch-611, train_loss-0.0870, train_rmse-0.2950, valid_rmse-1.1978, valid_pr-0.7629
epoch-612, train_loss-0.0826, train_rmse-0.2874, valid_rmse-1.1950, valid_pr-0.7636
epoch-613, train_loss-0.0792, train_rmse-0.2813, valid_rmse-1.1973, valid_pr-0.7618
epoch-614, train_loss-0.0834, train_rmse-0.2888, valid_rmse-1.2048, valid_pr-0.7636
epoch-615, train_loss-0.0849, train_rmse-0.2914, valid_rmse-1.1938, valid_pr-0.7637
epoch-616, train_loss-0.0913, train_rmse-0.3021, valid_rmse-1.1977, valid_pr-0.7632
epoch-617, train_loss-0.0898, train_rmse-0.2996, valid_rmse-1.1946, valid_pr-0.7637
epoch-618, train_loss-0.0762, train_rmse-0.2761, valid_rmse-1.1967, valid_pr-0.7627
epoch-619, train_loss-0.0854, train_rmse-0.2923, valid_rmse-1.1900, valid_pr-0.7648
epoch-620, train_loss-0.0808, train_rmse-0.2842, valid_rmse-1.1940, valid_pr-0.7634
epoch-621, train_loss-0.0824, train_rmse-0.2871, valid_rmse-1.1971, valid_pr-0.7620
epoch-622, train_loss-0.0731, train_rmse-0.2703, valid_rmse-1.1993, valid_pr-0.7627
epoch-623, train_loss-0.0817, train_rmse-0.2858, valid_rmse-1.1968, valid_pr-0.7622
epoch-624, train_loss-0.0802, train_rmse-0.2831, valid_rmse-1.2029, valid_pr-0.7621
epoch-625, train_loss-0.0750, train_rmse-0.2739, valid_rmse-1.1939, valid_pr-0.7640
epoch-626, train_loss-0.0874, train_rmse-0.2957, valid_rmse-1.1980, valid_pr-0.7632
epoch-627, train_loss-0.0909, train_rmse-0.3015, valid_rmse-1.1994, valid_pr-0.7640
epoch-628, train_loss-0.0778, train_rmse-0.2789, valid_rmse-1.1927, valid_pr-0.7647
epoch-629, train_loss-0.0974, train_rmse-0.3121, valid_rmse-1.1947, valid_pr-0.7643
epoch-630, train_loss-0.0823, train_rmse-0.2869, valid_rmse-1.1884, valid_pr-0.7656
epoch-631, train_loss-0.0822, train_rmse-0.2867, valid_rmse-1.1982, valid_pr-0.7626
epoch-632, train_loss-0.0877, train_rmse-0.2961, valid_rmse-1.1989, valid_pr-0.7621
epoch-633, train_loss-0.0849, train_rmse-0.2913, valid_rmse-1.2011, valid_pr-0.7635
epoch-634, train_loss-0.0848, train_rmse-0.2911, valid_rmse-1.1985, valid_pr-0.7630
epoch-635, train_loss-0.0968, train_rmse-0.3111, valid_rmse-1.2150, valid_pr-0.7627
epoch-636, train_loss-0.0862, train_rmse-0.2936, valid_rmse-1.2041, valid_pr-0.7609
epoch-637, train_loss-0.0826, train_rmse-0.2874, valid_rmse-1.1991, valid_pr-0.7634
epoch-638, train_loss-0.0819, train_rmse-0.2862, valid_rmse-1.1994, valid_pr-0.7620
epoch-639, train_loss-0.0807, train_rmse-0.2841, valid_rmse-1.1954, valid_pr-0.7661
epoch-640, train_loss-0.0871, train_rmse-0.2951, valid_rmse-1.1892, valid_pr-0.7656
epoch-641, train_loss-0.0847, train_rmse-0.2911, valid_rmse-1.2020, valid_pr-0.7623
epoch-642, train_loss-0.0826, train_rmse-0.2874, valid_rmse-1.1950, valid_pr-0.7662
epoch-643, train_loss-0.0814, train_rmse-0.2853, valid_rmse-1.1860, valid_pr-0.7674
Validation : valid_rmse-1.1860, valid_pr-0.7674, 
test2013_rmse-1.2426, test2013_pr-0.8611, test2016_rmse-1.0963, test2016_pr-0.8720, test2019_rmse-1.3463, test2019_pr-0.6640
epoch-644, train_loss-0.0812, train_rmse-0.2850, valid_rmse-1.1909, valid_pr-0.7667
epoch-645, train_loss-0.0887, train_rmse-0.2978, valid_rmse-1.1958, valid_pr-0.7627
epoch-646, train_loss-0.0783, train_rmse-0.2798, valid_rmse-1.1940, valid_pr-0.7631
epoch-647, train_loss-0.0805, train_rmse-0.2836, valid_rmse-1.1970, valid_pr-0.7628
epoch-648, train_loss-0.0764, train_rmse-0.2763, valid_rmse-1.1982, valid_pr-0.7621
epoch-649, train_loss-0.0884, train_rmse-0.2974, valid_rmse-1.2016, valid_pr-0.7623
epoch-650, train_loss-0.0770, train_rmse-0.2775, valid_rmse-1.1889, valid_pr-0.7652
epoch-651, train_loss-0.0770, train_rmse-0.2775, valid_rmse-1.2032, valid_pr-0.7628
epoch-652, train_loss-0.0877, train_rmse-0.2961, valid_rmse-1.1948, valid_pr-0.7634
epoch-653, train_loss-0.0838, train_rmse-0.2895, valid_rmse-1.2017, valid_pr-0.7623
epoch-654, train_loss-0.0811, train_rmse-0.2847, valid_rmse-1.1979, valid_pr-0.7624
epoch-655, train_loss-0.0850, train_rmse-0.2915, valid_rmse-1.2107, valid_pr-0.7597
epoch-656, train_loss-0.0850, train_rmse-0.2916, valid_rmse-1.2022, valid_pr-0.7618
epoch-657, train_loss-0.0843, train_rmse-0.2904, valid_rmse-1.2011, valid_pr-0.7606
epoch-658, train_loss-0.0773, train_rmse-0.2781, valid_rmse-1.2043, valid_pr-0.7587
epoch-659, train_loss-0.0801, train_rmse-0.2830, valid_rmse-1.2017, valid_pr-0.7597
epoch-660, train_loss-0.0795, train_rmse-0.2819, valid_rmse-1.2041, valid_pr-0.7591
epoch-661, train_loss-0.0825, train_rmse-0.2872, valid_rmse-1.2045, valid_pr-0.7615
epoch-662, train_loss-0.0807, train_rmse-0.2842, valid_rmse-1.1980, valid_pr-0.7615
epoch-663, train_loss-0.0830, train_rmse-0.2881, valid_rmse-1.1984, valid_pr-0.7609
epoch-664, train_loss-0.0824, train_rmse-0.2871, valid_rmse-1.2072, valid_pr-0.7604
epoch-665, train_loss-0.0772, train_rmse-0.2778, valid_rmse-1.2095, valid_pr-0.7572
epoch-666, train_loss-0.0896, train_rmse-0.2993, valid_rmse-1.2013, valid_pr-0.7630
epoch-667, train_loss-0.0833, train_rmse-0.2887, valid_rmse-1.2037, valid_pr-0.7603
epoch-668, train_loss-0.0774, train_rmse-0.2782, valid_rmse-1.1976, valid_pr-0.7622
epoch-669, train_loss-0.0794, train_rmse-0.2818, valid_rmse-1.1981, valid_pr-0.7615
epoch-670, train_loss-0.0761, train_rmse-0.2758, valid_rmse-1.2013, valid_pr-0.7611
epoch-671, train_loss-0.0746, train_rmse-0.2731, valid_rmse-1.2042, valid_pr-0.7597
epoch-672, train_loss-0.0849, train_rmse-0.2913, valid_rmse-1.2055, valid_pr-0.7631
epoch-673, train_loss-0.0854, train_rmse-0.2922, valid_rmse-1.1979, valid_pr-0.7624
epoch-674, train_loss-0.0827, train_rmse-0.2876, valid_rmse-1.2039, valid_pr-0.7606
epoch-675, train_loss-0.0747, train_rmse-0.2734, valid_rmse-1.2109, valid_pr-0.7619
epoch-676, train_loss-0.0827, train_rmse-0.2876, valid_rmse-1.2012, valid_pr-0.7623
epoch-677, train_loss-0.0839, train_rmse-0.2897, valid_rmse-1.1979, valid_pr-0.7631
epoch-678, train_loss-0.0847, train_rmse-0.2910, valid_rmse-1.2040, valid_pr-0.7621
epoch-679, train_loss-0.0943, train_rmse-0.3070, valid_rmse-1.2012, valid_pr-0.7612
epoch-680, train_loss-0.0813, train_rmse-0.2852, valid_rmse-1.2031, valid_pr-0.7624
epoch-681, train_loss-0.0856, train_rmse-0.2926, valid_rmse-1.1957, valid_pr-0.7632
epoch-682, train_loss-0.0852, train_rmse-0.2919, valid_rmse-1.2051, valid_pr-0.7635
epoch-683, train_loss-0.0745, train_rmse-0.2729, valid_rmse-1.2011, valid_pr-0.7602
epoch-684, train_loss-0.0907, train_rmse-0.3011, valid_rmse-1.2047, valid_pr-0.7599
epoch-685, train_loss-0.0705, train_rmse-0.2656, valid_rmse-1.1936, valid_pr-0.7646
epoch-686, train_loss-0.0860, train_rmse-0.2933, valid_rmse-1.1928, valid_pr-0.7635
epoch-687, train_loss-0.0789, train_rmse-0.2809, valid_rmse-1.1932, valid_pr-0.7634
epoch-688, train_loss-0.0861, train_rmse-0.2934, valid_rmse-1.2032, valid_pr-0.7614
epoch-689, train_loss-0.0838, train_rmse-0.2895, valid_rmse-1.1913, valid_pr-0.7646
epoch-690, train_loss-0.0756, train_rmse-0.2750, valid_rmse-1.1993, valid_pr-0.7629
epoch-691, train_loss-0.0897, train_rmse-0.2995, valid_rmse-1.2005, valid_pr-0.7637
epoch-692, train_loss-0.0808, train_rmse-0.2843, valid_rmse-1.1966, valid_pr-0.7620
epoch-693, train_loss-0.0866, train_rmse-0.2943, valid_rmse-1.1996, valid_pr-0.7627
epoch-694, train_loss-0.0841, train_rmse-0.2900, valid_rmse-1.2016, valid_pr-0.7613
epoch-695, train_loss-0.0753, train_rmse-0.2744, valid_rmse-1.1949, valid_pr-0.7626
epoch-696, train_loss-0.0758, train_rmse-0.2753, valid_rmse-1.1976, valid_pr-0.7631
epoch-697, train_loss-0.0689, train_rmse-0.2624, valid_rmse-1.1896, valid_pr-0.7652
epoch-698, train_loss-0.0759, train_rmse-0.2756, valid_rmse-1.1945, valid_pr-0.7640
epoch-699, train_loss-0.0734, train_rmse-0.2710, valid_rmse-1.1959, valid_pr-0.7632
epoch-700, train_loss-0.0687, train_rmse-0.2621, valid_rmse-1.1935, valid_pr-0.7648
epoch-701, train_loss-0.0706, train_rmse-0.2658, valid_rmse-1.2037, valid_pr-0.7627
epoch-702, train_loss-0.0730, train_rmse-0.2702, valid_rmse-1.2071, valid_pr-0.7622
epoch-703, train_loss-0.0700, train_rmse-0.2646, valid_rmse-1.1960, valid_pr-0.7634
epoch-704, train_loss-0.0738, train_rmse-0.2716, valid_rmse-1.2008, valid_pr-0.7616
epoch-705, train_loss-0.0766, train_rmse-0.2767, valid_rmse-1.1989, valid_pr-0.7634
epoch-706, train_loss-0.0734, train_rmse-0.2710, valid_rmse-1.1991, valid_pr-0.7630
epoch-707, train_loss-0.0785, train_rmse-0.2801, valid_rmse-1.1946, valid_pr-0.7639
epoch-708, train_loss-0.0767, train_rmse-0.2770, valid_rmse-1.1968, valid_pr-0.7640
epoch-709, train_loss-0.0649, train_rmse-0.2547, valid_rmse-1.1972, valid_pr-0.7637
epoch-710, train_loss-0.0723, train_rmse-0.2689, valid_rmse-1.1923, valid_pr-0.7647
epoch-711, train_loss-0.0789, train_rmse-0.2810, valid_rmse-1.1969, valid_pr-0.7633
epoch-712, train_loss-0.0775, train_rmse-0.2784, valid_rmse-1.1976, valid_pr-0.7626
epoch-713, train_loss-0.0714, train_rmse-0.2671, valid_rmse-1.1983, valid_pr-0.7641
epoch-714, train_loss-0.0740, train_rmse-0.2721, valid_rmse-1.1957, valid_pr-0.7633
epoch-715, train_loss-0.0710, train_rmse-0.2665, valid_rmse-1.1906, valid_pr-0.7648
epoch-716, train_loss-0.0739, train_rmse-0.2718, valid_rmse-1.1915, valid_pr-0.7648
epoch-717, train_loss-0.0739, train_rmse-0.2718, valid_rmse-1.1976, valid_pr-0.7634
epoch-718, train_loss-0.0794, train_rmse-0.2818, valid_rmse-1.1924, valid_pr-0.7644
epoch-719, train_loss-0.0712, train_rmse-0.2669, valid_rmse-1.1948, valid_pr-0.7645
epoch-720, train_loss-0.0716, train_rmse-0.2676, valid_rmse-1.1904, valid_pr-0.7652
epoch-721, train_loss-0.0706, train_rmse-0.2656, valid_rmse-1.1923, valid_pr-0.7640
epoch-722, train_loss-0.0756, train_rmse-0.2750, valid_rmse-1.1963, valid_pr-0.7625
epoch-723, train_loss-0.0695, train_rmse-0.2636, valid_rmse-1.1975, valid_pr-0.7640
epoch-724, train_loss-0.0765, train_rmse-0.2766, valid_rmse-1.2011, valid_pr-0.7631
epoch-725, train_loss-0.0684, train_rmse-0.2614, valid_rmse-1.1928, valid_pr-0.7638
epoch-726, train_loss-0.0775, train_rmse-0.2783, valid_rmse-1.1995, valid_pr-0.7625
epoch-727, train_loss-0.0799, train_rmse-0.2828, valid_rmse-1.2007, valid_pr-0.7622
epoch-728, train_loss-0.0760, train_rmse-0.2756, valid_rmse-1.1968, valid_pr-0.7633
epoch-729, train_loss-0.0731, train_rmse-0.2703, valid_rmse-1.1970, valid_pr-0.7630
epoch-730, train_loss-0.0726, train_rmse-0.2694, valid_rmse-1.2005, valid_pr-0.7632
epoch-731, train_loss-0.0805, train_rmse-0.2837, valid_rmse-1.1946, valid_pr-0.7652
epoch-732, train_loss-0.0742, train_rmse-0.2724, valid_rmse-1.1975, valid_pr-0.7636
epoch-733, train_loss-0.0683, train_rmse-0.2614, valid_rmse-1.1957, valid_pr-0.7642
epoch-734, train_loss-0.0692, train_rmse-0.2630, valid_rmse-1.1971, valid_pr-0.7634
epoch-735, train_loss-0.0705, train_rmse-0.2656, valid_rmse-1.1961, valid_pr-0.7641
epoch-736, train_loss-0.0702, train_rmse-0.2649, valid_rmse-1.1937, valid_pr-0.7644
epoch-737, train_loss-0.0718, train_rmse-0.2680, valid_rmse-1.1920, valid_pr-0.7640
epoch-738, train_loss-0.0747, train_rmse-0.2733, valid_rmse-1.1946, valid_pr-0.7641
epoch-739, train_loss-0.0760, train_rmse-0.2757, valid_rmse-1.1963, valid_pr-0.7637
epoch-740, train_loss-0.0752, train_rmse-0.2742, valid_rmse-1.1945, valid_pr-0.7641
epoch-741, train_loss-0.0713, train_rmse-0.2670, valid_rmse-1.2002, valid_pr-0.7636
epoch-742, train_loss-0.0697, train_rmse-0.2640, valid_rmse-1.1938, valid_pr-0.7633
epoch-743, train_loss-0.0759, train_rmse-0.2755, valid_rmse-1.1970, valid_pr-0.7622
epoch-744, train_loss-0.0697, train_rmse-0.2641, valid_rmse-1.1977, valid_pr-0.7647
early stop in epoch 744
best_rmse: 1.1860
valid_rmse-1.1860, valid_pr-0.7674, test2013_rmse-1.2426, test2013_pr-0.8611, test2016_rmse-1.0963, test2016_pr-0.8720, test2019_rmse-1.3463, test2019_pr-0.6640
