ours-lrs-0.001-abl-q4q4, lr=0.001, seed=0
train_GIGN.py
train data: 11904
valid data: 1000
test2013 data: 107
test2016 data: 285
test2019 data: 4366
GIGN params # : 1458928
epoch-0, train_loss-16.7127, train_rmse-4.0881, valid_rmse-1.6283, valid_pr-0.5196
Validation : valid_rmse-1.6283, valid_pr-0.5196, 
test2013_rmse-1.5964, test2013_pr-0.7737, test2016_rmse-1.5974, test2016_pr-0.7256, test2019_rmse-1.4985, test2019_pr-0.5787
epoch-1, train_loss-2.8123, train_rmse-1.6770, valid_rmse-1.9026, valid_pr-0.4872
epoch-2, train_loss-2.3302, train_rmse-1.5265, valid_rmse-1.6271, valid_pr-0.5910
Validation : valid_rmse-1.6271, valid_pr-0.5910, 
test2013_rmse-1.5908, test2013_pr-0.7689, test2016_rmse-1.4932, test2016_pr-0.7398, test2019_rmse-1.5813, test2019_pr-0.6036
epoch-3, train_loss-2.2106, train_rmse-1.4868, valid_rmse-1.5983, valid_pr-0.5721
Validation : valid_rmse-1.5983, valid_pr-0.5721, 
test2013_rmse-1.8756, test2013_pr-0.6411, test2016_rmse-1.6997, test2016_pr-0.6772, test2019_rmse-1.5233, test2019_pr-0.5646
epoch-4, train_loss-2.1445, train_rmse-1.4644, valid_rmse-1.5498, valid_pr-0.5852
Validation : valid_rmse-1.5498, valid_pr-0.5852, 
test2013_rmse-1.5441, test2013_pr-0.7830, test2016_rmse-1.4913, test2016_pr-0.7359, test2019_rmse-1.5334, test2019_pr-0.5691
epoch-5, train_loss-2.0613, train_rmse-1.4357, valid_rmse-1.7161, valid_pr-0.6362
epoch-6, train_loss-1.9277, train_rmse-1.3884, valid_rmse-1.4103, valid_pr-0.6595
Validation : valid_rmse-1.4103, valid_pr-0.6595, 
test2013_rmse-1.6745, test2013_pr-0.7367, test2016_rmse-1.4733, test2016_pr-0.7615, test2019_rmse-1.3882, test2019_pr-0.6325
epoch-7, train_loss-1.8299, train_rmse-1.3527, valid_rmse-1.4624, valid_pr-0.6531
epoch-8, train_loss-1.7523, train_rmse-1.3238, valid_rmse-1.3920, valid_pr-0.6655
Validation : valid_rmse-1.3920, valid_pr-0.6655, 
test2013_rmse-1.5268, test2013_pr-0.7852, test2016_rmse-1.4019, test2016_pr-0.7895, test2019_rmse-1.3789, test2019_pr-0.6442
epoch-9, train_loss-1.6294, train_rmse-1.2765, valid_rmse-1.3943, valid_pr-0.6916
epoch-10, train_loss-1.5446, train_rmse-1.2428, valid_rmse-1.4174, valid_pr-0.6726
epoch-11, train_loss-1.4084, train_rmse-1.1868, valid_rmse-1.3907, valid_pr-0.6918
Validation : valid_rmse-1.3907, valid_pr-0.6918, 
test2013_rmse-1.5447, test2013_pr-0.7683, test2016_rmse-1.3714, test2016_pr-0.7885, test2019_rmse-1.5161, test2019_pr-0.6336
epoch-12, train_loss-1.3443, train_rmse-1.1595, valid_rmse-1.4405, valid_pr-0.6523
epoch-13, train_loss-1.2469, train_rmse-1.1166, valid_rmse-1.4246, valid_pr-0.6555
epoch-14, train_loss-1.2316, train_rmse-1.1098, valid_rmse-1.4917, valid_pr-0.6774
epoch-15, train_loss-1.1329, train_rmse-1.0644, valid_rmse-1.3797, valid_pr-0.6890
Validation : valid_rmse-1.3797, valid_pr-0.6890, 
test2013_rmse-1.4541, test2013_pr-0.7885, test2016_rmse-1.3223, test2016_pr-0.7934, test2019_rmse-1.4424, test2019_pr-0.6324
epoch-16, train_loss-1.0528, train_rmse-1.0261, valid_rmse-1.4000, valid_pr-0.6849
epoch-17, train_loss-1.0038, train_rmse-1.0019, valid_rmse-1.4142, valid_pr-0.6769
epoch-18, train_loss-0.9484, train_rmse-0.9738, valid_rmse-1.4634, valid_pr-0.6638
epoch-19, train_loss-0.8862, train_rmse-0.9414, valid_rmse-1.3667, valid_pr-0.7027
Validation : valid_rmse-1.3667, valid_pr-0.7027, 
test2013_rmse-1.3002, test2013_pr-0.8329, test2016_rmse-1.2880, test2016_pr-0.8051, test2019_rmse-1.4916, test2019_pr-0.6109
epoch-20, train_loss-0.8269, train_rmse-0.9093, valid_rmse-1.5035, valid_pr-0.6717
epoch-21, train_loss-0.7542, train_rmse-0.8685, valid_rmse-1.4703, valid_pr-0.6820
epoch-22, train_loss-0.7415, train_rmse-0.8611, valid_rmse-1.7611, valid_pr-0.7108
epoch-23, train_loss-0.7152, train_rmse-0.8457, valid_rmse-1.3596, valid_pr-0.7044
Validation : valid_rmse-1.3596, valid_pr-0.7044, 
test2013_rmse-1.4467, test2013_pr-0.7928, test2016_rmse-1.3593, test2016_pr-0.7865, test2019_rmse-1.5097, test2019_pr-0.6080
epoch-24, train_loss-0.6628, train_rmse-0.8141, valid_rmse-1.3624, valid_pr-0.6904
epoch-25, train_loss-0.6922, train_rmse-0.8320, valid_rmse-1.3710, valid_pr-0.7022
epoch-26, train_loss-0.6088, train_rmse-0.7802, valid_rmse-1.3340, valid_pr-0.7272
Validation : valid_rmse-1.3340, valid_pr-0.7272, 
test2013_rmse-1.2367, test2013_pr-0.8506, test2016_rmse-1.1870, test2016_pr-0.8380, test2019_rmse-1.5069, test2019_pr-0.6254
epoch-27, train_loss-0.5991, train_rmse-0.7740, valid_rmse-1.5329, valid_pr-0.6950
epoch-28, train_loss-0.5848, train_rmse-0.7647, valid_rmse-1.3414, valid_pr-0.7001
epoch-29, train_loss-0.5439, train_rmse-0.7375, valid_rmse-1.4083, valid_pr-0.6693
epoch-30, train_loss-0.4968, train_rmse-0.7049, valid_rmse-1.4826, valid_pr-0.6947
epoch-31, train_loss-0.5561, train_rmse-0.7457, valid_rmse-1.4753, valid_pr-0.7081
epoch-32, train_loss-0.5175, train_rmse-0.7194, valid_rmse-1.4901, valid_pr-0.7087
epoch-33, train_loss-0.5067, train_rmse-0.7119, valid_rmse-1.3005, valid_pr-0.7220
Validation : valid_rmse-1.3005, valid_pr-0.7220, 
test2013_rmse-1.3920, test2013_pr-0.8074, test2016_rmse-1.2597, test2016_pr-0.8147, test2019_rmse-1.4369, test2019_pr-0.6235
epoch-34, train_loss-0.4613, train_rmse-0.6792, valid_rmse-1.3271, valid_pr-0.7087
epoch-35, train_loss-0.4635, train_rmse-0.6808, valid_rmse-1.3595, valid_pr-0.7118
epoch-36, train_loss-0.4716, train_rmse-0.6867, valid_rmse-1.4407, valid_pr-0.6925
epoch-37, train_loss-0.4479, train_rmse-0.6692, valid_rmse-1.4371, valid_pr-0.6568
epoch-38, train_loss-0.4325, train_rmse-0.6576, valid_rmse-1.4446, valid_pr-0.6822
epoch-39, train_loss-0.4326, train_rmse-0.6577, valid_rmse-1.7765, valid_pr-0.7042
epoch-40, train_loss-0.4173, train_rmse-0.6460, valid_rmse-1.3129, valid_pr-0.7291
epoch-41, train_loss-0.4071, train_rmse-0.6380, valid_rmse-1.3496, valid_pr-0.7159
epoch-42, train_loss-0.4003, train_rmse-0.6327, valid_rmse-1.3580, valid_pr-0.6987
epoch-43, train_loss-0.4159, train_rmse-0.6449, valid_rmse-1.3349, valid_pr-0.7133
epoch-44, train_loss-0.3897, train_rmse-0.6243, valid_rmse-1.3267, valid_pr-0.7176
epoch-45, train_loss-0.3628, train_rmse-0.6023, valid_rmse-1.3069, valid_pr-0.7275
epoch-46, train_loss-0.3945, train_rmse-0.6281, valid_rmse-1.3494, valid_pr-0.7029
epoch-47, train_loss-0.3663, train_rmse-0.6052, valid_rmse-1.3990, valid_pr-0.6919
epoch-48, train_loss-0.3713, train_rmse-0.6094, valid_rmse-1.3081, valid_pr-0.7291
epoch-49, train_loss-0.3885, train_rmse-0.6233, valid_rmse-1.3540, valid_pr-0.6934
epoch-50, train_loss-0.3610, train_rmse-0.6008, valid_rmse-1.3518, valid_pr-0.7034
epoch-51, train_loss-0.3498, train_rmse-0.5915, valid_rmse-1.2997, valid_pr-0.7207
Validation : valid_rmse-1.2997, valid_pr-0.7207, 
test2013_rmse-1.4359, test2013_pr-0.8057, test2016_rmse-1.2724, test2016_pr-0.8176, test2019_rmse-1.4362, test2019_pr-0.6208
epoch-52, train_loss-0.3200, train_rmse-0.5657, valid_rmse-1.3222, valid_pr-0.7156
epoch-53, train_loss-0.3424, train_rmse-0.5852, valid_rmse-1.3225, valid_pr-0.7110
epoch-54, train_loss-0.3306, train_rmse-0.5750, valid_rmse-1.3273, valid_pr-0.7139
epoch-55, train_loss-0.3437, train_rmse-0.5862, valid_rmse-1.3179, valid_pr-0.7272
epoch-56, train_loss-0.3435, train_rmse-0.5861, valid_rmse-1.4125, valid_pr-0.6944
epoch-57, train_loss-0.3184, train_rmse-0.5642, valid_rmse-1.3321, valid_pr-0.7115
epoch-58, train_loss-0.3367, train_rmse-0.5802, valid_rmse-1.4079, valid_pr-0.7095
epoch-59, train_loss-0.3305, train_rmse-0.5749, valid_rmse-1.2997, valid_pr-0.7210
epoch-60, train_loss-0.3133, train_rmse-0.5597, valid_rmse-1.3718, valid_pr-0.7172
epoch-61, train_loss-0.3058, train_rmse-0.5530, valid_rmse-1.3053, valid_pr-0.7206
epoch-62, train_loss-0.3062, train_rmse-0.5534, valid_rmse-1.3021, valid_pr-0.7210
epoch-63, train_loss-0.2844, train_rmse-0.5333, valid_rmse-1.3041, valid_pr-0.7236
epoch-64, train_loss-0.3125, train_rmse-0.5590, valid_rmse-1.3413, valid_pr-0.7137
epoch-65, train_loss-0.3000, train_rmse-0.5477, valid_rmse-1.3094, valid_pr-0.7145
epoch-66, train_loss-0.3232, train_rmse-0.5685, valid_rmse-1.2711, valid_pr-0.7303
Validation : valid_rmse-1.2711, valid_pr-0.7303, 
test2013_rmse-1.4356, test2013_pr-0.7998, test2016_rmse-1.2396, test2016_pr-0.8237, test2019_rmse-1.4241, test2019_pr-0.6251
epoch-67, train_loss-0.3043, train_rmse-0.5516, valid_rmse-1.2914, valid_pr-0.7333
epoch-68, train_loss-0.2894, train_rmse-0.5380, valid_rmse-1.3231, valid_pr-0.7264
epoch-69, train_loss-0.2813, train_rmse-0.5304, valid_rmse-1.3095, valid_pr-0.7302
epoch-70, train_loss-0.2773, train_rmse-0.5266, valid_rmse-1.3062, valid_pr-0.7094
epoch-71, train_loss-0.3048, train_rmse-0.5521, valid_rmse-1.3096, valid_pr-0.7199
epoch-72, train_loss-0.2794, train_rmse-0.5286, valid_rmse-1.3491, valid_pr-0.7242
epoch-73, train_loss-0.2583, train_rmse-0.5083, valid_rmse-1.2914, valid_pr-0.7226
epoch-74, train_loss-0.2718, train_rmse-0.5214, valid_rmse-1.2903, valid_pr-0.7392
epoch-75, train_loss-0.2737, train_rmse-0.5231, valid_rmse-1.3196, valid_pr-0.7261
epoch-76, train_loss-0.2821, train_rmse-0.5311, valid_rmse-1.3222, valid_pr-0.7159
epoch-77, train_loss-0.2729, train_rmse-0.5224, valid_rmse-1.3109, valid_pr-0.7319
epoch-78, train_loss-0.2649, train_rmse-0.5147, valid_rmse-1.3212, valid_pr-0.7134
epoch-79, train_loss-0.2704, train_rmse-0.5200, valid_rmse-1.2775, valid_pr-0.7331
epoch-80, train_loss-0.2651, train_rmse-0.5149, valid_rmse-1.3334, valid_pr-0.7204
epoch-81, train_loss-0.2543, train_rmse-0.5043, valid_rmse-1.3911, valid_pr-0.6912
epoch-82, train_loss-0.2633, train_rmse-0.5131, valid_rmse-1.3012, valid_pr-0.7159
epoch-83, train_loss-0.2705, train_rmse-0.5201, valid_rmse-1.3342, valid_pr-0.7284
epoch-84, train_loss-0.2563, train_rmse-0.5062, valid_rmse-1.2950, valid_pr-0.7207
epoch-85, train_loss-0.2453, train_rmse-0.4952, valid_rmse-1.2913, valid_pr-0.7351
epoch-86, train_loss-0.2467, train_rmse-0.4967, valid_rmse-1.3143, valid_pr-0.7215
epoch-87, train_loss-0.2421, train_rmse-0.4920, valid_rmse-1.3891, valid_pr-0.7286
epoch-88, train_loss-0.2558, train_rmse-0.5058, valid_rmse-1.2910, valid_pr-0.7325
epoch-89, train_loss-0.2583, train_rmse-0.5083, valid_rmse-1.2955, valid_pr-0.7246
epoch-90, train_loss-0.2283, train_rmse-0.4778, valid_rmse-1.3094, valid_pr-0.7238
epoch-91, train_loss-0.2521, train_rmse-0.5021, valid_rmse-1.2806, valid_pr-0.7316
epoch-92, train_loss-0.2382, train_rmse-0.4880, valid_rmse-1.2869, valid_pr-0.7314
epoch-93, train_loss-0.2366, train_rmse-0.4864, valid_rmse-1.2988, valid_pr-0.7364
epoch-94, train_loss-0.2305, train_rmse-0.4801, valid_rmse-1.2930, valid_pr-0.7252
epoch-95, train_loss-0.2369, train_rmse-0.4868, valid_rmse-1.2680, valid_pr-0.7367
Validation : valid_rmse-1.2680, valid_pr-0.7367, 
test2013_rmse-1.3383, test2013_pr-0.8267, test2016_rmse-1.1847, test2016_pr-0.8384, test2019_rmse-1.4115, test2019_pr-0.6391
epoch-96, train_loss-0.2262, train_rmse-0.4756, valid_rmse-1.2659, valid_pr-0.7330
Validation : valid_rmse-1.2659, valid_pr-0.7330, 
test2013_rmse-1.3833, test2013_pr-0.8166, test2016_rmse-1.2280, test2016_pr-0.8274, test2019_rmse-1.4143, test2019_pr-0.6268
epoch-97, train_loss-0.2366, train_rmse-0.4864, valid_rmse-1.2777, valid_pr-0.7343
epoch-98, train_loss-0.2353, train_rmse-0.4850, valid_rmse-1.3116, valid_pr-0.7297
epoch-99, train_loss-0.2560, train_rmse-0.5059, valid_rmse-1.3026, valid_pr-0.7232
epoch-100, train_loss-0.2402, train_rmse-0.4901, valid_rmse-1.2839, valid_pr-0.7369
epoch-101, train_loss-0.2392, train_rmse-0.4891, valid_rmse-1.2672, valid_pr-0.7407
epoch-102, train_loss-0.2336, train_rmse-0.4833, valid_rmse-1.3161, valid_pr-0.7260
epoch-103, train_loss-0.2223, train_rmse-0.4714, valid_rmse-1.3312, valid_pr-0.7418
epoch-104, train_loss-0.2300, train_rmse-0.4796, valid_rmse-1.2572, valid_pr-0.7395
Validation : valid_rmse-1.2572, valid_pr-0.7395, 
test2013_rmse-1.3910, test2013_pr-0.8132, test2016_rmse-1.2065, test2016_pr-0.8336, test2019_rmse-1.4039, test2019_pr-0.6423
epoch-105, train_loss-0.2291, train_rmse-0.4787, valid_rmse-1.3100, valid_pr-0.7284
epoch-106, train_loss-0.2168, train_rmse-0.4656, valid_rmse-1.2785, valid_pr-0.7367
epoch-107, train_loss-0.2223, train_rmse-0.4715, valid_rmse-1.2510, valid_pr-0.7418
Validation : valid_rmse-1.2510, valid_pr-0.7418, 
test2013_rmse-1.3130, test2013_pr-0.8368, test2016_rmse-1.1608, test2016_pr-0.8467, test2019_rmse-1.4049, test2019_pr-0.6426
epoch-108, train_loss-0.2222, train_rmse-0.4714, valid_rmse-1.2953, valid_pr-0.7359
epoch-109, train_loss-0.2212, train_rmse-0.4703, valid_rmse-1.2796, valid_pr-0.7329
epoch-110, train_loss-0.2276, train_rmse-0.4771, valid_rmse-1.2930, valid_pr-0.7304
epoch-111, train_loss-0.2225, train_rmse-0.4717, valid_rmse-1.3048, valid_pr-0.7343
epoch-112, train_loss-0.2280, train_rmse-0.4775, valid_rmse-1.2737, valid_pr-0.7313
epoch-113, train_loss-0.2127, train_rmse-0.4612, valid_rmse-1.2656, valid_pr-0.7345
epoch-114, train_loss-0.2157, train_rmse-0.4644, valid_rmse-1.2377, valid_pr-0.7464
Validation : valid_rmse-1.2377, valid_pr-0.7464, 
test2013_rmse-1.3038, test2013_pr-0.8418, test2016_rmse-1.1777, test2016_pr-0.8429, test2019_rmse-1.3987, test2019_pr-0.6403
epoch-115, train_loss-0.2179, train_rmse-0.4668, valid_rmse-1.2524, valid_pr-0.7444
epoch-116, train_loss-0.2042, train_rmse-0.4518, valid_rmse-1.2642, valid_pr-0.7388
epoch-117, train_loss-0.2150, train_rmse-0.4636, valid_rmse-1.3103, valid_pr-0.7342
epoch-118, train_loss-0.2238, train_rmse-0.4731, valid_rmse-1.2717, valid_pr-0.7309
epoch-119, train_loss-0.1971, train_rmse-0.4439, valid_rmse-1.3065, valid_pr-0.7385
epoch-120, train_loss-0.2031, train_rmse-0.4507, valid_rmse-1.2778, valid_pr-0.7278
epoch-121, train_loss-0.2041, train_rmse-0.4517, valid_rmse-1.2666, valid_pr-0.7335
epoch-122, train_loss-0.1979, train_rmse-0.4448, valid_rmse-1.2827, valid_pr-0.7352
epoch-123, train_loss-0.2239, train_rmse-0.4732, valid_rmse-1.2845, valid_pr-0.7443
epoch-124, train_loss-0.1961, train_rmse-0.4428, valid_rmse-1.2449, valid_pr-0.7438
epoch-125, train_loss-0.2155, train_rmse-0.4642, valid_rmse-1.2757, valid_pr-0.7361
epoch-126, train_loss-0.1987, train_rmse-0.4458, valid_rmse-1.2641, valid_pr-0.7390
epoch-127, train_loss-0.1895, train_rmse-0.4353, valid_rmse-1.2960, valid_pr-0.7277
epoch-128, train_loss-0.2090, train_rmse-0.4572, valid_rmse-1.2835, valid_pr-0.7318
epoch-129, train_loss-0.1945, train_rmse-0.4411, valid_rmse-1.2639, valid_pr-0.7357
epoch-130, train_loss-0.1977, train_rmse-0.4447, valid_rmse-1.2751, valid_pr-0.7332
epoch-131, train_loss-0.2116, train_rmse-0.4600, valid_rmse-1.2484, valid_pr-0.7410
epoch-132, train_loss-0.1933, train_rmse-0.4396, valid_rmse-1.2567, valid_pr-0.7411
epoch-133, train_loss-0.2019, train_rmse-0.4493, valid_rmse-1.2856, valid_pr-0.7314
epoch-134, train_loss-0.2057, train_rmse-0.4536, valid_rmse-1.2539, valid_pr-0.7413
epoch-135, train_loss-0.1939, train_rmse-0.4403, valid_rmse-1.2583, valid_pr-0.7368
epoch-136, train_loss-0.1825, train_rmse-0.4272, valid_rmse-1.2565, valid_pr-0.7378
epoch-137, train_loss-0.1764, train_rmse-0.4199, valid_rmse-1.2686, valid_pr-0.7364
epoch-138, train_loss-0.1921, train_rmse-0.4383, valid_rmse-1.2454, valid_pr-0.7421
epoch-139, train_loss-0.1970, train_rmse-0.4438, valid_rmse-1.2573, valid_pr-0.7379
epoch-140, train_loss-0.2003, train_rmse-0.4475, valid_rmse-1.2589, valid_pr-0.7393
epoch-141, train_loss-0.1866, train_rmse-0.4319, valid_rmse-1.2508, valid_pr-0.7390
epoch-142, train_loss-0.1953, train_rmse-0.4420, valid_rmse-1.2758, valid_pr-0.7347
epoch-143, train_loss-0.1985, train_rmse-0.4456, valid_rmse-1.2732, valid_pr-0.7271
epoch-144, train_loss-0.1848, train_rmse-0.4299, valid_rmse-1.2757, valid_pr-0.7368
epoch-145, train_loss-0.1858, train_rmse-0.4310, valid_rmse-1.2812, valid_pr-0.7397
epoch-146, train_loss-0.1851, train_rmse-0.4303, valid_rmse-1.2567, valid_pr-0.7388
epoch-147, train_loss-0.1864, train_rmse-0.4317, valid_rmse-1.2444, valid_pr-0.7471
epoch-148, train_loss-0.1819, train_rmse-0.4266, valid_rmse-1.2726, valid_pr-0.7318
epoch-149, train_loss-0.1915, train_rmse-0.4377, valid_rmse-1.2555, valid_pr-0.7395
epoch-150, train_loss-0.1799, train_rmse-0.4241, valid_rmse-1.2568, valid_pr-0.7347
epoch-151, train_loss-0.1886, train_rmse-0.4343, valid_rmse-1.2797, valid_pr-0.7323
epoch-152, train_loss-0.1832, train_rmse-0.4280, valid_rmse-1.2779, valid_pr-0.7357
epoch-153, train_loss-0.1777, train_rmse-0.4216, valid_rmse-1.2576, valid_pr-0.7375
epoch-154, train_loss-0.1706, train_rmse-0.4131, valid_rmse-1.2659, valid_pr-0.7362
epoch-155, train_loss-0.1757, train_rmse-0.4191, valid_rmse-1.3054, valid_pr-0.7386
epoch-156, train_loss-0.1776, train_rmse-0.4214, valid_rmse-1.2508, valid_pr-0.7418
epoch-157, train_loss-0.1685, train_rmse-0.4105, valid_rmse-1.2647, valid_pr-0.7362
epoch-158, train_loss-0.1683, train_rmse-0.4103, valid_rmse-1.2460, valid_pr-0.7396
epoch-159, train_loss-0.1669, train_rmse-0.4086, valid_rmse-1.2597, valid_pr-0.7427
epoch-160, train_loss-0.1743, train_rmse-0.4175, valid_rmse-1.2358, valid_pr-0.7441
Validation : valid_rmse-1.2358, valid_pr-0.7441, 
test2013_rmse-1.3694, test2013_pr-0.8229, test2016_rmse-1.2038, test2016_pr-0.8367, test2019_rmse-1.3659, test2019_pr-0.6525
epoch-161, train_loss-0.1833, train_rmse-0.4281, valid_rmse-1.2512, valid_pr-0.7436
epoch-162, train_loss-0.1721, train_rmse-0.4148, valid_rmse-1.2476, valid_pr-0.7409
epoch-163, train_loss-0.1786, train_rmse-0.4226, valid_rmse-1.2509, valid_pr-0.7449
epoch-164, train_loss-0.1763, train_rmse-0.4199, valid_rmse-1.2541, valid_pr-0.7417
epoch-165, train_loss-0.1797, train_rmse-0.4239, valid_rmse-1.2553, valid_pr-0.7468
epoch-166, train_loss-0.1683, train_rmse-0.4103, valid_rmse-1.2873, valid_pr-0.7304
epoch-167, train_loss-0.1790, train_rmse-0.4231, valid_rmse-1.2587, valid_pr-0.7385
epoch-168, train_loss-0.1622, train_rmse-0.4027, valid_rmse-1.2360, valid_pr-0.7441
epoch-169, train_loss-0.1720, train_rmse-0.4148, valid_rmse-1.2351, valid_pr-0.7457
Validation : valid_rmse-1.2351, valid_pr-0.7457, 
test2013_rmse-1.3407, test2013_pr-0.8377, test2016_rmse-1.1830, test2016_pr-0.8449, test2019_rmse-1.3735, test2019_pr-0.6509
epoch-170, train_loss-0.1708, train_rmse-0.4133, valid_rmse-1.2632, valid_pr-0.7366
epoch-171, train_loss-0.1789, train_rmse-0.4229, valid_rmse-1.2384, valid_pr-0.7484
epoch-172, train_loss-0.1660, train_rmse-0.4074, valid_rmse-1.2571, valid_pr-0.7476
epoch-173, train_loss-0.1671, train_rmse-0.4088, valid_rmse-1.2365, valid_pr-0.7456
epoch-174, train_loss-0.1613, train_rmse-0.4016, valid_rmse-1.2501, valid_pr-0.7446
epoch-175, train_loss-0.1613, train_rmse-0.4016, valid_rmse-1.2675, valid_pr-0.7425
epoch-176, train_loss-0.1633, train_rmse-0.4041, valid_rmse-1.2762, valid_pr-0.7389
epoch-177, train_loss-0.1585, train_rmse-0.3981, valid_rmse-1.2411, valid_pr-0.7481
epoch-178, train_loss-0.1561, train_rmse-0.3951, valid_rmse-1.2386, valid_pr-0.7466
epoch-179, train_loss-0.1861, train_rmse-0.4313, valid_rmse-1.2451, valid_pr-0.7469
epoch-180, train_loss-0.1687, train_rmse-0.4107, valid_rmse-1.2638, valid_pr-0.7407
epoch-181, train_loss-0.1555, train_rmse-0.3943, valid_rmse-1.2481, valid_pr-0.7468
epoch-182, train_loss-0.1666, train_rmse-0.4082, valid_rmse-1.2363, valid_pr-0.7481
epoch-183, train_loss-0.1534, train_rmse-0.3916, valid_rmse-1.2532, valid_pr-0.7425
epoch-184, train_loss-0.1586, train_rmse-0.3982, valid_rmse-1.2548, valid_pr-0.7354
epoch-185, train_loss-0.1550, train_rmse-0.3937, valid_rmse-1.2350, valid_pr-0.7463
Validation : valid_rmse-1.2350, valid_pr-0.7463, 
test2013_rmse-1.3183, test2013_pr-0.8342, test2016_rmse-1.1713, test2016_pr-0.8442, test2019_rmse-1.3742, test2019_pr-0.6549
epoch-186, train_loss-0.1628, train_rmse-0.4035, valid_rmse-1.2325, valid_pr-0.7477
Validation : valid_rmse-1.2325, valid_pr-0.7477, 
test2013_rmse-1.3306, test2013_pr-0.8345, test2016_rmse-1.1812, test2016_pr-0.8437, test2019_rmse-1.3689, test2019_pr-0.6540
epoch-187, train_loss-0.1508, train_rmse-0.3883, valid_rmse-1.2357, valid_pr-0.7442
epoch-188, train_loss-0.1571, train_rmse-0.3963, valid_rmse-1.2436, valid_pr-0.7434
epoch-189, train_loss-0.1695, train_rmse-0.4117, valid_rmse-1.2463, valid_pr-0.7441
epoch-190, train_loss-0.1551, train_rmse-0.3939, valid_rmse-1.2290, valid_pr-0.7489
Validation : valid_rmse-1.2290, valid_pr-0.7489, 
test2013_rmse-1.3160, test2013_pr-0.8375, test2016_rmse-1.1770, test2016_pr-0.8440, test2019_rmse-1.3765, test2019_pr-0.6481
epoch-191, train_loss-0.1549, train_rmse-0.3935, valid_rmse-1.2293, valid_pr-0.7484
epoch-192, train_loss-0.1515, train_rmse-0.3893, valid_rmse-1.2692, valid_pr-0.7403
epoch-193, train_loss-0.1626, train_rmse-0.4032, valid_rmse-1.2432, valid_pr-0.7452
epoch-194, train_loss-0.1613, train_rmse-0.4016, valid_rmse-1.2387, valid_pr-0.7460
epoch-195, train_loss-0.1559, train_rmse-0.3948, valid_rmse-1.2397, valid_pr-0.7454
epoch-196, train_loss-0.1583, train_rmse-0.3979, valid_rmse-1.2622, valid_pr-0.7455
epoch-197, train_loss-0.1572, train_rmse-0.3965, valid_rmse-1.2386, valid_pr-0.7447
epoch-198, train_loss-0.1652, train_rmse-0.4064, valid_rmse-1.2320, valid_pr-0.7471
epoch-199, train_loss-0.1548, train_rmse-0.3935, valid_rmse-1.2379, valid_pr-0.7428
epoch-200, train_loss-0.1562, train_rmse-0.3952, valid_rmse-1.2316, valid_pr-0.7476
epoch-201, train_loss-0.1527, train_rmse-0.3908, valid_rmse-1.2568, valid_pr-0.7451
epoch-202, train_loss-0.1735, train_rmse-0.4165, valid_rmse-1.2465, valid_pr-0.7411
epoch-203, train_loss-0.1616, train_rmse-0.4020, valid_rmse-1.2299, valid_pr-0.7479
epoch-204, train_loss-0.1788, train_rmse-0.4229, valid_rmse-1.2518, valid_pr-0.7404
epoch-205, train_loss-0.1499, train_rmse-0.3871, valid_rmse-1.2461, valid_pr-0.7442
epoch-206, train_loss-0.1433, train_rmse-0.3786, valid_rmse-1.2323, valid_pr-0.7482
epoch-207, train_loss-0.1448, train_rmse-0.3806, valid_rmse-1.2282, valid_pr-0.7503
Validation : valid_rmse-1.2282, valid_pr-0.7503, 
test2013_rmse-1.3535, test2013_pr-0.8319, test2016_rmse-1.1992, test2016_pr-0.8407, test2019_rmse-1.3612, test2019_pr-0.6576
epoch-208, train_loss-0.1432, train_rmse-0.3785, valid_rmse-1.2555, valid_pr-0.7409
epoch-209, train_loss-0.1468, train_rmse-0.3832, valid_rmse-1.2313, valid_pr-0.7495
epoch-210, train_loss-0.1647, train_rmse-0.4059, valid_rmse-1.2440, valid_pr-0.7475
epoch-211, train_loss-0.1616, train_rmse-0.4020, valid_rmse-1.2342, valid_pr-0.7468
epoch-212, train_loss-0.1593, train_rmse-0.3991, valid_rmse-1.2333, valid_pr-0.7483
epoch-213, train_loss-0.1494, train_rmse-0.3866, valid_rmse-1.2302, valid_pr-0.7504
epoch-214, train_loss-0.1652, train_rmse-0.4064, valid_rmse-1.2298, valid_pr-0.7467
epoch-215, train_loss-0.1481, train_rmse-0.3849, valid_rmse-1.2442, valid_pr-0.7404
epoch-216, train_loss-0.1646, train_rmse-0.4057, valid_rmse-1.2331, valid_pr-0.7478
epoch-217, train_loss-0.1572, train_rmse-0.3965, valid_rmse-1.2173, valid_pr-0.7527
Validation : valid_rmse-1.2173, valid_pr-0.7527, 
test2013_rmse-1.3158, test2013_pr-0.8407, test2016_rmse-1.1747, test2016_pr-0.8458, test2019_rmse-1.3666, test2019_pr-0.6524
epoch-218, train_loss-0.1487, train_rmse-0.3856, valid_rmse-1.2227, valid_pr-0.7531
epoch-219, train_loss-0.1396, train_rmse-0.3737, valid_rmse-1.2136, valid_pr-0.7553
Validation : valid_rmse-1.2136, valid_pr-0.7553, 
test2013_rmse-1.3239, test2013_pr-0.8365, test2016_rmse-1.1756, test2016_pr-0.8442, test2019_rmse-1.3679, test2019_pr-0.6542
epoch-220, train_loss-0.1458, train_rmse-0.3818, valid_rmse-1.2232, valid_pr-0.7498
epoch-221, train_loss-0.1380, train_rmse-0.3715, valid_rmse-1.2375, valid_pr-0.7485
epoch-222, train_loss-0.1417, train_rmse-0.3764, valid_rmse-1.2336, valid_pr-0.7498
epoch-223, train_loss-0.1401, train_rmse-0.3743, valid_rmse-1.2319, valid_pr-0.7506
epoch-224, train_loss-0.1355, train_rmse-0.3681, valid_rmse-1.2291, valid_pr-0.7507
epoch-225, train_loss-0.1501, train_rmse-0.3874, valid_rmse-1.2220, valid_pr-0.7532
epoch-226, train_loss-0.1702, train_rmse-0.4125, valid_rmse-1.2263, valid_pr-0.7533
epoch-227, train_loss-0.1638, train_rmse-0.4048, valid_rmse-1.2312, valid_pr-0.7515
epoch-228, train_loss-0.1400, train_rmse-0.3742, valid_rmse-1.2385, valid_pr-0.7480
epoch-229, train_loss-0.1514, train_rmse-0.3892, valid_rmse-1.2209, valid_pr-0.7550
epoch-230, train_loss-0.1401, train_rmse-0.3743, valid_rmse-1.2305, valid_pr-0.7468
epoch-231, train_loss-0.1578, train_rmse-0.3972, valid_rmse-1.2366, valid_pr-0.7501
epoch-232, train_loss-0.1418, train_rmse-0.3766, valid_rmse-1.2285, valid_pr-0.7584
epoch-233, train_loss-0.1374, train_rmse-0.3707, valid_rmse-1.2297, valid_pr-0.7517
epoch-234, train_loss-0.1417, train_rmse-0.3764, valid_rmse-1.2302, valid_pr-0.7494
epoch-235, train_loss-0.1450, train_rmse-0.3808, valid_rmse-1.2260, valid_pr-0.7505
epoch-236, train_loss-0.1308, train_rmse-0.3617, valid_rmse-1.2424, valid_pr-0.7463
epoch-237, train_loss-0.1444, train_rmse-0.3800, valid_rmse-1.2280, valid_pr-0.7487
epoch-238, train_loss-0.1370, train_rmse-0.3702, valid_rmse-1.2187, valid_pr-0.7531
epoch-239, train_loss-0.1423, train_rmse-0.3772, valid_rmse-1.2339, valid_pr-0.7488
epoch-240, train_loss-0.1308, train_rmse-0.3616, valid_rmse-1.2294, valid_pr-0.7492
epoch-241, train_loss-0.1492, train_rmse-0.3862, valid_rmse-1.2223, valid_pr-0.7581
epoch-242, train_loss-0.1523, train_rmse-0.3903, valid_rmse-1.2134, valid_pr-0.7548
Validation : valid_rmse-1.2134, valid_pr-0.7548, 
test2013_rmse-1.3326, test2013_pr-0.8347, test2016_rmse-1.1981, test2016_pr-0.8379, test2019_rmse-1.3588, test2019_pr-0.6580
epoch-243, train_loss-0.1388, train_rmse-0.3725, valid_rmse-1.2303, valid_pr-0.7470
epoch-244, train_loss-0.1369, train_rmse-0.3700, valid_rmse-1.2234, valid_pr-0.7556
epoch-245, train_loss-0.1382, train_rmse-0.3717, valid_rmse-1.2283, valid_pr-0.7532
epoch-246, train_loss-0.1389, train_rmse-0.3727, valid_rmse-1.2338, valid_pr-0.7543
epoch-247, train_loss-0.1313, train_rmse-0.3624, valid_rmse-1.2239, valid_pr-0.7521
epoch-248, train_loss-0.1390, train_rmse-0.3728, valid_rmse-1.2202, valid_pr-0.7535
epoch-249, train_loss-0.1284, train_rmse-0.3584, valid_rmse-1.2242, valid_pr-0.7525
epoch-250, train_loss-0.1451, train_rmse-0.3810, valid_rmse-1.2184, valid_pr-0.7530
epoch-251, train_loss-0.1313, train_rmse-0.3623, valid_rmse-1.2299, valid_pr-0.7492
epoch-252, train_loss-0.1373, train_rmse-0.3705, valid_rmse-1.2288, valid_pr-0.7504
epoch-253, train_loss-0.1360, train_rmse-0.3687, valid_rmse-1.2346, valid_pr-0.7500
epoch-254, train_loss-0.1343, train_rmse-0.3664, valid_rmse-1.2192, valid_pr-0.7556
epoch-255, train_loss-0.1391, train_rmse-0.3729, valid_rmse-1.2216, valid_pr-0.7525
epoch-256, train_loss-0.1373, train_rmse-0.3705, valid_rmse-1.2164, valid_pr-0.7554
epoch-257, train_loss-0.1566, train_rmse-0.3957, valid_rmse-1.2300, valid_pr-0.7535
epoch-258, train_loss-0.1324, train_rmse-0.3638, valid_rmse-1.2369, valid_pr-0.7484
epoch-259, train_loss-0.1377, train_rmse-0.3710, valid_rmse-1.2234, valid_pr-0.7515
epoch-260, train_loss-0.1283, train_rmse-0.3582, valid_rmse-1.2086, valid_pr-0.7578
Validation : valid_rmse-1.2086, valid_pr-0.7578, 
test2013_rmse-1.2910, test2013_pr-0.8504, test2016_rmse-1.1738, test2016_pr-0.8491, test2019_rmse-1.3632, test2019_pr-0.6560
epoch-261, train_loss-0.1209, train_rmse-0.3477, valid_rmse-1.2287, valid_pr-0.7490
epoch-262, train_loss-0.1276, train_rmse-0.3572, valid_rmse-1.2228, valid_pr-0.7499
epoch-263, train_loss-0.1466, train_rmse-0.3829, valid_rmse-1.2293, valid_pr-0.7510
epoch-264, train_loss-0.1273, train_rmse-0.3568, valid_rmse-1.2304, valid_pr-0.7536
epoch-265, train_loss-0.1277, train_rmse-0.3573, valid_rmse-1.2219, valid_pr-0.7511
epoch-266, train_loss-0.1331, train_rmse-0.3648, valid_rmse-1.2342, valid_pr-0.7502
epoch-267, train_loss-0.1251, train_rmse-0.3537, valid_rmse-1.2389, valid_pr-0.7451
epoch-268, train_loss-0.1290, train_rmse-0.3591, valid_rmse-1.2354, valid_pr-0.7537
epoch-269, train_loss-0.1467, train_rmse-0.3831, valid_rmse-1.2201, valid_pr-0.7537
epoch-270, train_loss-0.1313, train_rmse-0.3623, valid_rmse-1.2260, valid_pr-0.7515
epoch-271, train_loss-0.1324, train_rmse-0.3638, valid_rmse-1.2339, valid_pr-0.7508
epoch-272, train_loss-0.1351, train_rmse-0.3675, valid_rmse-1.2183, valid_pr-0.7527
epoch-273, train_loss-0.1407, train_rmse-0.3752, valid_rmse-1.2175, valid_pr-0.7550
epoch-274, train_loss-0.1439, train_rmse-0.3793, valid_rmse-1.2161, valid_pr-0.7530
epoch-275, train_loss-0.1326, train_rmse-0.3641, valid_rmse-1.2210, valid_pr-0.7533
epoch-276, train_loss-0.1279, train_rmse-0.3577, valid_rmse-1.2185, valid_pr-0.7522
epoch-277, train_loss-0.1239, train_rmse-0.3520, valid_rmse-1.2302, valid_pr-0.7484
epoch-278, train_loss-0.1275, train_rmse-0.3571, valid_rmse-1.2184, valid_pr-0.7530
epoch-279, train_loss-0.1337, train_rmse-0.3657, valid_rmse-1.2180, valid_pr-0.7543
epoch-280, train_loss-0.1391, train_rmse-0.3730, valid_rmse-1.2161, valid_pr-0.7531
epoch-281, train_loss-0.1329, train_rmse-0.3645, valid_rmse-1.2282, valid_pr-0.7486
epoch-282, train_loss-0.1328, train_rmse-0.3644, valid_rmse-1.2133, valid_pr-0.7542
epoch-283, train_loss-0.1240, train_rmse-0.3521, valid_rmse-1.2092, valid_pr-0.7573
epoch-284, train_loss-0.1263, train_rmse-0.3554, valid_rmse-1.2211, valid_pr-0.7545
epoch-285, train_loss-0.1307, train_rmse-0.3615, valid_rmse-1.2209, valid_pr-0.7512
epoch-286, train_loss-0.1243, train_rmse-0.3526, valid_rmse-1.2198, valid_pr-0.7549
epoch-287, train_loss-0.1332, train_rmse-0.3650, valid_rmse-1.2369, valid_pr-0.7488
epoch-288, train_loss-0.1357, train_rmse-0.3684, valid_rmse-1.2087, valid_pr-0.7568
epoch-289, train_loss-0.1395, train_rmse-0.3735, valid_rmse-1.2129, valid_pr-0.7546
epoch-290, train_loss-0.1258, train_rmse-0.3546, valid_rmse-1.2061, valid_pr-0.7602
Validation : valid_rmse-1.2061, valid_pr-0.7602, 
test2013_rmse-1.3077, test2013_pr-0.8431, test2016_rmse-1.1801, test2016_pr-0.8463, test2019_rmse-1.3503, test2019_pr-0.6637
epoch-291, train_loss-0.1413, train_rmse-0.3759, valid_rmse-1.2044, valid_pr-0.7590
Validation : valid_rmse-1.2044, valid_pr-0.7590, 
test2013_rmse-1.3342, test2013_pr-0.8389, test2016_rmse-1.1837, test2016_pr-0.8470, test2019_rmse-1.3525, test2019_pr-0.6587
epoch-292, train_loss-0.1393, train_rmse-0.3733, valid_rmse-1.2157, valid_pr-0.7536
epoch-293, train_loss-0.1367, train_rmse-0.3697, valid_rmse-1.2179, valid_pr-0.7566
epoch-294, train_loss-0.1281, train_rmse-0.3578, valid_rmse-1.2177, valid_pr-0.7547
epoch-295, train_loss-0.1314, train_rmse-0.3625, valid_rmse-1.2338, valid_pr-0.7463
epoch-296, train_loss-0.1297, train_rmse-0.3601, valid_rmse-1.2258, valid_pr-0.7524
epoch-297, train_loss-0.1286, train_rmse-0.3586, valid_rmse-1.2308, valid_pr-0.7481
epoch-298, train_loss-0.1263, train_rmse-0.3554, valid_rmse-1.2227, valid_pr-0.7521
epoch-299, train_loss-0.1333, train_rmse-0.3651, valid_rmse-1.2187, valid_pr-0.7554
epoch-300, train_loss-0.1263, train_rmse-0.3554, valid_rmse-1.2176, valid_pr-0.7538
epoch-301, train_loss-0.1216, train_rmse-0.3487, valid_rmse-1.2076, valid_pr-0.7582
epoch-302, train_loss-0.1333, train_rmse-0.3651, valid_rmse-1.2179, valid_pr-0.7549
epoch-303, train_loss-0.1143, train_rmse-0.3381, valid_rmse-1.2361, valid_pr-0.7504
epoch-304, train_loss-0.1348, train_rmse-0.3671, valid_rmse-1.2090, valid_pr-0.7561
epoch-305, train_loss-0.1230, train_rmse-0.3507, valid_rmse-1.2424, valid_pr-0.7498
epoch-306, train_loss-0.1272, train_rmse-0.3566, valid_rmse-1.2179, valid_pr-0.7527
epoch-307, train_loss-0.1248, train_rmse-0.3533, valid_rmse-1.2121, valid_pr-0.7562
epoch-308, train_loss-0.1307, train_rmse-0.3615, valid_rmse-1.2141, valid_pr-0.7541
epoch-309, train_loss-0.1225, train_rmse-0.3500, valid_rmse-1.2182, valid_pr-0.7517
epoch-310, train_loss-0.1278, train_rmse-0.3575, valid_rmse-1.2181, valid_pr-0.7541
epoch-311, train_loss-0.1298, train_rmse-0.3603, valid_rmse-1.2150, valid_pr-0.7545
epoch-312, train_loss-0.1337, train_rmse-0.3656, valid_rmse-1.2120, valid_pr-0.7553
epoch-313, train_loss-0.1479, train_rmse-0.3845, valid_rmse-1.2161, valid_pr-0.7541
epoch-314, train_loss-0.1426, train_rmse-0.3777, valid_rmse-1.2220, valid_pr-0.7567
epoch-315, train_loss-0.1269, train_rmse-0.3562, valid_rmse-1.2213, valid_pr-0.7583
epoch-316, train_loss-0.1161, train_rmse-0.3407, valid_rmse-1.2228, valid_pr-0.7554
epoch-317, train_loss-0.1163, train_rmse-0.3411, valid_rmse-1.2163, valid_pr-0.7528
epoch-318, train_loss-0.1221, train_rmse-0.3494, valid_rmse-1.2132, valid_pr-0.7561
epoch-319, train_loss-0.1240, train_rmse-0.3521, valid_rmse-1.2258, valid_pr-0.7515
epoch-320, train_loss-0.1155, train_rmse-0.3399, valid_rmse-1.2156, valid_pr-0.7557
epoch-321, train_loss-0.1262, train_rmse-0.3553, valid_rmse-1.2195, valid_pr-0.7551
epoch-322, train_loss-0.1388, train_rmse-0.3726, valid_rmse-1.2196, valid_pr-0.7562
epoch-323, train_loss-0.1297, train_rmse-0.3602, valid_rmse-1.2100, valid_pr-0.7568
epoch-324, train_loss-0.1111, train_rmse-0.3333, valid_rmse-1.2118, valid_pr-0.7570
epoch-325, train_loss-0.1257, train_rmse-0.3545, valid_rmse-1.2167, valid_pr-0.7555
epoch-326, train_loss-0.1275, train_rmse-0.3571, valid_rmse-1.2211, valid_pr-0.7530
epoch-327, train_loss-0.1283, train_rmse-0.3583, valid_rmse-1.2112, valid_pr-0.7566
epoch-328, train_loss-0.1233, train_rmse-0.3511, valid_rmse-1.2089, valid_pr-0.7569
epoch-329, train_loss-0.1133, train_rmse-0.3366, valid_rmse-1.2258, valid_pr-0.7523
epoch-330, train_loss-0.1314, train_rmse-0.3625, valid_rmse-1.2233, valid_pr-0.7544
epoch-331, train_loss-0.1157, train_rmse-0.3401, valid_rmse-1.2081, valid_pr-0.7570
epoch-332, train_loss-0.1269, train_rmse-0.3562, valid_rmse-1.2156, valid_pr-0.7535
epoch-333, train_loss-0.1348, train_rmse-0.3671, valid_rmse-1.2265, valid_pr-0.7522
epoch-334, train_loss-0.1272, train_rmse-0.3566, valid_rmse-1.2177, valid_pr-0.7529
epoch-335, train_loss-0.1200, train_rmse-0.3464, valid_rmse-1.2283, valid_pr-0.7508
epoch-336, train_loss-0.1121, train_rmse-0.3348, valid_rmse-1.2282, valid_pr-0.7535
epoch-337, train_loss-0.1021, train_rmse-0.3195, valid_rmse-1.2140, valid_pr-0.7556
epoch-338, train_loss-0.1092, train_rmse-0.3305, valid_rmse-1.2135, valid_pr-0.7557
epoch-339, train_loss-0.1117, train_rmse-0.3342, valid_rmse-1.2187, valid_pr-0.7523
epoch-340, train_loss-0.1278, train_rmse-0.3574, valid_rmse-1.2241, valid_pr-0.7510
epoch-341, train_loss-0.1109, train_rmse-0.3330, valid_rmse-1.2407, valid_pr-0.7501
epoch-342, train_loss-0.1175, train_rmse-0.3428, valid_rmse-1.2191, valid_pr-0.7554
epoch-343, train_loss-0.1100, train_rmse-0.3317, valid_rmse-1.2079, valid_pr-0.7568
epoch-344, train_loss-0.1180, train_rmse-0.3435, valid_rmse-1.2148, valid_pr-0.7542
epoch-345, train_loss-0.0919, train_rmse-0.3032, valid_rmse-1.2105, valid_pr-0.7567
epoch-346, train_loss-0.1068, train_rmse-0.3268, valid_rmse-1.2104, valid_pr-0.7561
epoch-347, train_loss-0.0938, train_rmse-0.3063, valid_rmse-1.2080, valid_pr-0.7593
epoch-348, train_loss-0.1036, train_rmse-0.3219, valid_rmse-1.2150, valid_pr-0.7545
epoch-349, train_loss-0.0971, train_rmse-0.3117, valid_rmse-1.2112, valid_pr-0.7558
epoch-350, train_loss-0.0989, train_rmse-0.3145, valid_rmse-1.2088, valid_pr-0.7576
epoch-351, train_loss-0.0970, train_rmse-0.3114, valid_rmse-1.2151, valid_pr-0.7547
epoch-352, train_loss-0.1036, train_rmse-0.3219, valid_rmse-1.2115, valid_pr-0.7567
epoch-353, train_loss-0.0960, train_rmse-0.3099, valid_rmse-1.2105, valid_pr-0.7568
epoch-354, train_loss-0.0964, train_rmse-0.3105, valid_rmse-1.2120, valid_pr-0.7557
epoch-355, train_loss-0.0974, train_rmse-0.3121, valid_rmse-1.2121, valid_pr-0.7550
epoch-356, train_loss-0.0921, train_rmse-0.3035, valid_rmse-1.2106, valid_pr-0.7588
epoch-357, train_loss-0.0991, train_rmse-0.3149, valid_rmse-1.2112, valid_pr-0.7556
epoch-358, train_loss-0.0873, train_rmse-0.2955, valid_rmse-1.2129, valid_pr-0.7549
epoch-359, train_loss-0.1022, train_rmse-0.3198, valid_rmse-1.2101, valid_pr-0.7563
epoch-360, train_loss-0.0943, train_rmse-0.3071, valid_rmse-1.2134, valid_pr-0.7558
epoch-361, train_loss-0.1021, train_rmse-0.3196, valid_rmse-1.2199, valid_pr-0.7551
epoch-362, train_loss-0.0970, train_rmse-0.3114, valid_rmse-1.2088, valid_pr-0.7571
epoch-363, train_loss-0.0886, train_rmse-0.2977, valid_rmse-1.2039, valid_pr-0.7585
Validation : valid_rmse-1.2039, valid_pr-0.7585, 
test2013_rmse-1.3140, test2013_pr-0.8483, test2016_rmse-1.1733, test2016_pr-0.8494, test2019_rmse-1.3406, test2019_pr-0.6651
epoch-364, train_loss-0.0946, train_rmse-0.3076, valid_rmse-1.2172, valid_pr-0.7558
epoch-365, train_loss-0.0901, train_rmse-0.3001, valid_rmse-1.2085, valid_pr-0.7573
epoch-366, train_loss-0.0957, train_rmse-0.3094, valid_rmse-1.2105, valid_pr-0.7557
epoch-367, train_loss-0.1042, train_rmse-0.3228, valid_rmse-1.2091, valid_pr-0.7572
epoch-368, train_loss-0.1035, train_rmse-0.3217, valid_rmse-1.2073, valid_pr-0.7580
epoch-369, train_loss-0.1034, train_rmse-0.3216, valid_rmse-1.2162, valid_pr-0.7555
epoch-370, train_loss-0.0972, train_rmse-0.3118, valid_rmse-1.2042, valid_pr-0.7587
epoch-371, train_loss-0.0988, train_rmse-0.3143, valid_rmse-1.2055, valid_pr-0.7581
epoch-372, train_loss-0.1019, train_rmse-0.3192, valid_rmse-1.2126, valid_pr-0.7550
epoch-373, train_loss-0.1028, train_rmse-0.3206, valid_rmse-1.2147, valid_pr-0.7563
epoch-374, train_loss-0.0962, train_rmse-0.3102, valid_rmse-1.2036, valid_pr-0.7593
Validation : valid_rmse-1.2036, valid_pr-0.7593, 
test2013_rmse-1.3010, test2013_pr-0.8497, test2016_rmse-1.1612, test2016_pr-0.8513, test2019_rmse-1.3502, test2019_pr-0.6611
epoch-375, train_loss-0.0982, train_rmse-0.3133, valid_rmse-1.2119, valid_pr-0.7552
epoch-376, train_loss-0.0898, train_rmse-0.2997, valid_rmse-1.2065, valid_pr-0.7577
epoch-377, train_loss-0.0884, train_rmse-0.2973, valid_rmse-1.2020, valid_pr-0.7600
Validation : valid_rmse-1.2020, valid_pr-0.7600, 
test2013_rmse-1.2944, test2013_pr-0.8502, test2016_rmse-1.1635, test2016_pr-0.8497, test2019_rmse-1.3420, test2019_pr-0.6672
epoch-378, train_loss-0.0938, train_rmse-0.3063, valid_rmse-1.2108, valid_pr-0.7594
epoch-379, train_loss-0.0961, train_rmse-0.3101, valid_rmse-1.2032, valid_pr-0.7608
epoch-380, train_loss-0.1077, train_rmse-0.3281, valid_rmse-1.1989, valid_pr-0.7605
Validation : valid_rmse-1.1989, valid_pr-0.7605, 
test2013_rmse-1.3010, test2013_pr-0.8512, test2016_rmse-1.1658, test2016_pr-0.8509, test2019_rmse-1.3440, test2019_pr-0.6630
epoch-381, train_loss-0.0983, train_rmse-0.3136, valid_rmse-1.2064, valid_pr-0.7582
epoch-382, train_loss-0.1016, train_rmse-0.3187, valid_rmse-1.2031, valid_pr-0.7605
epoch-383, train_loss-0.1036, train_rmse-0.3219, valid_rmse-1.2012, valid_pr-0.7594
epoch-384, train_loss-0.1041, train_rmse-0.3226, valid_rmse-1.2091, valid_pr-0.7576
epoch-385, train_loss-0.0932, train_rmse-0.3053, valid_rmse-1.2095, valid_pr-0.7562
epoch-386, train_loss-0.0947, train_rmse-0.3077, valid_rmse-1.2112, valid_pr-0.7562
epoch-387, train_loss-0.0943, train_rmse-0.3071, valid_rmse-1.1997, valid_pr-0.7618
epoch-388, train_loss-0.0903, train_rmse-0.3004, valid_rmse-1.2097, valid_pr-0.7565
epoch-389, train_loss-0.0989, train_rmse-0.3145, valid_rmse-1.2026, valid_pr-0.7600
epoch-390, train_loss-0.1033, train_rmse-0.3214, valid_rmse-1.2072, valid_pr-0.7578
epoch-391, train_loss-0.0912, train_rmse-0.3020, valid_rmse-1.2076, valid_pr-0.7586
epoch-392, train_loss-0.0956, train_rmse-0.3092, valid_rmse-1.2070, valid_pr-0.7567
epoch-393, train_loss-0.0932, train_rmse-0.3053, valid_rmse-1.2060, valid_pr-0.7574
epoch-394, train_loss-0.0952, train_rmse-0.3086, valid_rmse-1.2139, valid_pr-0.7581
epoch-395, train_loss-0.0946, train_rmse-0.3076, valid_rmse-1.2087, valid_pr-0.7561
epoch-396, train_loss-0.0956, train_rmse-0.3093, valid_rmse-1.2112, valid_pr-0.7578
epoch-397, train_loss-0.0919, train_rmse-0.3031, valid_rmse-1.2008, valid_pr-0.7600
epoch-398, train_loss-0.0868, train_rmse-0.2946, valid_rmse-1.2032, valid_pr-0.7595
epoch-399, train_loss-0.0987, train_rmse-0.3141, valid_rmse-1.2088, valid_pr-0.7574
epoch-400, train_loss-0.1035, train_rmse-0.3217, valid_rmse-1.2047, valid_pr-0.7590
epoch-401, train_loss-0.0956, train_rmse-0.3092, valid_rmse-1.2101, valid_pr-0.7568
epoch-402, train_loss-0.0955, train_rmse-0.3090, valid_rmse-1.1981, valid_pr-0.7621
Validation : valid_rmse-1.1981, valid_pr-0.7621, 
test2013_rmse-1.2678, test2013_pr-0.8569, test2016_rmse-1.1416, test2016_pr-0.8551, test2019_rmse-1.3499, test2019_pr-0.6641
epoch-403, train_loss-0.0863, train_rmse-0.2937, valid_rmse-1.2072, valid_pr-0.7572
epoch-404, train_loss-0.0922, train_rmse-0.3036, valid_rmse-1.1992, valid_pr-0.7611
epoch-405, train_loss-0.0970, train_rmse-0.3114, valid_rmse-1.2052, valid_pr-0.7579
epoch-406, train_loss-0.0986, train_rmse-0.3140, valid_rmse-1.2040, valid_pr-0.7596
epoch-407, train_loss-0.0951, train_rmse-0.3084, valid_rmse-1.2009, valid_pr-0.7603
epoch-408, train_loss-0.0853, train_rmse-0.2921, valid_rmse-1.1987, valid_pr-0.7612
epoch-409, train_loss-0.0880, train_rmse-0.2966, valid_rmse-1.2027, valid_pr-0.7594
epoch-410, train_loss-0.0932, train_rmse-0.3054, valid_rmse-1.2008, valid_pr-0.7617
epoch-411, train_loss-0.0872, train_rmse-0.2952, valid_rmse-1.2013, valid_pr-0.7596
epoch-412, train_loss-0.0877, train_rmse-0.2962, valid_rmse-1.2042, valid_pr-0.7588
epoch-413, train_loss-0.1011, train_rmse-0.3180, valid_rmse-1.2028, valid_pr-0.7596
epoch-414, train_loss-0.1095, train_rmse-0.3310, valid_rmse-1.2076, valid_pr-0.7577
epoch-415, train_loss-0.0978, train_rmse-0.3128, valid_rmse-1.2015, valid_pr-0.7601
epoch-416, train_loss-0.1043, train_rmse-0.3230, valid_rmse-1.2120, valid_pr-0.7564
epoch-417, train_loss-0.0864, train_rmse-0.2940, valid_rmse-1.2037, valid_pr-0.7585
epoch-418, train_loss-0.0904, train_rmse-0.3006, valid_rmse-1.2029, valid_pr-0.7590
epoch-419, train_loss-0.0953, train_rmse-0.3088, valid_rmse-1.2049, valid_pr-0.7588
epoch-420, train_loss-0.0861, train_rmse-0.2934, valid_rmse-1.2083, valid_pr-0.7568
epoch-421, train_loss-0.0941, train_rmse-0.3067, valid_rmse-1.2081, valid_pr-0.7596
epoch-422, train_loss-0.0873, train_rmse-0.2955, valid_rmse-1.2051, valid_pr-0.7588
epoch-423, train_loss-0.0938, train_rmse-0.3063, valid_rmse-1.2101, valid_pr-0.7592
epoch-424, train_loss-0.0807, train_rmse-0.2841, valid_rmse-1.2035, valid_pr-0.7601
epoch-425, train_loss-0.0870, train_rmse-0.2950, valid_rmse-1.1995, valid_pr-0.7615
epoch-426, train_loss-0.0910, train_rmse-0.3016, valid_rmse-1.2018, valid_pr-0.7594
epoch-427, train_loss-0.0932, train_rmse-0.3052, valid_rmse-1.2028, valid_pr-0.7592
epoch-428, train_loss-0.0939, train_rmse-0.3064, valid_rmse-1.2030, valid_pr-0.7607
epoch-429, train_loss-0.0899, train_rmse-0.2999, valid_rmse-1.2124, valid_pr-0.7576
epoch-430, train_loss-0.0890, train_rmse-0.2983, valid_rmse-1.2089, valid_pr-0.7566
epoch-431, train_loss-0.0923, train_rmse-0.3037, valid_rmse-1.2017, valid_pr-0.7599
epoch-432, train_loss-0.0904, train_rmse-0.3007, valid_rmse-1.2044, valid_pr-0.7593
epoch-433, train_loss-0.0923, train_rmse-0.3037, valid_rmse-1.2082, valid_pr-0.7594
epoch-434, train_loss-0.0939, train_rmse-0.3064, valid_rmse-1.2073, valid_pr-0.7567
epoch-435, train_loss-0.0964, train_rmse-0.3105, valid_rmse-1.2083, valid_pr-0.7575
epoch-436, train_loss-0.0976, train_rmse-0.3124, valid_rmse-1.2065, valid_pr-0.7596
epoch-437, train_loss-0.0912, train_rmse-0.3021, valid_rmse-1.2026, valid_pr-0.7596
epoch-438, train_loss-0.0925, train_rmse-0.3041, valid_rmse-1.2041, valid_pr-0.7593
epoch-439, train_loss-0.0919, train_rmse-0.3031, valid_rmse-1.2061, valid_pr-0.7576
epoch-440, train_loss-0.0984, train_rmse-0.3138, valid_rmse-1.2036, valid_pr-0.7591
epoch-441, train_loss-0.1043, train_rmse-0.3230, valid_rmse-1.2135, valid_pr-0.7575
epoch-442, train_loss-0.0906, train_rmse-0.3010, valid_rmse-1.2011, valid_pr-0.7601
epoch-443, train_loss-0.0916, train_rmse-0.3027, valid_rmse-1.2073, valid_pr-0.7573
epoch-444, train_loss-0.0914, train_rmse-0.3023, valid_rmse-1.2018, valid_pr-0.7596
epoch-445, train_loss-0.0968, train_rmse-0.3111, valid_rmse-1.2033, valid_pr-0.7587
epoch-446, train_loss-0.0867, train_rmse-0.2945, valid_rmse-1.2085, valid_pr-0.7564
epoch-447, train_loss-0.0937, train_rmse-0.3061, valid_rmse-1.2054, valid_pr-0.7578
epoch-448, train_loss-0.0931, train_rmse-0.3051, valid_rmse-1.2118, valid_pr-0.7580
epoch-449, train_loss-0.1063, train_rmse-0.3260, valid_rmse-1.2148, valid_pr-0.7576
epoch-450, train_loss-0.0946, train_rmse-0.3075, valid_rmse-1.2145, valid_pr-0.7563
epoch-451, train_loss-0.0893, train_rmse-0.2988, valid_rmse-1.2072, valid_pr-0.7572
epoch-452, train_loss-0.0907, train_rmse-0.3012, valid_rmse-1.2099, valid_pr-0.7560
epoch-453, train_loss-0.0856, train_rmse-0.2925, valid_rmse-1.2059, valid_pr-0.7583
epoch-454, train_loss-0.0839, train_rmse-0.2896, valid_rmse-1.2051, valid_pr-0.7582
epoch-455, train_loss-0.0833, train_rmse-0.2886, valid_rmse-1.2013, valid_pr-0.7598
epoch-456, train_loss-0.0828, train_rmse-0.2878, valid_rmse-1.1983, valid_pr-0.7609
epoch-457, train_loss-0.0832, train_rmse-0.2884, valid_rmse-1.2009, valid_pr-0.7602
epoch-458, train_loss-0.0858, train_rmse-0.2929, valid_rmse-1.2019, valid_pr-0.7595
epoch-459, train_loss-0.0801, train_rmse-0.2831, valid_rmse-1.2059, valid_pr-0.7587
epoch-460, train_loss-0.0801, train_rmse-0.2830, valid_rmse-1.2018, valid_pr-0.7594
epoch-461, train_loss-0.0787, train_rmse-0.2806, valid_rmse-1.1956, valid_pr-0.7620
Validation : valid_rmse-1.1956, valid_pr-0.7620, 
test2013_rmse-1.3166, test2013_pr-0.8507, test2016_rmse-1.1715, test2016_pr-0.8516, test2019_rmse-1.3377, test2019_pr-0.6648
epoch-462, train_loss-0.0869, train_rmse-0.2947, valid_rmse-1.1998, valid_pr-0.7601
epoch-463, train_loss-0.0824, train_rmse-0.2871, valid_rmse-1.2031, valid_pr-0.7600
epoch-464, train_loss-0.0936, train_rmse-0.3059, valid_rmse-1.2064, valid_pr-0.7591
epoch-465, train_loss-0.0807, train_rmse-0.2841, valid_rmse-1.1988, valid_pr-0.7608
epoch-466, train_loss-0.0770, train_rmse-0.2774, valid_rmse-1.2049, valid_pr-0.7580
epoch-467, train_loss-0.0852, train_rmse-0.2919, valid_rmse-1.2000, valid_pr-0.7604
epoch-468, train_loss-0.0831, train_rmse-0.2883, valid_rmse-1.2035, valid_pr-0.7588
epoch-469, train_loss-0.0842, train_rmse-0.2902, valid_rmse-1.2052, valid_pr-0.7585
epoch-470, train_loss-0.0840, train_rmse-0.2899, valid_rmse-1.2061, valid_pr-0.7577
epoch-471, train_loss-0.0806, train_rmse-0.2839, valid_rmse-1.2028, valid_pr-0.7593
epoch-472, train_loss-0.0802, train_rmse-0.2832, valid_rmse-1.2030, valid_pr-0.7594
epoch-473, train_loss-0.0846, train_rmse-0.2908, valid_rmse-1.2004, valid_pr-0.7600
epoch-474, train_loss-0.0837, train_rmse-0.2892, valid_rmse-1.2010, valid_pr-0.7601
epoch-475, train_loss-0.0810, train_rmse-0.2847, valid_rmse-1.2053, valid_pr-0.7597
epoch-476, train_loss-0.0859, train_rmse-0.2931, valid_rmse-1.2037, valid_pr-0.7601
epoch-477, train_loss-0.0860, train_rmse-0.2932, valid_rmse-1.2022, valid_pr-0.7594
epoch-478, train_loss-0.0813, train_rmse-0.2851, valid_rmse-1.2047, valid_pr-0.7587
epoch-479, train_loss-0.0825, train_rmse-0.2872, valid_rmse-1.2021, valid_pr-0.7601
epoch-480, train_loss-0.0768, train_rmse-0.2771, valid_rmse-1.2050, valid_pr-0.7589
epoch-481, train_loss-0.0897, train_rmse-0.2996, valid_rmse-1.1993, valid_pr-0.7605
epoch-482, train_loss-0.0780, train_rmse-0.2792, valid_rmse-1.1960, valid_pr-0.7621
epoch-483, train_loss-0.0801, train_rmse-0.2830, valid_rmse-1.1944, valid_pr-0.7626
Validation : valid_rmse-1.1944, valid_pr-0.7626, 
test2013_rmse-1.2974, test2013_pr-0.8528, test2016_rmse-1.1630, test2016_pr-0.8518, test2019_rmse-1.3369, test2019_pr-0.6673
epoch-484, train_loss-0.0845, train_rmse-0.2908, valid_rmse-1.2005, valid_pr-0.7603
epoch-485, train_loss-0.0755, train_rmse-0.2748, valid_rmse-1.1991, valid_pr-0.7606
epoch-486, train_loss-0.0785, train_rmse-0.2801, valid_rmse-1.2037, valid_pr-0.7599
epoch-487, train_loss-0.0874, train_rmse-0.2956, valid_rmse-1.2015, valid_pr-0.7602
epoch-488, train_loss-0.0840, train_rmse-0.2898, valid_rmse-1.2017, valid_pr-0.7602
epoch-489, train_loss-0.0842, train_rmse-0.2902, valid_rmse-1.2020, valid_pr-0.7608
epoch-490, train_loss-0.0858, train_rmse-0.2928, valid_rmse-1.2014, valid_pr-0.7598
epoch-491, train_loss-0.0819, train_rmse-0.2861, valid_rmse-1.2005, valid_pr-0.7603
epoch-492, train_loss-0.0748, train_rmse-0.2735, valid_rmse-1.2013, valid_pr-0.7594
epoch-493, train_loss-0.0770, train_rmse-0.2774, valid_rmse-1.1997, valid_pr-0.7617
epoch-494, train_loss-0.0788, train_rmse-0.2807, valid_rmse-1.2081, valid_pr-0.7601
epoch-495, train_loss-0.0849, train_rmse-0.2913, valid_rmse-1.1998, valid_pr-0.7601
epoch-496, train_loss-0.0746, train_rmse-0.2731, valid_rmse-1.2019, valid_pr-0.7610
epoch-497, train_loss-0.0773, train_rmse-0.2780, valid_rmse-1.1969, valid_pr-0.7618
epoch-498, train_loss-0.0769, train_rmse-0.2774, valid_rmse-1.2022, valid_pr-0.7602
epoch-499, train_loss-0.0881, train_rmse-0.2969, valid_rmse-1.1991, valid_pr-0.7619
epoch-500, train_loss-0.0869, train_rmse-0.2948, valid_rmse-1.2002, valid_pr-0.7606
epoch-501, train_loss-0.0832, train_rmse-0.2885, valid_rmse-1.1986, valid_pr-0.7610
epoch-502, train_loss-0.0786, train_rmse-0.2803, valid_rmse-1.1993, valid_pr-0.7610
epoch-503, train_loss-0.0766, train_rmse-0.2768, valid_rmse-1.2016, valid_pr-0.7598
epoch-504, train_loss-0.0833, train_rmse-0.2886, valid_rmse-1.2007, valid_pr-0.7602
epoch-505, train_loss-0.0763, train_rmse-0.2762, valid_rmse-1.2016, valid_pr-0.7596
epoch-506, train_loss-0.0784, train_rmse-0.2801, valid_rmse-1.1984, valid_pr-0.7609
epoch-507, train_loss-0.0815, train_rmse-0.2854, valid_rmse-1.1989, valid_pr-0.7613
epoch-508, train_loss-0.0842, train_rmse-0.2901, valid_rmse-1.1987, valid_pr-0.7611
epoch-509, train_loss-0.0812, train_rmse-0.2849, valid_rmse-1.1966, valid_pr-0.7631
epoch-510, train_loss-0.0854, train_rmse-0.2923, valid_rmse-1.1966, valid_pr-0.7619
epoch-511, train_loss-0.0856, train_rmse-0.2925, valid_rmse-1.1982, valid_pr-0.7611
epoch-512, train_loss-0.0842, train_rmse-0.2902, valid_rmse-1.1983, valid_pr-0.7618
epoch-513, train_loss-0.0781, train_rmse-0.2795, valid_rmse-1.1983, valid_pr-0.7613
epoch-514, train_loss-0.0802, train_rmse-0.2831, valid_rmse-1.1942, valid_pr-0.7633
Validation : valid_rmse-1.1942, valid_pr-0.7633, 
test2013_rmse-1.2983, test2013_pr-0.8526, test2016_rmse-1.1630, test2016_pr-0.8529, test2019_rmse-1.3402, test2019_pr-0.6653
epoch-515, train_loss-0.0843, train_rmse-0.2904, valid_rmse-1.1968, valid_pr-0.7619
epoch-516, train_loss-0.0833, train_rmse-0.2886, valid_rmse-1.1953, valid_pr-0.7622
epoch-517, train_loss-0.0765, train_rmse-0.2765, valid_rmse-1.1998, valid_pr-0.7610
epoch-518, train_loss-0.0745, train_rmse-0.2729, valid_rmse-1.2014, valid_pr-0.7599
epoch-519, train_loss-0.0749, train_rmse-0.2737, valid_rmse-1.1997, valid_pr-0.7612
epoch-520, train_loss-0.0785, train_rmse-0.2801, valid_rmse-1.1998, valid_pr-0.7603
epoch-521, train_loss-0.0904, train_rmse-0.3006, valid_rmse-1.1982, valid_pr-0.7623
epoch-522, train_loss-0.0941, train_rmse-0.3067, valid_rmse-1.2000, valid_pr-0.7603
epoch-523, train_loss-0.0928, train_rmse-0.3046, valid_rmse-1.1977, valid_pr-0.7632
epoch-524, train_loss-0.0803, train_rmse-0.2833, valid_rmse-1.1973, valid_pr-0.7624
epoch-525, train_loss-0.0763, train_rmse-0.2763, valid_rmse-1.1985, valid_pr-0.7630
epoch-526, train_loss-0.0849, train_rmse-0.2914, valid_rmse-1.1960, valid_pr-0.7620
epoch-527, train_loss-0.0813, train_rmse-0.2851, valid_rmse-1.1998, valid_pr-0.7605
epoch-528, train_loss-0.0850, train_rmse-0.2916, valid_rmse-1.1966, valid_pr-0.7618
epoch-529, train_loss-0.0770, train_rmse-0.2775, valid_rmse-1.1973, valid_pr-0.7624
epoch-530, train_loss-0.0803, train_rmse-0.2834, valid_rmse-1.1961, valid_pr-0.7623
epoch-531, train_loss-0.0739, train_rmse-0.2719, valid_rmse-1.1991, valid_pr-0.7608
epoch-532, train_loss-0.0783, train_rmse-0.2797, valid_rmse-1.1975, valid_pr-0.7613
epoch-533, train_loss-0.0801, train_rmse-0.2830, valid_rmse-1.1980, valid_pr-0.7617
epoch-534, train_loss-0.0821, train_rmse-0.2865, valid_rmse-1.2033, valid_pr-0.7590
epoch-535, train_loss-0.0732, train_rmse-0.2706, valid_rmse-1.1970, valid_pr-0.7619
epoch-536, train_loss-0.0915, train_rmse-0.3025, valid_rmse-1.1975, valid_pr-0.7616
epoch-537, train_loss-0.0838, train_rmse-0.2895, valid_rmse-1.1987, valid_pr-0.7607
epoch-538, train_loss-0.0730, train_rmse-0.2701, valid_rmse-1.1988, valid_pr-0.7612
epoch-539, train_loss-0.0854, train_rmse-0.2923, valid_rmse-1.1997, valid_pr-0.7604
epoch-540, train_loss-0.0829, train_rmse-0.2880, valid_rmse-1.2015, valid_pr-0.7596
epoch-541, train_loss-0.0755, train_rmse-0.2747, valid_rmse-1.2003, valid_pr-0.7599
epoch-542, train_loss-0.0739, train_rmse-0.2719, valid_rmse-1.2013, valid_pr-0.7600
epoch-543, train_loss-0.0768, train_rmse-0.2770, valid_rmse-1.1975, valid_pr-0.7615
epoch-544, train_loss-0.0744, train_rmse-0.2727, valid_rmse-1.2009, valid_pr-0.7604
epoch-545, train_loss-0.0863, train_rmse-0.2937, valid_rmse-1.1981, valid_pr-0.7616
epoch-546, train_loss-0.0839, train_rmse-0.2897, valid_rmse-1.1970, valid_pr-0.7615
epoch-547, train_loss-0.0814, train_rmse-0.2852, valid_rmse-1.1977, valid_pr-0.7611
epoch-548, train_loss-0.0800, train_rmse-0.2829, valid_rmse-1.1948, valid_pr-0.7624
epoch-549, train_loss-0.0910, train_rmse-0.3017, valid_rmse-1.2031, valid_pr-0.7611
epoch-550, train_loss-0.0748, train_rmse-0.2736, valid_rmse-1.1943, valid_pr-0.7627
epoch-551, train_loss-0.0801, train_rmse-0.2831, valid_rmse-1.1987, valid_pr-0.7613
epoch-552, train_loss-0.0763, train_rmse-0.2763, valid_rmse-1.2034, valid_pr-0.7587
epoch-553, train_loss-0.0793, train_rmse-0.2816, valid_rmse-1.2047, valid_pr-0.7583
epoch-554, train_loss-0.0796, train_rmse-0.2822, valid_rmse-1.1986, valid_pr-0.7607
epoch-555, train_loss-0.0892, train_rmse-0.2987, valid_rmse-1.1975, valid_pr-0.7612
epoch-556, train_loss-0.0719, train_rmse-0.2682, valid_rmse-1.2046, valid_pr-0.7586
epoch-557, train_loss-0.0871, train_rmse-0.2951, valid_rmse-1.2014, valid_pr-0.7601
epoch-558, train_loss-0.0845, train_rmse-0.2907, valid_rmse-1.2016, valid_pr-0.7599
epoch-559, train_loss-0.0870, train_rmse-0.2949, valid_rmse-1.2013, valid_pr-0.7596
epoch-560, train_loss-0.0747, train_rmse-0.2734, valid_rmse-1.2015, valid_pr-0.7594
epoch-561, train_loss-0.0776, train_rmse-0.2786, valid_rmse-1.2031, valid_pr-0.7592
epoch-562, train_loss-0.0840, train_rmse-0.2898, valid_rmse-1.1975, valid_pr-0.7613
epoch-563, train_loss-0.0779, train_rmse-0.2791, valid_rmse-1.2061, valid_pr-0.7582
epoch-564, train_loss-0.0785, train_rmse-0.2802, valid_rmse-1.1996, valid_pr-0.7606
epoch-565, train_loss-0.0798, train_rmse-0.2825, valid_rmse-1.1996, valid_pr-0.7608
epoch-566, train_loss-0.0815, train_rmse-0.2855, valid_rmse-1.1987, valid_pr-0.7612
epoch-567, train_loss-0.0758, train_rmse-0.2754, valid_rmse-1.1961, valid_pr-0.7622
epoch-568, train_loss-0.0724, train_rmse-0.2690, valid_rmse-1.1951, valid_pr-0.7624
epoch-569, train_loss-0.0743, train_rmse-0.2727, valid_rmse-1.1996, valid_pr-0.7618
epoch-570, train_loss-0.0832, train_rmse-0.2884, valid_rmse-1.1970, valid_pr-0.7619
epoch-571, train_loss-0.0704, train_rmse-0.2653, valid_rmse-1.1975, valid_pr-0.7614
epoch-572, train_loss-0.0700, train_rmse-0.2646, valid_rmse-1.1962, valid_pr-0.7619
epoch-573, train_loss-0.0722, train_rmse-0.2688, valid_rmse-1.1987, valid_pr-0.7621
epoch-574, train_loss-0.0734, train_rmse-0.2708, valid_rmse-1.1973, valid_pr-0.7617
epoch-575, train_loss-0.0808, train_rmse-0.2843, valid_rmse-1.1955, valid_pr-0.7623
epoch-576, train_loss-0.0700, train_rmse-0.2645, valid_rmse-1.1969, valid_pr-0.7615
epoch-577, train_loss-0.0722, train_rmse-0.2687, valid_rmse-1.1979, valid_pr-0.7611
epoch-578, train_loss-0.0717, train_rmse-0.2677, valid_rmse-1.2013, valid_pr-0.7609
epoch-579, train_loss-0.0723, train_rmse-0.2689, valid_rmse-1.2003, valid_pr-0.7606
epoch-580, train_loss-0.0750, train_rmse-0.2739, valid_rmse-1.2023, valid_pr-0.7593
epoch-581, train_loss-0.0774, train_rmse-0.2782, valid_rmse-1.1968, valid_pr-0.7623
epoch-582, train_loss-0.0637, train_rmse-0.2525, valid_rmse-1.1974, valid_pr-0.7616
epoch-583, train_loss-0.0755, train_rmse-0.2748, valid_rmse-1.1947, valid_pr-0.7626
epoch-584, train_loss-0.0733, train_rmse-0.2707, valid_rmse-1.1985, valid_pr-0.7614
epoch-585, train_loss-0.0772, train_rmse-0.2778, valid_rmse-1.1941, valid_pr-0.7627
Validation : valid_rmse-1.1941, valid_pr-0.7627, 
test2013_rmse-1.2877, test2013_pr-0.8582, test2016_rmse-1.1514, test2016_pr-0.8577, test2019_rmse-1.3366, test2019_pr-0.6661
epoch-586, train_loss-0.0791, train_rmse-0.2813, valid_rmse-1.1985, valid_pr-0.7622
epoch-587, train_loss-0.0717, train_rmse-0.2678, valid_rmse-1.1963, valid_pr-0.7619
epoch-588, train_loss-0.0731, train_rmse-0.2704, valid_rmse-1.2020, valid_pr-0.7623
epoch-589, train_loss-0.0785, train_rmse-0.2802, valid_rmse-1.1947, valid_pr-0.7631
epoch-590, train_loss-0.0680, train_rmse-0.2607, valid_rmse-1.1961, valid_pr-0.7619
epoch-591, train_loss-0.0714, train_rmse-0.2673, valid_rmse-1.1979, valid_pr-0.7612
epoch-592, train_loss-0.0698, train_rmse-0.2641, valid_rmse-1.1999, valid_pr-0.7618
epoch-593, train_loss-0.0796, train_rmse-0.2821, valid_rmse-1.1952, valid_pr-0.7624
epoch-594, train_loss-0.0738, train_rmse-0.2716, valid_rmse-1.1980, valid_pr-0.7618
epoch-595, train_loss-0.0751, train_rmse-0.2740, valid_rmse-1.2006, valid_pr-0.7608
epoch-596, train_loss-0.0741, train_rmse-0.2722, valid_rmse-1.1977, valid_pr-0.7622
epoch-597, train_loss-0.0689, train_rmse-0.2625, valid_rmse-1.1983, valid_pr-0.7613
epoch-598, train_loss-0.0717, train_rmse-0.2679, valid_rmse-1.1966, valid_pr-0.7618
epoch-599, train_loss-0.0822, train_rmse-0.2868, valid_rmse-1.1971, valid_pr-0.7616
epoch-600, train_loss-0.0773, train_rmse-0.2779, valid_rmse-1.1967, valid_pr-0.7617
epoch-601, train_loss-0.0805, train_rmse-0.2837, valid_rmse-1.1957, valid_pr-0.7622
epoch-602, train_loss-0.0749, train_rmse-0.2737, valid_rmse-1.1980, valid_pr-0.7614
epoch-603, train_loss-0.0707, train_rmse-0.2660, valid_rmse-1.1960, valid_pr-0.7623
epoch-604, train_loss-0.0827, train_rmse-0.2876, valid_rmse-1.1931, valid_pr-0.7632
Validation : valid_rmse-1.1931, valid_pr-0.7632, 
test2013_rmse-1.2989, test2013_pr-0.8545, test2016_rmse-1.1552, test2016_pr-0.8560, test2019_rmse-1.3404, test2019_pr-0.6642
epoch-605, train_loss-0.0666, train_rmse-0.2580, valid_rmse-1.1988, valid_pr-0.7615
epoch-606, train_loss-0.0803, train_rmse-0.2834, valid_rmse-1.1958, valid_pr-0.7619
epoch-607, train_loss-0.0725, train_rmse-0.2692, valid_rmse-1.1953, valid_pr-0.7624
epoch-608, train_loss-0.0757, train_rmse-0.2751, valid_rmse-1.1989, valid_pr-0.7626
epoch-609, train_loss-0.0812, train_rmse-0.2849, valid_rmse-1.1948, valid_pr-0.7625
epoch-610, train_loss-0.0757, train_rmse-0.2752, valid_rmse-1.1973, valid_pr-0.7626
epoch-611, train_loss-0.0716, train_rmse-0.2676, valid_rmse-1.1946, valid_pr-0.7633
epoch-612, train_loss-0.0740, train_rmse-0.2721, valid_rmse-1.1954, valid_pr-0.7629
epoch-613, train_loss-0.0779, train_rmse-0.2790, valid_rmse-1.1961, valid_pr-0.7634
epoch-614, train_loss-0.0703, train_rmse-0.2651, valid_rmse-1.1979, valid_pr-0.7623
epoch-615, train_loss-0.0766, train_rmse-0.2768, valid_rmse-1.1938, valid_pr-0.7631
epoch-616, train_loss-0.0808, train_rmse-0.2842, valid_rmse-1.1946, valid_pr-0.7627
epoch-617, train_loss-0.0706, train_rmse-0.2657, valid_rmse-1.1948, valid_pr-0.7625
epoch-618, train_loss-0.0650, train_rmse-0.2549, valid_rmse-1.1953, valid_pr-0.7623
epoch-619, train_loss-0.0705, train_rmse-0.2655, valid_rmse-1.1949, valid_pr-0.7627
epoch-620, train_loss-0.0719, train_rmse-0.2681, valid_rmse-1.1957, valid_pr-0.7623
epoch-621, train_loss-0.0817, train_rmse-0.2858, valid_rmse-1.1979, valid_pr-0.7613
epoch-622, train_loss-0.0771, train_rmse-0.2776, valid_rmse-1.1954, valid_pr-0.7621
epoch-623, train_loss-0.0724, train_rmse-0.2690, valid_rmse-1.1962, valid_pr-0.7620
epoch-624, train_loss-0.0765, train_rmse-0.2765, valid_rmse-1.1960, valid_pr-0.7623
epoch-625, train_loss-0.0808, train_rmse-0.2842, valid_rmse-1.1933, valid_pr-0.7631
epoch-626, train_loss-0.0716, train_rmse-0.2676, valid_rmse-1.1940, valid_pr-0.7631
epoch-627, train_loss-0.0779, train_rmse-0.2791, valid_rmse-1.1942, valid_pr-0.7634
epoch-628, train_loss-0.0742, train_rmse-0.2724, valid_rmse-1.1945, valid_pr-0.7626
epoch-629, train_loss-0.0706, train_rmse-0.2657, valid_rmse-1.1988, valid_pr-0.7627
epoch-630, train_loss-0.0703, train_rmse-0.2651, valid_rmse-1.1951, valid_pr-0.7623
epoch-631, train_loss-0.0750, train_rmse-0.2739, valid_rmse-1.1967, valid_pr-0.7629
epoch-632, train_loss-0.0717, train_rmse-0.2678, valid_rmse-1.2023, valid_pr-0.7619
epoch-633, train_loss-0.0736, train_rmse-0.2713, valid_rmse-1.1939, valid_pr-0.7629
epoch-634, train_loss-0.0752, train_rmse-0.2743, valid_rmse-1.1895, valid_pr-0.7648
Validation : valid_rmse-1.1895, valid_pr-0.7648, 
test2013_rmse-1.2813, test2013_pr-0.8572, test2016_rmse-1.1457, test2016_pr-0.8577, test2019_rmse-1.3386, test2019_pr-0.6664
epoch-635, train_loss-0.0747, train_rmse-0.2733, valid_rmse-1.1957, valid_pr-0.7625
epoch-636, train_loss-0.0718, train_rmse-0.2679, valid_rmse-1.1969, valid_pr-0.7627
epoch-637, train_loss-0.0667, train_rmse-0.2582, valid_rmse-1.1926, valid_pr-0.7637
epoch-638, train_loss-0.0736, train_rmse-0.2712, valid_rmse-1.1934, valid_pr-0.7634
epoch-639, train_loss-0.0746, train_rmse-0.2732, valid_rmse-1.1938, valid_pr-0.7638
epoch-640, train_loss-0.0756, train_rmse-0.2749, valid_rmse-1.1933, valid_pr-0.7632
epoch-641, train_loss-0.0745, train_rmse-0.2730, valid_rmse-1.1950, valid_pr-0.7631
epoch-642, train_loss-0.0692, train_rmse-0.2630, valid_rmse-1.1932, valid_pr-0.7634
epoch-643, train_loss-0.0738, train_rmse-0.2716, valid_rmse-1.1928, valid_pr-0.7642
epoch-644, train_loss-0.0712, train_rmse-0.2669, valid_rmse-1.1930, valid_pr-0.7637
epoch-645, train_loss-0.0660, train_rmse-0.2568, valid_rmse-1.1943, valid_pr-0.7631
epoch-646, train_loss-0.0750, train_rmse-0.2738, valid_rmse-1.1960, valid_pr-0.7632
epoch-647, train_loss-0.0704, train_rmse-0.2653, valid_rmse-1.1963, valid_pr-0.7619
epoch-648, train_loss-0.0755, train_rmse-0.2747, valid_rmse-1.1950, valid_pr-0.7624
epoch-649, train_loss-0.0761, train_rmse-0.2759, valid_rmse-1.1944, valid_pr-0.7632
epoch-650, train_loss-0.0700, train_rmse-0.2646, valid_rmse-1.1933, valid_pr-0.7634
epoch-651, train_loss-0.0757, train_rmse-0.2751, valid_rmse-1.1960, valid_pr-0.7634
epoch-652, train_loss-0.0748, train_rmse-0.2734, valid_rmse-1.1954, valid_pr-0.7624
epoch-653, train_loss-0.0705, train_rmse-0.2654, valid_rmse-1.1939, valid_pr-0.7627
epoch-654, train_loss-0.0707, train_rmse-0.2659, valid_rmse-1.1951, valid_pr-0.7623
epoch-655, train_loss-0.0743, train_rmse-0.2725, valid_rmse-1.1966, valid_pr-0.7619
epoch-656, train_loss-0.0731, train_rmse-0.2704, valid_rmse-1.1956, valid_pr-0.7623
epoch-657, train_loss-0.0849, train_rmse-0.2913, valid_rmse-1.2022, valid_pr-0.7626
epoch-658, train_loss-0.0707, train_rmse-0.2659, valid_rmse-1.1931, valid_pr-0.7638
epoch-659, train_loss-0.0756, train_rmse-0.2750, valid_rmse-1.1973, valid_pr-0.7631
epoch-660, train_loss-0.0689, train_rmse-0.2625, valid_rmse-1.1938, valid_pr-0.7637
epoch-661, train_loss-0.0722, train_rmse-0.2688, valid_rmse-1.1945, valid_pr-0.7626
epoch-662, train_loss-0.0700, train_rmse-0.2646, valid_rmse-1.1966, valid_pr-0.7616
epoch-663, train_loss-0.0774, train_rmse-0.2782, valid_rmse-1.1981, valid_pr-0.7611
epoch-664, train_loss-0.0688, train_rmse-0.2624, valid_rmse-1.2016, valid_pr-0.7624
epoch-665, train_loss-0.0730, train_rmse-0.2702, valid_rmse-1.1964, valid_pr-0.7624
epoch-666, train_loss-0.0707, train_rmse-0.2659, valid_rmse-1.1941, valid_pr-0.7635
epoch-667, train_loss-0.0734, train_rmse-0.2710, valid_rmse-1.1928, valid_pr-0.7637
epoch-668, train_loss-0.0786, train_rmse-0.2804, valid_rmse-1.1959, valid_pr-0.7622
epoch-669, train_loss-0.0727, train_rmse-0.2697, valid_rmse-1.1957, valid_pr-0.7635
epoch-670, train_loss-0.0753, train_rmse-0.2744, valid_rmse-1.1953, valid_pr-0.7625
epoch-671, train_loss-0.0768, train_rmse-0.2771, valid_rmse-1.1972, valid_pr-0.7633
epoch-672, train_loss-0.0755, train_rmse-0.2748, valid_rmse-1.1917, valid_pr-0.7639
epoch-673, train_loss-0.0697, train_rmse-0.2640, valid_rmse-1.1944, valid_pr-0.7628
epoch-674, train_loss-0.0699, train_rmse-0.2643, valid_rmse-1.1944, valid_pr-0.7630
epoch-675, train_loss-0.0664, train_rmse-0.2576, valid_rmse-1.1934, valid_pr-0.7633
epoch-676, train_loss-0.0725, train_rmse-0.2693, valid_rmse-1.1943, valid_pr-0.7637
epoch-677, train_loss-0.0680, train_rmse-0.2608, valid_rmse-1.1982, valid_pr-0.7614
epoch-678, train_loss-0.0727, train_rmse-0.2696, valid_rmse-1.1945, valid_pr-0.7628
epoch-679, train_loss-0.0709, train_rmse-0.2664, valid_rmse-1.1951, valid_pr-0.7624
epoch-680, train_loss-0.0664, train_rmse-0.2577, valid_rmse-1.1956, valid_pr-0.7630
epoch-681, train_loss-0.0748, train_rmse-0.2734, valid_rmse-1.1942, valid_pr-0.7627
epoch-682, train_loss-0.0773, train_rmse-0.2781, valid_rmse-1.1958, valid_pr-0.7625
epoch-683, train_loss-0.0750, train_rmse-0.2738, valid_rmse-1.1948, valid_pr-0.7624
epoch-684, train_loss-0.0796, train_rmse-0.2821, valid_rmse-1.1942, valid_pr-0.7627
epoch-685, train_loss-0.0798, train_rmse-0.2826, valid_rmse-1.1946, valid_pr-0.7633
epoch-686, train_loss-0.0702, train_rmse-0.2650, valid_rmse-1.1945, valid_pr-0.7628
epoch-687, train_loss-0.0781, train_rmse-0.2794, valid_rmse-1.1968, valid_pr-0.7627
epoch-688, train_loss-0.0718, train_rmse-0.2679, valid_rmse-1.1960, valid_pr-0.7622
epoch-689, train_loss-0.0669, train_rmse-0.2586, valid_rmse-1.1936, valid_pr-0.7629
epoch-690, train_loss-0.0720, train_rmse-0.2684, valid_rmse-1.1933, valid_pr-0.7632
epoch-691, train_loss-0.0724, train_rmse-0.2690, valid_rmse-1.1981, valid_pr-0.7627
epoch-692, train_loss-0.0681, train_rmse-0.2609, valid_rmse-1.1955, valid_pr-0.7625
epoch-693, train_loss-0.0732, train_rmse-0.2706, valid_rmse-1.1953, valid_pr-0.7630
epoch-694, train_loss-0.0654, train_rmse-0.2557, valid_rmse-1.1942, valid_pr-0.7628
epoch-695, train_loss-0.0679, train_rmse-0.2606, valid_rmse-1.1924, valid_pr-0.7637
epoch-696, train_loss-0.0747, train_rmse-0.2734, valid_rmse-1.1934, valid_pr-0.7632
epoch-697, train_loss-0.0767, train_rmse-0.2769, valid_rmse-1.1936, valid_pr-0.7634
epoch-698, train_loss-0.0729, train_rmse-0.2700, valid_rmse-1.1944, valid_pr-0.7628
epoch-699, train_loss-0.0676, train_rmse-0.2599, valid_rmse-1.1946, valid_pr-0.7628
epoch-700, train_loss-0.0756, train_rmse-0.2749, valid_rmse-1.1951, valid_pr-0.7633
epoch-701, train_loss-0.0700, train_rmse-0.2645, valid_rmse-1.1961, valid_pr-0.7629
epoch-702, train_loss-0.0623, train_rmse-0.2495, valid_rmse-1.1967, valid_pr-0.7635
epoch-703, train_loss-0.0849, train_rmse-0.2914, valid_rmse-1.1935, valid_pr-0.7632
epoch-704, train_loss-0.0751, train_rmse-0.2740, valid_rmse-1.1927, valid_pr-0.7635
epoch-705, train_loss-0.0668, train_rmse-0.2585, valid_rmse-1.1927, valid_pr-0.7633
epoch-706, train_loss-0.0744, train_rmse-0.2727, valid_rmse-1.1980, valid_pr-0.7624
epoch-707, train_loss-0.0689, train_rmse-0.2625, valid_rmse-1.1948, valid_pr-0.7625
epoch-708, train_loss-0.0756, train_rmse-0.2749, valid_rmse-1.1959, valid_pr-0.7628
epoch-709, train_loss-0.0623, train_rmse-0.2496, valid_rmse-1.1957, valid_pr-0.7627
epoch-710, train_loss-0.0780, train_rmse-0.2793, valid_rmse-1.1974, valid_pr-0.7631
epoch-711, train_loss-0.0669, train_rmse-0.2587, valid_rmse-1.1952, valid_pr-0.7631
epoch-712, train_loss-0.0679, train_rmse-0.2606, valid_rmse-1.1924, valid_pr-0.7635
epoch-713, train_loss-0.0681, train_rmse-0.2610, valid_rmse-1.1952, valid_pr-0.7631
epoch-714, train_loss-0.0647, train_rmse-0.2544, valid_rmse-1.1948, valid_pr-0.7630
epoch-715, train_loss-0.0638, train_rmse-0.2526, valid_rmse-1.1936, valid_pr-0.7630
epoch-716, train_loss-0.0678, train_rmse-0.2604, valid_rmse-1.1952, valid_pr-0.7624
epoch-717, train_loss-0.0676, train_rmse-0.2601, valid_rmse-1.1944, valid_pr-0.7632
epoch-718, train_loss-0.0776, train_rmse-0.2786, valid_rmse-1.1937, valid_pr-0.7632
epoch-719, train_loss-0.0668, train_rmse-0.2585, valid_rmse-1.1945, valid_pr-0.7628
epoch-720, train_loss-0.0686, train_rmse-0.2618, valid_rmse-1.1946, valid_pr-0.7626
epoch-721, train_loss-0.0697, train_rmse-0.2639, valid_rmse-1.1968, valid_pr-0.7629
epoch-722, train_loss-0.0684, train_rmse-0.2615, valid_rmse-1.1958, valid_pr-0.7623
epoch-723, train_loss-0.0690, train_rmse-0.2626, valid_rmse-1.1971, valid_pr-0.7629
epoch-724, train_loss-0.0698, train_rmse-0.2643, valid_rmse-1.1957, valid_pr-0.7630
epoch-725, train_loss-0.0745, train_rmse-0.2730, valid_rmse-1.1955, valid_pr-0.7627
epoch-726, train_loss-0.0701, train_rmse-0.2648, valid_rmse-1.1973, valid_pr-0.7629
epoch-727, train_loss-0.0735, train_rmse-0.2712, valid_rmse-1.1963, valid_pr-0.7627
epoch-728, train_loss-0.0674, train_rmse-0.2596, valid_rmse-1.1954, valid_pr-0.7622
epoch-729, train_loss-0.0689, train_rmse-0.2625, valid_rmse-1.1955, valid_pr-0.7628
epoch-730, train_loss-0.0766, train_rmse-0.2768, valid_rmse-1.1957, valid_pr-0.7633
epoch-731, train_loss-0.0692, train_rmse-0.2631, valid_rmse-1.1944, valid_pr-0.7629
epoch-732, train_loss-0.0738, train_rmse-0.2716, valid_rmse-1.1993, valid_pr-0.7622
epoch-733, train_loss-0.0637, train_rmse-0.2523, valid_rmse-1.1962, valid_pr-0.7624
epoch-734, train_loss-0.0718, train_rmse-0.2680, valid_rmse-1.1946, valid_pr-0.7633
epoch-735, train_loss-0.0699, train_rmse-0.2643, valid_rmse-1.1972, valid_pr-0.7623
early stop in epoch 735
best_rmse: 1.1895
valid_rmse-1.1895, valid_pr-0.7648, test2013_rmse-1.2813, test2013_pr-0.8572, test2016_rmse-1.1457, test2016_pr-0.8577, test2019_rmse-1.3386, test2019_pr-0.6664
