ASD, lr=0.001, seed=951
train_ASD.py
train data: 11904
valid data: 1000
test2013 data: 107
test2016 data: 285
test2019 data: 4366
GIGN params # : 42663002
epoch-0, train_loss-5.4819, train_rmse-2.3413, valid_rmse-1.8959, valid_pr-0.2581
Validation : valid_rmse-1.8959, valid_pr-0.2581, 
test2013_rmse-2.2117, test2013_pr-0.3280, test2016_rmse-2.0838, test2016_pr-0.3294, test2019_rmse-1.8198, test2019_pr-0.2813
epoch-1, train_loss-3.3699, train_rmse-1.8357, valid_rmse-1.8246, valid_pr-0.2996
Validation : valid_rmse-1.8246, valid_pr-0.2996, 
test2013_rmse-2.1503, test2013_pr-0.3852, test2016_rmse-1.9753, test2016_pr-0.4236, test2019_rmse-1.7643, test2019_pr-0.2903
epoch-2, train_loss-3.2000, train_rmse-1.7888, valid_rmse-1.9269, valid_pr-0.3555
epoch-3, train_loss-3.0676, train_rmse-1.7515, valid_rmse-1.7464, valid_pr-0.3943
Validation : valid_rmse-1.7464, valid_pr-0.3943, 
test2013_rmse-2.0790, test2013_pr-0.4615, test2016_rmse-1.9132, test2016_pr-0.4904, test2019_rmse-1.7367, test2019_pr-0.3634
epoch-4, train_loss-2.7833, train_rmse-1.6683, valid_rmse-1.8131, valid_pr-0.4326
epoch-5, train_loss-2.7259, train_rmse-1.6510, valid_rmse-1.7185, valid_pr-0.4397
Validation : valid_rmse-1.7185, valid_pr-0.4397, 
test2013_rmse-2.1359, test2013_pr-0.4187, test2016_rmse-1.8658, test2016_pr-0.5419, test2019_rmse-1.6681, test2019_pr-0.4116
epoch-6, train_loss-2.6073, train_rmse-1.6147, valid_rmse-1.6570, valid_pr-0.4757
Validation : valid_rmse-1.6570, valid_pr-0.4757, 
test2013_rmse-2.0774, test2013_pr-0.4669, test2016_rmse-1.8225, test2016_pr-0.5695, test2019_rmse-1.6337, test2019_pr-0.4318
epoch-7, train_loss-2.5039, train_rmse-1.5824, valid_rmse-1.6238, valid_pr-0.4940
Validation : valid_rmse-1.6238, valid_pr-0.4940, 
test2013_rmse-1.9610, test2013_pr-0.5509, test2016_rmse-1.7622, test2016_pr-0.5963, test2019_rmse-1.6876, test2019_pr-0.4018
epoch-8, train_loss-2.4702, train_rmse-1.5717, valid_rmse-1.6148, valid_pr-0.5201
Validation : valid_rmse-1.6148, valid_pr-0.5201, 
test2013_rmse-1.9524, test2013_pr-0.5425, test2016_rmse-1.7860, test2016_pr-0.5733, test2019_rmse-1.7044, test2019_pr-0.4313
epoch-9, train_loss-2.5073, train_rmse-1.5834, valid_rmse-1.6000, valid_pr-0.5352
Validation : valid_rmse-1.6000, valid_pr-0.5352, 
test2013_rmse-1.9732, test2013_pr-0.5281, test2016_rmse-1.7861, test2016_pr-0.5737, test2019_rmse-1.7010, test2019_pr-0.4255
epoch-10, train_loss-2.4140, train_rmse-1.5537, valid_rmse-1.5939, valid_pr-0.5203
Validation : valid_rmse-1.5939, valid_pr-0.5203, 
test2013_rmse-1.9668, test2013_pr-0.5400, test2016_rmse-1.7348, test2016_pr-0.6144, test2019_rmse-1.5935, test2019_pr-0.4651
epoch-11, train_loss-2.2439, train_rmse-1.4979, valid_rmse-1.5668, valid_pr-0.5610
Validation : valid_rmse-1.5668, valid_pr-0.5610, 
test2013_rmse-1.8725, test2013_pr-0.5992, test2016_rmse-1.7149, test2016_pr-0.6225, test2019_rmse-1.6586, test2019_pr-0.4652
epoch-12, train_loss-2.2230, train_rmse-1.4910, valid_rmse-1.5421, valid_pr-0.5651
Validation : valid_rmse-1.5421, valid_pr-0.5651, 
test2013_rmse-1.8858, test2013_pr-0.6009, test2016_rmse-1.7202, test2016_pr-0.6218, test2019_rmse-1.5753, test2019_pr-0.4865
epoch-13, train_loss-2.2467, train_rmse-1.4989, valid_rmse-1.5415, valid_pr-0.5631
Validation : valid_rmse-1.5415, valid_pr-0.5631, 
test2013_rmse-1.9818, test2013_pr-0.5225, test2016_rmse-1.7222, test2016_pr-0.6144, test2019_rmse-1.6144, test2019_pr-0.4606
epoch-14, train_loss-2.2334, train_rmse-1.4945, valid_rmse-1.5394, valid_pr-0.5721
Validation : valid_rmse-1.5394, valid_pr-0.5721, 
test2013_rmse-1.9038, test2013_pr-0.5959, test2016_rmse-1.6890, test2016_pr-0.6478, test2019_rmse-1.5751, test2019_pr-0.4882
epoch-15, train_loss-2.1839, train_rmse-1.4778, valid_rmse-1.5721, valid_pr-0.5400
epoch-16, train_loss-2.1554, train_rmse-1.4681, valid_rmse-1.5009, valid_pr-0.5871
Validation : valid_rmse-1.5009, valid_pr-0.5871, 
test2013_rmse-1.8925, test2013_pr-0.5876, test2016_rmse-1.6393, test2016_pr-0.6630, test2019_rmse-1.5863, test2019_pr-0.4794
epoch-17, train_loss-2.1037, train_rmse-1.4504, valid_rmse-1.4837, valid_pr-0.6014
Validation : valid_rmse-1.4837, valid_pr-0.6014, 
test2013_rmse-1.8942, test2013_pr-0.5848, test2016_rmse-1.6941, test2016_pr-0.6322, test2019_rmse-1.6140, test2019_pr-0.4691
epoch-18, train_loss-2.0671, train_rmse-1.4377, valid_rmse-1.5078, valid_pr-0.5796
epoch-19, train_loss-2.0146, train_rmse-1.4194, valid_rmse-1.5126, valid_pr-0.5990
epoch-20, train_loss-2.0143, train_rmse-1.4193, valid_rmse-1.4997, valid_pr-0.6006
epoch-21, train_loss-2.0782, train_rmse-1.4416, valid_rmse-1.5930, valid_pr-0.5356
epoch-22, train_loss-1.9648, train_rmse-1.4017, valid_rmse-1.4945, valid_pr-0.5956
epoch-23, train_loss-1.9408, train_rmse-1.3931, valid_rmse-1.5199, valid_pr-0.6174
epoch-24, train_loss-1.8664, train_rmse-1.3662, valid_rmse-1.5562, valid_pr-0.6059
epoch-25, train_loss-1.8488, train_rmse-1.3597, valid_rmse-1.4682, valid_pr-0.6222
Validation : valid_rmse-1.4682, valid_pr-0.6222, 
test2013_rmse-1.7148, test2013_pr-0.6814, test2016_rmse-1.5577, test2016_pr-0.6973, test2019_rmse-1.5914, test2019_pr-0.5142
epoch-26, train_loss-1.8765, train_rmse-1.3699, valid_rmse-1.4790, valid_pr-0.6254
epoch-27, train_loss-1.7957, train_rmse-1.3400, valid_rmse-1.4931, valid_pr-0.6036
epoch-28, train_loss-1.8143, train_rmse-1.3469, valid_rmse-1.4561, valid_pr-0.6185
Validation : valid_rmse-1.4561, valid_pr-0.6185, 
test2013_rmse-1.6736, test2013_pr-0.7065, test2016_rmse-1.5729, test2016_pr-0.6931, test2019_rmse-1.5133, test2019_pr-0.5452
epoch-29, train_loss-1.8167, train_rmse-1.3479, valid_rmse-1.5212, valid_pr-0.6130
epoch-30, train_loss-1.7854, train_rmse-1.3362, valid_rmse-1.5005, valid_pr-0.6062
epoch-31, train_loss-1.7592, train_rmse-1.3264, valid_rmse-1.4918, valid_pr-0.6126
epoch-32, train_loss-1.7238, train_rmse-1.3129, valid_rmse-1.4446, valid_pr-0.6305
Validation : valid_rmse-1.4446, valid_pr-0.6305, 
test2013_rmse-1.7522, test2013_pr-0.6686, test2016_rmse-1.5672, test2016_pr-0.6981, test2019_rmse-1.5500, test2019_pr-0.5317
epoch-33, train_loss-1.7513, train_rmse-1.3234, valid_rmse-1.5166, valid_pr-0.6037
epoch-34, train_loss-1.6821, train_rmse-1.2970, valid_rmse-1.4519, valid_pr-0.6364
epoch-35, train_loss-1.6005, train_rmse-1.2651, valid_rmse-1.4934, valid_pr-0.6139
epoch-36, train_loss-1.6658, train_rmse-1.2907, valid_rmse-1.4914, valid_pr-0.6241
epoch-37, train_loss-1.6224, train_rmse-1.2737, valid_rmse-1.5212, valid_pr-0.6013
epoch-38, train_loss-1.5612, train_rmse-1.2495, valid_rmse-1.4976, valid_pr-0.6208
epoch-39, train_loss-1.6023, train_rmse-1.2658, valid_rmse-1.4533, valid_pr-0.6353
epoch-40, train_loss-1.5202, train_rmse-1.2330, valid_rmse-1.5192, valid_pr-0.6282
epoch-41, train_loss-1.5322, train_rmse-1.2378, valid_rmse-1.4903, valid_pr-0.6214
epoch-42, train_loss-1.5615, train_rmse-1.2496, valid_rmse-1.4426, valid_pr-0.6369
Validation : valid_rmse-1.4426, valid_pr-0.6369, 
test2013_rmse-1.6959, test2013_pr-0.6885, test2016_rmse-1.5208, test2016_pr-0.7185, test2019_rmse-1.5291, test2019_pr-0.5617
epoch-43, train_loss-1.5019, train_rmse-1.2255, valid_rmse-1.4580, valid_pr-0.6245
epoch-44, train_loss-1.4802, train_rmse-1.2166, valid_rmse-1.4530, valid_pr-0.6401
epoch-45, train_loss-1.4306, train_rmse-1.1961, valid_rmse-1.4730, valid_pr-0.6277
epoch-46, train_loss-1.4099, train_rmse-1.1874, valid_rmse-1.4513, valid_pr-0.6232
epoch-47, train_loss-1.3767, train_rmse-1.1733, valid_rmse-1.4300, valid_pr-0.6411
Validation : valid_rmse-1.4300, valid_pr-0.6411, 
test2013_rmse-1.6167, test2013_pr-0.7507, test2016_rmse-1.4870, test2016_pr-0.7549, test2019_rmse-1.5175, test2019_pr-0.5441
epoch-48, train_loss-1.3928, train_rmse-1.1802, valid_rmse-1.4522, valid_pr-0.6333
epoch-49, train_loss-1.3647, train_rmse-1.1682, valid_rmse-1.4207, valid_pr-0.6567
Validation : valid_rmse-1.4207, valid_pr-0.6567, 
test2013_rmse-1.6376, test2013_pr-0.7199, test2016_rmse-1.4768, test2016_pr-0.7424, test2019_rmse-1.5418, test2019_pr-0.5451
epoch-50, train_loss-1.3750, train_rmse-1.1726, valid_rmse-1.4029, valid_pr-0.6599
Validation : valid_rmse-1.4029, valid_pr-0.6599, 
test2013_rmse-1.6481, test2013_pr-0.7088, test2016_rmse-1.4860, test2016_pr-0.7337, test2019_rmse-1.5254, test2019_pr-0.5529
epoch-51, train_loss-1.3710, train_rmse-1.1709, valid_rmse-1.4358, valid_pr-0.6393
epoch-52, train_loss-1.3631, train_rmse-1.1675, valid_rmse-1.4927, valid_pr-0.6334
epoch-53, train_loss-1.3483, train_rmse-1.1612, valid_rmse-1.4343, valid_pr-0.6574
epoch-54, train_loss-1.3306, train_rmse-1.1535, valid_rmse-1.4387, valid_pr-0.6579
epoch-55, train_loss-1.3072, train_rmse-1.1433, valid_rmse-1.4163, valid_pr-0.6506
epoch-56, train_loss-1.2978, train_rmse-1.1392, valid_rmse-1.4018, valid_pr-0.6604
Validation : valid_rmse-1.4018, valid_pr-0.6604, 
test2013_rmse-1.6460, test2013_pr-0.7083, test2016_rmse-1.4941, test2016_pr-0.7309, test2019_rmse-1.5175, test2019_pr-0.5558
epoch-57, train_loss-1.3246, train_rmse-1.1509, valid_rmse-1.3834, valid_pr-0.6698
Validation : valid_rmse-1.3834, valid_pr-0.6698, 
test2013_rmse-1.6640, test2013_pr-0.7082, test2016_rmse-1.5117, test2016_pr-0.7240, test2019_rmse-1.5438, test2019_pr-0.5360
epoch-58, train_loss-1.2620, train_rmse-1.1234, valid_rmse-1.4109, valid_pr-0.6654
epoch-59, train_loss-1.2709, train_rmse-1.1274, valid_rmse-1.4136, valid_pr-0.6558
epoch-60, train_loss-1.2404, train_rmse-1.1137, valid_rmse-1.3858, valid_pr-0.6697
epoch-61, train_loss-1.2235, train_rmse-1.1061, valid_rmse-1.4718, valid_pr-0.6272
epoch-62, train_loss-1.2389, train_rmse-1.1131, valid_rmse-1.3728, valid_pr-0.6860
Validation : valid_rmse-1.3728, valid_pr-0.6860, 
test2013_rmse-1.5424, test2013_pr-0.7706, test2016_rmse-1.4793, test2016_pr-0.7506, test2019_rmse-1.5313, test2019_pr-0.5500
epoch-63, train_loss-1.1870, train_rmse-1.0895, valid_rmse-1.3587, valid_pr-0.6861
Validation : valid_rmse-1.3587, valid_pr-0.6861, 
test2013_rmse-1.6088, test2013_pr-0.7270, test2016_rmse-1.4843, test2016_pr-0.7327, test2019_rmse-1.5574, test2019_pr-0.5378
epoch-64, train_loss-1.1786, train_rmse-1.0856, valid_rmse-1.4268, valid_pr-0.6599
epoch-65, train_loss-1.2061, train_rmse-1.0982, valid_rmse-1.4501, valid_pr-0.6366
epoch-66, train_loss-1.2122, train_rmse-1.1010, valid_rmse-1.4067, valid_pr-0.6676
epoch-67, train_loss-1.1265, train_rmse-1.0613, valid_rmse-1.4489, valid_pr-0.6580
epoch-68, train_loss-1.1747, train_rmse-1.0838, valid_rmse-1.4110, valid_pr-0.6580
epoch-69, train_loss-1.1550, train_rmse-1.0747, valid_rmse-1.4677, valid_pr-0.6353
epoch-70, train_loss-1.1171, train_rmse-1.0569, valid_rmse-1.4129, valid_pr-0.6557
epoch-71, train_loss-1.0751, train_rmse-1.0369, valid_rmse-1.4509, valid_pr-0.6395
epoch-72, train_loss-1.0707, train_rmse-1.0347, valid_rmse-1.4557, valid_pr-0.6547
epoch-73, train_loss-1.1104, train_rmse-1.0537, valid_rmse-1.4075, valid_pr-0.6699
epoch-74, train_loss-1.1455, train_rmse-1.0703, valid_rmse-1.4145, valid_pr-0.6678
epoch-75, train_loss-1.0866, train_rmse-1.0424, valid_rmse-1.4401, valid_pr-0.6555
epoch-76, train_loss-1.0231, train_rmse-1.0115, valid_rmse-1.3712, valid_pr-0.6825
epoch-77, train_loss-1.0195, train_rmse-1.0097, valid_rmse-1.5606, valid_pr-0.6435
epoch-78, train_loss-1.0200, train_rmse-1.0099, valid_rmse-1.4279, valid_pr-0.6471
epoch-79, train_loss-1.0149, train_rmse-1.0074, valid_rmse-1.4181, valid_pr-0.6722
epoch-80, train_loss-1.0039, train_rmse-1.0020, valid_rmse-1.4468, valid_pr-0.6579
epoch-81, train_loss-0.9753, train_rmse-0.9876, valid_rmse-1.4194, valid_pr-0.6720
epoch-82, train_loss-1.0018, train_rmse-1.0009, valid_rmse-1.4192, valid_pr-0.6619
epoch-83, train_loss-1.0162, train_rmse-1.0081, valid_rmse-1.3941, valid_pr-0.6690
epoch-84, train_loss-1.0443, train_rmse-1.0219, valid_rmse-1.4094, valid_pr-0.6619
epoch-85, train_loss-0.9520, train_rmse-0.9757, valid_rmse-1.4099, valid_pr-0.6562
epoch-86, train_loss-0.9832, train_rmse-0.9916, valid_rmse-1.3893, valid_pr-0.6882
epoch-87, train_loss-0.9515, train_rmse-0.9754, valid_rmse-1.4000, valid_pr-0.6648
epoch-88, train_loss-0.8968, train_rmse-0.9470, valid_rmse-1.4502, valid_pr-0.6524
epoch-89, train_loss-0.8864, train_rmse-0.9415, valid_rmse-1.3847, valid_pr-0.6775
epoch-90, train_loss-0.9469, train_rmse-0.9731, valid_rmse-1.4501, valid_pr-0.6641
epoch-91, train_loss-0.9280, train_rmse-0.9633, valid_rmse-1.3958, valid_pr-0.6749
epoch-92, train_loss-0.9027, train_rmse-0.9501, valid_rmse-1.3895, valid_pr-0.6774
epoch-93, train_loss-0.8650, train_rmse-0.9300, valid_rmse-1.3853, valid_pr-0.6753
epoch-94, train_loss-0.8829, train_rmse-0.9396, valid_rmse-1.5261, valid_pr-0.6376
epoch-95, train_loss-0.9018, train_rmse-0.9496, valid_rmse-1.4287, valid_pr-0.6637
epoch-96, train_loss-0.9026, train_rmse-0.9500, valid_rmse-1.4055, valid_pr-0.6646
epoch-97, train_loss-0.8354, train_rmse-0.9140, valid_rmse-1.4113, valid_pr-0.6670
epoch-98, train_loss-0.8310, train_rmse-0.9116, valid_rmse-1.4617, valid_pr-0.6383
epoch-99, train_loss-0.8420, train_rmse-0.9176, valid_rmse-1.4201, valid_pr-0.6720
epoch-100, train_loss-0.8109, train_rmse-0.9005, valid_rmse-1.4533, valid_pr-0.6510
epoch-101, train_loss-0.7862, train_rmse-0.8867, valid_rmse-1.4306, valid_pr-0.6603
epoch-102, train_loss-0.7583, train_rmse-0.8708, valid_rmse-1.4647, valid_pr-0.6492
epoch-103, train_loss-0.7657, train_rmse-0.8750, valid_rmse-1.4014, valid_pr-0.6932
epoch-104, train_loss-0.7489, train_rmse-0.8654, valid_rmse-1.4209, valid_pr-0.6657
epoch-105, train_loss-0.7773, train_rmse-0.8817, valid_rmse-1.4508, valid_pr-0.6592
epoch-106, train_loss-0.7167, train_rmse-0.8466, valid_rmse-1.4622, valid_pr-0.6597
epoch-107, train_loss-0.7757, train_rmse-0.8807, valid_rmse-1.4771, valid_pr-0.6455
epoch-108, train_loss-0.8163, train_rmse-0.9035, valid_rmse-1.4145, valid_pr-0.6705
epoch-109, train_loss-0.7290, train_rmse-0.8538, valid_rmse-1.4401, valid_pr-0.6591
epoch-110, train_loss-0.6974, train_rmse-0.8351, valid_rmse-1.4294, valid_pr-0.6667
epoch-111, train_loss-0.6808, train_rmse-0.8251, valid_rmse-1.4124, valid_pr-0.6679
epoch-112, train_loss-0.6918, train_rmse-0.8317, valid_rmse-1.4591, valid_pr-0.6720
epoch-113, train_loss-0.6782, train_rmse-0.8235, valid_rmse-1.4166, valid_pr-0.6658
epoch-114, train_loss-0.7136, train_rmse-0.8448, valid_rmse-1.4975, valid_pr-0.6325
epoch-115, train_loss-0.5680, train_rmse-0.7536, valid_rmse-1.4131, valid_pr-0.6868
epoch-116, train_loss-0.4873, train_rmse-0.6981, valid_rmse-1.3744, valid_pr-0.6931
epoch-117, train_loss-0.4434, train_rmse-0.6659, valid_rmse-1.3660, valid_pr-0.6963
epoch-118, train_loss-0.4221, train_rmse-0.6497, valid_rmse-1.3525, valid_pr-0.7017
Validation : valid_rmse-1.3525, valid_pr-0.7017, 
test2013_rmse-1.5786, test2013_pr-0.7356, test2016_rmse-1.4679, test2016_pr-0.7441, test2019_rmse-1.5294, test2019_pr-0.5699
epoch-119, train_loss-0.4063, train_rmse-0.6374, valid_rmse-1.3693, valid_pr-0.6958
epoch-120, train_loss-0.3954, train_rmse-0.6288, valid_rmse-1.3674, valid_pr-0.6955
epoch-121, train_loss-0.3925, train_rmse-0.6265, valid_rmse-1.3779, valid_pr-0.6970
epoch-122, train_loss-0.3912, train_rmse-0.6254, valid_rmse-1.3695, valid_pr-0.6878
epoch-123, train_loss-0.3931, train_rmse-0.6270, valid_rmse-1.3961, valid_pr-0.6783
epoch-124, train_loss-0.3652, train_rmse-0.6043, valid_rmse-1.3756, valid_pr-0.6909
epoch-125, train_loss-0.3613, train_rmse-0.6011, valid_rmse-1.3571, valid_pr-0.6998
epoch-126, train_loss-0.3781, train_rmse-0.6149, valid_rmse-1.3951, valid_pr-0.6890
epoch-127, train_loss-0.3562, train_rmse-0.5968, valid_rmse-1.4096, valid_pr-0.6874
epoch-128, train_loss-0.3691, train_rmse-0.6075, valid_rmse-1.4073, valid_pr-0.6913
epoch-129, train_loss-0.3595, train_rmse-0.5996, valid_rmse-1.3772, valid_pr-0.6881
epoch-130, train_loss-0.3720, train_rmse-0.6099, valid_rmse-1.3839, valid_pr-0.6948
epoch-131, train_loss-0.3490, train_rmse-0.5907, valid_rmse-1.3818, valid_pr-0.6878
epoch-132, train_loss-0.3530, train_rmse-0.5941, valid_rmse-1.3790, valid_pr-0.6932
epoch-133, train_loss-0.3552, train_rmse-0.5959, valid_rmse-1.3953, valid_pr-0.6909
epoch-134, train_loss-0.3427, train_rmse-0.5854, valid_rmse-1.3628, valid_pr-0.6959
epoch-135, train_loss-0.3322, train_rmse-0.5764, valid_rmse-1.3882, valid_pr-0.6901
epoch-136, train_loss-0.3248, train_rmse-0.5699, valid_rmse-1.4055, valid_pr-0.6885
epoch-137, train_loss-0.3332, train_rmse-0.5773, valid_rmse-1.4068, valid_pr-0.6773
epoch-138, train_loss-0.3359, train_rmse-0.5796, valid_rmse-1.3866, valid_pr-0.6862
epoch-139, train_loss-0.3254, train_rmse-0.5704, valid_rmse-1.3658, valid_pr-0.6934
epoch-140, train_loss-0.3253, train_rmse-0.5704, valid_rmse-1.3825, valid_pr-0.6893
epoch-141, train_loss-0.3159, train_rmse-0.5620, valid_rmse-1.3687, valid_pr-0.6927
epoch-142, train_loss-0.3158, train_rmse-0.5620, valid_rmse-1.3872, valid_pr-0.6905
epoch-143, train_loss-0.3104, train_rmse-0.5571, valid_rmse-1.4082, valid_pr-0.6802
epoch-144, train_loss-0.3062, train_rmse-0.5533, valid_rmse-1.4099, valid_pr-0.6820
epoch-145, train_loss-0.3070, train_rmse-0.5541, valid_rmse-1.4053, valid_pr-0.6799
epoch-146, train_loss-0.3153, train_rmse-0.5615, valid_rmse-1.4012, valid_pr-0.6919
epoch-147, train_loss-0.3178, train_rmse-0.5637, valid_rmse-1.3927, valid_pr-0.6823
epoch-148, train_loss-0.3176, train_rmse-0.5636, valid_rmse-1.4041, valid_pr-0.6779
epoch-149, train_loss-0.3068, train_rmse-0.5539, valid_rmse-1.3909, valid_pr-0.6808
epoch-150, train_loss-0.2920, train_rmse-0.5404, valid_rmse-1.4142, valid_pr-0.6754
epoch-151, train_loss-0.3048, train_rmse-0.5521, valid_rmse-1.4018, valid_pr-0.6838
epoch-152, train_loss-0.3040, train_rmse-0.5513, valid_rmse-1.3856, valid_pr-0.6898
epoch-153, train_loss-0.2919, train_rmse-0.5402, valid_rmse-1.4065, valid_pr-0.6862
epoch-154, train_loss-0.2867, train_rmse-0.5354, valid_rmse-1.3979, valid_pr-0.6827
epoch-155, train_loss-0.2739, train_rmse-0.5234, valid_rmse-1.3948, valid_pr-0.6822
epoch-156, train_loss-0.2812, train_rmse-0.5303, valid_rmse-1.3775, valid_pr-0.6820
epoch-157, train_loss-0.2674, train_rmse-0.5171, valid_rmse-1.3755, valid_pr-0.6921
epoch-158, train_loss-0.2740, train_rmse-0.5234, valid_rmse-1.3779, valid_pr-0.6950
epoch-159, train_loss-0.2847, train_rmse-0.5336, valid_rmse-1.3907, valid_pr-0.6828
epoch-160, train_loss-0.2885, train_rmse-0.5371, valid_rmse-1.3436, valid_pr-0.7056
Validation : valid_rmse-1.3436, valid_pr-0.7056, 
test2013_rmse-1.5112, test2013_pr-0.7613, test2016_rmse-1.4420, test2016_pr-0.7500, test2019_rmse-1.5455, test2019_pr-0.5647
epoch-161, train_loss-0.2842, train_rmse-0.5331, valid_rmse-1.3865, valid_pr-0.6930
epoch-162, train_loss-0.2767, train_rmse-0.5260, valid_rmse-1.4145, valid_pr-0.6851
epoch-163, train_loss-0.2776, train_rmse-0.5269, valid_rmse-1.3771, valid_pr-0.6897
epoch-164, train_loss-0.2791, train_rmse-0.5283, valid_rmse-1.3674, valid_pr-0.6918
epoch-165, train_loss-0.2480, train_rmse-0.4980, valid_rmse-1.3746, valid_pr-0.6916
epoch-166, train_loss-0.2497, train_rmse-0.4997, valid_rmse-1.3525, valid_pr-0.7093
epoch-167, train_loss-0.2516, train_rmse-0.5016, valid_rmse-1.3827, valid_pr-0.6881
epoch-168, train_loss-0.2543, train_rmse-0.5043, valid_rmse-1.3852, valid_pr-0.6993
epoch-169, train_loss-0.2490, train_rmse-0.4990, valid_rmse-1.3937, valid_pr-0.6945
epoch-170, train_loss-0.2443, train_rmse-0.4942, valid_rmse-1.3739, valid_pr-0.6929
epoch-171, train_loss-0.2424, train_rmse-0.4924, valid_rmse-1.3904, valid_pr-0.6864
epoch-172, train_loss-0.2348, train_rmse-0.4846, valid_rmse-1.3808, valid_pr-0.6960
epoch-173, train_loss-0.2380, train_rmse-0.4878, valid_rmse-1.3467, valid_pr-0.7048
epoch-174, train_loss-0.2672, train_rmse-0.5169, valid_rmse-1.3847, valid_pr-0.6909
epoch-175, train_loss-0.2579, train_rmse-0.5079, valid_rmse-1.3874, valid_pr-0.6872
epoch-176, train_loss-0.2483, train_rmse-0.4983, valid_rmse-1.3823, valid_pr-0.6910
epoch-177, train_loss-0.2413, train_rmse-0.4913, valid_rmse-1.3882, valid_pr-0.6841
epoch-178, train_loss-0.2395, train_rmse-0.4894, valid_rmse-1.3472, valid_pr-0.7029
epoch-179, train_loss-0.2415, train_rmse-0.4915, valid_rmse-1.3696, valid_pr-0.7011
epoch-180, train_loss-0.2474, train_rmse-0.4974, valid_rmse-1.3672, valid_pr-0.6896
epoch-181, train_loss-0.2485, train_rmse-0.4985, valid_rmse-1.3571, valid_pr-0.7008
epoch-182, train_loss-0.2370, train_rmse-0.4868, valid_rmse-1.3639, valid_pr-0.6935
epoch-183, train_loss-0.2236, train_rmse-0.4729, valid_rmse-1.3518, valid_pr-0.7016
epoch-184, train_loss-0.2299, train_rmse-0.4794, valid_rmse-1.4278, valid_pr-0.6899
epoch-185, train_loss-0.2339, train_rmse-0.4837, valid_rmse-1.3766, valid_pr-0.6906
epoch-186, train_loss-0.2202, train_rmse-0.4693, valid_rmse-1.3564, valid_pr-0.6970
epoch-187, train_loss-0.2171, train_rmse-0.4659, valid_rmse-1.3690, valid_pr-0.6988
epoch-188, train_loss-0.2378, train_rmse-0.4877, valid_rmse-1.3999, valid_pr-0.6873
epoch-189, train_loss-0.2173, train_rmse-0.4662, valid_rmse-1.3590, valid_pr-0.6984
epoch-190, train_loss-0.2129, train_rmse-0.4615, valid_rmse-1.3650, valid_pr-0.6958
epoch-191, train_loss-0.2149, train_rmse-0.4636, valid_rmse-1.3671, valid_pr-0.7027
epoch-192, train_loss-0.2205, train_rmse-0.4696, valid_rmse-1.3597, valid_pr-0.6952
epoch-193, train_loss-0.2189, train_rmse-0.4679, valid_rmse-1.3554, valid_pr-0.7047
epoch-194, train_loss-0.2349, train_rmse-0.4846, valid_rmse-1.3411, valid_pr-0.7034
Validation : valid_rmse-1.3411, valid_pr-0.7034, 
test2013_rmse-1.5640, test2013_pr-0.7416, test2016_rmse-1.4812, test2016_pr-0.7330, test2019_rmse-1.5449, test2019_pr-0.5618
epoch-195, train_loss-0.2268, train_rmse-0.4762, valid_rmse-1.3736, valid_pr-0.6939
epoch-196, train_loss-0.2059, train_rmse-0.4538, valid_rmse-1.3701, valid_pr-0.6972
epoch-197, train_loss-0.2105, train_rmse-0.4588, valid_rmse-1.3585, valid_pr-0.6974
epoch-198, train_loss-0.2137, train_rmse-0.4622, valid_rmse-1.3576, valid_pr-0.7035
epoch-199, train_loss-0.2057, train_rmse-0.4535, valid_rmse-1.3643, valid_pr-0.6977
epoch-200, train_loss-0.2057, train_rmse-0.4535, valid_rmse-1.3692, valid_pr-0.6927
epoch-201, train_loss-0.2061, train_rmse-0.4540, valid_rmse-1.4123, valid_pr-0.6948
epoch-202, train_loss-0.2069, train_rmse-0.4548, valid_rmse-1.3945, valid_pr-0.6889
epoch-203, train_loss-0.2146, train_rmse-0.4633, valid_rmse-1.3831, valid_pr-0.6853
epoch-204, train_loss-0.2023, train_rmse-0.4498, valid_rmse-1.3486, valid_pr-0.7003
epoch-205, train_loss-0.2053, train_rmse-0.4531, valid_rmse-1.3641, valid_pr-0.6995
epoch-206, train_loss-0.2010, train_rmse-0.4483, valid_rmse-1.3505, valid_pr-0.7040
epoch-207, train_loss-0.2026, train_rmse-0.4501, valid_rmse-1.3801, valid_pr-0.6905
epoch-208, train_loss-0.1931, train_rmse-0.4394, valid_rmse-1.3901, valid_pr-0.6931
epoch-209, train_loss-0.2093, train_rmse-0.4575, valid_rmse-1.3804, valid_pr-0.6919
epoch-210, train_loss-0.1993, train_rmse-0.4464, valid_rmse-1.3935, valid_pr-0.6919
epoch-211, train_loss-0.2123, train_rmse-0.4608, valid_rmse-1.3317, valid_pr-0.7087
Validation : valid_rmse-1.3317, valid_pr-0.7087, 
test2013_rmse-1.5278, test2013_pr-0.7561, test2016_rmse-1.4886, test2016_pr-0.7305, test2019_rmse-1.5457, test2019_pr-0.5584
epoch-212, train_loss-0.2100, train_rmse-0.4582, valid_rmse-1.3736, valid_pr-0.6955
epoch-213, train_loss-0.2046, train_rmse-0.4523, valid_rmse-1.3682, valid_pr-0.6977
epoch-214, train_loss-0.2157, train_rmse-0.4645, valid_rmse-1.3877, valid_pr-0.6847
epoch-215, train_loss-0.1952, train_rmse-0.4418, valid_rmse-1.3894, valid_pr-0.6882
epoch-216, train_loss-0.1921, train_rmse-0.4383, valid_rmse-1.4023, valid_pr-0.6806
epoch-217, train_loss-0.1915, train_rmse-0.4376, valid_rmse-1.3533, valid_pr-0.6992
epoch-218, train_loss-0.1857, train_rmse-0.4309, valid_rmse-1.3989, valid_pr-0.6886
epoch-219, train_loss-0.1850, train_rmse-0.4301, valid_rmse-1.3529, valid_pr-0.7013
epoch-220, train_loss-0.1877, train_rmse-0.4332, valid_rmse-1.3730, valid_pr-0.6928
epoch-221, train_loss-0.1819, train_rmse-0.4265, valid_rmse-1.3839, valid_pr-0.6927
epoch-222, train_loss-0.1838, train_rmse-0.4287, valid_rmse-1.3640, valid_pr-0.7007
epoch-223, train_loss-0.1921, train_rmse-0.4383, valid_rmse-1.3843, valid_pr-0.6854
epoch-224, train_loss-0.1853, train_rmse-0.4305, valid_rmse-1.3850, valid_pr-0.7070
epoch-225, train_loss-0.1858, train_rmse-0.4310, valid_rmse-1.3783, valid_pr-0.6974
epoch-226, train_loss-0.1879, train_rmse-0.4335, valid_rmse-1.3757, valid_pr-0.6994
epoch-227, train_loss-0.1861, train_rmse-0.4314, valid_rmse-1.3843, valid_pr-0.6869
epoch-228, train_loss-0.1821, train_rmse-0.4267, valid_rmse-1.3799, valid_pr-0.6916
epoch-229, train_loss-0.1906, train_rmse-0.4366, valid_rmse-1.3772, valid_pr-0.6918
epoch-230, train_loss-0.1841, train_rmse-0.4291, valid_rmse-1.3735, valid_pr-0.6951
epoch-231, train_loss-0.1682, train_rmse-0.4101, valid_rmse-1.3819, valid_pr-0.6955
epoch-232, train_loss-0.1671, train_rmse-0.4088, valid_rmse-1.3941, valid_pr-0.6912
epoch-233, train_loss-0.1680, train_rmse-0.4098, valid_rmse-1.3757, valid_pr-0.6946
epoch-234, train_loss-0.1675, train_rmse-0.4093, valid_rmse-1.3540, valid_pr-0.6974
epoch-235, train_loss-0.1637, train_rmse-0.4046, valid_rmse-1.3718, valid_pr-0.6967
epoch-236, train_loss-0.1657, train_rmse-0.4071, valid_rmse-1.3527, valid_pr-0.7070
epoch-237, train_loss-0.1742, train_rmse-0.4174, valid_rmse-1.3495, valid_pr-0.7054
epoch-238, train_loss-0.1737, train_rmse-0.4168, valid_rmse-1.3673, valid_pr-0.6974
epoch-239, train_loss-0.1708, train_rmse-0.4133, valid_rmse-1.3524, valid_pr-0.7039
epoch-240, train_loss-0.1959, train_rmse-0.4426, valid_rmse-1.3694, valid_pr-0.6937
epoch-241, train_loss-0.1878, train_rmse-0.4334, valid_rmse-1.3601, valid_pr-0.7010
epoch-242, train_loss-0.1737, train_rmse-0.4168, valid_rmse-1.3798, valid_pr-0.6928
epoch-243, train_loss-0.1798, train_rmse-0.4241, valid_rmse-1.3834, valid_pr-0.6966
epoch-244, train_loss-0.1643, train_rmse-0.4053, valid_rmse-1.3580, valid_pr-0.6980
epoch-245, train_loss-0.1686, train_rmse-0.4107, valid_rmse-1.3736, valid_pr-0.6919
epoch-246, train_loss-0.1632, train_rmse-0.4040, valid_rmse-1.3453, valid_pr-0.7026
epoch-247, train_loss-0.1642, train_rmse-0.4052, valid_rmse-1.3501, valid_pr-0.6979
epoch-248, train_loss-0.1905, train_rmse-0.4365, valid_rmse-1.4205, valid_pr-0.6751
epoch-249, train_loss-0.1957, train_rmse-0.4424, valid_rmse-1.3592, valid_pr-0.6950
epoch-250, train_loss-0.1916, train_rmse-0.4377, valid_rmse-1.3386, valid_pr-0.7088
epoch-251, train_loss-0.1722, train_rmse-0.4150, valid_rmse-1.3588, valid_pr-0.7009
epoch-252, train_loss-0.1649, train_rmse-0.4061, valid_rmse-1.3671, valid_pr-0.6940
epoch-253, train_loss-0.1655, train_rmse-0.4068, valid_rmse-1.3977, valid_pr-0.6907
epoch-254, train_loss-0.1729, train_rmse-0.4159, valid_rmse-1.3891, valid_pr-0.6871
epoch-255, train_loss-0.1651, train_rmse-0.4064, valid_rmse-1.3528, valid_pr-0.7024
epoch-256, train_loss-0.1649, train_rmse-0.4061, valid_rmse-1.3763, valid_pr-0.7001
epoch-257, train_loss-0.1651, train_rmse-0.4063, valid_rmse-1.3599, valid_pr-0.6991
epoch-258, train_loss-0.1716, train_rmse-0.4142, valid_rmse-1.3544, valid_pr-0.7041
epoch-259, train_loss-0.1539, train_rmse-0.3923, valid_rmse-1.3816, valid_pr-0.6881
epoch-260, train_loss-0.1548, train_rmse-0.3934, valid_rmse-1.3628, valid_pr-0.6998
epoch-261, train_loss-0.1644, train_rmse-0.4055, valid_rmse-1.3741, valid_pr-0.6942
epoch-262, train_loss-0.1537, train_rmse-0.3921, valid_rmse-1.3768, valid_pr-0.6919
epoch-263, train_loss-0.1191, train_rmse-0.3451, valid_rmse-1.3497, valid_pr-0.7017
epoch-264, train_loss-0.1090, train_rmse-0.3302, valid_rmse-1.3532, valid_pr-0.7051
epoch-265, train_loss-0.1019, train_rmse-0.3193, valid_rmse-1.3479, valid_pr-0.7028
epoch-266, train_loss-0.1020, train_rmse-0.3194, valid_rmse-1.3463, valid_pr-0.7083
epoch-267, train_loss-0.0976, train_rmse-0.3125, valid_rmse-1.3512, valid_pr-0.7048
epoch-268, train_loss-0.1001, train_rmse-0.3164, valid_rmse-1.3419, valid_pr-0.7068
epoch-269, train_loss-0.0991, train_rmse-0.3148, valid_rmse-1.3376, valid_pr-0.7079
epoch-270, train_loss-0.0943, train_rmse-0.3070, valid_rmse-1.3552, valid_pr-0.7042
epoch-271, train_loss-0.0968, train_rmse-0.3111, valid_rmse-1.3615, valid_pr-0.7040
epoch-272, train_loss-0.0925, train_rmse-0.3042, valid_rmse-1.3464, valid_pr-0.7109
epoch-273, train_loss-0.0965, train_rmse-0.3107, valid_rmse-1.3623, valid_pr-0.6989
epoch-274, train_loss-0.1024, train_rmse-0.3200, valid_rmse-1.3502, valid_pr-0.7022
epoch-275, train_loss-0.0931, train_rmse-0.3052, valid_rmse-1.3592, valid_pr-0.6968
epoch-276, train_loss-0.0987, train_rmse-0.3141, valid_rmse-1.3555, valid_pr-0.7013
epoch-277, train_loss-0.0962, train_rmse-0.3101, valid_rmse-1.3565, valid_pr-0.7012
epoch-278, train_loss-0.0947, train_rmse-0.3078, valid_rmse-1.3609, valid_pr-0.7002
epoch-279, train_loss-0.0917, train_rmse-0.3028, valid_rmse-1.3582, valid_pr-0.7074
epoch-280, train_loss-0.0888, train_rmse-0.2979, valid_rmse-1.3491, valid_pr-0.7052
epoch-281, train_loss-0.0941, train_rmse-0.3068, valid_rmse-1.3524, valid_pr-0.7008
epoch-282, train_loss-0.0960, train_rmse-0.3098, valid_rmse-1.3384, valid_pr-0.7046
epoch-283, train_loss-0.0947, train_rmse-0.3077, valid_rmse-1.3462, valid_pr-0.7056
epoch-284, train_loss-0.0914, train_rmse-0.3024, valid_rmse-1.3463, valid_pr-0.7104
epoch-285, train_loss-0.0920, train_rmse-0.3034, valid_rmse-1.3473, valid_pr-0.7073
epoch-286, train_loss-0.0875, train_rmse-0.2958, valid_rmse-1.3418, valid_pr-0.7069
epoch-287, train_loss-0.0961, train_rmse-0.3101, valid_rmse-1.3533, valid_pr-0.7005
epoch-288, train_loss-0.0935, train_rmse-0.3058, valid_rmse-1.3596, valid_pr-0.6992
epoch-289, train_loss-0.0937, train_rmse-0.3060, valid_rmse-1.3495, valid_pr-0.7048
epoch-290, train_loss-0.0960, train_rmse-0.3099, valid_rmse-1.3434, valid_pr-0.7102
epoch-291, train_loss-0.0926, train_rmse-0.3043, valid_rmse-1.3447, valid_pr-0.7064
epoch-292, train_loss-0.0936, train_rmse-0.3059, valid_rmse-1.3553, valid_pr-0.7058
epoch-293, train_loss-0.0919, train_rmse-0.3032, valid_rmse-1.3477, valid_pr-0.7070
epoch-294, train_loss-0.0910, train_rmse-0.3016, valid_rmse-1.3586, valid_pr-0.7064
epoch-295, train_loss-0.0920, train_rmse-0.3032, valid_rmse-1.3462, valid_pr-0.7023
epoch-296, train_loss-0.0909, train_rmse-0.3016, valid_rmse-1.3447, valid_pr-0.7105
epoch-297, train_loss-0.0855, train_rmse-0.2924, valid_rmse-1.3500, valid_pr-0.7030
epoch-298, train_loss-0.0891, train_rmse-0.2984, valid_rmse-1.3534, valid_pr-0.7018
epoch-299, train_loss-0.0916, train_rmse-0.3026, valid_rmse-1.3450, valid_pr-0.7063
epoch-300, train_loss-0.0865, train_rmse-0.2942, valid_rmse-1.3282, valid_pr-0.7114
Validation : valid_rmse-1.3282, valid_pr-0.7114, 
test2013_rmse-1.5446, test2013_pr-0.7499, test2016_rmse-1.4800, test2016_pr-0.7358, test2019_rmse-1.5428, test2019_pr-0.5618
epoch-301, train_loss-0.0859, train_rmse-0.2931, valid_rmse-1.3289, valid_pr-0.7143
epoch-302, train_loss-0.0976, train_rmse-0.3124, valid_rmse-1.3335, valid_pr-0.7101
epoch-303, train_loss-0.0886, train_rmse-0.2976, valid_rmse-1.3310, valid_pr-0.7122
epoch-304, train_loss-0.0889, train_rmse-0.2981, valid_rmse-1.3709, valid_pr-0.6995
epoch-305, train_loss-0.0845, train_rmse-0.2906, valid_rmse-1.3455, valid_pr-0.7053
epoch-306, train_loss-0.0901, train_rmse-0.3002, valid_rmse-1.3422, valid_pr-0.7069
epoch-307, train_loss-0.0957, train_rmse-0.3094, valid_rmse-1.3402, valid_pr-0.7096
epoch-308, train_loss-0.0904, train_rmse-0.3006, valid_rmse-1.3704, valid_pr-0.6999
epoch-309, train_loss-0.0907, train_rmse-0.3012, valid_rmse-1.3561, valid_pr-0.7004
epoch-310, train_loss-0.0834, train_rmse-0.2888, valid_rmse-1.3484, valid_pr-0.7030
epoch-311, train_loss-0.0816, train_rmse-0.2857, valid_rmse-1.3483, valid_pr-0.7059
epoch-312, train_loss-0.0839, train_rmse-0.2897, valid_rmse-1.3405, valid_pr-0.7086
epoch-313, train_loss-0.0830, train_rmse-0.2880, valid_rmse-1.3501, valid_pr-0.7047
epoch-314, train_loss-0.0894, train_rmse-0.2990, valid_rmse-1.3469, valid_pr-0.7033
epoch-315, train_loss-0.0834, train_rmse-0.2888, valid_rmse-1.3410, valid_pr-0.7059
epoch-316, train_loss-0.0821, train_rmse-0.2866, valid_rmse-1.3402, valid_pr-0.7096
epoch-317, train_loss-0.0855, train_rmse-0.2925, valid_rmse-1.3373, valid_pr-0.7085
epoch-318, train_loss-0.0836, train_rmse-0.2891, valid_rmse-1.3395, valid_pr-0.7099
epoch-319, train_loss-0.0855, train_rmse-0.2925, valid_rmse-1.3367, valid_pr-0.7077
epoch-320, train_loss-0.0898, train_rmse-0.2997, valid_rmse-1.3374, valid_pr-0.7081
epoch-321, train_loss-0.0819, train_rmse-0.2862, valid_rmse-1.3354, valid_pr-0.7083
epoch-322, train_loss-0.0829, train_rmse-0.2879, valid_rmse-1.3540, valid_pr-0.7075
epoch-323, train_loss-0.0816, train_rmse-0.2856, valid_rmse-1.3549, valid_pr-0.7040
epoch-324, train_loss-0.0834, train_rmse-0.2888, valid_rmse-1.3460, valid_pr-0.7059
epoch-325, train_loss-0.0789, train_rmse-0.2808, valid_rmse-1.3472, valid_pr-0.7039
epoch-326, train_loss-0.0837, train_rmse-0.2893, valid_rmse-1.3440, valid_pr-0.7047
epoch-327, train_loss-0.0766, train_rmse-0.2769, valid_rmse-1.3549, valid_pr-0.7061
epoch-328, train_loss-0.0903, train_rmse-0.3006, valid_rmse-1.3403, valid_pr-0.7064
epoch-329, train_loss-0.0899, train_rmse-0.2998, valid_rmse-1.3413, valid_pr-0.7074
epoch-330, train_loss-0.0878, train_rmse-0.2963, valid_rmse-1.3462, valid_pr-0.7076
epoch-331, train_loss-0.0788, train_rmse-0.2807, valid_rmse-1.3329, valid_pr-0.7084
epoch-332, train_loss-0.0822, train_rmse-0.2867, valid_rmse-1.3422, valid_pr-0.7033
epoch-333, train_loss-0.0889, train_rmse-0.2981, valid_rmse-1.3466, valid_pr-0.7039
epoch-334, train_loss-0.0725, train_rmse-0.2692, valid_rmse-1.3440, valid_pr-0.7067
epoch-335, train_loss-0.0750, train_rmse-0.2738, valid_rmse-1.3459, valid_pr-0.7061
epoch-336, train_loss-0.0774, train_rmse-0.2782, valid_rmse-1.3395, valid_pr-0.7060
epoch-337, train_loss-0.0811, train_rmse-0.2848, valid_rmse-1.3345, valid_pr-0.7118
epoch-338, train_loss-0.0801, train_rmse-0.2831, valid_rmse-1.3428, valid_pr-0.7086
epoch-339, train_loss-0.0791, train_rmse-0.2812, valid_rmse-1.3467, valid_pr-0.7072
epoch-340, train_loss-0.0814, train_rmse-0.2853, valid_rmse-1.3474, valid_pr-0.7034
epoch-341, train_loss-0.0824, train_rmse-0.2870, valid_rmse-1.3699, valid_pr-0.6979
epoch-342, train_loss-0.0770, train_rmse-0.2775, valid_rmse-1.3412, valid_pr-0.7079
epoch-343, train_loss-0.0788, train_rmse-0.2807, valid_rmse-1.3448, valid_pr-0.7034
epoch-344, train_loss-0.0808, train_rmse-0.2843, valid_rmse-1.3430, valid_pr-0.7079
epoch-345, train_loss-0.0784, train_rmse-0.2800, valid_rmse-1.3577, valid_pr-0.6981
epoch-346, train_loss-0.0865, train_rmse-0.2941, valid_rmse-1.3263, valid_pr-0.7157
Validation : valid_rmse-1.3263, valid_pr-0.7157, 
test2013_rmse-1.5002, test2013_pr-0.7665, test2016_rmse-1.4422, test2016_pr-0.7507, test2019_rmse-1.5433, test2019_pr-0.5623
epoch-347, train_loss-0.0781, train_rmse-0.2794, valid_rmse-1.3450, valid_pr-0.7062
epoch-348, train_loss-0.0845, train_rmse-0.2906, valid_rmse-1.3391, valid_pr-0.7074
epoch-349, train_loss-0.0771, train_rmse-0.2777, valid_rmse-1.3517, valid_pr-0.7129
epoch-350, train_loss-0.0788, train_rmse-0.2806, valid_rmse-1.3514, valid_pr-0.7047
epoch-351, train_loss-0.0803, train_rmse-0.2834, valid_rmse-1.3300, valid_pr-0.7094
epoch-352, train_loss-0.0774, train_rmse-0.2783, valid_rmse-1.3466, valid_pr-0.7070
epoch-353, train_loss-0.0786, train_rmse-0.2803, valid_rmse-1.3257, valid_pr-0.7154
Validation : valid_rmse-1.3257, valid_pr-0.7154, 
test2013_rmse-1.5044, test2013_pr-0.7640, test2016_rmse-1.4580, test2016_pr-0.7419, test2019_rmse-1.5374, test2019_pr-0.5663
epoch-354, train_loss-0.0808, train_rmse-0.2842, valid_rmse-1.3424, valid_pr-0.7093
epoch-355, train_loss-0.0804, train_rmse-0.2835, valid_rmse-1.3353, valid_pr-0.7065
epoch-356, train_loss-0.0790, train_rmse-0.2810, valid_rmse-1.3319, valid_pr-0.7094
epoch-357, train_loss-0.0727, train_rmse-0.2697, valid_rmse-1.3335, valid_pr-0.7081
epoch-358, train_loss-0.0771, train_rmse-0.2777, valid_rmse-1.3490, valid_pr-0.7038
epoch-359, train_loss-0.0721, train_rmse-0.2685, valid_rmse-1.3437, valid_pr-0.7042
epoch-360, train_loss-0.0786, train_rmse-0.2804, valid_rmse-1.3301, valid_pr-0.7111
epoch-361, train_loss-0.0746, train_rmse-0.2731, valid_rmse-1.3374, valid_pr-0.7080
epoch-362, train_loss-0.0717, train_rmse-0.2678, valid_rmse-1.3510, valid_pr-0.7013
epoch-363, train_loss-0.0760, train_rmse-0.2757, valid_rmse-1.3251, valid_pr-0.7138
Validation : valid_rmse-1.3251, valid_pr-0.7138, 
test2013_rmse-1.5399, test2013_pr-0.7509, test2016_rmse-1.4576, test2016_pr-0.7418, test2019_rmse-1.5439, test2019_pr-0.5601
epoch-364, train_loss-0.0733, train_rmse-0.2708, valid_rmse-1.3508, valid_pr-0.7037
epoch-365, train_loss-0.0739, train_rmse-0.2719, valid_rmse-1.3307, valid_pr-0.7122
epoch-366, train_loss-0.0771, train_rmse-0.2776, valid_rmse-1.3339, valid_pr-0.7082
epoch-367, train_loss-0.0788, train_rmse-0.2807, valid_rmse-1.3333, valid_pr-0.7103
epoch-368, train_loss-0.0753, train_rmse-0.2744, valid_rmse-1.3255, valid_pr-0.7154
epoch-369, train_loss-0.0754, train_rmse-0.2745, valid_rmse-1.3460, valid_pr-0.7043
epoch-370, train_loss-0.0793, train_rmse-0.2816, valid_rmse-1.3321, valid_pr-0.7117
epoch-371, train_loss-0.0788, train_rmse-0.2807, valid_rmse-1.3298, valid_pr-0.7155
epoch-372, train_loss-0.0712, train_rmse-0.2668, valid_rmse-1.3189, valid_pr-0.7145
Validation : valid_rmse-1.3189, valid_pr-0.7145, 
test2013_rmse-1.5114, test2013_pr-0.7636, test2016_rmse-1.4362, test2016_pr-0.7528, test2019_rmse-1.5416, test2019_pr-0.5606
epoch-373, train_loss-0.0740, train_rmse-0.2719, valid_rmse-1.3442, valid_pr-0.7102
epoch-374, train_loss-0.0739, train_rmse-0.2718, valid_rmse-1.3342, valid_pr-0.7164
epoch-375, train_loss-0.0706, train_rmse-0.2658, valid_rmse-1.3296, valid_pr-0.7109
epoch-376, train_loss-0.0792, train_rmse-0.2814, valid_rmse-1.3307, valid_pr-0.7119
epoch-377, train_loss-0.0718, train_rmse-0.2679, valid_rmse-1.3306, valid_pr-0.7120
epoch-378, train_loss-0.0747, train_rmse-0.2734, valid_rmse-1.3322, valid_pr-0.7114
epoch-379, train_loss-0.0758, train_rmse-0.2752, valid_rmse-1.3316, valid_pr-0.7099
epoch-380, train_loss-0.0729, train_rmse-0.2700, valid_rmse-1.3350, valid_pr-0.7078
epoch-381, train_loss-0.0718, train_rmse-0.2680, valid_rmse-1.3357, valid_pr-0.7117
epoch-382, train_loss-0.0755, train_rmse-0.2747, valid_rmse-1.3400, valid_pr-0.7076
epoch-383, train_loss-0.0735, train_rmse-0.2711, valid_rmse-1.3342, valid_pr-0.7082
epoch-384, train_loss-0.0746, train_rmse-0.2732, valid_rmse-1.3375, valid_pr-0.7100
epoch-385, train_loss-0.0771, train_rmse-0.2777, valid_rmse-1.3445, valid_pr-0.7072
epoch-386, train_loss-0.0719, train_rmse-0.2682, valid_rmse-1.3293, valid_pr-0.7119
epoch-387, train_loss-0.0754, train_rmse-0.2746, valid_rmse-1.3296, valid_pr-0.7134
epoch-388, train_loss-0.0708, train_rmse-0.2662, valid_rmse-1.3376, valid_pr-0.7125
epoch-389, train_loss-0.0713, train_rmse-0.2671, valid_rmse-1.3290, valid_pr-0.7166
epoch-390, train_loss-0.0673, train_rmse-0.2595, valid_rmse-1.3363, valid_pr-0.7085
epoch-391, train_loss-0.0715, train_rmse-0.2673, valid_rmse-1.3436, valid_pr-0.7081
epoch-392, train_loss-0.0731, train_rmse-0.2703, valid_rmse-1.3286, valid_pr-0.7155
epoch-393, train_loss-0.0692, train_rmse-0.2630, valid_rmse-1.3337, valid_pr-0.7130
epoch-394, train_loss-0.0700, train_rmse-0.2647, valid_rmse-1.3395, valid_pr-0.7133
epoch-395, train_loss-0.0727, train_rmse-0.2697, valid_rmse-1.3437, valid_pr-0.7082
epoch-396, train_loss-0.0692, train_rmse-0.2631, valid_rmse-1.3456, valid_pr-0.7055
epoch-397, train_loss-0.0728, train_rmse-0.2699, valid_rmse-1.3506, valid_pr-0.7078
epoch-398, train_loss-0.0680, train_rmse-0.2607, valid_rmse-1.3395, valid_pr-0.7081
epoch-399, train_loss-0.0701, train_rmse-0.2648, valid_rmse-1.3301, valid_pr-0.7107
epoch-400, train_loss-0.0721, train_rmse-0.2684, valid_rmse-1.3455, valid_pr-0.7066
epoch-401, train_loss-0.0712, train_rmse-0.2669, valid_rmse-1.3216, valid_pr-0.7145
epoch-402, train_loss-0.0672, train_rmse-0.2592, valid_rmse-1.3220, valid_pr-0.7147
epoch-403, train_loss-0.0724, train_rmse-0.2690, valid_rmse-1.3323, valid_pr-0.7151
epoch-404, train_loss-0.0697, train_rmse-0.2640, valid_rmse-1.3419, valid_pr-0.7081
epoch-405, train_loss-0.0683, train_rmse-0.2614, valid_rmse-1.3425, valid_pr-0.7093
epoch-406, train_loss-0.0688, train_rmse-0.2624, valid_rmse-1.3213, valid_pr-0.7180
epoch-407, train_loss-0.0700, train_rmse-0.2647, valid_rmse-1.3381, valid_pr-0.7104
epoch-408, train_loss-0.0758, train_rmse-0.2752, valid_rmse-1.3366, valid_pr-0.7116
epoch-409, train_loss-0.0778, train_rmse-0.2789, valid_rmse-1.3395, valid_pr-0.7105
epoch-410, train_loss-0.0704, train_rmse-0.2653, valid_rmse-1.3400, valid_pr-0.7081
epoch-411, train_loss-0.0653, train_rmse-0.2554, valid_rmse-1.3396, valid_pr-0.7089
epoch-412, train_loss-0.0637, train_rmse-0.2524, valid_rmse-1.3316, valid_pr-0.7115
epoch-413, train_loss-0.0677, train_rmse-0.2601, valid_rmse-1.3453, valid_pr-0.7053
epoch-414, train_loss-0.0686, train_rmse-0.2619, valid_rmse-1.3425, valid_pr-0.7122
epoch-415, train_loss-0.0668, train_rmse-0.2584, valid_rmse-1.3316, valid_pr-0.7121
epoch-416, train_loss-0.0698, train_rmse-0.2642, valid_rmse-1.3316, valid_pr-0.7132
epoch-417, train_loss-0.0698, train_rmse-0.2642, valid_rmse-1.3309, valid_pr-0.7094
epoch-418, train_loss-0.0708, train_rmse-0.2661, valid_rmse-1.3121, valid_pr-0.7209
Validation : valid_rmse-1.3121, valid_pr-0.7209, 
test2013_rmse-1.5172, test2013_pr-0.7592, test2016_rmse-1.4410, test2016_pr-0.7486, test2019_rmse-1.5372, test2019_pr-0.5668
epoch-419, train_loss-0.0696, train_rmse-0.2639, valid_rmse-1.3283, valid_pr-0.7138
epoch-420, train_loss-0.0645, train_rmse-0.2540, valid_rmse-1.3277, valid_pr-0.7125
epoch-421, train_loss-0.0664, train_rmse-0.2577, valid_rmse-1.3244, valid_pr-0.7141
epoch-422, train_loss-0.0670, train_rmse-0.2589, valid_rmse-1.3412, valid_pr-0.7101
epoch-423, train_loss-0.0645, train_rmse-0.2539, valid_rmse-1.3371, valid_pr-0.7094
epoch-424, train_loss-0.0653, train_rmse-0.2555, valid_rmse-1.3270, valid_pr-0.7114
epoch-425, train_loss-0.0666, train_rmse-0.2582, valid_rmse-1.3228, valid_pr-0.7128
epoch-426, train_loss-0.0661, train_rmse-0.2571, valid_rmse-1.3386, valid_pr-0.7082
epoch-427, train_loss-0.0691, train_rmse-0.2630, valid_rmse-1.3271, valid_pr-0.7144
epoch-428, train_loss-0.0692, train_rmse-0.2630, valid_rmse-1.3437, valid_pr-0.7086
epoch-429, train_loss-0.0690, train_rmse-0.2626, valid_rmse-1.3368, valid_pr-0.7118
epoch-430, train_loss-0.0658, train_rmse-0.2566, valid_rmse-1.3424, valid_pr-0.7138
epoch-431, train_loss-0.0654, train_rmse-0.2556, valid_rmse-1.3449, valid_pr-0.7059
epoch-432, train_loss-0.0645, train_rmse-0.2540, valid_rmse-1.3357, valid_pr-0.7105
epoch-433, train_loss-0.0684, train_rmse-0.2616, valid_rmse-1.3369, valid_pr-0.7093
epoch-434, train_loss-0.0700, train_rmse-0.2645, valid_rmse-1.3302, valid_pr-0.7111
epoch-435, train_loss-0.0628, train_rmse-0.2507, valid_rmse-1.3248, valid_pr-0.7180
epoch-436, train_loss-0.0650, train_rmse-0.2550, valid_rmse-1.3203, valid_pr-0.7119
epoch-437, train_loss-0.0673, train_rmse-0.2595, valid_rmse-1.3199, valid_pr-0.7175
epoch-438, train_loss-0.0646, train_rmse-0.2542, valid_rmse-1.3387, valid_pr-0.7077
epoch-439, train_loss-0.0681, train_rmse-0.2609, valid_rmse-1.3373, valid_pr-0.7102
epoch-440, train_loss-0.0672, train_rmse-0.2593, valid_rmse-1.3318, valid_pr-0.7126
epoch-441, train_loss-0.0657, train_rmse-0.2564, valid_rmse-1.3205, valid_pr-0.7165
epoch-442, train_loss-0.0688, train_rmse-0.2623, valid_rmse-1.3254, valid_pr-0.7150
epoch-443, train_loss-0.0667, train_rmse-0.2583, valid_rmse-1.3355, valid_pr-0.7085
epoch-444, train_loss-0.0676, train_rmse-0.2601, valid_rmse-1.3246, valid_pr-0.7145
epoch-445, train_loss-0.0657, train_rmse-0.2564, valid_rmse-1.3450, valid_pr-0.7054
epoch-446, train_loss-0.0642, train_rmse-0.2533, valid_rmse-1.3444, valid_pr-0.7072
epoch-447, train_loss-0.0671, train_rmse-0.2591, valid_rmse-1.3319, valid_pr-0.7103
epoch-448, train_loss-0.0705, train_rmse-0.2655, valid_rmse-1.3325, valid_pr-0.7118
epoch-449, train_loss-0.0679, train_rmse-0.2606, valid_rmse-1.3478, valid_pr-0.7088
epoch-450, train_loss-0.0692, train_rmse-0.2631, valid_rmse-1.3167, valid_pr-0.7166
epoch-451, train_loss-0.0631, train_rmse-0.2511, valid_rmse-1.3322, valid_pr-0.7095
epoch-452, train_loss-0.0695, train_rmse-0.2636, valid_rmse-1.3401, valid_pr-0.7074
epoch-453, train_loss-0.0674, train_rmse-0.2597, valid_rmse-1.3181, valid_pr-0.7162
epoch-454, train_loss-0.0642, train_rmse-0.2534, valid_rmse-1.3425, valid_pr-0.7088
epoch-455, train_loss-0.0636, train_rmse-0.2522, valid_rmse-1.3279, valid_pr-0.7099
epoch-456, train_loss-0.0640, train_rmse-0.2530, valid_rmse-1.3252, valid_pr-0.7159
epoch-457, train_loss-0.0656, train_rmse-0.2560, valid_rmse-1.3242, valid_pr-0.7140
epoch-458, train_loss-0.0619, train_rmse-0.2487, valid_rmse-1.3367, valid_pr-0.7081
epoch-459, train_loss-0.0670, train_rmse-0.2588, valid_rmse-1.3343, valid_pr-0.7164
epoch-460, train_loss-0.0644, train_rmse-0.2538, valid_rmse-1.3324, valid_pr-0.7111
epoch-461, train_loss-0.0619, train_rmse-0.2487, valid_rmse-1.3246, valid_pr-0.7131
epoch-462, train_loss-0.0640, train_rmse-0.2530, valid_rmse-1.3274, valid_pr-0.7117
epoch-463, train_loss-0.0637, train_rmse-0.2524, valid_rmse-1.3478, valid_pr-0.7021
epoch-464, train_loss-0.0638, train_rmse-0.2525, valid_rmse-1.3253, valid_pr-0.7122
epoch-465, train_loss-0.0614, train_rmse-0.2479, valid_rmse-1.3225, valid_pr-0.7134
epoch-466, train_loss-0.0624, train_rmse-0.2498, valid_rmse-1.3440, valid_pr-0.7072
epoch-467, train_loss-0.0650, train_rmse-0.2550, valid_rmse-1.3261, valid_pr-0.7136
epoch-468, train_loss-0.0639, train_rmse-0.2527, valid_rmse-1.3261, valid_pr-0.7138
epoch-469, train_loss-0.0626, train_rmse-0.2502, valid_rmse-1.3319, valid_pr-0.7158
epoch-470, train_loss-0.0567, train_rmse-0.2380, valid_rmse-1.3279, valid_pr-0.7120
epoch-471, train_loss-0.0476, train_rmse-0.2182, valid_rmse-1.3290, valid_pr-0.7116
epoch-472, train_loss-0.0481, train_rmse-0.2194, valid_rmse-1.3235, valid_pr-0.7141
epoch-473, train_loss-0.0438, train_rmse-0.2093, valid_rmse-1.3291, valid_pr-0.7155
epoch-474, train_loss-0.0451, train_rmse-0.2124, valid_rmse-1.3233, valid_pr-0.7151
epoch-475, train_loss-0.0438, train_rmse-0.2093, valid_rmse-1.3249, valid_pr-0.7118
epoch-476, train_loss-0.0439, train_rmse-0.2095, valid_rmse-1.3220, valid_pr-0.7127
epoch-477, train_loss-0.0440, train_rmse-0.2097, valid_rmse-1.3259, valid_pr-0.7109
epoch-478, train_loss-0.0445, train_rmse-0.2109, valid_rmse-1.3268, valid_pr-0.7121
epoch-479, train_loss-0.0462, train_rmse-0.2150, valid_rmse-1.3320, valid_pr-0.7103
epoch-480, train_loss-0.0447, train_rmse-0.2113, valid_rmse-1.3319, valid_pr-0.7131
epoch-481, train_loss-0.0489, train_rmse-0.2211, valid_rmse-1.3269, valid_pr-0.7124
epoch-482, train_loss-0.0490, train_rmse-0.2213, valid_rmse-1.3256, valid_pr-0.7138
epoch-483, train_loss-0.0451, train_rmse-0.2124, valid_rmse-1.3260, valid_pr-0.7116
epoch-484, train_loss-0.0431, train_rmse-0.2077, valid_rmse-1.3253, valid_pr-0.7123
epoch-485, train_loss-0.0437, train_rmse-0.2091, valid_rmse-1.3251, valid_pr-0.7140
epoch-486, train_loss-0.0456, train_rmse-0.2135, valid_rmse-1.3238, valid_pr-0.7130
epoch-487, train_loss-0.0444, train_rmse-0.2107, valid_rmse-1.3272, valid_pr-0.7146
epoch-488, train_loss-0.0470, train_rmse-0.2167, valid_rmse-1.3248, valid_pr-0.7126
epoch-489, train_loss-0.0470, train_rmse-0.2168, valid_rmse-1.3279, valid_pr-0.7127
epoch-490, train_loss-0.0468, train_rmse-0.2163, valid_rmse-1.3319, valid_pr-0.7139
epoch-491, train_loss-0.0448, train_rmse-0.2117, valid_rmse-1.3345, valid_pr-0.7109
epoch-492, train_loss-0.0466, train_rmse-0.2158, valid_rmse-1.3343, valid_pr-0.7093
epoch-493, train_loss-0.0474, train_rmse-0.2176, valid_rmse-1.3312, valid_pr-0.7092
epoch-494, train_loss-0.0432, train_rmse-0.2078, valid_rmse-1.3257, valid_pr-0.7144
epoch-495, train_loss-0.0415, train_rmse-0.2036, valid_rmse-1.3279, valid_pr-0.7118
epoch-496, train_loss-0.0431, train_rmse-0.2077, valid_rmse-1.3226, valid_pr-0.7160
epoch-497, train_loss-0.0464, train_rmse-0.2154, valid_rmse-1.3257, valid_pr-0.7130
epoch-498, train_loss-0.0426, train_rmse-0.2065, valid_rmse-1.3303, valid_pr-0.7106
epoch-499, train_loss-0.0444, train_rmse-0.2108, valid_rmse-1.3253, valid_pr-0.7130
epoch-500, train_loss-0.0470, train_rmse-0.2168, valid_rmse-1.3235, valid_pr-0.7121
epoch-501, train_loss-0.0413, train_rmse-0.2031, valid_rmse-1.3217, valid_pr-0.7146
epoch-502, train_loss-0.0436, train_rmse-0.2088, valid_rmse-1.3239, valid_pr-0.7132
epoch-503, train_loss-0.0439, train_rmse-0.2096, valid_rmse-1.3214, valid_pr-0.7187
epoch-504, train_loss-0.0429, train_rmse-0.2071, valid_rmse-1.3196, valid_pr-0.7170
epoch-505, train_loss-0.0434, train_rmse-0.2082, valid_rmse-1.3218, valid_pr-0.7134
epoch-506, train_loss-0.0411, train_rmse-0.2026, valid_rmse-1.3289, valid_pr-0.7120
epoch-507, train_loss-0.0447, train_rmse-0.2113, valid_rmse-1.3270, valid_pr-0.7126
epoch-508, train_loss-0.0453, train_rmse-0.2129, valid_rmse-1.3199, valid_pr-0.7135
epoch-509, train_loss-0.0397, train_rmse-0.1993, valid_rmse-1.3158, valid_pr-0.7177
epoch-510, train_loss-0.0457, train_rmse-0.2139, valid_rmse-1.3214, valid_pr-0.7147
epoch-511, train_loss-0.0447, train_rmse-0.2114, valid_rmse-1.3205, valid_pr-0.7175
epoch-512, train_loss-0.0438, train_rmse-0.2093, valid_rmse-1.3163, valid_pr-0.7172
epoch-513, train_loss-0.0429, train_rmse-0.2071, valid_rmse-1.3233, valid_pr-0.7174
epoch-514, train_loss-0.0462, train_rmse-0.2149, valid_rmse-1.3207, valid_pr-0.7150
epoch-515, train_loss-0.0442, train_rmse-0.2101, valid_rmse-1.3135, valid_pr-0.7178
epoch-516, train_loss-0.0444, train_rmse-0.2107, valid_rmse-1.3188, valid_pr-0.7169
epoch-517, train_loss-0.0417, train_rmse-0.2043, valid_rmse-1.3211, valid_pr-0.7153
epoch-518, train_loss-0.0434, train_rmse-0.2083, valid_rmse-1.3266, valid_pr-0.7156
epoch-519, train_loss-0.0438, train_rmse-0.2092, valid_rmse-1.3147, valid_pr-0.7174
early stop in epoch 519
best_rmse: 1.3121
valid_rmse-1.3121, valid_pr-0.7209, test2013_rmse-1.5172, test2013_pr-0.7592, test2016_rmse-1.4410, test2016_pr-0.7486, test2019_rmse-1.5372, test2019_pr-0.5668
