Atom3D, lr=0.0005, seed=872
train_Atom3D.py
train data: 11904
valid data: 1000
test2013 data: 107
test2016 data: 285
test2019 data: 4366
GIGN params # : 243201
epoch-0, train_loss-24.7198, train_rmse-4.9719, valid_rmse-2.2799, valid_pr-0.3488
Validation : valid_rmse-2.2799, valid_pr-0.3488, 
test2013_rmse-2.2785, test2013_pr-0.5013, test2016_rmse-2.2455, test2016_pr-0.5044, test2019_rmse-2.2363, test2019_pr-0.3623
epoch-1, train_loss-5.9874, train_rmse-2.4469, valid_rmse-1.9470, valid_pr-0.4438
Validation : valid_rmse-1.9470, valid_pr-0.4438, 
test2013_rmse-1.8617, test2013_pr-0.6171, test2016_rmse-1.7950, test2016_pr-0.6079, test2019_rmse-1.9450, test2019_pr-0.4347
epoch-2, train_loss-4.2625, train_rmse-2.0646, valid_rmse-1.8659, valid_pr-0.4586
Validation : valid_rmse-1.8659, valid_pr-0.4586, 
test2013_rmse-1.8863, test2013_pr-0.6299, test2016_rmse-1.9119, test2016_pr-0.6014, test2019_rmse-1.8645, test2019_pr-0.4461
epoch-3, train_loss-3.5771, train_rmse-1.8913, valid_rmse-1.7372, valid_pr-0.5137
Validation : valid_rmse-1.7372, valid_pr-0.5137, 
test2013_rmse-1.7453, test2013_pr-0.6996, test2016_rmse-1.8016, test2016_pr-0.6473, test2019_rmse-1.8365, test2019_pr-0.4533
epoch-4, train_loss-3.1909, train_rmse-1.7863, valid_rmse-1.6813, valid_pr-0.5437
Validation : valid_rmse-1.6813, valid_pr-0.5437, 
test2013_rmse-1.6426, test2013_pr-0.7217, test2016_rmse-1.6404, test2016_pr-0.6881, test2019_rmse-1.7521, test2019_pr-0.4905
epoch-5, train_loss-2.8991, train_rmse-1.7027, valid_rmse-1.6607, valid_pr-0.5503
Validation : valid_rmse-1.6607, valid_pr-0.5503, 
test2013_rmse-1.6218, test2013_pr-0.7197, test2016_rmse-1.5920, test2016_pr-0.6830, test2019_rmse-1.7669, test2019_pr-0.4881
epoch-6, train_loss-2.6650, train_rmse-1.6325, valid_rmse-1.6331, valid_pr-0.5650
Validation : valid_rmse-1.6331, valid_pr-0.5650, 
test2013_rmse-1.6989, test2013_pr-0.6998, test2016_rmse-1.6654, test2016_pr-0.6792, test2019_rmse-1.7460, test2019_pr-0.4895
epoch-7, train_loss-2.4797, train_rmse-1.5747, valid_rmse-1.5847, valid_pr-0.5887
Validation : valid_rmse-1.5847, valid_pr-0.5887, 
test2013_rmse-1.5432, test2013_pr-0.7506, test2016_rmse-1.5439, test2016_pr-0.7103, test2019_rmse-1.7204, test2019_pr-0.5130
epoch-8, train_loss-2.3469, train_rmse-1.5319, valid_rmse-1.5989, valid_pr-0.5897
epoch-9, train_loss-2.2611, train_rmse-1.5037, valid_rmse-1.5488, valid_pr-0.6127
Validation : valid_rmse-1.5488, valid_pr-0.6127, 
test2013_rmse-1.5965, test2013_pr-0.7265, test2016_rmse-1.5399, test2016_pr-0.7123, test2019_rmse-1.6777, test2019_pr-0.5283
epoch-10, train_loss-2.2149, train_rmse-1.4883, valid_rmse-1.5830, valid_pr-0.6064
epoch-11, train_loss-2.0631, train_rmse-1.4364, valid_rmse-1.5379, valid_pr-0.6156
Validation : valid_rmse-1.5379, valid_pr-0.6156, 
test2013_rmse-1.5367, test2013_pr-0.7564, test2016_rmse-1.5149, test2016_pr-0.7177, test2019_rmse-1.6799, test2019_pr-0.5292
epoch-12, train_loss-2.0012, train_rmse-1.4146, valid_rmse-1.5224, valid_pr-0.6268
Validation : valid_rmse-1.5224, valid_pr-0.6268, 
test2013_rmse-1.6122, test2013_pr-0.7467, test2016_rmse-1.5358, test2016_pr-0.7355, test2019_rmse-1.6751, test2019_pr-0.5250
epoch-13, train_loss-1.9296, train_rmse-1.3891, valid_rmse-1.4899, valid_pr-0.6345
Validation : valid_rmse-1.4899, valid_pr-0.6345, 
test2013_rmse-1.5617, test2013_pr-0.7524, test2016_rmse-1.4829, test2016_pr-0.7410, test2019_rmse-1.6625, test2019_pr-0.5235
epoch-14, train_loss-1.8949, train_rmse-1.3765, valid_rmse-1.5118, valid_pr-0.6308
epoch-15, train_loss-1.8273, train_rmse-1.3518, valid_rmse-1.5288, valid_pr-0.6165
epoch-16, train_loss-1.7805, train_rmse-1.3343, valid_rmse-1.5049, valid_pr-0.6266
epoch-17, train_loss-1.7261, train_rmse-1.3138, valid_rmse-1.5003, valid_pr-0.6280
epoch-18, train_loss-1.6711, train_rmse-1.2927, valid_rmse-1.5404, valid_pr-0.6178
epoch-19, train_loss-1.6191, train_rmse-1.2724, valid_rmse-1.5213, valid_pr-0.6374
epoch-20, train_loss-1.6384, train_rmse-1.2800, valid_rmse-1.5164, valid_pr-0.6258
epoch-21, train_loss-1.6387, train_rmse-1.2801, valid_rmse-1.5303, valid_pr-0.6300
epoch-22, train_loss-1.5877, train_rmse-1.2600, valid_rmse-1.4829, valid_pr-0.6419
Validation : valid_rmse-1.4829, valid_pr-0.6419, 
test2013_rmse-1.5359, test2013_pr-0.7543, test2016_rmse-1.4341, test2016_pr-0.7517, test2019_rmse-1.6661, test2019_pr-0.5378
epoch-23, train_loss-1.5228, train_rmse-1.2340, valid_rmse-1.5493, valid_pr-0.6388
epoch-24, train_loss-1.5317, train_rmse-1.2376, valid_rmse-1.4834, valid_pr-0.6585
epoch-25, train_loss-1.4347, train_rmse-1.1978, valid_rmse-1.5426, valid_pr-0.6369
epoch-26, train_loss-1.4577, train_rmse-1.2074, valid_rmse-1.4761, valid_pr-0.6462
Validation : valid_rmse-1.4761, valid_pr-0.6462, 
test2013_rmse-1.5921, test2013_pr-0.7347, test2016_rmse-1.4217, test2016_pr-0.7584, test2019_rmse-1.6485, test2019_pr-0.5378
epoch-27, train_loss-1.4286, train_rmse-1.1952, valid_rmse-1.5025, valid_pr-0.6496
epoch-28, train_loss-1.4334, train_rmse-1.1973, valid_rmse-1.5056, valid_pr-0.6334
epoch-29, train_loss-1.3818, train_rmse-1.1755, valid_rmse-1.4662, valid_pr-0.6515
Validation : valid_rmse-1.4662, valid_pr-0.6515, 
test2013_rmse-1.5007, test2013_pr-0.7748, test2016_rmse-1.4270, test2016_pr-0.7608, test2019_rmse-1.6170, test2019_pr-0.5496
epoch-30, train_loss-1.3479, train_rmse-1.1610, valid_rmse-1.5031, valid_pr-0.6467
epoch-31, train_loss-1.3975, train_rmse-1.1822, valid_rmse-1.5318, valid_pr-0.6436
epoch-32, train_loss-1.3416, train_rmse-1.1583, valid_rmse-1.4444, valid_pr-0.6620
Validation : valid_rmse-1.4444, valid_pr-0.6620, 
test2013_rmse-1.5878, test2013_pr-0.7404, test2016_rmse-1.4097, test2016_pr-0.7692, test2019_rmse-1.6287, test2019_pr-0.5457
epoch-33, train_loss-1.3168, train_rmse-1.1475, valid_rmse-1.6036, valid_pr-0.6275
epoch-34, train_loss-1.2974, train_rmse-1.1390, valid_rmse-1.4689, valid_pr-0.6513
epoch-35, train_loss-1.2848, train_rmse-1.1335, valid_rmse-1.4708, valid_pr-0.6517
epoch-36, train_loss-1.1977, train_rmse-1.0944, valid_rmse-1.4512, valid_pr-0.6567
epoch-37, train_loss-1.2493, train_rmse-1.1177, valid_rmse-1.4762, valid_pr-0.6505
epoch-38, train_loss-1.2587, train_rmse-1.1219, valid_rmse-1.4623, valid_pr-0.6600
epoch-39, train_loss-1.2230, train_rmse-1.1059, valid_rmse-1.4501, valid_pr-0.6649
epoch-40, train_loss-1.2113, train_rmse-1.1006, valid_rmse-1.5120, valid_pr-0.6450
epoch-41, train_loss-1.1670, train_rmse-1.0803, valid_rmse-1.4775, valid_pr-0.6509
epoch-42, train_loss-1.2443, train_rmse-1.1155, valid_rmse-1.4501, valid_pr-0.6650
epoch-43, train_loss-1.1547, train_rmse-1.0745, valid_rmse-1.4413, valid_pr-0.6640
Validation : valid_rmse-1.4413, valid_pr-0.6640, 
test2013_rmse-1.4982, test2013_pr-0.7825, test2016_rmse-1.3945, test2016_pr-0.7777, test2019_rmse-1.6120, test2019_pr-0.5489
epoch-44, train_loss-1.0933, train_rmse-1.0456, valid_rmse-1.4429, valid_pr-0.6608
epoch-45, train_loss-1.0984, train_rmse-1.0480, valid_rmse-1.5189, valid_pr-0.6534
epoch-46, train_loss-1.1288, train_rmse-1.0624, valid_rmse-1.4697, valid_pr-0.6612
epoch-47, train_loss-1.0870, train_rmse-1.0426, valid_rmse-1.4686, valid_pr-0.6701
epoch-48, train_loss-1.1037, train_rmse-1.0506, valid_rmse-1.4848, valid_pr-0.6482
epoch-49, train_loss-1.0774, train_rmse-1.0380, valid_rmse-1.4960, valid_pr-0.6572
epoch-50, train_loss-1.0812, train_rmse-1.0398, valid_rmse-1.4774, valid_pr-0.6537
epoch-51, train_loss-1.0500, train_rmse-1.0247, valid_rmse-1.4612, valid_pr-0.6798
epoch-52, train_loss-1.0679, train_rmse-1.0334, valid_rmse-1.4740, valid_pr-0.6724
epoch-53, train_loss-1.0617, train_rmse-1.0304, valid_rmse-1.4110, valid_pr-0.6894
Validation : valid_rmse-1.4110, valid_pr-0.6894, 
test2013_rmse-1.4435, test2013_pr-0.7941, test2016_rmse-1.3797, test2016_pr-0.7729, test2019_rmse-1.6288, test2019_pr-0.5567
epoch-54, train_loss-1.0685, train_rmse-1.0337, valid_rmse-1.4702, valid_pr-0.6501
epoch-55, train_loss-1.0251, train_rmse-1.0125, valid_rmse-1.4648, valid_pr-0.6705
epoch-56, train_loss-0.9962, train_rmse-0.9981, valid_rmse-1.4106, valid_pr-0.6753
Validation : valid_rmse-1.4106, valid_pr-0.6753, 
test2013_rmse-1.4064, test2013_pr-0.8130, test2016_rmse-1.3107, test2016_pr-0.7999, test2019_rmse-1.6170, test2019_pr-0.5452
epoch-57, train_loss-1.0015, train_rmse-1.0008, valid_rmse-1.5089, valid_pr-0.6602
epoch-58, train_loss-0.9762, train_rmse-0.9880, valid_rmse-1.4391, valid_pr-0.6665
epoch-59, train_loss-0.9612, train_rmse-0.9804, valid_rmse-1.4774, valid_pr-0.6506
epoch-60, train_loss-0.9669, train_rmse-0.9833, valid_rmse-1.3967, valid_pr-0.6895
Validation : valid_rmse-1.3967, valid_pr-0.6895, 
test2013_rmse-1.5287, test2013_pr-0.7598, test2016_rmse-1.3825, test2016_pr-0.7715, test2019_rmse-1.6000, test2019_pr-0.5667
epoch-61, train_loss-0.9350, train_rmse-0.9669, valid_rmse-1.5206, valid_pr-0.6789
epoch-62, train_loss-0.9801, train_rmse-0.9900, valid_rmse-1.4977, valid_pr-0.6529
epoch-63, train_loss-0.9323, train_rmse-0.9656, valid_rmse-1.4689, valid_pr-0.6520
epoch-64, train_loss-0.9137, train_rmse-0.9559, valid_rmse-1.4487, valid_pr-0.6765
epoch-65, train_loss-0.9056, train_rmse-0.9517, valid_rmse-1.4942, valid_pr-0.6825
epoch-66, train_loss-0.9076, train_rmse-0.9527, valid_rmse-1.4650, valid_pr-0.6649
epoch-67, train_loss-0.9450, train_rmse-0.9721, valid_rmse-1.4326, valid_pr-0.6715
epoch-68, train_loss-0.9121, train_rmse-0.9550, valid_rmse-1.4192, valid_pr-0.7032
epoch-69, train_loss-0.9166, train_rmse-0.9574, valid_rmse-1.3563, valid_pr-0.6986
Validation : valid_rmse-1.3563, valid_pr-0.6986, 
test2013_rmse-1.5629, test2013_pr-0.7444, test2016_rmse-1.4096, test2016_pr-0.7607, test2019_rmse-1.5728, test2019_pr-0.5606
epoch-70, train_loss-0.8865, train_rmse-0.9415, valid_rmse-1.4356, valid_pr-0.6651
epoch-71, train_loss-0.8579, train_rmse-0.9262, valid_rmse-1.4317, valid_pr-0.6981
epoch-72, train_loss-0.8407, train_rmse-0.9169, valid_rmse-1.4073, valid_pr-0.6907
epoch-73, train_loss-0.8586, train_rmse-0.9266, valid_rmse-1.4539, valid_pr-0.6666
epoch-74, train_loss-0.8374, train_rmse-0.9151, valid_rmse-1.4116, valid_pr-0.6778
epoch-75, train_loss-0.8080, train_rmse-0.8989, valid_rmse-1.4242, valid_pr-0.6864
epoch-76, train_loss-0.8310, train_rmse-0.9116, valid_rmse-1.4171, valid_pr-0.6768
epoch-77, train_loss-0.8091, train_rmse-0.8995, valid_rmse-1.4349, valid_pr-0.6807
epoch-78, train_loss-0.8414, train_rmse-0.9173, valid_rmse-1.4380, valid_pr-0.6826
epoch-79, train_loss-0.8165, train_rmse-0.9036, valid_rmse-1.4760, valid_pr-0.6720
epoch-80, train_loss-0.7671, train_rmse-0.8758, valid_rmse-1.5365, valid_pr-0.6855
epoch-81, train_loss-0.7782, train_rmse-0.8821, valid_rmse-1.4107, valid_pr-0.6823
epoch-82, train_loss-0.7979, train_rmse-0.8932, valid_rmse-1.4741, valid_pr-0.6473
epoch-83, train_loss-0.7854, train_rmse-0.8862, valid_rmse-1.4722, valid_pr-0.6618
epoch-84, train_loss-0.7569, train_rmse-0.8700, valid_rmse-1.4941, valid_pr-0.6632
epoch-85, train_loss-0.7926, train_rmse-0.8903, valid_rmse-1.3805, valid_pr-0.6893
epoch-86, train_loss-0.7831, train_rmse-0.8850, valid_rmse-1.3946, valid_pr-0.6865
epoch-87, train_loss-0.7407, train_rmse-0.8607, valid_rmse-1.4077, valid_pr-0.6858
epoch-88, train_loss-0.7055, train_rmse-0.8399, valid_rmse-1.3966, valid_pr-0.6872
epoch-89, train_loss-0.7316, train_rmse-0.8554, valid_rmse-1.4056, valid_pr-0.6808
epoch-90, train_loss-0.7312, train_rmse-0.8551, valid_rmse-1.3595, valid_pr-0.7014
epoch-91, train_loss-0.7139, train_rmse-0.8449, valid_rmse-1.4169, valid_pr-0.6964
epoch-92, train_loss-0.7420, train_rmse-0.8614, valid_rmse-1.4331, valid_pr-0.6887
epoch-93, train_loss-0.7218, train_rmse-0.8496, valid_rmse-1.3527, valid_pr-0.7038
Validation : valid_rmse-1.3527, valid_pr-0.7038, 
test2013_rmse-1.5939, test2013_pr-0.7327, test2016_rmse-1.3642, test2016_pr-0.7810, test2019_rmse-1.5331, test2019_pr-0.5822
epoch-94, train_loss-0.6998, train_rmse-0.8366, valid_rmse-1.3922, valid_pr-0.6902
epoch-95, train_loss-0.7064, train_rmse-0.8405, valid_rmse-1.3933, valid_pr-0.6886
epoch-96, train_loss-0.7220, train_rmse-0.8497, valid_rmse-1.3602, valid_pr-0.7056
epoch-97, train_loss-0.7131, train_rmse-0.8445, valid_rmse-1.3685, valid_pr-0.6980
epoch-98, train_loss-0.6878, train_rmse-0.8293, valid_rmse-1.3786, valid_pr-0.7002
epoch-99, train_loss-0.7123, train_rmse-0.8440, valid_rmse-1.3680, valid_pr-0.6927
epoch-100, train_loss-0.6394, train_rmse-0.7996, valid_rmse-1.3776, valid_pr-0.6944
epoch-101, train_loss-0.6739, train_rmse-0.8209, valid_rmse-1.3831, valid_pr-0.6959
epoch-102, train_loss-0.6453, train_rmse-0.8033, valid_rmse-1.4963, valid_pr-0.6815
epoch-103, train_loss-0.6489, train_rmse-0.8055, valid_rmse-1.3519, valid_pr-0.7081
Validation : valid_rmse-1.3519, valid_pr-0.7081, 
test2013_rmse-1.5118, test2013_pr-0.7659, test2016_rmse-1.3417, test2016_pr-0.7878, test2019_rmse-1.5541, test2019_pr-0.5669
epoch-104, train_loss-0.6595, train_rmse-0.8121, valid_rmse-1.3929, valid_pr-0.6908
epoch-105, train_loss-0.6229, train_rmse-0.7892, valid_rmse-1.3722, valid_pr-0.7017
epoch-106, train_loss-0.6374, train_rmse-0.7984, valid_rmse-1.3895, valid_pr-0.6820
epoch-107, train_loss-0.6604, train_rmse-0.8127, valid_rmse-1.3745, valid_pr-0.6892
epoch-108, train_loss-0.6460, train_rmse-0.8038, valid_rmse-1.4045, valid_pr-0.6954
epoch-109, train_loss-0.6437, train_rmse-0.8023, valid_rmse-1.4306, valid_pr-0.6990
epoch-110, train_loss-0.6545, train_rmse-0.8090, valid_rmse-1.3588, valid_pr-0.7037
epoch-111, train_loss-0.6027, train_rmse-0.7763, valid_rmse-1.3613, valid_pr-0.7008
epoch-112, train_loss-0.5876, train_rmse-0.7666, valid_rmse-1.3749, valid_pr-0.6998
epoch-113, train_loss-0.6310, train_rmse-0.7943, valid_rmse-1.3779, valid_pr-0.6901
epoch-114, train_loss-0.6109, train_rmse-0.7816, valid_rmse-1.3727, valid_pr-0.7050
epoch-115, train_loss-0.5709, train_rmse-0.7556, valid_rmse-1.4064, valid_pr-0.6838
epoch-116, train_loss-0.6153, train_rmse-0.7844, valid_rmse-1.3417, valid_pr-0.7108
Validation : valid_rmse-1.3417, valid_pr-0.7108, 
test2013_rmse-1.5469, test2013_pr-0.7513, test2016_rmse-1.3594, test2016_pr-0.7818, test2019_rmse-1.5400, test2019_pr-0.5791
epoch-117, train_loss-0.5737, train_rmse-0.7574, valid_rmse-1.3793, valid_pr-0.6950
epoch-118, train_loss-0.5968, train_rmse-0.7725, valid_rmse-1.3223, valid_pr-0.7163
Validation : valid_rmse-1.3223, valid_pr-0.7163, 
test2013_rmse-1.5264, test2013_pr-0.7626, test2016_rmse-1.3800, test2016_pr-0.7771, test2019_rmse-1.5238, test2019_pr-0.5808
epoch-119, train_loss-0.5728, train_rmse-0.7569, valid_rmse-1.3674, valid_pr-0.6930
epoch-120, train_loss-0.5422, train_rmse-0.7363, valid_rmse-1.3814, valid_pr-0.6899
epoch-121, train_loss-0.5668, train_rmse-0.7528, valid_rmse-1.3883, valid_pr-0.7013
epoch-122, train_loss-0.5676, train_rmse-0.7534, valid_rmse-1.4817, valid_pr-0.6820
epoch-123, train_loss-0.5791, train_rmse-0.7610, valid_rmse-1.4478, valid_pr-0.6846
epoch-124, train_loss-0.5570, train_rmse-0.7463, valid_rmse-1.3911, valid_pr-0.6869
epoch-125, train_loss-0.5751, train_rmse-0.7583, valid_rmse-1.3958, valid_pr-0.6914
epoch-126, train_loss-0.5210, train_rmse-0.7218, valid_rmse-1.4200, valid_pr-0.6890
epoch-127, train_loss-0.5337, train_rmse-0.7306, valid_rmse-1.3655, valid_pr-0.6968
epoch-128, train_loss-0.5495, train_rmse-0.7413, valid_rmse-1.3603, valid_pr-0.7016
epoch-129, train_loss-0.5643, train_rmse-0.7512, valid_rmse-1.4557, valid_pr-0.6974
epoch-130, train_loss-0.5283, train_rmse-0.7268, valid_rmse-1.3625, valid_pr-0.7003
epoch-131, train_loss-0.5304, train_rmse-0.7283, valid_rmse-1.3449, valid_pr-0.7060
epoch-132, train_loss-0.5657, train_rmse-0.7522, valid_rmse-1.3597, valid_pr-0.7048
epoch-133, train_loss-0.5493, train_rmse-0.7411, valid_rmse-1.4031, valid_pr-0.6934
epoch-134, train_loss-0.5394, train_rmse-0.7345, valid_rmse-1.3675, valid_pr-0.7009
epoch-135, train_loss-0.5062, train_rmse-0.7115, valid_rmse-1.3484, valid_pr-0.7065
epoch-136, train_loss-0.5349, train_rmse-0.7314, valid_rmse-1.4284, valid_pr-0.6851
epoch-137, train_loss-0.4900, train_rmse-0.7000, valid_rmse-1.3511, valid_pr-0.7020
epoch-138, train_loss-0.4886, train_rmse-0.6990, valid_rmse-1.3569, valid_pr-0.7002
epoch-139, train_loss-0.5137, train_rmse-0.7167, valid_rmse-1.3897, valid_pr-0.6874
epoch-140, train_loss-0.4997, train_rmse-0.7069, valid_rmse-1.3387, valid_pr-0.7111
epoch-141, train_loss-0.5047, train_rmse-0.7104, valid_rmse-1.3636, valid_pr-0.7009
epoch-142, train_loss-0.4900, train_rmse-0.7000, valid_rmse-1.4524, valid_pr-0.6862
epoch-143, train_loss-0.4923, train_rmse-0.7016, valid_rmse-1.3203, valid_pr-0.7132
Validation : valid_rmse-1.3203, valid_pr-0.7132, 
test2013_rmse-1.4258, test2013_pr-0.8038, test2016_rmse-1.3274, test2016_pr-0.7951, test2019_rmse-1.5287, test2019_pr-0.5750
epoch-144, train_loss-0.4732, train_rmse-0.6879, valid_rmse-1.3406, valid_pr-0.7029
epoch-145, train_loss-0.4605, train_rmse-0.6786, valid_rmse-1.3296, valid_pr-0.7089
epoch-146, train_loss-0.4777, train_rmse-0.6912, valid_rmse-1.4055, valid_pr-0.7048
epoch-147, train_loss-0.4786, train_rmse-0.6918, valid_rmse-1.3673, valid_pr-0.6889
epoch-148, train_loss-0.4632, train_rmse-0.6806, valid_rmse-1.3790, valid_pr-0.6855
epoch-149, train_loss-0.4848, train_rmse-0.6963, valid_rmse-1.3902, valid_pr-0.6927
epoch-150, train_loss-0.4724, train_rmse-0.6873, valid_rmse-1.3493, valid_pr-0.7043
epoch-151, train_loss-0.4693, train_rmse-0.6851, valid_rmse-1.3943, valid_pr-0.6867
epoch-152, train_loss-0.5109, train_rmse-0.7148, valid_rmse-1.3682, valid_pr-0.6970
epoch-153, train_loss-0.4686, train_rmse-0.6845, valid_rmse-1.3552, valid_pr-0.6972
epoch-154, train_loss-0.4814, train_rmse-0.6938, valid_rmse-1.3789, valid_pr-0.6909
epoch-155, train_loss-0.4587, train_rmse-0.6772, valid_rmse-1.3364, valid_pr-0.7063
epoch-156, train_loss-0.4606, train_rmse-0.6787, valid_rmse-1.4534, valid_pr-0.7000
epoch-157, train_loss-0.4423, train_rmse-0.6650, valid_rmse-1.3721, valid_pr-0.7011
epoch-158, train_loss-0.4327, train_rmse-0.6578, valid_rmse-1.3318, valid_pr-0.7093
epoch-159, train_loss-0.4354, train_rmse-0.6598, valid_rmse-1.3743, valid_pr-0.7054
epoch-160, train_loss-0.4345, train_rmse-0.6592, valid_rmse-1.3406, valid_pr-0.7110
epoch-161, train_loss-0.4706, train_rmse-0.6860, valid_rmse-1.3470, valid_pr-0.7040
epoch-162, train_loss-0.4540, train_rmse-0.6738, valid_rmse-1.3637, valid_pr-0.6988
epoch-163, train_loss-0.4615, train_rmse-0.6794, valid_rmse-1.4156, valid_pr-0.7020
epoch-164, train_loss-0.4301, train_rmse-0.6558, valid_rmse-1.3753, valid_pr-0.7018
epoch-165, train_loss-0.4262, train_rmse-0.6528, valid_rmse-1.3671, valid_pr-0.7090
epoch-166, train_loss-0.4453, train_rmse-0.6673, valid_rmse-1.3359, valid_pr-0.7087
epoch-167, train_loss-0.4242, train_rmse-0.6513, valid_rmse-1.3966, valid_pr-0.7123
epoch-168, train_loss-0.4249, train_rmse-0.6519, valid_rmse-1.3254, valid_pr-0.7162
epoch-169, train_loss-0.4042, train_rmse-0.6357, valid_rmse-1.4710, valid_pr-0.7050
epoch-170, train_loss-0.4023, train_rmse-0.6342, valid_rmse-1.4209, valid_pr-0.7065
epoch-171, train_loss-0.4358, train_rmse-0.6602, valid_rmse-1.3572, valid_pr-0.7062
epoch-172, train_loss-0.4328, train_rmse-0.6579, valid_rmse-1.3942, valid_pr-0.6893
epoch-173, train_loss-0.4262, train_rmse-0.6528, valid_rmse-1.3464, valid_pr-0.7066
epoch-174, train_loss-0.4196, train_rmse-0.6478, valid_rmse-1.3867, valid_pr-0.6984
epoch-175, train_loss-0.4115, train_rmse-0.6415, valid_rmse-1.3529, valid_pr-0.6998
epoch-176, train_loss-0.3952, train_rmse-0.6287, valid_rmse-1.3966, valid_pr-0.7053
epoch-177, train_loss-0.4002, train_rmse-0.6326, valid_rmse-1.3305, valid_pr-0.7068
epoch-178, train_loss-0.4088, train_rmse-0.6394, valid_rmse-1.5638, valid_pr-0.6944
epoch-179, train_loss-0.4123, train_rmse-0.6421, valid_rmse-1.3499, valid_pr-0.6990
epoch-180, train_loss-0.4114, train_rmse-0.6414, valid_rmse-1.3472, valid_pr-0.6991
epoch-181, train_loss-0.3979, train_rmse-0.6308, valid_rmse-1.3904, valid_pr-0.6992
epoch-182, train_loss-0.3918, train_rmse-0.6259, valid_rmse-1.3535, valid_pr-0.6959
epoch-183, train_loss-0.4312, train_rmse-0.6567, valid_rmse-1.3119, valid_pr-0.7134
Validation : valid_rmse-1.3119, valid_pr-0.7134, 
test2013_rmse-1.4123, test2013_pr-0.8121, test2016_rmse-1.2998, test2016_pr-0.8036, test2019_rmse-1.4779, test2019_pr-0.5986
epoch-184, train_loss-0.3955, train_rmse-0.6289, valid_rmse-1.3188, valid_pr-0.7107
epoch-185, train_loss-0.3785, train_rmse-0.6152, valid_rmse-1.3487, valid_pr-0.7115
epoch-186, train_loss-0.3974, train_rmse-0.6304, valid_rmse-1.3125, valid_pr-0.7151
epoch-187, train_loss-0.3882, train_rmse-0.6231, valid_rmse-1.3456, valid_pr-0.7036
epoch-188, train_loss-0.3781, train_rmse-0.6149, valid_rmse-1.3597, valid_pr-0.6978
epoch-189, train_loss-0.3815, train_rmse-0.6177, valid_rmse-1.3409, valid_pr-0.7078
epoch-190, train_loss-0.3780, train_rmse-0.6148, valid_rmse-1.3405, valid_pr-0.7050
epoch-191, train_loss-0.3697, train_rmse-0.6080, valid_rmse-1.3938, valid_pr-0.7037
epoch-192, train_loss-0.3653, train_rmse-0.6044, valid_rmse-1.2960, valid_pr-0.7292
Validation : valid_rmse-1.2960, valid_pr-0.7292, 
test2013_rmse-1.4758, test2013_pr-0.7857, test2016_rmse-1.3253, test2016_pr-0.7944, test2019_rmse-1.4956, test2019_pr-0.6008
epoch-193, train_loss-0.3663, train_rmse-0.6053, valid_rmse-1.3570, valid_pr-0.6940
epoch-194, train_loss-0.3627, train_rmse-0.6023, valid_rmse-1.3272, valid_pr-0.7072
epoch-195, train_loss-0.3696, train_rmse-0.6080, valid_rmse-1.3243, valid_pr-0.7106
epoch-196, train_loss-0.3746, train_rmse-0.6121, valid_rmse-1.3399, valid_pr-0.7140
epoch-197, train_loss-0.3712, train_rmse-0.6093, valid_rmse-1.3391, valid_pr-0.7193
epoch-198, train_loss-0.3878, train_rmse-0.6228, valid_rmse-1.3384, valid_pr-0.7083
epoch-199, train_loss-0.3648, train_rmse-0.6040, valid_rmse-1.3094, valid_pr-0.7167
epoch-200, train_loss-0.3796, train_rmse-0.6161, valid_rmse-1.3407, valid_pr-0.7042
epoch-201, train_loss-0.3626, train_rmse-0.6021, valid_rmse-1.3583, valid_pr-0.7132
epoch-202, train_loss-0.3716, train_rmse-0.6096, valid_rmse-1.3425, valid_pr-0.7147
epoch-203, train_loss-0.3658, train_rmse-0.6048, valid_rmse-1.3016, valid_pr-0.7194
epoch-204, train_loss-0.3540, train_rmse-0.5950, valid_rmse-1.3520, valid_pr-0.7023
epoch-205, train_loss-0.3885, train_rmse-0.6233, valid_rmse-1.3485, valid_pr-0.7064
epoch-206, train_loss-0.3498, train_rmse-0.5914, valid_rmse-1.3645, valid_pr-0.7076
epoch-207, train_loss-0.3387, train_rmse-0.5820, valid_rmse-1.3310, valid_pr-0.7091
epoch-208, train_loss-0.3503, train_rmse-0.5919, valid_rmse-1.3620, valid_pr-0.6984
epoch-209, train_loss-0.3388, train_rmse-0.5821, valid_rmse-1.2782, valid_pr-0.7296
Validation : valid_rmse-1.2782, valid_pr-0.7296, 
test2013_rmse-1.4013, test2013_pr-0.8072, test2016_rmse-1.3091, test2016_pr-0.7997, test2019_rmse-1.4981, test2019_pr-0.5833
epoch-210, train_loss-0.3287, train_rmse-0.5733, valid_rmse-1.3090, valid_pr-0.7168
epoch-211, train_loss-0.3544, train_rmse-0.5954, valid_rmse-1.3336, valid_pr-0.7100
epoch-212, train_loss-0.3830, train_rmse-0.6189, valid_rmse-1.3424, valid_pr-0.7021
epoch-213, train_loss-0.3436, train_rmse-0.5862, valid_rmse-1.3143, valid_pr-0.7177
epoch-214, train_loss-0.3699, train_rmse-0.6082, valid_rmse-1.3027, valid_pr-0.7255
epoch-215, train_loss-0.3479, train_rmse-0.5898, valid_rmse-1.3227, valid_pr-0.7163
epoch-216, train_loss-0.3541, train_rmse-0.5951, valid_rmse-1.3087, valid_pr-0.7151
epoch-217, train_loss-0.3372, train_rmse-0.5807, valid_rmse-1.3787, valid_pr-0.7065
epoch-218, train_loss-0.3361, train_rmse-0.5797, valid_rmse-1.3063, valid_pr-0.7149
epoch-219, train_loss-0.3097, train_rmse-0.5565, valid_rmse-1.3333, valid_pr-0.7150
epoch-220, train_loss-0.3192, train_rmse-0.5650, valid_rmse-1.3086, valid_pr-0.7200
epoch-221, train_loss-0.3263, train_rmse-0.5712, valid_rmse-1.3168, valid_pr-0.7100
epoch-222, train_loss-0.3372, train_rmse-0.5807, valid_rmse-1.3332, valid_pr-0.7052
epoch-223, train_loss-0.3272, train_rmse-0.5720, valid_rmse-1.3260, valid_pr-0.7152
epoch-224, train_loss-0.3321, train_rmse-0.5762, valid_rmse-1.3248, valid_pr-0.7120
epoch-225, train_loss-0.3000, train_rmse-0.5478, valid_rmse-1.3052, valid_pr-0.7171
epoch-226, train_loss-0.3138, train_rmse-0.5602, valid_rmse-1.3120, valid_pr-0.7133
epoch-227, train_loss-0.3308, train_rmse-0.5751, valid_rmse-1.3141, valid_pr-0.7189
epoch-228, train_loss-0.3259, train_rmse-0.5709, valid_rmse-1.3470, valid_pr-0.7052
epoch-229, train_loss-0.3154, train_rmse-0.5616, valid_rmse-1.3260, valid_pr-0.7097
epoch-230, train_loss-0.3172, train_rmse-0.5632, valid_rmse-1.3414, valid_pr-0.7025
epoch-231, train_loss-0.3244, train_rmse-0.5695, valid_rmse-1.3272, valid_pr-0.7119
epoch-232, train_loss-0.3176, train_rmse-0.5636, valid_rmse-1.3629, valid_pr-0.7068
epoch-233, train_loss-0.3271, train_rmse-0.5719, valid_rmse-1.3332, valid_pr-0.7063
epoch-234, train_loss-0.2957, train_rmse-0.5438, valid_rmse-1.3032, valid_pr-0.7191
epoch-235, train_loss-0.3022, train_rmse-0.5498, valid_rmse-1.2914, valid_pr-0.7232
epoch-236, train_loss-0.3018, train_rmse-0.5494, valid_rmse-1.2964, valid_pr-0.7229
epoch-237, train_loss-0.3065, train_rmse-0.5537, valid_rmse-1.3266, valid_pr-0.7085
epoch-238, train_loss-0.3115, train_rmse-0.5581, valid_rmse-1.3332, valid_pr-0.7092
epoch-239, train_loss-0.3023, train_rmse-0.5498, valid_rmse-1.2908, valid_pr-0.7211
epoch-240, train_loss-0.3060, train_rmse-0.5531, valid_rmse-1.3070, valid_pr-0.7152
epoch-241, train_loss-0.3182, train_rmse-0.5641, valid_rmse-1.3236, valid_pr-0.7096
epoch-242, train_loss-0.3012, train_rmse-0.5488, valid_rmse-1.3224, valid_pr-0.7161
epoch-243, train_loss-0.3026, train_rmse-0.5501, valid_rmse-1.3184, valid_pr-0.7218
epoch-244, train_loss-0.3041, train_rmse-0.5514, valid_rmse-1.3182, valid_pr-0.7231
epoch-245, train_loss-0.3070, train_rmse-0.5541, valid_rmse-1.3242, valid_pr-0.7141
epoch-246, train_loss-0.2953, train_rmse-0.5434, valid_rmse-1.2940, valid_pr-0.7234
epoch-247, train_loss-0.2949, train_rmse-0.5430, valid_rmse-1.3475, valid_pr-0.7116
epoch-248, train_loss-0.3088, train_rmse-0.5557, valid_rmse-1.3615, valid_pr-0.7071
epoch-249, train_loss-0.2878, train_rmse-0.5365, valid_rmse-1.3266, valid_pr-0.7094
epoch-250, train_loss-0.3000, train_rmse-0.5478, valid_rmse-1.2896, valid_pr-0.7265
epoch-251, train_loss-0.3004, train_rmse-0.5481, valid_rmse-1.3029, valid_pr-0.7210
epoch-252, train_loss-0.2922, train_rmse-0.5405, valid_rmse-1.3341, valid_pr-0.7143
epoch-253, train_loss-0.2877, train_rmse-0.5364, valid_rmse-1.3106, valid_pr-0.7191
epoch-254, train_loss-0.2853, train_rmse-0.5341, valid_rmse-1.3094, valid_pr-0.7140
epoch-255, train_loss-0.2957, train_rmse-0.5438, valid_rmse-1.2867, valid_pr-0.7265
epoch-256, train_loss-0.3117, train_rmse-0.5583, valid_rmse-1.3482, valid_pr-0.7160
epoch-257, train_loss-0.2868, train_rmse-0.5355, valid_rmse-1.2856, valid_pr-0.7293
epoch-258, train_loss-0.3049, train_rmse-0.5522, valid_rmse-1.3057, valid_pr-0.7310
epoch-259, train_loss-0.2894, train_rmse-0.5380, valid_rmse-1.3102, valid_pr-0.7187
epoch-260, train_loss-0.2743, train_rmse-0.5237, valid_rmse-1.3241, valid_pr-0.7212
epoch-261, train_loss-0.2473, train_rmse-0.4973, valid_rmse-1.2867, valid_pr-0.7297
epoch-262, train_loss-0.2092, train_rmse-0.4574, valid_rmse-1.2667, valid_pr-0.7333
Validation : valid_rmse-1.2667, valid_pr-0.7333, 
test2013_rmse-1.4068, test2013_pr-0.8121, test2016_rmse-1.2865, test2016_pr-0.8096, test2019_rmse-1.4753, test2019_pr-0.5900
epoch-263, train_loss-0.2048, train_rmse-0.4525, valid_rmse-1.2808, valid_pr-0.7295
epoch-264, train_loss-0.2022, train_rmse-0.4496, valid_rmse-1.2557, valid_pr-0.7396
Validation : valid_rmse-1.2557, valid_pr-0.7396, 
test2013_rmse-1.4148, test2013_pr-0.8078, test2016_rmse-1.2947, test2016_pr-0.8075, test2019_rmse-1.4629, test2019_pr-0.5997
epoch-265, train_loss-0.1965, train_rmse-0.4433, valid_rmse-1.2697, valid_pr-0.7328
epoch-266, train_loss-0.1972, train_rmse-0.4441, valid_rmse-1.2776, valid_pr-0.7321
epoch-267, train_loss-0.1928, train_rmse-0.4391, valid_rmse-1.2699, valid_pr-0.7312
epoch-268, train_loss-0.2036, train_rmse-0.4512, valid_rmse-1.2811, valid_pr-0.7266
epoch-269, train_loss-0.2023, train_rmse-0.4497, valid_rmse-1.2718, valid_pr-0.7319
epoch-270, train_loss-0.1982, train_rmse-0.4452, valid_rmse-1.2930, valid_pr-0.7211
epoch-271, train_loss-0.1962, train_rmse-0.4429, valid_rmse-1.2742, valid_pr-0.7310
epoch-272, train_loss-0.2009, train_rmse-0.4482, valid_rmse-1.2679, valid_pr-0.7362
epoch-273, train_loss-0.1903, train_rmse-0.4362, valid_rmse-1.2739, valid_pr-0.7316
epoch-274, train_loss-0.2032, train_rmse-0.4508, valid_rmse-1.2835, valid_pr-0.7319
epoch-275, train_loss-0.1996, train_rmse-0.4468, valid_rmse-1.2906, valid_pr-0.7257
epoch-276, train_loss-0.1987, train_rmse-0.4458, valid_rmse-1.2717, valid_pr-0.7313
epoch-277, train_loss-0.1933, train_rmse-0.4397, valid_rmse-1.2841, valid_pr-0.7290
epoch-278, train_loss-0.1913, train_rmse-0.4374, valid_rmse-1.2783, valid_pr-0.7295
epoch-279, train_loss-0.1939, train_rmse-0.4403, valid_rmse-1.2802, valid_pr-0.7298
epoch-280, train_loss-0.1966, train_rmse-0.4434, valid_rmse-1.2737, valid_pr-0.7318
epoch-281, train_loss-0.1918, train_rmse-0.4380, valid_rmse-1.2763, valid_pr-0.7316
epoch-282, train_loss-0.1939, train_rmse-0.4404, valid_rmse-1.2847, valid_pr-0.7276
epoch-283, train_loss-0.1873, train_rmse-0.4328, valid_rmse-1.2834, valid_pr-0.7269
epoch-284, train_loss-0.1941, train_rmse-0.4405, valid_rmse-1.2848, valid_pr-0.7234
epoch-285, train_loss-0.1928, train_rmse-0.4391, valid_rmse-1.2746, valid_pr-0.7325
epoch-286, train_loss-0.1934, train_rmse-0.4397, valid_rmse-1.2775, valid_pr-0.7332
epoch-287, train_loss-0.1920, train_rmse-0.4381, valid_rmse-1.2771, valid_pr-0.7297
epoch-288, train_loss-0.1910, train_rmse-0.4371, valid_rmse-1.2754, valid_pr-0.7300
epoch-289, train_loss-0.1908, train_rmse-0.4368, valid_rmse-1.2809, valid_pr-0.7282
epoch-290, train_loss-0.1872, train_rmse-0.4326, valid_rmse-1.2616, valid_pr-0.7356
epoch-291, train_loss-0.1923, train_rmse-0.4385, valid_rmse-1.2798, valid_pr-0.7318
epoch-292, train_loss-0.1876, train_rmse-0.4331, valid_rmse-1.2708, valid_pr-0.7336
epoch-293, train_loss-0.1963, train_rmse-0.4430, valid_rmse-1.2906, valid_pr-0.7234
epoch-294, train_loss-0.1935, train_rmse-0.4399, valid_rmse-1.2705, valid_pr-0.7312
epoch-295, train_loss-0.1884, train_rmse-0.4340, valid_rmse-1.2841, valid_pr-0.7300
epoch-296, train_loss-0.1966, train_rmse-0.4434, valid_rmse-1.2925, valid_pr-0.7239
epoch-297, train_loss-0.1905, train_rmse-0.4365, valid_rmse-1.2907, valid_pr-0.7292
epoch-298, train_loss-0.1881, train_rmse-0.4337, valid_rmse-1.2758, valid_pr-0.7332
epoch-299, train_loss-0.1857, train_rmse-0.4309, valid_rmse-1.2669, valid_pr-0.7364
epoch-300, train_loss-0.1893, train_rmse-0.4350, valid_rmse-1.2650, valid_pr-0.7378
epoch-301, train_loss-0.1921, train_rmse-0.4382, valid_rmse-1.2589, valid_pr-0.7363
epoch-302, train_loss-0.1927, train_rmse-0.4390, valid_rmse-1.2784, valid_pr-0.7298
epoch-303, train_loss-0.1799, train_rmse-0.4242, valid_rmse-1.2685, valid_pr-0.7348
epoch-304, train_loss-0.1834, train_rmse-0.4282, valid_rmse-1.2953, valid_pr-0.7251
epoch-305, train_loss-0.1870, train_rmse-0.4324, valid_rmse-1.3041, valid_pr-0.7252
epoch-306, train_loss-0.1884, train_rmse-0.4341, valid_rmse-1.2807, valid_pr-0.7343
epoch-307, train_loss-0.1758, train_rmse-0.4193, valid_rmse-1.3474, valid_pr-0.7253
epoch-308, train_loss-0.1858, train_rmse-0.4310, valid_rmse-1.2785, valid_pr-0.7302
epoch-309, train_loss-0.1989, train_rmse-0.4460, valid_rmse-1.2728, valid_pr-0.7321
epoch-310, train_loss-0.1771, train_rmse-0.4208, valid_rmse-1.2779, valid_pr-0.7287
epoch-311, train_loss-0.1772, train_rmse-0.4210, valid_rmse-1.2883, valid_pr-0.7333
epoch-312, train_loss-0.1806, train_rmse-0.4250, valid_rmse-1.2699, valid_pr-0.7329
epoch-313, train_loss-0.1826, train_rmse-0.4273, valid_rmse-1.2812, valid_pr-0.7297
epoch-314, train_loss-0.1776, train_rmse-0.4215, valid_rmse-1.3220, valid_pr-0.7265
epoch-315, train_loss-0.1872, train_rmse-0.4326, valid_rmse-1.2824, valid_pr-0.7261
epoch-316, train_loss-0.1645, train_rmse-0.4055, valid_rmse-1.2582, valid_pr-0.7365
epoch-317, train_loss-0.1530, train_rmse-0.3911, valid_rmse-1.2630, valid_pr-0.7352
epoch-318, train_loss-0.1517, train_rmse-0.3895, valid_rmse-1.2632, valid_pr-0.7371
epoch-319, train_loss-0.1470, train_rmse-0.3835, valid_rmse-1.2739, valid_pr-0.7316
epoch-320, train_loss-0.1479, train_rmse-0.3846, valid_rmse-1.2640, valid_pr-0.7339
epoch-321, train_loss-0.1474, train_rmse-0.3839, valid_rmse-1.2736, valid_pr-0.7331
epoch-322, train_loss-0.1466, train_rmse-0.3829, valid_rmse-1.2673, valid_pr-0.7334
epoch-323, train_loss-0.1502, train_rmse-0.3876, valid_rmse-1.2929, valid_pr-0.7284
epoch-324, train_loss-0.1485, train_rmse-0.3854, valid_rmse-1.2637, valid_pr-0.7336
epoch-325, train_loss-0.1448, train_rmse-0.3805, valid_rmse-1.2614, valid_pr-0.7350
epoch-326, train_loss-0.1508, train_rmse-0.3883, valid_rmse-1.2777, valid_pr-0.7274
epoch-327, train_loss-0.1430, train_rmse-0.3781, valid_rmse-1.2776, valid_pr-0.7291
epoch-328, train_loss-0.1503, train_rmse-0.3877, valid_rmse-1.2605, valid_pr-0.7352
epoch-329, train_loss-0.1496, train_rmse-0.3868, valid_rmse-1.2663, valid_pr-0.7375
epoch-330, train_loss-0.1469, train_rmse-0.3832, valid_rmse-1.2695, valid_pr-0.7319
epoch-331, train_loss-0.1432, train_rmse-0.3784, valid_rmse-1.2679, valid_pr-0.7334
epoch-332, train_loss-0.1450, train_rmse-0.3808, valid_rmse-1.2664, valid_pr-0.7362
epoch-333, train_loss-0.1439, train_rmse-0.3794, valid_rmse-1.2569, valid_pr-0.7369
epoch-334, train_loss-0.1443, train_rmse-0.3799, valid_rmse-1.2650, valid_pr-0.7363
epoch-335, train_loss-0.1458, train_rmse-0.3818, valid_rmse-1.2585, valid_pr-0.7379
epoch-336, train_loss-0.1427, train_rmse-0.3777, valid_rmse-1.2561, valid_pr-0.7385
epoch-337, train_loss-0.1431, train_rmse-0.3783, valid_rmse-1.2685, valid_pr-0.7336
epoch-338, train_loss-0.1467, train_rmse-0.3830, valid_rmse-1.2836, valid_pr-0.7320
epoch-339, train_loss-0.1459, train_rmse-0.3819, valid_rmse-1.2580, valid_pr-0.7374
epoch-340, train_loss-0.1356, train_rmse-0.3683, valid_rmse-1.2631, valid_pr-0.7354
epoch-341, train_loss-0.1435, train_rmse-0.3788, valid_rmse-1.2685, valid_pr-0.7335
epoch-342, train_loss-0.1424, train_rmse-0.3773, valid_rmse-1.2747, valid_pr-0.7331
epoch-343, train_loss-0.1405, train_rmse-0.3749, valid_rmse-1.2583, valid_pr-0.7366
epoch-344, train_loss-0.1420, train_rmse-0.3769, valid_rmse-1.2680, valid_pr-0.7354
epoch-345, train_loss-0.1408, train_rmse-0.3753, valid_rmse-1.2747, valid_pr-0.7313
epoch-346, train_loss-0.1401, train_rmse-0.3743, valid_rmse-1.2601, valid_pr-0.7366
epoch-347, train_loss-0.1445, train_rmse-0.3802, valid_rmse-1.2708, valid_pr-0.7331
epoch-348, train_loss-0.1385, train_rmse-0.3721, valid_rmse-1.2616, valid_pr-0.7361
epoch-349, train_loss-0.1465, train_rmse-0.3828, valid_rmse-1.2631, valid_pr-0.7357
epoch-350, train_loss-0.1409, train_rmse-0.3754, valid_rmse-1.2695, valid_pr-0.7318
epoch-351, train_loss-0.1450, train_rmse-0.3808, valid_rmse-1.2787, valid_pr-0.7310
epoch-352, train_loss-0.1442, train_rmse-0.3797, valid_rmse-1.2798, valid_pr-0.7339
epoch-353, train_loss-0.1418, train_rmse-0.3766, valid_rmse-1.2732, valid_pr-0.7375
epoch-354, train_loss-0.1402, train_rmse-0.3744, valid_rmse-1.2695, valid_pr-0.7351
epoch-355, train_loss-0.1399, train_rmse-0.3740, valid_rmse-1.2599, valid_pr-0.7362
epoch-356, train_loss-0.1387, train_rmse-0.3724, valid_rmse-1.2675, valid_pr-0.7356
epoch-357, train_loss-0.1426, train_rmse-0.3776, valid_rmse-1.2775, valid_pr-0.7376
epoch-358, train_loss-0.1457, train_rmse-0.3816, valid_rmse-1.2704, valid_pr-0.7358
epoch-359, train_loss-0.1386, train_rmse-0.3723, valid_rmse-1.2703, valid_pr-0.7350
epoch-360, train_loss-0.1361, train_rmse-0.3689, valid_rmse-1.2673, valid_pr-0.7356
epoch-361, train_loss-0.1437, train_rmse-0.3790, valid_rmse-1.2680, valid_pr-0.7327
epoch-362, train_loss-0.1393, train_rmse-0.3732, valid_rmse-1.2664, valid_pr-0.7334
epoch-363, train_loss-0.1399, train_rmse-0.3741, valid_rmse-1.2552, valid_pr-0.7369
Validation : valid_rmse-1.2552, valid_pr-0.7369, 
test2013_rmse-1.4269, test2013_pr-0.8084, test2016_rmse-1.2955, test2016_pr-0.8087, test2019_rmse-1.4466, test2019_pr-0.6024
epoch-364, train_loss-0.1382, train_rmse-0.3717, valid_rmse-1.2660, valid_pr-0.7343
epoch-365, train_loss-0.1366, train_rmse-0.3696, valid_rmse-1.2681, valid_pr-0.7331
epoch-366, train_loss-0.1365, train_rmse-0.3695, valid_rmse-1.2590, valid_pr-0.7361
epoch-367, train_loss-0.1397, train_rmse-0.3738, valid_rmse-1.2806, valid_pr-0.7320
epoch-368, train_loss-0.1393, train_rmse-0.3732, valid_rmse-1.2684, valid_pr-0.7356
epoch-369, train_loss-0.1336, train_rmse-0.3655, valid_rmse-1.2725, valid_pr-0.7342
epoch-370, train_loss-0.1338, train_rmse-0.3658, valid_rmse-1.2631, valid_pr-0.7353
epoch-371, train_loss-0.1404, train_rmse-0.3748, valid_rmse-1.2748, valid_pr-0.7298
epoch-372, train_loss-0.1372, train_rmse-0.3704, valid_rmse-1.2709, valid_pr-0.7313
epoch-373, train_loss-0.1415, train_rmse-0.3761, valid_rmse-1.2630, valid_pr-0.7352
epoch-374, train_loss-0.1383, train_rmse-0.3718, valid_rmse-1.2715, valid_pr-0.7313
epoch-375, train_loss-0.1328, train_rmse-0.3644, valid_rmse-1.2807, valid_pr-0.7348
epoch-376, train_loss-0.1415, train_rmse-0.3762, valid_rmse-1.2591, valid_pr-0.7366
epoch-377, train_loss-0.1350, train_rmse-0.3675, valid_rmse-1.2568, valid_pr-0.7387
epoch-378, train_loss-0.1358, train_rmse-0.3685, valid_rmse-1.2668, valid_pr-0.7338
epoch-379, train_loss-0.1373, train_rmse-0.3705, valid_rmse-1.2639, valid_pr-0.7348
epoch-380, train_loss-0.1427, train_rmse-0.3778, valid_rmse-1.2820, valid_pr-0.7308
epoch-381, train_loss-0.1354, train_rmse-0.3680, valid_rmse-1.2760, valid_pr-0.7313
epoch-382, train_loss-0.1346, train_rmse-0.3668, valid_rmse-1.2661, valid_pr-0.7344
epoch-383, train_loss-0.1369, train_rmse-0.3700, valid_rmse-1.2691, valid_pr-0.7334
epoch-384, train_loss-0.1334, train_rmse-0.3653, valid_rmse-1.2631, valid_pr-0.7356
epoch-385, train_loss-0.1336, train_rmse-0.3655, valid_rmse-1.2594, valid_pr-0.7356
epoch-386, train_loss-0.1381, train_rmse-0.3717, valid_rmse-1.2619, valid_pr-0.7360
epoch-387, train_loss-0.1390, train_rmse-0.3729, valid_rmse-1.2779, valid_pr-0.7295
epoch-388, train_loss-0.1382, train_rmse-0.3718, valid_rmse-1.2792, valid_pr-0.7308
epoch-389, train_loss-0.1305, train_rmse-0.3612, valid_rmse-1.2670, valid_pr-0.7335
epoch-390, train_loss-0.1352, train_rmse-0.3677, valid_rmse-1.2665, valid_pr-0.7378
epoch-391, train_loss-0.1343, train_rmse-0.3665, valid_rmse-1.2624, valid_pr-0.7366
epoch-392, train_loss-0.1313, train_rmse-0.3624, valid_rmse-1.2681, valid_pr-0.7333
epoch-393, train_loss-0.1348, train_rmse-0.3671, valid_rmse-1.2747, valid_pr-0.7309
epoch-394, train_loss-0.1397, train_rmse-0.3738, valid_rmse-1.2563, valid_pr-0.7375
epoch-395, train_loss-0.1341, train_rmse-0.3661, valid_rmse-1.2860, valid_pr-0.7326
epoch-396, train_loss-0.1312, train_rmse-0.3622, valid_rmse-1.2585, valid_pr-0.7377
epoch-397, train_loss-0.1401, train_rmse-0.3743, valid_rmse-1.2498, valid_pr-0.7412
Validation : valid_rmse-1.2498, valid_pr-0.7412, 
test2013_rmse-1.4228, test2013_pr-0.8098, test2016_rmse-1.3042, test2016_pr-0.8049, test2019_rmse-1.4460, test2019_pr-0.6045
epoch-398, train_loss-0.1308, train_rmse-0.3617, valid_rmse-1.2651, valid_pr-0.7344
epoch-399, train_loss-0.1328, train_rmse-0.3644, valid_rmse-1.2596, valid_pr-0.7367
epoch-400, train_loss-0.1336, train_rmse-0.3655, valid_rmse-1.2557, valid_pr-0.7384
epoch-401, train_loss-0.1316, train_rmse-0.3627, valid_rmse-1.2645, valid_pr-0.7358
epoch-402, train_loss-0.1345, train_rmse-0.3667, valid_rmse-1.2681, valid_pr-0.7335
epoch-403, train_loss-0.1351, train_rmse-0.3676, valid_rmse-1.2639, valid_pr-0.7340
epoch-404, train_loss-0.1307, train_rmse-0.3616, valid_rmse-1.2589, valid_pr-0.7371
epoch-405, train_loss-0.1328, train_rmse-0.3645, valid_rmse-1.2693, valid_pr-0.7328
epoch-406, train_loss-0.1341, train_rmse-0.3663, valid_rmse-1.2699, valid_pr-0.7350
epoch-407, train_loss-0.1327, train_rmse-0.3643, valid_rmse-1.2527, valid_pr-0.7377
epoch-408, train_loss-0.1333, train_rmse-0.3651, valid_rmse-1.2738, valid_pr-0.7349
epoch-409, train_loss-0.1343, train_rmse-0.3664, valid_rmse-1.2675, valid_pr-0.7342
epoch-410, train_loss-0.1311, train_rmse-0.3621, valid_rmse-1.2657, valid_pr-0.7335
epoch-411, train_loss-0.1289, train_rmse-0.3590, valid_rmse-1.2633, valid_pr-0.7344
epoch-412, train_loss-0.1297, train_rmse-0.3601, valid_rmse-1.2533, valid_pr-0.7429
epoch-413, train_loss-0.1328, train_rmse-0.3645, valid_rmse-1.2854, valid_pr-0.7381
epoch-414, train_loss-0.1325, train_rmse-0.3640, valid_rmse-1.2623, valid_pr-0.7375
epoch-415, train_loss-0.1290, train_rmse-0.3591, valid_rmse-1.2544, valid_pr-0.7377
epoch-416, train_loss-0.1289, train_rmse-0.3591, valid_rmse-1.3067, valid_pr-0.7280
epoch-417, train_loss-0.1313, train_rmse-0.3624, valid_rmse-1.2596, valid_pr-0.7372
epoch-418, train_loss-0.1270, train_rmse-0.3563, valid_rmse-1.2581, valid_pr-0.7371
epoch-419, train_loss-0.1264, train_rmse-0.3555, valid_rmse-1.2828, valid_pr-0.7322
epoch-420, train_loss-0.1283, train_rmse-0.3582, valid_rmse-1.2710, valid_pr-0.7328
epoch-421, train_loss-0.1272, train_rmse-0.3567, valid_rmse-1.2589, valid_pr-0.7355
epoch-422, train_loss-0.1283, train_rmse-0.3582, valid_rmse-1.2716, valid_pr-0.7315
epoch-423, train_loss-0.1275, train_rmse-0.3570, valid_rmse-1.2811, valid_pr-0.7302
epoch-424, train_loss-0.1219, train_rmse-0.3492, valid_rmse-1.2717, valid_pr-0.7345
epoch-425, train_loss-0.1357, train_rmse-0.3684, valid_rmse-1.2661, valid_pr-0.7339
epoch-426, train_loss-0.1298, train_rmse-0.3603, valid_rmse-1.2716, valid_pr-0.7349
epoch-427, train_loss-0.1298, train_rmse-0.3603, valid_rmse-1.2709, valid_pr-0.7318
epoch-428, train_loss-0.1236, train_rmse-0.3516, valid_rmse-1.2554, valid_pr-0.7397
epoch-429, train_loss-0.1258, train_rmse-0.3547, valid_rmse-1.2650, valid_pr-0.7352
epoch-430, train_loss-0.1305, train_rmse-0.3612, valid_rmse-1.2842, valid_pr-0.7344
epoch-431, train_loss-0.1287, train_rmse-0.3587, valid_rmse-1.2587, valid_pr-0.7355
epoch-432, train_loss-0.1330, train_rmse-0.3647, valid_rmse-1.2614, valid_pr-0.7345
epoch-433, train_loss-0.1312, train_rmse-0.3623, valid_rmse-1.2680, valid_pr-0.7331
epoch-434, train_loss-0.1272, train_rmse-0.3567, valid_rmse-1.2818, valid_pr-0.7353
epoch-435, train_loss-0.1301, train_rmse-0.3607, valid_rmse-1.2655, valid_pr-0.7352
epoch-436, train_loss-0.1286, train_rmse-0.3585, valid_rmse-1.2751, valid_pr-0.7336
epoch-437, train_loss-0.1251, train_rmse-0.3538, valid_rmse-1.2612, valid_pr-0.7389
epoch-438, train_loss-0.1249, train_rmse-0.3534, valid_rmse-1.2588, valid_pr-0.7369
epoch-439, train_loss-0.1270, train_rmse-0.3563, valid_rmse-1.2639, valid_pr-0.7354
epoch-440, train_loss-0.1326, train_rmse-0.3642, valid_rmse-1.2588, valid_pr-0.7377
epoch-441, train_loss-0.1245, train_rmse-0.3529, valid_rmse-1.2623, valid_pr-0.7351
epoch-442, train_loss-0.1239, train_rmse-0.3520, valid_rmse-1.2550, valid_pr-0.7383
epoch-443, train_loss-0.1221, train_rmse-0.3494, valid_rmse-1.2523, valid_pr-0.7392
epoch-444, train_loss-0.1225, train_rmse-0.3501, valid_rmse-1.2640, valid_pr-0.7389
epoch-445, train_loss-0.1234, train_rmse-0.3513, valid_rmse-1.2515, valid_pr-0.7401
epoch-446, train_loss-0.1235, train_rmse-0.3514, valid_rmse-1.2719, valid_pr-0.7329
epoch-447, train_loss-0.1227, train_rmse-0.3502, valid_rmse-1.2583, valid_pr-0.7368
epoch-448, train_loss-0.1283, train_rmse-0.3582, valid_rmse-1.2612, valid_pr-0.7387
epoch-449, train_loss-0.1167, train_rmse-0.3415, valid_rmse-1.2612, valid_pr-0.7366
epoch-450, train_loss-0.1094, train_rmse-0.3307, valid_rmse-1.2627, valid_pr-0.7375
epoch-451, train_loss-0.1096, train_rmse-0.3310, valid_rmse-1.2604, valid_pr-0.7380
epoch-452, train_loss-0.1117, train_rmse-0.3343, valid_rmse-1.2558, valid_pr-0.7378
epoch-453, train_loss-0.1117, train_rmse-0.3343, valid_rmse-1.2555, valid_pr-0.7381
epoch-454, train_loss-0.1079, train_rmse-0.3285, valid_rmse-1.2545, valid_pr-0.7400
epoch-455, train_loss-0.1100, train_rmse-0.3316, valid_rmse-1.2572, valid_pr-0.7393
epoch-456, train_loss-0.1085, train_rmse-0.3293, valid_rmse-1.2556, valid_pr-0.7376
epoch-457, train_loss-0.1093, train_rmse-0.3306, valid_rmse-1.2472, valid_pr-0.7419
Validation : valid_rmse-1.2472, valid_pr-0.7419, 
test2013_rmse-1.4447, test2013_pr-0.7983, test2016_rmse-1.3073, test2016_pr-0.8028, test2019_rmse-1.4551, test2019_pr-0.5981
epoch-458, train_loss-0.1096, train_rmse-0.3310, valid_rmse-1.2582, valid_pr-0.7381
epoch-459, train_loss-0.1095, train_rmse-0.3310, valid_rmse-1.2579, valid_pr-0.7379
epoch-460, train_loss-0.1065, train_rmse-0.3264, valid_rmse-1.2718, valid_pr-0.7353
epoch-461, train_loss-0.1072, train_rmse-0.3274, valid_rmse-1.2623, valid_pr-0.7352
epoch-462, train_loss-0.1103, train_rmse-0.3322, valid_rmse-1.2519, valid_pr-0.7398
epoch-463, train_loss-0.1093, train_rmse-0.3306, valid_rmse-1.2566, valid_pr-0.7383
epoch-464, train_loss-0.1091, train_rmse-0.3302, valid_rmse-1.2571, valid_pr-0.7409
epoch-465, train_loss-0.1149, train_rmse-0.3390, valid_rmse-1.2637, valid_pr-0.7343
epoch-466, train_loss-0.1079, train_rmse-0.3284, valid_rmse-1.2560, valid_pr-0.7388
epoch-467, train_loss-0.1111, train_rmse-0.3333, valid_rmse-1.2637, valid_pr-0.7390
epoch-468, train_loss-0.1135, train_rmse-0.3369, valid_rmse-1.2603, valid_pr-0.7365
epoch-469, train_loss-0.1045, train_rmse-0.3233, valid_rmse-1.2624, valid_pr-0.7362
epoch-470, train_loss-0.1091, train_rmse-0.3303, valid_rmse-1.2654, valid_pr-0.7361
epoch-471, train_loss-0.1079, train_rmse-0.3285, valid_rmse-1.2561, valid_pr-0.7377
epoch-472, train_loss-0.1120, train_rmse-0.3346, valid_rmse-1.2564, valid_pr-0.7379
epoch-473, train_loss-0.1076, train_rmse-0.3280, valid_rmse-1.2716, valid_pr-0.7374
epoch-474, train_loss-0.1086, train_rmse-0.3296, valid_rmse-1.2612, valid_pr-0.7369
epoch-475, train_loss-0.1092, train_rmse-0.3304, valid_rmse-1.2515, valid_pr-0.7405
epoch-476, train_loss-0.1085, train_rmse-0.3295, valid_rmse-1.2587, valid_pr-0.7362
epoch-477, train_loss-0.1074, train_rmse-0.3277, valid_rmse-1.2575, valid_pr-0.7368
epoch-478, train_loss-0.1073, train_rmse-0.3276, valid_rmse-1.2647, valid_pr-0.7343
epoch-479, train_loss-0.1071, train_rmse-0.3272, valid_rmse-1.2591, valid_pr-0.7383
epoch-480, train_loss-0.1090, train_rmse-0.3302, valid_rmse-1.2673, valid_pr-0.7357
epoch-481, train_loss-0.1075, train_rmse-0.3279, valid_rmse-1.2546, valid_pr-0.7385
epoch-482, train_loss-0.1090, train_rmse-0.3302, valid_rmse-1.2550, valid_pr-0.7381
epoch-483, train_loss-0.1068, train_rmse-0.3269, valid_rmse-1.2564, valid_pr-0.7373
epoch-484, train_loss-0.1070, train_rmse-0.3271, valid_rmse-1.2573, valid_pr-0.7372
epoch-485, train_loss-0.1087, train_rmse-0.3297, valid_rmse-1.2559, valid_pr-0.7392
epoch-486, train_loss-0.1076, train_rmse-0.3281, valid_rmse-1.2573, valid_pr-0.7391
epoch-487, train_loss-0.1064, train_rmse-0.3263, valid_rmse-1.2684, valid_pr-0.7354
epoch-488, train_loss-0.1131, train_rmse-0.3363, valid_rmse-1.2767, valid_pr-0.7374
epoch-489, train_loss-0.1042, train_rmse-0.3227, valid_rmse-1.2567, valid_pr-0.7373
epoch-490, train_loss-0.1072, train_rmse-0.3275, valid_rmse-1.2591, valid_pr-0.7365
epoch-491, train_loss-0.1055, train_rmse-0.3248, valid_rmse-1.2665, valid_pr-0.7369
epoch-492, train_loss-0.1051, train_rmse-0.3242, valid_rmse-1.2659, valid_pr-0.7333
epoch-493, train_loss-0.1073, train_rmse-0.3276, valid_rmse-1.2787, valid_pr-0.7334
epoch-494, train_loss-0.1064, train_rmse-0.3261, valid_rmse-1.2692, valid_pr-0.7363
epoch-495, train_loss-0.1065, train_rmse-0.3263, valid_rmse-1.2695, valid_pr-0.7347
epoch-496, train_loss-0.1057, train_rmse-0.3251, valid_rmse-1.2683, valid_pr-0.7340
epoch-497, train_loss-0.1101, train_rmse-0.3318, valid_rmse-1.2694, valid_pr-0.7329
epoch-498, train_loss-0.1092, train_rmse-0.3305, valid_rmse-1.2642, valid_pr-0.7358
epoch-499, train_loss-0.1104, train_rmse-0.3322, valid_rmse-1.2602, valid_pr-0.7362
epoch-500, train_loss-0.1070, train_rmse-0.3271, valid_rmse-1.2662, valid_pr-0.7347
epoch-501, train_loss-0.1086, train_rmse-0.3295, valid_rmse-1.2743, valid_pr-0.7337
epoch-502, train_loss-0.1072, train_rmse-0.3274, valid_rmse-1.2701, valid_pr-0.7327
epoch-503, train_loss-0.1062, train_rmse-0.3259, valid_rmse-1.2595, valid_pr-0.7358
epoch-504, train_loss-0.1068, train_rmse-0.3267, valid_rmse-1.2618, valid_pr-0.7356
epoch-505, train_loss-0.1068, train_rmse-0.3268, valid_rmse-1.2659, valid_pr-0.7358
epoch-506, train_loss-0.1032, train_rmse-0.3212, valid_rmse-1.2561, valid_pr-0.7378
epoch-507, train_loss-0.1055, train_rmse-0.3247, valid_rmse-1.2573, valid_pr-0.7384
epoch-508, train_loss-0.1065, train_rmse-0.3264, valid_rmse-1.2613, valid_pr-0.7365
epoch-509, train_loss-0.1027, train_rmse-0.3205, valid_rmse-1.2597, valid_pr-0.7364
epoch-510, train_loss-0.1023, train_rmse-0.3199, valid_rmse-1.2583, valid_pr-0.7369
epoch-511, train_loss-0.0995, train_rmse-0.3155, valid_rmse-1.2576, valid_pr-0.7377
epoch-512, train_loss-0.0999, train_rmse-0.3160, valid_rmse-1.2658, valid_pr-0.7367
epoch-513, train_loss-0.1007, train_rmse-0.3173, valid_rmse-1.2653, valid_pr-0.7372
epoch-514, train_loss-0.0988, train_rmse-0.3143, valid_rmse-1.2615, valid_pr-0.7364
epoch-515, train_loss-0.1004, train_rmse-0.3169, valid_rmse-1.2626, valid_pr-0.7368
epoch-516, train_loss-0.0976, train_rmse-0.3124, valid_rmse-1.2584, valid_pr-0.7372
epoch-517, train_loss-0.1014, train_rmse-0.3184, valid_rmse-1.2588, valid_pr-0.7381
epoch-518, train_loss-0.1026, train_rmse-0.3203, valid_rmse-1.2595, valid_pr-0.7381
epoch-519, train_loss-0.1004, train_rmse-0.3169, valid_rmse-1.2623, valid_pr-0.7378
epoch-520, train_loss-0.0985, train_rmse-0.3139, valid_rmse-1.2566, valid_pr-0.7374
epoch-521, train_loss-0.0981, train_rmse-0.3133, valid_rmse-1.2591, valid_pr-0.7387
epoch-522, train_loss-0.0986, train_rmse-0.3140, valid_rmse-1.2537, valid_pr-0.7388
epoch-523, train_loss-0.0977, train_rmse-0.3126, valid_rmse-1.2615, valid_pr-0.7381
epoch-524, train_loss-0.0990, train_rmse-0.3146, valid_rmse-1.2600, valid_pr-0.7373
epoch-525, train_loss-0.1012, train_rmse-0.3182, valid_rmse-1.2563, valid_pr-0.7386
epoch-526, train_loss-0.0999, train_rmse-0.3160, valid_rmse-1.2643, valid_pr-0.7366
epoch-527, train_loss-0.0998, train_rmse-0.3159, valid_rmse-1.2569, valid_pr-0.7384
epoch-528, train_loss-0.0984, train_rmse-0.3137, valid_rmse-1.2641, valid_pr-0.7354
epoch-529, train_loss-0.0993, train_rmse-0.3152, valid_rmse-1.2575, valid_pr-0.7380
epoch-530, train_loss-0.1016, train_rmse-0.3187, valid_rmse-1.2637, valid_pr-0.7364
epoch-531, train_loss-0.0977, train_rmse-0.3125, valid_rmse-1.2593, valid_pr-0.7371
epoch-532, train_loss-0.0982, train_rmse-0.3133, valid_rmse-1.2597, valid_pr-0.7374
epoch-533, train_loss-0.0956, train_rmse-0.3091, valid_rmse-1.2607, valid_pr-0.7372
epoch-534, train_loss-0.0988, train_rmse-0.3143, valid_rmse-1.2641, valid_pr-0.7354
epoch-535, train_loss-0.0994, train_rmse-0.3152, valid_rmse-1.2578, valid_pr-0.7375
epoch-536, train_loss-0.1021, train_rmse-0.3195, valid_rmse-1.2586, valid_pr-0.7364
epoch-537, train_loss-0.0993, train_rmse-0.3152, valid_rmse-1.2652, valid_pr-0.7356
epoch-538, train_loss-0.0982, train_rmse-0.3133, valid_rmse-1.2596, valid_pr-0.7379
epoch-539, train_loss-0.0970, train_rmse-0.3115, valid_rmse-1.2596, valid_pr-0.7373
epoch-540, train_loss-0.0962, train_rmse-0.3101, valid_rmse-1.2594, valid_pr-0.7373
epoch-541, train_loss-0.1010, train_rmse-0.3178, valid_rmse-1.2579, valid_pr-0.7369
epoch-542, train_loss-0.0979, train_rmse-0.3129, valid_rmse-1.2561, valid_pr-0.7381
epoch-543, train_loss-0.1002, train_rmse-0.3165, valid_rmse-1.2618, valid_pr-0.7360
epoch-544, train_loss-0.0974, train_rmse-0.3121, valid_rmse-1.2611, valid_pr-0.7360
epoch-545, train_loss-0.0993, train_rmse-0.3150, valid_rmse-1.2590, valid_pr-0.7366
epoch-546, train_loss-0.0988, train_rmse-0.3144, valid_rmse-1.2617, valid_pr-0.7368
epoch-547, train_loss-0.0982, train_rmse-0.3134, valid_rmse-1.2620, valid_pr-0.7365
epoch-548, train_loss-0.0991, train_rmse-0.3148, valid_rmse-1.2719, valid_pr-0.7359
epoch-549, train_loss-0.0978, train_rmse-0.3127, valid_rmse-1.2612, valid_pr-0.7365
epoch-550, train_loss-0.0965, train_rmse-0.3106, valid_rmse-1.2613, valid_pr-0.7362
epoch-551, train_loss-0.0979, train_rmse-0.3129, valid_rmse-1.2635, valid_pr-0.7356
epoch-552, train_loss-0.0956, train_rmse-0.3091, valid_rmse-1.2559, valid_pr-0.7381
epoch-553, train_loss-0.0969, train_rmse-0.3113, valid_rmse-1.2640, valid_pr-0.7362
epoch-554, train_loss-0.0984, train_rmse-0.3137, valid_rmse-1.2650, valid_pr-0.7377
epoch-555, train_loss-0.0993, train_rmse-0.3152, valid_rmse-1.2574, valid_pr-0.7377
epoch-556, train_loss-0.0993, train_rmse-0.3152, valid_rmse-1.2568, valid_pr-0.7378
epoch-557, train_loss-0.1027, train_rmse-0.3205, valid_rmse-1.2579, valid_pr-0.7370
epoch-558, train_loss-0.0962, train_rmse-0.3102, valid_rmse-1.2675, valid_pr-0.7367
early stop in epoch 558
best_rmse: 1.2472
valid_rmse-1.2472, valid_pr-0.7419, test2013_rmse-1.4447, test2013_pr-0.7983, test2016_rmse-1.3073, test2016_pr-0.8028, test2019_rmse-1.4551, test2019_pr-0.5981
