ASD, lr=0.001, seed=884
train_ASD.py
train data: 11904
valid data: 1000
test2013 data: 107
test2016 data: 285
test2019 data: 4366
GIGN params # : 42663002
epoch-0, train_loss-5.8124, train_rmse-2.4109, valid_rmse-1.9125, valid_pr-0.2467
Validation : valid_rmse-1.9125, valid_pr-0.2467, 
test2013_rmse-2.4168, test2013_pr-0.1395, test2016_rmse-2.2163, test2016_pr-0.2087, test2019_rmse-1.8137, test2019_pr-0.2740
epoch-1, train_loss-3.3995, train_rmse-1.8438, valid_rmse-1.8661, valid_pr-0.3009
Validation : valid_rmse-1.8661, valid_pr-0.3009, 
test2013_rmse-2.2132, test2013_pr-0.3345, test2016_rmse-2.0257, test2016_pr-0.3938, test2019_rmse-1.7921, test2019_pr-0.3083
epoch-2, train_loss-3.2242, train_rmse-1.7956, valid_rmse-1.7761, valid_pr-0.3471
Validation : valid_rmse-1.7761, valid_pr-0.3471, 
test2013_rmse-2.0580, test2013_pr-0.4727, test2016_rmse-1.9340, test2016_pr-0.4626, test2019_rmse-1.7455, test2019_pr-0.3109
epoch-3, train_loss-3.1080, train_rmse-1.7630, valid_rmse-1.7619, valid_pr-0.3706
Validation : valid_rmse-1.7619, valid_pr-0.3706, 
test2013_rmse-2.1185, test2013_pr-0.4104, test2016_rmse-1.8994, test2016_pr-0.4867, test2019_rmse-1.7194, test2019_pr-0.3599
epoch-4, train_loss-2.9311, train_rmse-1.7120, valid_rmse-1.7472, valid_pr-0.3952
Validation : valid_rmse-1.7472, valid_pr-0.3952, 
test2013_rmse-2.1321, test2013_pr-0.4079, test2016_rmse-1.9157, test2016_pr-0.4908, test2019_rmse-1.7505, test2019_pr-0.3765
epoch-5, train_loss-2.8822, train_rmse-1.6977, valid_rmse-1.8096, valid_pr-0.3678
epoch-6, train_loss-2.8125, train_rmse-1.6771, valid_rmse-1.7222, valid_pr-0.4572
Validation : valid_rmse-1.7222, valid_pr-0.4572, 
test2013_rmse-2.0620, test2013_pr-0.5277, test2016_rmse-1.9239, test2016_pr-0.5160, test2019_rmse-1.6676, test2019_pr-0.4283
epoch-7, train_loss-2.6649, train_rmse-1.6324, valid_rmse-1.6644, valid_pr-0.4708
Validation : valid_rmse-1.6644, valid_pr-0.4708, 
test2013_rmse-2.0444, test2013_pr-0.5097, test2016_rmse-1.8610, test2016_pr-0.5523, test2019_rmse-1.6452, test2019_pr-0.4119
epoch-8, train_loss-2.6107, train_rmse-1.6158, valid_rmse-1.6606, valid_pr-0.4780
Validation : valid_rmse-1.6606, valid_pr-0.4780, 
test2013_rmse-1.9794, test2013_pr-0.5308, test2016_rmse-1.7715, test2016_pr-0.5920, test2019_rmse-1.6249, test2019_pr-0.4388
epoch-9, train_loss-2.6069, train_rmse-1.6146, valid_rmse-1.6602, valid_pr-0.4730
Validation : valid_rmse-1.6602, valid_pr-0.4730, 
test2013_rmse-2.0214, test2013_pr-0.5014, test2016_rmse-1.8556, test2016_pr-0.5300, test2019_rmse-1.6457, test2019_pr-0.4206
epoch-10, train_loss-2.5182, train_rmse-1.5869, valid_rmse-1.5926, valid_pr-0.5144
Validation : valid_rmse-1.5926, valid_pr-0.5144, 
test2013_rmse-1.9384, test2013_pr-0.5635, test2016_rmse-1.7723, test2016_pr-0.5865, test2019_rmse-1.6157, test2019_pr-0.4431
epoch-11, train_loss-2.4778, train_rmse-1.5741, valid_rmse-1.6174, valid_pr-0.4975
epoch-12, train_loss-2.4716, train_rmse-1.5721, valid_rmse-1.7356, valid_pr-0.4855
epoch-13, train_loss-2.4689, train_rmse-1.5713, valid_rmse-1.6217, valid_pr-0.4901
epoch-14, train_loss-2.4169, train_rmse-1.5546, valid_rmse-1.6117, valid_pr-0.4964
epoch-15, train_loss-2.3015, train_rmse-1.5171, valid_rmse-1.6014, valid_pr-0.5176
epoch-16, train_loss-2.2504, train_rmse-1.5001, valid_rmse-1.5905, valid_pr-0.5209
Validation : valid_rmse-1.5905, valid_pr-0.5209, 
test2013_rmse-1.8698, test2013_pr-0.6117, test2016_rmse-1.7387, test2016_pr-0.6101, test2019_rmse-1.5857, test2019_pr-0.4710
epoch-17, train_loss-2.2973, train_rmse-1.5157, valid_rmse-1.6225, valid_pr-0.5369
epoch-18, train_loss-2.2349, train_rmse-1.4950, valid_rmse-1.5535, valid_pr-0.5599
Validation : valid_rmse-1.5535, valid_pr-0.5599, 
test2013_rmse-1.8487, test2013_pr-0.6331, test2016_rmse-1.7035, test2016_pr-0.6388, test2019_rmse-1.5688, test2019_pr-0.4921
epoch-19, train_loss-2.1864, train_rmse-1.4787, valid_rmse-1.5447, valid_pr-0.5592
Validation : valid_rmse-1.5447, valid_pr-0.5592, 
test2013_rmse-1.8857, test2013_pr-0.5908, test2016_rmse-1.7336, test2016_pr-0.6062, test2019_rmse-1.6287, test2019_pr-0.4614
epoch-20, train_loss-2.2206, train_rmse-1.4902, valid_rmse-1.5525, valid_pr-0.5536
epoch-21, train_loss-2.2237, train_rmse-1.4912, valid_rmse-1.5846, valid_pr-0.5265
epoch-22, train_loss-2.2269, train_rmse-1.4923, valid_rmse-1.5765, valid_pr-0.5498
epoch-23, train_loss-2.1989, train_rmse-1.4829, valid_rmse-1.5397, valid_pr-0.5827
Validation : valid_rmse-1.5397, valid_pr-0.5827, 
test2013_rmse-1.8748, test2013_pr-0.6294, test2016_rmse-1.7169, test2016_pr-0.6406, test2019_rmse-1.5941, test2019_pr-0.4897
epoch-24, train_loss-2.1712, train_rmse-1.4735, valid_rmse-1.5812, valid_pr-0.5302
epoch-25, train_loss-2.1409, train_rmse-1.4632, valid_rmse-1.5022, valid_pr-0.5881
Validation : valid_rmse-1.5022, valid_pr-0.5881, 
test2013_rmse-1.9874, test2013_pr-0.5219, test2016_rmse-1.7426, test2016_pr-0.5984, test2019_rmse-1.6325, test2019_pr-0.4664
epoch-26, train_loss-2.0931, train_rmse-1.4468, valid_rmse-1.5581, valid_pr-0.5576
epoch-27, train_loss-2.0556, train_rmse-1.4337, valid_rmse-1.5385, valid_pr-0.5740
epoch-28, train_loss-2.0954, train_rmse-1.4476, valid_rmse-1.4973, valid_pr-0.5912
Validation : valid_rmse-1.4973, valid_pr-0.5912, 
test2013_rmse-1.7658, test2013_pr-0.6734, test2016_rmse-1.5932, test2016_pr-0.6906, test2019_rmse-1.5789, test2019_pr-0.5135
epoch-29, train_loss-2.0108, train_rmse-1.4180, valid_rmse-1.4684, valid_pr-0.6088
Validation : valid_rmse-1.4684, valid_pr-0.6088, 
test2013_rmse-1.7820, test2013_pr-0.6746, test2016_rmse-1.5816, test2016_pr-0.6975, test2019_rmse-1.5464, test2019_pr-0.5171
epoch-30, train_loss-1.9641, train_rmse-1.4014, valid_rmse-1.5393, valid_pr-0.5763
epoch-31, train_loss-1.9575, train_rmse-1.3991, valid_rmse-1.5340, valid_pr-0.6027
epoch-32, train_loss-1.9830, train_rmse-1.4082, valid_rmse-1.5741, valid_pr-0.5723
epoch-33, train_loss-1.9185, train_rmse-1.3851, valid_rmse-1.5450, valid_pr-0.5853
epoch-34, train_loss-1.9585, train_rmse-1.3995, valid_rmse-1.5145, valid_pr-0.6026
epoch-35, train_loss-1.8919, train_rmse-1.3755, valid_rmse-1.5499, valid_pr-0.5746
epoch-36, train_loss-1.9212, train_rmse-1.3861, valid_rmse-1.5284, valid_pr-0.5811
epoch-37, train_loss-1.8137, train_rmse-1.3467, valid_rmse-1.5003, valid_pr-0.6015
epoch-38, train_loss-1.8068, train_rmse-1.3442, valid_rmse-1.5303, valid_pr-0.5762
epoch-39, train_loss-1.7515, train_rmse-1.3234, valid_rmse-1.5918, valid_pr-0.5784
epoch-40, train_loss-1.7283, train_rmse-1.3147, valid_rmse-1.4728, valid_pr-0.6054
epoch-41, train_loss-1.7159, train_rmse-1.3099, valid_rmse-1.5306, valid_pr-0.5988
epoch-42, train_loss-1.7382, train_rmse-1.3184, valid_rmse-1.4850, valid_pr-0.6034
epoch-43, train_loss-1.6969, train_rmse-1.3026, valid_rmse-1.5062, valid_pr-0.6111
epoch-44, train_loss-1.7200, train_rmse-1.3115, valid_rmse-1.4570, valid_pr-0.6256
Validation : valid_rmse-1.4570, valid_pr-0.6256, 
test2013_rmse-1.6888, test2013_pr-0.6997, test2016_rmse-1.5732, test2016_pr-0.6926, test2019_rmse-1.5708, test2019_pr-0.5203
epoch-45, train_loss-1.6942, train_rmse-1.3016, valid_rmse-1.4900, valid_pr-0.6053
epoch-46, train_loss-1.6506, train_rmse-1.2848, valid_rmse-1.4236, valid_pr-0.6413
Validation : valid_rmse-1.4236, valid_pr-0.6413, 
test2013_rmse-1.6640, test2013_pr-0.7233, test2016_rmse-1.5591, test2016_pr-0.7025, test2019_rmse-1.5595, test2019_pr-0.5208
epoch-47, train_loss-1.6355, train_rmse-1.2789, valid_rmse-1.5142, valid_pr-0.5932
epoch-48, train_loss-1.6263, train_rmse-1.2753, valid_rmse-1.5153, valid_pr-0.6007
epoch-49, train_loss-1.6278, train_rmse-1.2759, valid_rmse-1.5170, valid_pr-0.5957
epoch-50, train_loss-1.5898, train_rmse-1.2609, valid_rmse-1.6165, valid_pr-0.5847
epoch-51, train_loss-1.5518, train_rmse-1.2457, valid_rmse-1.4733, valid_pr-0.6134
epoch-52, train_loss-1.5185, train_rmse-1.2323, valid_rmse-1.4129, valid_pr-0.6514
Validation : valid_rmse-1.4129, valid_pr-0.6514, 
test2013_rmse-1.7032, test2013_pr-0.6907, test2016_rmse-1.5561, test2016_pr-0.7081, test2019_rmse-1.5136, test2019_pr-0.5486
epoch-53, train_loss-1.5313, train_rmse-1.2375, valid_rmse-1.4360, valid_pr-0.6525
epoch-54, train_loss-1.4936, train_rmse-1.2221, valid_rmse-1.4500, valid_pr-0.6351
epoch-55, train_loss-1.4517, train_rmse-1.2048, valid_rmse-1.4169, valid_pr-0.6558
epoch-56, train_loss-1.4839, train_rmse-1.2182, valid_rmse-1.4715, valid_pr-0.6362
epoch-57, train_loss-1.4455, train_rmse-1.2023, valid_rmse-1.4037, valid_pr-0.6598
Validation : valid_rmse-1.4037, valid_pr-0.6598, 
test2013_rmse-1.6171, test2013_pr-0.7374, test2016_rmse-1.4852, test2016_pr-0.7349, test2019_rmse-1.5418, test2019_pr-0.5398
epoch-58, train_loss-1.4475, train_rmse-1.2031, valid_rmse-1.4282, valid_pr-0.6408
epoch-59, train_loss-1.4571, train_rmse-1.2071, valid_rmse-1.4780, valid_pr-0.6149
epoch-60, train_loss-1.4275, train_rmse-1.1948, valid_rmse-1.4440, valid_pr-0.6459
epoch-61, train_loss-1.4353, train_rmse-1.1980, valid_rmse-1.4631, valid_pr-0.6429
epoch-62, train_loss-1.3654, train_rmse-1.1685, valid_rmse-1.4602, valid_pr-0.6320
epoch-63, train_loss-1.3703, train_rmse-1.1706, valid_rmse-1.4212, valid_pr-0.6467
epoch-64, train_loss-1.3799, train_rmse-1.1747, valid_rmse-1.4179, valid_pr-0.6511
epoch-65, train_loss-1.3675, train_rmse-1.1694, valid_rmse-1.4968, valid_pr-0.6455
epoch-66, train_loss-1.3520, train_rmse-1.1627, valid_rmse-1.5038, valid_pr-0.6234
epoch-67, train_loss-1.3192, train_rmse-1.1486, valid_rmse-1.4624, valid_pr-0.6277
epoch-68, train_loss-1.3196, train_rmse-1.1488, valid_rmse-1.4535, valid_pr-0.6463
epoch-69, train_loss-1.3709, train_rmse-1.1709, valid_rmse-1.4529, valid_pr-0.6407
epoch-70, train_loss-1.3333, train_rmse-1.1547, valid_rmse-1.4376, valid_pr-0.6440
epoch-71, train_loss-1.3161, train_rmse-1.1472, valid_rmse-1.4324, valid_pr-0.6413
epoch-72, train_loss-1.2986, train_rmse-1.1396, valid_rmse-1.4415, valid_pr-0.6455
epoch-73, train_loss-1.3028, train_rmse-1.1414, valid_rmse-1.5003, valid_pr-0.6403
epoch-74, train_loss-1.3448, train_rmse-1.1596, valid_rmse-1.4617, valid_pr-0.6342
epoch-75, train_loss-1.2529, train_rmse-1.1193, valid_rmse-1.3751, valid_pr-0.6730
Validation : valid_rmse-1.3751, valid_pr-0.6730, 
test2013_rmse-1.8164, test2013_pr-0.6300, test2016_rmse-1.6036, test2016_pr-0.6760, test2019_rmse-1.5092, test2019_pr-0.5626
epoch-76, train_loss-1.2431, train_rmse-1.1149, valid_rmse-1.4487, valid_pr-0.6465
epoch-77, train_loss-1.2140, train_rmse-1.1018, valid_rmse-1.4083, valid_pr-0.6624
epoch-78, train_loss-1.1700, train_rmse-1.0816, valid_rmse-1.4402, valid_pr-0.6445
epoch-79, train_loss-1.1412, train_rmse-1.0683, valid_rmse-1.4699, valid_pr-0.6191
epoch-80, train_loss-1.1224, train_rmse-1.0594, valid_rmse-1.4112, valid_pr-0.6540
epoch-81, train_loss-1.1112, train_rmse-1.0541, valid_rmse-1.4678, valid_pr-0.6432
epoch-82, train_loss-1.1544, train_rmse-1.0744, valid_rmse-1.4187, valid_pr-0.6555
epoch-83, train_loss-1.0996, train_rmse-1.0486, valid_rmse-1.4732, valid_pr-0.6406
epoch-84, train_loss-1.0732, train_rmse-1.0359, valid_rmse-1.4942, valid_pr-0.6227
epoch-85, train_loss-1.0831, train_rmse-1.0407, valid_rmse-1.4271, valid_pr-0.6556
epoch-86, train_loss-1.0808, train_rmse-1.0396, valid_rmse-1.4219, valid_pr-0.6532
epoch-87, train_loss-1.0905, train_rmse-1.0443, valid_rmse-1.4317, valid_pr-0.6662
epoch-88, train_loss-1.0236, train_rmse-1.0117, valid_rmse-1.4225, valid_pr-0.6609
epoch-89, train_loss-1.0122, train_rmse-1.0061, valid_rmse-1.4065, valid_pr-0.6630
epoch-90, train_loss-1.0493, train_rmse-1.0243, valid_rmse-1.3999, valid_pr-0.6646
epoch-91, train_loss-1.0195, train_rmse-1.0097, valid_rmse-1.4649, valid_pr-0.6527
epoch-92, train_loss-1.0031, train_rmse-1.0015, valid_rmse-1.4233, valid_pr-0.6601
epoch-93, train_loss-0.9698, train_rmse-0.9848, valid_rmse-1.4584, valid_pr-0.6515
epoch-94, train_loss-0.9714, train_rmse-0.9856, valid_rmse-1.3872, valid_pr-0.6826
epoch-95, train_loss-0.9673, train_rmse-0.9835, valid_rmse-1.4732, valid_pr-0.6388
epoch-96, train_loss-1.0197, train_rmse-1.0098, valid_rmse-1.4952, valid_pr-0.6473
epoch-97, train_loss-0.9577, train_rmse-0.9786, valid_rmse-1.3834, valid_pr-0.6754
epoch-98, train_loss-0.9516, train_rmse-0.9755, valid_rmse-1.4204, valid_pr-0.6682
epoch-99, train_loss-0.9314, train_rmse-0.9651, valid_rmse-1.4918, valid_pr-0.6493
epoch-100, train_loss-0.9581, train_rmse-0.9788, valid_rmse-1.4386, valid_pr-0.6504
epoch-101, train_loss-0.9745, train_rmse-0.9872, valid_rmse-1.4082, valid_pr-0.6701
epoch-102, train_loss-0.9354, train_rmse-0.9671, valid_rmse-1.4812, valid_pr-0.6361
epoch-103, train_loss-0.9444, train_rmse-0.9718, valid_rmse-1.4058, valid_pr-0.6690
epoch-104, train_loss-0.9241, train_rmse-0.9613, valid_rmse-1.4055, valid_pr-0.6699
epoch-105, train_loss-0.8784, train_rmse-0.9372, valid_rmse-1.4639, valid_pr-0.6679
epoch-106, train_loss-0.8795, train_rmse-0.9378, valid_rmse-1.4256, valid_pr-0.6547
epoch-107, train_loss-0.8739, train_rmse-0.9348, valid_rmse-1.4349, valid_pr-0.6586
epoch-108, train_loss-0.8835, train_rmse-0.9399, valid_rmse-1.4227, valid_pr-0.6595
epoch-109, train_loss-0.8425, train_rmse-0.9179, valid_rmse-1.3986, valid_pr-0.6721
epoch-110, train_loss-0.8296, train_rmse-0.9108, valid_rmse-1.4417, valid_pr-0.6547
epoch-111, train_loss-0.8457, train_rmse-0.9196, valid_rmse-1.4391, valid_pr-0.6549
epoch-112, train_loss-0.7965, train_rmse-0.8925, valid_rmse-1.4104, valid_pr-0.6672
epoch-113, train_loss-0.7904, train_rmse-0.8890, valid_rmse-1.4277, valid_pr-0.6768
epoch-114, train_loss-0.7889, train_rmse-0.8882, valid_rmse-1.4627, valid_pr-0.6447
epoch-115, train_loss-1.6285, train_rmse-1.2761, valid_rmse-1.4461, valid_pr-0.6484
epoch-116, train_loss-1.2864, train_rmse-1.1342, valid_rmse-1.4087, valid_pr-0.6596
epoch-117, train_loss-1.0722, train_rmse-1.0355, valid_rmse-1.4150, valid_pr-0.6591
epoch-118, train_loss-0.9832, train_rmse-0.9916, valid_rmse-1.5236, valid_pr-0.6607
epoch-119, train_loss-0.9201, train_rmse-0.9592, valid_rmse-1.4374, valid_pr-0.6514
epoch-120, train_loss-0.8568, train_rmse-0.9256, valid_rmse-1.4136, valid_pr-0.6621
epoch-121, train_loss-0.8132, train_rmse-0.9018, valid_rmse-1.4181, valid_pr-0.6669
epoch-122, train_loss-0.7781, train_rmse-0.8821, valid_rmse-1.4002, valid_pr-0.6931
epoch-123, train_loss-0.7552, train_rmse-0.8690, valid_rmse-1.4199, valid_pr-0.6622
epoch-124, train_loss-0.7651, train_rmse-0.8747, valid_rmse-1.4449, valid_pr-0.6726
epoch-125, train_loss-0.7558, train_rmse-0.8694, valid_rmse-1.4523, valid_pr-0.6533
epoch-126, train_loss-0.7453, train_rmse-0.8633, valid_rmse-1.3751, valid_pr-0.6837
epoch-127, train_loss-0.6101, train_rmse-0.7811, valid_rmse-1.3958, valid_pr-0.6832
epoch-128, train_loss-0.5332, train_rmse-0.7302, valid_rmse-1.3524, valid_pr-0.6991
Validation : valid_rmse-1.3524, valid_pr-0.6991, 
test2013_rmse-1.4546, test2013_pr-0.7919, test2016_rmse-1.3915, test2016_pr-0.7736, test2019_rmse-1.5188, test2019_pr-0.5737
epoch-129, train_loss-0.5079, train_rmse-0.7126, valid_rmse-1.3741, valid_pr-0.6959
epoch-130, train_loss-0.5110, train_rmse-0.7148, valid_rmse-1.3846, valid_pr-0.6878
epoch-131, train_loss-0.4909, train_rmse-0.7006, valid_rmse-1.3971, valid_pr-0.6795
epoch-132, train_loss-0.4644, train_rmse-0.6815, valid_rmse-1.3850, valid_pr-0.6904
epoch-133, train_loss-0.4534, train_rmse-0.6733, valid_rmse-1.3570, valid_pr-0.6981
epoch-134, train_loss-0.4399, train_rmse-0.6632, valid_rmse-1.3918, valid_pr-0.6834
epoch-135, train_loss-0.4419, train_rmse-0.6647, valid_rmse-1.3869, valid_pr-0.6862
epoch-136, train_loss-0.4292, train_rmse-0.6551, valid_rmse-1.3910, valid_pr-0.6800
epoch-137, train_loss-0.4352, train_rmse-0.6597, valid_rmse-1.3999, valid_pr-0.6893
epoch-138, train_loss-0.4307, train_rmse-0.6563, valid_rmse-1.3750, valid_pr-0.6942
epoch-139, train_loss-0.4271, train_rmse-0.6535, valid_rmse-1.3728, valid_pr-0.6940
epoch-140, train_loss-0.4148, train_rmse-0.6440, valid_rmse-1.3716, valid_pr-0.6981
epoch-141, train_loss-0.4224, train_rmse-0.6499, valid_rmse-1.3899, valid_pr-0.6866
epoch-142, train_loss-0.3987, train_rmse-0.6315, valid_rmse-1.3778, valid_pr-0.6920
epoch-143, train_loss-0.3959, train_rmse-0.6292, valid_rmse-1.3578, valid_pr-0.6993
epoch-144, train_loss-0.3936, train_rmse-0.6274, valid_rmse-1.4156, valid_pr-0.6745
epoch-145, train_loss-0.3971, train_rmse-0.6301, valid_rmse-1.3876, valid_pr-0.6867
epoch-146, train_loss-0.3759, train_rmse-0.6131, valid_rmse-1.3857, valid_pr-0.6882
epoch-147, train_loss-0.3891, train_rmse-0.6238, valid_rmse-1.3639, valid_pr-0.6932
epoch-148, train_loss-0.3742, train_rmse-0.6117, valid_rmse-1.3859, valid_pr-0.6877
epoch-149, train_loss-0.3602, train_rmse-0.6001, valid_rmse-1.3674, valid_pr-0.7006
epoch-150, train_loss-0.3790, train_rmse-0.6156, valid_rmse-1.3989, valid_pr-0.6816
epoch-151, train_loss-0.3710, train_rmse-0.6091, valid_rmse-1.4014, valid_pr-0.6812
epoch-152, train_loss-0.3585, train_rmse-0.5988, valid_rmse-1.3817, valid_pr-0.6863
epoch-153, train_loss-0.3620, train_rmse-0.6016, valid_rmse-1.3895, valid_pr-0.6890
epoch-154, train_loss-0.3505, train_rmse-0.5920, valid_rmse-1.4159, valid_pr-0.6705
epoch-155, train_loss-0.3707, train_rmse-0.6088, valid_rmse-1.3903, valid_pr-0.6892
epoch-156, train_loss-0.3626, train_rmse-0.6021, valid_rmse-1.4021, valid_pr-0.6823
epoch-157, train_loss-0.3497, train_rmse-0.5913, valid_rmse-1.3567, valid_pr-0.6982
epoch-158, train_loss-0.3538, train_rmse-0.5948, valid_rmse-1.4291, valid_pr-0.6682
epoch-159, train_loss-0.3423, train_rmse-0.5850, valid_rmse-1.4055, valid_pr-0.6824
epoch-160, train_loss-0.3425, train_rmse-0.5852, valid_rmse-1.4391, valid_pr-0.6841
epoch-161, train_loss-0.3348, train_rmse-0.5786, valid_rmse-1.4170, valid_pr-0.6740
epoch-162, train_loss-0.3434, train_rmse-0.5860, valid_rmse-1.3908, valid_pr-0.6852
epoch-163, train_loss-0.3272, train_rmse-0.5720, valid_rmse-1.4006, valid_pr-0.6834
epoch-164, train_loss-0.3313, train_rmse-0.5756, valid_rmse-1.4156, valid_pr-0.6728
epoch-165, train_loss-0.3290, train_rmse-0.5736, valid_rmse-1.4359, valid_pr-0.6817
epoch-166, train_loss-0.3189, train_rmse-0.5647, valid_rmse-1.4000, valid_pr-0.6861
epoch-167, train_loss-0.3143, train_rmse-0.5606, valid_rmse-1.4232, valid_pr-0.6749
epoch-168, train_loss-0.3190, train_rmse-0.5648, valid_rmse-1.4222, valid_pr-0.6800
epoch-169, train_loss-0.3196, train_rmse-0.5653, valid_rmse-1.3929, valid_pr-0.6904
epoch-170, train_loss-0.3166, train_rmse-0.5627, valid_rmse-1.4046, valid_pr-0.6901
epoch-171, train_loss-0.3073, train_rmse-0.5543, valid_rmse-1.4232, valid_pr-0.6797
epoch-172, train_loss-0.3038, train_rmse-0.5512, valid_rmse-1.4426, valid_pr-0.6663
epoch-173, train_loss-0.3003, train_rmse-0.5480, valid_rmse-1.3806, valid_pr-0.6939
epoch-174, train_loss-0.3179, train_rmse-0.5638, valid_rmse-1.3951, valid_pr-0.6813
epoch-175, train_loss-0.2965, train_rmse-0.5446, valid_rmse-1.4107, valid_pr-0.6792
epoch-176, train_loss-0.2986, train_rmse-0.5465, valid_rmse-1.4024, valid_pr-0.6768
epoch-177, train_loss-0.2920, train_rmse-0.5404, valid_rmse-1.4027, valid_pr-0.6809
epoch-178, train_loss-0.2872, train_rmse-0.5359, valid_rmse-1.3930, valid_pr-0.6931
epoch-179, train_loss-0.2918, train_rmse-0.5402, valid_rmse-1.4034, valid_pr-0.6961
epoch-180, train_loss-0.2271, train_rmse-0.4765, valid_rmse-1.3860, valid_pr-0.6928
epoch-181, train_loss-0.2077, train_rmse-0.4557, valid_rmse-1.3871, valid_pr-0.6946
epoch-182, train_loss-0.1997, train_rmse-0.4469, valid_rmse-1.3999, valid_pr-0.6891
epoch-183, train_loss-0.2078, train_rmse-0.4558, valid_rmse-1.4065, valid_pr-0.6851
epoch-184, train_loss-0.1967, train_rmse-0.4435, valid_rmse-1.3850, valid_pr-0.6918
epoch-185, train_loss-0.1879, train_rmse-0.4334, valid_rmse-1.3884, valid_pr-0.6896
epoch-186, train_loss-0.1940, train_rmse-0.4405, valid_rmse-1.3945, valid_pr-0.6851
epoch-187, train_loss-0.1984, train_rmse-0.4455, valid_rmse-1.3909, valid_pr-0.6884
epoch-188, train_loss-0.1853, train_rmse-0.4305, valid_rmse-1.3955, valid_pr-0.6863
epoch-189, train_loss-0.1830, train_rmse-0.4277, valid_rmse-1.3813, valid_pr-0.6923
epoch-190, train_loss-0.1864, train_rmse-0.4318, valid_rmse-1.3912, valid_pr-0.6882
epoch-191, train_loss-0.1908, train_rmse-0.4368, valid_rmse-1.3909, valid_pr-0.6940
epoch-192, train_loss-0.1888, train_rmse-0.4346, valid_rmse-1.3936, valid_pr-0.6905
epoch-193, train_loss-0.1815, train_rmse-0.4261, valid_rmse-1.3972, valid_pr-0.6861
epoch-194, train_loss-0.1862, train_rmse-0.4316, valid_rmse-1.3913, valid_pr-0.6900
epoch-195, train_loss-0.1728, train_rmse-0.4157, valid_rmse-1.3609, valid_pr-0.6992
epoch-196, train_loss-0.1833, train_rmse-0.4281, valid_rmse-1.3920, valid_pr-0.6898
epoch-197, train_loss-0.1757, train_rmse-0.4191, valid_rmse-1.3751, valid_pr-0.6960
epoch-198, train_loss-0.1768, train_rmse-0.4204, valid_rmse-1.3893, valid_pr-0.6927
epoch-199, train_loss-0.1825, train_rmse-0.4272, valid_rmse-1.3719, valid_pr-0.6979
epoch-200, train_loss-0.1705, train_rmse-0.4129, valid_rmse-1.3832, valid_pr-0.6952
epoch-201, train_loss-0.1677, train_rmse-0.4095, valid_rmse-1.3857, valid_pr-0.6924
epoch-202, train_loss-0.1799, train_rmse-0.4242, valid_rmse-1.4006, valid_pr-0.6855
epoch-203, train_loss-0.1752, train_rmse-0.4186, valid_rmse-1.4001, valid_pr-0.6840
epoch-204, train_loss-0.1798, train_rmse-0.4241, valid_rmse-1.3798, valid_pr-0.6925
epoch-205, train_loss-0.1763, train_rmse-0.4199, valid_rmse-1.3935, valid_pr-0.6890
epoch-206, train_loss-0.1769, train_rmse-0.4206, valid_rmse-1.4066, valid_pr-0.6836
epoch-207, train_loss-0.1697, train_rmse-0.4120, valid_rmse-1.4160, valid_pr-0.6842
epoch-208, train_loss-0.1728, train_rmse-0.4156, valid_rmse-1.3898, valid_pr-0.6893
epoch-209, train_loss-0.1769, train_rmse-0.4206, valid_rmse-1.3686, valid_pr-0.6991
epoch-210, train_loss-0.1681, train_rmse-0.4100, valid_rmse-1.4054, valid_pr-0.6848
epoch-211, train_loss-0.1634, train_rmse-0.4043, valid_rmse-1.4112, valid_pr-0.6813
epoch-212, train_loss-0.1748, train_rmse-0.4181, valid_rmse-1.3922, valid_pr-0.6878
epoch-213, train_loss-0.1664, train_rmse-0.4080, valid_rmse-1.3833, valid_pr-0.6897
epoch-214, train_loss-0.1662, train_rmse-0.4076, valid_rmse-1.4117, valid_pr-0.6799
epoch-215, train_loss-0.1663, train_rmse-0.4078, valid_rmse-1.3862, valid_pr-0.6896
epoch-216, train_loss-0.1746, train_rmse-0.4178, valid_rmse-1.4012, valid_pr-0.6847
epoch-217, train_loss-0.1670, train_rmse-0.4087, valid_rmse-1.3952, valid_pr-0.6917
epoch-218, train_loss-0.1658, train_rmse-0.4072, valid_rmse-1.3894, valid_pr-0.6920
epoch-219, train_loss-0.1655, train_rmse-0.4068, valid_rmse-1.3906, valid_pr-0.6882
epoch-220, train_loss-0.1621, train_rmse-0.4027, valid_rmse-1.3986, valid_pr-0.6928
epoch-221, train_loss-0.1646, train_rmse-0.4057, valid_rmse-1.4003, valid_pr-0.6900
epoch-222, train_loss-0.1574, train_rmse-0.3967, valid_rmse-1.3761, valid_pr-0.6964
epoch-223, train_loss-0.1602, train_rmse-0.4003, valid_rmse-1.3909, valid_pr-0.6910
epoch-224, train_loss-0.1607, train_rmse-0.4008, valid_rmse-1.3838, valid_pr-0.6916
epoch-225, train_loss-0.1563, train_rmse-0.3954, valid_rmse-1.3928, valid_pr-0.6929
epoch-226, train_loss-0.1527, train_rmse-0.3908, valid_rmse-1.3819, valid_pr-0.6951
epoch-227, train_loss-0.1482, train_rmse-0.3849, valid_rmse-1.3855, valid_pr-0.6921
epoch-228, train_loss-0.1560, train_rmse-0.3949, valid_rmse-1.3917, valid_pr-0.6914
epoch-229, train_loss-0.1545, train_rmse-0.3930, valid_rmse-1.3816, valid_pr-0.6928
early stop in epoch 229
best_rmse: 1.3524
valid_rmse-1.3524, valid_pr-0.6991, test2013_rmse-1.4546, test2013_pr-0.7919, test2016_rmse-1.3915, test2016_pr-0.7736, test2019_rmse-1.5188, test2019_pr-0.5737
