lr=0.001, repeat=2, seed=598
train_CheapNet.py
train data: 11904
valid data: 1000
test2013 data: 107
test2016 data: 285
test2019 data: 4366
GIGN params # : 1331241
epoch-0, train_loss-16.2623, train_rmse-4.0327, valid_rmse-1.9789, valid_pr-0.4631
Validation : valid_rmse-1.9789, valid_pr-0.4631, 
test2013_rmse-1.9507, test2013_pr-0.7018, test2016_rmse-1.9782, test2016_pr-0.6958, test2019_rmse-1.8827, test2019_pr-0.5231
epoch-1, train_loss-2.6379, train_rmse-1.6242, valid_rmse-1.8113, valid_pr-0.5539
Validation : valid_rmse-1.8113, valid_pr-0.5539, 
test2013_rmse-1.7226, test2013_pr-0.7060, test2016_rmse-1.5784, test2016_pr-0.7272, test2019_rmse-1.7673, test2019_pr-0.5891
epoch-2, train_loss-2.4474, train_rmse-1.5644, valid_rmse-1.6246, valid_pr-0.5464
Validation : valid_rmse-1.6246, valid_pr-0.5464, 
test2013_rmse-1.6923, test2013_pr-0.7207, test2016_rmse-1.5220, test2016_pr-0.7603, test2019_rmse-1.5226, test2019_pr-0.5763
epoch-3, train_loss-2.1398, train_rmse-1.4628, valid_rmse-1.5330, valid_pr-0.6055
Validation : valid_rmse-1.5330, valid_pr-0.6055, 
test2013_rmse-1.4307, test2013_pr-0.8042, test2016_rmse-1.3284, test2016_pr-0.7977, test2019_rmse-1.4646, test2019_pr-0.6212
epoch-4, train_loss-2.0515, train_rmse-1.4323, valid_rmse-1.3783, valid_pr-0.6726
Validation : valid_rmse-1.3783, valid_pr-0.6726, 
test2013_rmse-1.4778, test2013_pr-0.7932, test2016_rmse-1.3459, test2016_pr-0.7993, test2019_rmse-1.3717, test2019_pr-0.6502
epoch-5, train_loss-1.9767, train_rmse-1.4060, valid_rmse-1.4063, valid_pr-0.6548
epoch-6, train_loss-1.8310, train_rmse-1.3531, valid_rmse-1.4463, valid_pr-0.6368
epoch-7, train_loss-1.7953, train_rmse-1.3399, valid_rmse-1.3159, valid_pr-0.7055
Validation : valid_rmse-1.3159, valid_pr-0.7055, 
test2013_rmse-1.3917, test2013_pr-0.8170, test2016_rmse-1.2756, test2016_pr-0.8216, test2019_rmse-1.3699, test2019_pr-0.6586
epoch-8, train_loss-1.6894, train_rmse-1.2998, valid_rmse-1.5099, valid_pr-0.6540
epoch-9, train_loss-1.6074, train_rmse-1.2678, valid_rmse-1.5823, valid_pr-0.6191
epoch-10, train_loss-1.5028, train_rmse-1.2259, valid_rmse-1.5495, valid_pr-0.6807
epoch-11, train_loss-1.4002, train_rmse-1.1833, valid_rmse-1.5887, valid_pr-0.6661
epoch-12, train_loss-1.3299, train_rmse-1.1532, valid_rmse-1.4200, valid_pr-0.6865
epoch-13, train_loss-1.2532, train_rmse-1.1195, valid_rmse-1.3154, valid_pr-0.7141
Validation : valid_rmse-1.3154, valid_pr-0.7141, 
test2013_rmse-1.3700, test2013_pr-0.8145, test2016_rmse-1.2727, test2016_pr-0.8102, test2019_rmse-1.4245, test2019_pr-0.6375
epoch-14, train_loss-1.1530, train_rmse-1.0738, valid_rmse-1.3601, valid_pr-0.6850
epoch-15, train_loss-1.1170, train_rmse-1.0569, valid_rmse-1.4354, valid_pr-0.7044
epoch-16, train_loss-1.0736, train_rmse-1.0361, valid_rmse-1.5942, valid_pr-0.6760
epoch-17, train_loss-0.9759, train_rmse-0.9879, valid_rmse-1.5664, valid_pr-0.6478
epoch-18, train_loss-0.9048, train_rmse-0.9512, valid_rmse-1.3558, valid_pr-0.6851
epoch-19, train_loss-0.8860, train_rmse-0.9413, valid_rmse-1.4655, valid_pr-0.6348
epoch-20, train_loss-0.8175, train_rmse-0.9041, valid_rmse-1.3684, valid_pr-0.7063
epoch-21, train_loss-0.7783, train_rmse-0.8822, valid_rmse-1.3584, valid_pr-0.7024
epoch-22, train_loss-0.7495, train_rmse-0.8658, valid_rmse-1.3237, valid_pr-0.7134
epoch-23, train_loss-0.6989, train_rmse-0.8360, valid_rmse-1.4381, valid_pr-0.7012
epoch-24, train_loss-0.6980, train_rmse-0.8355, valid_rmse-1.3830, valid_pr-0.6994
epoch-25, train_loss-0.6564, train_rmse-0.8102, valid_rmse-1.4254, valid_pr-0.6994
epoch-26, train_loss-0.6053, train_rmse-0.7780, valid_rmse-1.3977, valid_pr-0.7110
epoch-27, train_loss-0.5865, train_rmse-0.7658, valid_rmse-1.3742, valid_pr-0.7093
epoch-28, train_loss-0.5646, train_rmse-0.7514, valid_rmse-1.3988, valid_pr-0.6774
epoch-29, train_loss-0.5666, train_rmse-0.7527, valid_rmse-1.4722, valid_pr-0.7028
epoch-30, train_loss-0.5348, train_rmse-0.7313, valid_rmse-1.4196, valid_pr-0.6787
epoch-31, train_loss-0.5109, train_rmse-0.7148, valid_rmse-1.4077, valid_pr-0.7056
epoch-32, train_loss-0.5158, train_rmse-0.7182, valid_rmse-1.3285, valid_pr-0.7150
epoch-33, train_loss-0.4819, train_rmse-0.6942, valid_rmse-1.5401, valid_pr-0.6689
epoch-34, train_loss-0.5017, train_rmse-0.7083, valid_rmse-1.3948, valid_pr-0.7116
epoch-35, train_loss-0.4637, train_rmse-0.6809, valid_rmse-1.3648, valid_pr-0.7142
epoch-36, train_loss-0.4362, train_rmse-0.6605, valid_rmse-1.3526, valid_pr-0.7129
epoch-37, train_loss-0.4311, train_rmse-0.6566, valid_rmse-1.3705, valid_pr-0.6986
epoch-38, train_loss-0.4450, train_rmse-0.6671, valid_rmse-1.3736, valid_pr-0.7274
epoch-39, train_loss-0.4229, train_rmse-0.6503, valid_rmse-1.2885, valid_pr-0.7272
Validation : valid_rmse-1.2885, valid_pr-0.7272, 
test2013_rmse-1.3569, test2013_pr-0.8213, test2016_rmse-1.2155, test2016_pr-0.8317, test2019_rmse-1.4670, test2019_pr-0.6088
epoch-40, train_loss-0.3879, train_rmse-0.6228, valid_rmse-1.3368, valid_pr-0.7117
epoch-41, train_loss-0.3968, train_rmse-0.6299, valid_rmse-1.3400, valid_pr-0.7088
epoch-42, train_loss-0.4126, train_rmse-0.6424, valid_rmse-1.4348, valid_pr-0.7074
epoch-43, train_loss-0.4093, train_rmse-0.6398, valid_rmse-1.3764, valid_pr-0.6945
epoch-44, train_loss-0.3815, train_rmse-0.6177, valid_rmse-1.4583, valid_pr-0.6909
epoch-45, train_loss-0.3964, train_rmse-0.6296, valid_rmse-1.3993, valid_pr-0.7009
epoch-46, train_loss-0.3777, train_rmse-0.6146, valid_rmse-1.3360, valid_pr-0.7169
epoch-47, train_loss-0.3808, train_rmse-0.6171, valid_rmse-1.3326, valid_pr-0.7021
epoch-48, train_loss-0.3844, train_rmse-0.6200, valid_rmse-1.3235, valid_pr-0.7208
epoch-49, train_loss-0.3431, train_rmse-0.5857, valid_rmse-1.3540, valid_pr-0.7278
epoch-50, train_loss-0.3705, train_rmse-0.6087, valid_rmse-1.4430, valid_pr-0.7154
epoch-51, train_loss-0.3613, train_rmse-0.6011, valid_rmse-1.3377, valid_pr-0.7239
epoch-52, train_loss-0.3549, train_rmse-0.5957, valid_rmse-1.3481, valid_pr-0.7207
epoch-53, train_loss-0.3565, train_rmse-0.5971, valid_rmse-1.3333, valid_pr-0.7087
epoch-54, train_loss-0.3490, train_rmse-0.5908, valid_rmse-1.3751, valid_pr-0.6977
epoch-55, train_loss-0.3773, train_rmse-0.6142, valid_rmse-1.3490, valid_pr-0.7088
epoch-56, train_loss-0.3452, train_rmse-0.5875, valid_rmse-1.3076, valid_pr-0.7118
epoch-57, train_loss-0.3920, train_rmse-0.6261, valid_rmse-1.3192, valid_pr-0.7047
epoch-58, train_loss-0.3464, train_rmse-0.5886, valid_rmse-1.3193, valid_pr-0.7259
epoch-59, train_loss-0.3388, train_rmse-0.5821, valid_rmse-1.3053, valid_pr-0.7227
epoch-60, train_loss-0.3468, train_rmse-0.5889, valid_rmse-1.3661, valid_pr-0.7096
epoch-61, train_loss-0.3488, train_rmse-0.5906, valid_rmse-1.3346, valid_pr-0.7279
epoch-62, train_loss-0.3431, train_rmse-0.5858, valid_rmse-1.3145, valid_pr-0.7182
epoch-63, train_loss-0.3192, train_rmse-0.5650, valid_rmse-1.3821, valid_pr-0.7123
epoch-64, train_loss-0.3147, train_rmse-0.5610, valid_rmse-1.2983, valid_pr-0.7229
epoch-65, train_loss-0.3294, train_rmse-0.5739, valid_rmse-1.3157, valid_pr-0.7181
epoch-66, train_loss-0.3081, train_rmse-0.5550, valid_rmse-1.3070, valid_pr-0.7278
epoch-67, train_loss-0.3070, train_rmse-0.5541, valid_rmse-1.3872, valid_pr-0.7117
epoch-68, train_loss-0.3231, train_rmse-0.5684, valid_rmse-1.3140, valid_pr-0.7239
epoch-69, train_loss-0.3218, train_rmse-0.5672, valid_rmse-1.3146, valid_pr-0.7115
epoch-70, train_loss-0.2995, train_rmse-0.5473, valid_rmse-1.3053, valid_pr-0.7206
epoch-71, train_loss-0.3010, train_rmse-0.5486, valid_rmse-1.2761, valid_pr-0.7296
Validation : valid_rmse-1.2761, valid_pr-0.7296, 
test2013_rmse-1.3725, test2013_pr-0.8141, test2016_rmse-1.2166, test2016_pr-0.8317, test2019_rmse-1.4395, test2019_pr-0.6139
epoch-72, train_loss-0.3077, train_rmse-0.5547, valid_rmse-1.2770, valid_pr-0.7326
epoch-73, train_loss-0.2820, train_rmse-0.5310, valid_rmse-1.2852, valid_pr-0.7257
epoch-74, train_loss-0.2794, train_rmse-0.5285, valid_rmse-1.3184, valid_pr-0.7254
epoch-75, train_loss-0.2731, train_rmse-0.5226, valid_rmse-1.2752, valid_pr-0.7303
Validation : valid_rmse-1.2752, valid_pr-0.7303, 
test2013_rmse-1.3211, test2013_pr-0.8325, test2016_rmse-1.1737, test2016_pr-0.8429, test2019_rmse-1.4349, test2019_pr-0.6234
epoch-76, train_loss-0.2649, train_rmse-0.5147, valid_rmse-1.2928, valid_pr-0.7321
epoch-77, train_loss-0.2712, train_rmse-0.5208, valid_rmse-1.2875, valid_pr-0.7328
epoch-78, train_loss-0.2749, train_rmse-0.5243, valid_rmse-1.2983, valid_pr-0.7235
epoch-79, train_loss-0.2658, train_rmse-0.5156, valid_rmse-1.3170, valid_pr-0.7275
epoch-80, train_loss-0.2765, train_rmse-0.5258, valid_rmse-1.2830, valid_pr-0.7287
epoch-81, train_loss-0.2778, train_rmse-0.5270, valid_rmse-1.2823, valid_pr-0.7342
epoch-82, train_loss-0.2855, train_rmse-0.5343, valid_rmse-1.3131, valid_pr-0.7250
epoch-83, train_loss-0.2785, train_rmse-0.5278, valid_rmse-1.2633, valid_pr-0.7360
Validation : valid_rmse-1.2633, valid_pr-0.7360, 
test2013_rmse-1.3605, test2013_pr-0.8205, test2016_rmse-1.1806, test2016_pr-0.8414, test2019_rmse-1.4419, test2019_pr-0.6179
epoch-84, train_loss-0.2681, train_rmse-0.5178, valid_rmse-1.2822, valid_pr-0.7345
epoch-85, train_loss-0.2609, train_rmse-0.5107, valid_rmse-1.3159, valid_pr-0.7269
epoch-86, train_loss-0.2745, train_rmse-0.5240, valid_rmse-1.2930, valid_pr-0.7287
epoch-87, train_loss-0.2636, train_rmse-0.5134, valid_rmse-1.2808, valid_pr-0.7272
epoch-88, train_loss-0.2656, train_rmse-0.5154, valid_rmse-1.2709, valid_pr-0.7362
epoch-89, train_loss-0.2539, train_rmse-0.5039, valid_rmse-1.2802, valid_pr-0.7309
epoch-90, train_loss-0.2498, train_rmse-0.4998, valid_rmse-1.3214, valid_pr-0.7235
epoch-91, train_loss-0.2562, train_rmse-0.5062, valid_rmse-1.2620, valid_pr-0.7358
Validation : valid_rmse-1.2620, valid_pr-0.7358, 
test2013_rmse-1.2647, test2013_pr-0.8496, test2016_rmse-1.1224, test2016_pr-0.8596, test2019_rmse-1.4218, test2019_pr-0.6342
epoch-92, train_loss-0.2610, train_rmse-0.5109, valid_rmse-1.2823, valid_pr-0.7313
epoch-93, train_loss-0.2552, train_rmse-0.5051, valid_rmse-1.3117, valid_pr-0.7254
epoch-94, train_loss-0.2791, train_rmse-0.5283, valid_rmse-1.3151, valid_pr-0.7108
epoch-95, train_loss-0.2948, train_rmse-0.5430, valid_rmse-1.3053, valid_pr-0.7211
epoch-96, train_loss-0.2755, train_rmse-0.5248, valid_rmse-1.3377, valid_pr-0.7237
epoch-97, train_loss-0.2482, train_rmse-0.4982, valid_rmse-1.2778, valid_pr-0.7402
epoch-98, train_loss-0.2485, train_rmse-0.4985, valid_rmse-1.2675, valid_pr-0.7367
epoch-99, train_loss-0.2382, train_rmse-0.4880, valid_rmse-1.2754, valid_pr-0.7387
epoch-100, train_loss-0.2444, train_rmse-0.4943, valid_rmse-1.3471, valid_pr-0.7179
epoch-101, train_loss-0.2528, train_rmse-0.5028, valid_rmse-1.2951, valid_pr-0.7295
epoch-102, train_loss-0.2542, train_rmse-0.5041, valid_rmse-1.2847, valid_pr-0.7263
epoch-103, train_loss-0.2523, train_rmse-0.5023, valid_rmse-1.2806, valid_pr-0.7384
epoch-104, train_loss-0.2450, train_rmse-0.4950, valid_rmse-1.2784, valid_pr-0.7354
epoch-105, train_loss-0.2449, train_rmse-0.4948, valid_rmse-1.2701, valid_pr-0.7343
epoch-106, train_loss-0.2415, train_rmse-0.4914, valid_rmse-1.2698, valid_pr-0.7389
epoch-107, train_loss-0.2287, train_rmse-0.4782, valid_rmse-1.2447, valid_pr-0.7479
Validation : valid_rmse-1.2447, valid_pr-0.7479, 
test2013_rmse-1.2315, test2013_pr-0.8567, test2016_rmse-1.1138, test2016_pr-0.8591, test2019_rmse-1.4340, test2019_pr-0.6352
epoch-108, train_loss-0.2109, train_rmse-0.4593, valid_rmse-1.2505, valid_pr-0.7410
epoch-109, train_loss-0.2353, train_rmse-0.4851, valid_rmse-1.2914, valid_pr-0.7261
epoch-110, train_loss-0.2268, train_rmse-0.4763, valid_rmse-1.2679, valid_pr-0.7329
epoch-111, train_loss-0.2303, train_rmse-0.4799, valid_rmse-1.2593, valid_pr-0.7358
epoch-112, train_loss-0.2184, train_rmse-0.4673, valid_rmse-1.2696, valid_pr-0.7378
epoch-113, train_loss-0.2166, train_rmse-0.4654, valid_rmse-1.2533, valid_pr-0.7376
epoch-114, train_loss-0.2346, train_rmse-0.4844, valid_rmse-1.2696, valid_pr-0.7335
epoch-115, train_loss-0.2207, train_rmse-0.4698, valid_rmse-1.2617, valid_pr-0.7381
epoch-116, train_loss-0.2303, train_rmse-0.4799, valid_rmse-1.2555, valid_pr-0.7383
epoch-117, train_loss-0.2245, train_rmse-0.4738, valid_rmse-1.2461, valid_pr-0.7448
epoch-118, train_loss-0.2200, train_rmse-0.4690, valid_rmse-1.2555, valid_pr-0.7425
epoch-119, train_loss-0.2195, train_rmse-0.4685, valid_rmse-1.2482, valid_pr-0.7451
epoch-120, train_loss-0.2249, train_rmse-0.4742, valid_rmse-1.2314, valid_pr-0.7498
Validation : valid_rmse-1.2314, valid_pr-0.7498, 
test2013_rmse-1.3277, test2013_pr-0.8373, test2016_rmse-1.1717, test2016_pr-0.8490, test2019_rmse-1.4290, test2019_pr-0.6212
epoch-121, train_loss-0.2378, train_rmse-0.4876, valid_rmse-1.2464, valid_pr-0.7467
epoch-122, train_loss-0.2270, train_rmse-0.4764, valid_rmse-1.2453, valid_pr-0.7447
epoch-123, train_loss-0.2137, train_rmse-0.4623, valid_rmse-1.2778, valid_pr-0.7354
epoch-124, train_loss-0.2142, train_rmse-0.4629, valid_rmse-1.2530, valid_pr-0.7429
epoch-125, train_loss-0.2185, train_rmse-0.4674, valid_rmse-1.2730, valid_pr-0.7371
epoch-126, train_loss-0.2022, train_rmse-0.4496, valid_rmse-1.2410, valid_pr-0.7464
epoch-127, train_loss-0.2157, train_rmse-0.4645, valid_rmse-1.2610, valid_pr-0.7380
epoch-128, train_loss-0.2202, train_rmse-0.4692, valid_rmse-1.2486, valid_pr-0.7449
epoch-129, train_loss-0.2047, train_rmse-0.4524, valid_rmse-1.2600, valid_pr-0.7427
epoch-130, train_loss-0.2020, train_rmse-0.4494, valid_rmse-1.2496, valid_pr-0.7409
epoch-131, train_loss-0.2026, train_rmse-0.4501, valid_rmse-1.2455, valid_pr-0.7446
epoch-132, train_loss-0.2018, train_rmse-0.4492, valid_rmse-1.2425, valid_pr-0.7457
epoch-133, train_loss-0.1961, train_rmse-0.4429, valid_rmse-1.2783, valid_pr-0.7325
epoch-134, train_loss-0.1944, train_rmse-0.4409, valid_rmse-1.2395, valid_pr-0.7476
epoch-135, train_loss-0.2336, train_rmse-0.4833, valid_rmse-1.2527, valid_pr-0.7434
epoch-136, train_loss-0.2055, train_rmse-0.4533, valid_rmse-1.2484, valid_pr-0.7417
epoch-137, train_loss-0.2090, train_rmse-0.4571, valid_rmse-1.2435, valid_pr-0.7459
epoch-138, train_loss-0.2109, train_rmse-0.4593, valid_rmse-1.2598, valid_pr-0.7362
epoch-139, train_loss-0.2154, train_rmse-0.4641, valid_rmse-1.2516, valid_pr-0.7500
epoch-140, train_loss-0.1953, train_rmse-0.4420, valid_rmse-1.2561, valid_pr-0.7372
epoch-141, train_loss-0.1948, train_rmse-0.4414, valid_rmse-1.2824, valid_pr-0.7363
epoch-142, train_loss-0.2069, train_rmse-0.4549, valid_rmse-1.2400, valid_pr-0.7467
epoch-143, train_loss-0.2010, train_rmse-0.4484, valid_rmse-1.2847, valid_pr-0.7269
epoch-144, train_loss-0.2045, train_rmse-0.4522, valid_rmse-1.2439, valid_pr-0.7482
epoch-145, train_loss-0.1899, train_rmse-0.4358, valid_rmse-1.2673, valid_pr-0.7423
epoch-146, train_loss-0.2003, train_rmse-0.4475, valid_rmse-1.2454, valid_pr-0.7405
epoch-147, train_loss-0.2034, train_rmse-0.4510, valid_rmse-1.2753, valid_pr-0.7435
epoch-148, train_loss-0.1949, train_rmse-0.4415, valid_rmse-1.2570, valid_pr-0.7393
epoch-149, train_loss-0.2011, train_rmse-0.4485, valid_rmse-1.2720, valid_pr-0.7432
epoch-150, train_loss-0.1968, train_rmse-0.4436, valid_rmse-1.2621, valid_pr-0.7409
epoch-151, train_loss-0.1930, train_rmse-0.4393, valid_rmse-1.2358, valid_pr-0.7473
epoch-152, train_loss-0.1980, train_rmse-0.4449, valid_rmse-1.2663, valid_pr-0.7383
epoch-153, train_loss-0.2060, train_rmse-0.4538, valid_rmse-1.2756, valid_pr-0.7394
epoch-154, train_loss-0.1966, train_rmse-0.4434, valid_rmse-1.2655, valid_pr-0.7375
epoch-155, train_loss-0.1866, train_rmse-0.4319, valid_rmse-1.2723, valid_pr-0.7392
epoch-156, train_loss-0.1862, train_rmse-0.4315, valid_rmse-1.2560, valid_pr-0.7431
epoch-157, train_loss-0.1857, train_rmse-0.4310, valid_rmse-1.2444, valid_pr-0.7452
epoch-158, train_loss-0.1990, train_rmse-0.4461, valid_rmse-1.2637, valid_pr-0.7382
epoch-159, train_loss-0.1826, train_rmse-0.4274, valid_rmse-1.2428, valid_pr-0.7420
epoch-160, train_loss-0.1792, train_rmse-0.4233, valid_rmse-1.2627, valid_pr-0.7421
epoch-161, train_loss-0.1748, train_rmse-0.4181, valid_rmse-1.2558, valid_pr-0.7411
epoch-162, train_loss-0.1905, train_rmse-0.4365, valid_rmse-1.2677, valid_pr-0.7381
epoch-163, train_loss-0.1894, train_rmse-0.4353, valid_rmse-1.2388, valid_pr-0.7484
epoch-164, train_loss-0.1763, train_rmse-0.4199, valid_rmse-1.2521, valid_pr-0.7466
epoch-165, train_loss-0.2034, train_rmse-0.4510, valid_rmse-1.2515, valid_pr-0.7421
epoch-166, train_loss-0.1918, train_rmse-0.4379, valid_rmse-1.2387, valid_pr-0.7463
epoch-167, train_loss-0.1895, train_rmse-0.4353, valid_rmse-1.2347, valid_pr-0.7457
epoch-168, train_loss-0.1703, train_rmse-0.4126, valid_rmse-1.2396, valid_pr-0.7456
epoch-169, train_loss-0.1748, train_rmse-0.4181, valid_rmse-1.2379, valid_pr-0.7441
epoch-170, train_loss-0.1846, train_rmse-0.4297, valid_rmse-1.2590, valid_pr-0.7434
epoch-171, train_loss-0.1981, train_rmse-0.4451, valid_rmse-1.2519, valid_pr-0.7414
epoch-172, train_loss-0.1567, train_rmse-0.3959, valid_rmse-1.2325, valid_pr-0.7480
epoch-173, train_loss-0.1544, train_rmse-0.3929, valid_rmse-1.2548, valid_pr-0.7417
epoch-174, train_loss-0.1452, train_rmse-0.3810, valid_rmse-1.2393, valid_pr-0.7457
epoch-175, train_loss-0.1397, train_rmse-0.3738, valid_rmse-1.2322, valid_pr-0.7516
epoch-176, train_loss-0.1463, train_rmse-0.3826, valid_rmse-1.2404, valid_pr-0.7442
epoch-177, train_loss-0.1395, train_rmse-0.3736, valid_rmse-1.2210, valid_pr-0.7529
Validation : valid_rmse-1.2210, valid_pr-0.7529, 
test2013_rmse-1.2987, test2013_pr-0.8465, test2016_rmse-1.1350, test2016_pr-0.8593, test2019_rmse-1.3829, test2019_pr-0.6455
epoch-178, train_loss-0.1427, train_rmse-0.3777, valid_rmse-1.2313, valid_pr-0.7521
epoch-179, train_loss-0.1355, train_rmse-0.3681, valid_rmse-1.2399, valid_pr-0.7476
epoch-180, train_loss-0.1398, train_rmse-0.3739, valid_rmse-1.2329, valid_pr-0.7481
epoch-181, train_loss-0.1456, train_rmse-0.3816, valid_rmse-1.2331, valid_pr-0.7467
epoch-182, train_loss-0.1413, train_rmse-0.3760, valid_rmse-1.2485, valid_pr-0.7462
epoch-183, train_loss-0.1425, train_rmse-0.3775, valid_rmse-1.2290, valid_pr-0.7518
epoch-184, train_loss-0.1327, train_rmse-0.3642, valid_rmse-1.2330, valid_pr-0.7470
epoch-185, train_loss-0.1397, train_rmse-0.3737, valid_rmse-1.2327, valid_pr-0.7490
epoch-186, train_loss-0.1489, train_rmse-0.3859, valid_rmse-1.2313, valid_pr-0.7513
epoch-187, train_loss-0.1356, train_rmse-0.3682, valid_rmse-1.2320, valid_pr-0.7489
epoch-188, train_loss-0.1395, train_rmse-0.3735, valid_rmse-1.2349, valid_pr-0.7534
epoch-189, train_loss-0.1344, train_rmse-0.3666, valid_rmse-1.2323, valid_pr-0.7466
epoch-190, train_loss-0.1308, train_rmse-0.3617, valid_rmse-1.2437, valid_pr-0.7467
epoch-191, train_loss-0.1410, train_rmse-0.3755, valid_rmse-1.2393, valid_pr-0.7445
epoch-192, train_loss-0.1397, train_rmse-0.3737, valid_rmse-1.2433, valid_pr-0.7471
epoch-193, train_loss-0.1268, train_rmse-0.3561, valid_rmse-1.2396, valid_pr-0.7438
epoch-194, train_loss-0.1475, train_rmse-0.3841, valid_rmse-1.2268, valid_pr-0.7494
epoch-195, train_loss-0.1489, train_rmse-0.3859, valid_rmse-1.2352, valid_pr-0.7475
epoch-196, train_loss-0.1372, train_rmse-0.3703, valid_rmse-1.2350, valid_pr-0.7487
epoch-197, train_loss-0.1399, train_rmse-0.3741, valid_rmse-1.2309, valid_pr-0.7482
epoch-198, train_loss-0.1371, train_rmse-0.3703, valid_rmse-1.2285, valid_pr-0.7515
epoch-199, train_loss-0.1358, train_rmse-0.3685, valid_rmse-1.2319, valid_pr-0.7486
epoch-200, train_loss-0.1354, train_rmse-0.3679, valid_rmse-1.2390, valid_pr-0.7485
epoch-201, train_loss-0.1303, train_rmse-0.3609, valid_rmse-1.2288, valid_pr-0.7517
epoch-202, train_loss-0.1410, train_rmse-0.3755, valid_rmse-1.2247, valid_pr-0.7529
epoch-203, train_loss-0.1342, train_rmse-0.3664, valid_rmse-1.2308, valid_pr-0.7494
epoch-204, train_loss-0.1334, train_rmse-0.3652, valid_rmse-1.2281, valid_pr-0.7523
epoch-205, train_loss-0.1416, train_rmse-0.3763, valid_rmse-1.2253, valid_pr-0.7508
epoch-206, train_loss-0.1272, train_rmse-0.3566, valid_rmse-1.2367, valid_pr-0.7474
epoch-207, train_loss-0.1383, train_rmse-0.3719, valid_rmse-1.2310, valid_pr-0.7518
epoch-208, train_loss-0.1368, train_rmse-0.3698, valid_rmse-1.2329, valid_pr-0.7529
epoch-209, train_loss-0.1342, train_rmse-0.3663, valid_rmse-1.2177, valid_pr-0.7545
Validation : valid_rmse-1.2177, valid_pr-0.7545, 
test2013_rmse-1.2607, test2013_pr-0.8541, test2016_rmse-1.1126, test2016_pr-0.8632, test2019_rmse-1.3762, test2019_pr-0.6511
epoch-210, train_loss-0.1305, train_rmse-0.3613, valid_rmse-1.2270, valid_pr-0.7524
epoch-211, train_loss-0.1344, train_rmse-0.3666, valid_rmse-1.2249, valid_pr-0.7518
epoch-212, train_loss-0.1394, train_rmse-0.3734, valid_rmse-1.2199, valid_pr-0.7522
epoch-213, train_loss-0.1400, train_rmse-0.3741, valid_rmse-1.2099, valid_pr-0.7579
Validation : valid_rmse-1.2099, valid_pr-0.7579, 
test2013_rmse-1.2751, test2013_pr-0.8542, test2016_rmse-1.1223, test2016_pr-0.8650, test2019_rmse-1.3676, test2019_pr-0.6523
epoch-214, train_loss-0.1409, train_rmse-0.3754, valid_rmse-1.2409, valid_pr-0.7526
epoch-215, train_loss-0.1447, train_rmse-0.3804, valid_rmse-1.2256, valid_pr-0.7537
epoch-216, train_loss-0.1273, train_rmse-0.3567, valid_rmse-1.2240, valid_pr-0.7511
epoch-217, train_loss-0.1266, train_rmse-0.3558, valid_rmse-1.2385, valid_pr-0.7462
epoch-218, train_loss-0.1264, train_rmse-0.3555, valid_rmse-1.2336, valid_pr-0.7488
epoch-219, train_loss-0.1368, train_rmse-0.3699, valid_rmse-1.2246, valid_pr-0.7515
epoch-220, train_loss-0.1244, train_rmse-0.3527, valid_rmse-1.2280, valid_pr-0.7516
epoch-221, train_loss-0.1291, train_rmse-0.3592, valid_rmse-1.2371, valid_pr-0.7521
epoch-222, train_loss-0.1351, train_rmse-0.3675, valid_rmse-1.2304, valid_pr-0.7493
epoch-223, train_loss-0.1274, train_rmse-0.3569, valid_rmse-1.2311, valid_pr-0.7518
epoch-224, train_loss-0.1369, train_rmse-0.3700, valid_rmse-1.2243, valid_pr-0.7529
epoch-225, train_loss-0.1278, train_rmse-0.3574, valid_rmse-1.2228, valid_pr-0.7529
epoch-226, train_loss-0.1237, train_rmse-0.3518, valid_rmse-1.2266, valid_pr-0.7512
epoch-227, train_loss-0.1264, train_rmse-0.3556, valid_rmse-1.2315, valid_pr-0.7490
epoch-228, train_loss-0.1259, train_rmse-0.3548, valid_rmse-1.2308, valid_pr-0.7517
epoch-229, train_loss-0.1307, train_rmse-0.3615, valid_rmse-1.2242, valid_pr-0.7508
epoch-230, train_loss-0.1284, train_rmse-0.3583, valid_rmse-1.2302, valid_pr-0.7487
epoch-231, train_loss-0.1170, train_rmse-0.3420, valid_rmse-1.2278, valid_pr-0.7516
epoch-232, train_loss-0.1319, train_rmse-0.3631, valid_rmse-1.2212, valid_pr-0.7520
epoch-233, train_loss-0.1197, train_rmse-0.3460, valid_rmse-1.2390, valid_pr-0.7485
epoch-234, train_loss-0.1209, train_rmse-0.3477, valid_rmse-1.2202, valid_pr-0.7518
epoch-235, train_loss-0.1384, train_rmse-0.3721, valid_rmse-1.2194, valid_pr-0.7537
epoch-236, train_loss-0.1216, train_rmse-0.3488, valid_rmse-1.2315, valid_pr-0.7502
epoch-237, train_loss-0.1297, train_rmse-0.3602, valid_rmse-1.2245, valid_pr-0.7531
epoch-238, train_loss-0.1336, train_rmse-0.3655, valid_rmse-1.2156, valid_pr-0.7567
epoch-239, train_loss-0.1213, train_rmse-0.3482, valid_rmse-1.2363, valid_pr-0.7463
epoch-240, train_loss-0.1291, train_rmse-0.3594, valid_rmse-1.2104, valid_pr-0.7562
epoch-241, train_loss-0.1418, train_rmse-0.3766, valid_rmse-1.2288, valid_pr-0.7503
epoch-242, train_loss-0.1282, train_rmse-0.3580, valid_rmse-1.2302, valid_pr-0.7551
epoch-243, train_loss-0.1228, train_rmse-0.3505, valid_rmse-1.2202, valid_pr-0.7546
epoch-244, train_loss-0.1228, train_rmse-0.3505, valid_rmse-1.2246, valid_pr-0.7505
epoch-245, train_loss-0.1298, train_rmse-0.3602, valid_rmse-1.2216, valid_pr-0.7559
epoch-246, train_loss-0.1249, train_rmse-0.3534, valid_rmse-1.2253, valid_pr-0.7512
epoch-247, train_loss-0.1258, train_rmse-0.3547, valid_rmse-1.2254, valid_pr-0.7497
epoch-248, train_loss-0.1255, train_rmse-0.3542, valid_rmse-1.2300, valid_pr-0.7500
epoch-249, train_loss-0.1305, train_rmse-0.3612, valid_rmse-1.2222, valid_pr-0.7521
epoch-250, train_loss-0.1226, train_rmse-0.3502, valid_rmse-1.2225, valid_pr-0.7530
epoch-251, train_loss-0.1243, train_rmse-0.3525, valid_rmse-1.2253, valid_pr-0.7524
epoch-252, train_loss-0.1253, train_rmse-0.3540, valid_rmse-1.2287, valid_pr-0.7511
epoch-253, train_loss-0.1216, train_rmse-0.3487, valid_rmse-1.2254, valid_pr-0.7523
epoch-254, train_loss-0.1261, train_rmse-0.3551, valid_rmse-1.2171, valid_pr-0.7541
epoch-255, train_loss-0.1219, train_rmse-0.3491, valid_rmse-1.2214, valid_pr-0.7555
epoch-256, train_loss-0.1271, train_rmse-0.3566, valid_rmse-1.2209, valid_pr-0.7544
epoch-257, train_loss-0.1196, train_rmse-0.3459, valid_rmse-1.2166, valid_pr-0.7539
epoch-258, train_loss-0.1277, train_rmse-0.3574, valid_rmse-1.2075, valid_pr-0.7583
Validation : valid_rmse-1.2075, valid_pr-0.7583, 
test2013_rmse-1.2987, test2013_pr-0.8461, test2016_rmse-1.1196, test2016_pr-0.8654, test2019_rmse-1.3736, test2019_pr-0.6481
epoch-259, train_loss-0.1198, train_rmse-0.3461, valid_rmse-1.2218, valid_pr-0.7546
epoch-260, train_loss-0.1291, train_rmse-0.3594, valid_rmse-1.2247, valid_pr-0.7549
epoch-261, train_loss-0.1239, train_rmse-0.3520, valid_rmse-1.2211, valid_pr-0.7568
epoch-262, train_loss-0.1255, train_rmse-0.3543, valid_rmse-1.2313, valid_pr-0.7539
epoch-263, train_loss-0.1188, train_rmse-0.3447, valid_rmse-1.2207, valid_pr-0.7531
epoch-264, train_loss-0.1248, train_rmse-0.3532, valid_rmse-1.2092, valid_pr-0.7580
epoch-265, train_loss-0.1324, train_rmse-0.3639, valid_rmse-1.2136, valid_pr-0.7555
epoch-266, train_loss-0.1189, train_rmse-0.3448, valid_rmse-1.2299, valid_pr-0.7491
epoch-267, train_loss-0.1313, train_rmse-0.3624, valid_rmse-1.2151, valid_pr-0.7552
epoch-268, train_loss-0.1139, train_rmse-0.3375, valid_rmse-1.2180, valid_pr-0.7529
epoch-269, train_loss-0.1188, train_rmse-0.3446, valid_rmse-1.2159, valid_pr-0.7576
epoch-270, train_loss-0.1206, train_rmse-0.3473, valid_rmse-1.2193, valid_pr-0.7568
epoch-271, train_loss-0.1246, train_rmse-0.3530, valid_rmse-1.2175, valid_pr-0.7558
epoch-272, train_loss-0.1137, train_rmse-0.3372, valid_rmse-1.2062, valid_pr-0.7595
Validation : valid_rmse-1.2062, valid_pr-0.7595, 
test2013_rmse-1.2559, test2013_pr-0.8539, test2016_rmse-1.0985, test2016_pr-0.8689, test2019_rmse-1.3740, test2019_pr-0.6512
epoch-273, train_loss-0.1209, train_rmse-0.3477, valid_rmse-1.2223, valid_pr-0.7547
epoch-274, train_loss-0.1188, train_rmse-0.3446, valid_rmse-1.2203, valid_pr-0.7544
epoch-275, train_loss-0.1226, train_rmse-0.3501, valid_rmse-1.2161, valid_pr-0.7552
epoch-276, train_loss-0.1196, train_rmse-0.3458, valid_rmse-1.2175, valid_pr-0.7558
epoch-277, train_loss-0.1218, train_rmse-0.3490, valid_rmse-1.2116, valid_pr-0.7591
epoch-278, train_loss-0.1256, train_rmse-0.3544, valid_rmse-1.2269, valid_pr-0.7544
epoch-279, train_loss-0.1210, train_rmse-0.3479, valid_rmse-1.2229, valid_pr-0.7526
epoch-280, train_loss-0.1206, train_rmse-0.3473, valid_rmse-1.2239, valid_pr-0.7524
epoch-281, train_loss-0.1218, train_rmse-0.3490, valid_rmse-1.2236, valid_pr-0.7590
epoch-282, train_loss-0.1158, train_rmse-0.3403, valid_rmse-1.2321, valid_pr-0.7530
epoch-283, train_loss-0.1156, train_rmse-0.3400, valid_rmse-1.2293, valid_pr-0.7530
epoch-284, train_loss-0.1157, train_rmse-0.3401, valid_rmse-1.2296, valid_pr-0.7555
epoch-285, train_loss-0.1190, train_rmse-0.3450, valid_rmse-1.2109, valid_pr-0.7570
epoch-286, train_loss-0.1275, train_rmse-0.3570, valid_rmse-1.2199, valid_pr-0.7538
epoch-287, train_loss-0.1210, train_rmse-0.3478, valid_rmse-1.2252, valid_pr-0.7520
epoch-288, train_loss-0.1209, train_rmse-0.3476, valid_rmse-1.2255, valid_pr-0.7530
epoch-289, train_loss-0.1170, train_rmse-0.3421, valid_rmse-1.2226, valid_pr-0.7542
epoch-290, train_loss-0.1169, train_rmse-0.3418, valid_rmse-1.2142, valid_pr-0.7550
epoch-291, train_loss-0.1131, train_rmse-0.3363, valid_rmse-1.2149, valid_pr-0.7551
epoch-292, train_loss-0.1134, train_rmse-0.3367, valid_rmse-1.2186, valid_pr-0.7570
epoch-293, train_loss-0.1176, train_rmse-0.3430, valid_rmse-1.2129, valid_pr-0.7548
epoch-294, train_loss-0.1140, train_rmse-0.3377, valid_rmse-1.2186, valid_pr-0.7547
epoch-295, train_loss-0.1138, train_rmse-0.3373, valid_rmse-1.2142, valid_pr-0.7540
epoch-296, train_loss-0.1268, train_rmse-0.3561, valid_rmse-1.2241, valid_pr-0.7517
epoch-297, train_loss-0.1196, train_rmse-0.3458, valid_rmse-1.2223, valid_pr-0.7536
epoch-298, train_loss-0.1243, train_rmse-0.3526, valid_rmse-1.2214, valid_pr-0.7552
epoch-299, train_loss-0.1121, train_rmse-0.3348, valid_rmse-1.2173, valid_pr-0.7564
epoch-300, train_loss-0.1191, train_rmse-0.3451, valid_rmse-1.2254, valid_pr-0.7529
epoch-301, train_loss-0.1137, train_rmse-0.3371, valid_rmse-1.2165, valid_pr-0.7532
epoch-302, train_loss-0.1255, train_rmse-0.3543, valid_rmse-1.2195, valid_pr-0.7538
epoch-303, train_loss-0.1306, train_rmse-0.3614, valid_rmse-1.2011, valid_pr-0.7598
Validation : valid_rmse-1.2011, valid_pr-0.7598, 
test2013_rmse-1.2913, test2013_pr-0.8511, test2016_rmse-1.1263, test2016_pr-0.8641, test2019_rmse-1.3653, test2019_pr-0.6504
epoch-304, train_loss-0.1205, train_rmse-0.3472, valid_rmse-1.2145, valid_pr-0.7560
epoch-305, train_loss-0.1111, train_rmse-0.3332, valid_rmse-1.2187, valid_pr-0.7544
epoch-306, train_loss-0.1105, train_rmse-0.3323, valid_rmse-1.2226, valid_pr-0.7518
epoch-307, train_loss-0.1197, train_rmse-0.3459, valid_rmse-1.2039, valid_pr-0.7593
epoch-308, train_loss-0.1171, train_rmse-0.3422, valid_rmse-1.2229, valid_pr-0.7558
epoch-309, train_loss-0.1134, train_rmse-0.3367, valid_rmse-1.2165, valid_pr-0.7537
epoch-310, train_loss-0.1133, train_rmse-0.3365, valid_rmse-1.2173, valid_pr-0.7574
epoch-311, train_loss-0.1121, train_rmse-0.3349, valid_rmse-1.2239, valid_pr-0.7576
epoch-312, train_loss-0.1213, train_rmse-0.3483, valid_rmse-1.2177, valid_pr-0.7584
epoch-313, train_loss-0.1161, train_rmse-0.3407, valid_rmse-1.2157, valid_pr-0.7559
epoch-314, train_loss-0.1148, train_rmse-0.3389, valid_rmse-1.2163, valid_pr-0.7556
epoch-315, train_loss-0.1190, train_rmse-0.3449, valid_rmse-1.2110, valid_pr-0.7581
epoch-316, train_loss-0.1175, train_rmse-0.3428, valid_rmse-1.2209, valid_pr-0.7536
epoch-317, train_loss-0.1187, train_rmse-0.3445, valid_rmse-1.2192, valid_pr-0.7564
epoch-318, train_loss-0.1180, train_rmse-0.3435, valid_rmse-1.2280, valid_pr-0.7533
epoch-319, train_loss-0.1110, train_rmse-0.3332, valid_rmse-1.2212, valid_pr-0.7530
epoch-320, train_loss-0.1158, train_rmse-0.3403, valid_rmse-1.2247, valid_pr-0.7524
epoch-321, train_loss-0.1208, train_rmse-0.3475, valid_rmse-1.2189, valid_pr-0.7558
epoch-322, train_loss-0.1243, train_rmse-0.3526, valid_rmse-1.2217, valid_pr-0.7573
epoch-323, train_loss-0.1153, train_rmse-0.3395, valid_rmse-1.2119, valid_pr-0.7569
epoch-324, train_loss-0.1197, train_rmse-0.3460, valid_rmse-1.2287, valid_pr-0.7508
epoch-325, train_loss-0.1170, train_rmse-0.3421, valid_rmse-1.2190, valid_pr-0.7556
epoch-326, train_loss-0.1020, train_rmse-0.3194, valid_rmse-1.2160, valid_pr-0.7569
epoch-327, train_loss-0.1108, train_rmse-0.3329, valid_rmse-1.2182, valid_pr-0.7549
epoch-328, train_loss-0.1136, train_rmse-0.3371, valid_rmse-1.2138, valid_pr-0.7551
epoch-329, train_loss-0.1024, train_rmse-0.3199, valid_rmse-1.2154, valid_pr-0.7565
epoch-330, train_loss-0.1071, train_rmse-0.3273, valid_rmse-1.2103, valid_pr-0.7576
epoch-331, train_loss-0.1132, train_rmse-0.3364, valid_rmse-1.2136, valid_pr-0.7566
epoch-332, train_loss-0.1114, train_rmse-0.3337, valid_rmse-1.2047, valid_pr-0.7587
epoch-333, train_loss-0.1108, train_rmse-0.3328, valid_rmse-1.2189, valid_pr-0.7525
epoch-334, train_loss-0.1147, train_rmse-0.3386, valid_rmse-1.2150, valid_pr-0.7557
epoch-335, train_loss-0.1080, train_rmse-0.3286, valid_rmse-1.2090, valid_pr-0.7583
epoch-336, train_loss-0.1078, train_rmse-0.3284, valid_rmse-1.2136, valid_pr-0.7559
epoch-337, train_loss-0.1277, train_rmse-0.3573, valid_rmse-1.2103, valid_pr-0.7564
epoch-338, train_loss-0.1088, train_rmse-0.3298, valid_rmse-1.2114, valid_pr-0.7573
epoch-339, train_loss-0.1091, train_rmse-0.3304, valid_rmse-1.2138, valid_pr-0.7541
epoch-340, train_loss-0.1206, train_rmse-0.3473, valid_rmse-1.2071, valid_pr-0.7575
epoch-341, train_loss-0.1155, train_rmse-0.3398, valid_rmse-1.2118, valid_pr-0.7568
epoch-342, train_loss-0.1166, train_rmse-0.3414, valid_rmse-1.2215, valid_pr-0.7567
epoch-343, train_loss-0.1247, train_rmse-0.3531, valid_rmse-1.2051, valid_pr-0.7601
epoch-344, train_loss-0.1153, train_rmse-0.3395, valid_rmse-1.2141, valid_pr-0.7568
epoch-345, train_loss-0.1097, train_rmse-0.3312, valid_rmse-1.2189, valid_pr-0.7579
epoch-346, train_loss-0.1203, train_rmse-0.3469, valid_rmse-1.2100, valid_pr-0.7590
epoch-347, train_loss-0.1286, train_rmse-0.3586, valid_rmse-1.2158, valid_pr-0.7559
epoch-348, train_loss-0.1118, train_rmse-0.3344, valid_rmse-1.2155, valid_pr-0.7548
epoch-349, train_loss-0.1028, train_rmse-0.3206, valid_rmse-1.2227, valid_pr-0.7528
epoch-350, train_loss-0.1100, train_rmse-0.3317, valid_rmse-1.2154, valid_pr-0.7552
epoch-351, train_loss-0.1149, train_rmse-0.3390, valid_rmse-1.2141, valid_pr-0.7559
epoch-352, train_loss-0.1106, train_rmse-0.3326, valid_rmse-1.2212, valid_pr-0.7520
epoch-353, train_loss-0.1110, train_rmse-0.3331, valid_rmse-1.2340, valid_pr-0.7547
epoch-354, train_loss-0.1051, train_rmse-0.3241, valid_rmse-1.2245, valid_pr-0.7526
epoch-355, train_loss-0.1046, train_rmse-0.3233, valid_rmse-1.2199, valid_pr-0.7574
epoch-356, train_loss-0.0993, train_rmse-0.3150, valid_rmse-1.2154, valid_pr-0.7576
epoch-357, train_loss-0.1008, train_rmse-0.3175, valid_rmse-1.2116, valid_pr-0.7563
epoch-358, train_loss-0.0965, train_rmse-0.3107, valid_rmse-1.2102, valid_pr-0.7578
epoch-359, train_loss-0.0990, train_rmse-0.3146, valid_rmse-1.2109, valid_pr-0.7584
epoch-360, train_loss-0.1046, train_rmse-0.3234, valid_rmse-1.2128, valid_pr-0.7580
epoch-361, train_loss-0.0931, train_rmse-0.3051, valid_rmse-1.2143, valid_pr-0.7570
epoch-362, train_loss-0.0974, train_rmse-0.3120, valid_rmse-1.2103, valid_pr-0.7569
epoch-363, train_loss-0.0963, train_rmse-0.3103, valid_rmse-1.2121, valid_pr-0.7574
epoch-364, train_loss-0.0949, train_rmse-0.3081, valid_rmse-1.2128, valid_pr-0.7571
epoch-365, train_loss-0.0928, train_rmse-0.3046, valid_rmse-1.2113, valid_pr-0.7577
epoch-366, train_loss-0.0957, train_rmse-0.3094, valid_rmse-1.2120, valid_pr-0.7572
epoch-367, train_loss-0.0996, train_rmse-0.3155, valid_rmse-1.2136, valid_pr-0.7552
epoch-368, train_loss-0.0988, train_rmse-0.3143, valid_rmse-1.2138, valid_pr-0.7562
epoch-369, train_loss-0.0954, train_rmse-0.3088, valid_rmse-1.2095, valid_pr-0.7580
epoch-370, train_loss-0.0942, train_rmse-0.3069, valid_rmse-1.2152, valid_pr-0.7565
epoch-371, train_loss-0.0923, train_rmse-0.3038, valid_rmse-1.2120, valid_pr-0.7558
epoch-372, train_loss-0.0974, train_rmse-0.3120, valid_rmse-1.2125, valid_pr-0.7572
epoch-373, train_loss-0.0969, train_rmse-0.3113, valid_rmse-1.2162, valid_pr-0.7554
epoch-374, train_loss-0.1000, train_rmse-0.3163, valid_rmse-1.2116, valid_pr-0.7564
epoch-375, train_loss-0.1087, train_rmse-0.3297, valid_rmse-1.2134, valid_pr-0.7562
epoch-376, train_loss-0.0961, train_rmse-0.3100, valid_rmse-1.2099, valid_pr-0.7572
epoch-377, train_loss-0.1015, train_rmse-0.3186, valid_rmse-1.2027, valid_pr-0.7600
epoch-378, train_loss-0.1025, train_rmse-0.3202, valid_rmse-1.2091, valid_pr-0.7576
epoch-379, train_loss-0.0966, train_rmse-0.3108, valid_rmse-1.2046, valid_pr-0.7610
epoch-380, train_loss-0.0928, train_rmse-0.3047, valid_rmse-1.2076, valid_pr-0.7579
epoch-381, train_loss-0.0920, train_rmse-0.3033, valid_rmse-1.2142, valid_pr-0.7579
epoch-382, train_loss-0.0965, train_rmse-0.3107, valid_rmse-1.2059, valid_pr-0.7594
epoch-383, train_loss-0.0957, train_rmse-0.3094, valid_rmse-1.2023, valid_pr-0.7600
epoch-384, train_loss-0.1072, train_rmse-0.3274, valid_rmse-1.2080, valid_pr-0.7607
epoch-385, train_loss-0.0953, train_rmse-0.3087, valid_rmse-1.2116, valid_pr-0.7575
epoch-386, train_loss-0.0902, train_rmse-0.3003, valid_rmse-1.2108, valid_pr-0.7588
epoch-387, train_loss-0.1022, train_rmse-0.3197, valid_rmse-1.2114, valid_pr-0.7589
epoch-388, train_loss-0.0994, train_rmse-0.3153, valid_rmse-1.2023, valid_pr-0.7607
epoch-389, train_loss-0.0882, train_rmse-0.2970, valid_rmse-1.2072, valid_pr-0.7595
epoch-390, train_loss-0.0820, train_rmse-0.2863, valid_rmse-1.2102, valid_pr-0.7573
epoch-391, train_loss-0.1052, train_rmse-0.3244, valid_rmse-1.2099, valid_pr-0.7589
epoch-392, train_loss-0.0963, train_rmse-0.3103, valid_rmse-1.2107, valid_pr-0.7605
epoch-393, train_loss-0.1000, train_rmse-0.3162, valid_rmse-1.2099, valid_pr-0.7576
epoch-394, train_loss-0.0962, train_rmse-0.3102, valid_rmse-1.2078, valid_pr-0.7573
epoch-395, train_loss-0.0999, train_rmse-0.3161, valid_rmse-1.2164, valid_pr-0.7552
epoch-396, train_loss-0.0906, train_rmse-0.3010, valid_rmse-1.2121, valid_pr-0.7581
epoch-397, train_loss-0.0931, train_rmse-0.3052, valid_rmse-1.2060, valid_pr-0.7589
epoch-398, train_loss-0.0988, train_rmse-0.3144, valid_rmse-1.2040, valid_pr-0.7591
epoch-399, train_loss-0.0927, train_rmse-0.3045, valid_rmse-1.2133, valid_pr-0.7570
epoch-400, train_loss-0.0916, train_rmse-0.3026, valid_rmse-1.2003, valid_pr-0.7606
Validation : valid_rmse-1.2003, valid_pr-0.7606, 
test2013_rmse-1.2911, test2013_pr-0.8509, test2016_rmse-1.1156, test2016_pr-0.8673, test2019_rmse-1.3528, test2019_pr-0.6572
epoch-401, train_loss-0.0962, train_rmse-0.3102, valid_rmse-1.2045, valid_pr-0.7593
epoch-402, train_loss-0.0935, train_rmse-0.3058, valid_rmse-1.2030, valid_pr-0.7612
epoch-403, train_loss-0.0889, train_rmse-0.2982, valid_rmse-1.2102, valid_pr-0.7579
epoch-404, train_loss-0.0886, train_rmse-0.2977, valid_rmse-1.2142, valid_pr-0.7579
epoch-405, train_loss-0.0938, train_rmse-0.3062, valid_rmse-1.2123, valid_pr-0.7597
epoch-406, train_loss-0.1000, train_rmse-0.3162, valid_rmse-1.2110, valid_pr-0.7605
epoch-407, train_loss-0.0990, train_rmse-0.3147, valid_rmse-1.2078, valid_pr-0.7584
epoch-408, train_loss-0.1044, train_rmse-0.3231, valid_rmse-1.2100, valid_pr-0.7572
epoch-409, train_loss-0.0944, train_rmse-0.3072, valid_rmse-1.2033, valid_pr-0.7608
epoch-410, train_loss-0.0976, train_rmse-0.3124, valid_rmse-1.2112, valid_pr-0.7591
epoch-411, train_loss-0.0904, train_rmse-0.3007, valid_rmse-1.2085, valid_pr-0.7606
epoch-412, train_loss-0.1012, train_rmse-0.3181, valid_rmse-1.2122, valid_pr-0.7571
epoch-413, train_loss-0.0949, train_rmse-0.3081, valid_rmse-1.2156, valid_pr-0.7553
epoch-414, train_loss-0.0994, train_rmse-0.3154, valid_rmse-1.2086, valid_pr-0.7585
epoch-415, train_loss-0.0932, train_rmse-0.3053, valid_rmse-1.2061, valid_pr-0.7594
epoch-416, train_loss-0.0950, train_rmse-0.3083, valid_rmse-1.2064, valid_pr-0.7605
epoch-417, train_loss-0.0927, train_rmse-0.3044, valid_rmse-1.2045, valid_pr-0.7604
epoch-418, train_loss-0.1032, train_rmse-0.3212, valid_rmse-1.2093, valid_pr-0.7602
epoch-419, train_loss-0.0923, train_rmse-0.3038, valid_rmse-1.2008, valid_pr-0.7617
epoch-420, train_loss-0.1014, train_rmse-0.3184, valid_rmse-1.2031, valid_pr-0.7614
epoch-421, train_loss-0.0868, train_rmse-0.2947, valid_rmse-1.2090, valid_pr-0.7597
epoch-422, train_loss-0.0936, train_rmse-0.3059, valid_rmse-1.2034, valid_pr-0.7612
epoch-423, train_loss-0.0974, train_rmse-0.3121, valid_rmse-1.2086, valid_pr-0.7580
epoch-424, train_loss-0.0961, train_rmse-0.3100, valid_rmse-1.2211, valid_pr-0.7538
epoch-425, train_loss-0.0981, train_rmse-0.3131, valid_rmse-1.2112, valid_pr-0.7569
epoch-426, train_loss-0.0954, train_rmse-0.3089, valid_rmse-1.2104, valid_pr-0.7572
epoch-427, train_loss-0.0959, train_rmse-0.3097, valid_rmse-1.2048, valid_pr-0.7592
epoch-428, train_loss-0.0937, train_rmse-0.3061, valid_rmse-1.2107, valid_pr-0.7585
epoch-429, train_loss-0.0951, train_rmse-0.3084, valid_rmse-1.2074, valid_pr-0.7609
epoch-430, train_loss-0.0933, train_rmse-0.3054, valid_rmse-1.2059, valid_pr-0.7583
epoch-431, train_loss-0.0928, train_rmse-0.3047, valid_rmse-1.2043, valid_pr-0.7599
epoch-432, train_loss-0.1006, train_rmse-0.3171, valid_rmse-1.2036, valid_pr-0.7595
epoch-433, train_loss-0.0940, train_rmse-0.3066, valid_rmse-1.2045, valid_pr-0.7599
epoch-434, train_loss-0.0955, train_rmse-0.3091, valid_rmse-1.2115, valid_pr-0.7596
epoch-435, train_loss-0.0958, train_rmse-0.3095, valid_rmse-1.2141, valid_pr-0.7597
epoch-436, train_loss-0.0887, train_rmse-0.2979, valid_rmse-1.2085, valid_pr-0.7578
epoch-437, train_loss-0.0889, train_rmse-0.2981, valid_rmse-1.2106, valid_pr-0.7585
epoch-438, train_loss-0.1009, train_rmse-0.3177, valid_rmse-1.2064, valid_pr-0.7591
epoch-439, train_loss-0.0933, train_rmse-0.3055, valid_rmse-1.2207, valid_pr-0.7572
epoch-440, train_loss-0.0992, train_rmse-0.3149, valid_rmse-1.2018, valid_pr-0.7599
epoch-441, train_loss-0.0934, train_rmse-0.3056, valid_rmse-1.2057, valid_pr-0.7586
epoch-442, train_loss-0.1083, train_rmse-0.3291, valid_rmse-1.2064, valid_pr-0.7587
epoch-443, train_loss-0.0991, train_rmse-0.3148, valid_rmse-1.2118, valid_pr-0.7579
epoch-444, train_loss-0.0875, train_rmse-0.2959, valid_rmse-1.2085, valid_pr-0.7602
epoch-445, train_loss-0.0929, train_rmse-0.3048, valid_rmse-1.2066, valid_pr-0.7593
epoch-446, train_loss-0.0969, train_rmse-0.3112, valid_rmse-1.2081, valid_pr-0.7596
epoch-447, train_loss-0.0992, train_rmse-0.3150, valid_rmse-1.2050, valid_pr-0.7609
epoch-448, train_loss-0.1022, train_rmse-0.3197, valid_rmse-1.2191, valid_pr-0.7605
epoch-449, train_loss-0.0947, train_rmse-0.3078, valid_rmse-1.2088, valid_pr-0.7583
epoch-450, train_loss-0.0882, train_rmse-0.2970, valid_rmse-1.2053, valid_pr-0.7592
epoch-451, train_loss-0.0913, train_rmse-0.3021, valid_rmse-1.2050, valid_pr-0.7626
epoch-452, train_loss-0.0850, train_rmse-0.2916, valid_rmse-1.2057, valid_pr-0.7601
epoch-453, train_loss-0.0954, train_rmse-0.3088, valid_rmse-1.1992, valid_pr-0.7621
Validation : valid_rmse-1.1992, valid_pr-0.7621, 
test2013_rmse-1.2873, test2013_pr-0.8517, test2016_rmse-1.1189, test2016_pr-0.8667, test2019_rmse-1.3504, test2019_pr-0.6599
epoch-454, train_loss-0.0879, train_rmse-0.2965, valid_rmse-1.1974, valid_pr-0.7623
Validation : valid_rmse-1.1974, valid_pr-0.7623, 
test2013_rmse-1.2710, test2013_pr-0.8544, test2016_rmse-1.1079, test2016_pr-0.8675, test2019_rmse-1.3523, test2019_pr-0.6597
epoch-455, train_loss-0.0915, train_rmse-0.3025, valid_rmse-1.2084, valid_pr-0.7597
epoch-456, train_loss-0.0913, train_rmse-0.3021, valid_rmse-1.2025, valid_pr-0.7606
epoch-457, train_loss-0.0930, train_rmse-0.3050, valid_rmse-1.1974, valid_pr-0.7621
Validation : valid_rmse-1.1974, valid_pr-0.7621, 
test2013_rmse-1.2861, test2013_pr-0.8517, test2016_rmse-1.1180, test2016_pr-0.8667, test2019_rmse-1.3528, test2019_pr-0.6574
epoch-458, train_loss-0.0894, train_rmse-0.2990, valid_rmse-1.2017, valid_pr-0.7612
epoch-459, train_loss-0.0905, train_rmse-0.3008, valid_rmse-1.1990, valid_pr-0.7618
epoch-460, train_loss-0.0895, train_rmse-0.2991, valid_rmse-1.2043, valid_pr-0.7614
epoch-461, train_loss-0.0783, train_rmse-0.2798, valid_rmse-1.2050, valid_pr-0.7600
epoch-462, train_loss-0.0921, train_rmse-0.3034, valid_rmse-1.2033, valid_pr-0.7593
epoch-463, train_loss-0.0869, train_rmse-0.2947, valid_rmse-1.2046, valid_pr-0.7585
epoch-464, train_loss-0.0814, train_rmse-0.2853, valid_rmse-1.2018, valid_pr-0.7607
epoch-465, train_loss-0.0856, train_rmse-0.2926, valid_rmse-1.2052, valid_pr-0.7599
epoch-466, train_loss-0.0862, train_rmse-0.2936, valid_rmse-1.2028, valid_pr-0.7608
epoch-467, train_loss-0.0858, train_rmse-0.2930, valid_rmse-1.2072, valid_pr-0.7604
epoch-468, train_loss-0.0817, train_rmse-0.2859, valid_rmse-1.2026, valid_pr-0.7612
epoch-469, train_loss-0.0837, train_rmse-0.2892, valid_rmse-1.2045, valid_pr-0.7612
epoch-470, train_loss-0.0969, train_rmse-0.3113, valid_rmse-1.1951, valid_pr-0.7634
Validation : valid_rmse-1.1951, valid_pr-0.7634, 
test2013_rmse-1.2719, test2013_pr-0.8581, test2016_rmse-1.1087, test2016_pr-0.8703, test2019_rmse-1.3505, test2019_pr-0.6595
epoch-471, train_loss-0.0838, train_rmse-0.2894, valid_rmse-1.1998, valid_pr-0.7617
epoch-472, train_loss-0.0884, train_rmse-0.2973, valid_rmse-1.2050, valid_pr-0.7609
epoch-473, train_loss-0.0961, train_rmse-0.3100, valid_rmse-1.1973, valid_pr-0.7625
epoch-474, train_loss-0.0843, train_rmse-0.2904, valid_rmse-1.2042, valid_pr-0.7624
epoch-475, train_loss-0.0831, train_rmse-0.2883, valid_rmse-1.2074, valid_pr-0.7618
epoch-476, train_loss-0.0841, train_rmse-0.2900, valid_rmse-1.2005, valid_pr-0.7620
epoch-477, train_loss-0.0857, train_rmse-0.2927, valid_rmse-1.1961, valid_pr-0.7624
epoch-478, train_loss-0.0789, train_rmse-0.2808, valid_rmse-1.2000, valid_pr-0.7627
epoch-479, train_loss-0.0906, train_rmse-0.3011, valid_rmse-1.1999, valid_pr-0.7623
epoch-480, train_loss-0.0879, train_rmse-0.2966, valid_rmse-1.2025, valid_pr-0.7612
epoch-481, train_loss-0.0873, train_rmse-0.2955, valid_rmse-1.1985, valid_pr-0.7617
epoch-482, train_loss-0.0788, train_rmse-0.2807, valid_rmse-1.2016, valid_pr-0.7610
epoch-483, train_loss-0.0837, train_rmse-0.2893, valid_rmse-1.2047, valid_pr-0.7601
epoch-484, train_loss-0.0852, train_rmse-0.2920, valid_rmse-1.2019, valid_pr-0.7607
epoch-485, train_loss-0.0939, train_rmse-0.3065, valid_rmse-1.2030, valid_pr-0.7596
epoch-486, train_loss-0.0859, train_rmse-0.2932, valid_rmse-1.2004, valid_pr-0.7621
epoch-487, train_loss-0.0844, train_rmse-0.2906, valid_rmse-1.1993, valid_pr-0.7615
epoch-488, train_loss-0.0886, train_rmse-0.2976, valid_rmse-1.2027, valid_pr-0.7611
epoch-489, train_loss-0.0834, train_rmse-0.2888, valid_rmse-1.2061, valid_pr-0.7619
epoch-490, train_loss-0.0884, train_rmse-0.2974, valid_rmse-1.2027, valid_pr-0.7616
epoch-491, train_loss-0.0943, train_rmse-0.3071, valid_rmse-1.1977, valid_pr-0.7627
epoch-492, train_loss-0.0871, train_rmse-0.2951, valid_rmse-1.1997, valid_pr-0.7618
epoch-493, train_loss-0.0830, train_rmse-0.2881, valid_rmse-1.2023, valid_pr-0.7612
epoch-494, train_loss-0.0837, train_rmse-0.2893, valid_rmse-1.2020, valid_pr-0.7605
epoch-495, train_loss-0.0846, train_rmse-0.2909, valid_rmse-1.2022, valid_pr-0.7616
epoch-496, train_loss-0.0896, train_rmse-0.2993, valid_rmse-1.1985, valid_pr-0.7614
epoch-497, train_loss-0.0844, train_rmse-0.2905, valid_rmse-1.2029, valid_pr-0.7610
epoch-498, train_loss-0.0865, train_rmse-0.2941, valid_rmse-1.2018, valid_pr-0.7607
epoch-499, train_loss-0.0914, train_rmse-0.3022, valid_rmse-1.2047, valid_pr-0.7602
epoch-500, train_loss-0.0886, train_rmse-0.2977, valid_rmse-1.2051, valid_pr-0.7616
epoch-501, train_loss-0.0793, train_rmse-0.2817, valid_rmse-1.2013, valid_pr-0.7610
epoch-502, train_loss-0.0811, train_rmse-0.2847, valid_rmse-1.2063, valid_pr-0.7594
epoch-503, train_loss-0.0889, train_rmse-0.2982, valid_rmse-1.2096, valid_pr-0.7582
epoch-504, train_loss-0.0854, train_rmse-0.2922, valid_rmse-1.2028, valid_pr-0.7603
epoch-505, train_loss-0.0926, train_rmse-0.3043, valid_rmse-1.2038, valid_pr-0.7610
epoch-506, train_loss-0.0885, train_rmse-0.2975, valid_rmse-1.1986, valid_pr-0.7617
epoch-507, train_loss-0.0829, train_rmse-0.2880, valid_rmse-1.2061, valid_pr-0.7611
epoch-508, train_loss-0.0922, train_rmse-0.3036, valid_rmse-1.2027, valid_pr-0.7620
epoch-509, train_loss-0.0844, train_rmse-0.2905, valid_rmse-1.2000, valid_pr-0.7621
epoch-510, train_loss-0.0890, train_rmse-0.2984, valid_rmse-1.2028, valid_pr-0.7618
epoch-511, train_loss-0.0849, train_rmse-0.2914, valid_rmse-1.1972, valid_pr-0.7625
epoch-512, train_loss-0.0856, train_rmse-0.2926, valid_rmse-1.1995, valid_pr-0.7618
epoch-513, train_loss-0.0816, train_rmse-0.2857, valid_rmse-1.1978, valid_pr-0.7629
epoch-514, train_loss-0.0854, train_rmse-0.2922, valid_rmse-1.2011, valid_pr-0.7619
epoch-515, train_loss-0.0880, train_rmse-0.2966, valid_rmse-1.2050, valid_pr-0.7616
epoch-516, train_loss-0.0812, train_rmse-0.2850, valid_rmse-1.1961, valid_pr-0.7629
epoch-517, train_loss-0.0788, train_rmse-0.2808, valid_rmse-1.2005, valid_pr-0.7630
epoch-518, train_loss-0.0889, train_rmse-0.2982, valid_rmse-1.2002, valid_pr-0.7623
epoch-519, train_loss-0.0849, train_rmse-0.2914, valid_rmse-1.2004, valid_pr-0.7615
epoch-520, train_loss-0.0760, train_rmse-0.2756, valid_rmse-1.2031, valid_pr-0.7605
epoch-521, train_loss-0.0815, train_rmse-0.2855, valid_rmse-1.1970, valid_pr-0.7628
epoch-522, train_loss-0.0798, train_rmse-0.2825, valid_rmse-1.1986, valid_pr-0.7626
epoch-523, train_loss-0.0858, train_rmse-0.2929, valid_rmse-1.2069, valid_pr-0.7611
epoch-524, train_loss-0.0784, train_rmse-0.2800, valid_rmse-1.1948, valid_pr-0.7638
Validation : valid_rmse-1.1948, valid_pr-0.7638, 
test2013_rmse-1.2686, test2013_pr-0.8576, test2016_rmse-1.1083, test2016_pr-0.8699, test2019_rmse-1.3507, test2019_pr-0.6593
epoch-525, train_loss-0.0905, train_rmse-0.3008, valid_rmse-1.1988, valid_pr-0.7622
epoch-526, train_loss-0.0858, train_rmse-0.2929, valid_rmse-1.2015, valid_pr-0.7624
epoch-527, train_loss-0.0755, train_rmse-0.2748, valid_rmse-1.2005, valid_pr-0.7617
epoch-528, train_loss-0.0809, train_rmse-0.2845, valid_rmse-1.1971, valid_pr-0.7620
epoch-529, train_loss-0.0822, train_rmse-0.2867, valid_rmse-1.2000, valid_pr-0.7628
epoch-530, train_loss-0.0827, train_rmse-0.2876, valid_rmse-1.1970, valid_pr-0.7630
epoch-531, train_loss-0.0813, train_rmse-0.2851, valid_rmse-1.1964, valid_pr-0.7630
epoch-532, train_loss-0.0815, train_rmse-0.2855, valid_rmse-1.1985, valid_pr-0.7619
epoch-533, train_loss-0.0726, train_rmse-0.2695, valid_rmse-1.1974, valid_pr-0.7630
epoch-534, train_loss-0.0857, train_rmse-0.2928, valid_rmse-1.2006, valid_pr-0.7625
epoch-535, train_loss-0.0828, train_rmse-0.2877, valid_rmse-1.1970, valid_pr-0.7623
epoch-536, train_loss-0.0826, train_rmse-0.2875, valid_rmse-1.2003, valid_pr-0.7621
epoch-537, train_loss-0.0833, train_rmse-0.2886, valid_rmse-1.2029, valid_pr-0.7611
epoch-538, train_loss-0.0851, train_rmse-0.2917, valid_rmse-1.2018, valid_pr-0.7613
epoch-539, train_loss-0.0887, train_rmse-0.2978, valid_rmse-1.2012, valid_pr-0.7617
epoch-540, train_loss-0.0887, train_rmse-0.2978, valid_rmse-1.2010, valid_pr-0.7611
epoch-541, train_loss-0.0851, train_rmse-0.2917, valid_rmse-1.2037, valid_pr-0.7614
epoch-542, train_loss-0.0797, train_rmse-0.2823, valid_rmse-1.1981, valid_pr-0.7617
epoch-543, train_loss-0.0816, train_rmse-0.2857, valid_rmse-1.2119, valid_pr-0.7608
epoch-544, train_loss-0.0815, train_rmse-0.2856, valid_rmse-1.1997, valid_pr-0.7622
epoch-545, train_loss-0.0757, train_rmse-0.2751, valid_rmse-1.1979, valid_pr-0.7617
epoch-546, train_loss-0.0807, train_rmse-0.2841, valid_rmse-1.2005, valid_pr-0.7622
epoch-547, train_loss-0.0805, train_rmse-0.2836, valid_rmse-1.1989, valid_pr-0.7619
epoch-548, train_loss-0.0838, train_rmse-0.2896, valid_rmse-1.2008, valid_pr-0.7614
epoch-549, train_loss-0.0821, train_rmse-0.2866, valid_rmse-1.1997, valid_pr-0.7618
epoch-550, train_loss-0.0808, train_rmse-0.2842, valid_rmse-1.2007, valid_pr-0.7609
epoch-551, train_loss-0.0828, train_rmse-0.2878, valid_rmse-1.2016, valid_pr-0.7623
epoch-552, train_loss-0.0846, train_rmse-0.2908, valid_rmse-1.2011, valid_pr-0.7626
epoch-553, train_loss-0.0764, train_rmse-0.2764, valid_rmse-1.1996, valid_pr-0.7614
epoch-554, train_loss-0.0789, train_rmse-0.2810, valid_rmse-1.2059, valid_pr-0.7616
epoch-555, train_loss-0.0856, train_rmse-0.2925, valid_rmse-1.2024, valid_pr-0.7625
epoch-556, train_loss-0.0802, train_rmse-0.2832, valid_rmse-1.1989, valid_pr-0.7622
epoch-557, train_loss-0.0787, train_rmse-0.2806, valid_rmse-1.1981, valid_pr-0.7618
epoch-558, train_loss-0.0811, train_rmse-0.2848, valid_rmse-1.2010, valid_pr-0.7613
epoch-559, train_loss-0.0823, train_rmse-0.2869, valid_rmse-1.1998, valid_pr-0.7615
epoch-560, train_loss-0.0828, train_rmse-0.2878, valid_rmse-1.2000, valid_pr-0.7613
epoch-561, train_loss-0.0816, train_rmse-0.2856, valid_rmse-1.1996, valid_pr-0.7612
epoch-562, train_loss-0.0887, train_rmse-0.2978, valid_rmse-1.1978, valid_pr-0.7621
epoch-563, train_loss-0.0804, train_rmse-0.2835, valid_rmse-1.2023, valid_pr-0.7621
epoch-564, train_loss-0.0826, train_rmse-0.2874, valid_rmse-1.2018, valid_pr-0.7614
epoch-565, train_loss-0.0806, train_rmse-0.2838, valid_rmse-1.2002, valid_pr-0.7627
epoch-566, train_loss-0.0758, train_rmse-0.2753, valid_rmse-1.1946, valid_pr-0.7632
Validation : valid_rmse-1.1946, valid_pr-0.7632, 
test2013_rmse-1.2634, test2013_pr-0.8563, test2016_rmse-1.1025, test2016_pr-0.8692, test2019_rmse-1.3507, test2019_pr-0.6603
epoch-567, train_loss-0.0934, train_rmse-0.3057, valid_rmse-1.2040, valid_pr-0.7628
epoch-568, train_loss-0.0786, train_rmse-0.2804, valid_rmse-1.1957, valid_pr-0.7632
epoch-569, train_loss-0.0782, train_rmse-0.2796, valid_rmse-1.1970, valid_pr-0.7638
epoch-570, train_loss-0.0859, train_rmse-0.2930, valid_rmse-1.1957, valid_pr-0.7632
epoch-571, train_loss-0.0873, train_rmse-0.2955, valid_rmse-1.2007, valid_pr-0.7622
epoch-572, train_loss-0.0855, train_rmse-0.2923, valid_rmse-1.2036, valid_pr-0.7617
epoch-573, train_loss-0.0832, train_rmse-0.2884, valid_rmse-1.1992, valid_pr-0.7623
epoch-574, train_loss-0.0874, train_rmse-0.2957, valid_rmse-1.2012, valid_pr-0.7621
epoch-575, train_loss-0.0811, train_rmse-0.2848, valid_rmse-1.2009, valid_pr-0.7625
epoch-576, train_loss-0.0801, train_rmse-0.2831, valid_rmse-1.2071, valid_pr-0.7619
epoch-577, train_loss-0.0834, train_rmse-0.2887, valid_rmse-1.1999, valid_pr-0.7632
epoch-578, train_loss-0.0756, train_rmse-0.2749, valid_rmse-1.2013, valid_pr-0.7622
epoch-579, train_loss-0.0826, train_rmse-0.2873, valid_rmse-1.2028, valid_pr-0.7622
epoch-580, train_loss-0.0804, train_rmse-0.2835, valid_rmse-1.1972, valid_pr-0.7631
epoch-581, train_loss-0.0812, train_rmse-0.2849, valid_rmse-1.2007, valid_pr-0.7629
epoch-582, train_loss-0.0879, train_rmse-0.2965, valid_rmse-1.1965, valid_pr-0.7632
epoch-583, train_loss-0.0737, train_rmse-0.2715, valid_rmse-1.2011, valid_pr-0.7621
epoch-584, train_loss-0.0724, train_rmse-0.2690, valid_rmse-1.1984, valid_pr-0.7634
epoch-585, train_loss-0.0748, train_rmse-0.2735, valid_rmse-1.1986, valid_pr-0.7635
epoch-586, train_loss-0.0825, train_rmse-0.2872, valid_rmse-1.1980, valid_pr-0.7633
epoch-587, train_loss-0.0795, train_rmse-0.2820, valid_rmse-1.2004, valid_pr-0.7624
epoch-588, train_loss-0.0855, train_rmse-0.2924, valid_rmse-1.2010, valid_pr-0.7634
epoch-589, train_loss-0.0901, train_rmse-0.3002, valid_rmse-1.2048, valid_pr-0.7637
epoch-590, train_loss-0.0782, train_rmse-0.2797, valid_rmse-1.1996, valid_pr-0.7636
epoch-591, train_loss-0.0823, train_rmse-0.2869, valid_rmse-1.1992, valid_pr-0.7616
epoch-592, train_loss-0.0775, train_rmse-0.2784, valid_rmse-1.1959, valid_pr-0.7629
epoch-593, train_loss-0.0844, train_rmse-0.2906, valid_rmse-1.1999, valid_pr-0.7620
epoch-594, train_loss-0.0867, train_rmse-0.2945, valid_rmse-1.1995, valid_pr-0.7628
epoch-595, train_loss-0.0803, train_rmse-0.2833, valid_rmse-1.1974, valid_pr-0.7632
epoch-596, train_loss-0.0808, train_rmse-0.2843, valid_rmse-1.1988, valid_pr-0.7630
epoch-597, train_loss-0.0769, train_rmse-0.2774, valid_rmse-1.1962, valid_pr-0.7625
epoch-598, train_loss-0.0816, train_rmse-0.2856, valid_rmse-1.1973, valid_pr-0.7637
epoch-599, train_loss-0.0801, train_rmse-0.2831, valid_rmse-1.1940, valid_pr-0.7638
Validation : valid_rmse-1.1940, valid_pr-0.7638, 
test2013_rmse-1.2701, test2013_pr-0.8573, test2016_rmse-1.1106, test2016_pr-0.8694, test2019_rmse-1.3490, test2019_pr-0.6594
epoch-600, train_loss-0.0774, train_rmse-0.2783, valid_rmse-1.2001, valid_pr-0.7635
epoch-601, train_loss-0.0810, train_rmse-0.2846, valid_rmse-1.1973, valid_pr-0.7630
epoch-602, train_loss-0.0839, train_rmse-0.2897, valid_rmse-1.1965, valid_pr-0.7626
epoch-603, train_loss-0.0794, train_rmse-0.2818, valid_rmse-1.1961, valid_pr-0.7634
epoch-604, train_loss-0.0734, train_rmse-0.2709, valid_rmse-1.1955, valid_pr-0.7638
epoch-605, train_loss-0.0801, train_rmse-0.2831, valid_rmse-1.1981, valid_pr-0.7638
epoch-606, train_loss-0.0779, train_rmse-0.2790, valid_rmse-1.2015, valid_pr-0.7625
epoch-607, train_loss-0.0844, train_rmse-0.2906, valid_rmse-1.2044, valid_pr-0.7623
epoch-608, train_loss-0.0782, train_rmse-0.2796, valid_rmse-1.2008, valid_pr-0.7625
epoch-609, train_loss-0.0787, train_rmse-0.2805, valid_rmse-1.2001, valid_pr-0.7624
epoch-610, train_loss-0.0745, train_rmse-0.2729, valid_rmse-1.1975, valid_pr-0.7627
epoch-611, train_loss-0.0738, train_rmse-0.2717, valid_rmse-1.2009, valid_pr-0.7630
epoch-612, train_loss-0.0850, train_rmse-0.2916, valid_rmse-1.2001, valid_pr-0.7625
epoch-613, train_loss-0.0746, train_rmse-0.2730, valid_rmse-1.1976, valid_pr-0.7633
epoch-614, train_loss-0.0874, train_rmse-0.2957, valid_rmse-1.2026, valid_pr-0.7630
epoch-615, train_loss-0.0782, train_rmse-0.2797, valid_rmse-1.1977, valid_pr-0.7632
epoch-616, train_loss-0.0773, train_rmse-0.2780, valid_rmse-1.2035, valid_pr-0.7614
epoch-617, train_loss-0.0792, train_rmse-0.2815, valid_rmse-1.1968, valid_pr-0.7640
epoch-618, train_loss-0.0760, train_rmse-0.2757, valid_rmse-1.2028, valid_pr-0.7625
epoch-619, train_loss-0.0866, train_rmse-0.2943, valid_rmse-1.1968, valid_pr-0.7625
epoch-620, train_loss-0.0755, train_rmse-0.2747, valid_rmse-1.1975, valid_pr-0.7636
epoch-621, train_loss-0.0809, train_rmse-0.2845, valid_rmse-1.2014, valid_pr-0.7620
epoch-622, train_loss-0.0821, train_rmse-0.2866, valid_rmse-1.2008, valid_pr-0.7635
epoch-623, train_loss-0.0897, train_rmse-0.2995, valid_rmse-1.1932, valid_pr-0.7636
Validation : valid_rmse-1.1932, valid_pr-0.7636, 
test2013_rmse-1.2779, test2013_pr-0.8527, test2016_rmse-1.1099, test2016_pr-0.8679, test2019_rmse-1.3484, test2019_pr-0.6602
epoch-624, train_loss-0.0866, train_rmse-0.2942, valid_rmse-1.1972, valid_pr-0.7630
epoch-625, train_loss-0.0801, train_rmse-0.2831, valid_rmse-1.1971, valid_pr-0.7634
epoch-626, train_loss-0.0902, train_rmse-0.3003, valid_rmse-1.1960, valid_pr-0.7631
epoch-627, train_loss-0.0857, train_rmse-0.2927, valid_rmse-1.1922, valid_pr-0.7643
Validation : valid_rmse-1.1922, valid_pr-0.7643, 
test2013_rmse-1.2728, test2013_pr-0.8537, test2016_rmse-1.1060, test2016_pr-0.8681, test2019_rmse-1.3474, test2019_pr-0.6619
epoch-628, train_loss-0.0850, train_rmse-0.2916, valid_rmse-1.1974, valid_pr-0.7634
epoch-629, train_loss-0.0803, train_rmse-0.2834, valid_rmse-1.1947, valid_pr-0.7635
epoch-630, train_loss-0.0772, train_rmse-0.2778, valid_rmse-1.1950, valid_pr-0.7644
epoch-631, train_loss-0.0797, train_rmse-0.2824, valid_rmse-1.1954, valid_pr-0.7629
epoch-632, train_loss-0.0765, train_rmse-0.2765, valid_rmse-1.2007, valid_pr-0.7635
epoch-633, train_loss-0.0854, train_rmse-0.2922, valid_rmse-1.1957, valid_pr-0.7639
epoch-634, train_loss-0.0798, train_rmse-0.2825, valid_rmse-1.1941, valid_pr-0.7636
epoch-635, train_loss-0.0853, train_rmse-0.2920, valid_rmse-1.1947, valid_pr-0.7641
epoch-636, train_loss-0.0877, train_rmse-0.2961, valid_rmse-1.1925, valid_pr-0.7643
epoch-637, train_loss-0.0803, train_rmse-0.2834, valid_rmse-1.1977, valid_pr-0.7629
epoch-638, train_loss-0.0890, train_rmse-0.2983, valid_rmse-1.2072, valid_pr-0.7639
epoch-639, train_loss-0.0832, train_rmse-0.2884, valid_rmse-1.1976, valid_pr-0.7632
epoch-640, train_loss-0.0807, train_rmse-0.2841, valid_rmse-1.1974, valid_pr-0.7630
epoch-641, train_loss-0.0823, train_rmse-0.2869, valid_rmse-1.1973, valid_pr-0.7626
epoch-642, train_loss-0.0800, train_rmse-0.2829, valid_rmse-1.1970, valid_pr-0.7622
epoch-643, train_loss-0.0801, train_rmse-0.2831, valid_rmse-1.2006, valid_pr-0.7629
epoch-644, train_loss-0.0777, train_rmse-0.2787, valid_rmse-1.1996, valid_pr-0.7634
epoch-645, train_loss-0.0811, train_rmse-0.2848, valid_rmse-1.1974, valid_pr-0.7635
epoch-646, train_loss-0.0780, train_rmse-0.2792, valid_rmse-1.1945, valid_pr-0.7635
epoch-647, train_loss-0.0795, train_rmse-0.2820, valid_rmse-1.1964, valid_pr-0.7637
epoch-648, train_loss-0.0808, train_rmse-0.2843, valid_rmse-1.1978, valid_pr-0.7634
epoch-649, train_loss-0.0762, train_rmse-0.2761, valid_rmse-1.1963, valid_pr-0.7630
epoch-650, train_loss-0.0870, train_rmse-0.2949, valid_rmse-1.1933, valid_pr-0.7638
epoch-651, train_loss-0.0843, train_rmse-0.2903, valid_rmse-1.1976, valid_pr-0.7645
epoch-652, train_loss-0.0828, train_rmse-0.2877, valid_rmse-1.1963, valid_pr-0.7625
epoch-653, train_loss-0.0786, train_rmse-0.2803, valid_rmse-1.1965, valid_pr-0.7629
epoch-654, train_loss-0.0787, train_rmse-0.2806, valid_rmse-1.1955, valid_pr-0.7630
epoch-655, train_loss-0.0838, train_rmse-0.2895, valid_rmse-1.1957, valid_pr-0.7637
epoch-656, train_loss-0.0834, train_rmse-0.2888, valid_rmse-1.2009, valid_pr-0.7624
epoch-657, train_loss-0.0775, train_rmse-0.2784, valid_rmse-1.1985, valid_pr-0.7629
epoch-658, train_loss-0.0842, train_rmse-0.2901, valid_rmse-1.1981, valid_pr-0.7634
epoch-659, train_loss-0.0836, train_rmse-0.2891, valid_rmse-1.1977, valid_pr-0.7627
epoch-660, train_loss-0.0808, train_rmse-0.2843, valid_rmse-1.1945, valid_pr-0.7635
epoch-661, train_loss-0.0735, train_rmse-0.2711, valid_rmse-1.1999, valid_pr-0.7629
epoch-662, train_loss-0.0748, train_rmse-0.2735, valid_rmse-1.1945, valid_pr-0.7636
epoch-663, train_loss-0.0801, train_rmse-0.2830, valid_rmse-1.1987, valid_pr-0.7624
epoch-664, train_loss-0.0844, train_rmse-0.2905, valid_rmse-1.1960, valid_pr-0.7640
epoch-665, train_loss-0.0888, train_rmse-0.2979, valid_rmse-1.1972, valid_pr-0.7629
epoch-666, train_loss-0.0790, train_rmse-0.2811, valid_rmse-1.1977, valid_pr-0.7636
epoch-667, train_loss-0.0779, train_rmse-0.2790, valid_rmse-1.1968, valid_pr-0.7634
epoch-668, train_loss-0.0776, train_rmse-0.2785, valid_rmse-1.1991, valid_pr-0.7626
epoch-669, train_loss-0.0754, train_rmse-0.2747, valid_rmse-1.1980, valid_pr-0.7624
epoch-670, train_loss-0.0751, train_rmse-0.2740, valid_rmse-1.1957, valid_pr-0.7631
epoch-671, train_loss-0.0892, train_rmse-0.2987, valid_rmse-1.1987, valid_pr-0.7628
epoch-672, train_loss-0.0788, train_rmse-0.2808, valid_rmse-1.1948, valid_pr-0.7635
epoch-673, train_loss-0.0791, train_rmse-0.2812, valid_rmse-1.1999, valid_pr-0.7628
epoch-674, train_loss-0.0721, train_rmse-0.2684, valid_rmse-1.1953, valid_pr-0.7631
epoch-675, train_loss-0.0809, train_rmse-0.2844, valid_rmse-1.1944, valid_pr-0.7632
epoch-676, train_loss-0.0784, train_rmse-0.2799, valid_rmse-1.1939, valid_pr-0.7632
epoch-677, train_loss-0.0821, train_rmse-0.2865, valid_rmse-1.2003, valid_pr-0.7632
epoch-678, train_loss-0.0828, train_rmse-0.2878, valid_rmse-1.1981, valid_pr-0.7636
epoch-679, train_loss-0.0824, train_rmse-0.2871, valid_rmse-1.1977, valid_pr-0.7631
epoch-680, train_loss-0.0850, train_rmse-0.2916, valid_rmse-1.2023, valid_pr-0.7628
epoch-681, train_loss-0.0782, train_rmse-0.2797, valid_rmse-1.1996, valid_pr-0.7621
epoch-682, train_loss-0.0862, train_rmse-0.2937, valid_rmse-1.1980, valid_pr-0.7630
epoch-683, train_loss-0.0733, train_rmse-0.2708, valid_rmse-1.1981, valid_pr-0.7625
epoch-684, train_loss-0.0765, train_rmse-0.2765, valid_rmse-1.1973, valid_pr-0.7626
epoch-685, train_loss-0.0782, train_rmse-0.2796, valid_rmse-1.1972, valid_pr-0.7630
epoch-686, train_loss-0.0724, train_rmse-0.2692, valid_rmse-1.1978, valid_pr-0.7624
epoch-687, train_loss-0.0723, train_rmse-0.2690, valid_rmse-1.1998, valid_pr-0.7625
epoch-688, train_loss-0.0843, train_rmse-0.2904, valid_rmse-1.1992, valid_pr-0.7632
epoch-689, train_loss-0.0848, train_rmse-0.2911, valid_rmse-1.2012, valid_pr-0.7626
epoch-690, train_loss-0.0694, train_rmse-0.2634, valid_rmse-1.1992, valid_pr-0.7628
epoch-691, train_loss-0.0804, train_rmse-0.2835, valid_rmse-1.2035, valid_pr-0.7636
epoch-692, train_loss-0.0725, train_rmse-0.2693, valid_rmse-1.1983, valid_pr-0.7637
epoch-693, train_loss-0.0727, train_rmse-0.2696, valid_rmse-1.1980, valid_pr-0.7627
epoch-694, train_loss-0.0715, train_rmse-0.2675, valid_rmse-1.2038, valid_pr-0.7627
epoch-695, train_loss-0.0785, train_rmse-0.2802, valid_rmse-1.1987, valid_pr-0.7625
epoch-696, train_loss-0.0873, train_rmse-0.2955, valid_rmse-1.1986, valid_pr-0.7622
epoch-697, train_loss-0.0820, train_rmse-0.2863, valid_rmse-1.1988, valid_pr-0.7624
epoch-698, train_loss-0.0760, train_rmse-0.2757, valid_rmse-1.1969, valid_pr-0.7628
epoch-699, train_loss-0.0848, train_rmse-0.2912, valid_rmse-1.1973, valid_pr-0.7632
epoch-700, train_loss-0.0732, train_rmse-0.2706, valid_rmse-1.1994, valid_pr-0.7629
epoch-701, train_loss-0.0765, train_rmse-0.2765, valid_rmse-1.1997, valid_pr-0.7629
epoch-702, train_loss-0.0759, train_rmse-0.2755, valid_rmse-1.1990, valid_pr-0.7632
epoch-703, train_loss-0.0814, train_rmse-0.2854, valid_rmse-1.2012, valid_pr-0.7629
epoch-704, train_loss-0.0777, train_rmse-0.2787, valid_rmse-1.1959, valid_pr-0.7636
epoch-705, train_loss-0.0777, train_rmse-0.2787, valid_rmse-1.2002, valid_pr-0.7639
epoch-706, train_loss-0.0808, train_rmse-0.2842, valid_rmse-1.2017, valid_pr-0.7638
epoch-707, train_loss-0.0792, train_rmse-0.2814, valid_rmse-1.1941, valid_pr-0.7632
epoch-708, train_loss-0.0808, train_rmse-0.2842, valid_rmse-1.1985, valid_pr-0.7626
epoch-709, train_loss-0.0743, train_rmse-0.2726, valid_rmse-1.1963, valid_pr-0.7630
epoch-710, train_loss-0.0840, train_rmse-0.2899, valid_rmse-1.1955, valid_pr-0.7639
epoch-711, train_loss-0.0870, train_rmse-0.2949, valid_rmse-1.1971, valid_pr-0.7632
epoch-712, train_loss-0.0780, train_rmse-0.2793, valid_rmse-1.1991, valid_pr-0.7625
epoch-713, train_loss-0.0806, train_rmse-0.2839, valid_rmse-1.1989, valid_pr-0.7622
epoch-714, train_loss-0.0734, train_rmse-0.2709, valid_rmse-1.1969, valid_pr-0.7632
epoch-715, train_loss-0.0837, train_rmse-0.2893, valid_rmse-1.1971, valid_pr-0.7635
epoch-716, train_loss-0.0841, train_rmse-0.2900, valid_rmse-1.1974, valid_pr-0.7633
epoch-717, train_loss-0.0771, train_rmse-0.2776, valid_rmse-1.1999, valid_pr-0.7632
epoch-718, train_loss-0.0870, train_rmse-0.2950, valid_rmse-1.1947, valid_pr-0.7632
epoch-719, train_loss-0.0755, train_rmse-0.2748, valid_rmse-1.1961, valid_pr-0.7638
epoch-720, train_loss-0.0758, train_rmse-0.2753, valid_rmse-1.1947, valid_pr-0.7637
epoch-721, train_loss-0.0727, train_rmse-0.2695, valid_rmse-1.1974, valid_pr-0.7634
epoch-722, train_loss-0.0734, train_rmse-0.2710, valid_rmse-1.1993, valid_pr-0.7623
epoch-723, train_loss-0.0813, train_rmse-0.2851, valid_rmse-1.2002, valid_pr-0.7629
epoch-724, train_loss-0.0725, train_rmse-0.2692, valid_rmse-1.1996, valid_pr-0.7631
epoch-725, train_loss-0.0752, train_rmse-0.2742, valid_rmse-1.1956, valid_pr-0.7636
epoch-726, train_loss-0.0845, train_rmse-0.2907, valid_rmse-1.1985, valid_pr-0.7640
epoch-727, train_loss-0.0792, train_rmse-0.2815, valid_rmse-1.1974, valid_pr-0.7633
epoch-728, train_loss-0.0745, train_rmse-0.2730, valid_rmse-1.1991, valid_pr-0.7627
early stop in epoch 728
best_rmse: 1.1922
valid_rmse-1.1922, valid_pr-0.7643, test2013_rmse-1.2728, test2013_pr-0.8537, test2016_rmse-1.1060, test2016_pr-0.8681, test2019_rmse-1.3474, test2019_pr-0.6619
