ours-lrs-0.001-abl-g-s, lr=0.001, seed=233
train_GIGN.py
train data: 11904
valid data: 1000
test2013 data: 107
test2016 data: 285
test2019 data: 4366
GIGN params # : 1018369
epoch-0, train_loss-18.2128, train_rmse-4.2676, valid_rmse-2.3971, valid_pr-0.2499
Validation : valid_rmse-2.3971, valid_pr-0.2499, 
test2013_rmse-2.0687, test2013_pr-0.5250, test2016_rmse-2.1947, test2016_pr-0.4001, test2019_rmse-2.3899, test2019_pr-0.1865
epoch-1, train_loss-4.0451, train_rmse-2.0112, valid_rmse-1.8856, valid_pr-0.4622
Validation : valid_rmse-1.8856, valid_pr-0.4622, 
test2013_rmse-1.7735, test2013_pr-0.6530, test2016_rmse-1.7059, test2016_pr-0.6310, test2019_rmse-1.8508, test2019_pr-0.4376
epoch-2, train_loss-2.9574, train_rmse-1.7197, valid_rmse-2.5648, valid_pr-0.5058
epoch-3, train_loss-2.6279, train_rmse-1.6211, valid_rmse-1.9801, valid_pr-0.5340
epoch-4, train_loss-2.3704, train_rmse-1.5396, valid_rmse-2.0588, valid_pr-0.5645
epoch-5, train_loss-2.2354, train_rmse-1.4951, valid_rmse-1.5848, valid_pr-0.5961
Validation : valid_rmse-1.5848, valid_pr-0.5961, 
test2013_rmse-1.5389, test2013_pr-0.7507, test2016_rmse-1.4455, test2016_pr-0.7478, test2019_rmse-1.5763, test2019_pr-0.5692
epoch-6, train_loss-1.9831, train_rmse-1.4082, valid_rmse-1.6100, valid_pr-0.6036
epoch-7, train_loss-1.9688, train_rmse-1.4031, valid_rmse-1.6812, valid_pr-0.6226
epoch-8, train_loss-1.8690, train_rmse-1.3671, valid_rmse-1.5412, valid_pr-0.6238
Validation : valid_rmse-1.5412, valid_pr-0.6238, 
test2013_rmse-1.6543, test2013_pr-0.7080, test2016_rmse-1.4982, test2016_pr-0.7323, test2019_rmse-1.6139, test2019_pr-0.5778
epoch-9, train_loss-1.7234, train_rmse-1.3128, valid_rmse-1.6253, valid_pr-0.6203
epoch-10, train_loss-1.5998, train_rmse-1.2648, valid_rmse-1.4320, valid_pr-0.6676
Validation : valid_rmse-1.4320, valid_pr-0.6676, 
test2013_rmse-1.6419, test2013_pr-0.7241, test2016_rmse-1.4449, test2016_pr-0.7692, test2019_rmse-1.5046, test2019_pr-0.5977
epoch-11, train_loss-1.5457, train_rmse-1.2433, valid_rmse-1.9480, valid_pr-0.6501
epoch-12, train_loss-1.4781, train_rmse-1.2158, valid_rmse-1.4681, valid_pr-0.6780
epoch-13, train_loss-1.3979, train_rmse-1.1823, valid_rmse-1.4705, valid_pr-0.6529
epoch-14, train_loss-1.4322, train_rmse-1.1967, valid_rmse-1.5353, valid_pr-0.6255
epoch-15, train_loss-1.2277, train_rmse-1.1080, valid_rmse-1.6868, valid_pr-0.6609
epoch-16, train_loss-1.2115, train_rmse-1.1007, valid_rmse-1.5370, valid_pr-0.6274
epoch-17, train_loss-1.1727, train_rmse-1.0829, valid_rmse-1.9118, valid_pr-0.6267
epoch-18, train_loss-1.1084, train_rmse-1.0528, valid_rmse-1.7004, valid_pr-0.6597
epoch-19, train_loss-1.0209, train_rmse-1.0104, valid_rmse-1.4932, valid_pr-0.6651
epoch-20, train_loss-0.9816, train_rmse-0.9908, valid_rmse-1.6254, valid_pr-0.6841
epoch-21, train_loss-0.9582, train_rmse-0.9789, valid_rmse-1.3983, valid_pr-0.6735
Validation : valid_rmse-1.3983, valid_pr-0.6735, 
test2013_rmse-1.6172, test2013_pr-0.7216, test2016_rmse-1.4033, test2016_pr-0.7665, test2019_rmse-1.5207, test2019_pr-0.5800
epoch-22, train_loss-0.8523, train_rmse-0.9232, valid_rmse-1.7048, valid_pr-0.6800
epoch-23, train_loss-0.8423, train_rmse-0.9178, valid_rmse-1.3937, valid_pr-0.6902
Validation : valid_rmse-1.3937, valid_pr-0.6902, 
test2013_rmse-1.5505, test2013_pr-0.7629, test2016_rmse-1.3916, test2016_pr-0.7828, test2019_rmse-1.5102, test2019_pr-0.5948
epoch-24, train_loss-0.8177, train_rmse-0.9043, valid_rmse-1.3937, valid_pr-0.6824
Validation : valid_rmse-1.3937, valid_pr-0.6824, 
test2013_rmse-1.5278, test2013_pr-0.7611, test2016_rmse-1.3271, test2016_pr-0.7964, test2019_rmse-1.5373, test2019_pr-0.5701
epoch-25, train_loss-0.7852, train_rmse-0.8861, valid_rmse-1.6386, valid_pr-0.6684
epoch-26, train_loss-0.7789, train_rmse-0.8825, valid_rmse-1.5731, valid_pr-0.6435
epoch-27, train_loss-0.7230, train_rmse-0.8503, valid_rmse-1.4501, valid_pr-0.6783
epoch-28, train_loss-0.6866, train_rmse-0.8286, valid_rmse-1.6571, valid_pr-0.6701
epoch-29, train_loss-0.6498, train_rmse-0.8061, valid_rmse-1.7820, valid_pr-0.6859
epoch-30, train_loss-0.6302, train_rmse-0.7938, valid_rmse-1.5489, valid_pr-0.6937
epoch-31, train_loss-0.6199, train_rmse-0.7873, valid_rmse-1.5196, valid_pr-0.6958
epoch-32, train_loss-0.6047, train_rmse-0.7776, valid_rmse-1.4379, valid_pr-0.6826
epoch-33, train_loss-0.5683, train_rmse-0.7538, valid_rmse-1.4776, valid_pr-0.6966
epoch-34, train_loss-0.5396, train_rmse-0.7346, valid_rmse-1.3353, valid_pr-0.7047
Validation : valid_rmse-1.3353, valid_pr-0.7047, 
test2013_rmse-1.5418, test2013_pr-0.7524, test2016_rmse-1.3995, test2016_pr-0.7665, test2019_rmse-1.5269, test2019_pr-0.5718
epoch-35, train_loss-0.5009, train_rmse-0.7077, valid_rmse-1.3900, valid_pr-0.7030
epoch-36, train_loss-0.4922, train_rmse-0.7016, valid_rmse-1.4228, valid_pr-0.6648
epoch-37, train_loss-0.5523, train_rmse-0.7432, valid_rmse-1.4516, valid_pr-0.7012
epoch-38, train_loss-0.5038, train_rmse-0.7098, valid_rmse-1.5847, valid_pr-0.6928
epoch-39, train_loss-0.4799, train_rmse-0.6927, valid_rmse-1.4250, valid_pr-0.6880
epoch-40, train_loss-0.4484, train_rmse-0.6696, valid_rmse-1.4411, valid_pr-0.7030
epoch-41, train_loss-0.4528, train_rmse-0.6729, valid_rmse-1.4360, valid_pr-0.6997
epoch-42, train_loss-0.4504, train_rmse-0.6711, valid_rmse-1.3284, valid_pr-0.7101
Validation : valid_rmse-1.3284, valid_pr-0.7101, 
test2013_rmse-1.4762, test2013_pr-0.7776, test2016_rmse-1.3260, test2016_pr-0.7921, test2019_rmse-1.5032, test2019_pr-0.5921
epoch-43, train_loss-0.4457, train_rmse-0.6676, valid_rmse-1.4223, valid_pr-0.7019
epoch-44, train_loss-0.4436, train_rmse-0.6660, valid_rmse-1.3892, valid_pr-0.7054
epoch-45, train_loss-0.4322, train_rmse-0.6574, valid_rmse-1.3716, valid_pr-0.6946
epoch-46, train_loss-0.4289, train_rmse-0.6549, valid_rmse-1.3569, valid_pr-0.7077
epoch-47, train_loss-0.3990, train_rmse-0.6316, valid_rmse-1.3530, valid_pr-0.7058
epoch-48, train_loss-0.4089, train_rmse-0.6394, valid_rmse-1.3698, valid_pr-0.7183
epoch-49, train_loss-0.4045, train_rmse-0.6360, valid_rmse-2.2736, valid_pr-0.6972
epoch-50, train_loss-0.4221, train_rmse-0.6497, valid_rmse-1.6150, valid_pr-0.6931
epoch-51, train_loss-0.3875, train_rmse-0.6225, valid_rmse-1.3558, valid_pr-0.6988
epoch-52, train_loss-0.3920, train_rmse-0.6261, valid_rmse-1.5609, valid_pr-0.7029
epoch-53, train_loss-0.3681, train_rmse-0.6067, valid_rmse-1.3544, valid_pr-0.7072
epoch-54, train_loss-0.3754, train_rmse-0.6127, valid_rmse-1.3443, valid_pr-0.7161
epoch-55, train_loss-0.3536, train_rmse-0.5946, valid_rmse-1.3703, valid_pr-0.7107
epoch-56, train_loss-0.3755, train_rmse-0.6128, valid_rmse-1.3810, valid_pr-0.7214
epoch-57, train_loss-0.3399, train_rmse-0.5830, valid_rmse-1.3280, valid_pr-0.7218
Validation : valid_rmse-1.3280, valid_pr-0.7218, 
test2013_rmse-1.4013, test2013_pr-0.8010, test2016_rmse-1.2891, test2016_pr-0.8100, test2019_rmse-1.5033, test2019_pr-0.6122
epoch-58, train_loss-0.3556, train_rmse-0.5963, valid_rmse-1.3807, valid_pr-0.7147
epoch-59, train_loss-0.3473, train_rmse-0.5893, valid_rmse-1.4271, valid_pr-0.7197
epoch-60, train_loss-0.3446, train_rmse-0.5870, valid_rmse-1.3834, valid_pr-0.7057
epoch-61, train_loss-0.3459, train_rmse-0.5881, valid_rmse-1.3083, valid_pr-0.7153
Validation : valid_rmse-1.3083, valid_pr-0.7153, 
test2013_rmse-1.4706, test2013_pr-0.7822, test2016_rmse-1.3409, test2016_pr-0.7959, test2019_rmse-1.4551, test2019_pr-0.6155
epoch-62, train_loss-0.3366, train_rmse-0.5801, valid_rmse-1.3891, valid_pr-0.7161
epoch-63, train_loss-0.3535, train_rmse-0.5946, valid_rmse-1.3307, valid_pr-0.7138
epoch-64, train_loss-0.3268, train_rmse-0.5717, valid_rmse-1.3818, valid_pr-0.7173
epoch-65, train_loss-0.3384, train_rmse-0.5817, valid_rmse-1.4362, valid_pr-0.7180
epoch-66, train_loss-0.3130, train_rmse-0.5595, valid_rmse-1.8897, valid_pr-0.7164
epoch-67, train_loss-0.3293, train_rmse-0.5739, valid_rmse-1.5280, valid_pr-0.7230
epoch-68, train_loss-0.3065, train_rmse-0.5536, valid_rmse-1.3204, valid_pr-0.7266
epoch-69, train_loss-0.3095, train_rmse-0.5563, valid_rmse-1.3820, valid_pr-0.6926
epoch-70, train_loss-0.3303, train_rmse-0.5747, valid_rmse-1.3539, valid_pr-0.7205
epoch-71, train_loss-0.3205, train_rmse-0.5661, valid_rmse-1.3704, valid_pr-0.7095
epoch-72, train_loss-0.3126, train_rmse-0.5591, valid_rmse-1.5324, valid_pr-0.7219
epoch-73, train_loss-0.2804, train_rmse-0.5295, valid_rmse-1.2984, valid_pr-0.7186
Validation : valid_rmse-1.2984, valid_pr-0.7186, 
test2013_rmse-1.4444, test2013_pr-0.7956, test2016_rmse-1.2947, test2016_pr-0.8074, test2019_rmse-1.4574, test2019_pr-0.6027
epoch-74, train_loss-0.2913, train_rmse-0.5398, valid_rmse-1.4240, valid_pr-0.7187
epoch-75, train_loss-0.2872, train_rmse-0.5359, valid_rmse-1.4073, valid_pr-0.7194
epoch-76, train_loss-0.2865, train_rmse-0.5353, valid_rmse-1.3285, valid_pr-0.7200
epoch-77, train_loss-0.3023, train_rmse-0.5499, valid_rmse-1.3053, valid_pr-0.7300
epoch-78, train_loss-0.2793, train_rmse-0.5285, valid_rmse-1.3457, valid_pr-0.7211
epoch-79, train_loss-0.3036, train_rmse-0.5510, valid_rmse-1.3503, valid_pr-0.7262
epoch-80, train_loss-0.2863, train_rmse-0.5351, valid_rmse-1.3023, valid_pr-0.7183
epoch-81, train_loss-0.2880, train_rmse-0.5366, valid_rmse-1.2916, valid_pr-0.7263
Validation : valid_rmse-1.2916, valid_pr-0.7263, 
test2013_rmse-1.3815, test2013_pr-0.8168, test2016_rmse-1.2672, test2016_pr-0.8174, test2019_rmse-1.4538, test2019_pr-0.6103
epoch-82, train_loss-0.2800, train_rmse-0.5291, valid_rmse-1.3242, valid_pr-0.7223
epoch-83, train_loss-0.2650, train_rmse-0.5148, valid_rmse-1.2786, valid_pr-0.7288
Validation : valid_rmse-1.2786, valid_pr-0.7288, 
test2013_rmse-1.4344, test2013_pr-0.7953, test2016_rmse-1.2831, test2016_pr-0.8143, test2019_rmse-1.4576, test2019_pr-0.6077
epoch-84, train_loss-0.2752, train_rmse-0.5246, valid_rmse-1.3061, valid_pr-0.7230
epoch-85, train_loss-0.2737, train_rmse-0.5232, valid_rmse-1.3065, valid_pr-0.7216
epoch-86, train_loss-0.2742, train_rmse-0.5236, valid_rmse-1.3372, valid_pr-0.7213
epoch-87, train_loss-0.2622, train_rmse-0.5120, valid_rmse-1.2851, valid_pr-0.7286
epoch-88, train_loss-0.2522, train_rmse-0.5022, valid_rmse-1.4421, valid_pr-0.7236
epoch-89, train_loss-0.2665, train_rmse-0.5163, valid_rmse-1.5286, valid_pr-0.7195
epoch-90, train_loss-0.2692, train_rmse-0.5188, valid_rmse-1.3857, valid_pr-0.7082
epoch-91, train_loss-0.2623, train_rmse-0.5121, valid_rmse-1.5668, valid_pr-0.7230
epoch-92, train_loss-0.2431, train_rmse-0.4931, valid_rmse-1.3723, valid_pr-0.7244
epoch-93, train_loss-0.2564, train_rmse-0.5064, valid_rmse-1.2918, valid_pr-0.7246
epoch-94, train_loss-0.2511, train_rmse-0.5011, valid_rmse-1.4584, valid_pr-0.7207
epoch-95, train_loss-0.2455, train_rmse-0.4955, valid_rmse-1.3120, valid_pr-0.7226
epoch-96, train_loss-0.2416, train_rmse-0.4915, valid_rmse-1.2830, valid_pr-0.7261
epoch-97, train_loss-0.2669, train_rmse-0.5166, valid_rmse-1.3074, valid_pr-0.7262
epoch-98, train_loss-0.2573, train_rmse-0.5073, valid_rmse-1.2970, valid_pr-0.7261
epoch-99, train_loss-0.2311, train_rmse-0.4807, valid_rmse-1.3076, valid_pr-0.7332
epoch-100, train_loss-0.2453, train_rmse-0.4953, valid_rmse-1.3529, valid_pr-0.7238
epoch-101, train_loss-0.2433, train_rmse-0.4933, valid_rmse-1.3103, valid_pr-0.7116
epoch-102, train_loss-0.2450, train_rmse-0.4950, valid_rmse-1.3134, valid_pr-0.7315
epoch-103, train_loss-0.2313, train_rmse-0.4809, valid_rmse-1.3051, valid_pr-0.7269
epoch-104, train_loss-0.2420, train_rmse-0.4919, valid_rmse-1.3218, valid_pr-0.7205
epoch-105, train_loss-0.2355, train_rmse-0.4852, valid_rmse-1.3013, valid_pr-0.7301
epoch-106, train_loss-0.2449, train_rmse-0.4949, valid_rmse-1.3149, valid_pr-0.7317
epoch-107, train_loss-0.2451, train_rmse-0.4951, valid_rmse-1.3525, valid_pr-0.7297
epoch-108, train_loss-0.2191, train_rmse-0.4680, valid_rmse-1.3208, valid_pr-0.7192
epoch-109, train_loss-0.2262, train_rmse-0.4756, valid_rmse-1.2817, valid_pr-0.7325
epoch-110, train_loss-0.2161, train_rmse-0.4649, valid_rmse-1.3097, valid_pr-0.7260
epoch-111, train_loss-0.2362, train_rmse-0.4860, valid_rmse-1.3094, valid_pr-0.7368
epoch-112, train_loss-0.2367, train_rmse-0.4865, valid_rmse-1.2858, valid_pr-0.7358
epoch-113, train_loss-0.2197, train_rmse-0.4688, valid_rmse-1.2902, valid_pr-0.7304
epoch-114, train_loss-0.2211, train_rmse-0.4702, valid_rmse-1.3371, valid_pr-0.7335
epoch-115, train_loss-0.2123, train_rmse-0.4607, valid_rmse-1.3188, valid_pr-0.7206
epoch-116, train_loss-0.2035, train_rmse-0.4511, valid_rmse-1.2800, valid_pr-0.7308
epoch-117, train_loss-0.2113, train_rmse-0.4597, valid_rmse-1.2984, valid_pr-0.7292
epoch-118, train_loss-0.2281, train_rmse-0.4776, valid_rmse-1.4391, valid_pr-0.7311
epoch-119, train_loss-0.2364, train_rmse-0.4862, valid_rmse-1.2947, valid_pr-0.7306
epoch-120, train_loss-0.2116, train_rmse-0.4600, valid_rmse-1.2821, valid_pr-0.7276
epoch-121, train_loss-0.2050, train_rmse-0.4527, valid_rmse-1.2805, valid_pr-0.7287
epoch-122, train_loss-0.2240, train_rmse-0.4733, valid_rmse-1.2782, valid_pr-0.7375
Validation : valid_rmse-1.2782, valid_pr-0.7375, 
test2013_rmse-1.3321, test2013_pr-0.8253, test2016_rmse-1.2212, test2016_pr-0.8275, test2019_rmse-1.4359, test2019_pr-0.6309
epoch-123, train_loss-0.2096, train_rmse-0.4578, valid_rmse-1.3532, valid_pr-0.7273
epoch-124, train_loss-0.2065, train_rmse-0.4545, valid_rmse-1.2803, valid_pr-0.7348
epoch-125, train_loss-0.2074, train_rmse-0.4555, valid_rmse-1.2633, valid_pr-0.7354
Validation : valid_rmse-1.2633, valid_pr-0.7354, 
test2013_rmse-1.3718, test2013_pr-0.8250, test2016_rmse-1.2240, test2016_pr-0.8362, test2019_rmse-1.4288, test2019_pr-0.6191
epoch-126, train_loss-0.2083, train_rmse-0.4564, valid_rmse-1.3739, valid_pr-0.7247
epoch-127, train_loss-0.2116, train_rmse-0.4600, valid_rmse-1.3531, valid_pr-0.7280
epoch-128, train_loss-0.2100, train_rmse-0.4583, valid_rmse-1.2473, valid_pr-0.7415
Validation : valid_rmse-1.2473, valid_pr-0.7415, 
test2013_rmse-1.3922, test2013_pr-0.8220, test2016_rmse-1.2314, test2016_pr-0.8368, test2019_rmse-1.4158, test2019_pr-0.6235
epoch-129, train_loss-0.2010, train_rmse-0.4484, valid_rmse-1.2795, valid_pr-0.7430
epoch-130, train_loss-0.1967, train_rmse-0.4435, valid_rmse-1.2929, valid_pr-0.7359
epoch-131, train_loss-0.1980, train_rmse-0.4450, valid_rmse-1.2659, valid_pr-0.7405
epoch-132, train_loss-0.2093, train_rmse-0.4575, valid_rmse-1.2531, valid_pr-0.7398
epoch-133, train_loss-0.2060, train_rmse-0.4539, valid_rmse-1.2537, valid_pr-0.7403
epoch-134, train_loss-0.2018, train_rmse-0.4492, valid_rmse-1.3345, valid_pr-0.7329
epoch-135, train_loss-0.2167, train_rmse-0.4655, valid_rmse-1.3005, valid_pr-0.7290
epoch-136, train_loss-0.1929, train_rmse-0.4392, valid_rmse-1.2618, valid_pr-0.7365
epoch-137, train_loss-0.1861, train_rmse-0.4314, valid_rmse-1.4245, valid_pr-0.7360
epoch-138, train_loss-0.1928, train_rmse-0.4391, valid_rmse-1.2582, valid_pr-0.7402
epoch-139, train_loss-0.1995, train_rmse-0.4467, valid_rmse-1.2928, valid_pr-0.7379
epoch-140, train_loss-0.1997, train_rmse-0.4469, valid_rmse-1.2582, valid_pr-0.7408
epoch-141, train_loss-0.1971, train_rmse-0.4439, valid_rmse-1.2582, valid_pr-0.7368
epoch-142, train_loss-0.1966, train_rmse-0.4434, valid_rmse-1.2791, valid_pr-0.7355
epoch-143, train_loss-0.2019, train_rmse-0.4494, valid_rmse-1.2691, valid_pr-0.7389
epoch-144, train_loss-0.2057, train_rmse-0.4535, valid_rmse-1.2565, valid_pr-0.7368
epoch-145, train_loss-0.1886, train_rmse-0.4343, valid_rmse-1.2495, valid_pr-0.7387
epoch-146, train_loss-0.1853, train_rmse-0.4305, valid_rmse-1.3154, valid_pr-0.7399
epoch-147, train_loss-0.1903, train_rmse-0.4362, valid_rmse-1.2901, valid_pr-0.7365
epoch-148, train_loss-0.1881, train_rmse-0.4337, valid_rmse-1.3157, valid_pr-0.7391
epoch-149, train_loss-0.1983, train_rmse-0.4453, valid_rmse-1.2641, valid_pr-0.7370
epoch-150, train_loss-0.1778, train_rmse-0.4217, valid_rmse-1.2521, valid_pr-0.7437
epoch-151, train_loss-0.1715, train_rmse-0.4141, valid_rmse-1.2828, valid_pr-0.7390
epoch-152, train_loss-0.1845, train_rmse-0.4295, valid_rmse-1.2878, valid_pr-0.7304
epoch-153, train_loss-0.1871, train_rmse-0.4325, valid_rmse-1.2494, valid_pr-0.7418
epoch-154, train_loss-0.1807, train_rmse-0.4251, valid_rmse-1.2973, valid_pr-0.7324
epoch-155, train_loss-0.1783, train_rmse-0.4222, valid_rmse-1.2742, valid_pr-0.7347
epoch-156, train_loss-0.1902, train_rmse-0.4361, valid_rmse-1.2782, valid_pr-0.7330
epoch-157, train_loss-0.1818, train_rmse-0.4264, valid_rmse-1.3230, valid_pr-0.7322
epoch-158, train_loss-0.1854, train_rmse-0.4306, valid_rmse-1.3884, valid_pr-0.7309
epoch-159, train_loss-0.1859, train_rmse-0.4311, valid_rmse-1.2732, valid_pr-0.7402
epoch-160, train_loss-0.1730, train_rmse-0.4159, valid_rmse-1.2440, valid_pr-0.7453
Validation : valid_rmse-1.2440, valid_pr-0.7453, 
test2013_rmse-1.3135, test2013_pr-0.8383, test2016_rmse-1.1775, test2016_pr-0.8446, test2019_rmse-1.4250, test2019_pr-0.6275
epoch-161, train_loss-0.1901, train_rmse-0.4360, valid_rmse-1.2518, valid_pr-0.7408
epoch-162, train_loss-0.1738, train_rmse-0.4169, valid_rmse-1.2515, valid_pr-0.7390
epoch-163, train_loss-0.1989, train_rmse-0.4460, valid_rmse-1.2754, valid_pr-0.7397
epoch-164, train_loss-0.1857, train_rmse-0.4310, valid_rmse-1.2755, valid_pr-0.7309
epoch-165, train_loss-0.1896, train_rmse-0.4355, valid_rmse-1.2763, valid_pr-0.7406
epoch-166, train_loss-0.1891, train_rmse-0.4348, valid_rmse-1.3582, valid_pr-0.7414
epoch-167, train_loss-0.1758, train_rmse-0.4193, valid_rmse-1.2499, valid_pr-0.7421
epoch-168, train_loss-0.1693, train_rmse-0.4114, valid_rmse-1.2546, valid_pr-0.7385
epoch-169, train_loss-0.1753, train_rmse-0.4187, valid_rmse-1.2573, valid_pr-0.7357
epoch-170, train_loss-0.1837, train_rmse-0.4286, valid_rmse-1.2836, valid_pr-0.7429
epoch-171, train_loss-0.1843, train_rmse-0.4293, valid_rmse-1.2648, valid_pr-0.7407
epoch-172, train_loss-0.1849, train_rmse-0.4300, valid_rmse-1.2497, valid_pr-0.7428
epoch-173, train_loss-0.1624, train_rmse-0.4030, valid_rmse-1.2557, valid_pr-0.7435
epoch-174, train_loss-0.1947, train_rmse-0.4412, valid_rmse-1.2403, valid_pr-0.7458
Validation : valid_rmse-1.2403, valid_pr-0.7458, 
test2013_rmse-1.3253, test2013_pr-0.8384, test2016_rmse-1.2029, test2016_pr-0.8383, test2019_rmse-1.4129, test2019_pr-0.6307
epoch-175, train_loss-0.1698, train_rmse-0.4121, valid_rmse-1.2454, valid_pr-0.7391
epoch-176, train_loss-0.1755, train_rmse-0.4189, valid_rmse-1.2707, valid_pr-0.7411
epoch-177, train_loss-0.1917, train_rmse-0.4378, valid_rmse-1.2504, valid_pr-0.7426
epoch-178, train_loss-0.1700, train_rmse-0.4123, valid_rmse-1.2482, valid_pr-0.7492
epoch-179, train_loss-0.1755, train_rmse-0.4189, valid_rmse-1.2358, valid_pr-0.7469
Validation : valid_rmse-1.2358, valid_pr-0.7469, 
test2013_rmse-1.3258, test2013_pr-0.8395, test2016_rmse-1.2142, test2016_pr-0.8360, test2019_rmse-1.4105, test2019_pr-0.6315
epoch-180, train_loss-0.1546, train_rmse-0.3932, valid_rmse-1.3118, valid_pr-0.7397
epoch-181, train_loss-0.1627, train_rmse-0.4034, valid_rmse-1.2517, valid_pr-0.7473
epoch-182, train_loss-0.1698, train_rmse-0.4120, valid_rmse-1.2411, valid_pr-0.7450
epoch-183, train_loss-0.1725, train_rmse-0.4153, valid_rmse-1.2892, valid_pr-0.7435
epoch-184, train_loss-0.1755, train_rmse-0.4189, valid_rmse-1.2207, valid_pr-0.7513
Validation : valid_rmse-1.2207, valid_pr-0.7513, 
test2013_rmse-1.3940, test2013_pr-0.8232, test2016_rmse-1.2099, test2016_pr-0.8415, test2019_rmse-1.3952, test2019_pr-0.6352
epoch-185, train_loss-0.1653, train_rmse-0.4065, valid_rmse-1.2417, valid_pr-0.7495
epoch-186, train_loss-0.1685, train_rmse-0.4104, valid_rmse-1.2428, valid_pr-0.7432
epoch-187, train_loss-0.1694, train_rmse-0.4115, valid_rmse-1.2536, valid_pr-0.7405
epoch-188, train_loss-0.1757, train_rmse-0.4192, valid_rmse-1.2632, valid_pr-0.7411
epoch-189, train_loss-0.1694, train_rmse-0.4116, valid_rmse-1.3409, valid_pr-0.7413
epoch-190, train_loss-0.1666, train_rmse-0.4082, valid_rmse-1.2287, valid_pr-0.7498
epoch-191, train_loss-0.1714, train_rmse-0.4140, valid_rmse-1.3267, valid_pr-0.7350
epoch-192, train_loss-0.1630, train_rmse-0.4037, valid_rmse-1.2724, valid_pr-0.7425
epoch-193, train_loss-0.1795, train_rmse-0.4237, valid_rmse-1.2663, valid_pr-0.7421
epoch-194, train_loss-0.1638, train_rmse-0.4047, valid_rmse-1.2537, valid_pr-0.7399
epoch-195, train_loss-0.1608, train_rmse-0.4010, valid_rmse-1.2417, valid_pr-0.7450
epoch-196, train_loss-0.1767, train_rmse-0.4203, valid_rmse-1.2544, valid_pr-0.7444
epoch-197, train_loss-0.1740, train_rmse-0.4171, valid_rmse-1.2478, valid_pr-0.7429
epoch-198, train_loss-0.1743, train_rmse-0.4175, valid_rmse-1.2290, valid_pr-0.7486
epoch-199, train_loss-0.1651, train_rmse-0.4063, valid_rmse-1.2514, valid_pr-0.7446
epoch-200, train_loss-0.1798, train_rmse-0.4241, valid_rmse-1.2700, valid_pr-0.7384
epoch-201, train_loss-0.1601, train_rmse-0.4001, valid_rmse-1.2702, valid_pr-0.7454
epoch-202, train_loss-0.1568, train_rmse-0.3960, valid_rmse-1.2293, valid_pr-0.7483
epoch-203, train_loss-0.1667, train_rmse-0.4083, valid_rmse-1.2521, valid_pr-0.7489
epoch-204, train_loss-0.1598, train_rmse-0.3998, valid_rmse-1.2874, valid_pr-0.7365
epoch-205, train_loss-0.1644, train_rmse-0.4055, valid_rmse-1.2539, valid_pr-0.7439
epoch-206, train_loss-0.1665, train_rmse-0.4080, valid_rmse-1.2461, valid_pr-0.7399
epoch-207, train_loss-0.1604, train_rmse-0.4005, valid_rmse-1.2674, valid_pr-0.7469
epoch-208, train_loss-0.1605, train_rmse-0.4006, valid_rmse-1.2894, valid_pr-0.7450
epoch-209, train_loss-0.1566, train_rmse-0.3957, valid_rmse-1.3254, valid_pr-0.7349
epoch-210, train_loss-0.1750, train_rmse-0.4184, valid_rmse-1.2572, valid_pr-0.7406
epoch-211, train_loss-0.1682, train_rmse-0.4102, valid_rmse-1.2434, valid_pr-0.7451
epoch-212, train_loss-0.1417, train_rmse-0.3765, valid_rmse-1.2282, valid_pr-0.7483
epoch-213, train_loss-0.1429, train_rmse-0.3780, valid_rmse-1.2437, valid_pr-0.7464
epoch-214, train_loss-0.1582, train_rmse-0.3978, valid_rmse-1.2587, valid_pr-0.7443
epoch-215, train_loss-0.1592, train_rmse-0.3990, valid_rmse-1.2941, valid_pr-0.7497
epoch-216, train_loss-0.1661, train_rmse-0.4075, valid_rmse-1.2422, valid_pr-0.7494
epoch-217, train_loss-0.1622, train_rmse-0.4027, valid_rmse-1.2313, valid_pr-0.7504
epoch-218, train_loss-0.1534, train_rmse-0.3917, valid_rmse-1.2356, valid_pr-0.7508
epoch-219, train_loss-0.1588, train_rmse-0.3985, valid_rmse-1.2491, valid_pr-0.7428
epoch-220, train_loss-0.1471, train_rmse-0.3835, valid_rmse-1.2522, valid_pr-0.7454
epoch-221, train_loss-0.1607, train_rmse-0.4009, valid_rmse-1.2461, valid_pr-0.7402
epoch-222, train_loss-0.1611, train_rmse-0.4014, valid_rmse-1.2416, valid_pr-0.7431
epoch-223, train_loss-0.1698, train_rmse-0.4120, valid_rmse-1.2341, valid_pr-0.7477
epoch-224, train_loss-0.1582, train_rmse-0.3978, valid_rmse-1.2423, valid_pr-0.7446
epoch-225, train_loss-0.1433, train_rmse-0.3786, valid_rmse-1.2463, valid_pr-0.7449
epoch-226, train_loss-0.1569, train_rmse-0.3961, valid_rmse-1.2600, valid_pr-0.7486
epoch-227, train_loss-0.1583, train_rmse-0.3978, valid_rmse-1.2706, valid_pr-0.7492
epoch-228, train_loss-0.1537, train_rmse-0.3920, valid_rmse-1.2372, valid_pr-0.7529
epoch-229, train_loss-0.1405, train_rmse-0.3749, valid_rmse-1.2457, valid_pr-0.7441
epoch-230, train_loss-0.1469, train_rmse-0.3833, valid_rmse-1.2605, valid_pr-0.7431
epoch-231, train_loss-0.1544, train_rmse-0.3930, valid_rmse-1.2418, valid_pr-0.7445
epoch-232, train_loss-0.1528, train_rmse-0.3909, valid_rmse-1.2291, valid_pr-0.7494
epoch-233, train_loss-0.1493, train_rmse-0.3864, valid_rmse-1.2344, valid_pr-0.7480
epoch-234, train_loss-0.1428, train_rmse-0.3779, valid_rmse-1.2489, valid_pr-0.7441
epoch-235, train_loss-0.1403, train_rmse-0.3745, valid_rmse-1.2585, valid_pr-0.7446
epoch-236, train_loss-0.1374, train_rmse-0.3707, valid_rmse-1.2368, valid_pr-0.7495
epoch-237, train_loss-0.1203, train_rmse-0.3468, valid_rmse-1.2263, valid_pr-0.7512
epoch-238, train_loss-0.1318, train_rmse-0.3631, valid_rmse-1.2320, valid_pr-0.7510
epoch-239, train_loss-0.1179, train_rmse-0.3434, valid_rmse-1.2355, valid_pr-0.7487
epoch-240, train_loss-0.1247, train_rmse-0.3531, valid_rmse-1.2211, valid_pr-0.7531
epoch-241, train_loss-0.1131, train_rmse-0.3363, valid_rmse-1.2237, valid_pr-0.7514
epoch-242, train_loss-0.1143, train_rmse-0.3381, valid_rmse-1.2185, valid_pr-0.7544
Validation : valid_rmse-1.2185, valid_pr-0.7544, 
test2013_rmse-1.3347, test2013_pr-0.8342, test2016_rmse-1.1696, test2016_pr-0.8493, test2019_rmse-1.3961, test2019_pr-0.6393
epoch-243, train_loss-0.1263, train_rmse-0.3553, valid_rmse-1.2152, valid_pr-0.7543
Validation : valid_rmse-1.2152, valid_pr-0.7543, 
test2013_rmse-1.3352, test2013_pr-0.8397, test2016_rmse-1.1875, test2016_pr-0.8483, test2019_rmse-1.3795, test2019_pr-0.6430
epoch-244, train_loss-0.1109, train_rmse-0.3331, valid_rmse-1.2311, valid_pr-0.7540
epoch-245, train_loss-0.1179, train_rmse-0.3434, valid_rmse-1.2494, valid_pr-0.7518
epoch-246, train_loss-0.1163, train_rmse-0.3411, valid_rmse-1.2280, valid_pr-0.7529
epoch-247, train_loss-0.1158, train_rmse-0.3403, valid_rmse-1.2283, valid_pr-0.7515
epoch-248, train_loss-0.1189, train_rmse-0.3448, valid_rmse-1.2256, valid_pr-0.7501
epoch-249, train_loss-0.1158, train_rmse-0.3403, valid_rmse-1.2293, valid_pr-0.7489
epoch-250, train_loss-0.1077, train_rmse-0.3283, valid_rmse-1.2288, valid_pr-0.7513
epoch-251, train_loss-0.1199, train_rmse-0.3463, valid_rmse-1.2291, valid_pr-0.7507
epoch-252, train_loss-0.1187, train_rmse-0.3445, valid_rmse-1.2568, valid_pr-0.7509
epoch-253, train_loss-0.1177, train_rmse-0.3431, valid_rmse-1.2322, valid_pr-0.7514
epoch-254, train_loss-0.1203, train_rmse-0.3468, valid_rmse-1.2188, valid_pr-0.7539
epoch-255, train_loss-0.1170, train_rmse-0.3421, valid_rmse-1.2251, valid_pr-0.7541
epoch-256, train_loss-0.1207, train_rmse-0.3475, valid_rmse-1.2258, valid_pr-0.7540
epoch-257, train_loss-0.1137, train_rmse-0.3372, valid_rmse-1.2160, valid_pr-0.7564
epoch-258, train_loss-0.1159, train_rmse-0.3404, valid_rmse-1.2233, valid_pr-0.7525
epoch-259, train_loss-0.1235, train_rmse-0.3514, valid_rmse-1.2287, valid_pr-0.7516
epoch-260, train_loss-0.1119, train_rmse-0.3345, valid_rmse-1.2716, valid_pr-0.7504
epoch-261, train_loss-0.1146, train_rmse-0.3386, valid_rmse-1.2158, valid_pr-0.7549
epoch-262, train_loss-0.1180, train_rmse-0.3435, valid_rmse-1.2263, valid_pr-0.7493
epoch-263, train_loss-0.1205, train_rmse-0.3471, valid_rmse-1.2303, valid_pr-0.7539
epoch-264, train_loss-0.1228, train_rmse-0.3505, valid_rmse-1.2422, valid_pr-0.7522
epoch-265, train_loss-0.1132, train_rmse-0.3365, valid_rmse-1.2155, valid_pr-0.7559
epoch-266, train_loss-0.1175, train_rmse-0.3427, valid_rmse-1.2200, valid_pr-0.7525
epoch-267, train_loss-0.1273, train_rmse-0.3569, valid_rmse-1.2137, valid_pr-0.7567
Validation : valid_rmse-1.2137, valid_pr-0.7567, 
test2013_rmse-1.3319, test2013_pr-0.8367, test2016_rmse-1.1787, test2016_pr-0.8454, test2019_rmse-1.3919, test2019_pr-0.6400
epoch-268, train_loss-0.1190, train_rmse-0.3450, valid_rmse-1.2227, valid_pr-0.7554
epoch-269, train_loss-0.1185, train_rmse-0.3442, valid_rmse-1.2209, valid_pr-0.7553
epoch-270, train_loss-0.1221, train_rmse-0.3494, valid_rmse-1.2204, valid_pr-0.7533
epoch-271, train_loss-0.1155, train_rmse-0.3398, valid_rmse-1.2315, valid_pr-0.7531
epoch-272, train_loss-0.1299, train_rmse-0.3604, valid_rmse-1.2188, valid_pr-0.7538
epoch-273, train_loss-0.1134, train_rmse-0.3367, valid_rmse-1.2234, valid_pr-0.7551
epoch-274, train_loss-0.1204, train_rmse-0.3470, valid_rmse-1.2259, valid_pr-0.7523
epoch-275, train_loss-0.1118, train_rmse-0.3344, valid_rmse-1.2489, valid_pr-0.7530
epoch-276, train_loss-0.1150, train_rmse-0.3390, valid_rmse-1.2206, valid_pr-0.7555
epoch-277, train_loss-0.1200, train_rmse-0.3464, valid_rmse-1.2211, valid_pr-0.7521
epoch-278, train_loss-0.1118, train_rmse-0.3343, valid_rmse-1.2535, valid_pr-0.7509
epoch-279, train_loss-0.1144, train_rmse-0.3383, valid_rmse-1.2289, valid_pr-0.7540
epoch-280, train_loss-0.1187, train_rmse-0.3445, valid_rmse-1.2247, valid_pr-0.7504
epoch-281, train_loss-0.1187, train_rmse-0.3446, valid_rmse-1.2339, valid_pr-0.7503
epoch-282, train_loss-0.1086, train_rmse-0.3296, valid_rmse-1.2232, valid_pr-0.7512
epoch-283, train_loss-0.1202, train_rmse-0.3468, valid_rmse-1.2194, valid_pr-0.7518
epoch-284, train_loss-0.1190, train_rmse-0.3450, valid_rmse-1.2186, valid_pr-0.7545
epoch-285, train_loss-0.1270, train_rmse-0.3564, valid_rmse-1.2340, valid_pr-0.7508
epoch-286, train_loss-0.1174, train_rmse-0.3427, valid_rmse-1.2200, valid_pr-0.7539
epoch-287, train_loss-0.1141, train_rmse-0.3378, valid_rmse-1.2416, valid_pr-0.7533
epoch-288, train_loss-0.1092, train_rmse-0.3305, valid_rmse-1.2178, valid_pr-0.7538
epoch-289, train_loss-0.1145, train_rmse-0.3384, valid_rmse-1.2222, valid_pr-0.7537
epoch-290, train_loss-0.1163, train_rmse-0.3410, valid_rmse-1.2274, valid_pr-0.7538
epoch-291, train_loss-0.1146, train_rmse-0.3385, valid_rmse-1.2165, valid_pr-0.7555
epoch-292, train_loss-0.1118, train_rmse-0.3343, valid_rmse-1.2345, valid_pr-0.7524
epoch-293, train_loss-0.1079, train_rmse-0.3285, valid_rmse-1.2438, valid_pr-0.7557
epoch-294, train_loss-0.1149, train_rmse-0.3390, valid_rmse-1.2165, valid_pr-0.7562
epoch-295, train_loss-0.1035, train_rmse-0.3217, valid_rmse-1.2266, valid_pr-0.7554
epoch-296, train_loss-0.1155, train_rmse-0.3399, valid_rmse-1.2398, valid_pr-0.7560
epoch-297, train_loss-0.1109, train_rmse-0.3331, valid_rmse-1.2311, valid_pr-0.7552
epoch-298, train_loss-0.1234, train_rmse-0.3512, valid_rmse-1.2156, valid_pr-0.7590
epoch-299, train_loss-0.1134, train_rmse-0.3367, valid_rmse-1.2217, valid_pr-0.7523
epoch-300, train_loss-0.1214, train_rmse-0.3484, valid_rmse-1.2402, valid_pr-0.7496
epoch-301, train_loss-0.1163, train_rmse-0.3410, valid_rmse-1.2167, valid_pr-0.7561
epoch-302, train_loss-0.1117, train_rmse-0.3343, valid_rmse-1.2245, valid_pr-0.7549
epoch-303, train_loss-0.1166, train_rmse-0.3414, valid_rmse-1.2300, valid_pr-0.7518
epoch-304, train_loss-0.1132, train_rmse-0.3364, valid_rmse-1.2324, valid_pr-0.7494
epoch-305, train_loss-0.1157, train_rmse-0.3401, valid_rmse-1.2229, valid_pr-0.7541
epoch-306, train_loss-0.1088, train_rmse-0.3299, valid_rmse-1.2222, valid_pr-0.7551
epoch-307, train_loss-0.1077, train_rmse-0.3282, valid_rmse-1.2196, valid_pr-0.7537
epoch-308, train_loss-0.1072, train_rmse-0.3274, valid_rmse-1.2249, valid_pr-0.7522
epoch-309, train_loss-0.1103, train_rmse-0.3321, valid_rmse-1.2157, valid_pr-0.7537
epoch-310, train_loss-0.1135, train_rmse-0.3369, valid_rmse-1.2267, valid_pr-0.7532
epoch-311, train_loss-0.1070, train_rmse-0.3271, valid_rmse-1.2108, valid_pr-0.7554
Validation : valid_rmse-1.2108, valid_pr-0.7554, 
test2013_rmse-1.3618, test2013_pr-0.8351, test2016_rmse-1.1898, test2016_pr-0.8472, test2019_rmse-1.3666, test2019_pr-0.6488
epoch-312, train_loss-0.1121, train_rmse-0.3348, valid_rmse-1.2275, valid_pr-0.7528
epoch-313, train_loss-0.1059, train_rmse-0.3255, valid_rmse-1.2207, valid_pr-0.7541
epoch-314, train_loss-0.1118, train_rmse-0.3343, valid_rmse-1.2245, valid_pr-0.7524
epoch-315, train_loss-0.1119, train_rmse-0.3345, valid_rmse-1.2204, valid_pr-0.7522
epoch-316, train_loss-0.1088, train_rmse-0.3299, valid_rmse-1.2180, valid_pr-0.7528
epoch-317, train_loss-0.1169, train_rmse-0.3419, valid_rmse-1.2274, valid_pr-0.7507
epoch-318, train_loss-0.1183, train_rmse-0.3440, valid_rmse-1.2440, valid_pr-0.7528
epoch-319, train_loss-0.1145, train_rmse-0.3384, valid_rmse-1.2347, valid_pr-0.7505
epoch-320, train_loss-0.1113, train_rmse-0.3336, valid_rmse-1.2468, valid_pr-0.7552
epoch-321, train_loss-0.1089, train_rmse-0.3300, valid_rmse-1.2135, valid_pr-0.7559
epoch-322, train_loss-0.1132, train_rmse-0.3364, valid_rmse-1.2227, valid_pr-0.7533
epoch-323, train_loss-0.1133, train_rmse-0.3365, valid_rmse-1.2165, valid_pr-0.7550
epoch-324, train_loss-0.1138, train_rmse-0.3373, valid_rmse-1.2150, valid_pr-0.7554
epoch-325, train_loss-0.1138, train_rmse-0.3374, valid_rmse-1.2178, valid_pr-0.7565
epoch-326, train_loss-0.1156, train_rmse-0.3400, valid_rmse-1.2182, valid_pr-0.7551
epoch-327, train_loss-0.1073, train_rmse-0.3275, valid_rmse-1.2282, valid_pr-0.7580
epoch-328, train_loss-0.1078, train_rmse-0.3283, valid_rmse-1.2200, valid_pr-0.7553
epoch-329, train_loss-0.1122, train_rmse-0.3349, valid_rmse-1.2057, valid_pr-0.7581
Validation : valid_rmse-1.2057, valid_pr-0.7581, 
test2013_rmse-1.3343, test2013_pr-0.8414, test2016_rmse-1.1866, test2016_pr-0.8491, test2019_rmse-1.3850, test2019_pr-0.6382
epoch-330, train_loss-0.1028, train_rmse-0.3207, valid_rmse-1.2095, valid_pr-0.7566
epoch-331, train_loss-0.1139, train_rmse-0.3376, valid_rmse-1.2180, valid_pr-0.7554
epoch-332, train_loss-0.1117, train_rmse-0.3341, valid_rmse-1.2324, valid_pr-0.7557
epoch-333, train_loss-0.1109, train_rmse-0.3330, valid_rmse-1.2181, valid_pr-0.7565
epoch-334, train_loss-0.1143, train_rmse-0.3381, valid_rmse-1.2292, valid_pr-0.7563
epoch-335, train_loss-0.1116, train_rmse-0.3340, valid_rmse-1.2259, valid_pr-0.7576
epoch-336, train_loss-0.1088, train_rmse-0.3298, valid_rmse-1.2061, valid_pr-0.7600
epoch-337, train_loss-0.1104, train_rmse-0.3322, valid_rmse-1.2076, valid_pr-0.7593
epoch-338, train_loss-0.1073, train_rmse-0.3275, valid_rmse-1.1997, valid_pr-0.7609
Validation : valid_rmse-1.1997, valid_pr-0.7609, 
test2013_rmse-1.3218, test2013_pr-0.8532, test2016_rmse-1.1654, test2016_pr-0.8555, test2019_rmse-1.3727, test2019_pr-0.6456
epoch-339, train_loss-0.1129, train_rmse-0.3360, valid_rmse-1.2169, valid_pr-0.7535
epoch-340, train_loss-0.1064, train_rmse-0.3263, valid_rmse-1.2368, valid_pr-0.7557
epoch-341, train_loss-0.1100, train_rmse-0.3316, valid_rmse-1.2100, valid_pr-0.7558
epoch-342, train_loss-0.1072, train_rmse-0.3275, valid_rmse-1.2163, valid_pr-0.7543
epoch-343, train_loss-0.1208, train_rmse-0.3475, valid_rmse-1.2236, valid_pr-0.7547
epoch-344, train_loss-0.1217, train_rmse-0.3489, valid_rmse-1.2149, valid_pr-0.7554
epoch-345, train_loss-0.1056, train_rmse-0.3250, valid_rmse-1.2091, valid_pr-0.7569
epoch-346, train_loss-0.1046, train_rmse-0.3234, valid_rmse-1.2151, valid_pr-0.7560
epoch-347, train_loss-0.1076, train_rmse-0.3280, valid_rmse-1.2159, valid_pr-0.7555
epoch-348, train_loss-0.1012, train_rmse-0.3182, valid_rmse-1.2154, valid_pr-0.7563
epoch-349, train_loss-0.1082, train_rmse-0.3289, valid_rmse-1.2248, valid_pr-0.7532
epoch-350, train_loss-0.1102, train_rmse-0.3319, valid_rmse-1.2208, valid_pr-0.7540
epoch-351, train_loss-0.1092, train_rmse-0.3304, valid_rmse-1.2299, valid_pr-0.7553
epoch-352, train_loss-0.1090, train_rmse-0.3302, valid_rmse-1.2214, valid_pr-0.7549
epoch-353, train_loss-0.1073, train_rmse-0.3275, valid_rmse-1.2116, valid_pr-0.7574
epoch-354, train_loss-0.1062, train_rmse-0.3260, valid_rmse-1.2132, valid_pr-0.7566
epoch-355, train_loss-0.1121, train_rmse-0.3349, valid_rmse-1.2126, valid_pr-0.7552
epoch-356, train_loss-0.1107, train_rmse-0.3327, valid_rmse-1.2318, valid_pr-0.7552
epoch-357, train_loss-0.1042, train_rmse-0.3227, valid_rmse-1.2055, valid_pr-0.7591
epoch-358, train_loss-0.1074, train_rmse-0.3278, valid_rmse-1.2137, valid_pr-0.7574
epoch-359, train_loss-0.1084, train_rmse-0.3292, valid_rmse-1.2065, valid_pr-0.7606
epoch-360, train_loss-0.1023, train_rmse-0.3198, valid_rmse-1.2151, valid_pr-0.7564
epoch-361, train_loss-0.1051, train_rmse-0.3242, valid_rmse-1.2238, valid_pr-0.7522
epoch-362, train_loss-0.1065, train_rmse-0.3264, valid_rmse-1.2185, valid_pr-0.7553
epoch-363, train_loss-0.1085, train_rmse-0.3293, valid_rmse-1.2177, valid_pr-0.7544
epoch-364, train_loss-0.1114, train_rmse-0.3337, valid_rmse-1.2125, valid_pr-0.7573
epoch-365, train_loss-0.1082, train_rmse-0.3290, valid_rmse-1.2143, valid_pr-0.7564
epoch-366, train_loss-0.1047, train_rmse-0.3236, valid_rmse-1.2038, valid_pr-0.7589
epoch-367, train_loss-0.1048, train_rmse-0.3237, valid_rmse-1.2154, valid_pr-0.7552
epoch-368, train_loss-0.1054, train_rmse-0.3247, valid_rmse-1.2101, valid_pr-0.7577
epoch-369, train_loss-0.1127, train_rmse-0.3357, valid_rmse-1.2214, valid_pr-0.7533
epoch-370, train_loss-0.1133, train_rmse-0.3367, valid_rmse-1.2035, valid_pr-0.7591
epoch-371, train_loss-0.1115, train_rmse-0.3339, valid_rmse-1.2111, valid_pr-0.7589
epoch-372, train_loss-0.1146, train_rmse-0.3385, valid_rmse-1.2078, valid_pr-0.7601
epoch-373, train_loss-0.0987, train_rmse-0.3141, valid_rmse-1.2083, valid_pr-0.7576
epoch-374, train_loss-0.1102, train_rmse-0.3319, valid_rmse-1.2119, valid_pr-0.7573
epoch-375, train_loss-0.1008, train_rmse-0.3175, valid_rmse-1.2082, valid_pr-0.7590
epoch-376, train_loss-0.1137, train_rmse-0.3372, valid_rmse-1.2119, valid_pr-0.7587
epoch-377, train_loss-0.1129, train_rmse-0.3360, valid_rmse-1.2130, valid_pr-0.7583
epoch-378, train_loss-0.1093, train_rmse-0.3305, valid_rmse-1.2310, valid_pr-0.7547
epoch-379, train_loss-0.1072, train_rmse-0.3274, valid_rmse-1.2139, valid_pr-0.7577
epoch-380, train_loss-0.1045, train_rmse-0.3233, valid_rmse-1.2242, valid_pr-0.7561
epoch-381, train_loss-0.1178, train_rmse-0.3433, valid_rmse-1.2326, valid_pr-0.7533
epoch-382, train_loss-0.1088, train_rmse-0.3298, valid_rmse-1.2144, valid_pr-0.7570
epoch-383, train_loss-0.1073, train_rmse-0.3276, valid_rmse-1.2083, valid_pr-0.7595
epoch-384, train_loss-0.1134, train_rmse-0.3367, valid_rmse-1.2154, valid_pr-0.7545
epoch-385, train_loss-0.1039, train_rmse-0.3224, valid_rmse-1.2216, valid_pr-0.7529
epoch-386, train_loss-0.1037, train_rmse-0.3220, valid_rmse-1.2102, valid_pr-0.7563
epoch-387, train_loss-0.0996, train_rmse-0.3156, valid_rmse-1.2120, valid_pr-0.7556
epoch-388, train_loss-0.1087, train_rmse-0.3296, valid_rmse-1.2065, valid_pr-0.7601
epoch-389, train_loss-0.1093, train_rmse-0.3306, valid_rmse-1.2106, valid_pr-0.7595
epoch-390, train_loss-0.1008, train_rmse-0.3175, valid_rmse-1.2097, valid_pr-0.7571
epoch-391, train_loss-0.0966, train_rmse-0.3108, valid_rmse-1.2026, valid_pr-0.7602
epoch-392, train_loss-0.0975, train_rmse-0.3123, valid_rmse-1.2089, valid_pr-0.7583
epoch-393, train_loss-0.0954, train_rmse-0.3089, valid_rmse-1.2079, valid_pr-0.7571
epoch-394, train_loss-0.0946, train_rmse-0.3075, valid_rmse-1.2119, valid_pr-0.7584
epoch-395, train_loss-0.0994, train_rmse-0.3153, valid_rmse-1.2157, valid_pr-0.7589
epoch-396, train_loss-0.0961, train_rmse-0.3099, valid_rmse-1.2245, valid_pr-0.7576
epoch-397, train_loss-0.0951, train_rmse-0.3084, valid_rmse-1.2013, valid_pr-0.7613
epoch-398, train_loss-0.0907, train_rmse-0.3012, valid_rmse-1.2050, valid_pr-0.7591
epoch-399, train_loss-0.0910, train_rmse-0.3017, valid_rmse-1.2037, valid_pr-0.7599
epoch-400, train_loss-0.0987, train_rmse-0.3142, valid_rmse-1.2047, valid_pr-0.7595
epoch-401, train_loss-0.0904, train_rmse-0.3006, valid_rmse-1.2080, valid_pr-0.7579
epoch-402, train_loss-0.0902, train_rmse-0.3003, valid_rmse-1.2180, valid_pr-0.7572
epoch-403, train_loss-0.1052, train_rmse-0.3244, valid_rmse-1.2076, valid_pr-0.7587
epoch-404, train_loss-0.0933, train_rmse-0.3054, valid_rmse-1.2043, valid_pr-0.7598
epoch-405, train_loss-0.0900, train_rmse-0.2999, valid_rmse-1.2054, valid_pr-0.7590
epoch-406, train_loss-0.0985, train_rmse-0.3138, valid_rmse-1.2136, valid_pr-0.7567
epoch-407, train_loss-0.0960, train_rmse-0.3098, valid_rmse-1.2060, valid_pr-0.7577
epoch-408, train_loss-0.0976, train_rmse-0.3125, valid_rmse-1.2088, valid_pr-0.7592
epoch-409, train_loss-0.0925, train_rmse-0.3041, valid_rmse-1.2077, valid_pr-0.7589
epoch-410, train_loss-0.0994, train_rmse-0.3153, valid_rmse-1.2125, valid_pr-0.7573
epoch-411, train_loss-0.0925, train_rmse-0.3042, valid_rmse-1.2045, valid_pr-0.7595
epoch-412, train_loss-0.1020, train_rmse-0.3193, valid_rmse-1.2078, valid_pr-0.7592
epoch-413, train_loss-0.0951, train_rmse-0.3084, valid_rmse-1.2005, valid_pr-0.7602
epoch-414, train_loss-0.0934, train_rmse-0.3056, valid_rmse-1.2049, valid_pr-0.7595
epoch-415, train_loss-0.0938, train_rmse-0.3063, valid_rmse-1.2025, valid_pr-0.7601
epoch-416, train_loss-0.0869, train_rmse-0.2949, valid_rmse-1.2100, valid_pr-0.7574
epoch-417, train_loss-0.0903, train_rmse-0.3005, valid_rmse-1.2037, valid_pr-0.7594
epoch-418, train_loss-0.0939, train_rmse-0.3065, valid_rmse-1.2068, valid_pr-0.7582
epoch-419, train_loss-0.0850, train_rmse-0.2915, valid_rmse-1.2042, valid_pr-0.7593
epoch-420, train_loss-0.0925, train_rmse-0.3042, valid_rmse-1.2057, valid_pr-0.7592
epoch-421, train_loss-0.0913, train_rmse-0.3021, valid_rmse-1.2118, valid_pr-0.7580
epoch-422, train_loss-0.0885, train_rmse-0.2975, valid_rmse-1.2150, valid_pr-0.7576
epoch-423, train_loss-0.0888, train_rmse-0.2979, valid_rmse-1.2084, valid_pr-0.7593
epoch-424, train_loss-0.0962, train_rmse-0.3101, valid_rmse-1.2068, valid_pr-0.7597
epoch-425, train_loss-0.0902, train_rmse-0.3004, valid_rmse-1.2103, valid_pr-0.7584
epoch-426, train_loss-0.1015, train_rmse-0.3186, valid_rmse-1.2049, valid_pr-0.7590
epoch-427, train_loss-0.0900, train_rmse-0.3001, valid_rmse-1.2022, valid_pr-0.7592
epoch-428, train_loss-0.0933, train_rmse-0.3054, valid_rmse-1.1982, valid_pr-0.7612
Validation : valid_rmse-1.1982, valid_pr-0.7612, 
test2013_rmse-1.3223, test2013_pr-0.8506, test2016_rmse-1.1739, test2016_pr-0.8541, test2019_rmse-1.3664, test2019_pr-0.6493
epoch-429, train_loss-0.0975, train_rmse-0.3122, valid_rmse-1.2173, valid_pr-0.7572
epoch-430, train_loss-0.0875, train_rmse-0.2957, valid_rmse-1.2316, valid_pr-0.7556
epoch-431, train_loss-0.0968, train_rmse-0.3111, valid_rmse-1.2069, valid_pr-0.7581
epoch-432, train_loss-0.0941, train_rmse-0.3068, valid_rmse-1.2083, valid_pr-0.7581
epoch-433, train_loss-0.0909, train_rmse-0.3014, valid_rmse-1.2082, valid_pr-0.7572
epoch-434, train_loss-0.0976, train_rmse-0.3124, valid_rmse-1.2038, valid_pr-0.7588
epoch-435, train_loss-0.0861, train_rmse-0.2935, valid_rmse-1.2028, valid_pr-0.7591
epoch-436, train_loss-0.0882, train_rmse-0.2970, valid_rmse-1.2087, valid_pr-0.7582
epoch-437, train_loss-0.0872, train_rmse-0.2953, valid_rmse-1.2046, valid_pr-0.7593
epoch-438, train_loss-0.0934, train_rmse-0.3056, valid_rmse-1.2066, valid_pr-0.7582
epoch-439, train_loss-0.0888, train_rmse-0.2980, valid_rmse-1.2148, valid_pr-0.7562
epoch-440, train_loss-0.0877, train_rmse-0.2961, valid_rmse-1.2086, valid_pr-0.7578
epoch-441, train_loss-0.1010, train_rmse-0.3179, valid_rmse-1.2085, valid_pr-0.7574
epoch-442, train_loss-0.0921, train_rmse-0.3034, valid_rmse-1.2138, valid_pr-0.7584
epoch-443, train_loss-0.0911, train_rmse-0.3018, valid_rmse-1.2168, valid_pr-0.7577
epoch-444, train_loss-0.1013, train_rmse-0.3183, valid_rmse-1.2090, valid_pr-0.7576
epoch-445, train_loss-0.0877, train_rmse-0.2962, valid_rmse-1.2200, valid_pr-0.7561
epoch-446, train_loss-0.0894, train_rmse-0.2990, valid_rmse-1.2076, valid_pr-0.7586
epoch-447, train_loss-0.0940, train_rmse-0.3066, valid_rmse-1.2101, valid_pr-0.7569
epoch-448, train_loss-0.0956, train_rmse-0.3093, valid_rmse-1.2082, valid_pr-0.7568
epoch-449, train_loss-0.0967, train_rmse-0.3110, valid_rmse-1.2098, valid_pr-0.7586
epoch-450, train_loss-0.0905, train_rmse-0.3008, valid_rmse-1.2039, valid_pr-0.7589
epoch-451, train_loss-0.0943, train_rmse-0.3070, valid_rmse-1.2011, valid_pr-0.7605
epoch-452, train_loss-0.0983, train_rmse-0.3135, valid_rmse-1.2028, valid_pr-0.7589
epoch-453, train_loss-0.0905, train_rmse-0.3008, valid_rmse-1.2015, valid_pr-0.7606
epoch-454, train_loss-0.0901, train_rmse-0.3001, valid_rmse-1.2015, valid_pr-0.7609
epoch-455, train_loss-0.0986, train_rmse-0.3141, valid_rmse-1.2019, valid_pr-0.7600
epoch-456, train_loss-0.0836, train_rmse-0.2892, valid_rmse-1.2066, valid_pr-0.7590
epoch-457, train_loss-0.0875, train_rmse-0.2958, valid_rmse-1.2040, valid_pr-0.7592
epoch-458, train_loss-0.0982, train_rmse-0.3134, valid_rmse-1.2119, valid_pr-0.7601
epoch-459, train_loss-0.0876, train_rmse-0.2960, valid_rmse-1.1993, valid_pr-0.7614
epoch-460, train_loss-0.0869, train_rmse-0.2947, valid_rmse-1.2310, valid_pr-0.7563
epoch-461, train_loss-0.0913, train_rmse-0.3022, valid_rmse-1.2049, valid_pr-0.7598
epoch-462, train_loss-0.0930, train_rmse-0.3050, valid_rmse-1.2098, valid_pr-0.7590
epoch-463, train_loss-0.0850, train_rmse-0.2916, valid_rmse-1.2046, valid_pr-0.7589
epoch-464, train_loss-0.0893, train_rmse-0.2989, valid_rmse-1.2047, valid_pr-0.7596
epoch-465, train_loss-0.0979, train_rmse-0.3129, valid_rmse-1.2088, valid_pr-0.7590
epoch-466, train_loss-0.0870, train_rmse-0.2949, valid_rmse-1.2063, valid_pr-0.7601
epoch-467, train_loss-0.0896, train_rmse-0.2993, valid_rmse-1.2030, valid_pr-0.7605
epoch-468, train_loss-0.0967, train_rmse-0.3110, valid_rmse-1.2094, valid_pr-0.7589
epoch-469, train_loss-0.0883, train_rmse-0.2972, valid_rmse-1.1998, valid_pr-0.7613
epoch-470, train_loss-0.0899, train_rmse-0.2999, valid_rmse-1.2056, valid_pr-0.7598
epoch-471, train_loss-0.0898, train_rmse-0.2997, valid_rmse-1.1998, valid_pr-0.7604
epoch-472, train_loss-0.0912, train_rmse-0.3020, valid_rmse-1.2053, valid_pr-0.7598
epoch-473, train_loss-0.0915, train_rmse-0.3025, valid_rmse-1.2032, valid_pr-0.7621
epoch-474, train_loss-0.0930, train_rmse-0.3049, valid_rmse-1.2018, valid_pr-0.7622
epoch-475, train_loss-0.0924, train_rmse-0.3040, valid_rmse-1.2071, valid_pr-0.7603
epoch-476, train_loss-0.0934, train_rmse-0.3057, valid_rmse-1.1979, valid_pr-0.7619
Validation : valid_rmse-1.1979, valid_pr-0.7619, 
test2013_rmse-1.3099, test2013_pr-0.8536, test2016_rmse-1.1545, test2016_pr-0.8583, test2019_rmse-1.3646, test2019_pr-0.6517
epoch-477, train_loss-0.0881, train_rmse-0.2967, valid_rmse-1.2020, valid_pr-0.7602
epoch-478, train_loss-0.0884, train_rmse-0.2973, valid_rmse-1.1928, valid_pr-0.7640
Validation : valid_rmse-1.1928, valid_pr-0.7640, 
test2013_rmse-1.3174, test2013_pr-0.8490, test2016_rmse-1.1632, test2016_pr-0.8566, test2019_rmse-1.3639, test2019_pr-0.6515
epoch-479, train_loss-0.0883, train_rmse-0.2972, valid_rmse-1.1987, valid_pr-0.7611
epoch-480, train_loss-0.0912, train_rmse-0.3019, valid_rmse-1.2104, valid_pr-0.7594
epoch-481, train_loss-0.0897, train_rmse-0.2995, valid_rmse-1.2000, valid_pr-0.7613
epoch-482, train_loss-0.0954, train_rmse-0.3088, valid_rmse-1.2118, valid_pr-0.7616
epoch-483, train_loss-0.0864, train_rmse-0.2939, valid_rmse-1.2019, valid_pr-0.7618
epoch-484, train_loss-0.0882, train_rmse-0.2971, valid_rmse-1.2055, valid_pr-0.7600
epoch-485, train_loss-0.0876, train_rmse-0.2959, valid_rmse-1.2024, valid_pr-0.7604
epoch-486, train_loss-0.0894, train_rmse-0.2991, valid_rmse-1.2001, valid_pr-0.7608
epoch-487, train_loss-0.0917, train_rmse-0.3029, valid_rmse-1.2029, valid_pr-0.7617
epoch-488, train_loss-0.0839, train_rmse-0.2897, valid_rmse-1.2014, valid_pr-0.7609
epoch-489, train_loss-0.0947, train_rmse-0.3077, valid_rmse-1.2047, valid_pr-0.7618
epoch-490, train_loss-0.0892, train_rmse-0.2986, valid_rmse-1.2023, valid_pr-0.7615
epoch-491, train_loss-0.0948, train_rmse-0.3079, valid_rmse-1.2024, valid_pr-0.7598
epoch-492, train_loss-0.0955, train_rmse-0.3090, valid_rmse-1.2008, valid_pr-0.7614
epoch-493, train_loss-0.1004, train_rmse-0.3168, valid_rmse-1.2052, valid_pr-0.7599
epoch-494, train_loss-0.0919, train_rmse-0.3031, valid_rmse-1.2052, valid_pr-0.7608
epoch-495, train_loss-0.0904, train_rmse-0.3007, valid_rmse-1.2046, valid_pr-0.7599
epoch-496, train_loss-0.0933, train_rmse-0.3054, valid_rmse-1.2080, valid_pr-0.7582
epoch-497, train_loss-0.0882, train_rmse-0.2969, valid_rmse-1.2037, valid_pr-0.7609
epoch-498, train_loss-0.0937, train_rmse-0.3062, valid_rmse-1.2019, valid_pr-0.7605
epoch-499, train_loss-0.0968, train_rmse-0.3112, valid_rmse-1.2061, valid_pr-0.7594
epoch-500, train_loss-0.0935, train_rmse-0.3058, valid_rmse-1.2052, valid_pr-0.7600
epoch-501, train_loss-0.0892, train_rmse-0.2987, valid_rmse-1.2051, valid_pr-0.7596
epoch-502, train_loss-0.0849, train_rmse-0.2914, valid_rmse-1.1999, valid_pr-0.7610
epoch-503, train_loss-0.0873, train_rmse-0.2955, valid_rmse-1.2066, valid_pr-0.7601
epoch-504, train_loss-0.0993, train_rmse-0.3151, valid_rmse-1.2137, valid_pr-0.7603
epoch-505, train_loss-0.0884, train_rmse-0.2973, valid_rmse-1.2042, valid_pr-0.7591
epoch-506, train_loss-0.0937, train_rmse-0.3061, valid_rmse-1.2104, valid_pr-0.7582
epoch-507, train_loss-0.1006, train_rmse-0.3171, valid_rmse-1.1986, valid_pr-0.7621
epoch-508, train_loss-0.0826, train_rmse-0.2874, valid_rmse-1.1995, valid_pr-0.7617
epoch-509, train_loss-0.0842, train_rmse-0.2901, valid_rmse-1.2067, valid_pr-0.7589
epoch-510, train_loss-0.0941, train_rmse-0.3068, valid_rmse-1.2049, valid_pr-0.7596
epoch-511, train_loss-0.0953, train_rmse-0.3087, valid_rmse-1.2128, valid_pr-0.7590
epoch-512, train_loss-0.0894, train_rmse-0.2990, valid_rmse-1.2047, valid_pr-0.7587
epoch-513, train_loss-0.0966, train_rmse-0.3107, valid_rmse-1.2042, valid_pr-0.7589
epoch-514, train_loss-0.0899, train_rmse-0.2999, valid_rmse-1.2006, valid_pr-0.7609
epoch-515, train_loss-0.0957, train_rmse-0.3093, valid_rmse-1.2106, valid_pr-0.7593
epoch-516, train_loss-0.0870, train_rmse-0.2950, valid_rmse-1.2021, valid_pr-0.7615
epoch-517, train_loss-0.0930, train_rmse-0.3050, valid_rmse-1.1983, valid_pr-0.7622
epoch-518, train_loss-0.0922, train_rmse-0.3036, valid_rmse-1.2044, valid_pr-0.7606
epoch-519, train_loss-0.0923, train_rmse-0.3039, valid_rmse-1.2038, valid_pr-0.7606
epoch-520, train_loss-0.0945, train_rmse-0.3074, valid_rmse-1.1982, valid_pr-0.7621
epoch-521, train_loss-0.0848, train_rmse-0.2912, valid_rmse-1.2078, valid_pr-0.7612
epoch-522, train_loss-0.0916, train_rmse-0.3027, valid_rmse-1.2046, valid_pr-0.7609
epoch-523, train_loss-0.0913, train_rmse-0.3022, valid_rmse-1.2111, valid_pr-0.7589
epoch-524, train_loss-0.0945, train_rmse-0.3074, valid_rmse-1.2011, valid_pr-0.7606
epoch-525, train_loss-0.0915, train_rmse-0.3024, valid_rmse-1.2002, valid_pr-0.7606
epoch-526, train_loss-0.0951, train_rmse-0.3084, valid_rmse-1.2016, valid_pr-0.7596
epoch-527, train_loss-0.0935, train_rmse-0.3059, valid_rmse-1.2124, valid_pr-0.7586
epoch-528, train_loss-0.0848, train_rmse-0.2912, valid_rmse-1.2066, valid_pr-0.7600
epoch-529, train_loss-0.0899, train_rmse-0.2998, valid_rmse-1.1995, valid_pr-0.7610
epoch-530, train_loss-0.0804, train_rmse-0.2836, valid_rmse-1.2031, valid_pr-0.7599
epoch-531, train_loss-0.0826, train_rmse-0.2874, valid_rmse-1.2031, valid_pr-0.7598
epoch-532, train_loss-0.0841, train_rmse-0.2900, valid_rmse-1.1999, valid_pr-0.7611
epoch-533, train_loss-0.0824, train_rmse-0.2870, valid_rmse-1.2085, valid_pr-0.7593
epoch-534, train_loss-0.0878, train_rmse-0.2964, valid_rmse-1.2028, valid_pr-0.7599
epoch-535, train_loss-0.0860, train_rmse-0.2933, valid_rmse-1.2033, valid_pr-0.7598
epoch-536, train_loss-0.0937, train_rmse-0.3061, valid_rmse-1.2012, valid_pr-0.7603
epoch-537, train_loss-0.0841, train_rmse-0.2900, valid_rmse-1.1984, valid_pr-0.7624
epoch-538, train_loss-0.0847, train_rmse-0.2909, valid_rmse-1.2033, valid_pr-0.7600
epoch-539, train_loss-0.0872, train_rmse-0.2953, valid_rmse-1.1977, valid_pr-0.7617
epoch-540, train_loss-0.0784, train_rmse-0.2799, valid_rmse-1.1981, valid_pr-0.7614
epoch-541, train_loss-0.0848, train_rmse-0.2912, valid_rmse-1.2033, valid_pr-0.7601
epoch-542, train_loss-0.0847, train_rmse-0.2911, valid_rmse-1.1995, valid_pr-0.7619
epoch-543, train_loss-0.0862, train_rmse-0.2936, valid_rmse-1.2065, valid_pr-0.7597
epoch-544, train_loss-0.0786, train_rmse-0.2803, valid_rmse-1.1981, valid_pr-0.7618
epoch-545, train_loss-0.0851, train_rmse-0.2917, valid_rmse-1.1971, valid_pr-0.7631
epoch-546, train_loss-0.0823, train_rmse-0.2869, valid_rmse-1.1949, valid_pr-0.7628
epoch-547, train_loss-0.0847, train_rmse-0.2910, valid_rmse-1.1965, valid_pr-0.7623
epoch-548, train_loss-0.0857, train_rmse-0.2927, valid_rmse-1.1992, valid_pr-0.7625
epoch-549, train_loss-0.0852, train_rmse-0.2919, valid_rmse-1.1977, valid_pr-0.7626
epoch-550, train_loss-0.0850, train_rmse-0.2916, valid_rmse-1.1976, valid_pr-0.7616
epoch-551, train_loss-0.0737, train_rmse-0.2714, valid_rmse-1.1984, valid_pr-0.7618
epoch-552, train_loss-0.0847, train_rmse-0.2910, valid_rmse-1.1988, valid_pr-0.7615
epoch-553, train_loss-0.0881, train_rmse-0.2968, valid_rmse-1.2030, valid_pr-0.7609
epoch-554, train_loss-0.0924, train_rmse-0.3040, valid_rmse-1.2031, valid_pr-0.7603
epoch-555, train_loss-0.0900, train_rmse-0.3000, valid_rmse-1.2047, valid_pr-0.7605
epoch-556, train_loss-0.0763, train_rmse-0.2762, valid_rmse-1.2022, valid_pr-0.7613
epoch-557, train_loss-0.0878, train_rmse-0.2963, valid_rmse-1.2000, valid_pr-0.7610
epoch-558, train_loss-0.0843, train_rmse-0.2903, valid_rmse-1.1970, valid_pr-0.7623
epoch-559, train_loss-0.0815, train_rmse-0.2855, valid_rmse-1.1993, valid_pr-0.7614
epoch-560, train_loss-0.0850, train_rmse-0.2916, valid_rmse-1.2013, valid_pr-0.7607
epoch-561, train_loss-0.0838, train_rmse-0.2895, valid_rmse-1.1967, valid_pr-0.7620
epoch-562, train_loss-0.0844, train_rmse-0.2905, valid_rmse-1.2001, valid_pr-0.7610
epoch-563, train_loss-0.0819, train_rmse-0.2862, valid_rmse-1.2060, valid_pr-0.7594
epoch-564, train_loss-0.0886, train_rmse-0.2976, valid_rmse-1.2003, valid_pr-0.7604
epoch-565, train_loss-0.0886, train_rmse-0.2977, valid_rmse-1.1965, valid_pr-0.7621
epoch-566, train_loss-0.0904, train_rmse-0.3007, valid_rmse-1.1981, valid_pr-0.7623
epoch-567, train_loss-0.0865, train_rmse-0.2942, valid_rmse-1.2039, valid_pr-0.7623
epoch-568, train_loss-0.0837, train_rmse-0.2893, valid_rmse-1.2054, valid_pr-0.7606
epoch-569, train_loss-0.0819, train_rmse-0.2862, valid_rmse-1.1983, valid_pr-0.7622
epoch-570, train_loss-0.0899, train_rmse-0.2999, valid_rmse-1.1984, valid_pr-0.7616
epoch-571, train_loss-0.0831, train_rmse-0.2883, valid_rmse-1.1990, valid_pr-0.7622
epoch-572, train_loss-0.0830, train_rmse-0.2882, valid_rmse-1.1992, valid_pr-0.7613
epoch-573, train_loss-0.0870, train_rmse-0.2950, valid_rmse-1.2030, valid_pr-0.7604
epoch-574, train_loss-0.0799, train_rmse-0.2827, valid_rmse-1.2014, valid_pr-0.7616
epoch-575, train_loss-0.0925, train_rmse-0.3041, valid_rmse-1.1993, valid_pr-0.7616
epoch-576, train_loss-0.0792, train_rmse-0.2813, valid_rmse-1.2007, valid_pr-0.7621
epoch-577, train_loss-0.0865, train_rmse-0.2942, valid_rmse-1.1998, valid_pr-0.7610
epoch-578, train_loss-0.0901, train_rmse-0.3001, valid_rmse-1.1962, valid_pr-0.7624
epoch-579, train_loss-0.0914, train_rmse-0.3023, valid_rmse-1.2016, valid_pr-0.7606
early stop in epoch 579
best_rmse: 1.1928
valid_rmse-1.1928, valid_pr-0.7640, test2013_rmse-1.3174, test2013_pr-0.8490, test2016_rmse-1.1632, test2016_pr-0.8566, test2019_rmse-1.3639, test2019_pr-0.6515
