CheapNet-ASD, lr=0.001, seed=130
train_ASD.py
train data: 11904
valid data: 1000
test2013 data: 107
test2016 data: 285
test2019 data: 4366
GIGN params # : 42685324
epoch-0, train_loss-6.0552, train_rmse-2.4607, valid_rmse-1.9131, valid_pr-0.3209
Validation : valid_rmse-1.9131, valid_pr-0.3209, 
test2013_rmse-2.2955, test2013_pr-0.3361, test2016_rmse-2.2138, test2016_pr-0.2889, test2019_rmse-1.8430, test2019_pr-0.3066
epoch-1, train_loss-3.3989, train_rmse-1.8436, valid_rmse-1.7632, valid_pr-0.3848
Validation : valid_rmse-1.7632, valid_pr-0.3848, 
test2013_rmse-2.2490, test2013_pr-0.3003, test2016_rmse-1.9455, test2016_pr-0.4471, test2019_rmse-1.7321, test2019_pr-0.3820
epoch-2, train_loss-3.1917, train_rmse-1.7865, valid_rmse-1.7363, valid_pr-0.4009
Validation : valid_rmse-1.7363, valid_pr-0.4009, 
test2013_rmse-1.9353, test2013_pr-0.5598, test2016_rmse-1.8026, test2016_pr-0.5577, test2019_rmse-1.6686, test2019_pr-0.4199
epoch-3, train_loss-2.9537, train_rmse-1.7186, valid_rmse-1.7374, valid_pr-0.4109
epoch-4, train_loss-2.7828, train_rmse-1.6682, valid_rmse-1.5991, valid_pr-0.5260
Validation : valid_rmse-1.5991, valid_pr-0.5260, 
test2013_rmse-1.9383, test2013_pr-0.5540, test2016_rmse-1.7435, test2016_pr-0.6051, test2019_rmse-1.5469, test2019_pr-0.5220
epoch-5, train_loss-2.6508, train_rmse-1.6281, valid_rmse-1.6209, valid_pr-0.5017
epoch-6, train_loss-2.6047, train_rmse-1.6139, valid_rmse-1.5713, valid_pr-0.5400
Validation : valid_rmse-1.5713, valid_pr-0.5400, 
test2013_rmse-1.8100, test2013_pr-0.6541, test2016_rmse-1.6442, test2016_pr-0.6850, test2019_rmse-1.5105, test2019_pr-0.5445
epoch-7, train_loss-2.4385, train_rmse-1.5616, valid_rmse-1.5571, valid_pr-0.5589
Validation : valid_rmse-1.5571, valid_pr-0.5589, 
test2013_rmse-1.8139, test2013_pr-0.6542, test2016_rmse-1.7132, test2016_pr-0.6517, test2019_rmse-1.5064, test2019_pr-0.5500
epoch-8, train_loss-2.3305, train_rmse-1.5266, valid_rmse-1.4842, valid_pr-0.5947
Validation : valid_rmse-1.4842, valid_pr-0.5947, 
test2013_rmse-1.6852, test2013_pr-0.6976, test2016_rmse-1.6087, test2016_pr-0.6769, test2019_rmse-1.4858, test2019_pr-0.5650
epoch-9, train_loss-2.2439, train_rmse-1.4980, valid_rmse-1.5210, valid_pr-0.6102
epoch-10, train_loss-2.2400, train_rmse-1.4967, valid_rmse-1.5118, valid_pr-0.5881
epoch-11, train_loss-2.2107, train_rmse-1.4868, valid_rmse-1.5413, valid_pr-0.6173
epoch-12, train_loss-2.1610, train_rmse-1.4700, valid_rmse-1.4811, valid_pr-0.5987
Validation : valid_rmse-1.4811, valid_pr-0.5987, 
test2013_rmse-1.6973, test2013_pr-0.7037, test2016_rmse-1.5521, test2016_pr-0.7151, test2019_rmse-1.4654, test2019_pr-0.5795
epoch-13, train_loss-2.1260, train_rmse-1.4581, valid_rmse-1.5103, valid_pr-0.6098
epoch-14, train_loss-2.1372, train_rmse-1.4619, valid_rmse-1.4560, valid_pr-0.6179
Validation : valid_rmse-1.4560, valid_pr-0.6179, 
test2013_rmse-1.6190, test2013_pr-0.7423, test2016_rmse-1.5162, test2016_pr-0.7312, test2019_rmse-1.4532, test2019_pr-0.5902
epoch-15, train_loss-2.0306, train_rmse-1.4250, valid_rmse-1.4320, valid_pr-0.6339
Validation : valid_rmse-1.4320, valid_pr-0.6339, 
test2013_rmse-1.5983, test2013_pr-0.7438, test2016_rmse-1.4934, test2016_pr-0.7343, test2019_rmse-1.4548, test2019_pr-0.5935
epoch-16, train_loss-1.9862, train_rmse-1.4093, valid_rmse-1.4631, valid_pr-0.6296
epoch-17, train_loss-2.0566, train_rmse-1.4341, valid_rmse-1.4443, valid_pr-0.6280
epoch-18, train_loss-1.9300, train_rmse-1.3893, valid_rmse-1.4325, valid_pr-0.6314
epoch-19, train_loss-1.9379, train_rmse-1.3921, valid_rmse-1.4721, valid_pr-0.6570
epoch-20, train_loss-1.9119, train_rmse-1.3827, valid_rmse-1.4080, valid_pr-0.6479
Validation : valid_rmse-1.4080, valid_pr-0.6479, 
test2013_rmse-1.5734, test2013_pr-0.7579, test2016_rmse-1.4714, test2016_pr-0.7483, test2019_rmse-1.4281, test2019_pr-0.6063
epoch-21, train_loss-1.9118, train_rmse-1.3827, valid_rmse-1.4346, valid_pr-0.6376
epoch-22, train_loss-1.8705, train_rmse-1.3677, valid_rmse-1.4270, valid_pr-0.6460
epoch-23, train_loss-1.8465, train_rmse-1.3589, valid_rmse-1.4474, valid_pr-0.6397
epoch-24, train_loss-1.8833, train_rmse-1.3723, valid_rmse-1.3708, valid_pr-0.6753
Validation : valid_rmse-1.3708, valid_pr-0.6753, 
test2013_rmse-1.5713, test2013_pr-0.7529, test2016_rmse-1.4779, test2016_pr-0.7440, test2019_rmse-1.4394, test2019_pr-0.6090
epoch-25, train_loss-1.8681, train_rmse-1.3668, valid_rmse-1.4078, valid_pr-0.6734
epoch-26, train_loss-1.8022, train_rmse-1.3425, valid_rmse-1.5437, valid_pr-0.6559
epoch-27, train_loss-1.7090, train_rmse-1.3073, valid_rmse-1.3438, valid_pr-0.6859
Validation : valid_rmse-1.3438, valid_pr-0.6859, 
test2013_rmse-1.5276, test2013_pr-0.7770, test2016_rmse-1.4129, test2016_pr-0.7789, test2019_rmse-1.4343, test2019_pr-0.6063
epoch-28, train_loss-1.7210, train_rmse-1.3119, valid_rmse-1.3544, valid_pr-0.6831
epoch-29, train_loss-1.7272, train_rmse-1.3142, valid_rmse-1.4112, valid_pr-0.6688
epoch-30, train_loss-1.7187, train_rmse-1.3110, valid_rmse-1.4344, valid_pr-0.6553
epoch-31, train_loss-1.7070, train_rmse-1.3065, valid_rmse-1.3895, valid_pr-0.6694
epoch-32, train_loss-1.6702, train_rmse-1.2924, valid_rmse-1.3650, valid_pr-0.6758
epoch-33, train_loss-1.6441, train_rmse-1.2822, valid_rmse-1.3821, valid_pr-0.6685
epoch-34, train_loss-1.6479, train_rmse-1.2837, valid_rmse-1.4825, valid_pr-0.6619
epoch-35, train_loss-1.6944, train_rmse-1.3017, valid_rmse-1.3733, valid_pr-0.6829
epoch-36, train_loss-1.7106, train_rmse-1.3079, valid_rmse-1.3331, valid_pr-0.6926
Validation : valid_rmse-1.3331, valid_pr-0.6926, 
test2013_rmse-1.5927, test2013_pr-0.7504, test2016_rmse-1.4464, test2016_pr-0.7572, test2019_rmse-1.4397, test2019_pr-0.6062
epoch-37, train_loss-1.5831, train_rmse-1.2582, valid_rmse-1.4044, valid_pr-0.6855
epoch-38, train_loss-1.5637, train_rmse-1.2505, valid_rmse-1.3713, valid_pr-0.6800
epoch-39, train_loss-1.5481, train_rmse-1.2442, valid_rmse-1.4153, valid_pr-0.6712
epoch-40, train_loss-1.5367, train_rmse-1.2396, valid_rmse-1.3704, valid_pr-0.6850
epoch-41, train_loss-1.5266, train_rmse-1.2356, valid_rmse-1.3883, valid_pr-0.6773
epoch-42, train_loss-1.5122, train_rmse-1.2297, valid_rmse-1.3528, valid_pr-0.6814
epoch-43, train_loss-1.4870, train_rmse-1.2194, valid_rmse-1.3693, valid_pr-0.6745
epoch-44, train_loss-1.4736, train_rmse-1.2139, valid_rmse-1.3634, valid_pr-0.6770
epoch-45, train_loss-1.4593, train_rmse-1.2080, valid_rmse-1.3648, valid_pr-0.6830
epoch-46, train_loss-1.4239, train_rmse-1.1933, valid_rmse-1.3651, valid_pr-0.6793
epoch-47, train_loss-1.5211, train_rmse-1.2333, valid_rmse-1.3540, valid_pr-0.6844
epoch-48, train_loss-1.4601, train_rmse-1.2084, valid_rmse-1.3504, valid_pr-0.6923
epoch-49, train_loss-1.4723, train_rmse-1.2134, valid_rmse-1.3796, valid_pr-0.6875
epoch-50, train_loss-1.4165, train_rmse-1.1902, valid_rmse-1.3727, valid_pr-0.6786
epoch-51, train_loss-1.4014, train_rmse-1.1838, valid_rmse-1.3621, valid_pr-0.6824
epoch-52, train_loss-1.3970, train_rmse-1.1820, valid_rmse-1.3432, valid_pr-0.6928
epoch-53, train_loss-1.3703, train_rmse-1.1706, valid_rmse-1.3196, valid_pr-0.7023
Validation : valid_rmse-1.3196, valid_pr-0.7023, 
test2013_rmse-1.4747, test2013_pr-0.7906, test2016_rmse-1.3090, test2016_pr-0.8072, test2019_rmse-1.4483, test2019_pr-0.6120
epoch-54, train_loss-1.3593, train_rmse-1.1659, valid_rmse-1.3907, valid_pr-0.6654
epoch-55, train_loss-1.3361, train_rmse-1.1559, valid_rmse-1.3879, valid_pr-0.6750
epoch-56, train_loss-1.3221, train_rmse-1.1498, valid_rmse-1.4413, valid_pr-0.7015
epoch-57, train_loss-1.3551, train_rmse-1.1641, valid_rmse-1.3265, valid_pr-0.7123
epoch-58, train_loss-1.3250, train_rmse-1.1511, valid_rmse-1.3432, valid_pr-0.6897
epoch-59, train_loss-1.3698, train_rmse-1.1704, valid_rmse-1.3580, valid_pr-0.6916
epoch-60, train_loss-1.3193, train_rmse-1.1486, valid_rmse-1.3648, valid_pr-0.6776
epoch-61, train_loss-1.2902, train_rmse-1.1359, valid_rmse-1.3173, valid_pr-0.7051
Validation : valid_rmse-1.3173, valid_pr-0.7051, 
test2013_rmse-1.5854, test2013_pr-0.7447, test2016_rmse-1.3957, test2016_pr-0.7720, test2019_rmse-1.4582, test2019_pr-0.6095
epoch-62, train_loss-1.2351, train_rmse-1.1114, valid_rmse-1.3575, valid_pr-0.7035
epoch-63, train_loss-1.2453, train_rmse-1.1159, valid_rmse-1.3836, valid_pr-0.6811
epoch-64, train_loss-1.2596, train_rmse-1.1223, valid_rmse-1.3508, valid_pr-0.6933
epoch-65, train_loss-1.2537, train_rmse-1.1197, valid_rmse-1.3441, valid_pr-0.7037
epoch-66, train_loss-1.1873, train_rmse-1.0897, valid_rmse-1.3070, valid_pr-0.7205
Validation : valid_rmse-1.3070, valid_pr-0.7205, 
test2013_rmse-1.6128, test2013_pr-0.7427, test2016_rmse-1.4331, test2016_pr-0.7633, test2019_rmse-1.4934, test2019_pr-0.5938
epoch-67, train_loss-1.1538, train_rmse-1.0741, valid_rmse-1.3099, valid_pr-0.7067
epoch-68, train_loss-1.2090, train_rmse-1.0995, valid_rmse-1.3265, valid_pr-0.7017
epoch-69, train_loss-1.1597, train_rmse-1.0769, valid_rmse-1.3281, valid_pr-0.7087
epoch-70, train_loss-1.1851, train_rmse-1.0886, valid_rmse-1.3362, valid_pr-0.7208
epoch-71, train_loss-1.1852, train_rmse-1.0886, valid_rmse-1.3998, valid_pr-0.6918
epoch-72, train_loss-1.1733, train_rmse-1.0832, valid_rmse-1.3397, valid_pr-0.7163
epoch-73, train_loss-1.1300, train_rmse-1.0630, valid_rmse-1.3303, valid_pr-0.7025
epoch-74, train_loss-1.1259, train_rmse-1.0611, valid_rmse-1.3240, valid_pr-0.7086
epoch-75, train_loss-1.0450, train_rmse-1.0222, valid_rmse-1.3900, valid_pr-0.6805
epoch-76, train_loss-1.0876, train_rmse-1.0429, valid_rmse-1.3383, valid_pr-0.6994
epoch-77, train_loss-1.0610, train_rmse-1.0301, valid_rmse-1.3639, valid_pr-0.6967
epoch-78, train_loss-1.0602, train_rmse-1.0296, valid_rmse-1.3520, valid_pr-0.6955
epoch-79, train_loss-1.0800, train_rmse-1.0392, valid_rmse-1.3832, valid_pr-0.6867
epoch-80, train_loss-1.1267, train_rmse-1.0614, valid_rmse-1.3804, valid_pr-0.7109
epoch-81, train_loss-1.0800, train_rmse-1.0392, valid_rmse-1.3151, valid_pr-0.7200
epoch-82, train_loss-1.0416, train_rmse-1.0206, valid_rmse-1.3206, valid_pr-0.7103
epoch-83, train_loss-1.0057, train_rmse-1.0028, valid_rmse-1.3761, valid_pr-0.6857
epoch-84, train_loss-0.9981, train_rmse-0.9991, valid_rmse-1.3314, valid_pr-0.7006
epoch-85, train_loss-0.9736, train_rmse-0.9867, valid_rmse-1.2994, valid_pr-0.7199
Validation : valid_rmse-1.2994, valid_pr-0.7199, 
test2013_rmse-1.5804, test2013_pr-0.7395, test2016_rmse-1.3834, test2016_pr-0.7729, test2019_rmse-1.4931, test2019_pr-0.5968
epoch-86, train_loss-0.9805, train_rmse-0.9902, valid_rmse-1.3441, valid_pr-0.6975
epoch-87, train_loss-0.9774, train_rmse-0.9886, valid_rmse-1.3993, valid_pr-0.6754
epoch-88, train_loss-1.0101, train_rmse-1.0050, valid_rmse-1.3109, valid_pr-0.7113
epoch-89, train_loss-0.9718, train_rmse-0.9858, valid_rmse-1.3379, valid_pr-0.7035
epoch-90, train_loss-0.9588, train_rmse-0.9792, valid_rmse-1.3805, valid_pr-0.6963
epoch-91, train_loss-0.9172, train_rmse-0.9577, valid_rmse-1.3449, valid_pr-0.7009
epoch-92, train_loss-0.9241, train_rmse-0.9613, valid_rmse-1.3085, valid_pr-0.7108
epoch-93, train_loss-0.9216, train_rmse-0.9600, valid_rmse-1.3939, valid_pr-0.6811
epoch-94, train_loss-0.9026, train_rmse-0.9501, valid_rmse-1.3860, valid_pr-0.6755
epoch-95, train_loss-0.8758, train_rmse-0.9358, valid_rmse-1.3849, valid_pr-0.7011
epoch-96, train_loss-0.8500, train_rmse-0.9220, valid_rmse-1.3576, valid_pr-0.6981
epoch-97, train_loss-0.8744, train_rmse-0.9351, valid_rmse-1.3293, valid_pr-0.7118
epoch-98, train_loss-0.8407, train_rmse-0.9169, valid_rmse-1.3740, valid_pr-0.6991
epoch-99, train_loss-0.8502, train_rmse-0.9220, valid_rmse-1.3347, valid_pr-0.7232
epoch-100, train_loss-0.8552, train_rmse-0.9248, valid_rmse-1.3449, valid_pr-0.6987
epoch-101, train_loss-0.8461, train_rmse-0.9198, valid_rmse-1.3659, valid_pr-0.6930
epoch-102, train_loss-0.8474, train_rmse-0.9205, valid_rmse-1.3647, valid_pr-0.6964
epoch-103, train_loss-0.8109, train_rmse-0.9005, valid_rmse-1.3912, valid_pr-0.6748
epoch-104, train_loss-0.8282, train_rmse-0.9100, valid_rmse-1.4185, valid_pr-0.6959
epoch-105, train_loss-0.8423, train_rmse-0.9178, valid_rmse-1.3306, valid_pr-0.7117
epoch-106, train_loss-0.8050, train_rmse-0.8972, valid_rmse-1.3284, valid_pr-0.7196
epoch-107, train_loss-0.7828, train_rmse-0.8848, valid_rmse-1.3322, valid_pr-0.7071
epoch-108, train_loss-0.7750, train_rmse-0.8804, valid_rmse-1.3313, valid_pr-0.7121
epoch-109, train_loss-0.7569, train_rmse-0.8700, valid_rmse-1.3150, valid_pr-0.7225
epoch-110, train_loss-0.7671, train_rmse-0.8758, valid_rmse-1.3253, valid_pr-0.7210
epoch-111, train_loss-0.7178, train_rmse-0.8472, valid_rmse-1.3103, valid_pr-0.7156
epoch-112, train_loss-0.7012, train_rmse-0.8374, valid_rmse-1.3395, valid_pr-0.7096
epoch-113, train_loss-0.7300, train_rmse-0.8544, valid_rmse-1.3939, valid_pr-0.6958
epoch-114, train_loss-0.7134, train_rmse-0.8446, valid_rmse-1.3818, valid_pr-0.6894
epoch-115, train_loss-0.7164, train_rmse-0.8464, valid_rmse-1.4033, valid_pr-0.6621
epoch-116, train_loss-0.7479, train_rmse-0.8648, valid_rmse-1.3326, valid_pr-0.7211
epoch-117, train_loss-0.7224, train_rmse-0.8499, valid_rmse-1.3285, valid_pr-0.7075
epoch-118, train_loss-0.6702, train_rmse-0.8186, valid_rmse-1.3600, valid_pr-0.6966
epoch-119, train_loss-0.7062, train_rmse-0.8403, valid_rmse-1.3476, valid_pr-0.7045
epoch-120, train_loss-0.6936, train_rmse-0.8328, valid_rmse-1.3405, valid_pr-0.7009
epoch-121, train_loss-0.6824, train_rmse-0.8261, valid_rmse-1.3282, valid_pr-0.7099
epoch-122, train_loss-0.6727, train_rmse-0.8202, valid_rmse-1.3339, valid_pr-0.7143
epoch-123, train_loss-0.6459, train_rmse-0.8037, valid_rmse-1.3338, valid_pr-0.7098
epoch-124, train_loss-0.6468, train_rmse-0.8042, valid_rmse-1.4286, valid_pr-0.6710
epoch-125, train_loss-0.6993, train_rmse-0.8362, valid_rmse-1.3755, valid_pr-0.6885
epoch-126, train_loss-0.7057, train_rmse-0.8401, valid_rmse-1.3613, valid_pr-0.7037
epoch-127, train_loss-0.6091, train_rmse-0.7804, valid_rmse-1.3390, valid_pr-0.7028
epoch-128, train_loss-0.6100, train_rmse-0.7811, valid_rmse-1.3344, valid_pr-0.7123
epoch-129, train_loss-0.6073, train_rmse-0.7793, valid_rmse-1.3844, valid_pr-0.6864
epoch-130, train_loss-0.6072, train_rmse-0.7793, valid_rmse-1.3737, valid_pr-0.7033
epoch-131, train_loss-0.5789, train_rmse-0.7609, valid_rmse-1.3348, valid_pr-0.7015
epoch-132, train_loss-0.6208, train_rmse-0.7879, valid_rmse-1.3096, valid_pr-0.7140
epoch-133, train_loss-0.5998, train_rmse-0.7745, valid_rmse-1.4116, valid_pr-0.6881
epoch-134, train_loss-0.6074, train_rmse-0.7793, valid_rmse-1.3687, valid_pr-0.7016
epoch-135, train_loss-0.6268, train_rmse-0.7917, valid_rmse-1.3743, valid_pr-0.6932
epoch-136, train_loss-0.6280, train_rmse-0.7925, valid_rmse-1.3509, valid_pr-0.7028
epoch-137, train_loss-0.4603, train_rmse-0.6784, valid_rmse-1.3121, valid_pr-0.7230
epoch-138, train_loss-0.4075, train_rmse-0.6384, valid_rmse-1.3065, valid_pr-0.7263
epoch-139, train_loss-0.3818, train_rmse-0.6179, valid_rmse-1.3025, valid_pr-0.7263
epoch-140, train_loss-0.3670, train_rmse-0.6058, valid_rmse-1.3109, valid_pr-0.7281
epoch-141, train_loss-0.3665, train_rmse-0.6054, valid_rmse-1.3353, valid_pr-0.7085
epoch-142, train_loss-0.3439, train_rmse-0.5864, valid_rmse-1.3131, valid_pr-0.7247
epoch-143, train_loss-0.3577, train_rmse-0.5981, valid_rmse-1.3417, valid_pr-0.7082
epoch-144, train_loss-0.3407, train_rmse-0.5837, valid_rmse-1.3615, valid_pr-0.7032
epoch-145, train_loss-0.3408, train_rmse-0.5838, valid_rmse-1.3454, valid_pr-0.7148
epoch-146, train_loss-0.3383, train_rmse-0.5817, valid_rmse-1.3612, valid_pr-0.7213
epoch-147, train_loss-0.3423, train_rmse-0.5851, valid_rmse-1.3346, valid_pr-0.7081
epoch-148, train_loss-0.3390, train_rmse-0.5823, valid_rmse-1.3481, valid_pr-0.7101
epoch-149, train_loss-0.3365, train_rmse-0.5801, valid_rmse-1.3683, valid_pr-0.6970
epoch-150, train_loss-0.3379, train_rmse-0.5813, valid_rmse-1.3431, valid_pr-0.7100
epoch-151, train_loss-0.3377, train_rmse-0.5811, valid_rmse-1.3308, valid_pr-0.7151
epoch-152, train_loss-0.3212, train_rmse-0.5668, valid_rmse-1.3243, valid_pr-0.7166
epoch-153, train_loss-0.3289, train_rmse-0.5735, valid_rmse-1.3123, valid_pr-0.7220
epoch-154, train_loss-0.3140, train_rmse-0.5604, valid_rmse-1.3444, valid_pr-0.7059
epoch-155, train_loss-0.3196, train_rmse-0.5653, valid_rmse-1.3291, valid_pr-0.7125
epoch-156, train_loss-0.3025, train_rmse-0.5500, valid_rmse-1.3287, valid_pr-0.7100
epoch-157, train_loss-0.3165, train_rmse-0.5626, valid_rmse-1.3439, valid_pr-0.7074
epoch-158, train_loss-0.3033, train_rmse-0.5507, valid_rmse-1.3367, valid_pr-0.7204
epoch-159, train_loss-0.2949, train_rmse-0.5430, valid_rmse-1.3226, valid_pr-0.7163
epoch-160, train_loss-0.3037, train_rmse-0.5511, valid_rmse-1.2939, valid_pr-0.7265
Validation : valid_rmse-1.2939, valid_pr-0.7265, 
test2013_rmse-1.4059, test2013_pr-0.8114, test2016_rmse-1.3694, test2016_pr-0.7782, test2019_rmse-1.5057, test2019_pr-0.5936
epoch-161, train_loss-0.2969, train_rmse-0.5449, valid_rmse-1.3596, valid_pr-0.7092
epoch-162, train_loss-0.3005, train_rmse-0.5482, valid_rmse-1.3039, valid_pr-0.7273
epoch-163, train_loss-0.2923, train_rmse-0.5407, valid_rmse-1.3276, valid_pr-0.7132
epoch-164, train_loss-0.2804, train_rmse-0.5295, valid_rmse-1.3211, valid_pr-0.7149
epoch-165, train_loss-0.2849, train_rmse-0.5337, valid_rmse-1.3433, valid_pr-0.7103
epoch-166, train_loss-0.3242, train_rmse-0.5693, valid_rmse-1.3190, valid_pr-0.7200
epoch-167, train_loss-0.3025, train_rmse-0.5500, valid_rmse-1.3431, valid_pr-0.7172
epoch-168, train_loss-0.2825, train_rmse-0.5315, valid_rmse-1.3393, valid_pr-0.7046
epoch-169, train_loss-0.2803, train_rmse-0.5294, valid_rmse-1.3680, valid_pr-0.6988
epoch-170, train_loss-0.2834, train_rmse-0.5323, valid_rmse-1.3122, valid_pr-0.7266
epoch-171, train_loss-0.2851, train_rmse-0.5340, valid_rmse-1.3383, valid_pr-0.7103
epoch-172, train_loss-0.2721, train_rmse-0.5216, valid_rmse-1.3591, valid_pr-0.7023
epoch-173, train_loss-0.2666, train_rmse-0.5164, valid_rmse-1.3246, valid_pr-0.7172
epoch-174, train_loss-0.2741, train_rmse-0.5236, valid_rmse-1.3089, valid_pr-0.7217
epoch-175, train_loss-0.2748, train_rmse-0.5242, valid_rmse-1.3606, valid_pr-0.7068
epoch-176, train_loss-0.2722, train_rmse-0.5217, valid_rmse-1.3378, valid_pr-0.7191
epoch-177, train_loss-0.2580, train_rmse-0.5079, valid_rmse-1.3644, valid_pr-0.6949
epoch-178, train_loss-0.2625, train_rmse-0.5124, valid_rmse-1.3514, valid_pr-0.7038
epoch-179, train_loss-0.2552, train_rmse-0.5052, valid_rmse-1.3395, valid_pr-0.7105
epoch-180, train_loss-0.2532, train_rmse-0.5032, valid_rmse-1.3435, valid_pr-0.7074
epoch-181, train_loss-0.2687, train_rmse-0.5184, valid_rmse-1.3383, valid_pr-0.7082
epoch-182, train_loss-0.2778, train_rmse-0.5271, valid_rmse-1.3312, valid_pr-0.7084
epoch-183, train_loss-0.2605, train_rmse-0.5104, valid_rmse-1.3232, valid_pr-0.7172
epoch-184, train_loss-0.2457, train_rmse-0.4957, valid_rmse-1.3417, valid_pr-0.7051
epoch-185, train_loss-0.2504, train_rmse-0.5004, valid_rmse-1.3453, valid_pr-0.7116
epoch-186, train_loss-0.2584, train_rmse-0.5083, valid_rmse-1.3503, valid_pr-0.7110
epoch-187, train_loss-0.2559, train_rmse-0.5059, valid_rmse-1.3245, valid_pr-0.7172
epoch-188, train_loss-0.2498, train_rmse-0.4998, valid_rmse-1.3115, valid_pr-0.7217
epoch-189, train_loss-0.2364, train_rmse-0.4862, valid_rmse-1.3647, valid_pr-0.7059
epoch-190, train_loss-0.2258, train_rmse-0.4752, valid_rmse-1.3446, valid_pr-0.7030
epoch-191, train_loss-0.2232, train_rmse-0.4724, valid_rmse-1.3433, valid_pr-0.7082
epoch-192, train_loss-0.2370, train_rmse-0.4868, valid_rmse-1.3148, valid_pr-0.7183
epoch-193, train_loss-0.2263, train_rmse-0.4757, valid_rmse-1.3249, valid_pr-0.7149
epoch-194, train_loss-0.2374, train_rmse-0.4872, valid_rmse-1.3323, valid_pr-0.7102
epoch-195, train_loss-0.2427, train_rmse-0.4926, valid_rmse-1.3195, valid_pr-0.7195
epoch-196, train_loss-0.2398, train_rmse-0.4897, valid_rmse-1.3183, valid_pr-0.7194
epoch-197, train_loss-0.2341, train_rmse-0.4838, valid_rmse-1.3028, valid_pr-0.7253
epoch-198, train_loss-0.2340, train_rmse-0.4837, valid_rmse-1.3494, valid_pr-0.7043
epoch-199, train_loss-0.2228, train_rmse-0.4720, valid_rmse-1.3311, valid_pr-0.7098
epoch-200, train_loss-0.2378, train_rmse-0.4876, valid_rmse-1.3442, valid_pr-0.7069
epoch-201, train_loss-0.2154, train_rmse-0.4641, valid_rmse-1.3315, valid_pr-0.7143
epoch-202, train_loss-0.2203, train_rmse-0.4694, valid_rmse-1.3404, valid_pr-0.7120
epoch-203, train_loss-0.2307, train_rmse-0.4803, valid_rmse-1.3316, valid_pr-0.7175
epoch-204, train_loss-0.2279, train_rmse-0.4774, valid_rmse-1.3554, valid_pr-0.7072
epoch-205, train_loss-0.2287, train_rmse-0.4782, valid_rmse-1.3436, valid_pr-0.7045
epoch-206, train_loss-0.2245, train_rmse-0.4738, valid_rmse-1.2978, valid_pr-0.7263
epoch-207, train_loss-0.2271, train_rmse-0.4765, valid_rmse-1.3415, valid_pr-0.7160
epoch-208, train_loss-0.2256, train_rmse-0.4749, valid_rmse-1.3429, valid_pr-0.7098
epoch-209, train_loss-0.2366, train_rmse-0.4864, valid_rmse-1.3565, valid_pr-0.7100
epoch-210, train_loss-0.2294, train_rmse-0.4790, valid_rmse-1.3097, valid_pr-0.7196
epoch-211, train_loss-0.2125, train_rmse-0.4610, valid_rmse-1.3291, valid_pr-0.7185
epoch-212, train_loss-0.1868, train_rmse-0.4322, valid_rmse-1.3297, valid_pr-0.7171
epoch-213, train_loss-0.1650, train_rmse-0.4062, valid_rmse-1.3258, valid_pr-0.7172
epoch-214, train_loss-0.1515, train_rmse-0.3892, valid_rmse-1.3133, valid_pr-0.7204
epoch-215, train_loss-0.1542, train_rmse-0.3927, valid_rmse-1.3096, valid_pr-0.7210
epoch-216, train_loss-0.1528, train_rmse-0.3909, valid_rmse-1.3126, valid_pr-0.7206
epoch-217, train_loss-0.1497, train_rmse-0.3869, valid_rmse-1.3198, valid_pr-0.7167
epoch-218, train_loss-0.1491, train_rmse-0.3861, valid_rmse-1.3225, valid_pr-0.7168
epoch-219, train_loss-0.1428, train_rmse-0.3780, valid_rmse-1.3004, valid_pr-0.7241
epoch-220, train_loss-0.1383, train_rmse-0.3719, valid_rmse-1.3208, valid_pr-0.7180
epoch-221, train_loss-0.1407, train_rmse-0.3752, valid_rmse-1.3076, valid_pr-0.7248
epoch-222, train_loss-0.1376, train_rmse-0.3709, valid_rmse-1.3318, valid_pr-0.7121
epoch-223, train_loss-0.1403, train_rmse-0.3746, valid_rmse-1.3198, valid_pr-0.7186
epoch-224, train_loss-0.1402, train_rmse-0.3745, valid_rmse-1.3276, valid_pr-0.7145
epoch-225, train_loss-0.1380, train_rmse-0.3715, valid_rmse-1.3436, valid_pr-0.7106
epoch-226, train_loss-0.1463, train_rmse-0.3825, valid_rmse-1.3252, valid_pr-0.7143
epoch-227, train_loss-0.1443, train_rmse-0.3799, valid_rmse-1.3256, valid_pr-0.7170
epoch-228, train_loss-0.1379, train_rmse-0.3714, valid_rmse-1.3276, valid_pr-0.7170
epoch-229, train_loss-0.1418, train_rmse-0.3765, valid_rmse-1.3215, valid_pr-0.7149
epoch-230, train_loss-0.1405, train_rmse-0.3748, valid_rmse-1.3501, valid_pr-0.7140
epoch-231, train_loss-0.1374, train_rmse-0.3707, valid_rmse-1.3074, valid_pr-0.7221
epoch-232, train_loss-0.1346, train_rmse-0.3669, valid_rmse-1.3275, valid_pr-0.7149
epoch-233, train_loss-0.1376, train_rmse-0.3710, valid_rmse-1.3236, valid_pr-0.7179
epoch-234, train_loss-0.1368, train_rmse-0.3699, valid_rmse-1.3334, valid_pr-0.7167
epoch-235, train_loss-0.1348, train_rmse-0.3671, valid_rmse-1.3365, valid_pr-0.7109
epoch-236, train_loss-0.1392, train_rmse-0.3731, valid_rmse-1.3268, valid_pr-0.7154
epoch-237, train_loss-0.1338, train_rmse-0.3658, valid_rmse-1.3148, valid_pr-0.7186
epoch-238, train_loss-0.1378, train_rmse-0.3712, valid_rmse-1.3219, valid_pr-0.7171
epoch-239, train_loss-0.1395, train_rmse-0.3735, valid_rmse-1.3384, valid_pr-0.7116
epoch-240, train_loss-0.1378, train_rmse-0.3713, valid_rmse-1.3272, valid_pr-0.7191
epoch-241, train_loss-0.1457, train_rmse-0.3817, valid_rmse-1.3414, valid_pr-0.7134
epoch-242, train_loss-0.1422, train_rmse-0.3771, valid_rmse-1.3208, valid_pr-0.7206
epoch-243, train_loss-0.1311, train_rmse-0.3620, valid_rmse-1.3344, valid_pr-0.7146
epoch-244, train_loss-0.1266, train_rmse-0.3558, valid_rmse-1.3234, valid_pr-0.7139
epoch-245, train_loss-0.1300, train_rmse-0.3606, valid_rmse-1.3294, valid_pr-0.7131
epoch-246, train_loss-0.1293, train_rmse-0.3596, valid_rmse-1.3294, valid_pr-0.7133
epoch-247, train_loss-0.1332, train_rmse-0.3650, valid_rmse-1.3291, valid_pr-0.7132
epoch-248, train_loss-0.1301, train_rmse-0.3607, valid_rmse-1.3312, valid_pr-0.7145
epoch-249, train_loss-0.1282, train_rmse-0.3580, valid_rmse-1.3169, valid_pr-0.7187
epoch-250, train_loss-0.1411, train_rmse-0.3756, valid_rmse-1.3138, valid_pr-0.7211
epoch-251, train_loss-0.1375, train_rmse-0.3708, valid_rmse-1.3112, valid_pr-0.7206
epoch-252, train_loss-0.1243, train_rmse-0.3525, valid_rmse-1.3236, valid_pr-0.7179
epoch-253, train_loss-0.1255, train_rmse-0.3542, valid_rmse-1.3141, valid_pr-0.7221
epoch-254, train_loss-0.1354, train_rmse-0.3680, valid_rmse-1.3331, valid_pr-0.7143
epoch-255, train_loss-0.1231, train_rmse-0.3509, valid_rmse-1.3181, valid_pr-0.7184
epoch-256, train_loss-0.1224, train_rmse-0.3499, valid_rmse-1.3285, valid_pr-0.7158
epoch-257, train_loss-0.1323, train_rmse-0.3637, valid_rmse-1.3374, valid_pr-0.7111
epoch-258, train_loss-0.1267, train_rmse-0.3559, valid_rmse-1.3267, valid_pr-0.7154
epoch-259, train_loss-0.1203, train_rmse-0.3468, valid_rmse-1.3017, valid_pr-0.7223
epoch-260, train_loss-0.1256, train_rmse-0.3544, valid_rmse-1.3265, valid_pr-0.7227
epoch-261, train_loss-0.1262, train_rmse-0.3552, valid_rmse-1.3241, valid_pr-0.7171
early stop in epoch 261
best_rmse: 1.2939
valid_rmse-1.2939, valid_pr-0.7265, test2013_rmse-1.4059, test2013_pr-0.8114, test2016_rmse-1.3694, test2016_pr-0.7782, test2019_rmse-1.5057, test2019_pr-0.5936
