ASD, lr=0.001, seed=146
train_ASD.py
train data: 11904
valid data: 1000
test2013 data: 107
test2016 data: 285
test2019 data: 4366
GIGN params # : 42663002
epoch-0, train_loss-6.0914, train_rmse-2.4681, valid_rmse-1.8268, valid_pr-0.3051
Validation : valid_rmse-1.8268, valid_pr-0.3051, 
test2013_rmse-2.1798, test2013_pr-0.3503, test2016_rmse-2.0600, test2016_pr-0.3375, test2019_rmse-1.8096, test2019_pr-0.2760
epoch-1, train_loss-3.3856, train_rmse-1.8400, valid_rmse-1.8804, valid_pr-0.3117
epoch-2, train_loss-3.1461, train_rmse-1.7737, valid_rmse-1.7483, valid_pr-0.3891
Validation : valid_rmse-1.7483, valid_pr-0.3891, 
test2013_rmse-2.0801, test2013_pr-0.4491, test2016_rmse-1.9243, test2016_pr-0.4693, test2019_rmse-1.7060, test2019_pr-0.3751
epoch-3, train_loss-2.9258, train_rmse-1.7105, valid_rmse-1.8477, valid_pr-0.4071
epoch-4, train_loss-2.8857, train_rmse-1.6987, valid_rmse-1.6610, valid_pr-0.4489
Validation : valid_rmse-1.6610, valid_pr-0.4489, 
test2013_rmse-2.0564, test2013_pr-0.4672, test2016_rmse-1.8900, test2016_pr-0.4944, test2019_rmse-1.6807, test2019_pr-0.3764
epoch-5, train_loss-2.7152, train_rmse-1.6478, valid_rmse-1.7114, valid_pr-0.4026
epoch-6, train_loss-2.6604, train_rmse-1.6311, valid_rmse-1.7072, valid_pr-0.4868
epoch-7, train_loss-2.6210, train_rmse-1.6189, valid_rmse-1.6857, valid_pr-0.4670
epoch-8, train_loss-2.5372, train_rmse-1.5929, valid_rmse-1.6680, valid_pr-0.4807
epoch-9, train_loss-2.4398, train_rmse-1.5620, valid_rmse-1.6571, valid_pr-0.4946
Validation : valid_rmse-1.6571, valid_pr-0.4946, 
test2013_rmse-1.8977, test2013_pr-0.6291, test2016_rmse-1.7944, test2016_pr-0.6192, test2019_rmse-1.6382, test2019_pr-0.4355
epoch-10, train_loss-2.3405, train_rmse-1.5299, valid_rmse-1.6001, valid_pr-0.5144
Validation : valid_rmse-1.6001, valid_pr-0.5144, 
test2013_rmse-1.7910, test2013_pr-0.6419, test2016_rmse-1.6734, test2016_pr-0.6373, test2019_rmse-1.5972, test2019_pr-0.4773
epoch-11, train_loss-2.3495, train_rmse-1.5328, valid_rmse-1.5809, valid_pr-0.5390
Validation : valid_rmse-1.5809, valid_pr-0.5390, 
test2013_rmse-1.8927, test2013_pr-0.5927, test2016_rmse-1.6970, test2016_pr-0.6297, test2019_rmse-1.6393, test2019_pr-0.4654
epoch-12, train_loss-2.3262, train_rmse-1.5252, valid_rmse-1.5749, valid_pr-0.5465
Validation : valid_rmse-1.5749, valid_pr-0.5465, 
test2013_rmse-1.8819, test2013_pr-0.5902, test2016_rmse-1.7571, test2016_pr-0.5904, test2019_rmse-1.6618, test2019_pr-0.4491
epoch-13, train_loss-2.2494, train_rmse-1.4998, valid_rmse-1.5742, valid_pr-0.5491
Validation : valid_rmse-1.5742, valid_pr-0.5491, 
test2013_rmse-1.7457, test2013_pr-0.6820, test2016_rmse-1.6589, test2016_pr-0.6590, test2019_rmse-1.6222, test2019_pr-0.4667
epoch-14, train_loss-2.2136, train_rmse-1.4878, valid_rmse-1.5813, valid_pr-0.5835
epoch-15, train_loss-2.1582, train_rmse-1.4691, valid_rmse-1.5123, valid_pr-0.5800
Validation : valid_rmse-1.5123, valid_pr-0.5800, 
test2013_rmse-1.8141, test2013_pr-0.6287, test2016_rmse-1.5969, test2016_pr-0.6849, test2019_rmse-1.5627, test2019_pr-0.5034
epoch-16, train_loss-2.1083, train_rmse-1.4520, valid_rmse-1.5315, valid_pr-0.5771
epoch-17, train_loss-2.1381, train_rmse-1.4622, valid_rmse-1.5301, valid_pr-0.5707
epoch-18, train_loss-2.0865, train_rmse-1.4445, valid_rmse-1.5228, valid_pr-0.5816
epoch-19, train_loss-2.0525, train_rmse-1.4326, valid_rmse-1.5176, valid_pr-0.5856
epoch-20, train_loss-1.9693, train_rmse-1.4033, valid_rmse-1.5104, valid_pr-0.5864
Validation : valid_rmse-1.5104, valid_pr-0.5864, 
test2013_rmse-1.6635, test2013_pr-0.7202, test2016_rmse-1.5642, test2016_pr-0.7047, test2019_rmse-1.5148, test2019_pr-0.5391
epoch-21, train_loss-1.9380, train_rmse-1.3921, valid_rmse-1.4986, valid_pr-0.5914
Validation : valid_rmse-1.4986, valid_pr-0.5914, 
test2013_rmse-1.7379, test2013_pr-0.6693, test2016_rmse-1.6443, test2016_pr-0.6588, test2019_rmse-1.5543, test2019_pr-0.5115
epoch-22, train_loss-1.9582, train_rmse-1.3993, valid_rmse-1.4756, valid_pr-0.6043
Validation : valid_rmse-1.4756, valid_pr-0.6043, 
test2013_rmse-1.7482, test2013_pr-0.6808, test2016_rmse-1.6116, test2016_pr-0.6806, test2019_rmse-1.5293, test2019_pr-0.5294
epoch-23, train_loss-1.9589, train_rmse-1.3996, valid_rmse-1.5291, valid_pr-0.5714
epoch-24, train_loss-1.8919, train_rmse-1.3755, valid_rmse-1.5652, valid_pr-0.5889
epoch-25, train_loss-1.8307, train_rmse-1.3530, valid_rmse-1.4466, valid_pr-0.6255
Validation : valid_rmse-1.4466, valid_pr-0.6255, 
test2013_rmse-1.5761, test2013_pr-0.7563, test2016_rmse-1.5179, test2016_pr-0.7305, test2019_rmse-1.5143, test2019_pr-0.5383
epoch-26, train_loss-1.8040, train_rmse-1.3431, valid_rmse-1.4608, valid_pr-0.6342
epoch-27, train_loss-1.8156, train_rmse-1.3475, valid_rmse-1.4459, valid_pr-0.6342
Validation : valid_rmse-1.4459, valid_pr-0.6342, 
test2013_rmse-1.6668, test2013_pr-0.7075, test2016_rmse-1.5324, test2016_pr-0.7176, test2019_rmse-1.5576, test2019_pr-0.5295
epoch-28, train_loss-1.7604, train_rmse-1.3268, valid_rmse-1.4309, valid_pr-0.6334
Validation : valid_rmse-1.4309, valid_pr-0.6334, 
test2013_rmse-1.5097, test2013_pr-0.7953, test2016_rmse-1.4904, test2016_pr-0.7399, test2019_rmse-1.5189, test2019_pr-0.5413
epoch-29, train_loss-1.7747, train_rmse-1.3322, valid_rmse-1.4648, valid_pr-0.6213
epoch-30, train_loss-1.7371, train_rmse-1.3180, valid_rmse-1.4753, valid_pr-0.6132
epoch-31, train_loss-1.7212, train_rmse-1.3119, valid_rmse-1.4457, valid_pr-0.6303
epoch-32, train_loss-1.6871, train_rmse-1.2989, valid_rmse-1.4586, valid_pr-0.6292
epoch-33, train_loss-1.6895, train_rmse-1.2998, valid_rmse-1.4306, valid_pr-0.6404
Validation : valid_rmse-1.4306, valid_pr-0.6404, 
test2013_rmse-1.6366, test2013_pr-0.7390, test2016_rmse-1.5613, test2016_pr-0.7184, test2019_rmse-1.5107, test2019_pr-0.5516
epoch-34, train_loss-1.6364, train_rmse-1.2792, valid_rmse-1.4040, valid_pr-0.6539
Validation : valid_rmse-1.4040, valid_pr-0.6539, 
test2013_rmse-1.5931, test2013_pr-0.7526, test2016_rmse-1.4750, test2016_pr-0.7414, test2019_rmse-1.5268, test2019_pr-0.5550
epoch-35, train_loss-1.6411, train_rmse-1.2811, valid_rmse-1.5214, valid_pr-0.6018
epoch-36, train_loss-1.5921, train_rmse-1.2618, valid_rmse-1.4572, valid_pr-0.6344
epoch-37, train_loss-1.6023, train_rmse-1.2658, valid_rmse-1.4486, valid_pr-0.6322
epoch-38, train_loss-1.5709, train_rmse-1.2533, valid_rmse-1.4643, valid_pr-0.6302
epoch-39, train_loss-1.5438, train_rmse-1.2425, valid_rmse-1.5274, valid_pr-0.6198
epoch-40, train_loss-1.5832, train_rmse-1.2583, valid_rmse-1.4302, valid_pr-0.6373
epoch-41, train_loss-1.5472, train_rmse-1.2439, valid_rmse-1.4070, valid_pr-0.6547
epoch-42, train_loss-1.4839, train_rmse-1.2182, valid_rmse-1.4139, valid_pr-0.6557
epoch-43, train_loss-1.4864, train_rmse-1.2192, valid_rmse-1.4588, valid_pr-0.6283
epoch-44, train_loss-1.5193, train_rmse-1.2326, valid_rmse-1.4156, valid_pr-0.6467
epoch-45, train_loss-1.5325, train_rmse-1.2380, valid_rmse-1.4926, valid_pr-0.6411
epoch-46, train_loss-1.4507, train_rmse-1.2045, valid_rmse-1.4363, valid_pr-0.6328
epoch-47, train_loss-1.4714, train_rmse-1.2130, valid_rmse-1.4851, valid_pr-0.6427
epoch-48, train_loss-1.4312, train_rmse-1.1963, valid_rmse-1.4350, valid_pr-0.6500
epoch-49, train_loss-1.3874, train_rmse-1.1779, valid_rmse-1.4294, valid_pr-0.6593
epoch-50, train_loss-1.4099, train_rmse-1.1874, valid_rmse-1.4313, valid_pr-0.6462
epoch-51, train_loss-1.4698, train_rmse-1.2123, valid_rmse-1.4661, valid_pr-0.6255
epoch-52, train_loss-1.4292, train_rmse-1.1955, valid_rmse-1.4278, valid_pr-0.6447
epoch-53, train_loss-1.3351, train_rmse-1.1555, valid_rmse-1.3897, valid_pr-0.6663
Validation : valid_rmse-1.3897, valid_pr-0.6663, 
test2013_rmse-1.5256, test2013_pr-0.7641, test2016_rmse-1.4770, test2016_pr-0.7361, test2019_rmse-1.5082, test2019_pr-0.5708
epoch-54, train_loss-1.3567, train_rmse-1.1648, valid_rmse-1.3825, valid_pr-0.6672
Validation : valid_rmse-1.3825, valid_pr-0.6672, 
test2013_rmse-1.6026, test2013_pr-0.7377, test2016_rmse-1.4750, test2016_pr-0.7457, test2019_rmse-1.4875, test2019_pr-0.5731
epoch-55, train_loss-1.3307, train_rmse-1.1536, valid_rmse-1.4198, valid_pr-0.6643
epoch-56, train_loss-1.2935, train_rmse-1.1373, valid_rmse-1.4037, valid_pr-0.6578
epoch-57, train_loss-1.2713, train_rmse-1.1275, valid_rmse-1.4373, valid_pr-0.6453
epoch-58, train_loss-1.2781, train_rmse-1.1305, valid_rmse-1.4278, valid_pr-0.6440
epoch-59, train_loss-1.2595, train_rmse-1.1223, valid_rmse-1.5718, valid_pr-0.6305
epoch-60, train_loss-1.2617, train_rmse-1.1233, valid_rmse-1.4019, valid_pr-0.6586
epoch-61, train_loss-1.2651, train_rmse-1.1248, valid_rmse-1.4584, valid_pr-0.6239
epoch-62, train_loss-1.2853, train_rmse-1.1337, valid_rmse-1.5100, valid_pr-0.6230
epoch-63, train_loss-1.2405, train_rmse-1.1138, valid_rmse-1.4644, valid_pr-0.6365
epoch-64, train_loss-1.2408, train_rmse-1.1139, valid_rmse-1.3810, valid_pr-0.6737
Validation : valid_rmse-1.3810, valid_pr-0.6737, 
test2013_rmse-1.6053, test2013_pr-0.7236, test2016_rmse-1.4711, test2016_pr-0.7354, test2019_rmse-1.5043, test2019_pr-0.5750
epoch-65, train_loss-1.2314, train_rmse-1.1097, valid_rmse-1.3903, valid_pr-0.6640
epoch-66, train_loss-1.2282, train_rmse-1.1083, valid_rmse-1.4453, valid_pr-0.6393
epoch-67, train_loss-1.2197, train_rmse-1.1044, valid_rmse-1.4661, valid_pr-0.6522
epoch-68, train_loss-1.2086, train_rmse-1.0994, valid_rmse-1.4113, valid_pr-0.6621
epoch-69, train_loss-1.2062, train_rmse-1.0983, valid_rmse-1.3898, valid_pr-0.6694
epoch-70, train_loss-1.1489, train_rmse-1.0719, valid_rmse-1.4140, valid_pr-0.6613
epoch-71, train_loss-1.1746, train_rmse-1.0838, valid_rmse-1.4586, valid_pr-0.6433
epoch-72, train_loss-1.1733, train_rmse-1.0832, valid_rmse-1.4062, valid_pr-0.6592
epoch-73, train_loss-1.1358, train_rmse-1.0657, valid_rmse-1.4441, valid_pr-0.6364
epoch-74, train_loss-1.1394, train_rmse-1.0674, valid_rmse-1.4303, valid_pr-0.6593
epoch-75, train_loss-1.0900, train_rmse-1.0440, valid_rmse-1.4690, valid_pr-0.6303
epoch-76, train_loss-1.1132, train_rmse-1.0551, valid_rmse-1.4689, valid_pr-0.6416
epoch-77, train_loss-1.0800, train_rmse-1.0392, valid_rmse-1.4497, valid_pr-0.6584
epoch-78, train_loss-1.1026, train_rmse-1.0500, valid_rmse-1.4224, valid_pr-0.6614
epoch-79, train_loss-1.0961, train_rmse-1.0469, valid_rmse-1.4189, valid_pr-0.6537
epoch-80, train_loss-1.0530, train_rmse-1.0262, valid_rmse-1.4359, valid_pr-0.6618
epoch-81, train_loss-1.0398, train_rmse-1.0197, valid_rmse-1.4453, valid_pr-0.6667
epoch-82, train_loss-1.0235, train_rmse-1.0117, valid_rmse-1.3887, valid_pr-0.6759
epoch-83, train_loss-1.0041, train_rmse-1.0020, valid_rmse-1.4392, valid_pr-0.6432
epoch-84, train_loss-1.0167, train_rmse-1.0083, valid_rmse-1.4037, valid_pr-0.6670
epoch-85, train_loss-0.9657, train_rmse-0.9827, valid_rmse-1.4611, valid_pr-0.6460
epoch-86, train_loss-0.9675, train_rmse-0.9836, valid_rmse-1.4651, valid_pr-0.6364
epoch-87, train_loss-0.9715, train_rmse-0.9856, valid_rmse-1.4838, valid_pr-0.6402
epoch-88, train_loss-0.9347, train_rmse-0.9668, valid_rmse-1.4871, valid_pr-0.6450
epoch-89, train_loss-0.9081, train_rmse-0.9529, valid_rmse-1.4173, valid_pr-0.6588
epoch-90, train_loss-0.8958, train_rmse-0.9464, valid_rmse-1.4049, valid_pr-0.6680
epoch-91, train_loss-0.8826, train_rmse-0.9395, valid_rmse-1.4766, valid_pr-0.6427
epoch-92, train_loss-0.9530, train_rmse-0.9762, valid_rmse-1.3878, valid_pr-0.6781
epoch-93, train_loss-0.9219, train_rmse-0.9601, valid_rmse-1.4414, valid_pr-0.6542
epoch-94, train_loss-0.9316, train_rmse-0.9652, valid_rmse-1.4995, valid_pr-0.6462
epoch-95, train_loss-0.9245, train_rmse-0.9615, valid_rmse-1.4631, valid_pr-0.6325
epoch-96, train_loss-0.9177, train_rmse-0.9580, valid_rmse-1.4425, valid_pr-0.6513
epoch-97, train_loss-0.9189, train_rmse-0.9586, valid_rmse-1.4580, valid_pr-0.6449
epoch-98, train_loss-0.8854, train_rmse-0.9410, valid_rmse-1.4095, valid_pr-0.6670
epoch-99, train_loss-0.8853, train_rmse-0.9409, valid_rmse-1.4765, valid_pr-0.6656
epoch-100, train_loss-0.8687, train_rmse-0.9321, valid_rmse-1.4134, valid_pr-0.6670
epoch-101, train_loss-0.8284, train_rmse-0.9102, valid_rmse-1.4133, valid_pr-0.6681
epoch-102, train_loss-0.8121, train_rmse-0.9012, valid_rmse-1.4280, valid_pr-0.6605
epoch-103, train_loss-0.8009, train_rmse-0.8950, valid_rmse-1.4427, valid_pr-0.6652
epoch-104, train_loss-0.7859, train_rmse-0.8865, valid_rmse-1.4233, valid_pr-0.6566
epoch-105, train_loss-0.8115, train_rmse-0.9008, valid_rmse-1.4757, valid_pr-0.6555
epoch-106, train_loss-0.8037, train_rmse-0.8965, valid_rmse-1.5139, valid_pr-0.6350
epoch-107, train_loss-0.7576, train_rmse-0.8704, valid_rmse-1.4505, valid_pr-0.6578
epoch-108, train_loss-0.7768, train_rmse-0.8813, valid_rmse-1.4311, valid_pr-0.6579
epoch-109, train_loss-0.7345, train_rmse-0.8570, valid_rmse-1.4280, valid_pr-0.6505
epoch-110, train_loss-0.7436, train_rmse-0.8623, valid_rmse-1.4085, valid_pr-0.6782
epoch-111, train_loss-0.7404, train_rmse-0.8604, valid_rmse-1.4088, valid_pr-0.6763
epoch-112, train_loss-0.7308, train_rmse-0.8549, valid_rmse-1.4297, valid_pr-0.6576
epoch-113, train_loss-0.7559, train_rmse-0.8694, valid_rmse-1.3960, valid_pr-0.6848
epoch-114, train_loss-0.7098, train_rmse-0.8425, valid_rmse-1.4013, valid_pr-0.6748
epoch-115, train_loss-0.7060, train_rmse-0.8402, valid_rmse-1.3762, valid_pr-0.6800
Validation : valid_rmse-1.3762, valid_pr-0.6800, 
test2013_rmse-1.5256, test2013_pr-0.7681, test2016_rmse-1.4570, test2016_pr-0.7417, test2019_rmse-1.5441, test2019_pr-0.5603
epoch-116, train_loss-0.7212, train_rmse-0.8492, valid_rmse-1.4083, valid_pr-0.6609
epoch-117, train_loss-0.7321, train_rmse-0.8556, valid_rmse-1.4281, valid_pr-0.6530
epoch-118, train_loss-0.7208, train_rmse-0.8490, valid_rmse-1.4415, valid_pr-0.6540
epoch-119, train_loss-0.7262, train_rmse-0.8522, valid_rmse-1.4199, valid_pr-0.6576
epoch-120, train_loss-0.6924, train_rmse-0.8321, valid_rmse-1.3613, valid_pr-0.6882
Validation : valid_rmse-1.3613, valid_pr-0.6882, 
test2013_rmse-1.6305, test2013_pr-0.7180, test2016_rmse-1.4922, test2016_pr-0.7305, test2019_rmse-1.5577, test2019_pr-0.5519
epoch-121, train_loss-0.6726, train_rmse-0.8201, valid_rmse-1.4241, valid_pr-0.6659
epoch-122, train_loss-0.6443, train_rmse-0.8027, valid_rmse-1.4263, valid_pr-0.6629
epoch-123, train_loss-0.6405, train_rmse-0.8003, valid_rmse-1.4605, valid_pr-0.6548
epoch-124, train_loss-0.6866, train_rmse-0.8286, valid_rmse-1.4479, valid_pr-0.6648
epoch-125, train_loss-0.6565, train_rmse-0.8102, valid_rmse-1.4449, valid_pr-0.6529
epoch-126, train_loss-0.6447, train_rmse-0.8030, valid_rmse-1.4739, valid_pr-0.6403
epoch-127, train_loss-0.8052, train_rmse-0.8973, valid_rmse-1.4384, valid_pr-0.6606
epoch-128, train_loss-0.6876, train_rmse-0.8292, valid_rmse-1.3872, valid_pr-0.6808
epoch-129, train_loss-0.6381, train_rmse-0.7988, valid_rmse-1.3990, valid_pr-0.6832
epoch-130, train_loss-0.6524, train_rmse-0.8077, valid_rmse-1.4280, valid_pr-0.6717
epoch-131, train_loss-0.6006, train_rmse-0.7750, valid_rmse-1.4162, valid_pr-0.6762
epoch-132, train_loss-0.6865, train_rmse-0.8285, valid_rmse-1.6827, valid_pr-0.6561
epoch-133, train_loss-2.4512, train_rmse-1.5656, valid_rmse-1.5558, valid_pr-0.5963
epoch-134, train_loss-1.8048, train_rmse-1.3434, valid_rmse-1.4764, valid_pr-0.6252
epoch-135, train_loss-1.4896, train_rmse-1.2205, valid_rmse-1.4105, valid_pr-0.6573
epoch-136, train_loss-1.3458, train_rmse-1.1601, valid_rmse-1.3852, valid_pr-0.6692
epoch-137, train_loss-1.2550, train_rmse-1.1203, valid_rmse-1.6903, valid_pr-0.5563
epoch-138, train_loss-1.8162, train_rmse-1.3477, valid_rmse-1.4345, valid_pr-0.6460
epoch-139, train_loss-1.4622, train_rmse-1.2092, valid_rmse-1.4492, valid_pr-0.6620
epoch-140, train_loss-1.2359, train_rmse-1.1117, valid_rmse-1.3851, valid_pr-0.6722
epoch-141, train_loss-1.0963, train_rmse-1.0471, valid_rmse-1.3540, valid_pr-0.6941
Validation : valid_rmse-1.3540, valid_pr-0.6941, 
test2013_rmse-1.6104, test2013_pr-0.7291, test2016_rmse-1.4504, test2016_pr-0.7461, test2019_rmse-1.5266, test2019_pr-0.5691
epoch-142, train_loss-1.0350, train_rmse-1.0173, valid_rmse-1.3676, valid_pr-0.6842
epoch-143, train_loss-0.8983, train_rmse-0.9478, valid_rmse-1.4135, valid_pr-0.6731
epoch-144, train_loss-0.8667, train_rmse-0.9310, valid_rmse-1.4099, valid_pr-0.6844
epoch-145, train_loss-0.8260, train_rmse-0.9088, valid_rmse-1.3866, valid_pr-0.6853
epoch-146, train_loss-0.7840, train_rmse-0.8854, valid_rmse-1.3735, valid_pr-0.6846
epoch-147, train_loss-0.8038, train_rmse-0.8966, valid_rmse-1.4009, valid_pr-0.6763
epoch-148, train_loss-0.7760, train_rmse-0.8809, valid_rmse-1.3803, valid_pr-0.6905
epoch-149, train_loss-0.6997, train_rmse-0.8365, valid_rmse-1.4290, valid_pr-0.6587
epoch-150, train_loss-0.7554, train_rmse-0.8692, valid_rmse-1.3878, valid_pr-0.6812
epoch-151, train_loss-0.9421, train_rmse-0.9706, valid_rmse-1.4272, valid_pr-0.6649
epoch-152, train_loss-1.6659, train_rmse-1.2907, valid_rmse-1.4151, valid_pr-0.6547
epoch-153, train_loss-1.1798, train_rmse-1.0862, valid_rmse-1.3762, valid_pr-0.6738
epoch-154, train_loss-1.0027, train_rmse-1.0014, valid_rmse-1.3814, valid_pr-0.6809
epoch-155, train_loss-0.8867, train_rmse-0.9416, valid_rmse-1.5303, valid_pr-0.6047
epoch-156, train_loss-1.2981, train_rmse-1.1393, valid_rmse-1.4257, valid_pr-0.6628
epoch-157, train_loss-0.9786, train_rmse-0.9892, valid_rmse-1.4027, valid_pr-0.6710
epoch-158, train_loss-0.8575, train_rmse-0.9260, valid_rmse-1.3834, valid_pr-0.6835
epoch-159, train_loss-0.7647, train_rmse-0.8745, valid_rmse-1.3737, valid_pr-0.6852
epoch-160, train_loss-0.7140, train_rmse-0.8450, valid_rmse-1.4263, valid_pr-0.6743
epoch-161, train_loss-0.6965, train_rmse-0.8346, valid_rmse-1.3411, valid_pr-0.7014
Validation : valid_rmse-1.3411, valid_pr-0.7014, 
test2013_rmse-1.6516, test2013_pr-0.7061, test2016_rmse-1.4099, test2016_pr-0.7655, test2019_rmse-1.5413, test2019_pr-0.5685
epoch-162, train_loss-0.6497, train_rmse-0.8061, valid_rmse-1.3855, valid_pr-0.6861
epoch-163, train_loss-0.6382, train_rmse-0.7989, valid_rmse-1.3919, valid_pr-0.6840
epoch-164, train_loss-0.6025, train_rmse-0.7762, valid_rmse-1.3750, valid_pr-0.6856
epoch-165, train_loss-0.6036, train_rmse-0.7769, valid_rmse-1.3501, valid_pr-0.6988
epoch-166, train_loss-0.5675, train_rmse-0.7534, valid_rmse-1.4057, valid_pr-0.6812
epoch-167, train_loss-0.5648, train_rmse-0.7515, valid_rmse-1.4017, valid_pr-0.6893
epoch-168, train_loss-0.5431, train_rmse-0.7370, valid_rmse-1.4053, valid_pr-0.6938
epoch-169, train_loss-0.6229, train_rmse-0.7892, valid_rmse-1.4196, valid_pr-0.6716
epoch-170, train_loss-0.5580, train_rmse-0.7470, valid_rmse-1.3774, valid_pr-0.6943
epoch-171, train_loss-0.5215, train_rmse-0.7222, valid_rmse-1.3607, valid_pr-0.7045
epoch-172, train_loss-0.5217, train_rmse-0.7223, valid_rmse-1.3968, valid_pr-0.6797
epoch-173, train_loss-0.5158, train_rmse-0.7182, valid_rmse-1.3529, valid_pr-0.7112
epoch-174, train_loss-0.5212, train_rmse-0.7219, valid_rmse-1.3754, valid_pr-0.6895
epoch-175, train_loss-0.5099, train_rmse-0.7141, valid_rmse-1.3964, valid_pr-0.6815
epoch-176, train_loss-0.5000, train_rmse-0.7071, valid_rmse-1.4045, valid_pr-0.6771
epoch-177, train_loss-0.5411, train_rmse-0.7356, valid_rmse-1.3927, valid_pr-0.6963
epoch-178, train_loss-0.4934, train_rmse-0.7024, valid_rmse-1.4031, valid_pr-0.6768
epoch-179, train_loss-0.4655, train_rmse-0.6822, valid_rmse-1.3587, valid_pr-0.7011
epoch-180, train_loss-0.4726, train_rmse-0.6874, valid_rmse-1.4046, valid_pr-0.6843
epoch-181, train_loss-0.4713, train_rmse-0.6865, valid_rmse-1.4025, valid_pr-0.6872
epoch-182, train_loss-0.4473, train_rmse-0.6688, valid_rmse-1.3629, valid_pr-0.6954
epoch-183, train_loss-0.4487, train_rmse-0.6698, valid_rmse-1.4007, valid_pr-0.6806
epoch-184, train_loss-0.5055, train_rmse-0.7110, valid_rmse-1.3716, valid_pr-0.6853
epoch-185, train_loss-0.5989, train_rmse-0.7739, valid_rmse-1.4019, valid_pr-0.6819
epoch-186, train_loss-0.5187, train_rmse-0.7202, valid_rmse-1.3920, valid_pr-0.6900
epoch-187, train_loss-0.4769, train_rmse-0.6906, valid_rmse-1.3973, valid_pr-0.6865
epoch-188, train_loss-0.4849, train_rmse-0.6964, valid_rmse-1.3583, valid_pr-0.6967
epoch-189, train_loss-0.4496, train_rmse-0.6706, valid_rmse-1.3751, valid_pr-0.6936
epoch-190, train_loss-0.4221, train_rmse-0.6497, valid_rmse-1.4099, valid_pr-0.6989
epoch-191, train_loss-0.4636, train_rmse-0.6809, valid_rmse-1.3740, valid_pr-0.6935
epoch-192, train_loss-0.4171, train_rmse-0.6458, valid_rmse-1.3822, valid_pr-0.6886
epoch-193, train_loss-0.4102, train_rmse-0.6405, valid_rmse-1.3762, valid_pr-0.6975
epoch-194, train_loss-0.4194, train_rmse-0.6476, valid_rmse-1.4209, valid_pr-0.6849
epoch-195, train_loss-0.4440, train_rmse-0.6664, valid_rmse-1.4100, valid_pr-0.6829
epoch-196, train_loss-0.4269, train_rmse-0.6534, valid_rmse-1.4102, valid_pr-0.6785
epoch-197, train_loss-0.4073, train_rmse-0.6382, valid_rmse-1.3782, valid_pr-0.6936
epoch-198, train_loss-0.4112, train_rmse-0.6412, valid_rmse-1.3606, valid_pr-0.6981
epoch-199, train_loss-0.3981, train_rmse-0.6310, valid_rmse-1.3638, valid_pr-0.6916
epoch-200, train_loss-0.4065, train_rmse-0.6375, valid_rmse-1.4077, valid_pr-0.7024
epoch-201, train_loss-0.3902, train_rmse-0.6246, valid_rmse-1.3404, valid_pr-0.7097
Validation : valid_rmse-1.3404, valid_pr-0.7097, 
test2013_rmse-1.6398, test2013_pr-0.7122, test2016_rmse-1.4672, test2016_pr-0.7377, test2019_rmse-1.5512, test2019_pr-0.5686
epoch-202, train_loss-0.4172, train_rmse-0.6459, valid_rmse-1.3703, valid_pr-0.6956
epoch-203, train_loss-0.3880, train_rmse-0.6229, valid_rmse-1.3816, valid_pr-0.6854
epoch-204, train_loss-0.3961, train_rmse-0.6293, valid_rmse-1.3489, valid_pr-0.7064
epoch-205, train_loss-0.3882, train_rmse-0.6230, valid_rmse-1.4218, valid_pr-0.6790
epoch-206, train_loss-0.3847, train_rmse-0.6202, valid_rmse-1.4243, valid_pr-0.6679
epoch-207, train_loss-0.3880, train_rmse-0.6229, valid_rmse-1.3562, valid_pr-0.7043
epoch-208, train_loss-0.3575, train_rmse-0.5979, valid_rmse-1.3791, valid_pr-0.6919
epoch-209, train_loss-0.3655, train_rmse-0.6046, valid_rmse-1.4107, valid_pr-0.6765
epoch-210, train_loss-0.3675, train_rmse-0.6062, valid_rmse-1.3763, valid_pr-0.7025
epoch-211, train_loss-0.3519, train_rmse-0.5932, valid_rmse-1.4131, valid_pr-0.6766
epoch-212, train_loss-0.3572, train_rmse-0.5977, valid_rmse-1.3817, valid_pr-0.6839
epoch-213, train_loss-0.3564, train_rmse-0.5970, valid_rmse-1.4064, valid_pr-0.6912
epoch-214, train_loss-0.3757, train_rmse-0.6130, valid_rmse-1.3251, valid_pr-0.7104
Validation : valid_rmse-1.3251, valid_pr-0.7104, 
test2013_rmse-1.6082, test2013_pr-0.7287, test2016_rmse-1.4370, test2016_pr-0.7505, test2019_rmse-1.5501, test2019_pr-0.5651
epoch-215, train_loss-0.3520, train_rmse-0.5933, valid_rmse-1.3915, valid_pr-0.7038
epoch-216, train_loss-0.3620, train_rmse-0.6017, valid_rmse-1.3887, valid_pr-0.6856
epoch-217, train_loss-0.3536, train_rmse-0.5946, valid_rmse-1.3672, valid_pr-0.6868
epoch-218, train_loss-0.3391, train_rmse-0.5823, valid_rmse-1.3840, valid_pr-0.6940
epoch-219, train_loss-0.3163, train_rmse-0.5624, valid_rmse-1.3445, valid_pr-0.7071
epoch-220, train_loss-0.3173, train_rmse-0.5633, valid_rmse-1.3796, valid_pr-0.6891
epoch-221, train_loss-0.3423, train_rmse-0.5850, valid_rmse-1.3670, valid_pr-0.6929
epoch-222, train_loss-0.3234, train_rmse-0.5687, valid_rmse-1.3664, valid_pr-0.6977
epoch-223, train_loss-0.3313, train_rmse-0.5756, valid_rmse-1.4262, valid_pr-0.6810
epoch-224, train_loss-0.3370, train_rmse-0.5805, valid_rmse-1.3753, valid_pr-0.6871
epoch-225, train_loss-0.3431, train_rmse-0.5858, valid_rmse-1.3931, valid_pr-0.6831
epoch-226, train_loss-0.3487, train_rmse-0.5905, valid_rmse-1.3536, valid_pr-0.6972
epoch-227, train_loss-0.3215, train_rmse-0.5670, valid_rmse-1.4041, valid_pr-0.6931
epoch-228, train_loss-0.3374, train_rmse-0.5808, valid_rmse-1.3925, valid_pr-0.6837
epoch-229, train_loss-0.3223, train_rmse-0.5677, valid_rmse-1.3815, valid_pr-0.6901
epoch-230, train_loss-0.3104, train_rmse-0.5572, valid_rmse-1.3882, valid_pr-0.6937
epoch-231, train_loss-0.3150, train_rmse-0.5613, valid_rmse-1.3470, valid_pr-0.7030
epoch-232, train_loss-0.3040, train_rmse-0.5513, valid_rmse-1.3431, valid_pr-0.7035
epoch-233, train_loss-0.3288, train_rmse-0.5734, valid_rmse-1.3807, valid_pr-0.6872
epoch-234, train_loss-0.2999, train_rmse-0.5476, valid_rmse-1.4104, valid_pr-0.6753
epoch-235, train_loss-0.3049, train_rmse-0.5521, valid_rmse-1.4062, valid_pr-0.6776
epoch-236, train_loss-0.3428, train_rmse-0.5855, valid_rmse-1.4183, valid_pr-0.6683
epoch-237, train_loss-0.3274, train_rmse-0.5722, valid_rmse-1.3969, valid_pr-0.6840
epoch-238, train_loss-0.3055, train_rmse-0.5527, valid_rmse-1.3690, valid_pr-0.7013
epoch-239, train_loss-0.2983, train_rmse-0.5461, valid_rmse-1.3656, valid_pr-0.6983
epoch-240, train_loss-0.2966, train_rmse-0.5446, valid_rmse-1.3585, valid_pr-0.6979
epoch-241, train_loss-0.2952, train_rmse-0.5433, valid_rmse-1.3944, valid_pr-0.6846
epoch-242, train_loss-0.2779, train_rmse-0.5272, valid_rmse-1.3349, valid_pr-0.7087
epoch-243, train_loss-0.2808, train_rmse-0.5299, valid_rmse-1.3489, valid_pr-0.6969
epoch-244, train_loss-0.2922, train_rmse-0.5406, valid_rmse-1.3908, valid_pr-0.6799
epoch-245, train_loss-0.2865, train_rmse-0.5352, valid_rmse-1.4005, valid_pr-0.6942
epoch-246, train_loss-0.2773, train_rmse-0.5266, valid_rmse-1.3684, valid_pr-0.6950
epoch-247, train_loss-0.2800, train_rmse-0.5292, valid_rmse-1.3814, valid_pr-0.6823
epoch-248, train_loss-0.2705, train_rmse-0.5201, valid_rmse-1.3675, valid_pr-0.6970
epoch-249, train_loss-0.2496, train_rmse-0.4996, valid_rmse-1.3427, valid_pr-0.7066
epoch-250, train_loss-0.2456, train_rmse-0.4955, valid_rmse-1.3142, valid_pr-0.7151
Validation : valid_rmse-1.3142, valid_pr-0.7151, 
test2013_rmse-1.6621, test2013_pr-0.7029, test2016_rmse-1.4486, test2016_pr-0.7515, test2019_rmse-1.5255, test2019_pr-0.5726
epoch-251, train_loss-0.2590, train_rmse-0.5089, valid_rmse-1.3643, valid_pr-0.6981
epoch-252, train_loss-0.2551, train_rmse-0.5051, valid_rmse-1.3641, valid_pr-0.6978
epoch-253, train_loss-0.2720, train_rmse-0.5216, valid_rmse-1.3694, valid_pr-0.7011
epoch-254, train_loss-0.3114, train_rmse-0.5581, valid_rmse-1.3883, valid_pr-0.6806
epoch-255, train_loss-0.4015, train_rmse-0.6337, valid_rmse-1.4157, valid_pr-0.6726
epoch-256, train_loss-0.3196, train_rmse-0.5654, valid_rmse-1.3438, valid_pr-0.7113
epoch-257, train_loss-0.2894, train_rmse-0.5379, valid_rmse-1.3548, valid_pr-0.6983
epoch-258, train_loss-0.2548, train_rmse-0.5047, valid_rmse-1.3636, valid_pr-0.6898
epoch-259, train_loss-0.2600, train_rmse-0.5099, valid_rmse-1.3583, valid_pr-0.6990
epoch-260, train_loss-0.2637, train_rmse-0.5135, valid_rmse-1.3704, valid_pr-0.6929
epoch-261, train_loss-0.2526, train_rmse-0.5026, valid_rmse-1.3494, valid_pr-0.7016
epoch-262, train_loss-0.2336, train_rmse-0.4833, valid_rmse-1.3607, valid_pr-0.6973
epoch-263, train_loss-0.2301, train_rmse-0.4797, valid_rmse-1.3493, valid_pr-0.6980
epoch-264, train_loss-0.2385, train_rmse-0.4884, valid_rmse-1.3502, valid_pr-0.7143
epoch-265, train_loss-0.2347, train_rmse-0.4845, valid_rmse-1.3439, valid_pr-0.7146
epoch-266, train_loss-0.2309, train_rmse-0.4806, valid_rmse-1.3337, valid_pr-0.7065
epoch-267, train_loss-0.2528, train_rmse-0.5028, valid_rmse-1.3670, valid_pr-0.6955
epoch-268, train_loss-0.2637, train_rmse-0.5135, valid_rmse-1.3491, valid_pr-0.6981
epoch-269, train_loss-0.2537, train_rmse-0.5037, valid_rmse-1.3109, valid_pr-0.7226
Validation : valid_rmse-1.3109, valid_pr-0.7226, 
test2013_rmse-1.6345, test2013_pr-0.7124, test2016_rmse-1.4337, test2016_pr-0.7530, test2019_rmse-1.5514, test2019_pr-0.5706
epoch-270, train_loss-0.2425, train_rmse-0.4925, valid_rmse-1.3485, valid_pr-0.7042
epoch-271, train_loss-0.2316, train_rmse-0.4812, valid_rmse-1.3636, valid_pr-0.6948
epoch-272, train_loss-0.2318, train_rmse-0.4815, valid_rmse-1.3461, valid_pr-0.7004
epoch-273, train_loss-0.2289, train_rmse-0.4785, valid_rmse-1.3648, valid_pr-0.6896
epoch-274, train_loss-0.2389, train_rmse-0.4887, valid_rmse-1.3649, valid_pr-0.6909
epoch-275, train_loss-0.2384, train_rmse-0.4882, valid_rmse-1.3691, valid_pr-0.7031
epoch-276, train_loss-0.2518, train_rmse-0.5018, valid_rmse-1.3612, valid_pr-0.6979
epoch-277, train_loss-0.2211, train_rmse-0.4702, valid_rmse-1.3633, valid_pr-0.6995
epoch-278, train_loss-0.2382, train_rmse-0.4881, valid_rmse-1.3650, valid_pr-0.6931
epoch-279, train_loss-0.2419, train_rmse-0.4919, valid_rmse-1.3593, valid_pr-0.6992
epoch-280, train_loss-0.2395, train_rmse-0.4894, valid_rmse-1.4046, valid_pr-0.6979
epoch-281, train_loss-0.2622, train_rmse-0.5121, valid_rmse-1.3418, valid_pr-0.7072
epoch-282, train_loss-0.2508, train_rmse-0.5008, valid_rmse-1.3580, valid_pr-0.7011
epoch-283, train_loss-0.2350, train_rmse-0.4848, valid_rmse-1.3241, valid_pr-0.7114
epoch-284, train_loss-0.2254, train_rmse-0.4748, valid_rmse-1.3465, valid_pr-0.7006
epoch-285, train_loss-0.2092, train_rmse-0.4573, valid_rmse-1.2979, valid_pr-0.7216
Validation : valid_rmse-1.2979, valid_pr-0.7216, 
test2013_rmse-1.6880, test2013_pr-0.6894, test2016_rmse-1.4689, test2016_pr-0.7368, test2019_rmse-1.5231, test2019_pr-0.5788
epoch-286, train_loss-0.2344, train_rmse-0.4841, valid_rmse-1.3491, valid_pr-0.7048
epoch-287, train_loss-0.2191, train_rmse-0.4680, valid_rmse-1.3790, valid_pr-0.6941
epoch-288, train_loss-0.2518, train_rmse-0.5018, valid_rmse-1.3783, valid_pr-0.6931
epoch-289, train_loss-0.2299, train_rmse-0.4795, valid_rmse-1.3847, valid_pr-0.6899
epoch-290, train_loss-0.2311, train_rmse-0.4807, valid_rmse-1.3369, valid_pr-0.7102
epoch-291, train_loss-0.2306, train_rmse-0.4802, valid_rmse-1.3743, valid_pr-0.6852
epoch-292, train_loss-0.2341, train_rmse-0.4839, valid_rmse-1.3723, valid_pr-0.6865
epoch-293, train_loss-0.2023, train_rmse-0.4498, valid_rmse-1.3870, valid_pr-0.7010
epoch-294, train_loss-0.2111, train_rmse-0.4595, valid_rmse-1.3352, valid_pr-0.7080
epoch-295, train_loss-0.2182, train_rmse-0.4672, valid_rmse-1.3623, valid_pr-0.6918
epoch-296, train_loss-0.2857, train_rmse-0.5345, valid_rmse-1.3421, valid_pr-0.7092
epoch-297, train_loss-0.2245, train_rmse-0.4738, valid_rmse-1.3331, valid_pr-0.7091
epoch-298, train_loss-0.2284, train_rmse-0.4779, valid_rmse-1.3371, valid_pr-0.7099
epoch-299, train_loss-0.2073, train_rmse-0.4553, valid_rmse-1.3457, valid_pr-0.7059
epoch-300, train_loss-0.2071, train_rmse-0.4551, valid_rmse-1.3474, valid_pr-0.7041
epoch-301, train_loss-0.2062, train_rmse-0.4541, valid_rmse-1.3474, valid_pr-0.7070
epoch-302, train_loss-0.1978, train_rmse-0.4448, valid_rmse-1.3337, valid_pr-0.7148
epoch-303, train_loss-0.1944, train_rmse-0.4409, valid_rmse-1.3456, valid_pr-0.7040
epoch-304, train_loss-0.1977, train_rmse-0.4447, valid_rmse-1.3602, valid_pr-0.7046
epoch-305, train_loss-0.1944, train_rmse-0.4409, valid_rmse-1.3842, valid_pr-0.7008
epoch-306, train_loss-0.2035, train_rmse-0.4511, valid_rmse-1.3436, valid_pr-0.7066
epoch-307, train_loss-0.1907, train_rmse-0.4367, valid_rmse-1.3081, valid_pr-0.7172
epoch-308, train_loss-0.1753, train_rmse-0.4186, valid_rmse-1.3368, valid_pr-0.7107
epoch-309, train_loss-0.1896, train_rmse-0.4355, valid_rmse-1.3455, valid_pr-0.7014
epoch-310, train_loss-0.1978, train_rmse-0.4448, valid_rmse-1.3235, valid_pr-0.7114
epoch-311, train_loss-0.1850, train_rmse-0.4301, valid_rmse-1.3461, valid_pr-0.6997
epoch-312, train_loss-0.1731, train_rmse-0.4161, valid_rmse-1.3362, valid_pr-0.7139
epoch-313, train_loss-0.1965, train_rmse-0.4433, valid_rmse-1.3655, valid_pr-0.6983
epoch-314, train_loss-0.2324, train_rmse-0.4821, valid_rmse-1.3632, valid_pr-0.7027
epoch-315, train_loss-0.2058, train_rmse-0.4536, valid_rmse-1.3534, valid_pr-0.7044
epoch-316, train_loss-0.2049, train_rmse-0.4526, valid_rmse-1.3452, valid_pr-0.7141
epoch-317, train_loss-0.1861, train_rmse-0.4314, valid_rmse-1.3218, valid_pr-0.7143
epoch-318, train_loss-0.1839, train_rmse-0.4288, valid_rmse-1.3281, valid_pr-0.7126
epoch-319, train_loss-0.1735, train_rmse-0.4165, valid_rmse-1.3314, valid_pr-0.7103
epoch-320, train_loss-0.1880, train_rmse-0.4336, valid_rmse-1.3066, valid_pr-0.7190
epoch-321, train_loss-0.1767, train_rmse-0.4203, valid_rmse-1.3104, valid_pr-0.7242
epoch-322, train_loss-0.1799, train_rmse-0.4241, valid_rmse-1.3436, valid_pr-0.7077
epoch-323, train_loss-0.1867, train_rmse-0.4321, valid_rmse-1.3111, valid_pr-0.7180
epoch-324, train_loss-0.1805, train_rmse-0.4249, valid_rmse-1.3596, valid_pr-0.6994
epoch-325, train_loss-0.1805, train_rmse-0.4249, valid_rmse-1.3105, valid_pr-0.7157
epoch-326, train_loss-0.1729, train_rmse-0.4158, valid_rmse-1.3208, valid_pr-0.7152
epoch-327, train_loss-0.2120, train_rmse-0.4605, valid_rmse-1.3634, valid_pr-0.6962
epoch-328, train_loss-0.2059, train_rmse-0.4538, valid_rmse-1.3299, valid_pr-0.7120
epoch-329, train_loss-0.1916, train_rmse-0.4377, valid_rmse-1.3321, valid_pr-0.7083
epoch-330, train_loss-0.1924, train_rmse-0.4387, valid_rmse-1.3302, valid_pr-0.7071
epoch-331, train_loss-0.1833, train_rmse-0.4281, valid_rmse-1.3296, valid_pr-0.7075
epoch-332, train_loss-0.1793, train_rmse-0.4235, valid_rmse-1.3261, valid_pr-0.7120
epoch-333, train_loss-0.1626, train_rmse-0.4032, valid_rmse-1.3510, valid_pr-0.7005
epoch-334, train_loss-0.1739, train_rmse-0.4170, valid_rmse-1.3468, valid_pr-0.6992
epoch-335, train_loss-0.1611, train_rmse-0.4014, valid_rmse-1.3133, valid_pr-0.7127
epoch-336, train_loss-0.1686, train_rmse-0.4106, valid_rmse-1.3076, valid_pr-0.7228
epoch-337, train_loss-0.1205, train_rmse-0.3471, valid_rmse-1.2928, valid_pr-0.7251
Validation : valid_rmse-1.2928, valid_pr-0.7251, 
test2013_rmse-1.6060, test2013_pr-0.7285, test2016_rmse-1.4155, test2016_pr-0.7597, test2019_rmse-1.5282, test2019_pr-0.5740
epoch-338, train_loss-0.0940, train_rmse-0.3065, valid_rmse-1.2964, valid_pr-0.7278
epoch-339, train_loss-0.0881, train_rmse-0.2968, valid_rmse-1.2864, valid_pr-0.7291
Validation : valid_rmse-1.2864, valid_pr-0.7291, 
test2013_rmse-1.6340, test2013_pr-0.7128, test2016_rmse-1.4344, test2016_pr-0.7507, test2019_rmse-1.5275, test2019_pr-0.5746
epoch-340, train_loss-0.0863, train_rmse-0.2938, valid_rmse-1.3035, valid_pr-0.7254
epoch-341, train_loss-0.0843, train_rmse-0.2903, valid_rmse-1.2780, valid_pr-0.7305
Validation : valid_rmse-1.2780, valid_pr-0.7305, 
test2013_rmse-1.6410, test2013_pr-0.7141, test2016_rmse-1.4312, test2016_pr-0.7542, test2019_rmse-1.5142, test2019_pr-0.5766
epoch-342, train_loss-0.0845, train_rmse-0.2907, valid_rmse-1.2928, valid_pr-0.7284
epoch-343, train_loss-0.0847, train_rmse-0.2910, valid_rmse-1.2976, valid_pr-0.7230
epoch-344, train_loss-0.0809, train_rmse-0.2845, valid_rmse-1.2739, valid_pr-0.7336
Validation : valid_rmse-1.2739, valid_pr-0.7336, 
test2013_rmse-1.5993, test2013_pr-0.7293, test2016_rmse-1.4124, test2016_pr-0.7611, test2019_rmse-1.5290, test2019_pr-0.5727
epoch-345, train_loss-0.0767, train_rmse-0.2770, valid_rmse-1.2823, valid_pr-0.7308
epoch-346, train_loss-0.0834, train_rmse-0.2887, valid_rmse-1.2954, valid_pr-0.7305
epoch-347, train_loss-0.0837, train_rmse-0.2894, valid_rmse-1.2865, valid_pr-0.7287
epoch-348, train_loss-0.0818, train_rmse-0.2859, valid_rmse-1.2901, valid_pr-0.7290
epoch-349, train_loss-0.0779, train_rmse-0.2790, valid_rmse-1.2856, valid_pr-0.7311
epoch-350, train_loss-0.0785, train_rmse-0.2802, valid_rmse-1.2818, valid_pr-0.7320
epoch-351, train_loss-0.0776, train_rmse-0.2786, valid_rmse-1.2737, valid_pr-0.7350
Validation : valid_rmse-1.2737, valid_pr-0.7350, 
test2013_rmse-1.6020, test2013_pr-0.7301, test2016_rmse-1.4053, test2016_pr-0.7625, test2019_rmse-1.5285, test2019_pr-0.5743
epoch-352, train_loss-0.0769, train_rmse-0.2773, valid_rmse-1.2866, valid_pr-0.7316
epoch-353, train_loss-0.0822, train_rmse-0.2867, valid_rmse-1.2832, valid_pr-0.7316
epoch-354, train_loss-0.0833, train_rmse-0.2886, valid_rmse-1.2828, valid_pr-0.7310
epoch-355, train_loss-0.0808, train_rmse-0.2843, valid_rmse-1.2853, valid_pr-0.7313
epoch-356, train_loss-0.0747, train_rmse-0.2734, valid_rmse-1.2873, valid_pr-0.7292
epoch-357, train_loss-0.0810, train_rmse-0.2846, valid_rmse-1.2756, valid_pr-0.7338
epoch-358, train_loss-0.0844, train_rmse-0.2905, valid_rmse-1.3013, valid_pr-0.7225
epoch-359, train_loss-0.0927, train_rmse-0.3044, valid_rmse-1.2861, valid_pr-0.7266
epoch-360, train_loss-0.0794, train_rmse-0.2817, valid_rmse-1.2739, valid_pr-0.7327
epoch-361, train_loss-0.0811, train_rmse-0.2848, valid_rmse-1.2677, valid_pr-0.7386
Validation : valid_rmse-1.2677, valid_pr-0.7386, 
test2013_rmse-1.5750, test2013_pr-0.7428, test2016_rmse-1.4059, test2016_pr-0.7622, test2019_rmse-1.5168, test2019_pr-0.5807
epoch-362, train_loss-0.0783, train_rmse-0.2798, valid_rmse-1.2759, valid_pr-0.7315
epoch-363, train_loss-0.0785, train_rmse-0.2801, valid_rmse-1.2994, valid_pr-0.7258
epoch-364, train_loss-0.0828, train_rmse-0.2878, valid_rmse-1.3159, valid_pr-0.7197
epoch-365, train_loss-0.0793, train_rmse-0.2815, valid_rmse-1.2957, valid_pr-0.7235
epoch-366, train_loss-0.0768, train_rmse-0.2771, valid_rmse-1.2865, valid_pr-0.7295
epoch-367, train_loss-0.0793, train_rmse-0.2816, valid_rmse-1.2899, valid_pr-0.7262
epoch-368, train_loss-0.0747, train_rmse-0.2733, valid_rmse-1.2870, valid_pr-0.7309
epoch-369, train_loss-0.0846, train_rmse-0.2908, valid_rmse-1.3005, valid_pr-0.7234
epoch-370, train_loss-0.0761, train_rmse-0.2758, valid_rmse-1.2952, valid_pr-0.7301
epoch-371, train_loss-0.0747, train_rmse-0.2733, valid_rmse-1.2905, valid_pr-0.7240
epoch-372, train_loss-0.0821, train_rmse-0.2865, valid_rmse-1.2785, valid_pr-0.7358
epoch-373, train_loss-0.0800, train_rmse-0.2829, valid_rmse-1.3069, valid_pr-0.7187
epoch-374, train_loss-0.0786, train_rmse-0.2804, valid_rmse-1.2842, valid_pr-0.7280
epoch-375, train_loss-0.0771, train_rmse-0.2777, valid_rmse-1.2809, valid_pr-0.7292
epoch-376, train_loss-0.0782, train_rmse-0.2796, valid_rmse-1.3020, valid_pr-0.7186
epoch-377, train_loss-0.0769, train_rmse-0.2773, valid_rmse-1.2966, valid_pr-0.7244
epoch-378, train_loss-0.0805, train_rmse-0.2838, valid_rmse-1.2851, valid_pr-0.7302
epoch-379, train_loss-0.0794, train_rmse-0.2818, valid_rmse-1.3006, valid_pr-0.7232
epoch-380, train_loss-0.0843, train_rmse-0.2903, valid_rmse-1.3097, valid_pr-0.7250
epoch-381, train_loss-0.0819, train_rmse-0.2861, valid_rmse-1.3006, valid_pr-0.7201
epoch-382, train_loss-0.0802, train_rmse-0.2832, valid_rmse-1.2939, valid_pr-0.7210
epoch-383, train_loss-0.0797, train_rmse-0.2823, valid_rmse-1.2886, valid_pr-0.7299
epoch-384, train_loss-0.0765, train_rmse-0.2765, valid_rmse-1.2925, valid_pr-0.7296
epoch-385, train_loss-0.0747, train_rmse-0.2734, valid_rmse-1.2919, valid_pr-0.7291
epoch-386, train_loss-0.0695, train_rmse-0.2637, valid_rmse-1.2933, valid_pr-0.7255
epoch-387, train_loss-0.0709, train_rmse-0.2663, valid_rmse-1.2844, valid_pr-0.7306
epoch-388, train_loss-0.0724, train_rmse-0.2691, valid_rmse-1.2906, valid_pr-0.7268
epoch-389, train_loss-0.0794, train_rmse-0.2818, valid_rmse-1.2893, valid_pr-0.7267
epoch-390, train_loss-0.0761, train_rmse-0.2758, valid_rmse-1.3217, valid_pr-0.7146
epoch-391, train_loss-0.0794, train_rmse-0.2818, valid_rmse-1.2914, valid_pr-0.7265
epoch-392, train_loss-0.0798, train_rmse-0.2825, valid_rmse-1.3052, valid_pr-0.7280
epoch-393, train_loss-0.0723, train_rmse-0.2689, valid_rmse-1.2883, valid_pr-0.7283
epoch-394, train_loss-0.0764, train_rmse-0.2764, valid_rmse-1.2824, valid_pr-0.7338
epoch-395, train_loss-0.0681, train_rmse-0.2609, valid_rmse-1.2839, valid_pr-0.7288
epoch-396, train_loss-0.0770, train_rmse-0.2774, valid_rmse-1.2915, valid_pr-0.7266
epoch-397, train_loss-0.0678, train_rmse-0.2604, valid_rmse-1.2931, valid_pr-0.7277
epoch-398, train_loss-0.0737, train_rmse-0.2715, valid_rmse-1.2908, valid_pr-0.7260
epoch-399, train_loss-0.0691, train_rmse-0.2630, valid_rmse-1.2894, valid_pr-0.7284
epoch-400, train_loss-0.0726, train_rmse-0.2694, valid_rmse-1.2870, valid_pr-0.7260
epoch-401, train_loss-0.0729, train_rmse-0.2701, valid_rmse-1.2818, valid_pr-0.7286
epoch-402, train_loss-0.0700, train_rmse-0.2646, valid_rmse-1.3048, valid_pr-0.7159
epoch-403, train_loss-0.0768, train_rmse-0.2771, valid_rmse-1.2745, valid_pr-0.7332
epoch-404, train_loss-0.0671, train_rmse-0.2590, valid_rmse-1.2933, valid_pr-0.7263
epoch-405, train_loss-0.0658, train_rmse-0.2565, valid_rmse-1.2885, valid_pr-0.7298
epoch-406, train_loss-0.0744, train_rmse-0.2728, valid_rmse-1.2952, valid_pr-0.7238
epoch-407, train_loss-0.0756, train_rmse-0.2749, valid_rmse-1.2977, valid_pr-0.7222
epoch-408, train_loss-0.0742, train_rmse-0.2723, valid_rmse-1.2863, valid_pr-0.7285
epoch-409, train_loss-0.0716, train_rmse-0.2676, valid_rmse-1.3088, valid_pr-0.7173
epoch-410, train_loss-0.0706, train_rmse-0.2657, valid_rmse-1.2984, valid_pr-0.7230
epoch-411, train_loss-0.0712, train_rmse-0.2669, valid_rmse-1.2906, valid_pr-0.7257
epoch-412, train_loss-0.0697, train_rmse-0.2641, valid_rmse-1.3010, valid_pr-0.7254
epoch-413, train_loss-0.0568, train_rmse-0.2383, valid_rmse-1.2859, valid_pr-0.7288
epoch-414, train_loss-0.0489, train_rmse-0.2211, valid_rmse-1.2868, valid_pr-0.7286
epoch-415, train_loss-0.0468, train_rmse-0.2163, valid_rmse-1.2824, valid_pr-0.7303
epoch-416, train_loss-0.0472, train_rmse-0.2174, valid_rmse-1.2969, valid_pr-0.7271
epoch-417, train_loss-0.0462, train_rmse-0.2151, valid_rmse-1.2852, valid_pr-0.7280
epoch-418, train_loss-0.0453, train_rmse-0.2129, valid_rmse-1.2861, valid_pr-0.7273
epoch-419, train_loss-0.0482, train_rmse-0.2195, valid_rmse-1.2890, valid_pr-0.7271
epoch-420, train_loss-0.0458, train_rmse-0.2141, valid_rmse-1.2956, valid_pr-0.7242
epoch-421, train_loss-0.0418, train_rmse-0.2043, valid_rmse-1.2892, valid_pr-0.7292
epoch-422, train_loss-0.0433, train_rmse-0.2080, valid_rmse-1.2772, valid_pr-0.7313
epoch-423, train_loss-0.0465, train_rmse-0.2157, valid_rmse-1.2841, valid_pr-0.7290
epoch-424, train_loss-0.0440, train_rmse-0.2097, valid_rmse-1.2762, valid_pr-0.7315
epoch-425, train_loss-0.0433, train_rmse-0.2082, valid_rmse-1.2867, valid_pr-0.7304
epoch-426, train_loss-0.0473, train_rmse-0.2174, valid_rmse-1.2763, valid_pr-0.7324
epoch-427, train_loss-0.0479, train_rmse-0.2188, valid_rmse-1.2792, valid_pr-0.7312
epoch-428, train_loss-0.0428, train_rmse-0.2070, valid_rmse-1.2895, valid_pr-0.7255
epoch-429, train_loss-0.0489, train_rmse-0.2211, valid_rmse-1.2845, valid_pr-0.7299
epoch-430, train_loss-0.0446, train_rmse-0.2112, valid_rmse-1.2892, valid_pr-0.7337
epoch-431, train_loss-0.0477, train_rmse-0.2184, valid_rmse-1.2886, valid_pr-0.7298
epoch-432, train_loss-0.0456, train_rmse-0.2136, valid_rmse-1.2801, valid_pr-0.7307
epoch-433, train_loss-0.0465, train_rmse-0.2157, valid_rmse-1.2713, valid_pr-0.7344
epoch-434, train_loss-0.0453, train_rmse-0.2128, valid_rmse-1.2838, valid_pr-0.7309
epoch-435, train_loss-0.0437, train_rmse-0.2090, valid_rmse-1.2830, valid_pr-0.7324
epoch-436, train_loss-0.0430, train_rmse-0.2075, valid_rmse-1.2913, valid_pr-0.7272
epoch-437, train_loss-0.0430, train_rmse-0.2073, valid_rmse-1.2901, valid_pr-0.7261
epoch-438, train_loss-0.0468, train_rmse-0.2164, valid_rmse-1.2805, valid_pr-0.7287
epoch-439, train_loss-0.0441, train_rmse-0.2101, valid_rmse-1.2709, valid_pr-0.7344
epoch-440, train_loss-0.0446, train_rmse-0.2112, valid_rmse-1.2815, valid_pr-0.7331
epoch-441, train_loss-0.0454, train_rmse-0.2130, valid_rmse-1.2941, valid_pr-0.7250
epoch-442, train_loss-0.0436, train_rmse-0.2089, valid_rmse-1.2743, valid_pr-0.7346
epoch-443, train_loss-0.0447, train_rmse-0.2113, valid_rmse-1.2892, valid_pr-0.7263
epoch-444, train_loss-0.0424, train_rmse-0.2059, valid_rmse-1.2799, valid_pr-0.7305
epoch-445, train_loss-0.0431, train_rmse-0.2077, valid_rmse-1.2821, valid_pr-0.7314
epoch-446, train_loss-0.0474, train_rmse-0.2178, valid_rmse-1.2744, valid_pr-0.7336
epoch-447, train_loss-0.0456, train_rmse-0.2136, valid_rmse-1.2771, valid_pr-0.7315
epoch-448, train_loss-0.0402, train_rmse-0.2006, valid_rmse-1.2846, valid_pr-0.7299
epoch-449, train_loss-0.0460, train_rmse-0.2145, valid_rmse-1.2818, valid_pr-0.7286
epoch-450, train_loss-0.0427, train_rmse-0.2066, valid_rmse-1.2814, valid_pr-0.7313
epoch-451, train_loss-0.0429, train_rmse-0.2071, valid_rmse-1.2800, valid_pr-0.7294
epoch-452, train_loss-0.0441, train_rmse-0.2101, valid_rmse-1.2873, valid_pr-0.7291
epoch-453, train_loss-0.0456, train_rmse-0.2136, valid_rmse-1.2845, valid_pr-0.7301
epoch-454, train_loss-0.0429, train_rmse-0.2070, valid_rmse-1.2840, valid_pr-0.7299
epoch-455, train_loss-0.0425, train_rmse-0.2062, valid_rmse-1.2865, valid_pr-0.7275
epoch-456, train_loss-0.0432, train_rmse-0.2077, valid_rmse-1.2710, valid_pr-0.7359
epoch-457, train_loss-0.0433, train_rmse-0.2080, valid_rmse-1.2798, valid_pr-0.7338
epoch-458, train_loss-0.0419, train_rmse-0.2047, valid_rmse-1.2759, valid_pr-0.7335
epoch-459, train_loss-0.0447, train_rmse-0.2114, valid_rmse-1.2766, valid_pr-0.7334
epoch-460, train_loss-0.0466, train_rmse-0.2159, valid_rmse-1.2849, valid_pr-0.7285
epoch-461, train_loss-0.0413, train_rmse-0.2033, valid_rmse-1.2881, valid_pr-0.7277
epoch-462, train_loss-0.0456, train_rmse-0.2136, valid_rmse-1.2803, valid_pr-0.7300
early stop in epoch 462
best_rmse: 1.2677
valid_rmse-1.2677, valid_pr-0.7386, test2013_rmse-1.5750, test2013_pr-0.7428, test2016_rmse-1.4059, test2016_pr-0.7622, test2019_rmse-1.5168, test2019_pr-0.5807
