ASD, lr=0.001, seed=459
train_ASD.py
train data: 11904
valid data: 1000
test2013 data: 107
test2016 data: 285
test2019 data: 4366
GIGN params # : 42663002
ASD, lr=0.001, seed=428
train_ASD.py
train data: 11904
valid data: 1000
test2013 data: 107
test2016 data: 285
test2019 data: 4366
GIGN params # : 42663002
epoch-0, train_loss-5.5230, train_rmse-2.3501, valid_rmse-1.8722, valid_pr-0.2917
Validation : valid_rmse-1.8722, valid_pr-0.2917, 
test2013_rmse-2.4287, test2013_pr-0.1662, test2016_rmse-2.1160, test2016_pr-0.3117, test2019_rmse-1.8194, test2019_pr-0.2868
epoch-1, train_loss-3.4124, train_rmse-1.8473, valid_rmse-1.8637, valid_pr-0.2909
Validation : valid_rmse-1.8637, valid_pr-0.2909, 
test2013_rmse-2.2324, test2013_pr-0.3167, test2016_rmse-2.0551, test2016_pr-0.3512, test2019_rmse-1.7677, test2019_pr-0.3240
epoch-2, train_loss-3.1777, train_rmse-1.7826, valid_rmse-1.7782, valid_pr-0.4175
Validation : valid_rmse-1.7782, valid_pr-0.4175, 
test2013_rmse-2.2051, test2013_pr-0.3897, test2016_rmse-2.0252, test2016_pr-0.4351, test2019_rmse-1.7664, test2019_pr-0.3290
epoch-3, train_loss-3.0627, train_rmse-1.7501, valid_rmse-1.8340, valid_pr-0.3857
epoch-4, train_loss-2.8977, train_rmse-1.7023, valid_rmse-1.7465, valid_pr-0.3933
Validation : valid_rmse-1.7465, valid_pr-0.3933, 
test2013_rmse-2.1324, test2013_pr-0.4049, test2016_rmse-1.9508, test2016_pr-0.4455, test2019_rmse-1.7113, test2019_pr-0.3667
epoch-5, train_loss-2.8115, train_rmse-1.6767, valid_rmse-1.6875, valid_pr-0.4350
Validation : valid_rmse-1.6875, valid_pr-0.4350, 
test2013_rmse-2.2058, test2013_pr-0.3530, test2016_rmse-1.9220, test2016_pr-0.4851, test2019_rmse-1.6674, test2019_pr-0.3915
epoch-6, train_loss-2.7966, train_rmse-1.6723, valid_rmse-1.6807, valid_pr-0.4606
Validation : valid_rmse-1.6807, valid_pr-0.4606, 
test2013_rmse-2.1261, test2013_pr-0.4326, test2016_rmse-1.8756, test2016_pr-0.5267, test2019_rmse-1.6749, test2019_pr-0.3939
epoch-7, train_loss-2.7240, train_rmse-1.6505, valid_rmse-1.6702, valid_pr-0.4547
Validation : valid_rmse-1.6702, valid_pr-0.4547, 
test2013_rmse-2.0641, test2013_pr-0.4650, test2016_rmse-1.9015, test2016_pr-0.4955, test2019_rmse-1.6339, test2019_pr-0.4245
epoch-8, train_loss-2.6540, train_rmse-1.6291, valid_rmse-1.6322, valid_pr-0.4732
Validation : valid_rmse-1.6322, valid_pr-0.4732, 
test2013_rmse-1.9836, test2013_pr-0.5532, test2016_rmse-1.8185, test2016_pr-0.5651, test2019_rmse-1.6258, test2019_pr-0.4246
epoch-9, train_loss-2.5415, train_rmse-1.5942, valid_rmse-1.6142, valid_pr-0.4999
Validation : valid_rmse-1.6142, valid_pr-0.4999, 
test2013_rmse-1.9217, test2013_pr-0.5734, test2016_rmse-1.8187, test2016_pr-0.5511, test2019_rmse-1.6245, test2019_pr-0.4508
epoch-10, train_loss-2.5345, train_rmse-1.5920, valid_rmse-1.6105, valid_pr-0.5064
Validation : valid_rmse-1.6105, valid_pr-0.5064, 
test2013_rmse-1.9823, test2013_pr-0.5360, test2016_rmse-1.8368, test2016_pr-0.5427, test2019_rmse-1.5946, test2019_pr-0.4633
epoch-11, train_loss-2.4472, train_rmse-1.5643, valid_rmse-1.6058, valid_pr-0.5019
Validation : valid_rmse-1.6058, valid_pr-0.5019, 
test2013_rmse-2.0132, test2013_pr-0.5033, test2016_rmse-1.8150, test2016_pr-0.5529, test2019_rmse-1.6559, test2019_pr-0.4117
epoch-12, train_loss-2.4355, train_rmse-1.5606, valid_rmse-1.6419, valid_pr-0.5073
epoch-13, train_loss-2.3562, train_rmse-1.5350, valid_rmse-1.6166, valid_pr-0.5042
epoch-14, train_loss-2.3763, train_rmse-1.5415, valid_rmse-1.6701, valid_pr-0.5147
epoch-15, train_loss-2.3201, train_rmse-1.5232, valid_rmse-1.5893, valid_pr-0.5176
Validation : valid_rmse-1.5893, valid_pr-0.5176, 
test2013_rmse-1.9241, test2013_pr-0.5926, test2016_rmse-1.7526, test2016_pr-0.6076, test2019_rmse-1.6042, test2019_pr-0.4509
epoch-16, train_loss-2.3166, train_rmse-1.5220, valid_rmse-1.6197, valid_pr-0.5479
epoch-17, train_loss-2.2589, train_rmse-1.5030, valid_rmse-1.5918, valid_pr-0.5659
epoch-18, train_loss-2.2090, train_rmse-1.4863, valid_rmse-1.5739, valid_pr-0.5375
Validation : valid_rmse-1.5739, valid_pr-0.5375, 
test2013_rmse-1.8847, test2013_pr-0.6195, test2016_rmse-1.7117, test2016_pr-0.6397, test2019_rmse-1.5866, test2019_pr-0.4726
epoch-19, train_loss-2.1458, train_rmse-1.4649, valid_rmse-1.6334, valid_pr-0.5398
epoch-20, train_loss-2.0938, train_rmse-1.4470, valid_rmse-1.5700, valid_pr-0.5514
Validation : valid_rmse-1.5700, valid_pr-0.5514, 
test2013_rmse-1.8158, test2013_pr-0.6348, test2016_rmse-1.7050, test2016_pr-0.6196, test2019_rmse-1.6266, test2019_pr-0.4712
epoch-21, train_loss-2.0947, train_rmse-1.4473, valid_rmse-1.6144, valid_pr-0.5659
epoch-22, train_loss-2.0774, train_rmse-1.4413, valid_rmse-1.6393, valid_pr-0.5624
epoch-23, train_loss-2.0780, train_rmse-1.4415, valid_rmse-1.5361, valid_pr-0.5677
Validation : valid_rmse-1.5361, valid_pr-0.5677, 
test2013_rmse-1.8636, test2013_pr-0.6021, test2016_rmse-1.7227, test2016_pr-0.6118, test2019_rmse-1.5714, test2019_pr-0.5098
epoch-24, train_loss-2.0360, train_rmse-1.4269, valid_rmse-1.5211, valid_pr-0.5804
Validation : valid_rmse-1.5211, valid_pr-0.5804, 
test2013_rmse-1.9081, test2013_pr-0.5774, test2016_rmse-1.7058, test2016_pr-0.6282, test2019_rmse-1.5945, test2019_pr-0.4941
epoch-25, train_loss-2.0093, train_rmse-1.4175, valid_rmse-1.5300, valid_pr-0.5879
epoch-26, train_loss-1.9855, train_rmse-1.4091, valid_rmse-1.5499, valid_pr-0.5770
epoch-27, train_loss-2.0000, train_rmse-1.4142, valid_rmse-1.5062, valid_pr-0.5863
Validation : valid_rmse-1.5062, valid_pr-0.5863, 
test2013_rmse-1.8023, test2013_pr-0.6443, test2016_rmse-1.6125, test2016_pr-0.6797, test2019_rmse-1.5709, test2019_pr-0.5041
epoch-28, train_loss-1.9078, train_rmse-1.3812, valid_rmse-1.5057, valid_pr-0.5913
Validation : valid_rmse-1.5057, valid_pr-0.5913, 
test2013_rmse-1.8129, test2013_pr-0.6556, test2016_rmse-1.6749, test2016_pr-0.6593, test2019_rmse-1.5830, test2019_pr-0.4813
epoch-29, train_loss-1.9004, train_rmse-1.3786, valid_rmse-1.5114, valid_pr-0.5867
epoch-30, train_loss-1.9260, train_rmse-1.3878, valid_rmse-1.5513, valid_pr-0.5678
epoch-31, train_loss-1.8976, train_rmse-1.3775, valid_rmse-1.4684, valid_pr-0.6126
Validation : valid_rmse-1.4684, valid_pr-0.6126, 
test2013_rmse-1.7887, test2013_pr-0.6402, test2016_rmse-1.5818, test2016_pr-0.6891, test2019_rmse-1.5802, test2019_pr-0.5048
epoch-32, train_loss-1.8508, train_rmse-1.3604, valid_rmse-1.4639, valid_pr-0.6122
Validation : valid_rmse-1.4639, valid_pr-0.6122, 
test2013_rmse-1.7685, test2013_pr-0.6556, test2016_rmse-1.5819, test2016_pr-0.6945, test2019_rmse-1.5314, test2019_pr-0.5265
epoch-33, train_loss-1.8199, train_rmse-1.3490, valid_rmse-1.5281, valid_pr-0.6200
epoch-34, train_loss-1.9120, train_rmse-1.3827, valid_rmse-1.4701, valid_pr-0.6083
epoch-35, train_loss-1.7705, train_rmse-1.3306, valid_rmse-1.4827, valid_pr-0.6071
epoch-36, train_loss-1.7651, train_rmse-1.3286, valid_rmse-1.4377, valid_pr-0.6369
Validation : valid_rmse-1.4377, valid_pr-0.6369, 
test2013_rmse-1.7767, test2013_pr-0.6443, test2016_rmse-1.6028, test2016_pr-0.6747, test2019_rmse-1.5756, test2019_pr-0.5272
epoch-37, train_loss-1.6946, train_rmse-1.3018, valid_rmse-1.4860, valid_pr-0.6003
epoch-38, train_loss-1.7074, train_rmse-1.3067, valid_rmse-1.4606, valid_pr-0.6229
epoch-39, train_loss-1.7428, train_rmse-1.3201, valid_rmse-1.6132, valid_pr-0.5892
epoch-40, train_loss-1.7915, train_rmse-1.3385, valid_rmse-1.4489, valid_pr-0.6216
epoch-41, train_loss-1.7358, train_rmse-1.3175, valid_rmse-1.5175, valid_pr-0.5944
epoch-42, train_loss-1.7643, train_rmse-1.3283, valid_rmse-1.4944, valid_pr-0.6127
epoch-43, train_loss-1.6905, train_rmse-1.3002, valid_rmse-1.4569, valid_pr-0.6200
epoch-44, train_loss-1.6907, train_rmse-1.3003, valid_rmse-1.5404, valid_pr-0.6375
epoch-45, train_loss-1.6570, train_rmse-1.2872, valid_rmse-1.4291, valid_pr-0.6394
Validation : valid_rmse-1.4291, valid_pr-0.6394, 
test2013_rmse-1.6067, test2013_pr-0.7326, test2016_rmse-1.4397, test2016_pr-0.7574, test2019_rmse-1.5190, test2019_pr-0.5558
epoch-46, train_loss-1.5791, train_rmse-1.2566, valid_rmse-1.4578, valid_pr-0.6295
epoch-47, train_loss-1.5903, train_rmse-1.2611, valid_rmse-1.4288, valid_pr-0.6392
Validation : valid_rmse-1.4288, valid_pr-0.6392, 
test2013_rmse-1.6744, test2013_pr-0.6992, test2016_rmse-1.5054, test2016_pr-0.7286, test2019_rmse-1.5146, test2019_pr-0.5472
epoch-48, train_loss-1.5285, train_rmse-1.2363, valid_rmse-1.4531, valid_pr-0.6407
epoch-49, train_loss-1.5663, train_rmse-1.2515, valid_rmse-1.4327, valid_pr-0.6381
epoch-50, train_loss-1.5383, train_rmse-1.2403, valid_rmse-1.4452, valid_pr-0.6319
epoch-51, train_loss-1.5364, train_rmse-1.2395, valid_rmse-1.4715, valid_pr-0.6200
epoch-52, train_loss-1.5212, train_rmse-1.2334, valid_rmse-1.4703, valid_pr-0.6233
epoch-53, train_loss-1.5109, train_rmse-1.2292, valid_rmse-1.4721, valid_pr-0.6253
epoch-54, train_loss-1.5296, train_rmse-1.2368, valid_rmse-1.4609, valid_pr-0.6281
epoch-55, train_loss-1.4699, train_rmse-1.2124, valid_rmse-1.4122, valid_pr-0.6550
Validation : valid_rmse-1.4122, valid_pr-0.6550, 
test2013_rmse-1.7248, test2013_pr-0.6701, test2016_rmse-1.5631, test2016_pr-0.6976, test2019_rmse-1.5583, test2019_pr-0.5292
epoch-56, train_loss-1.4391, train_rmse-1.1996, valid_rmse-1.4438, valid_pr-0.6377
epoch-57, train_loss-1.3965, train_rmse-1.1817, valid_rmse-1.4265, valid_pr-0.6426
epoch-58, train_loss-1.3858, train_rmse-1.1772, valid_rmse-1.4099, valid_pr-0.6526
Validation : valid_rmse-1.4099, valid_pr-0.6526, 
test2013_rmse-1.5516, test2013_pr-0.7508, test2016_rmse-1.4437, test2016_pr-0.7545, test2019_rmse-1.5233, test2019_pr-0.5513
epoch-59, train_loss-1.3873, train_rmse-1.1778, valid_rmse-1.4055, valid_pr-0.6624
Validation : valid_rmse-1.4055, valid_pr-0.6624, 
test2013_rmse-1.6376, test2013_pr-0.7254, test2016_rmse-1.5502, test2016_pr-0.7195, test2019_rmse-1.5325, test2019_pr-0.5486
epoch-60, train_loss-1.3679, train_rmse-1.1696, valid_rmse-1.4169, valid_pr-0.6458
epoch-61, train_loss-1.3682, train_rmse-1.1697, valid_rmse-1.4478, valid_pr-0.6347
epoch-62, train_loss-1.3930, train_rmse-1.1802, valid_rmse-1.3897, valid_pr-0.6655
Validation : valid_rmse-1.3897, valid_pr-0.6655, 
test2013_rmse-1.6400, test2013_pr-0.7310, test2016_rmse-1.5090, test2016_pr-0.7396, test2019_rmse-1.5182, test2019_pr-0.5563
epoch-63, train_loss-1.3475, train_rmse-1.1608, valid_rmse-1.4332, valid_pr-0.6376
epoch-64, train_loss-1.3071, train_rmse-1.1433, valid_rmse-1.3681, valid_pr-0.6759
Validation : valid_rmse-1.3681, valid_pr-0.6759, 
test2013_rmse-1.6367, test2013_pr-0.7181, test2016_rmse-1.4821, test2016_pr-0.7374, test2019_rmse-1.5438, test2019_pr-0.5423
epoch-65, train_loss-1.3045, train_rmse-1.1422, valid_rmse-1.4613, valid_pr-0.6490
epoch-66, train_loss-1.3096, train_rmse-1.1444, valid_rmse-1.3756, valid_pr-0.6773
epoch-67, train_loss-1.2906, train_rmse-1.1361, valid_rmse-1.4388, valid_pr-0.6409
epoch-68, train_loss-1.2726, train_rmse-1.1281, valid_rmse-1.4258, valid_pr-0.6527
epoch-69, train_loss-1.2702, train_rmse-1.1270, valid_rmse-1.4848, valid_pr-0.6383
epoch-70, train_loss-1.2303, train_rmse-1.1092, valid_rmse-1.4228, valid_pr-0.6592
epoch-71, train_loss-1.2568, train_rmse-1.1211, valid_rmse-1.4288, valid_pr-0.6470
epoch-72, train_loss-1.2078, train_rmse-1.0990, valid_rmse-1.4396, valid_pr-0.6516
epoch-73, train_loss-1.2406, train_rmse-1.1138, valid_rmse-1.3617, valid_pr-0.6844
Validation : valid_rmse-1.3617, valid_pr-0.6844, 
test2013_rmse-1.6435, test2013_pr-0.7149, test2016_rmse-1.4760, test2016_pr-0.7452, test2019_rmse-1.5079, test2019_pr-0.5630
epoch-74, train_loss-1.1711, train_rmse-1.0822, valid_rmse-1.3684, valid_pr-0.6812
epoch-75, train_loss-1.1896, train_rmse-1.0907, valid_rmse-1.4115, valid_pr-0.6569
epoch-76, train_loss-1.1841, train_rmse-1.0882, valid_rmse-1.4578, valid_pr-0.6461
epoch-77, train_loss-1.1772, train_rmse-1.0850, valid_rmse-1.4380, valid_pr-0.6642
epoch-78, train_loss-1.1572, train_rmse-1.0757, valid_rmse-1.4699, valid_pr-0.6378
epoch-79, train_loss-1.1501, train_rmse-1.0724, valid_rmse-1.3932, valid_pr-0.6707
epoch-80, train_loss-1.0854, train_rmse-1.0418, valid_rmse-1.4409, valid_pr-0.6570
epoch-81, train_loss-1.0633, train_rmse-1.0312, valid_rmse-1.4530, valid_pr-0.6526
epoch-82, train_loss-1.0807, train_rmse-1.0396, valid_rmse-1.4541, valid_pr-0.6525
epoch-83, train_loss-1.0552, train_rmse-1.0272, valid_rmse-1.3801, valid_pr-0.6776
epoch-84, train_loss-1.0793, train_rmse-1.0389, valid_rmse-1.4155, valid_pr-0.6556
epoch-85, train_loss-1.0519, train_rmse-1.0256, valid_rmse-1.3967, valid_pr-0.6696
epoch-86, train_loss-1.0935, train_rmse-1.0457, valid_rmse-1.4521, valid_pr-0.6517
epoch-87, train_loss-1.0691, train_rmse-1.0340, valid_rmse-1.4055, valid_pr-0.6744
epoch-88, train_loss-1.0143, train_rmse-1.0071, valid_rmse-1.3860, valid_pr-0.6722
epoch-89, train_loss-0.9689, train_rmse-0.9843, valid_rmse-1.4278, valid_pr-0.6557
epoch-90, train_loss-0.9468, train_rmse-0.9730, valid_rmse-1.4453, valid_pr-0.6586
epoch-91, train_loss-0.9625, train_rmse-0.9811, valid_rmse-1.4258, valid_pr-0.6555
epoch-92, train_loss-0.9589, train_rmse-0.9792, valid_rmse-1.4106, valid_pr-0.6714
epoch-93, train_loss-0.9610, train_rmse-0.9803, valid_rmse-1.4357, valid_pr-0.6604
epoch-94, train_loss-0.9644, train_rmse-0.9820, valid_rmse-1.3815, valid_pr-0.6805
epoch-95, train_loss-0.8566, train_rmse-0.9255, valid_rmse-1.3757, valid_pr-0.6803
epoch-96, train_loss-0.9511, train_rmse-0.9752, valid_rmse-1.4204, valid_pr-0.6615
epoch-97, train_loss-0.9298, train_rmse-0.9643, valid_rmse-1.3943, valid_pr-0.6740
epoch-98, train_loss-0.9377, train_rmse-0.9684, valid_rmse-1.4670, valid_pr-0.6493
epoch-99, train_loss-0.8766, train_rmse-0.9363, valid_rmse-1.4258, valid_pr-0.6689
epoch-100, train_loss-0.8885, train_rmse-0.9426, valid_rmse-1.4249, valid_pr-0.6518
epoch-101, train_loss-0.8935, train_rmse-0.9452, valid_rmse-1.4228, valid_pr-0.6645
epoch-102, train_loss-0.8754, train_rmse-0.9356, valid_rmse-1.4105, valid_pr-0.6733
epoch-103, train_loss-0.8387, train_rmse-0.9158, valid_rmse-1.4871, valid_pr-0.6558
epoch-104, train_loss-0.8452, train_rmse-0.9193, valid_rmse-1.4076, valid_pr-0.6720
epoch-105, train_loss-0.8256, train_rmse-0.9087, valid_rmse-1.4111, valid_pr-0.6608
epoch-106, train_loss-0.8772, train_rmse-0.9366, valid_rmse-1.4651, valid_pr-0.6567
epoch-107, train_loss-0.8342, train_rmse-0.9133, valid_rmse-1.4038, valid_pr-0.6700
epoch-108, train_loss-0.8044, train_rmse-0.8969, valid_rmse-1.4367, valid_pr-0.6684
epoch-109, train_loss-0.8383, train_rmse-0.9156, valid_rmse-1.4492, valid_pr-0.6703
epoch-110, train_loss-0.8136, train_rmse-0.9020, valid_rmse-1.3766, valid_pr-0.6805
epoch-111, train_loss-0.8078, train_rmse-0.8988, valid_rmse-1.3907, valid_pr-0.6764
epoch-112, train_loss-0.8672, train_rmse-0.9312, valid_rmse-1.4144, valid_pr-0.6624
epoch-113, train_loss-0.8492, train_rmse-0.9215, valid_rmse-1.3781, valid_pr-0.6780
epoch-114, train_loss-0.7871, train_rmse-0.8872, valid_rmse-1.4489, valid_pr-0.6600
epoch-115, train_loss-0.7688, train_rmse-0.8768, valid_rmse-1.4217, valid_pr-0.6604
epoch-116, train_loss-0.7511, train_rmse-0.8666, valid_rmse-1.3737, valid_pr-0.6837
epoch-117, train_loss-0.7082, train_rmse-0.8415, valid_rmse-1.4040, valid_pr-0.6697
epoch-118, train_loss-0.7242, train_rmse-0.8510, valid_rmse-1.4043, valid_pr-0.6785
epoch-119, train_loss-0.7205, train_rmse-0.8488, valid_rmse-1.3740, valid_pr-0.6894
epoch-120, train_loss-0.7000, train_rmse-0.8367, valid_rmse-1.4339, valid_pr-0.6704
epoch-121, train_loss-0.7094, train_rmse-0.8422, valid_rmse-1.3940, valid_pr-0.6795
epoch-122, train_loss-0.6835, train_rmse-0.8267, valid_rmse-1.3904, valid_pr-0.6833
epoch-123, train_loss-0.6967, train_rmse-0.8347, valid_rmse-1.4501, valid_pr-0.6543
epoch-124, train_loss-0.6596, train_rmse-0.8121, valid_rmse-1.3979, valid_pr-0.6816
epoch-125, train_loss-0.5379, train_rmse-0.7334, valid_rmse-1.3657, valid_pr-0.6975
epoch-126, train_loss-0.4605, train_rmse-0.6786, valid_rmse-1.3668, valid_pr-0.6952
epoch-127, train_loss-0.4349, train_rmse-0.6595, valid_rmse-1.3784, valid_pr-0.6958
epoch-128, train_loss-0.4287, train_rmse-0.6547, valid_rmse-1.3779, valid_pr-0.6923
epoch-129, train_loss-0.4033, train_rmse-0.6350, valid_rmse-1.4024, valid_pr-0.6873
epoch-130, train_loss-0.4080, train_rmse-0.6387, valid_rmse-1.3939, valid_pr-0.6919
epoch-131, train_loss-0.3899, train_rmse-0.6244, valid_rmse-1.3890, valid_pr-0.6868
epoch-132, train_loss-0.3936, train_rmse-0.6273, valid_rmse-1.3684, valid_pr-0.6953
epoch-133, train_loss-0.3864, train_rmse-0.6216, valid_rmse-1.4119, valid_pr-0.6898
epoch-134, train_loss-0.3740, train_rmse-0.6115, valid_rmse-1.3641, valid_pr-0.6967
epoch-135, train_loss-0.3713, train_rmse-0.6094, valid_rmse-1.3718, valid_pr-0.6966
epoch-136, train_loss-0.3598, train_rmse-0.5998, valid_rmse-1.3903, valid_pr-0.6899
epoch-137, train_loss-0.3612, train_rmse-0.6010, valid_rmse-1.3949, valid_pr-0.6872
epoch-138, train_loss-0.3495, train_rmse-0.5912, valid_rmse-1.3874, valid_pr-0.6888
epoch-139, train_loss-0.3428, train_rmse-0.5855, valid_rmse-1.3634, valid_pr-0.6956
epoch-140, train_loss-0.3462, train_rmse-0.5884, valid_rmse-1.3806, valid_pr-0.6853
epoch-141, train_loss-0.3387, train_rmse-0.5820, valid_rmse-1.3895, valid_pr-0.6899
epoch-142, train_loss-0.3451, train_rmse-0.5875, valid_rmse-1.3892, valid_pr-0.6930
epoch-143, train_loss-0.3270, train_rmse-0.5719, valid_rmse-1.3763, valid_pr-0.6959
epoch-144, train_loss-0.3261, train_rmse-0.5711, valid_rmse-1.3750, valid_pr-0.6929
epoch-145, train_loss-0.3222, train_rmse-0.5677, valid_rmse-1.3613, valid_pr-0.7050
Validation : valid_rmse-1.3613, valid_pr-0.7050, 
test2013_rmse-1.4652, test2013_pr-0.7800, test2016_rmse-1.3938, test2016_pr-0.7671, test2019_rmse-1.6176, test2019_pr-0.5401
epoch-146, train_loss-0.3272, train_rmse-0.5720, valid_rmse-1.3744, valid_pr-0.6979
epoch-147, train_loss-0.3434, train_rmse-0.5860, valid_rmse-1.3549, valid_pr-0.6992
Validation : valid_rmse-1.3549, valid_pr-0.6992, 
test2013_rmse-1.4211, test2013_pr-0.8038, test2016_rmse-1.4229, test2016_pr-0.7588, test2019_rmse-1.5810, test2019_pr-0.5415
epoch-148, train_loss-0.3421, train_rmse-0.5849, valid_rmse-1.3568, valid_pr-0.6986
epoch-149, train_loss-0.3039, train_rmse-0.5513, valid_rmse-1.3839, valid_pr-0.6906
epoch-150, train_loss-0.3090, train_rmse-0.5559, valid_rmse-1.3950, valid_pr-0.6872
epoch-151, train_loss-0.3106, train_rmse-0.5573, valid_rmse-1.3887, valid_pr-0.6901
epoch-152, train_loss-0.3211, train_rmse-0.5667, valid_rmse-1.3943, valid_pr-0.6831
epoch-153, train_loss-0.3230, train_rmse-0.5683, valid_rmse-1.3716, valid_pr-0.6914
epoch-154, train_loss-0.3110, train_rmse-0.5577, valid_rmse-1.4066, valid_pr-0.6860
epoch-155, train_loss-0.3166, train_rmse-0.5627, valid_rmse-1.3953, valid_pr-0.6853
epoch-156, train_loss-0.3097, train_rmse-0.5565, valid_rmse-1.3911, valid_pr-0.6893
epoch-157, train_loss-0.3043, train_rmse-0.5516, valid_rmse-1.3921, valid_pr-0.6897
epoch-158, train_loss-0.2894, train_rmse-0.5380, valid_rmse-1.3868, valid_pr-0.6914
epoch-159, train_loss-0.2897, train_rmse-0.5383, valid_rmse-1.3710, valid_pr-0.6909
epoch-160, train_loss-0.2942, train_rmse-0.5424, valid_rmse-1.3798, valid_pr-0.6890
epoch-161, train_loss-0.2761, train_rmse-0.5254, valid_rmse-1.3904, valid_pr-0.6902
epoch-162, train_loss-0.2881, train_rmse-0.5368, valid_rmse-1.3792, valid_pr-0.6869
epoch-163, train_loss-0.2942, train_rmse-0.5424, valid_rmse-1.3747, valid_pr-0.6906
epoch-164, train_loss-0.2999, train_rmse-0.5476, valid_rmse-1.3550, valid_pr-0.7026
epoch-165, train_loss-0.2770, train_rmse-0.5263, valid_rmse-1.3948, valid_pr-0.6951
epoch-166, train_loss-0.2974, train_rmse-0.5454, valid_rmse-1.3988, valid_pr-0.6884
epoch-167, train_loss-0.2817, train_rmse-0.5307, valid_rmse-1.3749, valid_pr-0.6932
epoch-168, train_loss-0.2757, train_rmse-0.5251, valid_rmse-1.3851, valid_pr-0.6873
epoch-169, train_loss-0.2692, train_rmse-0.5188, valid_rmse-1.3743, valid_pr-0.7037
epoch-170, train_loss-0.2887, train_rmse-0.5373, valid_rmse-1.4361, valid_pr-0.6836
epoch-171, train_loss-0.2729, train_rmse-0.5224, valid_rmse-1.3798, valid_pr-0.6899
epoch-172, train_loss-0.2665, train_rmse-0.5162, valid_rmse-1.3676, valid_pr-0.6932
epoch-173, train_loss-0.2547, train_rmse-0.5047, valid_rmse-1.3601, valid_pr-0.6988
epoch-174, train_loss-0.2505, train_rmse-0.5005, valid_rmse-1.3786, valid_pr-0.6898
epoch-175, train_loss-0.2420, train_rmse-0.4919, valid_rmse-1.3801, valid_pr-0.6944
epoch-176, train_loss-0.2513, train_rmse-0.5013, valid_rmse-1.3800, valid_pr-0.6881
epoch-177, train_loss-0.2595, train_rmse-0.5094, valid_rmse-1.3682, valid_pr-0.6936
epoch-178, train_loss-0.2640, train_rmse-0.5138, valid_rmse-1.3685, valid_pr-0.6961
epoch-179, train_loss-0.2509, train_rmse-0.5009, valid_rmse-1.3931, valid_pr-0.6894
epoch-180, train_loss-0.2738, train_rmse-0.5233, valid_rmse-1.4109, valid_pr-0.6798
epoch-181, train_loss-0.2791, train_rmse-0.5283, valid_rmse-1.3813, valid_pr-0.6870
epoch-182, train_loss-0.2533, train_rmse-0.5032, valid_rmse-1.3764, valid_pr-0.6887
epoch-183, train_loss-0.2488, train_rmse-0.4988, valid_rmse-1.3828, valid_pr-0.6926
epoch-184, train_loss-0.2574, train_rmse-0.5073, valid_rmse-1.3678, valid_pr-0.6928
epoch-185, train_loss-0.2391, train_rmse-0.4889, valid_rmse-1.3743, valid_pr-0.6928
epoch-186, train_loss-0.2421, train_rmse-0.4920, valid_rmse-1.3756, valid_pr-0.6977
epoch-187, train_loss-0.2300, train_rmse-0.4796, valid_rmse-1.3960, valid_pr-0.6814
epoch-188, train_loss-0.2275, train_rmse-0.4770, valid_rmse-1.3922, valid_pr-0.6873
epoch-189, train_loss-0.2275, train_rmse-0.4770, valid_rmse-1.3826, valid_pr-0.6920
epoch-190, train_loss-0.2385, train_rmse-0.4883, valid_rmse-1.4045, valid_pr-0.6800
epoch-191, train_loss-0.2427, train_rmse-0.4926, valid_rmse-1.3812, valid_pr-0.6877
epoch-192, train_loss-0.2519, train_rmse-0.5019, valid_rmse-1.3992, valid_pr-0.6765
epoch-193, train_loss-0.2539, train_rmse-0.5039, valid_rmse-1.4147, valid_pr-0.6767
epoch-194, train_loss-0.2399, train_rmse-0.4898, valid_rmse-1.4214, valid_pr-0.6806
epoch-195, train_loss-0.2332, train_rmse-0.4829, valid_rmse-1.4022, valid_pr-0.6853
epoch-196, train_loss-0.2433, train_rmse-0.4932, valid_rmse-1.4184, valid_pr-0.6879
epoch-197, train_loss-0.2316, train_rmse-0.4813, valid_rmse-1.3940, valid_pr-0.6984
epoch-198, train_loss-0.2304, train_rmse-0.4800, valid_rmse-1.3878, valid_pr-0.6926
epoch-199, train_loss-0.1835, train_rmse-0.4284, valid_rmse-1.3725, valid_pr-0.6945
epoch-200, train_loss-0.1653, train_rmse-0.4066, valid_rmse-1.3766, valid_pr-0.6902
epoch-201, train_loss-0.1474, train_rmse-0.3840, valid_rmse-1.3752, valid_pr-0.6932
epoch-202, train_loss-0.1494, train_rmse-0.3865, valid_rmse-1.3689, valid_pr-0.7004
epoch-203, train_loss-0.1469, train_rmse-0.3833, valid_rmse-1.3777, valid_pr-0.6957
epoch-204, train_loss-0.1466, train_rmse-0.3829, valid_rmse-1.3864, valid_pr-0.6989
epoch-205, train_loss-0.1494, train_rmse-0.3865, valid_rmse-1.3572, valid_pr-0.7042
epoch-206, train_loss-0.1443, train_rmse-0.3798, valid_rmse-1.3820, valid_pr-0.6931
epoch-207, train_loss-0.1416, train_rmse-0.3763, valid_rmse-1.3729, valid_pr-0.6938
epoch-208, train_loss-0.1455, train_rmse-0.3814, valid_rmse-1.3614, valid_pr-0.7026
epoch-209, train_loss-0.1406, train_rmse-0.3750, valid_rmse-1.3819, valid_pr-0.6941
epoch-210, train_loss-0.1409, train_rmse-0.3754, valid_rmse-1.3695, valid_pr-0.7024
epoch-211, train_loss-0.1422, train_rmse-0.3772, valid_rmse-1.3833, valid_pr-0.6956
epoch-212, train_loss-0.1385, train_rmse-0.3721, valid_rmse-1.3769, valid_pr-0.6946
epoch-213, train_loss-0.1401, train_rmse-0.3743, valid_rmse-1.3687, valid_pr-0.6961
epoch-214, train_loss-0.1454, train_rmse-0.3814, valid_rmse-1.3550, valid_pr-0.7019
epoch-215, train_loss-0.1380, train_rmse-0.3714, valid_rmse-1.3655, valid_pr-0.6985
epoch-216, train_loss-0.1408, train_rmse-0.3753, valid_rmse-1.3523, valid_pr-0.7038
Validation : valid_rmse-1.3523, valid_pr-0.7038, 
test2013_rmse-1.4971, test2013_pr-0.7733, test2016_rmse-1.4258, test2016_pr-0.7556, test2019_rmse-1.5848, test2019_pr-0.5434
epoch-217, train_loss-0.1398, train_rmse-0.3739, valid_rmse-1.3689, valid_pr-0.6985
epoch-218, train_loss-0.1476, train_rmse-0.3842, valid_rmse-1.3584, valid_pr-0.7010
epoch-219, train_loss-0.1439, train_rmse-0.3794, valid_rmse-1.3828, valid_pr-0.6921
epoch-220, train_loss-0.1334, train_rmse-0.3652, valid_rmse-1.3687, valid_pr-0.6974
epoch-221, train_loss-0.1321, train_rmse-0.3635, valid_rmse-1.3809, valid_pr-0.6950
epoch-222, train_loss-0.1391, train_rmse-0.3729, valid_rmse-1.3694, valid_pr-0.7004
epoch-223, train_loss-0.1346, train_rmse-0.3669, valid_rmse-1.3650, valid_pr-0.6966
epoch-224, train_loss-0.1395, train_rmse-0.3735, valid_rmse-1.3533, valid_pr-0.7028
epoch-225, train_loss-0.1375, train_rmse-0.3708, valid_rmse-1.3705, valid_pr-0.6970
epoch-226, train_loss-0.1234, train_rmse-0.3513, valid_rmse-1.3945, valid_pr-0.6929
epoch-227, train_loss-0.1343, train_rmse-0.3665, valid_rmse-1.3761, valid_pr-0.6967
epoch-228, train_loss-0.1284, train_rmse-0.3583, valid_rmse-1.3649, valid_pr-0.6982
epoch-229, train_loss-0.1347, train_rmse-0.3670, valid_rmse-1.3897, valid_pr-0.6965
epoch-230, train_loss-0.1285, train_rmse-0.3585, valid_rmse-1.3654, valid_pr-0.7028
epoch-231, train_loss-0.1264, train_rmse-0.3555, valid_rmse-1.3545, valid_pr-0.7029
epoch-232, train_loss-0.1332, train_rmse-0.3649, valid_rmse-1.3606, valid_pr-0.7015
epoch-233, train_loss-0.1307, train_rmse-0.3616, valid_rmse-1.3618, valid_pr-0.6995
epoch-234, train_loss-0.1222, train_rmse-0.3495, valid_rmse-1.3555, valid_pr-0.7027
epoch-235, train_loss-0.1272, train_rmse-0.3566, valid_rmse-1.3706, valid_pr-0.7033
epoch-236, train_loss-0.1334, train_rmse-0.3653, valid_rmse-1.3683, valid_pr-0.7014
epoch-237, train_loss-0.1298, train_rmse-0.3603, valid_rmse-1.3561, valid_pr-0.6990
epoch-238, train_loss-0.1333, train_rmse-0.3651, valid_rmse-1.3658, valid_pr-0.6968
epoch-239, train_loss-0.1233, train_rmse-0.3511, valid_rmse-1.3455, valid_pr-0.7025
Validation : valid_rmse-1.3455, valid_pr-0.7025, 
test2013_rmse-1.5027, test2013_pr-0.7727, test2016_rmse-1.4199, test2016_pr-0.7578, test2019_rmse-1.5878, test2019_pr-0.5410
epoch-240, train_loss-0.1261, train_rmse-0.3551, valid_rmse-1.3585, valid_pr-0.6981
epoch-241, train_loss-0.1195, train_rmse-0.3457, valid_rmse-1.3607, valid_pr-0.7019
epoch-242, train_loss-0.1263, train_rmse-0.3554, valid_rmse-1.3638, valid_pr-0.6985
epoch-243, train_loss-0.1226, train_rmse-0.3501, valid_rmse-1.3590, valid_pr-0.6994
epoch-244, train_loss-0.1240, train_rmse-0.3522, valid_rmse-1.3645, valid_pr-0.6990
epoch-245, train_loss-0.1174, train_rmse-0.3426, valid_rmse-1.3641, valid_pr-0.7007
epoch-246, train_loss-0.1206, train_rmse-0.3473, valid_rmse-1.3468, valid_pr-0.7054
epoch-247, train_loss-0.1268, train_rmse-0.3560, valid_rmse-1.3456, valid_pr-0.7078
epoch-248, train_loss-0.1227, train_rmse-0.3504, valid_rmse-1.3633, valid_pr-0.7011
epoch-249, train_loss-0.1185, train_rmse-0.3442, valid_rmse-1.3754, valid_pr-0.6947
epoch-250, train_loss-0.1183, train_rmse-0.3439, valid_rmse-1.3736, valid_pr-0.6960
epoch-251, train_loss-0.1126, train_rmse-0.3356, valid_rmse-1.3878, valid_pr-0.6842
epoch-252, train_loss-0.1164, train_rmse-0.3411, valid_rmse-1.3550, valid_pr-0.7021
epoch-253, train_loss-0.1223, train_rmse-0.3497, valid_rmse-1.3515, valid_pr-0.7029
epoch-254, train_loss-0.1196, train_rmse-0.3458, valid_rmse-1.3743, valid_pr-0.6934
epoch-255, train_loss-0.1177, train_rmse-0.3431, valid_rmse-1.3546, valid_pr-0.7028
epoch-256, train_loss-0.1084, train_rmse-0.3292, valid_rmse-1.3671, valid_pr-0.7019
epoch-257, train_loss-0.1186, train_rmse-0.3443, valid_rmse-1.3638, valid_pr-0.7040
epoch-258, train_loss-0.1132, train_rmse-0.3364, valid_rmse-1.3722, valid_pr-0.6984
epoch-259, train_loss-0.1066, train_rmse-0.3266, valid_rmse-1.3548, valid_pr-0.7042
epoch-260, train_loss-0.1176, train_rmse-0.3429, valid_rmse-1.3498, valid_pr-0.7031
epoch-261, train_loss-0.1187, train_rmse-0.3445, valid_rmse-1.3647, valid_pr-0.6979
epoch-262, train_loss-0.1251, train_rmse-0.3537, valid_rmse-1.3544, valid_pr-0.7038
epoch-263, train_loss-0.1207, train_rmse-0.3474, valid_rmse-1.3664, valid_pr-0.6978
epoch-264, train_loss-0.1165, train_rmse-0.3413, valid_rmse-1.3675, valid_pr-0.6972
epoch-265, train_loss-0.1120, train_rmse-0.3347, valid_rmse-1.3613, valid_pr-0.7024
epoch-266, train_loss-0.1237, train_rmse-0.3517, valid_rmse-1.3500, valid_pr-0.7024
epoch-267, train_loss-0.1157, train_rmse-0.3401, valid_rmse-1.3467, valid_pr-0.7074
epoch-268, train_loss-0.1149, train_rmse-0.3390, valid_rmse-1.3679, valid_pr-0.7009
epoch-269, train_loss-0.1131, train_rmse-0.3363, valid_rmse-1.3532, valid_pr-0.7020
epoch-270, train_loss-0.1155, train_rmse-0.3398, valid_rmse-1.3518, valid_pr-0.7066
epoch-271, train_loss-0.1068, train_rmse-0.3268, valid_rmse-1.3567, valid_pr-0.7041
epoch-272, train_loss-0.1126, train_rmse-0.3355, valid_rmse-1.3514, valid_pr-0.7048
epoch-273, train_loss-0.1107, train_rmse-0.3327, valid_rmse-1.3509, valid_pr-0.7052
epoch-274, train_loss-0.1119, train_rmse-0.3346, valid_rmse-1.3701, valid_pr-0.6944
epoch-275, train_loss-0.1100, train_rmse-0.3316, valid_rmse-1.3609, valid_pr-0.6996
epoch-276, train_loss-0.1101, train_rmse-0.3319, valid_rmse-1.3660, valid_pr-0.6978
epoch-277, train_loss-0.1137, train_rmse-0.3373, valid_rmse-1.3484, valid_pr-0.7050
epoch-278, train_loss-0.1111, train_rmse-0.3333, valid_rmse-1.3735, valid_pr-0.6980
epoch-279, train_loss-0.1113, train_rmse-0.3336, valid_rmse-1.3570, valid_pr-0.6993
epoch-280, train_loss-0.1152, train_rmse-0.3394, valid_rmse-1.3352, valid_pr-0.7117
Validation : valid_rmse-1.3352, valid_pr-0.7117, 
test2013_rmse-1.5164, test2013_pr-0.7676, test2016_rmse-1.4380, test2016_pr-0.7501, test2019_rmse-1.5680, test2019_pr-0.5551
epoch-281, train_loss-0.1155, train_rmse-0.3399, valid_rmse-1.3535, valid_pr-0.7044
epoch-282, train_loss-0.1144, train_rmse-0.3382, valid_rmse-1.3520, valid_pr-0.7023
epoch-283, train_loss-0.1037, train_rmse-0.3220, valid_rmse-1.3489, valid_pr-0.7029
epoch-284, train_loss-0.1123, train_rmse-0.3351, valid_rmse-1.3622, valid_pr-0.6988
epoch-285, train_loss-0.1010, train_rmse-0.3178, valid_rmse-1.3484, valid_pr-0.7036
epoch-286, train_loss-0.1013, train_rmse-0.3182, valid_rmse-1.3638, valid_pr-0.6989
epoch-287, train_loss-0.1076, train_rmse-0.3280, valid_rmse-1.3478, valid_pr-0.7072
epoch-288, train_loss-0.1117, train_rmse-0.3342, valid_rmse-1.3662, valid_pr-0.6964
epoch-289, train_loss-0.1001, train_rmse-0.3164, valid_rmse-1.3593, valid_pr-0.6997
epoch-290, train_loss-0.1069, train_rmse-0.3269, valid_rmse-1.3642, valid_pr-0.6985
epoch-291, train_loss-0.1044, train_rmse-0.3231, valid_rmse-1.3641, valid_pr-0.6965
epoch-292, train_loss-0.1058, train_rmse-0.3252, valid_rmse-1.3591, valid_pr-0.7016
epoch-293, train_loss-0.1044, train_rmse-0.3231, valid_rmse-1.3661, valid_pr-0.7046
epoch-294, train_loss-0.1101, train_rmse-0.3318, valid_rmse-1.3675, valid_pr-0.7005
epoch-295, train_loss-0.1053, train_rmse-0.3244, valid_rmse-1.3542, valid_pr-0.7013
epoch-296, train_loss-0.1091, train_rmse-0.3303, valid_rmse-1.3565, valid_pr-0.7054
epoch-297, train_loss-0.1066, train_rmse-0.3265, valid_rmse-1.3744, valid_pr-0.6981
epoch-298, train_loss-0.1086, train_rmse-0.3295, valid_rmse-1.3502, valid_pr-0.7070
epoch-299, train_loss-0.1055, train_rmse-0.3248, valid_rmse-1.3526, valid_pr-0.7034
epoch-300, train_loss-0.1018, train_rmse-0.3191, valid_rmse-1.3515, valid_pr-0.7015
epoch-301, train_loss-0.0971, train_rmse-0.3116, valid_rmse-1.3583, valid_pr-0.7035
epoch-302, train_loss-0.0991, train_rmse-0.3148, valid_rmse-1.3499, valid_pr-0.7024
epoch-303, train_loss-0.1002, train_rmse-0.3165, valid_rmse-1.3602, valid_pr-0.6993
epoch-304, train_loss-0.0915, train_rmse-0.3026, valid_rmse-1.3717, valid_pr-0.6958
epoch-305, train_loss-0.1015, train_rmse-0.3186, valid_rmse-1.3615, valid_pr-0.7013
epoch-306, train_loss-0.0951, train_rmse-0.3083, valid_rmse-1.3536, valid_pr-0.7015
epoch-307, train_loss-0.0928, train_rmse-0.3046, valid_rmse-1.3660, valid_pr-0.6952
epoch-308, train_loss-0.1008, train_rmse-0.3174, valid_rmse-1.3567, valid_pr-0.6992
epoch-309, train_loss-0.1009, train_rmse-0.3177, valid_rmse-1.3537, valid_pr-0.7043
epoch-310, train_loss-0.0971, train_rmse-0.3116, valid_rmse-1.3595, valid_pr-0.6992
epoch-311, train_loss-0.0934, train_rmse-0.3056, valid_rmse-1.3656, valid_pr-0.6982
epoch-312, train_loss-0.0974, train_rmse-0.3121, valid_rmse-1.3514, valid_pr-0.7027
epoch-313, train_loss-0.1132, train_rmse-0.3365, valid_rmse-1.3698, valid_pr-0.6957
epoch-314, train_loss-0.1071, train_rmse-0.3273, valid_rmse-1.3569, valid_pr-0.6999
epoch-315, train_loss-0.0999, train_rmse-0.3160, valid_rmse-1.3616, valid_pr-0.7017
epoch-316, train_loss-0.0926, train_rmse-0.3043, valid_rmse-1.3651, valid_pr-0.6988
epoch-317, train_loss-0.1033, train_rmse-0.3213, valid_rmse-1.3554, valid_pr-0.7034
epoch-318, train_loss-0.1031, train_rmse-0.3212, valid_rmse-1.3681, valid_pr-0.7008
epoch-319, train_loss-0.0990, train_rmse-0.3147, valid_rmse-1.3618, valid_pr-0.7017
epoch-320, train_loss-0.0961, train_rmse-0.3101, valid_rmse-1.3553, valid_pr-0.7023
epoch-321, train_loss-0.1013, train_rmse-0.3183, valid_rmse-1.3551, valid_pr-0.7040
epoch-322, train_loss-0.0958, train_rmse-0.3096, valid_rmse-1.3509, valid_pr-0.7050
epoch-323, train_loss-0.0949, train_rmse-0.3080, valid_rmse-1.3442, valid_pr-0.7060
epoch-324, train_loss-0.1021, train_rmse-0.3195, valid_rmse-1.3590, valid_pr-0.7013
epoch-325, train_loss-0.0936, train_rmse-0.3059, valid_rmse-1.3555, valid_pr-0.7010
epoch-326, train_loss-0.0910, train_rmse-0.3016, valid_rmse-1.3493, valid_pr-0.7100
epoch-327, train_loss-0.0888, train_rmse-0.2980, valid_rmse-1.3453, valid_pr-0.7055
epoch-328, train_loss-0.0935, train_rmse-0.3058, valid_rmse-1.3826, valid_pr-0.6953
epoch-329, train_loss-0.0936, train_rmse-0.3060, valid_rmse-1.3561, valid_pr-0.7004
epoch-330, train_loss-0.0922, train_rmse-0.3036, valid_rmse-1.3464, valid_pr-0.7042
epoch-331, train_loss-0.0959, train_rmse-0.3097, valid_rmse-1.3609, valid_pr-0.6984
epoch-332, train_loss-0.0801, train_rmse-0.2830, valid_rmse-1.3611, valid_pr-0.7004
epoch-333, train_loss-0.0729, train_rmse-0.2701, valid_rmse-1.3583, valid_pr-0.7004
epoch-334, train_loss-0.0762, train_rmse-0.2761, valid_rmse-1.3536, valid_pr-0.7038
epoch-335, train_loss-0.0743, train_rmse-0.2725, valid_rmse-1.3480, valid_pr-0.7067
epoch-336, train_loss-0.0738, train_rmse-0.2716, valid_rmse-1.3489, valid_pr-0.7035
epoch-337, train_loss-0.0684, train_rmse-0.2616, valid_rmse-1.3676, valid_pr-0.6976
epoch-338, train_loss-0.0708, train_rmse-0.2660, valid_rmse-1.3536, valid_pr-0.7047
epoch-339, train_loss-0.0740, train_rmse-0.2721, valid_rmse-1.3591, valid_pr-0.7037
epoch-340, train_loss-0.0739, train_rmse-0.2718, valid_rmse-1.3548, valid_pr-0.7009
epoch-341, train_loss-0.0697, train_rmse-0.2641, valid_rmse-1.3469, valid_pr-0.7045
epoch-342, train_loss-0.0730, train_rmse-0.2702, valid_rmse-1.3652, valid_pr-0.6987
epoch-343, train_loss-0.0681, train_rmse-0.2610, valid_rmse-1.3542, valid_pr-0.7042
epoch-344, train_loss-0.0726, train_rmse-0.2694, valid_rmse-1.3507, valid_pr-0.7071
epoch-345, train_loss-0.0709, train_rmse-0.2662, valid_rmse-1.3497, valid_pr-0.7043
epoch-346, train_loss-0.0651, train_rmse-0.2551, valid_rmse-1.3524, valid_pr-0.7027
epoch-347, train_loss-0.0651, train_rmse-0.2552, valid_rmse-1.3454, valid_pr-0.7075
epoch-348, train_loss-0.0652, train_rmse-0.2553, valid_rmse-1.3494, valid_pr-0.7020
epoch-349, train_loss-0.0668, train_rmse-0.2584, valid_rmse-1.3577, valid_pr-0.7015
epoch-350, train_loss-0.0673, train_rmse-0.2595, valid_rmse-1.3528, valid_pr-0.7026
epoch-351, train_loss-0.0745, train_rmse-0.2729, valid_rmse-1.3547, valid_pr-0.7009
epoch-352, train_loss-0.0669, train_rmse-0.2586, valid_rmse-1.3481, valid_pr-0.7075
epoch-353, train_loss-0.0685, train_rmse-0.2617, valid_rmse-1.3588, valid_pr-0.6978
epoch-354, train_loss-0.0669, train_rmse-0.2587, valid_rmse-1.3568, valid_pr-0.7035
epoch-355, train_loss-0.0638, train_rmse-0.2525, valid_rmse-1.3502, valid_pr-0.7033
epoch-356, train_loss-0.0681, train_rmse-0.2609, valid_rmse-1.3469, valid_pr-0.7045
epoch-357, train_loss-0.0690, train_rmse-0.2627, valid_rmse-1.3509, valid_pr-0.7041
epoch-358, train_loss-0.0679, train_rmse-0.2605, valid_rmse-1.3555, valid_pr-0.7009
epoch-359, train_loss-0.0625, train_rmse-0.2500, valid_rmse-1.3456, valid_pr-0.7074
epoch-360, train_loss-0.0694, train_rmse-0.2635, valid_rmse-1.3511, valid_pr-0.7027
epoch-361, train_loss-0.0676, train_rmse-0.2600, valid_rmse-1.3584, valid_pr-0.7021
epoch-362, train_loss-0.0632, train_rmse-0.2514, valid_rmse-1.3372, valid_pr-0.7088
epoch-363, train_loss-0.0621, train_rmse-0.2492, valid_rmse-1.3503, valid_pr-0.7036
epoch-364, train_loss-0.0689, train_rmse-0.2625, valid_rmse-1.3434, valid_pr-0.7086
epoch-365, train_loss-0.0716, train_rmse-0.2675, valid_rmse-1.3535, valid_pr-0.7037
epoch-366, train_loss-0.0638, train_rmse-0.2525, valid_rmse-1.3501, valid_pr-0.7059
epoch-367, train_loss-0.0649, train_rmse-0.2547, valid_rmse-1.3469, valid_pr-0.7066
epoch-368, train_loss-0.0671, train_rmse-0.2590, valid_rmse-1.3509, valid_pr-0.7059
epoch-369, train_loss-0.0688, train_rmse-0.2623, valid_rmse-1.3584, valid_pr-0.7022
epoch-370, train_loss-0.0636, train_rmse-0.2522, valid_rmse-1.3506, valid_pr-0.7042
epoch-371, train_loss-0.0681, train_rmse-0.2610, valid_rmse-1.3526, valid_pr-0.7041
epoch-372, train_loss-0.0609, train_rmse-0.2469, valid_rmse-1.3558, valid_pr-0.7022
epoch-373, train_loss-0.0643, train_rmse-0.2536, valid_rmse-1.3507, valid_pr-0.7025
epoch-374, train_loss-0.0656, train_rmse-0.2562, valid_rmse-1.3519, valid_pr-0.7039
epoch-375, train_loss-0.0653, train_rmse-0.2555, valid_rmse-1.3521, valid_pr-0.7033
epoch-376, train_loss-0.0630, train_rmse-0.2511, valid_rmse-1.3503, valid_pr-0.7032
epoch-377, train_loss-0.0646, train_rmse-0.2541, valid_rmse-1.3583, valid_pr-0.7031
epoch-378, train_loss-0.0662, train_rmse-0.2573, valid_rmse-1.3484, valid_pr-0.7042
epoch-379, train_loss-0.0652, train_rmse-0.2554, valid_rmse-1.3552, valid_pr-0.7022
epoch-380, train_loss-0.0674, train_rmse-0.2596, valid_rmse-1.3482, valid_pr-0.7056
epoch-381, train_loss-0.0644, train_rmse-0.2537, valid_rmse-1.3447, valid_pr-0.7076
early stop in epoch 381
best_rmse: 1.3352
valid_rmse-1.3352, valid_pr-0.7117, test2013_rmse-1.5164, test2013_pr-0.7676, test2016_rmse-1.4380, test2016_pr-0.7501, test2019_rmse-1.5680, test2019_pr-0.5551
