Atom3D, lr=0.0005, seed=478
train_CheapAtom3D.py
train data: 11904
valid data: 1000
test2013 data: 107
test2016 data: 285
test2019 data: 4366
GIGN params # : 1081897
epoch-0, train_loss-24.5377, train_rmse-4.9536, valid_rmse-2.0629, valid_pr-0.3560
Validation : valid_rmse-2.0629, valid_pr-0.3560, 
test2013_rmse-2.0878, test2013_pr-0.5338, test2016_rmse-2.1169, test2016_pr-0.4511, test2019_rmse-2.1068, test2019_pr-0.3497
epoch-1, train_loss-4.7999, train_rmse-2.1909, valid_rmse-1.9250, valid_pr-0.3563
Validation : valid_rmse-1.9250, valid_pr-0.3563, 
test2013_rmse-1.8700, test2013_pr-0.5992, test2016_rmse-1.8079, test2016_pr-0.5710, test2019_rmse-1.8351, test2019_pr-0.3992
epoch-2, train_loss-3.5554, train_rmse-1.8856, valid_rmse-1.7527, valid_pr-0.4520
Validation : valid_rmse-1.7527, valid_pr-0.4520, 
test2013_rmse-1.8408, test2013_pr-0.6201, test2016_rmse-1.7554, test2016_pr-0.6100, test2019_rmse-1.7378, test2019_pr-0.4292
epoch-3, train_loss-3.0765, train_rmse-1.7540, valid_rmse-1.6383, valid_pr-0.5315
Validation : valid_rmse-1.6383, valid_pr-0.5315, 
test2013_rmse-1.7539, test2013_pr-0.6587, test2016_rmse-1.6262, test2016_pr-0.6627, test2019_rmse-1.7179, test2019_pr-0.4733
epoch-4, train_loss-2.8370, train_rmse-1.6843, valid_rmse-1.6150, valid_pr-0.5351
Validation : valid_rmse-1.6150, valid_pr-0.5351, 
test2013_rmse-1.7356, test2013_pr-0.6823, test2016_rmse-1.6701, test2016_pr-0.6634, test2019_rmse-1.6443, test2019_pr-0.4857
epoch-5, train_loss-2.5832, train_rmse-1.6072, valid_rmse-1.6034, valid_pr-0.5396
Validation : valid_rmse-1.6034, valid_pr-0.5396, 
test2013_rmse-1.6535, test2013_pr-0.7127, test2016_rmse-1.5676, test2016_pr-0.6989, test2019_rmse-1.6643, test2019_pr-0.4880
epoch-6, train_loss-2.3110, train_rmse-1.5202, valid_rmse-1.5237, valid_pr-0.5885
Validation : valid_rmse-1.5237, valid_pr-0.5885, 
test2013_rmse-1.6597, test2013_pr-0.7347, test2016_rmse-1.5769, test2016_pr-0.7272, test2019_rmse-1.6006, test2019_pr-0.5022
epoch-7, train_loss-2.2001, train_rmse-1.4833, valid_rmse-1.4889, valid_pr-0.6050
Validation : valid_rmse-1.4889, valid_pr-0.6050, 
test2013_rmse-1.7030, test2013_pr-0.7018, test2016_rmse-1.5294, test2016_pr-0.7276, test2019_rmse-1.5780, test2019_pr-0.5271
epoch-8, train_loss-2.0443, train_rmse-1.4298, valid_rmse-1.4907, valid_pr-0.6146
epoch-9, train_loss-1.9692, train_rmse-1.4033, valid_rmse-1.4924, valid_pr-0.6067
epoch-10, train_loss-1.9124, train_rmse-1.3829, valid_rmse-1.4726, valid_pr-0.6187
Validation : valid_rmse-1.4726, valid_pr-0.6187, 
test2013_rmse-1.5788, test2013_pr-0.7462, test2016_rmse-1.4383, test2016_pr-0.7550, test2019_rmse-1.5572, test2019_pr-0.5426
epoch-11, train_loss-1.8486, train_rmse-1.3596, valid_rmse-1.4575, valid_pr-0.6284
Validation : valid_rmse-1.4575, valid_pr-0.6284, 
test2013_rmse-1.5361, test2013_pr-0.7701, test2016_rmse-1.3876, test2016_pr-0.7805, test2019_rmse-1.5374, test2019_pr-0.5592
epoch-12, train_loss-1.7712, train_rmse-1.3309, valid_rmse-1.4680, valid_pr-0.6271
epoch-13, train_loss-1.7509, train_rmse-1.3232, valid_rmse-1.4205, valid_pr-0.6542
Validation : valid_rmse-1.4205, valid_pr-0.6542, 
test2013_rmse-1.5179, test2013_pr-0.7724, test2016_rmse-1.3920, test2016_pr-0.7710, test2019_rmse-1.5324, test2019_pr-0.5693
epoch-14, train_loss-1.6605, train_rmse-1.2886, valid_rmse-1.4312, valid_pr-0.6517
epoch-15, train_loss-1.6202, train_rmse-1.2729, valid_rmse-1.4033, valid_pr-0.6638
Validation : valid_rmse-1.4033, valid_pr-0.6638, 
test2013_rmse-1.5520, test2013_pr-0.7827, test2016_rmse-1.4363, test2016_pr-0.7764, test2019_rmse-1.5156, test2019_pr-0.5701
epoch-16, train_loss-1.5320, train_rmse-1.2377, valid_rmse-1.4284, valid_pr-0.6475
epoch-17, train_loss-1.5349, train_rmse-1.2389, valid_rmse-1.4070, valid_pr-0.6652
epoch-18, train_loss-1.4479, train_rmse-1.2033, valid_rmse-1.3940, valid_pr-0.6770
Validation : valid_rmse-1.3940, valid_pr-0.6770, 
test2013_rmse-1.4479, test2013_pr-0.8023, test2016_rmse-1.3630, test2016_pr-0.7883, test2019_rmse-1.5261, test2019_pr-0.5784
epoch-19, train_loss-1.4374, train_rmse-1.1989, valid_rmse-1.4103, valid_pr-0.6633
epoch-20, train_loss-1.4081, train_rmse-1.1866, valid_rmse-1.3896, valid_pr-0.6731
Validation : valid_rmse-1.3896, valid_pr-0.6731, 
test2013_rmse-1.5028, test2013_pr-0.7717, test2016_rmse-1.3668, test2016_pr-0.7811, test2019_rmse-1.5365, test2019_pr-0.5659
epoch-21, train_loss-1.3768, train_rmse-1.1734, valid_rmse-1.3949, valid_pr-0.6651
epoch-22, train_loss-1.3366, train_rmse-1.1561, valid_rmse-1.4180, valid_pr-0.6698
epoch-23, train_loss-1.3154, train_rmse-1.1469, valid_rmse-1.4117, valid_pr-0.6602
epoch-24, train_loss-1.3633, train_rmse-1.1676, valid_rmse-1.3870, valid_pr-0.6815
Validation : valid_rmse-1.3870, valid_pr-0.6815, 
test2013_rmse-1.5887, test2013_pr-0.7666, test2016_rmse-1.4034, test2016_pr-0.8014, test2019_rmse-1.5468, test2019_pr-0.5596
epoch-25, train_loss-1.2558, train_rmse-1.1206, valid_rmse-1.3981, valid_pr-0.6642
epoch-26, train_loss-1.2324, train_rmse-1.1101, valid_rmse-1.3703, valid_pr-0.6881
Validation : valid_rmse-1.3703, valid_pr-0.6881, 
test2013_rmse-1.4701, test2013_pr-0.7914, test2016_rmse-1.3257, test2016_pr-0.7964, test2019_rmse-1.5365, test2019_pr-0.5704
epoch-27, train_loss-1.1877, train_rmse-1.0898, valid_rmse-1.3830, valid_pr-0.6760
epoch-28, train_loss-1.2158, train_rmse-1.1026, valid_rmse-1.3934, valid_pr-0.6783
epoch-29, train_loss-1.1640, train_rmse-1.0789, valid_rmse-1.4107, valid_pr-0.6554
epoch-30, train_loss-1.1466, train_rmse-1.0708, valid_rmse-1.3735, valid_pr-0.6783
epoch-31, train_loss-1.1028, train_rmse-1.0501, valid_rmse-1.3918, valid_pr-0.6819
epoch-32, train_loss-1.0756, train_rmse-1.0371, valid_rmse-1.3675, valid_pr-0.6871
Validation : valid_rmse-1.3675, valid_pr-0.6871, 
test2013_rmse-1.5413, test2013_pr-0.7579, test2016_rmse-1.3753, test2016_pr-0.7747, test2019_rmse-1.5390, test2019_pr-0.5545
epoch-33, train_loss-1.0920, train_rmse-1.0450, valid_rmse-1.3476, valid_pr-0.6956
Validation : valid_rmse-1.3476, valid_pr-0.6956, 
test2013_rmse-1.5515, test2013_pr-0.7651, test2016_rmse-1.3982, test2016_pr-0.7798, test2019_rmse-1.5001, test2019_pr-0.5739
epoch-34, train_loss-1.0769, train_rmse-1.0377, valid_rmse-1.4406, valid_pr-0.6690
epoch-35, train_loss-1.0489, train_rmse-1.0242, valid_rmse-1.3572, valid_pr-0.6931
epoch-36, train_loss-1.0620, train_rmse-1.0306, valid_rmse-1.4172, valid_pr-0.6722
epoch-37, train_loss-1.0468, train_rmse-1.0231, valid_rmse-1.3471, valid_pr-0.6931
Validation : valid_rmse-1.3471, valid_pr-0.6931, 
test2013_rmse-1.4803, test2013_pr-0.7800, test2016_rmse-1.3425, test2016_pr-0.7935, test2019_rmse-1.4966, test2019_pr-0.5829
epoch-38, train_loss-1.0041, train_rmse-1.0020, valid_rmse-1.3469, valid_pr-0.6945
Validation : valid_rmse-1.3469, valid_pr-0.6945, 
test2013_rmse-1.4887, test2013_pr-0.7757, test2016_rmse-1.3546, test2016_pr-0.7837, test2019_rmse-1.5378, test2019_pr-0.5689
epoch-39, train_loss-1.0208, train_rmse-1.0103, valid_rmse-1.3340, valid_pr-0.7033
Validation : valid_rmse-1.3340, valid_pr-0.7033, 
test2013_rmse-1.5040, test2013_pr-0.7834, test2016_rmse-1.4261, test2016_pr-0.7696, test2019_rmse-1.5085, test2019_pr-0.5772
epoch-40, train_loss-0.9947, train_rmse-0.9974, valid_rmse-1.3721, valid_pr-0.6977
epoch-41, train_loss-0.9888, train_rmse-0.9944, valid_rmse-1.3811, valid_pr-0.6886
epoch-42, train_loss-0.9878, train_rmse-0.9939, valid_rmse-1.3207, valid_pr-0.7061
Validation : valid_rmse-1.3207, valid_pr-0.7061, 
test2013_rmse-1.5045, test2013_pr-0.7722, test2016_rmse-1.3458, test2016_pr-0.7877, test2019_rmse-1.5111, test2019_pr-0.5669
epoch-43, train_loss-1.0040, train_rmse-1.0020, valid_rmse-1.3165, valid_pr-0.7059
Validation : valid_rmse-1.3165, valid_pr-0.7059, 
test2013_rmse-1.5560, test2013_pr-0.7544, test2016_rmse-1.3884, test2016_pr-0.7776, test2019_rmse-1.5144, test2019_pr-0.5726
epoch-44, train_loss-0.9484, train_rmse-0.9738, valid_rmse-1.3256, valid_pr-0.7059
epoch-45, train_loss-0.9657, train_rmse-0.9827, valid_rmse-1.3251, valid_pr-0.7113
epoch-46, train_loss-0.9672, train_rmse-0.9834, valid_rmse-1.3981, valid_pr-0.6995
epoch-47, train_loss-0.9286, train_rmse-0.9637, valid_rmse-1.3561, valid_pr-0.6861
epoch-48, train_loss-0.9162, train_rmse-0.9572, valid_rmse-1.3617, valid_pr-0.7148
epoch-49, train_loss-0.8919, train_rmse-0.9444, valid_rmse-1.3592, valid_pr-0.6895
epoch-50, train_loss-0.8993, train_rmse-0.9483, valid_rmse-1.3263, valid_pr-0.7076
epoch-51, train_loss-0.8302, train_rmse-0.9112, valid_rmse-1.3073, valid_pr-0.7183
Validation : valid_rmse-1.3073, valid_pr-0.7183, 
test2013_rmse-1.4771, test2013_pr-0.7930, test2016_rmse-1.3430, test2016_pr-0.7887, test2019_rmse-1.4909, test2019_pr-0.5899
epoch-52, train_loss-0.8835, train_rmse-0.9399, valid_rmse-1.3004, valid_pr-0.7160
Validation : valid_rmse-1.3004, valid_pr-0.7160, 
test2013_rmse-1.5532, test2013_pr-0.7508, test2016_rmse-1.3697, test2016_pr-0.7795, test2019_rmse-1.5014, test2019_pr-0.5807
epoch-53, train_loss-0.8469, train_rmse-0.9203, valid_rmse-1.3881, valid_pr-0.6971
epoch-54, train_loss-0.8794, train_rmse-0.9378, valid_rmse-1.3388, valid_pr-0.7023
epoch-55, train_loss-0.8836, train_rmse-0.9400, valid_rmse-1.2991, valid_pr-0.7218
Validation : valid_rmse-1.2991, valid_pr-0.7218, 
test2013_rmse-1.4405, test2013_pr-0.7978, test2016_rmse-1.3184, test2016_pr-0.8003, test2019_rmse-1.5097, test2019_pr-0.5858
epoch-56, train_loss-0.8670, train_rmse-0.9311, valid_rmse-1.3370, valid_pr-0.7098
epoch-57, train_loss-0.9047, train_rmse-0.9512, valid_rmse-1.3092, valid_pr-0.7127
epoch-58, train_loss-0.8815, train_rmse-0.9389, valid_rmse-1.3840, valid_pr-0.6912
epoch-59, train_loss-0.8171, train_rmse-0.9039, valid_rmse-1.3656, valid_pr-0.6929
epoch-60, train_loss-0.8119, train_rmse-0.9010, valid_rmse-1.3114, valid_pr-0.7158
epoch-61, train_loss-0.7901, train_rmse-0.8889, valid_rmse-1.3128, valid_pr-0.7133
epoch-62, train_loss-0.7810, train_rmse-0.8838, valid_rmse-1.2868, valid_pr-0.7273
Validation : valid_rmse-1.2868, valid_pr-0.7273, 
test2013_rmse-1.4336, test2013_pr-0.8143, test2016_rmse-1.3601, test2016_pr-0.8006, test2019_rmse-1.4884, test2019_pr-0.5898
epoch-63, train_loss-0.7757, train_rmse-0.8808, valid_rmse-1.3086, valid_pr-0.7136
epoch-64, train_loss-0.8125, train_rmse-0.9014, valid_rmse-1.3046, valid_pr-0.7174
epoch-65, train_loss-0.7773, train_rmse-0.8816, valid_rmse-1.3424, valid_pr-0.7150
epoch-66, train_loss-0.8168, train_rmse-0.9038, valid_rmse-1.3430, valid_pr-0.6966
epoch-67, train_loss-0.7976, train_rmse-0.8931, valid_rmse-1.2895, valid_pr-0.7276
epoch-68, train_loss-0.7586, train_rmse-0.8710, valid_rmse-1.4012, valid_pr-0.6919
epoch-69, train_loss-0.7757, train_rmse-0.8807, valid_rmse-1.3214, valid_pr-0.7162
epoch-70, train_loss-0.7712, train_rmse-0.8782, valid_rmse-1.3562, valid_pr-0.7136
epoch-71, train_loss-0.7950, train_rmse-0.8916, valid_rmse-1.3672, valid_pr-0.7202
epoch-72, train_loss-0.7500, train_rmse-0.8660, valid_rmse-1.3360, valid_pr-0.7101
epoch-73, train_loss-0.7512, train_rmse-0.8667, valid_rmse-1.3118, valid_pr-0.7165
epoch-74, train_loss-0.7323, train_rmse-0.8557, valid_rmse-1.3557, valid_pr-0.6982
epoch-75, train_loss-0.6966, train_rmse-0.8346, valid_rmse-1.2873, valid_pr-0.7262
epoch-76, train_loss-0.6851, train_rmse-0.8277, valid_rmse-1.3475, valid_pr-0.7085
epoch-77, train_loss-0.7218, train_rmse-0.8496, valid_rmse-1.2752, valid_pr-0.7314
Validation : valid_rmse-1.2752, valid_pr-0.7314, 
test2013_rmse-1.5075, test2013_pr-0.7668, test2016_rmse-1.3142, test2016_pr-0.7981, test2019_rmse-1.4663, test2019_pr-0.6057
epoch-78, train_loss-0.6891, train_rmse-0.8301, valid_rmse-1.3512, valid_pr-0.7084
epoch-79, train_loss-0.7127, train_rmse-0.8442, valid_rmse-1.3001, valid_pr-0.7182
epoch-80, train_loss-0.6664, train_rmse-0.8163, valid_rmse-1.2922, valid_pr-0.7290
epoch-81, train_loss-0.7125, train_rmse-0.8441, valid_rmse-1.2801, valid_pr-0.7305
epoch-82, train_loss-0.7244, train_rmse-0.8511, valid_rmse-1.3079, valid_pr-0.7286
epoch-83, train_loss-0.6708, train_rmse-0.8190, valid_rmse-1.3209, valid_pr-0.7109
epoch-84, train_loss-0.6447, train_rmse-0.8029, valid_rmse-1.3050, valid_pr-0.7228
epoch-85, train_loss-0.6308, train_rmse-0.7942, valid_rmse-1.3439, valid_pr-0.7208
epoch-86, train_loss-0.6668, train_rmse-0.8166, valid_rmse-1.2706, valid_pr-0.7451
Validation : valid_rmse-1.2706, valid_pr-0.7451, 
test2013_rmse-1.4594, test2013_pr-0.7872, test2016_rmse-1.2928, test2016_pr-0.8061, test2019_rmse-1.5008, test2019_pr-0.5926
epoch-87, train_loss-0.6813, train_rmse-0.8254, valid_rmse-1.3200, valid_pr-0.7135
epoch-88, train_loss-0.6583, train_rmse-0.8114, valid_rmse-1.3162, valid_pr-0.7323
epoch-89, train_loss-0.6814, train_rmse-0.8255, valid_rmse-1.3295, valid_pr-0.7125
epoch-90, train_loss-0.6635, train_rmse-0.8145, valid_rmse-1.3218, valid_pr-0.7295
epoch-91, train_loss-0.6474, train_rmse-0.8046, valid_rmse-1.3669, valid_pr-0.7137
epoch-92, train_loss-0.6665, train_rmse-0.8164, valid_rmse-1.2937, valid_pr-0.7284
epoch-93, train_loss-0.6150, train_rmse-0.7842, valid_rmse-1.2548, valid_pr-0.7404
Validation : valid_rmse-1.2548, valid_pr-0.7404, 
test2013_rmse-1.5181, test2013_pr-0.7652, test2016_rmse-1.3570, test2016_pr-0.7915, test2019_rmse-1.4724, test2019_pr-0.5955
epoch-94, train_loss-0.5925, train_rmse-0.7697, valid_rmse-1.3097, valid_pr-0.7235
epoch-95, train_loss-0.5884, train_rmse-0.7671, valid_rmse-1.2753, valid_pr-0.7341
epoch-96, train_loss-0.5966, train_rmse-0.7724, valid_rmse-1.3124, valid_pr-0.7097
epoch-97, train_loss-0.5788, train_rmse-0.7608, valid_rmse-1.2998, valid_pr-0.7245
epoch-98, train_loss-0.5711, train_rmse-0.7557, valid_rmse-1.2847, valid_pr-0.7260
epoch-99, train_loss-0.5706, train_rmse-0.7554, valid_rmse-1.3423, valid_pr-0.6948
epoch-100, train_loss-0.5836, train_rmse-0.7639, valid_rmse-1.3215, valid_pr-0.7244
epoch-101, train_loss-0.5813, train_rmse-0.7624, valid_rmse-1.2973, valid_pr-0.7382
epoch-102, train_loss-0.5681, train_rmse-0.7537, valid_rmse-1.2404, valid_pr-0.7470
Validation : valid_rmse-1.2404, valid_pr-0.7470, 
test2013_rmse-1.5198, test2013_pr-0.7716, test2016_rmse-1.3268, test2016_pr-0.8058, test2019_rmse-1.4642, test2019_pr-0.6027
epoch-103, train_loss-0.5391, train_rmse-0.7342, valid_rmse-1.3000, valid_pr-0.7173
epoch-104, train_loss-0.5574, train_rmse-0.7466, valid_rmse-1.3162, valid_pr-0.7185
epoch-105, train_loss-0.5972, train_rmse-0.7728, valid_rmse-1.2594, valid_pr-0.7384
epoch-106, train_loss-0.5685, train_rmse-0.7540, valid_rmse-1.2704, valid_pr-0.7344
epoch-107, train_loss-0.6059, train_rmse-0.7784, valid_rmse-1.3697, valid_pr-0.6912
epoch-108, train_loss-0.5629, train_rmse-0.7503, valid_rmse-1.2627, valid_pr-0.7411
epoch-109, train_loss-0.5511, train_rmse-0.7424, valid_rmse-1.3159, valid_pr-0.7171
epoch-110, train_loss-0.5032, train_rmse-0.7094, valid_rmse-1.2987, valid_pr-0.7284
epoch-111, train_loss-0.5034, train_rmse-0.7095, valid_rmse-1.2673, valid_pr-0.7313
epoch-112, train_loss-0.5251, train_rmse-0.7246, valid_rmse-1.2951, valid_pr-0.7239
epoch-113, train_loss-0.5331, train_rmse-0.7301, valid_rmse-1.2997, valid_pr-0.7157
epoch-114, train_loss-0.5357, train_rmse-0.7319, valid_rmse-1.2591, valid_pr-0.7425
epoch-115, train_loss-0.5095, train_rmse-0.7138, valid_rmse-1.2946, valid_pr-0.7228
epoch-116, train_loss-0.5252, train_rmse-0.7247, valid_rmse-1.2760, valid_pr-0.7320
epoch-117, train_loss-0.5396, train_rmse-0.7346, valid_rmse-1.2605, valid_pr-0.7379
epoch-118, train_loss-0.5159, train_rmse-0.7183, valid_rmse-1.2487, valid_pr-0.7489
epoch-119, train_loss-0.4908, train_rmse-0.7006, valid_rmse-1.2630, valid_pr-0.7346
epoch-120, train_loss-0.4796, train_rmse-0.6925, valid_rmse-1.3055, valid_pr-0.7193
epoch-121, train_loss-0.4752, train_rmse-0.6894, valid_rmse-1.2623, valid_pr-0.7421
epoch-122, train_loss-0.4959, train_rmse-0.7042, valid_rmse-1.2876, valid_pr-0.7263
epoch-123, train_loss-0.5073, train_rmse-0.7122, valid_rmse-1.2704, valid_pr-0.7391
epoch-124, train_loss-0.5008, train_rmse-0.7077, valid_rmse-1.2946, valid_pr-0.7284
epoch-125, train_loss-0.4710, train_rmse-0.6863, valid_rmse-1.2735, valid_pr-0.7384
epoch-126, train_loss-0.4801, train_rmse-0.6929, valid_rmse-1.2591, valid_pr-0.7417
epoch-127, train_loss-0.4368, train_rmse-0.6609, valid_rmse-1.2930, valid_pr-0.7204
epoch-128, train_loss-0.4694, train_rmse-0.6851, valid_rmse-1.2937, valid_pr-0.7340
epoch-129, train_loss-0.4422, train_rmse-0.6650, valid_rmse-1.2684, valid_pr-0.7355
epoch-130, train_loss-0.4440, train_rmse-0.6664, valid_rmse-1.2563, valid_pr-0.7399
epoch-131, train_loss-0.4449, train_rmse-0.6670, valid_rmse-1.2675, valid_pr-0.7407
epoch-132, train_loss-0.4291, train_rmse-0.6551, valid_rmse-1.2434, valid_pr-0.7523
epoch-133, train_loss-0.4289, train_rmse-0.6549, valid_rmse-1.2688, valid_pr-0.7329
epoch-134, train_loss-0.4413, train_rmse-0.6643, valid_rmse-1.2387, valid_pr-0.7468
Validation : valid_rmse-1.2387, valid_pr-0.7468, 
test2013_rmse-1.4533, test2013_pr-0.7891, test2016_rmse-1.3144, test2016_pr-0.8050, test2019_rmse-1.4576, test2019_pr-0.5994
epoch-135, train_loss-0.4479, train_rmse-0.6692, valid_rmse-1.2437, valid_pr-0.7448
epoch-136, train_loss-0.4209, train_rmse-0.6488, valid_rmse-1.2583, valid_pr-0.7388
epoch-137, train_loss-0.4309, train_rmse-0.6565, valid_rmse-1.3065, valid_pr-0.7297
epoch-138, train_loss-0.4411, train_rmse-0.6642, valid_rmse-1.2377, valid_pr-0.7501
Validation : valid_rmse-1.2377, valid_pr-0.7501, 
test2013_rmse-1.4661, test2013_pr-0.7807, test2016_rmse-1.3094, test2016_pr-0.8014, test2019_rmse-1.4545, test2019_pr-0.6138
epoch-139, train_loss-0.4481, train_rmse-0.6694, valid_rmse-1.2600, valid_pr-0.7377
epoch-140, train_loss-0.4474, train_rmse-0.6689, valid_rmse-1.2814, valid_pr-0.7358
epoch-141, train_loss-0.4311, train_rmse-0.6565, valid_rmse-1.2265, valid_pr-0.7527
Validation : valid_rmse-1.2265, valid_pr-0.7527, 
test2013_rmse-1.5052, test2013_pr-0.7781, test2016_rmse-1.2877, test2016_pr-0.8167, test2019_rmse-1.4467, test2019_pr-0.6080
epoch-142, train_loss-0.4218, train_rmse-0.6495, valid_rmse-1.2424, valid_pr-0.7445
epoch-143, train_loss-0.4335, train_rmse-0.6584, valid_rmse-1.2430, valid_pr-0.7435
epoch-144, train_loss-0.4486, train_rmse-0.6697, valid_rmse-1.2372, valid_pr-0.7469
epoch-145, train_loss-0.4549, train_rmse-0.6745, valid_rmse-1.2537, valid_pr-0.7413
epoch-146, train_loss-0.4003, train_rmse-0.6327, valid_rmse-1.2602, valid_pr-0.7363
epoch-147, train_loss-0.3915, train_rmse-0.6257, valid_rmse-1.2841, valid_pr-0.7238
epoch-148, train_loss-0.3970, train_rmse-0.6301, valid_rmse-1.2252, valid_pr-0.7539
Validation : valid_rmse-1.2252, valid_pr-0.7539, 
test2013_rmse-1.5302, test2013_pr-0.7596, test2016_rmse-1.3150, test2016_pr-0.8077, test2019_rmse-1.4704, test2019_pr-0.5931
epoch-149, train_loss-0.3960, train_rmse-0.6293, valid_rmse-1.2799, valid_pr-0.7369
epoch-150, train_loss-0.4222, train_rmse-0.6497, valid_rmse-1.2148, valid_pr-0.7569
Validation : valid_rmse-1.2148, valid_pr-0.7569, 
test2013_rmse-1.4707, test2013_pr-0.7803, test2016_rmse-1.2782, test2016_pr-0.8106, test2019_rmse-1.4536, test2019_pr-0.6054
epoch-151, train_loss-0.3873, train_rmse-0.6224, valid_rmse-1.2736, valid_pr-0.7297
epoch-152, train_loss-0.3853, train_rmse-0.6207, valid_rmse-1.2522, valid_pr-0.7473
epoch-153, train_loss-0.3980, train_rmse-0.6308, valid_rmse-1.2526, valid_pr-0.7413
epoch-154, train_loss-0.3938, train_rmse-0.6275, valid_rmse-1.2380, valid_pr-0.7514
epoch-155, train_loss-0.4050, train_rmse-0.6364, valid_rmse-1.2386, valid_pr-0.7552
epoch-156, train_loss-0.3856, train_rmse-0.6210, valid_rmse-1.2560, valid_pr-0.7435
epoch-157, train_loss-0.3809, train_rmse-0.6172, valid_rmse-1.2714, valid_pr-0.7347
epoch-158, train_loss-0.3840, train_rmse-0.6196, valid_rmse-1.2868, valid_pr-0.7413
epoch-159, train_loss-0.3680, train_rmse-0.6066, valid_rmse-1.2353, valid_pr-0.7482
epoch-160, train_loss-0.3884, train_rmse-0.6232, valid_rmse-1.2561, valid_pr-0.7471
epoch-161, train_loss-0.3744, train_rmse-0.6119, valid_rmse-1.2289, valid_pr-0.7513
epoch-162, train_loss-0.3749, train_rmse-0.6123, valid_rmse-1.2310, valid_pr-0.7495
epoch-163, train_loss-0.3707, train_rmse-0.6089, valid_rmse-1.2373, valid_pr-0.7465
epoch-164, train_loss-0.3930, train_rmse-0.6269, valid_rmse-1.2499, valid_pr-0.7447
epoch-165, train_loss-0.3751, train_rmse-0.6124, valid_rmse-1.2104, valid_pr-0.7597
Validation : valid_rmse-1.2104, valid_pr-0.7597, 
test2013_rmse-1.4796, test2013_pr-0.7742, test2016_rmse-1.3161, test2016_pr-0.7972, test2019_rmse-1.4499, test2019_pr-0.6078
epoch-166, train_loss-0.3560, train_rmse-0.5967, valid_rmse-1.2601, valid_pr-0.7414
epoch-167, train_loss-0.3587, train_rmse-0.5989, valid_rmse-1.3032, valid_pr-0.7436
epoch-168, train_loss-0.4211, train_rmse-0.6489, valid_rmse-1.2493, valid_pr-0.7418
epoch-169, train_loss-0.3716, train_rmse-0.6096, valid_rmse-1.2090, valid_pr-0.7582
Validation : valid_rmse-1.2090, valid_pr-0.7582, 
test2013_rmse-1.4079, test2013_pr-0.8147, test2016_rmse-1.2382, test2016_pr-0.8288, test2019_rmse-1.4349, test2019_pr-0.6162
epoch-170, train_loss-0.3376, train_rmse-0.5810, valid_rmse-1.2731, valid_pr-0.7322
epoch-171, train_loss-0.3651, train_rmse-0.6043, valid_rmse-1.2316, valid_pr-0.7493
epoch-172, train_loss-0.3460, train_rmse-0.5883, valid_rmse-1.2086, valid_pr-0.7606
Validation : valid_rmse-1.2086, valid_pr-0.7606, 
test2013_rmse-1.5136, test2013_pr-0.7639, test2016_rmse-1.2549, test2016_pr-0.8209, test2019_rmse-1.4611, test2019_pr-0.6030
epoch-173, train_loss-0.3520, train_rmse-0.5933, valid_rmse-1.2322, valid_pr-0.7544
epoch-174, train_loss-0.3740, train_rmse-0.6116, valid_rmse-1.2126, valid_pr-0.7604
epoch-175, train_loss-0.3378, train_rmse-0.5812, valid_rmse-1.2209, valid_pr-0.7588
epoch-176, train_loss-0.3571, train_rmse-0.5976, valid_rmse-1.2067, valid_pr-0.7600
Validation : valid_rmse-1.2067, valid_pr-0.7600, 
test2013_rmse-1.5080, test2013_pr-0.7740, test2016_rmse-1.2913, test2016_pr-0.8154, test2019_rmse-1.4421, test2019_pr-0.6060
epoch-177, train_loss-0.3620, train_rmse-0.6016, valid_rmse-1.2212, valid_pr-0.7583
epoch-178, train_loss-0.3672, train_rmse-0.6060, valid_rmse-1.2628, valid_pr-0.7464
epoch-179, train_loss-0.3732, train_rmse-0.6109, valid_rmse-1.2303, valid_pr-0.7552
epoch-180, train_loss-0.3446, train_rmse-0.5870, valid_rmse-1.2249, valid_pr-0.7508
epoch-181, train_loss-0.3306, train_rmse-0.5750, valid_rmse-1.2267, valid_pr-0.7614
epoch-182, train_loss-0.3320, train_rmse-0.5762, valid_rmse-1.2423, valid_pr-0.7433
epoch-183, train_loss-0.3227, train_rmse-0.5680, valid_rmse-1.2215, valid_pr-0.7559
epoch-184, train_loss-0.3145, train_rmse-0.5608, valid_rmse-1.2558, valid_pr-0.7462
epoch-185, train_loss-0.3210, train_rmse-0.5666, valid_rmse-1.2440, valid_pr-0.7524
epoch-186, train_loss-0.3109, train_rmse-0.5576, valid_rmse-1.2375, valid_pr-0.7470
epoch-187, train_loss-0.3330, train_rmse-0.5771, valid_rmse-1.2286, valid_pr-0.7520
epoch-188, train_loss-0.3225, train_rmse-0.5678, valid_rmse-1.2864, valid_pr-0.7284
epoch-189, train_loss-0.3182, train_rmse-0.5641, valid_rmse-1.2467, valid_pr-0.7419
epoch-190, train_loss-0.3398, train_rmse-0.5829, valid_rmse-1.2305, valid_pr-0.7494
epoch-191, train_loss-0.3262, train_rmse-0.5711, valid_rmse-1.2270, valid_pr-0.7604
epoch-192, train_loss-0.3100, train_rmse-0.5568, valid_rmse-1.2644, valid_pr-0.7454
epoch-193, train_loss-0.3144, train_rmse-0.5607, valid_rmse-1.2232, valid_pr-0.7563
epoch-194, train_loss-0.3440, train_rmse-0.5865, valid_rmse-1.2636, valid_pr-0.7519
epoch-195, train_loss-0.3115, train_rmse-0.5581, valid_rmse-1.2179, valid_pr-0.7587
epoch-196, train_loss-0.3164, train_rmse-0.5625, valid_rmse-1.1966, valid_pr-0.7659
Validation : valid_rmse-1.1966, valid_pr-0.7659, 
test2013_rmse-1.4142, test2013_pr-0.8004, test2016_rmse-1.2305, test2016_pr-0.8269, test2019_rmse-1.4491, test2019_pr-0.6098
epoch-197, train_loss-0.3078, train_rmse-0.5548, valid_rmse-1.2968, valid_pr-0.7561
epoch-198, train_loss-0.3158, train_rmse-0.5620, valid_rmse-1.2402, valid_pr-0.7492
epoch-199, train_loss-0.2879, train_rmse-0.5366, valid_rmse-1.2457, valid_pr-0.7495
epoch-200, train_loss-0.3064, train_rmse-0.5536, valid_rmse-1.2036, valid_pr-0.7645
epoch-201, train_loss-0.3054, train_rmse-0.5527, valid_rmse-1.2361, valid_pr-0.7522
epoch-202, train_loss-0.3092, train_rmse-0.5561, valid_rmse-1.2291, valid_pr-0.7520
epoch-203, train_loss-0.2870, train_rmse-0.5357, valid_rmse-1.2265, valid_pr-0.7504
epoch-204, train_loss-0.2781, train_rmse-0.5274, valid_rmse-1.2058, valid_pr-0.7632
epoch-205, train_loss-0.3037, train_rmse-0.5511, valid_rmse-1.1984, valid_pr-0.7649
epoch-206, train_loss-0.2921, train_rmse-0.5404, valid_rmse-1.2092, valid_pr-0.7622
epoch-207, train_loss-0.3034, train_rmse-0.5508, valid_rmse-1.2299, valid_pr-0.7506
epoch-208, train_loss-0.2993, train_rmse-0.5471, valid_rmse-1.2111, valid_pr-0.7581
epoch-209, train_loss-0.3118, train_rmse-0.5584, valid_rmse-1.2302, valid_pr-0.7502
epoch-210, train_loss-0.3014, train_rmse-0.5490, valid_rmse-1.2504, valid_pr-0.7638
epoch-211, train_loss-0.2881, train_rmse-0.5368, valid_rmse-1.2102, valid_pr-0.7591
epoch-212, train_loss-0.2839, train_rmse-0.5329, valid_rmse-1.2158, valid_pr-0.7587
epoch-213, train_loss-0.2779, train_rmse-0.5272, valid_rmse-1.2074, valid_pr-0.7630
epoch-214, train_loss-0.2942, train_rmse-0.5424, valid_rmse-1.2281, valid_pr-0.7568
epoch-215, train_loss-0.2900, train_rmse-0.5385, valid_rmse-1.2625, valid_pr-0.7460
epoch-216, train_loss-0.2987, train_rmse-0.5465, valid_rmse-1.2307, valid_pr-0.7509
epoch-217, train_loss-0.2814, train_rmse-0.5305, valid_rmse-1.2087, valid_pr-0.7600
epoch-218, train_loss-0.2728, train_rmse-0.5223, valid_rmse-1.2264, valid_pr-0.7495
epoch-219, train_loss-0.2819, train_rmse-0.5310, valid_rmse-1.2158, valid_pr-0.7606
epoch-220, train_loss-0.2756, train_rmse-0.5250, valid_rmse-1.2239, valid_pr-0.7552
epoch-221, train_loss-0.2708, train_rmse-0.5203, valid_rmse-1.2282, valid_pr-0.7490
epoch-222, train_loss-0.2718, train_rmse-0.5214, valid_rmse-1.2347, valid_pr-0.7484
epoch-223, train_loss-0.2688, train_rmse-0.5185, valid_rmse-1.2109, valid_pr-0.7595
epoch-224, train_loss-0.2845, train_rmse-0.5333, valid_rmse-1.2301, valid_pr-0.7518
epoch-225, train_loss-0.2590, train_rmse-0.5089, valid_rmse-1.1796, valid_pr-0.7725
Validation : valid_rmse-1.1796, valid_pr-0.7725, 
test2013_rmse-1.3619, test2013_pr-0.8184, test2016_rmse-1.2071, test2016_pr-0.8331, test2019_rmse-1.4609, test2019_pr-0.6064
epoch-226, train_loss-0.2756, train_rmse-0.5250, valid_rmse-1.2105, valid_pr-0.7586
epoch-227, train_loss-0.2649, train_rmse-0.5146, valid_rmse-1.1899, valid_pr-0.7671
epoch-228, train_loss-0.2587, train_rmse-0.5086, valid_rmse-1.2558, valid_pr-0.7403
epoch-229, train_loss-0.2561, train_rmse-0.5060, valid_rmse-1.2149, valid_pr-0.7605
epoch-230, train_loss-0.2603, train_rmse-0.5102, valid_rmse-1.2434, valid_pr-0.7482
epoch-231, train_loss-0.2936, train_rmse-0.5419, valid_rmse-1.2307, valid_pr-0.7508
epoch-232, train_loss-0.2625, train_rmse-0.5123, valid_rmse-1.2385, valid_pr-0.7523
epoch-233, train_loss-0.2468, train_rmse-0.4968, valid_rmse-1.2196, valid_pr-0.7543
epoch-234, train_loss-0.2484, train_rmse-0.4984, valid_rmse-1.2151, valid_pr-0.7572
epoch-235, train_loss-0.2623, train_rmse-0.5122, valid_rmse-1.2338, valid_pr-0.7508
epoch-236, train_loss-0.2572, train_rmse-0.5071, valid_rmse-1.2266, valid_pr-0.7497
epoch-237, train_loss-0.2513, train_rmse-0.5013, valid_rmse-1.1954, valid_pr-0.7677
epoch-238, train_loss-0.2445, train_rmse-0.4944, valid_rmse-1.2122, valid_pr-0.7575
epoch-239, train_loss-0.2650, train_rmse-0.5148, valid_rmse-1.2073, valid_pr-0.7644
epoch-240, train_loss-0.2635, train_rmse-0.5133, valid_rmse-1.2119, valid_pr-0.7570
epoch-241, train_loss-0.2598, train_rmse-0.5097, valid_rmse-1.1962, valid_pr-0.7652
epoch-242, train_loss-0.2562, train_rmse-0.5062, valid_rmse-1.2338, valid_pr-0.7552
epoch-243, train_loss-0.2581, train_rmse-0.5080, valid_rmse-1.2081, valid_pr-0.7600
epoch-244, train_loss-0.2505, train_rmse-0.5005, valid_rmse-1.2095, valid_pr-0.7585
epoch-245, train_loss-0.2487, train_rmse-0.4987, valid_rmse-1.2329, valid_pr-0.7529
epoch-246, train_loss-0.2464, train_rmse-0.4964, valid_rmse-1.2295, valid_pr-0.7490
epoch-247, train_loss-0.2377, train_rmse-0.4876, valid_rmse-1.1944, valid_pr-0.7685
epoch-248, train_loss-0.2586, train_rmse-0.5086, valid_rmse-1.1943, valid_pr-0.7647
epoch-249, train_loss-0.2573, train_rmse-0.5072, valid_rmse-1.2383, valid_pr-0.7536
epoch-250, train_loss-0.2398, train_rmse-0.4897, valid_rmse-1.2506, valid_pr-0.7558
epoch-251, train_loss-0.2412, train_rmse-0.4912, valid_rmse-1.2102, valid_pr-0.7571
epoch-252, train_loss-0.2330, train_rmse-0.4827, valid_rmse-1.2069, valid_pr-0.7607
epoch-253, train_loss-0.2470, train_rmse-0.4970, valid_rmse-1.2016, valid_pr-0.7631
epoch-254, train_loss-0.2363, train_rmse-0.4861, valid_rmse-1.2236, valid_pr-0.7525
epoch-255, train_loss-0.2500, train_rmse-0.5000, valid_rmse-1.2047, valid_pr-0.7596
epoch-256, train_loss-0.2424, train_rmse-0.4924, valid_rmse-1.2385, valid_pr-0.7542
epoch-257, train_loss-0.2513, train_rmse-0.5013, valid_rmse-1.1958, valid_pr-0.7635
epoch-258, train_loss-0.2500, train_rmse-0.5000, valid_rmse-1.2013, valid_pr-0.7641
epoch-259, train_loss-0.2513, train_rmse-0.5013, valid_rmse-1.2521, valid_pr-0.7593
epoch-260, train_loss-0.2444, train_rmse-0.4943, valid_rmse-1.2283, valid_pr-0.7489
epoch-261, train_loss-0.2245, train_rmse-0.4738, valid_rmse-1.1825, valid_pr-0.7705
epoch-262, train_loss-0.2226, train_rmse-0.4718, valid_rmse-1.2072, valid_pr-0.7605
epoch-263, train_loss-0.2264, train_rmse-0.4758, valid_rmse-1.1891, valid_pr-0.7666
epoch-264, train_loss-0.2228, train_rmse-0.4720, valid_rmse-1.1950, valid_pr-0.7653
epoch-265, train_loss-0.2254, train_rmse-0.4748, valid_rmse-1.2057, valid_pr-0.7661
epoch-266, train_loss-0.2423, train_rmse-0.4922, valid_rmse-1.1878, valid_pr-0.7679
epoch-267, train_loss-0.2270, train_rmse-0.4764, valid_rmse-1.2041, valid_pr-0.7589
epoch-268, train_loss-0.2106, train_rmse-0.4589, valid_rmse-1.1877, valid_pr-0.7684
epoch-269, train_loss-0.2274, train_rmse-0.4768, valid_rmse-1.2168, valid_pr-0.7668
epoch-270, train_loss-0.2213, train_rmse-0.4704, valid_rmse-1.2005, valid_pr-0.7640
epoch-271, train_loss-0.2180, train_rmse-0.4670, valid_rmse-1.2089, valid_pr-0.7581
epoch-272, train_loss-0.2204, train_rmse-0.4695, valid_rmse-1.2047, valid_pr-0.7593
epoch-273, train_loss-0.2213, train_rmse-0.4704, valid_rmse-1.1925, valid_pr-0.7676
epoch-274, train_loss-0.2209, train_rmse-0.4700, valid_rmse-1.1968, valid_pr-0.7660
epoch-275, train_loss-0.2420, train_rmse-0.4919, valid_rmse-1.1955, valid_pr-0.7657
epoch-276, train_loss-0.2282, train_rmse-0.4777, valid_rmse-1.1972, valid_pr-0.7619
epoch-277, train_loss-0.1804, train_rmse-0.4248, valid_rmse-1.1815, valid_pr-0.7725
epoch-278, train_loss-0.1583, train_rmse-0.3978, valid_rmse-1.1798, valid_pr-0.7721
epoch-279, train_loss-0.1468, train_rmse-0.3831, valid_rmse-1.1735, valid_pr-0.7736
Validation : valid_rmse-1.1735, valid_pr-0.7736, 
test2013_rmse-1.3512, test2013_pr-0.8279, test2016_rmse-1.1989, test2016_pr-0.8410, test2019_rmse-1.4108, test2019_pr-0.6262
epoch-280, train_loss-0.1462, train_rmse-0.3824, valid_rmse-1.1757, valid_pr-0.7759
epoch-281, train_loss-0.1466, train_rmse-0.3828, valid_rmse-1.1662, valid_pr-0.7768
Validation : valid_rmse-1.1662, valid_pr-0.7768, 
test2013_rmse-1.3368, test2013_pr-0.8311, test2016_rmse-1.1684, test2016_pr-0.8502, test2019_rmse-1.4069, test2019_pr-0.6286
epoch-282, train_loss-0.1409, train_rmse-0.3754, valid_rmse-1.1582, valid_pr-0.7794
Validation : valid_rmse-1.1582, valid_pr-0.7794, 
test2013_rmse-1.3642, test2013_pr-0.8246, test2016_rmse-1.1963, test2016_pr-0.8417, test2019_rmse-1.3999, test2019_pr-0.6308
epoch-283, train_loss-0.1469, train_rmse-0.3833, valid_rmse-1.1661, valid_pr-0.7774
epoch-284, train_loss-0.1444, train_rmse-0.3800, valid_rmse-1.1771, valid_pr-0.7745
epoch-285, train_loss-0.1416, train_rmse-0.3763, valid_rmse-1.1690, valid_pr-0.7759
epoch-286, train_loss-0.1419, train_rmse-0.3767, valid_rmse-1.1679, valid_pr-0.7756
epoch-287, train_loss-0.1490, train_rmse-0.3860, valid_rmse-1.1680, valid_pr-0.7752
epoch-288, train_loss-0.1434, train_rmse-0.3787, valid_rmse-1.1774, valid_pr-0.7712
epoch-289, train_loss-0.1423, train_rmse-0.3772, valid_rmse-1.1746, valid_pr-0.7742
epoch-290, train_loss-0.1386, train_rmse-0.3723, valid_rmse-1.1764, valid_pr-0.7727
epoch-291, train_loss-0.1424, train_rmse-0.3774, valid_rmse-1.1802, valid_pr-0.7700
epoch-292, train_loss-0.1430, train_rmse-0.3782, valid_rmse-1.1774, valid_pr-0.7721
epoch-293, train_loss-0.1438, train_rmse-0.3792, valid_rmse-1.1862, valid_pr-0.7703
epoch-294, train_loss-0.1452, train_rmse-0.3810, valid_rmse-1.1791, valid_pr-0.7720
epoch-295, train_loss-0.1486, train_rmse-0.3855, valid_rmse-1.1669, valid_pr-0.7762
epoch-296, train_loss-0.1441, train_rmse-0.3796, valid_rmse-1.1613, valid_pr-0.7781
epoch-297, train_loss-0.1414, train_rmse-0.3760, valid_rmse-1.1695, valid_pr-0.7753
epoch-298, train_loss-0.1401, train_rmse-0.3744, valid_rmse-1.1748, valid_pr-0.7753
epoch-299, train_loss-0.1369, train_rmse-0.3700, valid_rmse-1.1845, valid_pr-0.7685
epoch-300, train_loss-0.1416, train_rmse-0.3763, valid_rmse-1.1679, valid_pr-0.7760
epoch-301, train_loss-0.1322, train_rmse-0.3635, valid_rmse-1.1769, valid_pr-0.7727
epoch-302, train_loss-0.1417, train_rmse-0.3765, valid_rmse-1.1784, valid_pr-0.7749
epoch-303, train_loss-0.1482, train_rmse-0.3850, valid_rmse-1.1617, valid_pr-0.7796
epoch-304, train_loss-0.1403, train_rmse-0.3746, valid_rmse-1.1877, valid_pr-0.7675
epoch-305, train_loss-0.1450, train_rmse-0.3808, valid_rmse-1.1665, valid_pr-0.7764
epoch-306, train_loss-0.1426, train_rmse-0.3776, valid_rmse-1.1821, valid_pr-0.7696
epoch-307, train_loss-0.1445, train_rmse-0.3802, valid_rmse-1.1779, valid_pr-0.7726
epoch-308, train_loss-0.1371, train_rmse-0.3703, valid_rmse-1.1904, valid_pr-0.7674
epoch-309, train_loss-0.1369, train_rmse-0.3700, valid_rmse-1.1852, valid_pr-0.7727
epoch-310, train_loss-0.1387, train_rmse-0.3724, valid_rmse-1.1780, valid_pr-0.7740
epoch-311, train_loss-0.1413, train_rmse-0.3758, valid_rmse-1.1834, valid_pr-0.7701
epoch-312, train_loss-0.1501, train_rmse-0.3874, valid_rmse-1.1632, valid_pr-0.7774
epoch-313, train_loss-0.1410, train_rmse-0.3755, valid_rmse-1.1684, valid_pr-0.7751
epoch-314, train_loss-0.1363, train_rmse-0.3692, valid_rmse-1.1778, valid_pr-0.7725
epoch-315, train_loss-0.1407, train_rmse-0.3751, valid_rmse-1.1757, valid_pr-0.7726
epoch-316, train_loss-0.1427, train_rmse-0.3778, valid_rmse-1.1750, valid_pr-0.7736
epoch-317, train_loss-0.1422, train_rmse-0.3770, valid_rmse-1.1865, valid_pr-0.7708
epoch-318, train_loss-0.1397, train_rmse-0.3737, valid_rmse-1.1827, valid_pr-0.7700
epoch-319, train_loss-0.1354, train_rmse-0.3679, valid_rmse-1.1700, valid_pr-0.7747
epoch-320, train_loss-0.1412, train_rmse-0.3758, valid_rmse-1.1678, valid_pr-0.7767
epoch-321, train_loss-0.1389, train_rmse-0.3727, valid_rmse-1.1700, valid_pr-0.7749
epoch-322, train_loss-0.1299, train_rmse-0.3604, valid_rmse-1.1654, valid_pr-0.7772
epoch-323, train_loss-0.1366, train_rmse-0.3695, valid_rmse-1.1574, valid_pr-0.7802
Validation : valid_rmse-1.1574, valid_pr-0.7802, 
test2013_rmse-1.3769, test2013_pr-0.8149, test2016_rmse-1.2042, test2016_pr-0.8349, test2019_rmse-1.4021, test2019_pr-0.6300
epoch-324, train_loss-0.1404, train_rmse-0.3747, valid_rmse-1.1600, valid_pr-0.7799
epoch-325, train_loss-0.1398, train_rmse-0.3739, valid_rmse-1.1681, valid_pr-0.7750
epoch-326, train_loss-0.1442, train_rmse-0.3798, valid_rmse-1.1603, valid_pr-0.7791
epoch-327, train_loss-0.1348, train_rmse-0.3672, valid_rmse-1.1771, valid_pr-0.7736
epoch-328, train_loss-0.1313, train_rmse-0.3624, valid_rmse-1.1688, valid_pr-0.7762
epoch-329, train_loss-0.1379, train_rmse-0.3713, valid_rmse-1.1920, valid_pr-0.7667
epoch-330, train_loss-0.1309, train_rmse-0.3618, valid_rmse-1.1634, valid_pr-0.7776
epoch-331, train_loss-0.1380, train_rmse-0.3715, valid_rmse-1.1711, valid_pr-0.7747
epoch-332, train_loss-0.1366, train_rmse-0.3696, valid_rmse-1.1768, valid_pr-0.7712
epoch-333, train_loss-0.1360, train_rmse-0.3687, valid_rmse-1.1806, valid_pr-0.7702
epoch-334, train_loss-0.1294, train_rmse-0.3598, valid_rmse-1.1779, valid_pr-0.7712
epoch-335, train_loss-0.1323, train_rmse-0.3638, valid_rmse-1.1848, valid_pr-0.7689
epoch-336, train_loss-0.1293, train_rmse-0.3595, valid_rmse-1.1704, valid_pr-0.7763
epoch-337, train_loss-0.1491, train_rmse-0.3861, valid_rmse-1.1748, valid_pr-0.7757
epoch-338, train_loss-0.1247, train_rmse-0.3531, valid_rmse-1.1907, valid_pr-0.7677
epoch-339, train_loss-0.1383, train_rmse-0.3718, valid_rmse-1.1678, valid_pr-0.7759
epoch-340, train_loss-0.1320, train_rmse-0.3634, valid_rmse-1.1565, valid_pr-0.7811
Validation : valid_rmse-1.1565, valid_pr-0.7811, 
test2013_rmse-1.3501, test2013_pr-0.8295, test2016_rmse-1.1917, test2016_pr-0.8415, test2019_rmse-1.4062, test2019_pr-0.6303
epoch-341, train_loss-0.1401, train_rmse-0.3743, valid_rmse-1.2007, valid_pr-0.7729
epoch-342, train_loss-0.1405, train_rmse-0.3749, valid_rmse-1.1589, valid_pr-0.7793
epoch-343, train_loss-0.1330, train_rmse-0.3647, valid_rmse-1.1632, valid_pr-0.7776
epoch-344, train_loss-0.1329, train_rmse-0.3645, valid_rmse-1.1683, valid_pr-0.7767
epoch-345, train_loss-0.1271, train_rmse-0.3565, valid_rmse-1.1616, valid_pr-0.7781
epoch-346, train_loss-0.1302, train_rmse-0.3608, valid_rmse-1.1664, valid_pr-0.7773
epoch-347, train_loss-0.1274, train_rmse-0.3569, valid_rmse-1.1540, valid_pr-0.7817
Validation : valid_rmse-1.1540, valid_pr-0.7817, 
test2013_rmse-1.3815, test2013_pr-0.8173, test2016_rmse-1.1956, test2016_pr-0.8408, test2019_rmse-1.4030, test2019_pr-0.6283
epoch-348, train_loss-0.1279, train_rmse-0.3577, valid_rmse-1.1803, valid_pr-0.7711
epoch-349, train_loss-0.1295, train_rmse-0.3598, valid_rmse-1.1717, valid_pr-0.7738
epoch-350, train_loss-0.1241, train_rmse-0.3522, valid_rmse-1.1739, valid_pr-0.7758
epoch-351, train_loss-0.1304, train_rmse-0.3611, valid_rmse-1.1711, valid_pr-0.7749
epoch-352, train_loss-0.1259, train_rmse-0.3548, valid_rmse-1.1736, valid_pr-0.7726
epoch-353, train_loss-0.1251, train_rmse-0.3536, valid_rmse-1.1701, valid_pr-0.7749
epoch-354, train_loss-0.1251, train_rmse-0.3538, valid_rmse-1.1651, valid_pr-0.7775
epoch-355, train_loss-0.1227, train_rmse-0.3503, valid_rmse-1.1671, valid_pr-0.7781
epoch-356, train_loss-0.1226, train_rmse-0.3502, valid_rmse-1.1636, valid_pr-0.7771
epoch-357, train_loss-0.1220, train_rmse-0.3493, valid_rmse-1.1569, valid_pr-0.7810
epoch-358, train_loss-0.1300, train_rmse-0.3605, valid_rmse-1.1659, valid_pr-0.7769
epoch-359, train_loss-0.1334, train_rmse-0.3653, valid_rmse-1.1735, valid_pr-0.7729
epoch-360, train_loss-0.1224, train_rmse-0.3499, valid_rmse-1.1697, valid_pr-0.7745
epoch-361, train_loss-0.1228, train_rmse-0.3504, valid_rmse-1.1748, valid_pr-0.7746
epoch-362, train_loss-0.1240, train_rmse-0.3522, valid_rmse-1.1678, valid_pr-0.7762
epoch-363, train_loss-0.1221, train_rmse-0.3494, valid_rmse-1.1751, valid_pr-0.7723
epoch-364, train_loss-0.1210, train_rmse-0.3479, valid_rmse-1.1790, valid_pr-0.7769
epoch-365, train_loss-0.1240, train_rmse-0.3521, valid_rmse-1.1675, valid_pr-0.7767
epoch-366, train_loss-0.1354, train_rmse-0.3679, valid_rmse-1.1606, valid_pr-0.7784
epoch-367, train_loss-0.1230, train_rmse-0.3507, valid_rmse-1.1676, valid_pr-0.7760
epoch-368, train_loss-0.1222, train_rmse-0.3495, valid_rmse-1.1604, valid_pr-0.7791
epoch-369, train_loss-0.1255, train_rmse-0.3543, valid_rmse-1.1760, valid_pr-0.7730
epoch-370, train_loss-0.1283, train_rmse-0.3582, valid_rmse-1.1682, valid_pr-0.7761
epoch-371, train_loss-0.1211, train_rmse-0.3480, valid_rmse-1.1714, valid_pr-0.7736
epoch-372, train_loss-0.1223, train_rmse-0.3496, valid_rmse-1.1707, valid_pr-0.7741
epoch-373, train_loss-0.1235, train_rmse-0.3514, valid_rmse-1.1575, valid_pr-0.7833
epoch-374, train_loss-0.1239, train_rmse-0.3520, valid_rmse-1.1635, valid_pr-0.7781
epoch-375, train_loss-0.1217, train_rmse-0.3489, valid_rmse-1.1635, valid_pr-0.7778
epoch-376, train_loss-0.1210, train_rmse-0.3478, valid_rmse-1.1906, valid_pr-0.7690
epoch-377, train_loss-0.1206, train_rmse-0.3472, valid_rmse-1.1678, valid_pr-0.7772
epoch-378, train_loss-0.1312, train_rmse-0.3622, valid_rmse-1.1577, valid_pr-0.7795
epoch-379, train_loss-0.1253, train_rmse-0.3539, valid_rmse-1.1795, valid_pr-0.7723
epoch-380, train_loss-0.1225, train_rmse-0.3501, valid_rmse-1.1599, valid_pr-0.7792
epoch-381, train_loss-0.1198, train_rmse-0.3461, valid_rmse-1.1809, valid_pr-0.7745
epoch-382, train_loss-0.1228, train_rmse-0.3505, valid_rmse-1.1620, valid_pr-0.7780
epoch-383, train_loss-0.1188, train_rmse-0.3447, valid_rmse-1.1838, valid_pr-0.7709
epoch-384, train_loss-0.1187, train_rmse-0.3446, valid_rmse-1.1708, valid_pr-0.7753
epoch-385, train_loss-0.1153, train_rmse-0.3395, valid_rmse-1.1664, valid_pr-0.7765
epoch-386, train_loss-0.1220, train_rmse-0.3493, valid_rmse-1.1980, valid_pr-0.7730
epoch-387, train_loss-0.1234, train_rmse-0.3513, valid_rmse-1.1726, valid_pr-0.7740
epoch-388, train_loss-0.1185, train_rmse-0.3443, valid_rmse-1.1798, valid_pr-0.7708
epoch-389, train_loss-0.1170, train_rmse-0.3420, valid_rmse-1.1809, valid_pr-0.7741
epoch-390, train_loss-0.1143, train_rmse-0.3380, valid_rmse-1.1673, valid_pr-0.7758
epoch-391, train_loss-0.1226, train_rmse-0.3502, valid_rmse-1.1789, valid_pr-0.7708
epoch-392, train_loss-0.1136, train_rmse-0.3370, valid_rmse-1.1692, valid_pr-0.7746
epoch-393, train_loss-0.1279, train_rmse-0.3577, valid_rmse-1.1614, valid_pr-0.7784
epoch-394, train_loss-0.1148, train_rmse-0.3388, valid_rmse-1.1812, valid_pr-0.7717
epoch-395, train_loss-0.1187, train_rmse-0.3445, valid_rmse-1.1742, valid_pr-0.7731
epoch-396, train_loss-0.1257, train_rmse-0.3546, valid_rmse-1.1849, valid_pr-0.7756
epoch-397, train_loss-0.1306, train_rmse-0.3614, valid_rmse-1.1697, valid_pr-0.7744
epoch-398, train_loss-0.1194, train_rmse-0.3456, valid_rmse-1.1607, valid_pr-0.7779
epoch-399, train_loss-0.1074, train_rmse-0.3278, valid_rmse-1.1578, valid_pr-0.7798
epoch-400, train_loss-0.0937, train_rmse-0.3060, valid_rmse-1.1599, valid_pr-0.7798
epoch-401, train_loss-0.0983, train_rmse-0.3135, valid_rmse-1.1575, valid_pr-0.7797
epoch-402, train_loss-0.0924, train_rmse-0.3039, valid_rmse-1.1548, valid_pr-0.7814
epoch-403, train_loss-0.0923, train_rmse-0.3038, valid_rmse-1.1553, valid_pr-0.7806
epoch-404, train_loss-0.0968, train_rmse-0.3111, valid_rmse-1.1545, valid_pr-0.7812
epoch-405, train_loss-0.0959, train_rmse-0.3096, valid_rmse-1.1577, valid_pr-0.7804
epoch-406, train_loss-0.0929, train_rmse-0.3049, valid_rmse-1.1528, valid_pr-0.7814
Validation : valid_rmse-1.1528, valid_pr-0.7814, 
test2013_rmse-1.3378, test2013_pr-0.8323, test2016_rmse-1.1961, test2016_pr-0.8428, test2019_rmse-1.3962, test2019_pr-0.6300
epoch-407, train_loss-0.0915, train_rmse-0.3024, valid_rmse-1.1540, valid_pr-0.7812
epoch-408, train_loss-0.0895, train_rmse-0.2992, valid_rmse-1.1603, valid_pr-0.7799
epoch-409, train_loss-0.0913, train_rmse-0.3022, valid_rmse-1.1643, valid_pr-0.7771
epoch-410, train_loss-0.0919, train_rmse-0.3031, valid_rmse-1.1615, valid_pr-0.7786
epoch-411, train_loss-0.0955, train_rmse-0.3090, valid_rmse-1.1583, valid_pr-0.7819
epoch-412, train_loss-0.0987, train_rmse-0.3141, valid_rmse-1.1585, valid_pr-0.7805
epoch-413, train_loss-0.0919, train_rmse-0.3031, valid_rmse-1.1622, valid_pr-0.7776
epoch-414, train_loss-0.0907, train_rmse-0.3011, valid_rmse-1.1609, valid_pr-0.7788
epoch-415, train_loss-0.0909, train_rmse-0.3014, valid_rmse-1.1614, valid_pr-0.7803
epoch-416, train_loss-0.0962, train_rmse-0.3102, valid_rmse-1.1584, valid_pr-0.7793
epoch-417, train_loss-0.0907, train_rmse-0.3012, valid_rmse-1.1612, valid_pr-0.7786
epoch-418, train_loss-0.0944, train_rmse-0.3072, valid_rmse-1.1630, valid_pr-0.7782
epoch-419, train_loss-0.0909, train_rmse-0.3015, valid_rmse-1.1564, valid_pr-0.7817
epoch-420, train_loss-0.0902, train_rmse-0.3003, valid_rmse-1.1591, valid_pr-0.7798
epoch-421, train_loss-0.0905, train_rmse-0.3008, valid_rmse-1.1588, valid_pr-0.7828
epoch-422, train_loss-0.0927, train_rmse-0.3044, valid_rmse-1.1571, valid_pr-0.7797
epoch-423, train_loss-0.0917, train_rmse-0.3028, valid_rmse-1.1677, valid_pr-0.7762
epoch-424, train_loss-0.0929, train_rmse-0.3049, valid_rmse-1.1561, valid_pr-0.7804
epoch-425, train_loss-0.0925, train_rmse-0.3041, valid_rmse-1.1632, valid_pr-0.7773
epoch-426, train_loss-0.0911, train_rmse-0.3018, valid_rmse-1.1628, valid_pr-0.7782
epoch-427, train_loss-0.0897, train_rmse-0.2995, valid_rmse-1.1699, valid_pr-0.7753
epoch-428, train_loss-0.0907, train_rmse-0.3012, valid_rmse-1.1672, valid_pr-0.7775
epoch-429, train_loss-0.0886, train_rmse-0.2977, valid_rmse-1.1564, valid_pr-0.7805
epoch-430, train_loss-0.0859, train_rmse-0.2931, valid_rmse-1.1558, valid_pr-0.7810
epoch-431, train_loss-0.0869, train_rmse-0.2947, valid_rmse-1.1599, valid_pr-0.7794
epoch-432, train_loss-0.0896, train_rmse-0.2993, valid_rmse-1.1526, valid_pr-0.7820
Validation : valid_rmse-1.1526, valid_pr-0.7820, 
test2013_rmse-1.3442, test2013_pr-0.8281, test2016_rmse-1.1857, test2016_pr-0.8429, test2019_rmse-1.4004, test2019_pr-0.6298
epoch-433, train_loss-0.0909, train_rmse-0.3015, valid_rmse-1.1615, valid_pr-0.7778
epoch-434, train_loss-0.0908, train_rmse-0.3013, valid_rmse-1.1618, valid_pr-0.7787
epoch-435, train_loss-0.0892, train_rmse-0.2987, valid_rmse-1.1628, valid_pr-0.7790
epoch-436, train_loss-0.0879, train_rmse-0.2964, valid_rmse-1.1626, valid_pr-0.7776
epoch-437, train_loss-0.0874, train_rmse-0.2957, valid_rmse-1.1585, valid_pr-0.7795
epoch-438, train_loss-0.0901, train_rmse-0.3002, valid_rmse-1.1559, valid_pr-0.7807
epoch-439, train_loss-0.0875, train_rmse-0.2958, valid_rmse-1.1649, valid_pr-0.7765
epoch-440, train_loss-0.0925, train_rmse-0.3042, valid_rmse-1.1558, valid_pr-0.7807
epoch-441, train_loss-0.0898, train_rmse-0.2997, valid_rmse-1.1622, valid_pr-0.7782
epoch-442, train_loss-0.0931, train_rmse-0.3051, valid_rmse-1.1591, valid_pr-0.7795
epoch-443, train_loss-0.0968, train_rmse-0.3111, valid_rmse-1.1553, valid_pr-0.7824
epoch-444, train_loss-0.0891, train_rmse-0.2985, valid_rmse-1.1539, valid_pr-0.7816
epoch-445, train_loss-0.0859, train_rmse-0.2931, valid_rmse-1.1603, valid_pr-0.7785
epoch-446, train_loss-0.0866, train_rmse-0.2943, valid_rmse-1.1628, valid_pr-0.7770
epoch-447, train_loss-0.0905, train_rmse-0.3009, valid_rmse-1.1650, valid_pr-0.7764
epoch-448, train_loss-0.0869, train_rmse-0.2949, valid_rmse-1.1545, valid_pr-0.7819
epoch-449, train_loss-0.0939, train_rmse-0.3064, valid_rmse-1.1618, valid_pr-0.7780
epoch-450, train_loss-0.0875, train_rmse-0.2959, valid_rmse-1.1547, valid_pr-0.7804
epoch-451, train_loss-0.0892, train_rmse-0.2986, valid_rmse-1.1643, valid_pr-0.7804
epoch-452, train_loss-0.0855, train_rmse-0.2925, valid_rmse-1.1607, valid_pr-0.7783
epoch-453, train_loss-0.0972, train_rmse-0.3118, valid_rmse-1.1534, valid_pr-0.7815
epoch-454, train_loss-0.0889, train_rmse-0.2982, valid_rmse-1.1610, valid_pr-0.7783
epoch-455, train_loss-0.0879, train_rmse-0.2965, valid_rmse-1.1578, valid_pr-0.7809
epoch-456, train_loss-0.0886, train_rmse-0.2976, valid_rmse-1.1555, valid_pr-0.7809
epoch-457, train_loss-0.0887, train_rmse-0.2978, valid_rmse-1.1551, valid_pr-0.7811
epoch-458, train_loss-0.0858, train_rmse-0.2929, valid_rmse-1.1572, valid_pr-0.7795
epoch-459, train_loss-0.0869, train_rmse-0.2948, valid_rmse-1.1638, valid_pr-0.7779
epoch-460, train_loss-0.0879, train_rmse-0.2964, valid_rmse-1.1560, valid_pr-0.7801
epoch-461, train_loss-0.0892, train_rmse-0.2986, valid_rmse-1.1646, valid_pr-0.7809
epoch-462, train_loss-0.0880, train_rmse-0.2966, valid_rmse-1.1548, valid_pr-0.7809
epoch-463, train_loss-0.0852, train_rmse-0.2919, valid_rmse-1.1611, valid_pr-0.7796
epoch-464, train_loss-0.0866, train_rmse-0.2943, valid_rmse-1.1666, valid_pr-0.7778
epoch-465, train_loss-0.0849, train_rmse-0.2914, valid_rmse-1.1598, valid_pr-0.7791
epoch-466, train_loss-0.0832, train_rmse-0.2884, valid_rmse-1.1553, valid_pr-0.7811
epoch-467, train_loss-0.0859, train_rmse-0.2930, valid_rmse-1.1479, valid_pr-0.7836
Validation : valid_rmse-1.1479, valid_pr-0.7836, 
test2013_rmse-1.3461, test2013_pr-0.8307, test2016_rmse-1.1994, test2016_pr-0.8401, test2019_rmse-1.3894, test2019_pr-0.6340
epoch-468, train_loss-0.0870, train_rmse-0.2950, valid_rmse-1.1613, valid_pr-0.7779
epoch-469, train_loss-0.0853, train_rmse-0.2920, valid_rmse-1.1532, valid_pr-0.7821
epoch-470, train_loss-0.0848, train_rmse-0.2912, valid_rmse-1.1568, valid_pr-0.7800
epoch-471, train_loss-0.0849, train_rmse-0.2914, valid_rmse-1.1557, valid_pr-0.7811
epoch-472, train_loss-0.0878, train_rmse-0.2963, valid_rmse-1.1520, valid_pr-0.7819
epoch-473, train_loss-0.0871, train_rmse-0.2951, valid_rmse-1.1595, valid_pr-0.7803
epoch-474, train_loss-0.0821, train_rmse-0.2866, valid_rmse-1.1585, valid_pr-0.7794
epoch-475, train_loss-0.0868, train_rmse-0.2947, valid_rmse-1.1663, valid_pr-0.7759
epoch-476, train_loss-0.0869, train_rmse-0.2947, valid_rmse-1.1549, valid_pr-0.7811
epoch-477, train_loss-0.0857, train_rmse-0.2928, valid_rmse-1.1563, valid_pr-0.7822
epoch-478, train_loss-0.0886, train_rmse-0.2977, valid_rmse-1.1445, valid_pr-0.7858
Validation : valid_rmse-1.1445, valid_pr-0.7858, 
test2013_rmse-1.3798, test2013_pr-0.8241, test2016_rmse-1.2224, test2016_pr-0.8374, test2019_rmse-1.3910, test2019_pr-0.6323
epoch-479, train_loss-0.0846, train_rmse-0.2909, valid_rmse-1.1571, valid_pr-0.7797
epoch-480, train_loss-0.0852, train_rmse-0.2919, valid_rmse-1.1569, valid_pr-0.7805
epoch-481, train_loss-0.0863, train_rmse-0.2938, valid_rmse-1.1506, valid_pr-0.7826
epoch-482, train_loss-0.0859, train_rmse-0.2931, valid_rmse-1.1484, valid_pr-0.7842
epoch-483, train_loss-0.0861, train_rmse-0.2934, valid_rmse-1.1473, valid_pr-0.7841
epoch-484, train_loss-0.0836, train_rmse-0.2891, valid_rmse-1.1541, valid_pr-0.7825
epoch-485, train_loss-0.0854, train_rmse-0.2923, valid_rmse-1.1623, valid_pr-0.7813
epoch-486, train_loss-0.0848, train_rmse-0.2912, valid_rmse-1.1529, valid_pr-0.7815
epoch-487, train_loss-0.0844, train_rmse-0.2905, valid_rmse-1.1566, valid_pr-0.7803
epoch-488, train_loss-0.0840, train_rmse-0.2898, valid_rmse-1.1534, valid_pr-0.7811
epoch-489, train_loss-0.0843, train_rmse-0.2904, valid_rmse-1.1564, valid_pr-0.7800
epoch-490, train_loss-0.0857, train_rmse-0.2928, valid_rmse-1.1589, valid_pr-0.7800
epoch-491, train_loss-0.0839, train_rmse-0.2896, valid_rmse-1.1521, valid_pr-0.7819
epoch-492, train_loss-0.0857, train_rmse-0.2927, valid_rmse-1.1660, valid_pr-0.7769
epoch-493, train_loss-0.0835, train_rmse-0.2890, valid_rmse-1.1514, valid_pr-0.7823
epoch-494, train_loss-0.0844, train_rmse-0.2905, valid_rmse-1.1498, valid_pr-0.7830
epoch-495, train_loss-0.0833, train_rmse-0.2886, valid_rmse-1.1580, valid_pr-0.7808
epoch-496, train_loss-0.0881, train_rmse-0.2968, valid_rmse-1.1538, valid_pr-0.7812
epoch-497, train_loss-0.0816, train_rmse-0.2857, valid_rmse-1.1535, valid_pr-0.7813
epoch-498, train_loss-0.0828, train_rmse-0.2877, valid_rmse-1.1593, valid_pr-0.7792
epoch-499, train_loss-0.0847, train_rmse-0.2911, valid_rmse-1.1497, valid_pr-0.7828
epoch-500, train_loss-0.0815, train_rmse-0.2855, valid_rmse-1.1507, valid_pr-0.7826
epoch-501, train_loss-0.0799, train_rmse-0.2826, valid_rmse-1.1628, valid_pr-0.7779
epoch-502, train_loss-0.0854, train_rmse-0.2922, valid_rmse-1.1598, valid_pr-0.7794
epoch-503, train_loss-0.0810, train_rmse-0.2846, valid_rmse-1.1486, valid_pr-0.7835
epoch-504, train_loss-0.0803, train_rmse-0.2834, valid_rmse-1.1574, valid_pr-0.7795
epoch-505, train_loss-0.0812, train_rmse-0.2849, valid_rmse-1.1613, valid_pr-0.7799
epoch-506, train_loss-0.0833, train_rmse-0.2886, valid_rmse-1.1613, valid_pr-0.7778
epoch-507, train_loss-0.0858, train_rmse-0.2929, valid_rmse-1.1532, valid_pr-0.7822
epoch-508, train_loss-0.0836, train_rmse-0.2891, valid_rmse-1.1537, valid_pr-0.7814
epoch-509, train_loss-0.0821, train_rmse-0.2865, valid_rmse-1.1580, valid_pr-0.7824
epoch-510, train_loss-0.0850, train_rmse-0.2916, valid_rmse-1.1558, valid_pr-0.7801
epoch-511, train_loss-0.0845, train_rmse-0.2907, valid_rmse-1.1516, valid_pr-0.7819
epoch-512, train_loss-0.0807, train_rmse-0.2841, valid_rmse-1.1488, valid_pr-0.7833
epoch-513, train_loss-0.0803, train_rmse-0.2833, valid_rmse-1.1587, valid_pr-0.7806
epoch-514, train_loss-0.0816, train_rmse-0.2857, valid_rmse-1.1561, valid_pr-0.7799
epoch-515, train_loss-0.0840, train_rmse-0.2898, valid_rmse-1.1547, valid_pr-0.7805
epoch-516, train_loss-0.0822, train_rmse-0.2867, valid_rmse-1.1527, valid_pr-0.7814
epoch-517, train_loss-0.0800, train_rmse-0.2829, valid_rmse-1.1549, valid_pr-0.7805
epoch-518, train_loss-0.0820, train_rmse-0.2863, valid_rmse-1.1583, valid_pr-0.7810
epoch-519, train_loss-0.0831, train_rmse-0.2883, valid_rmse-1.1518, valid_pr-0.7822
epoch-520, train_loss-0.0817, train_rmse-0.2858, valid_rmse-1.1516, valid_pr-0.7816
epoch-521, train_loss-0.0798, train_rmse-0.2824, valid_rmse-1.1608, valid_pr-0.7780
epoch-522, train_loss-0.0813, train_rmse-0.2852, valid_rmse-1.1510, valid_pr-0.7819
epoch-523, train_loss-0.0789, train_rmse-0.2808, valid_rmse-1.1524, valid_pr-0.7827
epoch-524, train_loss-0.0809, train_rmse-0.2845, valid_rmse-1.1518, valid_pr-0.7818
epoch-525, train_loss-0.0801, train_rmse-0.2830, valid_rmse-1.1518, valid_pr-0.7824
epoch-526, train_loss-0.0814, train_rmse-0.2854, valid_rmse-1.1558, valid_pr-0.7800
epoch-527, train_loss-0.0826, train_rmse-0.2874, valid_rmse-1.1544, valid_pr-0.7808
epoch-528, train_loss-0.0810, train_rmse-0.2847, valid_rmse-1.1622, valid_pr-0.7801
epoch-529, train_loss-0.0855, train_rmse-0.2923, valid_rmse-1.1634, valid_pr-0.7767
epoch-530, train_loss-0.0773, train_rmse-0.2780, valid_rmse-1.1501, valid_pr-0.7826
epoch-531, train_loss-0.0741, train_rmse-0.2722, valid_rmse-1.1541, valid_pr-0.7808
epoch-532, train_loss-0.0701, train_rmse-0.2648, valid_rmse-1.1512, valid_pr-0.7819
epoch-533, train_loss-0.0699, train_rmse-0.2644, valid_rmse-1.1529, valid_pr-0.7819
epoch-534, train_loss-0.0707, train_rmse-0.2658, valid_rmse-1.1539, valid_pr-0.7816
epoch-535, train_loss-0.0714, train_rmse-0.2672, valid_rmse-1.1496, valid_pr-0.7828
epoch-536, train_loss-0.0714, train_rmse-0.2672, valid_rmse-1.1480, valid_pr-0.7839
epoch-537, train_loss-0.0724, train_rmse-0.2691, valid_rmse-1.1516, valid_pr-0.7818
epoch-538, train_loss-0.0718, train_rmse-0.2680, valid_rmse-1.1512, valid_pr-0.7821
epoch-539, train_loss-0.0683, train_rmse-0.2614, valid_rmse-1.1538, valid_pr-0.7810
epoch-540, train_loss-0.0719, train_rmse-0.2681, valid_rmse-1.1586, valid_pr-0.7790
epoch-541, train_loss-0.0697, train_rmse-0.2639, valid_rmse-1.1597, valid_pr-0.7784
epoch-542, train_loss-0.0687, train_rmse-0.2620, valid_rmse-1.1564, valid_pr-0.7808
epoch-543, train_loss-0.0696, train_rmse-0.2638, valid_rmse-1.1501, valid_pr-0.7825
epoch-544, train_loss-0.0681, train_rmse-0.2609, valid_rmse-1.1591, valid_pr-0.7788
epoch-545, train_loss-0.0715, train_rmse-0.2675, valid_rmse-1.1517, valid_pr-0.7819
epoch-546, train_loss-0.0699, train_rmse-0.2644, valid_rmse-1.1585, valid_pr-0.7791
epoch-547, train_loss-0.0717, train_rmse-0.2678, valid_rmse-1.1573, valid_pr-0.7796
epoch-548, train_loss-0.0719, train_rmse-0.2681, valid_rmse-1.1594, valid_pr-0.7791
epoch-549, train_loss-0.0712, train_rmse-0.2667, valid_rmse-1.1611, valid_pr-0.7783
epoch-550, train_loss-0.0687, train_rmse-0.2621, valid_rmse-1.1581, valid_pr-0.7790
epoch-551, train_loss-0.0703, train_rmse-0.2651, valid_rmse-1.1514, valid_pr-0.7819
epoch-552, train_loss-0.0688, train_rmse-0.2623, valid_rmse-1.1532, valid_pr-0.7816
epoch-553, train_loss-0.0691, train_rmse-0.2628, valid_rmse-1.1555, valid_pr-0.7803
epoch-554, train_loss-0.0692, train_rmse-0.2631, valid_rmse-1.1525, valid_pr-0.7816
epoch-555, train_loss-0.0680, train_rmse-0.2608, valid_rmse-1.1533, valid_pr-0.7814
epoch-556, train_loss-0.0698, train_rmse-0.2642, valid_rmse-1.1558, valid_pr-0.7801
epoch-557, train_loss-0.0704, train_rmse-0.2654, valid_rmse-1.1500, valid_pr-0.7825
epoch-558, train_loss-0.0692, train_rmse-0.2631, valid_rmse-1.1555, valid_pr-0.7812
epoch-559, train_loss-0.0727, train_rmse-0.2696, valid_rmse-1.1629, valid_pr-0.7807
epoch-560, train_loss-0.0719, train_rmse-0.2682, valid_rmse-1.1516, valid_pr-0.7820
epoch-561, train_loss-0.0699, train_rmse-0.2644, valid_rmse-1.1552, valid_pr-0.7830
epoch-562, train_loss-0.0701, train_rmse-0.2648, valid_rmse-1.1556, valid_pr-0.7811
epoch-563, train_loss-0.0695, train_rmse-0.2636, valid_rmse-1.1561, valid_pr-0.7805
epoch-564, train_loss-0.0693, train_rmse-0.2632, valid_rmse-1.1535, valid_pr-0.7814
epoch-565, train_loss-0.0698, train_rmse-0.2643, valid_rmse-1.1530, valid_pr-0.7812
epoch-566, train_loss-0.0719, train_rmse-0.2681, valid_rmse-1.1581, valid_pr-0.7790
epoch-567, train_loss-0.0696, train_rmse-0.2638, valid_rmse-1.1511, valid_pr-0.7821
epoch-568, train_loss-0.0682, train_rmse-0.2611, valid_rmse-1.1536, valid_pr-0.7810
epoch-569, train_loss-0.0715, train_rmse-0.2674, valid_rmse-1.1552, valid_pr-0.7804
epoch-570, train_loss-0.0707, train_rmse-0.2659, valid_rmse-1.1570, valid_pr-0.7795
epoch-571, train_loss-0.0666, train_rmse-0.2581, valid_rmse-1.1537, valid_pr-0.7813
epoch-572, train_loss-0.0687, train_rmse-0.2622, valid_rmse-1.1531, valid_pr-0.7814
epoch-573, train_loss-0.0685, train_rmse-0.2617, valid_rmse-1.1528, valid_pr-0.7835
epoch-574, train_loss-0.0702, train_rmse-0.2649, valid_rmse-1.1461, valid_pr-0.7842
epoch-575, train_loss-0.0680, train_rmse-0.2608, valid_rmse-1.1503, valid_pr-0.7824
epoch-576, train_loss-0.0700, train_rmse-0.2646, valid_rmse-1.1559, valid_pr-0.7804
epoch-577, train_loss-0.0694, train_rmse-0.2635, valid_rmse-1.1549, valid_pr-0.7805
epoch-578, train_loss-0.0677, train_rmse-0.2602, valid_rmse-1.1495, valid_pr-0.7827
epoch-579, train_loss-0.0681, train_rmse-0.2610, valid_rmse-1.1530, valid_pr-0.7814
early stop in epoch 579
best_rmse: 1.1445
valid_rmse-1.1445, valid_pr-0.7858, test2013_rmse-1.3798, test2013_pr-0.8241, test2016_rmse-1.2224, test2016_pr-0.8374, test2019_rmse-1.3910, test2019_pr-0.6323
