ours-lrs-0.001-abl-q4q4, lr=0.001, seed=439
train_GIGN.py
train data: 11904
valid data: 1000
test2013 data: 107
test2016 data: 285
test2019 data: 4366
GIGN params # : 1458928
epoch-0, train_loss-16.9598, train_rmse-4.1182, valid_rmse-2.3700, valid_pr-0.2425
Validation : valid_rmse-2.3700, valid_pr-0.2425, 
test2013_rmse-2.3361, test2013_pr-0.4502, test2016_rmse-2.4071, test2016_pr-0.4124, test2019_rmse-2.2725, test2019_pr-0.2963
epoch-1, train_loss-2.7669, train_rmse-1.6634, valid_rmse-1.6269, valid_pr-0.5192
Validation : valid_rmse-1.6269, valid_pr-0.5192, 
test2013_rmse-1.7681, test2013_pr-0.6548, test2016_rmse-1.5643, test2016_pr-0.7013, test2019_rmse-1.4984, test2019_pr-0.5708
epoch-2, train_loss-2.3402, train_rmse-1.5298, valid_rmse-1.6877, valid_pr-0.4525
epoch-3, train_loss-2.2812, train_rmse-1.5104, valid_rmse-1.6603, valid_pr-0.5984
epoch-4, train_loss-2.1444, train_rmse-1.4644, valid_rmse-1.5114, valid_pr-0.6270
Validation : valid_rmse-1.5114, valid_pr-0.6270, 
test2013_rmse-1.5119, test2013_pr-0.7673, test2016_rmse-1.3927, test2016_pr-0.7676, test2019_rmse-1.4937, test2019_pr-0.6226
epoch-5, train_loss-1.9663, train_rmse-1.4022, valid_rmse-1.5099, valid_pr-0.6406
Validation : valid_rmse-1.5099, valid_pr-0.6406, 
test2013_rmse-1.5236, test2013_pr-0.7555, test2016_rmse-1.3539, test2016_pr-0.7831, test2019_rmse-1.5227, test2019_pr-0.6400
epoch-6, train_loss-1.8453, train_rmse-1.3584, valid_rmse-1.5348, valid_pr-0.6094
epoch-7, train_loss-1.7970, train_rmse-1.3405, valid_rmse-1.4134, valid_pr-0.6698
Validation : valid_rmse-1.4134, valid_pr-0.6698, 
test2013_rmse-1.5041, test2013_pr-0.7670, test2016_rmse-1.3270, test2016_pr-0.7927, test2019_rmse-1.4574, test2019_pr-0.6398
epoch-8, train_loss-1.6608, train_rmse-1.2887, valid_rmse-1.6463, valid_pr-0.6670
epoch-9, train_loss-1.6050, train_rmse-1.2669, valid_rmse-1.3805, valid_pr-0.6898
Validation : valid_rmse-1.3805, valid_pr-0.6898, 
test2013_rmse-1.3860, test2013_pr-0.8086, test2016_rmse-1.2463, test2016_pr-0.8207, test2019_rmse-1.4411, test2019_pr-0.6484
epoch-10, train_loss-1.5534, train_rmse-1.2464, valid_rmse-1.5430, valid_pr-0.6437
epoch-11, train_loss-1.4121, train_rmse-1.1883, valid_rmse-1.3897, valid_pr-0.6637
epoch-12, train_loss-1.3682, train_rmse-1.1697, valid_rmse-1.3557, valid_pr-0.6850
Validation : valid_rmse-1.3557, valid_pr-0.6850, 
test2013_rmse-1.4154, test2013_pr-0.8041, test2016_rmse-1.3159, test2016_pr-0.8035, test2019_rmse-1.4007, test2019_pr-0.6336
epoch-13, train_loss-1.2454, train_rmse-1.1160, valid_rmse-1.3531, valid_pr-0.6969
Validation : valid_rmse-1.3531, valid_pr-0.6969, 
test2013_rmse-1.5244, test2013_pr-0.7591, test2016_rmse-1.3626, test2016_pr-0.7811, test2019_rmse-1.4778, test2019_pr-0.6009
epoch-14, train_loss-1.1655, train_rmse-1.0796, valid_rmse-1.4390, valid_pr-0.6695
epoch-15, train_loss-1.1190, train_rmse-1.0578, valid_rmse-1.4145, valid_pr-0.6900
epoch-16, train_loss-1.0527, train_rmse-1.0260, valid_rmse-1.4346, valid_pr-0.6454
epoch-17, train_loss-0.9557, train_rmse-0.9776, valid_rmse-1.3305, valid_pr-0.7062
Validation : valid_rmse-1.3305, valid_pr-0.7062, 
test2013_rmse-1.4257, test2013_pr-0.7940, test2016_rmse-1.3091, test2016_pr-0.7989, test2019_rmse-1.4409, test2019_pr-0.6235
epoch-18, train_loss-0.9158, train_rmse-0.9570, valid_rmse-1.4772, valid_pr-0.6993
epoch-19, train_loss-0.9047, train_rmse-0.9512, valid_rmse-1.3964, valid_pr-0.6840
epoch-20, train_loss-0.7959, train_rmse-0.8921, valid_rmse-1.4601, valid_pr-0.7009
epoch-21, train_loss-0.7552, train_rmse-0.8690, valid_rmse-1.4461, valid_pr-0.6684
epoch-22, train_loss-0.7563, train_rmse-0.8697, valid_rmse-1.5998, valid_pr-0.6682
epoch-23, train_loss-0.7492, train_rmse-0.8656, valid_rmse-1.6979, valid_pr-0.6912
epoch-24, train_loss-0.6707, train_rmse-0.8190, valid_rmse-1.3979, valid_pr-0.6954
epoch-25, train_loss-0.6477, train_rmse-0.8048, valid_rmse-1.4057, valid_pr-0.6794
epoch-26, train_loss-0.5996, train_rmse-0.7743, valid_rmse-1.4684, valid_pr-0.6912
epoch-27, train_loss-0.5976, train_rmse-0.7730, valid_rmse-1.3492, valid_pr-0.7045
epoch-28, train_loss-0.5628, train_rmse-0.7502, valid_rmse-1.7108, valid_pr-0.6888
epoch-29, train_loss-0.5471, train_rmse-0.7397, valid_rmse-1.7775, valid_pr-0.6250
epoch-30, train_loss-0.5322, train_rmse-0.7295, valid_rmse-1.3628, valid_pr-0.6938
epoch-31, train_loss-0.5438, train_rmse-0.7374, valid_rmse-1.4171, valid_pr-0.7106
epoch-32, train_loss-0.5097, train_rmse-0.7139, valid_rmse-1.5151, valid_pr-0.7056
epoch-33, train_loss-0.4935, train_rmse-0.7025, valid_rmse-1.3947, valid_pr-0.7051
epoch-34, train_loss-0.4751, train_rmse-0.6893, valid_rmse-1.4618, valid_pr-0.6698
epoch-35, train_loss-0.4639, train_rmse-0.6811, valid_rmse-1.3330, valid_pr-0.7116
epoch-36, train_loss-0.4760, train_rmse-0.6899, valid_rmse-1.3842, valid_pr-0.6857
epoch-37, train_loss-0.4410, train_rmse-0.6641, valid_rmse-1.4799, valid_pr-0.6882
epoch-38, train_loss-0.4247, train_rmse-0.6517, valid_rmse-1.2983, valid_pr-0.7295
Validation : valid_rmse-1.2983, valid_pr-0.7295, 
test2013_rmse-1.3214, test2013_pr-0.8343, test2016_rmse-1.2269, test2016_pr-0.8262, test2019_rmse-1.4194, test2019_pr-0.6424
epoch-39, train_loss-0.4230, train_rmse-0.6504, valid_rmse-1.4197, valid_pr-0.7045
epoch-40, train_loss-0.4324, train_rmse-0.6576, valid_rmse-1.3925, valid_pr-0.7071
epoch-41, train_loss-0.4062, train_rmse-0.6374, valid_rmse-1.3625, valid_pr-0.6947
epoch-42, train_loss-0.4040, train_rmse-0.6356, valid_rmse-1.3150, valid_pr-0.7220
epoch-43, train_loss-0.3849, train_rmse-0.6204, valid_rmse-1.3403, valid_pr-0.7068
epoch-44, train_loss-0.3697, train_rmse-0.6080, valid_rmse-1.3549, valid_pr-0.6995
epoch-45, train_loss-0.3758, train_rmse-0.6130, valid_rmse-1.3363, valid_pr-0.7155
epoch-46, train_loss-0.3688, train_rmse-0.6073, valid_rmse-1.3728, valid_pr-0.7010
epoch-47, train_loss-0.3698, train_rmse-0.6081, valid_rmse-1.3572, valid_pr-0.7225
epoch-48, train_loss-0.3743, train_rmse-0.6118, valid_rmse-1.4169, valid_pr-0.6930
epoch-49, train_loss-0.3506, train_rmse-0.5921, valid_rmse-1.3766, valid_pr-0.7010
epoch-50, train_loss-0.3577, train_rmse-0.5981, valid_rmse-1.3109, valid_pr-0.7208
epoch-51, train_loss-0.3628, train_rmse-0.6024, valid_rmse-1.3461, valid_pr-0.7144
epoch-52, train_loss-0.3761, train_rmse-0.6133, valid_rmse-1.3382, valid_pr-0.7119
epoch-53, train_loss-0.3623, train_rmse-0.6019, valid_rmse-1.3620, valid_pr-0.7149
epoch-54, train_loss-0.3404, train_rmse-0.5835, valid_rmse-1.3018, valid_pr-0.7196
epoch-55, train_loss-0.3460, train_rmse-0.5882, valid_rmse-1.3466, valid_pr-0.7260
epoch-56, train_loss-0.3126, train_rmse-0.5591, valid_rmse-1.2839, valid_pr-0.7300
Validation : valid_rmse-1.2839, valid_pr-0.7300, 
test2013_rmse-1.3311, test2013_pr-0.8297, test2016_rmse-1.2155, test2016_pr-0.8299, test2019_rmse-1.4156, test2019_pr-0.6338
epoch-57, train_loss-0.3093, train_rmse-0.5562, valid_rmse-1.3145, valid_pr-0.7219
epoch-58, train_loss-0.2953, train_rmse-0.5434, valid_rmse-1.3390, valid_pr-0.7139
epoch-59, train_loss-0.3304, train_rmse-0.5748, valid_rmse-1.3183, valid_pr-0.7197
epoch-60, train_loss-0.3287, train_rmse-0.5733, valid_rmse-1.3102, valid_pr-0.7212
epoch-61, train_loss-0.2967, train_rmse-0.5447, valid_rmse-1.4012, valid_pr-0.6995
epoch-62, train_loss-0.3160, train_rmse-0.5622, valid_rmse-1.3135, valid_pr-0.7284
epoch-63, train_loss-0.3036, train_rmse-0.5510, valid_rmse-1.3295, valid_pr-0.7212
epoch-64, train_loss-0.2978, train_rmse-0.5457, valid_rmse-1.3179, valid_pr-0.7174
epoch-65, train_loss-0.2907, train_rmse-0.5392, valid_rmse-1.3163, valid_pr-0.7167
epoch-66, train_loss-0.2848, train_rmse-0.5336, valid_rmse-1.3870, valid_pr-0.6986
epoch-67, train_loss-0.2955, train_rmse-0.5436, valid_rmse-1.2851, valid_pr-0.7234
epoch-68, train_loss-0.2885, train_rmse-0.5371, valid_rmse-1.3231, valid_pr-0.7174
epoch-69, train_loss-0.2770, train_rmse-0.5264, valid_rmse-1.3267, valid_pr-0.7157
epoch-70, train_loss-0.2802, train_rmse-0.5294, valid_rmse-1.3136, valid_pr-0.7224
epoch-71, train_loss-0.2831, train_rmse-0.5321, valid_rmse-1.3624, valid_pr-0.7267
epoch-72, train_loss-0.2734, train_rmse-0.5229, valid_rmse-1.3267, valid_pr-0.7221
epoch-73, train_loss-0.2826, train_rmse-0.5316, valid_rmse-1.2845, valid_pr-0.7274
epoch-74, train_loss-0.2643, train_rmse-0.5141, valid_rmse-1.2892, valid_pr-0.7253
epoch-75, train_loss-0.2793, train_rmse-0.5285, valid_rmse-1.3114, valid_pr-0.7147
epoch-76, train_loss-0.2786, train_rmse-0.5278, valid_rmse-1.2983, valid_pr-0.7184
epoch-77, train_loss-0.2733, train_rmse-0.5228, valid_rmse-1.3026, valid_pr-0.7217
epoch-78, train_loss-0.2744, train_rmse-0.5238, valid_rmse-1.3236, valid_pr-0.7272
epoch-79, train_loss-0.2538, train_rmse-0.5038, valid_rmse-1.3014, valid_pr-0.7248
epoch-80, train_loss-0.2472, train_rmse-0.4972, valid_rmse-1.3388, valid_pr-0.7164
epoch-81, train_loss-0.2639, train_rmse-0.5138, valid_rmse-1.3059, valid_pr-0.7245
epoch-82, train_loss-0.2523, train_rmse-0.5023, valid_rmse-1.2830, valid_pr-0.7296
Validation : valid_rmse-1.2830, valid_pr-0.7296, 
test2013_rmse-1.3722, test2013_pr-0.8196, test2016_rmse-1.2103, test2016_pr-0.8337, test2019_rmse-1.4221, test2019_pr-0.6382
epoch-83, train_loss-0.2751, train_rmse-0.5245, valid_rmse-1.3948, valid_pr-0.7136
epoch-84, train_loss-0.2756, train_rmse-0.5249, valid_rmse-1.3290, valid_pr-0.7219
epoch-85, train_loss-0.2611, train_rmse-0.5110, valid_rmse-1.3105, valid_pr-0.7263
epoch-86, train_loss-0.2505, train_rmse-0.5005, valid_rmse-1.2948, valid_pr-0.7281
epoch-87, train_loss-0.2486, train_rmse-0.4986, valid_rmse-1.2909, valid_pr-0.7257
epoch-88, train_loss-0.2474, train_rmse-0.4974, valid_rmse-1.2979, valid_pr-0.7221
epoch-89, train_loss-0.2587, train_rmse-0.5087, valid_rmse-1.2734, valid_pr-0.7293
Validation : valid_rmse-1.2734, valid_pr-0.7293, 
test2013_rmse-1.3678, test2013_pr-0.8220, test2016_rmse-1.2264, test2016_pr-0.8277, test2019_rmse-1.3951, test2019_pr-0.6403
epoch-90, train_loss-0.2472, train_rmse-0.4972, valid_rmse-1.3374, valid_pr-0.7169
epoch-91, train_loss-0.2418, train_rmse-0.4917, valid_rmse-1.2987, valid_pr-0.7171
epoch-92, train_loss-0.2512, train_rmse-0.5012, valid_rmse-1.2774, valid_pr-0.7291
epoch-93, train_loss-0.2279, train_rmse-0.4774, valid_rmse-1.3058, valid_pr-0.7313
epoch-94, train_loss-0.2290, train_rmse-0.4785, valid_rmse-1.3111, valid_pr-0.7200
epoch-95, train_loss-0.2255, train_rmse-0.4749, valid_rmse-1.3018, valid_pr-0.7247
epoch-96, train_loss-0.2451, train_rmse-0.4951, valid_rmse-1.2867, valid_pr-0.7294
epoch-97, train_loss-0.2493, train_rmse-0.4993, valid_rmse-1.2991, valid_pr-0.7293
epoch-98, train_loss-0.2344, train_rmse-0.4842, valid_rmse-1.2800, valid_pr-0.7283
epoch-99, train_loss-0.2309, train_rmse-0.4805, valid_rmse-1.3028, valid_pr-0.7273
epoch-100, train_loss-0.2287, train_rmse-0.4782, valid_rmse-1.3259, valid_pr-0.7168
epoch-101, train_loss-0.2398, train_rmse-0.4897, valid_rmse-1.3097, valid_pr-0.7190
epoch-102, train_loss-0.2331, train_rmse-0.4828, valid_rmse-1.2797, valid_pr-0.7328
epoch-103, train_loss-0.2225, train_rmse-0.4717, valid_rmse-1.3192, valid_pr-0.7171
epoch-104, train_loss-0.2218, train_rmse-0.4710, valid_rmse-1.2856, valid_pr-0.7224
epoch-105, train_loss-0.2262, train_rmse-0.4756, valid_rmse-1.2761, valid_pr-0.7329
epoch-106, train_loss-0.2219, train_rmse-0.4711, valid_rmse-1.2676, valid_pr-0.7315
Validation : valid_rmse-1.2676, valid_pr-0.7315, 
test2013_rmse-1.2907, test2013_pr-0.8479, test2016_rmse-1.1818, test2016_pr-0.8436, test2019_rmse-1.3779, test2019_pr-0.6492
epoch-107, train_loss-0.2215, train_rmse-0.4706, valid_rmse-1.2971, valid_pr-0.7353
epoch-108, train_loss-0.2150, train_rmse-0.4637, valid_rmse-1.2939, valid_pr-0.7268
epoch-109, train_loss-0.2157, train_rmse-0.4645, valid_rmse-1.2943, valid_pr-0.7238
epoch-110, train_loss-0.2076, train_rmse-0.4557, valid_rmse-1.2834, valid_pr-0.7343
epoch-111, train_loss-0.2225, train_rmse-0.4717, valid_rmse-1.2799, valid_pr-0.7325
epoch-112, train_loss-0.2177, train_rmse-0.4666, valid_rmse-1.2840, valid_pr-0.7245
epoch-113, train_loss-0.2031, train_rmse-0.4507, valid_rmse-1.2862, valid_pr-0.7251
epoch-114, train_loss-0.2090, train_rmse-0.4572, valid_rmse-1.2916, valid_pr-0.7221
epoch-115, train_loss-0.2153, train_rmse-0.4640, valid_rmse-1.2945, valid_pr-0.7258
epoch-116, train_loss-0.2053, train_rmse-0.4531, valid_rmse-1.2855, valid_pr-0.7350
epoch-117, train_loss-0.2196, train_rmse-0.4686, valid_rmse-1.2858, valid_pr-0.7274
epoch-118, train_loss-0.1916, train_rmse-0.4377, valid_rmse-1.3038, valid_pr-0.7307
epoch-119, train_loss-0.1941, train_rmse-0.4405, valid_rmse-1.2712, valid_pr-0.7289
epoch-120, train_loss-0.2012, train_rmse-0.4485, valid_rmse-1.2782, valid_pr-0.7360
epoch-121, train_loss-0.2006, train_rmse-0.4479, valid_rmse-1.2909, valid_pr-0.7259
epoch-122, train_loss-0.2099, train_rmse-0.4581, valid_rmse-1.2680, valid_pr-0.7338
epoch-123, train_loss-0.1960, train_rmse-0.4427, valid_rmse-1.2855, valid_pr-0.7332
epoch-124, train_loss-0.2049, train_rmse-0.4526, valid_rmse-1.2939, valid_pr-0.7195
epoch-125, train_loss-0.2058, train_rmse-0.4536, valid_rmse-1.2667, valid_pr-0.7318
Validation : valid_rmse-1.2667, valid_pr-0.7318, 
test2013_rmse-1.3406, test2013_pr-0.8358, test2016_rmse-1.1993, test2016_pr-0.8393, test2019_rmse-1.3856, test2019_pr-0.6417
epoch-126, train_loss-0.2123, train_rmse-0.4607, valid_rmse-1.2753, valid_pr-0.7307
epoch-127, train_loss-0.2093, train_rmse-0.4575, valid_rmse-1.3006, valid_pr-0.7208
epoch-128, train_loss-0.1985, train_rmse-0.4455, valid_rmse-1.2731, valid_pr-0.7343
epoch-129, train_loss-0.2090, train_rmse-0.4571, valid_rmse-1.2581, valid_pr-0.7383
Validation : valid_rmse-1.2581, valid_pr-0.7383, 
test2013_rmse-1.3495, test2013_pr-0.8318, test2016_rmse-1.1917, test2016_pr-0.8393, test2019_rmse-1.3938, test2019_pr-0.6489
epoch-130, train_loss-0.2000, train_rmse-0.4472, valid_rmse-1.2717, valid_pr-0.7315
epoch-131, train_loss-0.1962, train_rmse-0.4429, valid_rmse-1.2520, valid_pr-0.7403
Validation : valid_rmse-1.2520, valid_pr-0.7403, 
test2013_rmse-1.3527, test2013_pr-0.8287, test2016_rmse-1.1974, test2016_pr-0.8400, test2019_rmse-1.3743, test2019_pr-0.6496
epoch-132, train_loss-0.1892, train_rmse-0.4350, valid_rmse-1.2720, valid_pr-0.7283
epoch-133, train_loss-0.2005, train_rmse-0.4477, valid_rmse-1.2448, valid_pr-0.7405
Validation : valid_rmse-1.2448, valid_pr-0.7405, 
test2013_rmse-1.3269, test2013_pr-0.8403, test2016_rmse-1.2008, test2016_pr-0.8389, test2019_rmse-1.3731, test2019_pr-0.6477
epoch-134, train_loss-0.1909, train_rmse-0.4370, valid_rmse-1.2928, valid_pr-0.7277
epoch-135, train_loss-0.2012, train_rmse-0.4486, valid_rmse-1.2969, valid_pr-0.7349
epoch-136, train_loss-0.1966, train_rmse-0.4434, valid_rmse-1.2653, valid_pr-0.7400
epoch-137, train_loss-0.1986, train_rmse-0.4456, valid_rmse-1.2767, valid_pr-0.7328
epoch-138, train_loss-0.1798, train_rmse-0.4240, valid_rmse-1.2536, valid_pr-0.7411
epoch-139, train_loss-0.1886, train_rmse-0.4343, valid_rmse-1.2855, valid_pr-0.7255
epoch-140, train_loss-0.1979, train_rmse-0.4449, valid_rmse-1.2668, valid_pr-0.7342
epoch-141, train_loss-0.1928, train_rmse-0.4391, valid_rmse-1.2719, valid_pr-0.7326
epoch-142, train_loss-0.1824, train_rmse-0.4271, valid_rmse-1.2579, valid_pr-0.7406
epoch-143, train_loss-0.1813, train_rmse-0.4258, valid_rmse-1.2523, valid_pr-0.7384
epoch-144, train_loss-0.1926, train_rmse-0.4388, valid_rmse-1.2626, valid_pr-0.7355
epoch-145, train_loss-0.1806, train_rmse-0.4249, valid_rmse-1.2549, valid_pr-0.7417
epoch-146, train_loss-0.1676, train_rmse-0.4094, valid_rmse-1.2542, valid_pr-0.7391
epoch-147, train_loss-0.1699, train_rmse-0.4122, valid_rmse-1.3015, valid_pr-0.7226
epoch-148, train_loss-0.1828, train_rmse-0.4275, valid_rmse-1.2865, valid_pr-0.7353
epoch-149, train_loss-0.1706, train_rmse-0.4130, valid_rmse-1.2538, valid_pr-0.7382
epoch-150, train_loss-0.1835, train_rmse-0.4283, valid_rmse-1.2699, valid_pr-0.7335
epoch-151, train_loss-0.1713, train_rmse-0.4139, valid_rmse-1.2597, valid_pr-0.7411
epoch-152, train_loss-0.1822, train_rmse-0.4268, valid_rmse-1.2642, valid_pr-0.7310
epoch-153, train_loss-0.1797, train_rmse-0.4239, valid_rmse-1.2669, valid_pr-0.7386
epoch-154, train_loss-0.1822, train_rmse-0.4268, valid_rmse-1.2609, valid_pr-0.7382
epoch-155, train_loss-0.1701, train_rmse-0.4124, valid_rmse-1.2498, valid_pr-0.7391
epoch-156, train_loss-0.1766, train_rmse-0.4202, valid_rmse-1.2735, valid_pr-0.7379
epoch-157, train_loss-0.1690, train_rmse-0.4110, valid_rmse-1.2858, valid_pr-0.7328
epoch-158, train_loss-0.1650, train_rmse-0.4062, valid_rmse-1.2610, valid_pr-0.7358
epoch-159, train_loss-0.1728, train_rmse-0.4157, valid_rmse-1.2596, valid_pr-0.7363
epoch-160, train_loss-0.2001, train_rmse-0.4473, valid_rmse-1.2675, valid_pr-0.7329
epoch-161, train_loss-0.1860, train_rmse-0.4313, valid_rmse-1.2724, valid_pr-0.7356
epoch-162, train_loss-0.1750, train_rmse-0.4184, valid_rmse-1.2714, valid_pr-0.7357
epoch-163, train_loss-0.1711, train_rmse-0.4136, valid_rmse-1.2543, valid_pr-0.7386
epoch-164, train_loss-0.1730, train_rmse-0.4159, valid_rmse-1.2604, valid_pr-0.7421
epoch-165, train_loss-0.1650, train_rmse-0.4063, valid_rmse-1.2782, valid_pr-0.7304
epoch-166, train_loss-0.1560, train_rmse-0.3949, valid_rmse-1.2700, valid_pr-0.7319
epoch-167, train_loss-0.1713, train_rmse-0.4139, valid_rmse-1.2681, valid_pr-0.7337
epoch-168, train_loss-0.1607, train_rmse-0.4009, valid_rmse-1.2633, valid_pr-0.7360
epoch-169, train_loss-0.1708, train_rmse-0.4132, valid_rmse-1.2576, valid_pr-0.7395
epoch-170, train_loss-0.1757, train_rmse-0.4191, valid_rmse-1.2676, valid_pr-0.7367
epoch-171, train_loss-0.1630, train_rmse-0.4038, valid_rmse-1.2613, valid_pr-0.7375
epoch-172, train_loss-0.1612, train_rmse-0.4015, valid_rmse-1.2486, valid_pr-0.7383
epoch-173, train_loss-0.1725, train_rmse-0.4153, valid_rmse-1.2753, valid_pr-0.7308
epoch-174, train_loss-0.1626, train_rmse-0.4032, valid_rmse-1.2556, valid_pr-0.7361
epoch-175, train_loss-0.1705, train_rmse-0.4129, valid_rmse-1.2604, valid_pr-0.7357
epoch-176, train_loss-0.1654, train_rmse-0.4067, valid_rmse-1.2722, valid_pr-0.7396
epoch-177, train_loss-0.1671, train_rmse-0.4088, valid_rmse-1.2749, valid_pr-0.7344
epoch-178, train_loss-0.1641, train_rmse-0.4051, valid_rmse-1.2747, valid_pr-0.7321
epoch-179, train_loss-0.1523, train_rmse-0.3902, valid_rmse-1.2608, valid_pr-0.7372
epoch-180, train_loss-0.1665, train_rmse-0.4080, valid_rmse-1.2753, valid_pr-0.7349
epoch-181, train_loss-0.1605, train_rmse-0.4006, valid_rmse-1.2613, valid_pr-0.7418
epoch-182, train_loss-0.1606, train_rmse-0.4008, valid_rmse-1.2787, valid_pr-0.7394
epoch-183, train_loss-0.1688, train_rmse-0.4109, valid_rmse-1.2714, valid_pr-0.7360
epoch-184, train_loss-0.1758, train_rmse-0.4192, valid_rmse-1.2635, valid_pr-0.7345
epoch-185, train_loss-0.1454, train_rmse-0.3813, valid_rmse-1.2483, valid_pr-0.7425
epoch-186, train_loss-0.1356, train_rmse-0.3682, valid_rmse-1.2435, valid_pr-0.7436
Validation : valid_rmse-1.2435, valid_pr-0.7436, 
test2013_rmse-1.3282, test2013_pr-0.8385, test2016_rmse-1.1627, test2016_pr-0.8485, test2019_rmse-1.3634, test2019_pr-0.6571
epoch-187, train_loss-0.1204, train_rmse-0.3470, valid_rmse-1.2480, valid_pr-0.7421
epoch-188, train_loss-0.1275, train_rmse-0.3571, valid_rmse-1.2562, valid_pr-0.7419
epoch-189, train_loss-0.1333, train_rmse-0.3651, valid_rmse-1.2475, valid_pr-0.7420
epoch-190, train_loss-0.1266, train_rmse-0.3558, valid_rmse-1.2522, valid_pr-0.7399
epoch-191, train_loss-0.1341, train_rmse-0.3662, valid_rmse-1.2530, valid_pr-0.7407
epoch-192, train_loss-0.1254, train_rmse-0.3541, valid_rmse-1.2450, valid_pr-0.7430
epoch-193, train_loss-0.1307, train_rmse-0.3615, valid_rmse-1.2515, valid_pr-0.7410
epoch-194, train_loss-0.1242, train_rmse-0.3524, valid_rmse-1.2392, valid_pr-0.7455
Validation : valid_rmse-1.2392, valid_pr-0.7455, 
test2013_rmse-1.3148, test2013_pr-0.8444, test2016_rmse-1.1566, test2016_pr-0.8549, test2019_rmse-1.3594, test2019_pr-0.6558
epoch-195, train_loss-0.1400, train_rmse-0.3741, valid_rmse-1.2495, valid_pr-0.7444
epoch-196, train_loss-0.1308, train_rmse-0.3617, valid_rmse-1.2679, valid_pr-0.7420
epoch-197, train_loss-0.1419, train_rmse-0.3767, valid_rmse-1.2495, valid_pr-0.7393
epoch-198, train_loss-0.1170, train_rmse-0.3420, valid_rmse-1.2551, valid_pr-0.7402
epoch-199, train_loss-0.1304, train_rmse-0.3611, valid_rmse-1.2407, valid_pr-0.7451
epoch-200, train_loss-0.1260, train_rmse-0.3550, valid_rmse-1.2558, valid_pr-0.7420
epoch-201, train_loss-0.1200, train_rmse-0.3464, valid_rmse-1.2504, valid_pr-0.7416
epoch-202, train_loss-0.1271, train_rmse-0.3566, valid_rmse-1.2581, valid_pr-0.7413
epoch-203, train_loss-0.1300, train_rmse-0.3606, valid_rmse-1.2516, valid_pr-0.7416
epoch-204, train_loss-0.1296, train_rmse-0.3601, valid_rmse-1.2560, valid_pr-0.7403
epoch-205, train_loss-0.1260, train_rmse-0.3549, valid_rmse-1.2448, valid_pr-0.7428
epoch-206, train_loss-0.1247, train_rmse-0.3531, valid_rmse-1.2489, valid_pr-0.7411
epoch-207, train_loss-0.1282, train_rmse-0.3581, valid_rmse-1.2452, valid_pr-0.7453
epoch-208, train_loss-0.1151, train_rmse-0.3393, valid_rmse-1.2489, valid_pr-0.7415
epoch-209, train_loss-0.1232, train_rmse-0.3510, valid_rmse-1.2509, valid_pr-0.7405
epoch-210, train_loss-0.1363, train_rmse-0.3692, valid_rmse-1.2433, valid_pr-0.7456
epoch-211, train_loss-0.1353, train_rmse-0.3678, valid_rmse-1.2486, valid_pr-0.7422
epoch-212, train_loss-0.1236, train_rmse-0.3515, valid_rmse-1.2356, valid_pr-0.7456
Validation : valid_rmse-1.2356, valid_pr-0.7456, 
test2013_rmse-1.3016, test2013_pr-0.8490, test2016_rmse-1.1679, test2016_pr-0.8491, test2019_rmse-1.3581, test2019_pr-0.6561
epoch-213, train_loss-0.1370, train_rmse-0.3702, valid_rmse-1.2454, valid_pr-0.7426
epoch-214, train_loss-0.1125, train_rmse-0.3354, valid_rmse-1.2435, valid_pr-0.7457
epoch-215, train_loss-0.1179, train_rmse-0.3433, valid_rmse-1.2422, valid_pr-0.7423
epoch-216, train_loss-0.1239, train_rmse-0.3521, valid_rmse-1.2420, valid_pr-0.7441
epoch-217, train_loss-0.1252, train_rmse-0.3538, valid_rmse-1.2485, valid_pr-0.7416
epoch-218, train_loss-0.1227, train_rmse-0.3502, valid_rmse-1.2435, valid_pr-0.7448
epoch-219, train_loss-0.1141, train_rmse-0.3378, valid_rmse-1.2377, valid_pr-0.7446
epoch-220, train_loss-0.1156, train_rmse-0.3399, valid_rmse-1.2354, valid_pr-0.7478
Validation : valid_rmse-1.2354, valid_pr-0.7478, 
test2013_rmse-1.3129, test2013_pr-0.8394, test2016_rmse-1.1510, test2016_pr-0.8507, test2019_rmse-1.3554, test2019_pr-0.6629
epoch-221, train_loss-0.1130, train_rmse-0.3362, valid_rmse-1.2427, valid_pr-0.7455
epoch-222, train_loss-0.1166, train_rmse-0.3415, valid_rmse-1.2426, valid_pr-0.7443
epoch-223, train_loss-0.1192, train_rmse-0.3453, valid_rmse-1.2497, valid_pr-0.7398
epoch-224, train_loss-0.1334, train_rmse-0.3652, valid_rmse-1.2484, valid_pr-0.7419
epoch-225, train_loss-0.1202, train_rmse-0.3467, valid_rmse-1.2461, valid_pr-0.7437
epoch-226, train_loss-0.1151, train_rmse-0.3393, valid_rmse-1.2474, valid_pr-0.7429
epoch-227, train_loss-0.1252, train_rmse-0.3539, valid_rmse-1.2576, valid_pr-0.7418
epoch-228, train_loss-0.1138, train_rmse-0.3374, valid_rmse-1.2483, valid_pr-0.7419
epoch-229, train_loss-0.1176, train_rmse-0.3429, valid_rmse-1.2459, valid_pr-0.7438
epoch-230, train_loss-0.1135, train_rmse-0.3369, valid_rmse-1.2400, valid_pr-0.7453
epoch-231, train_loss-0.1143, train_rmse-0.3380, valid_rmse-1.2429, valid_pr-0.7439
epoch-232, train_loss-0.1247, train_rmse-0.3531, valid_rmse-1.2481, valid_pr-0.7410
epoch-233, train_loss-0.1277, train_rmse-0.3573, valid_rmse-1.2560, valid_pr-0.7396
epoch-234, train_loss-0.1154, train_rmse-0.3397, valid_rmse-1.2434, valid_pr-0.7452
epoch-235, train_loss-0.1106, train_rmse-0.3326, valid_rmse-1.2397, valid_pr-0.7455
epoch-236, train_loss-0.1179, train_rmse-0.3434, valid_rmse-1.2398, valid_pr-0.7440
epoch-237, train_loss-0.1217, train_rmse-0.3489, valid_rmse-1.2547, valid_pr-0.7425
epoch-238, train_loss-0.1211, train_rmse-0.3480, valid_rmse-1.2448, valid_pr-0.7432
epoch-239, train_loss-0.1253, train_rmse-0.3540, valid_rmse-1.2440, valid_pr-0.7467
epoch-240, train_loss-0.1133, train_rmse-0.3365, valid_rmse-1.2294, valid_pr-0.7491
Validation : valid_rmse-1.2294, valid_pr-0.7491, 
test2013_rmse-1.2929, test2013_pr-0.8480, test2016_rmse-1.1359, test2016_pr-0.8568, test2019_rmse-1.3584, test2019_pr-0.6593
epoch-241, train_loss-0.1208, train_rmse-0.3476, valid_rmse-1.2319, valid_pr-0.7488
epoch-242, train_loss-0.1115, train_rmse-0.3339, valid_rmse-1.2346, valid_pr-0.7466
epoch-243, train_loss-0.1181, train_rmse-0.3437, valid_rmse-1.2430, valid_pr-0.7444
epoch-244, train_loss-0.1145, train_rmse-0.3384, valid_rmse-1.2409, valid_pr-0.7440
epoch-245, train_loss-0.1164, train_rmse-0.3412, valid_rmse-1.2294, valid_pr-0.7483
Validation : valid_rmse-1.2294, valid_pr-0.7483, 
test2013_rmse-1.3143, test2013_pr-0.8439, test2016_rmse-1.1646, test2016_pr-0.8508, test2019_rmse-1.3508, test2019_pr-0.6599
epoch-246, train_loss-0.1124, train_rmse-0.3352, valid_rmse-1.2343, valid_pr-0.7471
epoch-247, train_loss-0.1177, train_rmse-0.3430, valid_rmse-1.2353, valid_pr-0.7461
epoch-248, train_loss-0.1193, train_rmse-0.3454, valid_rmse-1.2429, valid_pr-0.7450
epoch-249, train_loss-0.1183, train_rmse-0.3440, valid_rmse-1.2540, valid_pr-0.7400
epoch-250, train_loss-0.1148, train_rmse-0.3389, valid_rmse-1.2423, valid_pr-0.7454
epoch-251, train_loss-0.1295, train_rmse-0.3598, valid_rmse-1.2334, valid_pr-0.7451
epoch-252, train_loss-0.1200, train_rmse-0.3464, valid_rmse-1.2460, valid_pr-0.7417
epoch-253, train_loss-0.1255, train_rmse-0.3543, valid_rmse-1.2457, valid_pr-0.7429
epoch-254, train_loss-0.1160, train_rmse-0.3406, valid_rmse-1.2441, valid_pr-0.7434
epoch-255, train_loss-0.1187, train_rmse-0.3446, valid_rmse-1.2407, valid_pr-0.7458
epoch-256, train_loss-0.1121, train_rmse-0.3348, valid_rmse-1.2434, valid_pr-0.7429
epoch-257, train_loss-0.1161, train_rmse-0.3407, valid_rmse-1.2355, valid_pr-0.7456
epoch-258, train_loss-0.1191, train_rmse-0.3451, valid_rmse-1.2443, valid_pr-0.7441
epoch-259, train_loss-0.1234, train_rmse-0.3513, valid_rmse-1.2559, valid_pr-0.7391
epoch-260, train_loss-0.1137, train_rmse-0.3373, valid_rmse-1.2305, valid_pr-0.7479
epoch-261, train_loss-0.1143, train_rmse-0.3381, valid_rmse-1.2365, valid_pr-0.7471
epoch-262, train_loss-0.1139, train_rmse-0.3374, valid_rmse-1.2414, valid_pr-0.7463
epoch-263, train_loss-0.1248, train_rmse-0.3533, valid_rmse-1.2388, valid_pr-0.7468
epoch-264, train_loss-0.1141, train_rmse-0.3378, valid_rmse-1.2357, valid_pr-0.7462
epoch-265, train_loss-0.1111, train_rmse-0.3333, valid_rmse-1.2489, valid_pr-0.7446
epoch-266, train_loss-0.1119, train_rmse-0.3346, valid_rmse-1.2335, valid_pr-0.7467
epoch-267, train_loss-0.1097, train_rmse-0.3312, valid_rmse-1.2362, valid_pr-0.7461
epoch-268, train_loss-0.1275, train_rmse-0.3571, valid_rmse-1.2506, valid_pr-0.7449
epoch-269, train_loss-0.1162, train_rmse-0.3409, valid_rmse-1.2348, valid_pr-0.7462
epoch-270, train_loss-0.1193, train_rmse-0.3454, valid_rmse-1.2497, valid_pr-0.7443
epoch-271, train_loss-0.1085, train_rmse-0.3295, valid_rmse-1.2468, valid_pr-0.7439
epoch-272, train_loss-0.1185, train_rmse-0.3442, valid_rmse-1.2452, valid_pr-0.7460
epoch-273, train_loss-0.1135, train_rmse-0.3369, valid_rmse-1.2463, valid_pr-0.7422
epoch-274, train_loss-0.1211, train_rmse-0.3480, valid_rmse-1.2397, valid_pr-0.7445
epoch-275, train_loss-0.1124, train_rmse-0.3353, valid_rmse-1.2502, valid_pr-0.7410
epoch-276, train_loss-0.1218, train_rmse-0.3490, valid_rmse-1.2291, valid_pr-0.7504
Validation : valid_rmse-1.2291, valid_pr-0.7504, 
test2013_rmse-1.3383, test2013_pr-0.8435, test2016_rmse-1.1806, test2016_pr-0.8514, test2019_rmse-1.3455, test2019_pr-0.6619
epoch-277, train_loss-0.1068, train_rmse-0.3268, valid_rmse-1.2316, valid_pr-0.7479
epoch-278, train_loss-0.1242, train_rmse-0.3524, valid_rmse-1.2308, valid_pr-0.7486
epoch-279, train_loss-0.1093, train_rmse-0.3305, valid_rmse-1.2295, valid_pr-0.7481
epoch-280, train_loss-0.1128, train_rmse-0.3359, valid_rmse-1.2306, valid_pr-0.7469
epoch-281, train_loss-0.1162, train_rmse-0.3409, valid_rmse-1.2386, valid_pr-0.7440
epoch-282, train_loss-0.1118, train_rmse-0.3343, valid_rmse-1.2340, valid_pr-0.7452
epoch-283, train_loss-0.1100, train_rmse-0.3316, valid_rmse-1.2372, valid_pr-0.7479
epoch-284, train_loss-0.1149, train_rmse-0.3390, valid_rmse-1.2423, valid_pr-0.7449
epoch-285, train_loss-0.1198, train_rmse-0.3462, valid_rmse-1.2516, valid_pr-0.7438
epoch-286, train_loss-0.1173, train_rmse-0.3425, valid_rmse-1.2392, valid_pr-0.7482
epoch-287, train_loss-0.1090, train_rmse-0.3302, valid_rmse-1.2337, valid_pr-0.7491
epoch-288, train_loss-0.1156, train_rmse-0.3400, valid_rmse-1.2245, valid_pr-0.7501
Validation : valid_rmse-1.2245, valid_pr-0.7501, 
test2013_rmse-1.3109, test2013_pr-0.8482, test2016_rmse-1.1674, test2016_pr-0.8491, test2019_rmse-1.3474, test2019_pr-0.6604
epoch-289, train_loss-0.1102, train_rmse-0.3320, valid_rmse-1.2389, valid_pr-0.7459
epoch-290, train_loss-0.1139, train_rmse-0.3375, valid_rmse-1.2355, valid_pr-0.7469
epoch-291, train_loss-0.1135, train_rmse-0.3370, valid_rmse-1.2352, valid_pr-0.7472
epoch-292, train_loss-0.1120, train_rmse-0.3346, valid_rmse-1.2410, valid_pr-0.7453
epoch-293, train_loss-0.1035, train_rmse-0.3218, valid_rmse-1.2424, valid_pr-0.7439
epoch-294, train_loss-0.1092, train_rmse-0.3304, valid_rmse-1.2379, valid_pr-0.7473
epoch-295, train_loss-0.1210, train_rmse-0.3478, valid_rmse-1.2289, valid_pr-0.7491
epoch-296, train_loss-0.1096, train_rmse-0.3310, valid_rmse-1.2366, valid_pr-0.7467
epoch-297, train_loss-0.1068, train_rmse-0.3269, valid_rmse-1.2392, valid_pr-0.7468
epoch-298, train_loss-0.1103, train_rmse-0.3322, valid_rmse-1.2330, valid_pr-0.7490
epoch-299, train_loss-0.1085, train_rmse-0.3294, valid_rmse-1.2334, valid_pr-0.7470
epoch-300, train_loss-0.1116, train_rmse-0.3340, valid_rmse-1.2326, valid_pr-0.7459
epoch-301, train_loss-0.1086, train_rmse-0.3295, valid_rmse-1.2354, valid_pr-0.7461
epoch-302, train_loss-0.1215, train_rmse-0.3485, valid_rmse-1.2345, valid_pr-0.7476
epoch-303, train_loss-0.1122, train_rmse-0.3349, valid_rmse-1.2428, valid_pr-0.7420
epoch-304, train_loss-0.1111, train_rmse-0.3334, valid_rmse-1.2460, valid_pr-0.7432
epoch-305, train_loss-0.1187, train_rmse-0.3446, valid_rmse-1.2390, valid_pr-0.7451
epoch-306, train_loss-0.1064, train_rmse-0.3261, valid_rmse-1.2319, valid_pr-0.7469
epoch-307, train_loss-0.1159, train_rmse-0.3405, valid_rmse-1.2327, valid_pr-0.7466
epoch-308, train_loss-0.1057, train_rmse-0.3251, valid_rmse-1.2390, valid_pr-0.7446
epoch-309, train_loss-0.1069, train_rmse-0.3270, valid_rmse-1.2295, valid_pr-0.7482
epoch-310, train_loss-0.1088, train_rmse-0.3298, valid_rmse-1.2561, valid_pr-0.7440
epoch-311, train_loss-0.1130, train_rmse-0.3362, valid_rmse-1.2394, valid_pr-0.7449
epoch-312, train_loss-0.1192, train_rmse-0.3453, valid_rmse-1.2314, valid_pr-0.7502
epoch-313, train_loss-0.1177, train_rmse-0.3431, valid_rmse-1.2335, valid_pr-0.7468
epoch-314, train_loss-0.1112, train_rmse-0.3335, valid_rmse-1.2259, valid_pr-0.7494
epoch-315, train_loss-0.1113, train_rmse-0.3336, valid_rmse-1.2289, valid_pr-0.7483
epoch-316, train_loss-0.1126, train_rmse-0.3355, valid_rmse-1.2362, valid_pr-0.7450
epoch-317, train_loss-0.1070, train_rmse-0.3271, valid_rmse-1.2239, valid_pr-0.7503
Validation : valid_rmse-1.2239, valid_pr-0.7503, 
test2013_rmse-1.3315, test2013_pr-0.8447, test2016_rmse-1.1661, test2016_pr-0.8545, test2019_rmse-1.3481, test2019_pr-0.6590
epoch-318, train_loss-0.1144, train_rmse-0.3383, valid_rmse-1.2235, valid_pr-0.7513
Validation : valid_rmse-1.2235, valid_pr-0.7513, 
test2013_rmse-1.3231, test2013_pr-0.8437, test2016_rmse-1.1585, test2016_pr-0.8541, test2019_rmse-1.3516, test2019_pr-0.6588
epoch-319, train_loss-0.1092, train_rmse-0.3304, valid_rmse-1.2368, valid_pr-0.7495
epoch-320, train_loss-0.1132, train_rmse-0.3364, valid_rmse-1.2304, valid_pr-0.7491
epoch-321, train_loss-0.1076, train_rmse-0.3281, valid_rmse-1.2242, valid_pr-0.7506
epoch-322, train_loss-0.1062, train_rmse-0.3259, valid_rmse-1.2309, valid_pr-0.7475
epoch-323, train_loss-0.1007, train_rmse-0.3173, valid_rmse-1.2268, valid_pr-0.7498
epoch-324, train_loss-0.1120, train_rmse-0.3347, valid_rmse-1.2375, valid_pr-0.7487
epoch-325, train_loss-0.1151, train_rmse-0.3392, valid_rmse-1.2342, valid_pr-0.7471
epoch-326, train_loss-0.1058, train_rmse-0.3252, valid_rmse-1.2372, valid_pr-0.7440
epoch-327, train_loss-0.1043, train_rmse-0.3229, valid_rmse-1.2335, valid_pr-0.7484
epoch-328, train_loss-0.1046, train_rmse-0.3234, valid_rmse-1.2230, valid_pr-0.7524
Validation : valid_rmse-1.2230, valid_pr-0.7524, 
test2013_rmse-1.3121, test2013_pr-0.8476, test2016_rmse-1.1584, test2016_pr-0.8554, test2019_rmse-1.3451, test2019_pr-0.6636
epoch-329, train_loss-0.1153, train_rmse-0.3395, valid_rmse-1.2354, valid_pr-0.7482
epoch-330, train_loss-0.0987, train_rmse-0.3142, valid_rmse-1.2311, valid_pr-0.7482
epoch-331, train_loss-0.1057, train_rmse-0.3252, valid_rmse-1.2319, valid_pr-0.7464
epoch-332, train_loss-0.1074, train_rmse-0.3277, valid_rmse-1.2370, valid_pr-0.7495
epoch-333, train_loss-0.1077, train_rmse-0.3282, valid_rmse-1.2353, valid_pr-0.7488
epoch-334, train_loss-0.1109, train_rmse-0.3330, valid_rmse-1.2349, valid_pr-0.7483
epoch-335, train_loss-0.1035, train_rmse-0.3218, valid_rmse-1.2314, valid_pr-0.7508
epoch-336, train_loss-0.1040, train_rmse-0.3226, valid_rmse-1.2308, valid_pr-0.7476
epoch-337, train_loss-0.1062, train_rmse-0.3259, valid_rmse-1.2332, valid_pr-0.7481
epoch-338, train_loss-0.1109, train_rmse-0.3330, valid_rmse-1.2249, valid_pr-0.7515
epoch-339, train_loss-0.1087, train_rmse-0.3297, valid_rmse-1.2286, valid_pr-0.7487
epoch-340, train_loss-0.1107, train_rmse-0.3327, valid_rmse-1.2270, valid_pr-0.7501
epoch-341, train_loss-0.1155, train_rmse-0.3398, valid_rmse-1.2354, valid_pr-0.7484
epoch-342, train_loss-0.1051, train_rmse-0.3242, valid_rmse-1.2249, valid_pr-0.7497
epoch-343, train_loss-0.1020, train_rmse-0.3193, valid_rmse-1.2276, valid_pr-0.7501
epoch-344, train_loss-0.1169, train_rmse-0.3419, valid_rmse-1.2402, valid_pr-0.7453
epoch-345, train_loss-0.1066, train_rmse-0.3265, valid_rmse-1.2320, valid_pr-0.7474
epoch-346, train_loss-0.0953, train_rmse-0.3087, valid_rmse-1.2383, valid_pr-0.7459
epoch-347, train_loss-0.1008, train_rmse-0.3175, valid_rmse-1.2256, valid_pr-0.7511
epoch-348, train_loss-0.1116, train_rmse-0.3340, valid_rmse-1.2275, valid_pr-0.7507
epoch-349, train_loss-0.1063, train_rmse-0.3260, valid_rmse-1.2269, valid_pr-0.7490
epoch-350, train_loss-0.1182, train_rmse-0.3438, valid_rmse-1.2259, valid_pr-0.7497
epoch-351, train_loss-0.1016, train_rmse-0.3187, valid_rmse-1.2245, valid_pr-0.7501
epoch-352, train_loss-0.1026, train_rmse-0.3203, valid_rmse-1.2299, valid_pr-0.7476
epoch-353, train_loss-0.1058, train_rmse-0.3252, valid_rmse-1.2303, valid_pr-0.7490
epoch-354, train_loss-0.1002, train_rmse-0.3166, valid_rmse-1.2241, valid_pr-0.7520
epoch-355, train_loss-0.1094, train_rmse-0.3307, valid_rmse-1.2376, valid_pr-0.7470
epoch-356, train_loss-0.1106, train_rmse-0.3326, valid_rmse-1.2303, valid_pr-0.7495
epoch-357, train_loss-0.1052, train_rmse-0.3243, valid_rmse-1.2311, valid_pr-0.7473
epoch-358, train_loss-0.0977, train_rmse-0.3126, valid_rmse-1.2291, valid_pr-0.7476
epoch-359, train_loss-0.1125, train_rmse-0.3354, valid_rmse-1.2327, valid_pr-0.7491
epoch-360, train_loss-0.1120, train_rmse-0.3347, valid_rmse-1.2268, valid_pr-0.7477
epoch-361, train_loss-0.1040, train_rmse-0.3225, valid_rmse-1.2240, valid_pr-0.7498
epoch-362, train_loss-0.1096, train_rmse-0.3311, valid_rmse-1.2341, valid_pr-0.7480
epoch-363, train_loss-0.1075, train_rmse-0.3279, valid_rmse-1.2272, valid_pr-0.7503
epoch-364, train_loss-0.1058, train_rmse-0.3252, valid_rmse-1.2331, valid_pr-0.7486
epoch-365, train_loss-0.1019, train_rmse-0.3193, valid_rmse-1.2240, valid_pr-0.7505
epoch-366, train_loss-0.1046, train_rmse-0.3234, valid_rmse-1.2313, valid_pr-0.7472
epoch-367, train_loss-0.1071, train_rmse-0.3273, valid_rmse-1.2308, valid_pr-0.7484
epoch-368, train_loss-0.1022, train_rmse-0.3196, valid_rmse-1.2255, valid_pr-0.7497
epoch-369, train_loss-0.1071, train_rmse-0.3273, valid_rmse-1.2243, valid_pr-0.7508
epoch-370, train_loss-0.1092, train_rmse-0.3305, valid_rmse-1.2419, valid_pr-0.7453
epoch-371, train_loss-0.0982, train_rmse-0.3134, valid_rmse-1.2331, valid_pr-0.7467
epoch-372, train_loss-0.0981, train_rmse-0.3132, valid_rmse-1.2299, valid_pr-0.7482
epoch-373, train_loss-0.1092, train_rmse-0.3304, valid_rmse-1.2277, valid_pr-0.7490
epoch-374, train_loss-0.1135, train_rmse-0.3368, valid_rmse-1.2344, valid_pr-0.7480
epoch-375, train_loss-0.1026, train_rmse-0.3202, valid_rmse-1.2233, valid_pr-0.7509
epoch-376, train_loss-0.1160, train_rmse-0.3405, valid_rmse-1.2262, valid_pr-0.7481
epoch-377, train_loss-0.1020, train_rmse-0.3194, valid_rmse-1.2286, valid_pr-0.7500
epoch-378, train_loss-0.1041, train_rmse-0.3226, valid_rmse-1.2233, valid_pr-0.7502
epoch-379, train_loss-0.1043, train_rmse-0.3230, valid_rmse-1.2243, valid_pr-0.7493
epoch-380, train_loss-0.0882, train_rmse-0.2970, valid_rmse-1.2231, valid_pr-0.7518
epoch-381, train_loss-0.0913, train_rmse-0.3022, valid_rmse-1.2225, valid_pr-0.7513
Validation : valid_rmse-1.2225, valid_pr-0.7513, 
test2013_rmse-1.3121, test2013_pr-0.8478, test2016_rmse-1.1482, test2016_pr-0.8571, test2019_rmse-1.3367, test2019_pr-0.6678
epoch-382, train_loss-0.0884, train_rmse-0.2973, valid_rmse-1.2255, valid_pr-0.7497
epoch-383, train_loss-0.0894, train_rmse-0.2989, valid_rmse-1.2241, valid_pr-0.7500
epoch-384, train_loss-0.0951, train_rmse-0.3083, valid_rmse-1.2234, valid_pr-0.7507
epoch-385, train_loss-0.0889, train_rmse-0.2981, valid_rmse-1.2229, valid_pr-0.7520
epoch-386, train_loss-0.0951, train_rmse-0.3084, valid_rmse-1.2206, valid_pr-0.7535
Validation : valid_rmse-1.2206, valid_pr-0.7535, 
test2013_rmse-1.2991, test2013_pr-0.8486, test2016_rmse-1.1354, test2016_pr-0.8599, test2019_rmse-1.3379, test2019_pr-0.6689
epoch-387, train_loss-0.0919, train_rmse-0.3032, valid_rmse-1.2223, valid_pr-0.7524
epoch-388, train_loss-0.0933, train_rmse-0.3055, valid_rmse-1.2264, valid_pr-0.7507
epoch-389, train_loss-0.0949, train_rmse-0.3081, valid_rmse-1.2253, valid_pr-0.7515
epoch-390, train_loss-0.0927, train_rmse-0.3045, valid_rmse-1.2196, valid_pr-0.7521
Validation : valid_rmse-1.2196, valid_pr-0.7521, 
test2013_rmse-1.3042, test2013_pr-0.8507, test2016_rmse-1.1497, test2016_pr-0.8576, test2019_rmse-1.3389, test2019_pr-0.6646
epoch-391, train_loss-0.0939, train_rmse-0.3064, valid_rmse-1.2219, valid_pr-0.7512
epoch-392, train_loss-0.0849, train_rmse-0.2913, valid_rmse-1.2237, valid_pr-0.7514
epoch-393, train_loss-0.0904, train_rmse-0.3007, valid_rmse-1.2210, valid_pr-0.7514
epoch-394, train_loss-0.0912, train_rmse-0.3020, valid_rmse-1.2206, valid_pr-0.7520
epoch-395, train_loss-0.0959, train_rmse-0.3097, valid_rmse-1.2290, valid_pr-0.7492
epoch-396, train_loss-0.0884, train_rmse-0.2973, valid_rmse-1.2254, valid_pr-0.7493
epoch-397, train_loss-0.0956, train_rmse-0.3092, valid_rmse-1.2202, valid_pr-0.7533
epoch-398, train_loss-0.0794, train_rmse-0.2818, valid_rmse-1.2221, valid_pr-0.7516
epoch-399, train_loss-0.0942, train_rmse-0.3068, valid_rmse-1.2227, valid_pr-0.7515
epoch-400, train_loss-0.0905, train_rmse-0.3008, valid_rmse-1.2259, valid_pr-0.7513
epoch-401, train_loss-0.0830, train_rmse-0.2880, valid_rmse-1.2234, valid_pr-0.7504
epoch-402, train_loss-0.0917, train_rmse-0.3028, valid_rmse-1.2259, valid_pr-0.7509
epoch-403, train_loss-0.0820, train_rmse-0.2864, valid_rmse-1.2228, valid_pr-0.7512
epoch-404, train_loss-0.0873, train_rmse-0.2955, valid_rmse-1.2244, valid_pr-0.7513
epoch-405, train_loss-0.0932, train_rmse-0.3054, valid_rmse-1.2252, valid_pr-0.7509
epoch-406, train_loss-0.0835, train_rmse-0.2890, valid_rmse-1.2185, valid_pr-0.7523
Validation : valid_rmse-1.2185, valid_pr-0.7523, 
test2013_rmse-1.3012, test2013_pr-0.8495, test2016_rmse-1.1477, test2016_pr-0.8561, test2019_rmse-1.3411, test2019_pr-0.6650
epoch-407, train_loss-0.0989, train_rmse-0.3146, valid_rmse-1.2288, valid_pr-0.7497
epoch-408, train_loss-0.0956, train_rmse-0.3092, valid_rmse-1.2235, valid_pr-0.7511
epoch-409, train_loss-0.0969, train_rmse-0.3113, valid_rmse-1.2295, valid_pr-0.7495
epoch-410, train_loss-0.0934, train_rmse-0.3055, valid_rmse-1.2231, valid_pr-0.7499
epoch-411, train_loss-0.0865, train_rmse-0.2941, valid_rmse-1.2239, valid_pr-0.7498
epoch-412, train_loss-0.0856, train_rmse-0.2926, valid_rmse-1.2188, valid_pr-0.7528
epoch-413, train_loss-0.0945, train_rmse-0.3075, valid_rmse-1.2224, valid_pr-0.7521
epoch-414, train_loss-0.0853, train_rmse-0.2921, valid_rmse-1.2229, valid_pr-0.7521
epoch-415, train_loss-0.0908, train_rmse-0.3014, valid_rmse-1.2218, valid_pr-0.7520
epoch-416, train_loss-0.0914, train_rmse-0.3023, valid_rmse-1.2268, valid_pr-0.7502
epoch-417, train_loss-0.0901, train_rmse-0.3002, valid_rmse-1.2290, valid_pr-0.7497
epoch-418, train_loss-0.0883, train_rmse-0.2972, valid_rmse-1.2251, valid_pr-0.7506
epoch-419, train_loss-0.0942, train_rmse-0.3069, valid_rmse-1.2229, valid_pr-0.7499
epoch-420, train_loss-0.0900, train_rmse-0.3001, valid_rmse-1.2224, valid_pr-0.7510
epoch-421, train_loss-0.0873, train_rmse-0.2955, valid_rmse-1.2223, valid_pr-0.7509
epoch-422, train_loss-0.0942, train_rmse-0.3070, valid_rmse-1.2254, valid_pr-0.7508
epoch-423, train_loss-0.0868, train_rmse-0.2946, valid_rmse-1.2281, valid_pr-0.7480
epoch-424, train_loss-0.0880, train_rmse-0.2966, valid_rmse-1.2294, valid_pr-0.7494
epoch-425, train_loss-0.0906, train_rmse-0.3009, valid_rmse-1.2232, valid_pr-0.7519
epoch-426, train_loss-0.0897, train_rmse-0.2995, valid_rmse-1.2237, valid_pr-0.7515
epoch-427, train_loss-0.0889, train_rmse-0.2981, valid_rmse-1.2232, valid_pr-0.7505
epoch-428, train_loss-0.0909, train_rmse-0.3015, valid_rmse-1.2156, valid_pr-0.7544
Validation : valid_rmse-1.2156, valid_pr-0.7544, 
test2013_rmse-1.3167, test2013_pr-0.8469, test2016_rmse-1.1486, test2016_pr-0.8574, test2019_rmse-1.3395, test2019_pr-0.6652
epoch-429, train_loss-0.0924, train_rmse-0.3039, valid_rmse-1.2232, valid_pr-0.7523
epoch-430, train_loss-0.0858, train_rmse-0.2929, valid_rmse-1.2206, valid_pr-0.7527
epoch-431, train_loss-0.0909, train_rmse-0.3014, valid_rmse-1.2243, valid_pr-0.7511
epoch-432, train_loss-0.0850, train_rmse-0.2916, valid_rmse-1.2191, valid_pr-0.7520
epoch-433, train_loss-0.0862, train_rmse-0.2935, valid_rmse-1.2240, valid_pr-0.7505
epoch-434, train_loss-0.0848, train_rmse-0.2912, valid_rmse-1.2214, valid_pr-0.7528
epoch-435, train_loss-0.0860, train_rmse-0.2932, valid_rmse-1.2198, valid_pr-0.7530
epoch-436, train_loss-0.0890, train_rmse-0.2983, valid_rmse-1.2222, valid_pr-0.7508
epoch-437, train_loss-0.0920, train_rmse-0.3033, valid_rmse-1.2242, valid_pr-0.7515
epoch-438, train_loss-0.0870, train_rmse-0.2949, valid_rmse-1.2232, valid_pr-0.7505
epoch-439, train_loss-0.0836, train_rmse-0.2891, valid_rmse-1.2252, valid_pr-0.7511
epoch-440, train_loss-0.0956, train_rmse-0.3093, valid_rmse-1.2208, valid_pr-0.7518
epoch-441, train_loss-0.0834, train_rmse-0.2889, valid_rmse-1.2205, valid_pr-0.7517
epoch-442, train_loss-0.0888, train_rmse-0.2980, valid_rmse-1.2205, valid_pr-0.7527
epoch-443, train_loss-0.0933, train_rmse-0.3054, valid_rmse-1.2199, valid_pr-0.7522
epoch-444, train_loss-0.0884, train_rmse-0.2973, valid_rmse-1.2242, valid_pr-0.7506
epoch-445, train_loss-0.0844, train_rmse-0.2906, valid_rmse-1.2174, valid_pr-0.7528
epoch-446, train_loss-0.0969, train_rmse-0.3112, valid_rmse-1.2238, valid_pr-0.7498
epoch-447, train_loss-0.0849, train_rmse-0.2913, valid_rmse-1.2264, valid_pr-0.7506
epoch-448, train_loss-0.0907, train_rmse-0.3011, valid_rmse-1.2246, valid_pr-0.7520
epoch-449, train_loss-0.0873, train_rmse-0.2954, valid_rmse-1.2219, valid_pr-0.7516
epoch-450, train_loss-0.0818, train_rmse-0.2859, valid_rmse-1.2196, valid_pr-0.7518
epoch-451, train_loss-0.0942, train_rmse-0.3069, valid_rmse-1.2216, valid_pr-0.7512
epoch-452, train_loss-0.0924, train_rmse-0.3039, valid_rmse-1.2261, valid_pr-0.7499
epoch-453, train_loss-0.0917, train_rmse-0.3028, valid_rmse-1.2259, valid_pr-0.7495
epoch-454, train_loss-0.0888, train_rmse-0.2980, valid_rmse-1.2252, valid_pr-0.7492
epoch-455, train_loss-0.0856, train_rmse-0.2925, valid_rmse-1.2186, valid_pr-0.7527
epoch-456, train_loss-0.0919, train_rmse-0.3032, valid_rmse-1.2245, valid_pr-0.7506
epoch-457, train_loss-0.0923, train_rmse-0.3039, valid_rmse-1.2244, valid_pr-0.7510
epoch-458, train_loss-0.0867, train_rmse-0.2945, valid_rmse-1.2236, valid_pr-0.7521
epoch-459, train_loss-0.0864, train_rmse-0.2939, valid_rmse-1.2177, valid_pr-0.7521
epoch-460, train_loss-0.0825, train_rmse-0.2873, valid_rmse-1.2208, valid_pr-0.7519
epoch-461, train_loss-0.0841, train_rmse-0.2900, valid_rmse-1.2210, valid_pr-0.7524
epoch-462, train_loss-0.0993, train_rmse-0.3151, valid_rmse-1.2213, valid_pr-0.7511
epoch-463, train_loss-0.0808, train_rmse-0.2843, valid_rmse-1.2209, valid_pr-0.7520
epoch-464, train_loss-0.0964, train_rmse-0.3105, valid_rmse-1.2256, valid_pr-0.7501
epoch-465, train_loss-0.0829, train_rmse-0.2880, valid_rmse-1.2249, valid_pr-0.7503
epoch-466, train_loss-0.0887, train_rmse-0.2978, valid_rmse-1.2255, valid_pr-0.7498
epoch-467, train_loss-0.0803, train_rmse-0.2835, valid_rmse-1.2232, valid_pr-0.7511
epoch-468, train_loss-0.0950, train_rmse-0.3083, valid_rmse-1.2250, valid_pr-0.7505
epoch-469, train_loss-0.0881, train_rmse-0.2969, valid_rmse-1.2254, valid_pr-0.7492
epoch-470, train_loss-0.0869, train_rmse-0.2948, valid_rmse-1.2281, valid_pr-0.7507
epoch-471, train_loss-0.0812, train_rmse-0.2849, valid_rmse-1.2300, valid_pr-0.7494
epoch-472, train_loss-0.0889, train_rmse-0.2981, valid_rmse-1.2287, valid_pr-0.7492
epoch-473, train_loss-0.0861, train_rmse-0.2934, valid_rmse-1.2265, valid_pr-0.7491
epoch-474, train_loss-0.0816, train_rmse-0.2857, valid_rmse-1.2263, valid_pr-0.7503
epoch-475, train_loss-0.0864, train_rmse-0.2940, valid_rmse-1.2238, valid_pr-0.7507
epoch-476, train_loss-0.0831, train_rmse-0.2883, valid_rmse-1.2268, valid_pr-0.7495
epoch-477, train_loss-0.0849, train_rmse-0.2913, valid_rmse-1.2273, valid_pr-0.7504
epoch-478, train_loss-0.0843, train_rmse-0.2904, valid_rmse-1.2189, valid_pr-0.7524
epoch-479, train_loss-0.0885, train_rmse-0.2976, valid_rmse-1.2227, valid_pr-0.7514
epoch-480, train_loss-0.0823, train_rmse-0.2869, valid_rmse-1.2220, valid_pr-0.7518
epoch-481, train_loss-0.0846, train_rmse-0.2909, valid_rmse-1.2221, valid_pr-0.7507
epoch-482, train_loss-0.0796, train_rmse-0.2821, valid_rmse-1.2204, valid_pr-0.7512
epoch-483, train_loss-0.0886, train_rmse-0.2976, valid_rmse-1.2215, valid_pr-0.7511
epoch-484, train_loss-0.0759, train_rmse-0.2754, valid_rmse-1.2218, valid_pr-0.7515
epoch-485, train_loss-0.0795, train_rmse-0.2820, valid_rmse-1.2211, valid_pr-0.7512
epoch-486, train_loss-0.0841, train_rmse-0.2900, valid_rmse-1.2268, valid_pr-0.7505
epoch-487, train_loss-0.0892, train_rmse-0.2986, valid_rmse-1.2217, valid_pr-0.7512
epoch-488, train_loss-0.0798, train_rmse-0.2826, valid_rmse-1.2235, valid_pr-0.7508
epoch-489, train_loss-0.0825, train_rmse-0.2872, valid_rmse-1.2212, valid_pr-0.7520
epoch-490, train_loss-0.0841, train_rmse-0.2901, valid_rmse-1.2212, valid_pr-0.7516
epoch-491, train_loss-0.0781, train_rmse-0.2795, valid_rmse-1.2224, valid_pr-0.7515
epoch-492, train_loss-0.0912, train_rmse-0.3021, valid_rmse-1.2252, valid_pr-0.7505
epoch-493, train_loss-0.0921, train_rmse-0.3034, valid_rmse-1.2198, valid_pr-0.7521
epoch-494, train_loss-0.0823, train_rmse-0.2869, valid_rmse-1.2234, valid_pr-0.7515
epoch-495, train_loss-0.0846, train_rmse-0.2909, valid_rmse-1.2211, valid_pr-0.7515
epoch-496, train_loss-0.0792, train_rmse-0.2815, valid_rmse-1.2215, valid_pr-0.7517
epoch-497, train_loss-0.0812, train_rmse-0.2850, valid_rmse-1.2230, valid_pr-0.7519
epoch-498, train_loss-0.0752, train_rmse-0.2743, valid_rmse-1.2213, valid_pr-0.7508
epoch-499, train_loss-0.0848, train_rmse-0.2913, valid_rmse-1.2268, valid_pr-0.7505
epoch-500, train_loss-0.0864, train_rmse-0.2939, valid_rmse-1.2221, valid_pr-0.7507
epoch-501, train_loss-0.0881, train_rmse-0.2968, valid_rmse-1.2250, valid_pr-0.7510
epoch-502, train_loss-0.0825, train_rmse-0.2873, valid_rmse-1.2266, valid_pr-0.7508
epoch-503, train_loss-0.0799, train_rmse-0.2826, valid_rmse-1.2232, valid_pr-0.7509
epoch-504, train_loss-0.0819, train_rmse-0.2863, valid_rmse-1.2233, valid_pr-0.7511
epoch-505, train_loss-0.0912, train_rmse-0.3021, valid_rmse-1.2229, valid_pr-0.7503
epoch-506, train_loss-0.0823, train_rmse-0.2869, valid_rmse-1.2238, valid_pr-0.7506
epoch-507, train_loss-0.0820, train_rmse-0.2864, valid_rmse-1.2233, valid_pr-0.7507
epoch-508, train_loss-0.0819, train_rmse-0.2862, valid_rmse-1.2231, valid_pr-0.7513
epoch-509, train_loss-0.0876, train_rmse-0.2960, valid_rmse-1.2239, valid_pr-0.7513
epoch-510, train_loss-0.0841, train_rmse-0.2899, valid_rmse-1.2234, valid_pr-0.7503
epoch-511, train_loss-0.0811, train_rmse-0.2849, valid_rmse-1.2252, valid_pr-0.7503
epoch-512, train_loss-0.0797, train_rmse-0.2823, valid_rmse-1.2215, valid_pr-0.7509
epoch-513, train_loss-0.0895, train_rmse-0.2991, valid_rmse-1.2244, valid_pr-0.7506
epoch-514, train_loss-0.0897, train_rmse-0.2996, valid_rmse-1.2216, valid_pr-0.7507
epoch-515, train_loss-0.0798, train_rmse-0.2825, valid_rmse-1.2222, valid_pr-0.7517
epoch-516, train_loss-0.0783, train_rmse-0.2798, valid_rmse-1.2187, valid_pr-0.7525
epoch-517, train_loss-0.0813, train_rmse-0.2851, valid_rmse-1.2201, valid_pr-0.7522
epoch-518, train_loss-0.0821, train_rmse-0.2865, valid_rmse-1.2192, valid_pr-0.7522
epoch-519, train_loss-0.0914, train_rmse-0.3023, valid_rmse-1.2214, valid_pr-0.7513
epoch-520, train_loss-0.0783, train_rmse-0.2799, valid_rmse-1.2213, valid_pr-0.7529
epoch-521, train_loss-0.0883, train_rmse-0.2972, valid_rmse-1.2188, valid_pr-0.7532
epoch-522, train_loss-0.0829, train_rmse-0.2879, valid_rmse-1.2161, valid_pr-0.7538
epoch-523, train_loss-0.0855, train_rmse-0.2924, valid_rmse-1.2219, valid_pr-0.7528
epoch-524, train_loss-0.0870, train_rmse-0.2950, valid_rmse-1.2192, valid_pr-0.7542
epoch-525, train_loss-0.0886, train_rmse-0.2976, valid_rmse-1.2222, valid_pr-0.7517
epoch-526, train_loss-0.0770, train_rmse-0.2774, valid_rmse-1.2161, valid_pr-0.7531
epoch-527, train_loss-0.0807, train_rmse-0.2841, valid_rmse-1.2211, valid_pr-0.7519
epoch-528, train_loss-0.0841, train_rmse-0.2900, valid_rmse-1.2174, valid_pr-0.7529
epoch-529, train_loss-0.0799, train_rmse-0.2826, valid_rmse-1.2227, valid_pr-0.7520
early stop in epoch 529
best_rmse: 1.2156
valid_rmse-1.2156, valid_pr-0.7544, test2013_rmse-1.3167, test2013_pr-0.8469, test2016_rmse-1.1486, test2016_pr-0.8574, test2019_rmse-1.3395, test2019_pr-0.6652
