CheapNet-ASD, lr=0.001, seed=358
train_ASD.py
train data: 11904
valid data: 1000
test2013 data: 107
test2016 data: 285
test2019 data: 4366
GIGN params # : 42685324
epoch-0, train_loss-5.7172, train_rmse-2.3911, valid_rmse-1.8481, valid_pr-0.3242
Validation : valid_rmse-1.8481, valid_pr-0.3242, 
test2013_rmse-2.2375, test2013_pr-0.3265, test2016_rmse-2.1184, test2016_pr-0.3263, test2019_rmse-1.7554, test2019_pr-0.3477
epoch-1, train_loss-3.2965, train_rmse-1.8156, valid_rmse-1.7487, valid_pr-0.3734
Validation : valid_rmse-1.7487, valid_pr-0.3734, 
test2013_rmse-2.1650, test2013_pr-0.3666, test2016_rmse-1.9804, test2016_pr-0.4172, test2019_rmse-1.6995, test2019_pr-0.3671
epoch-2, train_loss-3.0197, train_rmse-1.7377, valid_rmse-1.9765, valid_pr-0.4674
epoch-3, train_loss-2.9063, train_rmse-1.7048, valid_rmse-1.6004, valid_pr-0.5026
Validation : valid_rmse-1.6004, valid_pr-0.5026, 
test2013_rmse-1.8798, test2013_pr-0.6230, test2016_rmse-1.7798, test2016_pr-0.5842, test2019_rmse-1.5918, test2019_pr-0.4674
epoch-4, train_loss-2.7452, train_rmse-1.6569, valid_rmse-1.7246, valid_pr-0.5057
epoch-5, train_loss-2.6345, train_rmse-1.6231, valid_rmse-1.6094, valid_pr-0.5228
epoch-6, train_loss-2.5614, train_rmse-1.6004, valid_rmse-1.5424, valid_pr-0.5564
Validation : valid_rmse-1.5424, valid_pr-0.5564, 
test2013_rmse-1.7729, test2013_pr-0.6861, test2016_rmse-1.7130, test2016_pr-0.6421, test2019_rmse-1.5151, test2019_pr-0.5335
epoch-7, train_loss-2.4474, train_rmse-1.5644, valid_rmse-1.5779, valid_pr-0.5500
epoch-8, train_loss-2.3675, train_rmse-1.5387, valid_rmse-1.5228, valid_pr-0.5680
Validation : valid_rmse-1.5228, valid_pr-0.5680, 
test2013_rmse-1.7812, test2013_pr-0.6754, test2016_rmse-1.6831, test2016_pr-0.6437, test2019_rmse-1.5012, test2019_pr-0.5518
epoch-9, train_loss-2.3503, train_rmse-1.5331, valid_rmse-1.6183, valid_pr-0.5822
epoch-10, train_loss-2.3757, train_rmse-1.5413, valid_rmse-1.5373, valid_pr-0.5706
epoch-11, train_loss-2.2403, train_rmse-1.4968, valid_rmse-1.5385, valid_pr-0.5863
epoch-12, train_loss-2.2279, train_rmse-1.4926, valid_rmse-1.4706, valid_pr-0.6089
Validation : valid_rmse-1.4706, valid_pr-0.6089, 
test2013_rmse-1.6759, test2013_pr-0.7141, test2016_rmse-1.5686, test2016_pr-0.7027, test2019_rmse-1.5045, test2019_pr-0.5557
epoch-13, train_loss-2.2160, train_rmse-1.4886, valid_rmse-1.4758, valid_pr-0.6099
epoch-14, train_loss-2.2070, train_rmse-1.4856, valid_rmse-1.5045, valid_pr-0.6040
epoch-15, train_loss-2.1570, train_rmse-1.4687, valid_rmse-1.4629, valid_pr-0.6284
Validation : valid_rmse-1.4629, valid_pr-0.6284, 
test2013_rmse-1.5507, test2013_pr-0.7545, test2016_rmse-1.5074, test2016_pr-0.7195, test2019_rmse-1.5505, test2019_pr-0.5500
epoch-16, train_loss-2.1328, train_rmse-1.4604, valid_rmse-1.4381, valid_pr-0.6325
Validation : valid_rmse-1.4381, valid_pr-0.6325, 
test2013_rmse-1.6909, test2013_pr-0.7092, test2016_rmse-1.6032, test2016_pr-0.6947, test2019_rmse-1.4656, test2019_pr-0.5818
epoch-17, train_loss-2.1061, train_rmse-1.4512, valid_rmse-1.4261, valid_pr-0.6367
Validation : valid_rmse-1.4261, valid_pr-0.6367, 
test2013_rmse-1.6991, test2013_pr-0.7024, test2016_rmse-1.5937, test2016_pr-0.6947, test2019_rmse-1.4562, test2019_pr-0.5793
epoch-18, train_loss-2.0579, train_rmse-1.4345, valid_rmse-1.4348, valid_pr-0.6368
epoch-19, train_loss-2.0652, train_rmse-1.4371, valid_rmse-1.4529, valid_pr-0.6217
epoch-20, train_loss-2.0086, train_rmse-1.4172, valid_rmse-1.4714, valid_pr-0.6283
epoch-21, train_loss-1.9866, train_rmse-1.4095, valid_rmse-1.4518, valid_pr-0.6355
epoch-22, train_loss-1.9704, train_rmse-1.4037, valid_rmse-1.4808, valid_pr-0.6378
epoch-23, train_loss-1.9711, train_rmse-1.4040, valid_rmse-1.4055, valid_pr-0.6486
Validation : valid_rmse-1.4055, valid_pr-0.6486, 
test2013_rmse-1.6796, test2013_pr-0.7137, test2016_rmse-1.6225, test2016_pr-0.6703, test2019_rmse-1.4611, test2019_pr-0.5806
epoch-24, train_loss-1.9052, train_rmse-1.3803, valid_rmse-1.4366, valid_pr-0.6422
epoch-25, train_loss-1.9180, train_rmse-1.3849, valid_rmse-1.4403, valid_pr-0.6376
epoch-26, train_loss-1.9133, train_rmse-1.3832, valid_rmse-1.4351, valid_pr-0.6358
epoch-27, train_loss-1.9351, train_rmse-1.3911, valid_rmse-1.4166, valid_pr-0.6423
epoch-28, train_loss-1.8917, train_rmse-1.3754, valid_rmse-1.5590, valid_pr-0.6504
epoch-29, train_loss-1.8828, train_rmse-1.3722, valid_rmse-1.3930, valid_pr-0.6611
Validation : valid_rmse-1.3930, valid_pr-0.6611, 
test2013_rmse-1.5773, test2013_pr-0.7643, test2016_rmse-1.5517, test2016_pr-0.7234, test2019_rmse-1.4492, test2019_pr-0.5959
epoch-30, train_loss-1.8986, train_rmse-1.3779, valid_rmse-1.4459, valid_pr-0.6229
epoch-31, train_loss-1.8293, train_rmse-1.3525, valid_rmse-1.4454, valid_pr-0.6488
epoch-32, train_loss-1.8444, train_rmse-1.3581, valid_rmse-1.4719, valid_pr-0.6384
epoch-33, train_loss-1.8292, train_rmse-1.3525, valid_rmse-1.3928, valid_pr-0.6583
Validation : valid_rmse-1.3928, valid_pr-0.6583, 
test2013_rmse-1.6727, test2013_pr-0.7058, test2016_rmse-1.5749, test2016_pr-0.6980, test2019_rmse-1.4492, test2019_pr-0.5972
epoch-34, train_loss-1.8234, train_rmse-1.3503, valid_rmse-1.4052, valid_pr-0.6507
epoch-35, train_loss-1.7751, train_rmse-1.3323, valid_rmse-1.4295, valid_pr-0.6404
epoch-36, train_loss-1.7832, train_rmse-1.3354, valid_rmse-1.3647, valid_pr-0.6858
Validation : valid_rmse-1.3647, valid_pr-0.6858, 
test2013_rmse-1.6270, test2013_pr-0.7240, test2016_rmse-1.5254, test2016_pr-0.7174, test2019_rmse-1.4320, test2019_pr-0.6261
epoch-37, train_loss-1.7625, train_rmse-1.3276, valid_rmse-1.3735, valid_pr-0.6784
epoch-38, train_loss-1.6995, train_rmse-1.3037, valid_rmse-1.4193, valid_pr-0.6461
epoch-39, train_loss-1.6893, train_rmse-1.2997, valid_rmse-1.4605, valid_pr-0.6335
epoch-40, train_loss-1.7417, train_rmse-1.3197, valid_rmse-1.4139, valid_pr-0.6748
epoch-41, train_loss-1.6897, train_rmse-1.2999, valid_rmse-1.3324, valid_pr-0.6943
Validation : valid_rmse-1.3324, valid_pr-0.6943, 
test2013_rmse-1.6127, test2013_pr-0.7240, test2016_rmse-1.5020, test2016_pr-0.7261, test2019_rmse-1.4208, test2019_pr-0.6185
epoch-42, train_loss-1.6705, train_rmse-1.2925, valid_rmse-1.4467, valid_pr-0.6361
epoch-43, train_loss-1.6846, train_rmse-1.2979, valid_rmse-1.3837, valid_pr-0.6648
epoch-44, train_loss-1.6457, train_rmse-1.2829, valid_rmse-1.3655, valid_pr-0.6746
epoch-45, train_loss-1.6224, train_rmse-1.2737, valid_rmse-1.4021, valid_pr-0.6697
epoch-46, train_loss-1.5911, train_rmse-1.2614, valid_rmse-1.3596, valid_pr-0.6768
epoch-47, train_loss-1.5816, train_rmse-1.2576, valid_rmse-1.3721, valid_pr-0.6769
epoch-48, train_loss-1.5819, train_rmse-1.2577, valid_rmse-1.4402, valid_pr-0.6598
epoch-49, train_loss-1.5931, train_rmse-1.2622, valid_rmse-1.3924, valid_pr-0.6921
epoch-50, train_loss-1.4937, train_rmse-1.2222, valid_rmse-1.3817, valid_pr-0.6843
epoch-51, train_loss-1.5230, train_rmse-1.2341, valid_rmse-1.3359, valid_pr-0.6979
epoch-52, train_loss-1.5086, train_rmse-1.2282, valid_rmse-1.3214, valid_pr-0.7056
Validation : valid_rmse-1.3214, valid_pr-0.7056, 
test2013_rmse-1.5774, test2013_pr-0.7547, test2016_rmse-1.4687, test2016_pr-0.7576, test2019_rmse-1.4570, test2019_pr-0.6091
epoch-53, train_loss-1.5139, train_rmse-1.2304, valid_rmse-1.3392, valid_pr-0.6908
epoch-54, train_loss-1.4962, train_rmse-1.2232, valid_rmse-1.4086, valid_pr-0.6772
epoch-55, train_loss-1.5531, train_rmse-1.2462, valid_rmse-1.3854, valid_pr-0.6874
epoch-56, train_loss-1.5319, train_rmse-1.2377, valid_rmse-1.3327, valid_pr-0.6925
epoch-57, train_loss-1.4803, train_rmse-1.2167, valid_rmse-1.3333, valid_pr-0.6930
epoch-58, train_loss-1.4855, train_rmse-1.2188, valid_rmse-1.3341, valid_pr-0.6929
epoch-59, train_loss-1.4662, train_rmse-1.2109, valid_rmse-1.3791, valid_pr-0.6790
epoch-60, train_loss-1.4239, train_rmse-1.1933, valid_rmse-1.3131, valid_pr-0.7104
Validation : valid_rmse-1.3131, valid_pr-0.7104, 
test2013_rmse-1.5303, test2013_pr-0.7587, test2016_rmse-1.5518, test2016_pr-0.7020, test2019_rmse-1.4427, test2019_pr-0.6161
epoch-61, train_loss-1.4158, train_rmse-1.1899, valid_rmse-1.3994, valid_pr-0.6610
epoch-62, train_loss-1.4004, train_rmse-1.1834, valid_rmse-1.3513, valid_pr-0.6975
epoch-63, train_loss-1.3818, train_rmse-1.1755, valid_rmse-1.3419, valid_pr-0.6923
epoch-64, train_loss-1.3842, train_rmse-1.1765, valid_rmse-1.3917, valid_pr-0.6843
epoch-65, train_loss-1.4036, train_rmse-1.1847, valid_rmse-1.3943, valid_pr-0.6782
epoch-66, train_loss-1.3784, train_rmse-1.1740, valid_rmse-1.4031, valid_pr-0.6700
epoch-67, train_loss-1.3767, train_rmse-1.1733, valid_rmse-1.3432, valid_pr-0.7025
epoch-68, train_loss-1.3438, train_rmse-1.1592, valid_rmse-1.3662, valid_pr-0.6888
epoch-69, train_loss-1.3473, train_rmse-1.1607, valid_rmse-1.3412, valid_pr-0.7030
epoch-70, train_loss-1.3024, train_rmse-1.1412, valid_rmse-1.2996, valid_pr-0.7155
Validation : valid_rmse-1.2996, valid_pr-0.7155, 
test2013_rmse-1.6286, test2013_pr-0.7249, test2016_rmse-1.5242, test2016_pr-0.7154, test2019_rmse-1.4441, test2019_pr-0.6098
epoch-71, train_loss-1.3434, train_rmse-1.1591, valid_rmse-1.4022, valid_pr-0.6862
epoch-72, train_loss-1.3397, train_rmse-1.1575, valid_rmse-1.3111, valid_pr-0.7083
epoch-73, train_loss-1.2748, train_rmse-1.1291, valid_rmse-1.3206, valid_pr-0.7012
epoch-74, train_loss-1.2852, train_rmse-1.1337, valid_rmse-1.3454, valid_pr-0.6950
epoch-75, train_loss-1.2613, train_rmse-1.1231, valid_rmse-1.3298, valid_pr-0.6964
epoch-76, train_loss-1.2574, train_rmse-1.1213, valid_rmse-1.2988, valid_pr-0.7230
Validation : valid_rmse-1.2988, valid_pr-0.7230, 
test2013_rmse-1.5964, test2013_pr-0.7312, test2016_rmse-1.4865, test2016_pr-0.7295, test2019_rmse-1.4852, test2019_pr-0.6068
epoch-77, train_loss-1.2278, train_rmse-1.1081, valid_rmse-1.3543, valid_pr-0.6982
epoch-78, train_loss-1.2722, train_rmse-1.1279, valid_rmse-1.3847, valid_pr-0.7020
epoch-79, train_loss-1.2342, train_rmse-1.1109, valid_rmse-1.2960, valid_pr-0.7146
Validation : valid_rmse-1.2960, valid_pr-0.7146, 
test2013_rmse-1.5442, test2013_pr-0.7521, test2016_rmse-1.4982, test2016_pr-0.7256, test2019_rmse-1.4523, test2019_pr-0.6008
epoch-80, train_loss-1.1748, train_rmse-1.0839, valid_rmse-1.5621, valid_pr-0.6511
epoch-81, train_loss-1.2365, train_rmse-1.1120, valid_rmse-1.3232, valid_pr-0.7033
epoch-82, train_loss-1.1891, train_rmse-1.0904, valid_rmse-1.3047, valid_pr-0.7151
epoch-83, train_loss-1.1586, train_rmse-1.0764, valid_rmse-1.3130, valid_pr-0.7036
epoch-84, train_loss-1.1510, train_rmse-1.0728, valid_rmse-1.3620, valid_pr-0.6866
epoch-85, train_loss-1.1746, train_rmse-1.0838, valid_rmse-1.3679, valid_pr-0.6846
epoch-86, train_loss-1.1903, train_rmse-1.0910, valid_rmse-1.3630, valid_pr-0.6942
epoch-87, train_loss-1.1539, train_rmse-1.0742, valid_rmse-1.4079, valid_pr-0.6739
epoch-88, train_loss-1.1042, train_rmse-1.0508, valid_rmse-1.3378, valid_pr-0.7046
epoch-89, train_loss-1.0754, train_rmse-1.0370, valid_rmse-1.4801, valid_pr-0.6528
epoch-90, train_loss-1.0945, train_rmse-1.0462, valid_rmse-1.3001, valid_pr-0.7179
epoch-91, train_loss-1.1097, train_rmse-1.0534, valid_rmse-1.3695, valid_pr-0.6792
epoch-92, train_loss-1.1224, train_rmse-1.0594, valid_rmse-1.3453, valid_pr-0.7016
epoch-93, train_loss-1.1061, train_rmse-1.0517, valid_rmse-1.3879, valid_pr-0.6882
epoch-94, train_loss-1.1064, train_rmse-1.0518, valid_rmse-1.3523, valid_pr-0.7059
epoch-95, train_loss-1.0869, train_rmse-1.0426, valid_rmse-1.3120, valid_pr-0.7145
epoch-96, train_loss-1.0427, train_rmse-1.0211, valid_rmse-1.3290, valid_pr-0.7104
epoch-97, train_loss-1.0227, train_rmse-1.0113, valid_rmse-1.3290, valid_pr-0.6996
epoch-98, train_loss-1.0140, train_rmse-1.0070, valid_rmse-1.3845, valid_pr-0.6794
epoch-99, train_loss-1.0162, train_rmse-1.0081, valid_rmse-1.3705, valid_pr-0.6935
epoch-100, train_loss-1.0217, train_rmse-1.0108, valid_rmse-1.3765, valid_pr-0.6944
epoch-101, train_loss-1.0126, train_rmse-1.0063, valid_rmse-1.3142, valid_pr-0.7107
epoch-102, train_loss-1.0231, train_rmse-1.0115, valid_rmse-1.3596, valid_pr-0.6878
epoch-103, train_loss-0.9937, train_rmse-0.9968, valid_rmse-1.3182, valid_pr-0.7092
epoch-104, train_loss-0.9832, train_rmse-0.9916, valid_rmse-1.4412, valid_pr-0.6816
epoch-105, train_loss-1.0090, train_rmse-1.0045, valid_rmse-1.3206, valid_pr-0.7114
epoch-106, train_loss-0.9650, train_rmse-0.9823, valid_rmse-1.3275, valid_pr-0.7085
epoch-107, train_loss-0.9274, train_rmse-0.9630, valid_rmse-1.3510, valid_pr-0.6997
epoch-108, train_loss-0.8931, train_rmse-0.9451, valid_rmse-1.3241, valid_pr-0.7218
epoch-109, train_loss-0.9022, train_rmse-0.9498, valid_rmse-1.3258, valid_pr-0.7122
epoch-110, train_loss-0.9067, train_rmse-0.9522, valid_rmse-1.3691, valid_pr-0.6819
epoch-111, train_loss-0.9454, train_rmse-0.9723, valid_rmse-1.3584, valid_pr-0.6898
epoch-112, train_loss-0.9659, train_rmse-0.9828, valid_rmse-1.3217, valid_pr-0.7095
epoch-113, train_loss-0.9608, train_rmse-0.9802, valid_rmse-1.3513, valid_pr-0.7151
epoch-114, train_loss-0.9661, train_rmse-0.9829, valid_rmse-1.3905, valid_pr-0.6855
epoch-115, train_loss-0.9331, train_rmse-0.9660, valid_rmse-1.3180, valid_pr-0.7114
epoch-116, train_loss-0.8375, train_rmse-0.9152, valid_rmse-1.3104, valid_pr-0.7190
epoch-117, train_loss-0.8477, train_rmse-0.9207, valid_rmse-1.3204, valid_pr-0.7154
epoch-118, train_loss-0.8273, train_rmse-0.9096, valid_rmse-1.3325, valid_pr-0.7057
epoch-119, train_loss-0.8349, train_rmse-0.9138, valid_rmse-1.3093, valid_pr-0.7183
epoch-120, train_loss-0.8437, train_rmse-0.9186, valid_rmse-1.3380, valid_pr-0.7052
epoch-121, train_loss-0.8392, train_rmse-0.9161, valid_rmse-1.3781, valid_pr-0.6945
epoch-122, train_loss-0.8412, train_rmse-0.9172, valid_rmse-1.3427, valid_pr-0.6973
epoch-123, train_loss-0.8244, train_rmse-0.9080, valid_rmse-1.3566, valid_pr-0.6962
epoch-124, train_loss-0.9107, train_rmse-0.9543, valid_rmse-1.3266, valid_pr-0.7075
epoch-125, train_loss-0.7964, train_rmse-0.8924, valid_rmse-1.3206, valid_pr-0.7115
epoch-126, train_loss-0.7567, train_rmse-0.8699, valid_rmse-1.3113, valid_pr-0.7299
epoch-127, train_loss-0.7400, train_rmse-0.8602, valid_rmse-1.3647, valid_pr-0.6973
epoch-128, train_loss-0.7268, train_rmse-0.8525, valid_rmse-1.3326, valid_pr-0.7087
epoch-129, train_loss-0.9506, train_rmse-0.9750, valid_rmse-1.3314, valid_pr-0.7004
epoch-130, train_loss-0.8540, train_rmse-0.9241, valid_rmse-1.2923, valid_pr-0.7241
Validation : valid_rmse-1.2923, valid_pr-0.7241, 
test2013_rmse-1.4060, test2013_pr-0.8033, test2016_rmse-1.4149, test2016_pr-0.7619, test2019_rmse-1.4546, test2019_pr-0.6143
epoch-131, train_loss-0.7733, train_rmse-0.8794, valid_rmse-1.2893, valid_pr-0.7282
Validation : valid_rmse-1.2893, valid_pr-0.7282, 
test2013_rmse-1.5242, test2013_pr-0.7569, test2016_rmse-1.4409, test2016_pr-0.7482, test2019_rmse-1.4903, test2019_pr-0.6039
epoch-132, train_loss-0.7510, train_rmse-0.8666, valid_rmse-1.3116, valid_pr-0.7237
epoch-133, train_loss-0.7302, train_rmse-0.8545, valid_rmse-1.3017, valid_pr-0.7360
epoch-134, train_loss-0.7022, train_rmse-0.8380, valid_rmse-1.3330, valid_pr-0.7075
epoch-135, train_loss-0.6967, train_rmse-0.8347, valid_rmse-1.3206, valid_pr-0.7215
epoch-136, train_loss-0.6919, train_rmse-0.8318, valid_rmse-1.3088, valid_pr-0.7176
epoch-137, train_loss-0.6751, train_rmse-0.8216, valid_rmse-1.3225, valid_pr-0.7124
epoch-138, train_loss-0.6966, train_rmse-0.8346, valid_rmse-1.3086, valid_pr-0.7119
epoch-139, train_loss-0.6760, train_rmse-0.8222, valid_rmse-1.3033, valid_pr-0.7179
epoch-140, train_loss-0.6573, train_rmse-0.8108, valid_rmse-1.3414, valid_pr-0.7102
epoch-141, train_loss-0.6812, train_rmse-0.8253, valid_rmse-1.2941, valid_pr-0.7307
epoch-142, train_loss-0.6530, train_rmse-0.8081, valid_rmse-1.3452, valid_pr-0.7098
epoch-143, train_loss-0.6472, train_rmse-0.8045, valid_rmse-1.3366, valid_pr-0.7051
epoch-144, train_loss-0.6709, train_rmse-0.8191, valid_rmse-1.3459, valid_pr-0.7043
epoch-145, train_loss-0.6584, train_rmse-0.8114, valid_rmse-1.4260, valid_pr-0.7119
epoch-146, train_loss-0.6291, train_rmse-0.7932, valid_rmse-1.3688, valid_pr-0.6927
epoch-147, train_loss-1.8900, train_rmse-1.3748, valid_rmse-1.4634, valid_pr-0.6106
epoch-148, train_loss-1.8531, train_rmse-1.3613, valid_rmse-1.4182, valid_pr-0.6582
epoch-149, train_loss-1.5577, train_rmse-1.2481, valid_rmse-1.3551, valid_pr-0.6881
epoch-150, train_loss-1.4031, train_rmse-1.1845, valid_rmse-1.3674, valid_pr-0.6908
epoch-151, train_loss-1.3211, train_rmse-1.1494, valid_rmse-1.4172, valid_pr-0.7012
epoch-152, train_loss-1.2379, train_rmse-1.1126, valid_rmse-1.2998, valid_pr-0.7123
epoch-153, train_loss-1.2440, train_rmse-1.1153, valid_rmse-1.3270, valid_pr-0.7031
epoch-154, train_loss-1.1065, train_rmse-1.0519, valid_rmse-1.2864, valid_pr-0.7271
Validation : valid_rmse-1.2864, valid_pr-0.7271, 
test2013_rmse-1.4658, test2013_pr-0.7893, test2016_rmse-1.4176, test2016_pr-0.7586, test2019_rmse-1.4890, test2019_pr-0.6038
epoch-155, train_loss-1.0087, train_rmse-1.0043, valid_rmse-1.3335, valid_pr-0.7099
epoch-156, train_loss-0.9499, train_rmse-0.9746, valid_rmse-1.3303, valid_pr-0.7057
epoch-157, train_loss-0.9034, train_rmse-0.9505, valid_rmse-1.3449, valid_pr-0.7023
epoch-158, train_loss-0.8626, train_rmse-0.9288, valid_rmse-1.3644, valid_pr-0.7055
epoch-159, train_loss-0.8110, train_rmse-0.9005, valid_rmse-1.3084, valid_pr-0.7195
epoch-160, train_loss-0.7964, train_rmse-0.8924, valid_rmse-1.3112, valid_pr-0.7199
epoch-161, train_loss-0.7855, train_rmse-0.8863, valid_rmse-1.3247, valid_pr-0.7054
epoch-162, train_loss-0.7701, train_rmse-0.8776, valid_rmse-1.3017, valid_pr-0.7226
epoch-163, train_loss-0.7384, train_rmse-0.8593, valid_rmse-1.3846, valid_pr-0.7021
epoch-164, train_loss-0.6808, train_rmse-0.8251, valid_rmse-1.3366, valid_pr-0.7075
epoch-165, train_loss-0.7066, train_rmse-0.8406, valid_rmse-1.3353, valid_pr-0.7114
epoch-166, train_loss-0.6706, train_rmse-0.8189, valid_rmse-1.3619, valid_pr-0.7044
epoch-167, train_loss-0.6436, train_rmse-0.8022, valid_rmse-1.3320, valid_pr-0.7156
epoch-168, train_loss-0.6454, train_rmse-0.8033, valid_rmse-1.3203, valid_pr-0.7261
epoch-169, train_loss-0.6795, train_rmse-0.8243, valid_rmse-1.3506, valid_pr-0.7184
epoch-170, train_loss-0.6432, train_rmse-0.8020, valid_rmse-1.3220, valid_pr-0.7136
epoch-171, train_loss-0.6258, train_rmse-0.7911, valid_rmse-1.3078, valid_pr-0.7251
epoch-172, train_loss-0.6979, train_rmse-0.8354, valid_rmse-1.3114, valid_pr-0.7343
epoch-173, train_loss-0.6177, train_rmse-0.7859, valid_rmse-1.3561, valid_pr-0.7144
epoch-174, train_loss-0.6037, train_rmse-0.7770, valid_rmse-1.3286, valid_pr-0.7123
epoch-175, train_loss-0.5756, train_rmse-0.7587, valid_rmse-1.3997, valid_pr-0.7152
epoch-176, train_loss-0.5775, train_rmse-0.7599, valid_rmse-1.3474, valid_pr-0.7074
epoch-177, train_loss-0.5817, train_rmse-0.7627, valid_rmse-1.4050, valid_pr-0.6972
epoch-178, train_loss-0.5815, train_rmse-0.7626, valid_rmse-1.3578, valid_pr-0.7038
epoch-179, train_loss-0.5650, train_rmse-0.7516, valid_rmse-1.3898, valid_pr-0.7048
epoch-180, train_loss-0.5604, train_rmse-0.7486, valid_rmse-1.3848, valid_pr-0.6935
epoch-181, train_loss-0.5499, train_rmse-0.7415, valid_rmse-1.3888, valid_pr-0.6916
epoch-182, train_loss-0.5594, train_rmse-0.7479, valid_rmse-1.3760, valid_pr-0.7036
epoch-183, train_loss-0.5429, train_rmse-0.7368, valid_rmse-1.3606, valid_pr-0.7118
epoch-184, train_loss-0.5222, train_rmse-0.7226, valid_rmse-1.3597, valid_pr-0.6975
epoch-185, train_loss-0.5189, train_rmse-0.7204, valid_rmse-1.3472, valid_pr-0.7043
epoch-186, train_loss-0.5601, train_rmse-0.7484, valid_rmse-1.3735, valid_pr-0.6956
epoch-187, train_loss-0.5402, train_rmse-0.7350, valid_rmse-1.3288, valid_pr-0.7236
epoch-188, train_loss-0.5326, train_rmse-0.7298, valid_rmse-1.3281, valid_pr-0.7104
epoch-189, train_loss-0.5129, train_rmse-0.7161, valid_rmse-1.3462, valid_pr-0.7107
epoch-190, train_loss-0.4978, train_rmse-0.7055, valid_rmse-1.3876, valid_pr-0.7037
epoch-191, train_loss-0.5109, train_rmse-0.7148, valid_rmse-1.3180, valid_pr-0.7188
epoch-192, train_loss-0.5362, train_rmse-0.7322, valid_rmse-1.4134, valid_pr-0.7048
epoch-193, train_loss-0.5147, train_rmse-0.7174, valid_rmse-1.3479, valid_pr-0.6983
epoch-194, train_loss-0.5106, train_rmse-0.7145, valid_rmse-1.3458, valid_pr-0.7003
epoch-195, train_loss-0.5003, train_rmse-0.7073, valid_rmse-1.3161, valid_pr-0.7187
epoch-196, train_loss-0.4890, train_rmse-0.6993, valid_rmse-1.3509, valid_pr-0.7128
epoch-197, train_loss-0.4677, train_rmse-0.6839, valid_rmse-1.3112, valid_pr-0.7251
epoch-198, train_loss-0.4692, train_rmse-0.6850, valid_rmse-1.3583, valid_pr-0.7043
epoch-199, train_loss-0.4796, train_rmse-0.6926, valid_rmse-1.3211, valid_pr-0.7277
epoch-200, train_loss-0.4961, train_rmse-0.7044, valid_rmse-1.3686, valid_pr-0.7027
epoch-201, train_loss-0.4707, train_rmse-0.6861, valid_rmse-1.3522, valid_pr-0.7040
epoch-202, train_loss-0.4535, train_rmse-0.6734, valid_rmse-1.3212, valid_pr-0.7276
epoch-203, train_loss-0.4435, train_rmse-0.6660, valid_rmse-1.3673, valid_pr-0.6988
epoch-204, train_loss-0.4708, train_rmse-0.6861, valid_rmse-1.3617, valid_pr-0.6949
epoch-205, train_loss-0.4520, train_rmse-0.6723, valid_rmse-1.3646, valid_pr-0.7198
epoch-206, train_loss-0.3833, train_rmse-0.6191, valid_rmse-1.3302, valid_pr-0.7138
epoch-207, train_loss-0.3225, train_rmse-0.5679, valid_rmse-1.3172, valid_pr-0.7194
epoch-208, train_loss-0.3005, train_rmse-0.5482, valid_rmse-1.3195, valid_pr-0.7237
epoch-209, train_loss-0.3030, train_rmse-0.5505, valid_rmse-1.2896, valid_pr-0.7297
epoch-210, train_loss-0.6243, train_rmse-0.7901, valid_rmse-1.4068, valid_pr-0.6780
epoch-211, train_loss-0.5918, train_rmse-0.7693, valid_rmse-1.3470, valid_pr-0.7134
epoch-212, train_loss-0.4135, train_rmse-0.6430, valid_rmse-1.3399, valid_pr-0.7168
epoch-213, train_loss-0.3673, train_rmse-0.6061, valid_rmse-1.3419, valid_pr-0.7167
epoch-214, train_loss-0.3420, train_rmse-0.5848, valid_rmse-1.3396, valid_pr-0.7205
epoch-215, train_loss-0.3194, train_rmse-0.5652, valid_rmse-1.3230, valid_pr-0.7250
epoch-216, train_loss-0.3043, train_rmse-0.5516, valid_rmse-1.3352, valid_pr-0.7170
epoch-217, train_loss-0.3005, train_rmse-0.5482, valid_rmse-1.3470, valid_pr-0.7231
epoch-218, train_loss-0.2911, train_rmse-0.5395, valid_rmse-1.3329, valid_pr-0.7223
epoch-219, train_loss-0.3659, train_rmse-0.6049, valid_rmse-1.3049, valid_pr-0.7245
epoch-220, train_loss-0.3281, train_rmse-0.5728, valid_rmse-1.3684, valid_pr-0.7123
epoch-221, train_loss-0.2918, train_rmse-0.5402, valid_rmse-1.3239, valid_pr-0.7219
epoch-222, train_loss-0.2784, train_rmse-0.5276, valid_rmse-1.3173, valid_pr-0.7206
epoch-223, train_loss-0.2833, train_rmse-0.5323, valid_rmse-1.3159, valid_pr-0.7260
epoch-224, train_loss-0.2558, train_rmse-0.5058, valid_rmse-1.3303, valid_pr-0.7176
epoch-225, train_loss-0.2613, train_rmse-0.5112, valid_rmse-1.3534, valid_pr-0.7117
epoch-226, train_loss-0.2616, train_rmse-0.5115, valid_rmse-1.3345, valid_pr-0.7156
epoch-227, train_loss-0.2538, train_rmse-0.5038, valid_rmse-1.3478, valid_pr-0.7161
epoch-228, train_loss-0.2483, train_rmse-0.4983, valid_rmse-1.3285, valid_pr-0.7154
epoch-229, train_loss-0.2524, train_rmse-0.5024, valid_rmse-1.3336, valid_pr-0.7127
epoch-230, train_loss-0.2568, train_rmse-0.5067, valid_rmse-1.3338, valid_pr-0.7153
epoch-231, train_loss-0.2598, train_rmse-0.5097, valid_rmse-1.3441, valid_pr-0.7129
epoch-232, train_loss-0.2407, train_rmse-0.4906, valid_rmse-1.3320, valid_pr-0.7156
epoch-233, train_loss-0.2471, train_rmse-0.4971, valid_rmse-1.3377, valid_pr-0.7158
epoch-234, train_loss-0.2458, train_rmse-0.4958, valid_rmse-1.3511, valid_pr-0.7192
epoch-235, train_loss-0.2543, train_rmse-0.5043, valid_rmse-1.3224, valid_pr-0.7275
epoch-236, train_loss-0.2489, train_rmse-0.4989, valid_rmse-1.3178, valid_pr-0.7245
epoch-237, train_loss-0.2584, train_rmse-0.5083, valid_rmse-1.3825, valid_pr-0.7041
epoch-238, train_loss-0.2463, train_rmse-0.4963, valid_rmse-1.3423, valid_pr-0.7170
epoch-239, train_loss-0.2427, train_rmse-0.4926, valid_rmse-1.3423, valid_pr-0.7139
epoch-240, train_loss-0.2375, train_rmse-0.4874, valid_rmse-1.3493, valid_pr-0.7199
epoch-241, train_loss-0.2350, train_rmse-0.4848, valid_rmse-1.3543, valid_pr-0.7129
epoch-242, train_loss-0.2385, train_rmse-0.4884, valid_rmse-1.3439, valid_pr-0.7064
epoch-243, train_loss-0.2392, train_rmse-0.4891, valid_rmse-1.3232, valid_pr-0.7193
epoch-244, train_loss-0.2497, train_rmse-0.4997, valid_rmse-1.3255, valid_pr-0.7198
epoch-245, train_loss-0.2390, train_rmse-0.4889, valid_rmse-1.3534, valid_pr-0.7068
epoch-246, train_loss-0.2298, train_rmse-0.4794, valid_rmse-1.3290, valid_pr-0.7210
epoch-247, train_loss-0.2250, train_rmse-0.4743, valid_rmse-1.3431, valid_pr-0.7088
epoch-248, train_loss-0.2209, train_rmse-0.4700, valid_rmse-1.3266, valid_pr-0.7191
epoch-249, train_loss-0.2269, train_rmse-0.4764, valid_rmse-1.3555, valid_pr-0.7088
epoch-250, train_loss-0.2264, train_rmse-0.4759, valid_rmse-1.3679, valid_pr-0.7075
epoch-251, train_loss-0.2286, train_rmse-0.4781, valid_rmse-1.3474, valid_pr-0.7118
epoch-252, train_loss-0.2165, train_rmse-0.4653, valid_rmse-1.3507, valid_pr-0.7099
epoch-253, train_loss-0.2092, train_rmse-0.4573, valid_rmse-1.3761, valid_pr-0.7013
epoch-254, train_loss-0.2098, train_rmse-0.4581, valid_rmse-1.3360, valid_pr-0.7164
epoch-255, train_loss-0.2183, train_rmse-0.4672, valid_rmse-1.3349, valid_pr-0.7131
early stop in epoch 255
best_rmse: 1.2864
valid_rmse-1.2864, valid_pr-0.7271, test2013_rmse-1.4658, test2013_pr-0.7893, test2016_rmse-1.4176, test2016_pr-0.7586, test2019_rmse-1.4890, test2019_pr-0.6038
